==> torch device:  cuda:2
==> Test-Train split: test_ratio = 0.20
==> Test-Train split seed:  None
==> Further split: further_train_ratio = 1.00
==> Further split seed:  None
==> Input bias to be applied to the neural network:
[0. 0. 0. 0.]
==> Input transform to be applied to the neural network:
[ 0.62900996  0.6288517  11.614402    9.487666  ]
==> Ouput transform to be applied to the neural network:
[0.0195 0.021 ]
==> Evaluating model...
==========================================================================================
Layer (type:depth-idx)                   Output Shape              Param #
==========================================================================================
NeuralNetwork                            [1, 2]                    10
├─Sequential: 1-1                        [1, 2]                    --
│    └─Linear: 2-1                       [1, 64]                   320
│    └─ReLU: 2-2                         [1, 64]                   --
│    └─Linear: 2-3                       [1, 64]                   4,160
│    └─ReLU: 2-4                         [1, 64]                   --
│    └─Linear: 2-5                       [1, 64]                   4,160
│    └─ReLU: 2-6                         [1, 64]                   --
│    └─Linear: 2-7                       [1, 64]                   4,160
│    └─ReLU: 2-8                         [1, 64]                   --
│    └─Linear: 2-9                       [1, 64]                   4,160
│    └─ReLU: 2-10                        [1, 64]                   --
│    └─Linear: 2-11                      [1, 64]                   4,160
│    └─ReLU: 2-12                        [1, 64]                   --
│    └─Linear: 2-13                      [1, 64]                   4,160
│    └─ReLU: 2-14                        [1, 64]                   --
│    └─Linear: 2-15                      [1, 2]                    130
├─Sequential: 1-2                        [1, 2]                    (recursive)
│    └─Linear: 2-16                      [1, 64]                   (recursive)
│    └─ReLU: 2-17                        [1, 64]                   --
│    └─Linear: 2-18                      [1, 64]                   (recursive)
│    └─ReLU: 2-19                        [1, 64]                   --
│    └─Linear: 2-20                      [1, 64]                   (recursive)
│    └─ReLU: 2-21                        [1, 64]                   --
│    └─Linear: 2-22                      [1, 64]                   (recursive)
│    └─ReLU: 2-23                        [1, 64]                   --
│    └─Linear: 2-24                      [1, 64]                   (recursive)
│    └─ReLU: 2-25                        [1, 64]                   --
│    └─Linear: 2-26                      [1, 64]                   (recursive)
│    └─ReLU: 2-27                        [1, 64]                   --
│    └─Linear: 2-28                      [1, 64]                   (recursive)
│    └─ReLU: 2-29                        [1, 64]                   --
│    └─Linear: 2-30                      [1, 2]                    (recursive)
==========================================================================================
Total params: 25,420
Trainable params: 25,410
Non-trainable params: 10
Total mult-adds (Units.MEGABYTES): 0.05
==========================================================================================
Input size (MB): 0.00
Forward/backward pass size (MB): 0.01
Params size (MB): 0.10
Estimated Total Size (MB): 0.11
==========================================================================================
==> Saving initial model weights...
==> Start training...
==> Number of param_groups in optimizer: 1
Epoch: 001 | Train Loss: 0.0008232 | Grad norm: 0.000016 | Time: 4s438ms
Epoch: 001 | Test Loss: 0.0008224 | Time: 523ms
==> Save the model at epoch 001 with test loss 0.0008224
Epoch: 002 | Train Loss: 0.0002477 | Grad norm: 0.000182 | Time: 4s225ms
Epoch: 002 | Test Loss: 0.0000672 | Time: 550ms
==> Save the model at epoch 002 with test loss 0.0000672
Epoch: 003 | Train Loss: 0.0000678 | Grad norm: 0.000150 | Time: 4s313ms
Epoch: 003 | Test Loss: 0.0000662 | Time: 536ms
==> Save the model at epoch 003 with test loss 0.0000662
Epoch: 004 | Train Loss: 0.0000673 | Grad norm: 0.000156 | Time: 4s360ms
Epoch: 004 | Test Loss: 0.0000663 | Time: 513ms
Epoch: 005 | Train Loss: 0.0000672 | Grad norm: 0.000155 | Time: 4s343ms
Epoch: 005 | Test Loss: 0.0000657 | Time: 511ms
==> Save the model at epoch 005 with test loss 0.0000657
Epoch: 006 | Train Loss: 0.0000671 | Grad norm: 0.000153 | Time: 4s291ms
Epoch: 006 | Test Loss: 0.0000655 | Time: 574ms
==> Save the model at epoch 006 with test loss 0.0000655
Epoch: 007 | Train Loss: 0.0000673 | Grad norm: 0.000158 | Time: 4s110ms
Epoch: 007 | Test Loss: 0.0000663 | Time: 558ms
Epoch: 008 | Train Loss: 0.0000674 | Grad norm: 0.000162 | Time: 4s310ms
Epoch: 008 | Test Loss: 0.0000674 | Time: 520ms
Epoch: 009 | Train Loss: 0.0000674 | Grad norm: 0.000157 | Time: 4s371ms
Epoch: 009 | Test Loss: 0.0000669 | Time: 509ms
Epoch: 010 | Train Loss: 0.0000671 | Grad norm: 0.000152 | Time: 4s291ms
Epoch: 010 | Test Loss: 0.0000669 | Time: 504ms
Epoch: 011 | Train Loss: 0.0000671 | Grad norm: 0.000149 | Time: 4s149ms
Epoch: 011 | Test Loss: 0.0000654 | Time: 528ms
==> Save the model at epoch 011 with test loss 0.0000654
Epoch: 012 | Train Loss: 0.0000669 | Grad norm: 0.000145 | Time: 4s360ms
Epoch: 012 | Test Loss: 0.0000660 | Time: 506ms
Epoch: 013 | Train Loss: 0.0000669 | Grad norm: 0.000144 | Time: 4s202ms
Epoch: 013 | Test Loss: 0.0000669 | Time: 517ms
Epoch: 014 | Train Loss: 0.0000670 | Grad norm: 0.000149 | Time: 4s308ms
Epoch: 014 | Test Loss: 0.0000659 | Time: 582ms
Epoch: 015 | Train Loss: 0.0000667 | Grad norm: 0.000138 | Time: 4s267ms
Epoch: 015 | Test Loss: 0.0000653 | Time: 506ms
==> Save the model at epoch 015 with test loss 0.0000653
Epoch: 016 | Train Loss: 0.0000666 | Grad norm: 0.000140 | Time: 4s273ms
Epoch: 016 | Test Loss: 0.0000654 | Time: 505ms
Epoch: 017 | Train Loss: 0.0000665 | Grad norm: 0.000136 | Time: 4s165ms
Epoch: 017 | Test Loss: 0.0000659 | Time: 511ms
Epoch: 018 | Train Loss: 0.0000666 | Grad norm: 0.000145 | Time: 4s132ms
Epoch: 018 | Test Loss: 0.0000652 | Time: 507ms
==> Save the model at epoch 018 with test loss 0.0000652
Epoch: 019 | Train Loss: 0.0000662 | Grad norm: 0.000132 | Time: 4s260ms
Epoch: 019 | Test Loss: 0.0000652 | Time: 504ms
Epoch: 020 | Train Loss: 0.0000661 | Grad norm: 0.000128 | Time: 4s195ms
Epoch: 020 | Test Loss: 0.0000655 | Time: 502ms
Epoch: 021 | Train Loss: 0.0000662 | Grad norm: 0.000133 | Time: 4s467ms
Epoch: 021 | Test Loss: 0.0000648 | Time: 518ms
==> Save the model at epoch 021 with test loss 0.0000648
Epoch: 022 | Train Loss: 0.0000659 | Grad norm: 0.000126 | Time: 4s123ms
Epoch: 022 | Test Loss: 0.0000655 | Time: 580ms
Epoch: 023 | Train Loss: 0.0000659 | Grad norm: 0.000124 | Time: 4s283ms
Epoch: 023 | Test Loss: 0.0000654 | Time: 506ms
Epoch: 024 | Train Loss: 0.0000659 | Grad norm: 0.000126 | Time: 4s312ms
Epoch: 024 | Test Loss: 0.0000654 | Time: 503ms
Epoch: 025 | Train Loss: 0.0000658 | Grad norm: 0.000126 | Time: 4s299ms
Epoch: 025 | Test Loss: 0.0000647 | Time: 515ms
==> Save the model at epoch 025 with test loss 0.0000647
Epoch: 026 | Train Loss: 0.0000656 | Grad norm: 0.000119 | Time: 4s320ms
Epoch: 026 | Test Loss: 0.0000648 | Time: 561ms
Epoch: 027 | Train Loss: 0.0000656 | Grad norm: 0.000123 | Time: 4s339ms
Epoch: 027 | Test Loss: 0.0000647 | Time: 509ms
==> Save the model at epoch 027 with test loss 0.0000647
Epoch: 028 | Train Loss: 0.0000655 | Grad norm: 0.000118 | Time: 4s440ms
Epoch: 028 | Test Loss: 0.0000650 | Time: 534ms
Epoch: 029 | Train Loss: 0.0000653 | Grad norm: 0.000114 | Time: 4s339ms
Epoch: 029 | Test Loss: 0.0000647 | Time: 504ms
Epoch: 030 | Train Loss: 0.0000654 | Grad norm: 0.000117 | Time: 4s152ms
Epoch: 030 | Test Loss: 0.0000648 | Time: 503ms
Epoch: 031 | Train Loss: 0.0000652 | Grad norm: 0.000112 | Time: 4s137ms
Epoch: 031 | Test Loss: 0.0000645 | Time: 508ms
==> Save the model at epoch 031 with test loss 0.0000645
Epoch: 032 | Train Loss: 0.0000651 | Grad norm: 0.000106 | Time: 4s239ms
Epoch: 032 | Test Loss: 0.0000644 | Time: 510ms
==> Save the model at epoch 032 with test loss 0.0000644
Epoch: 033 | Train Loss: 0.0000650 | Grad norm: 0.000107 | Time: 4s251ms
Epoch: 033 | Test Loss: 0.0000645 | Time: 575ms
Epoch: 034 | Train Loss: 0.0000650 | Grad norm: 0.000108 | Time: 4s165ms
Epoch: 034 | Test Loss: 0.0000645 | Time: 523ms
Epoch: 035 | Train Loss: 0.0000649 | Grad norm: 0.000103 | Time: 4s5ms
Epoch: 035 | Test Loss: 0.0000642 | Time: 508ms
==> Save the model at epoch 035 with test loss 0.0000642
Epoch: 036 | Train Loss: 0.0000648 | Grad norm: 0.000101 | Time: 4s139ms
Epoch: 036 | Test Loss: 0.0000642 | Time: 509ms
==> Save the model at epoch 036 with test loss 0.0000642
Epoch: 037 | Train Loss: 0.0000648 | Grad norm: 0.000100 | Time: 4s181ms
Epoch: 037 | Test Loss: 0.0000642 | Time: 507ms
==> Save the model at epoch 037 with test loss 0.0000642
Epoch: 038 | Train Loss: 0.0000648 | Grad norm: 0.000100 | Time: 4s299ms
Epoch: 038 | Test Loss: 0.0000642 | Time: 507ms
==> Save the model at epoch 038 with test loss 0.0000642
Epoch: 039 | Train Loss: 0.0000647 | Grad norm: 0.000097 | Time: 4s181ms
Epoch: 039 | Test Loss: 0.0000642 | Time: 514ms
Epoch: 040 | Train Loss: 0.0000647 | Grad norm: 0.000099 | Time: 4s389ms
Epoch: 040 | Test Loss: 0.0000642 | Time: 506ms
==> Save the model at epoch 040 with test loss 0.0000642
Total time: 3m11s
==> Saving trained model weights...
==> Input bias to be applied to the neural network (trained):
[0. 0. 0. 0.]
==> Input transform to be applied to the neural network (trained):
[ 0.62900996  0.6288517  11.614402    9.487666  ]
==> Output transform to be applied to the neural network (trained):
[0.0195 0.021 ]
==> Saving training info...
==> Drawing training loss...
==> Drawing grad norm...
==> Drawing testing loss...
==> Process finished.
