==> torch device:  cuda:3
==> Test-Train split: test_ratio = 0.20
==> Test-Train split seed:  None
==> Further split: further_train_ratio = 0.25
==> Further split seed:  None
==> Input bias to be applied to the neural network:
[0. 0.]
==> Input transform to be applied to the neural network:
[0.496845   0.52004784]
==> Ouput transform to be applied to the neural network:
[1.9242 2.0182]
==> Evaluating model...
==========================================================================================
Layer (type:depth-idx)                   Output Shape              Param #
==========================================================================================
NeuralNetwork                            [1, 2]                    6
├─Sequential: 1-1                        [1, 2]                    --
│    └─Linear: 2-1                       [1, 64]                   192
│    └─ReLU: 2-2                         [1, 64]                   --
│    └─Linear: 2-3                       [1, 64]                   4,160
│    └─ReLU: 2-4                         [1, 64]                   --
│    └─Linear: 2-5                       [1, 64]                   4,160
│    └─ReLU: 2-6                         [1, 64]                   --
│    └─Linear: 2-7                       [1, 64]                   4,160
│    └─ReLU: 2-8                         [1, 64]                   --
│    └─Linear: 2-9                       [1, 64]                   4,160
│    └─ReLU: 2-10                        [1, 64]                   --
│    └─Linear: 2-11                      [1, 64]                   4,160
│    └─ReLU: 2-12                        [1, 64]                   --
│    └─Linear: 2-13                      [1, 64]                   4,160
│    └─ReLU: 2-14                        [1, 64]                   --
│    └─Linear: 2-15                      [1, 2]                    130
├─Sequential: 1-2                        [1, 2]                    (recursive)
│    └─Linear: 2-16                      [1, 64]                   (recursive)
│    └─ReLU: 2-17                        [1, 64]                   --
│    └─Linear: 2-18                      [1, 64]                   (recursive)
│    └─ReLU: 2-19                        [1, 64]                   --
│    └─Linear: 2-20                      [1, 64]                   (recursive)
│    └─ReLU: 2-21                        [1, 64]                   --
│    └─Linear: 2-22                      [1, 64]                   (recursive)
│    └─ReLU: 2-23                        [1, 64]                   --
│    └─Linear: 2-24                      [1, 64]                   (recursive)
│    └─ReLU: 2-25                        [1, 64]                   --
│    └─Linear: 2-26                      [1, 64]                   (recursive)
│    └─ReLU: 2-27                        [1, 64]                   --
│    └─Linear: 2-28                      [1, 64]                   (recursive)
│    └─ReLU: 2-29                        [1, 64]                   --
│    └─Linear: 2-30                      [1, 2]                    (recursive)
==========================================================================================
Total params: 25,288
Trainable params: 25,282
Non-trainable params: 6
Total mult-adds (Units.MEGABYTES): 0.05
==========================================================================================
Input size (MB): 0.00
Forward/backward pass size (MB): 0.01
Params size (MB): 0.10
Estimated Total Size (MB): 0.11
==========================================================================================
==> Saving initial model weights...
==> Start training...
==> Number of param_groups in optimizer: 1
Epoch: 001 | Train Loss: 7.8107234 | Grad norm: 0.246443 | Time: 1s227ms
Epoch: 001 | Test Loss: 7.7327431 | Time: 474ms
==> Save the model at epoch 001 with test loss 7.7327431
Epoch: 002 | Train Loss: 7.8009509 | Grad norm: 0.058888 | Time: 1s201ms
Epoch: 002 | Test Loss: 7.7299334 | Time: 484ms
==> Save the model at epoch 002 with test loss 7.7299334
Epoch: 003 | Train Loss: 7.8055195 | Grad norm: 0.000027 | Time: 1s116ms
Epoch: 003 | Test Loss: 7.7299338 | Time: 838ms
Epoch: 004 | Train Loss: 7.8065405 | Grad norm: 0.000000 | Time: 1s84ms
Epoch: 004 | Test Loss: 7.7299338 | Time: 498ms
Epoch: 005 | Train Loss: 7.8031777 | Grad norm: 0.000000 | Time: 959ms
Epoch: 005 | Test Loss: 7.7299338 | Time: 462ms
Epoch: 006 | Train Loss: 7.8037963 | Grad norm: 0.000000 | Time: 1s2ms
Epoch: 006 | Test Loss: 7.7299338 | Time: 462ms
Epoch: 007 | Train Loss: 7.8044462 | Grad norm: 0.000000 | Time: 1s26ms
Epoch: 007 | Test Loss: 7.7299338 | Time: 539ms
Epoch: 008 | Train Loss: 7.8061072 | Grad norm: 0.000000 | Time: 1s106ms
Epoch: 008 | Test Loss: 7.7299338 | Time: 474ms
Epoch: 009 | Train Loss: 7.8055813 | Grad norm: 0.000000 | Time: 1s85ms
Epoch: 009 | Test Loss: 7.7299338 | Time: 498ms
Epoch: 010 | Train Loss: 7.8061086 | Grad norm: 0.000000 | Time: 1s255ms
Epoch: 010 | Test Loss: 7.7299338 | Time: 603ms
Epoch: 011 | Train Loss: 7.8067864 | Grad norm: 0.000000 | Time: 1s257ms
Epoch: 011 | Test Loss: 7.7299338 | Time: 598ms
Epoch: 012 | Train Loss: 7.8074300 | Grad norm: 0.000000 | Time: 1s182ms
Epoch: 012 | Test Loss: 7.7299338 | Time: 464ms
Epoch: 013 | Train Loss: 7.8035491 | Grad norm: 0.000000 | Time: 1s54ms
Epoch: 013 | Test Loss: 7.7299338 | Time: 486ms
Epoch: 014 | Train Loss: 7.8076674 | Grad norm: 0.000000 | Time: 1s154ms
Epoch: 014 | Test Loss: 7.7299338 | Time: 486ms
Epoch: 015 | Train Loss: 7.8059595 | Grad norm: 0.000000 | Time: 1s75ms
Epoch: 015 | Test Loss: 7.7299338 | Time: 594ms
Epoch: 016 | Train Loss: 7.8057872 | Grad norm: 0.000000 | Time: 1s132ms
Epoch: 016 | Test Loss: 7.7299338 | Time: 462ms
Epoch: 017 | Train Loss: 7.8066008 | Grad norm: 0.000000 | Time: 1s39ms
Epoch: 017 | Test Loss: 7.7299338 | Time: 467ms
Epoch: 018 | Train Loss: 7.8052366 | Grad norm: 0.000000 | Time: 1s130ms
Epoch: 018 | Test Loss: 7.7299338 | Time: 488ms
Epoch: 019 | Train Loss: 7.8061421 | Grad norm: 0.000000 | Time: 1s75ms
Epoch: 019 | Test Loss: 7.7299338 | Time: 581ms
Epoch: 020 | Train Loss: 7.8047008 | Grad norm: 0.000000 | Time: 1s70ms
Epoch: 020 | Test Loss: 7.7299338 | Time: 470ms
Epoch: 021 | Train Loss: 7.8048771 | Grad norm: 0.000000 | Time: 984ms
Epoch: 021 | Test Loss: 7.7299338 | Time: 493ms
Epoch: 022 | Train Loss: 7.8042367 | Grad norm: 0.000000 | Time: 1s125ms
Epoch: 022 | Test Loss: 7.7299338 | Time: 498ms
Epoch: 023 | Train Loss: 7.8078405 | Grad norm: 0.000000 | Time: 1s124ms
Epoch: 023 | Test Loss: 7.7299338 | Time: 531ms
Epoch: 024 | Train Loss: 7.8044655 | Grad norm: 0.000000 | Time: 950ms
Epoch: 024 | Test Loss: 7.7299338 | Time: 462ms
Epoch: 025 | Train Loss: 7.8038393 | Grad norm: 0.000000 | Time: 1s43ms
Epoch: 025 | Test Loss: 7.7299338 | Time: 459ms
Epoch: 026 | Train Loss: 7.8053131 | Grad norm: 0.000000 | Time: 1s94ms
Epoch: 026 | Test Loss: 7.7299338 | Time: 499ms
Epoch: 027 | Train Loss: 7.8047783 | Grad norm: 0.000000 | Time: 1s56ms
Epoch: 027 | Test Loss: 7.7299338 | Time: 544ms
Epoch: 028 | Train Loss: 7.8062029 | Grad norm: 0.000000 | Time: 995ms
Epoch: 028 | Test Loss: 7.7299338 | Time: 480ms
Epoch: 029 | Train Loss: 7.8066025 | Grad norm: 0.000000 | Time: 1s76ms
Epoch: 029 | Test Loss: 7.7299338 | Time: 475ms
Epoch: 030 | Train Loss: 7.8062500 | Grad norm: 0.000000 | Time: 1s57ms
Epoch: 030 | Test Loss: 7.7299338 | Time: 465ms
Epoch: 031 | Train Loss: 7.8063377 | Grad norm: 0.000000 | Time: 1s96ms
Epoch: 031 | Test Loss: 7.7299338 | Time: 540ms
Epoch: 032 | Train Loss: 7.8042823 | Grad norm: 0.000000 | Time: 1s97ms
Epoch: 032 | Test Loss: 7.7299338 | Time: 507ms
Epoch: 033 | Train Loss: 7.8034410 | Grad norm: 0.000000 | Time: 1s200ms
Epoch: 033 | Test Loss: 7.7299338 | Time: 468ms
Epoch: 034 | Train Loss: 7.8088351 | Grad norm: 0.000000 | Time: 1s104ms
Epoch: 034 | Test Loss: 7.7299338 | Time: 467ms
Epoch: 035 | Train Loss: 7.8041262 | Grad norm: 0.000000 | Time: 1s43ms
Epoch: 035 | Test Loss: 7.7299338 | Time: 533ms
Epoch: 036 | Train Loss: 7.8109655 | Grad norm: 0.000000 | Time: 1s149ms
Epoch: 036 | Test Loss: 7.7299338 | Time: 478ms
Epoch: 037 | Train Loss: 7.8070823 | Grad norm: 0.000000 | Time: 1s55ms
Epoch: 037 | Test Loss: 7.7299338 | Time: 510ms
Epoch: 038 | Train Loss: 7.8081399 | Grad norm: 0.000000 | Time: 1s55ms
Epoch: 038 | Test Loss: 7.7299338 | Time: 465ms
Epoch: 039 | Train Loss: 7.8061137 | Grad norm: 0.000000 | Time: 1s71ms
Epoch: 039 | Test Loss: 7.7299338 | Time: 529ms
Epoch: 040 | Train Loss: 7.8040143 | Grad norm: 0.000000 | Time: 1s114ms
Epoch: 040 | Test Loss: 7.7299338 | Time: 465ms
Total time: 1m4s
==> Saving trained model weights...
==> Input bias to be applied to the neural network (trained):
[0. 0.]
==> Input transform to be applied to the neural network (trained):
[0.496845   0.52004784]
==> Output transform to be applied to the neural network (trained):
[1.9242 2.0182]
==> Saving training info...
==> Drawing training loss...
==> Drawing grad norm...
==> Drawing testing loss...
==> Process finished.
