==> torch device:  cuda:3
==> Test-Train split: test_ratio = 0.20
==> Test-Train split seed:  None
==> Further split: further_train_ratio = 0.50
==> Further split seed:  None
==> Lipschitz constant: 64.00
==> Input bias to be applied to the neural network:
[0. 0. 0. 0.]
==> Input transform to be applied to the neural network:
[ 0.62900996  0.6288517  11.614402    9.487666  ]
==> Ouput transform to be applied to the neural network:
[0.0195 0.021 ]
==> Evaluating model...
==========================================================================================
Layer (type:depth-idx)                   Output Shape              Param #
==========================================================================================
NeuralNetwork                            [1, 2]                    10
├─Sequential: 1-1                        [1, 2]                    --
│    └─SandwichFc: 2-1                   [1, 64]                   4,481
│    └─SandwichFc: 2-2                   [1, 64]                   8,321
│    └─SandwichFc: 2-3                   [1, 64]                   8,321
│    └─SandwichFc: 2-4                   [1, 64]                   8,321
│    └─SandwichFc: 2-5                   [1, 64]                   8,321
│    └─SandwichFc: 2-6                   [1, 64]                   8,321
│    └─SandwichFc: 2-7                   [1, 64]                   8,321
│    └─SandwichLin: 2-8                  [1, 2]                    135
├─Sequential: 1-2                        [1, 2]                    (recursive)
│    └─SandwichFc: 2-9                   [1, 64]                   (recursive)
│    └─SandwichFc: 2-10                  [1, 64]                   (recursive)
│    └─SandwichFc: 2-11                  [1, 64]                   (recursive)
│    └─SandwichFc: 2-12                  [1, 64]                   (recursive)
│    └─SandwichFc: 2-13                  [1, 64]                   (recursive)
│    └─SandwichFc: 2-14                  [1, 64]                   (recursive)
│    └─SandwichFc: 2-15                  [1, 64]                   (recursive)
│    └─SandwichLin: 2-16                 [1, 2]                    (recursive)
==========================================================================================
Total params: 54,552
Trainable params: 54,542
Non-trainable params: 10
Total mult-adds (Units.MEGABYTES): 0.11
==========================================================================================
Input size (MB): 0.00
Forward/backward pass size (MB): 0.01
Params size (MB): 0.22
Estimated Total Size (MB): 0.23
==========================================================================================
==> Saving initial model weights...
==> Start training...
==> Number of param_groups in optimizer: 1
Epoch: 001 | Train Loss: 0.0010556 | Grad norm: 0.016524 | Time: 8s686ms
Epoch: 001 | Test Loss: 0.0010631 | Time: 711ms
==> Save the model at epoch 001 with test loss 0.0010631
Epoch: 002 | Train Loss: 0.0001095 | Grad norm: 0.002164 | Time: 8s523ms
Epoch: 002 | Test Loss: 0.0000715 | Time: 685ms
==> Save the model at epoch 002 with test loss 0.0000715
Epoch: 003 | Train Loss: 0.0000703 | Grad norm: 0.001554 | Time: 8s576ms
Epoch: 003 | Test Loss: 0.0000685 | Time: 781ms
==> Save the model at epoch 003 with test loss 0.0000685
Epoch: 004 | Train Loss: 0.0000693 | Grad norm: 0.001399 | Time: 8s540ms
Epoch: 004 | Test Loss: 0.0000695 | Time: 720ms
Epoch: 005 | Train Loss: 0.0000699 | Grad norm: 0.001340 | Time: 8s656ms
Epoch: 005 | Test Loss: 0.0000696 | Time: 622ms
Epoch: 006 | Train Loss: 0.0000695 | Grad norm: 0.001124 | Time: 8s325ms
Epoch: 006 | Test Loss: 0.0000690 | Time: 626ms
Epoch: 007 | Train Loss: 0.0000696 | Grad norm: 0.001032 | Time: 8s361ms
Epoch: 007 | Test Loss: 0.0000691 | Time: 643ms
Epoch: 008 | Train Loss: 0.0000697 | Grad norm: 0.000961 | Time: 8s486ms
Epoch: 008 | Test Loss: 0.0000696 | Time: 771ms
Epoch: 009 | Train Loss: 0.0000699 | Grad norm: 0.000920 | Time: 8s467ms
Epoch: 009 | Test Loss: 0.0000693 | Time: 622ms
Epoch: 010 | Train Loss: 0.0000697 | Grad norm: 0.000902 | Time: 8s49ms
Epoch: 010 | Test Loss: 0.0000714 | Time: 698ms
Epoch: 011 | Train Loss: 0.0000701 | Grad norm: 0.000925 | Time: 8s407ms
Epoch: 011 | Test Loss: 0.0000684 | Time: 776ms
==> Save the model at epoch 011 with test loss 0.0000684
Epoch: 012 | Train Loss: 0.0000690 | Grad norm: 0.000820 | Time: 8s488ms
Epoch: 012 | Test Loss: 0.0000676 | Time: 624ms
==> Save the model at epoch 012 with test loss 0.0000676
Epoch: 013 | Train Loss: 0.0000687 | Grad norm: 0.000784 | Time: 8s576ms
Epoch: 013 | Test Loss: 0.0000675 | Time: 613ms
==> Save the model at epoch 013 with test loss 0.0000675
Epoch: 014 | Train Loss: 0.0000696 | Grad norm: 0.000842 | Time: 8s89ms
Epoch: 014 | Test Loss: 0.0000713 | Time: 635ms
Epoch: 015 | Train Loss: 0.0000686 | Grad norm: 0.000750 | Time: 8s438ms
Epoch: 015 | Test Loss: 0.0000701 | Time: 617ms
Epoch: 016 | Train Loss: 0.0000685 | Grad norm: 0.000770 | Time: 8s501ms
Epoch: 016 | Test Loss: 0.0000678 | Time: 621ms
Epoch: 017 | Train Loss: 0.0000679 | Grad norm: 0.000673 | Time: 8s459ms
Epoch: 017 | Test Loss: 0.0000679 | Time: 615ms
Epoch: 018 | Train Loss: 0.0000687 | Grad norm: 0.000771 | Time: 8s486ms
Epoch: 018 | Test Loss: 0.0000711 | Time: 624ms
Epoch: 019 | Train Loss: 0.0000681 | Grad norm: 0.000687 | Time: 8s391ms
Epoch: 019 | Test Loss: 0.0000684 | Time: 617ms
Epoch: 020 | Train Loss: 0.0000683 | Grad norm: 0.000736 | Time: 8s372ms
Epoch: 020 | Test Loss: 0.0000714 | Time: 664ms
Epoch: 021 | Train Loss: 0.0000678 | Grad norm: 0.000677 | Time: 8s774ms
Epoch: 021 | Test Loss: 0.0000673 | Time: 637ms
==> Save the model at epoch 021 with test loss 0.0000673
Epoch: 022 | Train Loss: 0.0000675 | Grad norm: 0.000667 | Time: 8s140ms
Epoch: 022 | Test Loss: 0.0000693 | Time: 619ms
Epoch: 023 | Train Loss: 0.0000671 | Grad norm: 0.000603 | Time: 8s607ms
Epoch: 023 | Test Loss: 0.0000674 | Time: 694ms
Epoch: 024 | Train Loss: 0.0000666 | Grad norm: 0.000561 | Time: 8s444ms
Epoch: 024 | Test Loss: 0.0000662 | Time: 630ms
==> Save the model at epoch 024 with test loss 0.0000662
Epoch: 025 | Train Loss: 0.0000668 | Grad norm: 0.000607 | Time: 8s469ms
Epoch: 025 | Test Loss: 0.0000661 | Time: 633ms
==> Save the model at epoch 025 with test loss 0.0000661
Epoch: 026 | Train Loss: 0.0000663 | Grad norm: 0.000563 | Time: 8s417ms
Epoch: 026 | Test Loss: 0.0000663 | Time: 628ms
Epoch: 027 | Train Loss: 0.0000658 | Grad norm: 0.000529 | Time: 8s498ms
Epoch: 027 | Test Loss: 0.0000669 | Time: 644ms
Epoch: 028 | Train Loss: 0.0000659 | Grad norm: 0.000561 | Time: 8s182ms
Epoch: 028 | Test Loss: 0.0000672 | Time: 629ms
Epoch: 029 | Train Loss: 0.0000656 | Grad norm: 0.000530 | Time: 8s447ms
Epoch: 029 | Test Loss: 0.0000658 | Time: 619ms
==> Save the model at epoch 029 with test loss 0.0000658
Epoch: 030 | Train Loss: 0.0000655 | Grad norm: 0.000519 | Time: 8s712ms
Epoch: 030 | Test Loss: 0.0000650 | Time: 623ms
==> Save the model at epoch 030 with test loss 0.0000650
Epoch: 031 | Train Loss: 0.0000649 | Grad norm: 0.000492 | Time: 8s470ms
Epoch: 031 | Test Loss: 0.0000660 | Time: 622ms
Epoch: 032 | Train Loss: 0.0000647 | Grad norm: 0.000476 | Time: 8s418ms
Epoch: 032 | Test Loss: 0.0000648 | Time: 646ms
==> Save the model at epoch 032 with test loss 0.0000648
Epoch: 033 | Train Loss: 0.0000642 | Grad norm: 0.000427 | Time: 8s481ms
Epoch: 033 | Test Loss: 0.0000657 | Time: 618ms
Epoch: 034 | Train Loss: 0.0000640 | Grad norm: 0.000426 | Time: 8s289ms
Epoch: 034 | Test Loss: 0.0000650 | Time: 620ms
Epoch: 035 | Train Loss: 0.0000637 | Grad norm: 0.000400 | Time: 8s191ms
Epoch: 035 | Test Loss: 0.0000647 | Time: 619ms
==> Save the model at epoch 035 with test loss 0.0000647
Epoch: 036 | Train Loss: 0.0000634 | Grad norm: 0.000393 | Time: 8s421ms
Epoch: 036 | Test Loss: 0.0000643 | Time: 696ms
==> Save the model at epoch 036 with test loss 0.0000643
Epoch: 037 | Train Loss: 0.0000632 | Grad norm: 0.000395 | Time: 8s447ms
Epoch: 037 | Test Loss: 0.0000643 | Time: 623ms
Epoch: 038 | Train Loss: 0.0000630 | Grad norm: 0.000371 | Time: 8s695ms
Epoch: 038 | Test Loss: 0.0000640 | Time: 627ms
==> Save the model at epoch 038 with test loss 0.0000640
Epoch: 039 | Train Loss: 0.0000628 | Grad norm: 0.000372 | Time: 8s857ms
Epoch: 039 | Test Loss: 0.0000640 | Time: 620ms
==> Save the model at epoch 039 with test loss 0.0000640
Epoch: 040 | Train Loss: 0.0000628 | Grad norm: 0.000367 | Time: 8s785ms
Epoch: 040 | Test Loss: 0.0000640 | Time: 616ms
==> Save the model at epoch 040 with test loss 0.0000640
Total time: 6m4s
==> Saving trained model weights...
==> Input bias to be applied to the neural network (trained):
[0. 0. 0. 0.]
==> Input transform to be applied to the neural network (trained):
[ 0.62900996  0.6288517  11.614402    9.487666  ]
==> Output transform to be applied to the neural network (trained):
[0.0195 0.021 ]
==> Saving training info...
==> Drawing training loss...
==> Drawing grad norm...
==> Drawing testing loss...
==> Process finished.
