==> torch device:  cuda:1
==> Test-Train split: test_ratio = 0.20
==> Test-Train split seed:  None
==> Further split: further_train_ratio = 1.00
==> Further split seed:  None
==> Input bias to be applied to the neural network:
[0. 0.]
==> Input transform to be applied to the neural network:
[1. 1.]
==> Ouput transform to be applied to the neural network:
[1. 1.]
==> Evaluating model...
==========================================================================================
Layer (type:depth-idx)                   Output Shape              Param #
==========================================================================================
NeuralNetwork                            [1, 2]                    6
├─Sequential: 1-1                        [1, 2]                    --
│    └─Linear: 2-1                       [1, 64]                   192
│    └─LeakyReLU: 2-2                    [1, 64]                   --
│    └─Linear: 2-3                       [1, 64]                   4,160
│    └─LeakyReLU: 2-4                    [1, 64]                   --
│    └─Linear: 2-5                       [1, 64]                   4,160
│    └─LeakyReLU: 2-6                    [1, 64]                   --
│    └─Linear: 2-7                       [1, 64]                   4,160
│    └─LeakyReLU: 2-8                    [1, 64]                   --
│    └─Linear: 2-9                       [1, 64]                   4,160
│    └─LeakyReLU: 2-10                   [1, 64]                   --
│    └─Linear: 2-11                      [1, 64]                   4,160
│    └─LeakyReLU: 2-12                   [1, 64]                   --
│    └─Linear: 2-13                      [1, 64]                   4,160
│    └─LeakyReLU: 2-14                   [1, 64]                   --
│    └─Linear: 2-15                      [1, 2]                    130
==========================================================================================
Total params: 25,288
Trainable params: 25,282
Non-trainable params: 6
Total mult-adds (Units.MEGABYTES): 0.03
==========================================================================================
Input size (MB): 0.00
Forward/backward pass size (MB): 0.00
Params size (MB): 0.10
Estimated Total Size (MB): 0.10
==========================================================================================
==> Saving initial model weights...
==> Start training...
Epoch: 001 | Loss: 0.4198436 | L2 loss: 0.4085892 | Lip loss: 0.0112545 | Grad norm: 2.685499 | Time: 54s616ms
Epoch: 001 | Test Loss: 0.0128424 | Time: 784ms
==> Save the model at epoch 001 with test loss 0.0128424
Epoch: 002 | Loss: 0.0184302 | L2 loss: 0.0068499 | Lip loss: 0.0115803 | Grad norm: 1.482268 | Time: 55s95ms
Epoch: 002 | Test Loss: 0.0038860 | Time: 725ms
==> Save the model at epoch 002 with test loss 0.0038860
Epoch: 003 | Loss: 0.0153123 | L2 loss: 0.0037289 | Lip loss: 0.0115834 | Grad norm: 1.034179 | Time: 56s167ms
Epoch: 003 | Test Loss: 0.0015726 | Time: 734ms
==> Save the model at epoch 003 with test loss 0.0015726
Epoch: 004 | Loss: 0.0134379 | L2 loss: 0.0017721 | Lip loss: 0.0116658 | Grad norm: 0.538804 | Time: 55s972ms
Epoch: 004 | Test Loss: 0.0025487 | Time: 726ms
Epoch: 005 | Loss: 0.0142824 | L2 loss: 0.0026953 | Lip loss: 0.0115870 | Grad norm: 0.775785 | Time: 57s68ms
Epoch: 005 | Test Loss: 0.0010117 | Time: 720ms
==> Save the model at epoch 005 with test loss 0.0010117
Epoch: 006 | Loss: 0.0123515 | L2 loss: 0.0007476 | Lip loss: 0.0116039 | Grad norm: 0.106425 | Time: 55s437ms
Epoch: 006 | Test Loss: 0.0007420 | Time: 718ms
==> Save the model at epoch 006 with test loss 0.0007420
Epoch: 007 | Loss: 0.0122497 | L2 loss: 0.0007277 | Lip loss: 0.0115220 | Grad norm: 0.105972 | Time: 55s757ms
Epoch: 007 | Test Loss: 0.0007106 | Time: 734ms
==> Save the model at epoch 007 with test loss 0.0007106
Epoch: 008 | Loss: 0.0123186 | L2 loss: 0.0007280 | Lip loss: 0.0115906 | Grad norm: 0.116558 | Time: 56s250ms
Epoch: 008 | Test Loss: 0.0007469 | Time: 796ms
Epoch: 009 | Loss: 0.0122644 | L2 loss: 0.0007256 | Lip loss: 0.0115388 | Grad norm: 0.131162 | Time: 55s128ms
Epoch: 009 | Test Loss: 0.0007504 | Time: 743ms
Epoch: 010 | Loss: 0.0123081 | L2 loss: 0.0007274 | Lip loss: 0.0115807 | Grad norm: 0.141932 | Time: 56s592ms
Epoch: 010 | Test Loss: 0.0006972 | Time: 716ms
==> Save the model at epoch 010 with test loss 0.0006972
Epoch: 011 | Loss: 0.0121928 | L2 loss: 0.0006649 | Lip loss: 0.0115279 | Grad norm: 0.080595 | Time: 57s122ms
Epoch: 011 | Test Loss: 0.0006630 | Time: 724ms
==> Save the model at epoch 011 with test loss 0.0006630
Epoch: 012 | Loss: 0.0121881 | L2 loss: 0.0006606 | Lip loss: 0.0115276 | Grad norm: 0.077901 | Time: 55s930ms
Epoch: 012 | Test Loss: 0.0006514 | Time: 730ms
==> Save the model at epoch 012 with test loss 0.0006514
Epoch: 013 | Loss: 0.0123244 | L2 loss: 0.0006627 | Lip loss: 0.0116617 | Grad norm: 0.080254 | Time: 56s713ms
Epoch: 013 | Test Loss: 0.0006648 | Time: 722ms
Epoch: 014 | Loss: 0.0121225 | L2 loss: 0.0006593 | Lip loss: 0.0114632 | Grad norm: 0.086876 | Time: 55s722ms
Epoch: 014 | Test Loss: 0.0006573 | Time: 719ms
Epoch: 015 | Loss: 0.0122296 | L2 loss: 0.0006591 | Lip loss: 0.0115705 | Grad norm: 0.089125 | Time: 55s738ms
Epoch: 015 | Test Loss: 0.0006563 | Time: 795ms
Epoch: 016 | Loss: 0.0121453 | L2 loss: 0.0006488 | Lip loss: 0.0114965 | Grad norm: 0.070361 | Time: 56s51ms
Epoch: 016 | Test Loss: 0.0006442 | Time: 721ms
==> Save the model at epoch 016 with test loss 0.0006442
Epoch: 017 | Loss: 0.0122356 | L2 loss: 0.0006482 | Lip loss: 0.0115874 | Grad norm: 0.070872 | Time: 56s546ms
Epoch: 017 | Test Loss: 0.0006446 | Time: 722ms
Epoch: 018 | Loss: 0.0121823 | L2 loss: 0.0006459 | Lip loss: 0.0115363 | Grad norm: 0.069366 | Time: 56s101ms
Epoch: 018 | Test Loss: 0.0006428 | Time: 728ms
==> Save the model at epoch 018 with test loss 0.0006428
Epoch: 019 | Loss: 0.0122513 | L2 loss: 0.0006460 | Lip loss: 0.0116053 | Grad norm: 0.071340 | Time: 55s770ms
Epoch: 019 | Test Loss: 0.0006416 | Time: 717ms
==> Save the model at epoch 019 with test loss 0.0006416
Epoch: 020 | Loss: 0.0122337 | L2 loss: 0.0006459 | Lip loss: 0.0115878 | Grad norm: 0.070806 | Time: 56s841ms
Epoch: 020 | Test Loss: 0.0006459 | Time: 714ms
Epoch: 021 | Loss: 0.0121796 | L2 loss: 0.0006449 | Lip loss: 0.0115346 | Grad norm: 0.068303 | Time: 55s904ms
Epoch: 021 | Test Loss: 0.0006418 | Time: 716ms
Epoch: 022 | Loss: 0.0122018 | L2 loss: 0.0006443 | Lip loss: 0.0115575 | Grad norm: 0.068351 | Time: 56s650ms
Epoch: 022 | Test Loss: 0.0006411 | Time: 726ms
==> Save the model at epoch 022 with test loss 0.0006411
Epoch: 023 | Loss: 0.0121757 | L2 loss: 0.0006438 | Lip loss: 0.0115320 | Grad norm: 0.066961 | Time: 56s502ms
Epoch: 023 | Test Loss: 0.0006406 | Time: 790ms
==> Save the model at epoch 023 with test loss 0.0006406
Epoch: 024 | Loss: 0.0121887 | L2 loss: 0.0006435 | Lip loss: 0.0115452 | Grad norm: 0.068557 | Time: 56s31ms
Epoch: 024 | Test Loss: 0.0006408 | Time: 716ms
Epoch: 025 | Loss: 0.0122253 | L2 loss: 0.0006437 | Lip loss: 0.0115815 | Grad norm: 0.069543 | Time: 56s285ms
Epoch: 025 | Test Loss: 0.0006414 | Time: 724ms
Epoch: 026 | Loss: 0.0122759 | L2 loss: 0.0006441 | Lip loss: 0.0116318 | Grad norm: 0.068776 | Time: 56s372ms
Epoch: 026 | Test Loss: 0.0006414 | Time: 713ms
Epoch: 027 | Loss: 0.0122072 | L2 loss: 0.0006440 | Lip loss: 0.0115632 | Grad norm: 0.069646 | Time: 55s55ms
Epoch: 027 | Test Loss: 0.0006413 | Time: 738ms
Epoch: 028 | Loss: 0.0121938 | L2 loss: 0.0006440 | Lip loss: 0.0115498 | Grad norm: 0.067078 | Time: 56s103ms
Epoch: 028 | Test Loss: 0.0006413 | Time: 861ms
Epoch: 029 | Loss: 0.0121905 | L2 loss: 0.0006440 | Lip loss: 0.0115465 | Grad norm: 0.068190 | Time: 55s334ms
Epoch: 029 | Test Loss: 0.0006412 | Time: 722ms
Epoch: 030 | Loss: 0.0122236 | L2 loss: 0.0006439 | Lip loss: 0.0115797 | Grad norm: 0.068888 | Time: 55s379ms
Epoch: 030 | Test Loss: 0.0006412 | Time: 805ms
Epoch: 031 | Loss: 0.0121870 | L2 loss: 0.0006440 | Lip loss: 0.0115430 | Grad norm: 0.067825 | Time: 55s956ms
Epoch: 031 | Test Loss: 0.0006412 | Time: 721ms
Epoch: 032 | Loss: 0.0122130 | L2 loss: 0.0006440 | Lip loss: 0.0115691 | Grad norm: 0.068180 | Time: 56s224ms
Epoch: 032 | Test Loss: 0.0006412 | Time: 721ms
Epoch: 033 | Loss: 0.0122005 | L2 loss: 0.0006440 | Lip loss: 0.0115566 | Grad norm: 0.066161 | Time: 57s392ms
Epoch: 033 | Test Loss: 0.0006412 | Time: 719ms
Epoch: 034 | Loss: 0.0122208 | L2 loss: 0.0006440 | Lip loss: 0.0115768 | Grad norm: 0.067595 | Time: 56s740ms
Epoch: 034 | Test Loss: 0.0006412 | Time: 717ms
Epoch: 035 | Loss: 0.0122550 | L2 loss: 0.0006440 | Lip loss: 0.0116110 | Grad norm: 0.068344 | Time: 55s715ms
Epoch: 035 | Test Loss: 0.0006412 | Time: 724ms
Epoch: 036 | Loss: 0.0122367 | L2 loss: 0.0006440 | Lip loss: 0.0115928 | Grad norm: 0.068726 | Time: 57s56ms
Epoch: 036 | Test Loss: 0.0006412 | Time: 716ms
Epoch: 037 | Loss: 0.0122114 | L2 loss: 0.0006440 | Lip loss: 0.0115675 | Grad norm: 0.068728 | Time: 55s960ms
Epoch: 037 | Test Loss: 0.0006412 | Time: 787ms
Epoch: 038 | Loss: 0.0122108 | L2 loss: 0.0006440 | Lip loss: 0.0115668 | Grad norm: 0.068809 | Time: 55s150ms
Epoch: 038 | Test Loss: 0.0006412 | Time: 719ms
Epoch: 039 | Loss: 0.0122284 | L2 loss: 0.0006440 | Lip loss: 0.0115845 | Grad norm: 0.069542 | Time: 56s473ms
Epoch: 039 | Test Loss: 0.0006412 | Time: 779ms
Epoch: 040 | Loss: 0.0121742 | L2 loss: 0.0006440 | Lip loss: 0.0115302 | Grad norm: 0.067531 | Time: 55s354ms
Epoch: 040 | Test Loss: 0.0006412 | Time: 718ms
Total time: 37m51s
==> Saving trained model weights...
==> Input bias to be applied to the neural network (trained):
[0. 0.]
==> Input transform to be applied to the neural network (trained):
[1. 1.]
==> Output transform to be applied to the neural network (trained):
[1. 1.]
==> Saving training info...
==> Drawing training loss...
==> Drawing grad norm...
==> Drawing testing loss...
==> Drawing l2 loss...
==> Drawing lip loss...
==> Process finished.
