==> torch device:  cuda:0
==> Test-Train split: test_ratio = 0.20
==> Test-Train split seed:  None
==> Further split: further_train_ratio = 1.00
==> Further split seed:  None
==> Input bias to be applied to the neural network:
[0. 0.]
==> Input transform to be applied to the neural network:
[1. 1.]
==> Ouput transform to be applied to the neural network:
[1. 1.]
==> Evaluating model...
==========================================================================================
Layer (type:depth-idx)                   Output Shape              Param #
==========================================================================================
NeuralNetwork                            [1, 2]                    6
├─Sequential: 1-1                        [1, 2]                    --
│    └─Linear: 2-1                       [1, 64]                   192
│    └─LeakyReLU: 2-2                    [1, 64]                   --
│    └─Linear: 2-3                       [1, 64]                   4,160
│    └─LeakyReLU: 2-4                    [1, 64]                   --
│    └─Linear: 2-5                       [1, 64]                   4,160
│    └─LeakyReLU: 2-6                    [1, 64]                   --
│    └─Linear: 2-7                       [1, 64]                   4,160
│    └─LeakyReLU: 2-8                    [1, 64]                   --
│    └─Linear: 2-9                       [1, 64]                   4,160
│    └─LeakyReLU: 2-10                   [1, 64]                   --
│    └─Linear: 2-11                      [1, 64]                   4,160
│    └─LeakyReLU: 2-12                   [1, 64]                   --
│    └─Linear: 2-13                      [1, 64]                   4,160
│    └─LeakyReLU: 2-14                   [1, 64]                   --
│    └─Linear: 2-15                      [1, 2]                    130
==========================================================================================
Total params: 25,288
Trainable params: 25,282
Non-trainable params: 6
Total mult-adds (Units.MEGABYTES): 0.03
==========================================================================================
Input size (MB): 0.00
Forward/backward pass size (MB): 0.00
Params size (MB): 0.10
Estimated Total Size (MB): 0.10
==========================================================================================
==> Saving initial model weights...
==> Start training...
Epoch: 001 | Loss: 0.3034781 | L2 loss: 0.2927512 | Lip loss: 0.0107270 | Grad norm: 1.170505 | Time: 56s40ms
Epoch: 001 | Test Loss: 0.0035659 | Time: 815ms
==> Save the model at epoch 001 with test loss 0.0035659
Epoch: 002 | Loss: 0.0154979 | L2 loss: 0.0046512 | Lip loss: 0.0108467 | Grad norm: 0.644057 | Time: 56s308ms
Epoch: 002 | Test Loss: 0.0037189 | Time: 723ms
Epoch: 003 | Loss: 0.0150906 | L2 loss: 0.0042352 | Lip loss: 0.0108554 | Grad norm: 0.563964 | Time: 56s479ms
Epoch: 003 | Test Loss: 0.0053853 | Time: 728ms
Epoch: 004 | Loss: 0.0147087 | L2 loss: 0.0038983 | Lip loss: 0.0108104 | Grad norm: 0.474354 | Time: 56s634ms
Epoch: 004 | Test Loss: 0.0045627 | Time: 716ms
Epoch: 005 | Loss: 0.0148910 | L2 loss: 0.0040403 | Lip loss: 0.0108507 | Grad norm: 0.489253 | Time: 56s303ms
Epoch: 005 | Test Loss: 0.0035948 | Time: 734ms
Epoch: 006 | Loss: 0.0136785 | L2 loss: 0.0028424 | Lip loss: 0.0108361 | Grad norm: 0.125164 | Time: 56s27ms
Epoch: 006 | Test Loss: 0.0028233 | Time: 720ms
==> Save the model at epoch 006 with test loss 0.0028233
Epoch: 007 | Loss: 0.0136473 | L2 loss: 0.0028224 | Lip loss: 0.0108249 | Grad norm: 0.123419 | Time: 56s376ms
Epoch: 007 | Test Loss: 0.0028154 | Time: 719ms
==> Save the model at epoch 007 with test loss 0.0028154
Epoch: 008 | Loss: 0.0136444 | L2 loss: 0.0028315 | Lip loss: 0.0108129 | Grad norm: 0.136235 | Time: 56s773ms
Epoch: 008 | Test Loss: 0.0028804 | Time: 786ms
Epoch: 009 | Loss: 0.0136518 | L2 loss: 0.0028510 | Lip loss: 0.0108008 | Grad norm: 0.151567 | Time: 57s35ms
Epoch: 009 | Test Loss: 0.0029244 | Time: 739ms
Epoch: 010 | Loss: 0.0136840 | L2 loss: 0.0028542 | Lip loss: 0.0108298 | Grad norm: 0.155768 | Time: 56s456ms
Epoch: 010 | Test Loss: 0.0028331 | Time: 736ms
Epoch: 011 | Loss: 0.0135772 | L2 loss: 0.0027567 | Lip loss: 0.0108205 | Grad norm: 0.096374 | Time: 55s888ms
Epoch: 011 | Test Loss: 0.0027873 | Time: 718ms
==> Save the model at epoch 011 with test loss 0.0027873
Epoch: 012 | Loss: 0.0135866 | L2 loss: 0.0027532 | Lip loss: 0.0108334 | Grad norm: 0.098341 | Time: 55s546ms
Epoch: 012 | Test Loss: 0.0027752 | Time: 720ms
==> Save the model at epoch 012 with test loss 0.0027752
Epoch: 013 | Loss: 0.0136002 | L2 loss: 0.0027532 | Lip loss: 0.0108470 | Grad norm: 0.096564 | Time: 55s148ms
Epoch: 013 | Test Loss: 0.0027864 | Time: 732ms
Epoch: 014 | Loss: 0.0135450 | L2 loss: 0.0027524 | Lip loss: 0.0107926 | Grad norm: 0.096235 | Time: 56s737ms
Epoch: 014 | Test Loss: 0.0027773 | Time: 715ms
Epoch: 015 | Loss: 0.0135468 | L2 loss: 0.0027538 | Lip loss: 0.0107930 | Grad norm: 0.102241 | Time: 55s531ms
Epoch: 015 | Test Loss: 0.0027950 | Time: 787ms
Epoch: 016 | Loss: 0.0135156 | L2 loss: 0.0027366 | Lip loss: 0.0107790 | Grad norm: 0.088527 | Time: 55s652ms
Epoch: 016 | Test Loss: 0.0027710 | Time: 723ms
==> Save the model at epoch 016 with test loss 0.0027710
Epoch: 017 | Loss: 0.0135203 | L2 loss: 0.0027355 | Lip loss: 0.0107848 | Grad norm: 0.088617 | Time: 55s693ms
Epoch: 017 | Test Loss: 0.0027679 | Time: 720ms
==> Save the model at epoch 017 with test loss 0.0027679
Epoch: 018 | Loss: 0.0135438 | L2 loss: 0.0027348 | Lip loss: 0.0108090 | Grad norm: 0.088434 | Time: 56s441ms
Epoch: 018 | Test Loss: 0.0027673 | Time: 718ms
==> Save the model at epoch 018 with test loss 0.0027673
Epoch: 019 | Loss: 0.0135755 | L2 loss: 0.0027357 | Lip loss: 0.0108398 | Grad norm: 0.087877 | Time: 56s111ms
Epoch: 019 | Test Loss: 0.0027677 | Time: 724ms
Epoch: 020 | Loss: 0.0135440 | L2 loss: 0.0027352 | Lip loss: 0.0108088 | Grad norm: 0.089178 | Time: 56s971ms
Epoch: 020 | Test Loss: 0.0027670 | Time: 723ms
==> Save the model at epoch 020 with test loss 0.0027670
Epoch: 021 | Loss: 0.0135726 | L2 loss: 0.0027332 | Lip loss: 0.0108393 | Grad norm: 0.086382 | Time: 56s165ms
Epoch: 021 | Test Loss: 0.0027656 | Time: 736ms
==> Save the model at epoch 021 with test loss 0.0027656
Epoch: 022 | Loss: 0.0135664 | L2 loss: 0.0027326 | Lip loss: 0.0108337 | Grad norm: 0.087065 | Time: 56s30ms
Epoch: 022 | Test Loss: 0.0027652 | Time: 718ms
==> Save the model at epoch 022 with test loss 0.0027652
Epoch: 023 | Loss: 0.0135137 | L2 loss: 0.0027326 | Lip loss: 0.0107811 | Grad norm: 0.085772 | Time: 55s212ms
Epoch: 023 | Test Loss: 0.0027658 | Time: 790ms
Epoch: 024 | Loss: 0.0135691 | L2 loss: 0.0027329 | Lip loss: 0.0108363 | Grad norm: 0.087940 | Time: 55s858ms
Epoch: 024 | Test Loss: 0.0027652 | Time: 718ms
==> Save the model at epoch 024 with test loss 0.0027652
Epoch: 025 | Loss: 0.0135182 | L2 loss: 0.0027329 | Lip loss: 0.0107854 | Grad norm: 0.086188 | Time: 56s89ms
Epoch: 025 | Test Loss: 0.0027651 | Time: 713ms
==> Save the model at epoch 025 with test loss 0.0027651
Epoch: 026 | Loss: 0.0135136 | L2 loss: 0.0027321 | Lip loss: 0.0107815 | Grad norm: 0.085670 | Time: 55s601ms
Epoch: 026 | Test Loss: 0.0027652 | Time: 721ms
Epoch: 027 | Loss: 0.0135657 | L2 loss: 0.0027322 | Lip loss: 0.0108334 | Grad norm: 0.086136 | Time: 56s336ms
Epoch: 027 | Test Loss: 0.0027654 | Time: 717ms
Epoch: 028 | Loss: 0.0135483 | L2 loss: 0.0027324 | Lip loss: 0.0108159 | Grad norm: 0.087307 | Time: 55s827ms
Epoch: 028 | Test Loss: 0.0027655 | Time: 729ms
Epoch: 029 | Loss: 0.0135886 | L2 loss: 0.0027325 | Lip loss: 0.0108561 | Grad norm: 0.085614 | Time: 55s509ms
Epoch: 029 | Test Loss: 0.0027656 | Time: 717ms
Epoch: 030 | Loss: 0.0135424 | L2 loss: 0.0027325 | Lip loss: 0.0108098 | Grad norm: 0.087077 | Time: 55s964ms
Epoch: 030 | Test Loss: 0.0027656 | Time: 792ms
Epoch: 031 | Loss: 0.0135728 | L2 loss: 0.0027326 | Lip loss: 0.0108402 | Grad norm: 0.086464 | Time: 55s805ms
Epoch: 031 | Test Loss: 0.0027656 | Time: 733ms
Epoch: 032 | Loss: 0.0135572 | L2 loss: 0.0027326 | Lip loss: 0.0108246 | Grad norm: 0.086467 | Time: 55s905ms
Epoch: 032 | Test Loss: 0.0027656 | Time: 715ms
Epoch: 033 | Loss: 0.0136056 | L2 loss: 0.0027326 | Lip loss: 0.0108730 | Grad norm: 0.087147 | Time: 56s768ms
Epoch: 033 | Test Loss: 0.0027656 | Time: 719ms
Epoch: 034 | Loss: 0.0135445 | L2 loss: 0.0027326 | Lip loss: 0.0108119 | Grad norm: 0.086431 | Time: 55s925ms
Epoch: 034 | Test Loss: 0.0027656 | Time: 715ms
Epoch: 035 | Loss: 0.0135538 | L2 loss: 0.0027326 | Lip loss: 0.0108212 | Grad norm: 0.086981 | Time: 55s167ms
Epoch: 035 | Test Loss: 0.0027656 | Time: 725ms
Epoch: 036 | Loss: 0.0135582 | L2 loss: 0.0027326 | Lip loss: 0.0108257 | Grad norm: 0.087085 | Time: 56s296ms
Epoch: 036 | Test Loss: 0.0027656 | Time: 723ms
Epoch: 037 | Loss: 0.0134901 | L2 loss: 0.0027326 | Lip loss: 0.0107575 | Grad norm: 0.085753 | Time: 54s737ms
Epoch: 037 | Test Loss: 0.0027656 | Time: 785ms
Epoch: 038 | Loss: 0.0135729 | L2 loss: 0.0027326 | Lip loss: 0.0108403 | Grad norm: 0.086563 | Time: 55s998ms
Epoch: 038 | Test Loss: 0.0027656 | Time: 717ms
Epoch: 039 | Loss: 0.0135644 | L2 loss: 0.0027326 | Lip loss: 0.0108318 | Grad norm: 0.086737 | Time: 54s859ms
Epoch: 039 | Test Loss: 0.0027656 | Time: 720ms
Epoch: 040 | Loss: 0.0135236 | L2 loss: 0.0027326 | Lip loss: 0.0107910 | Grad norm: 0.085651 | Time: 55s393ms
Epoch: 040 | Test Loss: 0.0027656 | Time: 717ms
Total time: 37m48s
==> Saving trained model weights...
==> Input bias to be applied to the neural network (trained):
[0. 0.]
==> Input transform to be applied to the neural network (trained):
[1. 1.]
==> Output transform to be applied to the neural network (trained):
[1. 1.]
==> Saving training info...
==> Drawing training loss...
==> Drawing grad norm...
==> Drawing testing loss...
==> Drawing l2 loss...
==> Drawing lip loss...
==> Process finished.
