==> torch device:  cuda:3
==> Test-Train split: test_ratio = 0.20
==> Test-Train split seed:  None
==> Further split: further_train_ratio = 0.25
==> Further split seed:  None
==> Lipschitz constant: 8.00
==> Input bias to be applied to the neural network:
[0. 0. 0. 0.]
==> Input transform to be applied to the neural network:
[0.7072636  0.72212595 0.6760411  0.67349136]
==> Ouput transform to be applied to the neural network:
[0.2287 0.2871]
==> Evaluating model...
==========================================================================================
Layer (type:depth-idx)                   Output Shape              Param #
==========================================================================================
NeuralNetwork                            [1, 2]                    10
├─Sequential: 1-1                        [1, 2]                    --
│    └─SandwichFc: 2-1                   [1, 64]                   4,481
│    └─SandwichFc: 2-2                   [1, 64]                   8,321
│    └─SandwichFc: 2-3                   [1, 64]                   8,321
│    └─SandwichFc: 2-4                   [1, 64]                   8,321
│    └─SandwichFc: 2-5                   [1, 64]                   8,321
│    └─SandwichFc: 2-6                   [1, 64]                   8,321
│    └─SandwichFc: 2-7                   [1, 64]                   8,321
│    └─SandwichLin: 2-8                  [1, 2]                    135
├─Sequential: 1-2                        [1, 2]                    (recursive)
│    └─SandwichFc: 2-9                   [1, 64]                   (recursive)
│    └─SandwichFc: 2-10                  [1, 64]                   (recursive)
│    └─SandwichFc: 2-11                  [1, 64]                   (recursive)
│    └─SandwichFc: 2-12                  [1, 64]                   (recursive)
│    └─SandwichFc: 2-13                  [1, 64]                   (recursive)
│    └─SandwichFc: 2-14                  [1, 64]                   (recursive)
│    └─SandwichFc: 2-15                  [1, 64]                   (recursive)
│    └─SandwichLin: 2-16                 [1, 2]                    (recursive)
==========================================================================================
Total params: 54,552
Trainable params: 54,542
Non-trainable params: 10
Total mult-adds (Units.MEGABYTES): 0.11
==========================================================================================
Input size (MB): 0.00
Forward/backward pass size (MB): 0.01
Params size (MB): 0.22
Estimated Total Size (MB): 0.23
==========================================================================================
==> Saving initial model weights...
==> Start training...
==> Number of param_groups in optimizer: 1
Epoch: 001 | Train Loss: 0.1381891 | Grad norm: 0.256334 | Time: 4s682ms
Epoch: 001 | Test Loss: 0.1366199 | Time: 636ms
==> Save the model at epoch 001 with test loss 0.1366199
Epoch: 002 | Train Loss: 0.0179953 | Grad norm: 0.158401 | Time: 4s279ms
Epoch: 002 | Test Loss: 0.0110485 | Time: 629ms
==> Save the model at epoch 002 with test loss 0.0110485
Epoch: 003 | Train Loss: 0.0119066 | Grad norm: 0.101089 | Time: 4s354ms
Epoch: 003 | Test Loss: 0.0120546 | Time: 696ms
Epoch: 004 | Train Loss: 0.0127724 | Grad norm: 0.132671 | Time: 4s91ms
Epoch: 004 | Test Loss: 0.0114809 | Time: 617ms
Epoch: 005 | Train Loss: 0.0129091 | Grad norm: 0.115325 | Time: 4s286ms
Epoch: 005 | Test Loss: 0.0103825 | Time: 621ms
==> Save the model at epoch 005 with test loss 0.0103825
Epoch: 006 | Train Loss: 0.0117379 | Grad norm: 0.078212 | Time: 4s190ms
Epoch: 006 | Test Loss: 0.0103630 | Time: 620ms
==> Save the model at epoch 006 with test loss 0.0103630
Epoch: 007 | Train Loss: 0.0119901 | Grad norm: 0.085782 | Time: 4s180ms
Epoch: 007 | Test Loss: 0.0112129 | Time: 699ms
Epoch: 008 | Train Loss: 0.0113621 | Grad norm: 0.063808 | Time: 4s163ms
Epoch: 008 | Test Loss: 0.0100676 | Time: 635ms
==> Save the model at epoch 008 with test loss 0.0100676
Epoch: 009 | Train Loss: 0.0115286 | Grad norm: 0.062181 | Time: 4s123ms
Epoch: 009 | Test Loss: 0.0102530 | Time: 617ms
Epoch: 010 | Train Loss: 0.0110427 | Grad norm: 0.046574 | Time: 4s226ms
Epoch: 010 | Test Loss: 0.0104581 | Time: 632ms
Epoch: 011 | Train Loss: 0.0110616 | Grad norm: 0.048600 | Time: 4s195ms
Epoch: 011 | Test Loss: 0.0106765 | Time: 693ms
Epoch: 012 | Train Loss: 0.0109534 | Grad norm: 0.044125 | Time: 4s103ms
Epoch: 012 | Test Loss: 0.0098578 | Time: 630ms
==> Save the model at epoch 012 with test loss 0.0098578
Epoch: 013 | Train Loss: 0.0107218 | Grad norm: 0.038886 | Time: 4s24ms
Epoch: 013 | Test Loss: 0.0101137 | Time: 625ms
Epoch: 014 | Train Loss: 0.0106641 | Grad norm: 0.040131 | Time: 4s98ms
Epoch: 014 | Test Loss: 0.0096704 | Time: 634ms
==> Save the model at epoch 014 with test loss 0.0096704
Epoch: 015 | Train Loss: 0.0104239 | Grad norm: 0.036932 | Time: 4s47ms
Epoch: 015 | Test Loss: 0.0098248 | Time: 688ms
Epoch: 016 | Train Loss: 0.0103820 | Grad norm: 0.035513 | Time: 4s109ms
Epoch: 016 | Test Loss: 0.0093033 | Time: 625ms
==> Save the model at epoch 016 with test loss 0.0093033
Epoch: 017 | Train Loss: 0.0102673 | Grad norm: 0.035714 | Time: 4s8ms
Epoch: 017 | Test Loss: 0.0099649 | Time: 619ms
Epoch: 018 | Train Loss: 0.0107549 | Grad norm: 0.050267 | Time: 4s106ms
Epoch: 018 | Test Loss: 0.0101336 | Time: 620ms
Epoch: 019 | Train Loss: 0.0101829 | Grad norm: 0.034611 | Time: 4s280ms
Epoch: 019 | Test Loss: 0.0094829 | Time: 623ms
Epoch: 020 | Train Loss: 0.0101041 | Grad norm: 0.036151 | Time: 4s26ms
Epoch: 020 | Test Loss: 0.0090899 | Time: 630ms
==> Save the model at epoch 020 with test loss 0.0090899
Epoch: 021 | Train Loss: 0.0099023 | Grad norm: 0.031344 | Time: 4s37ms
Epoch: 021 | Test Loss: 0.0092792 | Time: 634ms
Epoch: 022 | Train Loss: 0.0098862 | Grad norm: 0.035567 | Time: 4s233ms
Epoch: 022 | Test Loss: 0.0090289 | Time: 632ms
==> Save the model at epoch 022 with test loss 0.0090289
Epoch: 023 | Train Loss: 0.0098404 | Grad norm: 0.032510 | Time: 4s155ms
Epoch: 023 | Test Loss: 0.0091404 | Time: 620ms
Epoch: 024 | Train Loss: 0.0095279 | Grad norm: 0.029821 | Time: 3s902ms
Epoch: 024 | Test Loss: 0.0094456 | Time: 625ms
Epoch: 025 | Train Loss: 0.0094581 | Grad norm: 0.030113 | Time: 3s970ms
Epoch: 025 | Test Loss: 0.0091440 | Time: 617ms
Epoch: 026 | Train Loss: 0.0094162 | Grad norm: 0.031112 | Time: 4s159ms
Epoch: 026 | Test Loss: 0.0086879 | Time: 626ms
==> Save the model at epoch 026 with test loss 0.0086879
Epoch: 027 | Train Loss: 0.0093127 | Grad norm: 0.030142 | Time: 4s293ms
Epoch: 027 | Test Loss: 0.0087551 | Time: 630ms
Epoch: 028 | Train Loss: 0.0092106 | Grad norm: 0.031738 | Time: 3s991ms
Epoch: 028 | Test Loss: 0.0088793 | Time: 622ms
Epoch: 029 | Train Loss: 0.0090310 | Grad norm: 0.029060 | Time: 4s148ms
Epoch: 029 | Test Loss: 0.0085216 | Time: 619ms
==> Save the model at epoch 029 with test loss 0.0085216
Epoch: 030 | Train Loss: 0.0090365 | Grad norm: 0.030109 | Time: 4s18ms
Epoch: 030 | Test Loss: 0.0084870 | Time: 617ms
==> Save the model at epoch 030 with test loss 0.0084870
Epoch: 031 | Train Loss: 0.0088615 | Grad norm: 0.027460 | Time: 4s137ms
Epoch: 031 | Test Loss: 0.0083260 | Time: 628ms
==> Save the model at epoch 031 with test loss 0.0083260
Epoch: 032 | Train Loss: 0.0087544 | Grad norm: 0.025939 | Time: 4s495ms
Epoch: 032 | Test Loss: 0.0083549 | Time: 642ms
Epoch: 033 | Train Loss: 0.0086543 | Grad norm: 0.029448 | Time: 3s978ms
Epoch: 033 | Test Loss: 0.0081628 | Time: 625ms
==> Save the model at epoch 033 with test loss 0.0081628
Epoch: 034 | Train Loss: 0.0085884 | Grad norm: 0.026566 | Time: 4s180ms
Epoch: 034 | Test Loss: 0.0082214 | Time: 629ms
Epoch: 035 | Train Loss: 0.0084938 | Grad norm: 0.024254 | Time: 4s116ms
Epoch: 035 | Test Loss: 0.0081447 | Time: 646ms
==> Save the model at epoch 035 with test loss 0.0081447
Epoch: 036 | Train Loss: 0.0084407 | Grad norm: 0.023722 | Time: 4s22ms
Epoch: 036 | Test Loss: 0.0081120 | Time: 638ms
==> Save the model at epoch 036 with test loss 0.0081120
Epoch: 037 | Train Loss: 0.0083682 | Grad norm: 0.023353 | Time: 3s993ms
Epoch: 037 | Test Loss: 0.0080498 | Time: 622ms
==> Save the model at epoch 037 with test loss 0.0080498
Epoch: 038 | Train Loss: 0.0083454 | Grad norm: 0.022503 | Time: 4s112ms
Epoch: 038 | Test Loss: 0.0080308 | Time: 704ms
==> Save the model at epoch 038 with test loss 0.0080308
Epoch: 039 | Train Loss: 0.0082935 | Grad norm: 0.021506 | Time: 3s825ms
Epoch: 039 | Test Loss: 0.0079885 | Time: 642ms
==> Save the model at epoch 039 with test loss 0.0079885
Epoch: 040 | Train Loss: 0.0082684 | Grad norm: 0.021899 | Time: 3s971ms
Epoch: 040 | Test Loss: 0.0079802 | Time: 631ms
==> Save the model at epoch 040 with test loss 0.0079802
Total time: 3m10s
==> Saving trained model weights...
==> Input bias to be applied to the neural network (trained):
[0. 0. 0. 0.]
==> Input transform to be applied to the neural network (trained):
[0.7072636  0.72212595 0.6760411  0.67349136]
==> Output transform to be applied to the neural network (trained):
[0.2287 0.2871]
==> Saving training info...
==> Drawing training loss...
==> Drawing grad norm...
==> Drawing testing loss...
==> Process finished.
