==> torch device:  cuda:3
==> Test-Train split: test_ratio = 0.20
==> Test-Train split seed:  None
==> Further split: further_train_ratio = 1.00
==> Further split seed:  None
==> Input bias to be applied to the neural network:
[0. 0.]
==> Input transform to be applied to the neural network:
[0.5123476 0.5241365]
==> Ouput transform to be applied to the neural network:
[1.908  1.9349]
==> Evaluating model...
==========================================================================================
Layer (type:depth-idx)                   Output Shape              Param #
==========================================================================================
NeuralNetwork                            [1, 2]                    6
├─Sequential: 1-1                        [1, 2]                    --
│    └─Linear: 2-1                       [1, 64]                   192
│    └─ReLU: 2-2                         [1, 64]                   --
│    └─Linear: 2-3                       [1, 64]                   4,160
│    └─ReLU: 2-4                         [1, 64]                   --
│    └─Linear: 2-5                       [1, 64]                   4,160
│    └─ReLU: 2-6                         [1, 64]                   --
│    └─Linear: 2-7                       [1, 64]                   4,160
│    └─ReLU: 2-8                         [1, 64]                   --
│    └─Linear: 2-9                       [1, 64]                   4,160
│    └─ReLU: 2-10                        [1, 64]                   --
│    └─Linear: 2-11                      [1, 64]                   4,160
│    └─ReLU: 2-12                        [1, 64]                   --
│    └─Linear: 2-13                      [1, 64]                   4,160
│    └─ReLU: 2-14                        [1, 64]                   --
│    └─Linear: 2-15                      [1, 2]                    130
├─Sequential: 1-2                        [1, 2]                    (recursive)
│    └─Linear: 2-16                      [1, 64]                   (recursive)
│    └─ReLU: 2-17                        [1, 64]                   --
│    └─Linear: 2-18                      [1, 64]                   (recursive)
│    └─ReLU: 2-19                        [1, 64]                   --
│    └─Linear: 2-20                      [1, 64]                   (recursive)
│    └─ReLU: 2-21                        [1, 64]                   --
│    └─Linear: 2-22                      [1, 64]                   (recursive)
│    └─ReLU: 2-23                        [1, 64]                   --
│    └─Linear: 2-24                      [1, 64]                   (recursive)
│    └─ReLU: 2-25                        [1, 64]                   --
│    └─Linear: 2-26                      [1, 64]                   (recursive)
│    └─ReLU: 2-27                        [1, 64]                   --
│    └─Linear: 2-28                      [1, 64]                   (recursive)
│    └─ReLU: 2-29                        [1, 64]                   --
│    └─Linear: 2-30                      [1, 2]                    (recursive)
==========================================================================================
Total params: 25,288
Trainable params: 25,282
Non-trainable params: 6
Total mult-adds (Units.MEGABYTES): 0.05
==========================================================================================
Input size (MB): 0.00
Forward/backward pass size (MB): 0.01
Params size (MB): 0.10
Estimated Total Size (MB): 0.11
==========================================================================================
==> Saving initial model weights...
==> Start training...
==> Number of param_groups in optimizer: 1
Epoch: 001 | Train Loss: 7.3779474 | Grad norm: 0.204701 | Time: 5s180ms
Epoch: 001 | Test Loss: 7.4028972 | Time: 574ms
==> Save the model at epoch 001 with test loss 7.4028972
Epoch: 002 | Train Loss: 1.5918298 | Grad norm: 1.270002 | Time: 5s254ms
Epoch: 002 | Test Loss: 0.0145576 | Time: 569ms
==> Save the model at epoch 002 with test loss 0.0145576
Epoch: 003 | Train Loss: 0.0057258 | Grad norm: 0.368266 | Time: 5s40ms
Epoch: 003 | Test Loss: 0.0024659 | Time: 587ms
==> Save the model at epoch 003 with test loss 0.0024659
Epoch: 004 | Train Loss: 0.0021206 | Grad norm: 0.368967 | Time: 5s339ms
Epoch: 004 | Test Loss: 0.0014026 | Time: 665ms
==> Save the model at epoch 004 with test loss 0.0014026
Epoch: 005 | Train Loss: 0.0019487 | Grad norm: 0.494717 | Time: 4s891ms
Epoch: 005 | Test Loss: 0.0014289 | Time: 570ms
Epoch: 006 | Train Loss: 0.0020306 | Grad norm: 0.511429 | Time: 5s121ms
Epoch: 006 | Test Loss: 0.0010740 | Time: 561ms
==> Save the model at epoch 006 with test loss 0.0010740
Epoch: 007 | Train Loss: 0.0017805 | Grad norm: 0.496608 | Time: 5s188ms
Epoch: 007 | Test Loss: 0.0013378 | Time: 545ms
Epoch: 008 | Train Loss: 0.0017105 | Grad norm: 0.440134 | Time: 5s117ms
Epoch: 008 | Test Loss: 0.0008875 | Time: 563ms
==> Save the model at epoch 008 with test loss 0.0008875
Epoch: 009 | Train Loss: 0.0030914 | Grad norm: 0.570870 | Time: 5s179ms
Epoch: 009 | Test Loss: 0.0010664 | Time: 549ms
Epoch: 010 | Train Loss: 0.0015875 | Grad norm: 0.396530 | Time: 5s325ms
Epoch: 010 | Test Loss: 0.0018706 | Time: 558ms
Epoch: 011 | Train Loss: 0.0012570 | Grad norm: 0.315754 | Time: 5s212ms
Epoch: 011 | Test Loss: 0.0016664 | Time: 641ms
Epoch: 012 | Train Loss: 0.0011940 | Grad norm: 0.299570 | Time: 5s129ms
Epoch: 012 | Test Loss: 0.0011707 | Time: 580ms
Epoch: 013 | Train Loss: 0.0013061 | Grad norm: 0.315710 | Time: 5s256ms
Epoch: 013 | Test Loss: 0.0010834 | Time: 594ms
Epoch: 014 | Train Loss: 0.0013855 | Grad norm: 0.347408 | Time: 5s394ms
Epoch: 014 | Test Loss: 0.0010318 | Time: 569ms
Epoch: 015 | Train Loss: 0.0019300 | Grad norm: 0.396510 | Time: 5s110ms
Epoch: 015 | Test Loss: 0.0010109 | Time: 569ms
Epoch: 016 | Train Loss: 0.0010858 | Grad norm: 0.249803 | Time: 5s
Epoch: 016 | Test Loss: 0.0012104 | Time: 567ms
Epoch: 017 | Train Loss: 0.0012245 | Grad norm: 0.281461 | Time: 4s969ms
Epoch: 017 | Test Loss: 0.0008619 | Time: 589ms
==> Save the model at epoch 017 with test loss 0.0008619
Epoch: 018 | Train Loss: 0.0010689 | Grad norm: 0.244037 | Time: 5s163ms
Epoch: 018 | Test Loss: 0.0008275 | Time: 567ms
==> Save the model at epoch 018 with test loss 0.0008275
Epoch: 019 | Train Loss: 0.0010542 | Grad norm: 0.244254 | Time: 5s281ms
Epoch: 019 | Test Loss: 0.0012743 | Time: 568ms
Epoch: 020 | Train Loss: 0.0009951 | Grad norm: 0.225806 | Time: 5s170ms
Epoch: 020 | Test Loss: 0.0007614 | Time: 597ms
==> Save the model at epoch 020 with test loss 0.0007614
Epoch: 021 | Train Loss: 0.0010209 | Grad norm: 0.234312 | Time: 5s166ms
Epoch: 021 | Test Loss: 0.0007454 | Time: 650ms
==> Save the model at epoch 021 with test loss 0.0007454
Epoch: 022 | Train Loss: 0.0010178 | Grad norm: 0.237675 | Time: 5s437ms
Epoch: 022 | Test Loss: 0.0007569 | Time: 556ms
Epoch: 023 | Train Loss: 0.0008689 | Grad norm: 0.181208 | Time: 5s112ms
Epoch: 023 | Test Loss: 0.0015357 | Time: 603ms
Epoch: 024 | Train Loss: 0.0008545 | Grad norm: 0.179512 | Time: 5s147ms
Epoch: 024 | Test Loss: 0.0009767 | Time: 558ms
Epoch: 025 | Train Loss: 0.0009431 | Grad norm: 0.202960 | Time: 4s975ms
Epoch: 025 | Test Loss: 0.0007608 | Time: 592ms
Epoch: 026 | Train Loss: 0.0007937 | Grad norm: 0.154093 | Time: 5s274ms
Epoch: 026 | Test Loss: 0.0007292 | Time: 569ms
==> Save the model at epoch 026 with test loss 0.0007292
Epoch: 027 | Train Loss: 0.0007706 | Grad norm: 0.145440 | Time: 5s71ms
Epoch: 027 | Test Loss: 0.0009128 | Time: 565ms
Epoch: 028 | Train Loss: 0.0007456 | Grad norm: 0.136701 | Time: 5s107ms
Epoch: 028 | Test Loss: 0.0010399 | Time: 643ms
Epoch: 029 | Train Loss: 0.0007493 | Grad norm: 0.143556 | Time: 4s878ms
Epoch: 029 | Test Loss: 0.0008079 | Time: 571ms
Epoch: 030 | Train Loss: 0.0007200 | Grad norm: 0.128754 | Time: 5s244ms
Epoch: 030 | Test Loss: 0.0007554 | Time: 578ms
Epoch: 031 | Train Loss: 0.0006849 | Grad norm: 0.102458 | Time: 5s346ms
Epoch: 031 | Test Loss: 0.0006905 | Time: 572ms
==> Save the model at epoch 031 with test loss 0.0006905
Epoch: 032 | Train Loss: 0.0006808 | Grad norm: 0.105865 | Time: 5s153ms
Epoch: 032 | Test Loss: 0.0007345 | Time: 582ms
Epoch: 033 | Train Loss: 0.0006714 | Grad norm: 0.099258 | Time: 5s37ms
Epoch: 033 | Test Loss: 0.0006441 | Time: 623ms
==> Save the model at epoch 033 with test loss 0.0006441
Epoch: 034 | Train Loss: 0.0006507 | Grad norm: 0.084883 | Time: 5s413ms
Epoch: 034 | Test Loss: 0.0006281 | Time: 579ms
==> Save the model at epoch 034 with test loss 0.0006281
Epoch: 035 | Train Loss: 0.0006421 | Grad norm: 0.078619 | Time: 5s194ms
Epoch: 035 | Test Loss: 0.0006424 | Time: 660ms
Epoch: 036 | Train Loss: 0.0006244 | Grad norm: 0.062009 | Time: 5s108ms
Epoch: 036 | Test Loss: 0.0006195 | Time: 569ms
==> Save the model at epoch 036 with test loss 0.0006195
Epoch: 037 | Train Loss: 0.0006169 | Grad norm: 0.055734 | Time: 5s202ms
Epoch: 037 | Test Loss: 0.0006350 | Time: 564ms
Epoch: 038 | Train Loss: 0.0006135 | Grad norm: 0.053652 | Time: 5s207ms
Epoch: 038 | Test Loss: 0.0006117 | Time: 641ms
==> Save the model at epoch 038 with test loss 0.0006117
Epoch: 039 | Train Loss: 0.0006062 | Grad norm: 0.043257 | Time: 5s227ms
Epoch: 039 | Test Loss: 0.0006068 | Time: 584ms
==> Save the model at epoch 039 with test loss 0.0006068
Epoch: 040 | Train Loss: 0.0006028 | Grad norm: 0.038092 | Time: 5s294ms
Epoch: 040 | Test Loss: 0.0006034 | Time: 581ms
==> Save the model at epoch 040 with test loss 0.0006034
Total time: 3m50s
==> Saving trained model weights...
==> Input bias to be applied to the neural network (trained):
[0. 0.]
==> Input transform to be applied to the neural network (trained):
[0.5123476 0.5241365]
==> Output transform to be applied to the neural network (trained):
[1.908  1.9349]
==> Saving training info...
==> Drawing training loss...
==> Drawing grad norm...
==> Drawing testing loss...
==> Process finished.
