==> torch device:  cuda:2
==> Test-Train split: test_ratio = 0.20
==> Test-Train split seed:  None
==> Further split: further_train_ratio = 0.50
==> Further split seed:  None
==> Input bias to be applied to the neural network:
[0. 0.]
==> Input transform to be applied to the neural network:
[0.5090095 0.5090095]
==> Ouput transform to be applied to the neural network:
[3.9366 3.9363]
==> Evaluating model...
==========================================================================================
Layer (type:depth-idx)                   Output Shape              Param #
==========================================================================================
NeuralNetwork                            [1, 2]                    6
├─Sequential: 1-1                        [1, 2]                    --
│    └─Linear: 2-1                       [1, 64]                   192
│    └─ReLU: 2-2                         [1, 64]                   --
│    └─Linear: 2-3                       [1, 64]                   4,160
│    └─ReLU: 2-4                         [1, 64]                   --
│    └─Linear: 2-5                       [1, 64]                   4,160
│    └─ReLU: 2-6                         [1, 64]                   --
│    └─Linear: 2-7                       [1, 64]                   4,160
│    └─ReLU: 2-8                         [1, 64]                   --
│    └─Linear: 2-9                       [1, 64]                   4,160
│    └─ReLU: 2-10                        [1, 64]                   --
│    └─Linear: 2-11                      [1, 64]                   4,160
│    └─ReLU: 2-12                        [1, 64]                   --
│    └─Linear: 2-13                      [1, 64]                   4,160
│    └─ReLU: 2-14                        [1, 64]                   --
│    └─Linear: 2-15                      [1, 2]                    130
├─Sequential: 1-2                        [1, 2]                    (recursive)
│    └─Linear: 2-16                      [1, 64]                   (recursive)
│    └─ReLU: 2-17                        [1, 64]                   --
│    └─Linear: 2-18                      [1, 64]                   (recursive)
│    └─ReLU: 2-19                        [1, 64]                   --
│    └─Linear: 2-20                      [1, 64]                   (recursive)
│    └─ReLU: 2-21                        [1, 64]                   --
│    └─Linear: 2-22                      [1, 64]                   (recursive)
│    └─ReLU: 2-23                        [1, 64]                   --
│    └─Linear: 2-24                      [1, 64]                   (recursive)
│    └─ReLU: 2-25                        [1, 64]                   --
│    └─Linear: 2-26                      [1, 64]                   (recursive)
│    └─ReLU: 2-27                        [1, 64]                   --
│    └─Linear: 2-28                      [1, 64]                   (recursive)
│    └─ReLU: 2-29                        [1, 64]                   --
│    └─Linear: 2-30                      [1, 2]                    (recursive)
==========================================================================================
Total params: 25,288
Trainable params: 25,282
Non-trainable params: 6
Total mult-adds (Units.MEGABYTES): 0.05
==========================================================================================
Input size (MB): 0.00
Forward/backward pass size (MB): 0.01
Params size (MB): 0.10
Estimated Total Size (MB): 0.11
==========================================================================================
==> Saving initial model weights...
==> Start training...
==> Number of param_groups in optimizer: 1
Epoch: 001 | Train Loss: 31.1966084 | Grad norm: 1.230317 | Time: 2s397ms
Epoch: 001 | Test Loss: 30.8346523 | Time: 464ms
==> Save the model at epoch 001 with test loss 30.8346523
Epoch: 002 | Train Loss: 13.2151051 | Grad norm: 6.291337 | Time: 2s158ms
Epoch: 002 | Test Loss: 0.1565349 | Time: 595ms
==> Save the model at epoch 002 with test loss 0.1565349
Epoch: 003 | Train Loss: 0.1547065 | Grad norm: 4.542507 | Time: 2s215ms
Epoch: 003 | Test Loss: 0.1083967 | Time: 493ms
==> Save the model at epoch 003 with test loss 0.1083967
Epoch: 004 | Train Loss: 0.2138413 | Grad norm: 5.890358 | Time: 2s95ms
Epoch: 004 | Test Loss: 0.0969443 | Time: 469ms
==> Save the model at epoch 004 with test loss 0.0969443
Epoch: 005 | Train Loss: 0.2932532 | Grad norm: 7.106326 | Time: 2s92ms
Epoch: 005 | Test Loss: 0.3430550 | Time: 463ms
Epoch: 006 | Train Loss: 0.2662412 | Grad norm: 6.669389 | Time: 2s127ms
Epoch: 006 | Test Loss: 0.2997230 | Time: 529ms
Epoch: 007 | Train Loss: 0.3900111 | Grad norm: 8.139447 | Time: 2s78ms
Epoch: 007 | Test Loss: 0.2582861 | Time: 465ms
Epoch: 008 | Train Loss: 0.3644282 | Grad norm: 7.976696 | Time: 2s208ms
Epoch: 008 | Test Loss: 0.2739883 | Time: 478ms
Epoch: 009 | Train Loss: 0.4224066 | Grad norm: 8.601556 | Time: 2s12ms
Epoch: 009 | Test Loss: 0.1781461 | Time: 483ms
Epoch: 010 | Train Loss: 0.4043566 | Grad norm: 8.431725 | Time: 2s133ms
Epoch: 010 | Test Loss: 0.2266467 | Time: 567ms
Epoch: 011 | Train Loss: 0.3278321 | Grad norm: 7.497709 | Time: 1s998ms
Epoch: 011 | Test Loss: 0.6394801 | Time: 472ms
Epoch: 012 | Train Loss: 0.3147507 | Grad norm: 7.283136 | Time: 2s185ms
Epoch: 012 | Test Loss: 0.2801463 | Time: 488ms
Epoch: 013 | Train Loss: 0.2758214 | Grad norm: 6.783832 | Time: 2s258ms
Epoch: 013 | Test Loss: 0.2279101 | Time: 462ms
Epoch: 014 | Train Loss: 0.2562932 | Grad norm: 6.372655 | Time: 2s93ms
Epoch: 014 | Test Loss: 0.1210149 | Time: 470ms
Epoch: 015 | Train Loss: 0.2339254 | Grad norm: 6.233730 | Time: 2s40ms
Epoch: 015 | Test Loss: 0.1420361 | Time: 483ms
Epoch: 016 | Train Loss: 0.2216197 | Grad norm: 5.909906 | Time: 2s174ms
Epoch: 016 | Test Loss: 0.2601717 | Time: 502ms
Epoch: 017 | Train Loss: 0.1705608 | Grad norm: 5.008634 | Time: 2s173ms
Epoch: 017 | Test Loss: 0.1451799 | Time: 467ms
Epoch: 018 | Train Loss: 0.1852891 | Grad norm: 5.291916 | Time: 2s194ms
Epoch: 018 | Test Loss: 0.1316516 | Time: 581ms
Epoch: 019 | Train Loss: 0.1947258 | Grad norm: 5.555400 | Time: 2s72ms
Epoch: 019 | Test Loss: 0.1204938 | Time: 464ms
Epoch: 020 | Train Loss: 0.1265118 | Grad norm: 4.124721 | Time: 2s257ms
Epoch: 020 | Test Loss: 0.1082375 | Time: 467ms
Epoch: 021 | Train Loss: 0.1165897 | Grad norm: 3.934451 | Time: 2s98ms
Epoch: 021 | Test Loss: 0.0726460 | Time: 500ms
==> Save the model at epoch 021 with test loss 0.0726460
Epoch: 022 | Train Loss: 0.1169657 | Grad norm: 4.032716 | Time: 2s134ms
Epoch: 022 | Test Loss: 0.1494368 | Time: 465ms
Epoch: 023 | Train Loss: 0.1157701 | Grad norm: 4.012113 | Time: 2s123ms
Epoch: 023 | Test Loss: 0.1698617 | Time: 476ms
Epoch: 024 | Train Loss: 0.1091772 | Grad norm: 3.749513 | Time: 2s25ms
Epoch: 024 | Test Loss: 0.0464183 | Time: 469ms
==> Save the model at epoch 024 with test loss 0.0464183
Epoch: 025 | Train Loss: 0.0918399 | Grad norm: 3.404625 | Time: 2s147ms
Epoch: 025 | Test Loss: 0.0905987 | Time: 494ms
Epoch: 026 | Train Loss: 0.0745231 | Grad norm: 2.853242 | Time: 2s259ms
Epoch: 026 | Test Loss: 0.0505939 | Time: 569ms
Epoch: 027 | Train Loss: 0.0657556 | Grad norm: 2.687722 | Time: 2s56ms
Epoch: 027 | Test Loss: 0.0700752 | Time: 474ms
Epoch: 028 | Train Loss: 0.0532512 | Grad norm: 2.200548 | Time: 2s23ms
Epoch: 028 | Test Loss: 0.0508424 | Time: 475ms
Epoch: 029 | Train Loss: 0.0517830 | Grad norm: 2.173369 | Time: 2s371ms
Epoch: 029 | Test Loss: 0.0315531 | Time: 467ms
==> Save the model at epoch 029 with test loss 0.0315531
Epoch: 030 | Train Loss: 0.0439796 | Grad norm: 1.922187 | Time: 2s159ms
Epoch: 030 | Test Loss: 0.0466107 | Time: 476ms
Epoch: 031 | Train Loss: 0.0404876 | Grad norm: 1.697753 | Time: 2s104ms
Epoch: 031 | Test Loss: 0.0402913 | Time: 489ms
Epoch: 032 | Train Loss: 0.0381228 | Grad norm: 1.711466 | Time: 2s321ms
Epoch: 032 | Test Loss: 0.0322932 | Time: 496ms
Epoch: 033 | Train Loss: 0.0337633 | Grad norm: 1.387333 | Time: 2s172ms
Epoch: 033 | Test Loss: 0.0306358 | Time: 511ms
==> Save the model at epoch 033 with test loss 0.0306358
Epoch: 034 | Train Loss: 0.0293309 | Grad norm: 1.246385 | Time: 2s386ms
Epoch: 034 | Test Loss: 0.0272743 | Time: 574ms
==> Save the model at epoch 034 with test loss 0.0272743
Epoch: 035 | Train Loss: 0.0258478 | Grad norm: 1.026448 | Time: 2s328ms
Epoch: 035 | Test Loss: 0.0298794 | Time: 495ms
Epoch: 036 | Train Loss: 0.0271826 | Grad norm: 1.042540 | Time: 2s346ms
Epoch: 036 | Test Loss: 0.0236720 | Time: 503ms
==> Save the model at epoch 036 with test loss 0.0236720
Epoch: 037 | Train Loss: 0.0252989 | Grad norm: 0.918041 | Time: 2s322ms
Epoch: 037 | Test Loss: 0.0224323 | Time: 515ms
==> Save the model at epoch 037 with test loss 0.0224323
Epoch: 038 | Train Loss: 0.0233630 | Grad norm: 0.740583 | Time: 2s109ms
Epoch: 038 | Test Loss: 0.0201817 | Time: 497ms
==> Save the model at epoch 038 with test loss 0.0201817
Epoch: 039 | Train Loss: 0.0224789 | Grad norm: 0.686096 | Time: 2s122ms
Epoch: 039 | Test Loss: 0.0207341 | Time: 607ms
Epoch: 040 | Train Loss: 0.0225067 | Grad norm: 0.636458 | Time: 2s399ms
Epoch: 040 | Test Loss: 0.0203080 | Time: 565ms
Total time: 1m47s
==> Saving trained model weights...
==> Input bias to be applied to the neural network (trained):
[0. 0.]
==> Input transform to be applied to the neural network (trained):
[0.5090095 0.5090095]
==> Output transform to be applied to the neural network (trained):
[3.9366 3.9363]
==> Saving training info...
==> Drawing training loss...
==> Drawing grad norm...
==> Drawing testing loss...
==> Process finished.
