==> torch device:  cuda:0
==> Test-Train split: test_ratio = 0.20
==> Test-Train split seed:  None
==> Further split: further_train_ratio = 0.25
==> Further split seed:  None
==> Input bias to be applied to the neural network:
[0. 0.]
==> Input transform to be applied to the neural network:
[0.5090095 0.5090095]
==> Ouput transform to be applied to the neural network:
[3.9366 3.9363]
==> Evaluating model...
==========================================================================================
Layer (type:depth-idx)                   Output Shape              Param #
==========================================================================================
NeuralNetwork                            [1, 2]                    6
├─Sequential: 1-1                        [1, 2]                    --
│    └─Linear: 2-1                       [1, 64]                   192
│    └─ReLU: 2-2                         [1, 64]                   --
│    └─Linear: 2-3                       [1, 64]                   4,160
│    └─ReLU: 2-4                         [1, 64]                   --
│    └─Linear: 2-5                       [1, 64]                   4,160
│    └─ReLU: 2-6                         [1, 64]                   --
│    └─Linear: 2-7                       [1, 64]                   4,160
│    └─ReLU: 2-8                         [1, 64]                   --
│    └─Linear: 2-9                       [1, 64]                   4,160
│    └─ReLU: 2-10                        [1, 64]                   --
│    └─Linear: 2-11                      [1, 64]                   4,160
│    └─ReLU: 2-12                        [1, 64]                   --
│    └─Linear: 2-13                      [1, 64]                   4,160
│    └─ReLU: 2-14                        [1, 64]                   --
│    └─Linear: 2-15                      [1, 2]                    130
├─Sequential: 1-2                        [1, 2]                    (recursive)
│    └─Linear: 2-16                      [1, 64]                   (recursive)
│    └─ReLU: 2-17                        [1, 64]                   --
│    └─Linear: 2-18                      [1, 64]                   (recursive)
│    └─ReLU: 2-19                        [1, 64]                   --
│    └─Linear: 2-20                      [1, 64]                   (recursive)
│    └─ReLU: 2-21                        [1, 64]                   --
│    └─Linear: 2-22                      [1, 64]                   (recursive)
│    └─ReLU: 2-23                        [1, 64]                   --
│    └─Linear: 2-24                      [1, 64]                   (recursive)
│    └─ReLU: 2-25                        [1, 64]                   --
│    └─Linear: 2-26                      [1, 64]                   (recursive)
│    └─ReLU: 2-27                        [1, 64]                   --
│    └─Linear: 2-28                      [1, 64]                   (recursive)
│    └─ReLU: 2-29                        [1, 64]                   --
│    └─Linear: 2-30                      [1, 2]                    (recursive)
==========================================================================================
Total params: 25,288
Trainable params: 25,282
Non-trainable params: 6
Total mult-adds (Units.MEGABYTES): 0.05
==========================================================================================
Input size (MB): 0.00
Forward/backward pass size (MB): 0.01
Params size (MB): 0.10
Estimated Total Size (MB): 0.11
==========================================================================================
==> Saving initial model weights...
==> Start training...
==> Number of param_groups in optimizer: 1
Epoch: 001 | Train Loss: 30.8641058 | Grad norm: 1.021864 | Time: 1s446ms
Epoch: 001 | Test Loss: 31.2815891 | Time: 583ms
==> Save the model at epoch 001 with test loss 31.2815891
Epoch: 002 | Train Loss: 7.3695280 | Grad norm: 13.307958 | Time: 1s177ms
Epoch: 002 | Test Loss: 0.0279578 | Time: 482ms
==> Save the model at epoch 002 with test loss 0.0279578
Epoch: 003 | Train Loss: 0.0447559 | Grad norm: 4.649597 | Time: 1s101ms
Epoch: 003 | Test Loss: 0.0339285 | Time: 526ms
Epoch: 004 | Train Loss: 0.0614002 | Grad norm: 5.297042 | Time: 1s106ms
Epoch: 004 | Test Loss: 0.0446600 | Time: 452ms
Epoch: 005 | Train Loss: 0.0932709 | Grad norm: 6.421520 | Time: 1s134ms
Epoch: 005 | Test Loss: 0.0537492 | Time: 465ms
Epoch: 006 | Train Loss: 0.1187129 | Grad norm: 7.010878 | Time: 1s249ms
Epoch: 006 | Test Loss: 0.2166371 | Time: 454ms
Epoch: 007 | Train Loss: 0.1433254 | Grad norm: 7.807099 | Time: 1s61ms
Epoch: 007 | Test Loss: 0.0589883 | Time: 538ms
Epoch: 008 | Train Loss: 0.1496553 | Grad norm: 8.208895 | Time: 1s22ms
Epoch: 008 | Test Loss: 0.1593010 | Time: 451ms
Epoch: 009 | Train Loss: 0.1825842 | Grad norm: 8.983489 | Time: 1s38ms
Epoch: 009 | Test Loss: 0.1353516 | Time: 471ms
Epoch: 010 | Train Loss: 0.1611919 | Grad norm: 8.703183 | Time: 1s51ms
Epoch: 010 | Test Loss: 0.1919976 | Time: 450ms
Epoch: 011 | Train Loss: 0.1561648 | Grad norm: 8.165679 | Time: 1s57ms
Epoch: 011 | Test Loss: 0.1720460 | Time: 520ms
Epoch: 012 | Train Loss: 0.1622383 | Grad norm: 8.719778 | Time: 1s23ms
Epoch: 012 | Test Loss: 0.3823038 | Time: 462ms
Epoch: 013 | Train Loss: 0.1106133 | Grad norm: 7.119344 | Time: 1s83ms
Epoch: 013 | Test Loss: 0.0894719 | Time: 452ms
Epoch: 014 | Train Loss: 0.1074342 | Grad norm: 6.882788 | Time: 965ms
Epoch: 014 | Test Loss: 0.0564432 | Time: 449ms
Epoch: 015 | Train Loss: 0.1273207 | Grad norm: 7.503196 | Time: 1s26ms
Epoch: 015 | Test Loss: 0.1502883 | Time: 531ms
Epoch: 016 | Train Loss: 0.0782393 | Grad norm: 5.953862 | Time: 1s131ms
Epoch: 016 | Test Loss: 0.0288955 | Time: 466ms
Epoch: 017 | Train Loss: 0.0736209 | Grad norm: 5.347538 | Time: 1s29ms
Epoch: 017 | Test Loss: 0.1330168 | Time: 477ms
Epoch: 018 | Train Loss: 0.0879182 | Grad norm: 5.953623 | Time: 1s49ms
Epoch: 018 | Test Loss: 0.0905564 | Time: 449ms
Epoch: 019 | Train Loss: 0.0823056 | Grad norm: 5.946655 | Time: 1s139ms
Epoch: 019 | Test Loss: 0.0743689 | Time: 565ms
Epoch: 020 | Train Loss: 0.0634319 | Grad norm: 4.917008 | Time: 1s314ms
Epoch: 020 | Test Loss: 0.0222932 | Time: 488ms
==> Save the model at epoch 020 with test loss 0.0222932
Epoch: 021 | Train Loss: 0.0792715 | Grad norm: 5.587603 | Time: 1s67ms
Epoch: 021 | Test Loss: 0.0687111 | Time: 469ms
Epoch: 022 | Train Loss: 0.0508464 | Grad norm: 4.461885 | Time: 1s66ms
Epoch: 022 | Test Loss: 0.0512362 | Time: 458ms
Epoch: 023 | Train Loss: 0.0394604 | Grad norm: 3.701261 | Time: 1s10ms
Epoch: 023 | Test Loss: 0.0588705 | Time: 521ms
Epoch: 024 | Train Loss: 0.0320752 | Grad norm: 3.489916 | Time: 1s50ms
Epoch: 024 | Test Loss: 0.1332195 | Time: 454ms
Epoch: 025 | Train Loss: 0.0300905 | Grad norm: 3.239453 | Time: 1s187ms
Epoch: 025 | Test Loss: 0.0236017 | Time: 460ms
Epoch: 026 | Train Loss: 0.0203382 | Grad norm: 2.518889 | Time: 1s132ms
Epoch: 026 | Test Loss: 0.0124154 | Time: 451ms
==> Save the model at epoch 026 with test loss 0.0124154
Epoch: 027 | Train Loss: 0.0181887 | Grad norm: 2.266070 | Time: 1s62ms
Epoch: 027 | Test Loss: 0.0148558 | Time: 527ms
Epoch: 028 | Train Loss: 0.0183208 | Grad norm: 2.244092 | Time: 1s125ms
Epoch: 028 | Test Loss: 0.0204804 | Time: 455ms
Epoch: 029 | Train Loss: 0.0148576 | Grad norm: 1.803093 | Time: 1s94ms
Epoch: 029 | Test Loss: 0.0140558 | Time: 459ms
Epoch: 030 | Train Loss: 0.0163502 | Grad norm: 1.915861 | Time: 1s30ms
Epoch: 030 | Test Loss: 0.0219630 | Time: 449ms
Epoch: 031 | Train Loss: 0.0115973 | Grad norm: 1.406074 | Time: 1s132ms
Epoch: 031 | Test Loss: 0.0134634 | Time: 535ms
Epoch: 032 | Train Loss: 0.0094148 | Grad norm: 0.968116 | Time: 990ms
Epoch: 032 | Test Loss: 0.0095047 | Time: 468ms
==> Save the model at epoch 032 with test loss 0.0095047
Epoch: 033 | Train Loss: 0.0093512 | Grad norm: 1.002848 | Time: 1s25ms
Epoch: 033 | Test Loss: 0.0080900 | Time: 452ms
==> Save the model at epoch 033 with test loss 0.0080900
Epoch: 034 | Train Loss: 0.0080325 | Grad norm: 0.600315 | Time: 1s110ms
Epoch: 034 | Test Loss: 0.0087454 | Time: 447ms
Epoch: 035 | Train Loss: 0.0078385 | Grad norm: 0.548582 | Time: 1s73ms
Epoch: 035 | Test Loss: 0.0079020 | Time: 555ms
==> Save the model at epoch 035 with test loss 0.0079020
Epoch: 036 | Train Loss: 0.0075540 | Grad norm: 0.447956 | Time: 1s89ms
Epoch: 036 | Test Loss: 0.0077205 | Time: 454ms
==> Save the model at epoch 036 with test loss 0.0077205
Epoch: 037 | Train Loss: 0.0074258 | Grad norm: 0.396135 | Time: 1s50ms
Epoch: 037 | Test Loss: 0.0073570 | Time: 460ms
==> Save the model at epoch 037 with test loss 0.0073570
Epoch: 038 | Train Loss: 0.0072597 | Grad norm: 0.308543 | Time: 1s117ms
Epoch: 038 | Test Loss: 0.0073601 | Time: 469ms
Epoch: 039 | Train Loss: 0.0071764 | Grad norm: 0.248278 | Time: 1s151ms
Epoch: 039 | Test Loss: 0.0072802 | Time: 526ms
==> Save the model at epoch 039 with test loss 0.0072802
Epoch: 040 | Train Loss: 0.0071289 | Grad norm: 0.225649 | Time: 1s13ms
Epoch: 040 | Test Loss: 0.0072692 | Time: 468ms
==> Save the model at epoch 040 with test loss 0.0072692
Total time: 1m3s
==> Saving trained model weights...
==> Input bias to be applied to the neural network (trained):
[0. 0.]
==> Input transform to be applied to the neural network (trained):
[0.5090095 0.5090095]
==> Output transform to be applied to the neural network (trained):
[3.9366 3.9363]
==> Saving training info...
==> Drawing training loss...
==> Drawing grad norm...
==> Drawing testing loss...
==> Process finished.
