==> torch device:  cuda:1
==> Test-Train split: test_ratio = 0.20
==> Test-Train split seed:  None
==> Further split: further_train_ratio = 0.50
==> Further split seed:  None
==> Lipschitz constant: 4.00
==> Input bias to be applied to the neural network:
[0. 0.]
==> Input transform to be applied to the neural network:
[0.70987433 0.70987433]
==> Ouput transform to be applied to the neural network:
[2.8317 2.8316]
==> Evaluating model...
==========================================================================================
Layer (type:depth-idx)                   Output Shape              Param #
==========================================================================================
NeuralNetwork                            [1, 2]                    6
├─Sequential: 1-1                        [1, 2]                    --
│    └─SandwichFc: 2-1                   [1, 64]                   4,353
│    └─SandwichFc: 2-2                   [1, 64]                   8,321
│    └─SandwichFc: 2-3                   [1, 64]                   8,321
│    └─SandwichFc: 2-4                   [1, 64]                   8,321
│    └─SandwichFc: 2-5                   [1, 64]                   8,321
│    └─SandwichFc: 2-6                   [1, 64]                   8,321
│    └─SandwichFc: 2-7                   [1, 64]                   8,321
│    └─SandwichLin: 2-8                  [1, 2]                    135
├─Sequential: 1-2                        [1, 2]                    (recursive)
│    └─SandwichFc: 2-9                   [1, 64]                   (recursive)
│    └─SandwichFc: 2-10                  [1, 64]                   (recursive)
│    └─SandwichFc: 2-11                  [1, 64]                   (recursive)
│    └─SandwichFc: 2-12                  [1, 64]                   (recursive)
│    └─SandwichFc: 2-13                  [1, 64]                   (recursive)
│    └─SandwichFc: 2-14                  [1, 64]                   (recursive)
│    └─SandwichFc: 2-15                  [1, 64]                   (recursive)
│    └─SandwichLin: 2-16                 [1, 2]                    (recursive)
==========================================================================================
Total params: 54,420
Trainable params: 54,414
Non-trainable params: 6
Total mult-adds (Units.MEGABYTES): 0.11
==========================================================================================
Input size (MB): 0.00
Forward/backward pass size (MB): 0.01
Params size (MB): 0.22
Estimated Total Size (MB): 0.22
==========================================================================================
==> Saving initial model weights...
==> Start training...
==> Number of param_groups in optimizer: 1
Epoch: 001 | Train Loss: 16.0023471 | Grad norm: 19.601264 | Time: 8s749ms
Epoch: 001 | Test Loss: 15.7951704 | Time: 559ms
==> Save the model at epoch 001 with test loss 15.7951704
Epoch: 002 | Train Loss: 1.7289450 | Grad norm: 7.264324 | Time: 8s282ms
Epoch: 002 | Test Loss: 0.0039337 | Time: 638ms
==> Save the model at epoch 002 with test loss 0.0039337
Epoch: 003 | Train Loss: 0.0094308 | Grad norm: 4.082342 | Time: 8s325ms
Epoch: 003 | Test Loss: 0.0077683 | Time: 566ms
Epoch: 004 | Train Loss: 0.0115089 | Grad norm: 4.415315 | Time: 8s40ms
Epoch: 004 | Test Loss: 0.0041569 | Time: 555ms
Epoch: 005 | Train Loss: 0.0186430 | Grad norm: 5.673915 | Time: 8s557ms
Epoch: 005 | Test Loss: 0.0087571 | Time: 685ms
Epoch: 006 | Train Loss: 0.0224599 | Grad norm: 5.712325 | Time: 8s117ms
Epoch: 006 | Test Loss: 0.0212018 | Time: 560ms
Epoch: 007 | Train Loss: 0.0236884 | Grad norm: 6.696123 | Time: 8s24ms
Epoch: 007 | Test Loss: 0.0203669 | Time: 557ms
Epoch: 008 | Train Loss: 0.0302059 | Grad norm: 6.989244 | Time: 8s410ms
Epoch: 008 | Test Loss: 0.0208446 | Time: 631ms
Epoch: 009 | Train Loss: 0.0289835 | Grad norm: 7.138061 | Time: 7s920ms
Epoch: 009 | Test Loss: 0.0385702 | Time: 555ms
Epoch: 010 | Train Loss: 0.0268331 | Grad norm: 6.456239 | Time: 8s177ms
Epoch: 010 | Test Loss: 0.0193863 | Time: 633ms
Epoch: 011 | Train Loss: 0.0223879 | Grad norm: 5.789168 | Time: 8s365ms
Epoch: 011 | Test Loss: 0.0198032 | Time: 563ms
Epoch: 012 | Train Loss: 0.0206794 | Grad norm: 5.279494 | Time: 8s484ms
Epoch: 012 | Test Loss: 0.0223232 | Time: 556ms
Epoch: 013 | Train Loss: 0.0200193 | Grad norm: 4.268138 | Time: 8s414ms
Epoch: 013 | Test Loss: 0.0093277 | Time: 562ms
Epoch: 014 | Train Loss: 0.0157155 | Grad norm: 4.612408 | Time: 8s100ms
Epoch: 014 | Test Loss: 0.0164307 | Time: 572ms
Epoch: 015 | Train Loss: 0.0125693 | Grad norm: 4.179292 | Time: 8s192ms
Epoch: 015 | Test Loss: 0.0077142 | Time: 634ms
Epoch: 016 | Train Loss: 0.0114116 | Grad norm: 3.873291 | Time: 8s196ms
Epoch: 016 | Test Loss: 0.0100147 | Time: 560ms
Epoch: 017 | Train Loss: 0.0096328 | Grad norm: 3.567665 | Time: 8s208ms
Epoch: 017 | Test Loss: 0.0100475 | Time: 560ms
Epoch: 018 | Train Loss: 0.0088984 | Grad norm: 3.265617 | Time: 8s133ms
Epoch: 018 | Test Loss: 0.0086446 | Time: 560ms
Epoch: 019 | Train Loss: 0.0078931 | Grad norm: 3.037742 | Time: 8s384ms
Epoch: 019 | Test Loss: 0.0101674 | Time: 568ms
Epoch: 020 | Train Loss: 0.0068480 | Grad norm: 2.798003 | Time: 7s990ms
Epoch: 020 | Test Loss: 0.0063554 | Time: 552ms
Epoch: 021 | Train Loss: 0.0058411 | Grad norm: 2.559512 | Time: 8s434ms
Epoch: 021 | Test Loss: 0.0077235 | Time: 571ms
Epoch: 022 | Train Loss: 0.0048408 | Grad norm: 2.346651 | Time: 8s166ms
Epoch: 022 | Test Loss: 0.0038003 | Time: 556ms
==> Save the model at epoch 022 with test loss 0.0038003
Epoch: 023 | Train Loss: 0.0042272 | Grad norm: 2.121994 | Time: 8s237ms
Epoch: 023 | Test Loss: 0.0041088 | Time: 637ms
Epoch: 024 | Train Loss: 0.0039437 | Grad norm: 1.947436 | Time: 8s420ms
Epoch: 024 | Test Loss: 0.0028823 | Time: 560ms
==> Save the model at epoch 024 with test loss 0.0028823
Epoch: 025 | Train Loss: 0.0021605 | Grad norm: 1.023106 | Time: 8s703ms
Epoch: 025 | Test Loss: 0.0014545 | Time: 577ms
==> Save the model at epoch 025 with test loss 0.0014545
Epoch: 026 | Train Loss: 0.0016814 | Grad norm: 0.811130 | Time: 8s547ms
Epoch: 026 | Test Loss: 0.0010308 | Time: 571ms
==> Save the model at epoch 026 with test loss 0.0010308
Epoch: 027 | Train Loss: 0.0039402 | Grad norm: 1.846869 | Time: 8s60ms
Epoch: 027 | Test Loss: 0.0030913 | Time: 576ms
Epoch: 028 | Train Loss: 0.0049025 | Grad norm: 2.409167 | Time: 8s221ms
Epoch: 028 | Test Loss: 0.0068746 | Time: 629ms
Epoch: 029 | Train Loss: 0.0023753 | Grad norm: 1.288740 | Time: 8s296ms
Epoch: 029 | Test Loss: 0.0006753 | Time: 561ms
==> Save the model at epoch 029 with test loss 0.0006753
Epoch: 030 | Train Loss: 0.0006897 | Grad norm: 0.280272 | Time: 8s789ms
Epoch: 030 | Test Loss: 0.0009762 | Time: 559ms
Epoch: 031 | Train Loss: 0.0006608 | Grad norm: 0.238229 | Time: 8s539ms
Epoch: 031 | Test Loss: 0.0006969 | Time: 563ms
Epoch: 032 | Train Loss: 0.0006351 | Grad norm: 0.219385 | Time: 8s339ms
Epoch: 032 | Test Loss: 0.0006403 | Time: 551ms
==> Save the model at epoch 032 with test loss 0.0006403
Epoch: 033 | Train Loss: 0.0006178 | Grad norm: 0.213876 | Time: 8s625ms
Epoch: 033 | Test Loss: 0.0006214 | Time: 563ms
==> Save the model at epoch 033 with test loss 0.0006214
Epoch: 034 | Train Loss: 0.0005928 | Grad norm: 0.169827 | Time: 8s383ms
Epoch: 034 | Test Loss: 0.0005761 | Time: 561ms
==> Save the model at epoch 034 with test loss 0.0005761
Epoch: 035 | Train Loss: 0.0005821 | Grad norm: 0.151048 | Time: 8s332ms
Epoch: 035 | Test Loss: 0.0006013 | Time: 558ms
Epoch: 036 | Train Loss: 0.0005742 | Grad norm: 0.139159 | Time: 8s508ms
Epoch: 036 | Test Loss: 0.0005923 | Time: 634ms
Epoch: 037 | Train Loss: 0.0005595 | Grad norm: 0.105689 | Time: 8s297ms
Epoch: 037 | Test Loss: 0.0005683 | Time: 554ms
==> Save the model at epoch 037 with test loss 0.0005683
Epoch: 038 | Train Loss: 0.0005550 | Grad norm: 0.092521 | Time: 8s290ms
Epoch: 038 | Test Loss: 0.0005708 | Time: 554ms
Epoch: 039 | Train Loss: 0.0005491 | Grad norm: 0.077895 | Time: 8s832ms
Epoch: 039 | Test Loss: 0.0005592 | Time: 561ms
==> Save the model at epoch 039 with test loss 0.0005592
Epoch: 040 | Train Loss: 0.0005468 | Grad norm: 0.069545 | Time: 8s311ms
Epoch: 040 | Test Loss: 0.0005542 | Time: 563ms
==> Save the model at epoch 040 with test loss 0.0005542
Total time: 5m56s
==> Saving trained model weights...
==> Input bias to be applied to the neural network (trained):
[0. 0.]
==> Input transform to be applied to the neural network (trained):
[0.70987433 0.70987433]
==> Output transform to be applied to the neural network (trained):
[2.8317 2.8316]
==> Saving training info...
==> Drawing training loss...
==> Drawing grad norm...
==> Drawing testing loss...
==> Process finished.
