==> torch device:  cuda:0
==> Test-Train split: test_ratio = 0.20
==> Test-Train split seed:  None
==> Further split: further_train_ratio = 0.25
==> Further split seed:  None
==> Input bias to be applied to the neural network:
[0. 0.]
==> Input transform to be applied to the neural network:
[0.5090095 0.5090095]
==> Ouput transform to be applied to the neural network:
[3.9366 3.9363]
==> Evaluating model...
==========================================================================================
Layer (type:depth-idx)                   Output Shape              Param #
==========================================================================================
NeuralNetwork                            [1, 2]                    6
├─Sequential: 1-1                        [1, 2]                    --
│    └─Linear: 2-1                       [1, 64]                   192
│    └─ReLU: 2-2                         [1, 64]                   --
│    └─Linear: 2-3                       [1, 64]                   4,160
│    └─ReLU: 2-4                         [1, 64]                   --
│    └─Linear: 2-5                       [1, 64]                   4,160
│    └─ReLU: 2-6                         [1, 64]                   --
│    └─Linear: 2-7                       [1, 64]                   4,160
│    └─ReLU: 2-8                         [1, 64]                   --
│    └─Linear: 2-9                       [1, 64]                   4,160
│    └─ReLU: 2-10                        [1, 64]                   --
│    └─Linear: 2-11                      [1, 64]                   4,160
│    └─ReLU: 2-12                        [1, 64]                   --
│    └─Linear: 2-13                      [1, 64]                   4,160
│    └─ReLU: 2-14                        [1, 64]                   --
│    └─Linear: 2-15                      [1, 2]                    130
├─Sequential: 1-2                        [1, 2]                    (recursive)
│    └─Linear: 2-16                      [1, 64]                   (recursive)
│    └─ReLU: 2-17                        [1, 64]                   --
│    └─Linear: 2-18                      [1, 64]                   (recursive)
│    └─ReLU: 2-19                        [1, 64]                   --
│    └─Linear: 2-20                      [1, 64]                   (recursive)
│    └─ReLU: 2-21                        [1, 64]                   --
│    └─Linear: 2-22                      [1, 64]                   (recursive)
│    └─ReLU: 2-23                        [1, 64]                   --
│    └─Linear: 2-24                      [1, 64]                   (recursive)
│    └─ReLU: 2-25                        [1, 64]                   --
│    └─Linear: 2-26                      [1, 64]                   (recursive)
│    └─ReLU: 2-27                        [1, 64]                   --
│    └─Linear: 2-28                      [1, 64]                   (recursive)
│    └─ReLU: 2-29                        [1, 64]                   --
│    └─Linear: 2-30                      [1, 2]                    (recursive)
==========================================================================================
Total params: 25,288
Trainable params: 25,282
Non-trainable params: 6
Total mult-adds (M): 0.05
==========================================================================================
Input size (MB): 0.00
Forward/backward pass size (MB): 0.01
Params size (MB): 0.10
Estimated Total Size (MB): 0.11
==========================================================================================
==> Saving initial model weights...
==> Start training...
==> Number of param_groups in optimizer: 1
Epoch: 001 | Train Loss: 31.2759065 | Grad norm: 0.926050 | Time: 1s272ms
Epoch: 001 | Test Loss: 30.8013690 | Time: 658ms
==> Save the model at epoch 001 with test loss 30.8013690
Epoch: 002 | Train Loss: 29.9919961 | Grad norm: 4.553557 | Time: 1s417ms
Epoch: 002 | Test Loss: 26.2814431 | Time: 632ms
==> Save the model at epoch 002 with test loss 26.2814431
Epoch: 003 | Train Loss: 7.8182900 | Grad norm: 13.380231 | Time: 1s270ms
Epoch: 003 | Test Loss: 0.0595347 | Time: 642ms
==> Save the model at epoch 003 with test loss 0.0595347
Epoch: 004 | Train Loss: 0.0226913 | Grad norm: 1.826808 | Time: 1s339ms
Epoch: 004 | Test Loss: 0.0119731 | Time: 620ms
==> Save the model at epoch 004 with test loss 0.0119731
Epoch: 005 | Train Loss: 0.0142887 | Grad norm: 1.924543 | Time: 1s370ms
Epoch: 005 | Test Loss: 0.0112791 | Time: 723ms
==> Save the model at epoch 005 with test loss 0.0112791
Epoch: 006 | Train Loss: 0.0154000 | Grad norm: 2.237566 | Time: 1s306ms
Epoch: 006 | Test Loss: 0.0091975 | Time: 652ms
==> Save the model at epoch 006 with test loss 0.0091975
Epoch: 007 | Train Loss: 0.0135246 | Grad norm: 2.018853 | Time: 1s350ms
Epoch: 007 | Test Loss: 0.0100938 | Time: 725ms
Epoch: 008 | Train Loss: 0.0148089 | Grad norm: 2.052760 | Time: 1s255ms
Epoch: 008 | Test Loss: 0.0260047 | Time: 644ms
Epoch: 009 | Train Loss: 0.0193695 | Grad norm: 2.649942 | Time: 1s309ms
Epoch: 009 | Test Loss: 0.0155470 | Time: 609ms
Epoch: 010 | Train Loss: 0.0141618 | Grad norm: 2.125207 | Time: 1s289ms
Epoch: 010 | Test Loss: 0.0142536 | Time: 617ms
Epoch: 011 | Train Loss: 0.0152226 | Grad norm: 2.186012 | Time: 1s261ms
Epoch: 011 | Test Loss: 0.0105996 | Time: 678ms
Epoch: 012 | Train Loss: 0.0129485 | Grad norm: 1.916599 | Time: 1s258ms
Epoch: 012 | Test Loss: 0.0117746 | Time: 627ms
Epoch: 013 | Train Loss: 0.0136903 | Grad norm: 1.987958 | Time: 1s282ms
Epoch: 013 | Test Loss: 0.0106505 | Time: 619ms
Epoch: 014 | Train Loss: 0.0128794 | Grad norm: 1.847605 | Time: 1s312ms
Epoch: 014 | Test Loss: 0.0118978 | Time: 618ms
Epoch: 015 | Train Loss: 0.0116918 | Grad norm: 1.646331 | Time: 1s276ms
Epoch: 015 | Test Loss: 0.0099990 | Time: 686ms
Epoch: 016 | Train Loss: 0.0115173 | Grad norm: 1.562613 | Time: 1s310ms
Epoch: 016 | Test Loss: 0.0142040 | Time: 628ms
Epoch: 017 | Train Loss: 0.0118317 | Grad norm: 1.638798 | Time: 1s313ms
Epoch: 017 | Test Loss: 0.0103144 | Time: 637ms
Epoch: 018 | Train Loss: 0.0119296 | Grad norm: 1.693094 | Time: 1s317ms
Epoch: 018 | Test Loss: 0.0084781 | Time: 618ms
==> Save the model at epoch 018 with test loss 0.0084781
Epoch: 019 | Train Loss: 0.0110199 | Grad norm: 1.514014 | Time: 1s333ms
Epoch: 019 | Test Loss: 0.0131034 | Time: 621ms
Epoch: 020 | Train Loss: 0.0099738 | Grad norm: 1.224843 | Time: 1s293ms
Epoch: 020 | Test Loss: 0.0110645 | Time: 617ms
Epoch: 021 | Train Loss: 0.0101886 | Grad norm: 1.355325 | Time: 1s250ms
Epoch: 021 | Test Loss: 0.0084195 | Time: 613ms
==> Save the model at epoch 021 with test loss 0.0084195
Epoch: 022 | Train Loss: 0.0095498 | Grad norm: 1.152033 | Time: 1s190ms
Epoch: 022 | Test Loss: 0.0113693 | Time: 623ms
Epoch: 023 | Train Loss: 0.0092309 | Grad norm: 1.097577 | Time: 1s157ms
Epoch: 023 | Test Loss: 0.0097234 | Time: 615ms
Epoch: 024 | Train Loss: 0.0090190 | Grad norm: 1.024064 | Time: 978ms
Epoch: 024 | Test Loss: 0.0090331 | Time: 599ms
Epoch: 025 | Train Loss: 0.0097856 | Grad norm: 1.182273 | Time: 1s124ms
Epoch: 025 | Test Loss: 0.0079551 | Time: 622ms
==> Save the model at epoch 025 with test loss 0.0079551
Epoch: 026 | Train Loss: 0.0088145 | Grad norm: 0.985041 | Time: 1s13ms
Epoch: 026 | Test Loss: 0.0111488 | Time: 663ms
Epoch: 027 | Train Loss: 0.0087903 | Grad norm: 0.934579 | Time: 975ms
Epoch: 027 | Test Loss: 0.0085464 | Time: 599ms
Epoch: 028 | Train Loss: 0.0085837 | Grad norm: 0.901088 | Time: 977ms
Epoch: 028 | Test Loss: 0.0083907 | Time: 603ms
Epoch: 029 | Train Loss: 0.0082509 | Grad norm: 0.833222 | Time: 973ms
Epoch: 029 | Test Loss: 0.0078639 | Time: 599ms
==> Save the model at epoch 029 with test loss 0.0078639
Epoch: 030 | Train Loss: 0.0078783 | Grad norm: 0.672427 | Time: 978ms
Epoch: 030 | Test Loss: 0.0079000 | Time: 663ms
Epoch: 031 | Train Loss: 0.0077532 | Grad norm: 0.599969 | Time: 973ms
Epoch: 031 | Test Loss: 0.0076298 | Time: 604ms
==> Save the model at epoch 031 with test loss 0.0076298
Epoch: 032 | Train Loss: 0.0076603 | Grad norm: 0.582147 | Time: 972ms
Epoch: 032 | Test Loss: 0.0076486 | Time: 606ms
Epoch: 033 | Train Loss: 0.0074898 | Grad norm: 0.482370 | Time: 975ms
Epoch: 033 | Test Loss: 0.0075133 | Time: 606ms
==> Save the model at epoch 033 with test loss 0.0075133
Epoch: 034 | Train Loss: 0.0073583 | Grad norm: 0.404817 | Time: 1s35ms
Epoch: 034 | Test Loss: 0.0073362 | Time: 601ms
==> Save the model at epoch 034 with test loss 0.0073362
Epoch: 035 | Train Loss: 0.0074295 | Grad norm: 0.453040 | Time: 973ms
Epoch: 035 | Test Loss: 0.0076062 | Time: 603ms
Epoch: 036 | Train Loss: 0.0073702 | Grad norm: 0.401706 | Time: 977ms
Epoch: 036 | Test Loss: 0.0074844 | Time: 600ms
Epoch: 037 | Train Loss: 0.0072529 | Grad norm: 0.344936 | Time: 981ms
Epoch: 037 | Test Loss: 0.0072625 | Time: 608ms
==> Save the model at epoch 037 with test loss 0.0072625
Epoch: 038 | Train Loss: 0.0072147 | Grad norm: 0.309355 | Time: 1s34ms
Epoch: 038 | Test Loss: 0.0072108 | Time: 603ms
==> Save the model at epoch 038 with test loss 0.0072108
Epoch: 039 | Train Loss: 0.0071708 | Grad norm: 0.271631 | Time: 972ms
Epoch: 039 | Test Loss: 0.0072083 | Time: 617ms
==> Save the model at epoch 039 with test loss 0.0072083
Epoch: 040 | Train Loss: 0.0071486 | Grad norm: 0.257700 | Time: 1s293ms
Epoch: 040 | Test Loss: 0.0072042 | Time: 628ms
==> Save the model at epoch 040 with test loss 0.0072042
Total time: 1m12s
==> Saving trained model weights...
==> Input bias to be applied to the neural network (trained):
[0. 0.]
==> Input transform to be applied to the neural network (trained):
[0.5090095 0.5090095]
==> Output transform to be applied to the neural network (trained):
[3.9366 3.9363]
==> Saving training info...
==> Drawing training loss...
==> Drawing grad norm...
==> Drawing testing loss...
==> Process finished.
