==> torch device:  cuda:2
==> Test-Train split: test_ratio = 0.20
==> Test-Train split seed:  None
==> Further split: further_train_ratio = 1.00
==> Further split seed:  None
==> Lipschitz constant: 4.00
==> Input bias to be applied to the neural network:
[0. 0.]
==> Input transform to be applied to the neural network:
[0.5090095 0.5090095]
==> Ouput transform to be applied to the neural network:
[3.9366 3.9363]
==> Evaluating model...
==========================================================================================
Layer (type:depth-idx)                   Output Shape              Param #
==========================================================================================
NeuralNetwork                            [1, 2]                    6
├─Sequential: 1-1                        [1, 2]                    --
│    └─SandwichFc: 2-1                   [1, 64]                   4,353
│    └─SandwichFc: 2-2                   [1, 64]                   8,321
│    └─SandwichFc: 2-3                   [1, 64]                   8,321
│    └─SandwichFc: 2-4                   [1, 64]                   8,321
│    └─SandwichFc: 2-5                   [1, 64]                   8,321
│    └─SandwichFc: 2-6                   [1, 64]                   8,321
│    └─SandwichFc: 2-7                   [1, 64]                   8,321
│    └─SandwichLin: 2-8                  [1, 2]                    135
├─Sequential: 1-2                        [1, 2]                    (recursive)
│    └─SandwichFc: 2-9                   [1, 64]                   (recursive)
│    └─SandwichFc: 2-10                  [1, 64]                   (recursive)
│    └─SandwichFc: 2-11                  [1, 64]                   (recursive)
│    └─SandwichFc: 2-12                  [1, 64]                   (recursive)
│    └─SandwichFc: 2-13                  [1, 64]                   (recursive)
│    └─SandwichFc: 2-14                  [1, 64]                   (recursive)
│    └─SandwichFc: 2-15                  [1, 64]                   (recursive)
│    └─SandwichLin: 2-16                 [1, 2]                    (recursive)
==========================================================================================
Total params: 54,420
Trainable params: 54,414
Non-trainable params: 6
Total mult-adds (M): 0.11
==========================================================================================
Input size (MB): 0.00
Forward/backward pass size (MB): 0.01
Params size (MB): 0.22
Estimated Total Size (MB): 0.22
==========================================================================================
==> Saving initial model weights...
==> Start training...
==> Number of param_groups in optimizer: 1
Epoch: 001 | Train Loss: 31.1131681 | Grad norm: 31.156225 | Time: 17s493ms
Epoch: 001 | Test Loss: 30.8750008 | Time: 804ms
==> Save the model at epoch 001 with test loss 30.8750008
Epoch: 002 | Train Loss: 1.5120057 | Grad norm: 9.226267 | Time: 17s608ms
Epoch: 002 | Test Loss: 0.0093995 | Time: 767ms
==> Save the model at epoch 002 with test loss 0.0093995
Epoch: 003 | Train Loss: 0.0216268 | Grad norm: 6.748110 | Time: 17s634ms
Epoch: 003 | Test Loss: 0.0200674 | Time: 799ms
Epoch: 004 | Train Loss: 0.0231249 | Grad norm: 7.462422 | Time: 17s561ms
Epoch: 004 | Test Loss: 0.0273759 | Time: 800ms
Epoch: 005 | Train Loss: 0.0279510 | Grad norm: 8.798854 | Time: 18s219ms
Epoch: 005 | Test Loss: 0.0312413 | Time: 801ms
Epoch: 006 | Train Loss: 0.0364982 | Grad norm: 9.473855 | Time: 21s537ms
Epoch: 006 | Test Loss: 0.0324315 | Time: 794ms
Epoch: 007 | Train Loss: 0.0399338 | Grad norm: 9.987281 | Time: 20s226ms
Epoch: 007 | Test Loss: 0.0353477 | Time: 768ms
Epoch: 008 | Train Loss: 0.0417524 | Grad norm: 9.913566 | Time: 18s809ms
Epoch: 008 | Test Loss: 0.0303513 | Time: 801ms
Epoch: 009 | Train Loss: 0.0434774 | Grad norm: 9.633988 | Time: 17s275ms
Epoch: 009 | Test Loss: 0.0381610 | Time: 803ms
Epoch: 010 | Train Loss: 0.0372194 | Grad norm: 8.274499 | Time: 17s555ms
Epoch: 010 | Test Loss: 0.0210374 | Time: 802ms
Epoch: 011 | Train Loss: 0.0348766 | Grad norm: 7.481089 | Time: 17s896ms
Epoch: 011 | Test Loss: 0.0277552 | Time: 803ms
Epoch: 012 | Train Loss: 0.0275859 | Grad norm: 6.682401 | Time: 20s526ms
Epoch: 012 | Test Loss: 0.0413817 | Time: 783ms
Epoch: 013 | Train Loss: 0.0265459 | Grad norm: 6.008095 | Time: 20s958ms
Epoch: 013 | Test Loss: 0.0195926 | Time: 780ms
Epoch: 014 | Train Loss: 0.0249901 | Grad norm: 5.428952 | Time: 17s741ms
Epoch: 014 | Test Loss: 0.0348151 | Time: 792ms
Epoch: 015 | Train Loss: 0.0222800 | Grad norm: 5.235772 | Time: 19s64ms
Epoch: 015 | Test Loss: 0.0165147 | Time: 782ms
Epoch: 016 | Train Loss: 0.0185140 | Grad norm: 4.667599 | Time: 21s904ms
Epoch: 016 | Test Loss: 0.0173995 | Time: 801ms
Epoch: 017 | Train Loss: 0.0178243 | Grad norm: 4.288509 | Time: 21s530ms
Epoch: 017 | Test Loss: 0.0206514 | Time: 818ms
Epoch: 018 | Train Loss: 0.0183198 | Grad norm: 4.048472 | Time: 20s126ms
Epoch: 018 | Test Loss: 0.0153124 | Time: 818ms
Epoch: 019 | Train Loss: 0.0152573 | Grad norm: 3.711980 | Time: 17s694ms
Epoch: 019 | Test Loss: 0.0158376 | Time: 812ms
Epoch: 020 | Train Loss: 0.0139811 | Grad norm: 3.394579 | Time: 17s821ms
Epoch: 020 | Test Loss: 0.0158475 | Time: 811ms
Epoch: 021 | Train Loss: 0.0138265 | Grad norm: 3.082188 | Time: 20s64ms
Epoch: 021 | Test Loss: 0.0103080 | Time: 813ms
Epoch: 022 | Train Loss: 0.0134072 | Grad norm: 3.035622 | Time: 21s42ms
Epoch: 022 | Test Loss: 0.0104182 | Time: 807ms
Epoch: 023 | Train Loss: 0.0121076 | Grad norm: 2.534085 | Time: 21s672ms
Epoch: 023 | Test Loss: 0.0114101 | Time: 795ms
Epoch: 024 | Train Loss: 0.0107504 | Grad norm: 2.400646 | Time: 21s272ms
Epoch: 024 | Test Loss: 0.0092078 | Time: 804ms
==> Save the model at epoch 024 with test loss 0.0092078
Epoch: 025 | Train Loss: 0.0103254 | Grad norm: 2.066912 | Time: 21s329ms
Epoch: 025 | Test Loss: 0.0097491 | Time: 803ms
Epoch: 026 | Train Loss: 0.0115593 | Grad norm: 2.451634 | Time: 20s693ms
Epoch: 026 | Test Loss: 0.0164391 | Time: 815ms
Epoch: 027 | Train Loss: 0.0123097 | Grad norm: 3.101461 | Time: 21s614ms
Epoch: 027 | Test Loss: 0.0155288 | Time: 807ms
Epoch: 028 | Train Loss: 0.0106671 | Grad norm: 2.234202 | Time: 18s681ms
Epoch: 028 | Test Loss: 0.0113146 | Time: 785ms
Epoch: 029 | Train Loss: 0.0087104 | Grad norm: 1.193323 | Time: 21s579ms
Epoch: 029 | Test Loss: 0.0089929 | Time: 801ms
==> Save the model at epoch 029 with test loss 0.0089929
Epoch: 030 | Train Loss: 0.0085938 | Grad norm: 1.222445 | Time: 20s323ms
Epoch: 030 | Test Loss: 0.0087073 | Time: 802ms
==> Save the model at epoch 030 with test loss 0.0087073
Epoch: 031 | Train Loss: 0.0080101 | Grad norm: 0.897739 | Time: 16s989ms
Epoch: 031 | Test Loss: 0.0071856 | Time: 835ms
==> Save the model at epoch 031 with test loss 0.0071856
Epoch: 032 | Train Loss: 0.0078886 | Grad norm: 0.861670 | Time: 19s598ms
Epoch: 032 | Test Loss: 0.0074918 | Time: 813ms
Epoch: 033 | Train Loss: 0.0077100 | Grad norm: 0.737745 | Time: 17s327ms
Epoch: 033 | Test Loss: 0.0074309 | Time: 845ms
Epoch: 034 | Train Loss: 0.0075796 | Grad norm: 0.656997 | Time: 17s649ms
Epoch: 034 | Test Loss: 0.0071904 | Time: 871ms
Epoch: 035 | Train Loss: 0.0074828 | Grad norm: 0.609364 | Time: 17s879ms
Epoch: 035 | Test Loss: 0.0070958 | Time: 808ms
==> Save the model at epoch 035 with test loss 0.0070958
Epoch: 036 | Train Loss: 0.0073582 | Grad norm: 0.525244 | Time: 19s32ms
Epoch: 036 | Test Loss: 0.0069669 | Time: 766ms
==> Save the model at epoch 036 with test loss 0.0069669
Epoch: 037 | Train Loss: 0.0072885 | Grad norm: 0.463502 | Time: 17s720ms
Epoch: 037 | Test Loss: 0.0069994 | Time: 862ms
Epoch: 038 | Train Loss: 0.0072122 | Grad norm: 0.390099 | Time: 17s601ms
Epoch: 038 | Test Loss: 0.0068689 | Time: 800ms
==> Save the model at epoch 038 with test loss 0.0068689
Epoch: 039 | Train Loss: 0.0071662 | Grad norm: 0.363181 | Time: 18s427ms
Epoch: 039 | Test Loss: 0.0068526 | Time: 803ms
==> Save the model at epoch 039 with test loss 0.0068526
Epoch: 040 | Train Loss: 0.0071301 | Grad norm: 0.325020 | Time: 19s329ms
Epoch: 040 | Test Loss: 0.0068058 | Time: 826ms
==> Save the model at epoch 040 with test loss 0.0068058
Total time: 13m21s
==> Saving trained model weights...
==> Input bias to be applied to the neural network (trained):
[0. 0.]
==> Input transform to be applied to the neural network (trained):
[0.5090095 0.5090095]
==> Output transform to be applied to the neural network (trained):
[3.9366 3.9363]
==> Saving training info...
==> Drawing training loss...
==> Drawing grad norm...
==> Drawing testing loss...
==> Process finished.
