==> torch device:  cuda:1
==> Test-Train split: test_ratio = 0.20
==> Test-Train split seed:  None
==> Further split: further_train_ratio = 1.00
==> Further split seed:  None
==> Input bias to be applied to the neural network:
[0. 0.]
==> Input transform to be applied to the neural network:
[0.6513385 0.6513385]
==> Ouput transform to be applied to the neural network:
[3.0861 3.0861]
==> Evaluating model...
==========================================================================================
Layer (type:depth-idx)                   Output Shape              Param #
==========================================================================================
NeuralNetwork                            [1, 2]                    6
├─Sequential: 1-1                        [1, 2]                    --
│    └─Linear: 2-1                       [1, 64]                   192
│    └─ReLU: 2-2                         [1, 64]                   --
│    └─Linear: 2-3                       [1, 64]                   4,160
│    └─ReLU: 2-4                         [1, 64]                   --
│    └─Linear: 2-5                       [1, 64]                   4,160
│    └─ReLU: 2-6                         [1, 64]                   --
│    └─Linear: 2-7                       [1, 64]                   4,160
│    └─ReLU: 2-8                         [1, 64]                   --
│    └─Linear: 2-9                       [1, 64]                   4,160
│    └─ReLU: 2-10                        [1, 64]                   --
│    └─Linear: 2-11                      [1, 64]                   4,160
│    └─ReLU: 2-12                        [1, 64]                   --
│    └─Linear: 2-13                      [1, 64]                   4,160
│    └─ReLU: 2-14                        [1, 64]                   --
│    └─Linear: 2-15                      [1, 2]                    130
├─Sequential: 1-2                        [1, 2]                    (recursive)
│    └─Linear: 2-16                      [1, 64]                   (recursive)
│    └─ReLU: 2-17                        [1, 64]                   --
│    └─Linear: 2-18                      [1, 64]                   (recursive)
│    └─ReLU: 2-19                        [1, 64]                   --
│    └─Linear: 2-20                      [1, 64]                   (recursive)
│    └─ReLU: 2-21                        [1, 64]                   --
│    └─Linear: 2-22                      [1, 64]                   (recursive)
│    └─ReLU: 2-23                        [1, 64]                   --
│    └─Linear: 2-24                      [1, 64]                   (recursive)
│    └─ReLU: 2-25                        [1, 64]                   --
│    └─Linear: 2-26                      [1, 64]                   (recursive)
│    └─ReLU: 2-27                        [1, 64]                   --
│    └─Linear: 2-28                      [1, 64]                   (recursive)
│    └─ReLU: 2-29                        [1, 64]                   --
│    └─Linear: 2-30                      [1, 2]                    (recursive)
==========================================================================================
Total params: 25,288
Trainable params: 25,282
Non-trainable params: 6
Total mult-adds (Units.MEGABYTES): 0.05
==========================================================================================
Input size (MB): 0.00
Forward/backward pass size (MB): 0.01
Params size (MB): 0.10
Estimated Total Size (MB): 0.11
==========================================================================================
==> Saving initial model weights...
==> Start training...
==> Number of param_groups in optimizer: 1
Epoch: 001 | Train Loss: 19.0069280 | Grad norm: 0.888585 | Time: 3s477ms
Epoch: 001 | Test Loss: 19.2749278 | Time: 373ms
==> Save the model at epoch 001 with test loss 19.2749278
Epoch: 002 | Train Loss: 1.0459067 | Grad norm: 4.404059 | Time: 3s549ms
Epoch: 002 | Test Loss: 0.0075215 | Time: 372ms
==> Save the model at epoch 002 with test loss 0.0075215
Epoch: 003 | Train Loss: 0.0209362 | Grad norm: 2.429251 | Time: 3s453ms
Epoch: 003 | Test Loss: 0.0234054 | Time: 373ms
Epoch: 004 | Train Loss: 0.0362278 | Grad norm: 3.146039 | Time: 3s609ms
Epoch: 004 | Test Loss: 0.0314176 | Time: 369ms
Epoch: 005 | Train Loss: 0.0393945 | Grad norm: 3.259021 | Time: 3s383ms
Epoch: 005 | Test Loss: 0.0568507 | Time: 390ms
Epoch: 006 | Train Loss: 0.0587463 | Grad norm: 4.078789 | Time: 3s240ms
Epoch: 006 | Test Loss: 0.0371323 | Time: 371ms
Epoch: 007 | Train Loss: 0.0674510 | Grad norm: 4.406040 | Time: 3s315ms
Epoch: 007 | Test Loss: 0.0325779 | Time: 403ms
Epoch: 008 | Train Loss: 0.0796420 | Grad norm: 4.978953 | Time: 3s453ms
Epoch: 008 | Test Loss: 0.0775454 | Time: 371ms
Epoch: 009 | Train Loss: 0.0775580 | Grad norm: 5.061275 | Time: 3s396ms
Epoch: 009 | Test Loss: 0.0465042 | Time: 417ms
Epoch: 010 | Train Loss: 0.0820798 | Grad norm: 4.971888 | Time: 3s597ms
Epoch: 010 | Test Loss: 0.0126563 | Time: 424ms
Epoch: 011 | Train Loss: 0.0402442 | Grad norm: 3.539982 | Time: 3s438ms
Epoch: 011 | Test Loss: 0.0195143 | Time: 460ms
Epoch: 012 | Train Loss: 0.0471477 | Grad norm: 3.784198 | Time: 3s438ms
Epoch: 012 | Test Loss: 0.1579410 | Time: 375ms
Epoch: 013 | Train Loss: 0.0513643 | Grad norm: 4.047723 | Time: 3s374ms
Epoch: 013 | Test Loss: 0.0173613 | Time: 452ms
Epoch: 014 | Train Loss: 0.0328941 | Grad norm: 3.163747 | Time: 3s322ms
Epoch: 014 | Test Loss: 0.0370645 | Time: 380ms
Epoch: 015 | Train Loss: 0.0181785 | Grad norm: 2.398408 | Time: 3s447ms
Epoch: 015 | Test Loss: 0.0023955 | Time: 439ms
==> Save the model at epoch 015 with test loss 0.0023955
Epoch: 016 | Train Loss: 0.0215941 | Grad norm: 2.583031 | Time: 3s291ms
Epoch: 016 | Test Loss: 0.0153440 | Time: 371ms
Epoch: 017 | Train Loss: 0.0184281 | Grad norm: 2.378990 | Time: 3s449ms
Epoch: 017 | Test Loss: 0.0066125 | Time: 379ms
Epoch: 018 | Train Loss: 0.0164898 | Grad norm: 2.232568 | Time: 3s395ms
Epoch: 018 | Test Loss: 0.0168369 | Time: 370ms
Epoch: 019 | Train Loss: 0.0084583 | Grad norm: 1.605597 | Time: 3s622ms
Epoch: 019 | Test Loss: 0.0133706 | Time: 371ms
Epoch: 020 | Train Loss: 0.0070543 | Grad norm: 1.392861 | Time: 3s454ms
Epoch: 020 | Test Loss: 0.0009335 | Time: 396ms
==> Save the model at epoch 020 with test loss 0.0009335
Epoch: 021 | Train Loss: 0.0036477 | Grad norm: 0.914508 | Time: 3s619ms
Epoch: 021 | Test Loss: 0.0033688 | Time: 374ms
Epoch: 022 | Train Loss: 0.0081393 | Grad norm: 1.492769 | Time: 3s283ms
Epoch: 022 | Test Loss: 0.0035217 | Time: 369ms
Epoch: 023 | Train Loss: 0.0025108 | Grad norm: 0.744165 | Time: 3s553ms
Epoch: 023 | Test Loss: 0.0028402 | Time: 373ms
Epoch: 024 | Train Loss: 0.0018504 | Grad norm: 0.568147 | Time: 3s182ms
Epoch: 024 | Test Loss: 0.0008547 | Time: 430ms
==> Save the model at epoch 024 with test loss 0.0008547
Epoch: 025 | Train Loss: 0.0017957 | Grad norm: 0.576858 | Time: 3s386ms
Epoch: 025 | Test Loss: 0.0014747 | Time: 372ms
Epoch: 026 | Train Loss: 0.0014294 | Grad norm: 0.462587 | Time: 3s84ms
Epoch: 026 | Test Loss: 0.0008008 | Time: 383ms
==> Save the model at epoch 026 with test loss 0.0008008
Epoch: 027 | Train Loss: 0.0007906 | Grad norm: 0.270055 | Time: 3s743ms
Epoch: 027 | Test Loss: 0.0006010 | Time: 402ms
==> Save the model at epoch 027 with test loss 0.0006010
Epoch: 028 | Train Loss: 0.0012512 | Grad norm: 0.394533 | Time: 3s368ms
Epoch: 028 | Test Loss: 0.0007779 | Time: 368ms
Epoch: 029 | Train Loss: 0.0007612 | Grad norm: 0.257942 | Time: 3s695ms
Epoch: 029 | Test Loss: 0.0009584 | Time: 399ms
Epoch: 030 | Train Loss: 0.0007900 | Grad norm: 0.266048 | Time: 3s287ms
Epoch: 030 | Test Loss: 0.0010483 | Time: 367ms
Epoch: 031 | Train Loss: 0.0007108 | Grad norm: 0.221884 | Time: 3s529ms
Epoch: 031 | Test Loss: 0.0007414 | Time: 370ms
Epoch: 032 | Train Loss: 0.0006466 | Grad norm: 0.175056 | Time: 3s363ms
Epoch: 032 | Test Loss: 0.0008056 | Time: 481ms
Epoch: 033 | Train Loss: 0.0006297 | Grad norm: 0.158399 | Time: 3s553ms
Epoch: 033 | Test Loss: 0.0005968 | Time: 374ms
==> Save the model at epoch 033 with test loss 0.0005968
Epoch: 034 | Train Loss: 0.0006058 | Grad norm: 0.135170 | Time: 3s604ms
Epoch: 034 | Test Loss: 0.0005987 | Time: 440ms
Epoch: 035 | Train Loss: 0.0006011 | Grad norm: 0.130548 | Time: 3s348ms
Epoch: 035 | Test Loss: 0.0005704 | Time: 371ms
==> Save the model at epoch 035 with test loss 0.0005704
Epoch: 036 | Train Loss: 0.0005871 | Grad norm: 0.112326 | Time: 3s557ms
Epoch: 036 | Test Loss: 0.0005734 | Time: 439ms
Epoch: 037 | Train Loss: 0.0005706 | Grad norm: 0.090203 | Time: 3s393ms
Epoch: 037 | Test Loss: 0.0005682 | Time: 389ms
==> Save the model at epoch 037 with test loss 0.0005682
Epoch: 038 | Train Loss: 0.0005619 | Grad norm: 0.073147 | Time: 3s417ms
Epoch: 038 | Test Loss: 0.0005672 | Time: 374ms
==> Save the model at epoch 038 with test loss 0.0005672
Epoch: 039 | Train Loss: 0.0005559 | Grad norm: 0.059385 | Time: 3s404ms
Epoch: 039 | Test Loss: 0.0005596 | Time: 370ms
==> Save the model at epoch 039 with test loss 0.0005596
Epoch: 040 | Train Loss: 0.0005504 | Grad norm: 0.044003 | Time: 3s459ms
Epoch: 040 | Test Loss: 0.0005550 | Time: 376ms
==> Save the model at epoch 040 with test loss 0.0005550
Total time: 2m33s
==> Saving trained model weights...
==> Input bias to be applied to the neural network (trained):
[0. 0.]
==> Input transform to be applied to the neural network (trained):
[0.6513385 0.6513385]
==> Output transform to be applied to the neural network (trained):
[3.0861 3.0861]
==> Saving training info...
==> Drawing training loss...
==> Drawing grad norm...
==> Drawing testing loss...
==> Process finished.
