==> torch device:  cuda:1
==> Test-Train split: test_ratio = 0.20
==> Test-Train split seed:  None
==> Further split: further_train_ratio = 1.00
==> Further split seed:  None
==> Input bias to be applied to the neural network:
[0. 0. 0. 0.]
==> Input transform to be applied to the neural network:
[0.7072636  0.72212595 0.6760411  0.67349136]
==> Ouput transform to be applied to the neural network:
[0.2287 0.2871]
==> Evaluating model...
==========================================================================================
Layer (type:depth-idx)                   Output Shape              Param #
==========================================================================================
NeuralNetwork                            [1, 2]                    10
├─Sequential: 1-1                        [1, 2]                    --
│    └─Linear: 2-1                       [1, 64]                   320
│    └─ReLU: 2-2                         [1, 64]                   --
│    └─Linear: 2-3                       [1, 64]                   4,160
│    └─ReLU: 2-4                         [1, 64]                   --
│    └─Linear: 2-5                       [1, 64]                   4,160
│    └─ReLU: 2-6                         [1, 64]                   --
│    └─Linear: 2-7                       [1, 64]                   4,160
│    └─ReLU: 2-8                         [1, 64]                   --
│    └─Linear: 2-9                       [1, 64]                   4,160
│    └─ReLU: 2-10                        [1, 64]                   --
│    └─Linear: 2-11                      [1, 64]                   4,160
│    └─ReLU: 2-12                        [1, 64]                   --
│    └─Linear: 2-13                      [1, 64]                   4,160
│    └─ReLU: 2-14                        [1, 64]                   --
│    └─Linear: 2-15                      [1, 2]                    130
├─Sequential: 1-2                        [1, 2]                    (recursive)
│    └─Linear: 2-16                      [1, 64]                   (recursive)
│    └─ReLU: 2-17                        [1, 64]                   --
│    └─Linear: 2-18                      [1, 64]                   (recursive)
│    └─ReLU: 2-19                        [1, 64]                   --
│    └─Linear: 2-20                      [1, 64]                   (recursive)
│    └─ReLU: 2-21                        [1, 64]                   --
│    └─Linear: 2-22                      [1, 64]                   (recursive)
│    └─ReLU: 2-23                        [1, 64]                   --
│    └─Linear: 2-24                      [1, 64]                   (recursive)
│    └─ReLU: 2-25                        [1, 64]                   --
│    └─Linear: 2-26                      [1, 64]                   (recursive)
│    └─ReLU: 2-27                        [1, 64]                   --
│    └─Linear: 2-28                      [1, 64]                   (recursive)
│    └─ReLU: 2-29                        [1, 64]                   --
│    └─Linear: 2-30                      [1, 2]                    (recursive)
==========================================================================================
Total params: 25,420
Trainable params: 25,410
Non-trainable params: 10
Total mult-adds (Units.MEGABYTES): 0.05
==========================================================================================
Input size (MB): 0.00
Forward/backward pass size (MB): 0.01
Params size (MB): 0.10
Estimated Total Size (MB): 0.11
==========================================================================================
==> Saving initial model weights...
==> Start training...
==> Number of param_groups in optimizer: 1
Epoch: 001 | Train Loss: 0.1344609 | Grad norm: 0.004816 | Time: 4s463ms
Epoch: 001 | Test Loss: 0.1353488 | Time: 502ms
==> Save the model at epoch 001 with test loss 0.1353488
Epoch: 002 | Train Loss: 0.0159933 | Grad norm: 0.035197 | Time: 4s315ms
Epoch: 002 | Test Loss: 0.0102724 | Time: 500ms
==> Save the model at epoch 002 with test loss 0.0102724
Epoch: 003 | Train Loss: 0.0104128 | Grad norm: 0.029848 | Time: 4s263ms
Epoch: 003 | Test Loss: 0.0104812 | Time: 495ms
Epoch: 004 | Train Loss: 0.0103677 | Grad norm: 0.030122 | Time: 4s330ms
Epoch: 004 | Test Loss: 0.0100376 | Time: 500ms
==> Save the model at epoch 004 with test loss 0.0100376
Epoch: 005 | Train Loss: 0.0103719 | Grad norm: 0.032703 | Time: 4s428ms
Epoch: 005 | Test Loss: 0.0101293 | Time: 525ms
Epoch: 006 | Train Loss: 0.0102648 | Grad norm: 0.032223 | Time: 4s26ms
Epoch: 006 | Test Loss: 0.0097241 | Time: 581ms
==> Save the model at epoch 006 with test loss 0.0097241
Epoch: 007 | Train Loss: 0.0100092 | Grad norm: 0.034192 | Time: 4s279ms
Epoch: 007 | Test Loss: 0.0098961 | Time: 500ms
Epoch: 008 | Train Loss: 0.0095548 | Grad norm: 0.035674 | Time: 4s197ms
Epoch: 008 | Test Loss: 0.0088815 | Time: 509ms
==> Save the model at epoch 008 with test loss 0.0088815
Epoch: 009 | Train Loss: 0.0092751 | Grad norm: 0.032346 | Time: 4s195ms
Epoch: 009 | Test Loss: 0.0097734 | Time: 518ms
Epoch: 010 | Train Loss: 0.0090480 | Grad norm: 0.034901 | Time: 4s362ms
Epoch: 010 | Test Loss: 0.0082705 | Time: 500ms
==> Save the model at epoch 010 with test loss 0.0082705
Epoch: 011 | Train Loss: 0.0088080 | Grad norm: 0.032607 | Time: 4s279ms
Epoch: 011 | Test Loss: 0.0085644 | Time: 503ms
Epoch: 012 | Train Loss: 0.0085243 | Grad norm: 0.031725 | Time: 4s189ms
Epoch: 012 | Test Loss: 0.0083137 | Time: 499ms
Epoch: 013 | Train Loss: 0.0083696 | Grad norm: 0.031782 | Time: 4s304ms
Epoch: 013 | Test Loss: 0.0081846 | Time: 498ms
==> Save the model at epoch 013 with test loss 0.0081846
Epoch: 014 | Train Loss: 0.0083507 | Grad norm: 0.032471 | Time: 4s324ms
Epoch: 014 | Test Loss: 0.0080596 | Time: 599ms
==> Save the model at epoch 014 with test loss 0.0080596
Epoch: 015 | Train Loss: 0.0081412 | Grad norm: 0.029097 | Time: 4s423ms
Epoch: 015 | Test Loss: 0.0082959 | Time: 499ms
Epoch: 016 | Train Loss: 0.0081421 | Grad norm: 0.029997 | Time: 4s279ms
Epoch: 016 | Test Loss: 0.0082197 | Time: 497ms
Epoch: 017 | Train Loss: 0.0080369 | Grad norm: 0.026263 | Time: 4s345ms
Epoch: 017 | Test Loss: 0.0080755 | Time: 515ms
Epoch: 018 | Train Loss: 0.0080530 | Grad norm: 0.027705 | Time: 4s138ms
Epoch: 018 | Test Loss: 0.0078829 | Time: 509ms
==> Save the model at epoch 018 with test loss 0.0078829
Epoch: 019 | Train Loss: 0.0079518 | Grad norm: 0.028115 | Time: 4s354ms
Epoch: 019 | Test Loss: 0.0079270 | Time: 504ms
Epoch: 020 | Train Loss: 0.0079126 | Grad norm: 0.025762 | Time: 4s131ms
Epoch: 020 | Test Loss: 0.0081620 | Time: 501ms
Epoch: 021 | Train Loss: 0.0079382 | Grad norm: 0.026971 | Time: 4s398ms
Epoch: 021 | Test Loss: 0.0079673 | Time: 505ms
Epoch: 022 | Train Loss: 0.0077981 | Grad norm: 0.024902 | Time: 4s300ms
Epoch: 022 | Test Loss: 0.0078237 | Time: 573ms
==> Save the model at epoch 022 with test loss 0.0078237
Epoch: 023 | Train Loss: 0.0077726 | Grad norm: 0.023532 | Time: 4s155ms
Epoch: 023 | Test Loss: 0.0076323 | Time: 520ms
==> Save the model at epoch 023 with test loss 0.0076323
Epoch: 024 | Train Loss: 0.0076770 | Grad norm: 0.023165 | Time: 4s335ms
Epoch: 024 | Test Loss: 0.0076599 | Time: 504ms
Epoch: 025 | Train Loss: 0.0076361 | Grad norm: 0.022949 | Time: 4s264ms
Epoch: 025 | Test Loss: 0.0076490 | Time: 502ms
Epoch: 026 | Train Loss: 0.0076089 | Grad norm: 0.022453 | Time: 4s277ms
Epoch: 026 | Test Loss: 0.0075834 | Time: 499ms
==> Save the model at epoch 026 with test loss 0.0075834
Epoch: 027 | Train Loss: 0.0075400 | Grad norm: 0.021963 | Time: 4s397ms
Epoch: 027 | Test Loss: 0.0076100 | Time: 504ms
Epoch: 028 | Train Loss: 0.0074801 | Grad norm: 0.020368 | Time: 4s267ms
Epoch: 028 | Test Loss: 0.0074568 | Time: 498ms
==> Save the model at epoch 028 with test loss 0.0074568
Epoch: 029 | Train Loss: 0.0074280 | Grad norm: 0.019839 | Time: 4s288ms
Epoch: 029 | Test Loss: 0.0074503 | Time: 501ms
==> Save the model at epoch 029 with test loss 0.0074503
Epoch: 030 | Train Loss: 0.0073897 | Grad norm: 0.020024 | Time: 4s415ms
Epoch: 030 | Test Loss: 0.0074154 | Time: 499ms
==> Save the model at epoch 030 with test loss 0.0074154
Epoch: 031 | Train Loss: 0.0073314 | Grad norm: 0.019252 | Time: 4s452ms
Epoch: 031 | Test Loss: 0.0073536 | Time: 498ms
==> Save the model at epoch 031 with test loss 0.0073536
Epoch: 032 | Train Loss: 0.0072713 | Grad norm: 0.017739 | Time: 4s562ms
Epoch: 032 | Test Loss: 0.0072834 | Time: 516ms
==> Save the model at epoch 032 with test loss 0.0072834
Epoch: 033 | Train Loss: 0.0072230 | Grad norm: 0.018089 | Time: 4s288ms
Epoch: 033 | Test Loss: 0.0072970 | Time: 592ms
Epoch: 034 | Train Loss: 0.0071892 | Grad norm: 0.017336 | Time: 4s315ms
Epoch: 034 | Test Loss: 0.0072601 | Time: 500ms
==> Save the model at epoch 034 with test loss 0.0072601
Epoch: 035 | Train Loss: 0.0071380 | Grad norm: 0.016365 | Time: 4s210ms
Epoch: 035 | Test Loss: 0.0072115 | Time: 516ms
==> Save the model at epoch 035 with test loss 0.0072115
Epoch: 036 | Train Loss: 0.0071054 | Grad norm: 0.016073 | Time: 4s176ms
Epoch: 036 | Test Loss: 0.0071848 | Time: 532ms
==> Save the model at epoch 036 with test loss 0.0071848
Epoch: 037 | Train Loss: 0.0070758 | Grad norm: 0.015904 | Time: 4s144ms
Epoch: 037 | Test Loss: 0.0071710 | Time: 500ms
==> Save the model at epoch 037 with test loss 0.0071710
Epoch: 038 | Train Loss: 0.0070497 | Grad norm: 0.015676 | Time: 4s271ms
Epoch: 038 | Test Loss: 0.0071686 | Time: 500ms
==> Save the model at epoch 038 with test loss 0.0071686
Epoch: 039 | Train Loss: 0.0070301 | Grad norm: 0.015040 | Time: 4s189ms
Epoch: 039 | Test Loss: 0.0071637 | Time: 520ms
==> Save the model at epoch 039 with test loss 0.0071637
Epoch: 040 | Train Loss: 0.0070192 | Grad norm: 0.014992 | Time: 4s428ms
Epoch: 040 | Test Loss: 0.0071621 | Time: 503ms
==> Save the model at epoch 040 with test loss 0.0071621
Total time: 3m12s
==> Saving trained model weights...
==> Input bias to be applied to the neural network (trained):
[0. 0. 0. 0.]
==> Input transform to be applied to the neural network (trained):
[0.7072636  0.72212595 0.6760411  0.67349136]
==> Output transform to be applied to the neural network (trained):
[0.2287 0.2871]
==> Saving training info...
==> Drawing training loss...
==> Drawing grad norm...
==> Drawing testing loss...
==> Process finished.
