==> torch device:  cuda:0
==> Test-Train split: test_ratio = 0.20
==> Test-Train split seed:  None
==> Further split: further_train_ratio = 1.00
==> Further split seed:  None
==> Input bias to be applied to the neural network:
[0. 0.]
==> Input transform to be applied to the neural network:
[0.5090095 0.5090095]
==> Ouput transform to be applied to the neural network:
[3.9366 3.9363]
==> Evaluating model...
==========================================================================================
Layer (type:depth-idx)                   Output Shape              Param #
==========================================================================================
NeuralNetwork                            [1, 2]                    6
├─Sequential: 1-1                        [1, 2]                    --
│    └─Linear: 2-1                       [1, 64]                   192
│    └─ReLU: 2-2                         [1, 64]                   --
│    └─Linear: 2-3                       [1, 64]                   4,160
│    └─ReLU: 2-4                         [1, 64]                   --
│    └─Linear: 2-5                       [1, 64]                   4,160
│    └─ReLU: 2-6                         [1, 64]                   --
│    └─Linear: 2-7                       [1, 64]                   4,160
│    └─ReLU: 2-8                         [1, 64]                   --
│    └─Linear: 2-9                       [1, 64]                   4,160
│    └─ReLU: 2-10                        [1, 64]                   --
│    └─Linear: 2-11                      [1, 64]                   4,160
│    └─ReLU: 2-12                        [1, 64]                   --
│    └─Linear: 2-13                      [1, 64]                   4,160
│    └─ReLU: 2-14                        [1, 64]                   --
│    └─Linear: 2-15                      [1, 2]                    130
├─Sequential: 1-2                        [1, 2]                    (recursive)
│    └─Linear: 2-16                      [1, 64]                   (recursive)
│    └─ReLU: 2-17                        [1, 64]                   --
│    └─Linear: 2-18                      [1, 64]                   (recursive)
│    └─ReLU: 2-19                        [1, 64]                   --
│    └─Linear: 2-20                      [1, 64]                   (recursive)
│    └─ReLU: 2-21                        [1, 64]                   --
│    └─Linear: 2-22                      [1, 64]                   (recursive)
│    └─ReLU: 2-23                        [1, 64]                   --
│    └─Linear: 2-24                      [1, 64]                   (recursive)
│    └─ReLU: 2-25                        [1, 64]                   --
│    └─Linear: 2-26                      [1, 64]                   (recursive)
│    └─ReLU: 2-27                        [1, 64]                   --
│    └─Linear: 2-28                      [1, 64]                   (recursive)
│    └─ReLU: 2-29                        [1, 64]                   --
│    └─Linear: 2-30                      [1, 2]                    (recursive)
==========================================================================================
Total params: 25,288
Trainable params: 25,282
Non-trainable params: 6
Total mult-adds (M): 0.05
==========================================================================================
Input size (MB): 0.00
Forward/backward pass size (MB): 0.01
Params size (MB): 0.10
Estimated Total Size (MB): 0.11
==========================================================================================
==> Saving initial model weights...
==> Start training...
==> Number of param_groups in optimizer: 1
Epoch: 001 | Train Loss: 30.9188835 | Grad norm: 1.031289 | Time: 4s889ms
Epoch: 001 | Test Loss: 31.2815891 | Time: 604ms
==> Save the model at epoch 001 with test loss 31.2815891
Epoch: 002 | Train Loss: 8.8869588 | Grad norm: 5.907434 | Time: 4s797ms
Epoch: 002 | Test Loss: 0.0113021 | Time: 623ms
==> Save the model at epoch 002 with test loss 0.0113021
Epoch: 003 | Train Loss: 0.0102666 | Grad norm: 1.251366 | Time: 5s141ms
Epoch: 003 | Test Loss: 0.0099560 | Time: 599ms
==> Save the model at epoch 003 with test loss 0.0099560
Epoch: 004 | Train Loss: 0.0099437 | Grad norm: 1.367108 | Time: 4s951ms
Epoch: 004 | Test Loss: 0.0081621 | Time: 612ms
==> Save the model at epoch 004 with test loss 0.0081621
Epoch: 005 | Train Loss: 0.0104908 | Grad norm: 1.547801 | Time: 4s967ms
Epoch: 005 | Test Loss: 0.0093569 | Time: 596ms
Epoch: 006 | Train Loss: 0.0114013 | Grad norm: 1.639719 | Time: 4s775ms
Epoch: 006 | Test Loss: 0.0106225 | Time: 591ms
Epoch: 007 | Train Loss: 0.0115843 | Grad norm: 1.585369 | Time: 4s737ms
Epoch: 007 | Test Loss: 0.0109970 | Time: 601ms
Epoch: 008 | Train Loss: 0.0119010 | Grad norm: 1.599372 | Time: 5s105ms
Epoch: 008 | Test Loss: 0.0109147 | Time: 620ms
Epoch: 009 | Train Loss: 0.0118840 | Grad norm: 1.569873 | Time: 4s145ms
Epoch: 009 | Test Loss: 0.0117214 | Time: 642ms
Epoch: 010 | Train Loss: 0.0125311 | Grad norm: 1.617681 | Time: 3s846ms
Epoch: 010 | Test Loss: 0.0114553 | Time: 586ms
Epoch: 011 | Train Loss: 0.0120905 | Grad norm: 1.526272 | Time: 3s894ms
Epoch: 011 | Test Loss: 0.0124619 | Time: 588ms
Epoch: 012 | Train Loss: 0.0115254 | Grad norm: 1.449678 | Time: 3s841ms
Epoch: 012 | Test Loss: 0.0182814 | Time: 644ms
Epoch: 013 | Train Loss: 0.0122497 | Grad norm: 1.540385 | Time: 3s839ms
Epoch: 013 | Test Loss: 0.0116139 | Time: 586ms
Epoch: 014 | Train Loss: 0.0118320 | Grad norm: 1.494491 | Time: 3s902ms
Epoch: 014 | Test Loss: 0.0092226 | Time: 582ms
Epoch: 015 | Train Loss: 0.0103584 | Grad norm: 1.237264 | Time: 3s841ms
Epoch: 015 | Test Loss: 0.0106806 | Time: 645ms
Epoch: 016 | Train Loss: 0.0117720 | Grad norm: 1.447934 | Time: 3s837ms
Epoch: 016 | Test Loss: 0.0108888 | Time: 586ms
Epoch: 017 | Train Loss: 0.0102385 | Grad norm: 1.200868 | Time: 3s904ms
Epoch: 017 | Test Loss: 0.0084775 | Time: 583ms
Epoch: 018 | Train Loss: 0.0099022 | Grad norm: 1.135092 | Time: 3s843ms
Epoch: 018 | Test Loss: 0.0099880 | Time: 647ms
Epoch: 019 | Train Loss: 0.0096362 | Grad norm: 1.073198 | Time: 5s68ms
Epoch: 019 | Test Loss: 0.0106386 | Time: 600ms
Epoch: 020 | Train Loss: 0.0096972 | Grad norm: 1.091717 | Time: 5s351ms
Epoch: 020 | Test Loss: 0.0101566 | Time: 600ms
Epoch: 021 | Train Loss: 0.0093397 | Grad norm: 1.003937 | Time: 4s968ms
Epoch: 021 | Test Loss: 0.0082637 | Time: 664ms
Epoch: 022 | Train Loss: 0.0089395 | Grad norm: 0.919143 | Time: 4s880ms
Epoch: 022 | Test Loss: 0.0088898 | Time: 598ms
Epoch: 023 | Train Loss: 0.0089837 | Grad norm: 0.908789 | Time: 4s978ms
Epoch: 023 | Test Loss: 0.0090272 | Time: 605ms
Epoch: 024 | Train Loss: 0.0088698 | Grad norm: 0.903221 | Time: 4s775ms
Epoch: 024 | Test Loss: 0.0099929 | Time: 671ms
Epoch: 025 | Train Loss: 0.0084092 | Grad norm: 0.759537 | Time: 4s264ms
Epoch: 025 | Test Loss: 0.0080702 | Time: 630ms
==> Save the model at epoch 025 with test loss 0.0080702
Epoch: 026 | Train Loss: 0.0083910 | Grad norm: 0.770352 | Time: 4s829ms
Epoch: 026 | Test Loss: 0.0091825 | Time: 591ms
Epoch: 027 | Train Loss: 0.0081152 | Grad norm: 0.682558 | Time: 4s230ms
Epoch: 027 | Test Loss: 0.0077559 | Time: 680ms
==> Save the model at epoch 027 with test loss 0.0077559
Epoch: 028 | Train Loss: 0.0079866 | Grad norm: 0.643821 | Time: 4s849ms
Epoch: 028 | Test Loss: 0.0089531 | Time: 601ms
Epoch: 029 | Train Loss: 0.0078271 | Grad norm: 0.590811 | Time: 4s816ms
Epoch: 029 | Test Loss: 0.0078978 | Time: 593ms
Epoch: 030 | Train Loss: 0.0078520 | Grad norm: 0.601541 | Time: 3s840ms
Epoch: 030 | Test Loss: 0.0082735 | Time: 643ms
Epoch: 031 | Train Loss: 0.0076917 | Grad norm: 0.550187 | Time: 3s851ms
Epoch: 031 | Test Loss: 0.0076434 | Time: 587ms
==> Save the model at epoch 031 with test loss 0.0076434
Epoch: 032 | Train Loss: 0.0075561 | Grad norm: 0.493326 | Time: 3s896ms
Epoch: 032 | Test Loss: 0.0074116 | Time: 588ms
==> Save the model at epoch 032 with test loss 0.0074116
Epoch: 033 | Train Loss: 0.0074384 | Grad norm: 0.427308 | Time: 5s100ms
Epoch: 033 | Test Loss: 0.0073339 | Time: 671ms
==> Save the model at epoch 033 with test loss 0.0073339
Epoch: 034 | Train Loss: 0.0073984 | Grad norm: 0.421297 | Time: 4s903ms
Epoch: 034 | Test Loss: 0.0073059 | Time: 604ms
==> Save the model at epoch 034 with test loss 0.0073059
Epoch: 035 | Train Loss: 0.0073312 | Grad norm: 0.391746 | Time: 5s12ms
Epoch: 035 | Test Loss: 0.0073334 | Time: 603ms
Epoch: 036 | Train Loss: 0.0072319 | Grad norm: 0.330000 | Time: 4s941ms
Epoch: 036 | Test Loss: 0.0072706 | Time: 611ms
==> Save the model at epoch 036 with test loss 0.0072706
Epoch: 037 | Train Loss: 0.0071787 | Grad norm: 0.302674 | Time: 5s112ms
Epoch: 037 | Test Loss: 0.0073416 | Time: 602ms
Epoch: 038 | Train Loss: 0.0071397 | Grad norm: 0.273966 | Time: 4s933ms
Epoch: 038 | Test Loss: 0.0071352 | Time: 596ms
==> Save the model at epoch 038 with test loss 0.0071352
Epoch: 039 | Train Loss: 0.0071101 | Grad norm: 0.263142 | Time: 4s898ms
Epoch: 039 | Test Loss: 0.0071590 | Time: 601ms
Epoch: 040 | Train Loss: 0.0070789 | Grad norm: 0.231042 | Time: 4s326ms
Epoch: 040 | Test Loss: 0.0071302 | Time: 599ms
==> Save the model at epoch 040 with test loss 0.0071302
Total time: 3m26s
==> Saving trained model weights...
==> Input bias to be applied to the neural network (trained):
[0. 0.]
==> Input transform to be applied to the neural network (trained):
[0.5090095 0.5090095]
==> Output transform to be applied to the neural network (trained):
[3.9366 3.9363]
==> Saving training info...
==> Drawing training loss...
==> Drawing grad norm...
==> Drawing testing loss...
==> Process finished.
