==> torch device:  cuda:1
==> Test-Train split: test_ratio = 0.20
==> Test-Train split seed:  None
==> Further split: further_train_ratio = 0.25
==> Further split seed:  None
==> Input bias to be applied to the neural network:
[0. 0. 0. 0.]
==> Input transform to be applied to the neural network:
[0.708416   0.723275   0.67681897 0.67421794]
==> Ouput transform to be applied to the neural network:
[0.2339 0.2936]
==> Evaluating model...
==========================================================================================
Layer (type:depth-idx)                   Output Shape              Param #
==========================================================================================
NeuralNetwork                            [1, 2]                    10
├─Sequential: 1-1                        [1, 2]                    --
│    └─Linear: 2-1                       [1, 64]                   320
│    └─ReLU: 2-2                         [1, 64]                   --
│    └─Linear: 2-3                       [1, 64]                   4,160
│    └─ReLU: 2-4                         [1, 64]                   --
│    └─Linear: 2-5                       [1, 64]                   4,160
│    └─ReLU: 2-6                         [1, 64]                   --
│    └─Linear: 2-7                       [1, 64]                   4,160
│    └─ReLU: 2-8                         [1, 64]                   --
│    └─Linear: 2-9                       [1, 64]                   4,160
│    └─ReLU: 2-10                        [1, 64]                   --
│    └─Linear: 2-11                      [1, 64]                   4,160
│    └─ReLU: 2-12                        [1, 64]                   --
│    └─Linear: 2-13                      [1, 64]                   4,160
│    └─ReLU: 2-14                        [1, 64]                   --
│    └─Linear: 2-15                      [1, 2]                    130
├─Sequential: 1-2                        [1, 2]                    (recursive)
│    └─Linear: 2-16                      [1, 64]                   (recursive)
│    └─ReLU: 2-17                        [1, 64]                   --
│    └─Linear: 2-18                      [1, 64]                   (recursive)
│    └─ReLU: 2-19                        [1, 64]                   --
│    └─Linear: 2-20                      [1, 64]                   (recursive)
│    └─ReLU: 2-21                        [1, 64]                   --
│    └─Linear: 2-22                      [1, 64]                   (recursive)
│    └─ReLU: 2-23                        [1, 64]                   --
│    └─Linear: 2-24                      [1, 64]                   (recursive)
│    └─ReLU: 2-25                        [1, 64]                   --
│    └─Linear: 2-26                      [1, 64]                   (recursive)
│    └─ReLU: 2-27                        [1, 64]                   --
│    └─Linear: 2-28                      [1, 64]                   (recursive)
│    └─ReLU: 2-29                        [1, 64]                   --
│    └─Linear: 2-30                      [1, 2]                    (recursive)
==========================================================================================
Total params: 25,420
Trainable params: 25,410
Non-trainable params: 10
Total mult-adds (Units.MEGABYTES): 0.05
==========================================================================================
Input size (MB): 0.00
Forward/backward pass size (MB): 0.01
Params size (MB): 0.10
Estimated Total Size (MB): 0.11
==========================================================================================
==> Saving initial model weights...
==> Start training...
==> Number of param_groups in optimizer: 1
Epoch: 001 | Train Loss: 0.1409815 | Grad norm: 0.005038 | Time: 1s334ms
Epoch: 001 | Test Loss: 0.1415638 | Time: 499ms
==> Save the model at epoch 001 with test loss 0.1415638
Epoch: 002 | Train Loss: 0.1284615 | Grad norm: 0.036833 | Time: 1s158ms
Epoch: 002 | Test Loss: 0.0860335 | Time: 498ms
==> Save the model at epoch 002 with test loss 0.0860335
Epoch: 003 | Train Loss: 0.0328914 | Grad norm: 0.052695 | Time: 1s191ms
Epoch: 003 | Test Loss: 0.0110556 | Time: 567ms
==> Save the model at epoch 003 with test loss 0.0110556
Epoch: 004 | Train Loss: 0.0112550 | Grad norm: 0.033932 | Time: 1s115ms
Epoch: 004 | Test Loss: 0.0105248 | Time: 495ms
==> Save the model at epoch 004 with test loss 0.0105248
Epoch: 005 | Train Loss: 0.0109493 | Grad norm: 0.029914 | Time: 1s51ms
Epoch: 005 | Test Loss: 0.0104900 | Time: 497ms
==> Save the model at epoch 005 with test loss 0.0104900
Epoch: 006 | Train Loss: 0.0109361 | Grad norm: 0.033657 | Time: 1s97ms
Epoch: 006 | Test Loss: 0.0103459 | Time: 496ms
==> Save the model at epoch 006 with test loss 0.0103459
Epoch: 007 | Train Loss: 0.0108664 | Grad norm: 0.030246 | Time: 1s14ms
Epoch: 007 | Test Loss: 0.0103830 | Time: 579ms
Epoch: 008 | Train Loss: 0.0108297 | Grad norm: 0.028544 | Time: 1s53ms
Epoch: 008 | Test Loss: 0.0104482 | Time: 494ms
Epoch: 009 | Train Loss: 0.0108038 | Grad norm: 0.030378 | Time: 1s56ms
Epoch: 009 | Test Loss: 0.0104462 | Time: 510ms
Epoch: 010 | Train Loss: 0.0108064 | Grad norm: 0.033407 | Time: 1s139ms
Epoch: 010 | Test Loss: 0.0104333 | Time: 498ms
Epoch: 011 | Train Loss: 0.0106651 | Grad norm: 0.028576 | Time: 1s85ms
Epoch: 011 | Test Loss: 0.0104001 | Time: 567ms
Epoch: 012 | Train Loss: 0.0106124 | Grad norm: 0.026516 | Time: 1s94ms
Epoch: 012 | Test Loss: 0.0102640 | Time: 511ms
==> Save the model at epoch 012 with test loss 0.0102640
Epoch: 013 | Train Loss: 0.0105593 | Grad norm: 0.026690 | Time: 996ms
Epoch: 013 | Test Loss: 0.0102584 | Time: 495ms
==> Save the model at epoch 013 with test loss 0.0102584
Epoch: 014 | Train Loss: 0.0105167 | Grad norm: 0.026266 | Time: 1s60ms
Epoch: 014 | Test Loss: 0.0101378 | Time: 499ms
==> Save the model at epoch 014 with test loss 0.0101378
Epoch: 015 | Train Loss: 0.0104769 | Grad norm: 0.025704 | Time: 1s34ms
Epoch: 015 | Test Loss: 0.0102116 | Time: 568ms
Epoch: 016 | Train Loss: 0.0104225 | Grad norm: 0.025394 | Time: 1s25ms
Epoch: 016 | Test Loss: 0.0101750 | Time: 525ms
Epoch: 017 | Train Loss: 0.0103231 | Grad norm: 0.022353 | Time: 1s78ms
Epoch: 017 | Test Loss: 0.0099960 | Time: 513ms
==> Save the model at epoch 017 with test loss 0.0099960
Epoch: 018 | Train Loss: 0.0103272 | Grad norm: 0.023018 | Time: 1s37ms
Epoch: 018 | Test Loss: 0.0099455 | Time: 496ms
==> Save the model at epoch 018 with test loss 0.0099455
Epoch: 019 | Train Loss: 0.0102886 | Grad norm: 0.022953 | Time: 1s152ms
Epoch: 019 | Test Loss: 0.0099509 | Time: 580ms
Epoch: 020 | Train Loss: 0.0102466 | Grad norm: 0.021885 | Time: 1s122ms
Epoch: 020 | Test Loss: 0.0099577 | Time: 496ms
Epoch: 021 | Train Loss: 0.0102656 | Grad norm: 0.023431 | Time: 1s135ms
Epoch: 021 | Test Loss: 0.0099175 | Time: 527ms
==> Save the model at epoch 021 with test loss 0.0099175
Epoch: 022 | Train Loss: 0.0102065 | Grad norm: 0.022480 | Time: 1s78ms
Epoch: 022 | Test Loss: 0.0099038 | Time: 505ms
==> Save the model at epoch 022 with test loss 0.0099038
Epoch: 023 | Train Loss: 0.0101737 | Grad norm: 0.022967 | Time: 1s32ms
Epoch: 023 | Test Loss: 0.0099307 | Time: 563ms
Epoch: 024 | Train Loss: 0.0101451 | Grad norm: 0.021905 | Time: 1s6ms
Epoch: 024 | Test Loss: 0.0098262 | Time: 530ms
==> Save the model at epoch 024 with test loss 0.0098262
Epoch: 025 | Train Loss: 0.0101012 | Grad norm: 0.022267 | Time: 1s77ms
Epoch: 025 | Test Loss: 0.0098021 | Time: 495ms
==> Save the model at epoch 025 with test loss 0.0098021
Epoch: 026 | Train Loss: 0.0100312 | Grad norm: 0.019686 | Time: 1s74ms
Epoch: 026 | Test Loss: 0.0098122 | Time: 493ms
Epoch: 027 | Train Loss: 0.0099908 | Grad norm: 0.019890 | Time: 1s177ms
Epoch: 027 | Test Loss: 0.0097810 | Time: 567ms
==> Save the model at epoch 027 with test loss 0.0097810
Epoch: 028 | Train Loss: 0.0099868 | Grad norm: 0.021268 | Time: 1s62ms
Epoch: 028 | Test Loss: 0.0097762 | Time: 495ms
==> Save the model at epoch 028 with test loss 0.0097762
Epoch: 029 | Train Loss: 0.0099430 | Grad norm: 0.022068 | Time: 1s118ms
Epoch: 029 | Test Loss: 0.0096955 | Time: 521ms
==> Save the model at epoch 029 with test loss 0.0096955
Epoch: 030 | Train Loss: 0.0098969 | Grad norm: 0.021198 | Time: 1s13ms
Epoch: 030 | Test Loss: 0.0096911 | Time: 511ms
==> Save the model at epoch 030 with test loss 0.0096911
Epoch: 031 | Train Loss: 0.0098598 | Grad norm: 0.021081 | Time: 1s15ms
Epoch: 031 | Test Loss: 0.0096407 | Time: 565ms
==> Save the model at epoch 031 with test loss 0.0096407
Epoch: 032 | Train Loss: 0.0098267 | Grad norm: 0.022774 | Time: 1s89ms
Epoch: 032 | Test Loss: 0.0096554 | Time: 507ms
Epoch: 033 | Train Loss: 0.0097833 | Grad norm: 0.021257 | Time: 1s129ms
Epoch: 033 | Test Loss: 0.0095798 | Time: 579ms
==> Save the model at epoch 033 with test loss 0.0095798
Epoch: 034 | Train Loss: 0.0097644 | Grad norm: 0.020947 | Time: 1s45ms
Epoch: 034 | Test Loss: 0.0096124 | Time: 524ms
Epoch: 035 | Train Loss: 0.0097120 | Grad norm: 0.021837 | Time: 1s86ms
Epoch: 035 | Test Loss: 0.0095233 | Time: 612ms
==> Save the model at epoch 035 with test loss 0.0095233
Epoch: 036 | Train Loss: 0.0096804 | Grad norm: 0.020366 | Time: 1s76ms
Epoch: 036 | Test Loss: 0.0095193 | Time: 569ms
==> Save the model at epoch 036 with test loss 0.0095193
Epoch: 037 | Train Loss: 0.0096702 | Grad norm: 0.021426 | Time: 1s192ms
Epoch: 037 | Test Loss: 0.0095206 | Time: 502ms
Epoch: 038 | Train Loss: 0.0096519 | Grad norm: 0.020305 | Time: 1s62ms
Epoch: 038 | Test Loss: 0.0095043 | Time: 495ms
==> Save the model at epoch 038 with test loss 0.0095043
Epoch: 039 | Train Loss: 0.0096943 | Grad norm: 0.020604 | Time: 1s56ms
Epoch: 039 | Test Loss: 0.0094989 | Time: 569ms
==> Save the model at epoch 039 with test loss 0.0094989
Epoch: 040 | Train Loss: 0.0096415 | Grad norm: 0.020431 | Time: 1s54ms
Epoch: 040 | Test Loss: 0.0094978 | Time: 496ms
==> Save the model at epoch 040 with test loss 0.0094978
Total time: 1m4s
==> Saving trained model weights...
==> Input bias to be applied to the neural network (trained):
[0. 0. 0. 0.]
==> Input transform to be applied to the neural network (trained):
[0.708416   0.723275   0.67681897 0.67421794]
==> Output transform to be applied to the neural network (trained):
[0.2339 0.2936]
==> Saving training info...
==> Drawing training loss...
==> Drawing grad norm...
==> Drawing testing loss...
==> Process finished.
