==> torch device:  cuda:2
==> Test-Train split: test_ratio = 0.20
==> Test-Train split seed:  None
==> Further split: further_train_ratio = 1.00
==> Further split seed:  None
==> Input bias to be applied to the neural network:
[0. 0.]
==> Input transform to be applied to the neural network:
[1. 1.]
==> Ouput transform to be applied to the neural network:
[1. 1.]
==> Evaluating model...
==========================================================================================
Layer (type:depth-idx)                   Output Shape              Param #
==========================================================================================
NeuralNetwork                            [1, 2]                    6
├─Sequential: 1-1                        [1, 2]                    --
│    └─Linear: 2-1                       [1, 64]                   192
│    └─LeakyReLU: 2-2                    [1, 64]                   --
│    └─Linear: 2-3                       [1, 64]                   4,160
│    └─LeakyReLU: 2-4                    [1, 64]                   --
│    └─Linear: 2-5                       [1, 64]                   4,160
│    └─LeakyReLU: 2-6                    [1, 64]                   --
│    └─Linear: 2-7                       [1, 64]                   4,160
│    └─LeakyReLU: 2-8                    [1, 64]                   --
│    └─Linear: 2-9                       [1, 64]                   4,160
│    └─LeakyReLU: 2-10                   [1, 64]                   --
│    └─Linear: 2-11                      [1, 64]                   4,160
│    └─LeakyReLU: 2-12                   [1, 64]                   --
│    └─Linear: 2-13                      [1, 64]                   4,160
│    └─LeakyReLU: 2-14                   [1, 64]                   --
│    └─Linear: 2-15                      [1, 2]                    130
==========================================================================================
Total params: 25,288
Trainable params: 25,282
Non-trainable params: 6
Total mult-adds (Units.MEGABYTES): 0.03
==========================================================================================
Input size (MB): 0.00
Forward/backward pass size (MB): 0.00
Params size (MB): 0.10
Estimated Total Size (MB): 0.10
==========================================================================================
==> Saving initial model weights...
==> Start training...
Epoch: 001 | Loss: 0.3041564 | L2 loss: 0.3040490 | Lip loss: 0.0001074 | Grad norm: 1.497730 | Time: 57s800ms
Epoch: 001 | Test Loss: 0.0043581 | Time: 788ms
==> Save the model at epoch 001 with test loss 0.0043581
Epoch: 002 | Loss: 0.0045240 | L2 loss: 0.0044149 | Lip loss: 0.0001091 | Grad norm: 0.600913 | Time: 57s318ms
Epoch: 002 | Test Loss: 0.0032275 | Time: 714ms
==> Save the model at epoch 002 with test loss 0.0032275
Epoch: 003 | Loss: 0.0039476 | L2 loss: 0.0038384 | Lip loss: 0.0001091 | Grad norm: 0.472048 | Time: 56s507ms
Epoch: 003 | Test Loss: 0.0031692 | Time: 718ms
==> Save the model at epoch 003 with test loss 0.0031692
Epoch: 004 | Loss: 0.0038440 | L2 loss: 0.0037359 | Lip loss: 0.0001081 | Grad norm: 0.467112 | Time: 57s285ms
Epoch: 004 | Test Loss: 0.0030565 | Time: 711ms
==> Save the model at epoch 004 with test loss 0.0030565
Epoch: 005 | Loss: 0.0037266 | L2 loss: 0.0036180 | Lip loss: 0.0001086 | Grad norm: 0.423790 | Time: 56s324ms
Epoch: 005 | Test Loss: 0.0029996 | Time: 716ms
==> Save the model at epoch 005 with test loss 0.0029996
Epoch: 006 | Loss: 0.0028726 | L2 loss: 0.0027641 | Lip loss: 0.0001085 | Grad norm: 0.110261 | Time: 57s73ms
Epoch: 006 | Test Loss: 0.0027514 | Time: 718ms
==> Save the model at epoch 006 with test loss 0.0027514
Epoch: 007 | Loss: 0.0028755 | L2 loss: 0.0027667 | Lip loss: 0.0001088 | Grad norm: 0.120806 | Time: 57s213ms
Epoch: 007 | Test Loss: 0.0027681 | Time: 713ms
Epoch: 008 | Loss: 0.0028889 | L2 loss: 0.0027802 | Lip loss: 0.0001087 | Grad norm: 0.134427 | Time: 57s154ms
Epoch: 008 | Test Loss: 0.0028288 | Time: 787ms
Epoch: 009 | Loss: 0.0028927 | L2 loss: 0.0027841 | Lip loss: 0.0001086 | Grad norm: 0.137720 | Time: 56s896ms
Epoch: 009 | Test Loss: 0.0027840 | Time: 720ms
Epoch: 010 | Loss: 0.0029174 | L2 loss: 0.0028090 | Lip loss: 0.0001084 | Grad norm: 0.158748 | Time: 56s635ms
Epoch: 010 | Test Loss: 0.0027921 | Time: 715ms
Epoch: 011 | Loss: 0.0028187 | L2 loss: 0.0027097 | Lip loss: 0.0001090 | Grad norm: 0.087491 | Time: 57s341ms
Epoch: 011 | Test Loss: 0.0027271 | Time: 712ms
==> Save the model at epoch 011 with test loss 0.0027271
Epoch: 012 | Loss: 0.0028174 | L2 loss: 0.0027087 | Lip loss: 0.0001087 | Grad norm: 0.088062 | Time: 58s552ms
Epoch: 012 | Test Loss: 0.0027317 | Time: 711ms
Epoch: 013 | Loss: 0.0028184 | L2 loss: 0.0027095 | Lip loss: 0.0001088 | Grad norm: 0.091316 | Time: 57s808ms
Epoch: 013 | Test Loss: 0.0027336 | Time: 710ms
Epoch: 014 | Loss: 0.0028192 | L2 loss: 0.0027105 | Lip loss: 0.0001087 | Grad norm: 0.092123 | Time: 56s287ms
Epoch: 014 | Test Loss: 0.0027263 | Time: 709ms
==> Save the model at epoch 014 with test loss 0.0027263
Epoch: 015 | Loss: 0.0028192 | L2 loss: 0.0027109 | Lip loss: 0.0001084 | Grad norm: 0.092634 | Time: 56s904ms
Epoch: 015 | Test Loss: 0.0027510 | Time: 788ms
Epoch: 016 | Loss: 0.0028059 | L2 loss: 0.0026973 | Lip loss: 0.0001086 | Grad norm: 0.079604 | Time: 57s233ms
Epoch: 016 | Test Loss: 0.0027210 | Time: 711ms
==> Save the model at epoch 016 with test loss 0.0027210
Epoch: 017 | Loss: 0.0028049 | L2 loss: 0.0026966 | Lip loss: 0.0001084 | Grad norm: 0.080078 | Time: 55s614ms
Epoch: 017 | Test Loss: 0.0027226 | Time: 711ms
Epoch: 018 | Loss: 0.0028050 | L2 loss: 0.0026964 | Lip loss: 0.0001085 | Grad norm: 0.078252 | Time: 56s285ms
Epoch: 018 | Test Loss: 0.0027217 | Time: 714ms
Epoch: 019 | Loss: 0.0028048 | L2 loss: 0.0026960 | Lip loss: 0.0001087 | Grad norm: 0.079329 | Time: 57s637ms
Epoch: 019 | Test Loss: 0.0027206 | Time: 719ms
==> Save the model at epoch 019 with test loss 0.0027206
Epoch: 020 | Loss: 0.0028052 | L2 loss: 0.0026964 | Lip loss: 0.0001087 | Grad norm: 0.077402 | Time: 57s542ms
Epoch: 020 | Test Loss: 0.0027202 | Time: 713ms
==> Save the model at epoch 020 with test loss 0.0027202
Epoch: 021 | Loss: 0.0028035 | L2 loss: 0.0026947 | Lip loss: 0.0001088 | Grad norm: 0.076513 | Time: 56s590ms
Epoch: 021 | Test Loss: 0.0027202 | Time: 716ms
Epoch: 022 | Loss: 0.0028034 | L2 loss: 0.0026947 | Lip loss: 0.0001087 | Grad norm: 0.077685 | Time: 56s738ms
Epoch: 022 | Test Loss: 0.0027204 | Time: 712ms
Epoch: 023 | Loss: 0.0028031 | L2 loss: 0.0026947 | Lip loss: 0.0001084 | Grad norm: 0.076438 | Time: 56s628ms
Epoch: 023 | Test Loss: 0.0027201 | Time: 781ms
==> Save the model at epoch 023 with test loss 0.0027201
Epoch: 024 | Loss: 0.0028029 | L2 loss: 0.0026947 | Lip loss: 0.0001082 | Grad norm: 0.078694 | Time: 57s984ms
Epoch: 024 | Test Loss: 0.0027202 | Time: 719ms
Epoch: 025 | Loss: 0.0028034 | L2 loss: 0.0026947 | Lip loss: 0.0001087 | Grad norm: 0.076012 | Time: 57s78ms
Epoch: 025 | Test Loss: 0.0027206 | Time: 714ms
Epoch: 026 | Loss: 0.0028032 | L2 loss: 0.0026945 | Lip loss: 0.0001087 | Grad norm: 0.078995 | Time: 56s235ms
Epoch: 026 | Test Loss: 0.0027203 | Time: 714ms
Epoch: 027 | Loss: 0.0028032 | L2 loss: 0.0026944 | Lip loss: 0.0001088 | Grad norm: 0.076485 | Time: 56s19ms
Epoch: 027 | Test Loss: 0.0027202 | Time: 729ms
Epoch: 028 | Loss: 0.0028028 | L2 loss: 0.0026944 | Lip loss: 0.0001084 | Grad norm: 0.074321 | Time: 56s404ms
Epoch: 028 | Test Loss: 0.0027202 | Time: 737ms
Epoch: 029 | Loss: 0.0028033 | L2 loss: 0.0026944 | Lip loss: 0.0001089 | Grad norm: 0.076034 | Time: 56s224ms
Epoch: 029 | Test Loss: 0.0027202 | Time: 715ms
Epoch: 030 | Loss: 0.0028032 | L2 loss: 0.0026944 | Lip loss: 0.0001087 | Grad norm: 0.077029 | Time: 56s511ms
Epoch: 030 | Test Loss: 0.0027202 | Time: 796ms
Epoch: 031 | Loss: 0.0028032 | L2 loss: 0.0026944 | Lip loss: 0.0001088 | Grad norm: 0.075561 | Time: 56s980ms
Epoch: 031 | Test Loss: 0.0027202 | Time: 711ms
Epoch: 032 | Loss: 0.0028030 | L2 loss: 0.0026944 | Lip loss: 0.0001086 | Grad norm: 0.076057 | Time: 57s346ms
Epoch: 032 | Test Loss: 0.0027202 | Time: 721ms
Epoch: 033 | Loss: 0.0028027 | L2 loss: 0.0026944 | Lip loss: 0.0001083 | Grad norm: 0.077151 | Time: 56s964ms
Epoch: 033 | Test Loss: 0.0027202 | Time: 711ms
Epoch: 034 | Loss: 0.0028030 | L2 loss: 0.0026944 | Lip loss: 0.0001086 | Grad norm: 0.077753 | Time: 56s390ms
Epoch: 034 | Test Loss: 0.0027202 | Time: 714ms
Epoch: 035 | Loss: 0.0028031 | L2 loss: 0.0026944 | Lip loss: 0.0001087 | Grad norm: 0.078331 | Time: 56s626ms
Epoch: 035 | Test Loss: 0.0027202 | Time: 714ms
Epoch: 036 | Loss: 0.0028028 | L2 loss: 0.0026944 | Lip loss: 0.0001084 | Grad norm: 0.077373 | Time: 56s646ms
Epoch: 036 | Test Loss: 0.0027202 | Time: 716ms
Epoch: 037 | Loss: 0.0028032 | L2 loss: 0.0026944 | Lip loss: 0.0001088 | Grad norm: 0.077195 | Time: 56s790ms
Epoch: 037 | Test Loss: 0.0027202 | Time: 875ms
Epoch: 038 | Loss: 0.0028033 | L2 loss: 0.0026944 | Lip loss: 0.0001089 | Grad norm: 0.076756 | Time: 57s596ms
Epoch: 038 | Test Loss: 0.0027202 | Time: 723ms
Epoch: 039 | Loss: 0.0028029 | L2 loss: 0.0026944 | Lip loss: 0.0001085 | Grad norm: 0.075388 | Time: 57s530ms
Epoch: 039 | Test Loss: 0.0027202 | Time: 731ms
Epoch: 040 | Loss: 0.0028032 | L2 loss: 0.0026944 | Lip loss: 0.0001088 | Grad norm: 0.076541 | Time: 56s218ms
Epoch: 040 | Test Loss: 0.0027202 | Time: 720ms
Total time: 38m26s
==> Saving trained model weights...
==> Input bias to be applied to the neural network (trained):
[0. 0.]
==> Input transform to be applied to the neural network (trained):
[1. 1.]
==> Output transform to be applied to the neural network (trained):
[1. 1.]
==> Saving training info...
==> Drawing training loss...
==> Drawing grad norm...
==> Drawing testing loss...
==> Drawing l2 loss...
==> Drawing lip loss...
==> Process finished.
