==> torch device:  cuda:1
==> Test-Train split: test_ratio = 0.20
==> Test-Train split seed:  None
==> Further split: further_train_ratio = 0.25
==> Further split seed:  None
==> Input bias to be applied to the neural network:
[0. 0.]
==> Input transform to be applied to the neural network:
[0.5090095 0.5090095]
==> Ouput transform to be applied to the neural network:
[3.9366 3.9363]
==> Evaluating model...
==========================================================================================
Layer (type:depth-idx)                   Output Shape              Param #
==========================================================================================
NeuralNetwork                            [1, 2]                    6
├─Sequential: 1-1                        [1, 2]                    --
│    └─Linear: 2-1                       [1, 64]                   192
│    └─ReLU: 2-2                         [1, 64]                   --
│    └─Linear: 2-3                       [1, 64]                   4,160
│    └─ReLU: 2-4                         [1, 64]                   --
│    └─Linear: 2-5                       [1, 64]                   4,160
│    └─ReLU: 2-6                         [1, 64]                   --
│    └─Linear: 2-7                       [1, 64]                   4,160
│    └─ReLU: 2-8                         [1, 64]                   --
│    └─Linear: 2-9                       [1, 64]                   4,160
│    └─ReLU: 2-10                        [1, 64]                   --
│    └─Linear: 2-11                      [1, 64]                   4,160
│    └─ReLU: 2-12                        [1, 64]                   --
│    └─Linear: 2-13                      [1, 64]                   4,160
│    └─ReLU: 2-14                        [1, 64]                   --
│    └─Linear: 2-15                      [1, 2]                    130
├─Sequential: 1-2                        [1, 2]                    (recursive)
│    └─Linear: 2-16                      [1, 64]                   (recursive)
│    └─ReLU: 2-17                        [1, 64]                   --
│    └─Linear: 2-18                      [1, 64]                   (recursive)
│    └─ReLU: 2-19                        [1, 64]                   --
│    └─Linear: 2-20                      [1, 64]                   (recursive)
│    └─ReLU: 2-21                        [1, 64]                   --
│    └─Linear: 2-22                      [1, 64]                   (recursive)
│    └─ReLU: 2-23                        [1, 64]                   --
│    └─Linear: 2-24                      [1, 64]                   (recursive)
│    └─ReLU: 2-25                        [1, 64]                   --
│    └─Linear: 2-26                      [1, 64]                   (recursive)
│    └─ReLU: 2-27                        [1, 64]                   --
│    └─Linear: 2-28                      [1, 64]                   (recursive)
│    └─ReLU: 2-29                        [1, 64]                   --
│    └─Linear: 2-30                      [1, 2]                    (recursive)
==========================================================================================
Total params: 25,288
Trainable params: 25,282
Non-trainable params: 6
Total mult-adds (Units.MEGABYTES): 0.05
==========================================================================================
Input size (MB): 0.00
Forward/backward pass size (MB): 0.01
Params size (MB): 0.10
Estimated Total Size (MB): 0.11
==========================================================================================
==> Saving initial model weights...
==> Start training...
==> Number of param_groups in optimizer: 1
Epoch: 001 | Train Loss: 30.8557851 | Grad norm: 0.756042 | Time: 1s398ms
Epoch: 001 | Test Loss: 30.7666147 | Time: 506ms
==> Save the model at epoch 001 with test loss 30.7666147
Epoch: 002 | Train Loss: 7.7922681 | Grad norm: 13.518531 | Time: 1s248ms
Epoch: 002 | Test Loss: 0.0475941 | Time: 479ms
==> Save the model at epoch 002 with test loss 0.0475941
Epoch: 003 | Train Loss: 0.0493828 | Grad norm: 4.212929 | Time: 1s168ms
Epoch: 003 | Test Loss: 0.0252284 | Time: 566ms
==> Save the model at epoch 003 with test loss 0.0252284
Epoch: 004 | Train Loss: 0.0852311 | Grad norm: 5.492006 | Time: 1s27ms
Epoch: 004 | Test Loss: 0.2709786 | Time: 473ms
Epoch: 005 | Train Loss: 0.1033511 | Grad norm: 5.675389 | Time: 1s161ms
Epoch: 005 | Test Loss: 0.0761623 | Time: 491ms
Epoch: 006 | Train Loss: 0.1647485 | Grad norm: 7.730543 | Time: 1s151ms
Epoch: 006 | Test Loss: 0.0568295 | Time: 472ms
Epoch: 007 | Train Loss: 0.1560662 | Grad norm: 7.714269 | Time: 1s156ms
Epoch: 007 | Test Loss: 0.1532847 | Time: 560ms
Epoch: 008 | Train Loss: 0.1825914 | Grad norm: 8.563148 | Time: 1s89ms
Epoch: 008 | Test Loss: 0.0924161 | Time: 487ms
Epoch: 009 | Train Loss: 0.2809487 | Grad norm: 10.378272 | Time: 1s137ms
Epoch: 009 | Test Loss: 0.1500749 | Time: 490ms
Epoch: 010 | Train Loss: 0.2055800 | Grad norm: 8.909984 | Time: 1s96ms
Epoch: 010 | Test Loss: 0.1216596 | Time: 479ms
Epoch: 011 | Train Loss: 0.2114000 | Grad norm: 9.491478 | Time: 1s238ms
Epoch: 011 | Test Loss: 0.0932594 | Time: 583ms
Epoch: 012 | Train Loss: 0.1504429 | Grad norm: 8.374471 | Time: 1s112ms
Epoch: 012 | Test Loss: 0.2297973 | Time: 500ms
Epoch: 013 | Train Loss: 0.1520799 | Grad norm: 7.846364 | Time: 1s111ms
Epoch: 013 | Test Loss: 0.0455066 | Time: 500ms
Epoch: 014 | Train Loss: 0.1245242 | Grad norm: 7.049290 | Time: 1s284ms
Epoch: 014 | Test Loss: 0.2519569 | Time: 514ms
Epoch: 015 | Train Loss: 0.1152640 | Grad norm: 6.836720 | Time: 1s156ms
Epoch: 015 | Test Loss: 0.2505104 | Time: 560ms
Epoch: 016 | Train Loss: 0.0838551 | Grad norm: 5.996379 | Time: 1s170ms
Epoch: 016 | Test Loss: 0.0615497 | Time: 494ms
Epoch: 017 | Train Loss: 0.0799644 | Grad norm: 5.742270 | Time: 1s158ms
Epoch: 017 | Test Loss: 0.0649736 | Time: 505ms
Epoch: 018 | Train Loss: 0.0657292 | Grad norm: 5.198926 | Time: 1s152ms
Epoch: 018 | Test Loss: 0.0365414 | Time: 473ms
Epoch: 019 | Train Loss: 0.0399688 | Grad norm: 3.836834 | Time: 1s149ms
Epoch: 019 | Test Loss: 0.0612892 | Time: 561ms
Epoch: 020 | Train Loss: 0.0497329 | Grad norm: 4.277229 | Time: 1s126ms
Epoch: 020 | Test Loss: 0.1096142 | Time: 488ms
Epoch: 021 | Train Loss: 0.0491998 | Grad norm: 4.463877 | Time: 1s311ms
Epoch: 021 | Test Loss: 0.0264030 | Time: 492ms
Epoch: 022 | Train Loss: 0.0864709 | Grad norm: 5.566369 | Time: 1s207ms
Epoch: 022 | Test Loss: 0.1036357 | Time: 500ms
Epoch: 023 | Train Loss: 0.0477499 | Grad norm: 4.102879 | Time: 1s156ms
Epoch: 023 | Test Loss: 0.0284827 | Time: 565ms
Epoch: 024 | Train Loss: 0.0321925 | Grad norm: 3.169292 | Time: 1s147ms
Epoch: 024 | Test Loss: 0.0365541 | Time: 479ms
Epoch: 025 | Train Loss: 0.0376978 | Grad norm: 3.610202 | Time: 1s127ms
Epoch: 025 | Test Loss: 0.0663658 | Time: 520ms
Epoch: 026 | Train Loss: 0.0345545 | Grad norm: 3.338994 | Time: 1s167ms
Epoch: 026 | Test Loss: 0.0668932 | Time: 486ms
Epoch: 027 | Train Loss: 0.0227001 | Grad norm: 2.611216 | Time: 1s126ms
Epoch: 027 | Test Loss: 0.0203695 | Time: 576ms
==> Save the model at epoch 027 with test loss 0.0203695
Epoch: 028 | Train Loss: 0.0277716 | Grad norm: 2.976315 | Time: 1s257ms
Epoch: 028 | Test Loss: 0.0592391 | Time: 495ms
Epoch: 029 | Train Loss: 0.0163523 | Grad norm: 1.884440 | Time: 1s103ms
Epoch: 029 | Test Loss: 0.0118791 | Time: 474ms
==> Save the model at epoch 029 with test loss 0.0118791
Epoch: 030 | Train Loss: 0.0121019 | Grad norm: 1.418219 | Time: 1s165ms
Epoch: 030 | Test Loss: 0.0109166 | Time: 489ms
==> Save the model at epoch 030 with test loss 0.0109166
Epoch: 031 | Train Loss: 0.0095184 | Grad norm: 0.895404 | Time: 1s119ms
Epoch: 031 | Test Loss: 0.0123371 | Time: 579ms
Epoch: 032 | Train Loss: 0.0104773 | Grad norm: 1.089596 | Time: 1s209ms
Epoch: 032 | Test Loss: 0.0098920 | Time: 519ms
==> Save the model at epoch 032 with test loss 0.0098920
Epoch: 033 | Train Loss: 0.0094918 | Grad norm: 0.847423 | Time: 1s132ms
Epoch: 033 | Test Loss: 0.0089467 | Time: 500ms
==> Save the model at epoch 033 with test loss 0.0089467
Epoch: 034 | Train Loss: 0.0085639 | Grad norm: 0.562494 | Time: 1s144ms
Epoch: 034 | Test Loss: 0.0091075 | Time: 486ms
Epoch: 035 | Train Loss: 0.0084080 | Grad norm: 0.576183 | Time: 1s110ms
Epoch: 035 | Test Loss: 0.0088141 | Time: 545ms
==> Save the model at epoch 035 with test loss 0.0088141
Epoch: 036 | Train Loss: 0.0082399 | Grad norm: 0.483986 | Time: 1s111ms
Epoch: 036 | Test Loss: 0.0088544 | Time: 475ms
Epoch: 037 | Train Loss: 0.0082694 | Grad norm: 0.449752 | Time: 1s91ms
Epoch: 037 | Test Loss: 0.0089428 | Time: 506ms
Epoch: 038 | Train Loss: 0.0081053 | Grad norm: 0.349799 | Time: 1s205ms
Epoch: 038 | Test Loss: 0.0085008 | Time: 527ms
==> Save the model at epoch 038 with test loss 0.0085008
Epoch: 039 | Train Loss: 0.0079692 | Grad norm: 0.304021 | Time: 1s133ms
Epoch: 039 | Test Loss: 0.0084965 | Time: 559ms
==> Save the model at epoch 039 with test loss 0.0084965
Epoch: 040 | Train Loss: 0.0079405 | Grad norm: 0.248301 | Time: 1s178ms
Epoch: 040 | Test Loss: 0.0084722 | Time: 535ms
==> Save the model at epoch 040 with test loss 0.0084722
Total time: 1m7s
==> Saving trained model weights...
==> Input bias to be applied to the neural network (trained):
[0. 0.]
==> Input transform to be applied to the neural network (trained):
[0.5090095 0.5090095]
==> Output transform to be applied to the neural network (trained):
[3.9366 3.9363]
==> Saving training info...
==> Drawing training loss...
==> Drawing grad norm...
==> Drawing testing loss...
==> Process finished.
