==> torch device:  cuda:2
==> Test-Train split: test_ratio = 0.20
==> Test-Train split seed:  None
==> Further split: further_train_ratio = 0.50
==> Further split seed:  None
==> Input bias to be applied to the neural network:
[0. 0.]
==> Input transform to be applied to the neural network:
[0.5090095 0.5090095]
==> Ouput transform to be applied to the neural network:
[3.9366 3.9363]
==> Evaluating model...
==========================================================================================
Layer (type:depth-idx)                   Output Shape              Param #
==========================================================================================
NeuralNetwork                            [1, 2]                    6
├─Sequential: 1-1                        [1, 2]                    --
│    └─Linear: 2-1                       [1, 64]                   192
│    └─ReLU: 2-2                         [1, 64]                   --
│    └─Linear: 2-3                       [1, 64]                   4,160
│    └─ReLU: 2-4                         [1, 64]                   --
│    └─Linear: 2-5                       [1, 64]                   4,160
│    └─ReLU: 2-6                         [1, 64]                   --
│    └─Linear: 2-7                       [1, 64]                   4,160
│    └─ReLU: 2-8                         [1, 64]                   --
│    └─Linear: 2-9                       [1, 64]                   4,160
│    └─ReLU: 2-10                        [1, 64]                   --
│    └─Linear: 2-11                      [1, 64]                   4,160
│    └─ReLU: 2-12                        [1, 64]                   --
│    └─Linear: 2-13                      [1, 64]                   4,160
│    └─ReLU: 2-14                        [1, 64]                   --
│    └─Linear: 2-15                      [1, 2]                    130
├─Sequential: 1-2                        [1, 2]                    (recursive)
│    └─Linear: 2-16                      [1, 64]                   (recursive)
│    └─ReLU: 2-17                        [1, 64]                   --
│    └─Linear: 2-18                      [1, 64]                   (recursive)
│    └─ReLU: 2-19                        [1, 64]                   --
│    └─Linear: 2-20                      [1, 64]                   (recursive)
│    └─ReLU: 2-21                        [1, 64]                   --
│    └─Linear: 2-22                      [1, 64]                   (recursive)
│    └─ReLU: 2-23                        [1, 64]                   --
│    └─Linear: 2-24                      [1, 64]                   (recursive)
│    └─ReLU: 2-25                        [1, 64]                   --
│    └─Linear: 2-26                      [1, 64]                   (recursive)
│    └─ReLU: 2-27                        [1, 64]                   --
│    └─Linear: 2-28                      [1, 64]                   (recursive)
│    └─ReLU: 2-29                        [1, 64]                   --
│    └─Linear: 2-30                      [1, 2]                    (recursive)
==========================================================================================
Total params: 25,288
Trainable params: 25,282
Non-trainable params: 6
Total mult-adds (M): 0.05
==========================================================================================
Input size (MB): 0.00
Forward/backward pass size (MB): 0.01
Params size (MB): 0.10
Estimated Total Size (MB): 0.11
==========================================================================================
==> Saving initial model weights...
==> Start training...
==> Number of param_groups in optimizer: 1
Epoch: 001 | Train Loss: 30.9174545 | Grad norm: 1.029782 | Time: 2s417ms
Epoch: 001 | Test Loss: 31.2815891 | Time: 601ms
==> Save the model at epoch 001 with test loss 31.2815891
Epoch: 002 | Train Loss: 20.0908918 | Grad norm: 12.095142 | Time: 2s398ms
Epoch: 002 | Test Loss: 0.3016266 | Time: 604ms
==> Save the model at epoch 002 with test loss 0.3016266
Epoch: 003 | Train Loss: 0.0251001 | Grad norm: 1.879504 | Time: 2s561ms
Epoch: 003 | Test Loss: 0.0115035 | Time: 602ms
==> Save the model at epoch 003 with test loss 0.0115035
Epoch: 004 | Train Loss: 0.0124691 | Grad norm: 1.921592 | Time: 2s759ms
Epoch: 004 | Test Loss: 0.0103738 | Time: 603ms
==> Save the model at epoch 004 with test loss 0.0103738
Epoch: 005 | Train Loss: 0.0116435 | Grad norm: 1.747810 | Time: 2s639ms
Epoch: 005 | Test Loss: 0.0105476 | Time: 658ms
Epoch: 006 | Train Loss: 0.0127995 | Grad norm: 1.959998 | Time: 2s628ms
Epoch: 006 | Test Loss: 0.0101405 | Time: 603ms
==> Save the model at epoch 006 with test loss 0.0101405
Epoch: 007 | Train Loss: 0.0125770 | Grad norm: 2.030143 | Time: 2s678ms
Epoch: 007 | Test Loss: 0.0128671 | Time: 599ms
Epoch: 008 | Train Loss: 0.0142880 | Grad norm: 2.035812 | Time: 2s597ms
Epoch: 008 | Test Loss: 0.0101617 | Time: 603ms
Epoch: 009 | Train Loss: 0.0175144 | Grad norm: 2.310618 | Time: 2s512ms
Epoch: 009 | Test Loss: 0.0109488 | Time: 786ms
Epoch: 010 | Train Loss: 0.0140920 | Grad norm: 1.899913 | Time: 2s476ms
Epoch: 010 | Test Loss: 0.0194015 | Time: 685ms
Epoch: 011 | Train Loss: 0.0135898 | Grad norm: 1.839792 | Time: 1s952ms
Epoch: 011 | Test Loss: 0.0118532 | Time: 562ms
Epoch: 012 | Train Loss: 0.0118646 | Grad norm: 1.557862 | Time: 1s900ms
Epoch: 012 | Test Loss: 0.0120563 | Time: 566ms
Epoch: 013 | Train Loss: 0.0117961 | Grad norm: 1.515221 | Time: 1s956ms
Epoch: 013 | Test Loss: 0.0124475 | Time: 564ms
Epoch: 014 | Train Loss: 0.0111589 | Grad norm: 1.453333 | Time: 1s900ms
Epoch: 014 | Test Loss: 0.0140261 | Time: 565ms
Epoch: 015 | Train Loss: 0.0111747 | Grad norm: 1.427424 | Time: 1s896ms
Epoch: 015 | Test Loss: 0.0097764 | Time: 624ms
==> Save the model at epoch 015 with test loss 0.0097764
Epoch: 016 | Train Loss: 0.0110260 | Grad norm: 1.364491 | Time: 2s24ms
Epoch: 016 | Test Loss: 0.0155498 | Time: 790ms
Epoch: 017 | Train Loss: 0.0120344 | Grad norm: 1.485748 | Time: 2s955ms
Epoch: 017 | Test Loss: 0.0139358 | Time: 807ms
Epoch: 018 | Train Loss: 0.0101237 | Grad norm: 1.206765 | Time: 3s20ms
Epoch: 018 | Test Loss: 0.0093609 | Time: 579ms
==> Save the model at epoch 018 with test loss 0.0093609
Epoch: 019 | Train Loss: 0.0102607 | Grad norm: 1.195491 | Time: 2s435ms
Epoch: 019 | Test Loss: 0.0093962 | Time: 580ms
Epoch: 020 | Train Loss: 0.0097732 | Grad norm: 1.119450 | Time: 2s172ms
Epoch: 020 | Test Loss: 0.0119129 | Time: 646ms
Epoch: 021 | Train Loss: 0.0093453 | Grad norm: 1.000142 | Time: 1s991ms
Epoch: 021 | Test Loss: 0.0130556 | Time: 569ms
Epoch: 022 | Train Loss: 0.0095914 | Grad norm: 1.024761 | Time: 2s113ms
Epoch: 022 | Test Loss: 0.0094337 | Time: 583ms
Epoch: 023 | Train Loss: 0.0090776 | Grad norm: 0.957467 | Time: 2s407ms
Epoch: 023 | Test Loss: 0.0093003 | Time: 584ms
==> Save the model at epoch 023 with test loss 0.0093003
Epoch: 024 | Train Loss: 0.0085319 | Grad norm: 0.809853 | Time: 2s31ms
Epoch: 024 | Test Loss: 0.0091098 | Time: 570ms
==> Save the model at epoch 024 with test loss 0.0091098
Epoch: 025 | Train Loss: 0.0084088 | Grad norm: 0.792226 | Time: 2s617ms
Epoch: 025 | Test Loss: 0.0092229 | Time: 711ms
Epoch: 026 | Train Loss: 0.0085925 | Grad norm: 0.824243 | Time: 2s438ms
Epoch: 026 | Test Loss: 0.0079170 | Time: 596ms
==> Save the model at epoch 026 with test loss 0.0079170
Epoch: 027 | Train Loss: 0.0082762 | Grad norm: 0.726503 | Time: 1s899ms
Epoch: 027 | Test Loss: 0.0078605 | Time: 563ms
==> Save the model at epoch 027 with test loss 0.0078605
Epoch: 028 | Train Loss: 0.0080473 | Grad norm: 0.679788 | Time: 1s960ms
Epoch: 028 | Test Loss: 0.0087235 | Time: 568ms
Epoch: 029 | Train Loss: 0.0079439 | Grad norm: 0.620123 | Time: 1s897ms
Epoch: 029 | Test Loss: 0.0078385 | Time: 565ms
==> Save the model at epoch 029 with test loss 0.0078385
Epoch: 030 | Train Loss: 0.0079764 | Grad norm: 0.662632 | Time: 2s356ms
Epoch: 030 | Test Loss: 0.0077719 | Time: 647ms
==> Save the model at epoch 030 with test loss 0.0077719
Epoch: 031 | Train Loss: 0.0076926 | Grad norm: 0.541042 | Time: 2s290ms
Epoch: 031 | Test Loss: 0.0075081 | Time: 608ms
==> Save the model at epoch 031 with test loss 0.0075081
Epoch: 032 | Train Loss: 0.0075898 | Grad norm: 0.492591 | Time: 2s499ms
Epoch: 032 | Test Loss: 0.0079576 | Time: 605ms
Epoch: 033 | Train Loss: 0.0075376 | Grad norm: 0.487594 | Time: 2s369ms
Epoch: 033 | Test Loss: 0.0078736 | Time: 581ms
Epoch: 034 | Train Loss: 0.0073928 | Grad norm: 0.405944 | Time: 2s256ms
Epoch: 034 | Test Loss: 0.0073543 | Time: 585ms
==> Save the model at epoch 034 with test loss 0.0073543
Epoch: 035 | Train Loss: 0.0073175 | Grad norm: 0.372473 | Time: 1s896ms
Epoch: 035 | Test Loss: 0.0073648 | Time: 624ms
Epoch: 036 | Train Loss: 0.0072681 | Grad norm: 0.341019 | Time: 1s906ms
Epoch: 036 | Test Loss: 0.0073264 | Time: 565ms
==> Save the model at epoch 036 with test loss 0.0073264
Epoch: 037 | Train Loss: 0.0072212 | Grad norm: 0.313861 | Time: 1s903ms
Epoch: 037 | Test Loss: 0.0074377 | Time: 566ms
Epoch: 038 | Train Loss: 0.0071851 | Grad norm: 0.288961 | Time: 2s73ms
Epoch: 038 | Test Loss: 0.0072997 | Time: 618ms
==> Save the model at epoch 038 with test loss 0.0072997
Epoch: 039 | Train Loss: 0.0071428 | Grad norm: 0.262750 | Time: 2s454ms
Epoch: 039 | Test Loss: 0.0072863 | Time: 627ms
==> Save the model at epoch 039 with test loss 0.0072863
Epoch: 040 | Train Loss: 0.0071206 | Grad norm: 0.247134 | Time: 2s527ms
Epoch: 040 | Test Loss: 0.0072237 | Time: 665ms
==> Save the model at epoch 040 with test loss 0.0072237
Total time: 1m56s
==> Saving trained model weights...
==> Input bias to be applied to the neural network (trained):
[0. 0.]
==> Input transform to be applied to the neural network (trained):
[0.5090095 0.5090095]
==> Output transform to be applied to the neural network (trained):
[3.9366 3.9363]
==> Saving training info...
==> Drawing training loss...
==> Drawing grad norm...
==> Drawing testing loss...
==> Process finished.
