==> torch device:  cuda:0
==> Test-Train split: test_ratio = 0.20
==> Test-Train split seed:  None
==> Further split: further_train_ratio = 0.50
==> Further split seed:  None
==> Input bias to be applied to the neural network:
[0. 0.]
==> Input transform to be applied to the neural network:
[0.496845   0.52004784]
==> Ouput transform to be applied to the neural network:
[1.9242 2.0182]
==> Evaluating model...
==========================================================================================
Layer (type:depth-idx)                   Output Shape              Param #
==========================================================================================
NeuralNetwork                            [1, 2]                    6
├─Sequential: 1-1                        [1, 2]                    --
│    └─Linear: 2-1                       [1, 64]                   192
│    └─ReLU: 2-2                         [1, 64]                   --
│    └─Linear: 2-3                       [1, 64]                   4,160
│    └─ReLU: 2-4                         [1, 64]                   --
│    └─Linear: 2-5                       [1, 64]                   4,160
│    └─ReLU: 2-6                         [1, 64]                   --
│    └─Linear: 2-7                       [1, 64]                   4,160
│    └─ReLU: 2-8                         [1, 64]                   --
│    └─Linear: 2-9                       [1, 64]                   4,160
│    └─ReLU: 2-10                        [1, 64]                   --
│    └─Linear: 2-11                      [1, 64]                   4,160
│    └─ReLU: 2-12                        [1, 64]                   --
│    └─Linear: 2-13                      [1, 64]                   4,160
│    └─ReLU: 2-14                        [1, 64]                   --
│    └─Linear: 2-15                      [1, 2]                    130
├─Sequential: 1-2                        [1, 2]                    (recursive)
│    └─Linear: 2-16                      [1, 64]                   (recursive)
│    └─ReLU: 2-17                        [1, 64]                   --
│    └─Linear: 2-18                      [1, 64]                   (recursive)
│    └─ReLU: 2-19                        [1, 64]                   --
│    └─Linear: 2-20                      [1, 64]                   (recursive)
│    └─ReLU: 2-21                        [1, 64]                   --
│    └─Linear: 2-22                      [1, 64]                   (recursive)
│    └─ReLU: 2-23                        [1, 64]                   --
│    └─Linear: 2-24                      [1, 64]                   (recursive)
│    └─ReLU: 2-25                        [1, 64]                   --
│    └─Linear: 2-26                      [1, 64]                   (recursive)
│    └─ReLU: 2-27                        [1, 64]                   --
│    └─Linear: 2-28                      [1, 64]                   (recursive)
│    └─ReLU: 2-29                        [1, 64]                   --
│    └─Linear: 2-30                      [1, 2]                    (recursive)
==========================================================================================
Total params: 25,288
Trainable params: 25,282
Non-trainable params: 6
Total mult-adds (Units.MEGABYTES): 0.05
==========================================================================================
Input size (MB): 0.00
Forward/backward pass size (MB): 0.01
Params size (MB): 0.10
Estimated Total Size (MB): 0.11
==========================================================================================
==> Saving initial model weights...
==> Start training...
==> Number of param_groups in optimizer: 1
Epoch: 001 | Train Loss: 7.7577526 | Grad norm: 0.266728 | Time: 2s456ms
Epoch: 001 | Test Loss: 7.8142421 | Time: 473ms
==> Save the model at epoch 001 with test loss 7.8142421
Epoch: 002 | Train Loss: 4.2324449 | Grad norm: 2.792008 | Time: 2s34ms
Epoch: 002 | Test Loss: 0.2405828 | Time: 533ms
==> Save the model at epoch 002 with test loss 0.2405828
Epoch: 003 | Train Loss: 0.1208594 | Grad norm: 1.539490 | Time: 1s969ms
Epoch: 003 | Test Loss: 0.0792101 | Time: 470ms
==> Save the model at epoch 003 with test loss 0.0792101
Epoch: 004 | Train Loss: 0.0518847 | Grad norm: 1.560215 | Time: 1s959ms
Epoch: 004 | Test Loss: 0.0347496 | Time: 502ms
==> Save the model at epoch 004 with test loss 0.0347496
Epoch: 005 | Train Loss: 0.0268659 | Grad norm: 1.631482 | Time: 2s220ms
Epoch: 005 | Test Loss: 0.0199516 | Time: 472ms
==> Save the model at epoch 005 with test loss 0.0199516
Epoch: 006 | Train Loss: 0.0191610 | Grad norm: 1.822418 | Time: 2s72ms
Epoch: 006 | Test Loss: 0.0159648 | Time: 447ms
==> Save the model at epoch 006 with test loss 0.0159648
Epoch: 007 | Train Loss: 0.0160052 | Grad norm: 1.496726 | Time: 2s65ms
Epoch: 007 | Test Loss: 0.0146321 | Time: 465ms
==> Save the model at epoch 007 with test loss 0.0146321
Epoch: 008 | Train Loss: 0.0167172 | Grad norm: 1.781478 | Time: 2s85ms
Epoch: 008 | Test Loss: 0.0160455 | Time: 457ms
Epoch: 009 | Train Loss: 0.0170482 | Grad norm: 1.718325 | Time: 2s128ms
Epoch: 009 | Test Loss: 0.0135069 | Time: 543ms
==> Save the model at epoch 009 with test loss 0.0135069
Epoch: 010 | Train Loss: 0.0138700 | Grad norm: 1.324537 | Time: 1s978ms
Epoch: 010 | Test Loss: 0.0165389 | Time: 521ms
Epoch: 011 | Train Loss: 0.0128417 | Grad norm: 1.192091 | Time: 2s52ms
Epoch: 011 | Test Loss: 0.0092974 | Time: 453ms
==> Save the model at epoch 011 with test loss 0.0092974
Epoch: 012 | Train Loss: 0.0136413 | Grad norm: 1.269538 | Time: 1s974ms
Epoch: 012 | Test Loss: 0.0100266 | Time: 488ms
Epoch: 013 | Train Loss: 0.0105075 | Grad norm: 0.857313 | Time: 2s247ms
Epoch: 013 | Test Loss: 0.0136872 | Time: 469ms
Epoch: 014 | Train Loss: 0.0104272 | Grad norm: 0.804413 | Time: 2s34ms
Epoch: 014 | Test Loss: 0.0128572 | Time: 463ms
Epoch: 015 | Train Loss: 0.0096031 | Grad norm: 0.724024 | Time: 2s57ms
Epoch: 015 | Test Loss: 0.0095022 | Time: 449ms
Epoch: 016 | Train Loss: 0.0099882 | Grad norm: 0.771091 | Time: 2s281ms
Epoch: 016 | Test Loss: 0.0106024 | Time: 447ms
Epoch: 017 | Train Loss: 0.0098012 | Grad norm: 0.790140 | Time: 2s12ms
Epoch: 017 | Test Loss: 0.0128127 | Time: 459ms
Epoch: 018 | Train Loss: 0.0098575 | Grad norm: 0.784583 | Time: 2s106ms
Epoch: 018 | Test Loss: 0.0093253 | Time: 533ms
Epoch: 019 | Train Loss: 0.0090301 | Grad norm: 0.604114 | Time: 2s26ms
Epoch: 019 | Test Loss: 0.0101311 | Time: 481ms
Epoch: 020 | Train Loss: 0.0093624 | Grad norm: 0.658603 | Time: 2s41ms
Epoch: 020 | Test Loss: 0.0086035 | Time: 449ms
==> Save the model at epoch 020 with test loss 0.0086035
Epoch: 021 | Train Loss: 0.0089122 | Grad norm: 0.619780 | Time: 2s256ms
Epoch: 021 | Test Loss: 0.0114238 | Time: 455ms
Epoch: 022 | Train Loss: 0.0084707 | Grad norm: 0.552302 | Time: 2s195ms
Epoch: 022 | Test Loss: 0.0079280 | Time: 461ms
==> Save the model at epoch 022 with test loss 0.0079280
Epoch: 023 | Train Loss: 0.0083655 | Grad norm: 0.518745 | Time: 1s954ms
Epoch: 023 | Test Loss: 0.0101332 | Time: 478ms
Epoch: 024 | Train Loss: 0.0080106 | Grad norm: 0.488477 | Time: 2s90ms
Epoch: 024 | Test Loss: 0.0077093 | Time: 449ms
==> Save the model at epoch 024 with test loss 0.0077093
Epoch: 025 | Train Loss: 0.0078914 | Grad norm: 0.446836 | Time: 2s151ms
Epoch: 025 | Test Loss: 0.0088833 | Time: 466ms
Epoch: 026 | Train Loss: 0.0078951 | Grad norm: 0.455567 | Time: 2s57ms
Epoch: 026 | Test Loss: 0.0081949 | Time: 578ms
Epoch: 027 | Train Loss: 0.0075526 | Grad norm: 0.403497 | Time: 1s804ms
Epoch: 027 | Test Loss: 0.0076780 | Time: 454ms
==> Save the model at epoch 027 with test loss 0.0076780
Epoch: 028 | Train Loss: 0.0074416 | Grad norm: 0.379482 | Time: 2s50ms
Epoch: 028 | Test Loss: 0.0091466 | Time: 464ms
Epoch: 029 | Train Loss: 0.0075340 | Grad norm: 0.427006 | Time: 2s222ms
Epoch: 029 | Test Loss: 0.0075486 | Time: 485ms
==> Save the model at epoch 029 with test loss 0.0075486
Epoch: 030 | Train Loss: 0.0071941 | Grad norm: 0.326637 | Time: 2s85ms
Epoch: 030 | Test Loss: 0.0073928 | Time: 454ms
==> Save the model at epoch 030 with test loss 0.0073928
Epoch: 031 | Train Loss: 0.0072473 | Grad norm: 0.345898 | Time: 2s24ms
Epoch: 031 | Test Loss: 0.0076012 | Time: 451ms
Epoch: 032 | Train Loss: 0.0070301 | Grad norm: 0.289699 | Time: 2s149ms
Epoch: 032 | Test Loss: 0.0071526 | Time: 465ms
==> Save the model at epoch 032 with test loss 0.0071526
Epoch: 033 | Train Loss: 0.0070699 | Grad norm: 0.310460 | Time: 2s41ms
Epoch: 033 | Test Loss: 0.0070963 | Time: 450ms
==> Save the model at epoch 033 with test loss 0.0070963
Epoch: 034 | Train Loss: 0.0069447 | Grad norm: 0.286747 | Time: 1s976ms
Epoch: 034 | Test Loss: 0.0070149 | Time: 535ms
==> Save the model at epoch 034 with test loss 0.0070149
Epoch: 035 | Train Loss: 0.0068550 | Grad norm: 0.233782 | Time: 2s11ms
Epoch: 035 | Test Loss: 0.0069067 | Time: 456ms
==> Save the model at epoch 035 with test loss 0.0069067
Epoch: 036 | Train Loss: 0.0068151 | Grad norm: 0.241524 | Time: 2s83ms
Epoch: 036 | Test Loss: 0.0068308 | Time: 456ms
==> Save the model at epoch 036 with test loss 0.0068308
Epoch: 037 | Train Loss: 0.0067333 | Grad norm: 0.199830 | Time: 2s119ms
Epoch: 037 | Test Loss: 0.0068297 | Time: 454ms
==> Save the model at epoch 037 with test loss 0.0068297
Epoch: 038 | Train Loss: 0.0067079 | Grad norm: 0.201200 | Time: 2s82ms
Epoch: 038 | Test Loss: 0.0067866 | Time: 461ms
==> Save the model at epoch 038 with test loss 0.0067866
Epoch: 039 | Train Loss: 0.0066714 | Grad norm: 0.175932 | Time: 1s896ms
Epoch: 039 | Test Loss: 0.0067844 | Time: 468ms
==> Save the model at epoch 039 with test loss 0.0067844
Epoch: 040 | Train Loss: 0.0066512 | Grad norm: 0.171761 | Time: 2s63ms
Epoch: 040 | Test Loss: 0.0067708 | Time: 457ms
==> Save the model at epoch 040 with test loss 0.0067708
Total time: 1m42s
==> Saving trained model weights...
==> Input bias to be applied to the neural network (trained):
[0. 0.]
==> Input transform to be applied to the neural network (trained):
[0.496845   0.52004784]
==> Output transform to be applied to the neural network (trained):
[1.9242 2.0182]
==> Saving training info...
==> Drawing training loss...
==> Drawing grad norm...
==> Drawing testing loss...
==> Process finished.
