==> torch device:  cuda:1
==> Test-Train split: test_ratio = 0.20
==> Test-Train split seed:  None
==> Further split: further_train_ratio = 0.25
==> Further split seed:  None
==> Input bias to be applied to the neural network:
[0. 0.]
==> Input transform to be applied to the neural network:
[1. 1.]
==> Ouput transform to be applied to the neural network:
[1. 1.]
==> Evaluating model...
==========================================================================================
Layer (type:depth-idx)                   Output Shape              Param #
==========================================================================================
NeuralNetwork                            [1, 2]                    6
├─Sequential: 1-1                        [1, 2]                    --
│    └─Linear: 2-1                       [1, 64]                   192
│    └─LeakyReLU: 2-2                    [1, 64]                   --
│    └─Linear: 2-3                       [1, 64]                   4,160
│    └─LeakyReLU: 2-4                    [1, 64]                   --
│    └─Linear: 2-5                       [1, 64]                   4,160
│    └─LeakyReLU: 2-6                    [1, 64]                   --
│    └─Linear: 2-7                       [1, 64]                   4,160
│    └─LeakyReLU: 2-8                    [1, 64]                   --
│    └─Linear: 2-9                       [1, 64]                   4,160
│    └─LeakyReLU: 2-10                   [1, 64]                   --
│    └─Linear: 2-11                      [1, 64]                   4,160
│    └─LeakyReLU: 2-12                   [1, 64]                   --
│    └─Linear: 2-13                      [1, 64]                   4,160
│    └─LeakyReLU: 2-14                   [1, 64]                   --
│    └─Linear: 2-15                      [1, 2]                    130
==========================================================================================
Total params: 25,288
Trainable params: 25,282
Non-trainable params: 6
Total mult-adds (M): 0.03
==========================================================================================
Input size (MB): 0.00
Forward/backward pass size (MB): 0.00
Params size (MB): 0.10
Estimated Total Size (MB): 0.10
==========================================================================================
==> Saving initial model weights...
==> Start training...
Epoch: 001 | Loss: 10.9509980 | L2 loss: 10.9509978 | Lip loss: 0.0000002 | Grad norm: 17.649566 | Time: 12s801ms
Epoch: 001 | Test Loss: 0.0718273 | Time: 569ms
==> Save the model at epoch 001 with test loss 0.0718273
Epoch: 002 | Loss: 0.1047552 | L2 loss: 0.1047550 | Lip loss: 0.0000002 | Grad norm: 16.805353 | Time: 12s604ms
Epoch: 002 | Test Loss: 0.0816950 | Time: 570ms
Epoch: 003 | Loss: 0.0631403 | L2 loss: 0.0631401 | Lip loss: 0.0000002 | Grad norm: 11.909282 | Time: 12s575ms
Epoch: 003 | Test Loss: 0.0307331 | Time: 570ms
==> Save the model at epoch 003 with test loss 0.0307331
Epoch: 004 | Loss: 0.0516101 | L2 loss: 0.0516099 | Lip loss: 0.0000002 | Grad norm: 9.307471 | Time: 12s371ms
Epoch: 004 | Test Loss: 0.0166132 | Time: 579ms
==> Save the model at epoch 004 with test loss 0.0166132
Epoch: 005 | Loss: 0.0423271 | L2 loss: 0.0423269 | Lip loss: 0.0000002 | Grad norm: 7.334388 | Time: 11s729ms
Epoch: 005 | Test Loss: 0.0356766 | Time: 564ms
Epoch: 006 | Loss: 0.0103075 | L2 loss: 0.0103073 | Lip loss: 0.0000002 | Grad norm: 1.295008 | Time: 11s471ms
Epoch: 006 | Test Loss: 0.0086619 | Time: 565ms
==> Save the model at epoch 006 with test loss 0.0086619
Epoch: 007 | Loss: 0.0085177 | L2 loss: 0.0085175 | Lip loss: 0.0000002 | Grad norm: 0.920508 | Time: 11s409ms
Epoch: 007 | Test Loss: 0.0082798 | Time: 566ms
==> Save the model at epoch 007 with test loss 0.0082798
Epoch: 008 | Loss: 0.0082498 | L2 loss: 0.0082496 | Lip loss: 0.0000002 | Grad norm: 0.881962 | Time: 11s414ms
Epoch: 008 | Test Loss: 0.0090844 | Time: 622ms
Epoch: 009 | Loss: 0.0081737 | L2 loss: 0.0081735 | Lip loss: 0.0000002 | Grad norm: 0.903638 | Time: 11s412ms
Epoch: 009 | Test Loss: 0.0077983 | Time: 559ms
==> Save the model at epoch 009 with test loss 0.0077983
Epoch: 010 | Loss: 0.0080668 | L2 loss: 0.0080666 | Lip loss: 0.0000002 | Grad norm: 0.875340 | Time: 12s25ms
Epoch: 010 | Test Loss: 0.0076869 | Time: 574ms
==> Save the model at epoch 010 with test loss 0.0076869
Epoch: 011 | Loss: 0.0076264 | L2 loss: 0.0076262 | Lip loss: 0.0000002 | Grad norm: 0.418560 | Time: 12s697ms
Epoch: 011 | Test Loss: 0.0075866 | Time: 590ms
==> Save the model at epoch 011 with test loss 0.0075866
Epoch: 012 | Loss: 0.0076081 | L2 loss: 0.0076079 | Lip loss: 0.0000002 | Grad norm: 0.379826 | Time: 12s542ms
Epoch: 012 | Test Loss: 0.0075544 | Time: 580ms
==> Save the model at epoch 012 with test loss 0.0075544
Epoch: 013 | Loss: 0.0076003 | L2 loss: 0.0076001 | Lip loss: 0.0000002 | Grad norm: 0.374649 | Time: 12s526ms
Epoch: 013 | Test Loss: 0.0076684 | Time: 587ms
Epoch: 014 | Loss: 0.0075942 | L2 loss: 0.0075940 | Lip loss: 0.0000002 | Grad norm: 0.417322 | Time: 12s371ms
Epoch: 014 | Test Loss: 0.0075850 | Time: 571ms
Epoch: 015 | Loss: 0.0075779 | L2 loss: 0.0075777 | Lip loss: 0.0000002 | Grad norm: 0.386094 | Time: 12s197ms
Epoch: 015 | Test Loss: 0.0075735 | Time: 573ms
Epoch: 016 | Loss: 0.0075579 | L2 loss: 0.0075577 | Lip loss: 0.0000002 | Grad norm: 0.331676 | Time: 12s406ms
Epoch: 016 | Test Loss: 0.0075330 | Time: 637ms
==> Save the model at epoch 016 with test loss 0.0075330
Epoch: 017 | Loss: 0.0075514 | L2 loss: 0.0075512 | Lip loss: 0.0000002 | Grad norm: 0.330327 | Time: 12s356ms
Epoch: 017 | Test Loss: 0.0075325 | Time: 574ms
==> Save the model at epoch 017 with test loss 0.0075325
Epoch: 018 | Loss: 0.0075537 | L2 loss: 0.0075535 | Lip loss: 0.0000002 | Grad norm: 0.334492 | Time: 12s215ms
Epoch: 018 | Test Loss: 0.0075308 | Time: 566ms
==> Save the model at epoch 018 with test loss 0.0075308
Epoch: 019 | Loss: 0.0075501 | L2 loss: 0.0075499 | Lip loss: 0.0000002 | Grad norm: 0.329089 | Time: 12s330ms
Epoch: 019 | Test Loss: 0.0075286 | Time: 571ms
==> Save the model at epoch 019 with test loss 0.0075286
Epoch: 020 | Loss: 0.0075464 | L2 loss: 0.0075462 | Lip loss: 0.0000002 | Grad norm: 0.312468 | Time: 12s333ms
Epoch: 020 | Test Loss: 0.0075303 | Time: 576ms
Epoch: 021 | Loss: 0.0075356 | L2 loss: 0.0075354 | Lip loss: 0.0000002 | Grad norm: 0.311101 | Time: 12s221ms
Epoch: 021 | Test Loss: 0.0075282 | Time: 568ms
==> Save the model at epoch 021 with test loss 0.0075282
Epoch: 022 | Loss: 0.0075411 | L2 loss: 0.0075409 | Lip loss: 0.0000002 | Grad norm: 0.324357 | Time: 12s394ms
Epoch: 022 | Test Loss: 0.0075278 | Time: 573ms
==> Save the model at epoch 022 with test loss 0.0075278
Epoch: 023 | Loss: 0.0075392 | L2 loss: 0.0075390 | Lip loss: 0.0000002 | Grad norm: 0.337735 | Time: 12s461ms
Epoch: 023 | Test Loss: 0.0075281 | Time: 595ms
Epoch: 024 | Loss: 0.0075413 | L2 loss: 0.0075411 | Lip loss: 0.0000002 | Grad norm: 0.337681 | Time: 12s379ms
Epoch: 024 | Test Loss: 0.0075280 | Time: 629ms
Epoch: 025 | Loss: 0.0075376 | L2 loss: 0.0075374 | Lip loss: 0.0000002 | Grad norm: 0.347950 | Time: 12s367ms
Epoch: 025 | Test Loss: 0.0075284 | Time: 563ms
Epoch: 026 | Loss: 0.0075407 | L2 loss: 0.0075405 | Lip loss: 0.0000002 | Grad norm: 0.335868 | Time: 12s358ms
Epoch: 026 | Test Loss: 0.0075283 | Time: 574ms
Epoch: 027 | Loss: 0.0075395 | L2 loss: 0.0075393 | Lip loss: 0.0000002 | Grad norm: 0.330963 | Time: 12s447ms
Epoch: 027 | Test Loss: 0.0075283 | Time: 588ms
Epoch: 028 | Loss: 0.0075391 | L2 loss: 0.0075389 | Lip loss: 0.0000002 | Grad norm: 0.332077 | Time: 12s377ms
Epoch: 028 | Test Loss: 0.0075283 | Time: 576ms
Epoch: 029 | Loss: 0.0075397 | L2 loss: 0.0075395 | Lip loss: 0.0000002 | Grad norm: 0.337051 | Time: 12s371ms
Epoch: 029 | Test Loss: 0.0075282 | Time: 634ms
Epoch: 030 | Loss: 0.0075448 | L2 loss: 0.0075446 | Lip loss: 0.0000002 | Grad norm: 0.325371 | Time: 12s346ms
Epoch: 030 | Test Loss: 0.0075282 | Time: 566ms
Epoch: 031 | Loss: 0.0075367 | L2 loss: 0.0075365 | Lip loss: 0.0000002 | Grad norm: 0.334919 | Time: 12s365ms
Epoch: 031 | Test Loss: 0.0075282 | Time: 568ms
Epoch: 032 | Loss: 0.0075396 | L2 loss: 0.0075394 | Lip loss: 0.0000002 | Grad norm: 0.321938 | Time: 12s438ms
Epoch: 032 | Test Loss: 0.0075282 | Time: 639ms
Epoch: 033 | Loss: 0.0075384 | L2 loss: 0.0075381 | Lip loss: 0.0000002 | Grad norm: 0.326278 | Time: 13s3ms
Epoch: 033 | Test Loss: 0.0075282 | Time: 562ms
Epoch: 034 | Loss: 0.0075392 | L2 loss: 0.0075390 | Lip loss: 0.0000002 | Grad norm: 0.307657 | Time: 11s452ms
Epoch: 034 | Test Loss: 0.0075282 | Time: 562ms
Epoch: 035 | Loss: 0.0075414 | L2 loss: 0.0075412 | Lip loss: 0.0000002 | Grad norm: 0.346966 | Time: 11s530ms
Epoch: 035 | Test Loss: 0.0075282 | Time: 563ms
Epoch: 036 | Loss: 0.0075450 | L2 loss: 0.0075448 | Lip loss: 0.0000002 | Grad norm: 0.350557 | Time: 11s463ms
Epoch: 036 | Test Loss: 0.0075282 | Time: 565ms
Epoch: 037 | Loss: 0.0075347 | L2 loss: 0.0075345 | Lip loss: 0.0000002 | Grad norm: 0.318231 | Time: 11s477ms
Epoch: 037 | Test Loss: 0.0075282 | Time: 624ms
Epoch: 038 | Loss: 0.0075476 | L2 loss: 0.0075474 | Lip loss: 0.0000002 | Grad norm: 0.337749 | Time: 11s463ms
Epoch: 038 | Test Loss: 0.0075282 | Time: 562ms
Epoch: 039 | Loss: 0.0075389 | L2 loss: 0.0075387 | Lip loss: 0.0000002 | Grad norm: 0.328740 | Time: 12s115ms
Epoch: 039 | Test Loss: 0.0075282 | Time: 649ms
Epoch: 040 | Loss: 0.0075401 | L2 loss: 0.0075398 | Lip loss: 0.0000002 | Grad norm: 0.320424 | Time: 12s494ms
Epoch: 040 | Test Loss: 0.0075282 | Time: 576ms
Total time: 8m30s
==> Saving trained model weights...
==> Input bias to be applied to the neural network (trained):
[0. 0.]
==> Input transform to be applied to the neural network (trained):
[1. 1.]
==> Output transform to be applied to the neural network (trained):
[1. 1.]
==> Saving training info...
==> Drawing training loss...
==> Drawing grad norm...
==> Drawing testing loss...
==> Drawing l2 loss...
==> Drawing lip loss...
==> Process finished.
