==> torch device:  cuda:0
==> Test-Train split: test_ratio = 0.20
==> Test-Train split seed:  None
==> Further split: further_train_ratio = 0.25
==> Further split seed:  None
==> Input bias to be applied to the neural network:
[0. 0.]
==> Input transform to be applied to the neural network:
[0.5090095 0.5090095]
==> Ouput transform to be applied to the neural network:
[3.9366 3.9363]
==> Evaluating model...
==========================================================================================
Layer (type:depth-idx)                   Output Shape              Param #
==========================================================================================
NeuralNetwork                            [1, 2]                    6
├─Sequential: 1-1                        [1, 2]                    --
│    └─Linear: 2-1                       [1, 64]                   192
│    └─ReLU: 2-2                         [1, 64]                   --
│    └─Linear: 2-3                       [1, 64]                   4,160
│    └─ReLU: 2-4                         [1, 64]                   --
│    └─Linear: 2-5                       [1, 64]                   4,160
│    └─ReLU: 2-6                         [1, 64]                   --
│    └─Linear: 2-7                       [1, 64]                   4,160
│    └─ReLU: 2-8                         [1, 64]                   --
│    └─Linear: 2-9                       [1, 64]                   4,160
│    └─ReLU: 2-10                        [1, 64]                   --
│    └─Linear: 2-11                      [1, 64]                   4,160
│    └─ReLU: 2-12                        [1, 64]                   --
│    └─Linear: 2-13                      [1, 64]                   4,160
│    └─ReLU: 2-14                        [1, 64]                   --
│    └─Linear: 2-15                      [1, 2]                    130
├─Sequential: 1-2                        [1, 2]                    (recursive)
│    └─Linear: 2-16                      [1, 64]                   (recursive)
│    └─ReLU: 2-17                        [1, 64]                   --
│    └─Linear: 2-18                      [1, 64]                   (recursive)
│    └─ReLU: 2-19                        [1, 64]                   --
│    └─Linear: 2-20                      [1, 64]                   (recursive)
│    └─ReLU: 2-21                        [1, 64]                   --
│    └─Linear: 2-22                      [1, 64]                   (recursive)
│    └─ReLU: 2-23                        [1, 64]                   --
│    └─Linear: 2-24                      [1, 64]                   (recursive)
│    └─ReLU: 2-25                        [1, 64]                   --
│    └─Linear: 2-26                      [1, 64]                   (recursive)
│    └─ReLU: 2-27                        [1, 64]                   --
│    └─Linear: 2-28                      [1, 64]                   (recursive)
│    └─ReLU: 2-29                        [1, 64]                   --
│    └─Linear: 2-30                      [1, 2]                    (recursive)
==========================================================================================
Total params: 25,288
Trainable params: 25,282
Non-trainable params: 6
Total mult-adds (Units.MEGABYTES): 0.05
==========================================================================================
Input size (MB): 0.00
Forward/backward pass size (MB): 0.01
Params size (MB): 0.10
Estimated Total Size (MB): 0.11
==========================================================================================
==> Saving initial model weights...
==> Start training...
==> Number of param_groups in optimizer: 1
Epoch: 001 | Train Loss: 30.8641058 | Grad norm: 1.021864 | Time: 1s204ms
Epoch: 001 | Test Loss: 31.2815891 | Time: 521ms
==> Save the model at epoch 001 with test loss 31.2815891
Epoch: 002 | Train Loss: 7.5254606 | Grad norm: 12.921014 | Time: 1s83ms
Epoch: 002 | Test Loss: 0.0402760 | Time: 459ms
==> Save the model at epoch 002 with test loss 0.0402760
Epoch: 003 | Train Loss: 0.0510947 | Grad norm: 4.730718 | Time: 1s43ms
Epoch: 003 | Test Loss: 0.0930469 | Time: 513ms
Epoch: 004 | Train Loss: 0.0604099 | Grad norm: 4.867460 | Time: 1s9ms
Epoch: 004 | Test Loss: 0.0289872 | Time: 438ms
==> Save the model at epoch 004 with test loss 0.0289872
Epoch: 005 | Train Loss: 0.0885423 | Grad norm: 6.005970 | Time: 1s65ms
Epoch: 005 | Test Loss: 0.0609511 | Time: 455ms
Epoch: 006 | Train Loss: 0.1169174 | Grad norm: 6.668495 | Time: 989ms
Epoch: 006 | Test Loss: 0.0943240 | Time: 453ms
Epoch: 007 | Train Loss: 0.1545757 | Grad norm: 7.873336 | Time: 1s13ms
Epoch: 007 | Test Loss: 0.1838205 | Time: 509ms
Epoch: 008 | Train Loss: 0.1969365 | Grad norm: 8.409963 | Time: 990ms
Epoch: 008 | Test Loss: 0.1096847 | Time: 437ms
Epoch: 009 | Train Loss: 0.2737019 | Grad norm: 9.617175 | Time: 980ms
Epoch: 009 | Test Loss: 0.2495839 | Time: 438ms
Epoch: 010 | Train Loss: 0.1904765 | Grad norm: 8.554902 | Time: 995ms
Epoch: 010 | Test Loss: 0.1279555 | Time: 439ms
Epoch: 011 | Train Loss: 0.1735151 | Grad norm: 7.868986 | Time: 1s25ms
Epoch: 011 | Test Loss: 0.3965329 | Time: 519ms
Epoch: 012 | Train Loss: 0.1749343 | Grad norm: 7.919600 | Time: 1s9ms
Epoch: 012 | Test Loss: 0.0266210 | Time: 451ms
==> Save the model at epoch 012 with test loss 0.0266210
Epoch: 013 | Train Loss: 0.2419362 | Grad norm: 8.980579 | Time: 995ms
Epoch: 013 | Test Loss: 0.1389794 | Time: 437ms
Epoch: 014 | Train Loss: 0.1511923 | Grad norm: 7.278196 | Time: 1s41ms
Epoch: 014 | Test Loss: 0.1470568 | Time: 438ms
Epoch: 015 | Train Loss: 0.1141482 | Grad norm: 6.429249 | Time: 1s9ms
Epoch: 015 | Test Loss: 0.0469716 | Time: 525ms
Epoch: 016 | Train Loss: 0.0742134 | Grad norm: 5.182994 | Time: 1s60ms
Epoch: 016 | Test Loss: 0.2112972 | Time: 468ms
Epoch: 017 | Train Loss: 0.1204001 | Grad norm: 6.360140 | Time: 1s4ms
Epoch: 017 | Test Loss: 0.1860085 | Time: 456ms
Epoch: 018 | Train Loss: 0.1019115 | Grad norm: 5.908249 | Time: 1s35ms
Epoch: 018 | Test Loss: 0.0572571 | Time: 438ms
Epoch: 019 | Train Loss: 0.0600223 | Grad norm: 4.544186 | Time: 988ms
Epoch: 019 | Test Loss: 0.1226499 | Time: 523ms
Epoch: 020 | Train Loss: 0.0646749 | Grad norm: 4.623890 | Time: 1s21ms
Epoch: 020 | Test Loss: 0.0521224 | Time: 444ms
Epoch: 021 | Train Loss: 0.0436869 | Grad norm: 3.797530 | Time: 1s32ms
Epoch: 021 | Test Loss: 0.0315597 | Time: 451ms
Epoch: 022 | Train Loss: 0.0377704 | Grad norm: 3.366429 | Time: 1s7ms
Epoch: 022 | Test Loss: 0.1320941 | Time: 455ms
Epoch: 023 | Train Loss: 0.0470867 | Grad norm: 3.724275 | Time: 987ms
Epoch: 023 | Test Loss: 0.0273343 | Time: 506ms
Epoch: 024 | Train Loss: 0.0466992 | Grad norm: 3.709994 | Time: 961ms
Epoch: 024 | Test Loss: 0.0416014 | Time: 452ms
Epoch: 025 | Train Loss: 0.0383521 | Grad norm: 3.419445 | Time: 967ms
Epoch: 025 | Test Loss: 0.0989659 | Time: 437ms
Epoch: 026 | Train Loss: 0.0339034 | Grad norm: 3.351420 | Time: 1s3ms
Epoch: 026 | Test Loss: 0.0236202 | Time: 468ms
==> Save the model at epoch 026 with test loss 0.0236202
Epoch: 027 | Train Loss: 0.0258222 | Grad norm: 2.514287 | Time: 1s79ms
Epoch: 027 | Test Loss: 0.0174703 | Time: 515ms
==> Save the model at epoch 027 with test loss 0.0174703
Epoch: 028 | Train Loss: 0.0215570 | Grad norm: 2.254332 | Time: 987ms
Epoch: 028 | Test Loss: 0.0110469 | Time: 441ms
==> Save the model at epoch 028 with test loss 0.0110469
Epoch: 029 | Train Loss: 0.0141429 | Grad norm: 1.680157 | Time: 1s37ms
Epoch: 029 | Test Loss: 0.0137549 | Time: 442ms
Epoch: 030 | Train Loss: 0.0116477 | Grad norm: 1.305635 | Time: 1s12ms
Epoch: 030 | Test Loss: 0.0098169 | Time: 440ms
==> Save the model at epoch 030 with test loss 0.0098169
Epoch: 031 | Train Loss: 0.0097951 | Grad norm: 0.994501 | Time: 1s36ms
Epoch: 031 | Test Loss: 0.0095975 | Time: 514ms
==> Save the model at epoch 031 with test loss 0.0095975
Epoch: 032 | Train Loss: 0.0091166 | Grad norm: 0.809123 | Time: 1s55ms
Epoch: 032 | Test Loss: 0.0092912 | Time: 443ms
==> Save the model at epoch 032 with test loss 0.0092912
Epoch: 033 | Train Loss: 0.0086340 | Grad norm: 0.732031 | Time: 1s89ms
Epoch: 033 | Test Loss: 0.0081577 | Time: 463ms
==> Save the model at epoch 033 with test loss 0.0081577
Epoch: 034 | Train Loss: 0.0078203 | Grad norm: 0.494965 | Time: 1s30ms
Epoch: 034 | Test Loss: 0.0075788 | Time: 439ms
==> Save the model at epoch 034 with test loss 0.0075788
Epoch: 035 | Train Loss: 0.0078705 | Grad norm: 0.518274 | Time: 1s40ms
Epoch: 035 | Test Loss: 0.0077450 | Time: 524ms
Epoch: 036 | Train Loss: 0.0075850 | Grad norm: 0.402449 | Time: 993ms
Epoch: 036 | Test Loss: 0.0073604 | Time: 439ms
==> Save the model at epoch 036 with test loss 0.0073604
Epoch: 037 | Train Loss: 0.0074499 | Grad norm: 0.343368 | Time: 1s2ms
Epoch: 037 | Test Loss: 0.0072756 | Time: 455ms
==> Save the model at epoch 037 with test loss 0.0072756
Epoch: 038 | Train Loss: 0.0073146 | Grad norm: 0.262550 | Time: 1s107ms
Epoch: 038 | Test Loss: 0.0072924 | Time: 437ms
Epoch: 039 | Train Loss: 0.0072462 | Grad norm: 0.222372 | Time: 943ms
Epoch: 039 | Test Loss: 0.0072799 | Time: 526ms
Epoch: 040 | Train Loss: 0.0072093 | Grad norm: 0.203900 | Time: 1s13ms
Epoch: 040 | Test Loss: 0.0072704 | Time: 438ms
==> Save the model at epoch 040 with test loss 0.0072704
Total time: 59s660ms
==> Saving trained model weights...
==> Input bias to be applied to the neural network (trained):
[0. 0.]
==> Input transform to be applied to the neural network (trained):
[0.5090095 0.5090095]
==> Output transform to be applied to the neural network (trained):
[3.9366 3.9363]
==> Saving training info...
==> Drawing training loss...
==> Drawing grad norm...
==> Drawing testing loss...
==> Process finished.
