==> torch device:  cuda:0
==> Test-Train split: test_ratio = 0.20
==> Test-Train split seed:  None
==> Further split: further_train_ratio = 0.50
==> Further split seed:  None
==> Input bias to be applied to the neural network:
[0. 0.]
==> Input transform to be applied to the neural network:
[0.5090095 0.5090095]
==> Ouput transform to be applied to the neural network:
[3.9366 3.9363]
==> Evaluating model...
==========================================================================================
Layer (type:depth-idx)                   Output Shape              Param #
==========================================================================================
NeuralNetwork                            [1, 2]                    6
├─Sequential: 1-1                        [1, 2]                    --
│    └─Linear: 2-1                       [1, 64]                   192
│    └─ReLU: 2-2                         [1, 64]                   --
│    └─Linear: 2-3                       [1, 64]                   4,160
│    └─ReLU: 2-4                         [1, 64]                   --
│    └─Linear: 2-5                       [1, 64]                   4,160
│    └─ReLU: 2-6                         [1, 64]                   --
│    └─Linear: 2-7                       [1, 64]                   4,160
│    └─ReLU: 2-8                         [1, 64]                   --
│    └─Linear: 2-9                       [1, 64]                   4,160
│    └─ReLU: 2-10                        [1, 64]                   --
│    └─Linear: 2-11                      [1, 64]                   4,160
│    └─ReLU: 2-12                        [1, 64]                   --
│    └─Linear: 2-13                      [1, 64]                   4,160
│    └─ReLU: 2-14                        [1, 64]                   --
│    └─Linear: 2-15                      [1, 2]                    130
├─Sequential: 1-2                        [1, 2]                    (recursive)
│    └─Linear: 2-16                      [1, 64]                   (recursive)
│    └─ReLU: 2-17                        [1, 64]                   --
│    └─Linear: 2-18                      [1, 64]                   (recursive)
│    └─ReLU: 2-19                        [1, 64]                   --
│    └─Linear: 2-20                      [1, 64]                   (recursive)
│    └─ReLU: 2-21                        [1, 64]                   --
│    └─Linear: 2-22                      [1, 64]                   (recursive)
│    └─ReLU: 2-23                        [1, 64]                   --
│    └─Linear: 2-24                      [1, 64]                   (recursive)
│    └─ReLU: 2-25                        [1, 64]                   --
│    └─Linear: 2-26                      [1, 64]                   (recursive)
│    └─ReLU: 2-27                        [1, 64]                   --
│    └─Linear: 2-28                      [1, 64]                   (recursive)
│    └─ReLU: 2-29                        [1, 64]                   --
│    └─Linear: 2-30                      [1, 2]                    (recursive)
==========================================================================================
Total params: 25,288
Trainable params: 25,282
Non-trainable params: 6
Total mult-adds (M): 0.05
==========================================================================================
Input size (MB): 0.00
Forward/backward pass size (MB): 0.01
Params size (MB): 0.10
Estimated Total Size (MB): 0.11
==========================================================================================
==> Saving initial model weights...
==> Start training...
==> Number of param_groups in optimizer: 1
Epoch: 001 | Train Loss: 31.2415427 | Grad norm: 0.921907 | Time: 2s621ms
Epoch: 001 | Test Loss: 30.8013690 | Time: 603ms
==> Save the model at epoch 001 with test loss 30.8013690
Epoch: 002 | Train Loss: 19.9369637 | Grad norm: 12.105096 | Time: 2s543ms
Epoch: 002 | Test Loss: 0.3394361 | Time: 617ms
==> Save the model at epoch 002 with test loss 0.3394361
Epoch: 003 | Train Loss: 0.0314627 | Grad norm: 1.598730 | Time: 2s342ms
Epoch: 003 | Test Loss: 0.0105521 | Time: 674ms
==> Save the model at epoch 003 with test loss 0.0105521
Epoch: 004 | Train Loss: 0.0117500 | Grad norm: 1.472437 | Time: 2s436ms
Epoch: 004 | Test Loss: 0.0128460 | Time: 664ms
Epoch: 005 | Train Loss: 0.0107326 | Grad norm: 1.366555 | Time: 2s411ms
Epoch: 005 | Test Loss: 0.0100626 | Time: 698ms
==> Save the model at epoch 005 with test loss 0.0100626
Epoch: 006 | Train Loss: 0.0120871 | Grad norm: 1.660602 | Time: 2s268ms
Epoch: 006 | Test Loss: 0.0095211 | Time: 628ms
==> Save the model at epoch 006 with test loss 0.0095211
Epoch: 007 | Train Loss: 0.0128439 | Grad norm: 1.890516 | Time: 2s639ms
Epoch: 007 | Test Loss: 0.0124872 | Time: 651ms
Epoch: 008 | Train Loss: 0.0126775 | Grad norm: 1.856774 | Time: 2s512ms
Epoch: 008 | Test Loss: 0.0110304 | Time: 617ms
Epoch: 009 | Train Loss: 0.0147731 | Grad norm: 2.126492 | Time: 2s366ms
Epoch: 009 | Test Loss: 0.0121922 | Time: 611ms
Epoch: 010 | Train Loss: 0.0132844 | Grad norm: 1.990619 | Time: 2s731ms
Epoch: 010 | Test Loss: 0.0198368 | Time: 708ms
Epoch: 011 | Train Loss: 0.0157505 | Grad norm: 2.160738 | Time: 2s544ms
Epoch: 011 | Test Loss: 0.0100500 | Time: 633ms
Epoch: 012 | Train Loss: 0.0150420 | Grad norm: 1.992797 | Time: 2s767ms
Epoch: 012 | Test Loss: 0.0123433 | Time: 638ms
Epoch: 013 | Train Loss: 0.0125454 | Grad norm: 1.709555 | Time: 2s752ms
Epoch: 013 | Test Loss: 0.0092359 | Time: 637ms
==> Save the model at epoch 013 with test loss 0.0092359
Epoch: 014 | Train Loss: 0.0116716 | Grad norm: 1.598014 | Time: 2s613ms
Epoch: 014 | Test Loss: 0.0090150 | Time: 620ms
==> Save the model at epoch 014 with test loss 0.0090150
Epoch: 015 | Train Loss: 0.0115667 | Grad norm: 1.601321 | Time: 2s687ms
Epoch: 015 | Test Loss: 0.0112655 | Time: 704ms
Epoch: 016 | Train Loss: 0.0122266 | Grad norm: 1.690595 | Time: 2s621ms
Epoch: 016 | Test Loss: 0.0105743 | Time: 637ms
Epoch: 017 | Train Loss: 0.0108436 | Grad norm: 1.415261 | Time: 2s670ms
Epoch: 017 | Test Loss: 0.0084014 | Time: 633ms
==> Save the model at epoch 017 with test loss 0.0084014
Epoch: 018 | Train Loss: 0.0110713 | Grad norm: 1.491392 | Time: 2s605ms
Epoch: 018 | Test Loss: 0.0084737 | Time: 631ms
Epoch: 019 | Train Loss: 0.0114890 | Grad norm: 1.546985 | Time: 2s680ms
Epoch: 019 | Test Loss: 0.0150424 | Time: 668ms
Epoch: 020 | Train Loss: 0.0101907 | Grad norm: 1.298731 | Time: 2s175ms
Epoch: 020 | Test Loss: 0.0091150 | Time: 745ms
Epoch: 021 | Train Loss: 0.0098130 | Grad norm: 1.202897 | Time: 2s401ms
Epoch: 021 | Test Loss: 0.0095163 | Time: 609ms
Epoch: 022 | Train Loss: 0.0094158 | Grad norm: 1.095415 | Time: 2s592ms
Epoch: 022 | Test Loss: 0.0088643 | Time: 606ms
Epoch: 023 | Train Loss: 0.0089229 | Grad norm: 0.977231 | Time: 2s777ms
Epoch: 023 | Test Loss: 0.0112171 | Time: 611ms
Epoch: 024 | Train Loss: 0.0087591 | Grad norm: 0.928598 | Time: 2s592ms
Epoch: 024 | Test Loss: 0.0090892 | Time: 616ms
Epoch: 025 | Train Loss: 0.0088170 | Grad norm: 0.983606 | Time: 2s534ms
Epoch: 025 | Test Loss: 0.0101794 | Time: 671ms
Epoch: 026 | Train Loss: 0.0084888 | Grad norm: 0.867143 | Time: 2s723ms
Epoch: 026 | Test Loss: 0.0080377 | Time: 611ms
==> Save the model at epoch 026 with test loss 0.0080377
Epoch: 027 | Train Loss: 0.0084612 | Grad norm: 0.885038 | Time: 2s579ms
Epoch: 027 | Test Loss: 0.0081203 | Time: 597ms
Epoch: 028 | Train Loss: 0.0080395 | Grad norm: 0.702589 | Time: 2s755ms
Epoch: 028 | Test Loss: 0.0072670 | Time: 637ms
==> Save the model at epoch 028 with test loss 0.0072670
Epoch: 029 | Train Loss: 0.0078988 | Grad norm: 0.678966 | Time: 2s199ms
Epoch: 029 | Test Loss: 0.0082519 | Time: 598ms
Epoch: 030 | Train Loss: 0.0079093 | Grad norm: 0.656619 | Time: 2s279ms
Epoch: 030 | Test Loss: 0.0079269 | Time: 655ms
Epoch: 031 | Train Loss: 0.0076295 | Grad norm: 0.541364 | Time: 2s164ms
Epoch: 031 | Test Loss: 0.0076983 | Time: 631ms
Epoch: 032 | Train Loss: 0.0076306 | Grad norm: 0.565662 | Time: 2s827ms
Epoch: 032 | Test Loss: 0.0078512 | Time: 613ms
Epoch: 033 | Train Loss: 0.0074750 | Grad norm: 0.471289 | Time: 2s804ms
Epoch: 033 | Test Loss: 0.0075139 | Time: 611ms
Epoch: 034 | Train Loss: 0.0073357 | Grad norm: 0.391346 | Time: 2s586ms
Epoch: 034 | Test Loss: 0.0074598 | Time: 607ms
Epoch: 035 | Train Loss: 0.0073270 | Grad norm: 0.394302 | Time: 2s554ms
Epoch: 035 | Test Loss: 0.0070939 | Time: 666ms
==> Save the model at epoch 035 with test loss 0.0070939
Epoch: 036 | Train Loss: 0.0072608 | Grad norm: 0.353567 | Time: 2s498ms
Epoch: 036 | Test Loss: 0.0073245 | Time: 609ms
Epoch: 037 | Train Loss: 0.0072203 | Grad norm: 0.338187 | Time: 2s558ms
Epoch: 037 | Test Loss: 0.0070673 | Time: 612ms
==> Save the model at epoch 037 with test loss 0.0070673
Epoch: 038 | Train Loss: 0.0071790 | Grad norm: 0.288407 | Time: 2s276ms
Epoch: 038 | Test Loss: 0.0070996 | Time: 593ms
Epoch: 039 | Train Loss: 0.0071421 | Grad norm: 0.270817 | Time: 2s623ms
Epoch: 039 | Test Loss: 0.0070345 | Time: 621ms
==> Save the model at epoch 039 with test loss 0.0070345
Epoch: 040 | Train Loss: 0.0071095 | Grad norm: 0.240326 | Time: 2s517ms
Epoch: 040 | Test Loss: 0.0070321 | Time: 705ms
==> Save the model at epoch 040 with test loss 0.0070321
Total time: 2m7s
==> Saving trained model weights...
==> Input bias to be applied to the neural network (trained):
[0. 0.]
==> Input transform to be applied to the neural network (trained):
[0.5090095 0.5090095]
==> Output transform to be applied to the neural network (trained):
[3.9366 3.9363]
==> Saving training info...
==> Drawing training loss...
==> Drawing grad norm...
==> Drawing testing loss...
==> Process finished.
