==> torch device:  cuda:3
==> Test-Train split: test_ratio = 0.20
==> Test-Train split seed:  None
==> Further split: further_train_ratio = 0.50
==> Further split seed:  None
==> Input bias to be applied to the neural network:
[0. 0. 0. 0.]
==> Input transform to be applied to the neural network:
[1. 1. 1. 1.]
==> Ouput transform to be applied to the neural network:
[1. 1.]
==> Evaluating model...
==========================================================================================
Layer (type:depth-idx)                   Output Shape              Param #
==========================================================================================
NeuralNetwork                            [1, 2]                    10
├─Sequential: 1-1                        [1, 2]                    --
│    └─Linear: 2-1                       [1, 64]                   320
│    └─LeakyReLU: 2-2                    [1, 64]                   --
│    └─Linear: 2-3                       [1, 64]                   4,160
│    └─LeakyReLU: 2-4                    [1, 64]                   --
│    └─Linear: 2-5                       [1, 64]                   4,160
│    └─LeakyReLU: 2-6                    [1, 64]                   --
│    └─Linear: 2-7                       [1, 64]                   4,160
│    └─LeakyReLU: 2-8                    [1, 64]                   --
│    └─Linear: 2-9                       [1, 64]                   4,160
│    └─LeakyReLU: 2-10                   [1, 64]                   --
│    └─Linear: 2-11                      [1, 64]                   4,160
│    └─LeakyReLU: 2-12                   [1, 64]                   --
│    └─Linear: 2-13                      [1, 64]                   4,160
│    └─LeakyReLU: 2-14                   [1, 64]                   --
│    └─Linear: 2-15                      [1, 2]                    130
==========================================================================================
Total params: 25,420
Trainable params: 25,410
Non-trainable params: 10
Total mult-adds (Units.MEGABYTES): 0.03
==========================================================================================
Input size (MB): 0.00
Forward/backward pass size (MB): 0.00
Params size (MB): 0.10
Estimated Total Size (MB): 0.11
==========================================================================================
==> Saving initial model weights...
==> Start training...
Epoch: 001 | Loss: 0.0277550 | L2 loss: 0.0275888 | Lip loss: 0.0001662 | Grad norm: 0.081790 | Time: 17s504ms
Epoch: 001 | Test Loss: 0.0102875 | Time: 491ms
==> Save the model at epoch 001 with test loss 0.0102875
Epoch: 002 | Loss: 0.0103987 | L2 loss: 0.0102166 | Lip loss: 0.0001821 | Grad norm: 0.057002 | Time: 17s384ms
Epoch: 002 | Test Loss: 0.0098002 | Time: 495ms
==> Save the model at epoch 002 with test loss 0.0098002
Epoch: 003 | Loss: 0.0103008 | L2 loss: 0.0101196 | Lip loss: 0.0001812 | Grad norm: 0.056820 | Time: 17s416ms
Epoch: 003 | Test Loss: 0.0098809 | Time: 567ms
Epoch: 004 | Loss: 0.0101643 | L2 loss: 0.0099831 | Lip loss: 0.0001812 | Grad norm: 0.049437 | Time: 17s647ms
Epoch: 004 | Test Loss: 0.0097863 | Time: 498ms
==> Save the model at epoch 004 with test loss 0.0097863
Epoch: 005 | Loss: 0.0101317 | L2 loss: 0.0099505 | Lip loss: 0.0001812 | Grad norm: 0.051009 | Time: 16s894ms
Epoch: 005 | Test Loss: 0.0097301 | Time: 517ms
==> Save the model at epoch 005 with test loss 0.0097301
Epoch: 006 | Loss: 0.0098687 | L2 loss: 0.0096854 | Lip loss: 0.0001833 | Grad norm: 0.027723 | Time: 16s809ms
Epoch: 006 | Test Loss: 0.0093916 | Time: 507ms
==> Save the model at epoch 006 with test loss 0.0093916
Epoch: 007 | Loss: 0.0098051 | L2 loss: 0.0096247 | Lip loss: 0.0001803 | Grad norm: 0.028209 | Time: 17s202ms
Epoch: 007 | Test Loss: 0.0093797 | Time: 500ms
==> Save the model at epoch 007 with test loss 0.0093797
Epoch: 008 | Loss: 0.0098164 | L2 loss: 0.0096343 | Lip loss: 0.0001822 | Grad norm: 0.029589 | Time: 17s124ms
Epoch: 008 | Test Loss: 0.0093926 | Time: 493ms
Epoch: 009 | Loss: 0.0097958 | L2 loss: 0.0096150 | Lip loss: 0.0001808 | Grad norm: 0.027134 | Time: 17s186ms
Epoch: 009 | Test Loss: 0.0093648 | Time: 502ms
==> Save the model at epoch 009 with test loss 0.0093648
Epoch: 010 | Loss: 0.0097885 | L2 loss: 0.0096054 | Lip loss: 0.0001831 | Grad norm: 0.029724 | Time: 16s779ms
Epoch: 010 | Test Loss: 0.0093568 | Time: 568ms
==> Save the model at epoch 010 with test loss 0.0093568
Epoch: 011 | Loss: 0.0097637 | L2 loss: 0.0095808 | Lip loss: 0.0001828 | Grad norm: 0.024886 | Time: 17s301ms
Epoch: 011 | Test Loss: 0.0093406 | Time: 497ms
==> Save the model at epoch 011 with test loss 0.0093406
Epoch: 012 | Loss: 0.0097475 | L2 loss: 0.0095665 | Lip loss: 0.0001810 | Grad norm: 0.025642 | Time: 17s424ms
Epoch: 012 | Test Loss: 0.0093395 | Time: 516ms
==> Save the model at epoch 012 with test loss 0.0093395
Epoch: 013 | Loss: 0.0097534 | L2 loss: 0.0095725 | Lip loss: 0.0001809 | Grad norm: 0.024556 | Time: 16s858ms
Epoch: 013 | Test Loss: 0.0093396 | Time: 500ms
Epoch: 014 | Loss: 0.0097596 | L2 loss: 0.0095777 | Lip loss: 0.0001819 | Grad norm: 0.025202 | Time: 16s997ms
Epoch: 014 | Test Loss: 0.0093399 | Time: 509ms
Epoch: 015 | Loss: 0.0097477 | L2 loss: 0.0095662 | Lip loss: 0.0001815 | Grad norm: 0.025587 | Time: 16s490ms
Epoch: 015 | Test Loss: 0.0093383 | Time: 493ms
==> Save the model at epoch 015 with test loss 0.0093383
Epoch: 016 | Loss: 0.0097404 | L2 loss: 0.0095581 | Lip loss: 0.0001823 | Grad norm: 0.025641 | Time: 17s188ms
Epoch: 016 | Test Loss: 0.0093350 | Time: 509ms
==> Save the model at epoch 016 with test loss 0.0093350
Epoch: 017 | Loss: 0.0097403 | L2 loss: 0.0095585 | Lip loss: 0.0001818 | Grad norm: 0.025390 | Time: 16s951ms
Epoch: 017 | Test Loss: 0.0093351 | Time: 578ms
Epoch: 018 | Loss: 0.0097423 | L2 loss: 0.0095623 | Lip loss: 0.0001800 | Grad norm: 0.025023 | Time: 16s736ms
Epoch: 018 | Test Loss: 0.0093349 | Time: 506ms
==> Save the model at epoch 018 with test loss 0.0093349
Epoch: 019 | Loss: 0.0097462 | L2 loss: 0.0095629 | Lip loss: 0.0001833 | Grad norm: 0.023957 | Time: 17s192ms
Epoch: 019 | Test Loss: 0.0093347 | Time: 504ms
==> Save the model at epoch 019 with test loss 0.0093347
Epoch: 020 | Loss: 0.0097428 | L2 loss: 0.0095609 | Lip loss: 0.0001819 | Grad norm: 0.024230 | Time: 16s984ms
Epoch: 020 | Test Loss: 0.0093349 | Time: 497ms
Epoch: 021 | Loss: 0.0097362 | L2 loss: 0.0095543 | Lip loss: 0.0001819 | Grad norm: 0.024738 | Time: 16s726ms
Epoch: 021 | Test Loss: 0.0093348 | Time: 494ms
Epoch: 022 | Loss: 0.0097399 | L2 loss: 0.0095580 | Lip loss: 0.0001819 | Grad norm: 0.025091 | Time: 16s598ms
Epoch: 022 | Test Loss: 0.0093347 | Time: 505ms
Epoch: 023 | Loss: 0.0097400 | L2 loss: 0.0095570 | Lip loss: 0.0001830 | Grad norm: 0.024707 | Time: 17s306ms
Epoch: 023 | Test Loss: 0.0093347 | Time: 495ms
==> Save the model at epoch 023 with test loss 0.0093347
Epoch: 024 | Loss: 0.0097407 | L2 loss: 0.0095587 | Lip loss: 0.0001821 | Grad norm: 0.025166 | Time: 17s75ms
Epoch: 024 | Test Loss: 0.0093346 | Time: 563ms
==> Save the model at epoch 024 with test loss 0.0093346
Epoch: 025 | Loss: 0.0097383 | L2 loss: 0.0095551 | Lip loss: 0.0001832 | Grad norm: 0.024169 | Time: 17s71ms
Epoch: 025 | Test Loss: 0.0093346 | Time: 516ms
==> Save the model at epoch 025 with test loss 0.0093346
Epoch: 026 | Loss: 0.0097427 | L2 loss: 0.0095615 | Lip loss: 0.0001812 | Grad norm: 0.024254 | Time: 16s706ms
Epoch: 026 | Test Loss: 0.0093346 | Time: 503ms
==> Save the model at epoch 026 with test loss 0.0093346
Epoch: 027 | Loss: 0.0097427 | L2 loss: 0.0095618 | Lip loss: 0.0001809 | Grad norm: 0.024423 | Time: 17s307ms
Epoch: 027 | Test Loss: 0.0093346 | Time: 508ms
Epoch: 028 | Loss: 0.0097385 | L2 loss: 0.0095552 | Lip loss: 0.0001833 | Grad norm: 0.025094 | Time: 16s747ms
Epoch: 028 | Test Loss: 0.0093346 | Time: 496ms
==> Save the model at epoch 028 with test loss 0.0093346
Epoch: 029 | Loss: 0.0097373 | L2 loss: 0.0095551 | Lip loss: 0.0001822 | Grad norm: 0.025331 | Time: 17s153ms
Epoch: 029 | Test Loss: 0.0093346 | Time: 505ms
==> Save the model at epoch 029 with test loss 0.0093346
Epoch: 030 | Loss: 0.0097530 | L2 loss: 0.0095708 | Lip loss: 0.0001822 | Grad norm: 0.025665 | Time: 16s804ms
Epoch: 030 | Test Loss: 0.0093346 | Time: 499ms
==> Save the model at epoch 030 with test loss 0.0093346
Epoch: 031 | Loss: 0.0097645 | L2 loss: 0.0095822 | Lip loss: 0.0001823 | Grad norm: 0.025917 | Time: 16s947ms
Epoch: 031 | Test Loss: 0.0093346 | Time: 522ms
Epoch: 032 | Loss: 0.0097442 | L2 loss: 0.0095634 | Lip loss: 0.0001807 | Grad norm: 0.025639 | Time: 17s451ms
Epoch: 032 | Test Loss: 0.0093346 | Time: 510ms
Epoch: 033 | Loss: 0.0097437 | L2 loss: 0.0095629 | Lip loss: 0.0001808 | Grad norm: 0.024992 | Time: 16s946ms
Epoch: 033 | Test Loss: 0.0093346 | Time: 508ms
Epoch: 034 | Loss: 0.0097339 | L2 loss: 0.0095514 | Lip loss: 0.0001825 | Grad norm: 0.025176 | Time: 17s384ms
Epoch: 034 | Test Loss: 0.0093346 | Time: 515ms
Epoch: 035 | Loss: 0.0098291 | L2 loss: 0.0096468 | Lip loss: 0.0001823 | Grad norm: 0.026004 | Time: 17s81ms
Epoch: 035 | Test Loss: 0.0093346 | Time: 497ms
Epoch: 036 | Loss: 0.0097519 | L2 loss: 0.0095707 | Lip loss: 0.0001812 | Grad norm: 0.025105 | Time: 16s910ms
Epoch: 036 | Test Loss: 0.0093346 | Time: 580ms
Epoch: 037 | Loss: 0.0097492 | L2 loss: 0.0095694 | Lip loss: 0.0001798 | Grad norm: 0.024947 | Time: 16s660ms
Epoch: 037 | Test Loss: 0.0093346 | Time: 511ms
Epoch: 038 | Loss: 0.0097349 | L2 loss: 0.0095533 | Lip loss: 0.0001816 | Grad norm: 0.025388 | Time: 16s801ms
Epoch: 038 | Test Loss: 0.0093346 | Time: 512ms
Epoch: 039 | Loss: 0.0097434 | L2 loss: 0.0095611 | Lip loss: 0.0001824 | Grad norm: 0.025580 | Time: 17s120ms
Epoch: 039 | Test Loss: 0.0093346 | Time: 522ms
Epoch: 040 | Loss: 0.0097345 | L2 loss: 0.0095551 | Lip loss: 0.0001795 | Grad norm: 0.024806 | Time: 16s959ms
Epoch: 040 | Test Loss: 0.0093346 | Time: 503ms
Total time: 11m42s
==> Saving trained model weights...
==> Input bias to be applied to the neural network (trained):
[0. 0. 0. 0.]
==> Input transform to be applied to the neural network (trained):
[1. 1. 1. 1.]
==> Output transform to be applied to the neural network (trained):
[1. 1.]
==> Saving training info...
==> Drawing training loss...
==> Drawing grad norm...
==> Drawing testing loss...
==> Drawing l2 loss...
==> Drawing lip loss...
==> Process finished.
