==> torch device:  cuda:2
==> Test-Train split: test_ratio = 0.20
==> Test-Train split seed:  None
==> Further split: further_train_ratio = 0.50
==> Further split seed:  None
==> Lipschitz constant: 1.00
==> Input bias to be applied to the neural network:
[0. 0.]
==> Input transform to be applied to the neural network:
[0.5576312  0.56041247]
==> Ouput transform to be applied to the neural network:
[1.7847 1.7916]
==> Evaluating model...
==========================================================================================
Layer (type:depth-idx)                   Output Shape              Param #
==========================================================================================
NeuralNetwork                            [1, 2]                    6
├─Sequential: 1-1                        [1, 2]                    --
│    └─SandwichFc: 2-1                   [1, 64]                   4,353
│    └─SandwichFc: 2-2                   [1, 64]                   8,321
│    └─SandwichFc: 2-3                   [1, 64]                   8,321
│    └─SandwichFc: 2-4                   [1, 64]                   8,321
│    └─SandwichFc: 2-5                   [1, 64]                   8,321
│    └─SandwichFc: 2-6                   [1, 64]                   8,321
│    └─SandwichFc: 2-7                   [1, 64]                   8,321
│    └─SandwichLin: 2-8                  [1, 2]                    135
├─Sequential: 1-2                        [1, 2]                    (recursive)
│    └─SandwichFc: 2-9                   [1, 64]                   (recursive)
│    └─SandwichFc: 2-10                  [1, 64]                   (recursive)
│    └─SandwichFc: 2-11                  [1, 64]                   (recursive)
│    └─SandwichFc: 2-12                  [1, 64]                   (recursive)
│    └─SandwichFc: 2-13                  [1, 64]                   (recursive)
│    └─SandwichFc: 2-14                  [1, 64]                   (recursive)
│    └─SandwichFc: 2-15                  [1, 64]                   (recursive)
│    └─SandwichLin: 2-16                 [1, 2]                    (recursive)
==========================================================================================
Total params: 54,420
Trainable params: 54,414
Non-trainable params: 6
Total mult-adds (Units.MEGABYTES): 0.11
==========================================================================================
Input size (MB): 0.00
Forward/backward pass size (MB): 0.01
Params size (MB): 0.22
Estimated Total Size (MB): 0.22
==========================================================================================
==> Saving initial model weights...
==> Start training...
==> Number of param_groups in optimizer: 1
Epoch: 001 | Train Loss: 6.4143905 | Grad norm: 1.912022 | Time: 14s188ms
Epoch: 001 | Test Loss: 6.4128223 | Time: 971ms
==> Save the model at epoch 001 with test loss 6.4128223
Epoch: 002 | Train Loss: 1.5382244 | Grad norm: 2.550565 | Time: 14s492ms
Epoch: 002 | Test Loss: 0.6392512 | Time: 954ms
==> Save the model at epoch 002 with test loss 0.6392512
Epoch: 003 | Train Loss: 0.3475601 | Grad norm: 1.226626 | Time: 14s79ms
Epoch: 003 | Test Loss: 0.1572512 | Time: 1s38ms
==> Save the model at epoch 003 with test loss 0.1572512
Epoch: 004 | Train Loss: 0.0897192 | Grad norm: 1.455109 | Time: 14s169ms
Epoch: 004 | Test Loss: 0.0539870 | Time: 950ms
==> Save the model at epoch 004 with test loss 0.0539870
Epoch: 005 | Train Loss: 0.0423057 | Grad norm: 1.771571 | Time: 14s734ms
Epoch: 005 | Test Loss: 0.0338344 | Time: 1s19ms
==> Save the model at epoch 005 with test loss 0.0338344
Epoch: 006 | Train Loss: 0.0300044 | Grad norm: 1.934858 | Time: 14s529ms
Epoch: 006 | Test Loss: 0.0262963 | Time: 1s45ms
==> Save the model at epoch 006 with test loss 0.0262963
Epoch: 007 | Train Loss: 0.0261160 | Grad norm: 2.000547 | Time: 13s924ms
Epoch: 007 | Test Loss: 0.0261718 | Time: 1s25ms
==> Save the model at epoch 007 with test loss 0.0261718
Epoch: 008 | Train Loss: 0.0247278 | Grad norm: 2.084168 | Time: 14s522ms
Epoch: 008 | Test Loss: 0.0247276 | Time: 1s43ms
==> Save the model at epoch 008 with test loss 0.0247276
Epoch: 009 | Train Loss: 0.0239453 | Grad norm: 2.099793 | Time: 15s8ms
Epoch: 009 | Test Loss: 0.0221796 | Time: 1s47ms
==> Save the model at epoch 009 with test loss 0.0221796
Epoch: 010 | Train Loss: 0.0217707 | Grad norm: 1.849825 | Time: 14s3ms
Epoch: 010 | Test Loss: 0.0189986 | Time: 957ms
==> Save the model at epoch 010 with test loss 0.0189986
Epoch: 011 | Train Loss: 0.0200339 | Grad norm: 1.633454 | Time: 14s11ms
Epoch: 011 | Test Loss: 0.0200192 | Time: 966ms
Epoch: 012 | Train Loss: 0.0209080 | Grad norm: 1.492700 | Time: 14s152ms
Epoch: 012 | Test Loss: 0.0182787 | Time: 939ms
==> Save the model at epoch 012 with test loss 0.0182787
Epoch: 013 | Train Loss: 0.0195131 | Grad norm: 1.190500 | Time: 14s374ms
Epoch: 013 | Test Loss: 0.0149305 | Time: 949ms
==> Save the model at epoch 013 with test loss 0.0149305
Epoch: 014 | Train Loss: 0.0190231 | Grad norm: 1.189262 | Time: 14s587ms
Epoch: 014 | Test Loss: 0.0240078 | Time: 1s9ms
Epoch: 015 | Train Loss: 0.0164121 | Grad norm: 0.868947 | Time: 14s213ms
Epoch: 015 | Test Loss: 0.0144714 | Time: 955ms
==> Save the model at epoch 015 with test loss 0.0144714
Epoch: 016 | Train Loss: 0.0155415 | Grad norm: 0.644237 | Time: 14s168ms
Epoch: 016 | Test Loss: 0.0146925 | Time: 944ms
Epoch: 017 | Train Loss: 0.0157317 | Grad norm: 0.652688 | Time: 14s100ms
Epoch: 017 | Test Loss: 0.0146520 | Time: 1s25ms
Epoch: 018 | Train Loss: 0.0169027 | Grad norm: 0.855016 | Time: 13s938ms
Epoch: 018 | Test Loss: 0.0157147 | Time: 956ms
Epoch: 019 | Train Loss: 0.0153968 | Grad norm: 0.606869 | Time: 14s323ms
Epoch: 019 | Test Loss: 0.0193400 | Time: 955ms
Epoch: 020 | Train Loss: 0.0151468 | Grad norm: 0.547298 | Time: 14s304ms
Epoch: 020 | Test Loss: 0.0148043 | Time: 1s10ms
Epoch: 021 | Train Loss: 0.0149310 | Grad norm: 0.487767 | Time: 14s241ms
Epoch: 021 | Test Loss: 0.0142486 | Time: 965ms
==> Save the model at epoch 021 with test loss 0.0142486
Epoch: 022 | Train Loss: 0.0146327 | Grad norm: 0.384815 | Time: 14s394ms
Epoch: 022 | Test Loss: 0.0141858 | Time: 943ms
==> Save the model at epoch 022 with test loss 0.0141858
Epoch: 023 | Train Loss: 0.0153514 | Grad norm: 0.586837 | Time: 13s770ms
Epoch: 023 | Test Loss: 0.0150012 | Time: 956ms
Epoch: 024 | Train Loss: 0.0145704 | Grad norm: 0.361991 | Time: 14s115ms
Epoch: 024 | Test Loss: 0.0143908 | Time: 945ms
Epoch: 025 | Train Loss: 0.0147558 | Grad norm: 0.444509 | Time: 13s980ms
Epoch: 025 | Test Loss: 0.0149448 | Time: 995ms
Epoch: 026 | Train Loss: 0.0148024 | Grad norm: 0.446126 | Time: 13s974ms
Epoch: 026 | Test Loss: 0.0141964 | Time: 975ms
Epoch: 027 | Train Loss: 0.0143665 | Grad norm: 0.279679 | Time: 14s58ms
Epoch: 027 | Test Loss: 0.0143594 | Time: 971ms
Epoch: 028 | Train Loss: 0.0143787 | Grad norm: 0.295366 | Time: 14s394ms
Epoch: 028 | Test Loss: 0.0143401 | Time: 1s19ms
Epoch: 029 | Train Loss: 0.0144145 | Grad norm: 0.320821 | Time: 14s34ms
Epoch: 029 | Test Loss: 0.0143595 | Time: 943ms
Epoch: 030 | Train Loss: 0.0143847 | Grad norm: 0.303065 | Time: 14s302ms
Epoch: 030 | Test Loss: 0.0142025 | Time: 944ms
Epoch: 031 | Train Loss: 0.0142936 | Grad norm: 0.252220 | Time: 15s280ms
Epoch: 031 | Test Loss: 0.0157371 | Time: 1s59ms
Epoch: 032 | Train Loss: 0.0143409 | Grad norm: 0.277420 | Time: 14s365ms
Epoch: 032 | Test Loss: 0.0156093 | Time: 960ms
Epoch: 033 | Train Loss: 0.0142668 | Grad norm: 0.254387 | Time: 14s436ms
Epoch: 033 | Test Loss: 0.0149526 | Time: 957ms
Epoch: 034 | Train Loss: 0.0141973 | Grad norm: 0.210151 | Time: 15s22ms
Epoch: 034 | Test Loss: 0.0141069 | Time: 1s283ms
==> Save the model at epoch 034 with test loss 0.0141069
Epoch: 035 | Train Loss: 0.0141610 | Grad norm: 0.183362 | Time: 14s819ms
Epoch: 035 | Test Loss: 0.0142814 | Time: 1s4ms
Epoch: 036 | Train Loss: 0.0141139 | Grad norm: 0.165138 | Time: 14s403ms
Epoch: 036 | Test Loss: 0.0142323 | Time: 958ms
Epoch: 037 | Train Loss: 0.0140908 | Grad norm: 0.139125 | Time: 14s750ms
Epoch: 037 | Test Loss: 0.0142933 | Time: 952ms
Epoch: 038 | Train Loss: 0.0140762 | Grad norm: 0.141713 | Time: 14s413ms
Epoch: 038 | Test Loss: 0.0141588 | Time: 919ms
Epoch: 039 | Train Loss: 0.0140771 | Grad norm: 0.118452 | Time: 13s919ms
Epoch: 039 | Test Loss: 0.0141700 | Time: 1s128ms
Epoch: 040 | Train Loss: 0.0140570 | Grad norm: 0.113072 | Time: 14s697ms
Epoch: 040 | Test Loss: 0.0140648 | Time: 930ms
==> Save the model at epoch 040 with test loss 0.0140648
Total time: 10m12s
==> Saving trained model weights...
==> Input bias to be applied to the neural network (trained):
[0. 0.]
==> Input transform to be applied to the neural network (trained):
[0.5576312  0.56041247]
==> Output transform to be applied to the neural network (trained):
[1.7847 1.7916]
==> Saving training info...
==> Drawing training loss...
==> Drawing grad norm...
==> Drawing testing loss...
==> Process finished.
