==> torch device:  cuda:0
==> Test-Train split: test_ratio = 0.20
==> Test-Train split seed:  None
==> Further split: further_train_ratio = 0.25
==> Further split seed:  None
==> Lipschitz constant: 128.00
==> Input bias to be applied to the neural network:
[0. 0. 0. 0.]
==> Input transform to be applied to the neural network:
[0.7072636  0.72212595 0.6760411  0.67349136]
==> Ouput transform to be applied to the neural network:
[0.2287 0.2871]
==> Evaluating model...
==========================================================================================
Layer (type:depth-idx)                   Output Shape              Param #
==========================================================================================
NeuralNetwork                            [1, 2]                    10
├─Sequential: 1-1                        [1, 2]                    --
│    └─SandwichFc: 2-1                   [1, 64]                   4,481
│    └─SandwichFc: 2-2                   [1, 64]                   8,321
│    └─SandwichFc: 2-3                   [1, 64]                   8,321
│    └─SandwichFc: 2-4                   [1, 64]                   8,321
│    └─SandwichFc: 2-5                   [1, 64]                   8,321
│    └─SandwichFc: 2-6                   [1, 64]                   8,321
│    └─SandwichFc: 2-7                   [1, 64]                   8,321
│    └─SandwichLin: 2-8                  [1, 2]                    135
├─Sequential: 1-2                        [1, 2]                    (recursive)
│    └─SandwichFc: 2-9                   [1, 64]                   (recursive)
│    └─SandwichFc: 2-10                  [1, 64]                   (recursive)
│    └─SandwichFc: 2-11                  [1, 64]                   (recursive)
│    └─SandwichFc: 2-12                  [1, 64]                   (recursive)
│    └─SandwichFc: 2-13                  [1, 64]                   (recursive)
│    └─SandwichFc: 2-14                  [1, 64]                   (recursive)
│    └─SandwichFc: 2-15                  [1, 64]                   (recursive)
│    └─SandwichLin: 2-16                 [1, 2]                    (recursive)
==========================================================================================
Total params: 54,552
Trainable params: 54,542
Non-trainable params: 10
Total mult-adds (Units.MEGABYTES): 0.11
==========================================================================================
Input size (MB): 0.00
Forward/backward pass size (MB): 0.01
Params size (MB): 0.22
Estimated Total Size (MB): 0.23
==========================================================================================
==> Saving initial model weights...
==> Start training...
==> Number of param_groups in optimizer: 1
Epoch: 001 | Train Loss: 0.3225978 | Grad norm: 17.019758 | Time: 4s485ms
Epoch: 001 | Test Loss: 0.3268440 | Time: 630ms
==> Save the model at epoch 001 with test loss 0.3268440
Epoch: 002 | Train Loss: 0.0493152 | Grad norm: 2.178911 | Time: 4s290ms
Epoch: 002 | Test Loss: 0.0114815 | Time: 610ms
==> Save the model at epoch 002 with test loss 0.0114815
Epoch: 003 | Train Loss: 0.0118004 | Grad norm: 0.229844 | Time: 4s588ms
Epoch: 003 | Test Loss: 0.0114297 | Time: 675ms
==> Save the model at epoch 003 with test loss 0.0114297
Epoch: 004 | Train Loss: 0.0190948 | Grad norm: 0.490406 | Time: 4s331ms
Epoch: 004 | Test Loss: 0.0202838 | Time: 599ms
Epoch: 005 | Train Loss: 0.0162224 | Grad norm: 0.340347 | Time: 4s18ms
Epoch: 005 | Test Loss: 0.0124173 | Time: 613ms
Epoch: 006 | Train Loss: 0.0109694 | Grad norm: 0.113595 | Time: 4s436ms
Epoch: 006 | Test Loss: 0.0108630 | Time: 604ms
==> Save the model at epoch 006 with test loss 0.0108630
Epoch: 007 | Train Loss: 0.0113310 | Grad norm: 0.135934 | Time: 4s192ms
Epoch: 007 | Test Loss: 0.0113638 | Time: 677ms
Epoch: 008 | Train Loss: 0.0113078 | Grad norm: 0.131171 | Time: 4s179ms
Epoch: 008 | Test Loss: 0.0111458 | Time: 607ms
Epoch: 009 | Train Loss: 0.0112561 | Grad norm: 0.124383 | Time: 4s426ms
Epoch: 009 | Test Loss: 0.0135739 | Time: 601ms
Epoch: 010 | Train Loss: 0.0109139 | Grad norm: 0.104670 | Time: 4s217ms
Epoch: 010 | Test Loss: 0.0124632 | Time: 608ms
Epoch: 011 | Train Loss: 0.0108482 | Grad norm: 0.105601 | Time: 4s229ms
Epoch: 011 | Test Loss: 0.0111028 | Time: 671ms
Epoch: 012 | Train Loss: 0.0105253 | Grad norm: 0.090080 | Time: 4s198ms
Epoch: 012 | Test Loss: 0.0112359 | Time: 603ms
Epoch: 013 | Train Loss: 0.0101891 | Grad norm: 0.073831 | Time: 4s103ms
Epoch: 013 | Test Loss: 0.0106416 | Time: 603ms
==> Save the model at epoch 013 with test loss 0.0106416
Epoch: 014 | Train Loss: 0.0105470 | Grad norm: 0.093947 | Time: 4s341ms
Epoch: 014 | Test Loss: 0.0130119 | Time: 611ms
Epoch: 015 | Train Loss: 0.0105731 | Grad norm: 0.091848 | Time: 4s244ms
Epoch: 015 | Test Loss: 0.0104638 | Time: 675ms
==> Save the model at epoch 015 with test loss 0.0104638
Epoch: 016 | Train Loss: 0.0099595 | Grad norm: 0.068290 | Time: 4s294ms
Epoch: 016 | Test Loss: 0.0104145 | Time: 619ms
==> Save the model at epoch 016 with test loss 0.0104145
Epoch: 017 | Train Loss: 0.0097985 | Grad norm: 0.061574 | Time: 4s184ms
Epoch: 017 | Test Loss: 0.0101837 | Time: 613ms
==> Save the model at epoch 017 with test loss 0.0101837
Epoch: 018 | Train Loss: 0.0097622 | Grad norm: 0.063198 | Time: 4s52ms
Epoch: 018 | Test Loss: 0.0109330 | Time: 613ms
Epoch: 019 | Train Loss: 0.0096365 | Grad norm: 0.062822 | Time: 4s477ms
Epoch: 019 | Test Loss: 0.0097276 | Time: 611ms
==> Save the model at epoch 019 with test loss 0.0097276
Epoch: 020 | Train Loss: 0.0097687 | Grad norm: 0.073417 | Time: 4s324ms
Epoch: 020 | Test Loss: 0.0099374 | Time: 617ms
Epoch: 021 | Train Loss: 0.0095488 | Grad norm: 0.061232 | Time: 4s169ms
Epoch: 021 | Test Loss: 0.0099402 | Time: 630ms
Epoch: 022 | Train Loss: 0.0093873 | Grad norm: 0.057822 | Time: 4s84ms
Epoch: 022 | Test Loss: 0.0097302 | Time: 597ms
Epoch: 023 | Train Loss: 0.0092702 | Grad norm: 0.056708 | Time: 4s159ms
Epoch: 023 | Test Loss: 0.0097370 | Time: 597ms
Epoch: 024 | Train Loss: 0.0093571 | Grad norm: 0.059414 | Time: 4s107ms
Epoch: 024 | Test Loss: 0.0098749 | Time: 611ms
Epoch: 025 | Train Loss: 0.0092401 | Grad norm: 0.058060 | Time: 4s112ms
Epoch: 025 | Test Loss: 0.0099558 | Time: 604ms
Epoch: 026 | Train Loss: 0.0089426 | Grad norm: 0.052555 | Time: 3s974ms
Epoch: 026 | Test Loss: 0.0099600 | Time: 601ms
Epoch: 027 | Train Loss: 0.0088435 | Grad norm: 0.051624 | Time: 4s119ms
Epoch: 027 | Test Loss: 0.0095126 | Time: 608ms
==> Save the model at epoch 027 with test loss 0.0095126
Epoch: 028 | Train Loss: 0.0088721 | Grad norm: 0.055977 | Time: 4s99ms
Epoch: 028 | Test Loss: 0.0093947 | Time: 602ms
==> Save the model at epoch 028 with test loss 0.0093947
Epoch: 029 | Train Loss: 0.0087643 | Grad norm: 0.061926 | Time: 4s239ms
Epoch: 029 | Test Loss: 0.0092199 | Time: 592ms
==> Save the model at epoch 029 with test loss 0.0092199
Epoch: 030 | Train Loss: 0.0085758 | Grad norm: 0.055744 | Time: 4s91ms
Epoch: 030 | Test Loss: 0.0088979 | Time: 609ms
==> Save the model at epoch 030 with test loss 0.0088979
Epoch: 031 | Train Loss: 0.0084584 | Grad norm: 0.055304 | Time: 4s123ms
Epoch: 031 | Test Loss: 0.0088612 | Time: 612ms
==> Save the model at epoch 031 with test loss 0.0088612
Epoch: 032 | Train Loss: 0.0083535 | Grad norm: 0.051635 | Time: 4s185ms
Epoch: 032 | Test Loss: 0.0085693 | Time: 599ms
==> Save the model at epoch 032 with test loss 0.0085693
Epoch: 033 | Train Loss: 0.0081365 | Grad norm: 0.050818 | Time: 4s319ms
Epoch: 033 | Test Loss: 0.0084574 | Time: 598ms
==> Save the model at epoch 033 with test loss 0.0084574
Epoch: 034 | Train Loss: 0.0080252 | Grad norm: 0.053990 | Time: 4s13ms
Epoch: 034 | Test Loss: 0.0084494 | Time: 608ms
==> Save the model at epoch 034 with test loss 0.0084494
Epoch: 035 | Train Loss: 0.0079911 | Grad norm: 0.056250 | Time: 4s117ms
Epoch: 035 | Test Loss: 0.0083788 | Time: 601ms
==> Save the model at epoch 035 with test loss 0.0083788
Epoch: 036 | Train Loss: 0.0078366 | Grad norm: 0.051242 | Time: 4s144ms
Epoch: 036 | Test Loss: 0.0083467 | Time: 600ms
==> Save the model at epoch 036 with test loss 0.0083467
Epoch: 037 | Train Loss: 0.0077542 | Grad norm: 0.049937 | Time: 4s272ms
Epoch: 037 | Test Loss: 0.0082355 | Time: 605ms
==> Save the model at epoch 037 with test loss 0.0082355
Epoch: 038 | Train Loss: 0.0076638 | Grad norm: 0.048385 | Time: 4s155ms
Epoch: 038 | Test Loss: 0.0080677 | Time: 672ms
==> Save the model at epoch 038 with test loss 0.0080677
Epoch: 039 | Train Loss: 0.0075946 | Grad norm: 0.045686 | Time: 4s183ms
Epoch: 039 | Test Loss: 0.0080377 | Time: 614ms
==> Save the model at epoch 039 with test loss 0.0080377
Epoch: 040 | Train Loss: 0.0075510 | Grad norm: 0.044774 | Time: 4s147ms
Epoch: 040 | Test Loss: 0.0080320 | Time: 604ms
==> Save the model at epoch 040 with test loss 0.0080320
Total time: 3m13s
==> Saving trained model weights...
==> Input bias to be applied to the neural network (trained):
[0. 0. 0. 0.]
==> Input transform to be applied to the neural network (trained):
[0.7072636  0.72212595 0.6760411  0.67349136]
==> Output transform to be applied to the neural network (trained):
[0.2287 0.2871]
==> Saving training info...
==> Drawing training loss...
==> Drawing grad norm...
==> Drawing testing loss...
==> Process finished.
