==> torch device:  cuda:1
==> Test-Train split: test_ratio = 0.20
==> Test-Train split seed:  None
==> Further split: further_train_ratio = 0.50
==> Further split seed:  None
==> Input bias to be applied to the neural network:
[0. 0. 0. 0.]
==> Input transform to be applied to the neural network:
[ 0.62900996  0.6288517  11.614402    9.487666  ]
==> Ouput transform to be applied to the neural network:
[0.0251 0.0262]
==> Evaluating model...
==========================================================================================
Layer (type:depth-idx)                   Output Shape              Param #
==========================================================================================
NeuralNetwork                            [1, 2]                    10
├─Sequential: 1-1                        [1, 2]                    --
│    └─Linear: 2-1                       [1, 64]                   320
│    └─ReLU: 2-2                         [1, 64]                   --
│    └─Linear: 2-3                       [1, 64]                   4,160
│    └─ReLU: 2-4                         [1, 64]                   --
│    └─Linear: 2-5                       [1, 64]                   4,160
│    └─ReLU: 2-6                         [1, 64]                   --
│    └─Linear: 2-7                       [1, 64]                   4,160
│    └─ReLU: 2-8                         [1, 64]                   --
│    └─Linear: 2-9                       [1, 64]                   4,160
│    └─ReLU: 2-10                        [1, 64]                   --
│    └─Linear: 2-11                      [1, 64]                   4,160
│    └─ReLU: 2-12                        [1, 64]                   --
│    └─Linear: 2-13                      [1, 64]                   4,160
│    └─ReLU: 2-14                        [1, 64]                   --
│    └─Linear: 2-15                      [1, 2]                    130
├─Sequential: 1-2                        [1, 2]                    (recursive)
│    └─Linear: 2-16                      [1, 64]                   (recursive)
│    └─ReLU: 2-17                        [1, 64]                   --
│    └─Linear: 2-18                      [1, 64]                   (recursive)
│    └─ReLU: 2-19                        [1, 64]                   --
│    └─Linear: 2-20                      [1, 64]                   (recursive)
│    └─ReLU: 2-21                        [1, 64]                   --
│    └─Linear: 2-22                      [1, 64]                   (recursive)
│    └─ReLU: 2-23                        [1, 64]                   --
│    └─Linear: 2-24                      [1, 64]                   (recursive)
│    └─ReLU: 2-25                        [1, 64]                   --
│    └─Linear: 2-26                      [1, 64]                   (recursive)
│    └─ReLU: 2-27                        [1, 64]                   --
│    └─Linear: 2-28                      [1, 64]                   (recursive)
│    └─ReLU: 2-29                        [1, 64]                   --
│    └─Linear: 2-30                      [1, 2]                    (recursive)
==========================================================================================
Total params: 25,420
Trainable params: 25,410
Non-trainable params: 10
Total mult-adds (Units.MEGABYTES): 0.05
==========================================================================================
Input size (MB): 0.00
Forward/backward pass size (MB): 0.01
Params size (MB): 0.10
Estimated Total Size (MB): 0.11
==========================================================================================
==> Saving initial model weights...
==> Start training...
==> Number of param_groups in optimizer: 1
Epoch: 001 | Train Loss: 0.0013073 | Grad norm: 0.000037 | Time: 2s503ms
Epoch: 001 | Test Loss: 0.0013102 | Time: 528ms
==> Save the model at epoch 001 with test loss 0.0013102
Epoch: 002 | Train Loss: 0.0013078 | Grad norm: 0.000025 | Time: 2s346ms
Epoch: 002 | Test Loss: 0.0013108 | Time: 635ms
Epoch: 003 | Train Loss: 0.0013083 | Grad norm: 0.000007 | Time: 2s188ms
Epoch: 003 | Test Loss: 0.0013108 | Time: 516ms
Epoch: 004 | Train Loss: 0.0013080 | Grad norm: 0.000002 | Time: 2s292ms
Epoch: 004 | Test Loss: 0.0013108 | Time: 505ms
Epoch: 005 | Train Loss: 0.0013078 | Grad norm: 0.000000 | Time: 2s303ms
Epoch: 005 | Test Loss: 0.0013108 | Time: 589ms
Epoch: 006 | Train Loss: 0.0013083 | Grad norm: 0.000000 | Time: 2s111ms
Epoch: 006 | Test Loss: 0.0013108 | Time: 531ms
Epoch: 007 | Train Loss: 0.0013086 | Grad norm: 0.000000 | Time: 2s28ms
Epoch: 007 | Test Loss: 0.0013108 | Time: 519ms
Epoch: 008 | Train Loss: 0.0013085 | Grad norm: 0.000000 | Time: 2s172ms
Epoch: 008 | Test Loss: 0.0013108 | Time: 525ms
Epoch: 009 | Train Loss: 0.0013082 | Grad norm: 0.000000 | Time: 2s42ms
Epoch: 009 | Test Loss: 0.0013108 | Time: 511ms
Epoch: 010 | Train Loss: 0.0013083 | Grad norm: 0.000000 | Time: 2s13ms
Epoch: 010 | Test Loss: 0.0013108 | Time: 609ms
Epoch: 011 | Train Loss: 0.0013083 | Grad norm: 0.000000 | Time: 2s237ms
Epoch: 011 | Test Loss: 0.0013108 | Time: 578ms
Epoch: 012 | Train Loss: 0.0013079 | Grad norm: 0.000000 | Time: 2s177ms
Epoch: 012 | Test Loss: 0.0013108 | Time: 514ms
Epoch: 013 | Train Loss: 0.0013082 | Grad norm: 0.000000 | Time: 2s227ms
Epoch: 013 | Test Loss: 0.0013108 | Time: 505ms
Epoch: 014 | Train Loss: 0.0013078 | Grad norm: 0.000000 | Time: 1s995ms
Epoch: 014 | Test Loss: 0.0013108 | Time: 511ms
Epoch: 015 | Train Loss: 0.0013079 | Grad norm: 0.000000 | Time: 2s129ms
Epoch: 015 | Test Loss: 0.0013108 | Time: 511ms
Epoch: 016 | Train Loss: 0.0013080 | Grad norm: 0.000000 | Time: 2s193ms
Epoch: 016 | Test Loss: 0.0013108 | Time: 532ms
Epoch: 017 | Train Loss: 0.0013079 | Grad norm: 0.000000 | Time: 2s62ms
Epoch: 017 | Test Loss: 0.0013108 | Time: 535ms
Epoch: 018 | Train Loss: 0.0013087 | Grad norm: 0.000000 | Time: 2s72ms
Epoch: 018 | Test Loss: 0.0013108 | Time: 573ms
Epoch: 019 | Train Loss: 0.0013079 | Grad norm: 0.000000 | Time: 2s105ms
Epoch: 019 | Test Loss: 0.0013108 | Time: 510ms
Epoch: 020 | Train Loss: 0.0013077 | Grad norm: 0.000000 | Time: 2s166ms
Epoch: 020 | Test Loss: 0.0013108 | Time: 522ms
Epoch: 021 | Train Loss: 0.0013085 | Grad norm: 0.000000 | Time: 2s235ms
Epoch: 021 | Test Loss: 0.0013108 | Time: 507ms
Epoch: 022 | Train Loss: 0.0013083 | Grad norm: 0.000000 | Time: 2s142ms
Epoch: 022 | Test Loss: 0.0013108 | Time: 506ms
Epoch: 023 | Train Loss: 0.0013088 | Grad norm: 0.000000 | Time: 2s91ms
Epoch: 023 | Test Loss: 0.0013108 | Time: 547ms
Epoch: 024 | Train Loss: 0.0013081 | Grad norm: 0.000000 | Time: 2s203ms
Epoch: 024 | Test Loss: 0.0013108 | Time: 501ms
Epoch: 025 | Train Loss: 0.0013083 | Grad norm: 0.000000 | Time: 2s205ms
Epoch: 025 | Test Loss: 0.0013108 | Time: 511ms
Epoch: 026 | Train Loss: 0.0013079 | Grad norm: 0.000000 | Time: 2s233ms
Epoch: 026 | Test Loss: 0.0013108 | Time: 600ms
Epoch: 027 | Train Loss: 0.0013083 | Grad norm: 0.000000 | Time: 2s91ms
Epoch: 027 | Test Loss: 0.0013108 | Time: 512ms
Epoch: 028 | Train Loss: 0.0013084 | Grad norm: 0.000000 | Time: 2s150ms
Epoch: 028 | Test Loss: 0.0013108 | Time: 511ms
Epoch: 029 | Train Loss: 0.0013085 | Grad norm: 0.000000 | Time: 2s148ms
Epoch: 029 | Test Loss: 0.0013108 | Time: 521ms
Epoch: 030 | Train Loss: 0.0013076 | Grad norm: 0.000000 | Time: 2s118ms
Epoch: 030 | Test Loss: 0.0013108 | Time: 515ms
Epoch: 031 | Train Loss: 0.0013082 | Grad norm: 0.000000 | Time: 2s154ms
Epoch: 031 | Test Loss: 0.0013108 | Time: 496ms
Epoch: 032 | Train Loss: 0.0013079 | Grad norm: 0.000000 | Time: 1s926ms
Epoch: 032 | Test Loss: 0.0013108 | Time: 550ms
Epoch: 033 | Train Loss: 0.0013080 | Grad norm: 0.000000 | Time: 2s31ms
Epoch: 033 | Test Loss: 0.0013108 | Time: 507ms
Epoch: 034 | Train Loss: 0.0013082 | Grad norm: 0.000000 | Time: 2s216ms
Epoch: 034 | Test Loss: 0.0013108 | Time: 653ms
Epoch: 035 | Train Loss: 0.0013081 | Grad norm: 0.000000 | Time: 2s79ms
Epoch: 035 | Test Loss: 0.0013108 | Time: 583ms
Epoch: 036 | Train Loss: 0.0013082 | Grad norm: 0.000000 | Time: 2s299ms
Epoch: 036 | Test Loss: 0.0013108 | Time: 593ms
Epoch: 037 | Train Loss: 0.0013084 | Grad norm: 0.000000 | Time: 1s981ms
Epoch: 037 | Test Loss: 0.0013108 | Time: 501ms
Epoch: 038 | Train Loss: 0.0013081 | Grad norm: 0.000000 | Time: 2s170ms
Epoch: 038 | Test Loss: 0.0013108 | Time: 539ms
Epoch: 039 | Train Loss: 0.0013083 | Grad norm: 0.000000 | Time: 2s199ms
Epoch: 039 | Test Loss: 0.0013108 | Time: 506ms
Epoch: 040 | Train Loss: 0.0013076 | Grad norm: 0.000000 | Time: 1s987ms
Epoch: 040 | Test Loss: 0.0013108 | Time: 523ms
Total time: 1m47s
==> Saving trained model weights...
==> Input bias to be applied to the neural network (trained):
[0. 0. 0. 0.]
==> Input transform to be applied to the neural network (trained):
[ 0.62900996  0.6288517  11.614402    9.487666  ]
==> Output transform to be applied to the neural network (trained):
[0.0251 0.0262]
==> Saving training info...
==> Drawing training loss...
==> Drawing grad norm...
==> Drawing testing loss...
==> Process finished.
