==> torch device:  cuda:3
==> Test-Train split: test_ratio = 0.20
==> Test-Train split seed:  None
==> Further split: further_train_ratio = 1.00
==> Further split seed:  None
==> Input bias to be applied to the neural network:
[0. 0. 0. 0.]
==> Input transform to be applied to the neural network:
[0.708416   0.723275   0.67681897 0.67421794]
==> Ouput transform to be applied to the neural network:
[0.2339 0.2936]
==> Evaluating model...
==========================================================================================
Layer (type:depth-idx)                   Output Shape              Param #
==========================================================================================
NeuralNetwork                            [1, 2]                    10
├─Sequential: 1-1                        [1, 2]                    --
│    └─Linear: 2-1                       [1, 64]                   320
│    └─ReLU: 2-2                         [1, 64]                   --
│    └─Linear: 2-3                       [1, 64]                   4,160
│    └─ReLU: 2-4                         [1, 64]                   --
│    └─Linear: 2-5                       [1, 64]                   4,160
│    └─ReLU: 2-6                         [1, 64]                   --
│    └─Linear: 2-7                       [1, 64]                   4,160
│    └─ReLU: 2-8                         [1, 64]                   --
│    └─Linear: 2-9                       [1, 64]                   4,160
│    └─ReLU: 2-10                        [1, 64]                   --
│    └─Linear: 2-11                      [1, 64]                   4,160
│    └─ReLU: 2-12                        [1, 64]                   --
│    └─Linear: 2-13                      [1, 64]                   4,160
│    └─ReLU: 2-14                        [1, 64]                   --
│    └─Linear: 2-15                      [1, 2]                    130
├─Sequential: 1-2                        [1, 2]                    (recursive)
│    └─Linear: 2-16                      [1, 64]                   (recursive)
│    └─ReLU: 2-17                        [1, 64]                   --
│    └─Linear: 2-18                      [1, 64]                   (recursive)
│    └─ReLU: 2-19                        [1, 64]                   --
│    └─Linear: 2-20                      [1, 64]                   (recursive)
│    └─ReLU: 2-21                        [1, 64]                   --
│    └─Linear: 2-22                      [1, 64]                   (recursive)
│    └─ReLU: 2-23                        [1, 64]                   --
│    └─Linear: 2-24                      [1, 64]                   (recursive)
│    └─ReLU: 2-25                        [1, 64]                   --
│    └─Linear: 2-26                      [1, 64]                   (recursive)
│    └─ReLU: 2-27                        [1, 64]                   --
│    └─Linear: 2-28                      [1, 64]                   (recursive)
│    └─ReLU: 2-29                        [1, 64]                   --
│    └─Linear: 2-30                      [1, 2]                    (recursive)
==========================================================================================
Total params: 25,420
Trainable params: 25,410
Non-trainable params: 10
Total mult-adds (Units.MEGABYTES): 0.05
==========================================================================================
Input size (MB): 0.00
Forward/backward pass size (MB): 0.01
Params size (MB): 0.10
Estimated Total Size (MB): 0.11
==========================================================================================
==> Saving initial model weights...
==> Start training...
==> Number of param_groups in optimizer: 1
Epoch: 001 | Train Loss: 0.1411414 | Grad norm: 0.005317 | Time: 4s227ms
Epoch: 001 | Test Loss: 0.1407322 | Time: 519ms
==> Save the model at epoch 001 with test loss 0.1407322
Epoch: 002 | Train Loss: 0.0448533 | Grad norm: 0.031521 | Time: 4s666ms
Epoch: 002 | Test Loss: 0.0101801 | Time: 514ms
==> Save the model at epoch 002 with test loss 0.0101801
Epoch: 003 | Train Loss: 0.0105335 | Grad norm: 0.027414 | Time: 4s323ms
Epoch: 003 | Test Loss: 0.0100212 | Time: 555ms
==> Save the model at epoch 003 with test loss 0.0100212
Epoch: 004 | Train Loss: 0.0103826 | Grad norm: 0.025362 | Time: 4s392ms
Epoch: 004 | Test Loss: 0.0099206 | Time: 502ms
==> Save the model at epoch 004 with test loss 0.0099206
Epoch: 005 | Train Loss: 0.0103424 | Grad norm: 0.027156 | Time: 4s292ms
Epoch: 005 | Test Loss: 0.0098035 | Time: 503ms
==> Save the model at epoch 005 with test loss 0.0098035
Epoch: 006 | Train Loss: 0.0102554 | Grad norm: 0.025344 | Time: 4s239ms
Epoch: 006 | Test Loss: 0.0098639 | Time: 572ms
Epoch: 007 | Train Loss: 0.0101767 | Grad norm: 0.024142 | Time: 3s550ms
Epoch: 007 | Test Loss: 0.0098587 | Time: 496ms
Epoch: 008 | Train Loss: 0.0101433 | Grad norm: 0.025105 | Time: 4s239ms
Epoch: 008 | Test Loss: 0.0098115 | Time: 506ms
Epoch: 009 | Train Loss: 0.0101126 | Grad norm: 0.025422 | Time: 4s391ms
Epoch: 009 | Test Loss: 0.0097038 | Time: 512ms
==> Save the model at epoch 009 with test loss 0.0097038
Epoch: 010 | Train Loss: 0.0100205 | Grad norm: 0.023556 | Time: 4s239ms
Epoch: 010 | Test Loss: 0.0095571 | Time: 515ms
==> Save the model at epoch 010 with test loss 0.0095571
Epoch: 011 | Train Loss: 0.0099558 | Grad norm: 0.024239 | Time: 4s371ms
Epoch: 011 | Test Loss: 0.0096906 | Time: 515ms
Epoch: 012 | Train Loss: 0.0097695 | Grad norm: 0.026958 | Time: 4s184ms
Epoch: 012 | Test Loss: 0.0093740 | Time: 499ms
==> Save the model at epoch 012 with test loss 0.0093740
Epoch: 013 | Train Loss: 0.0095324 | Grad norm: 0.032815 | Time: 4s434ms
Epoch: 013 | Test Loss: 0.0090236 | Time: 501ms
==> Save the model at epoch 013 with test loss 0.0090236
Epoch: 014 | Train Loss: 0.0092169 | Grad norm: 0.032952 | Time: 4s271ms
Epoch: 014 | Test Loss: 0.0086919 | Time: 634ms
==> Save the model at epoch 014 with test loss 0.0086919
Epoch: 015 | Train Loss: 0.0090304 | Grad norm: 0.037570 | Time: 4s237ms
Epoch: 015 | Test Loss: 0.0085166 | Time: 532ms
==> Save the model at epoch 015 with test loss 0.0085166
Epoch: 016 | Train Loss: 0.0087482 | Grad norm: 0.038176 | Time: 4s295ms
Epoch: 016 | Test Loss: 0.0084488 | Time: 504ms
==> Save the model at epoch 016 with test loss 0.0084488
Epoch: 017 | Train Loss: 0.0085531 | Grad norm: 0.037592 | Time: 4s166ms
Epoch: 017 | Test Loss: 0.0082900 | Time: 522ms
==> Save the model at epoch 017 with test loss 0.0082900
Epoch: 018 | Train Loss: 0.0083384 | Grad norm: 0.036683 | Time: 4s357ms
Epoch: 018 | Test Loss: 0.0080898 | Time: 499ms
==> Save the model at epoch 018 with test loss 0.0080898
Epoch: 019 | Train Loss: 0.0082033 | Grad norm: 0.038333 | Time: 4s248ms
Epoch: 019 | Test Loss: 0.0079533 | Time: 496ms
==> Save the model at epoch 019 with test loss 0.0079533
Epoch: 020 | Train Loss: 0.0080805 | Grad norm: 0.039051 | Time: 4s147ms
Epoch: 020 | Test Loss: 0.0076982 | Time: 500ms
==> Save the model at epoch 020 with test loss 0.0076982
Epoch: 021 | Train Loss: 0.0079583 | Grad norm: 0.038987 | Time: 4s393ms
Epoch: 021 | Test Loss: 0.0077074 | Time: 496ms
Epoch: 022 | Train Loss: 0.0078901 | Grad norm: 0.038687 | Time: 4s170ms
Epoch: 022 | Test Loss: 0.0077560 | Time: 586ms
Epoch: 023 | Train Loss: 0.0078074 | Grad norm: 0.039295 | Time: 3s988ms
Epoch: 023 | Test Loss: 0.0075388 | Time: 496ms
==> Save the model at epoch 023 with test loss 0.0075388
Epoch: 024 | Train Loss: 0.0077641 | Grad norm: 0.039310 | Time: 4s129ms
Epoch: 024 | Test Loss: 0.0075520 | Time: 514ms
Epoch: 025 | Train Loss: 0.0077039 | Grad norm: 0.039645 | Time: 4s246ms
Epoch: 025 | Test Loss: 0.0074388 | Time: 501ms
==> Save the model at epoch 025 with test loss 0.0074388
Epoch: 026 | Train Loss: 0.0076329 | Grad norm: 0.039159 | Time: 4s304ms
Epoch: 026 | Test Loss: 0.0074754 | Time: 517ms
Epoch: 027 | Train Loss: 0.0075863 | Grad norm: 0.039315 | Time: 4s449ms
Epoch: 027 | Test Loss: 0.0073820 | Time: 501ms
==> Save the model at epoch 027 with test loss 0.0073820
Epoch: 028 | Train Loss: 0.0075676 | Grad norm: 0.038463 | Time: 4s98ms
Epoch: 028 | Test Loss: 0.0074513 | Time: 501ms
Epoch: 029 | Train Loss: 0.0075136 | Grad norm: 0.037614 | Time: 4s623ms
Epoch: 029 | Test Loss: 0.0073668 | Time: 518ms
==> Save the model at epoch 029 with test loss 0.0073668
Epoch: 030 | Train Loss: 0.0074822 | Grad norm: 0.037963 | Time: 4s505ms
Epoch: 030 | Test Loss: 0.0074683 | Time: 501ms
Epoch: 031 | Train Loss: 0.0074527 | Grad norm: 0.037977 | Time: 4s146ms
Epoch: 031 | Test Loss: 0.0073277 | Time: 515ms
==> Save the model at epoch 031 with test loss 0.0073277
Epoch: 032 | Train Loss: 0.0074113 | Grad norm: 0.037140 | Time: 4s67ms
Epoch: 032 | Test Loss: 0.0073844 | Time: 507ms
Epoch: 033 | Train Loss: 0.0073792 | Grad norm: 0.037056 | Time: 4s290ms
Epoch: 033 | Test Loss: 0.0072679 | Time: 578ms
==> Save the model at epoch 033 with test loss 0.0072679
Epoch: 034 | Train Loss: 0.0073539 | Grad norm: 0.037361 | Time: 4s58ms
Epoch: 034 | Test Loss: 0.0071835 | Time: 503ms
==> Save the model at epoch 034 with test loss 0.0071835
Epoch: 035 | Train Loss: 0.0073314 | Grad norm: 0.037198 | Time: 4s519ms
Epoch: 035 | Test Loss: 0.0071841 | Time: 500ms
Epoch: 036 | Train Loss: 0.0073078 | Grad norm: 0.036940 | Time: 4s220ms
Epoch: 036 | Test Loss: 0.0071896 | Time: 502ms
Epoch: 037 | Train Loss: 0.0072853 | Grad norm: 0.036843 | Time: 4s254ms
Epoch: 037 | Test Loss: 0.0072171 | Time: 519ms
Epoch: 038 | Train Loss: 0.0072721 | Grad norm: 0.036373 | Time: 4s235ms
Epoch: 038 | Test Loss: 0.0071510 | Time: 507ms
==> Save the model at epoch 038 with test loss 0.0071510
Epoch: 039 | Train Loss: 0.0072640 | Grad norm: 0.036435 | Time: 4s189ms
Epoch: 039 | Test Loss: 0.0071479 | Time: 505ms
==> Save the model at epoch 039 with test loss 0.0071479
Epoch: 040 | Train Loss: 0.0072557 | Grad norm: 0.036133 | Time: 4s275ms
Epoch: 040 | Test Loss: 0.0071448 | Time: 605ms
==> Save the model at epoch 040 with test loss 0.0071448
Total time: 3m11s
==> Saving trained model weights...
==> Input bias to be applied to the neural network (trained):
[0. 0. 0. 0.]
==> Input transform to be applied to the neural network (trained):
[0.708416   0.723275   0.67681897 0.67421794]
==> Output transform to be applied to the neural network (trained):
[0.2339 0.2936]
==> Saving training info...
==> Drawing training loss...
==> Drawing grad norm...
==> Drawing testing loss...
==> Process finished.
