==> torch device:  cuda:2
==> Test-Train split: test_ratio = 0.20
==> Test-Train split seed:  None
==> Further split: further_train_ratio = 0.50
==> Further split seed:  None
==> Input bias to be applied to the neural network:
[0. 0.]
==> Input transform to be applied to the neural network:
[0.496845   0.52004784]
==> Ouput transform to be applied to the neural network:
[1.9242 2.0182]
==> Evaluating model...
==========================================================================================
Layer (type:depth-idx)                   Output Shape              Param #
==========================================================================================
NeuralNetwork                            [1, 2]                    6
├─Sequential: 1-1                        [1, 2]                    --
│    └─Linear: 2-1                       [1, 64]                   192
│    └─ReLU: 2-2                         [1, 64]                   --
│    └─Linear: 2-3                       [1, 64]                   4,160
│    └─ReLU: 2-4                         [1, 64]                   --
│    └─Linear: 2-5                       [1, 64]                   4,160
│    └─ReLU: 2-6                         [1, 64]                   --
│    └─Linear: 2-7                       [1, 64]                   4,160
│    └─ReLU: 2-8                         [1, 64]                   --
│    └─Linear: 2-9                       [1, 64]                   4,160
│    └─ReLU: 2-10                        [1, 64]                   --
│    └─Linear: 2-11                      [1, 64]                   4,160
│    └─ReLU: 2-12                        [1, 64]                   --
│    └─Linear: 2-13                      [1, 64]                   4,160
│    └─ReLU: 2-14                        [1, 64]                   --
│    └─Linear: 2-15                      [1, 2]                    130
├─Sequential: 1-2                        [1, 2]                    (recursive)
│    └─Linear: 2-16                      [1, 64]                   (recursive)
│    └─ReLU: 2-17                        [1, 64]                   --
│    └─Linear: 2-18                      [1, 64]                   (recursive)
│    └─ReLU: 2-19                        [1, 64]                   --
│    └─Linear: 2-20                      [1, 64]                   (recursive)
│    └─ReLU: 2-21                        [1, 64]                   --
│    └─Linear: 2-22                      [1, 64]                   (recursive)
│    └─ReLU: 2-23                        [1, 64]                   --
│    └─Linear: 2-24                      [1, 64]                   (recursive)
│    └─ReLU: 2-25                        [1, 64]                   --
│    └─Linear: 2-26                      [1, 64]                   (recursive)
│    └─ReLU: 2-27                        [1, 64]                   --
│    └─Linear: 2-28                      [1, 64]                   (recursive)
│    └─ReLU: 2-29                        [1, 64]                   --
│    └─Linear: 2-30                      [1, 2]                    (recursive)
==========================================================================================
Total params: 25,288
Trainable params: 25,282
Non-trainable params: 6
Total mult-adds (Units.MEGABYTES): 0.05
==========================================================================================
Input size (MB): 0.00
Forward/backward pass size (MB): 0.01
Params size (MB): 0.10
Estimated Total Size (MB): 0.11
==========================================================================================
==> Saving initial model weights...
==> Start training...
==> Number of param_groups in optimizer: 1
Epoch: 001 | Train Loss: 7.8065188 | Grad norm: 0.316332 | Time: 2s306ms
Epoch: 001 | Test Loss: 7.7941080 | Time: 488ms
==> Save the model at epoch 001 with test loss 7.7941080
Epoch: 002 | Train Loss: 5.9231457 | Grad norm: 2.525366 | Time: 1s985ms
Epoch: 002 | Test Loss: 1.4946573 | Time: 565ms
==> Save the model at epoch 002 with test loss 1.4946573
Epoch: 003 | Train Loss: 0.2428387 | Grad norm: 1.748683 | Time: 2s88ms
Epoch: 003 | Test Loss: 0.0758378 | Time: 450ms
==> Save the model at epoch 003 with test loss 0.0758378
Epoch: 004 | Train Loss: 0.0584473 | Grad norm: 1.916796 | Time: 2s47ms
Epoch: 004 | Test Loss: 0.0440312 | Time: 448ms
==> Save the model at epoch 004 with test loss 0.0440312
Epoch: 005 | Train Loss: 0.0413189 | Grad norm: 1.686103 | Time: 2s43ms
Epoch: 005 | Test Loss: 0.0361881 | Time: 493ms
==> Save the model at epoch 005 with test loss 0.0361881
Epoch: 006 | Train Loss: 0.0360731 | Grad norm: 1.593627 | Time: 2s18ms
Epoch: 006 | Test Loss: 0.0287673 | Time: 469ms
==> Save the model at epoch 006 with test loss 0.0287673
Epoch: 007 | Train Loss: 0.0346391 | Grad norm: 1.738876 | Time: 2s11ms
Epoch: 007 | Test Loss: 0.0280255 | Time: 466ms
==> Save the model at epoch 007 with test loss 0.0280255
Epoch: 008 | Train Loss: 0.0312842 | Grad norm: 1.642473 | Time: 2s21ms
Epoch: 008 | Test Loss: 0.0257636 | Time: 458ms
==> Save the model at epoch 008 with test loss 0.0257636
Epoch: 009 | Train Loss: 0.0273902 | Grad norm: 1.502866 | Time: 1s957ms
Epoch: 009 | Test Loss: 0.0252942 | Time: 467ms
==> Save the model at epoch 009 with test loss 0.0252942
Epoch: 010 | Train Loss: 0.0296302 | Grad norm: 1.556346 | Time: 2s22ms
Epoch: 010 | Test Loss: 0.0236091 | Time: 524ms
==> Save the model at epoch 010 with test loss 0.0236091
Epoch: 011 | Train Loss: 0.0309843 | Grad norm: 1.732492 | Time: 2s48ms
Epoch: 011 | Test Loss: 0.0263381 | Time: 455ms
Epoch: 012 | Train Loss: 0.0277407 | Grad norm: 1.627653 | Time: 1s955ms
Epoch: 012 | Test Loss: 0.0229090 | Time: 456ms
==> Save the model at epoch 012 with test loss 0.0229090
Epoch: 013 | Train Loss: 0.0259550 | Grad norm: 1.476724 | Time: 2s78ms
Epoch: 013 | Test Loss: 0.0271932 | Time: 466ms
Epoch: 014 | Train Loss: 0.0254248 | Grad norm: 1.530826 | Time: 1s907ms
Epoch: 014 | Test Loss: 0.0240177 | Time: 508ms
Epoch: 015 | Train Loss: 0.0250943 | Grad norm: 1.514882 | Time: 2s270ms
Epoch: 015 | Test Loss: 0.0252071 | Time: 449ms
Epoch: 016 | Train Loss: 0.0241491 | Grad norm: 1.405972 | Time: 2s63ms
Epoch: 016 | Test Loss: 0.0291420 | Time: 495ms
Epoch: 017 | Train Loss: 0.0248203 | Grad norm: 1.525405 | Time: 2s14ms
Epoch: 017 | Test Loss: 0.0225883 | Time: 451ms
==> Save the model at epoch 017 with test loss 0.0225883
Epoch: 018 | Train Loss: 0.0234966 | Grad norm: 1.502128 | Time: 2s14ms
Epoch: 018 | Test Loss: 0.0241671 | Time: 524ms
Epoch: 019 | Train Loss: 0.0231670 | Grad norm: 1.354929 | Time: 2s76ms
Epoch: 019 | Test Loss: 0.0198385 | Time: 457ms
==> Save the model at epoch 019 with test loss 0.0198385
Epoch: 020 | Train Loss: 0.0210916 | Grad norm: 1.276912 | Time: 1s943ms
Epoch: 020 | Test Loss: 0.0208099 | Time: 458ms
Epoch: 021 | Train Loss: 0.0195079 | Grad norm: 1.153515 | Time: 2s157ms
Epoch: 021 | Test Loss: 0.0234740 | Time: 446ms
Epoch: 022 | Train Loss: 0.0188701 | Grad norm: 1.146142 | Time: 2s233ms
Epoch: 022 | Test Loss: 0.0212547 | Time: 449ms
Epoch: 023 | Train Loss: 0.0187615 | Grad norm: 1.180893 | Time: 1s990ms
Epoch: 023 | Test Loss: 0.0187515 | Time: 447ms
==> Save the model at epoch 023 with test loss 0.0187515
Epoch: 024 | Train Loss: 0.0190204 | Grad norm: 1.172728 | Time: 2s121ms
Epoch: 024 | Test Loss: 0.0192877 | Time: 451ms
Epoch: 025 | Train Loss: 0.0180040 | Grad norm: 0.993715 | Time: 1s972ms
Epoch: 025 | Test Loss: 0.0183706 | Time: 446ms
==> Save the model at epoch 025 with test loss 0.0183706
Epoch: 026 | Train Loss: 0.0192191 | Grad norm: 1.307039 | Time: 1s969ms
Epoch: 026 | Test Loss: 0.0173952 | Time: 515ms
==> Save the model at epoch 026 with test loss 0.0173952
Epoch: 027 | Train Loss: 0.0175267 | Grad norm: 1.048915 | Time: 2s204ms
Epoch: 027 | Test Loss: 0.0195103 | Time: 449ms
Epoch: 028 | Train Loss: 0.0170581 | Grad norm: 0.997166 | Time: 2s1ms
Epoch: 028 | Test Loss: 0.0181175 | Time: 449ms
Epoch: 029 | Train Loss: 0.0163010 | Grad norm: 0.903575 | Time: 2s142ms
Epoch: 029 | Test Loss: 0.0157550 | Time: 450ms
==> Save the model at epoch 029 with test loss 0.0157550
Epoch: 030 | Train Loss: 0.0156444 | Grad norm: 0.831845 | Time: 2s39ms
Epoch: 030 | Test Loss: 0.0154891 | Time: 463ms
==> Save the model at epoch 030 with test loss 0.0154891
Epoch: 031 | Train Loss: 0.0155317 | Grad norm: 0.843174 | Time: 1s978ms
Epoch: 031 | Test Loss: 0.0158700 | Time: 452ms
Epoch: 032 | Train Loss: 0.0151255 | Grad norm: 0.759083 | Time: 1s973ms
Epoch: 032 | Test Loss: 0.0161451 | Time: 449ms
Epoch: 033 | Train Loss: 0.0153159 | Grad norm: 0.781451 | Time: 2s64ms
Epoch: 033 | Test Loss: 0.0148793 | Time: 451ms
==> Save the model at epoch 033 with test loss 0.0148793
Epoch: 034 | Train Loss: 0.0148052 | Grad norm: 0.708957 | Time: 2s47ms
Epoch: 034 | Test Loss: 0.0159111 | Time: 523ms
Epoch: 035 | Train Loss: 0.0146192 | Grad norm: 0.705976 | Time: 2s81ms
Epoch: 035 | Test Loss: 0.0143657 | Time: 459ms
==> Save the model at epoch 035 with test loss 0.0143657
Epoch: 036 | Train Loss: 0.0143076 | Grad norm: 0.562262 | Time: 1s886ms
Epoch: 036 | Test Loss: 0.0141190 | Time: 448ms
==> Save the model at epoch 036 with test loss 0.0141190
Epoch: 037 | Train Loss: 0.0140554 | Grad norm: 0.566044 | Time: 2s140ms
Epoch: 037 | Test Loss: 0.0139883 | Time: 451ms
==> Save the model at epoch 037 with test loss 0.0139883
Epoch: 038 | Train Loss: 0.0139664 | Grad norm: 0.550860 | Time: 1s929ms
Epoch: 038 | Test Loss: 0.0140313 | Time: 467ms
Epoch: 039 | Train Loss: 0.0138829 | Grad norm: 0.491580 | Time: 1s956ms
Epoch: 039 | Test Loss: 0.0139214 | Time: 449ms
==> Save the model at epoch 039 with test loss 0.0139214
Epoch: 040 | Train Loss: 0.0137548 | Grad norm: 0.470858 | Time: 1s975ms
Epoch: 040 | Test Loss: 0.0139565 | Time: 642ms
Total time: 1m40s
==> Saving trained model weights...
==> Input bias to be applied to the neural network (trained):
[0. 0.]
==> Input transform to be applied to the neural network (trained):
[0.496845   0.52004784]
==> Output transform to be applied to the neural network (trained):
[1.9242 2.0182]
==> Saving training info...
==> Drawing training loss...
==> Drawing grad norm...
==> Drawing testing loss...
==> Process finished.
