==> torch device:  cuda:0
==> Test-Train split: test_ratio = 0.20
==> Test-Train split seed:  None
==> Further split: further_train_ratio = 0.25
==> Further split seed:  None
==> Lipschitz constant: 8.00
==> Input bias to be applied to the neural network:
[0. 0.]
==> Input transform to be applied to the neural network:
[0.5576312  0.56041247]
==> Ouput transform to be applied to the neural network:
[1.7847 1.7916]
==> Evaluating model...
==========================================================================================
Layer (type:depth-idx)                   Output Shape              Param #
==========================================================================================
NeuralNetwork                            [1, 2]                    6
├─Sequential: 1-1                        [1, 2]                    --
│    └─SandwichFc: 2-1                   [1, 64]                   4,353
│    └─SandwichFc: 2-2                   [1, 64]                   8,321
│    └─SandwichFc: 2-3                   [1, 64]                   8,321
│    └─SandwichFc: 2-4                   [1, 64]                   8,321
│    └─SandwichFc: 2-5                   [1, 64]                   8,321
│    └─SandwichFc: 2-6                   [1, 64]                   8,321
│    └─SandwichFc: 2-7                   [1, 64]                   8,321
│    └─SandwichLin: 2-8                  [1, 2]                    135
├─Sequential: 1-2                        [1, 2]                    (recursive)
│    └─SandwichFc: 2-9                   [1, 64]                   (recursive)
│    └─SandwichFc: 2-10                  [1, 64]                   (recursive)
│    └─SandwichFc: 2-11                  [1, 64]                   (recursive)
│    └─SandwichFc: 2-12                  [1, 64]                   (recursive)
│    └─SandwichFc: 2-13                  [1, 64]                   (recursive)
│    └─SandwichFc: 2-14                  [1, 64]                   (recursive)
│    └─SandwichFc: 2-15                  [1, 64]                   (recursive)
│    └─SandwichLin: 2-16                 [1, 2]                    (recursive)
==========================================================================================
Total params: 54,420
Trainable params: 54,414
Non-trainable params: 6
Total mult-adds (Units.MEGABYTES): 0.11
==========================================================================================
Input size (MB): 0.00
Forward/backward pass size (MB): 0.01
Params size (MB): 0.22
Estimated Total Size (MB): 0.22
==========================================================================================
==> Saving initial model weights...
==> Start training...
==> Number of param_groups in optimizer: 1
Epoch: 001 | Train Loss: 6.4295438 | Grad norm: 13.911175 | Time: 7s592ms
Epoch: 001 | Test Loss: 6.4415258 | Time: 951ms
==> Save the model at epoch 001 with test loss 6.4415258
Epoch: 002 | Train Loss: 0.6190452 | Grad norm: 3.763062 | Time: 6s737ms
Epoch: 002 | Test Loss: 0.0043259 | Time: 1s4ms
==> Save the model at epoch 002 with test loss 0.0043259
Epoch: 003 | Train Loss: 0.0056950 | Grad norm: 1.693140 | Time: 6s838ms
Epoch: 003 | Test Loss: 0.0057437 | Time: 955ms
Epoch: 004 | Train Loss: 0.0072105 | Grad norm: 2.026861 | Time: 7s187ms
Epoch: 004 | Test Loss: 0.0040399 | Time: 932ms
==> Save the model at epoch 004 with test loss 0.0040399
Epoch: 005 | Train Loss: 0.0097406 | Grad norm: 2.427369 | Time: 7s299ms
Epoch: 005 | Test Loss: 0.0112870 | Time: 935ms
Epoch: 006 | Train Loss: 0.0119156 | Grad norm: 2.770796 | Time: 6s901ms
Epoch: 006 | Test Loss: 0.0061199 | Time: 933ms
Epoch: 007 | Train Loss: 0.0129211 | Grad norm: 2.737172 | Time: 7s139ms
Epoch: 007 | Test Loss: 0.0094082 | Time: 928ms
Epoch: 008 | Train Loss: 0.0144802 | Grad norm: 3.038375 | Time: 7s109ms
Epoch: 008 | Test Loss: 0.0093389 | Time: 912ms
Epoch: 009 | Train Loss: 0.0163324 | Grad norm: 3.014345 | Time: 7s665ms
Epoch: 009 | Test Loss: 0.0200586 | Time: 993ms
Epoch: 010 | Train Loss: 0.0147906 | Grad norm: 2.738150 | Time: 7s265ms
Epoch: 010 | Test Loss: 0.0168654 | Time: 968ms
Epoch: 011 | Train Loss: 0.0141863 | Grad norm: 2.483565 | Time: 7s188ms
Epoch: 011 | Test Loss: 0.0158130 | Time: 927ms
Epoch: 012 | Train Loss: 0.0119602 | Grad norm: 2.266752 | Time: 7s419ms
Epoch: 012 | Test Loss: 0.0139537 | Time: 965ms
Epoch: 013 | Train Loss: 0.0110306 | Grad norm: 2.088482 | Time: 7s167ms
Epoch: 013 | Test Loss: 0.0167587 | Time: 987ms
Epoch: 014 | Train Loss: 0.0111171 | Grad norm: 1.974507 | Time: 6s981ms
Epoch: 014 | Test Loss: 0.0104702 | Time: 1s41ms
Epoch: 015 | Train Loss: 0.0094994 | Grad norm: 1.799948 | Time: 7s91ms
Epoch: 015 | Test Loss: 0.0063045 | Time: 920ms
Epoch: 016 | Train Loss: 0.0081094 | Grad norm: 1.705544 | Time: 7s61ms
Epoch: 016 | Test Loss: 0.0067152 | Time: 1s
Epoch: 017 | Train Loss: 0.0078150 | Grad norm: 1.553516 | Time: 7s157ms
Epoch: 017 | Test Loss: 0.0081450 | Time: 936ms
Epoch: 018 | Train Loss: 0.0071512 | Grad norm: 1.438270 | Time: 7s52ms
Epoch: 018 | Test Loss: 0.0058714 | Time: 929ms
Epoch: 019 | Train Loss: 0.0051008 | Grad norm: 0.867694 | Time: 7s116ms
Epoch: 019 | Test Loss: 0.0031863 | Time: 939ms
==> Save the model at epoch 019 with test loss 0.0031863
Epoch: 020 | Train Loss: 0.0046937 | Grad norm: 0.745872 | Time: 7s236ms
Epoch: 020 | Test Loss: 0.0064594 | Time: 968ms
Epoch: 021 | Train Loss: 0.0054123 | Grad norm: 1.004417 | Time: 6s973ms
Epoch: 021 | Test Loss: 0.0035291 | Time: 1s6ms
Epoch: 022 | Train Loss: 0.0035006 | Grad norm: 0.459552 | Time: 7s253ms
Epoch: 022 | Test Loss: 0.0038128 | Time: 920ms
Epoch: 023 | Train Loss: 0.0033665 | Grad norm: 0.433344 | Time: 7s45ms
Epoch: 023 | Test Loss: 0.0031991 | Time: 944ms
Epoch: 024 | Train Loss: 0.0038411 | Grad norm: 0.627318 | Time: 6s829ms
Epoch: 024 | Test Loss: 0.0044056 | Time: 936ms
Epoch: 025 | Train Loss: 0.0033931 | Grad norm: 0.446735 | Time: 7s189ms
Epoch: 025 | Test Loss: 0.0030967 | Time: 1s2ms
==> Save the model at epoch 025 with test loss 0.0030967
Epoch: 026 | Train Loss: 0.0032507 | Grad norm: 0.411807 | Time: 7s37ms
Epoch: 026 | Test Loss: 0.0033047 | Time: 940ms
Epoch: 027 | Train Loss: 0.0032749 | Grad norm: 0.414340 | Time: 7s97ms
Epoch: 027 | Test Loss: 0.0028772 | Time: 941ms
==> Save the model at epoch 027 with test loss 0.0028772
Epoch: 028 | Train Loss: 0.0031035 | Grad norm: 0.351077 | Time: 7s75ms
Epoch: 028 | Test Loss: 0.0029889 | Time: 1s25ms
Epoch: 029 | Train Loss: 0.0030255 | Grad norm: 0.315651 | Time: 6s961ms
Epoch: 029 | Test Loss: 0.0031229 | Time: 932ms
Epoch: 030 | Train Loss: 0.0030171 | Grad norm: 0.301801 | Time: 7s173ms
Epoch: 030 | Test Loss: 0.0029012 | Time: 957ms
Epoch: 031 | Train Loss: 0.0029456 | Grad norm: 0.273816 | Time: 7s169ms
Epoch: 031 | Test Loss: 0.0030979 | Time: 932ms
Epoch: 032 | Train Loss: 0.0029368 | Grad norm: 0.299193 | Time: 7s216ms
Epoch: 032 | Test Loss: 0.0028448 | Time: 964ms
==> Save the model at epoch 032 with test loss 0.0028448
Epoch: 033 | Train Loss: 0.0029232 | Grad norm: 0.303468 | Time: 7s183ms
Epoch: 033 | Test Loss: 0.0029142 | Time: 945ms
Epoch: 034 | Train Loss: 0.0028166 | Grad norm: 0.237122 | Time: 6s885ms
Epoch: 034 | Test Loss: 0.0027940 | Time: 930ms
==> Save the model at epoch 034 with test loss 0.0027940
Epoch: 035 | Train Loss: 0.0027699 | Grad norm: 0.198377 | Time: 7s236ms
Epoch: 035 | Test Loss: 0.0028793 | Time: 1s10ms
Epoch: 036 | Train Loss: 0.0027346 | Grad norm: 0.173630 | Time: 6s906ms
Epoch: 036 | Test Loss: 0.0027640 | Time: 950ms
==> Save the model at epoch 036 with test loss 0.0027640
Epoch: 037 | Train Loss: 0.0027124 | Grad norm: 0.166991 | Time: 6s795ms
Epoch: 037 | Test Loss: 0.0027603 | Time: 942ms
==> Save the model at epoch 037 with test loss 0.0027603
Epoch: 038 | Train Loss: 0.0026839 | Grad norm: 0.136681 | Time: 7s71ms
Epoch: 038 | Test Loss: 0.0027189 | Time: 949ms
==> Save the model at epoch 038 with test loss 0.0027189
Epoch: 039 | Train Loss: 0.0026717 | Grad norm: 0.131086 | Time: 7s286ms
Epoch: 039 | Test Loss: 0.0027101 | Time: 944ms
==> Save the model at epoch 039 with test loss 0.0027101
Epoch: 040 | Train Loss: 0.0026585 | Grad norm: 0.117399 | Time: 7s223ms
Epoch: 040 | Test Loss: 0.0027071 | Time: 1s52ms
==> Save the model at epoch 040 with test loss 0.0027071
Total time: 5m23s
==> Saving trained model weights...
==> Input bias to be applied to the neural network (trained):
[0. 0.]
==> Input transform to be applied to the neural network (trained):
[0.5576312  0.56041247]
==> Output transform to be applied to the neural network (trained):
[1.7847 1.7916]
==> Saving training info...
==> Drawing training loss...
==> Drawing grad norm...
==> Drawing testing loss...
==> Process finished.
