==> torch device:  cuda:1
==> Test-Train split: test_ratio = 0.20
==> Test-Train split seed:  None
==> Further split: further_train_ratio = 0.50
==> Further split seed:  None
==> Input bias to be applied to the neural network:
[0. 0.]
==> Input transform to be applied to the neural network:
[0.5090095 0.5090095]
==> Ouput transform to be applied to the neural network:
[3.9366 3.9363]
==> Evaluating model...
==========================================================================================
Layer (type:depth-idx)                   Output Shape              Param #
==========================================================================================
NeuralNetwork                            [1, 2]                    6
├─Sequential: 1-1                        [1, 2]                    --
│    └─Linear: 2-1                       [1, 64]                   192
│    └─ReLU: 2-2                         [1, 64]                   --
│    └─Linear: 2-3                       [1, 64]                   4,160
│    └─ReLU: 2-4                         [1, 64]                   --
│    └─Linear: 2-5                       [1, 64]                   4,160
│    └─ReLU: 2-6                         [1, 64]                   --
│    └─Linear: 2-7                       [1, 64]                   4,160
│    └─ReLU: 2-8                         [1, 64]                   --
│    └─Linear: 2-9                       [1, 64]                   4,160
│    └─ReLU: 2-10                        [1, 64]                   --
│    └─Linear: 2-11                      [1, 64]                   4,160
│    └─ReLU: 2-12                        [1, 64]                   --
│    └─Linear: 2-13                      [1, 64]                   4,160
│    └─ReLU: 2-14                        [1, 64]                   --
│    └─Linear: 2-15                      [1, 2]                    130
├─Sequential: 1-2                        [1, 2]                    (recursive)
│    └─Linear: 2-16                      [1, 64]                   (recursive)
│    └─ReLU: 2-17                        [1, 64]                   --
│    └─Linear: 2-18                      [1, 64]                   (recursive)
│    └─ReLU: 2-19                        [1, 64]                   --
│    └─Linear: 2-20                      [1, 64]                   (recursive)
│    └─ReLU: 2-21                        [1, 64]                   --
│    └─Linear: 2-22                      [1, 64]                   (recursive)
│    └─ReLU: 2-23                        [1, 64]                   --
│    └─Linear: 2-24                      [1, 64]                   (recursive)
│    └─ReLU: 2-25                        [1, 64]                   --
│    └─Linear: 2-26                      [1, 64]                   (recursive)
│    └─ReLU: 2-27                        [1, 64]                   --
│    └─Linear: 2-28                      [1, 64]                   (recursive)
│    └─ReLU: 2-29                        [1, 64]                   --
│    └─Linear: 2-30                      [1, 2]                    (recursive)
==========================================================================================
Total params: 25,288
Trainable params: 25,282
Non-trainable params: 6
Total mult-adds (Units.MEGABYTES): 0.05
==========================================================================================
Input size (MB): 0.00
Forward/backward pass size (MB): 0.01
Params size (MB): 0.10
Estimated Total Size (MB): 0.11
==========================================================================================
==> Saving initial model weights...
==> Start training...
==> Number of param_groups in optimizer: 1
Epoch: 001 | Train Loss: 31.0279644 | Grad norm: 0.764091 | Time: 2s251ms
Epoch: 001 | Test Loss: 30.7666147 | Time: 467ms
==> Save the model at epoch 001 with test loss 30.7666147
Epoch: 002 | Train Loss: 3.3026537 | Grad norm: 10.596724 | Time: 1s954ms
Epoch: 002 | Test Loss: 0.0162090 | Time: 533ms
==> Save the model at epoch 002 with test loss 0.0162090
Epoch: 003 | Train Loss: 0.0463370 | Grad norm: 4.992763 | Time: 2s37ms
Epoch: 003 | Test Loss: 0.0514388 | Time: 451ms
Epoch: 004 | Train Loss: 0.0607080 | Grad norm: 5.746663 | Time: 2s14ms
Epoch: 004 | Test Loss: 0.0139312 | Time: 453ms
==> Save the model at epoch 004 with test loss 0.0139312
Epoch: 005 | Train Loss: 0.1200123 | Grad norm: 8.152118 | Time: 2s164ms
Epoch: 005 | Test Loss: 0.0887051 | Time: 455ms
Epoch: 006 | Train Loss: 0.1140535 | Grad norm: 7.847571 | Time: 2s74ms
Epoch: 006 | Test Loss: 0.0597897 | Time: 451ms
Epoch: 007 | Train Loss: 0.1444466 | Grad norm: 9.162417 | Time: 2s65ms
Epoch: 007 | Test Loss: 0.0388136 | Time: 453ms
Epoch: 008 | Train Loss: 0.1369152 | Grad norm: 8.635066 | Time: 2s99ms
Epoch: 008 | Test Loss: 0.0873473 | Time: 457ms
Epoch: 009 | Train Loss: 0.2500381 | Grad norm: 12.212743 | Time: 2s9ms
Epoch: 009 | Test Loss: 0.2493049 | Time: 469ms
Epoch: 010 | Train Loss: 0.1301205 | Grad norm: 8.836883 | Time: 1s956ms
Epoch: 010 | Test Loss: 0.0372125 | Time: 524ms
Epoch: 011 | Train Loss: 0.1354789 | Grad norm: 8.880348 | Time: 1s935ms
Epoch: 011 | Test Loss: 0.0861054 | Time: 469ms
Epoch: 012 | Train Loss: 0.0775151 | Grad norm: 6.791306 | Time: 2s166ms
Epoch: 012 | Test Loss: 0.0309191 | Time: 466ms
Epoch: 013 | Train Loss: 0.0872495 | Grad norm: 7.181172 | Time: 2s40ms
Epoch: 013 | Test Loss: 0.0427227 | Time: 469ms
Epoch: 014 | Train Loss: 0.0781630 | Grad norm: 6.493051 | Time: 1s930ms
Epoch: 014 | Test Loss: 0.0573101 | Time: 459ms
Epoch: 015 | Train Loss: 0.1164264 | Grad norm: 7.889488 | Time: 2s98ms
Epoch: 015 | Test Loss: 0.0846117 | Time: 460ms
Epoch: 016 | Train Loss: 0.0686487 | Grad norm: 6.087721 | Time: 2s101ms
Epoch: 016 | Test Loss: 0.0117631 | Time: 454ms
==> Save the model at epoch 016 with test loss 0.0117631
Epoch: 017 | Train Loss: 0.0458010 | Grad norm: 4.976492 | Time: 2s21ms
Epoch: 017 | Test Loss: 0.0488063 | Time: 477ms
Epoch: 018 | Train Loss: 0.0430257 | Grad norm: 4.530594 | Time: 1s912ms
Epoch: 018 | Test Loss: 0.0325989 | Time: 549ms
Epoch: 019 | Train Loss: 0.0690469 | Grad norm: 6.019621 | Time: 2s31ms
Epoch: 019 | Test Loss: 0.0200415 | Time: 547ms
Epoch: 020 | Train Loss: 0.0448767 | Grad norm: 4.585795 | Time: 1s936ms
Epoch: 020 | Test Loss: 0.0254054 | Time: 459ms
Epoch: 021 | Train Loss: 0.0346453 | Grad norm: 4.094043 | Time: 2s117ms
Epoch: 021 | Test Loss: 0.0195715 | Time: 458ms
Epoch: 022 | Train Loss: 0.0339990 | Grad norm: 3.788411 | Time: 1s919ms
Epoch: 022 | Test Loss: 0.0195187 | Time: 450ms
Epoch: 023 | Train Loss: 0.0272563 | Grad norm: 3.421977 | Time: 2s70ms
Epoch: 023 | Test Loss: 0.0402351 | Time: 476ms
Epoch: 024 | Train Loss: 0.0241205 | Grad norm: 3.199251 | Time: 2s47ms
Epoch: 024 | Test Loss: 0.0233267 | Time: 535ms
Epoch: 025 | Train Loss: 0.0177045 | Grad norm: 2.569156 | Time: 1s862ms
Epoch: 025 | Test Loss: 0.0108663 | Time: 448ms
==> Save the model at epoch 025 with test loss 0.0108663
Epoch: 026 | Train Loss: 0.0152489 | Grad norm: 2.126402 | Time: 1s898ms
Epoch: 026 | Test Loss: 0.0111976 | Time: 536ms
Epoch: 027 | Train Loss: 0.0122704 | Grad norm: 1.751437 | Time: 1s930ms
Epoch: 027 | Test Loss: 0.0187172 | Time: 449ms
Epoch: 028 | Train Loss: 0.0116726 | Grad norm: 1.548874 | Time: 2s22ms
Epoch: 028 | Test Loss: 0.0073652 | Time: 463ms
==> Save the model at epoch 028 with test loss 0.0073652
Epoch: 029 | Train Loss: 0.0108236 | Grad norm: 1.418268 | Time: 2s198ms
Epoch: 029 | Test Loss: 0.0157276 | Time: 464ms
Epoch: 030 | Train Loss: 0.0096751 | Grad norm: 1.214234 | Time: 2s16ms
Epoch: 030 | Test Loss: 0.0082936 | Time: 473ms
Epoch: 031 | Train Loss: 0.0085822 | Grad norm: 0.913174 | Time: 2s117ms
Epoch: 031 | Test Loss: 0.0083077 | Time: 454ms
Epoch: 032 | Train Loss: 0.0082024 | Grad norm: 0.793537 | Time: 2s224ms
Epoch: 032 | Test Loss: 0.0083167 | Time: 468ms
Epoch: 033 | Train Loss: 0.0077802 | Grad norm: 0.660515 | Time: 1s815ms
Epoch: 033 | Test Loss: 0.0080724 | Time: 452ms
Epoch: 034 | Train Loss: 0.0076329 | Grad norm: 0.586539 | Time: 1s906ms
Epoch: 034 | Test Loss: 0.0075951 | Time: 522ms
Epoch: 035 | Train Loss: 0.0075459 | Grad norm: 0.547301 | Time: 2s61ms
Epoch: 035 | Test Loss: 0.0077876 | Time: 477ms
Epoch: 036 | Train Loss: 0.0074039 | Grad norm: 0.471712 | Time: 2s48ms
Epoch: 036 | Test Loss: 0.0075769 | Time: 477ms
Epoch: 037 | Train Loss: 0.0072552 | Grad norm: 0.365365 | Time: 2s25ms
Epoch: 037 | Test Loss: 0.0071582 | Time: 500ms
==> Save the model at epoch 037 with test loss 0.0071582
Epoch: 038 | Train Loss: 0.0071858 | Grad norm: 0.319671 | Time: 1s985ms
Epoch: 038 | Test Loss: 0.0072440 | Time: 459ms
Epoch: 039 | Train Loss: 0.0071196 | Grad norm: 0.250068 | Time: 2s95ms
Epoch: 039 | Test Loss: 0.0070749 | Time: 538ms
==> Save the model at epoch 039 with test loss 0.0070749
Epoch: 040 | Train Loss: 0.0070824 | Grad norm: 0.221863 | Time: 2s228ms
Epoch: 040 | Test Loss: 0.0070360 | Time: 460ms
==> Save the model at epoch 040 with test loss 0.0070360
Total time: 1m40s
==> Saving trained model weights...
==> Input bias to be applied to the neural network (trained):
[0. 0.]
==> Input transform to be applied to the neural network (trained):
[0.5090095 0.5090095]
==> Output transform to be applied to the neural network (trained):
[3.9366 3.9363]
==> Saving training info...
==> Drawing training loss...
==> Drawing grad norm...
==> Drawing testing loss...
==> Process finished.
