==> torch device:  cuda:2
==> Test-Train split: test_ratio = 0.20
==> Test-Train split seed:  None
==> Further split: further_train_ratio = 1.00
==> Further split seed:  None
==> Lipschitz constant: 0.86
==> Input bias to be applied to the neural network:
[0. 0.]
==> Input transform to be applied to the neural network:
[0.70982397 0.70987433]
==> Ouput transform to be applied to the neural network:
[2.8322 2.832 ]
==> Evaluating model...
==========================================================================================
Layer (type:depth-idx)                   Output Shape              Param #
==========================================================================================
NeuralNetwork                            [1, 2]                    6
├─Sequential: 1-1                        [1, 2]                    --
│    └─SandwichFc: 2-1                   [1, 64]                   4,353
│    └─SandwichFc: 2-2                   [1, 64]                   8,321
│    └─SandwichFc: 2-3                   [1, 64]                   8,321
│    └─SandwichFc: 2-4                   [1, 64]                   8,321
│    └─SandwichFc: 2-5                   [1, 64]                   8,321
│    └─SandwichFc: 2-6                   [1, 64]                   8,321
│    └─SandwichFc: 2-7                   [1, 64]                   8,321
│    └─SandwichLin: 2-8                  [1, 2]                    135
├─Sequential: 1-2                        [1, 2]                    (recursive)
│    └─SandwichFc: 2-9                   [1, 64]                   (recursive)
│    └─SandwichFc: 2-10                  [1, 64]                   (recursive)
│    └─SandwichFc: 2-11                  [1, 64]                   (recursive)
│    └─SandwichFc: 2-12                  [1, 64]                   (recursive)
│    └─SandwichFc: 2-13                  [1, 64]                   (recursive)
│    └─SandwichFc: 2-14                  [1, 64]                   (recursive)
│    └─SandwichFc: 2-15                  [1, 64]                   (recursive)
│    └─SandwichLin: 2-16                 [1, 2]                    (recursive)
==========================================================================================
Total params: 54,420
Trainable params: 54,414
Non-trainable params: 6
Total mult-adds (Units.MEGABYTES): 0.11
==========================================================================================
Input size (MB): 0.00
Forward/backward pass size (MB): 0.01
Params size (MB): 0.22
Estimated Total Size (MB): 0.22
==========================================================================================
==> Saving initial model weights...
==> Start training...
==> Number of param_groups in optimizer: 1
Epoch: 001 | Train Loss: 16.0728584 | Grad norm: 3.141751 | Time: 16s737ms
Epoch: 001 | Test Loss: 15.9484824 | Time: 567ms
==> Save the model at epoch 001 with test loss 15.9484824
Epoch: 002 | Train Loss: 5.0978935 | Grad norm: 7.355122 | Time: 16s349ms
Epoch: 002 | Test Loss: 3.0489642 | Time: 551ms
==> Save the model at epoch 002 with test loss 3.0489642
Epoch: 003 | Train Loss: 2.0986047 | Grad norm: 4.469185 | Time: 16s94ms
Epoch: 003 | Test Loss: 1.3211486 | Time: 569ms
==> Save the model at epoch 003 with test loss 1.3211486
Epoch: 004 | Train Loss: 0.8695218 | Grad norm: 3.343465 | Time: 16s366ms
Epoch: 004 | Test Loss: 0.5864270 | Time: 562ms
==> Save the model at epoch 004 with test loss 0.5864270
Epoch: 005 | Train Loss: 0.5144466 | Grad norm: 6.491701 | Time: 16s618ms
Epoch: 005 | Test Loss: 0.4570384 | Time: 568ms
==> Save the model at epoch 005 with test loss 0.4570384
Epoch: 006 | Train Loss: 0.4268160 | Grad norm: 7.049061 | Time: 16s571ms
Epoch: 006 | Test Loss: 0.4088114 | Time: 631ms
==> Save the model at epoch 006 with test loss 0.4088114
Epoch: 007 | Train Loss: 0.3789451 | Grad norm: 6.979183 | Time: 16s451ms
Epoch: 007 | Test Loss: 0.3826885 | Time: 551ms
==> Save the model at epoch 007 with test loss 0.3826885
Epoch: 008 | Train Loss: 0.3557916 | Grad norm: 6.787142 | Time: 16s37ms
Epoch: 008 | Test Loss: 0.3624306 | Time: 561ms
==> Save the model at epoch 008 with test loss 0.3624306
Epoch: 009 | Train Loss: 0.3443029 | Grad norm: 6.434972 | Time: 16s834ms
Epoch: 009 | Test Loss: 0.3610825 | Time: 623ms
==> Save the model at epoch 009 with test loss 0.3610825
Epoch: 010 | Train Loss: 0.3316444 | Grad norm: 5.394687 | Time: 16s631ms
Epoch: 010 | Test Loss: 0.3412842 | Time: 555ms
==> Save the model at epoch 010 with test loss 0.3412842
Epoch: 011 | Train Loss: 0.3247321 | Grad norm: 4.650718 | Time: 16s495ms
Epoch: 011 | Test Loss: 0.3359965 | Time: 555ms
==> Save the model at epoch 011 with test loss 0.3359965
Epoch: 012 | Train Loss: 0.3198339 | Grad norm: 4.027067 | Time: 16s772ms
Epoch: 012 | Test Loss: 0.3256799 | Time: 593ms
==> Save the model at epoch 012 with test loss 0.3256799
Epoch: 013 | Train Loss: 0.3168986 | Grad norm: 3.565627 | Time: 16s420ms
Epoch: 013 | Test Loss: 0.3207909 | Time: 552ms
==> Save the model at epoch 013 with test loss 0.3207909
Epoch: 014 | Train Loss: 0.3095109 | Grad norm: 1.620921 | Time: 16s879ms
Epoch: 014 | Test Loss: 0.3000518 | Time: 572ms
==> Save the model at epoch 014 with test loss 0.3000518
Epoch: 015 | Train Loss: 0.3101901 | Grad norm: 2.277472 | Time: 16s904ms
Epoch: 015 | Test Loss: 0.3102586 | Time: 566ms
Epoch: 016 | Train Loss: 0.3115195 | Grad norm: 2.701999 | Time: 17s96ms
Epoch: 016 | Test Loss: 0.3073976 | Time: 553ms
Epoch: 017 | Train Loss: 0.3097337 | Grad norm: 2.420048 | Time: 16s778ms
Epoch: 017 | Test Loss: 0.3055697 | Time: 573ms
Epoch: 018 | Train Loss: 0.3084250 | Grad norm: 2.185804 | Time: 17s460ms
Epoch: 018 | Test Loss: 0.3048181 | Time: 556ms
Epoch: 019 | Train Loss: 0.3056063 | Grad norm: 1.405234 | Time: 16s474ms
Epoch: 019 | Test Loss: 0.2999529 | Time: 554ms
==> Save the model at epoch 019 with test loss 0.2999529
Epoch: 020 | Train Loss: 0.3032079 | Grad norm: 0.380769 | Time: 17s226ms
Epoch: 020 | Test Loss: 0.2999745 | Time: 626ms
Epoch: 021 | Train Loss: 0.3031880 | Grad norm: 0.650642 | Time: 16s691ms
Epoch: 021 | Test Loss: 0.3030328 | Time: 552ms
Epoch: 022 | Train Loss: 0.3023879 | Grad norm: 0.478868 | Time: 16s675ms
Epoch: 022 | Test Loss: 0.2998039 | Time: 566ms
==> Save the model at epoch 022 with test loss 0.2998039
Epoch: 023 | Train Loss: 0.3021640 | Grad norm: 0.367013 | Time: 16s723ms
Epoch: 023 | Test Loss: 0.3001760 | Time: 624ms
Epoch: 024 | Train Loss: 0.3022934 | Grad norm: 0.446959 | Time: 16s388ms
Epoch: 024 | Test Loss: 0.3010661 | Time: 554ms
Epoch: 025 | Train Loss: 0.3022519 | Grad norm: 0.426531 | Time: 16s614ms
Epoch: 025 | Test Loss: 0.2999644 | Time: 554ms
Epoch: 026 | Train Loss: 0.3021772 | Grad norm: 0.402195 | Time: 16s894ms
Epoch: 026 | Test Loss: 0.2999282 | Time: 564ms
Epoch: 027 | Train Loss: 0.3020359 | Grad norm: 0.296639 | Time: 16s683ms
Epoch: 027 | Test Loss: 0.2999871 | Time: 569ms
Epoch: 028 | Train Loss: 0.3020021 | Grad norm: 0.279154 | Time: 16s392ms
Epoch: 028 | Test Loss: 0.2997868 | Time: 548ms
==> Save the model at epoch 028 with test loss 0.2997868
Epoch: 029 | Train Loss: 0.3019797 | Grad norm: 0.255731 | Time: 17s182ms
Epoch: 029 | Test Loss: 0.2999624 | Time: 556ms
Epoch: 030 | Train Loss: 0.3020206 | Grad norm: 0.290989 | Time: 17s108ms
Epoch: 030 | Test Loss: 0.2998938 | Time: 553ms
Epoch: 031 | Train Loss: 0.3019732 | Grad norm: 0.243034 | Time: 16s408ms
Epoch: 031 | Test Loss: 0.2999439 | Time: 625ms
Epoch: 032 | Train Loss: 0.3019145 | Grad norm: 0.178964 | Time: 16s477ms
Epoch: 032 | Test Loss: 0.2998808 | Time: 547ms
Epoch: 033 | Train Loss: 0.3019561 | Grad norm: 0.240298 | Time: 17s197ms
Epoch: 033 | Test Loss: 0.2998211 | Time: 553ms
Epoch: 034 | Train Loss: 0.3019094 | Grad norm: 0.185189 | Time: 16s723ms
Epoch: 034 | Test Loss: 0.2998082 | Time: 620ms
Epoch: 035 | Train Loss: 0.3018975 | Grad norm: 0.158279 | Time: 16s877ms
Epoch: 035 | Test Loss: 0.2997945 | Time: 559ms
Epoch: 036 | Train Loss: 0.3018719 | Grad norm: 0.126067 | Time: 17s159ms
Epoch: 036 | Test Loss: 0.2998522 | Time: 552ms
Epoch: 037 | Train Loss: 0.3018650 | Grad norm: 0.109475 | Time: 15s907ms
Epoch: 037 | Test Loss: 0.2997882 | Time: 563ms
Epoch: 038 | Train Loss: 0.3018625 | Grad norm: 0.104188 | Time: 16s975ms
Epoch: 038 | Test Loss: 0.2997869 | Time: 551ms
Epoch: 039 | Train Loss: 0.3018519 | Grad norm: 0.072060 | Time: 16s715ms
Epoch: 039 | Test Loss: 0.2997864 | Time: 608ms
==> Save the model at epoch 039 with test loss 0.2997864
Epoch: 040 | Train Loss: 0.3018490 | Grad norm: 0.068379 | Time: 16s948ms
Epoch: 040 | Test Loss: 0.2997860 | Time: 623ms
==> Save the model at epoch 040 with test loss 0.2997860
Total time: 11m30s
==> Saving trained model weights...
==> Input bias to be applied to the neural network (trained):
[0. 0.]
==> Input transform to be applied to the neural network (trained):
[0.70982397 0.70987433]
==> Output transform to be applied to the neural network (trained):
[2.8322 2.832 ]
==> Saving training info...
==> Drawing training loss...
==> Drawing grad norm...
==> Drawing testing loss...
==> Process finished.
