==> torch device:  cuda:1
==> Test-Train split: test_ratio = 0.20
==> Test-Train split seed:  None
==> Further split: further_train_ratio = 0.50
==> Further split seed:  None
==> Input bias to be applied to the neural network:
[0. 0. 0. 0.]
==> Input transform to be applied to the neural network:
[1. 1. 1. 1.]
==> Ouput transform to be applied to the neural network:
[1. 1.]
==> Evaluating model...
==========================================================================================
Layer (type:depth-idx)                   Output Shape              Param #
==========================================================================================
NeuralNetwork                            [1, 2]                    10
├─Sequential: 1-1                        [1, 2]                    --
│    └─Linear: 2-1                       [1, 64]                   320
│    └─LeakyReLU: 2-2                    [1, 64]                   --
│    └─Linear: 2-3                       [1, 64]                   4,160
│    └─LeakyReLU: 2-4                    [1, 64]                   --
│    └─Linear: 2-5                       [1, 64]                   4,160
│    └─LeakyReLU: 2-6                    [1, 64]                   --
│    └─Linear: 2-7                       [1, 64]                   4,160
│    └─LeakyReLU: 2-8                    [1, 64]                   --
│    └─Linear: 2-9                       [1, 64]                   4,160
│    └─LeakyReLU: 2-10                   [1, 64]                   --
│    └─Linear: 2-11                      [1, 64]                   4,160
│    └─LeakyReLU: 2-12                   [1, 64]                   --
│    └─Linear: 2-13                      [1, 64]                   4,160
│    └─LeakyReLU: 2-14                   [1, 64]                   --
│    └─Linear: 2-15                      [1, 2]                    130
==========================================================================================
Total params: 25,420
Trainable params: 25,410
Non-trainable params: 10
Total mult-adds (Units.MEGABYTES): 0.03
==========================================================================================
Input size (MB): 0.00
Forward/backward pass size (MB): 0.00
Params size (MB): 0.10
Estimated Total Size (MB): 0.11
==========================================================================================
==> Saving initial model weights...
==> Start training...
Epoch: 001 | Loss: 0.0268342 | L2 loss: 0.0268340 | Lip loss: 0.0000002 | Grad norm: 0.114739 | Time: 17s288ms
Epoch: 001 | Test Loss: 0.0107878 | Time: 498ms
==> Save the model at epoch 001 with test loss 0.0107878
Epoch: 002 | Loss: 0.0106813 | L2 loss: 0.0106811 | Lip loss: 0.0000002 | Grad norm: 0.071600 | Time: 17s368ms
Epoch: 002 | Test Loss: 0.0100466 | Time: 503ms
==> Save the model at epoch 002 with test loss 0.0100466
Epoch: 003 | Loss: 0.0104917 | L2 loss: 0.0104915 | Lip loss: 0.0000002 | Grad norm: 0.064211 | Time: 16s812ms
Epoch: 003 | Test Loss: 0.0099895 | Time: 569ms
==> Save the model at epoch 003 with test loss 0.0099895
Epoch: 004 | Loss: 0.0103550 | L2 loss: 0.0103548 | Lip loss: 0.0000002 | Grad norm: 0.053505 | Time: 17s73ms
Epoch: 004 | Test Loss: 0.0102044 | Time: 495ms
Epoch: 005 | Loss: 0.0103393 | L2 loss: 0.0103392 | Lip loss: 0.0000002 | Grad norm: 0.058991 | Time: 17s248ms
Epoch: 005 | Test Loss: 0.0099175 | Time: 496ms
==> Save the model at epoch 005 with test loss 0.0099175
Epoch: 006 | Loss: 0.0100058 | L2 loss: 0.0100056 | Lip loss: 0.0000002 | Grad norm: 0.031532 | Time: 16s926ms
Epoch: 006 | Test Loss: 0.0096840 | Time: 505ms
==> Save the model at epoch 006 with test loss 0.0096840
Epoch: 007 | Loss: 0.0099725 | L2 loss: 0.0099723 | Lip loss: 0.0000002 | Grad norm: 0.029843 | Time: 16s928ms
Epoch: 007 | Test Loss: 0.0096643 | Time: 503ms
==> Save the model at epoch 007 with test loss 0.0096643
Epoch: 008 | Loss: 0.0099704 | L2 loss: 0.0099702 | Lip loss: 0.0000002 | Grad norm: 0.031901 | Time: 16s579ms
Epoch: 008 | Test Loss: 0.0096726 | Time: 492ms
Epoch: 009 | Loss: 0.0099641 | L2 loss: 0.0099639 | Lip loss: 0.0000002 | Grad norm: 0.032099 | Time: 16s984ms
Epoch: 009 | Test Loss: 0.0096844 | Time: 497ms
Epoch: 010 | Loss: 0.0099583 | L2 loss: 0.0099581 | Lip loss: 0.0000002 | Grad norm: 0.032721 | Time: 16s957ms
Epoch: 010 | Test Loss: 0.0096513 | Time: 572ms
==> Save the model at epoch 010 with test loss 0.0096513
Epoch: 011 | Loss: 0.0099165 | L2 loss: 0.0099163 | Lip loss: 0.0000002 | Grad norm: 0.028493 | Time: 17s397ms
Epoch: 011 | Test Loss: 0.0096286 | Time: 497ms
==> Save the model at epoch 011 with test loss 0.0096286
Epoch: 012 | Loss: 0.0099016 | L2 loss: 0.0099015 | Lip loss: 0.0000002 | Grad norm: 0.028926 | Time: 16s904ms
Epoch: 012 | Test Loss: 0.0096192 | Time: 494ms
==> Save the model at epoch 012 with test loss 0.0096192
Epoch: 013 | Loss: 0.0099155 | L2 loss: 0.0099154 | Lip loss: 0.0000002 | Grad norm: 0.028924 | Time: 16s865ms
Epoch: 013 | Test Loss: 0.0096179 | Time: 503ms
==> Save the model at epoch 013 with test loss 0.0096179
Epoch: 014 | Loss: 0.0099560 | L2 loss: 0.0099558 | Lip loss: 0.0000002 | Grad norm: 0.027926 | Time: 17s519ms
Epoch: 014 | Test Loss: 0.0096179 | Time: 501ms
Epoch: 015 | Loss: 0.0099193 | L2 loss: 0.0099191 | Lip loss: 0.0000002 | Grad norm: 0.027839 | Time: 17s203ms
Epoch: 015 | Test Loss: 0.0096163 | Time: 493ms
==> Save the model at epoch 015 with test loss 0.0096163
Epoch: 016 | Loss: 0.0099154 | L2 loss: 0.0099153 | Lip loss: 0.0000002 | Grad norm: 0.027415 | Time: 17s134ms
Epoch: 016 | Test Loss: 0.0096132 | Time: 505ms
==> Save the model at epoch 016 with test loss 0.0096132
Epoch: 017 | Loss: 0.0099039 | L2 loss: 0.0099037 | Lip loss: 0.0000002 | Grad norm: 0.027418 | Time: 16s963ms
Epoch: 017 | Test Loss: 0.0096130 | Time: 570ms
==> Save the model at epoch 017 with test loss 0.0096130
Epoch: 018 | Loss: 0.0099008 | L2 loss: 0.0099006 | Lip loss: 0.0000002 | Grad norm: 0.027129 | Time: 16s841ms
Epoch: 018 | Test Loss: 0.0096129 | Time: 495ms
==> Save the model at epoch 018 with test loss 0.0096129
Epoch: 019 | Loss: 0.0099167 | L2 loss: 0.0099165 | Lip loss: 0.0000002 | Grad norm: 0.026882 | Time: 16s967ms
Epoch: 019 | Test Loss: 0.0096128 | Time: 505ms
==> Save the model at epoch 019 with test loss 0.0096128
Epoch: 020 | Loss: 0.0099094 | L2 loss: 0.0099093 | Lip loss: 0.0000002 | Grad norm: 0.027348 | Time: 16s789ms
Epoch: 020 | Test Loss: 0.0096127 | Time: 521ms
==> Save the model at epoch 020 with test loss 0.0096127
Epoch: 021 | Loss: 0.0098917 | L2 loss: 0.0098915 | Lip loss: 0.0000002 | Grad norm: 0.027347 | Time: 17s270ms
Epoch: 021 | Test Loss: 0.0096127 | Time: 518ms
==> Save the model at epoch 021 with test loss 0.0096127
Epoch: 022 | Loss: 0.0099198 | L2 loss: 0.0099196 | Lip loss: 0.0000002 | Grad norm: 0.027733 | Time: 16s823ms
Epoch: 022 | Test Loss: 0.0096126 | Time: 525ms
==> Save the model at epoch 022 with test loss 0.0096126
Epoch: 023 | Loss: 0.0099032 | L2 loss: 0.0099030 | Lip loss: 0.0000002 | Grad norm: 0.027048 | Time: 17s105ms
Epoch: 023 | Test Loss: 0.0096126 | Time: 497ms
==> Save the model at epoch 023 with test loss 0.0096126
Epoch: 024 | Loss: 0.0099162 | L2 loss: 0.0099161 | Lip loss: 0.0000002 | Grad norm: 0.027983 | Time: 17s142ms
Epoch: 024 | Test Loss: 0.0096126 | Time: 570ms
==> Save the model at epoch 024 with test loss 0.0096126
Epoch: 025 | Loss: 0.0098969 | L2 loss: 0.0098967 | Lip loss: 0.0000002 | Grad norm: 0.027185 | Time: 17s9ms
Epoch: 025 | Test Loss: 0.0096125 | Time: 504ms
==> Save the model at epoch 025 with test loss 0.0096125
Epoch: 026 | Loss: 0.0099288 | L2 loss: 0.0099286 | Lip loss: 0.0000002 | Grad norm: 0.027792 | Time: 17s222ms
Epoch: 026 | Test Loss: 0.0096125 | Time: 511ms
==> Save the model at epoch 026 with test loss 0.0096125
Epoch: 027 | Loss: 0.0099105 | L2 loss: 0.0099104 | Lip loss: 0.0000002 | Grad norm: 0.027146 | Time: 17s385ms
Epoch: 027 | Test Loss: 0.0096125 | Time: 487ms
==> Save the model at epoch 027 with test loss 0.0096125
Epoch: 028 | Loss: 0.0099129 | L2 loss: 0.0099127 | Lip loss: 0.0000002 | Grad norm: 0.027400 | Time: 17s182ms
Epoch: 028 | Test Loss: 0.0096125 | Time: 512ms
==> Save the model at epoch 028 with test loss 0.0096125
Epoch: 029 | Loss: 0.0098889 | L2 loss: 0.0098888 | Lip loss: 0.0000002 | Grad norm: 0.027037 | Time: 16s910ms
Epoch: 029 | Test Loss: 0.0096125 | Time: 489ms
==> Save the model at epoch 029 with test loss 0.0096125
Epoch: 030 | Loss: 0.0098972 | L2 loss: 0.0098970 | Lip loss: 0.0000002 | Grad norm: 0.027586 | Time: 17s135ms
Epoch: 030 | Test Loss: 0.0096125 | Time: 495ms
==> Save the model at epoch 030 with test loss 0.0096125
Epoch: 031 | Loss: 0.0098941 | L2 loss: 0.0098939 | Lip loss: 0.0000002 | Grad norm: 0.027511 | Time: 17s489ms
Epoch: 031 | Test Loss: 0.0096125 | Time: 503ms
==> Save the model at epoch 031 with test loss 0.0096125
Epoch: 032 | Loss: 0.0098888 | L2 loss: 0.0098886 | Lip loss: 0.0000002 | Grad norm: 0.028733 | Time: 17s45ms
Epoch: 032 | Test Loss: 0.0096125 | Time: 526ms
==> Save the model at epoch 032 with test loss 0.0096125
Epoch: 033 | Loss: 0.0099215 | L2 loss: 0.0099213 | Lip loss: 0.0000002 | Grad norm: 0.027344 | Time: 16s972ms
Epoch: 033 | Test Loss: 0.0096125 | Time: 501ms
Epoch: 034 | Loss: 0.0098909 | L2 loss: 0.0098907 | Lip loss: 0.0000002 | Grad norm: 0.027550 | Time: 17s421ms
Epoch: 034 | Test Loss: 0.0096125 | Time: 498ms
Epoch: 035 | Loss: 0.0098963 | L2 loss: 0.0098961 | Lip loss: 0.0000002 | Grad norm: 0.027853 | Time: 17s398ms
Epoch: 035 | Test Loss: 0.0096125 | Time: 507ms
Epoch: 036 | Loss: 0.0098881 | L2 loss: 0.0098880 | Lip loss: 0.0000002 | Grad norm: 0.027339 | Time: 17s796ms
Epoch: 036 | Test Loss: 0.0096125 | Time: 565ms
Epoch: 037 | Loss: 0.0098962 | L2 loss: 0.0098960 | Lip loss: 0.0000002 | Grad norm: 0.027508 | Time: 17s233ms
Epoch: 037 | Test Loss: 0.0096125 | Time: 509ms
Epoch: 038 | Loss: 0.0098962 | L2 loss: 0.0098960 | Lip loss: 0.0000002 | Grad norm: 0.027209 | Time: 18s59ms
Epoch: 038 | Test Loss: 0.0096125 | Time: 516ms
Epoch: 039 | Loss: 0.0098949 | L2 loss: 0.0098947 | Lip loss: 0.0000002 | Grad norm: 0.027904 | Time: 17s227ms
Epoch: 039 | Test Loss: 0.0096125 | Time: 519ms
Epoch: 040 | Loss: 0.0098988 | L2 loss: 0.0098986 | Lip loss: 0.0000002 | Grad norm: 0.027724 | Time: 17s174ms
Epoch: 040 | Test Loss: 0.0096125 | Time: 506ms
Total time: 11m46s
==> Saving trained model weights...
==> Input bias to be applied to the neural network (trained):
[0. 0. 0. 0.]
==> Input transform to be applied to the neural network (trained):
[1. 1. 1. 1.]
==> Output transform to be applied to the neural network (trained):
[1. 1.]
==> Saving training info...
==> Drawing training loss...
==> Drawing grad norm...
==> Drawing testing loss...
==> Drawing l2 loss...
==> Drawing lip loss...
==> Process finished.
