==> torch device:  cuda:0
==> Test-Train split: test_ratio = 0.20
==> Test-Train split seed:  None
==> Further split: further_train_ratio = 1.00
==> Further split seed:  None
==> Input bias to be applied to the neural network:
[0. 0. 0. 0.]
==> Input transform to be applied to the neural network:
[1. 1. 1. 1.]
==> Ouput transform to be applied to the neural network:
[1. 1.]
==> Evaluating model...
==========================================================================================
Layer (type:depth-idx)                   Output Shape              Param #
==========================================================================================
NeuralNetwork                            [1, 2]                    10
├─Sequential: 1-1                        [1, 2]                    --
│    └─Linear: 2-1                       [1, 64]                   320
│    └─LeakyReLU: 2-2                    [1, 64]                   --
│    └─Linear: 2-3                       [1, 64]                   4,160
│    └─LeakyReLU: 2-4                    [1, 64]                   --
│    └─Linear: 2-5                       [1, 64]                   4,160
│    └─LeakyReLU: 2-6                    [1, 64]                   --
│    └─Linear: 2-7                       [1, 64]                   4,160
│    └─LeakyReLU: 2-8                    [1, 64]                   --
│    └─Linear: 2-9                       [1, 64]                   4,160
│    └─LeakyReLU: 2-10                   [1, 64]                   --
│    └─Linear: 2-11                      [1, 64]                   4,160
│    └─LeakyReLU: 2-12                   [1, 64]                   --
│    └─Linear: 2-13                      [1, 64]                   4,160
│    └─LeakyReLU: 2-14                   [1, 64]                   --
│    └─Linear: 2-15                      [1, 2]                    130
==========================================================================================
Total params: 25,420
Trainable params: 25,410
Non-trainable params: 10
Total mult-adds (Units.MEGABYTES): 0.03
==========================================================================================
Input size (MB): 0.00
Forward/backward pass size (MB): 0.00
Params size (MB): 0.10
Estimated Total Size (MB): 0.11
==========================================================================================
==> Saving initial model weights...
==> Start training...
Epoch: 001 | Loss: 0.0190038 | L2 loss: 0.0189862 | Lip loss: 0.0000176 | Grad norm: 0.106260 | Time: 34s436ms
Epoch: 001 | Test Loss: 0.0106889 | Time: 489ms
==> Save the model at epoch 001 with test loss 0.0106889
Epoch: 002 | Loss: 0.0101257 | L2 loss: 0.0101070 | Lip loss: 0.0000187 | Grad norm: 0.068696 | Time: 35s34ms
Epoch: 002 | Test Loss: 0.0107645 | Time: 495ms
Epoch: 003 | Loss: 0.0099849 | L2 loss: 0.0099664 | Lip loss: 0.0000185 | Grad norm: 0.062459 | Time: 35s126ms
Epoch: 003 | Test Loss: 0.0106876 | Time: 500ms
==> Save the model at epoch 003 with test loss 0.0106876
Epoch: 004 | Loss: 0.0098928 | L2 loss: 0.0098741 | Lip loss: 0.0000188 | Grad norm: 0.057309 | Time: 34s857ms
Epoch: 004 | Test Loss: 0.0107702 | Time: 488ms
Epoch: 005 | Loss: 0.0098163 | L2 loss: 0.0097976 | Lip loss: 0.0000187 | Grad norm: 0.053066 | Time: 34s807ms
Epoch: 005 | Test Loss: 0.0104813 | Time: 490ms
==> Save the model at epoch 005 with test loss 0.0104813
Epoch: 006 | Loss: 0.0094938 | L2 loss: 0.0094751 | Lip loss: 0.0000186 | Grad norm: 0.029971 | Time: 35s200ms
Epoch: 006 | Test Loss: 0.0101843 | Time: 563ms
==> Save the model at epoch 006 with test loss 0.0101843
Epoch: 007 | Loss: 0.0094594 | L2 loss: 0.0094406 | Lip loss: 0.0000188 | Grad norm: 0.027783 | Time: 34s799ms
Epoch: 007 | Test Loss: 0.0101492 | Time: 559ms
==> Save the model at epoch 007 with test loss 0.0101492
Epoch: 008 | Loss: 0.0094513 | L2 loss: 0.0094327 | Lip loss: 0.0000187 | Grad norm: 0.029974 | Time: 34s815ms
Epoch: 008 | Test Loss: 0.0101642 | Time: 491ms
Epoch: 009 | Loss: 0.0094311 | L2 loss: 0.0094125 | Lip loss: 0.0000186 | Grad norm: 0.030543 | Time: 34s610ms
Epoch: 009 | Test Loss: 0.0101158 | Time: 505ms
==> Save the model at epoch 009 with test loss 0.0101158
Epoch: 010 | Loss: 0.0094135 | L2 loss: 0.0093948 | Lip loss: 0.0000187 | Grad norm: 0.030950 | Time: 34s828ms
Epoch: 010 | Test Loss: 0.0101130 | Time: 489ms
==> Save the model at epoch 010 with test loss 0.0101130
Epoch: 011 | Loss: 0.0093644 | L2 loss: 0.0093458 | Lip loss: 0.0000186 | Grad norm: 0.026795 | Time: 34s329ms
Epoch: 011 | Test Loss: 0.0100713 | Time: 494ms
==> Save the model at epoch 011 with test loss 0.0100713
Epoch: 012 | Loss: 0.0093588 | L2 loss: 0.0093401 | Lip loss: 0.0000187 | Grad norm: 0.026405 | Time: 35s813ms
Epoch: 012 | Test Loss: 0.0100686 | Time: 488ms
==> Save the model at epoch 012 with test loss 0.0100686
Epoch: 013 | Loss: 0.0093563 | L2 loss: 0.0093377 | Lip loss: 0.0000187 | Grad norm: 0.026430 | Time: 34s884ms
Epoch: 013 | Test Loss: 0.0100612 | Time: 492ms
==> Save the model at epoch 013 with test loss 0.0100612
Epoch: 014 | Loss: 0.0093534 | L2 loss: 0.0093347 | Lip loss: 0.0000186 | Grad norm: 0.027150 | Time: 34s431ms
Epoch: 014 | Test Loss: 0.0100603 | Time: 495ms
==> Save the model at epoch 014 with test loss 0.0100603
Epoch: 015 | Loss: 0.0093506 | L2 loss: 0.0093319 | Lip loss: 0.0000187 | Grad norm: 0.026752 | Time: 35s226ms
Epoch: 015 | Test Loss: 0.0100585 | Time: 555ms
==> Save the model at epoch 015 with test loss 0.0100585
Epoch: 016 | Loss: 0.0093444 | L2 loss: 0.0093258 | Lip loss: 0.0000186 | Grad norm: 0.026174 | Time: 34s982ms
Epoch: 016 | Test Loss: 0.0100545 | Time: 555ms
==> Save the model at epoch 016 with test loss 0.0100545
Epoch: 017 | Loss: 0.0093435 | L2 loss: 0.0093248 | Lip loss: 0.0000188 | Grad norm: 0.026527 | Time: 35s879ms
Epoch: 017 | Test Loss: 0.0100547 | Time: 488ms
Epoch: 018 | Loss: 0.0093429 | L2 loss: 0.0093242 | Lip loss: 0.0000187 | Grad norm: 0.026411 | Time: 35s86ms
Epoch: 018 | Test Loss: 0.0100547 | Time: 489ms
Epoch: 019 | Loss: 0.0093428 | L2 loss: 0.0093241 | Lip loss: 0.0000187 | Grad norm: 0.026698 | Time: 35s367ms
Epoch: 019 | Test Loss: 0.0100533 | Time: 495ms
==> Save the model at epoch 019 with test loss 0.0100533
Epoch: 020 | Loss: 0.0093425 | L2 loss: 0.0093238 | Lip loss: 0.0000187 | Grad norm: 0.026594 | Time: 34s948ms
Epoch: 020 | Test Loss: 0.0100536 | Time: 489ms
Epoch: 021 | Loss: 0.0093417 | L2 loss: 0.0093229 | Lip loss: 0.0000187 | Grad norm: 0.027355 | Time: 35s50ms
Epoch: 021 | Test Loss: 0.0100533 | Time: 488ms
==> Save the model at epoch 021 with test loss 0.0100533
Epoch: 022 | Loss: 0.0093416 | L2 loss: 0.0093228 | Lip loss: 0.0000187 | Grad norm: 0.025925 | Time: 35s207ms
Epoch: 022 | Test Loss: 0.0100532 | Time: 493ms
==> Save the model at epoch 022 with test loss 0.0100532
Epoch: 023 | Loss: 0.0093415 | L2 loss: 0.0093228 | Lip loss: 0.0000187 | Grad norm: 0.026764 | Time: 35s794ms
Epoch: 023 | Test Loss: 0.0100531 | Time: 488ms
==> Save the model at epoch 023 with test loss 0.0100531
Epoch: 024 | Loss: 0.0093413 | L2 loss: 0.0093227 | Lip loss: 0.0000186 | Grad norm: 0.026380 | Time: 35s594ms
Epoch: 024 | Test Loss: 0.0100531 | Time: 569ms
==> Save the model at epoch 024 with test loss 0.0100531
Epoch: 025 | Loss: 0.0093415 | L2 loss: 0.0093227 | Lip loss: 0.0000188 | Grad norm: 0.025988 | Time: 35s497ms
Epoch: 025 | Test Loss: 0.0100530 | Time: 558ms
==> Save the model at epoch 025 with test loss 0.0100530
Epoch: 026 | Loss: 0.0093414 | L2 loss: 0.0093226 | Lip loss: 0.0000188 | Grad norm: 0.026030 | Time: 36s316ms
Epoch: 026 | Test Loss: 0.0100530 | Time: 489ms
==> Save the model at epoch 026 with test loss 0.0100530
Epoch: 027 | Loss: 0.0093415 | L2 loss: 0.0093226 | Lip loss: 0.0000189 | Grad norm: 0.026292 | Time: 35s61ms
Epoch: 027 | Test Loss: 0.0100530 | Time: 484ms
Epoch: 028 | Loss: 0.0093414 | L2 loss: 0.0093226 | Lip loss: 0.0000188 | Grad norm: 0.026341 | Time: 34s496ms
Epoch: 028 | Test Loss: 0.0100530 | Time: 496ms
==> Save the model at epoch 028 with test loss 0.0100530
Epoch: 029 | Loss: 0.0093414 | L2 loss: 0.0093226 | Lip loss: 0.0000188 | Grad norm: 0.026358 | Time: 34s227ms
Epoch: 029 | Test Loss: 0.0100530 | Time: 489ms
==> Save the model at epoch 029 with test loss 0.0100530
Epoch: 030 | Loss: 0.0093412 | L2 loss: 0.0093226 | Lip loss: 0.0000186 | Grad norm: 0.025893 | Time: 34s376ms
Epoch: 030 | Test Loss: 0.0100530 | Time: 489ms
==> Save the model at epoch 030 with test loss 0.0100530
Epoch: 031 | Loss: 0.0093413 | L2 loss: 0.0093226 | Lip loss: 0.0000187 | Grad norm: 0.026066 | Time: 34s806ms
Epoch: 031 | Test Loss: 0.0100530 | Time: 489ms
==> Save the model at epoch 031 with test loss 0.0100530
Epoch: 032 | Loss: 0.0093413 | L2 loss: 0.0093226 | Lip loss: 0.0000187 | Grad norm: 0.026284 | Time: 34s673ms
Epoch: 032 | Test Loss: 0.0100530 | Time: 555ms
Epoch: 033 | Loss: 0.0093412 | L2 loss: 0.0093226 | Lip loss: 0.0000186 | Grad norm: 0.027182 | Time: 34s805ms
Epoch: 033 | Test Loss: 0.0100530 | Time: 499ms
Epoch: 034 | Loss: 0.0093413 | L2 loss: 0.0093226 | Lip loss: 0.0000187 | Grad norm: 0.026071 | Time: 34s598ms
Epoch: 034 | Test Loss: 0.0100530 | Time: 557ms
Epoch: 035 | Loss: 0.0093413 | L2 loss: 0.0093226 | Lip loss: 0.0000188 | Grad norm: 0.026692 | Time: 35s170ms
Epoch: 035 | Test Loss: 0.0100530 | Time: 566ms
Epoch: 036 | Loss: 0.0093414 | L2 loss: 0.0093226 | Lip loss: 0.0000188 | Grad norm: 0.025128 | Time: 35s109ms
Epoch: 036 | Test Loss: 0.0100530 | Time: 485ms
Epoch: 037 | Loss: 0.0093414 | L2 loss: 0.0093226 | Lip loss: 0.0000189 | Grad norm: 0.025877 | Time: 34s175ms
Epoch: 037 | Test Loss: 0.0100530 | Time: 511ms
Epoch: 038 | Loss: 0.0093412 | L2 loss: 0.0093226 | Lip loss: 0.0000187 | Grad norm: 0.026116 | Time: 34s461ms
Epoch: 038 | Test Loss: 0.0100530 | Time: 493ms
Epoch: 039 | Loss: 0.0093414 | L2 loss: 0.0093226 | Lip loss: 0.0000188 | Grad norm: 0.026588 | Time: 34s374ms
Epoch: 039 | Test Loss: 0.0100530 | Time: 487ms
Epoch: 040 | Loss: 0.0093411 | L2 loss: 0.0093226 | Lip loss: 0.0000186 | Grad norm: 0.026005 | Time: 34s823ms
Epoch: 040 | Test Loss: 0.0100530 | Time: 490ms
Total time: 23m38s
==> Saving trained model weights...
==> Input bias to be applied to the neural network (trained):
[0. 0. 0. 0.]
==> Input transform to be applied to the neural network (trained):
[1. 1. 1. 1.]
==> Output transform to be applied to the neural network (trained):
[1. 1.]
==> Saving training info...
==> Drawing training loss...
==> Drawing grad norm...
==> Drawing testing loss...
==> Drawing l2 loss...
==> Drawing lip loss...
==> Process finished.
