==> torch device:  cuda:2
==> Test-Train split: test_ratio = 0.20
==> Test-Train split seed:  None
==> Further split: further_train_ratio = 0.50
==> Further split seed:  None
==> Lipschitz constant: 64.00
==> Input bias to be applied to the neural network:
[0. 0. 0. 0.]
==> Input transform to be applied to the neural network:
[ 0.62900996  0.6288517  11.614402    9.487666  ]
==> Ouput transform to be applied to the neural network:
[0.0195 0.021 ]
==> Evaluating model...
==========================================================================================
Layer (type:depth-idx)                   Output Shape              Param #
==========================================================================================
NeuralNetwork                            [1, 2]                    10
├─Sequential: 1-1                        [1, 2]                    --
│    └─SandwichFc: 2-1                   [1, 64]                   4,481
│    └─SandwichFc: 2-2                   [1, 64]                   8,321
│    └─SandwichFc: 2-3                   [1, 64]                   8,321
│    └─SandwichFc: 2-4                   [1, 64]                   8,321
│    └─SandwichFc: 2-5                   [1, 64]                   8,321
│    └─SandwichFc: 2-6                   [1, 64]                   8,321
│    └─SandwichFc: 2-7                   [1, 64]                   8,321
│    └─SandwichLin: 2-8                  [1, 2]                    135
├─Sequential: 1-2                        [1, 2]                    (recursive)
│    └─SandwichFc: 2-9                   [1, 64]                   (recursive)
│    └─SandwichFc: 2-10                  [1, 64]                   (recursive)
│    └─SandwichFc: 2-11                  [1, 64]                   (recursive)
│    └─SandwichFc: 2-12                  [1, 64]                   (recursive)
│    └─SandwichFc: 2-13                  [1, 64]                   (recursive)
│    └─SandwichFc: 2-14                  [1, 64]                   (recursive)
│    └─SandwichFc: 2-15                  [1, 64]                   (recursive)
│    └─SandwichLin: 2-16                 [1, 2]                    (recursive)
==========================================================================================
Total params: 54,552
Trainable params: 54,542
Non-trainable params: 10
Total mult-adds (Units.MEGABYTES): 0.11
==========================================================================================
Input size (MB): 0.00
Forward/backward pass size (MB): 0.01
Params size (MB): 0.22
Estimated Total Size (MB): 0.23
==========================================================================================
==> Saving initial model weights...
==> Start training...
==> Number of param_groups in optimizer: 1
Epoch: 001 | Train Loss: 0.0009582 | Grad norm: 0.021102 | Time: 8s703ms
Epoch: 001 | Test Loss: 0.0009579 | Time: 630ms
==> Save the model at epoch 001 with test loss 0.0009579
Epoch: 002 | Train Loss: 0.0001020 | Grad norm: 0.002473 | Time: 8s492ms
Epoch: 002 | Test Loss: 0.0000707 | Time: 678ms
==> Save the model at epoch 002 with test loss 0.0000707
Epoch: 003 | Train Loss: 0.0000708 | Grad norm: 0.001591 | Time: 8s556ms
Epoch: 003 | Test Loss: 0.0000682 | Time: 611ms
==> Save the model at epoch 003 with test loss 0.0000682
Epoch: 004 | Train Loss: 0.0000695 | Grad norm: 0.001433 | Time: 8s500ms
Epoch: 004 | Test Loss: 0.0000675 | Time: 611ms
==> Save the model at epoch 004 with test loss 0.0000675
Epoch: 005 | Train Loss: 0.0000698 | Grad norm: 0.001323 | Time: 8s153ms
Epoch: 005 | Test Loss: 0.0000670 | Time: 618ms
==> Save the model at epoch 005 with test loss 0.0000670
Epoch: 006 | Train Loss: 0.0000703 | Grad norm: 0.001288 | Time: 8s205ms
Epoch: 006 | Test Loss: 0.0000699 | Time: 616ms
Epoch: 007 | Train Loss: 0.0000701 | Grad norm: 0.001106 | Time: 8s382ms
Epoch: 007 | Test Loss: 0.0000701 | Time: 709ms
Epoch: 008 | Train Loss: 0.0000698 | Grad norm: 0.000978 | Time: 8s515ms
Epoch: 008 | Test Loss: 0.0000697 | Time: 617ms
Epoch: 009 | Train Loss: 0.0000706 | Grad norm: 0.001019 | Time: 8s51ms
Epoch: 009 | Test Loss: 0.0000689 | Time: 612ms
Epoch: 010 | Train Loss: 0.0000709 | Grad norm: 0.001017 | Time: 8s184ms
Epoch: 010 | Test Loss: 0.0000682 | Time: 688ms
Epoch: 011 | Train Loss: 0.0000694 | Grad norm: 0.000839 | Time: 8s193ms
Epoch: 011 | Test Loss: 0.0000721 | Time: 615ms
Epoch: 012 | Train Loss: 0.0000692 | Grad norm: 0.000840 | Time: 8s443ms
Epoch: 012 | Test Loss: 0.0000698 | Time: 622ms
Epoch: 013 | Train Loss: 0.0000699 | Grad norm: 0.000887 | Time: 8s175ms
Epoch: 013 | Test Loss: 0.0000666 | Time: 677ms
==> Save the model at epoch 013 with test loss 0.0000666
Epoch: 014 | Train Loss: 0.0000690 | Grad norm: 0.000819 | Time: 8s525ms
Epoch: 014 | Test Loss: 0.0000712 | Time: 641ms
Epoch: 015 | Train Loss: 0.0000686 | Grad norm: 0.000786 | Time: 8s353ms
Epoch: 015 | Test Loss: 0.0000679 | Time: 630ms
Epoch: 016 | Train Loss: 0.0000691 | Grad norm: 0.000822 | Time: 8s623ms
Epoch: 016 | Test Loss: 0.0000714 | Time: 622ms
Epoch: 017 | Train Loss: 0.0000687 | Grad norm: 0.000762 | Time: 8s223ms
Epoch: 017 | Test Loss: 0.0000686 | Time: 620ms
Epoch: 018 | Train Loss: 0.0000684 | Grad norm: 0.000733 | Time: 8s310ms
Epoch: 018 | Test Loss: 0.0000708 | Time: 612ms
Epoch: 019 | Train Loss: 0.0000688 | Grad norm: 0.000755 | Time: 8s774ms
Epoch: 019 | Test Loss: 0.0000674 | Time: 625ms
Epoch: 020 | Train Loss: 0.0000684 | Grad norm: 0.000734 | Time: 8s318ms
Epoch: 020 | Test Loss: 0.0000664 | Time: 608ms
==> Save the model at epoch 020 with test loss 0.0000664
Epoch: 021 | Train Loss: 0.0000675 | Grad norm: 0.000644 | Time: 8s386ms
Epoch: 021 | Test Loss: 0.0000676 | Time: 631ms
Epoch: 022 | Train Loss: 0.0000673 | Grad norm: 0.000610 | Time: 8s596ms
Epoch: 022 | Test Loss: 0.0000657 | Time: 622ms
==> Save the model at epoch 022 with test loss 0.0000657
Epoch: 023 | Train Loss: 0.0000676 | Grad norm: 0.000679 | Time: 8s802ms
Epoch: 023 | Test Loss: 0.0000672 | Time: 716ms
Epoch: 024 | Train Loss: 0.0000673 | Grad norm: 0.000626 | Time: 8s572ms
Epoch: 024 | Test Loss: 0.0000668 | Time: 632ms
Epoch: 025 | Train Loss: 0.0000669 | Grad norm: 0.000627 | Time: 8s498ms
Epoch: 025 | Test Loss: 0.0000686 | Time: 615ms
Epoch: 026 | Train Loss: 0.0000666 | Grad norm: 0.000569 | Time: 8s395ms
Epoch: 026 | Test Loss: 0.0000659 | Time: 624ms
Epoch: 027 | Train Loss: 0.0000665 | Grad norm: 0.000575 | Time: 8s516ms
Epoch: 027 | Test Loss: 0.0000656 | Time: 625ms
==> Save the model at epoch 027 with test loss 0.0000656
Epoch: 028 | Train Loss: 0.0000661 | Grad norm: 0.000546 | Time: 8s432ms
Epoch: 028 | Test Loss: 0.0000657 | Time: 617ms
Epoch: 029 | Train Loss: 0.0000659 | Grad norm: 0.000543 | Time: 8s663ms
Epoch: 029 | Test Loss: 0.0000656 | Time: 619ms
==> Save the model at epoch 029 with test loss 0.0000656
Epoch: 030 | Train Loss: 0.0000657 | Grad norm: 0.000544 | Time: 8s356ms
Epoch: 030 | Test Loss: 0.0000652 | Time: 606ms
==> Save the model at epoch 030 with test loss 0.0000652
Epoch: 031 | Train Loss: 0.0000655 | Grad norm: 0.000535 | Time: 8s581ms
Epoch: 031 | Test Loss: 0.0000648 | Time: 683ms
==> Save the model at epoch 031 with test loss 0.0000648
Epoch: 032 | Train Loss: 0.0000651 | Grad norm: 0.000499 | Time: 8s501ms
Epoch: 032 | Test Loss: 0.0000648 | Time: 651ms
Epoch: 033 | Train Loss: 0.0000648 | Grad norm: 0.000478 | Time: 8s506ms
Epoch: 033 | Test Loss: 0.0000650 | Time: 778ms
Epoch: 034 | Train Loss: 0.0000645 | Grad norm: 0.000464 | Time: 8s260ms
Epoch: 034 | Test Loss: 0.0000644 | Time: 619ms
==> Save the model at epoch 034 with test loss 0.0000644
Epoch: 035 | Train Loss: 0.0000642 | Grad norm: 0.000449 | Time: 8s532ms
Epoch: 035 | Test Loss: 0.0000644 | Time: 610ms
Epoch: 036 | Train Loss: 0.0000638 | Grad norm: 0.000422 | Time: 8s458ms
Epoch: 036 | Test Loss: 0.0000641 | Time: 682ms
==> Save the model at epoch 036 with test loss 0.0000641
Epoch: 037 | Train Loss: 0.0000635 | Grad norm: 0.000402 | Time: 8s716ms
Epoch: 037 | Test Loss: 0.0000639 | Time: 620ms
==> Save the model at epoch 037 with test loss 0.0000639
Epoch: 038 | Train Loss: 0.0000634 | Grad norm: 0.000398 | Time: 8s672ms
Epoch: 038 | Test Loss: 0.0000638 | Time: 618ms
==> Save the model at epoch 038 with test loss 0.0000638
Epoch: 039 | Train Loss: 0.0000632 | Grad norm: 0.000387 | Time: 8s674ms
Epoch: 039 | Test Loss: 0.0000638 | Time: 628ms
==> Save the model at epoch 039 with test loss 0.0000638
Epoch: 040 | Train Loss: 0.0000631 | Grad norm: 0.000383 | Time: 8s534ms
Epoch: 040 | Test Loss: 0.0000637 | Time: 690ms
==> Save the model at epoch 040 with test loss 0.0000637
Total time: 6m3s
==> Saving trained model weights...
==> Input bias to be applied to the neural network (trained):
[0. 0. 0. 0.]
==> Input transform to be applied to the neural network (trained):
[ 0.62900996  0.6288517  11.614402    9.487666  ]
==> Output transform to be applied to the neural network (trained):
[0.0195 0.021 ]
==> Saving training info...
==> Drawing training loss...
==> Drawing grad norm...
==> Drawing testing loss...
==> Process finished.
