==> torch device:  cuda:3
==> Test-Train split: test_ratio = 0.20
==> Test-Train split seed:  None
==> Further split: further_train_ratio = 1.00
==> Further split seed:  None
==> Input bias to be applied to the neural network:
[0. 0.]
==> Input transform to be applied to the neural network:
[0.496845   0.52004784]
==> Ouput transform to be applied to the neural network:
[1.9242 2.0182]
==> Evaluating model...
==========================================================================================
Layer (type:depth-idx)                   Output Shape              Param #
==========================================================================================
NeuralNetwork                            [1, 2]                    6
├─Sequential: 1-1                        [1, 2]                    --
│    └─Linear: 2-1                       [1, 64]                   192
│    └─ReLU: 2-2                         [1, 64]                   --
│    └─Linear: 2-3                       [1, 64]                   4,160
│    └─ReLU: 2-4                         [1, 64]                   --
│    └─Linear: 2-5                       [1, 64]                   4,160
│    └─ReLU: 2-6                         [1, 64]                   --
│    └─Linear: 2-7                       [1, 64]                   4,160
│    └─ReLU: 2-8                         [1, 64]                   --
│    └─Linear: 2-9                       [1, 64]                   4,160
│    └─ReLU: 2-10                        [1, 64]                   --
│    └─Linear: 2-11                      [1, 64]                   4,160
│    └─ReLU: 2-12                        [1, 64]                   --
│    └─Linear: 2-13                      [1, 64]                   4,160
│    └─ReLU: 2-14                        [1, 64]                   --
│    └─Linear: 2-15                      [1, 2]                    130
├─Sequential: 1-2                        [1, 2]                    (recursive)
│    └─Linear: 2-16                      [1, 64]                   (recursive)
│    └─ReLU: 2-17                        [1, 64]                   --
│    └─Linear: 2-18                      [1, 64]                   (recursive)
│    └─ReLU: 2-19                        [1, 64]                   --
│    └─Linear: 2-20                      [1, 64]                   (recursive)
│    └─ReLU: 2-21                        [1, 64]                   --
│    └─Linear: 2-22                      [1, 64]                   (recursive)
│    └─ReLU: 2-23                        [1, 64]                   --
│    └─Linear: 2-24                      [1, 64]                   (recursive)
│    └─ReLU: 2-25                        [1, 64]                   --
│    └─Linear: 2-26                      [1, 64]                   (recursive)
│    └─ReLU: 2-27                        [1, 64]                   --
│    └─Linear: 2-28                      [1, 64]                   (recursive)
│    └─ReLU: 2-29                        [1, 64]                   --
│    └─Linear: 2-30                      [1, 2]                    (recursive)
==========================================================================================
Total params: 25,288
Trainable params: 25,282
Non-trainable params: 6
Total mult-adds (Units.MEGABYTES): 0.05
==========================================================================================
Input size (MB): 0.00
Forward/backward pass size (MB): 0.01
Params size (MB): 0.10
Estimated Total Size (MB): 0.11
==========================================================================================
==> Saving initial model weights...
==> Start training...
==> Number of param_groups in optimizer: 1
Epoch: 001 | Train Loss: 7.7907105 | Grad norm: 0.244419 | Time: 4s251ms
Epoch: 001 | Test Loss: 7.7327431 | Time: 452ms
==> Save the model at epoch 001 with test loss 7.7327431
Epoch: 002 | Train Loss: 1.8552232 | Grad norm: 1.907394 | Time: 4s214ms
Epoch: 002 | Test Loss: 0.0769087 | Time: 483ms
==> Save the model at epoch 002 with test loss 0.0769087
Epoch: 003 | Train Loss: 0.0416218 | Grad norm: 1.564984 | Time: 4s303ms
Epoch: 003 | Test Loss: 0.0177793 | Time: 453ms
==> Save the model at epoch 003 with test loss 0.0177793
Epoch: 004 | Train Loss: 0.0168564 | Grad norm: 1.715267 | Time: 4s50ms
Epoch: 004 | Test Loss: 0.0130352 | Time: 465ms
==> Save the model at epoch 004 with test loss 0.0130352
Epoch: 005 | Train Loss: 0.0151242 | Grad norm: 2.080192 | Time: 4s53ms
Epoch: 005 | Test Loss: 0.0116951 | Time: 455ms
==> Save the model at epoch 005 with test loss 0.0116951
Epoch: 006 | Train Loss: 0.0141502 | Grad norm: 1.870159 | Time: 4s170ms
Epoch: 006 | Test Loss: 0.0113387 | Time: 528ms
==> Save the model at epoch 006 with test loss 0.0113387
Epoch: 007 | Train Loss: 0.0143474 | Grad norm: 1.932893 | Time: 4s54ms
Epoch: 007 | Test Loss: 0.0111071 | Time: 457ms
==> Save the model at epoch 007 with test loss 0.0111071
Epoch: 008 | Train Loss: 0.0127346 | Grad norm: 1.435218 | Time: 4s225ms
Epoch: 008 | Test Loss: 0.0085613 | Time: 515ms
==> Save the model at epoch 008 with test loss 0.0085613
Epoch: 009 | Train Loss: 0.0131755 | Grad norm: 1.489044 | Time: 4s82ms
Epoch: 009 | Test Loss: 0.0110015 | Time: 482ms
Epoch: 010 | Train Loss: 0.0126373 | Grad norm: 1.367421 | Time: 4s203ms
Epoch: 010 | Test Loss: 0.0145862 | Time: 449ms
Epoch: 011 | Train Loss: 0.0118764 | Grad norm: 1.195290 | Time: 4s251ms
Epoch: 011 | Test Loss: 0.0091620 | Time: 448ms
Epoch: 012 | Train Loss: 0.0102005 | Grad norm: 0.915273 | Time: 3s956ms
Epoch: 012 | Test Loss: 0.0092109 | Time: 449ms
Epoch: 013 | Train Loss: 0.0101048 | Grad norm: 0.896271 | Time: 3s913ms
Epoch: 013 | Test Loss: 0.0112025 | Time: 461ms
Epoch: 014 | Train Loss: 0.0096299 | Grad norm: 0.824812 | Time: 3s731ms
Epoch: 014 | Test Loss: 0.0079847 | Time: 521ms
==> Save the model at epoch 014 with test loss 0.0079847
Epoch: 015 | Train Loss: 0.0094066 | Grad norm: 0.817974 | Time: 4s78ms
Epoch: 015 | Test Loss: 0.0091110 | Time: 483ms
Epoch: 016 | Train Loss: 0.0092615 | Grad norm: 0.723614 | Time: 4s168ms
Epoch: 016 | Test Loss: 0.0076958 | Time: 448ms
==> Save the model at epoch 016 with test loss 0.0076958
Epoch: 017 | Train Loss: 0.0094529 | Grad norm: 0.784593 | Time: 4s59ms
Epoch: 017 | Test Loss: 0.0075789 | Time: 456ms
==> Save the model at epoch 017 with test loss 0.0075789
Epoch: 018 | Train Loss: 0.0091540 | Grad norm: 0.727166 | Time: 4s254ms
Epoch: 018 | Test Loss: 0.0085172 | Time: 451ms
Epoch: 019 | Train Loss: 0.0087882 | Grad norm: 0.681257 | Time: 4s101ms
Epoch: 019 | Test Loss: 0.0083556 | Time: 453ms
Epoch: 020 | Train Loss: 0.0086187 | Grad norm: 0.652121 | Time: 3s760ms
Epoch: 020 | Test Loss: 0.0087752 | Time: 448ms
Epoch: 021 | Train Loss: 0.0083357 | Grad norm: 0.581666 | Time: 4s233ms
Epoch: 021 | Test Loss: 0.0077104 | Time: 448ms
Epoch: 022 | Train Loss: 0.0081946 | Grad norm: 0.548123 | Time: 3s968ms
Epoch: 022 | Test Loss: 0.0074602 | Time: 516ms
==> Save the model at epoch 022 with test loss 0.0074602
Epoch: 023 | Train Loss: 0.0080272 | Grad norm: 0.524223 | Time: 4s120ms
Epoch: 023 | Test Loss: 0.0081123 | Time: 456ms
Epoch: 024 | Train Loss: 0.0078538 | Grad norm: 0.499226 | Time: 3s897ms
Epoch: 024 | Test Loss: 0.0081403 | Time: 447ms
Epoch: 025 | Train Loss: 0.0078935 | Grad norm: 0.518648 | Time: 4s199ms
Epoch: 025 | Test Loss: 0.0074737 | Time: 453ms
Epoch: 026 | Train Loss: 0.0077443 | Grad norm: 0.487408 | Time: 4s160ms
Epoch: 026 | Test Loss: 0.0081020 | Time: 448ms
Epoch: 027 | Train Loss: 0.0075655 | Grad norm: 0.424784 | Time: 4s249ms
Epoch: 027 | Test Loss: 0.0073823 | Time: 460ms
==> Save the model at epoch 027 with test loss 0.0073823
Epoch: 028 | Train Loss: 0.0074361 | Grad norm: 0.409549 | Time: 4s109ms
Epoch: 028 | Test Loss: 0.0075801 | Time: 447ms
Epoch: 029 | Train Loss: 0.0072966 | Grad norm: 0.374473 | Time: 4s447ms
Epoch: 029 | Test Loss: 0.0073958 | Time: 455ms
Epoch: 030 | Train Loss: 0.0072010 | Grad norm: 0.360894 | Time: 4s260ms
Epoch: 030 | Test Loss: 0.0070334 | Time: 453ms
==> Save the model at epoch 030 with test loss 0.0070334
Epoch: 031 | Train Loss: 0.0070322 | Grad norm: 0.310809 | Time: 4s39ms
Epoch: 031 | Test Loss: 0.0069432 | Time: 465ms
==> Save the model at epoch 031 with test loss 0.0069432
Epoch: 032 | Train Loss: 0.0070044 | Grad norm: 0.310331 | Time: 4s8ms
Epoch: 032 | Test Loss: 0.0070453 | Time: 453ms
Epoch: 033 | Train Loss: 0.0069926 | Grad norm: 0.309757 | Time: 4s57ms
Epoch: 033 | Test Loss: 0.0068213 | Time: 545ms
==> Save the model at epoch 033 with test loss 0.0068213
Epoch: 034 | Train Loss: 0.0068801 | Grad norm: 0.274428 | Time: 4s449ms
Epoch: 034 | Test Loss: 0.0070781 | Time: 485ms
Epoch: 035 | Train Loss: 0.0068429 | Grad norm: 0.270180 | Time: 4s305ms
Epoch: 035 | Test Loss: 0.0066757 | Time: 460ms
==> Save the model at epoch 035 with test loss 0.0066757
Epoch: 036 | Train Loss: 0.0067662 | Grad norm: 0.236102 | Time: 4s144ms
Epoch: 036 | Test Loss: 0.0066680 | Time: 452ms
==> Save the model at epoch 036 with test loss 0.0066680
Epoch: 037 | Train Loss: 0.0067214 | Grad norm: 0.219522 | Time: 4s222ms
Epoch: 037 | Test Loss: 0.0066070 | Time: 542ms
==> Save the model at epoch 037 with test loss 0.0066070
Epoch: 038 | Train Loss: 0.0066610 | Grad norm: 0.189937 | Time: 4s93ms
Epoch: 038 | Test Loss: 0.0066128 | Time: 512ms
Epoch: 039 | Train Loss: 0.0066407 | Grad norm: 0.184793 | Time: 4s318ms
Epoch: 039 | Test Loss: 0.0065436 | Time: 455ms
==> Save the model at epoch 039 with test loss 0.0065436
Epoch: 040 | Train Loss: 0.0066163 | Grad norm: 0.175634 | Time: 4s296ms
Epoch: 040 | Test Loss: 0.0065421 | Time: 451ms
==> Save the model at epoch 040 with test loss 0.0065421
Total time: 3m4s
==> Saving trained model weights...
==> Input bias to be applied to the neural network (trained):
[0. 0.]
==> Input transform to be applied to the neural network (trained):
[0.496845   0.52004784]
==> Output transform to be applied to the neural network (trained):
[1.9242 2.0182]
==> Saving training info...
==> Drawing training loss...
==> Drawing grad norm...
==> Drawing testing loss...
==> Process finished.
