==> torch device:  cuda:3
==> Test-Train split: test_ratio = 0.20
==> Test-Train split seed:  None
==> Further split: further_train_ratio = 1.00
==> Further split seed:  None
==> Input bias to be applied to the neural network:
[0. 0. 0. 0.]
==> Input transform to be applied to the neural network:
[ 0.62900996  0.6288517  11.614402    9.487666  ]
==> Ouput transform to be applied to the neural network:
[0.0195 0.021 ]
==> Evaluating model...
==========================================================================================
Layer (type:depth-idx)                   Output Shape              Param #
==========================================================================================
NeuralNetwork                            [1, 2]                    10
├─Sequential: 1-1                        [1, 2]                    --
│    └─Linear: 2-1                       [1, 64]                   320
│    └─ReLU: 2-2                         [1, 64]                   --
│    └─Linear: 2-3                       [1, 64]                   4,160
│    └─ReLU: 2-4                         [1, 64]                   --
│    └─Linear: 2-5                       [1, 64]                   4,160
│    └─ReLU: 2-6                         [1, 64]                   --
│    └─Linear: 2-7                       [1, 64]                   4,160
│    └─ReLU: 2-8                         [1, 64]                   --
│    └─Linear: 2-9                       [1, 64]                   4,160
│    └─ReLU: 2-10                        [1, 64]                   --
│    └─Linear: 2-11                      [1, 64]                   4,160
│    └─ReLU: 2-12                        [1, 64]                   --
│    └─Linear: 2-13                      [1, 64]                   4,160
│    └─ReLU: 2-14                        [1, 64]                   --
│    └─Linear: 2-15                      [1, 2]                    130
├─Sequential: 1-2                        [1, 2]                    (recursive)
│    └─Linear: 2-16                      [1, 64]                   (recursive)
│    └─ReLU: 2-17                        [1, 64]                   --
│    └─Linear: 2-18                      [1, 64]                   (recursive)
│    └─ReLU: 2-19                        [1, 64]                   --
│    └─Linear: 2-20                      [1, 64]                   (recursive)
│    └─ReLU: 2-21                        [1, 64]                   --
│    └─Linear: 2-22                      [1, 64]                   (recursive)
│    └─ReLU: 2-23                        [1, 64]                   --
│    └─Linear: 2-24                      [1, 64]                   (recursive)
│    └─ReLU: 2-25                        [1, 64]                   --
│    └─Linear: 2-26                      [1, 64]                   (recursive)
│    └─ReLU: 2-27                        [1, 64]                   --
│    └─Linear: 2-28                      [1, 64]                   (recursive)
│    └─ReLU: 2-29                        [1, 64]                   --
│    └─Linear: 2-30                      [1, 2]                    (recursive)
==========================================================================================
Total params: 25,420
Trainable params: 25,410
Non-trainable params: 10
Total mult-adds (Units.MEGABYTES): 0.05
==========================================================================================
Input size (MB): 0.00
Forward/backward pass size (MB): 0.01
Params size (MB): 0.10
Estimated Total Size (MB): 0.11
==========================================================================================
==> Saving initial model weights...
==> Start training...
==> Number of param_groups in optimizer: 1
Epoch: 001 | Train Loss: 0.0008228 | Grad norm: 0.000025 | Time: 4s566ms
Epoch: 001 | Test Loss: 0.0008298 | Time: 528ms
==> Save the model at epoch 001 with test loss 0.0008298
Epoch: 002 | Train Loss: 0.0007986 | Grad norm: 0.000068 | Time: 4s425ms
Epoch: 002 | Test Loss: 0.0005446 | Time: 519ms
==> Save the model at epoch 002 with test loss 0.0005446
Epoch: 003 | Train Loss: 0.0001785 | Grad norm: 0.000165 | Time: 4s515ms
Epoch: 003 | Test Loss: 0.0000698 | Time: 522ms
==> Save the model at epoch 003 with test loss 0.0000698
Epoch: 004 | Train Loss: 0.0000703 | Grad norm: 0.000121 | Time: 4s273ms
Epoch: 004 | Test Loss: 0.0000686 | Time: 519ms
==> Save the model at epoch 004 with test loss 0.0000686
Epoch: 005 | Train Loss: 0.0000698 | Grad norm: 0.000121 | Time: 4s349ms
Epoch: 005 | Test Loss: 0.0000684 | Time: 517ms
==> Save the model at epoch 005 with test loss 0.0000684
Epoch: 006 | Train Loss: 0.0000698 | Grad norm: 0.000129 | Time: 4s244ms
Epoch: 006 | Test Loss: 0.0000683 | Time: 601ms
==> Save the model at epoch 006 with test loss 0.0000683
Epoch: 007 | Train Loss: 0.0000699 | Grad norm: 0.000134 | Time: 4s49ms
Epoch: 007 | Test Loss: 0.0000700 | Time: 528ms
Epoch: 008 | Train Loss: 0.0000700 | Grad norm: 0.000136 | Time: 4s480ms
Epoch: 008 | Test Loss: 0.0000698 | Time: 522ms
Epoch: 009 | Train Loss: 0.0000702 | Grad norm: 0.000151 | Time: 4s326ms
Epoch: 009 | Test Loss: 0.0000688 | Time: 532ms
Epoch: 010 | Train Loss: 0.0000699 | Grad norm: 0.000137 | Time: 4s498ms
Epoch: 010 | Test Loss: 0.0000695 | Time: 533ms
Epoch: 011 | Train Loss: 0.0000699 | Grad norm: 0.000139 | Time: 4s144ms
Epoch: 011 | Test Loss: 0.0000699 | Time: 536ms
Epoch: 012 | Train Loss: 0.0000700 | Grad norm: 0.000138 | Time: 4s362ms
Epoch: 012 | Test Loss: 0.0000684 | Time: 520ms
Epoch: 013 | Train Loss: 0.0000699 | Grad norm: 0.000136 | Time: 4s445ms
Epoch: 013 | Test Loss: 0.0000693 | Time: 524ms
Epoch: 014 | Train Loss: 0.0000700 | Grad norm: 0.000141 | Time: 4s76ms
Epoch: 014 | Test Loss: 0.0000698 | Time: 595ms
Epoch: 015 | Train Loss: 0.0000698 | Grad norm: 0.000133 | Time: 3s941ms
Epoch: 015 | Test Loss: 0.0000690 | Time: 525ms
Epoch: 016 | Train Loss: 0.0000698 | Grad norm: 0.000135 | Time: 4s580ms
Epoch: 016 | Test Loss: 0.0000695 | Time: 523ms
Epoch: 017 | Train Loss: 0.0000697 | Grad norm: 0.000130 | Time: 4s260ms
Epoch: 017 | Test Loss: 0.0000685 | Time: 534ms
Epoch: 018 | Train Loss: 0.0000698 | Grad norm: 0.000134 | Time: 4s318ms
Epoch: 018 | Test Loss: 0.0000685 | Time: 547ms
Epoch: 019 | Train Loss: 0.0000697 | Grad norm: 0.000128 | Time: 4s322ms
Epoch: 019 | Test Loss: 0.0000687 | Time: 551ms
Epoch: 020 | Train Loss: 0.0000696 | Grad norm: 0.000129 | Time: 4s314ms
Epoch: 020 | Test Loss: 0.0000684 | Time: 538ms
Epoch: 021 | Train Loss: 0.0000695 | Grad norm: 0.000125 | Time: 4s426ms
Epoch: 021 | Test Loss: 0.0000691 | Time: 524ms
Epoch: 022 | Train Loss: 0.0000695 | Grad norm: 0.000124 | Time: 4s458ms
Epoch: 022 | Test Loss: 0.0000684 | Time: 602ms
Epoch: 023 | Train Loss: 0.0000696 | Grad norm: 0.000126 | Time: 4s319ms
Epoch: 023 | Test Loss: 0.0000684 | Time: 538ms
Epoch: 024 | Train Loss: 0.0000695 | Grad norm: 0.000121 | Time: 4s459ms
Epoch: 024 | Test Loss: 0.0000683 | Time: 524ms
Epoch: 025 | Train Loss: 0.0000695 | Grad norm: 0.000124 | Time: 4s457ms
Epoch: 025 | Test Loss: 0.0000686 | Time: 523ms
Epoch: 026 | Train Loss: 0.0000694 | Grad norm: 0.000120 | Time: 4s271ms
Epoch: 026 | Test Loss: 0.0000687 | Time: 529ms
Epoch: 027 | Train Loss: 0.0000693 | Grad norm: 0.000119 | Time: 4s403ms
Epoch: 027 | Test Loss: 0.0000695 | Time: 533ms
Epoch: 028 | Train Loss: 0.0000693 | Grad norm: 0.000118 | Time: 4s302ms
Epoch: 028 | Test Loss: 0.0000683 | Time: 525ms
==> Save the model at epoch 028 with test loss 0.0000683
Epoch: 029 | Train Loss: 0.0000692 | Grad norm: 0.000112 | Time: 4s407ms
Epoch: 029 | Test Loss: 0.0000683 | Time: 527ms
Epoch: 030 | Train Loss: 0.0000692 | Grad norm: 0.000112 | Time: 4s406ms
Epoch: 030 | Test Loss: 0.0000681 | Time: 548ms
==> Save the model at epoch 030 with test loss 0.0000681
Epoch: 031 | Train Loss: 0.0000691 | Grad norm: 0.000107 | Time: 4s487ms
Epoch: 031 | Test Loss: 0.0000682 | Time: 537ms
Epoch: 032 | Train Loss: 0.0000691 | Grad norm: 0.000109 | Time: 4s398ms
Epoch: 032 | Test Loss: 0.0000685 | Time: 528ms
Epoch: 033 | Train Loss: 0.0000691 | Grad norm: 0.000104 | Time: 4s266ms
Epoch: 033 | Test Loss: 0.0000682 | Time: 592ms
Epoch: 034 | Train Loss: 0.0000691 | Grad norm: 0.000104 | Time: 4s331ms
Epoch: 034 | Test Loss: 0.0000686 | Time: 518ms
Epoch: 035 | Train Loss: 0.0000690 | Grad norm: 0.000102 | Time: 4s198ms
Epoch: 035 | Test Loss: 0.0000682 | Time: 519ms
Epoch: 036 | Train Loss: 0.0000690 | Grad norm: 0.000099 | Time: 4s291ms
Epoch: 036 | Test Loss: 0.0000685 | Time: 544ms
Epoch: 037 | Train Loss: 0.0000690 | Grad norm: 0.000100 | Time: 4s496ms
Epoch: 037 | Test Loss: 0.0000684 | Time: 526ms
Epoch: 038 | Train Loss: 0.0000690 | Grad norm: 0.000099 | Time: 4s504ms
Epoch: 038 | Test Loss: 0.0000682 | Time: 517ms
Epoch: 039 | Train Loss: 0.0000689 | Grad norm: 0.000100 | Time: 4s361ms
Epoch: 039 | Test Loss: 0.0000682 | Time: 531ms
Epoch: 040 | Train Loss: 0.0000689 | Grad norm: 0.000098 | Time: 4s371ms
Epoch: 040 | Test Loss: 0.0000681 | Time: 524ms
Total time: 3m15s
==> Saving trained model weights...
==> Input bias to be applied to the neural network (trained):
[0. 0. 0. 0.]
==> Input transform to be applied to the neural network (trained):
[ 0.62900996  0.6288517  11.614402    9.487666  ]
==> Output transform to be applied to the neural network (trained):
[0.0195 0.021 ]
==> Saving training info...
==> Drawing training loss...
==> Drawing grad norm...
==> Drawing testing loss...
==> Process finished.
