==> torch device:  cuda:0
==> Test-Train split: test_ratio = 0.20
==> Test-Train split seed:  None
==> Further split: further_train_ratio = 0.25
==> Further split seed:  None
==> Input bias to be applied to the neural network:
[0. 0.]
==> Input transform to be applied to the neural network:
[1. 1.]
==> Ouput transform to be applied to the neural network:
[1. 1.]
==> Evaluating model...
==========================================================================================
Layer (type:depth-idx)                   Output Shape              Param #
==========================================================================================
NeuralNetwork                            [1, 2]                    6
├─Sequential: 1-1                        [1, 2]                    --
│    └─Linear: 2-1                       [1, 64]                   192
│    └─LeakyReLU: 2-2                    [1, 64]                   --
│    └─Linear: 2-3                       [1, 64]                   4,160
│    └─LeakyReLU: 2-4                    [1, 64]                   --
│    └─Linear: 2-5                       [1, 64]                   4,160
│    └─LeakyReLU: 2-6                    [1, 64]                   --
│    └─Linear: 2-7                       [1, 64]                   4,160
│    └─LeakyReLU: 2-8                    [1, 64]                   --
│    └─Linear: 2-9                       [1, 64]                   4,160
│    └─LeakyReLU: 2-10                   [1, 64]                   --
│    └─Linear: 2-11                      [1, 64]                   4,160
│    └─LeakyReLU: 2-12                   [1, 64]                   --
│    └─Linear: 2-13                      [1, 64]                   4,160
│    └─LeakyReLU: 2-14                   [1, 64]                   --
│    └─Linear: 2-15                      [1, 2]                    130
==========================================================================================
Total params: 25,288
Trainable params: 25,282
Non-trainable params: 6
Total mult-adds (Units.MEGABYTES): 0.03
==========================================================================================
Input size (MB): 0.00
Forward/backward pass size (MB): 0.00
Params size (MB): 0.10
Estimated Total Size (MB): 0.10
==========================================================================================
==> Saving initial model weights...
==> Start training...
Epoch: 001 | Loss: 7.6602603 | L2 loss: 7.6601351 | Lip loss: 0.0001252 | Grad norm: 0.748462 | Time: 9s140ms
Epoch: 001 | Test Loss: 7.3921602 | Time: 437ms
==> Save the model at epoch 001 with test loss 7.3921602
Epoch: 002 | Loss: 5.4740945 | L2 loss: 5.4708573 | Lip loss: 0.0032372 | Grad norm: 4.536213 | Time: 8s879ms
Epoch: 002 | Test Loss: 2.3142168 | Time: 543ms
==> Save the model at epoch 002 with test loss 2.3142168
Epoch: 003 | Loss: 0.7025976 | L2 loss: 0.6900430 | Lip loss: 0.0125546 | Grad norm: 3.236135 | Time: 9s66ms
Epoch: 003 | Test Loss: 0.2834749 | Time: 470ms
==> Save the model at epoch 003 with test loss 0.2834749
Epoch: 004 | Loss: 0.2648735 | L2 loss: 0.2508822 | Lip loss: 0.0139913 | Grad norm: 1.940359 | Time: 8s772ms
Epoch: 004 | Test Loss: 0.2347305 | Time: 444ms
==> Save the model at epoch 004 with test loss 0.2347305
Epoch: 005 | Loss: 0.2284209 | L2 loss: 0.2140752 | Lip loss: 0.0143457 | Grad norm: 1.903971 | Time: 8s660ms
Epoch: 005 | Test Loss: 0.2063004 | Time: 465ms
==> Save the model at epoch 005 with test loss 0.2063004
Epoch: 006 | Loss: 0.2090570 | L2 loss: 0.1946945 | Lip loss: 0.0143624 | Grad norm: 1.581844 | Time: 8s852ms
Epoch: 006 | Test Loss: 0.2010494 | Time: 462ms
==> Save the model at epoch 006 with test loss 0.2010494
Epoch: 007 | Loss: 0.2059944 | L2 loss: 0.1917663 | Lip loss: 0.0142281 | Grad norm: 1.612179 | Time: 9s114ms
Epoch: 007 | Test Loss: 0.1977257 | Time: 433ms
==> Save the model at epoch 007 with test loss 0.1977257
Epoch: 008 | Loss: 0.2029052 | L2 loss: 0.1888018 | Lip loss: 0.0141034 | Grad norm: 1.616286 | Time: 9s136ms
Epoch: 008 | Test Loss: 0.1947865 | Time: 460ms
==> Save the model at epoch 008 with test loss 0.1947865
Epoch: 009 | Loss: 0.2000605 | L2 loss: 0.1859755 | Lip loss: 0.0140850 | Grad norm: 1.606828 | Time: 9s354ms
Epoch: 009 | Test Loss: 0.1923989 | Time: 452ms
==> Save the model at epoch 009 with test loss 0.1923989
Epoch: 010 | Loss: 0.1974039 | L2 loss: 0.1830189 | Lip loss: 0.0143850 | Grad norm: 1.658142 | Time: 8s980ms
Epoch: 010 | Test Loss: 0.1888278 | Time: 465ms
==> Save the model at epoch 010 with test loss 0.1888278
Epoch: 011 | Loss: 0.1954733 | L2 loss: 0.1813988 | Lip loss: 0.0140745 | Grad norm: 1.430441 | Time: 9s81ms
Epoch: 011 | Test Loss: 0.1885468 | Time: 457ms
==> Save the model at epoch 011 with test loss 0.1885468
Epoch: 012 | Loss: 0.1951242 | L2 loss: 0.1808448 | Lip loss: 0.0142795 | Grad norm: 1.493619 | Time: 8s926ms
Epoch: 012 | Test Loss: 0.1881623 | Time: 462ms
==> Save the model at epoch 012 with test loss 0.1881623
Epoch: 013 | Loss: 0.1952348 | L2 loss: 0.1807032 | Lip loss: 0.0145316 | Grad norm: 1.570468 | Time: 8s596ms
Epoch: 013 | Test Loss: 0.1878911 | Time: 563ms
==> Save the model at epoch 013 with test loss 0.1878911
Epoch: 014 | Loss: 0.1956402 | L2 loss: 0.1812252 | Lip loss: 0.0144149 | Grad norm: 1.465197 | Time: 8s996ms
Epoch: 014 | Test Loss: 0.1876080 | Time: 449ms
==> Save the model at epoch 014 with test loss 0.1876080
Epoch: 015 | Loss: 0.1945757 | L2 loss: 0.1804275 | Lip loss: 0.0141482 | Grad norm: 1.537074 | Time: 9s57ms
Epoch: 015 | Test Loss: 0.1874376 | Time: 450ms
==> Save the model at epoch 015 with test loss 0.1874376
Epoch: 016 | Loss: 0.1939354 | L2 loss: 0.1798439 | Lip loss: 0.0140915 | Grad norm: 1.419826 | Time: 8s733ms
Epoch: 016 | Test Loss: 0.1873858 | Time: 530ms
==> Save the model at epoch 016 with test loss 0.1873858
Epoch: 017 | Loss: 0.1945259 | L2 loss: 0.1804592 | Lip loss: 0.0140667 | Grad norm: 1.484139 | Time: 8s723ms
Epoch: 017 | Test Loss: 0.1873272 | Time: 444ms
==> Save the model at epoch 017 with test loss 0.1873272
Epoch: 018 | Loss: 0.1940789 | L2 loss: 0.1797711 | Lip loss: 0.0143077 | Grad norm: 1.525958 | Time: 8s671ms
Epoch: 018 | Test Loss: 0.1872793 | Time: 447ms
==> Save the model at epoch 018 with test loss 0.1872793
Epoch: 019 | Loss: 0.1938236 | L2 loss: 0.1796754 | Lip loss: 0.0141482 | Grad norm: 1.497454 | Time: 8s577ms
Epoch: 019 | Test Loss: 0.1872380 | Time: 456ms
==> Save the model at epoch 019 with test loss 0.1872380
Epoch: 020 | Loss: 0.1941182 | L2 loss: 0.1799093 | Lip loss: 0.0142089 | Grad norm: 1.534729 | Time: 8s592ms
Epoch: 020 | Test Loss: 0.1872020 | Time: 436ms
==> Save the model at epoch 020 with test loss 0.1872020
Epoch: 021 | Loss: 0.1938257 | L2 loss: 0.1796453 | Lip loss: 0.0141804 | Grad norm: 1.484938 | Time: 8s505ms
Epoch: 021 | Test Loss: 0.1871995 | Time: 439ms
==> Save the model at epoch 021 with test loss 0.1871995
Epoch: 022 | Loss: 0.1940168 | L2 loss: 0.1797364 | Lip loss: 0.0142804 | Grad norm: 1.496674 | Time: 8s301ms
Epoch: 022 | Test Loss: 0.1871978 | Time: 437ms
==> Save the model at epoch 022 with test loss 0.1871978
Epoch: 023 | Loss: 0.1950398 | L2 loss: 0.1808311 | Lip loss: 0.0142087 | Grad norm: 1.433550 | Time: 8s473ms
Epoch: 023 | Test Loss: 0.1871960 | Time: 432ms
==> Save the model at epoch 023 with test loss 0.1871960
Epoch: 024 | Loss: 0.1951974 | L2 loss: 0.1808955 | Lip loss: 0.0143019 | Grad norm: 1.462549 | Time: 8s272ms
Epoch: 024 | Test Loss: 0.1871925 | Time: 507ms
==> Save the model at epoch 024 with test loss 0.1871925
Epoch: 025 | Loss: 0.1938854 | L2 loss: 0.1796501 | Lip loss: 0.0142353 | Grad norm: 1.485180 | Time: 8s651ms
Epoch: 025 | Test Loss: 0.1871899 | Time: 456ms
==> Save the model at epoch 025 with test loss 0.1871899
Epoch: 026 | Loss: 0.1940111 | L2 loss: 0.1798839 | Lip loss: 0.0141272 | Grad norm: 1.563559 | Time: 8s552ms
Epoch: 026 | Test Loss: 0.1871898 | Time: 448ms
==> Save the model at epoch 026 with test loss 0.1871898
Epoch: 027 | Loss: 0.1940020 | L2 loss: 0.1797687 | Lip loss: 0.0142333 | Grad norm: 1.580492 | Time: 8s375ms
Epoch: 027 | Test Loss: 0.1871898 | Time: 530ms
==> Save the model at epoch 027 with test loss 0.1871898
Epoch: 028 | Loss: 0.1944803 | L2 loss: 0.1802306 | Lip loss: 0.0142497 | Grad norm: 1.540019 | Time: 8s569ms
Epoch: 028 | Test Loss: 0.1871898 | Time: 470ms
==> Save the model at epoch 028 with test loss 0.1871898
Epoch: 029 | Loss: 0.1938150 | L2 loss: 0.1796462 | Lip loss: 0.0141688 | Grad norm: 1.503345 | Time: 8s382ms
Epoch: 029 | Test Loss: 0.1871897 | Time: 453ms
==> Save the model at epoch 029 with test loss 0.1871897
Epoch: 030 | Loss: 0.1940144 | L2 loss: 0.1795738 | Lip loss: 0.0144406 | Grad norm: 1.529557 | Time: 8s752ms
Epoch: 030 | Test Loss: 0.1871897 | Time: 461ms
==> Save the model at epoch 030 with test loss 0.1871897
Epoch: 031 | Loss: 0.1940648 | L2 loss: 0.1796858 | Lip loss: 0.0143790 | Grad norm: 1.429466 | Time: 8s484ms
Epoch: 031 | Test Loss: 0.1871897 | Time: 437ms
==> Save the model at epoch 031 with test loss 0.1871897
Epoch: 032 | Loss: 0.1951372 | L2 loss: 0.1805289 | Lip loss: 0.0146083 | Grad norm: 1.503607 | Time: 8s598ms
Epoch: 032 | Test Loss: 0.1871897 | Time: 450ms
==> Save the model at epoch 032 with test loss 0.1871897
Epoch: 033 | Loss: 0.1941417 | L2 loss: 0.1798957 | Lip loss: 0.0142460 | Grad norm: 1.525651 | Time: 8s491ms
Epoch: 033 | Test Loss: 0.1871897 | Time: 454ms
Epoch: 034 | Loss: 0.1939430 | L2 loss: 0.1796878 | Lip loss: 0.0142553 | Grad norm: 1.581099 | Time: 8s652ms
Epoch: 034 | Test Loss: 0.1871897 | Time: 442ms
Epoch: 035 | Loss: 0.1941024 | L2 loss: 0.1797137 | Lip loss: 0.0143886 | Grad norm: 1.592019 | Time: 8s809ms
Epoch: 035 | Test Loss: 0.1871897 | Time: 524ms
Epoch: 036 | Loss: 0.1940853 | L2 loss: 0.1796975 | Lip loss: 0.0143878 | Grad norm: 1.430819 | Time: 8s701ms
Epoch: 036 | Test Loss: 0.1871897 | Time: 446ms
Epoch: 037 | Loss: 0.1943905 | L2 loss: 0.1801949 | Lip loss: 0.0141956 | Grad norm: 1.571383 | Time: 8s519ms
Epoch: 037 | Test Loss: 0.1871897 | Time: 441ms
Epoch: 038 | Loss: 0.1947706 | L2 loss: 0.1804869 | Lip loss: 0.0142837 | Grad norm: 1.533965 | Time: 8s469ms
Epoch: 038 | Test Loss: 0.1871897 | Time: 507ms
Epoch: 039 | Loss: 0.1935560 | L2 loss: 0.1796161 | Lip loss: 0.0139399 | Grad norm: 1.498023 | Time: 8s653ms
Epoch: 039 | Test Loss: 0.1871897 | Time: 435ms
Epoch: 040 | Loss: 0.1939249 | L2 loss: 0.1797243 | Lip loss: 0.0142006 | Grad norm: 1.466523 | Time: 8s306ms
Epoch: 040 | Test Loss: 0.1871897 | Time: 476ms
Total time: 6m7s
==> Saving trained model weights...
==> Input bias to be applied to the neural network (trained):
[0. 0.]
==> Input transform to be applied to the neural network (trained):
[1. 1.]
==> Output transform to be applied to the neural network (trained):
[1. 1.]
==> Saving training info...
==> Drawing training loss...
==> Drawing grad norm...
==> Drawing testing loss...
==> Drawing l2 loss...
==> Drawing lip loss...
==> Process finished.
