==> torch device:  cuda:3
==> Test-Train split: test_ratio = 0.20
==> Test-Train split seed:  None
==> Further split: further_train_ratio = 0.50
==> Further split seed:  None
==> Input bias to be applied to the neural network:
[0. 0.]
==> Input transform to be applied to the neural network:
[1. 1.]
==> Ouput transform to be applied to the neural network:
[1. 1.]
==> Evaluating model...
==========================================================================================
Layer (type:depth-idx)                   Output Shape              Param #
==========================================================================================
NeuralNetwork                            [1, 2]                    6
├─Sequential: 1-1                        [1, 2]                    --
│    └─Linear: 2-1                       [1, 64]                   192
│    └─LeakyReLU: 2-2                    [1, 64]                   --
│    └─Linear: 2-3                       [1, 64]                   4,160
│    └─LeakyReLU: 2-4                    [1, 64]                   --
│    └─Linear: 2-5                       [1, 64]                   4,160
│    └─LeakyReLU: 2-6                    [1, 64]                   --
│    └─Linear: 2-7                       [1, 64]                   4,160
│    └─LeakyReLU: 2-8                    [1, 64]                   --
│    └─Linear: 2-9                       [1, 64]                   4,160
│    └─LeakyReLU: 2-10                   [1, 64]                   --
│    └─Linear: 2-11                      [1, 64]                   4,160
│    └─LeakyReLU: 2-12                   [1, 64]                   --
│    └─Linear: 2-13                      [1, 64]                   4,160
│    └─LeakyReLU: 2-14                   [1, 64]                   --
│    └─Linear: 2-15                      [1, 2]                    130
==========================================================================================
Total params: 25,288
Trainable params: 25,282
Non-trainable params: 6
Total mult-adds (Units.MEGABYTES): 0.03
==========================================================================================
Input size (MB): 0.00
Forward/backward pass size (MB): 0.00
Params size (MB): 0.10
Estimated Total Size (MB): 0.10
==========================================================================================
==> Saving initial model weights...
==> Start training...
Epoch: 001 | Loss: 6.9082647 | L2 loss: 6.9082647 | Lip loss: 0.0000000 | Grad norm: 2.341145 | Time: 17s786ms
Epoch: 001 | Test Loss: 3.2629427 | Time: 439ms
==> Save the model at epoch 001 with test loss 3.2629427
Epoch: 002 | Loss: 0.6328721 | L2 loss: 0.6328721 | Lip loss: 0.0000000 | Grad norm: 3.085214 | Time: 17s906ms
Epoch: 002 | Test Loss: 0.2102156 | Time: 451ms
==> Save the model at epoch 002 with test loss 0.2102156
Epoch: 003 | Loss: 0.1984503 | L2 loss: 0.1984503 | Lip loss: 0.0000000 | Grad norm: 1.968604 | Time: 17s386ms
Epoch: 003 | Test Loss: 0.1477274 | Time: 518ms
==> Save the model at epoch 003 with test loss 0.1477274
Epoch: 004 | Loss: 0.1478875 | L2 loss: 0.1478874 | Lip loss: 0.0000000 | Grad norm: 2.082228 | Time: 17s563ms
Epoch: 004 | Test Loss: 0.1142731 | Time: 445ms
==> Save the model at epoch 004 with test loss 0.1142731
Epoch: 005 | Loss: 0.1150004 | L2 loss: 0.1150004 | Lip loss: 0.0000000 | Grad norm: 2.063890 | Time: 17s427ms
Epoch: 005 | Test Loss: 0.0905873 | Time: 452ms
==> Save the model at epoch 005 with test loss 0.0905873
Epoch: 006 | Loss: 0.1003293 | L2 loss: 0.1003292 | Lip loss: 0.0000000 | Grad norm: 1.519942 | Time: 17s693ms
Epoch: 006 | Test Loss: 0.0877997 | Time: 457ms
==> Save the model at epoch 006 with test loss 0.0877997
Epoch: 007 | Loss: 0.0979411 | L2 loss: 0.0979410 | Lip loss: 0.0000000 | Grad norm: 1.471353 | Time: 17s310ms
Epoch: 007 | Test Loss: 0.0852351 | Time: 443ms
==> Save the model at epoch 007 with test loss 0.0852351
Epoch: 008 | Loss: 0.0954778 | L2 loss: 0.0954778 | Lip loss: 0.0000000 | Grad norm: 1.437242 | Time: 17s840ms
Epoch: 008 | Test Loss: 0.0837047 | Time: 461ms
==> Save the model at epoch 008 with test loss 0.0837047
Epoch: 009 | Loss: 0.0933602 | L2 loss: 0.0933602 | Lip loss: 0.0000000 | Grad norm: 1.501401 | Time: 17s795ms
Epoch: 009 | Test Loss: 0.0814236 | Time: 442ms
==> Save the model at epoch 009 with test loss 0.0814236
Epoch: 010 | Loss: 0.0912393 | L2 loss: 0.0912393 | Lip loss: 0.0000000 | Grad norm: 1.564193 | Time: 17s814ms
Epoch: 010 | Test Loss: 0.0793072 | Time: 521ms
==> Save the model at epoch 010 with test loss 0.0793072
Epoch: 011 | Loss: 0.0894861 | L2 loss: 0.0894861 | Lip loss: 0.0000000 | Grad norm: 1.418253 | Time: 17s978ms
Epoch: 011 | Test Loss: 0.0789399 | Time: 441ms
==> Save the model at epoch 011 with test loss 0.0789399
Epoch: 012 | Loss: 0.0892842 | L2 loss: 0.0892842 | Lip loss: 0.0000000 | Grad norm: 1.366604 | Time: 17s656ms
Epoch: 012 | Test Loss: 0.0787094 | Time: 441ms
==> Save the model at epoch 012 with test loss 0.0787094
Epoch: 013 | Loss: 0.0890740 | L2 loss: 0.0890740 | Lip loss: 0.0000000 | Grad norm: 1.334819 | Time: 17s604ms
Epoch: 013 | Test Loss: 0.0785306 | Time: 453ms
==> Save the model at epoch 013 with test loss 0.0785306
Epoch: 014 | Loss: 0.0888351 | L2 loss: 0.0888350 | Lip loss: 0.0000000 | Grad norm: 1.375217 | Time: 17s923ms
Epoch: 014 | Test Loss: 0.0782799 | Time: 444ms
==> Save the model at epoch 014 with test loss 0.0782799
Epoch: 015 | Loss: 0.0894599 | L2 loss: 0.0894599 | Lip loss: 0.0000000 | Grad norm: 1.374131 | Time: 17s685ms
Epoch: 015 | Test Loss: 0.0780822 | Time: 451ms
==> Save the model at epoch 015 with test loss 0.0780822
Epoch: 016 | Loss: 0.0884112 | L2 loss: 0.0884112 | Lip loss: 0.0000000 | Grad norm: 1.315573 | Time: 17s596ms
Epoch: 016 | Test Loss: 0.0780684 | Time: 492ms
==> Save the model at epoch 016 with test loss 0.0780684
Epoch: 017 | Loss: 0.0887207 | L2 loss: 0.0887207 | Lip loss: 0.0000000 | Grad norm: 1.337761 | Time: 17s162ms
Epoch: 017 | Test Loss: 0.0780494 | Time: 513ms
==> Save the model at epoch 017 with test loss 0.0780494
Epoch: 018 | Loss: 0.0884107 | L2 loss: 0.0884107 | Lip loss: 0.0000000 | Grad norm: 1.344634 | Time: 17s681ms
Epoch: 018 | Test Loss: 0.0780267 | Time: 451ms
==> Save the model at epoch 018 with test loss 0.0780267
Epoch: 019 | Loss: 0.0884174 | L2 loss: 0.0884173 | Lip loss: 0.0000000 | Grad norm: 1.291144 | Time: 17s964ms
Epoch: 019 | Test Loss: 0.0780080 | Time: 455ms
==> Save the model at epoch 019 with test loss 0.0780080
Epoch: 020 | Loss: 0.0883370 | L2 loss: 0.0883369 | Lip loss: 0.0000000 | Grad norm: 1.342980 | Time: 17s368ms
Epoch: 020 | Test Loss: 0.0779870 | Time: 457ms
==> Save the model at epoch 020 with test loss 0.0779870
Epoch: 021 | Loss: 0.0883234 | L2 loss: 0.0883234 | Lip loss: 0.0000000 | Grad norm: 1.340805 | Time: 17s646ms
Epoch: 021 | Test Loss: 0.0779858 | Time: 463ms
==> Save the model at epoch 021 with test loss 0.0779858
Epoch: 022 | Loss: 0.0883295 | L2 loss: 0.0883294 | Lip loss: 0.0000000 | Grad norm: 1.361009 | Time: 17s677ms
Epoch: 022 | Test Loss: 0.0779850 | Time: 448ms
==> Save the model at epoch 022 with test loss 0.0779850
Epoch: 023 | Loss: 0.0883541 | L2 loss: 0.0883540 | Lip loss: 0.0000000 | Grad norm: 1.345245 | Time: 17s750ms
Epoch: 023 | Test Loss: 0.0779840 | Time: 452ms
==> Save the model at epoch 023 with test loss 0.0779840
Epoch: 024 | Loss: 0.0885594 | L2 loss: 0.0885593 | Lip loss: 0.0000000 | Grad norm: 1.318108 | Time: 17s534ms
Epoch: 024 | Test Loss: 0.0779832 | Time: 532ms
==> Save the model at epoch 024 with test loss 0.0779832
Epoch: 025 | Loss: 0.0883608 | L2 loss: 0.0883608 | Lip loss: 0.0000000 | Grad norm: 1.305766 | Time: 17s516ms
Epoch: 025 | Test Loss: 0.0779814 | Time: 480ms
==> Save the model at epoch 025 with test loss 0.0779814
Epoch: 026 | Loss: 0.0886921 | L2 loss: 0.0886921 | Lip loss: 0.0000000 | Grad norm: 1.303731 | Time: 17s814ms
Epoch: 026 | Test Loss: 0.0779814 | Time: 460ms
==> Save the model at epoch 026 with test loss 0.0779814
Epoch: 027 | Loss: 0.0894070 | L2 loss: 0.0894070 | Lip loss: 0.0000000 | Grad norm: 1.343831 | Time: 17s523ms
Epoch: 027 | Test Loss: 0.0779814 | Time: 460ms
==> Save the model at epoch 027 with test loss 0.0779814
Epoch: 028 | Loss: 0.0883971 | L2 loss: 0.0883971 | Lip loss: 0.0000000 | Grad norm: 1.408901 | Time: 18s24ms
Epoch: 028 | Test Loss: 0.0779814 | Time: 444ms
==> Save the model at epoch 028 with test loss 0.0779814
Epoch: 029 | Loss: 0.0883755 | L2 loss: 0.0883755 | Lip loss: 0.0000000 | Grad norm: 1.370815 | Time: 17s404ms
Epoch: 029 | Test Loss: 0.0779814 | Time: 455ms
Epoch: 030 | Loss: 0.0883304 | L2 loss: 0.0883304 | Lip loss: 0.0000000 | Grad norm: 1.345769 | Time: 18s10ms
Epoch: 030 | Test Loss: 0.0779813 | Time: 457ms
==> Save the model at epoch 030 with test loss 0.0779813
Epoch: 031 | Loss: 0.0883300 | L2 loss: 0.0883299 | Lip loss: 0.0000000 | Grad norm: 1.364440 | Time: 17s507ms
Epoch: 031 | Test Loss: 0.0779813 | Time: 455ms
==> Save the model at epoch 031 with test loss 0.0779813
Epoch: 032 | Loss: 0.0883630 | L2 loss: 0.0883630 | Lip loss: 0.0000000 | Grad norm: 1.349427 | Time: 17s811ms
Epoch: 032 | Test Loss: 0.0779813 | Time: 457ms
==> Save the model at epoch 032 with test loss 0.0779813
Epoch: 033 | Loss: 0.0883137 | L2 loss: 0.0883136 | Lip loss: 0.0000000 | Grad norm: 1.335122 | Time: 17s823ms
Epoch: 033 | Test Loss: 0.0779813 | Time: 463ms
Epoch: 034 | Loss: 0.0886425 | L2 loss: 0.0886425 | Lip loss: 0.0000000 | Grad norm: 1.370429 | Time: 17s177ms
Epoch: 034 | Test Loss: 0.0779813 | Time: 472ms
Epoch: 035 | Loss: 0.0883300 | L2 loss: 0.0883300 | Lip loss: 0.0000000 | Grad norm: 1.326703 | Time: 17s860ms
Epoch: 035 | Test Loss: 0.0779813 | Time: 447ms
Epoch: 036 | Loss: 0.0883119 | L2 loss: 0.0883119 | Lip loss: 0.0000000 | Grad norm: 1.369740 | Time: 17s619ms
Epoch: 036 | Test Loss: 0.0779813 | Time: 514ms
Epoch: 037 | Loss: 0.0883588 | L2 loss: 0.0883588 | Lip loss: 0.0000000 | Grad norm: 1.266144 | Time: 17s655ms
Epoch: 037 | Test Loss: 0.0779813 | Time: 464ms
Epoch: 038 | Loss: 0.0883229 | L2 loss: 0.0883229 | Lip loss: 0.0000000 | Grad norm: 1.318540 | Time: 18s181ms
Epoch: 038 | Test Loss: 0.0779813 | Time: 452ms
Epoch: 039 | Loss: 0.0884809 | L2 loss: 0.0884809 | Lip loss: 0.0000000 | Grad norm: 1.366110 | Time: 17s933ms
Epoch: 039 | Test Loss: 0.0779813 | Time: 446ms
Epoch: 040 | Loss: 0.0883263 | L2 loss: 0.0883263 | Lip loss: 0.0000000 | Grad norm: 1.364467 | Time: 17s936ms
Epoch: 040 | Test Loss: 0.0779813 | Time: 446ms
Total time: 12m6s
==> Saving trained model weights...
==> Input bias to be applied to the neural network (trained):
[0. 0.]
==> Input transform to be applied to the neural network (trained):
[1. 1.]
==> Output transform to be applied to the neural network (trained):
[1. 1.]
==> Saving training info...
==> Drawing training loss...
==> Drawing grad norm...
==> Drawing testing loss...
==> Drawing l2 loss...
==> Drawing lip loss...
==> Process finished.
