==> torch device:  cuda:2
==> Test-Train split: test_ratio = 0.20
==> Test-Train split seed:  None
==> Further split: further_train_ratio = 0.25
==> Further split seed:  None
==> Input bias to be applied to the neural network:
[0. 0.]
==> Input transform to be applied to the neural network:
[1. 1.]
==> Ouput transform to be applied to the neural network:
[1. 1.]
==> Evaluating model...
==========================================================================================
Layer (type:depth-idx)                   Output Shape              Param #
==========================================================================================
NeuralNetwork                            [1, 2]                    6
├─Sequential: 1-1                        [1, 2]                    --
│    └─Linear: 2-1                       [1, 64]                   192
│    └─LeakyReLU: 2-2                    [1, 64]                   --
│    └─Linear: 2-3                       [1, 64]                   4,160
│    └─LeakyReLU: 2-4                    [1, 64]                   --
│    └─Linear: 2-5                       [1, 64]                   4,160
│    └─LeakyReLU: 2-6                    [1, 64]                   --
│    └─Linear: 2-7                       [1, 64]                   4,160
│    └─LeakyReLU: 2-8                    [1, 64]                   --
│    └─Linear: 2-9                       [1, 64]                   4,160
│    └─LeakyReLU: 2-10                   [1, 64]                   --
│    └─Linear: 2-11                      [1, 64]                   4,160
│    └─LeakyReLU: 2-12                   [1, 64]                   --
│    └─Linear: 2-13                      [1, 64]                   4,160
│    └─LeakyReLU: 2-14                   [1, 64]                   --
│    └─Linear: 2-15                      [1, 2]                    130
==========================================================================================
Total params: 25,288
Trainable params: 25,282
Non-trainable params: 6
Total mult-adds (Units.MEGABYTES): 0.03
==========================================================================================
Input size (MB): 0.00
Forward/backward pass size (MB): 0.00
Params size (MB): 0.10
Estimated Total Size (MB): 0.10
==========================================================================================
==> Saving initial model weights...
==> Start training...
Epoch: 001 | Loss: 20.5454356 | L2 loss: 20.5454354 | Lip loss: 0.0000003 | Grad norm: 1.607952 | Time: 10s426ms
Epoch: 001 | Test Loss: 19.3957437 | Time: 530ms
==> Save the model at epoch 001 with test loss 19.3957437
Epoch: 002 | Loss: 14.3576140 | L2 loss: 14.3576048 | Lip loss: 0.0000092 | Grad norm: 10.054471 | Time: 9s855ms
Epoch: 002 | Test Loss: 6.8094850 | Time: 529ms
==> Save the model at epoch 002 with test loss 6.8094850
Epoch: 003 | Loss: 1.6721818 | L2 loss: 1.6721590 | Lip loss: 0.0000228 | Grad norm: 7.711880 | Time: 9s994ms
Epoch: 003 | Test Loss: 0.0273472 | Time: 532ms
==> Save the model at epoch 003 with test loss 0.0273472
Epoch: 004 | Loss: 0.0137394 | L2 loss: 0.0137176 | Lip loss: 0.0000218 | Grad norm: 2.197314 | Time: 9s944ms
Epoch: 004 | Test Loss: 0.0092260 | Time: 622ms
==> Save the model at epoch 004 with test loss 0.0092260
Epoch: 005 | Loss: 0.0065740 | L2 loss: 0.0065530 | Lip loss: 0.0000210 | Grad norm: 1.376896 | Time: 10s164ms
Epoch: 005 | Test Loss: 0.0061645 | Time: 547ms
==> Save the model at epoch 005 with test loss 0.0061645
Epoch: 006 | Loss: 0.0049419 | L2 loss: 0.0049211 | Lip loss: 0.0000208 | Grad norm: 0.513082 | Time: 10s13ms
Epoch: 006 | Test Loss: 0.0048237 | Time: 537ms
==> Save the model at epoch 006 with test loss 0.0048237
Epoch: 007 | Loss: 0.0047485 | L2 loss: 0.0047277 | Lip loss: 0.0000208 | Grad norm: 0.430084 | Time: 10s37ms
Epoch: 007 | Test Loss: 0.0046918 | Time: 527ms
==> Save the model at epoch 007 with test loss 0.0046918
Epoch: 008 | Loss: 0.0046384 | L2 loss: 0.0046175 | Lip loss: 0.0000209 | Grad norm: 0.423263 | Time: 10s67ms
Epoch: 008 | Test Loss: 0.0045807 | Time: 535ms
==> Save the model at epoch 008 with test loss 0.0045807
Epoch: 009 | Loss: 0.0045362 | L2 loss: 0.0045154 | Lip loss: 0.0000207 | Grad norm: 0.405331 | Time: 9s891ms
Epoch: 009 | Test Loss: 0.0044693 | Time: 531ms
==> Save the model at epoch 009 with test loss 0.0044693
Epoch: 010 | Loss: 0.0044532 | L2 loss: 0.0044324 | Lip loss: 0.0000208 | Grad norm: 0.430261 | Time: 10s15ms
Epoch: 010 | Test Loss: 0.0043795 | Time: 539ms
==> Save the model at epoch 010 with test loss 0.0043795
Epoch: 011 | Loss: 0.0043640 | L2 loss: 0.0043432 | Lip loss: 0.0000208 | Grad norm: 0.293421 | Time: 9s784ms
Epoch: 011 | Test Loss: 0.0043703 | Time: 597ms
==> Save the model at epoch 011 with test loss 0.0043703
Epoch: 012 | Loss: 0.0043590 | L2 loss: 0.0043382 | Lip loss: 0.0000208 | Grad norm: 0.287468 | Time: 10s154ms
Epoch: 012 | Test Loss: 0.0043539 | Time: 541ms
==> Save the model at epoch 012 with test loss 0.0043539
Epoch: 013 | Loss: 0.0043491 | L2 loss: 0.0043284 | Lip loss: 0.0000208 | Grad norm: 0.302456 | Time: 10s75ms
Epoch: 013 | Test Loss: 0.0043470 | Time: 543ms
==> Save the model at epoch 013 with test loss 0.0043470
Epoch: 014 | Loss: 0.0043363 | L2 loss: 0.0043155 | Lip loss: 0.0000208 | Grad norm: 0.283642 | Time: 10s270ms
Epoch: 014 | Test Loss: 0.0043368 | Time: 534ms
==> Save the model at epoch 014 with test loss 0.0043368
Epoch: 015 | Loss: 0.0043271 | L2 loss: 0.0043063 | Lip loss: 0.0000208 | Grad norm: 0.274968 | Time: 9s962ms
Epoch: 015 | Test Loss: 0.0043268 | Time: 528ms
==> Save the model at epoch 015 with test loss 0.0043268
Epoch: 016 | Loss: 0.0043179 | L2 loss: 0.0042971 | Lip loss: 0.0000208 | Grad norm: 0.277227 | Time: 10s43ms
Epoch: 016 | Test Loss: 0.0043228 | Time: 539ms
==> Save the model at epoch 016 with test loss 0.0043228
Epoch: 017 | Loss: 0.0043171 | L2 loss: 0.0042963 | Lip loss: 0.0000208 | Grad norm: 0.286268 | Time: 10s210ms
Epoch: 017 | Test Loss: 0.0043221 | Time: 535ms
==> Save the model at epoch 017 with test loss 0.0043221
Epoch: 018 | Loss: 0.0043194 | L2 loss: 0.0042986 | Lip loss: 0.0000208 | Grad norm: 0.277861 | Time: 10s362ms
Epoch: 018 | Test Loss: 0.0043211 | Time: 528ms
==> Save the model at epoch 018 with test loss 0.0043211
Epoch: 019 | Loss: 0.0043154 | L2 loss: 0.0042946 | Lip loss: 0.0000208 | Grad norm: 0.299475 | Time: 10s176ms
Epoch: 019 | Test Loss: 0.0043196 | Time: 545ms
==> Save the model at epoch 019 with test loss 0.0043196
Epoch: 020 | Loss: 0.0043144 | L2 loss: 0.0042936 | Lip loss: 0.0000208 | Grad norm: 0.255770 | Time: 9s882ms
Epoch: 020 | Test Loss: 0.0043188 | Time: 595ms
==> Save the model at epoch 020 with test loss 0.0043188
Epoch: 021 | Loss: 0.0043145 | L2 loss: 0.0042937 | Lip loss: 0.0000208 | Grad norm: 0.277493 | Time: 10s78ms
Epoch: 021 | Test Loss: 0.0043185 | Time: 523ms
==> Save the model at epoch 021 with test loss 0.0043185
Epoch: 022 | Loss: 0.0043149 | L2 loss: 0.0042940 | Lip loss: 0.0000208 | Grad norm: 0.265167 | Time: 10s188ms
Epoch: 022 | Test Loss: 0.0043184 | Time: 541ms
==> Save the model at epoch 022 with test loss 0.0043184
Epoch: 023 | Loss: 0.0043132 | L2 loss: 0.0042923 | Lip loss: 0.0000208 | Grad norm: 0.284593 | Time: 10s48ms
Epoch: 023 | Test Loss: 0.0043182 | Time: 540ms
==> Save the model at epoch 023 with test loss 0.0043182
Epoch: 024 | Loss: 0.0043142 | L2 loss: 0.0042934 | Lip loss: 0.0000207 | Grad norm: 0.274108 | Time: 10s92ms
Epoch: 024 | Test Loss: 0.0043181 | Time: 549ms
==> Save the model at epoch 024 with test loss 0.0043181
Epoch: 025 | Loss: 0.0043116 | L2 loss: 0.0042908 | Lip loss: 0.0000208 | Grad norm: 0.283702 | Time: 10s146ms
Epoch: 025 | Test Loss: 0.0043179 | Time: 550ms
==> Save the model at epoch 025 with test loss 0.0043179
Epoch: 026 | Loss: 0.0043158 | L2 loss: 0.0042951 | Lip loss: 0.0000207 | Grad norm: 0.270373 | Time: 10s299ms
Epoch: 026 | Test Loss: 0.0043179 | Time: 538ms
==> Save the model at epoch 026 with test loss 0.0043179
Epoch: 027 | Loss: 0.0043120 | L2 loss: 0.0042911 | Lip loss: 0.0000208 | Grad norm: 0.270629 | Time: 10s290ms
Epoch: 027 | Test Loss: 0.0043179 | Time: 533ms
==> Save the model at epoch 027 with test loss 0.0043179
Epoch: 028 | Loss: 0.0043115 | L2 loss: 0.0042906 | Lip loss: 0.0000209 | Grad norm: 0.268483 | Time: 10s298ms
Epoch: 028 | Test Loss: 0.0043179 | Time: 525ms
==> Save the model at epoch 028 with test loss 0.0043179
Epoch: 029 | Loss: 0.0043119 | L2 loss: 0.0042912 | Lip loss: 0.0000207 | Grad norm: 0.261385 | Time: 9s829ms
Epoch: 029 | Test Loss: 0.0043179 | Time: 595ms
==> Save the model at epoch 029 with test loss 0.0043179
Epoch: 030 | Loss: 0.0043137 | L2 loss: 0.0042929 | Lip loss: 0.0000208 | Grad norm: 0.273979 | Time: 10s21ms
Epoch: 030 | Test Loss: 0.0043179 | Time: 522ms
==> Save the model at epoch 030 with test loss 0.0043179
Epoch: 031 | Loss: 0.0043142 | L2 loss: 0.0042934 | Lip loss: 0.0000208 | Grad norm: 0.263885 | Time: 10s75ms
Epoch: 031 | Test Loss: 0.0043179 | Time: 550ms
==> Save the model at epoch 031 with test loss 0.0043179
Epoch: 032 | Loss: 0.0043138 | L2 loss: 0.0042930 | Lip loss: 0.0000208 | Grad norm: 0.274244 | Time: 9s998ms
Epoch: 032 | Test Loss: 0.0043179 | Time: 525ms
Epoch: 033 | Loss: 0.0043096 | L2 loss: 0.0042889 | Lip loss: 0.0000208 | Grad norm: 0.269929 | Time: 9s990ms
Epoch: 033 | Test Loss: 0.0043179 | Time: 550ms
Epoch: 034 | Loss: 0.0043116 | L2 loss: 0.0042909 | Lip loss: 0.0000207 | Grad norm: 0.276101 | Time: 10s10ms
Epoch: 034 | Test Loss: 0.0043179 | Time: 545ms
Epoch: 035 | Loss: 0.0043153 | L2 loss: 0.0042945 | Lip loss: 0.0000208 | Grad norm: 0.267835 | Time: 10s267ms
Epoch: 035 | Test Loss: 0.0043179 | Time: 551ms
Epoch: 036 | Loss: 0.0043175 | L2 loss: 0.0042968 | Lip loss: 0.0000207 | Grad norm: 0.269784 | Time: 10s558ms
Epoch: 036 | Test Loss: 0.0043179 | Time: 527ms
Epoch: 037 | Loss: 0.0043117 | L2 loss: 0.0042910 | Lip loss: 0.0000208 | Grad norm: 0.288909 | Time: 10s150ms
Epoch: 037 | Test Loss: 0.0043179 | Time: 533ms
Epoch: 038 | Loss: 0.0043086 | L2 loss: 0.0042879 | Lip loss: 0.0000207 | Grad norm: 0.274957 | Time: 10s377ms
Epoch: 038 | Test Loss: 0.0043179 | Time: 608ms
Epoch: 039 | Loss: 0.0043131 | L2 loss: 0.0042923 | Lip loss: 0.0000208 | Grad norm: 0.256127 | Time: 10s367ms
Epoch: 039 | Test Loss: 0.0043179 | Time: 529ms
Epoch: 040 | Loss: 0.0043181 | L2 loss: 0.0042972 | Lip loss: 0.0000209 | Grad norm: 0.292118 | Time: 10s647ms
Epoch: 040 | Test Loss: 0.0043179 | Time: 527ms
Total time: 7m6s
==> Saving trained model weights...
==> Input bias to be applied to the neural network (trained):
[0. 0.]
==> Input transform to be applied to the neural network (trained):
[1. 1.]
==> Output transform to be applied to the neural network (trained):
[1. 1.]
==> Saving training info...
==> Drawing training loss...
==> Drawing grad norm...
==> Drawing testing loss...
==> Drawing l2 loss...
==> Drawing lip loss...
==> Process finished.
