==> torch device:  cuda:0
==> Test-Train split: test_ratio = 0.20
==> Test-Train split seed:  None
==> Further split: further_train_ratio = 1.00
==> Further split seed:  None
==> Input bias to be applied to the neural network:
[0. 0.]
==> Input transform to be applied to the neural network:
[1. 1.]
==> Ouput transform to be applied to the neural network:
[1. 1.]
==> Evaluating model...
==========================================================================================
Layer (type:depth-idx)                   Output Shape              Param #
==========================================================================================
NeuralNetwork                            [1, 2]                    6
├─Sequential: 1-1                        [1, 2]                    --
│    └─Linear: 2-1                       [1, 64]                   192
│    └─LeakyReLU: 2-2                    [1, 64]                   --
│    └─Linear: 2-3                       [1, 64]                   4,160
│    └─LeakyReLU: 2-4                    [1, 64]                   --
│    └─Linear: 2-5                       [1, 64]                   4,160
│    └─LeakyReLU: 2-6                    [1, 64]                   --
│    └─Linear: 2-7                       [1, 64]                   4,160
│    └─LeakyReLU: 2-8                    [1, 64]                   --
│    └─Linear: 2-9                       [1, 64]                   4,160
│    └─LeakyReLU: 2-10                   [1, 64]                   --
│    └─Linear: 2-11                      [1, 64]                   4,160
│    └─LeakyReLU: 2-12                   [1, 64]                   --
│    └─Linear: 2-13                      [1, 64]                   4,160
│    └─LeakyReLU: 2-14                   [1, 64]                   --
│    └─Linear: 2-15                      [1, 2]                    130
==========================================================================================
Total params: 25,288
Trainable params: 25,282
Non-trainable params: 6
Total mult-adds (Units.MEGABYTES): 0.03
==========================================================================================
Input size (MB): 0.00
Forward/backward pass size (MB): 0.00
Params size (MB): 0.10
Estimated Total Size (MB): 0.10
==========================================================================================
==> Saving initial model weights...
==> Start training...
Epoch: 001 | Loss: 12.6589312 | L2 loss: 12.5543835 | Lip loss: 0.1045477 | Grad norm: 5.898645 | Time: 28s310ms
Epoch: 001 | Test Loss: 0.0762266 | Time: 367ms
==> Save the model at epoch 001 with test loss 0.0762266
Epoch: 002 | Loss: 0.2290259 | L2 loss: 0.0160144 | Lip loss: 0.2130115 | Grad norm: 2.322333 | Time: 27s866ms
Epoch: 002 | Test Loss: 0.0080937 | Time: 366ms
==> Save the model at epoch 002 with test loss 0.0080937
Epoch: 003 | Loss: 0.2131388 | L2 loss: 0.0071022 | Lip loss: 0.2060366 | Grad norm: 2.026887 | Time: 27s534ms
Epoch: 003 | Test Loss: 0.0061013 | Time: 380ms
==> Save the model at epoch 003 with test loss 0.0061013
Epoch: 004 | Loss: 0.2116169 | L2 loss: 0.0063698 | Lip loss: 0.2052471 | Grad norm: 2.063119 | Time: 28s309ms
Epoch: 004 | Test Loss: 0.0059546 | Time: 378ms
==> Save the model at epoch 004 with test loss 0.0059546
Epoch: 005 | Loss: 0.2099569 | L2 loss: 0.0056181 | Lip loss: 0.2043388 | Grad norm: 1.890843 | Time: 28s208ms
Epoch: 005 | Test Loss: 0.0072513 | Time: 361ms
Epoch: 006 | Loss: 0.2085379 | L2 loss: 0.0044221 | Lip loss: 0.2041158 | Grad norm: 1.188965 | Time: 27s843ms
Epoch: 006 | Test Loss: 0.0042329 | Time: 374ms
==> Save the model at epoch 006 with test loss 0.0042329
Epoch: 007 | Loss: 0.2078694 | L2 loss: 0.0042560 | Lip loss: 0.2036133 | Grad norm: 1.113437 | Time: 27s869ms
Epoch: 007 | Test Loss: 0.0042606 | Time: 389ms
Epoch: 008 | Loss: 0.2078125 | L2 loss: 0.0042403 | Lip loss: 0.2035722 | Grad norm: 1.076748 | Time: 27s896ms
Epoch: 008 | Test Loss: 0.0043214 | Time: 380ms
Epoch: 009 | Loss: 0.2080683 | L2 loss: 0.0041952 | Lip loss: 0.2038731 | Grad norm: 1.131606 | Time: 28s630ms
Epoch: 009 | Test Loss: 0.0041161 | Time: 368ms
==> Save the model at epoch 009 with test loss 0.0041161
Epoch: 010 | Loss: 0.2079617 | L2 loss: 0.0042145 | Lip loss: 0.2037473 | Grad norm: 1.120985 | Time: 28s66ms
Epoch: 010 | Test Loss: 0.0041429 | Time: 447ms
Epoch: 011 | Loss: 0.2077209 | L2 loss: 0.0040563 | Lip loss: 0.2036647 | Grad norm: 0.991825 | Time: 28s341ms
Epoch: 011 | Test Loss: 0.0039720 | Time: 366ms
==> Save the model at epoch 011 with test loss 0.0039720
Epoch: 012 | Loss: 0.2075688 | L2 loss: 0.0040511 | Lip loss: 0.2035177 | Grad norm: 0.956868 | Time: 28s574ms
Epoch: 012 | Test Loss: 0.0039869 | Time: 372ms
Epoch: 013 | Loss: 0.2075460 | L2 loss: 0.0040468 | Lip loss: 0.2034992 | Grad norm: 0.980337 | Time: 27s785ms
Epoch: 013 | Test Loss: 0.0039925 | Time: 371ms
Epoch: 014 | Loss: 0.2073644 | L2 loss: 0.0040380 | Lip loss: 0.2033264 | Grad norm: 0.964510 | Time: 27s757ms
Epoch: 014 | Test Loss: 0.0039884 | Time: 376ms
Epoch: 015 | Loss: 0.2075060 | L2 loss: 0.0040470 | Lip loss: 0.2034590 | Grad norm: 0.985487 | Time: 28s4ms
Epoch: 015 | Test Loss: 0.0039372 | Time: 364ms
==> Save the model at epoch 015 with test loss 0.0039372
Epoch: 016 | Loss: 0.2074244 | L2 loss: 0.0040117 | Lip loss: 0.2034127 | Grad norm: 0.953032 | Time: 27s840ms
Epoch: 016 | Test Loss: 0.0039595 | Time: 370ms
Epoch: 017 | Loss: 0.2074742 | L2 loss: 0.0040208 | Lip loss: 0.2034534 | Grad norm: 0.984338 | Time: 27s857ms
Epoch: 017 | Test Loss: 0.0039545 | Time: 377ms
Epoch: 018 | Loss: 0.2073792 | L2 loss: 0.0040126 | Lip loss: 0.2033665 | Grad norm: 0.940694 | Time: 28s40ms
Epoch: 018 | Test Loss: 0.0039508 | Time: 357ms
Epoch: 019 | Loss: 0.2077479 | L2 loss: 0.0040125 | Lip loss: 0.2037353 | Grad norm: 0.984983 | Time: 27s679ms
Epoch: 019 | Test Loss: 0.0039530 | Time: 360ms
Epoch: 020 | Loss: 0.2075875 | L2 loss: 0.0040135 | Lip loss: 0.2035740 | Grad norm: 0.957631 | Time: 28s22ms
Epoch: 020 | Test Loss: 0.0039428 | Time: 364ms
Epoch: 021 | Loss: 0.2074161 | L2 loss: 0.0040084 | Lip loss: 0.2034077 | Grad norm: 0.971758 | Time: 27s990ms
Epoch: 021 | Test Loss: 0.0039460 | Time: 364ms
Epoch: 022 | Loss: 0.2073849 | L2 loss: 0.0040084 | Lip loss: 0.2033765 | Grad norm: 0.966282 | Time: 28s20ms
Epoch: 022 | Test Loss: 0.0039459 | Time: 360ms
Epoch: 023 | Loss: 0.2075328 | L2 loss: 0.0040115 | Lip loss: 0.2035213 | Grad norm: 0.959159 | Time: 27s531ms
Epoch: 023 | Test Loss: 0.0039480 | Time: 363ms
Epoch: 024 | Loss: 0.2076223 | L2 loss: 0.0040121 | Lip loss: 0.2036101 | Grad norm: 0.957021 | Time: 28s2ms
Epoch: 024 | Test Loss: 0.0039486 | Time: 434ms
Epoch: 025 | Loss: 0.2074049 | L2 loss: 0.0040119 | Lip loss: 0.2033930 | Grad norm: 0.961433 | Time: 27s831ms
Epoch: 025 | Test Loss: 0.0039489 | Time: 371ms
Epoch: 026 | Loss: 0.2074870 | L2 loss: 0.0040122 | Lip loss: 0.2034748 | Grad norm: 0.938071 | Time: 27s439ms
Epoch: 026 | Test Loss: 0.0039489 | Time: 364ms
Epoch: 027 | Loss: 0.2074698 | L2 loss: 0.0040117 | Lip loss: 0.2034581 | Grad norm: 0.962376 | Time: 27s983ms
Epoch: 027 | Test Loss: 0.0039489 | Time: 375ms
Epoch: 028 | Loss: 0.2076317 | L2 loss: 0.0040113 | Lip loss: 0.2036204 | Grad norm: 0.952976 | Time: 28s135ms
Epoch: 028 | Test Loss: 0.0039489 | Time: 370ms
Epoch: 029 | Loss: 0.2074209 | L2 loss: 0.0040128 | Lip loss: 0.2034080 | Grad norm: 0.936746 | Time: 28s156ms
Epoch: 029 | Test Loss: 0.0039489 | Time: 373ms
Epoch: 030 | Loss: 0.2073380 | L2 loss: 0.0040124 | Lip loss: 0.2033256 | Grad norm: 0.949951 | Time: 27s795ms
Epoch: 030 | Test Loss: 0.0039489 | Time: 379ms
Epoch: 031 | Loss: 0.2074426 | L2 loss: 0.0040117 | Lip loss: 0.2034310 | Grad norm: 0.994169 | Time: 28s242ms
Epoch: 031 | Test Loss: 0.0039489 | Time: 445ms
Epoch: 032 | Loss: 0.2073746 | L2 loss: 0.0040124 | Lip loss: 0.2033622 | Grad norm: 0.981037 | Time: 28s431ms
Epoch: 032 | Test Loss: 0.0039489 | Time: 367ms
Epoch: 033 | Loss: 0.2073066 | L2 loss: 0.0040119 | Lip loss: 0.2032947 | Grad norm: 0.958359 | Time: 28s340ms
Epoch: 033 | Test Loss: 0.0039489 | Time: 366ms
Epoch: 034 | Loss: 0.2074435 | L2 loss: 0.0040121 | Lip loss: 0.2034314 | Grad norm: 0.962938 | Time: 28s76ms
Epoch: 034 | Test Loss: 0.0039489 | Time: 364ms
Epoch: 035 | Loss: 0.2077862 | L2 loss: 0.0040135 | Lip loss: 0.2037727 | Grad norm: 0.999546 | Time: 28s550ms
Epoch: 035 | Test Loss: 0.0039489 | Time: 363ms
Epoch: 036 | Loss: 0.2075396 | L2 loss: 0.0040122 | Lip loss: 0.2035274 | Grad norm: 0.991673 | Time: 28s420ms
Epoch: 036 | Test Loss: 0.0039489 | Time: 360ms
Epoch: 037 | Loss: 0.2077358 | L2 loss: 0.0040107 | Lip loss: 0.2037251 | Grad norm: 0.982951 | Time: 28s256ms
Epoch: 037 | Test Loss: 0.0039489 | Time: 366ms
Epoch: 038 | Loss: 0.2075013 | L2 loss: 0.0040120 | Lip loss: 0.2034893 | Grad norm: 0.973960 | Time: 28s142ms
Epoch: 038 | Test Loss: 0.0039489 | Time: 375ms
Epoch: 039 | Loss: 0.2074800 | L2 loss: 0.0040116 | Lip loss: 0.2034684 | Grad norm: 0.999108 | Time: 28s946ms
Epoch: 039 | Test Loss: 0.0039489 | Time: 371ms
Epoch: 040 | Loss: 0.2073674 | L2 loss: 0.0040123 | Lip loss: 0.2033551 | Grad norm: 0.943158 | Time: 28s307ms
Epoch: 040 | Test Loss: 0.0039489 | Time: 368ms
Total time: 18m58s
==> Saving trained model weights...
==> Input bias to be applied to the neural network (trained):
[0. 0.]
==> Input transform to be applied to the neural network (trained):
[1. 1.]
==> Output transform to be applied to the neural network (trained):
[1. 1.]
==> Saving training info...
==> Drawing training loss...
==> Drawing grad norm...
==> Drawing testing loss...
==> Drawing l2 loss...
==> Drawing lip loss...
==> Process finished.
