==> torch device:  cuda:2
==> Test-Train split: test_ratio = 0.20
==> Test-Train split seed:  None
==> Further split: further_train_ratio = 1.00
==> Further split seed:  None
==> Input bias to be applied to the neural network:
[0. 0.]
==> Input transform to be applied to the neural network:
[1. 1.]
==> Ouput transform to be applied to the neural network:
[1. 1.]
==> Evaluating model...
==========================================================================================
Layer (type:depth-idx)                   Output Shape              Param #
==========================================================================================
NeuralNetwork                            [1, 2]                    6
├─Sequential: 1-1                        [1, 2]                    --
│    └─Linear: 2-1                       [1, 64]                   192
│    └─LeakyReLU: 2-2                    [1, 64]                   --
│    └─Linear: 2-3                       [1, 64]                   4,160
│    └─LeakyReLU: 2-4                    [1, 64]                   --
│    └─Linear: 2-5                       [1, 64]                   4,160
│    └─LeakyReLU: 2-6                    [1, 64]                   --
│    └─Linear: 2-7                       [1, 64]                   4,160
│    └─LeakyReLU: 2-8                    [1, 64]                   --
│    └─Linear: 2-9                       [1, 64]                   4,160
│    └─LeakyReLU: 2-10                   [1, 64]                   --
│    └─Linear: 2-11                      [1, 64]                   4,160
│    └─LeakyReLU: 2-12                   [1, 64]                   --
│    └─Linear: 2-13                      [1, 64]                   4,160
│    └─LeakyReLU: 2-14                   [1, 64]                   --
│    └─Linear: 2-15                      [1, 2]                    130
==========================================================================================
Total params: 25,288
Trainable params: 25,282
Non-trainable params: 6
Total mult-adds (Units.MEGABYTES): 0.03
==========================================================================================
Input size (MB): 0.00
Forward/backward pass size (MB): 0.00
Params size (MB): 0.10
Estimated Total Size (MB): 0.10
==========================================================================================
==> Saving initial model weights...
==> Start training...
Epoch: 001 | Loss: 11.7639884 | L2 loss: 11.7629226 | Lip loss: 0.0010658 | Grad norm: 5.921991 | Time: 28s269ms
Epoch: 001 | Test Loss: 0.0718975 | Time: 430ms
==> Save the model at epoch 001 with test loss 0.0718975
Epoch: 002 | Loss: 0.0147440 | L2 loss: 0.0125443 | Lip loss: 0.0021997 | Grad norm: 1.371072 | Time: 28s465ms
Epoch: 002 | Test Loss: 0.0026499 | Time: 365ms
==> Save the model at epoch 002 with test loss 0.0026499
Epoch: 003 | Loss: 0.0040459 | L2 loss: 0.0019578 | Lip loss: 0.0020881 | Grad norm: 0.770462 | Time: 27s937ms
Epoch: 003 | Test Loss: 0.0017174 | Time: 367ms
==> Save the model at epoch 003 with test loss 0.0017174
Epoch: 004 | Loss: 0.0034880 | L2 loss: 0.0014223 | Lip loss: 0.0020657 | Grad norm: 0.678227 | Time: 28s53ms
Epoch: 004 | Test Loss: 0.0011605 | Time: 370ms
==> Save the model at epoch 004 with test loss 0.0011605
Epoch: 005 | Loss: 0.0033156 | L2 loss: 0.0012582 | Lip loss: 0.0020574 | Grad norm: 0.699370 | Time: 29s27ms
Epoch: 005 | Test Loss: 0.0013462 | Time: 363ms
Epoch: 006 | Loss: 0.0030677 | L2 loss: 0.0010111 | Lip loss: 0.0020566 | Grad norm: 0.194910 | Time: 28s279ms
Epoch: 006 | Test Loss: 0.0010135 | Time: 375ms
==> Save the model at epoch 006 with test loss 0.0010135
Epoch: 007 | Loss: 0.0030533 | L2 loss: 0.0009985 | Lip loss: 0.0020548 | Grad norm: 0.198358 | Time: 28s439ms
Epoch: 007 | Test Loss: 0.0010097 | Time: 372ms
==> Save the model at epoch 007 with test loss 0.0010097
Epoch: 008 | Loss: 0.0030387 | L2 loss: 0.0009864 | Lip loss: 0.0020522 | Grad norm: 0.183459 | Time: 28s63ms
Epoch: 008 | Test Loss: 0.0010121 | Time: 365ms
Epoch: 009 | Loss: 0.0030278 | L2 loss: 0.0009765 | Lip loss: 0.0020514 | Grad norm: 0.195509 | Time: 28s22ms
Epoch: 009 | Test Loss: 0.0009728 | Time: 383ms
==> Save the model at epoch 009 with test loss 0.0009728
Epoch: 010 | Loss: 0.0030221 | L2 loss: 0.0009678 | Lip loss: 0.0020543 | Grad norm: 0.214528 | Time: 27s872ms
Epoch: 010 | Test Loss: 0.0009610 | Time: 442ms
==> Save the model at epoch 010 with test loss 0.0009610
Epoch: 011 | Loss: 0.0030012 | L2 loss: 0.0009480 | Lip loss: 0.0020533 | Grad norm: 0.140575 | Time: 27s684ms
Epoch: 011 | Test Loss: 0.0009551 | Time: 364ms
==> Save the model at epoch 011 with test loss 0.0009551
Epoch: 012 | Loss: 0.0029963 | L2 loss: 0.0009457 | Lip loss: 0.0020505 | Grad norm: 0.136028 | Time: 27s697ms
Epoch: 012 | Test Loss: 0.0009527 | Time: 374ms
==> Save the model at epoch 012 with test loss 0.0009527
Epoch: 013 | Loss: 0.0029968 | L2 loss: 0.0009449 | Lip loss: 0.0020519 | Grad norm: 0.136690 | Time: 28s677ms
Epoch: 013 | Test Loss: 0.0009521 | Time: 374ms
==> Save the model at epoch 013 with test loss 0.0009521
Epoch: 014 | Loss: 0.0029975 | L2 loss: 0.0009434 | Lip loss: 0.0020541 | Grad norm: 0.139991 | Time: 28s468ms
Epoch: 014 | Test Loss: 0.0009481 | Time: 369ms
==> Save the model at epoch 014 with test loss 0.0009481
Epoch: 015 | Loss: 0.0029942 | L2 loss: 0.0009421 | Lip loss: 0.0020521 | Grad norm: 0.138765 | Time: 28s84ms
Epoch: 015 | Test Loss: 0.0009497 | Time: 369ms
Epoch: 016 | Loss: 0.0029900 | L2 loss: 0.0009389 | Lip loss: 0.0020511 | Grad norm: 0.129545 | Time: 27s857ms
Epoch: 016 | Test Loss: 0.0009455 | Time: 369ms
==> Save the model at epoch 016 with test loss 0.0009455
Epoch: 017 | Loss: 0.0029916 | L2 loss: 0.0009387 | Lip loss: 0.0020529 | Grad norm: 0.124363 | Time: 28s299ms
Epoch: 017 | Test Loss: 0.0009451 | Time: 374ms
==> Save the model at epoch 017 with test loss 0.0009451
Epoch: 018 | Loss: 0.0029888 | L2 loss: 0.0009387 | Lip loss: 0.0020501 | Grad norm: 0.132864 | Time: 28s130ms
Epoch: 018 | Test Loss: 0.0009459 | Time: 372ms
Epoch: 019 | Loss: 0.0029891 | L2 loss: 0.0009380 | Lip loss: 0.0020511 | Grad norm: 0.126008 | Time: 28s348ms
Epoch: 019 | Test Loss: 0.0009448 | Time: 365ms
==> Save the model at epoch 019 with test loss 0.0009448
Epoch: 020 | Loss: 0.0029917 | L2 loss: 0.0009380 | Lip loss: 0.0020537 | Grad norm: 0.126150 | Time: 28s903ms
Epoch: 020 | Test Loss: 0.0009441 | Time: 376ms
==> Save the model at epoch 020 with test loss 0.0009441
Epoch: 021 | Loss: 0.0029903 | L2 loss: 0.0009374 | Lip loss: 0.0020528 | Grad norm: 0.126106 | Time: 28s548ms
Epoch: 021 | Test Loss: 0.0009440 | Time: 373ms
==> Save the model at epoch 021 with test loss 0.0009440
Epoch: 022 | Loss: 0.0029892 | L2 loss: 0.0009376 | Lip loss: 0.0020516 | Grad norm: 0.116730 | Time: 28s620ms
Epoch: 022 | Test Loss: 0.0009440 | Time: 370ms
==> Save the model at epoch 022 with test loss 0.0009440
Epoch: 023 | Loss: 0.0029876 | L2 loss: 0.0009375 | Lip loss: 0.0020501 | Grad norm: 0.119773 | Time: 28s987ms
Epoch: 023 | Test Loss: 0.0009440 | Time: 375ms
==> Save the model at epoch 023 with test loss 0.0009440
Epoch: 024 | Loss: 0.0029915 | L2 loss: 0.0009376 | Lip loss: 0.0020538 | Grad norm: 0.123766 | Time: 27s985ms
Epoch: 024 | Test Loss: 0.0009440 | Time: 440ms
==> Save the model at epoch 024 with test loss 0.0009440
Epoch: 025 | Loss: 0.0029902 | L2 loss: 0.0009376 | Lip loss: 0.0020526 | Grad norm: 0.124117 | Time: 28s
Epoch: 025 | Test Loss: 0.0009440 | Time: 382ms
Epoch: 026 | Loss: 0.0029901 | L2 loss: 0.0009375 | Lip loss: 0.0020526 | Grad norm: 0.121591 | Time: 28s535ms
Epoch: 026 | Test Loss: 0.0009440 | Time: 371ms
Epoch: 027 | Loss: 0.0029891 | L2 loss: 0.0009376 | Lip loss: 0.0020515 | Grad norm: 0.121582 | Time: 28s484ms
Epoch: 027 | Test Loss: 0.0009440 | Time: 375ms
Epoch: 028 | Loss: 0.0029899 | L2 loss: 0.0009375 | Lip loss: 0.0020524 | Grad norm: 0.120711 | Time: 27s774ms
Epoch: 028 | Test Loss: 0.0009440 | Time: 371ms
Epoch: 029 | Loss: 0.0029913 | L2 loss: 0.0009377 | Lip loss: 0.0020536 | Grad norm: 0.120073 | Time: 28s236ms
Epoch: 029 | Test Loss: 0.0009440 | Time: 370ms
Epoch: 030 | Loss: 0.0029887 | L2 loss: 0.0009375 | Lip loss: 0.0020512 | Grad norm: 0.125230 | Time: 28s453ms
Epoch: 030 | Test Loss: 0.0009440 | Time: 360ms
Epoch: 031 | Loss: 0.0029904 | L2 loss: 0.0009374 | Lip loss: 0.0020530 | Grad norm: 0.126161 | Time: 28s308ms
Epoch: 031 | Test Loss: 0.0009440 | Time: 436ms
Epoch: 032 | Loss: 0.0029906 | L2 loss: 0.0009374 | Lip loss: 0.0020532 | Grad norm: 0.126030 | Time: 27s813ms
Epoch: 032 | Test Loss: 0.0009440 | Time: 370ms
Epoch: 033 | Loss: 0.0029899 | L2 loss: 0.0009375 | Lip loss: 0.0020524 | Grad norm: 0.127416 | Time: 28s986ms
Epoch: 033 | Test Loss: 0.0009440 | Time: 361ms
Epoch: 034 | Loss: 0.0029899 | L2 loss: 0.0009374 | Lip loss: 0.0020525 | Grad norm: 0.122026 | Time: 28s697ms
Epoch: 034 | Test Loss: 0.0009440 | Time: 369ms
Epoch: 035 | Loss: 0.0029916 | L2 loss: 0.0009376 | Lip loss: 0.0020540 | Grad norm: 0.121090 | Time: 28s453ms
Epoch: 035 | Test Loss: 0.0009440 | Time: 373ms
Epoch: 036 | Loss: 0.0029893 | L2 loss: 0.0009373 | Lip loss: 0.0020521 | Grad norm: 0.121094 | Time: 28s174ms
Epoch: 036 | Test Loss: 0.0009440 | Time: 361ms
Epoch: 037 | Loss: 0.0029898 | L2 loss: 0.0009379 | Lip loss: 0.0020519 | Grad norm: 0.123693 | Time: 28s692ms
Epoch: 037 | Test Loss: 0.0009440 | Time: 368ms
Epoch: 038 | Loss: 0.0029900 | L2 loss: 0.0009376 | Lip loss: 0.0020523 | Grad norm: 0.118607 | Time: 28s816ms
Epoch: 038 | Test Loss: 0.0009440 | Time: 374ms
Epoch: 039 | Loss: 0.0029894 | L2 loss: 0.0009377 | Lip loss: 0.0020517 | Grad norm: 0.121428 | Time: 28s515ms
Epoch: 039 | Test Loss: 0.0009440 | Time: 361ms
Epoch: 040 | Loss: 0.0029892 | L2 loss: 0.0009374 | Lip loss: 0.0020517 | Grad norm: 0.122292 | Time: 28s199ms
Epoch: 040 | Test Loss: 0.0009440 | Time: 366ms
Total time: 19m7s
==> Saving trained model weights...
==> Input bias to be applied to the neural network (trained):
[0. 0.]
==> Input transform to be applied to the neural network (trained):
[1. 1.]
==> Output transform to be applied to the neural network (trained):
[1. 1.]
==> Saving training info...
==> Drawing training loss...
==> Drawing grad norm...
==> Drawing testing loss...
==> Drawing l2 loss...
==> Drawing lip loss...
==> Process finished.
