==> torch device:  cuda:2
==> Test-Train split: test_ratio = 0.20
==> Test-Train split seed:  None
==> Further split: further_train_ratio = 0.50
==> Further split seed:  None
==> Input bias to be applied to the neural network:
[0. 0.]
==> Input transform to be applied to the neural network:
[1. 1.]
==> Ouput transform to be applied to the neural network:
[1. 1.]
==> Evaluating model...
==========================================================================================
Layer (type:depth-idx)                   Output Shape              Param #
==========================================================================================
NeuralNetwork                            [1, 2]                    6
├─Sequential: 1-1                        [1, 2]                    --
│    └─Linear: 2-1                       [1, 64]                   192
│    └─LeakyReLU: 2-2                    [1, 64]                   --
│    └─Linear: 2-3                       [1, 64]                   4,160
│    └─LeakyReLU: 2-4                    [1, 64]                   --
│    └─Linear: 2-5                       [1, 64]                   4,160
│    └─LeakyReLU: 2-6                    [1, 64]                   --
│    └─Linear: 2-7                       [1, 64]                   4,160
│    └─LeakyReLU: 2-8                    [1, 64]                   --
│    └─Linear: 2-9                       [1, 64]                   4,160
│    └─LeakyReLU: 2-10                   [1, 64]                   --
│    └─Linear: 2-11                      [1, 64]                   4,160
│    └─LeakyReLU: 2-12                   [1, 64]                   --
│    └─Linear: 2-13                      [1, 64]                   4,160
│    └─LeakyReLU: 2-14                   [1, 64]                   --
│    └─Linear: 2-15                      [1, 2]                    130
==========================================================================================
Total params: 25,288
Trainable params: 25,282
Non-trainable params: 6
Total mult-adds (Units.MEGABYTES): 0.03
==========================================================================================
Input size (MB): 0.00
Forward/backward pass size (MB): 0.00
Params size (MB): 0.10
Estimated Total Size (MB): 0.10
==========================================================================================
==> Saving initial model weights...
==> Start training...
Epoch: 001 | Loss: 17.4632430 | L2 loss: 17.4632430 | Lip loss: 0.0000000 | Grad norm: 5.866313 | Time: 20s761ms
Epoch: 001 | Test Loss: 6.7651090 | Time: 600ms
==> Save the model at epoch 001 with test loss 6.7651090
Epoch: 002 | Loss: 0.8422562 | L2 loss: 0.8422562 | Lip loss: 0.0000000 | Grad norm: 5.053338 | Time: 20s692ms
Epoch: 002 | Test Loss: 0.0093803 | Time: 682ms
==> Save the model at epoch 002 with test loss 0.0093803
Epoch: 003 | Loss: 0.0057386 | L2 loss: 0.0057386 | Lip loss: 0.0000000 | Grad norm: 1.254203 | Time: 20s945ms
Epoch: 003 | Test Loss: 0.0050276 | Time: 539ms
==> Save the model at epoch 003 with test loss 0.0050276
Epoch: 004 | Loss: 0.0043226 | L2 loss: 0.0043226 | Lip loss: 0.0000000 | Grad norm: 1.124454 | Time: 20s715ms
Epoch: 004 | Test Loss: 0.0037282 | Time: 611ms
==> Save the model at epoch 004 with test loss 0.0037282
Epoch: 005 | Loss: 0.0038968 | L2 loss: 0.0038968 | Lip loss: 0.0000000 | Grad norm: 1.006287 | Time: 20s493ms
Epoch: 005 | Test Loss: 0.0036058 | Time: 533ms
==> Save the model at epoch 005 with test loss 0.0036058
Epoch: 006 | Loss: 0.0034580 | L2 loss: 0.0034580 | Lip loss: 0.0000000 | Grad norm: 0.345703 | Time: 20s379ms
Epoch: 006 | Test Loss: 0.0034674 | Time: 546ms
==> Save the model at epoch 006 with test loss 0.0034674
Epoch: 007 | Loss: 0.0034460 | L2 loss: 0.0034460 | Lip loss: 0.0000000 | Grad norm: 0.383485 | Time: 20s385ms
Epoch: 007 | Test Loss: 0.0034639 | Time: 531ms
==> Save the model at epoch 007 with test loss 0.0034639
Epoch: 008 | Loss: 0.0034193 | L2 loss: 0.0034192 | Lip loss: 0.0000000 | Grad norm: 0.346436 | Time: 20s788ms
Epoch: 008 | Test Loss: 0.0034132 | Time: 534ms
==> Save the model at epoch 008 with test loss 0.0034132
Epoch: 009 | Loss: 0.0034039 | L2 loss: 0.0034039 | Lip loss: 0.0000000 | Grad norm: 0.346145 | Time: 20s489ms
Epoch: 009 | Test Loss: 0.0033910 | Time: 530ms
==> Save the model at epoch 009 with test loss 0.0033910
Epoch: 010 | Loss: 0.0033902 | L2 loss: 0.0033902 | Lip loss: 0.0000000 | Grad norm: 0.370174 | Time: 20s952ms
Epoch: 010 | Test Loss: 0.0033697 | Time: 533ms
==> Save the model at epoch 010 with test loss 0.0033697
Epoch: 011 | Loss: 0.0033503 | L2 loss: 0.0033503 | Lip loss: 0.0000000 | Grad norm: 0.257249 | Time: 20s243ms
Epoch: 011 | Test Loss: 0.0033661 | Time: 538ms
==> Save the model at epoch 011 with test loss 0.0033661
Epoch: 012 | Loss: 0.0033475 | L2 loss: 0.0033475 | Lip loss: 0.0000000 | Grad norm: 0.249787 | Time: 20s704ms
Epoch: 012 | Test Loss: 0.0033645 | Time: 526ms
==> Save the model at epoch 012 with test loss 0.0033645
Epoch: 013 | Loss: 0.0033456 | L2 loss: 0.0033456 | Lip loss: 0.0000000 | Grad norm: 0.245137 | Time: 20s842ms
Epoch: 013 | Test Loss: 0.0033613 | Time: 532ms
==> Save the model at epoch 013 with test loss 0.0033613
Epoch: 014 | Loss: 0.0033440 | L2 loss: 0.0033440 | Lip loss: 0.0000000 | Grad norm: 0.254746 | Time: 21s97ms
Epoch: 014 | Test Loss: 0.0033589 | Time: 606ms
==> Save the model at epoch 014 with test loss 0.0033589
Epoch: 015 | Loss: 0.0033425 | L2 loss: 0.0033425 | Lip loss: 0.0000000 | Grad norm: 0.256153 | Time: 20s498ms
Epoch: 015 | Test Loss: 0.0033670 | Time: 523ms
Epoch: 016 | Loss: 0.0033382 | L2 loss: 0.0033382 | Lip loss: 0.0000000 | Grad norm: 0.252656 | Time: 20s612ms
Epoch: 016 | Test Loss: 0.0033545 | Time: 529ms
==> Save the model at epoch 016 with test loss 0.0033545
Epoch: 017 | Loss: 0.0033367 | L2 loss: 0.0033367 | Lip loss: 0.0000000 | Grad norm: 0.234327 | Time: 21s195ms
Epoch: 017 | Test Loss: 0.0033547 | Time: 599ms
Epoch: 018 | Loss: 0.0033366 | L2 loss: 0.0033366 | Lip loss: 0.0000000 | Grad norm: 0.234133 | Time: 21s132ms
Epoch: 018 | Test Loss: 0.0033543 | Time: 535ms
==> Save the model at epoch 018 with test loss 0.0033543
Epoch: 019 | Loss: 0.0033364 | L2 loss: 0.0033364 | Lip loss: 0.0000000 | Grad norm: 0.244137 | Time: 20s643ms
Epoch: 019 | Test Loss: 0.0033541 | Time: 547ms
==> Save the model at epoch 019 with test loss 0.0033541
Epoch: 020 | Loss: 0.0033358 | L2 loss: 0.0033358 | Lip loss: 0.0000000 | Grad norm: 0.235061 | Time: 20s552ms
Epoch: 020 | Test Loss: 0.0033541 | Time: 539ms
==> Save the model at epoch 020 with test loss 0.0033541
Epoch: 021 | Loss: 0.0033356 | L2 loss: 0.0033356 | Lip loss: 0.0000000 | Grad norm: 0.232949 | Time: 20s551ms
Epoch: 021 | Test Loss: 0.0033536 | Time: 540ms
==> Save the model at epoch 021 with test loss 0.0033536
Epoch: 022 | Loss: 0.0033355 | L2 loss: 0.0033355 | Lip loss: 0.0000000 | Grad norm: 0.236113 | Time: 20s330ms
Epoch: 022 | Test Loss: 0.0033535 | Time: 527ms
==> Save the model at epoch 022 with test loss 0.0033535
Epoch: 023 | Loss: 0.0033351 | L2 loss: 0.0033351 | Lip loss: 0.0000000 | Grad norm: 0.241766 | Time: 20s543ms
Epoch: 023 | Test Loss: 0.0033535 | Time: 545ms
==> Save the model at epoch 023 with test loss 0.0033535
Epoch: 024 | Loss: 0.0033353 | L2 loss: 0.0033352 | Lip loss: 0.0000000 | Grad norm: 0.244122 | Time: 20s379ms
Epoch: 024 | Test Loss: 0.0033535 | Time: 537ms
Epoch: 025 | Loss: 0.0033353 | L2 loss: 0.0033353 | Lip loss: 0.0000000 | Grad norm: 0.228196 | Time: 20s534ms
Epoch: 025 | Test Loss: 0.0033534 | Time: 537ms
==> Save the model at epoch 025 with test loss 0.0033534
Epoch: 026 | Loss: 0.0033351 | L2 loss: 0.0033351 | Lip loss: 0.0000000 | Grad norm: 0.231574 | Time: 20s796ms
Epoch: 026 | Test Loss: 0.0033534 | Time: 524ms
==> Save the model at epoch 026 with test loss 0.0033534
Epoch: 027 | Loss: 0.0033354 | L2 loss: 0.0033353 | Lip loss: 0.0000000 | Grad norm: 0.232779 | Time: 20s597ms
Epoch: 027 | Test Loss: 0.0033534 | Time: 603ms
Epoch: 028 | Loss: 0.0033350 | L2 loss: 0.0033350 | Lip loss: 0.0000000 | Grad norm: 0.247714 | Time: 20s456ms
Epoch: 028 | Test Loss: 0.0033534 | Time: 533ms
==> Save the model at epoch 028 with test loss 0.0033534
Epoch: 029 | Loss: 0.0033351 | L2 loss: 0.0033351 | Lip loss: 0.0000000 | Grad norm: 0.227578 | Time: 20s358ms
Epoch: 029 | Test Loss: 0.0033534 | Time: 545ms
==> Save the model at epoch 029 with test loss 0.0033534
Epoch: 030 | Loss: 0.0033352 | L2 loss: 0.0033352 | Lip loss: 0.0000000 | Grad norm: 0.225767 | Time: 20s385ms
Epoch: 030 | Test Loss: 0.0033534 | Time: 597ms
==> Save the model at epoch 030 with test loss 0.0033534
Epoch: 031 | Loss: 0.0033349 | L2 loss: 0.0033349 | Lip loss: 0.0000000 | Grad norm: 0.235755 | Time: 20s117ms
Epoch: 031 | Test Loss: 0.0033534 | Time: 524ms
Epoch: 032 | Loss: 0.0033352 | L2 loss: 0.0033352 | Lip loss: 0.0000000 | Grad norm: 0.219385 | Time: 20s455ms
Epoch: 032 | Test Loss: 0.0033534 | Time: 519ms
Epoch: 033 | Loss: 0.0033352 | L2 loss: 0.0033352 | Lip loss: 0.0000000 | Grad norm: 0.229176 | Time: 20s592ms
Epoch: 033 | Test Loss: 0.0033534 | Time: 524ms
Epoch: 034 | Loss: 0.0033352 | L2 loss: 0.0033351 | Lip loss: 0.0000000 | Grad norm: 0.232568 | Time: 20s295ms
Epoch: 034 | Test Loss: 0.0033534 | Time: 533ms
Epoch: 035 | Loss: 0.0033353 | L2 loss: 0.0033353 | Lip loss: 0.0000000 | Grad norm: 0.232324 | Time: 20s650ms
Epoch: 035 | Test Loss: 0.0033534 | Time: 533ms
Epoch: 036 | Loss: 0.0033351 | L2 loss: 0.0033351 | Lip loss: 0.0000000 | Grad norm: 0.222808 | Time: 20s180ms
Epoch: 036 | Test Loss: 0.0033534 | Time: 543ms
Epoch: 037 | Loss: 0.0033350 | L2 loss: 0.0033349 | Lip loss: 0.0000000 | Grad norm: 0.232467 | Time: 20s457ms
Epoch: 037 | Test Loss: 0.0033534 | Time: 535ms
Epoch: 038 | Loss: 0.0033352 | L2 loss: 0.0033352 | Lip loss: 0.0000000 | Grad norm: 0.240611 | Time: 20s103ms
Epoch: 038 | Test Loss: 0.0033534 | Time: 526ms
Epoch: 039 | Loss: 0.0033351 | L2 loss: 0.0033351 | Lip loss: 0.0000000 | Grad norm: 0.232144 | Time: 20s38ms
Epoch: 039 | Test Loss: 0.0033534 | Time: 531ms
Epoch: 040 | Loss: 0.0033349 | L2 loss: 0.0033349 | Lip loss: 0.0000000 | Grad norm: 0.229341 | Time: 20s471ms
Epoch: 040 | Test Loss: 0.0033534 | Time: 528ms
Total time: 14m4s
==> Saving trained model weights...
==> Input bias to be applied to the neural network (trained):
[0. 0.]
==> Input transform to be applied to the neural network (trained):
[1. 1.]
==> Output transform to be applied to the neural network (trained):
[1. 1.]
==> Saving training info...
==> Drawing training loss...
==> Drawing grad norm...
==> Drawing testing loss...
==> Drawing l2 loss...
==> Drawing lip loss...
==> Process finished.
