==> torch device:  cuda:0
==> Test-Train split: test_ratio = 0.20
==> Test-Train split seed:  None
==> Further split: further_train_ratio = 0.25
==> Further split seed:  None
==> Input bias to be applied to the neural network:
[0. 0. 0. 0.]
==> Input transform to be applied to the neural network:
[0.7072636  0.72212595 0.6760411  0.67349136]
==> Ouput transform to be applied to the neural network:
[0.2287 0.2871]
==> Evaluating model...
==========================================================================================
Layer (type:depth-idx)                   Output Shape              Param #
==========================================================================================
NeuralNetwork                            [1, 2]                    10
├─Sequential: 1-1                        [1, 2]                    --
│    └─Linear: 2-1                       [1, 64]                   320
│    └─ReLU: 2-2                         [1, 64]                   --
│    └─Linear: 2-3                       [1, 64]                   4,160
│    └─ReLU: 2-4                         [1, 64]                   --
│    └─Linear: 2-5                       [1, 64]                   4,160
│    └─ReLU: 2-6                         [1, 64]                   --
│    └─Linear: 2-7                       [1, 64]                   4,160
│    └─ReLU: 2-8                         [1, 64]                   --
│    └─Linear: 2-9                       [1, 64]                   4,160
│    └─ReLU: 2-10                        [1, 64]                   --
│    └─Linear: 2-11                      [1, 64]                   4,160
│    └─ReLU: 2-12                        [1, 64]                   --
│    └─Linear: 2-13                      [1, 64]                   4,160
│    └─ReLU: 2-14                        [1, 64]                   --
│    └─Linear: 2-15                      [1, 2]                    130
├─Sequential: 1-2                        [1, 2]                    (recursive)
│    └─Linear: 2-16                      [1, 64]                   (recursive)
│    └─ReLU: 2-17                        [1, 64]                   --
│    └─Linear: 2-18                      [1, 64]                   (recursive)
│    └─ReLU: 2-19                        [1, 64]                   --
│    └─Linear: 2-20                      [1, 64]                   (recursive)
│    └─ReLU: 2-21                        [1, 64]                   --
│    └─Linear: 2-22                      [1, 64]                   (recursive)
│    └─ReLU: 2-23                        [1, 64]                   --
│    └─Linear: 2-24                      [1, 64]                   (recursive)
│    └─ReLU: 2-25                        [1, 64]                   --
│    └─Linear: 2-26                      [1, 64]                   (recursive)
│    └─ReLU: 2-27                        [1, 64]                   --
│    └─Linear: 2-28                      [1, 64]                   (recursive)
│    └─ReLU: 2-29                        [1, 64]                   --
│    └─Linear: 2-30                      [1, 2]                    (recursive)
==========================================================================================
Total params: 25,420
Trainable params: 25,410
Non-trainable params: 10
Total mult-adds (Units.MEGABYTES): 0.05
==========================================================================================
Input size (MB): 0.00
Forward/backward pass size (MB): 0.01
Params size (MB): 0.10
Estimated Total Size (MB): 0.11
==========================================================================================
==> Saving initial model weights...
==> Start training...
==> Number of param_groups in optimizer: 1
Epoch: 001 | Train Loss: 0.1327456 | Grad norm: 0.004000 | Time: 1s207ms
Epoch: 001 | Test Loss: 0.1351060 | Time: 514ms
==> Save the model at epoch 001 with test loss 0.1351060
Epoch: 002 | Train Loss: 0.0953525 | Grad norm: 0.025278 | Time: 1s53ms
Epoch: 002 | Test Loss: 0.0541614 | Time: 539ms
==> Save the model at epoch 002 with test loss 0.0541614
Epoch: 003 | Train Loss: 0.0527705 | Grad norm: 0.020954 | Time: 1s34ms
Epoch: 003 | Test Loss: 0.0538693 | Time: 599ms
==> Save the model at epoch 003 with test loss 0.0538693
Epoch: 004 | Train Loss: 0.0528671 | Grad norm: 0.026113 | Time: 1s40ms
Epoch: 004 | Test Loss: 0.0536585 | Time: 513ms
==> Save the model at epoch 004 with test loss 0.0536585
Epoch: 005 | Train Loss: 0.0526757 | Grad norm: 0.020717 | Time: 1s125ms
Epoch: 005 | Test Loss: 0.0535799 | Time: 522ms
==> Save the model at epoch 005 with test loss 0.0535799
Epoch: 006 | Train Loss: 0.0526140 | Grad norm: 0.023533 | Time: 1s146ms
Epoch: 006 | Test Loss: 0.0541854 | Time: 552ms
Epoch: 007 | Train Loss: 0.0528356 | Grad norm: 0.029845 | Time: 1s76ms
Epoch: 007 | Test Loss: 0.0537562 | Time: 580ms
Epoch: 008 | Train Loss: 0.0526827 | Grad norm: 0.024575 | Time: 1s122ms
Epoch: 008 | Test Loss: 0.0539736 | Time: 513ms
Epoch: 009 | Train Loss: 0.0533935 | Grad norm: 0.038361 | Time: 1s58ms
Epoch: 009 | Test Loss: 0.0538414 | Time: 529ms
Epoch: 010 | Train Loss: 0.0528110 | Grad norm: 0.023418 | Time: 1s108ms
Epoch: 010 | Test Loss: 0.0544403 | Time: 510ms
Epoch: 011 | Train Loss: 0.0527644 | Grad norm: 0.024372 | Time: 1s83ms
Epoch: 011 | Test Loss: 0.0539849 | Time: 596ms
Epoch: 012 | Train Loss: 0.0527174 | Grad norm: 0.023635 | Time: 1s177ms
Epoch: 012 | Test Loss: 0.0536056 | Time: 512ms
Epoch: 013 | Train Loss: 0.0526651 | Grad norm: 0.020741 | Time: 1s97ms
Epoch: 013 | Test Loss: 0.0536331 | Time: 529ms
Epoch: 014 | Train Loss: 0.0527694 | Grad norm: 0.024600 | Time: 1s115ms
Epoch: 014 | Test Loss: 0.0538172 | Time: 528ms
Epoch: 015 | Train Loss: 0.0529016 | Grad norm: 0.028791 | Time: 1s125ms
Epoch: 015 | Test Loss: 0.0540687 | Time: 579ms
Epoch: 016 | Train Loss: 0.0527371 | Grad norm: 0.023292 | Time: 1s157ms
Epoch: 016 | Test Loss: 0.0541647 | Time: 532ms
Epoch: 017 | Train Loss: 0.0527050 | Grad norm: 0.023892 | Time: 1s62ms
Epoch: 017 | Test Loss: 0.0544251 | Time: 511ms
Epoch: 018 | Train Loss: 0.0527342 | Grad norm: 0.018239 | Time: 1s63ms
Epoch: 018 | Test Loss: 0.0536492 | Time: 512ms
Epoch: 019 | Train Loss: 0.0526049 | Grad norm: 0.020712 | Time: 1s87ms
Epoch: 019 | Test Loss: 0.0540733 | Time: 585ms
Epoch: 020 | Train Loss: 0.0528201 | Grad norm: 0.024393 | Time: 1s46ms
Epoch: 020 | Test Loss: 0.0537803 | Time: 527ms
Epoch: 021 | Train Loss: 0.0526277 | Grad norm: 0.020594 | Time: 1s95ms
Epoch: 021 | Test Loss: 0.0536632 | Time: 512ms
Epoch: 022 | Train Loss: 0.0525829 | Grad norm: 0.020078 | Time: 1s9ms
Epoch: 022 | Test Loss: 0.0537021 | Time: 516ms
Epoch: 023 | Train Loss: 0.0526915 | Grad norm: 0.024616 | Time: 1s144ms
Epoch: 023 | Test Loss: 0.0537973 | Time: 595ms
Epoch: 024 | Train Loss: 0.0525561 | Grad norm: 0.018450 | Time: 1s68ms
Epoch: 024 | Test Loss: 0.0536699 | Time: 523ms
Epoch: 025 | Train Loss: 0.0526214 | Grad norm: 0.021150 | Time: 1s94ms
Epoch: 025 | Test Loss: 0.0536753 | Time: 512ms
Epoch: 026 | Train Loss: 0.0525406 | Grad norm: 0.017532 | Time: 1s45ms
Epoch: 026 | Test Loss: 0.0536694 | Time: 511ms
Epoch: 027 | Train Loss: 0.0525512 | Grad norm: 0.018092 | Time: 1s32ms
Epoch: 027 | Test Loss: 0.0538111 | Time: 586ms
Epoch: 028 | Train Loss: 0.0525609 | Grad norm: 0.018319 | Time: 1s71ms
Epoch: 028 | Test Loss: 0.0537747 | Time: 515ms
Epoch: 029 | Train Loss: 0.0525613 | Grad norm: 0.019629 | Time: 1s69ms
Epoch: 029 | Test Loss: 0.0536692 | Time: 513ms
Epoch: 030 | Train Loss: 0.0525010 | Grad norm: 0.017540 | Time: 1s104ms
Epoch: 030 | Test Loss: 0.0536981 | Time: 531ms
Epoch: 031 | Train Loss: 0.0524924 | Grad norm: 0.016459 | Time: 1s51ms
Epoch: 031 | Test Loss: 0.0536615 | Time: 583ms
Epoch: 032 | Train Loss: 0.0524625 | Grad norm: 0.014176 | Time: 1s54ms
Epoch: 032 | Test Loss: 0.0536122 | Time: 517ms
Epoch: 033 | Train Loss: 0.0524480 | Grad norm: 0.013983 | Time: 1s65ms
Epoch: 033 | Test Loss: 0.0536292 | Time: 516ms
Epoch: 034 | Train Loss: 0.0524580 | Grad norm: 0.015071 | Time: 1s67ms
Epoch: 034 | Test Loss: 0.0535993 | Time: 533ms
Epoch: 035 | Train Loss: 0.0524259 | Grad norm: 0.014356 | Time: 1s94ms
Epoch: 035 | Test Loss: 0.0536287 | Time: 603ms
Epoch: 036 | Train Loss: 0.0524348 | Grad norm: 0.014478 | Time: 1s100ms
Epoch: 036 | Test Loss: 0.0536067 | Time: 547ms
Epoch: 037 | Train Loss: 0.0524319 | Grad norm: 0.014494 | Time: 1s144ms
Epoch: 037 | Test Loss: 0.0536005 | Time: 534ms
Epoch: 038 | Train Loss: 0.0524075 | Grad norm: 0.013338 | Time: 1s162ms
Epoch: 038 | Test Loss: 0.0536045 | Time: 530ms
Epoch: 039 | Train Loss: 0.0524500 | Grad norm: 0.013585 | Time: 1s95ms
Epoch: 039 | Test Loss: 0.0535997 | Time: 693ms
Epoch: 040 | Train Loss: 0.0524216 | Grad norm: 0.013794 | Time: 1s114ms
Epoch: 040 | Test Loss: 0.0535962 | Time: 514ms
Total time: 1m5s
==> Saving trained model weights...
==> Input bias to be applied to the neural network (trained):
[0. 0. 0. 0.]
==> Input transform to be applied to the neural network (trained):
[0.7072636  0.72212595 0.6760411  0.67349136]
==> Output transform to be applied to the neural network (trained):
[0.2287 0.2871]
==> Saving training info...
==> Drawing training loss...
==> Drawing grad norm...
==> Drawing testing loss...
==> Process finished.
