==> torch device:  cuda:3
==> Test-Train split: test_ratio = 0.20
==> Test-Train split seed:  None
==> Further split: further_train_ratio = 0.25
==> Further split seed:  None
==> Lipschitz constant: 64.00
==> Input bias to be applied to the neural network:
[0. 0. 0. 0.]
==> Input transform to be applied to the neural network:
[0.7072636  0.72212595 0.6760411  0.67349136]
==> Ouput transform to be applied to the neural network:
[0.2287 0.2871]
==> Evaluating model...
==========================================================================================
Layer (type:depth-idx)                   Output Shape              Param #
==========================================================================================
NeuralNetwork                            [1, 2]                    10
├─Sequential: 1-1                        [1, 2]                    --
│    └─SandwichFc: 2-1                   [1, 64]                   4,481
│    └─SandwichFc: 2-2                   [1, 64]                   8,321
│    └─SandwichFc: 2-3                   [1, 64]                   8,321
│    └─SandwichFc: 2-4                   [1, 64]                   8,321
│    └─SandwichFc: 2-5                   [1, 64]                   8,321
│    └─SandwichFc: 2-6                   [1, 64]                   8,321
│    └─SandwichFc: 2-7                   [1, 64]                   8,321
│    └─SandwichLin: 2-8                  [1, 2]                    135
├─Sequential: 1-2                        [1, 2]                    (recursive)
│    └─SandwichFc: 2-9                   [1, 64]                   (recursive)
│    └─SandwichFc: 2-10                  [1, 64]                   (recursive)
│    └─SandwichFc: 2-11                  [1, 64]                   (recursive)
│    └─SandwichFc: 2-12                  [1, 64]                   (recursive)
│    └─SandwichFc: 2-13                  [1, 64]                   (recursive)
│    └─SandwichFc: 2-14                  [1, 64]                   (recursive)
│    └─SandwichFc: 2-15                  [1, 64]                   (recursive)
│    └─SandwichLin: 2-16                 [1, 2]                    (recursive)
==========================================================================================
Total params: 54,552
Trainable params: 54,542
Non-trainable params: 10
Total mult-adds (Units.MEGABYTES): 0.11
==========================================================================================
Input size (MB): 0.00
Forward/backward pass size (MB): 0.01
Params size (MB): 0.22
Estimated Total Size (MB): 0.23
==========================================================================================
==> Saving initial model weights...
==> Start training...
==> Number of param_groups in optimizer: 1
Epoch: 001 | Train Loss: 0.1797311 | Grad norm: 2.518737 | Time: 4s314ms
Epoch: 001 | Test Loss: 0.1780088 | Time: 635ms
==> Save the model at epoch 001 with test loss 0.1780088
Epoch: 002 | Train Loss: 0.0190864 | Grad norm: 0.455440 | Time: 4s628ms
Epoch: 002 | Test Loss: 0.0108821 | Time: 622ms
==> Save the model at epoch 002 with test loss 0.0108821
Epoch: 003 | Train Loss: 0.0125790 | Grad norm: 0.224398 | Time: 4s228ms
Epoch: 003 | Test Loss: 0.0104764 | Time: 704ms
==> Save the model at epoch 003 with test loss 0.0104764
Epoch: 004 | Train Loss: 0.0142012 | Grad norm: 0.263218 | Time: 4s143ms
Epoch: 004 | Test Loss: 0.0108675 | Time: 625ms
Epoch: 005 | Train Loss: 0.0273266 | Grad norm: 0.564445 | Time: 4s229ms
Epoch: 005 | Test Loss: 0.0173157 | Time: 624ms
Epoch: 006 | Train Loss: 0.0152249 | Grad norm: 0.168720 | Time: 4s140ms
Epoch: 006 | Test Loss: 0.0102670 | Time: 619ms
==> Save the model at epoch 006 with test loss 0.0102670
Epoch: 007 | Train Loss: 0.0109878 | Grad norm: 0.074410 | Time: 4s270ms
Epoch: 007 | Test Loss: 0.0103239 | Time: 687ms
Epoch: 008 | Train Loss: 0.0108119 | Grad norm: 0.066610 | Time: 4s359ms
Epoch: 008 | Test Loss: 0.0099437 | Time: 617ms
==> Save the model at epoch 008 with test loss 0.0099437
Epoch: 009 | Train Loss: 0.0109837 | Grad norm: 0.068464 | Time: 4s301ms
Epoch: 009 | Test Loss: 0.0100332 | Time: 617ms
Epoch: 010 | Train Loss: 0.0110880 | Grad norm: 0.078355 | Time: 4s191ms
Epoch: 010 | Test Loss: 0.0105513 | Time: 631ms
Epoch: 011 | Train Loss: 0.0109938 | Grad norm: 0.076051 | Time: 4s115ms
Epoch: 011 | Test Loss: 0.0101243 | Time: 692ms
Epoch: 012 | Train Loss: 0.0107179 | Grad norm: 0.066617 | Time: 4s323ms
Epoch: 012 | Test Loss: 0.0098226 | Time: 638ms
==> Save the model at epoch 012 with test loss 0.0098226
Epoch: 013 | Train Loss: 0.0105655 | Grad norm: 0.062255 | Time: 4s202ms
Epoch: 013 | Test Loss: 0.0102466 | Time: 621ms
Epoch: 014 | Train Loss: 0.0104635 | Grad norm: 0.064166 | Time: 4s115ms
Epoch: 014 | Test Loss: 0.0093403 | Time: 624ms
==> Save the model at epoch 014 with test loss 0.0093403
Epoch: 015 | Train Loss: 0.0102655 | Grad norm: 0.065898 | Time: 4s376ms
Epoch: 015 | Test Loss: 0.0097315 | Time: 697ms
Epoch: 016 | Train Loss: 0.0104225 | Grad norm: 0.069298 | Time: 4s147ms
Epoch: 016 | Test Loss: 0.0095157 | Time: 623ms
Epoch: 017 | Train Loss: 0.0100341 | Grad norm: 0.057723 | Time: 4s288ms
Epoch: 017 | Test Loss: 0.0099596 | Time: 631ms
Epoch: 018 | Train Loss: 0.0105839 | Grad norm: 0.080888 | Time: 4s197ms
Epoch: 018 | Test Loss: 0.0100407 | Time: 621ms
Epoch: 019 | Train Loss: 0.0100956 | Grad norm: 0.056850 | Time: 4s271ms
Epoch: 019 | Test Loss: 0.0093371 | Time: 631ms
==> Save the model at epoch 019 with test loss 0.0093371
Epoch: 020 | Train Loss: 0.0099620 | Grad norm: 0.064880 | Time: 4s87ms
Epoch: 020 | Test Loss: 0.0090365 | Time: 628ms
==> Save the model at epoch 020 with test loss 0.0090365
Epoch: 021 | Train Loss: 0.0097838 | Grad norm: 0.059025 | Time: 4s159ms
Epoch: 021 | Test Loss: 0.0101393 | Time: 625ms
Epoch: 022 | Train Loss: 0.0096502 | Grad norm: 0.060352 | Time: 4s79ms
Epoch: 022 | Test Loss: 0.0087727 | Time: 639ms
==> Save the model at epoch 022 with test loss 0.0087727
Epoch: 023 | Train Loss: 0.0097452 | Grad norm: 0.059522 | Time: 4s424ms
Epoch: 023 | Test Loss: 0.0090068 | Time: 625ms
Epoch: 024 | Train Loss: 0.0092812 | Grad norm: 0.047826 | Time: 3s999ms
Epoch: 024 | Test Loss: 0.0089298 | Time: 630ms
Epoch: 025 | Train Loss: 0.0091213 | Grad norm: 0.053282 | Time: 4s340ms
Epoch: 025 | Test Loss: 0.0090581 | Time: 618ms
Epoch: 026 | Train Loss: 0.0090783 | Grad norm: 0.055238 | Time: 4s283ms
Epoch: 026 | Test Loss: 0.0083793 | Time: 630ms
==> Save the model at epoch 026 with test loss 0.0083793
Epoch: 027 | Train Loss: 0.0089999 | Grad norm: 0.056717 | Time: 4s312ms
Epoch: 027 | Test Loss: 0.0084849 | Time: 639ms
Epoch: 028 | Train Loss: 0.0087784 | Grad norm: 0.051986 | Time: 4s4ms
Epoch: 028 | Test Loss: 0.0084745 | Time: 635ms
Epoch: 029 | Train Loss: 0.0086494 | Grad norm: 0.052228 | Time: 4s164ms
Epoch: 029 | Test Loss: 0.0081899 | Time: 636ms
==> Save the model at epoch 029 with test loss 0.0081899
Epoch: 030 | Train Loss: 0.0085920 | Grad norm: 0.055438 | Time: 4s158ms
Epoch: 030 | Test Loss: 0.0080429 | Time: 629ms
==> Save the model at epoch 030 with test loss 0.0080429
Epoch: 031 | Train Loss: 0.0083843 | Grad norm: 0.049060 | Time: 4s30ms
Epoch: 031 | Test Loss: 0.0079310 | Time: 631ms
==> Save the model at epoch 031 with test loss 0.0079310
Epoch: 032 | Train Loss: 0.0083099 | Grad norm: 0.047648 | Time: 3s955ms
Epoch: 032 | Test Loss: 0.0078872 | Time: 628ms
==> Save the model at epoch 032 with test loss 0.0078872
Epoch: 033 | Train Loss: 0.0081256 | Grad norm: 0.047675 | Time: 3s935ms
Epoch: 033 | Test Loss: 0.0078112 | Time: 624ms
==> Save the model at epoch 033 with test loss 0.0078112
Epoch: 034 | Train Loss: 0.0080574 | Grad norm: 0.049485 | Time: 4s109ms
Epoch: 034 | Test Loss: 0.0078296 | Time: 638ms
Epoch: 035 | Train Loss: 0.0079136 | Grad norm: 0.046884 | Time: 4s209ms
Epoch: 035 | Test Loss: 0.0077930 | Time: 631ms
==> Save the model at epoch 035 with test loss 0.0077930
Epoch: 036 | Train Loss: 0.0078562 | Grad norm: 0.047293 | Time: 4s84ms
Epoch: 036 | Test Loss: 0.0076452 | Time: 628ms
==> Save the model at epoch 036 with test loss 0.0076452
Epoch: 037 | Train Loss: 0.0077253 | Grad norm: 0.045090 | Time: 4s237ms
Epoch: 037 | Test Loss: 0.0075915 | Time: 622ms
==> Save the model at epoch 037 with test loss 0.0075915
Epoch: 038 | Train Loss: 0.0076764 | Grad norm: 0.043971 | Time: 4s378ms
Epoch: 038 | Test Loss: 0.0075362 | Time: 693ms
==> Save the model at epoch 038 with test loss 0.0075362
Epoch: 039 | Train Loss: 0.0076142 | Grad norm: 0.042351 | Time: 4s230ms
Epoch: 039 | Test Loss: 0.0074900 | Time: 686ms
==> Save the model at epoch 039 with test loss 0.0074900
Epoch: 040 | Train Loss: 0.0075783 | Grad norm: 0.042984 | Time: 4s568ms
Epoch: 040 | Test Loss: 0.0074714 | Time: 627ms
==> Save the model at epoch 040 with test loss 0.0074714
Total time: 3m14s
==> Saving trained model weights...
==> Input bias to be applied to the neural network (trained):
[0. 0. 0. 0.]
==> Input transform to be applied to the neural network (trained):
[0.7072636  0.72212595 0.6760411  0.67349136]
==> Output transform to be applied to the neural network (trained):
[0.2287 0.2871]
==> Saving training info...
==> Drawing training loss...
==> Drawing grad norm...
==> Drawing testing loss...
==> Process finished.
