==> torch device:  cuda:0
==> Test-Train split: test_ratio = 0.20
==> Test-Train split seed:  None
==> Further split: further_train_ratio = 0.50
==> Further split seed:  None
==> Input bias to be applied to the neural network:
[0. 0.]
==> Input transform to be applied to the neural network:
[0.5090095 0.5090095]
==> Ouput transform to be applied to the neural network:
[3.9366 3.9363]
==> Evaluating model...
==========================================================================================
Layer (type:depth-idx)                   Output Shape              Param #
==========================================================================================
NeuralNetwork                            [1, 2]                    6
├─Sequential: 1-1                        [1, 2]                    --
│    └─Linear: 2-1                       [1, 64]                   192
│    └─ReLU: 2-2                         [1, 64]                   --
│    └─Linear: 2-3                       [1, 64]                   4,160
│    └─ReLU: 2-4                         [1, 64]                   --
│    └─Linear: 2-5                       [1, 64]                   4,160
│    └─ReLU: 2-6                         [1, 64]                   --
│    └─Linear: 2-7                       [1, 64]                   4,160
│    └─ReLU: 2-8                         [1, 64]                   --
│    └─Linear: 2-9                       [1, 64]                   4,160
│    └─ReLU: 2-10                        [1, 64]                   --
│    └─Linear: 2-11                      [1, 64]                   4,160
│    └─ReLU: 2-12                        [1, 64]                   --
│    └─Linear: 2-13                      [1, 64]                   4,160
│    └─ReLU: 2-14                        [1, 64]                   --
│    └─Linear: 2-15                      [1, 2]                    130
├─Sequential: 1-2                        [1, 2]                    (recursive)
│    └─Linear: 2-16                      [1, 64]                   (recursive)
│    └─ReLU: 2-17                        [1, 64]                   --
│    └─Linear: 2-18                      [1, 64]                   (recursive)
│    └─ReLU: 2-19                        [1, 64]                   --
│    └─Linear: 2-20                      [1, 64]                   (recursive)
│    └─ReLU: 2-21                        [1, 64]                   --
│    └─Linear: 2-22                      [1, 64]                   (recursive)
│    └─ReLU: 2-23                        [1, 64]                   --
│    └─Linear: 2-24                      [1, 64]                   (recursive)
│    └─ReLU: 2-25                        [1, 64]                   --
│    └─Linear: 2-26                      [1, 64]                   (recursive)
│    └─ReLU: 2-27                        [1, 64]                   --
│    └─Linear: 2-28                      [1, 64]                   (recursive)
│    └─ReLU: 2-29                        [1, 64]                   --
│    └─Linear: 2-30                      [1, 2]                    (recursive)
==========================================================================================
Total params: 25,288
Trainable params: 25,282
Non-trainable params: 6
Total mult-adds (Units.MEGABYTES): 0.05
==========================================================================================
Input size (MB): 0.00
Forward/backward pass size (MB): 0.01
Params size (MB): 0.10
Estimated Total Size (MB): 0.11
==========================================================================================
==> Saving initial model weights...
==> Start training...
==> Number of param_groups in optimizer: 1
Epoch: 001 | Train Loss: 30.9174545 | Grad norm: 1.029782 | Time: 2s493ms
Epoch: 001 | Test Loss: 31.2815891 | Time: 459ms
==> Save the model at epoch 001 with test loss 31.2815891
Epoch: 002 | Train Loss: 3.3703996 | Grad norm: 8.557517 | Time: 2s153ms
Epoch: 002 | Test Loss: 0.0191360 | Time: 661ms
==> Save the model at epoch 002 with test loss 0.0191360
Epoch: 003 | Train Loss: 0.0435584 | Grad norm: 3.959686 | Time: 2s109ms
Epoch: 003 | Test Loss: 0.0318959 | Time: 456ms
Epoch: 004 | Train Loss: 0.0538254 | Grad norm: 4.497959 | Time: 2s116ms
Epoch: 004 | Test Loss: 0.0454277 | Time: 447ms
Epoch: 005 | Train Loss: 0.0854477 | Grad norm: 5.392101 | Time: 2s105ms
Epoch: 005 | Test Loss: 0.1676323 | Time: 475ms
Epoch: 006 | Train Loss: 0.1176810 | Grad norm: 6.427889 | Time: 2s153ms
Epoch: 006 | Test Loss: 0.0810874 | Time: 447ms
Epoch: 007 | Train Loss: 0.1143767 | Grad norm: 6.372907 | Time: 1s953ms
Epoch: 007 | Test Loss: 0.1078231 | Time: 468ms
Epoch: 008 | Train Loss: 0.1293046 | Grad norm: 6.776920 | Time: 2s324ms
Epoch: 008 | Test Loss: 0.1834234 | Time: 455ms
Epoch: 009 | Train Loss: 0.1421230 | Grad norm: 6.989427 | Time: 1s918ms
Epoch: 009 | Test Loss: 0.3314673 | Time: 542ms
Epoch: 010 | Train Loss: 0.1900278 | Grad norm: 8.028998 | Time: 2s13ms
Epoch: 010 | Test Loss: 0.0337861 | Time: 512ms
Epoch: 011 | Train Loss: 0.1177046 | Grad norm: 6.476441 | Time: 2s65ms
Epoch: 011 | Test Loss: 0.1526349 | Time: 452ms
Epoch: 012 | Train Loss: 0.1510038 | Grad norm: 7.074151 | Time: 2s15ms
Epoch: 012 | Test Loss: 0.1244580 | Time: 448ms
Epoch: 013 | Train Loss: 0.1351775 | Grad norm: 6.682233 | Time: 2s68ms
Epoch: 013 | Test Loss: 0.1312176 | Time: 460ms
Epoch: 014 | Train Loss: 0.1490151 | Grad norm: 7.351402 | Time: 1s912ms
Epoch: 014 | Test Loss: 0.0847475 | Time: 512ms
Epoch: 015 | Train Loss: 0.0939250 | Grad norm: 5.696874 | Time: 2s
Epoch: 015 | Test Loss: 0.0959981 | Time: 451ms
Epoch: 016 | Train Loss: 0.0788394 | Grad norm: 5.166540 | Time: 2s131ms
Epoch: 016 | Test Loss: 0.0750787 | Time: 504ms
Epoch: 017 | Train Loss: 0.0646462 | Grad norm: 4.642545 | Time: 1s973ms
Epoch: 017 | Test Loss: 0.0891819 | Time: 488ms
Epoch: 018 | Train Loss: 0.0555796 | Grad norm: 4.319015 | Time: 1s958ms
Epoch: 018 | Test Loss: 0.0132554 | Time: 513ms
==> Save the model at epoch 018 with test loss 0.0132554
Epoch: 019 | Train Loss: 0.0618144 | Grad norm: 4.608037 | Time: 2s112ms
Epoch: 019 | Test Loss: 0.0565861 | Time: 454ms
Epoch: 020 | Train Loss: 0.0496346 | Grad norm: 4.109997 | Time: 1s910ms
Epoch: 020 | Test Loss: 0.0922721 | Time: 444ms
Epoch: 021 | Train Loss: 0.0348070 | Grad norm: 3.409503 | Time: 2s232ms
Epoch: 021 | Test Loss: 0.0394356 | Time: 455ms
Epoch: 022 | Train Loss: 0.0356506 | Grad norm: 3.441629 | Time: 1s945ms
Epoch: 022 | Test Loss: 0.0210791 | Time: 456ms
Epoch: 023 | Train Loss: 0.0289219 | Grad norm: 2.987511 | Time: 2s135ms
Epoch: 023 | Test Loss: 0.0271796 | Time: 440ms
Epoch: 024 | Train Loss: 0.0345708 | Grad norm: 3.415449 | Time: 2s83ms
Epoch: 024 | Test Loss: 0.0174816 | Time: 441ms
Epoch: 025 | Train Loss: 0.0216531 | Grad norm: 2.484914 | Time: 2s41ms
Epoch: 025 | Test Loss: 0.0209459 | Time: 441ms
Epoch: 026 | Train Loss: 0.0160108 | Grad norm: 1.954149 | Time: 2s35ms
Epoch: 026 | Test Loss: 0.0089299 | Time: 546ms
==> Save the model at epoch 026 with test loss 0.0089299
Epoch: 027 | Train Loss: 0.0157725 | Grad norm: 1.867749 | Time: 2s33ms
Epoch: 027 | Test Loss: 0.0371012 | Time: 453ms
Epoch: 028 | Train Loss: 0.0133587 | Grad norm: 1.563025 | Time: 2s104ms
Epoch: 028 | Test Loss: 0.0195699 | Time: 442ms
Epoch: 029 | Train Loss: 0.0112092 | Grad norm: 1.291956 | Time: 2s124ms
Epoch: 029 | Test Loss: 0.0129538 | Time: 475ms
Epoch: 030 | Train Loss: 0.0095376 | Grad norm: 0.982365 | Time: 1s953ms
Epoch: 030 | Test Loss: 0.0094028 | Time: 458ms
Epoch: 031 | Train Loss: 0.0088880 | Grad norm: 0.863607 | Time: 1s979ms
Epoch: 031 | Test Loss: 0.0091665 | Time: 441ms
Epoch: 032 | Train Loss: 0.0081462 | Grad norm: 0.646839 | Time: 2s176ms
Epoch: 032 | Test Loss: 0.0076591 | Time: 446ms
==> Save the model at epoch 032 with test loss 0.0076591
Epoch: 033 | Train Loss: 0.0080011 | Grad norm: 0.589418 | Time: 1s862ms
Epoch: 033 | Test Loss: 0.0079300 | Time: 463ms
Epoch: 034 | Train Loss: 0.0079065 | Grad norm: 0.579115 | Time: 2s82ms
Epoch: 034 | Test Loss: 0.0075189 | Time: 531ms
==> Save the model at epoch 034 with test loss 0.0075189
Epoch: 035 | Train Loss: 0.0076219 | Grad norm: 0.453860 | Time: 2s83ms
Epoch: 035 | Test Loss: 0.0074281 | Time: 493ms
==> Save the model at epoch 035 with test loss 0.0074281
Epoch: 036 | Train Loss: 0.0075135 | Grad norm: 0.410594 | Time: 2s64ms
Epoch: 036 | Test Loss: 0.0077101 | Time: 460ms
Epoch: 037 | Train Loss: 0.0073784 | Grad norm: 0.335415 | Time: 2s122ms
Epoch: 037 | Test Loss: 0.0076748 | Time: 442ms
Epoch: 038 | Train Loss: 0.0073127 | Grad norm: 0.306130 | Time: 2s94ms
Epoch: 038 | Test Loss: 0.0073089 | Time: 451ms
==> Save the model at epoch 038 with test loss 0.0073089
Epoch: 039 | Train Loss: 0.0072234 | Grad norm: 0.241769 | Time: 2s132ms
Epoch: 039 | Test Loss: 0.0072250 | Time: 440ms
==> Save the model at epoch 039 with test loss 0.0072250
Epoch: 040 | Train Loss: 0.0071857 | Grad norm: 0.212714 | Time: 1s924ms
Epoch: 040 | Test Loss: 0.0072402 | Time: 445ms
Total time: 1m41s
==> Saving trained model weights...
==> Input bias to be applied to the neural network (trained):
[0. 0.]
==> Input transform to be applied to the neural network (trained):
[0.5090095 0.5090095]
==> Output transform to be applied to the neural network (trained):
[3.9366 3.9363]
==> Saving training info...
==> Drawing training loss...
==> Drawing grad norm...
==> Drawing testing loss...
==> Process finished.
