==> torch device:  cuda:1
==> Input bias to be applied to the neural network:
[0. 0.]
==> Input transform to be applied to the neural network:
[0.5090095 0.5090095]
==> Ouput transform to be applied to the neural network:
[3.9366 3.9363]
==> Evaluating model...
==========================================================================================
Layer (type:depth-idx)                   Output Shape              Param #
==========================================================================================
NeuralNetwork                            [1, 2]                    6
├─Sequential: 1-1                        [1, 2]                    --
│    └─Linear: 2-1                       [1, 64]                   192
│    └─ReLU: 2-2                         [1, 64]                   --
│    └─Linear: 2-3                       [1, 64]                   4,160
│    └─ReLU: 2-4                         [1, 64]                   --
│    └─Linear: 2-5                       [1, 64]                   4,160
│    └─ReLU: 2-6                         [1, 64]                   --
│    └─Linear: 2-7                       [1, 64]                   4,160
│    └─ReLU: 2-8                         [1, 64]                   --
│    └─Linear: 2-9                       [1, 64]                   4,160
│    └─ReLU: 2-10                        [1, 64]                   --
│    └─Linear: 2-11                      [1, 64]                   4,160
│    └─ReLU: 2-12                        [1, 64]                   --
│    └─Linear: 2-13                      [1, 64]                   4,160
│    └─ReLU: 2-14                        [1, 64]                   --
│    └─Linear: 2-15                      [1, 2]                    130
├─Sequential: 1-2                        [1, 2]                    (recursive)
│    └─Linear: 2-16                      [1, 64]                   (recursive)
│    └─ReLU: 2-17                        [1, 64]                   --
│    └─Linear: 2-18                      [1, 64]                   (recursive)
│    └─ReLU: 2-19                        [1, 64]                   --
│    └─Linear: 2-20                      [1, 64]                   (recursive)
│    └─ReLU: 2-21                        [1, 64]                   --
│    └─Linear: 2-22                      [1, 64]                   (recursive)
│    └─ReLU: 2-23                        [1, 64]                   --
│    └─Linear: 2-24                      [1, 64]                   (recursive)
│    └─ReLU: 2-25                        [1, 64]                   --
│    └─Linear: 2-26                      [1, 64]                   (recursive)
│    └─ReLU: 2-27                        [1, 64]                   --
│    └─Linear: 2-28                      [1, 64]                   (recursive)
│    └─ReLU: 2-29                        [1, 64]                   --
│    └─Linear: 2-30                      [1, 2]                    (recursive)
==========================================================================================
Total params: 25,288
Trainable params: 25,282
Non-trainable params: 6
Total mult-adds (M): 0.05
==========================================================================================
Input size (MB): 0.00
Forward/backward pass size (MB): 0.01
Params size (MB): 0.10
Estimated Total Size (MB): 0.11
==========================================================================================
==> Saving initial model weights...
==> Test-Train split: test_ratio = 0.20
==> Further split: further_train_ratio = 0.50
==> Start training...
==> Number of param_groups in optimizer: 1
Epoch: 001 | Train Loss: 31.0320564 | Grad norm: 0.709215 | Time: 2s77ms
Epoch: 001 | Test Loss: 31.0312806 | Time: 594ms
==> Save the model at epoch 001 with test loss 31.0312806
Epoch: 002 | Train Loss: 20.0785904 | Grad norm: 12.007655 | Time: 2s604ms
Epoch: 002 | Test Loss: 0.1511870 | Time: 626ms
==> Save the model at epoch 002 with test loss 0.1511870
Epoch: 003 | Train Loss: 0.0194582 | Grad norm: 1.493788 | Time: 2s789ms
Epoch: 003 | Test Loss: 0.0100706 | Time: 603ms
==> Save the model at epoch 003 with test loss 0.0100706
Epoch: 004 | Train Loss: 0.0099193 | Grad norm: 1.112640 | Time: 2s549ms
Epoch: 004 | Test Loss: 0.0099766 | Time: 600ms
==> Save the model at epoch 004 with test loss 0.0099766
Epoch: 005 | Train Loss: 0.0108954 | Grad norm: 1.402496 | Time: 2s666ms
Epoch: 005 | Test Loss: 0.0153666 | Time: 652ms
Epoch: 006 | Train Loss: 0.0106857 | Grad norm: 1.423170 | Time: 1s974ms
Epoch: 006 | Test Loss: 0.0110255 | Time: 625ms
Epoch: 007 | Train Loss: 0.0125672 | Grad norm: 1.686170 | Time: 1s943ms
Epoch: 007 | Test Loss: 0.0138752 | Time: 584ms
Epoch: 008 | Train Loss: 0.0119533 | Grad norm: 1.559864 | Time: 2s9ms
Epoch: 008 | Test Loss: 0.0130843 | Time: 586ms
Epoch: 009 | Train Loss: 0.0138705 | Grad norm: 1.844841 | Time: 2s189ms
Epoch: 009 | Test Loss: 0.0275393 | Time: 609ms
Epoch: 010 | Train Loss: 0.0136329 | Grad norm: 1.757543 | Time: 2s753ms
Epoch: 010 | Test Loss: 0.0111006 | Time: 711ms
Epoch: 011 | Train Loss: 0.0138671 | Grad norm: 1.695200 | Time: 2s758ms
Epoch: 011 | Test Loss: 0.0092414 | Time: 631ms
==> Save the model at epoch 011 with test loss 0.0092414
Epoch: 012 | Train Loss: 0.0118386 | Grad norm: 1.489818 | Time: 2s782ms
Epoch: 012 | Test Loss: 0.0148485 | Time: 619ms
Epoch: 013 | Train Loss: 0.0117903 | Grad norm: 1.480812 | Time: 2s512ms
Epoch: 013 | Test Loss: 0.0121931 | Time: 599ms
Epoch: 014 | Train Loss: 0.0110671 | Grad norm: 1.325725 | Time: 2s356ms
Epoch: 014 | Test Loss: 0.0122907 | Time: 601ms
Epoch: 015 | Train Loss: 0.0110906 | Grad norm: 1.320457 | Time: 2s595ms
Epoch: 015 | Test Loss: 0.0112558 | Time: 686ms
Epoch: 016 | Train Loss: 0.0105288 | Grad norm: 1.216749 | Time: 2s362ms
Epoch: 016 | Test Loss: 0.0111906 | Time: 626ms
Epoch: 017 | Train Loss: 0.0106445 | Grad norm: 1.225756 | Time: 2s559ms
Epoch: 017 | Test Loss: 0.0123743 | Time: 627ms
Epoch: 018 | Train Loss: 0.0103204 | Grad norm: 1.148587 | Time: 2s699ms
Epoch: 018 | Test Loss: 0.0122308 | Time: 601ms
Epoch: 019 | Train Loss: 0.0105574 | Grad norm: 1.167164 | Time: 2s599ms
Epoch: 019 | Test Loss: 0.0149257 | Time: 601ms
Epoch: 020 | Train Loss: 0.0095312 | Grad norm: 0.997938 | Time: 2s506ms
Epoch: 020 | Test Loss: 0.0089775 | Time: 662ms
==> Save the model at epoch 020 with test loss 0.0089775
Epoch: 021 | Train Loss: 0.0095356 | Grad norm: 0.966723 | Time: 2s633ms
Epoch: 021 | Test Loss: 0.0094414 | Time: 605ms
Epoch: 022 | Train Loss: 0.0090936 | Grad norm: 0.879724 | Time: 2s204ms
Epoch: 022 | Test Loss: 0.0096525 | Time: 601ms
Epoch: 023 | Train Loss: 0.0090293 | Grad norm: 0.901272 | Time: 2s703ms
Epoch: 023 | Test Loss: 0.0090376 | Time: 601ms
Epoch: 024 | Train Loss: 0.0089651 | Grad norm: 0.848794 | Time: 2s581ms
Epoch: 024 | Test Loss: 0.0106583 | Time: 615ms
Epoch: 025 | Train Loss: 0.0087551 | Grad norm: 0.811449 | Time: 2s549ms
Epoch: 025 | Test Loss: 0.0089494 | Time: 673ms
==> Save the model at epoch 025 with test loss 0.0089494
Epoch: 026 | Train Loss: 0.0086159 | Grad norm: 0.797400 | Time: 2s867ms
Epoch: 026 | Test Loss: 0.0091723 | Time: 636ms
Epoch: 027 | Train Loss: 0.0084268 | Grad norm: 0.723108 | Time: 2s614ms
Epoch: 027 | Test Loss: 0.0077496 | Time: 604ms
==> Save the model at epoch 027 with test loss 0.0077496
Epoch: 028 | Train Loss: 0.0081119 | Grad norm: 0.625720 | Time: 2s155ms
Epoch: 028 | Test Loss: 0.0082076 | Time: 596ms
Epoch: 029 | Train Loss: 0.0079652 | Grad norm: 0.580269 | Time: 1s949ms
Epoch: 029 | Test Loss: 0.0081730 | Time: 585ms
Epoch: 030 | Train Loss: 0.0078762 | Grad norm: 0.547949 | Time: 1s949ms
Epoch: 030 | Test Loss: 0.0079832 | Time: 647ms
Epoch: 031 | Train Loss: 0.0078509 | Grad norm: 0.535117 | Time: 2s220ms
Epoch: 031 | Test Loss: 0.0082185 | Time: 608ms
Epoch: 032 | Train Loss: 0.0077549 | Grad norm: 0.493113 | Time: 1s954ms
Epoch: 032 | Test Loss: 0.0074960 | Time: 609ms
==> Save the model at epoch 032 with test loss 0.0074960
Epoch: 033 | Train Loss: 0.0076341 | Grad norm: 0.444802 | Time: 2s125ms
Epoch: 033 | Test Loss: 0.0077007 | Time: 618ms
Epoch: 034 | Train Loss: 0.0075076 | Grad norm: 0.376313 | Time: 2s374ms
Epoch: 034 | Test Loss: 0.0076883 | Time: 582ms
Epoch: 035 | Train Loss: 0.0074957 | Grad norm: 0.384137 | Time: 1s969ms
Epoch: 035 | Test Loss: 0.0074244 | Time: 646ms
==> Save the model at epoch 035 with test loss 0.0074244
Epoch: 036 | Train Loss: 0.0074362 | Grad norm: 0.348880 | Time: 2s683ms
Epoch: 036 | Test Loss: 0.0075358 | Time: 603ms
Epoch: 037 | Train Loss: 0.0073395 | Grad norm: 0.283319 | Time: 2s324ms
Epoch: 037 | Test Loss: 0.0074356 | Time: 598ms
Epoch: 038 | Train Loss: 0.0073134 | Grad norm: 0.272838 | Time: 2s56ms
Epoch: 038 | Test Loss: 0.0074161 | Time: 584ms
==> Save the model at epoch 038 with test loss 0.0074161
Epoch: 039 | Train Loss: 0.0072799 | Grad norm: 0.247873 | Time: 2s332ms
Epoch: 039 | Test Loss: 0.0073808 | Time: 624ms
==> Save the model at epoch 039 with test loss 0.0073808
Epoch: 040 | Train Loss: 0.0072569 | Grad norm: 0.226150 | Time: 2s728ms
Epoch: 040 | Test Loss: 0.0073696 | Time: 667ms
==> Save the model at epoch 040 with test loss 0.0073696
Total time: 2m1s
==> Saving trained model weights...
==> Input bias to be applied to the neural network (trained):
[0. 0.]
==> Input transform to be applied to the neural network (trained):
[0.5090095 0.5090095]
==> Output transform to be applied to the neural network (trained):
[3.9366 3.9363]
==> Saving training info...
==> Drawing training loss...
==> Drawing grad norm...
==> Drawing testing loss...
==> Process finished.
