==> torch device:  cuda:0
==> Test-Train split: test_ratio = 0.20
==> Test-Train split seed:  None
==> Further split: further_train_ratio = 1.00
==> Further split seed:  None
==> Lipschitz constant: 64.00
==> Input bias to be applied to the neural network:
[0. 0. 0. 0.]
==> Input transform to be applied to the neural network:
[ 0.62900996  0.6288517  11.614402    9.487666  ]
==> Ouput transform to be applied to the neural network:
[0.0195 0.021 ]
==> Evaluating model...
==========================================================================================
Layer (type:depth-idx)                   Output Shape              Param #
==========================================================================================
NeuralNetwork                            [1, 2]                    10
├─Sequential: 1-1                        [1, 2]                    --
│    └─SandwichFc: 2-1                   [1, 64]                   4,481
│    └─SandwichFc: 2-2                   [1, 64]                   8,321
│    └─SandwichFc: 2-3                   [1, 64]                   8,321
│    └─SandwichFc: 2-4                   [1, 64]                   8,321
│    └─SandwichFc: 2-5                   [1, 64]                   8,321
│    └─SandwichFc: 2-6                   [1, 64]                   8,321
│    └─SandwichFc: 2-7                   [1, 64]                   8,321
│    └─SandwichLin: 2-8                  [1, 2]                    135
├─Sequential: 1-2                        [1, 2]                    (recursive)
│    └─SandwichFc: 2-9                   [1, 64]                   (recursive)
│    └─SandwichFc: 2-10                  [1, 64]                   (recursive)
│    └─SandwichFc: 2-11                  [1, 64]                   (recursive)
│    └─SandwichFc: 2-12                  [1, 64]                   (recursive)
│    └─SandwichFc: 2-13                  [1, 64]                   (recursive)
│    └─SandwichFc: 2-14                  [1, 64]                   (recursive)
│    └─SandwichFc: 2-15                  [1, 64]                   (recursive)
│    └─SandwichLin: 2-16                 [1, 2]                    (recursive)
==========================================================================================
Total params: 54,552
Trainable params: 54,542
Non-trainable params: 10
Total mult-adds (Units.MEGABYTES): 0.11
==========================================================================================
Input size (MB): 0.00
Forward/backward pass size (MB): 0.01
Params size (MB): 0.22
Estimated Total Size (MB): 0.23
==========================================================================================
==> Saving initial model weights...
==> Start training...
==> Number of param_groups in optimizer: 1
Epoch: 001 | Train Loss: 0.0010772 | Grad norm: 0.025988 | Time: 17s385ms
Epoch: 001 | Test Loss: 0.0010832 | Time: 603ms
==> Save the model at epoch 001 with test loss 0.0010832
Epoch: 002 | Train Loss: 0.0000940 | Grad norm: 0.002145 | Time: 16s889ms
Epoch: 002 | Test Loss: 0.0000699 | Time: 627ms
==> Save the model at epoch 002 with test loss 0.0000699
Epoch: 003 | Train Loss: 0.0000689 | Grad norm: 0.001419 | Time: 17s132ms
Epoch: 003 | Test Loss: 0.0000677 | Time: 682ms
==> Save the model at epoch 003 with test loss 0.0000677
Epoch: 004 | Train Loss: 0.0000682 | Grad norm: 0.001291 | Time: 17s272ms
Epoch: 004 | Test Loss: 0.0000687 | Time: 618ms
Epoch: 005 | Train Loss: 0.0000688 | Grad norm: 0.001192 | Time: 16s803ms
Epoch: 005 | Test Loss: 0.0000683 | Time: 617ms
Epoch: 006 | Train Loss: 0.0000688 | Grad norm: 0.001055 | Time: 16s713ms
Epoch: 006 | Test Loss: 0.0000691 | Time: 678ms
Epoch: 007 | Train Loss: 0.0000685 | Grad norm: 0.000887 | Time: 16s473ms
Epoch: 007 | Test Loss: 0.0000690 | Time: 600ms
Epoch: 008 | Train Loss: 0.0000693 | Grad norm: 0.000889 | Time: 16s711ms
Epoch: 008 | Test Loss: 0.0000693 | Time: 602ms
Epoch: 009 | Train Loss: 0.0000694 | Grad norm: 0.000835 | Time: 17s277ms
Epoch: 009 | Test Loss: 0.0000682 | Time: 672ms
Epoch: 010 | Train Loss: 0.0000690 | Grad norm: 0.000779 | Time: 16s856ms
Epoch: 010 | Test Loss: 0.0000685 | Time: 734ms
Epoch: 011 | Train Loss: 0.0000686 | Grad norm: 0.000708 | Time: 16s701ms
Epoch: 011 | Test Loss: 0.0000672 | Time: 600ms
==> Save the model at epoch 011 with test loss 0.0000672
Epoch: 012 | Train Loss: 0.0000692 | Grad norm: 0.000767 | Time: 16s713ms
Epoch: 012 | Test Loss: 0.0000690 | Time: 601ms
Epoch: 013 | Train Loss: 0.0000692 | Grad norm: 0.000739 | Time: 16s569ms
Epoch: 013 | Test Loss: 0.0000688 | Time: 596ms
Epoch: 014 | Train Loss: 0.0000688 | Grad norm: 0.000695 | Time: 17s186ms
Epoch: 014 | Test Loss: 0.0000707 | Time: 602ms
Epoch: 015 | Train Loss: 0.0000688 | Grad norm: 0.000675 | Time: 16s927ms
Epoch: 015 | Test Loss: 0.0000704 | Time: 609ms
Epoch: 016 | Train Loss: 0.0000683 | Grad norm: 0.000637 | Time: 17s333ms
Epoch: 016 | Test Loss: 0.0000680 | Time: 608ms
Epoch: 017 | Train Loss: 0.0000681 | Grad norm: 0.000605 | Time: 16s914ms
Epoch: 017 | Test Loss: 0.0000663 | Time: 604ms
==> Save the model at epoch 017 with test loss 0.0000663
Epoch: 018 | Train Loss: 0.0000679 | Grad norm: 0.000568 | Time: 16s510ms
Epoch: 018 | Test Loss: 0.0000710 | Time: 607ms
Epoch: 019 | Train Loss: 0.0000679 | Grad norm: 0.000575 | Time: 17s243ms
Epoch: 019 | Test Loss: 0.0000679 | Time: 608ms
Epoch: 020 | Train Loss: 0.0000677 | Grad norm: 0.000566 | Time: 16s801ms
Epoch: 020 | Test Loss: 0.0000683 | Time: 680ms
Epoch: 021 | Train Loss: 0.0000675 | Grad norm: 0.000552 | Time: 17s254ms
Epoch: 021 | Test Loss: 0.0000668 | Time: 603ms
Epoch: 022 | Train Loss: 0.0000673 | Grad norm: 0.000519 | Time: 16s766ms
Epoch: 022 | Test Loss: 0.0000665 | Time: 599ms
Epoch: 023 | Train Loss: 0.0000668 | Grad norm: 0.000492 | Time: 16s765ms
Epoch: 023 | Test Loss: 0.0000668 | Time: 613ms
Epoch: 024 | Train Loss: 0.0000667 | Grad norm: 0.000481 | Time: 16s745ms
Epoch: 024 | Test Loss: 0.0000660 | Time: 599ms
==> Save the model at epoch 024 with test loss 0.0000660
Epoch: 025 | Train Loss: 0.0000664 | Grad norm: 0.000466 | Time: 16s908ms
Epoch: 025 | Test Loss: 0.0000660 | Time: 615ms
==> Save the model at epoch 025 with test loss 0.0000660
Epoch: 026 | Train Loss: 0.0000663 | Grad norm: 0.000467 | Time: 16s817ms
Epoch: 026 | Test Loss: 0.0000663 | Time: 620ms
Epoch: 027 | Train Loss: 0.0000660 | Grad norm: 0.000442 | Time: 16s444ms
Epoch: 027 | Test Loss: 0.0000669 | Time: 603ms
Epoch: 028 | Train Loss: 0.0000657 | Grad norm: 0.000430 | Time: 16s888ms
Epoch: 028 | Test Loss: 0.0000659 | Time: 603ms
==> Save the model at epoch 028 with test loss 0.0000659
Epoch: 029 | Train Loss: 0.0000653 | Grad norm: 0.000405 | Time: 16s498ms
Epoch: 029 | Test Loss: 0.0000666 | Time: 719ms
Epoch: 030 | Train Loss: 0.0000651 | Grad norm: 0.000399 | Time: 16s774ms
Epoch: 030 | Test Loss: 0.0000668 | Time: 608ms
Epoch: 031 | Train Loss: 0.0000648 | Grad norm: 0.000388 | Time: 16s820ms
Epoch: 031 | Test Loss: 0.0000665 | Time: 672ms
Epoch: 032 | Train Loss: 0.0000645 | Grad norm: 0.000353 | Time: 16s632ms
Epoch: 032 | Test Loss: 0.0000655 | Time: 603ms
==> Save the model at epoch 032 with test loss 0.0000655
Epoch: 033 | Train Loss: 0.0000642 | Grad norm: 0.000348 | Time: 16s874ms
Epoch: 033 | Test Loss: 0.0000651 | Time: 615ms
==> Save the model at epoch 033 with test loss 0.0000651
Epoch: 034 | Train Loss: 0.0000639 | Grad norm: 0.000330 | Time: 16s300ms
Epoch: 034 | Test Loss: 0.0000649 | Time: 673ms
==> Save the model at epoch 034 with test loss 0.0000649
Epoch: 035 | Train Loss: 0.0000638 | Grad norm: 0.000347 | Time: 17s228ms
Epoch: 035 | Test Loss: 0.0000651 | Time: 604ms
Epoch: 036 | Train Loss: 0.0000635 | Grad norm: 0.000328 | Time: 16s378ms
Epoch: 036 | Test Loss: 0.0000645 | Time: 606ms
==> Save the model at epoch 036 with test loss 0.0000645
Epoch: 037 | Train Loss: 0.0000632 | Grad norm: 0.000305 | Time: 16s607ms
Epoch: 037 | Test Loss: 0.0000645 | Time: 602ms
Epoch: 038 | Train Loss: 0.0000631 | Grad norm: 0.000311 | Time: 16s288ms
Epoch: 038 | Test Loss: 0.0000643 | Time: 605ms
==> Save the model at epoch 038 with test loss 0.0000643
Epoch: 039 | Train Loss: 0.0000630 | Grad norm: 0.000307 | Time: 16s725ms
Epoch: 039 | Test Loss: 0.0000642 | Time: 614ms
==> Save the model at epoch 039 with test loss 0.0000642
Epoch: 040 | Train Loss: 0.0000629 | Grad norm: 0.000306 | Time: 16s385ms
Epoch: 040 | Test Loss: 0.0000642 | Time: 601ms
==> Save the model at epoch 040 with test loss 0.0000642
Total time: 11m37s
==> Saving trained model weights...
==> Input bias to be applied to the neural network (trained):
[0. 0. 0. 0.]
==> Input transform to be applied to the neural network (trained):
[ 0.62900996  0.6288517  11.614402    9.487666  ]
==> Output transform to be applied to the neural network (trained):
[0.0195 0.021 ]
==> Saving training info...
==> Drawing training loss...
==> Drawing grad norm...
==> Drawing testing loss...
==> Process finished.
