==> torch device:  cuda:2
==> Test-Train split: test_ratio = 0.20
==> Test-Train split seed:  None
==> Further split: further_train_ratio = 0.50
==> Further split seed:  None
==> Input bias to be applied to the neural network:
[0. 0.]
==> Input transform to be applied to the neural network:
[0.5090095 0.5090095]
==> Ouput transform to be applied to the neural network:
[3.9366 3.9363]
==> Evaluating model...
==========================================================================================
Layer (type:depth-idx)                   Output Shape              Param #
==========================================================================================
NeuralNetwork                            [1, 2]                    6
├─Sequential: 1-1                        [1, 2]                    --
│    └─Linear: 2-1                       [1, 64]                   192
│    └─ReLU: 2-2                         [1, 64]                   --
│    └─Linear: 2-3                       [1, 64]                   4,160
│    └─ReLU: 2-4                         [1, 64]                   --
│    └─Linear: 2-5                       [1, 64]                   4,160
│    └─ReLU: 2-6                         [1, 64]                   --
│    └─Linear: 2-7                       [1, 64]                   4,160
│    └─ReLU: 2-8                         [1, 64]                   --
│    └─Linear: 2-9                       [1, 64]                   4,160
│    └─ReLU: 2-10                        [1, 64]                   --
│    └─Linear: 2-11                      [1, 64]                   4,160
│    └─ReLU: 2-12                        [1, 64]                   --
│    └─Linear: 2-13                      [1, 64]                   4,160
│    └─ReLU: 2-14                        [1, 64]                   --
│    └─Linear: 2-15                      [1, 2]                    130
├─Sequential: 1-2                        [1, 2]                    (recursive)
│    └─Linear: 2-16                      [1, 64]                   (recursive)
│    └─ReLU: 2-17                        [1, 64]                   --
│    └─Linear: 2-18                      [1, 64]                   (recursive)
│    └─ReLU: 2-19                        [1, 64]                   --
│    └─Linear: 2-20                      [1, 64]                   (recursive)
│    └─ReLU: 2-21                        [1, 64]                   --
│    └─Linear: 2-22                      [1, 64]                   (recursive)
│    └─ReLU: 2-23                        [1, 64]                   --
│    └─Linear: 2-24                      [1, 64]                   (recursive)
│    └─ReLU: 2-25                        [1, 64]                   --
│    └─Linear: 2-26                      [1, 64]                   (recursive)
│    └─ReLU: 2-27                        [1, 64]                   --
│    └─Linear: 2-28                      [1, 64]                   (recursive)
│    └─ReLU: 2-29                        [1, 64]                   --
│    └─Linear: 2-30                      [1, 2]                    (recursive)
==========================================================================================
Total params: 25,288
Trainable params: 25,282
Non-trainable params: 6
Total mult-adds (Units.MEGABYTES): 0.05
==========================================================================================
Input size (MB): 0.00
Forward/backward pass size (MB): 0.01
Params size (MB): 0.10
Estimated Total Size (MB): 0.11
==========================================================================================
==> Saving initial model weights...
==> Start training...
==> Number of param_groups in optimizer: 1
Epoch: 001 | Train Loss: 31.1966084 | Grad norm: 1.230317 | Time: 2s356ms
Epoch: 001 | Test Loss: 30.8346523 | Time: 489ms
==> Save the model at epoch 001 with test loss 30.8346523
Epoch: 002 | Train Loss: 3.2952619 | Grad norm: 8.866663 | Time: 2s55ms
Epoch: 002 | Test Loss: 0.0268056 | Time: 545ms
==> Save the model at epoch 002 with test loss 0.0268056
Epoch: 003 | Train Loss: 0.0396644 | Grad norm: 4.348172 | Time: 2s252ms
Epoch: 003 | Test Loss: 0.0238441 | Time: 575ms
==> Save the model at epoch 003 with test loss 0.0238441
Epoch: 004 | Train Loss: 0.0603788 | Grad norm: 5.095581 | Time: 2s292ms
Epoch: 004 | Test Loss: 0.0303975 | Time: 470ms
Epoch: 005 | Train Loss: 0.0798711 | Grad norm: 6.111335 | Time: 2s453ms
Epoch: 005 | Test Loss: 0.0814264 | Time: 482ms
Epoch: 006 | Train Loss: 0.1113053 | Grad norm: 7.177493 | Time: 2s323ms
Epoch: 006 | Test Loss: 0.1279750 | Time: 485ms
Epoch: 007 | Train Loss: 0.1591207 | Grad norm: 8.751423 | Time: 2s287ms
Epoch: 007 | Test Loss: 0.0699723 | Time: 488ms
Epoch: 008 | Train Loss: 0.1383730 | Grad norm: 8.168863 | Time: 2s351ms
Epoch: 008 | Test Loss: 0.1191337 | Time: 476ms
Epoch: 009 | Train Loss: 0.1605657 | Grad norm: 9.027035 | Time: 2s204ms
Epoch: 009 | Test Loss: 0.1153018 | Time: 538ms
Epoch: 010 | Train Loss: 0.1784456 | Grad norm: 9.168071 | Time: 2s355ms
Epoch: 010 | Test Loss: 0.3183157 | Time: 551ms
Epoch: 011 | Train Loss: 0.1285873 | Grad norm: 7.982555 | Time: 2s306ms
Epoch: 011 | Test Loss: 0.0868930 | Time: 504ms
Epoch: 012 | Train Loss: 0.1164243 | Grad norm: 7.553350 | Time: 2s316ms
Epoch: 012 | Test Loss: 0.1949971 | Time: 501ms
Epoch: 013 | Train Loss: 0.1058444 | Grad norm: 7.029195 | Time: 2s196ms
Epoch: 013 | Test Loss: 0.0404688 | Time: 479ms
Epoch: 014 | Train Loss: 0.0639221 | Grad norm: 5.272660 | Time: 2s129ms
Epoch: 014 | Test Loss: 0.0641294 | Time: 497ms
Epoch: 015 | Train Loss: 0.0679385 | Grad norm: 5.503767 | Time: 2s129ms
Epoch: 015 | Test Loss: 0.0539423 | Time: 482ms
Epoch: 016 | Train Loss: 0.0539732 | Grad norm: 4.695772 | Time: 2s206ms
Epoch: 016 | Test Loss: 0.1536568 | Time: 468ms
Epoch: 017 | Train Loss: 0.0625452 | Grad norm: 5.130313 | Time: 2s286ms
Epoch: 017 | Test Loss: 0.0804162 | Time: 507ms
Epoch: 018 | Train Loss: 0.0587720 | Grad norm: 5.088910 | Time: 2s228ms
Epoch: 018 | Test Loss: 0.0438444 | Time: 550ms
Epoch: 019 | Train Loss: 0.0327822 | Grad norm: 3.625162 | Time: 2s169ms
Epoch: 019 | Test Loss: 0.0322241 | Time: 475ms
Epoch: 020 | Train Loss: 0.0341408 | Grad norm: 3.680084 | Time: 2s54ms
Epoch: 020 | Test Loss: 0.0227497 | Time: 468ms
==> Save the model at epoch 020 with test loss 0.0227497
Epoch: 021 | Train Loss: 0.0294523 | Grad norm: 3.239138 | Time: 2s273ms
Epoch: 021 | Test Loss: 0.0156695 | Time: 484ms
==> Save the model at epoch 021 with test loss 0.0156695
Epoch: 022 | Train Loss: 0.0274027 | Grad norm: 3.135924 | Time: 2s112ms
Epoch: 022 | Test Loss: 0.0168281 | Time: 497ms
Epoch: 023 | Train Loss: 0.0285060 | Grad norm: 3.175589 | Time: 2s279ms
Epoch: 023 | Test Loss: 0.0128358 | Time: 470ms
==> Save the model at epoch 023 with test loss 0.0128358
Epoch: 024 | Train Loss: 0.0168482 | Grad norm: 2.248931 | Time: 2s330ms
Epoch: 024 | Test Loss: 0.0248288 | Time: 482ms
Epoch: 025 | Train Loss: 0.0163874 | Grad norm: 2.126516 | Time: 2s238ms
Epoch: 025 | Test Loss: 0.0156057 | Time: 475ms
Epoch: 026 | Train Loss: 0.0139686 | Grad norm: 1.800697 | Time: 2s222ms
Epoch: 026 | Test Loss: 0.0137120 | Time: 590ms
Epoch: 027 | Train Loss: 0.0150622 | Grad norm: 1.934529 | Time: 2s302ms
Epoch: 027 | Test Loss: 0.0232333 | Time: 501ms
Epoch: 028 | Train Loss: 0.0112661 | Grad norm: 1.413338 | Time: 2s216ms
Epoch: 028 | Test Loss: 0.0103201 | Time: 502ms
==> Save the model at epoch 028 with test loss 0.0103201
Epoch: 029 | Train Loss: 0.0108050 | Grad norm: 1.344781 | Time: 2s372ms
Epoch: 029 | Test Loss: 0.0094906 | Time: 492ms
==> Save the model at epoch 029 with test loss 0.0094906
Epoch: 030 | Train Loss: 0.0092776 | Grad norm: 0.982807 | Time: 2s275ms
Epoch: 030 | Test Loss: 0.0081737 | Time: 492ms
==> Save the model at epoch 030 with test loss 0.0081737
Epoch: 031 | Train Loss: 0.0086596 | Grad norm: 0.844167 | Time: 2s304ms
Epoch: 031 | Test Loss: 0.0077343 | Time: 495ms
==> Save the model at epoch 031 with test loss 0.0077343
Epoch: 032 | Train Loss: 0.0081738 | Grad norm: 0.690057 | Time: 2s224ms
Epoch: 032 | Test Loss: 0.0076555 | Time: 539ms
==> Save the model at epoch 032 with test loss 0.0076555
Epoch: 033 | Train Loss: 0.0079127 | Grad norm: 0.593887 | Time: 2s144ms
Epoch: 033 | Test Loss: 0.0106146 | Time: 490ms
Epoch: 034 | Train Loss: 0.0078881 | Grad norm: 0.577105 | Time: 2s253ms
Epoch: 034 | Test Loss: 0.0075797 | Time: 566ms
==> Save the model at epoch 034 with test loss 0.0075797
Epoch: 035 | Train Loss: 0.0076209 | Grad norm: 0.482055 | Time: 2s175ms
Epoch: 035 | Test Loss: 0.0069590 | Time: 458ms
==> Save the model at epoch 035 with test loss 0.0069590
Epoch: 036 | Train Loss: 0.0073747 | Grad norm: 0.348079 | Time: 2s196ms
Epoch: 036 | Test Loss: 0.0072940 | Time: 470ms
Epoch: 037 | Train Loss: 0.0074076 | Grad norm: 0.378430 | Time: 2s236ms
Epoch: 037 | Test Loss: 0.0073649 | Time: 466ms
Epoch: 038 | Train Loss: 0.0073040 | Grad norm: 0.307607 | Time: 2s219ms
Epoch: 038 | Test Loss: 0.0068757 | Time: 486ms
==> Save the model at epoch 038 with test loss 0.0068757
Epoch: 039 | Train Loss: 0.0072109 | Grad norm: 0.230266 | Time: 2s388ms
Epoch: 039 | Test Loss: 0.0068867 | Time: 499ms
Epoch: 040 | Train Loss: 0.0071818 | Grad norm: 0.205147 | Time: 2s315ms
Epoch: 040 | Test Loss: 0.0068510 | Time: 539ms
==> Save the model at epoch 040 with test loss 0.0068510
Total time: 1m50s
==> Saving trained model weights...
==> Input bias to be applied to the neural network (trained):
[0. 0.]
==> Input transform to be applied to the neural network (trained):
[0.5090095 0.5090095]
==> Output transform to be applied to the neural network (trained):
[3.9366 3.9363]
==> Saving training info...
==> Drawing training loss...
==> Drawing grad norm...
==> Drawing testing loss...
==> Process finished.
