==> torch device:  cuda:0
==> Test-Train split: test_ratio = 0.20
==> Test-Train split seed:  None
==> Further split: further_train_ratio = 0.25
==> Further split seed:  None
==> Input bias to be applied to the neural network:
[0. 0.]
==> Input transform to be applied to the neural network:
[0.496845   0.52004784]
==> Ouput transform to be applied to the neural network:
[1.9242 2.0182]
==> Evaluating model...
==========================================================================================
Layer (type:depth-idx)                   Output Shape              Param #
==========================================================================================
NeuralNetwork                            [1, 2]                    6
├─Sequential: 1-1                        [1, 2]                    --
│    └─Linear: 2-1                       [1, 64]                   192
│    └─ReLU: 2-2                         [1, 64]                   --
│    └─Linear: 2-3                       [1, 64]                   4,160
│    └─ReLU: 2-4                         [1, 64]                   --
│    └─Linear: 2-5                       [1, 64]                   4,160
│    └─ReLU: 2-6                         [1, 64]                   --
│    └─Linear: 2-7                       [1, 64]                   4,160
│    └─ReLU: 2-8                         [1, 64]                   --
│    └─Linear: 2-9                       [1, 64]                   4,160
│    └─ReLU: 2-10                        [1, 64]                   --
│    └─Linear: 2-11                      [1, 64]                   4,160
│    └─ReLU: 2-12                        [1, 64]                   --
│    └─Linear: 2-13                      [1, 64]                   4,160
│    └─ReLU: 2-14                        [1, 64]                   --
│    └─Linear: 2-15                      [1, 2]                    130
├─Sequential: 1-2                        [1, 2]                    (recursive)
│    └─Linear: 2-16                      [1, 64]                   (recursive)
│    └─ReLU: 2-17                        [1, 64]                   --
│    └─Linear: 2-18                      [1, 64]                   (recursive)
│    └─ReLU: 2-19                        [1, 64]                   --
│    └─Linear: 2-20                      [1, 64]                   (recursive)
│    └─ReLU: 2-21                        [1, 64]                   --
│    └─Linear: 2-22                      [1, 64]                   (recursive)
│    └─ReLU: 2-23                        [1, 64]                   --
│    └─Linear: 2-24                      [1, 64]                   (recursive)
│    └─ReLU: 2-25                        [1, 64]                   --
│    └─Linear: 2-26                      [1, 64]                   (recursive)
│    └─ReLU: 2-27                        [1, 64]                   --
│    └─Linear: 2-28                      [1, 64]                   (recursive)
│    └─ReLU: 2-29                        [1, 64]                   --
│    └─Linear: 2-30                      [1, 2]                    (recursive)
==========================================================================================
Total params: 25,288
Trainable params: 25,282
Non-trainable params: 6
Total mult-adds (Units.MEGABYTES): 0.05
==========================================================================================
Input size (MB): 0.00
Forward/backward pass size (MB): 0.01
Params size (MB): 0.10
Estimated Total Size (MB): 0.11
==========================================================================================
==> Saving initial model weights...
==> Start training...
==> Number of param_groups in optimizer: 1
Epoch: 001 | Train Loss: 7.7641213 | Grad norm: 0.267228 | Time: 1s360ms
Epoch: 001 | Test Loss: 7.8142421 | Time: 516ms
==> Save the model at epoch 001 with test loss 7.8142421
Epoch: 002 | Train Loss: 7.7540794 | Grad norm: 0.163849 | Time: 1s66ms
Epoch: 002 | Test Loss: 7.7999938 | Time: 437ms
==> Save the model at epoch 002 with test loss 7.7999938
Epoch: 003 | Train Loss: 7.5865293 | Grad norm: 0.698414 | Time: 998ms
Epoch: 003 | Test Loss: 6.9548706 | Time: 510ms
==> Save the model at epoch 003 with test loss 6.9548706
Epoch: 004 | Train Loss: 4.6170099 | Grad norm: 2.408431 | Time: 1s32ms
Epoch: 004 | Test Loss: 3.1187865 | Time: 447ms
==> Save the model at epoch 004 with test loss 3.1187865
Epoch: 005 | Train Loss: 0.8387492 | Grad norm: 2.472403 | Time: 978ms
Epoch: 005 | Test Loss: 0.3787628 | Time: 440ms
==> Save the model at epoch 005 with test loss 0.3787628
Epoch: 006 | Train Loss: 0.3052975 | Grad norm: 1.672534 | Time: 1s34ms
Epoch: 006 | Test Loss: 0.2924474 | Time: 442ms
==> Save the model at epoch 006 with test loss 0.2924474
Epoch: 007 | Train Loss: 0.2461809 | Grad norm: 1.567934 | Time: 1s76ms
Epoch: 007 | Test Loss: 0.2208816 | Time: 541ms
==> Save the model at epoch 007 with test loss 0.2208816
Epoch: 008 | Train Loss: 0.2247471 | Grad norm: 1.787338 | Time: 1s40ms
Epoch: 008 | Test Loss: 0.2406608 | Time: 455ms
Epoch: 009 | Train Loss: 0.2016663 | Grad norm: 1.449763 | Time: 946ms
Epoch: 009 | Test Loss: 0.2442468 | Time: 449ms
Epoch: 010 | Train Loss: 0.2068878 | Grad norm: 1.579107 | Time: 1s9ms
Epoch: 010 | Test Loss: 0.2209035 | Time: 439ms
Epoch: 011 | Train Loss: 0.2263569 | Grad norm: 1.799091 | Time: 1s30ms
Epoch: 011 | Test Loss: 0.2415342 | Time: 517ms
Epoch: 012 | Train Loss: 0.2253442 | Grad norm: 1.664083 | Time: 1s13ms
Epoch: 012 | Test Loss: 0.2418208 | Time: 438ms
Epoch: 013 | Train Loss: 0.2136241 | Grad norm: 1.520121 | Time: 1s24ms
Epoch: 013 | Test Loss: 0.2151121 | Time: 440ms
==> Save the model at epoch 013 with test loss 0.2151121
Epoch: 014 | Train Loss: 0.2329198 | Grad norm: 1.741366 | Time: 1s78ms
Epoch: 014 | Test Loss: 0.2500343 | Time: 442ms
Epoch: 015 | Train Loss: 0.2339490 | Grad norm: 1.705183 | Time: 973ms
Epoch: 015 | Test Loss: 0.2355918 | Time: 515ms
Epoch: 016 | Train Loss: 0.2167791 | Grad norm: 1.449848 | Time: 1s71ms
Epoch: 016 | Test Loss: 0.2178223 | Time: 439ms
Epoch: 017 | Train Loss: 0.2076399 | Grad norm: 1.392644 | Time: 1s30ms
Epoch: 017 | Test Loss: 0.2224861 | Time: 438ms
Epoch: 018 | Train Loss: 0.2135135 | Grad norm: 1.556522 | Time: 987ms
Epoch: 018 | Test Loss: 0.2245217 | Time: 443ms
Epoch: 019 | Train Loss: 0.2231635 | Grad norm: 1.666299 | Time: 972ms
Epoch: 019 | Test Loss: 0.2395222 | Time: 510ms
Epoch: 020 | Train Loss: 0.2240155 | Grad norm: 1.493054 | Time: 971ms
Epoch: 020 | Test Loss: 0.2270466 | Time: 443ms
Epoch: 021 | Train Loss: 0.2175088 | Grad norm: 1.609340 | Time: 1s25ms
Epoch: 021 | Test Loss: 0.2310992 | Time: 441ms
Epoch: 022 | Train Loss: 0.2114996 | Grad norm: 1.359444 | Time: 976ms
Epoch: 022 | Test Loss: 0.2105347 | Time: 449ms
==> Save the model at epoch 022 with test loss 0.2105347
Epoch: 023 | Train Loss: 0.2042822 | Grad norm: 1.426414 | Time: 1s57ms
Epoch: 023 | Test Loss: 0.2124774 | Time: 520ms
Epoch: 024 | Train Loss: 0.2080834 | Grad norm: 1.376195 | Time: 1s49ms
Epoch: 024 | Test Loss: 0.2145702 | Time: 472ms
Epoch: 025 | Train Loss: 0.2008970 | Grad norm: 1.299198 | Time: 957ms
Epoch: 025 | Test Loss: 0.2079921 | Time: 440ms
==> Save the model at epoch 025 with test loss 0.2079921
Epoch: 026 | Train Loss: 0.2027265 | Grad norm: 1.452951 | Time: 1s28ms
Epoch: 026 | Test Loss: 0.2162823 | Time: 452ms
Epoch: 027 | Train Loss: 0.2012468 | Grad norm: 1.339478 | Time: 979ms
Epoch: 027 | Test Loss: 0.2116896 | Time: 510ms
Epoch: 028 | Train Loss: 0.2000836 | Grad norm: 1.350997 | Time: 1s41ms
Epoch: 028 | Test Loss: 0.2036581 | Time: 455ms
==> Save the model at epoch 028 with test loss 0.2036581
Epoch: 029 | Train Loss: 0.1952628 | Grad norm: 1.298870 | Time: 1s52ms
Epoch: 029 | Test Loss: 0.2113600 | Time: 457ms
Epoch: 030 | Train Loss: 0.1949294 | Grad norm: 1.278514 | Time: 961ms
Epoch: 030 | Test Loss: 0.2047762 | Time: 442ms
Epoch: 031 | Train Loss: 0.1957673 | Grad norm: 1.282719 | Time: 1s46ms
Epoch: 031 | Test Loss: 0.2041291 | Time: 510ms
Epoch: 032 | Train Loss: 0.1950404 | Grad norm: 1.236410 | Time: 1s20ms
Epoch: 032 | Test Loss: 0.1997353 | Time: 455ms
==> Save the model at epoch 032 with test loss 0.1997353
Epoch: 033 | Train Loss: 0.1919424 | Grad norm: 1.207541 | Time: 1s25ms
Epoch: 033 | Test Loss: 0.2037993 | Time: 455ms
Epoch: 034 | Train Loss: 0.1884849 | Grad norm: 1.097466 | Time: 988ms
Epoch: 034 | Test Loss: 0.1948468 | Time: 438ms
==> Save the model at epoch 034 with test loss 0.1948468
Epoch: 035 | Train Loss: 0.1861118 | Grad norm: 1.092192 | Time: 978ms
Epoch: 035 | Test Loss: 0.1944222 | Time: 528ms
==> Save the model at epoch 035 with test loss 0.1944222
Epoch: 036 | Train Loss: 0.1848059 | Grad norm: 1.065784 | Time: 981ms
Epoch: 036 | Test Loss: 0.1932605 | Time: 438ms
==> Save the model at epoch 036 with test loss 0.1932605
Epoch: 037 | Train Loss: 0.1843436 | Grad norm: 1.054179 | Time: 1s11ms
Epoch: 037 | Test Loss: 0.1933703 | Time: 452ms
Epoch: 038 | Train Loss: 0.1838854 | Grad norm: 1.050491 | Time: 1s68ms
Epoch: 038 | Test Loss: 0.1924724 | Time: 440ms
==> Save the model at epoch 038 with test loss 0.1924724
Epoch: 039 | Train Loss: 0.1827845 | Grad norm: 1.091857 | Time: 954ms
Epoch: 039 | Test Loss: 0.1929394 | Time: 516ms
Epoch: 040 | Train Loss: 0.1827561 | Grad norm: 1.004438 | Time: 1s1ms
Epoch: 040 | Test Loss: 0.1924874 | Time: 438ms
Total time: 59s564ms
==> Saving trained model weights...
==> Input bias to be applied to the neural network (trained):
[0. 0.]
==> Input transform to be applied to the neural network (trained):
[0.496845   0.52004784]
==> Output transform to be applied to the neural network (trained):
[1.9242 2.0182]
==> Saving training info...
==> Drawing training loss...
==> Drawing grad norm...
==> Drawing testing loss...
==> Process finished.
