==> torch device:  cuda:0
==> Test-Train split: test_ratio = 0.20
==> Test-Train split seed:  None
==> Further split: further_train_ratio = 0.50
==> Further split seed:  None
==> Input bias to be applied to the neural network:
[0. 0.]
==> Input transform to be applied to the neural network:
[0.496845   0.52004784]
==> Ouput transform to be applied to the neural network:
[1.9242 2.0182]
==> Evaluating model...
==========================================================================================
Layer (type:depth-idx)                   Output Shape              Param #
==========================================================================================
NeuralNetwork                            [1, 2]                    6
├─Sequential: 1-1                        [1, 2]                    --
│    └─Linear: 2-1                       [1, 64]                   192
│    └─ReLU: 2-2                         [1, 64]                   --
│    └─Linear: 2-3                       [1, 64]                   4,160
│    └─ReLU: 2-4                         [1, 64]                   --
│    └─Linear: 2-5                       [1, 64]                   4,160
│    └─ReLU: 2-6                         [1, 64]                   --
│    └─Linear: 2-7                       [1, 64]                   4,160
│    └─ReLU: 2-8                         [1, 64]                   --
│    └─Linear: 2-9                       [1, 64]                   4,160
│    └─ReLU: 2-10                        [1, 64]                   --
│    └─Linear: 2-11                      [1, 64]                   4,160
│    └─ReLU: 2-12                        [1, 64]                   --
│    └─Linear: 2-13                      [1, 64]                   4,160
│    └─ReLU: 2-14                        [1, 64]                   --
│    └─Linear: 2-15                      [1, 2]                    130
├─Sequential: 1-2                        [1, 2]                    (recursive)
│    └─Linear: 2-16                      [1, 64]                   (recursive)
│    └─ReLU: 2-17                        [1, 64]                   --
│    └─Linear: 2-18                      [1, 64]                   (recursive)
│    └─ReLU: 2-19                        [1, 64]                   --
│    └─Linear: 2-20                      [1, 64]                   (recursive)
│    └─ReLU: 2-21                        [1, 64]                   --
│    └─Linear: 2-22                      [1, 64]                   (recursive)
│    └─ReLU: 2-23                        [1, 64]                   --
│    └─Linear: 2-24                      [1, 64]                   (recursive)
│    └─ReLU: 2-25                        [1, 64]                   --
│    └─Linear: 2-26                      [1, 64]                   (recursive)
│    └─ReLU: 2-27                        [1, 64]                   --
│    └─Linear: 2-28                      [1, 64]                   (recursive)
│    └─ReLU: 2-29                        [1, 64]                   --
│    └─Linear: 2-30                      [1, 2]                    (recursive)
==========================================================================================
Total params: 25,288
Trainable params: 25,282
Non-trainable params: 6
Total mult-adds (Units.MEGABYTES): 0.05
==========================================================================================
Input size (MB): 0.00
Forward/backward pass size (MB): 0.01
Params size (MB): 0.10
Estimated Total Size (MB): 0.11
==========================================================================================
==> Saving initial model weights...
==> Start training...
==> Number of param_groups in optimizer: 1
Epoch: 001 | Train Loss: 7.7577526 | Grad norm: 0.266728 | Time: 2s202ms
Epoch: 001 | Test Loss: 7.8142421 | Time: 521ms
==> Save the model at epoch 001 with test loss 7.8142421
Epoch: 002 | Train Loss: 7.7332784 | Grad norm: 0.209957 | Time: 2s366ms
Epoch: 002 | Test Loss: 7.7214214 | Time: 550ms
==> Save the model at epoch 002 with test loss 7.7214214
Epoch: 003 | Train Loss: 4.8660281 | Grad norm: 2.464337 | Time: 2s150ms
Epoch: 003 | Test Loss: 1.6297624 | Time: 456ms
==> Save the model at epoch 003 with test loss 1.6297624
Epoch: 004 | Train Loss: 0.4309219 | Grad norm: 1.754905 | Time: 1s996ms
Epoch: 004 | Test Loss: 0.2770275 | Time: 448ms
==> Save the model at epoch 004 with test loss 0.2770275
Epoch: 005 | Train Loss: 0.2307451 | Grad norm: 1.478653 | Time: 2s84ms
Epoch: 005 | Test Loss: 0.2096695 | Time: 547ms
==> Save the model at epoch 005 with test loss 0.2096695
Epoch: 006 | Train Loss: 0.1966451 | Grad norm: 1.489338 | Time: 2s150ms
Epoch: 006 | Test Loss: 0.2038453 | Time: 456ms
==> Save the model at epoch 006 with test loss 0.2038453
Epoch: 007 | Train Loss: 0.1984600 | Grad norm: 1.530410 | Time: 1s885ms
Epoch: 007 | Test Loss: 0.2011692 | Time: 448ms
==> Save the model at epoch 007 with test loss 0.2011692
Epoch: 008 | Train Loss: 0.2110743 | Grad norm: 1.591532 | Time: 2s225ms
Epoch: 008 | Test Loss: 0.2185772 | Time: 450ms
Epoch: 009 | Train Loss: 0.2237665 | Grad norm: 1.676703 | Time: 2s108ms
Epoch: 009 | Test Loss: 0.2330590 | Time: 449ms
Epoch: 010 | Train Loss: 0.2346002 | Grad norm: 1.763038 | Time: 2s65ms
Epoch: 010 | Test Loss: 0.2517277 | Time: 534ms
Epoch: 011 | Train Loss: 0.2520130 | Grad norm: 1.827692 | Time: 1s984ms
Epoch: 011 | Test Loss: 0.2671916 | Time: 508ms
Epoch: 012 | Train Loss: 0.2419640 | Grad norm: 1.665343 | Time: 2s113ms
Epoch: 012 | Test Loss: 0.2497966 | Time: 451ms
Epoch: 013 | Train Loss: 0.2135823 | Grad norm: 1.448441 | Time: 1s879ms
Epoch: 013 | Test Loss: 0.2335736 | Time: 481ms
Epoch: 014 | Train Loss: 0.2281902 | Grad norm: 1.593627 | Time: 2s40ms
Epoch: 014 | Test Loss: 0.2745291 | Time: 463ms
Epoch: 015 | Train Loss: 0.2236878 | Grad norm: 1.588034 | Time: 2s138ms
Epoch: 015 | Test Loss: 0.2490725 | Time: 448ms
Epoch: 016 | Train Loss: 0.2391957 | Grad norm: 1.788572 | Time: 1s976ms
Epoch: 016 | Test Loss: 0.2687061 | Time: 454ms
Epoch: 017 | Train Loss: 0.2343509 | Grad norm: 1.601063 | Time: 1s955ms
Epoch: 017 | Test Loss: 0.2301490 | Time: 447ms
Epoch: 018 | Train Loss: 0.2414195 | Grad norm: 1.701790 | Time: 2s104ms
Epoch: 018 | Test Loss: 0.2619089 | Time: 551ms
Epoch: 019 | Train Loss: 0.2174963 | Grad norm: 1.428134 | Time: 2s41ms
Epoch: 019 | Test Loss: 0.2375612 | Time: 467ms
Epoch: 020 | Train Loss: 0.2107631 | Grad norm: 1.400213 | Time: 2s29ms
Epoch: 020 | Test Loss: 0.2247735 | Time: 447ms
Epoch: 021 | Train Loss: 0.2165569 | Grad norm: 1.496051 | Time: 2s109ms
Epoch: 021 | Test Loss: 0.2349249 | Time: 463ms
Epoch: 022 | Train Loss: 0.2221644 | Grad norm: 1.561055 | Time: 1s996ms
Epoch: 022 | Test Loss: 0.2311043 | Time: 451ms
Epoch: 023 | Train Loss: 0.2063772 | Grad norm: 1.345072 | Time: 2s205ms
Epoch: 023 | Test Loss: 0.2285301 | Time: 466ms
Epoch: 024 | Train Loss: 0.2184350 | Grad norm: 1.601435 | Time: 2s46ms
Epoch: 024 | Test Loss: 0.2377895 | Time: 469ms
Epoch: 025 | Train Loss: 0.2115966 | Grad norm: 1.318794 | Time: 1s993ms
Epoch: 025 | Test Loss: 0.2142338 | Time: 475ms
Epoch: 026 | Train Loss: 0.2092155 | Grad norm: 1.452062 | Time: 1s979ms
Epoch: 026 | Test Loss: 0.2169790 | Time: 551ms
Epoch: 027 | Train Loss: 0.1971876 | Grad norm: 1.196141 | Time: 2s99ms
Epoch: 027 | Test Loss: 0.2161555 | Time: 453ms
Epoch: 028 | Train Loss: 0.1975202 | Grad norm: 1.402169 | Time: 2s17ms
Epoch: 028 | Test Loss: 0.2167466 | Time: 464ms
Epoch: 029 | Train Loss: 0.2007087 | Grad norm: 1.321309 | Time: 2s52ms
Epoch: 029 | Test Loss: 0.2126791 | Time: 457ms
Epoch: 030 | Train Loss: 0.1933976 | Grad norm: 1.212417 | Time: 1s967ms
Epoch: 030 | Test Loss: 0.2038815 | Time: 449ms
Epoch: 031 | Train Loss: 0.1927746 | Grad norm: 1.199669 | Time: 2s28ms
Epoch: 031 | Test Loss: 0.2050913 | Time: 471ms
Epoch: 032 | Train Loss: 0.1891812 | Grad norm: 1.185672 | Time: 2s174ms
Epoch: 032 | Test Loss: 0.1995695 | Time: 467ms
==> Save the model at epoch 032 with test loss 0.1995695
Epoch: 033 | Train Loss: 0.1885368 | Grad norm: 1.083661 | Time: 2s84ms
Epoch: 033 | Test Loss: 0.1961742 | Time: 456ms
==> Save the model at epoch 033 with test loss 0.1961742
Epoch: 034 | Train Loss: 0.1857390 | Grad norm: 1.106447 | Time: 2s136ms
Epoch: 034 | Test Loss: 0.1975045 | Time: 522ms
Epoch: 035 | Train Loss: 0.1829444 | Grad norm: 1.033492 | Time: 2s50ms
Epoch: 035 | Test Loss: 0.1935900 | Time: 468ms
==> Save the model at epoch 035 with test loss 0.1935900
Epoch: 036 | Train Loss: 0.1809470 | Grad norm: 1.029310 | Time: 2s104ms
Epoch: 036 | Test Loss: 0.1944015 | Time: 470ms
Epoch: 037 | Train Loss: 0.1808038 | Grad norm: 1.056591 | Time: 2s2ms
Epoch: 037 | Test Loss: 0.1946934 | Time: 508ms
Epoch: 038 | Train Loss: 0.1801303 | Grad norm: 1.021184 | Time: 2s99ms
Epoch: 038 | Test Loss: 0.1919596 | Time: 485ms
==> Save the model at epoch 038 with test loss 0.1919596
Epoch: 039 | Train Loss: 0.1794763 | Grad norm: 1.023946 | Time: 2s38ms
Epoch: 039 | Test Loss: 0.1921665 | Time: 487ms
Epoch: 040 | Train Loss: 0.1791412 | Grad norm: 0.989211 | Time: 2s137ms
Epoch: 040 | Test Loss: 0.1922732 | Time: 472ms
Total time: 1m41s
==> Saving trained model weights...
==> Input bias to be applied to the neural network (trained):
[0. 0.]
==> Input transform to be applied to the neural network (trained):
[0.496845   0.52004784]
==> Output transform to be applied to the neural network (trained):
[1.9242 2.0182]
==> Saving training info...
==> Drawing training loss...
==> Drawing grad norm...
==> Drawing testing loss...
==> Process finished.
