==> torch device:  cuda:3
==> Test-Train split: test_ratio = 0.20
==> Test-Train split seed:  None
==> Further split: further_train_ratio = 1.00
==> Further split seed:  None
==> Lipschitz constant: 1.00
==> Input bias to be applied to the neural network:
[0. 0.]
==> Input transform to be applied to the neural network:
[0.5123476 0.5241365]
==> Ouput transform to be applied to the neural network:
[1.908  1.9349]
==> Evaluating model...
==========================================================================================
Layer (type:depth-idx)                   Output Shape              Param #
==========================================================================================
NeuralNetwork                            [1, 2]                    6
├─Sequential: 1-1                        [1, 2]                    --
│    └─SandwichFc: 2-1                   [1, 64]                   4,353
│    └─SandwichFc: 2-2                   [1, 64]                   8,321
│    └─SandwichFc: 2-3                   [1, 64]                   8,321
│    └─SandwichFc: 2-4                   [1, 64]                   8,321
│    └─SandwichFc: 2-5                   [1, 64]                   8,321
│    └─SandwichFc: 2-6                   [1, 64]                   8,321
│    └─SandwichFc: 2-7                   [1, 64]                   8,321
│    └─SandwichLin: 2-8                  [1, 2]                    135
├─Sequential: 1-2                        [1, 2]                    (recursive)
│    └─SandwichFc: 2-9                   [1, 64]                   (recursive)
│    └─SandwichFc: 2-10                  [1, 64]                   (recursive)
│    └─SandwichFc: 2-11                  [1, 64]                   (recursive)
│    └─SandwichFc: 2-12                  [1, 64]                   (recursive)
│    └─SandwichFc: 2-13                  [1, 64]                   (recursive)
│    └─SandwichFc: 2-14                  [1, 64]                   (recursive)
│    └─SandwichFc: 2-15                  [1, 64]                   (recursive)
│    └─SandwichLin: 2-16                 [1, 2]                    (recursive)
==========================================================================================
Total params: 54,420
Trainable params: 54,414
Non-trainable params: 6
Total mult-adds (Units.MEGABYTES): 0.11
==========================================================================================
Input size (MB): 0.00
Forward/backward pass size (MB): 0.01
Params size (MB): 0.22
Estimated Total Size (MB): 0.22
==========================================================================================
==> Saving initial model weights...
==> Start training...
==> Number of param_groups in optimizer: 1
Epoch: 001 | Train Loss: 7.3790266 | Grad norm: 2.366709 | Time: 18s768ms
Epoch: 001 | Test Loss: 7.4036366 | Time: 643ms
==> Save the model at epoch 001 with test loss 7.4036366
Epoch: 002 | Train Loss: 1.4780210 | Grad norm: 2.680875 | Time: 18s646ms
Epoch: 002 | Test Loss: 0.6215845 | Time: 626ms
==> Save the model at epoch 002 with test loss 0.6215845
Epoch: 003 | Train Loss: 0.3877864 | Grad norm: 1.766789 | Time: 18s707ms
Epoch: 003 | Test Loss: 0.2807325 | Time: 629ms
==> Save the model at epoch 003 with test loss 0.2807325
Epoch: 004 | Train Loss: 0.2590065 | Grad norm: 2.440503 | Time: 18s399ms
Epoch: 004 | Test Loss: 0.2291077 | Time: 705ms
==> Save the model at epoch 004 with test loss 0.2291077
Epoch: 005 | Train Loss: 0.2354659 | Grad norm: 3.090713 | Time: 18s356ms
Epoch: 005 | Test Loss: 0.2271960 | Time: 623ms
==> Save the model at epoch 005 with test loss 0.2271960
Epoch: 006 | Train Loss: 0.2404217 | Grad norm: 4.659165 | Time: 18s891ms
Epoch: 006 | Test Loss: 0.2031212 | Time: 646ms
==> Save the model at epoch 006 with test loss 0.2031212
Epoch: 007 | Train Loss: 0.2155431 | Grad norm: 2.755358 | Time: 18s705ms
Epoch: 007 | Test Loss: 0.1999400 | Time: 631ms
==> Save the model at epoch 007 with test loss 0.1999400
Epoch: 008 | Train Loss: 0.2162830 | Grad norm: 3.301285 | Time: 18s404ms
Epoch: 008 | Test Loss: 0.1993007 | Time: 697ms
==> Save the model at epoch 008 with test loss 0.1993007
Epoch: 009 | Train Loss: 0.2046070 | Grad norm: 2.615643 | Time: 18s80ms
Epoch: 009 | Test Loss: 0.2175993 | Time: 624ms
Epoch: 010 | Train Loss: 0.1963765 | Grad norm: 1.855820 | Time: 19s13ms
Epoch: 010 | Test Loss: 0.1922606 | Time: 635ms
==> Save the model at epoch 010 with test loss 0.1922606
Epoch: 011 | Train Loss: 0.1978708 | Grad norm: 2.074197 | Time: 18s457ms
Epoch: 011 | Test Loss: 0.1897476 | Time: 630ms
==> Save the model at epoch 011 with test loss 0.1897476
Epoch: 012 | Train Loss: 0.1979816 | Grad norm: 2.076282 | Time: 18s868ms
Epoch: 012 | Test Loss: 0.1924788 | Time: 626ms
Epoch: 013 | Train Loss: 0.1924283 | Grad norm: 1.518114 | Time: 18s705ms
Epoch: 013 | Test Loss: 0.1850547 | Time: 621ms
==> Save the model at epoch 013 with test loss 0.1850547
Epoch: 014 | Train Loss: 0.1927638 | Grad norm: 1.590838 | Time: 18s847ms
Epoch: 014 | Test Loss: 0.2068942 | Time: 706ms
Epoch: 015 | Train Loss: 0.1909151 | Grad norm: 1.375559 | Time: 18s167ms
Epoch: 015 | Test Loss: 0.1967097 | Time: 696ms
Epoch: 016 | Train Loss: 0.1891468 | Grad norm: 1.207257 | Time: 18s767ms
Epoch: 016 | Test Loss: 0.1818400 | Time: 630ms
==> Save the model at epoch 016 with test loss 0.1818400
Epoch: 017 | Train Loss: 0.1888449 | Grad norm: 1.143244 | Time: 18s983ms
Epoch: 017 | Test Loss: 0.1865380 | Time: 633ms
Epoch: 018 | Train Loss: 0.1903138 | Grad norm: 1.287073 | Time: 18s942ms
Epoch: 018 | Test Loss: 0.1845192 | Time: 628ms
Epoch: 019 | Train Loss: 0.1876855 | Grad norm: 0.995435 | Time: 18s633ms
Epoch: 019 | Test Loss: 0.1845958 | Time: 624ms
Epoch: 020 | Train Loss: 0.1892920 | Grad norm: 1.103787 | Time: 19s331ms
Epoch: 020 | Test Loss: 0.1831422 | Time: 629ms
Epoch: 021 | Train Loss: 0.1867216 | Grad norm: 0.888232 | Time: 19s49ms
Epoch: 021 | Test Loss: 0.1827508 | Time: 634ms
Epoch: 022 | Train Loss: 0.1869536 | Grad norm: 0.919838 | Time: 19s401ms
Epoch: 022 | Test Loss: 0.1880053 | Time: 697ms
Epoch: 023 | Train Loss: 0.1866634 | Grad norm: 0.878913 | Time: 18s996ms
Epoch: 023 | Test Loss: 0.1840243 | Time: 615ms
Epoch: 024 | Train Loss: 0.1862603 | Grad norm: 0.809461 | Time: 18s435ms
Epoch: 024 | Test Loss: 0.1821986 | Time: 625ms
Epoch: 025 | Train Loss: 0.1857796 | Grad norm: 0.764486 | Time: 18s889ms
Epoch: 025 | Test Loss: 0.1812461 | Time: 618ms
==> Save the model at epoch 025 with test loss 0.1812461
Epoch: 026 | Train Loss: 0.1859239 | Grad norm: 0.775028 | Time: 18s876ms
Epoch: 026 | Test Loss: 0.1817013 | Time: 623ms
Epoch: 027 | Train Loss: 0.1850415 | Grad norm: 0.660019 | Time: 18s991ms
Epoch: 027 | Test Loss: 0.1809086 | Time: 627ms
==> Save the model at epoch 027 with test loss 0.1809086
Epoch: 028 | Train Loss: 0.1846142 | Grad norm: 0.580060 | Time: 19s332ms
Epoch: 028 | Test Loss: 0.1808368 | Time: 626ms
==> Save the model at epoch 028 with test loss 0.1808368
Epoch: 029 | Train Loss: 0.1847656 | Grad norm: 0.630333 | Time: 18s626ms
Epoch: 029 | Test Loss: 0.1843615 | Time: 695ms
Epoch: 030 | Train Loss: 0.1846982 | Grad norm: 0.638964 | Time: 18s696ms
Epoch: 030 | Test Loss: 0.1809713 | Time: 638ms
Epoch: 031 | Train Loss: 0.1845170 | Grad norm: 0.585067 | Time: 18s950ms
Epoch: 031 | Test Loss: 0.1810965 | Time: 625ms
Epoch: 032 | Train Loss: 0.1840917 | Grad norm: 0.514489 | Time: 19s461ms
Epoch: 032 | Test Loss: 0.1810026 | Time: 628ms
Epoch: 033 | Train Loss: 0.1842999 | Grad norm: 0.575927 | Time: 18s530ms
Epoch: 033 | Test Loss: 0.1806928 | Time: 699ms
==> Save the model at epoch 033 with test loss 0.1806928
Epoch: 034 | Train Loss: 0.1839690 | Grad norm: 0.512240 | Time: 19s245ms
Epoch: 034 | Test Loss: 0.1821225 | Time: 632ms
Epoch: 035 | Train Loss: 0.1839951 | Grad norm: 0.535055 | Time: 19s196ms
Epoch: 035 | Test Loss: 0.1805891 | Time: 628ms
==> Save the model at epoch 035 with test loss 0.1805891
Epoch: 036 | Train Loss: 0.1836156 | Grad norm: 0.442982 | Time: 18s828ms
Epoch: 036 | Test Loss: 0.1806241 | Time: 631ms
Epoch: 037 | Train Loss: 0.1835023 | Grad norm: 0.443262 | Time: 18s621ms
Epoch: 037 | Test Loss: 0.1804632 | Time: 625ms
==> Save the model at epoch 037 with test loss 0.1804632
Epoch: 038 | Train Loss: 0.1834311 | Grad norm: 0.427945 | Time: 18s748ms
Epoch: 038 | Test Loss: 0.1803574 | Time: 628ms
==> Save the model at epoch 038 with test loss 0.1803574
Epoch: 039 | Train Loss: 0.1833326 | Grad norm: 0.391384 | Time: 18s822ms
Epoch: 039 | Test Loss: 0.1803301 | Time: 632ms
==> Save the model at epoch 039 with test loss 0.1803301
Epoch: 040 | Train Loss: 0.1833111 | Grad norm: 0.397307 | Time: 18s288ms
Epoch: 040 | Test Loss: 0.1802997 | Time: 697ms
==> Save the model at epoch 040 with test loss 0.1802997
Total time: 12m57s
==> Saving trained model weights...
==> Input bias to be applied to the neural network (trained):
[0. 0.]
==> Input transform to be applied to the neural network (trained):
[0.5123476 0.5241365]
==> Output transform to be applied to the neural network (trained):
[1.908  1.9349]
==> Saving training info...
==> Drawing training loss...
==> Drawing grad norm...
==> Drawing testing loss...
==> Process finished.
