==> torch device:  cuda:3
==> Test-Train split: test_ratio = 0.20
==> Test-Train split seed:  None
==> Further split: further_train_ratio = 0.25
==> Further split seed:  None
==> Input bias to be applied to the neural network:
[0. 0.]
==> Input transform to be applied to the neural network:
[0.5123476 0.5241365]
==> Ouput transform to be applied to the neural network:
[1.908  1.9349]
==> Evaluating model...
==========================================================================================
Layer (type:depth-idx)                   Output Shape              Param #
==========================================================================================
NeuralNetwork                            [1, 2]                    6
├─Sequential: 1-1                        [1, 2]                    --
│    └─Linear: 2-1                       [1, 64]                   192
│    └─ReLU: 2-2                         [1, 64]                   --
│    └─Linear: 2-3                       [1, 64]                   4,160
│    └─ReLU: 2-4                         [1, 64]                   --
│    └─Linear: 2-5                       [1, 64]                   4,160
│    └─ReLU: 2-6                         [1, 64]                   --
│    └─Linear: 2-7                       [1, 64]                   4,160
│    └─ReLU: 2-8                         [1, 64]                   --
│    └─Linear: 2-9                       [1, 64]                   4,160
│    └─ReLU: 2-10                        [1, 64]                   --
│    └─Linear: 2-11                      [1, 64]                   4,160
│    └─ReLU: 2-12                        [1, 64]                   --
│    └─Linear: 2-13                      [1, 64]                   4,160
│    └─ReLU: 2-14                        [1, 64]                   --
│    └─Linear: 2-15                      [1, 2]                    130
├─Sequential: 1-2                        [1, 2]                    (recursive)
│    └─Linear: 2-16                      [1, 64]                   (recursive)
│    └─ReLU: 2-17                        [1, 64]                   --
│    └─Linear: 2-18                      [1, 64]                   (recursive)
│    └─ReLU: 2-19                        [1, 64]                   --
│    └─Linear: 2-20                      [1, 64]                   (recursive)
│    └─ReLU: 2-21                        [1, 64]                   --
│    └─Linear: 2-22                      [1, 64]                   (recursive)
│    └─ReLU: 2-23                        [1, 64]                   --
│    └─Linear: 2-24                      [1, 64]                   (recursive)
│    └─ReLU: 2-25                        [1, 64]                   --
│    └─Linear: 2-26                      [1, 64]                   (recursive)
│    └─ReLU: 2-27                        [1, 64]                   --
│    └─Linear: 2-28                      [1, 64]                   (recursive)
│    └─ReLU: 2-29                        [1, 64]                   --
│    └─Linear: 2-30                      [1, 2]                    (recursive)
==========================================================================================
Total params: 25,288
Trainable params: 25,282
Non-trainable params: 6
Total mult-adds (Units.MEGABYTES): 0.05
==========================================================================================
Input size (MB): 0.00
Forward/backward pass size (MB): 0.01
Params size (MB): 0.10
Estimated Total Size (MB): 0.11
==========================================================================================
==> Saving initial model weights...
==> Start training...
==> Number of param_groups in optimizer: 1
Epoch: 001 | Train Loss: 7.3912840 | Grad norm: 0.204717 | Time: 1s341ms
Epoch: 001 | Test Loss: 7.4028972 | Time: 498ms
==> Save the model at epoch 001 with test loss 7.4028972
Epoch: 002 | Train Loss: 6.7884801 | Grad norm: 1.787440 | Time: 1s116ms
Epoch: 002 | Test Loss: 5.0669989 | Time: 514ms
==> Save the model at epoch 002 with test loss 5.0669989
Epoch: 003 | Train Loss: 1.0168353 | Grad norm: 2.495098 | Time: 1s223ms
Epoch: 003 | Test Loss: 0.0397539 | Time: 585ms
==> Save the model at epoch 003 with test loss 0.0397539
Epoch: 004 | Train Loss: 0.0219181 | Grad norm: 0.717055 | Time: 1s160ms
Epoch: 004 | Test Loss: 0.0111596 | Time: 505ms
==> Save the model at epoch 004 with test loss 0.0111596
Epoch: 005 | Train Loss: 0.0086313 | Grad norm: 0.552217 | Time: 1s85ms
Epoch: 005 | Test Loss: 0.0049040 | Time: 571ms
==> Save the model at epoch 005 with test loss 0.0049040
Epoch: 006 | Train Loss: 0.0047130 | Grad norm: 0.509257 | Time: 1s243ms
Epoch: 006 | Test Loss: 0.0034994 | Time: 505ms
==> Save the model at epoch 006 with test loss 0.0034994
Epoch: 007 | Train Loss: 0.0050460 | Grad norm: 0.869958 | Time: 1s241ms
Epoch: 007 | Test Loss: 0.0033127 | Time: 501ms
==> Save the model at epoch 007 with test loss 0.0033127
Epoch: 008 | Train Loss: 0.0035530 | Grad norm: 0.663029 | Time: 1s105ms
Epoch: 008 | Test Loss: 0.0020696 | Time: 500ms
==> Save the model at epoch 008 with test loss 0.0020696
Epoch: 009 | Train Loss: 0.0029518 | Grad norm: 0.533513 | Time: 1s117ms
Epoch: 009 | Test Loss: 0.0029145 | Time: 528ms
Epoch: 010 | Train Loss: 0.0031413 | Grad norm: 0.614967 | Time: 1s67ms
Epoch: 010 | Test Loss: 0.0016045 | Time: 566ms
==> Save the model at epoch 010 with test loss 0.0016045
Epoch: 011 | Train Loss: 0.0025332 | Grad norm: 0.539403 | Time: 1s176ms
Epoch: 011 | Test Loss: 0.0042507 | Time: 503ms
Epoch: 012 | Train Loss: 0.0034218 | Grad norm: 0.706609 | Time: 1s68ms
Epoch: 012 | Test Loss: 0.0027054 | Time: 503ms
Epoch: 013 | Train Loss: 0.0020440 | Grad norm: 0.456446 | Time: 1s157ms
Epoch: 013 | Test Loss: 0.0017687 | Time: 503ms
Epoch: 014 | Train Loss: 0.0015797 | Grad norm: 0.348565 | Time: 1s208ms
Epoch: 014 | Test Loss: 0.0016274 | Time: 526ms
Epoch: 015 | Train Loss: 0.0016447 | Grad norm: 0.399764 | Time: 1s200ms
Epoch: 015 | Test Loss: 0.0019617 | Time: 527ms
Epoch: 016 | Train Loss: 0.0014398 | Grad norm: 0.329637 | Time: 1s63ms
Epoch: 016 | Test Loss: 0.0012587 | Time: 494ms
==> Save the model at epoch 016 with test loss 0.0012587
Epoch: 017 | Train Loss: 0.0012268 | Grad norm: 0.274830 | Time: 1s115ms
Epoch: 017 | Test Loss: 0.0010552 | Time: 567ms
==> Save the model at epoch 017 with test loss 0.0010552
Epoch: 018 | Train Loss: 0.0011261 | Grad norm: 0.239498 | Time: 1s83ms
Epoch: 018 | Test Loss: 0.0012604 | Time: 506ms
Epoch: 019 | Train Loss: 0.0011126 | Grad norm: 0.245644 | Time: 1s111ms
Epoch: 019 | Test Loss: 0.0012550 | Time: 503ms
Epoch: 020 | Train Loss: 0.0012154 | Grad norm: 0.292619 | Time: 1s182ms
Epoch: 020 | Test Loss: 0.0010533 | Time: 520ms
==> Save the model at epoch 020 with test loss 0.0010533
Epoch: 021 | Train Loss: 0.0011345 | Grad norm: 0.268279 | Time: 1s167ms
Epoch: 021 | Test Loss: 0.0011957 | Time: 496ms
Epoch: 022 | Train Loss: 0.0010812 | Grad norm: 0.258007 | Time: 1s220ms
Epoch: 022 | Test Loss: 0.0010501 | Time: 497ms
==> Save the model at epoch 022 with test loss 0.0010501
Epoch: 023 | Train Loss: 0.0009761 | Grad norm: 0.203065 | Time: 1s151ms
Epoch: 023 | Test Loss: 0.0010710 | Time: 511ms
Epoch: 024 | Train Loss: 0.0009906 | Grad norm: 0.222246 | Time: 1s102ms
Epoch: 024 | Test Loss: 0.0010114 | Time: 572ms
==> Save the model at epoch 024 with test loss 0.0010114
Epoch: 025 | Train Loss: 0.0009571 | Grad norm: 0.197169 | Time: 1s292ms
Epoch: 025 | Test Loss: 0.0010069 | Time: 602ms
==> Save the model at epoch 025 with test loss 0.0010069
Epoch: 026 | Train Loss: 0.0009543 | Grad norm: 0.206608 | Time: 1s124ms
Epoch: 026 | Test Loss: 0.0012864 | Time: 507ms
Epoch: 027 | Train Loss: 0.0009720 | Grad norm: 0.227909 | Time: 1s166ms
Epoch: 027 | Test Loss: 0.0009235 | Time: 501ms
==> Save the model at epoch 027 with test loss 0.0009235
Epoch: 028 | Train Loss: 0.0008498 | Grad norm: 0.155780 | Time: 1s164ms
Epoch: 028 | Test Loss: 0.0008230 | Time: 508ms
==> Save the model at epoch 028 with test loss 0.0008230
Epoch: 029 | Train Loss: 0.0008185 | Grad norm: 0.129711 | Time: 1s145ms
Epoch: 029 | Test Loss: 0.0008378 | Time: 501ms
Epoch: 030 | Train Loss: 0.0008139 | Grad norm: 0.135893 | Time: 1s246ms
Epoch: 030 | Test Loss: 0.0008386 | Time: 530ms
Epoch: 031 | Train Loss: 0.0007886 | Grad norm: 0.112507 | Time: 1s127ms
Epoch: 031 | Test Loss: 0.0008306 | Time: 500ms
Epoch: 032 | Train Loss: 0.0007894 | Grad norm: 0.124180 | Time: 1s184ms
Epoch: 032 | Test Loss: 0.0007887 | Time: 499ms
==> Save the model at epoch 032 with test loss 0.0007887
Epoch: 033 | Train Loss: 0.0007682 | Grad norm: 0.105498 | Time: 1s176ms
Epoch: 033 | Test Loss: 0.0007505 | Time: 508ms
==> Save the model at epoch 033 with test loss 0.0007505
Epoch: 034 | Train Loss: 0.0007479 | Grad norm: 0.091086 | Time: 1s59ms
Epoch: 034 | Test Loss: 0.0007371 | Time: 497ms
==> Save the model at epoch 034 with test loss 0.0007371
Epoch: 035 | Train Loss: 0.0007405 | Grad norm: 0.083561 | Time: 1s177ms
Epoch: 035 | Test Loss: 0.0007670 | Time: 585ms
Epoch: 036 | Train Loss: 0.0007354 | Grad norm: 0.078754 | Time: 1s134ms
Epoch: 036 | Test Loss: 0.0007277 | Time: 507ms
==> Save the model at epoch 036 with test loss 0.0007277
Epoch: 037 | Train Loss: 0.0007278 | Grad norm: 0.072280 | Time: 1s68ms
Epoch: 037 | Test Loss: 0.0007443 | Time: 501ms
Epoch: 038 | Train Loss: 0.0007210 | Grad norm: 0.060515 | Time: 1s72ms
Epoch: 038 | Test Loss: 0.0007233 | Time: 496ms
==> Save the model at epoch 038 with test loss 0.0007233
Epoch: 039 | Train Loss: 0.0007162 | Grad norm: 0.056826 | Time: 1s168ms
Epoch: 039 | Test Loss: 0.0007218 | Time: 498ms
==> Save the model at epoch 039 with test loss 0.0007218
Epoch: 040 | Train Loss: 0.0007139 | Grad norm: 0.051610 | Time: 1s131ms
Epoch: 040 | Test Loss: 0.0007201 | Time: 518ms
==> Save the model at epoch 040 with test loss 0.0007201
Total time: 1m6s
==> Saving trained model weights...
==> Input bias to be applied to the neural network (trained):
[0. 0.]
==> Input transform to be applied to the neural network (trained):
[0.5123476 0.5241365]
==> Output transform to be applied to the neural network (trained):
[1.908  1.9349]
==> Saving training info...
==> Drawing training loss...
==> Drawing grad norm...
==> Drawing testing loss...
==> Process finished.
