==> torch device:  cuda:3
==> Test-Train split: test_ratio = 0.20
==> Test-Train split seed:  None
==> Further split: further_train_ratio = 0.25
==> Further split seed:  None
==> Input bias to be applied to the neural network:
[0. 0.]
==> Input transform to be applied to the neural network:
[0.496845   0.52004784]
==> Ouput transform to be applied to the neural network:
[1.9242 2.0182]
==> Evaluating model...
==========================================================================================
Layer (type:depth-idx)                   Output Shape              Param #
==========================================================================================
NeuralNetwork                            [1, 2]                    6
├─Sequential: 1-1                        [1, 2]                    --
│    └─Linear: 2-1                       [1, 64]                   192
│    └─ReLU: 2-2                         [1, 64]                   --
│    └─Linear: 2-3                       [1, 64]                   4,160
│    └─ReLU: 2-4                         [1, 64]                   --
│    └─Linear: 2-5                       [1, 64]                   4,160
│    └─ReLU: 2-6                         [1, 64]                   --
│    └─Linear: 2-7                       [1, 64]                   4,160
│    └─ReLU: 2-8                         [1, 64]                   --
│    └─Linear: 2-9                       [1, 64]                   4,160
│    └─ReLU: 2-10                        [1, 64]                   --
│    └─Linear: 2-11                      [1, 64]                   4,160
│    └─ReLU: 2-12                        [1, 64]                   --
│    └─Linear: 2-13                      [1, 64]                   4,160
│    └─ReLU: 2-14                        [1, 64]                   --
│    └─Linear: 2-15                      [1, 2]                    130
├─Sequential: 1-2                        [1, 2]                    (recursive)
│    └─Linear: 2-16                      [1, 64]                   (recursive)
│    └─ReLU: 2-17                        [1, 64]                   --
│    └─Linear: 2-18                      [1, 64]                   (recursive)
│    └─ReLU: 2-19                        [1, 64]                   --
│    └─Linear: 2-20                      [1, 64]                   (recursive)
│    └─ReLU: 2-21                        [1, 64]                   --
│    └─Linear: 2-22                      [1, 64]                   (recursive)
│    └─ReLU: 2-23                        [1, 64]                   --
│    └─Linear: 2-24                      [1, 64]                   (recursive)
│    └─ReLU: 2-25                        [1, 64]                   --
│    └─Linear: 2-26                      [1, 64]                   (recursive)
│    └─ReLU: 2-27                        [1, 64]                   --
│    └─Linear: 2-28                      [1, 64]                   (recursive)
│    └─ReLU: 2-29                        [1, 64]                   --
│    └─Linear: 2-30                      [1, 2]                    (recursive)
==========================================================================================
Total params: 25,288
Trainable params: 25,282
Non-trainable params: 6
Total mult-adds (Units.MEGABYTES): 0.05
==========================================================================================
Input size (MB): 0.00
Forward/backward pass size (MB): 0.01
Params size (MB): 0.10
Estimated Total Size (MB): 0.11
==========================================================================================
==> Saving initial model weights...
==> Start training...
==> Number of param_groups in optimizer: 1
Epoch: 001 | Train Loss: 7.8107234 | Grad norm: 0.246443 | Time: 1s232ms
Epoch: 001 | Test Loss: 7.7327431 | Time: 443ms
==> Save the model at epoch 001 with test loss 7.7327431
Epoch: 002 | Train Loss: 7.2666546 | Grad norm: 1.598026 | Time: 952ms
Epoch: 002 | Test Loss: 5.6942448 | Time: 454ms
==> Save the model at epoch 002 with test loss 5.6942448
Epoch: 003 | Train Loss: 1.2613659 | Grad norm: 3.213092 | Time: 989ms
Epoch: 003 | Test Loss: 0.1577034 | Time: 510ms
==> Save the model at epoch 003 with test loss 0.1577034
Epoch: 004 | Train Loss: 0.1182408 | Grad norm: 1.627743 | Time: 984ms
Epoch: 004 | Test Loss: 0.0681116 | Time: 461ms
==> Save the model at epoch 004 with test loss 0.0681116
Epoch: 005 | Train Loss: 0.0618318 | Grad norm: 2.315847 | Time: 940ms
Epoch: 005 | Test Loss: 0.0359854 | Time: 458ms
==> Save the model at epoch 005 with test loss 0.0359854
Epoch: 006 | Train Loss: 0.0380265 | Grad norm: 2.039570 | Time: 1s59ms
Epoch: 006 | Test Loss: 0.0327066 | Time: 452ms
==> Save the model at epoch 006 with test loss 0.0327066
Epoch: 007 | Train Loss: 0.0260435 | Grad norm: 2.326264 | Time: 992ms
Epoch: 007 | Test Loss: 0.0250159 | Time: 524ms
==> Save the model at epoch 007 with test loss 0.0250159
Epoch: 008 | Train Loss: 0.0287558 | Grad norm: 2.742470 | Time: 1s43ms
Epoch: 008 | Test Loss: 0.0173610 | Time: 455ms
==> Save the model at epoch 008 with test loss 0.0173610
Epoch: 009 | Train Loss: 0.0250630 | Grad norm: 2.576581 | Time: 1s2ms
Epoch: 009 | Test Loss: 0.0194540 | Time: 442ms
Epoch: 010 | Train Loss: 0.0243283 | Grad norm: 2.358487 | Time: 1s6ms
Epoch: 010 | Test Loss: 0.0115975 | Time: 450ms
==> Save the model at epoch 010 with test loss 0.0115975
Epoch: 011 | Train Loss: 0.0280027 | Grad norm: 2.747873 | Time: 956ms
Epoch: 011 | Test Loss: 0.0189972 | Time: 511ms
Epoch: 012 | Train Loss: 0.0151154 | Grad norm: 1.464595 | Time: 976ms
Epoch: 012 | Test Loss: 0.0135748 | Time: 449ms
Epoch: 013 | Train Loss: 0.0145798 | Grad norm: 1.535957 | Time: 1s31ms
Epoch: 013 | Test Loss: 0.0145307 | Time: 440ms
Epoch: 014 | Train Loss: 0.0140208 | Grad norm: 1.443454 | Time: 967ms
Epoch: 014 | Test Loss: 0.0104289 | Time: 459ms
==> Save the model at epoch 014 with test loss 0.0104289
Epoch: 015 | Train Loss: 0.0123181 | Grad norm: 1.244800 | Time: 1s50ms
Epoch: 015 | Test Loss: 0.0104113 | Time: 513ms
==> Save the model at epoch 015 with test loss 0.0104113
Epoch: 016 | Train Loss: 0.0131087 | Grad norm: 1.453512 | Time: 992ms
Epoch: 016 | Test Loss: 0.0096957 | Time: 456ms
==> Save the model at epoch 016 with test loss 0.0096957
Epoch: 017 | Train Loss: 0.0121368 | Grad norm: 1.311894 | Time: 1s63ms
Epoch: 017 | Test Loss: 0.0130081 | Time: 450ms
Epoch: 018 | Train Loss: 0.0106501 | Grad norm: 1.063517 | Time: 1s38ms
Epoch: 018 | Test Loss: 0.0092569 | Time: 442ms
==> Save the model at epoch 018 with test loss 0.0092569
Epoch: 019 | Train Loss: 0.0117651 | Grad norm: 1.206876 | Time: 1s23ms
Epoch: 019 | Test Loss: 0.0122951 | Time: 515ms
Epoch: 020 | Train Loss: 0.0112202 | Grad norm: 1.098168 | Time: 994ms
Epoch: 020 | Test Loss: 0.0115501 | Time: 459ms
Epoch: 021 | Train Loss: 0.0100934 | Grad norm: 1.002193 | Time: 1s9ms
Epoch: 021 | Test Loss: 0.0091624 | Time: 443ms
==> Save the model at epoch 021 with test loss 0.0091624
Epoch: 022 | Train Loss: 0.0096013 | Grad norm: 0.864627 | Time: 1s25ms
Epoch: 022 | Test Loss: 0.0096735 | Time: 452ms
Epoch: 023 | Train Loss: 0.0093154 | Grad norm: 0.870681 | Time: 957ms
Epoch: 023 | Test Loss: 0.0081627 | Time: 519ms
==> Save the model at epoch 023 with test loss 0.0081627
Epoch: 024 | Train Loss: 0.0090018 | Grad norm: 0.760851 | Time: 986ms
Epoch: 024 | Test Loss: 0.0106345 | Time: 440ms
Epoch: 025 | Train Loss: 0.0088413 | Grad norm: 0.741038 | Time: 961ms
Epoch: 025 | Test Loss: 0.0087213 | Time: 438ms
Epoch: 026 | Train Loss: 0.0086024 | Grad norm: 0.694862 | Time: 1s24ms
Epoch: 026 | Test Loss: 0.0083841 | Time: 440ms
Epoch: 027 | Train Loss: 0.0085599 | Grad norm: 0.753448 | Time: 1s39ms
Epoch: 027 | Test Loss: 0.0079796 | Time: 524ms
==> Save the model at epoch 027 with test loss 0.0079796
Epoch: 028 | Train Loss: 0.0081047 | Grad norm: 0.577385 | Time: 994ms
Epoch: 028 | Test Loss: 0.0077117 | Time: 439ms
==> Save the model at epoch 028 with test loss 0.0077117
Epoch: 029 | Train Loss: 0.0078037 | Grad norm: 0.497784 | Time: 1s46ms
Epoch: 029 | Test Loss: 0.0087357 | Time: 489ms
Epoch: 030 | Train Loss: 0.0078072 | Grad norm: 0.513009 | Time: 984ms
Epoch: 030 | Test Loss: 0.0074440 | Time: 457ms
==> Save the model at epoch 030 with test loss 0.0074440
Epoch: 031 | Train Loss: 0.0078183 | Grad norm: 0.518291 | Time: 1s1ms
Epoch: 031 | Test Loss: 0.0074849 | Time: 524ms
Epoch: 032 | Train Loss: 0.0076360 | Grad norm: 0.465595 | Time: 1s34ms
Epoch: 032 | Test Loss: 0.0078851 | Time: 461ms
Epoch: 033 | Train Loss: 0.0074944 | Grad norm: 0.429933 | Time: 1s11ms
Epoch: 033 | Test Loss: 0.0077544 | Time: 454ms
Epoch: 034 | Train Loss: 0.0074546 | Grad norm: 0.428510 | Time: 1s90ms
Epoch: 034 | Test Loss: 0.0073448 | Time: 460ms
==> Save the model at epoch 034 with test loss 0.0073448
Epoch: 035 | Train Loss: 0.0072975 | Grad norm: 0.355093 | Time: 982ms
Epoch: 035 | Test Loss: 0.0072558 | Time: 530ms
==> Save the model at epoch 035 with test loss 0.0072558
Epoch: 036 | Train Loss: 0.0072389 | Grad norm: 0.343189 | Time: 1s51ms
Epoch: 036 | Test Loss: 0.0073121 | Time: 440ms
Epoch: 037 | Train Loss: 0.0071605 | Grad norm: 0.307160 | Time: 962ms
Epoch: 037 | Test Loss: 0.0071566 | Time: 440ms
==> Save the model at epoch 037 with test loss 0.0071566
Epoch: 038 | Train Loss: 0.0071299 | Grad norm: 0.283111 | Time: 1s7ms
Epoch: 038 | Test Loss: 0.0071240 | Time: 445ms
==> Save the model at epoch 038 with test loss 0.0071240
Epoch: 039 | Train Loss: 0.0070843 | Grad norm: 0.242689 | Time: 1s38ms
Epoch: 039 | Test Loss: 0.0071377 | Time: 509ms
Epoch: 040 | Train Loss: 0.0070525 | Grad norm: 0.240710 | Time: 1s54ms
Epoch: 040 | Test Loss: 0.0071059 | Time: 450ms
==> Save the model at epoch 040 with test loss 0.0071059
Total time: 59s328ms
==> Saving trained model weights...
==> Input bias to be applied to the neural network (trained):
[0. 0.]
==> Input transform to be applied to the neural network (trained):
[0.496845   0.52004784]
==> Output transform to be applied to the neural network (trained):
[1.9242 2.0182]
==> Saving training info...
==> Drawing training loss...
==> Drawing grad norm...
==> Drawing testing loss...
==> Process finished.
