==> torch device:  cuda:3
==> Test-Train split: test_ratio = 0.20
==> Test-Train split seed:  None
==> Further split: further_train_ratio = 1.00
==> Further split seed:  None
==> Input bias to be applied to the neural network:
[0. 0. 0. 0.]
==> Input transform to be applied to the neural network:
[0.7072636  0.72212595 0.6760411  0.67349136]
==> Ouput transform to be applied to the neural network:
[0.2287 0.2871]
==> Evaluating model...
==========================================================================================
Layer (type:depth-idx)                   Output Shape              Param #
==========================================================================================
NeuralNetwork                            [1, 2]                    10
├─Sequential: 1-1                        [1, 2]                    --
│    └─Linear: 2-1                       [1, 64]                   320
│    └─ReLU: 2-2                         [1, 64]                   --
│    └─Linear: 2-3                       [1, 64]                   4,160
│    └─ReLU: 2-4                         [1, 64]                   --
│    └─Linear: 2-5                       [1, 64]                   4,160
│    └─ReLU: 2-6                         [1, 64]                   --
│    └─Linear: 2-7                       [1, 64]                   4,160
│    └─ReLU: 2-8                         [1, 64]                   --
│    └─Linear: 2-9                       [1, 64]                   4,160
│    └─ReLU: 2-10                        [1, 64]                   --
│    └─Linear: 2-11                      [1, 64]                   4,160
│    └─ReLU: 2-12                        [1, 64]                   --
│    └─Linear: 2-13                      [1, 64]                   4,160
│    └─ReLU: 2-14                        [1, 64]                   --
│    └─Linear: 2-15                      [1, 2]                    130
├─Sequential: 1-2                        [1, 2]                    (recursive)
│    └─Linear: 2-16                      [1, 64]                   (recursive)
│    └─ReLU: 2-17                        [1, 64]                   --
│    └─Linear: 2-18                      [1, 64]                   (recursive)
│    └─ReLU: 2-19                        [1, 64]                   --
│    └─Linear: 2-20                      [1, 64]                   (recursive)
│    └─ReLU: 2-21                        [1, 64]                   --
│    └─Linear: 2-22                      [1, 64]                   (recursive)
│    └─ReLU: 2-23                        [1, 64]                   --
│    └─Linear: 2-24                      [1, 64]                   (recursive)
│    └─ReLU: 2-25                        [1, 64]                   --
│    └─Linear: 2-26                      [1, 64]                   (recursive)
│    └─ReLU: 2-27                        [1, 64]                   --
│    └─Linear: 2-28                      [1, 64]                   (recursive)
│    └─ReLU: 2-29                        [1, 64]                   --
│    └─Linear: 2-30                      [1, 2]                    (recursive)
==========================================================================================
Total params: 25,420
Trainable params: 25,410
Non-trainable params: 10
Total mult-adds (Units.MEGABYTES): 0.05
==========================================================================================
Input size (MB): 0.00
Forward/backward pass size (MB): 0.01
Params size (MB): 0.10
Estimated Total Size (MB): 0.11
==========================================================================================
==> Saving initial model weights...
==> Start training...
==> Number of param_groups in optimizer: 1
Epoch: 001 | Train Loss: 0.1349381 | Grad norm: 0.005042 | Time: 4s474ms
Epoch: 001 | Test Loss: 0.1345248 | Time: 506ms
==> Save the model at epoch 001 with test loss 0.1345248
Epoch: 002 | Train Loss: 0.0167408 | Grad norm: 0.033503 | Time: 4s172ms
Epoch: 002 | Test Loss: 0.0098842 | Time: 503ms
==> Save the model at epoch 002 with test loss 0.0098842
Epoch: 003 | Train Loss: 0.0104277 | Grad norm: 0.028964 | Time: 4s358ms
Epoch: 003 | Test Loss: 0.0099088 | Time: 504ms
Epoch: 004 | Train Loss: 0.0103721 | Grad norm: 0.029389 | Time: 4s103ms
Epoch: 004 | Test Loss: 0.0100016 | Time: 507ms
Epoch: 005 | Train Loss: 0.0102280 | Grad norm: 0.033160 | Time: 4s441ms
Epoch: 005 | Test Loss: 0.0094022 | Time: 517ms
==> Save the model at epoch 005 with test loss 0.0094022
Epoch: 006 | Train Loss: 0.0096118 | Grad norm: 0.031361 | Time: 4s193ms
Epoch: 006 | Test Loss: 0.0087678 | Time: 616ms
==> Save the model at epoch 006 with test loss 0.0087678
Epoch: 007 | Train Loss: 0.0092653 | Grad norm: 0.034064 | Time: 4s80ms
Epoch: 007 | Test Loss: 0.0085327 | Time: 513ms
==> Save the model at epoch 007 with test loss 0.0085327
Epoch: 008 | Train Loss: 0.0091036 | Grad norm: 0.034850 | Time: 4s411ms
Epoch: 008 | Test Loss: 0.0086813 | Time: 507ms
Epoch: 009 | Train Loss: 0.0088771 | Grad norm: 0.034992 | Time: 4s227ms
Epoch: 009 | Test Loss: 0.0080933 | Time: 524ms
==> Save the model at epoch 009 with test loss 0.0080933
Epoch: 010 | Train Loss: 0.0086316 | Grad norm: 0.033417 | Time: 4s525ms
Epoch: 010 | Test Loss: 0.0079381 | Time: 528ms
==> Save the model at epoch 010 with test loss 0.0079381
Epoch: 011 | Train Loss: 0.0086149 | Grad norm: 0.032447 | Time: 4s344ms
Epoch: 011 | Test Loss: 0.0082172 | Time: 512ms
Epoch: 012 | Train Loss: 0.0084566 | Grad norm: 0.030821 | Time: 4s169ms
Epoch: 012 | Test Loss: 0.0080189 | Time: 502ms
Epoch: 013 | Train Loss: 0.0083591 | Grad norm: 0.030293 | Time: 4s336ms
Epoch: 013 | Test Loss: 0.0081359 | Time: 522ms
Epoch: 014 | Train Loss: 0.0082569 | Grad norm: 0.028790 | Time: 4s223ms
Epoch: 014 | Test Loss: 0.0078205 | Time: 586ms
==> Save the model at epoch 014 with test loss 0.0078205
Epoch: 015 | Train Loss: 0.0081733 | Grad norm: 0.027901 | Time: 4s209ms
Epoch: 015 | Test Loss: 0.0079753 | Time: 503ms
Epoch: 016 | Train Loss: 0.0081004 | Grad norm: 0.026971 | Time: 4s239ms
Epoch: 016 | Test Loss: 0.0079098 | Time: 586ms
Epoch: 017 | Train Loss: 0.0080473 | Grad norm: 0.026506 | Time: 4s163ms
Epoch: 017 | Test Loss: 0.0079739 | Time: 506ms
Epoch: 018 | Train Loss: 0.0080577 | Grad norm: 0.026087 | Time: 4s249ms
Epoch: 018 | Test Loss: 0.0077934 | Time: 510ms
==> Save the model at epoch 018 with test loss 0.0077934
Epoch: 019 | Train Loss: 0.0079734 | Grad norm: 0.025527 | Time: 4s321ms
Epoch: 019 | Test Loss: 0.0076606 | Time: 518ms
==> Save the model at epoch 019 with test loss 0.0076606
Epoch: 020 | Train Loss: 0.0079362 | Grad norm: 0.024844 | Time: 4s517ms
Epoch: 020 | Test Loss: 0.0076598 | Time: 527ms
==> Save the model at epoch 020 with test loss 0.0076598
Epoch: 021 | Train Loss: 0.0078580 | Grad norm: 0.023653 | Time: 4s410ms
Epoch: 021 | Test Loss: 0.0076106 | Time: 597ms
==> Save the model at epoch 021 with test loss 0.0076106
Epoch: 022 | Train Loss: 0.0078135 | Grad norm: 0.024354 | Time: 4s248ms
Epoch: 022 | Test Loss: 0.0082433 | Time: 588ms
Epoch: 023 | Train Loss: 0.0077730 | Grad norm: 0.022842 | Time: 4s237ms
Epoch: 023 | Test Loss: 0.0075009 | Time: 510ms
==> Save the model at epoch 023 with test loss 0.0075009
Epoch: 024 | Train Loss: 0.0077414 | Grad norm: 0.023890 | Time: 4s338ms
Epoch: 024 | Test Loss: 0.0075115 | Time: 513ms
Epoch: 025 | Train Loss: 0.0076686 | Grad norm: 0.022182 | Time: 4s349ms
Epoch: 025 | Test Loss: 0.0074722 | Time: 505ms
==> Save the model at epoch 025 with test loss 0.0074722
Epoch: 026 | Train Loss: 0.0075741 | Grad norm: 0.020271 | Time: 4s280ms
Epoch: 026 | Test Loss: 0.0075410 | Time: 551ms
Epoch: 027 | Train Loss: 0.0075306 | Grad norm: 0.020434 | Time: 4s365ms
Epoch: 027 | Test Loss: 0.0073939 | Time: 516ms
==> Save the model at epoch 027 with test loss 0.0073939
Epoch: 028 | Train Loss: 0.0074958 | Grad norm: 0.020302 | Time: 4s335ms
Epoch: 028 | Test Loss: 0.0075836 | Time: 508ms
Epoch: 029 | Train Loss: 0.0074448 | Grad norm: 0.019807 | Time: 4s247ms
Epoch: 029 | Test Loss: 0.0073625 | Time: 506ms
==> Save the model at epoch 029 with test loss 0.0073625
Epoch: 030 | Train Loss: 0.0073878 | Grad norm: 0.019071 | Time: 4s364ms
Epoch: 030 | Test Loss: 0.0072780 | Time: 509ms
==> Save the model at epoch 030 with test loss 0.0072780
Epoch: 031 | Train Loss: 0.0073456 | Grad norm: 0.019006 | Time: 4s326ms
Epoch: 031 | Test Loss: 0.0071961 | Time: 594ms
==> Save the model at epoch 031 with test loss 0.0071961
Epoch: 032 | Train Loss: 0.0072848 | Grad norm: 0.018056 | Time: 4s289ms
Epoch: 032 | Test Loss: 0.0072471 | Time: 521ms
Epoch: 033 | Train Loss: 0.0072398 | Grad norm: 0.017513 | Time: 4s274ms
Epoch: 033 | Test Loss: 0.0071840 | Time: 582ms
==> Save the model at epoch 033 with test loss 0.0071840
Epoch: 034 | Train Loss: 0.0071846 | Grad norm: 0.016481 | Time: 4s251ms
Epoch: 034 | Test Loss: 0.0071648 | Time: 505ms
==> Save the model at epoch 034 with test loss 0.0071648
Epoch: 035 | Train Loss: 0.0071503 | Grad norm: 0.016012 | Time: 4s392ms
Epoch: 035 | Test Loss: 0.0071470 | Time: 505ms
==> Save the model at epoch 035 with test loss 0.0071470
Epoch: 036 | Train Loss: 0.0071166 | Grad norm: 0.015928 | Time: 4s205ms
Epoch: 036 | Test Loss: 0.0071128 | Time: 522ms
==> Save the model at epoch 036 with test loss 0.0071128
Epoch: 037 | Train Loss: 0.0070860 | Grad norm: 0.015559 | Time: 4s224ms
Epoch: 037 | Test Loss: 0.0070886 | Time: 508ms
==> Save the model at epoch 037 with test loss 0.0070886
Epoch: 038 | Train Loss: 0.0070597 | Grad norm: 0.014996 | Time: 4s468ms
Epoch: 038 | Test Loss: 0.0070683 | Time: 524ms
==> Save the model at epoch 038 with test loss 0.0070683
Epoch: 039 | Train Loss: 0.0070438 | Grad norm: 0.014626 | Time: 4s341ms
Epoch: 039 | Test Loss: 0.0070558 | Time: 519ms
==> Save the model at epoch 039 with test loss 0.0070558
Epoch: 040 | Train Loss: 0.0070322 | Grad norm: 0.014414 | Time: 4s426ms
Epoch: 040 | Test Loss: 0.0070510 | Time: 508ms
==> Save the model at epoch 040 with test loss 0.0070510
Total time: 3m13s
==> Saving trained model weights...
==> Input bias to be applied to the neural network (trained):
[0. 0. 0. 0.]
==> Input transform to be applied to the neural network (trained):
[0.7072636  0.72212595 0.6760411  0.67349136]
==> Output transform to be applied to the neural network (trained):
[0.2287 0.2871]
==> Saving training info...
==> Drawing training loss...
==> Drawing grad norm...
==> Drawing testing loss...
==> Process finished.
