==> torch device:  cuda:0
==> Test-Train split: test_ratio = 0.20
==> Test-Train split seed:  None
==> Further split: further_train_ratio = 0.25
==> Further split seed:  None
==> Input bias to be applied to the neural network:
[0. 0.]
==> Input transform to be applied to the neural network:
[0.48014596 0.48395684]
==> Ouput transform to be applied to the neural network:
[2.0663 2.0805]
==> Evaluating model...
==========================================================================================
Layer (type:depth-idx)                   Output Shape              Param #
==========================================================================================
NeuralNetwork                            [1, 2]                    6
├─Sequential: 1-1                        [1, 2]                    --
│    └─Linear: 2-1                       [1, 64]                   192
│    └─ReLU: 2-2                         [1, 64]                   --
│    └─Linear: 2-3                       [1, 64]                   4,160
│    └─ReLU: 2-4                         [1, 64]                   --
│    └─Linear: 2-5                       [1, 64]                   4,160
│    └─ReLU: 2-6                         [1, 64]                   --
│    └─Linear: 2-7                       [1, 64]                   4,160
│    └─ReLU: 2-8                         [1, 64]                   --
│    └─Linear: 2-9                       [1, 64]                   4,160
│    └─ReLU: 2-10                        [1, 64]                   --
│    └─Linear: 2-11                      [1, 64]                   4,160
│    └─ReLU: 2-12                        [1, 64]                   --
│    └─Linear: 2-13                      [1, 64]                   4,160
│    └─ReLU: 2-14                        [1, 64]                   --
│    └─Linear: 2-15                      [1, 2]                    130
├─Sequential: 1-2                        [1, 2]                    (recursive)
│    └─Linear: 2-16                      [1, 64]                   (recursive)
│    └─ReLU: 2-17                        [1, 64]                   --
│    └─Linear: 2-18                      [1, 64]                   (recursive)
│    └─ReLU: 2-19                        [1, 64]                   --
│    └─Linear: 2-20                      [1, 64]                   (recursive)
│    └─ReLU: 2-21                        [1, 64]                   --
│    └─Linear: 2-22                      [1, 64]                   (recursive)
│    └─ReLU: 2-23                        [1, 64]                   --
│    └─Linear: 2-24                      [1, 64]                   (recursive)
│    └─ReLU: 2-25                        [1, 64]                   --
│    └─Linear: 2-26                      [1, 64]                   (recursive)
│    └─ReLU: 2-27                        [1, 64]                   --
│    └─Linear: 2-28                      [1, 64]                   (recursive)
│    └─ReLU: 2-29                        [1, 64]                   --
│    └─Linear: 2-30                      [1, 2]                    (recursive)
==========================================================================================
Total params: 25,288
Trainable params: 25,282
Non-trainable params: 6
Total mult-adds (Units.MEGABYTES): 0.05
==========================================================================================
Input size (MB): 0.00
Forward/backward pass size (MB): 0.01
Params size (MB): 0.10
Estimated Total Size (MB): 0.11
==========================================================================================
==> Saving initial model weights...
==> Start training...
==> Number of param_groups in optimizer: 1
Epoch: 001 | Train Loss: 8.5899239 | Grad norm: 0.360841 | Time: 1s885ms
Epoch: 001 | Test Loss: 8.6216657 | Time: 737ms
==> Save the model at epoch 001 with test loss 8.6216657
Epoch: 002 | Train Loss: 5.8930378 | Grad norm: 3.554062 | Time: 1s738ms
Epoch: 002 | Test Loss: 0.3434580 | Time: 835ms
==> Save the model at epoch 002 with test loss 0.3434580
Epoch: 003 | Train Loss: 0.0435532 | Grad norm: 0.873385 | Time: 1s706ms
Epoch: 003 | Test Loss: 0.0039731 | Time: 750ms
==> Save the model at epoch 003 with test loss 0.0039731
Epoch: 004 | Train Loss: 0.0024862 | Grad norm: 0.219779 | Time: 1s720ms
Epoch: 004 | Test Loss: 0.0020222 | Time: 791ms
==> Save the model at epoch 004 with test loss 0.0020222
Epoch: 005 | Train Loss: 0.0014228 | Grad norm: 0.199354 | Time: 1s551ms
Epoch: 005 | Test Loss: 0.0011658 | Time: 765ms
==> Save the model at epoch 005 with test loss 0.0011658
Epoch: 006 | Train Loss: 0.0012998 | Grad norm: 0.270075 | Time: 1s898ms
Epoch: 006 | Test Loss: 0.0011024 | Time: 757ms
==> Save the model at epoch 006 with test loss 0.0011024
Epoch: 007 | Train Loss: 0.0013469 | Grad norm: 0.302188 | Time: 1s586ms
Epoch: 007 | Test Loss: 0.0026037 | Time: 830ms
Epoch: 008 | Train Loss: 0.0014996 | Grad norm: 0.349737 | Time: 1s697ms
Epoch: 008 | Test Loss: 0.0010535 | Time: 744ms
==> Save the model at epoch 008 with test loss 0.0010535
Epoch: 009 | Train Loss: 0.0015017 | Grad norm: 0.363485 | Time: 1s576ms
Epoch: 009 | Test Loss: 0.0011542 | Time: 813ms
Epoch: 010 | Train Loss: 0.0016066 | Grad norm: 0.393286 | Time: 1s670ms
Epoch: 010 | Test Loss: 0.0020119 | Time: 741ms
Epoch: 011 | Train Loss: 0.0011364 | Grad norm: 0.274143 | Time: 1s730ms
Epoch: 011 | Test Loss: 0.0016583 | Time: 750ms
Epoch: 012 | Train Loss: 0.0011418 | Grad norm: 0.268903 | Time: 1s543ms
Epoch: 012 | Test Loss: 0.0010802 | Time: 741ms
Epoch: 013 | Train Loss: 0.0010852 | Grad norm: 0.264560 | Time: 1s682ms
Epoch: 013 | Test Loss: 0.0008869 | Time: 806ms
==> Save the model at epoch 013 with test loss 0.0008869
Epoch: 014 | Train Loss: 0.0010782 | Grad norm: 0.263188 | Time: 1s534ms
Epoch: 014 | Test Loss: 0.0015624 | Time: 830ms
Epoch: 015 | Train Loss: 0.0009062 | Grad norm: 0.199412 | Time: 1s800ms
Epoch: 015 | Test Loss: 0.0010998 | Time: 738ms
Epoch: 016 | Train Loss: 0.0010208 | Grad norm: 0.246189 | Time: 1s755ms
Epoch: 016 | Test Loss: 0.0012657 | Time: 740ms
Epoch: 017 | Train Loss: 0.0009866 | Grad norm: 0.236091 | Time: 1s832ms
Epoch: 017 | Test Loss: 0.0009860 | Time: 811ms
Epoch: 018 | Train Loss: 0.0010100 | Grad norm: 0.246278 | Time: 1s488ms
Epoch: 018 | Test Loss: 0.0008016 | Time: 765ms
==> Save the model at epoch 018 with test loss 0.0008016
Epoch: 019 | Train Loss: 0.0009257 | Grad norm: 0.219059 | Time: 1s741ms
Epoch: 019 | Test Loss: 0.0011998 | Time: 852ms
Epoch: 020 | Train Loss: 0.0009293 | Grad norm: 0.221312 | Time: 1s573ms
Epoch: 020 | Test Loss: 0.0010475 | Time: 743ms
Epoch: 021 | Train Loss: 0.0008758 | Grad norm: 0.208016 | Time: 1s684ms
Epoch: 021 | Test Loss: 0.0013679 | Time: 809ms
Epoch: 022 | Train Loss: 0.0008107 | Grad norm: 0.177388 | Time: 1s584ms
Epoch: 022 | Test Loss: 0.0008469 | Time: 755ms
Epoch: 023 | Train Loss: 0.0007520 | Grad norm: 0.152422 | Time: 1s714ms
Epoch: 023 | Test Loss: 0.0008843 | Time: 751ms
Epoch: 024 | Train Loss: 0.0007752 | Grad norm: 0.172603 | Time: 1s827ms
Epoch: 024 | Test Loss: 0.0010095 | Time: 750ms
Epoch: 025 | Train Loss: 0.0007476 | Grad norm: 0.159435 | Time: 1s415ms
Epoch: 025 | Test Loss: 0.0008471 | Time: 737ms
Epoch: 026 | Train Loss: 0.0007191 | Grad norm: 0.142231 | Time: 1s689ms
Epoch: 026 | Test Loss: 0.0011486 | Time: 818ms
Epoch: 027 | Train Loss: 0.0007071 | Grad norm: 0.132617 | Time: 1s703ms
Epoch: 027 | Test Loss: 0.0007917 | Time: 750ms
==> Save the model at epoch 027 with test loss 0.0007917
Epoch: 028 | Train Loss: 0.0006890 | Grad norm: 0.129356 | Time: 1s634ms
Epoch: 028 | Test Loss: 0.0007028 | Time: 786ms
==> Save the model at epoch 028 with test loss 0.0007028
Epoch: 029 | Train Loss: 0.0006883 | Grad norm: 0.129740 | Time: 1s649ms
Epoch: 029 | Test Loss: 0.0006580 | Time: 743ms
==> Save the model at epoch 029 with test loss 0.0006580
Epoch: 030 | Train Loss: 0.0006581 | Grad norm: 0.106690 | Time: 1s570ms
Epoch: 030 | Test Loss: 0.0006688 | Time: 801ms
Epoch: 031 | Train Loss: 0.0006315 | Grad norm: 0.094559 | Time: 1s583ms
Epoch: 031 | Test Loss: 0.0006704 | Time: 754ms
Epoch: 032 | Train Loss: 0.0006243 | Grad norm: 0.087874 | Time: 1s722ms
Epoch: 032 | Test Loss: 0.0006432 | Time: 771ms
==> Save the model at epoch 032 with test loss 0.0006432
Epoch: 033 | Train Loss: 0.0006219 | Grad norm: 0.087531 | Time: 1s561ms
Epoch: 033 | Test Loss: 0.0006143 | Time: 824ms
==> Save the model at epoch 033 with test loss 0.0006143
Epoch: 034 | Train Loss: 0.0005964 | Grad norm: 0.061089 | Time: 1s385ms
Epoch: 034 | Test Loss: 0.0006095 | Time: 836ms
==> Save the model at epoch 034 with test loss 0.0006095
Epoch: 035 | Train Loss: 0.0005992 | Grad norm: 0.068489 | Time: 1s741ms
Epoch: 035 | Test Loss: 0.0005980 | Time: 791ms
==> Save the model at epoch 035 with test loss 0.0005980
Epoch: 036 | Train Loss: 0.0005868 | Grad norm: 0.052907 | Time: 1s770ms
Epoch: 036 | Test Loss: 0.0005909 | Time: 770ms
==> Save the model at epoch 036 with test loss 0.0005909
Epoch: 037 | Train Loss: 0.0005852 | Grad norm: 0.053266 | Time: 1s549ms
Epoch: 037 | Test Loss: 0.0005927 | Time: 740ms
Epoch: 038 | Train Loss: 0.0005794 | Grad norm: 0.044880 | Time: 1s679ms
Epoch: 038 | Test Loss: 0.0005918 | Time: 803ms
Epoch: 039 | Train Loss: 0.0005757 | Grad norm: 0.037976 | Time: 1s665ms
Epoch: 039 | Test Loss: 0.0005878 | Time: 740ms
==> Save the model at epoch 039 with test loss 0.0005878
Epoch: 040 | Train Loss: 0.0005733 | Grad norm: 0.034705 | Time: 1s697ms
Epoch: 040 | Test Loss: 0.0005868 | Time: 798ms
==> Save the model at epoch 040 with test loss 0.0005868
Total time: 1m37s
==> Saving trained model weights...
==> Input bias to be applied to the neural network (trained):
[0. 0.]
==> Input transform to be applied to the neural network (trained):
[0.48014596 0.48395684]
==> Output transform to be applied to the neural network (trained):
[2.0663 2.0805]
==> Saving training info...
==> Drawing training loss...
==> Drawing grad norm...
==> Drawing testing loss...
==> Process finished.
