==> torch device:  cuda:1
==> Test-Train split: test_ratio = 0.20
==> Test-Train split seed:  None
==> Further split: further_train_ratio = 0.50
==> Further split seed:  None
==> Input bias to be applied to the neural network:
[0. 0.]
==> Input transform to be applied to the neural network:
[0.496845   0.52004784]
==> Ouput transform to be applied to the neural network:
[1.9242 2.0182]
==> Evaluating model...
==========================================================================================
Layer (type:depth-idx)                   Output Shape              Param #
==========================================================================================
NeuralNetwork                            [1, 2]                    6
├─Sequential: 1-1                        [1, 2]                    --
│    └─Linear: 2-1                       [1, 64]                   192
│    └─ReLU: 2-2                         [1, 64]                   --
│    └─Linear: 2-3                       [1, 64]                   4,160
│    └─ReLU: 2-4                         [1, 64]                   --
│    └─Linear: 2-5                       [1, 64]                   4,160
│    └─ReLU: 2-6                         [1, 64]                   --
│    └─Linear: 2-7                       [1, 64]                   4,160
│    └─ReLU: 2-8                         [1, 64]                   --
│    └─Linear: 2-9                       [1, 64]                   4,160
│    └─ReLU: 2-10                        [1, 64]                   --
│    └─Linear: 2-11                      [1, 64]                   4,160
│    └─ReLU: 2-12                        [1, 64]                   --
│    └─Linear: 2-13                      [1, 64]                   4,160
│    └─ReLU: 2-14                        [1, 64]                   --
│    └─Linear: 2-15                      [1, 2]                    130
├─Sequential: 1-2                        [1, 2]                    (recursive)
│    └─Linear: 2-16                      [1, 64]                   (recursive)
│    └─ReLU: 2-17                        [1, 64]                   --
│    └─Linear: 2-18                      [1, 64]                   (recursive)
│    └─ReLU: 2-19                        [1, 64]                   --
│    └─Linear: 2-20                      [1, 64]                   (recursive)
│    └─ReLU: 2-21                        [1, 64]                   --
│    └─Linear: 2-22                      [1, 64]                   (recursive)
│    └─ReLU: 2-23                        [1, 64]                   --
│    └─Linear: 2-24                      [1, 64]                   (recursive)
│    └─ReLU: 2-25                        [1, 64]                   --
│    └─Linear: 2-26                      [1, 64]                   (recursive)
│    └─ReLU: 2-27                        [1, 64]                   --
│    └─Linear: 2-28                      [1, 64]                   (recursive)
│    └─ReLU: 2-29                        [1, 64]                   --
│    └─Linear: 2-30                      [1, 2]                    (recursive)
==========================================================================================
Total params: 25,288
Trainable params: 25,282
Non-trainable params: 6
Total mult-adds (Units.MEGABYTES): 0.05
==========================================================================================
Input size (MB): 0.00
Forward/backward pass size (MB): 0.01
Params size (MB): 0.10
Estimated Total Size (MB): 0.11
==========================================================================================
==> Saving initial model weights...
==> Start training...
==> Number of param_groups in optimizer: 1
Epoch: 001 | Train Loss: 7.7592554 | Grad norm: 0.222679 | Time: 2s328ms
Epoch: 001 | Test Loss: 7.7301995 | Time: 463ms
==> Save the model at epoch 001 with test loss 7.7301995
Epoch: 002 | Train Loss: 4.4333554 | Grad norm: 2.729004 | Time: 1s833ms
Epoch: 002 | Test Loss: 0.2652961 | Time: 525ms
==> Save the model at epoch 002 with test loss 0.2652961
Epoch: 003 | Train Loss: 0.1239760 | Grad norm: 1.426161 | Time: 2s31ms
Epoch: 003 | Test Loss: 0.0572557 | Time: 448ms
==> Save the model at epoch 003 with test loss 0.0572557
Epoch: 004 | Train Loss: 0.0429436 | Grad norm: 1.657176 | Time: 1s938ms
Epoch: 004 | Test Loss: 0.0268488 | Time: 464ms
==> Save the model at epoch 004 with test loss 0.0268488
Epoch: 005 | Train Loss: 0.0244328 | Grad norm: 1.518197 | Time: 2s149ms
Epoch: 005 | Test Loss: 0.0314384 | Time: 462ms
Epoch: 006 | Train Loss: 0.0180308 | Grad norm: 1.555004 | Time: 1s986ms
Epoch: 006 | Test Loss: 0.0167444 | Time: 466ms
==> Save the model at epoch 006 with test loss 0.0167444
Epoch: 007 | Train Loss: 0.0172255 | Grad norm: 1.757615 | Time: 1s959ms
Epoch: 007 | Test Loss: 0.0168602 | Time: 454ms
Epoch: 008 | Train Loss: 0.0194559 | Grad norm: 2.034018 | Time: 2s93ms
Epoch: 008 | Test Loss: 0.0119273 | Time: 473ms
==> Save the model at epoch 008 with test loss 0.0119273
Epoch: 009 | Train Loss: 0.0205284 | Grad norm: 2.105718 | Time: 2s40ms
Epoch: 009 | Test Loss: 0.0154993 | Time: 445ms
Epoch: 010 | Train Loss: 0.0166450 | Grad norm: 1.517601 | Time: 2s164ms
Epoch: 010 | Test Loss: 0.0163351 | Time: 551ms
Epoch: 011 | Train Loss: 0.0134708 | Grad norm: 1.270332 | Time: 2s74ms
Epoch: 011 | Test Loss: 0.0125042 | Time: 474ms
Epoch: 012 | Train Loss: 0.0147094 | Grad norm: 1.398485 | Time: 1s918ms
Epoch: 012 | Test Loss: 0.0231672 | Time: 517ms
Epoch: 013 | Train Loss: 0.0167656 | Grad norm: 1.571515 | Time: 2s100ms
Epoch: 013 | Test Loss: 0.0163340 | Time: 445ms
Epoch: 014 | Train Loss: 0.0125398 | Grad norm: 1.066587 | Time: 2s21ms
Epoch: 014 | Test Loss: 0.0113611 | Time: 455ms
==> Save the model at epoch 014 with test loss 0.0113611
Epoch: 015 | Train Loss: 0.0123056 | Grad norm: 1.079456 | Time: 2s61ms
Epoch: 015 | Test Loss: 0.0104006 | Time: 488ms
==> Save the model at epoch 015 with test loss 0.0104006
Epoch: 016 | Train Loss: 0.0119361 | Grad norm: 1.002347 | Time: 2s15ms
Epoch: 016 | Test Loss: 0.0113209 | Time: 460ms
Epoch: 017 | Train Loss: 0.0114989 | Grad norm: 0.980189 | Time: 1s938ms
Epoch: 017 | Test Loss: 0.0124511 | Time: 445ms
Epoch: 018 | Train Loss: 0.0105755 | Grad norm: 0.870878 | Time: 2s7ms
Epoch: 018 | Test Loss: 0.0085851 | Time: 543ms
==> Save the model at epoch 018 with test loss 0.0085851
Epoch: 019 | Train Loss: 0.0108991 | Grad norm: 1.000302 | Time: 2s29ms
Epoch: 019 | Test Loss: 0.0105000 | Time: 462ms
Epoch: 020 | Train Loss: 0.0105769 | Grad norm: 0.920568 | Time: 2s53ms
Epoch: 020 | Test Loss: 0.0102319 | Time: 447ms
Epoch: 021 | Train Loss: 0.0107863 | Grad norm: 0.942871 | Time: 2s130ms
Epoch: 021 | Test Loss: 0.0081882 | Time: 450ms
==> Save the model at epoch 021 with test loss 0.0081882
Epoch: 022 | Train Loss: 0.0099897 | Grad norm: 0.828321 | Time: 2s109ms
Epoch: 022 | Test Loss: 0.0094113 | Time: 453ms
Epoch: 023 | Train Loss: 0.0098323 | Grad norm: 0.851630 | Time: 2s23ms
Epoch: 023 | Test Loss: 0.0089610 | Time: 462ms
Epoch: 024 | Train Loss: 0.0098308 | Grad norm: 0.838533 | Time: 2s125ms
Epoch: 024 | Test Loss: 0.0084987 | Time: 494ms
Epoch: 025 | Train Loss: 0.0089670 | Grad norm: 0.685710 | Time: 2s71ms
Epoch: 025 | Test Loss: 0.0085750 | Time: 475ms
Epoch: 026 | Train Loss: 0.0088332 | Grad norm: 0.625054 | Time: 1s961ms
Epoch: 026 | Test Loss: 0.0083956 | Time: 537ms
Epoch: 027 | Train Loss: 0.0089759 | Grad norm: 0.733991 | Time: 1s892ms
Epoch: 027 | Test Loss: 0.0079984 | Time: 470ms
==> Save the model at epoch 027 with test loss 0.0079984
Epoch: 028 | Train Loss: 0.0084908 | Grad norm: 0.599839 | Time: 2s176ms
Epoch: 028 | Test Loss: 0.0080486 | Time: 446ms
Epoch: 029 | Train Loss: 0.0085334 | Grad norm: 0.591852 | Time: 1s983ms
Epoch: 029 | Test Loss: 0.0084106 | Time: 479ms
Epoch: 030 | Train Loss: 0.0083273 | Grad norm: 0.621194 | Time: 1s996ms
Epoch: 030 | Test Loss: 0.0078062 | Time: 566ms
==> Save the model at epoch 030 with test loss 0.0078062
Epoch: 031 | Train Loss: 0.0081213 | Grad norm: 0.541326 | Time: 2s40ms
Epoch: 031 | Test Loss: 0.0075657 | Time: 456ms
==> Save the model at epoch 031 with test loss 0.0075657
Epoch: 032 | Train Loss: 0.0078285 | Grad norm: 0.450743 | Time: 2s19ms
Epoch: 032 | Test Loss: 0.0079239 | Time: 440ms
Epoch: 033 | Train Loss: 0.0078418 | Grad norm: 0.482478 | Time: 2s122ms
Epoch: 033 | Test Loss: 0.0079033 | Time: 446ms
Epoch: 034 | Train Loss: 0.0076849 | Grad norm: 0.425009 | Time: 2s202ms
Epoch: 034 | Test Loss: 0.0074376 | Time: 514ms
==> Save the model at epoch 034 with test loss 0.0074376
Epoch: 035 | Train Loss: 0.0076190 | Grad norm: 0.367739 | Time: 1s939ms
Epoch: 035 | Test Loss: 0.0077240 | Time: 507ms
Epoch: 036 | Train Loss: 0.0075310 | Grad norm: 0.373063 | Time: 2s109ms
Epoch: 036 | Test Loss: 0.0075073 | Time: 477ms
Epoch: 037 | Train Loss: 0.0074482 | Grad norm: 0.330709 | Time: 2s109ms
Epoch: 037 | Test Loss: 0.0075345 | Time: 449ms
Epoch: 038 | Train Loss: 0.0074077 | Grad norm: 0.315804 | Time: 1s982ms
Epoch: 038 | Test Loss: 0.0073391 | Time: 449ms
==> Save the model at epoch 038 with test loss 0.0073391
Epoch: 039 | Train Loss: 0.0073359 | Grad norm: 0.264589 | Time: 2s111ms
Epoch: 039 | Test Loss: 0.0073350 | Time: 476ms
==> Save the model at epoch 039 with test loss 0.0073350
Epoch: 040 | Train Loss: 0.0073104 | Grad norm: 0.253837 | Time: 2s214ms
Epoch: 040 | Test Loss: 0.0072925 | Time: 445ms
==> Save the model at epoch 040 with test loss 0.0072925
Total time: 1m41s
==> Saving trained model weights...
==> Input bias to be applied to the neural network (trained):
[0. 0.]
==> Input transform to be applied to the neural network (trained):
[0.496845   0.52004784]
==> Output transform to be applied to the neural network (trained):
[1.9242 2.0182]
==> Saving training info...
==> Drawing training loss...
==> Drawing grad norm...
==> Drawing testing loss...
==> Process finished.
