==> torch device:  cuda:1
==> Test-Train split: test_ratio = 0.20
==> Test-Train split seed:  None
==> Further split: further_train_ratio = 0.25
==> Further split seed:  None
==> Lipschitz constant: 32.00
==> Input bias to be applied to the neural network:
[0. 0. 0. 0.]
==> Input transform to be applied to the neural network:
[0.7072636  0.72212595 0.6760411  0.67349136]
==> Ouput transform to be applied to the neural network:
[0.2287 0.2871]
==> Evaluating model...
==========================================================================================
Layer (type:depth-idx)                   Output Shape              Param #
==========================================================================================
NeuralNetwork                            [1, 2]                    10
├─Sequential: 1-1                        [1, 2]                    --
│    └─SandwichFc: 2-1                   [1, 64]                   4,481
│    └─SandwichFc: 2-2                   [1, 64]                   8,321
│    └─SandwichFc: 2-3                   [1, 64]                   8,321
│    └─SandwichFc: 2-4                   [1, 64]                   8,321
│    └─SandwichFc: 2-5                   [1, 64]                   8,321
│    └─SandwichFc: 2-6                   [1, 64]                   8,321
│    └─SandwichFc: 2-7                   [1, 64]                   8,321
│    └─SandwichLin: 2-8                  [1, 2]                    135
├─Sequential: 1-2                        [1, 2]                    (recursive)
│    └─SandwichFc: 2-9                   [1, 64]                   (recursive)
│    └─SandwichFc: 2-10                  [1, 64]                   (recursive)
│    └─SandwichFc: 2-11                  [1, 64]                   (recursive)
│    └─SandwichFc: 2-12                  [1, 64]                   (recursive)
│    └─SandwichFc: 2-13                  [1, 64]                   (recursive)
│    └─SandwichFc: 2-14                  [1, 64]                   (recursive)
│    └─SandwichFc: 2-15                  [1, 64]                   (recursive)
│    └─SandwichLin: 2-16                 [1, 2]                    (recursive)
==========================================================================================
Total params: 54,552
Trainable params: 54,542
Non-trainable params: 10
Total mult-adds (Units.MEGABYTES): 0.11
==========================================================================================
Input size (MB): 0.00
Forward/backward pass size (MB): 0.01
Params size (MB): 0.22
Estimated Total Size (MB): 0.23
==========================================================================================
==> Saving initial model weights...
==> Start training...
==> Number of param_groups in optimizer: 1
Epoch: 001 | Train Loss: 0.1206883 | Grad norm: 1.011658 | Time: 4s578ms
Epoch: 001 | Test Loss: 0.1205367 | Time: 617ms
==> Save the model at epoch 001 with test loss 0.1205367
Epoch: 002 | Train Loss: 0.0162284 | Grad norm: 0.339248 | Time: 4s356ms
Epoch: 002 | Test Loss: 0.0106930 | Time: 627ms
==> Save the model at epoch 002 with test loss 0.0106930
Epoch: 003 | Train Loss: 0.0119235 | Grad norm: 0.171230 | Time: 4s205ms
Epoch: 003 | Test Loss: 0.0108087 | Time: 697ms
Epoch: 004 | Train Loss: 0.0123620 | Grad norm: 0.177281 | Time: 4s241ms
Epoch: 004 | Test Loss: 0.0116648 | Time: 629ms
Epoch: 005 | Train Loss: 0.0128794 | Grad norm: 0.182205 | Time: 4s399ms
Epoch: 005 | Test Loss: 0.0107222 | Time: 617ms
Epoch: 006 | Train Loss: 0.0120399 | Grad norm: 0.136664 | Time: 4s291ms
Epoch: 006 | Test Loss: 0.0115787 | Time: 626ms
Epoch: 007 | Train Loss: 0.0239703 | Grad norm: 0.283812 | Time: 4s288ms
Epoch: 007 | Test Loss: 0.0111128 | Time: 687ms
Epoch: 008 | Train Loss: 0.0112228 | Grad norm: 0.060382 | Time: 4s236ms
Epoch: 008 | Test Loss: 0.0105248 | Time: 628ms
==> Save the model at epoch 008 with test loss 0.0105248
Epoch: 009 | Train Loss: 0.0110979 | Grad norm: 0.058492 | Time: 4s157ms
Epoch: 009 | Test Loss: 0.0105902 | Time: 617ms
Epoch: 010 | Train Loss: 0.0112120 | Grad norm: 0.061394 | Time: 4s293ms
Epoch: 010 | Test Loss: 0.0106826 | Time: 616ms
Epoch: 011 | Train Loss: 0.0110379 | Grad norm: 0.056811 | Time: 4s163ms
Epoch: 011 | Test Loss: 0.0103426 | Time: 690ms
==> Save the model at epoch 011 with test loss 0.0103426
Epoch: 012 | Train Loss: 0.0105985 | Grad norm: 0.040005 | Time: 4s287ms
Epoch: 012 | Test Loss: 0.0103726 | Time: 623ms
Epoch: 013 | Train Loss: 0.0105272 | Grad norm: 0.039642 | Time: 4s234ms
Epoch: 013 | Test Loss: 0.0100268 | Time: 617ms
==> Save the model at epoch 013 with test loss 0.0100268
Epoch: 014 | Train Loss: 0.0105967 | Grad norm: 0.045064 | Time: 4s356ms
Epoch: 014 | Test Loss: 0.0102734 | Time: 629ms
Epoch: 015 | Train Loss: 0.0105435 | Grad norm: 0.045349 | Time: 4s160ms
Epoch: 015 | Test Loss: 0.0099827 | Time: 701ms
==> Save the model at epoch 015 with test loss 0.0099827
Epoch: 016 | Train Loss: 0.0105868 | Grad norm: 0.043022 | Time: 4s185ms
Epoch: 016 | Test Loss: 0.0099698 | Time: 631ms
==> Save the model at epoch 016 with test loss 0.0099698
Epoch: 017 | Train Loss: 0.0104210 | Grad norm: 0.039363 | Time: 4s306ms
Epoch: 017 | Test Loss: 0.0098885 | Time: 620ms
==> Save the model at epoch 017 with test loss 0.0098885
Epoch: 018 | Train Loss: 0.0103313 | Grad norm: 0.040833 | Time: 4s419ms
Epoch: 018 | Test Loss: 0.0098527 | Time: 627ms
==> Save the model at epoch 018 with test loss 0.0098527
Epoch: 019 | Train Loss: 0.0102995 | Grad norm: 0.042292 | Time: 4s189ms
Epoch: 019 | Test Loss: 0.0098711 | Time: 614ms
Epoch: 020 | Train Loss: 0.0102539 | Grad norm: 0.043428 | Time: 4s144ms
Epoch: 020 | Test Loss: 0.0098637 | Time: 636ms
Epoch: 021 | Train Loss: 0.0101359 | Grad norm: 0.040066 | Time: 4s240ms
Epoch: 021 | Test Loss: 0.0096801 | Time: 622ms
==> Save the model at epoch 021 with test loss 0.0096801
Epoch: 022 | Train Loss: 0.0099881 | Grad norm: 0.040968 | Time: 4s179ms
Epoch: 022 | Test Loss: 0.0095411 | Time: 633ms
==> Save the model at epoch 022 with test loss 0.0095411
Epoch: 023 | Train Loss: 0.0099271 | Grad norm: 0.039451 | Time: 4s363ms
Epoch: 023 | Test Loss: 0.0094569 | Time: 619ms
==> Save the model at epoch 023 with test loss 0.0094569
Epoch: 024 | Train Loss: 0.0100402 | Grad norm: 0.046800 | Time: 4s62ms
Epoch: 024 | Test Loss: 0.0099373 | Time: 619ms
Epoch: 025 | Train Loss: 0.0099577 | Grad norm: 0.044978 | Time: 4s88ms
Epoch: 025 | Test Loss: 0.0095581 | Time: 639ms
Epoch: 026 | Train Loss: 0.0098102 | Grad norm: 0.043347 | Time: 4s137ms
Epoch: 026 | Test Loss: 0.0093546 | Time: 635ms
==> Save the model at epoch 026 with test loss 0.0093546
Epoch: 027 | Train Loss: 0.0096741 | Grad norm: 0.042958 | Time: 4s103ms
Epoch: 027 | Test Loss: 0.0093933 | Time: 645ms
Epoch: 028 | Train Loss: 0.0094852 | Grad norm: 0.040444 | Time: 4s168ms
Epoch: 028 | Test Loss: 0.0092657 | Time: 618ms
==> Save the model at epoch 028 with test loss 0.0092657
Epoch: 029 | Train Loss: 0.0094517 | Grad norm: 0.043829 | Time: 4s45ms
Epoch: 029 | Test Loss: 0.0090299 | Time: 632ms
==> Save the model at epoch 029 with test loss 0.0090299
Epoch: 030 | Train Loss: 0.0092463 | Grad norm: 0.043605 | Time: 4s148ms
Epoch: 030 | Test Loss: 0.0090909 | Time: 626ms
Epoch: 031 | Train Loss: 0.0090869 | Grad norm: 0.042760 | Time: 4s162ms
Epoch: 031 | Test Loss: 0.0089587 | Time: 640ms
==> Save the model at epoch 031 with test loss 0.0089587
Epoch: 032 | Train Loss: 0.0090686 | Grad norm: 0.045376 | Time: 4s27ms
Epoch: 032 | Test Loss: 0.0087195 | Time: 622ms
==> Save the model at epoch 032 with test loss 0.0087195
Epoch: 033 | Train Loss: 0.0088487 | Grad norm: 0.042433 | Time: 4s127ms
Epoch: 033 | Test Loss: 0.0088806 | Time: 629ms
Epoch: 034 | Train Loss: 0.0087653 | Grad norm: 0.044331 | Time: 4s184ms
Epoch: 034 | Test Loss: 0.0085233 | Time: 635ms
==> Save the model at epoch 034 with test loss 0.0085233
Epoch: 035 | Train Loss: 0.0086185 | Grad norm: 0.039932 | Time: 4s113ms
Epoch: 035 | Test Loss: 0.0085283 | Time: 619ms
Epoch: 036 | Train Loss: 0.0085062 | Grad norm: 0.038562 | Time: 4s154ms
Epoch: 036 | Test Loss: 0.0083639 | Time: 624ms
==> Save the model at epoch 036 with test loss 0.0083639
Epoch: 037 | Train Loss: 0.0084445 | Grad norm: 0.039147 | Time: 3s987ms
Epoch: 037 | Test Loss: 0.0082905 | Time: 618ms
==> Save the model at epoch 037 with test loss 0.0082905
Epoch: 038 | Train Loss: 0.0083735 | Grad norm: 0.038283 | Time: 4s270ms
Epoch: 038 | Test Loss: 0.0082832 | Time: 701ms
==> Save the model at epoch 038 with test loss 0.0082832
Epoch: 039 | Train Loss: 0.0083144 | Grad norm: 0.036183 | Time: 4s579ms
Epoch: 039 | Test Loss: 0.0082466 | Time: 711ms
==> Save the model at epoch 039 with test loss 0.0082466
Epoch: 040 | Train Loss: 0.0082769 | Grad norm: 0.036542 | Time: 4s210ms
Epoch: 040 | Test Loss: 0.0082440 | Time: 653ms
==> Save the model at epoch 040 with test loss 0.0082440
Total time: 3m14s
==> Saving trained model weights...
==> Input bias to be applied to the neural network (trained):
[0. 0. 0. 0.]
==> Input transform to be applied to the neural network (trained):
[0.7072636  0.72212595 0.6760411  0.67349136]
==> Output transform to be applied to the neural network (trained):
[0.2287 0.2871]
==> Saving training info...
==> Drawing training loss...
==> Drawing grad norm...
==> Drawing testing loss...
==> Process finished.
