==> torch device:  cuda:3
==> Test-Train split: test_ratio = 0.20
==> Test-Train split seed:  None
==> Further split: further_train_ratio = 0.50
==> Further split seed:  None
==> Input bias to be applied to the neural network:
[0. 0. 0. 0.]
==> Input transform to be applied to the neural network:
[ 0.62900996  0.6288912  11.792453    9.624639  ]
==> Ouput transform to be applied to the neural network:
[0.0521 0.054 ]
==> Evaluating model...
==========================================================================================
Layer (type:depth-idx)                   Output Shape              Param #
==========================================================================================
NeuralNetwork                            [1, 2]                    10
├─Sequential: 1-1                        [1, 2]                    --
│    └─Linear: 2-1                       [1, 64]                   320
│    └─ReLU: 2-2                         [1, 64]                   --
│    └─Linear: 2-3                       [1, 64]                   4,160
│    └─ReLU: 2-4                         [1, 64]                   --
│    └─Linear: 2-5                       [1, 64]                   4,160
│    └─ReLU: 2-6                         [1, 64]                   --
│    └─Linear: 2-7                       [1, 64]                   4,160
│    └─ReLU: 2-8                         [1, 64]                   --
│    └─Linear: 2-9                       [1, 64]                   4,160
│    └─ReLU: 2-10                        [1, 64]                   --
│    └─Linear: 2-11                      [1, 64]                   4,160
│    └─ReLU: 2-12                        [1, 64]                   --
│    └─Linear: 2-13                      [1, 64]                   4,160
│    └─ReLU: 2-14                        [1, 64]                   --
│    └─Linear: 2-15                      [1, 2]                    130
├─Sequential: 1-2                        [1, 2]                    (recursive)
│    └─Linear: 2-16                      [1, 64]                   (recursive)
│    └─ReLU: 2-17                        [1, 64]                   --
│    └─Linear: 2-18                      [1, 64]                   (recursive)
│    └─ReLU: 2-19                        [1, 64]                   --
│    └─Linear: 2-20                      [1, 64]                   (recursive)
│    └─ReLU: 2-21                        [1, 64]                   --
│    └─Linear: 2-22                      [1, 64]                   (recursive)
│    └─ReLU: 2-23                        [1, 64]                   --
│    └─Linear: 2-24                      [1, 64]                   (recursive)
│    └─ReLU: 2-25                        [1, 64]                   --
│    └─Linear: 2-26                      [1, 64]                   (recursive)
│    └─ReLU: 2-27                        [1, 64]                   --
│    └─Linear: 2-28                      [1, 64]                   (recursive)
│    └─ReLU: 2-29                        [1, 64]                   --
│    └─Linear: 2-30                      [1, 2]                    (recursive)
==========================================================================================
Total params: 25,420
Trainable params: 25,410
Non-trainable params: 10
Total mult-adds (Units.MEGABYTES): 0.05
==========================================================================================
Input size (MB): 0.00
Forward/backward pass size (MB): 0.01
Params size (MB): 0.10
Estimated Total Size (MB): 0.11
==========================================================================================
==> Saving initial model weights...
==> Start training...
==> Number of param_groups in optimizer: 1
Epoch: 001 | Train Loss: 0.0056267 | Grad norm: 0.000129 | Time: 2s335ms
Epoch: 001 | Test Loss: 0.0056406 | Time: 504ms
==> Save the model at epoch 001 with test loss 0.0056406
Epoch: 002 | Train Loss: 0.0056270 | Grad norm: 0.000050 | Time: 2s189ms
Epoch: 002 | Test Loss: 0.0056371 | Time: 570ms
==> Save the model at epoch 002 with test loss 0.0056371
Epoch: 003 | Train Loss: 0.0056242 | Grad norm: 0.000014 | Time: 2s90ms
Epoch: 003 | Test Loss: 0.0056370 | Time: 522ms
==> Save the model at epoch 003 with test loss 0.0056370
Epoch: 004 | Train Loss: 0.0056242 | Grad norm: 0.000002 | Time: 2s262ms
Epoch: 004 | Test Loss: 0.0056370 | Time: 518ms
Epoch: 005 | Train Loss: 0.0056237 | Grad norm: 0.000000 | Time: 2s247ms
Epoch: 005 | Test Loss: 0.0056370 | Time: 514ms
Epoch: 006 | Train Loss: 0.0056256 | Grad norm: 0.000000 | Time: 2s36ms
Epoch: 006 | Test Loss: 0.0056370 | Time: 503ms
Epoch: 007 | Train Loss: 0.0056256 | Grad norm: 0.000000 | Time: 2s71ms
Epoch: 007 | Test Loss: 0.0056370 | Time: 528ms
Epoch: 008 | Train Loss: 0.0056260 | Grad norm: 0.000000 | Time: 2s230ms
Epoch: 008 | Test Loss: 0.0056370 | Time: 512ms
Epoch: 009 | Train Loss: 0.0056242 | Grad norm: 0.000000 | Time: 2s144ms
Epoch: 009 | Test Loss: 0.0056370 | Time: 524ms
Epoch: 010 | Train Loss: 0.0056244 | Grad norm: 0.000000 | Time: 2s209ms
Epoch: 010 | Test Loss: 0.0056370 | Time: 578ms
Epoch: 011 | Train Loss: 0.0056234 | Grad norm: 0.000000 | Time: 2s285ms
Epoch: 011 | Test Loss: 0.0056370 | Time: 507ms
Epoch: 012 | Train Loss: 0.0056270 | Grad norm: 0.000000 | Time: 1s965ms
Epoch: 012 | Test Loss: 0.0056370 | Time: 504ms
Epoch: 013 | Train Loss: 0.0056257 | Grad norm: 0.000000 | Time: 2s206ms
Epoch: 013 | Test Loss: 0.0056370 | Time: 525ms
Epoch: 014 | Train Loss: 0.0056247 | Grad norm: 0.000000 | Time: 1s921ms
Epoch: 014 | Test Loss: 0.0056370 | Time: 704ms
Epoch: 015 | Train Loss: 0.0056230 | Grad norm: 0.000000 | Time: 2s245ms
Epoch: 015 | Test Loss: 0.0056370 | Time: 498ms
Epoch: 016 | Train Loss: 0.0056262 | Grad norm: 0.000000 | Time: 2s231ms
Epoch: 016 | Test Loss: 0.0056370 | Time: 609ms
Epoch: 017 | Train Loss: 0.0056254 | Grad norm: 0.000000 | Time: 2s170ms
Epoch: 017 | Test Loss: 0.0056370 | Time: 514ms
Epoch: 018 | Train Loss: 0.0056279 | Grad norm: 0.000000 | Time: 2s261ms
Epoch: 018 | Test Loss: 0.0056370 | Time: 604ms
Epoch: 019 | Train Loss: 0.0056261 | Grad norm: 0.000000 | Time: 2s47ms
Epoch: 019 | Test Loss: 0.0056370 | Time: 545ms
Epoch: 020 | Train Loss: 0.0056237 | Grad norm: 0.000000 | Time: 2s172ms
Epoch: 020 | Test Loss: 0.0056370 | Time: 544ms
Epoch: 021 | Train Loss: 0.0056251 | Grad norm: 0.000000 | Time: 2s257ms
Epoch: 021 | Test Loss: 0.0056370 | Time: 516ms
Epoch: 022 | Train Loss: 0.0056241 | Grad norm: 0.000000 | Time: 2s370ms
Epoch: 022 | Test Loss: 0.0056370 | Time: 551ms
Epoch: 023 | Train Loss: 0.0056250 | Grad norm: 0.000000 | Time: 2s118ms
Epoch: 023 | Test Loss: 0.0056370 | Time: 504ms
Epoch: 024 | Train Loss: 0.0056256 | Grad norm: 0.000000 | Time: 2s179ms
Epoch: 024 | Test Loss: 0.0056370 | Time: 545ms
Epoch: 025 | Train Loss: 0.0056256 | Grad norm: 0.000000 | Time: 2s127ms
Epoch: 025 | Test Loss: 0.0056370 | Time: 546ms
Epoch: 026 | Train Loss: 0.0056263 | Grad norm: 0.000000 | Time: 2s86ms
Epoch: 026 | Test Loss: 0.0056370 | Time: 622ms
Epoch: 027 | Train Loss: 0.0056259 | Grad norm: 0.000000 | Time: 2s189ms
Epoch: 027 | Test Loss: 0.0056370 | Time: 533ms
Epoch: 028 | Train Loss: 0.0056247 | Grad norm: 0.000000 | Time: 2s210ms
Epoch: 028 | Test Loss: 0.0056370 | Time: 509ms
Epoch: 029 | Train Loss: 0.0056219 | Grad norm: 0.000000 | Time: 2s192ms
Epoch: 029 | Test Loss: 0.0056370 | Time: 513ms
Epoch: 030 | Train Loss: 0.0056271 | Grad norm: 0.000000 | Time: 2s284ms
Epoch: 030 | Test Loss: 0.0056370 | Time: 505ms
Epoch: 031 | Train Loss: 0.0056270 | Grad norm: 0.000000 | Time: 2s3ms
Epoch: 031 | Test Loss: 0.0056370 | Time: 502ms
Epoch: 032 | Train Loss: 0.0056249 | Grad norm: 0.000000 | Time: 2s119ms
Epoch: 032 | Test Loss: 0.0056370 | Time: 526ms
Epoch: 033 | Train Loss: 0.0056248 | Grad norm: 0.000000 | Time: 2s226ms
Epoch: 033 | Test Loss: 0.0056370 | Time: 523ms
Epoch: 034 | Train Loss: 0.0056245 | Grad norm: 0.000000 | Time: 2s177ms
Epoch: 034 | Test Loss: 0.0056370 | Time: 588ms
Epoch: 035 | Train Loss: 0.0056250 | Grad norm: 0.000000 | Time: 2s116ms
Epoch: 035 | Test Loss: 0.0056370 | Time: 498ms
Epoch: 036 | Train Loss: 0.0056254 | Grad norm: 0.000000 | Time: 2s128ms
Epoch: 036 | Test Loss: 0.0056370 | Time: 542ms
Epoch: 037 | Train Loss: 0.0056234 | Grad norm: 0.000000 | Time: 2s286ms
Epoch: 037 | Test Loss: 0.0056370 | Time: 571ms
Epoch: 038 | Train Loss: 0.0056237 | Grad norm: 0.000000 | Time: 2s146ms
Epoch: 038 | Test Loss: 0.0056370 | Time: 507ms
Epoch: 039 | Train Loss: 0.0056249 | Grad norm: 0.000000 | Time: 1s894ms
Epoch: 039 | Test Loss: 0.0056370 | Time: 497ms
Epoch: 040 | Train Loss: 0.0056253 | Grad norm: 0.000000 | Time: 2s131ms
Epoch: 040 | Test Loss: 0.0056370 | Time: 568ms
Total time: 1m48s
==> Saving trained model weights...
==> Input bias to be applied to the neural network (trained):
[0. 0. 0. 0.]
==> Input transform to be applied to the neural network (trained):
[ 0.62900996  0.6288912  11.792453    9.624639  ]
==> Output transform to be applied to the neural network (trained):
[0.0521 0.054 ]
==> Saving training info...
==> Drawing training loss...
==> Drawing grad norm...
==> Drawing testing loss...
==> Process finished.
