==> torch device:  cuda:1
==> Test-Train split: test_ratio = 0.20
==> Test-Train split seed:  None
==> Further split: further_train_ratio = 0.25
==> Further split seed:  None
==> Input bias to be applied to the neural network:
[0. 0.]
==> Input transform to be applied to the neural network:
[0.5090095 0.5090095]
==> Ouput transform to be applied to the neural network:
[3.9366 3.9363]
==> Evaluating model...
==========================================================================================
Layer (type:depth-idx)                   Output Shape              Param #
==========================================================================================
NeuralNetwork                            [1, 2]                    6
├─Sequential: 1-1                        [1, 2]                    --
│    └─Linear: 2-1                       [1, 64]                   192
│    └─ReLU: 2-2                         [1, 64]                   --
│    └─Linear: 2-3                       [1, 64]                   4,160
│    └─ReLU: 2-4                         [1, 64]                   --
│    └─Linear: 2-5                       [1, 64]                   4,160
│    └─ReLU: 2-6                         [1, 64]                   --
│    └─Linear: 2-7                       [1, 64]                   4,160
│    └─ReLU: 2-8                         [1, 64]                   --
│    └─Linear: 2-9                       [1, 64]                   4,160
│    └─ReLU: 2-10                        [1, 64]                   --
│    └─Linear: 2-11                      [1, 64]                   4,160
│    └─ReLU: 2-12                        [1, 64]                   --
│    └─Linear: 2-13                      [1, 64]                   4,160
│    └─ReLU: 2-14                        [1, 64]                   --
│    └─Linear: 2-15                      [1, 2]                    130
├─Sequential: 1-2                        [1, 2]                    (recursive)
│    └─Linear: 2-16                      [1, 64]                   (recursive)
│    └─ReLU: 2-17                        [1, 64]                   --
│    └─Linear: 2-18                      [1, 64]                   (recursive)
│    └─ReLU: 2-19                        [1, 64]                   --
│    └─Linear: 2-20                      [1, 64]                   (recursive)
│    └─ReLU: 2-21                        [1, 64]                   --
│    └─Linear: 2-22                      [1, 64]                   (recursive)
│    └─ReLU: 2-23                        [1, 64]                   --
│    └─Linear: 2-24                      [1, 64]                   (recursive)
│    └─ReLU: 2-25                        [1, 64]                   --
│    └─Linear: 2-26                      [1, 64]                   (recursive)
│    └─ReLU: 2-27                        [1, 64]                   --
│    └─Linear: 2-28                      [1, 64]                   (recursive)
│    └─ReLU: 2-29                        [1, 64]                   --
│    └─Linear: 2-30                      [1, 2]                    (recursive)
==========================================================================================
Total params: 25,288
Trainable params: 25,282
Non-trainable params: 6
Total mult-adds (Units.MEGABYTES): 0.05
==========================================================================================
Input size (MB): 0.00
Forward/backward pass size (MB): 0.01
Params size (MB): 0.10
Estimated Total Size (MB): 0.11
==========================================================================================
==> Saving initial model weights...
==> Start training...
==> Number of param_groups in optimizer: 1
Epoch: 001 | Train Loss: 30.8557851 | Grad norm: 0.756042 | Time: 1s283ms
Epoch: 001 | Test Loss: 30.7666147 | Time: 468ms
==> Save the model at epoch 001 with test loss 30.7666147
Epoch: 002 | Train Loss: 18.5688883 | Grad norm: 9.301673 | Time: 1s87ms
Epoch: 002 | Test Loss: 3.2498357 | Time: 500ms
==> Save the model at epoch 002 with test loss 3.2498357
Epoch: 003 | Train Loss: 0.3720705 | Grad norm: 6.154043 | Time: 1s140ms
Epoch: 003 | Test Loss: 0.0967554 | Time: 558ms
==> Save the model at epoch 003 with test loss 0.0967554
Epoch: 004 | Train Loss: 0.2215749 | Grad norm: 6.358792 | Time: 1s235ms
Epoch: 004 | Test Loss: 0.3009377 | Time: 507ms
Epoch: 005 | Train Loss: 0.2248269 | Grad norm: 6.156758 | Time: 1s147ms
Epoch: 005 | Test Loss: 0.2219036 | Time: 505ms
Epoch: 006 | Train Loss: 0.3397808 | Grad norm: 7.830888 | Time: 1s208ms
Epoch: 006 | Test Loss: 0.3537332 | Time: 468ms
Epoch: 007 | Train Loss: 0.4368529 | Grad norm: 9.273109 | Time: 1s124ms
Epoch: 007 | Test Loss: 0.4352164 | Time: 564ms
Epoch: 008 | Train Loss: 0.5173979 | Grad norm: 9.643263 | Time: 1s150ms
Epoch: 008 | Test Loss: 0.3509397 | Time: 482ms
Epoch: 009 | Train Loss: 0.5456739 | Grad norm: 10.194106 | Time: 1s189ms
Epoch: 009 | Test Loss: 0.2473304 | Time: 463ms
Epoch: 010 | Train Loss: 0.3445415 | Grad norm: 7.977301 | Time: 1s64ms
Epoch: 010 | Test Loss: 0.3310754 | Time: 456ms
Epoch: 011 | Train Loss: 0.5319235 | Grad norm: 9.955996 | Time: 1s96ms
Epoch: 011 | Test Loss: 0.2607882 | Time: 536ms
Epoch: 012 | Train Loss: 0.4351064 | Grad norm: 8.849284 | Time: 1s91ms
Epoch: 012 | Test Loss: 0.2852627 | Time: 467ms
Epoch: 013 | Train Loss: 0.4074002 | Grad norm: 8.612531 | Time: 1s51ms
Epoch: 013 | Test Loss: 0.4626960 | Time: 472ms
Epoch: 014 | Train Loss: 0.3491421 | Grad norm: 7.824421 | Time: 988ms
Epoch: 014 | Test Loss: 0.4117430 | Time: 492ms
Epoch: 015 | Train Loss: 0.3151005 | Grad norm: 7.285176 | Time: 1s198ms
Epoch: 015 | Test Loss: 0.3453293 | Time: 548ms
Epoch: 016 | Train Loss: 0.3098905 | Grad norm: 7.328245 | Time: 1s160ms
Epoch: 016 | Test Loss: 0.2750735 | Time: 477ms
Epoch: 017 | Train Loss: 0.2330636 | Grad norm: 6.196808 | Time: 1s112ms
Epoch: 017 | Test Loss: 0.2464722 | Time: 497ms
Epoch: 018 | Train Loss: 0.2772938 | Grad norm: 6.881923 | Time: 1s147ms
Epoch: 018 | Test Loss: 0.2639492 | Time: 472ms
Epoch: 019 | Train Loss: 0.2390834 | Grad norm: 6.359680 | Time: 1s138ms
Epoch: 019 | Test Loss: 0.2341236 | Time: 534ms
Epoch: 020 | Train Loss: 0.1887666 | Grad norm: 5.369504 | Time: 1s63ms
Epoch: 020 | Test Loss: 0.1530573 | Time: 499ms
Epoch: 021 | Train Loss: 0.1428367 | Grad norm: 4.492703 | Time: 1s184ms
Epoch: 021 | Test Loss: 0.0999660 | Time: 455ms
Epoch: 022 | Train Loss: 0.1503855 | Grad norm: 4.735438 | Time: 1s159ms
Epoch: 022 | Test Loss: 0.1849664 | Time: 472ms
Epoch: 023 | Train Loss: 0.1727418 | Grad norm: 5.040652 | Time: 1s39ms
Epoch: 023 | Test Loss: 0.1755588 | Time: 548ms
Epoch: 024 | Train Loss: 0.1263499 | Grad norm: 4.212746 | Time: 1s194ms
Epoch: 024 | Test Loss: 0.1979442 | Time: 456ms
Epoch: 025 | Train Loss: 0.1436697 | Grad norm: 4.621901 | Time: 1s133ms
Epoch: 025 | Test Loss: 0.1295952 | Time: 480ms
Epoch: 026 | Train Loss: 0.0987094 | Grad norm: 3.585923 | Time: 1s112ms
Epoch: 026 | Test Loss: 0.1009747 | Time: 458ms
Epoch: 027 | Train Loss: 0.0760679 | Grad norm: 3.022829 | Time: 1s83ms
Epoch: 027 | Test Loss: 0.1009033 | Time: 564ms
Epoch: 028 | Train Loss: 0.0741537 | Grad norm: 2.899368 | Time: 1s23ms
Epoch: 028 | Test Loss: 0.0913054 | Time: 458ms
==> Save the model at epoch 028 with test loss 0.0913054
Epoch: 029 | Train Loss: 0.0633419 | Grad norm: 2.670861 | Time: 1s117ms
Epoch: 029 | Test Loss: 0.1049557 | Time: 495ms
Epoch: 030 | Train Loss: 0.0502624 | Grad norm: 2.032006 | Time: 1s160ms
Epoch: 030 | Test Loss: 0.0607329 | Time: 479ms
==> Save the model at epoch 030 with test loss 0.0607329
Epoch: 031 | Train Loss: 0.0523811 | Grad norm: 2.384680 | Time: 1s222ms
Epoch: 031 | Test Loss: 0.0899017 | Time: 562ms
Epoch: 032 | Train Loss: 0.0488631 | Grad norm: 1.977146 | Time: 1s180ms
Epoch: 032 | Test Loss: 0.0427217 | Time: 493ms
==> Save the model at epoch 032 with test loss 0.0427217
Epoch: 033 | Train Loss: 0.0407876 | Grad norm: 1.850221 | Time: 1s200ms
Epoch: 033 | Test Loss: 0.0495515 | Time: 493ms
Epoch: 034 | Train Loss: 0.0365056 | Grad norm: 1.593594 | Time: 1s299ms
Epoch: 034 | Test Loss: 0.0376365 | Time: 515ms
==> Save the model at epoch 034 with test loss 0.0376365
Epoch: 035 | Train Loss: 0.0259585 | Grad norm: 0.999725 | Time: 1s173ms
Epoch: 035 | Test Loss: 0.0354852 | Time: 572ms
==> Save the model at epoch 035 with test loss 0.0354852
Epoch: 036 | Train Loss: 0.0246214 | Grad norm: 0.908787 | Time: 1s201ms
Epoch: 036 | Test Loss: 0.0318963 | Time: 478ms
==> Save the model at epoch 036 with test loss 0.0318963
Epoch: 037 | Train Loss: 0.0247149 | Grad norm: 1.069131 | Time: 1s92ms
Epoch: 037 | Test Loss: 0.0331684 | Time: 512ms
Epoch: 038 | Train Loss: 0.0261645 | Grad norm: 0.860765 | Time: 1s220ms
Epoch: 038 | Test Loss: 0.0302227 | Time: 532ms
==> Save the model at epoch 038 with test loss 0.0302227
Epoch: 039 | Train Loss: 0.0226632 | Grad norm: 0.738203 | Time: 1s182ms
Epoch: 039 | Test Loss: 0.0289040 | Time: 544ms
==> Save the model at epoch 039 with test loss 0.0289040
Epoch: 040 | Train Loss: 0.0229292 | Grad norm: 0.639428 | Time: 1s209ms
Epoch: 040 | Test Loss: 0.0291003 | Time: 503ms
Total time: 1m5s
==> Saving trained model weights...
==> Input bias to be applied to the neural network (trained):
[0. 0.]
==> Input transform to be applied to the neural network (trained):
[0.5090095 0.5090095]
==> Output transform to be applied to the neural network (trained):
[3.9366 3.9363]
==> Saving training info...
==> Drawing training loss...
==> Drawing grad norm...
==> Drawing testing loss...
==> Process finished.
