==> torch device:  cuda:1
==> Test-Train split: test_ratio = 0.20
==> Test-Train split seed:  None
==> Further split: further_train_ratio = 1.00
==> Further split seed:  None
==> Input bias to be applied to the neural network:
[0. 0.]
==> Input transform to be applied to the neural network:
[1. 1.]
==> Ouput transform to be applied to the neural network:
[1. 1.]
==> Evaluating model...
==========================================================================================
Layer (type:depth-idx)                   Output Shape              Param #
==========================================================================================
NeuralNetwork                            [1, 2]                    6
├─Sequential: 1-1                        [1, 2]                    --
│    └─Linear: 2-1                       [1, 64]                   192
│    └─LeakyReLU: 2-2                    [1, 64]                   --
│    └─Linear: 2-3                       [1, 64]                   4,160
│    └─LeakyReLU: 2-4                    [1, 64]                   --
│    └─Linear: 2-5                       [1, 64]                   4,160
│    └─LeakyReLU: 2-6                    [1, 64]                   --
│    └─Linear: 2-7                       [1, 64]                   4,160
│    └─LeakyReLU: 2-8                    [1, 64]                   --
│    └─Linear: 2-9                       [1, 64]                   4,160
│    └─LeakyReLU: 2-10                   [1, 64]                   --
│    └─Linear: 2-11                      [1, 64]                   4,160
│    └─LeakyReLU: 2-12                   [1, 64]                   --
│    └─Linear: 2-13                      [1, 64]                   4,160
│    └─LeakyReLU: 2-14                   [1, 64]                   --
│    └─Linear: 2-15                      [1, 2]                    130
==========================================================================================
Total params: 25,288
Trainable params: 25,282
Non-trainable params: 6
Total mult-adds (Units.MEGABYTES): 0.03
==========================================================================================
Input size (MB): 0.00
Forward/backward pass size (MB): 0.00
Params size (MB): 0.10
Estimated Total Size (MB): 0.10
==========================================================================================
==> Saving initial model weights...
==> Start training...
Epoch: 001 | Loss: 0.4107802 | L2 loss: 0.4107801 | Lip loss: 0.0000001 | Grad norm: 2.819314 | Time: 55s583ms
Epoch: 001 | Test Loss: 0.0122521 | Time: 778ms
==> Save the model at epoch 001 with test loss 0.0122521
Epoch: 002 | Loss: 0.0043487 | L2 loss: 0.0043486 | Lip loss: 0.0000001 | Grad norm: 1.040945 | Time: 55s380ms
Epoch: 002 | Test Loss: 0.0019589 | Time: 758ms
==> Save the model at epoch 002 with test loss 0.0019589
Epoch: 003 | Loss: 0.0045953 | L2 loss: 0.0045952 | Lip loss: 0.0000001 | Grad norm: 1.050812 | Time: 55s461ms
Epoch: 003 | Test Loss: 0.0026010 | Time: 712ms
Epoch: 004 | Loss: 0.0028355 | L2 loss: 0.0028353 | Lip loss: 0.0000001 | Grad norm: 0.669734 | Time: 57s254ms
Epoch: 004 | Test Loss: 0.0013255 | Time: 715ms
==> Save the model at epoch 004 with test loss 0.0013255
Epoch: 005 | Loss: 0.0032693 | L2 loss: 0.0032692 | Lip loss: 0.0000001 | Grad norm: 0.725087 | Time: 55s208ms
Epoch: 005 | Test Loss: 0.0010172 | Time: 714ms
==> Save the model at epoch 005 with test loss 0.0010172
Epoch: 006 | Loss: 0.0006613 | L2 loss: 0.0006611 | Lip loss: 0.0000001 | Grad norm: 0.077354 | Time: 56s460ms
Epoch: 006 | Test Loss: 0.0006639 | Time: 711ms
==> Save the model at epoch 006 with test loss 0.0006639
Epoch: 007 | Loss: 0.0006481 | L2 loss: 0.0006480 | Lip loss: 0.0000001 | Grad norm: 0.074337 | Time: 57s776ms
Epoch: 007 | Test Loss: 0.0006470 | Time: 710ms
==> Save the model at epoch 007 with test loss 0.0006470
Epoch: 008 | Loss: 0.0006419 | L2 loss: 0.0006418 | Lip loss: 0.0000001 | Grad norm: 0.082210 | Time: 57s549ms
Epoch: 008 | Test Loss: 0.0006532 | Time: 782ms
Epoch: 009 | Loss: 0.0006406 | L2 loss: 0.0006405 | Lip loss: 0.0000001 | Grad norm: 0.094122 | Time: 57s268ms
Epoch: 009 | Test Loss: 0.0006300 | Time: 715ms
==> Save the model at epoch 009 with test loss 0.0006300
Epoch: 010 | Loss: 0.0006373 | L2 loss: 0.0006372 | Lip loss: 0.0000001 | Grad norm: 0.100990 | Time: 57s430ms
Epoch: 010 | Test Loss: 0.0006235 | Time: 732ms
==> Save the model at epoch 010 with test loss 0.0006235
Epoch: 011 | Loss: 0.0006001 | L2 loss: 0.0006000 | Lip loss: 0.0000001 | Grad norm: 0.052882 | Time: 57s840ms
Epoch: 011 | Test Loss: 0.0006084 | Time: 720ms
==> Save the model at epoch 011 with test loss 0.0006084
Epoch: 012 | Loss: 0.0005996 | L2 loss: 0.0005995 | Lip loss: 0.0000001 | Grad norm: 0.053591 | Time: 58s926ms
Epoch: 012 | Test Loss: 0.0006017 | Time: 713ms
==> Save the model at epoch 012 with test loss 0.0006017
Epoch: 013 | Loss: 0.0005994 | L2 loss: 0.0005992 | Lip loss: 0.0000001 | Grad norm: 0.056121 | Time: 57s387ms
Epoch: 013 | Test Loss: 0.0005991 | Time: 711ms
==> Save the model at epoch 013 with test loss 0.0005991
Epoch: 014 | Loss: 0.0005990 | L2 loss: 0.0005989 | Lip loss: 0.0000001 | Grad norm: 0.057742 | Time: 56s733ms
Epoch: 014 | Test Loss: 0.0006057 | Time: 718ms
Epoch: 015 | Loss: 0.0005993 | L2 loss: 0.0005992 | Lip loss: 0.0000001 | Grad norm: 0.061217 | Time: 56s280ms
Epoch: 015 | Test Loss: 0.0005979 | Time: 791ms
==> Save the model at epoch 015 with test loss 0.0005979
Epoch: 016 | Loss: 0.0005920 | L2 loss: 0.0005918 | Lip loss: 0.0000001 | Grad norm: 0.046734 | Time: 57s258ms
Epoch: 016 | Test Loss: 0.0005937 | Time: 711ms
==> Save the model at epoch 016 with test loss 0.0005937
Epoch: 017 | Loss: 0.0005918 | L2 loss: 0.0005917 | Lip loss: 0.0000001 | Grad norm: 0.046862 | Time: 56s320ms
Epoch: 017 | Test Loss: 0.0005928 | Time: 731ms
==> Save the model at epoch 017 with test loss 0.0005928
Epoch: 018 | Loss: 0.0005916 | L2 loss: 0.0005915 | Lip loss: 0.0000001 | Grad norm: 0.045639 | Time: 57s246ms
Epoch: 018 | Test Loss: 0.0005931 | Time: 715ms
Epoch: 019 | Loss: 0.0005916 | L2 loss: 0.0005915 | Lip loss: 0.0000001 | Grad norm: 0.046472 | Time: 58s207ms
Epoch: 019 | Test Loss: 0.0005926 | Time: 714ms
==> Save the model at epoch 019 with test loss 0.0005926
Epoch: 020 | Loss: 0.0005914 | L2 loss: 0.0005913 | Lip loss: 0.0000001 | Grad norm: 0.046498 | Time: 56s906ms
Epoch: 020 | Test Loss: 0.0005933 | Time: 710ms
Epoch: 021 | Loss: 0.0005904 | L2 loss: 0.0005903 | Lip loss: 0.0000001 | Grad norm: 0.043625 | Time: 56s176ms
Epoch: 021 | Test Loss: 0.0005920 | Time: 714ms
==> Save the model at epoch 021 with test loss 0.0005920
Epoch: 022 | Loss: 0.0005903 | L2 loss: 0.0005902 | Lip loss: 0.0000001 | Grad norm: 0.043815 | Time: 55s724ms
Epoch: 022 | Test Loss: 0.0005920 | Time: 714ms
==> Save the model at epoch 022 with test loss 0.0005920
Epoch: 023 | Loss: 0.0005903 | L2 loss: 0.0005902 | Lip loss: 0.0000001 | Grad norm: 0.044027 | Time: 56s174ms
Epoch: 023 | Test Loss: 0.0005920 | Time: 778ms
Epoch: 024 | Loss: 0.0005903 | L2 loss: 0.0005902 | Lip loss: 0.0000001 | Grad norm: 0.044377 | Time: 56s200ms
Epoch: 024 | Test Loss: 0.0005920 | Time: 717ms
==> Save the model at epoch 024 with test loss 0.0005920
Epoch: 025 | Loss: 0.0005903 | L2 loss: 0.0005902 | Lip loss: 0.0000001 | Grad norm: 0.044616 | Time: 56s784ms
Epoch: 025 | Test Loss: 0.0005920 | Time: 712ms
Epoch: 026 | Loss: 0.0005902 | L2 loss: 0.0005900 | Lip loss: 0.0000001 | Grad norm: 0.043735 | Time: 57s387ms
Epoch: 026 | Test Loss: 0.0005920 | Time: 713ms
==> Save the model at epoch 026 with test loss 0.0005920
Epoch: 027 | Loss: 0.0005901 | L2 loss: 0.0005900 | Lip loss: 0.0000001 | Grad norm: 0.044240 | Time: 57s412ms
Epoch: 027 | Test Loss: 0.0005920 | Time: 711ms
==> Save the model at epoch 027 with test loss 0.0005920
Epoch: 028 | Loss: 0.0005901 | L2 loss: 0.0005900 | Lip loss: 0.0000001 | Grad norm: 0.043187 | Time: 57s309ms
Epoch: 028 | Test Loss: 0.0005920 | Time: 709ms
Epoch: 029 | Loss: 0.0005901 | L2 loss: 0.0005900 | Lip loss: 0.0000001 | Grad norm: 0.043554 | Time: 57s233ms
Epoch: 029 | Test Loss: 0.0005919 | Time: 716ms
==> Save the model at epoch 029 with test loss 0.0005919
Epoch: 030 | Loss: 0.0005901 | L2 loss: 0.0005900 | Lip loss: 0.0000001 | Grad norm: 0.043840 | Time: 57s808ms
Epoch: 030 | Test Loss: 0.0005919 | Time: 781ms
==> Save the model at epoch 030 with test loss 0.0005919
Epoch: 031 | Loss: 0.0005901 | L2 loss: 0.0005900 | Lip loss: 0.0000001 | Grad norm: 0.043972 | Time: 56s827ms
Epoch: 031 | Test Loss: 0.0005919 | Time: 713ms
Epoch: 032 | Loss: 0.0005901 | L2 loss: 0.0005900 | Lip loss: 0.0000001 | Grad norm: 0.044059 | Time: 56s123ms
Epoch: 032 | Test Loss: 0.0005919 | Time: 712ms
Epoch: 033 | Loss: 0.0005901 | L2 loss: 0.0005900 | Lip loss: 0.0000001 | Grad norm: 0.043276 | Time: 56s398ms
Epoch: 033 | Test Loss: 0.0005919 | Time: 712ms
==> Save the model at epoch 033 with test loss 0.0005919
Epoch: 034 | Loss: 0.0005901 | L2 loss: 0.0005900 | Lip loss: 0.0000001 | Grad norm: 0.042987 | Time: 56s478ms
Epoch: 034 | Test Loss: 0.0005919 | Time: 729ms
==> Save the model at epoch 034 with test loss 0.0005919
Epoch: 035 | Loss: 0.0005901 | L2 loss: 0.0005900 | Lip loss: 0.0000001 | Grad norm: 0.042750 | Time: 56s324ms
Epoch: 035 | Test Loss: 0.0005919 | Time: 713ms
Epoch: 036 | Loss: 0.0005901 | L2 loss: 0.0005900 | Lip loss: 0.0000001 | Grad norm: 0.043460 | Time: 55s950ms
Epoch: 036 | Test Loss: 0.0005919 | Time: 721ms
==> Save the model at epoch 036 with test loss 0.0005919
Epoch: 037 | Loss: 0.0005901 | L2 loss: 0.0005900 | Lip loss: 0.0000001 | Grad norm: 0.043527 | Time: 57s64ms
Epoch: 037 | Test Loss: 0.0005919 | Time: 798ms
==> Save the model at epoch 037 with test loss 0.0005919
Epoch: 038 | Loss: 0.0005901 | L2 loss: 0.0005900 | Lip loss: 0.0000001 | Grad norm: 0.043409 | Time: 56s353ms
Epoch: 038 | Test Loss: 0.0005919 | Time: 709ms
==> Save the model at epoch 038 with test loss 0.0005919
Epoch: 039 | Loss: 0.0005901 | L2 loss: 0.0005900 | Lip loss: 0.0000001 | Grad norm: 0.043161 | Time: 56s406ms
Epoch: 039 | Test Loss: 0.0005919 | Time: 716ms
Epoch: 040 | Loss: 0.0005901 | L2 loss: 0.0005900 | Lip loss: 0.0000001 | Grad norm: 0.043359 | Time: 56s20ms
Epoch: 040 | Test Loss: 0.0005919 | Time: 726ms
==> Save the model at epoch 040 with test loss 0.0005919
Total time: 38m19s
==> Saving trained model weights...
==> Input bias to be applied to the neural network (trained):
[0. 0.]
==> Input transform to be applied to the neural network (trained):
[1. 1.]
==> Output transform to be applied to the neural network (trained):
[1. 1.]
==> Saving training info...
==> Drawing training loss...
==> Drawing grad norm...
==> Drawing testing loss...
==> Drawing l2 loss...
==> Drawing lip loss...
==> Process finished.
