==> torch device:  cuda:3
==> Test-Train split: test_ratio = 0.20
==> Test-Train split seed:  None
==> Further split: further_train_ratio = 1.00
==> Further split seed:  None
==> Input bias to be applied to the neural network:
[0. 0.]
==> Input transform to be applied to the neural network:
[0.70987433 0.70987433]
==> Ouput transform to be applied to the neural network:
[2.8317 2.8316]
==> Evaluating model...
==========================================================================================
Layer (type:depth-idx)                   Output Shape              Param #
==========================================================================================
NeuralNetwork                            [1, 2]                    6
├─Sequential: 1-1                        [1, 2]                    --
│    └─Linear: 2-1                       [1, 64]                   192
│    └─ReLU: 2-2                         [1, 64]                   --
│    └─Linear: 2-3                       [1, 64]                   4,160
│    └─ReLU: 2-4                         [1, 64]                   --
│    └─Linear: 2-5                       [1, 64]                   4,160
│    └─ReLU: 2-6                         [1, 64]                   --
│    └─Linear: 2-7                       [1, 64]                   4,160
│    └─ReLU: 2-8                         [1, 64]                   --
│    └─Linear: 2-9                       [1, 64]                   4,160
│    └─ReLU: 2-10                        [1, 64]                   --
│    └─Linear: 2-11                      [1, 64]                   4,160
│    └─ReLU: 2-12                        [1, 64]                   --
│    └─Linear: 2-13                      [1, 64]                   4,160
│    └─ReLU: 2-14                        [1, 64]                   --
│    └─Linear: 2-15                      [1, 2]                    130
├─Sequential: 1-2                        [1, 2]                    (recursive)
│    └─Linear: 2-16                      [1, 64]                   (recursive)
│    └─ReLU: 2-17                        [1, 64]                   --
│    └─Linear: 2-18                      [1, 64]                   (recursive)
│    └─ReLU: 2-19                        [1, 64]                   --
│    └─Linear: 2-20                      [1, 64]                   (recursive)
│    └─ReLU: 2-21                        [1, 64]                   --
│    └─Linear: 2-22                      [1, 64]                   (recursive)
│    └─ReLU: 2-23                        [1, 64]                   --
│    └─Linear: 2-24                      [1, 64]                   (recursive)
│    └─ReLU: 2-25                        [1, 64]                   --
│    └─Linear: 2-26                      [1, 64]                   (recursive)
│    └─ReLU: 2-27                        [1, 64]                   --
│    └─Linear: 2-28                      [1, 64]                   (recursive)
│    └─ReLU: 2-29                        [1, 64]                   --
│    └─Linear: 2-30                      [1, 2]                    (recursive)
==========================================================================================
Total params: 25,288
Trainable params: 25,282
Non-trainable params: 6
Total mult-adds (Units.MEGABYTES): 0.05
==========================================================================================
Input size (MB): 0.00
Forward/backward pass size (MB): 0.01
Params size (MB): 0.10
Estimated Total Size (MB): 0.11
==========================================================================================
==> Saving initial model weights...
==> Start training...
==> Number of param_groups in optimizer: 1
Epoch: 001 | Train Loss: 16.0870777 | Grad norm: 0.416931 | Time: 4s352ms
Epoch: 001 | Test Loss: 15.8642798 | Time: 444ms
==> Save the model at epoch 001 with test loss 15.8642798
Epoch: 002 | Train Loss: 0.7674452 | Grad norm: 3.561480 | Time: 3s982ms
Epoch: 002 | Test Loss: 0.0035352 | Time: 439ms
==> Save the model at epoch 002 with test loss 0.0035352
Epoch: 003 | Train Loss: 0.0170521 | Grad norm: 2.045034 | Time: 4s143ms
Epoch: 003 | Test Loss: 0.0067657 | Time: 442ms
Epoch: 004 | Train Loss: 0.0278886 | Grad norm: 2.550505 | Time: 4s97ms
Epoch: 004 | Test Loss: 0.0823652 | Time: 440ms
Epoch: 005 | Train Loss: 0.0465096 | Grad norm: 3.357248 | Time: 4s25ms
Epoch: 005 | Test Loss: 0.0309084 | Time: 443ms
Epoch: 006 | Train Loss: 0.0514581 | Grad norm: 3.539106 | Time: 4s26ms
Epoch: 006 | Test Loss: 0.0340417 | Time: 509ms
Epoch: 007 | Train Loss: 0.0496488 | Grad norm: 3.527690 | Time: 4s79ms
Epoch: 007 | Test Loss: 0.0459978 | Time: 443ms
Epoch: 008 | Train Loss: 0.0536979 | Grad norm: 3.715754 | Time: 4s117ms
Epoch: 008 | Test Loss: 0.1327599 | Time: 445ms
Epoch: 009 | Train Loss: 0.0537566 | Grad norm: 3.828769 | Time: 3s932ms
Epoch: 009 | Test Loss: 0.0381834 | Time: 440ms
Epoch: 010 | Train Loss: 0.0414572 | Grad norm: 3.321076 | Time: 4s84ms
Epoch: 010 | Test Loss: 0.0448234 | Time: 442ms
Epoch: 011 | Train Loss: 0.0459486 | Grad norm: 3.468400 | Time: 4s175ms
Epoch: 011 | Test Loss: 0.0856799 | Time: 440ms
Epoch: 012 | Train Loss: 0.0390204 | Grad norm: 3.171934 | Time: 4s12ms
Epoch: 012 | Test Loss: 0.0084665 | Time: 442ms
Epoch: 013 | Train Loss: 0.0244401 | Grad norm: 2.496091 | Time: 4s258ms
Epoch: 013 | Test Loss: 0.0247049 | Time: 442ms
Epoch: 014 | Train Loss: 0.0270843 | Grad norm: 2.636417 | Time: 3s897ms
Epoch: 014 | Test Loss: 0.0030504 | Time: 514ms
==> Save the model at epoch 014 with test loss 0.0030504
Epoch: 015 | Train Loss: 0.0225648 | Grad norm: 2.296588 | Time: 4s246ms
Epoch: 015 | Test Loss: 0.0384892 | Time: 446ms
Epoch: 016 | Train Loss: 0.0149292 | Grad norm: 1.949028 | Time: 4s101ms
Epoch: 016 | Test Loss: 0.0023142 | Time: 446ms
==> Save the model at epoch 016 with test loss 0.0023142
Epoch: 017 | Train Loss: 0.0142691 | Grad norm: 1.838173 | Time: 3s853ms
Epoch: 017 | Test Loss: 0.0052190 | Time: 447ms
Epoch: 018 | Train Loss: 0.0071435 | Grad norm: 1.267403 | Time: 4s56ms
Epoch: 018 | Test Loss: 0.0175082 | Time: 467ms
Epoch: 019 | Train Loss: 0.0082608 | Grad norm: 1.267435 | Time: 4s323ms
Epoch: 019 | Test Loss: 0.0098943 | Time: 443ms
Epoch: 020 | Train Loss: 0.0065164 | Grad norm: 1.184089 | Time: 3s899ms
Epoch: 020 | Test Loss: 0.0030805 | Time: 450ms
Epoch: 021 | Train Loss: 0.0035596 | Grad norm: 0.810371 | Time: 4s82ms
Epoch: 021 | Test Loss: 0.0007483 | Time: 446ms
==> Save the model at epoch 021 with test loss 0.0007483
Epoch: 022 | Train Loss: 0.0025872 | Grad norm: 0.590043 | Time: 4s165ms
Epoch: 022 | Test Loss: 0.0014076 | Time: 515ms
Epoch: 023 | Train Loss: 0.0019350 | Grad norm: 0.538425 | Time: 4s26ms
Epoch: 023 | Test Loss: 0.0010633 | Time: 445ms
Epoch: 024 | Train Loss: 0.0031417 | Grad norm: 0.735373 | Time: 4s99ms
Epoch: 024 | Test Loss: 0.0008128 | Time: 442ms
Epoch: 025 | Train Loss: 0.0009432 | Grad norm: 0.298418 | Time: 4s45ms
Epoch: 025 | Test Loss: 0.0006440 | Time: 457ms
==> Save the model at epoch 025 with test loss 0.0006440
Epoch: 026 | Train Loss: 0.0010769 | Grad norm: 0.348802 | Time: 3s926ms
Epoch: 026 | Test Loss: 0.0009719 | Time: 456ms
Epoch: 027 | Train Loss: 0.0015587 | Grad norm: 0.410731 | Time: 4s126ms
Epoch: 027 | Test Loss: 0.0044366 | Time: 559ms
Epoch: 028 | Train Loss: 0.0010267 | Grad norm: 0.318570 | Time: 3s978ms
Epoch: 028 | Test Loss: 0.0006794 | Time: 446ms
Epoch: 029 | Train Loss: 0.0008392 | Grad norm: 0.263309 | Time: 4s171ms
Epoch: 029 | Test Loss: 0.0007098 | Time: 460ms
Epoch: 030 | Train Loss: 0.0007171 | Grad norm: 0.205673 | Time: 4s179ms
Epoch: 030 | Test Loss: 0.0010550 | Time: 488ms
Epoch: 031 | Train Loss: 0.0007156 | Grad norm: 0.203196 | Time: 3s897ms
Epoch: 031 | Test Loss: 0.0005951 | Time: 443ms
==> Save the model at epoch 031 with test loss 0.0005951
Epoch: 032 | Train Loss: 0.0007393 | Grad norm: 0.217773 | Time: 3s925ms
Epoch: 032 | Test Loss: 0.0012725 | Time: 440ms
Epoch: 033 | Train Loss: 0.0006711 | Grad norm: 0.170639 | Time: 4s128ms
Epoch: 033 | Test Loss: 0.0005915 | Time: 509ms
==> Save the model at epoch 033 with test loss 0.0005915
Epoch: 034 | Train Loss: 0.0006136 | Grad norm: 0.130449 | Time: 4s100ms
Epoch: 034 | Test Loss: 0.0007053 | Time: 443ms
Epoch: 035 | Train Loss: 0.0005997 | Grad norm: 0.116685 | Time: 4s108ms
Epoch: 035 | Test Loss: 0.0006000 | Time: 459ms
Epoch: 036 | Train Loss: 0.0005737 | Grad norm: 0.087428 | Time: 3s907ms
Epoch: 036 | Test Loss: 0.0006022 | Time: 446ms
Epoch: 037 | Train Loss: 0.0005700 | Grad norm: 0.081213 | Time: 3s946ms
Epoch: 037 | Test Loss: 0.0005922 | Time: 444ms
Epoch: 038 | Train Loss: 0.0005586 | Grad norm: 0.063297 | Time: 4s77ms
Epoch: 038 | Test Loss: 0.0005558 | Time: 444ms
==> Save the model at epoch 038 with test loss 0.0005558
Epoch: 039 | Train Loss: 0.0005533 | Grad norm: 0.052855 | Time: 4s248ms
Epoch: 039 | Test Loss: 0.0005567 | Time: 439ms
Epoch: 040 | Train Loss: 0.0005480 | Grad norm: 0.038693 | Time: 3s986ms
Epoch: 040 | Test Loss: 0.0005429 | Time: 442ms
==> Save the model at epoch 040 with test loss 0.0005429
Total time: 3m1s
==> Saving trained model weights...
==> Input bias to be applied to the neural network (trained):
[0. 0.]
==> Input transform to be applied to the neural network (trained):
[0.70987433 0.70987433]
==> Output transform to be applied to the neural network (trained):
[2.8317 2.8316]
==> Saving training info...
==> Drawing training loss...
==> Drawing grad norm...
==> Drawing testing loss...
==> Process finished.
