==> torch device:  cuda:2
==> Test-Train split: test_ratio = 0.20
==> Test-Train split seed:  None
==> Further split: further_train_ratio = 0.25
==> Further split seed:  None
==> Input bias to be applied to the neural network:
[0. 0.]
==> Input transform to be applied to the neural network:
[0.5576312  0.56041247]
==> Ouput transform to be applied to the neural network:
[1.7847 1.7916]
==> Evaluating model...
==========================================================================================
Layer (type:depth-idx)                   Output Shape              Param #
==========================================================================================
NeuralNetwork                            [1, 2]                    6
├─Sequential: 1-1                        [1, 2]                    --
│    └─Linear: 2-1                       [1, 64]                   192
│    └─ReLU: 2-2                         [1, 64]                   --
│    └─Linear: 2-3                       [1, 64]                   4,160
│    └─ReLU: 2-4                         [1, 64]                   --
│    └─Linear: 2-5                       [1, 64]                   4,160
│    └─ReLU: 2-6                         [1, 64]                   --
│    └─Linear: 2-7                       [1, 64]                   4,160
│    └─ReLU: 2-8                         [1, 64]                   --
│    └─Linear: 2-9                       [1, 64]                   4,160
│    └─ReLU: 2-10                        [1, 64]                   --
│    └─Linear: 2-11                      [1, 64]                   4,160
│    └─ReLU: 2-12                        [1, 64]                   --
│    └─Linear: 2-13                      [1, 64]                   4,160
│    └─ReLU: 2-14                        [1, 64]                   --
│    └─Linear: 2-15                      [1, 2]                    130
├─Sequential: 1-2                        [1, 2]                    (recursive)
│    └─Linear: 2-16                      [1, 64]                   (recursive)
│    └─ReLU: 2-17                        [1, 64]                   --
│    └─Linear: 2-18                      [1, 64]                   (recursive)
│    └─ReLU: 2-19                        [1, 64]                   --
│    └─Linear: 2-20                      [1, 64]                   (recursive)
│    └─ReLU: 2-21                        [1, 64]                   --
│    └─Linear: 2-22                      [1, 64]                   (recursive)
│    └─ReLU: 2-23                        [1, 64]                   --
│    └─Linear: 2-24                      [1, 64]                   (recursive)
│    └─ReLU: 2-25                        [1, 64]                   --
│    └─Linear: 2-26                      [1, 64]                   (recursive)
│    └─ReLU: 2-27                        [1, 64]                   --
│    └─Linear: 2-28                      [1, 64]                   (recursive)
│    └─ReLU: 2-29                        [1, 64]                   --
│    └─Linear: 2-30                      [1, 2]                    (recursive)
==========================================================================================
Total params: 25,288
Trainable params: 25,282
Non-trainable params: 6
Total mult-adds (Units.MEGABYTES): 0.05
==========================================================================================
Input size (MB): 0.00
Forward/backward pass size (MB): 0.01
Params size (MB): 0.10
Estimated Total Size (MB): 0.11
==========================================================================================
==> Saving initial model weights...
==> Start training...
==> Number of param_groups in optimizer: 1
Epoch: 001 | Train Loss: 6.3910431 | Grad norm: 0.233445 | Time: 1s936ms
Epoch: 001 | Test Loss: 6.4006406 | Time: 798ms
==> Save the model at epoch 001 with test loss 6.4006406
Epoch: 002 | Train Loss: 4.0637688 | Grad norm: 2.500838 | Time: 1s656ms
Epoch: 002 | Test Loss: 0.0684433 | Time: 807ms
==> Save the model at epoch 002 with test loss 0.0684433
Epoch: 003 | Train Loss: 0.0108086 | Grad norm: 0.279338 | Time: 1s784ms
Epoch: 003 | Test Loss: 0.0046544 | Time: 747ms
==> Save the model at epoch 003 with test loss 0.0046544
Epoch: 004 | Train Loss: 0.0040025 | Grad norm: 0.214913 | Time: 1s569ms
Epoch: 004 | Test Loss: 0.0037440 | Time: 904ms
==> Save the model at epoch 004 with test loss 0.0037440
Epoch: 005 | Train Loss: 0.0036245 | Grad norm: 0.240975 | Time: 1s671ms
Epoch: 005 | Test Loss: 0.0033642 | Time: 802ms
==> Save the model at epoch 005 with test loss 0.0033642
Epoch: 006 | Train Loss: 0.0036027 | Grad norm: 0.278582 | Time: 1s799ms
Epoch: 006 | Test Loss: 0.0040681 | Time: 781ms
Epoch: 007 | Train Loss: 0.0034950 | Grad norm: 0.270896 | Time: 1s729ms
Epoch: 007 | Test Loss: 0.0037366 | Time: 870ms
Epoch: 008 | Train Loss: 0.0039667 | Grad norm: 0.372305 | Time: 1s535ms
Epoch: 008 | Test Loss: 0.0038823 | Time: 729ms
Epoch: 009 | Train Loss: 0.0035235 | Grad norm: 0.281180 | Time: 1s561ms
Epoch: 009 | Test Loss: 0.0038267 | Time: 803ms
Epoch: 010 | Train Loss: 0.0037309 | Grad norm: 0.326914 | Time: 1s577ms
Epoch: 010 | Test Loss: 0.0034234 | Time: 752ms
Epoch: 011 | Train Loss: 0.0034806 | Grad norm: 0.284637 | Time: 1s546ms
Epoch: 011 | Test Loss: 0.0043686 | Time: 753ms
Epoch: 012 | Train Loss: 0.0035844 | Grad norm: 0.295376 | Time: 1s893ms
Epoch: 012 | Test Loss: 0.0035544 | Time: 741ms
Epoch: 013 | Train Loss: 0.0035168 | Grad norm: 0.284911 | Time: 1s654ms
Epoch: 013 | Test Loss: 0.0034482 | Time: 760ms
Epoch: 014 | Train Loss: 0.0036842 | Grad norm: 0.325628 | Time: 1s730ms
Epoch: 014 | Test Loss: 0.0032232 | Time: 810ms
==> Save the model at epoch 014 with test loss 0.0032232
Epoch: 015 | Train Loss: 0.0034055 | Grad norm: 0.258716 | Time: 1s681ms
Epoch: 015 | Test Loss: 0.0031222 | Time: 739ms
==> Save the model at epoch 015 with test loss 0.0031222
Epoch: 016 | Train Loss: 0.0033550 | Grad norm: 0.254320 | Time: 1s602ms
Epoch: 016 | Test Loss: 0.0036686 | Time: 740ms
Epoch: 017 | Train Loss: 0.0034224 | Grad norm: 0.267165 | Time: 1s600ms
Epoch: 017 | Test Loss: 0.0034798 | Time: 742ms
Epoch: 018 | Train Loss: 0.0032145 | Grad norm: 0.226530 | Time: 1s774ms
Epoch: 018 | Test Loss: 0.0034671 | Time: 819ms
Epoch: 019 | Train Loss: 0.0034036 | Grad norm: 0.272477 | Time: 1s724ms
Epoch: 019 | Test Loss: 0.0044398 | Time: 814ms
Epoch: 020 | Train Loss: 0.0031928 | Grad norm: 0.225247 | Time: 1s711ms
Epoch: 020 | Test Loss: 0.0030426 | Time: 762ms
==> Save the model at epoch 020 with test loss 0.0030426
Epoch: 021 | Train Loss: 0.0031375 | Grad norm: 0.201993 | Time: 1s825ms
Epoch: 021 | Test Loss: 0.0035278 | Time: 817ms
Epoch: 022 | Train Loss: 0.0031987 | Grad norm: 0.219862 | Time: 1s564ms
Epoch: 022 | Test Loss: 0.0030211 | Time: 765ms
==> Save the model at epoch 022 with test loss 0.0030211
Epoch: 023 | Train Loss: 0.0029673 | Grad norm: 0.162575 | Time: 1s851ms
Epoch: 023 | Test Loss: 0.0029990 | Time: 753ms
==> Save the model at epoch 023 with test loss 0.0029990
Epoch: 024 | Train Loss: 0.0029922 | Grad norm: 0.175067 | Time: 1s703ms
Epoch: 024 | Test Loss: 0.0034495 | Time: 744ms
Epoch: 025 | Train Loss: 0.0030609 | Grad norm: 0.194077 | Time: 1s649ms
Epoch: 025 | Test Loss: 0.0032508 | Time: 748ms
Epoch: 026 | Train Loss: 0.0029378 | Grad norm: 0.162883 | Time: 1s673ms
Epoch: 026 | Test Loss: 0.0033120 | Time: 843ms
Epoch: 027 | Train Loss: 0.0029834 | Grad norm: 0.178925 | Time: 1s654ms
Epoch: 027 | Test Loss: 0.0028819 | Time: 737ms
==> Save the model at epoch 027 with test loss 0.0028819
Epoch: 028 | Train Loss: 0.0028828 | Grad norm: 0.147431 | Time: 1s693ms
Epoch: 028 | Test Loss: 0.0028581 | Time: 774ms
==> Save the model at epoch 028 with test loss 0.0028581
Epoch: 029 | Train Loss: 0.0028797 | Grad norm: 0.151220 | Time: 1s782ms
Epoch: 029 | Test Loss: 0.0028972 | Time: 733ms
Epoch: 030 | Train Loss: 0.0028568 | Grad norm: 0.137701 | Time: 1s644ms
Epoch: 030 | Test Loss: 0.0028313 | Time: 747ms
==> Save the model at epoch 030 with test loss 0.0028313
Epoch: 031 | Train Loss: 0.0028216 | Grad norm: 0.126546 | Time: 1s816ms
Epoch: 031 | Test Loss: 0.0028909 | Time: 732ms
Epoch: 032 | Train Loss: 0.0027982 | Grad norm: 0.122305 | Time: 1s612ms
Epoch: 032 | Test Loss: 0.0028941 | Time: 738ms
Epoch: 033 | Train Loss: 0.0027788 | Grad norm: 0.116408 | Time: 1s676ms
Epoch: 033 | Test Loss: 0.0030444 | Time: 806ms
Epoch: 034 | Train Loss: 0.0027497 | Grad norm: 0.101436 | Time: 1s854ms
Epoch: 034 | Test Loss: 0.0027717 | Time: 742ms
==> Save the model at epoch 034 with test loss 0.0027717
Epoch: 035 | Train Loss: 0.0027420 | Grad norm: 0.102453 | Time: 1s737ms
Epoch: 035 | Test Loss: 0.0028102 | Time: 739ms
Epoch: 036 | Train Loss: 0.0027108 | Grad norm: 0.083810 | Time: 1s778ms
Epoch: 036 | Test Loss: 0.0027521 | Time: 791ms
==> Save the model at epoch 036 with test loss 0.0027521
Epoch: 037 | Train Loss: 0.0026985 | Grad norm: 0.079219 | Time: 1s771ms
Epoch: 037 | Test Loss: 0.0027262 | Time: 734ms
==> Save the model at epoch 037 with test loss 0.0027262
Epoch: 038 | Train Loss: 0.0026885 | Grad norm: 0.073142 | Time: 1s478ms
Epoch: 038 | Test Loss: 0.0027344 | Time: 810ms
Epoch: 039 | Train Loss: 0.0026780 | Grad norm: 0.068262 | Time: 1s730ms
Epoch: 039 | Test Loss: 0.0027195 | Time: 736ms
==> Save the model at epoch 039 with test loss 0.0027195
Epoch: 040 | Train Loss: 0.0026700 | Grad norm: 0.061378 | Time: 1s804ms
Epoch: 040 | Test Loss: 0.0027179 | Time: 806ms
==> Save the model at epoch 040 with test loss 0.0027179
Total time: 1m39s
==> Saving trained model weights...
==> Input bias to be applied to the neural network (trained):
[0. 0.]
==> Input transform to be applied to the neural network (trained):
[0.5576312  0.56041247]
==> Output transform to be applied to the neural network (trained):
[1.7847 1.7916]
==> Saving training info...
==> Drawing training loss...
==> Drawing grad norm...
==> Drawing testing loss...
==> Process finished.
