==> torch device:  cuda:2
==> Test-Train split: test_ratio = 0.20
==> Test-Train split seed:  None
==> Further split: further_train_ratio = 1.00
==> Further split seed:  None
==> Input bias to be applied to the neural network:
[0. 0.]
==> Input transform to be applied to the neural network:
[0.5090095 0.5090095]
==> Ouput transform to be applied to the neural network:
[3.9366 3.9363]
==> Evaluating model...
==========================================================================================
Layer (type:depth-idx)                   Output Shape              Param #
==========================================================================================
NeuralNetwork                            [1, 2]                    6
├─Sequential: 1-1                        [1, 2]                    --
│    └─Linear: 2-1                       [1, 64]                   192
│    └─ReLU: 2-2                         [1, 64]                   --
│    └─Linear: 2-3                       [1, 64]                   4,160
│    └─ReLU: 2-4                         [1, 64]                   --
│    └─Linear: 2-5                       [1, 64]                   4,160
│    └─ReLU: 2-6                         [1, 64]                   --
│    └─Linear: 2-7                       [1, 64]                   4,160
│    └─ReLU: 2-8                         [1, 64]                   --
│    └─Linear: 2-9                       [1, 64]                   4,160
│    └─ReLU: 2-10                        [1, 64]                   --
│    └─Linear: 2-11                      [1, 64]                   4,160
│    └─ReLU: 2-12                        [1, 64]                   --
│    └─Linear: 2-13                      [1, 64]                   4,160
│    └─ReLU: 2-14                        [1, 64]                   --
│    └─Linear: 2-15                      [1, 2]                    130
├─Sequential: 1-2                        [1, 2]                    (recursive)
│    └─Linear: 2-16                      [1, 64]                   (recursive)
│    └─ReLU: 2-17                        [1, 64]                   --
│    └─Linear: 2-18                      [1, 64]                   (recursive)
│    └─ReLU: 2-19                        [1, 64]                   --
│    └─Linear: 2-20                      [1, 64]                   (recursive)
│    └─ReLU: 2-21                        [1, 64]                   --
│    └─Linear: 2-22                      [1, 64]                   (recursive)
│    └─ReLU: 2-23                        [1, 64]                   --
│    └─Linear: 2-24                      [1, 64]                   (recursive)
│    └─ReLU: 2-25                        [1, 64]                   --
│    └─Linear: 2-26                      [1, 64]                   (recursive)
│    └─ReLU: 2-27                        [1, 64]                   --
│    └─Linear: 2-28                      [1, 64]                   (recursive)
│    └─ReLU: 2-29                        [1, 64]                   --
│    └─Linear: 2-30                      [1, 2]                    (recursive)
==========================================================================================
Total params: 25,288
Trainable params: 25,282
Non-trainable params: 6
Total mult-adds (Units.MEGABYTES): 0.05
==========================================================================================
Input size (MB): 0.00
Forward/backward pass size (MB): 0.01
Params size (MB): 0.10
Estimated Total Size (MB): 0.11
==========================================================================================
==> Saving initial model weights...
==> Start training...
==> Number of param_groups in optimizer: 1
Epoch: 001 | Train Loss: 31.0672160 | Grad norm: 1.222149 | Time: 4s437ms
Epoch: 001 | Test Loss: 30.8346523 | Time: 466ms
==> Save the model at epoch 001 with test loss 30.8346523
Epoch: 002 | Train Loss: 1.5649359 | Grad norm: 5.747785 | Time: 4s73ms
Epoch: 002 | Test Loss: 0.0193423 | Time: 484ms
==> Save the model at epoch 002 with test loss 0.0193423
Epoch: 003 | Train Loss: 0.0333221 | Grad norm: 3.853547 | Time: 4s299ms
Epoch: 003 | Test Loss: 0.0235089 | Time: 451ms
Epoch: 004 | Train Loss: 0.0427977 | Grad norm: 4.240165 | Time: 4s45ms
Epoch: 004 | Test Loss: 0.0216770 | Time: 512ms
Epoch: 005 | Train Loss: 0.0728752 | Grad norm: 5.308827 | Time: 4s142ms
Epoch: 005 | Test Loss: 0.0360692 | Time: 455ms
Epoch: 006 | Train Loss: 0.0752863 | Grad norm: 5.503313 | Time: 3s939ms
Epoch: 006 | Test Loss: 0.0360619 | Time: 535ms
Epoch: 007 | Train Loss: 0.1062595 | Grad norm: 6.459835 | Time: 3s909ms
Epoch: 007 | Test Loss: 0.0945723 | Time: 447ms
Epoch: 008 | Train Loss: 0.0767580 | Grad norm: 5.442710 | Time: 4s83ms
Epoch: 008 | Test Loss: 0.0553495 | Time: 454ms
Epoch: 009 | Train Loss: 0.1111166 | Grad norm: 6.531755 | Time: 4s473ms
Epoch: 009 | Test Loss: 0.1281445 | Time: 469ms
Epoch: 010 | Train Loss: 0.0905770 | Grad norm: 6.169858 | Time: 4s580ms
Epoch: 010 | Test Loss: 0.0457237 | Time: 451ms
Epoch: 011 | Train Loss: 0.0649052 | Grad norm: 5.093170 | Time: 4s169ms
Epoch: 011 | Test Loss: 0.0550855 | Time: 474ms
Epoch: 012 | Train Loss: 0.0554461 | Grad norm: 4.617066 | Time: 4s79ms
Epoch: 012 | Test Loss: 0.0542550 | Time: 462ms
Epoch: 013 | Train Loss: 0.0554874 | Grad norm: 4.696504 | Time: 4s294ms
Epoch: 013 | Test Loss: 0.0456578 | Time: 481ms
Epoch: 014 | Train Loss: 0.0493167 | Grad norm: 4.581316 | Time: 4s352ms
Epoch: 014 | Test Loss: 0.0207735 | Time: 539ms
Epoch: 015 | Train Loss: 0.0406096 | Grad norm: 3.990910 | Time: 4s228ms
Epoch: 015 | Test Loss: 0.0358250 | Time: 463ms
Epoch: 016 | Train Loss: 0.0334399 | Grad norm: 3.483500 | Time: 4s553ms
Epoch: 016 | Test Loss: 0.0397979 | Time: 459ms
Epoch: 017 | Train Loss: 0.0392922 | Grad norm: 3.823189 | Time: 4s263ms
Epoch: 017 | Test Loss: 0.0379387 | Time: 469ms
Epoch: 018 | Train Loss: 0.0263636 | Grad norm: 3.071865 | Time: 4s459ms
Epoch: 018 | Test Loss: 0.0219944 | Time: 471ms
Epoch: 019 | Train Loss: 0.0254696 | Grad norm: 3.001335 | Time: 4s370ms
Epoch: 019 | Test Loss: 0.0128598 | Time: 460ms
==> Save the model at epoch 019 with test loss 0.0128598
Epoch: 020 | Train Loss: 0.0242417 | Grad norm: 2.952496 | Time: 4s341ms
Epoch: 020 | Test Loss: 0.0120278 | Time: 472ms
==> Save the model at epoch 020 with test loss 0.0120278
Epoch: 021 | Train Loss: 0.0194366 | Grad norm: 2.449671 | Time: 4s637ms
Epoch: 021 | Test Loss: 0.0138433 | Time: 469ms
Epoch: 022 | Train Loss: 0.0179749 | Grad norm: 2.368486 | Time: 4s529ms
Epoch: 022 | Test Loss: 0.0122497 | Time: 532ms
Epoch: 023 | Train Loss: 0.0151963 | Grad norm: 1.992100 | Time: 4s448ms
Epoch: 023 | Test Loss: 0.0096249 | Time: 474ms
==> Save the model at epoch 023 with test loss 0.0096249
Epoch: 024 | Train Loss: 0.0157008 | Grad norm: 2.088019 | Time: 4s353ms
Epoch: 024 | Test Loss: 0.0193236 | Time: 476ms
Epoch: 025 | Train Loss: 0.0138745 | Grad norm: 1.861640 | Time: 4s425ms
Epoch: 025 | Test Loss: 0.0102639 | Time: 455ms
Epoch: 026 | Train Loss: 0.0113208 | Grad norm: 1.472827 | Time: 4s559ms
Epoch: 026 | Test Loss: 0.0107221 | Time: 520ms
Epoch: 027 | Train Loss: 0.0101546 | Grad norm: 1.258611 | Time: 4s354ms
Epoch: 027 | Test Loss: 0.0072983 | Time: 457ms
==> Save the model at epoch 027 with test loss 0.0072983
Epoch: 028 | Train Loss: 0.0092428 | Grad norm: 1.038033 | Time: 4s305ms
Epoch: 028 | Test Loss: 0.0072317 | Time: 483ms
==> Save the model at epoch 028 with test loss 0.0072317
Epoch: 029 | Train Loss: 0.0086460 | Grad norm: 0.868353 | Time: 4s569ms
Epoch: 029 | Test Loss: 0.0073450 | Time: 470ms
Epoch: 030 | Train Loss: 0.0084149 | Grad norm: 0.829486 | Time: 4s870ms
Epoch: 030 | Test Loss: 0.0078526 | Time: 473ms
Epoch: 031 | Train Loss: 0.0082152 | Grad norm: 0.747193 | Time: 4s363ms
Epoch: 031 | Test Loss: 0.0080594 | Time: 454ms
Epoch: 032 | Train Loss: 0.0081306 | Grad norm: 0.713729 | Time: 4s286ms
Epoch: 032 | Test Loss: 0.0072574 | Time: 471ms
Epoch: 033 | Train Loss: 0.0077922 | Grad norm: 0.568052 | Time: 4s282ms
Epoch: 033 | Test Loss: 0.0071301 | Time: 565ms
==> Save the model at epoch 033 with test loss 0.0071301
Epoch: 034 | Train Loss: 0.0076613 | Grad norm: 0.501376 | Time: 4s212ms
Epoch: 034 | Test Loss: 0.0072708 | Time: 468ms
Epoch: 035 | Train Loss: 0.0075649 | Grad norm: 0.453843 | Time: 4s195ms
Epoch: 035 | Test Loss: 0.0070923 | Time: 481ms
==> Save the model at epoch 035 with test loss 0.0070923
Epoch: 036 | Train Loss: 0.0075481 | Grad norm: 0.451272 | Time: 4s546ms
Epoch: 036 | Test Loss: 0.0072215 | Time: 473ms
Epoch: 037 | Train Loss: 0.0074078 | Grad norm: 0.360669 | Time: 4s287ms
Epoch: 037 | Test Loss: 0.0069192 | Time: 476ms
==> Save the model at epoch 037 with test loss 0.0069192
Epoch: 038 | Train Loss: 0.0073278 | Grad norm: 0.299441 | Time: 4s285ms
Epoch: 038 | Test Loss: 0.0069936 | Time: 462ms
Epoch: 039 | Train Loss: 0.0072936 | Grad norm: 0.279038 | Time: 4s242ms
Epoch: 039 | Test Loss: 0.0069084 | Time: 473ms
==> Save the model at epoch 039 with test loss 0.0069084
Epoch: 040 | Train Loss: 0.0072461 | Grad norm: 0.226235 | Time: 4s672ms
Epoch: 040 | Test Loss: 0.0068983 | Time: 519ms
==> Save the model at epoch 040 with test loss 0.0068983
Total time: 3m12s
==> Saving trained model weights...
==> Input bias to be applied to the neural network (trained):
[0. 0.]
==> Input transform to be applied to the neural network (trained):
[0.5090095 0.5090095]
==> Output transform to be applied to the neural network (trained):
[3.9366 3.9363]
==> Saving training info...
==> Drawing training loss...
==> Drawing grad norm...
==> Drawing testing loss...
==> Process finished.
