==> torch device:  cuda:3
==> Test-Train split: test_ratio = 0.20
==> Test-Train split seed:  None
==> Further split: further_train_ratio = 0.50
==> Further split seed:  None
==> Lipschitz constant: 1.00
==> Input bias to be applied to the neural network:
[0. 0.]
==> Input transform to be applied to the neural network:
[0.5090095 0.5090095]
==> Ouput transform to be applied to the neural network:
[3.9366 3.9363]
==> Evaluating model...
==========================================================================================
Layer (type:depth-idx)                   Output Shape              Param #
==========================================================================================
NeuralNetwork                            [1, 2]                    6
├─Sequential: 1-1                        [1, 2]                    --
│    └─SandwichFc: 2-1                   [1, 64]                   4,353
│    └─SandwichFc: 2-2                   [1, 64]                   8,321
│    └─SandwichFc: 2-3                   [1, 64]                   8,321
│    └─SandwichFc: 2-4                   [1, 64]                   8,321
│    └─SandwichFc: 2-5                   [1, 64]                   8,321
│    └─SandwichFc: 2-6                   [1, 64]                   8,321
│    └─SandwichFc: 2-7                   [1, 64]                   8,321
│    └─SandwichLin: 2-8                  [1, 2]                    135
├─Sequential: 1-2                        [1, 2]                    (recursive)
│    └─SandwichFc: 2-9                   [1, 64]                   (recursive)
│    └─SandwichFc: 2-10                  [1, 64]                   (recursive)
│    └─SandwichFc: 2-11                  [1, 64]                   (recursive)
│    └─SandwichFc: 2-12                  [1, 64]                   (recursive)
│    └─SandwichFc: 2-13                  [1, 64]                   (recursive)
│    └─SandwichFc: 2-14                  [1, 64]                   (recursive)
│    └─SandwichFc: 2-15                  [1, 64]                   (recursive)
│    └─SandwichLin: 2-16                 [1, 2]                    (recursive)
==========================================================================================
Total params: 54,420
Trainable params: 54,414
Non-trainable params: 6
Total mult-adds (M): 0.11
==========================================================================================
Input size (MB): 0.00
Forward/backward pass size (MB): 0.01
Params size (MB): 0.22
Estimated Total Size (MB): 0.22
==========================================================================================
==> Saving initial model weights...
==> Start training...
==> Number of param_groups in optimizer: 1
Epoch: 001 | Train Loss: 31.1649931 | Grad norm: 6.097946 | Time: 9s738ms
Epoch: 001 | Test Loss: 30.7465437 | Time: 784ms
==> Save the model at epoch 001 with test loss 30.7465437
Epoch: 002 | Train Loss: 11.9212331 | Grad norm: 15.703633 | Time: 8s776ms
Epoch: 002 | Test Loss: 5.4901959 | Time: 786ms
==> Save the model at epoch 002 with test loss 5.4901959
Epoch: 003 | Train Loss: 4.0379045 | Grad norm: 10.635686 | Time: 8s534ms
Epoch: 003 | Test Loss: 2.6818475 | Time: 788ms
==> Save the model at epoch 003 with test loss 2.6818475
Epoch: 004 | Train Loss: 1.7202581 | Grad norm: 8.131159 | Time: 9s391ms
Epoch: 004 | Test Loss: 1.0103871 | Time: 857ms
==> Save the model at epoch 004 with test loss 1.0103871
Epoch: 005 | Train Loss: 0.7114753 | Grad norm: 9.589131 | Time: 10s29ms
Epoch: 005 | Test Loss: 0.4403397 | Time: 825ms
==> Save the model at epoch 005 with test loss 0.4403397
Epoch: 006 | Train Loss: 0.3354266 | Grad norm: 10.401547 | Time: 9s898ms
Epoch: 006 | Test Loss: 0.2201790 | Time: 809ms
==> Save the model at epoch 006 with test loss 0.2201790
Epoch: 007 | Train Loss: 0.1852956 | Grad norm: 11.214866 | Time: 9s922ms
Epoch: 007 | Test Loss: 0.1323338 | Time: 817ms
==> Save the model at epoch 007 with test loss 0.1323338
Epoch: 008 | Train Loss: 0.1227977 | Grad norm: 11.857548 | Time: 9s783ms
Epoch: 008 | Test Loss: 0.0908454 | Time: 778ms
==> Save the model at epoch 008 with test loss 0.0908454
Epoch: 009 | Train Loss: 0.0941142 | Grad norm: 12.135599 | Time: 10s144ms
Epoch: 009 | Test Loss: 0.0743808 | Time: 806ms
==> Save the model at epoch 009 with test loss 0.0743808
Epoch: 010 | Train Loss: 0.0705108 | Grad norm: 10.896503 | Time: 10s719ms
Epoch: 010 | Test Loss: 0.0559182 | Time: 827ms
==> Save the model at epoch 010 with test loss 0.0559182
Epoch: 011 | Train Loss: 0.0560941 | Grad norm: 9.938395 | Time: 10s635ms
Epoch: 011 | Test Loss: 0.0464298 | Time: 831ms
==> Save the model at epoch 011 with test loss 0.0464298
Epoch: 012 | Train Loss: 0.0463716 | Grad norm: 9.117736 | Time: 9s759ms
Epoch: 012 | Test Loss: 0.0386474 | Time: 790ms
==> Save the model at epoch 012 with test loss 0.0386474
Epoch: 013 | Train Loss: 0.0392359 | Grad norm: 8.366027 | Time: 8s805ms
Epoch: 013 | Test Loss: 0.0354702 | Time: 788ms
==> Save the model at epoch 013 with test loss 0.0354702
Epoch: 014 | Train Loss: 0.0339071 | Grad norm: 7.684210 | Time: 10s554ms
Epoch: 014 | Test Loss: 0.0344203 | Time: 834ms
==> Save the model at epoch 014 with test loss 0.0344203
Epoch: 015 | Train Loss: 0.0297327 | Grad norm: 7.115646 | Time: 9s830ms
Epoch: 015 | Test Loss: 0.0310204 | Time: 785ms
==> Save the model at epoch 015 with test loss 0.0310204
Epoch: 016 | Train Loss: 0.0262628 | Grad norm: 6.559350 | Time: 10s491ms
Epoch: 016 | Test Loss: 0.0274877 | Time: 819ms
==> Save the model at epoch 016 with test loss 0.0274877
Epoch: 017 | Train Loss: 0.0234936 | Grad norm: 6.074853 | Time: 8s685ms
Epoch: 017 | Test Loss: 0.0262167 | Time: 821ms
==> Save the model at epoch 017 with test loss 0.0262167
Epoch: 018 | Train Loss: 0.0214341 | Grad norm: 5.607587 | Time: 10s227ms
Epoch: 018 | Test Loss: 0.0248082 | Time: 818ms
==> Save the model at epoch 018 with test loss 0.0248082
Epoch: 019 | Train Loss: 0.0191327 | Grad norm: 5.156026 | Time: 10s220ms
Epoch: 019 | Test Loss: 0.0223474 | Time: 804ms
==> Save the model at epoch 019 with test loss 0.0223474
Epoch: 020 | Train Loss: 0.0172547 | Grad norm: 4.708593 | Time: 10s969ms
Epoch: 020 | Test Loss: 0.0203898 | Time: 792ms
==> Save the model at epoch 020 with test loss 0.0203898
Epoch: 021 | Train Loss: 0.0157807 | Grad norm: 4.337868 | Time: 9s447ms
Epoch: 021 | Test Loss: 0.0185518 | Time: 820ms
==> Save the model at epoch 021 with test loss 0.0185518
Epoch: 022 | Train Loss: 0.0142223 | Grad norm: 3.944789 | Time: 8s876ms
Epoch: 022 | Test Loss: 0.0158355 | Time: 889ms
==> Save the model at epoch 022 with test loss 0.0158355
Epoch: 023 | Train Loss: 0.0129534 | Grad norm: 3.616586 | Time: 9s222ms
Epoch: 023 | Test Loss: 0.0136951 | Time: 826ms
==> Save the model at epoch 023 with test loss 0.0136951
Epoch: 024 | Train Loss: 0.0118008 | Grad norm: 3.244107 | Time: 8s776ms
Epoch: 024 | Test Loss: 0.0127132 | Time: 825ms
==> Save the model at epoch 024 with test loss 0.0127132
Epoch: 025 | Train Loss: 0.0109227 | Grad norm: 2.911725 | Time: 9s323ms
Epoch: 025 | Test Loss: 0.0115187 | Time: 841ms
==> Save the model at epoch 025 with test loss 0.0115187
Epoch: 026 | Train Loss: 0.0101632 | Grad norm: 2.602146 | Time: 10s110ms
Epoch: 026 | Test Loss: 0.0103736 | Time: 820ms
==> Save the model at epoch 026 with test loss 0.0103736
Epoch: 027 | Train Loss: 0.0095105 | Grad norm: 2.316972 | Time: 10s176ms
Epoch: 027 | Test Loss: 0.0091506 | Time: 856ms
==> Save the model at epoch 027 with test loss 0.0091506
Epoch: 028 | Train Loss: 0.0090615 | Grad norm: 2.073844 | Time: 10s246ms
Epoch: 028 | Test Loss: 0.0084305 | Time: 820ms
==> Save the model at epoch 028 with test loss 0.0084305
Epoch: 029 | Train Loss: 0.0085840 | Grad norm: 1.461089 | Time: 9s681ms
Epoch: 029 | Test Loss: 0.0070989 | Time: 780ms
==> Save the model at epoch 029 with test loss 0.0070989
Epoch: 030 | Train Loss: 0.0081760 | Grad norm: 1.234900 | Time: 10s686ms
Epoch: 030 | Test Loss: 0.0075677 | Time: 831ms
Epoch: 031 | Train Loss: 0.0097375 | Grad norm: 2.257525 | Time: 10s704ms
Epoch: 031 | Test Loss: 0.0072821 | Time: 785ms
Epoch: 032 | Train Loss: 0.0076832 | Grad norm: 0.920065 | Time: 10s156ms
Epoch: 032 | Test Loss: 0.0070860 | Time: 867ms
==> Save the model at epoch 032 with test loss 0.0070860
Epoch: 033 | Train Loss: 0.0074256 | Grad norm: 0.631351 | Time: 9s420ms
Epoch: 033 | Test Loss: 0.0074307 | Time: 819ms
Epoch: 034 | Train Loss: 0.0073424 | Grad norm: 0.519806 | Time: 8s704ms
Epoch: 034 | Test Loss: 0.0070651 | Time: 859ms
==> Save the model at epoch 034 with test loss 0.0070651
Epoch: 035 | Train Loss: 0.0073448 | Grad norm: 0.525050 | Time: 8s765ms
Epoch: 035 | Test Loss: 0.0070810 | Time: 786ms
Epoch: 036 | Train Loss: 0.0073074 | Grad norm: 0.470304 | Time: 8s690ms
Epoch: 036 | Test Loss: 0.0071595 | Time: 818ms
Epoch: 037 | Train Loss: 0.0072317 | Grad norm: 0.329420 | Time: 8s488ms
Epoch: 037 | Test Loss: 0.0070385 | Time: 884ms
==> Save the model at epoch 037 with test loss 0.0070385
Epoch: 038 | Train Loss: 0.0071943 | Grad norm: 0.243929 | Time: 9s633ms
Epoch: 038 | Test Loss: 0.0070557 | Time: 811ms
Epoch: 039 | Train Loss: 0.0071866 | Grad norm: 0.228088 | Time: 8s582ms
Epoch: 039 | Test Loss: 0.0070453 | Time: 821ms
Epoch: 040 | Train Loss: 0.0071823 | Grad norm: 0.183196 | Time: 8s659ms
Epoch: 040 | Test Loss: 0.0070446 | Time: 817ms
Total time: 6m58s
==> Saving trained model weights...
==> Input bias to be applied to the neural network (trained):
[0. 0.]
==> Input transform to be applied to the neural network (trained):
[0.5090095 0.5090095]
==> Output transform to be applied to the neural network (trained):
[3.9366 3.9363]
==> Saving training info...
==> Drawing training loss...
==> Drawing grad norm...
==> Drawing testing loss...
==> Process finished.
