==> torch device:  cuda:3
==> Test-Train split: test_ratio = 0.20
==> Test-Train split seed:  None
==> Further split: further_train_ratio = 1.00
==> Further split seed:  None
==> Lipschitz constant: 0.50
==> Input bias to be applied to the neural network:
[0. 0.]
==> Input transform to be applied to the neural network:
[0.6219679 0.6219679]
==> Ouput transform to be applied to the neural network:
[3.225  3.2249]
==> Evaluating model...
==========================================================================================
Layer (type:depth-idx)                   Output Shape              Param #
==========================================================================================
NeuralNetwork                            [1, 2]                    6
├─Sequential: 1-1                        [1, 2]                    --
│    └─SandwichFc: 2-1                   [1, 64]                   4,353
│    └─SandwichFc: 2-2                   [1, 64]                   8,321
│    └─SandwichFc: 2-3                   [1, 64]                   8,321
│    └─SandwichFc: 2-4                   [1, 64]                   8,321
│    └─SandwichFc: 2-5                   [1, 64]                   8,321
│    └─SandwichFc: 2-6                   [1, 64]                   8,321
│    └─SandwichFc: 2-7                   [1, 64]                   8,321
│    └─SandwichLin: 2-8                  [1, 2]                    135
├─Sequential: 1-2                        [1, 2]                    (recursive)
│    └─SandwichFc: 2-9                   [1, 64]                   (recursive)
│    └─SandwichFc: 2-10                  [1, 64]                   (recursive)
│    └─SandwichFc: 2-11                  [1, 64]                   (recursive)
│    └─SandwichFc: 2-12                  [1, 64]                   (recursive)
│    └─SandwichFc: 2-13                  [1, 64]                   (recursive)
│    └─SandwichFc: 2-14                  [1, 64]                   (recursive)
│    └─SandwichFc: 2-15                  [1, 64]                   (recursive)
│    └─SandwichLin: 2-16                 [1, 2]                    (recursive)
==========================================================================================
Total params: 54,420
Trainable params: 54,414
Non-trainable params: 6
Total mult-adds (Units.MEGABYTES): 0.11
==========================================================================================
Input size (MB): 0.00
Forward/backward pass size (MB): 0.01
Params size (MB): 0.22
Estimated Total Size (MB): 0.22
==========================================================================================
==> Saving initial model weights...
==> Start training...
==> Number of param_groups in optimizer: 1
Epoch: 001 | Train Loss: 20.7738893 | Grad norm: 2.949352 | Time: 20s129ms
Epoch: 001 | Test Loss: 20.7094749 | Time: 749ms
==> Save the model at epoch 001 with test loss 20.7094749
Epoch: 002 | Train Loss: 10.8996471 | Grad norm: 6.838571 | Time: 20s135ms
Epoch: 002 | Test Loss: 8.8557114 | Time: 679ms
==> Save the model at epoch 002 with test loss 8.8557114
Epoch: 003 | Train Loss: 7.4740660 | Grad norm: 4.722742 | Time: 19s948ms
Epoch: 003 | Test Loss: 6.3788098 | Time: 676ms
==> Save the model at epoch 003 with test loss 6.3788098
Epoch: 004 | Train Loss: 5.7233986 | Grad norm: 2.629869 | Time: 19s645ms
Epoch: 004 | Test Loss: 5.3445486 | Time: 683ms
==> Save the model at epoch 004 with test loss 5.3445486
Epoch: 005 | Train Loss: 5.2806313 | Grad norm: 3.277438 | Time: 20s319ms
Epoch: 005 | Test Loss: 5.2254430 | Time: 743ms
==> Save the model at epoch 005 with test loss 5.2254430
Epoch: 006 | Train Loss: 5.2270695 | Grad norm: 3.171134 | Time: 20s316ms
Epoch: 006 | Test Loss: 5.1969059 | Time: 668ms
==> Save the model at epoch 006 with test loss 5.1969059
Epoch: 007 | Train Loss: 5.2162965 | Grad norm: 3.116068 | Time: 19s705ms
Epoch: 007 | Test Loss: 5.2099213 | Time: 667ms
Epoch: 008 | Train Loss: 5.2187800 | Grad norm: 3.059303 | Time: 20s165ms
Epoch: 008 | Test Loss: 5.1967606 | Time: 665ms
==> Save the model at epoch 008 with test loss 5.1967606
Epoch: 009 | Train Loss: 5.2146110 | Grad norm: 2.969754 | Time: 20s575ms
Epoch: 009 | Test Loss: 5.1947301 | Time: 673ms
==> Save the model at epoch 009 with test loss 5.1947301
Epoch: 010 | Train Loss: 5.2167367 | Grad norm: 2.423637 | Time: 19s994ms
Epoch: 010 | Test Loss: 5.2053511 | Time: 758ms
Epoch: 011 | Train Loss: 5.2131559 | Grad norm: 2.191477 | Time: 20s522ms
Epoch: 011 | Test Loss: 5.1936012 | Time: 684ms
==> Save the model at epoch 011 with test loss 5.1936012
Epoch: 012 | Train Loss: 5.2107102 | Grad norm: 2.029809 | Time: 19s948ms
Epoch: 012 | Test Loss: 5.1950894 | Time: 674ms
Epoch: 013 | Train Loss: 5.2103099 | Grad norm: 1.747163 | Time: 20s217ms
Epoch: 013 | Test Loss: 5.1908439 | Time: 686ms
==> Save the model at epoch 013 with test loss 5.1908439
Epoch: 014 | Train Loss: 5.2119009 | Grad norm: 1.504916 | Time: 20s123ms
Epoch: 014 | Test Loss: 5.1988452 | Time: 740ms
Epoch: 015 | Train Loss: 5.2091912 | Grad norm: 0.987411 | Time: 19s894ms
Epoch: 015 | Test Loss: 5.1896801 | Time: 676ms
==> Save the model at epoch 015 with test loss 5.1896801
Epoch: 016 | Train Loss: 5.2072876 | Grad norm: 0.770650 | Time: 19s784ms
Epoch: 016 | Test Loss: 5.1919423 | Time: 671ms
Epoch: 017 | Train Loss: 5.2088430 | Grad norm: 1.552716 | Time: 19s798ms
Epoch: 017 | Test Loss: 5.1914678 | Time: 677ms
Epoch: 018 | Train Loss: 5.2074779 | Grad norm: 0.646934 | Time: 20s105ms
Epoch: 018 | Test Loss: 5.1891179 | Time: 680ms
==> Save the model at epoch 018 with test loss 5.1891179
Epoch: 019 | Train Loss: 5.2106113 | Grad norm: 0.873920 | Time: 20s637ms
Epoch: 019 | Test Loss: 5.1930710 | Time: 668ms
Epoch: 020 | Train Loss: 5.2089182 | Grad norm: 0.835508 | Time: 20s359ms
Epoch: 020 | Test Loss: 5.1918392 | Time: 688ms
Epoch: 021 | Train Loss: 5.2052155 | Grad norm: 0.378668 | Time: 19s615ms
Epoch: 021 | Test Loss: 5.1890570 | Time: 685ms
==> Save the model at epoch 021 with test loss 5.1890570
Epoch: 022 | Train Loss: 5.2054566 | Grad norm: 0.277371 | Time: 20s43ms
Epoch: 022 | Test Loss: 5.1897422 | Time: 678ms
Epoch: 023 | Train Loss: 5.2051705 | Grad norm: 0.339878 | Time: 19s917ms
Epoch: 023 | Test Loss: 5.1890981 | Time: 749ms
Epoch: 024 | Train Loss: 5.2048794 | Grad norm: 0.277692 | Time: 19s920ms
Epoch: 024 | Test Loss: 5.1891863 | Time: 673ms
Epoch: 025 | Train Loss: 5.2054353 | Grad norm: 0.294810 | Time: 20s282ms
Epoch: 025 | Test Loss: 5.1893279 | Time: 685ms
Epoch: 026 | Train Loss: 5.2057011 | Grad norm: 0.266991 | Time: 20s489ms
Epoch: 026 | Test Loss: 5.1896814 | Time: 686ms
Epoch: 027 | Train Loss: 5.2053282 | Grad norm: 0.276273 | Time: 20s336ms
Epoch: 027 | Test Loss: 5.1890471 | Time: 683ms
==> Save the model at epoch 027 with test loss 5.1890471
Epoch: 028 | Train Loss: 5.2054642 | Grad norm: 0.203955 | Time: 19s891ms
Epoch: 028 | Test Loss: 5.1892100 | Time: 668ms
Epoch: 029 | Train Loss: 5.2052814 | Grad norm: 0.204770 | Time: 20s136ms
Epoch: 029 | Test Loss: 5.1892286 | Time: 672ms
Epoch: 030 | Train Loss: 5.2052991 | Grad norm: 0.198967 | Time: 20s536ms
Epoch: 030 | Test Loss: 5.1890734 | Time: 675ms
Epoch: 031 | Train Loss: 5.2050806 | Grad norm: 0.158616 | Time: 20s354ms
Epoch: 031 | Test Loss: 5.1891084 | Time: 670ms
Epoch: 032 | Train Loss: 5.2045672 | Grad norm: 0.150939 | Time: 19s984ms
Epoch: 032 | Test Loss: 5.1890554 | Time: 740ms
Epoch: 033 | Train Loss: 5.2051603 | Grad norm: 0.115995 | Time: 20s388ms
Epoch: 033 | Test Loss: 5.1890589 | Time: 673ms
Epoch: 034 | Train Loss: 5.2048033 | Grad norm: 0.111536 | Time: 20s389ms
Epoch: 034 | Test Loss: 5.1890610 | Time: 678ms
Epoch: 035 | Train Loss: 5.2051760 | Grad norm: 0.106223 | Time: 20s346ms
Epoch: 035 | Test Loss: 5.1890494 | Time: 682ms
Epoch: 036 | Train Loss: 5.2049807 | Grad norm: 0.074739 | Time: 20s60ms
Epoch: 036 | Test Loss: 5.1890543 | Time: 740ms
Epoch: 037 | Train Loss: 5.2050756 | Grad norm: 0.076108 | Time: 19s805ms
Epoch: 037 | Test Loss: 5.1890418 | Time: 671ms
==> Save the model at epoch 037 with test loss 5.1890418
Epoch: 038 | Train Loss: 5.2044788 | Grad norm: 0.061874 | Time: 19s971ms
Epoch: 038 | Test Loss: 5.1890435 | Time: 670ms
Epoch: 039 | Train Loss: 5.2046695 | Grad norm: 0.048142 | Time: 20s203ms
Epoch: 039 | Test Loss: 5.1890427 | Time: 672ms
Epoch: 040 | Train Loss: 5.2050961 | Grad norm: 0.035917 | Time: 20s182ms
Epoch: 040 | Test Loss: 5.1890404 | Time: 677ms
==> Save the model at epoch 040 with test loss 5.1890404
Total time: 13m52s
==> Saving trained model weights...
==> Input bias to be applied to the neural network (trained):
[0. 0.]
==> Input transform to be applied to the neural network (trained):
[0.6219679 0.6219679]
==> Output transform to be applied to the neural network (trained):
[3.225  3.2249]
==> Saving training info...
==> Drawing training loss...
==> Drawing grad norm...
==> Drawing testing loss...
==> Process finished.
