==> torch device:  cuda:1
==> Test-Train split: test_ratio = 0.20
==> Test-Train split seed:  None
==> Further split: further_train_ratio = 0.25
==> Further split seed:  None
==> Input bias to be applied to the neural network:
[0. 0.]
==> Input transform to be applied to the neural network:
[0.5090095 0.5090095]
==> Ouput transform to be applied to the neural network:
[3.9366 3.9363]
==> Evaluating model...
==========================================================================================
Layer (type:depth-idx)                   Output Shape              Param #
==========================================================================================
NeuralNetwork                            [1, 2]                    6
├─Sequential: 1-1                        [1, 2]                    --
│    └─Linear: 2-1                       [1, 64]                   192
│    └─ReLU: 2-2                         [1, 64]                   --
│    └─Linear: 2-3                       [1, 64]                   4,160
│    └─ReLU: 2-4                         [1, 64]                   --
│    └─Linear: 2-5                       [1, 64]                   4,160
│    └─ReLU: 2-6                         [1, 64]                   --
│    └─Linear: 2-7                       [1, 64]                   4,160
│    └─ReLU: 2-8                         [1, 64]                   --
│    └─Linear: 2-9                       [1, 64]                   4,160
│    └─ReLU: 2-10                        [1, 64]                   --
│    └─Linear: 2-11                      [1, 64]                   4,160
│    └─ReLU: 2-12                        [1, 64]                   --
│    └─Linear: 2-13                      [1, 64]                   4,160
│    └─ReLU: 2-14                        [1, 64]                   --
│    └─Linear: 2-15                      [1, 2]                    130
├─Sequential: 1-2                        [1, 2]                    (recursive)
│    └─Linear: 2-16                      [1, 64]                   (recursive)
│    └─ReLU: 2-17                        [1, 64]                   --
│    └─Linear: 2-18                      [1, 64]                   (recursive)
│    └─ReLU: 2-19                        [1, 64]                   --
│    └─Linear: 2-20                      [1, 64]                   (recursive)
│    └─ReLU: 2-21                        [1, 64]                   --
│    └─Linear: 2-22                      [1, 64]                   (recursive)
│    └─ReLU: 2-23                        [1, 64]                   --
│    └─Linear: 2-24                      [1, 64]                   (recursive)
│    └─ReLU: 2-25                        [1, 64]                   --
│    └─Linear: 2-26                      [1, 64]                   (recursive)
│    └─ReLU: 2-27                        [1, 64]                   --
│    └─Linear: 2-28                      [1, 64]                   (recursive)
│    └─ReLU: 2-29                        [1, 64]                   --
│    └─Linear: 2-30                      [1, 2]                    (recursive)
==========================================================================================
Total params: 25,288
Trainable params: 25,282
Non-trainable params: 6
Total mult-adds (Units.MEGABYTES): 0.05
==========================================================================================
Input size (MB): 0.00
Forward/backward pass size (MB): 0.01
Params size (MB): 0.10
Estimated Total Size (MB): 0.11
==========================================================================================
==> Saving initial model weights...
==> Start training...
==> Number of param_groups in optimizer: 1
Epoch: 001 | Train Loss: 30.8557851 | Grad norm: 0.756042 | Time: 1s414ms
Epoch: 001 | Test Loss: 30.7666147 | Time: 482ms
==> Save the model at epoch 001 with test loss 30.7666147
Epoch: 002 | Train Loss: 7.0265133 | Grad norm: 17.898711 | Time: 1s128ms
Epoch: 002 | Test Loss: 0.0328493 | Time: 447ms
==> Save the model at epoch 002 with test loss 0.0328493
Epoch: 003 | Train Loss: 0.0493576 | Grad norm: 5.110728 | Time: 1s45ms
Epoch: 003 | Test Loss: 0.0518288 | Time: 521ms
Epoch: 004 | Train Loss: 0.1019239 | Grad norm: 7.515995 | Time: 995ms
Epoch: 004 | Test Loss: 0.1550537 | Time: 454ms
Epoch: 005 | Train Loss: 0.0921903 | Grad norm: 7.268131 | Time: 965ms
Epoch: 005 | Test Loss: 0.1063354 | Time: 443ms
Epoch: 006 | Train Loss: 0.1487779 | Grad norm: 8.870000 | Time: 953ms
Epoch: 006 | Test Loss: 0.1075396 | Time: 469ms
Epoch: 007 | Train Loss: 0.2269700 | Grad norm: 10.952171 | Time: 1s42ms
Epoch: 007 | Test Loss: 0.1566025 | Time: 525ms
Epoch: 008 | Train Loss: 0.2375713 | Grad norm: 11.542314 | Time: 1s102ms
Epoch: 008 | Test Loss: 0.0927726 | Time: 441ms
Epoch: 009 | Train Loss: 0.2519740 | Grad norm: 11.904638 | Time: 1s70ms
Epoch: 009 | Test Loss: 0.1860368 | Time: 457ms
Epoch: 010 | Train Loss: 0.2484496 | Grad norm: 12.293028 | Time: 1s141ms
Epoch: 010 | Test Loss: 0.0719328 | Time: 469ms
Epoch: 011 | Train Loss: 0.1991946 | Grad norm: 11.224679 | Time: 1s58ms
Epoch: 011 | Test Loss: 0.2346829 | Time: 527ms
Epoch: 012 | Train Loss: 0.1685566 | Grad norm: 9.543136 | Time: 1s88ms
Epoch: 012 | Test Loss: 0.2146167 | Time: 448ms
Epoch: 013 | Train Loss: 0.1377656 | Grad norm: 9.177243 | Time: 1s18ms
Epoch: 013 | Test Loss: 0.0826211 | Time: 446ms
Epoch: 014 | Train Loss: 0.1354163 | Grad norm: 8.654829 | Time: 1s17ms
Epoch: 014 | Test Loss: 0.0869324 | Time: 454ms
Epoch: 015 | Train Loss: 0.1782816 | Grad norm: 10.356013 | Time: 1s37ms
Epoch: 015 | Test Loss: 0.1469158 | Time: 535ms
Epoch: 016 | Train Loss: 0.1021789 | Grad norm: 7.622526 | Time: 1s37ms
Epoch: 016 | Test Loss: 0.1050026 | Time: 459ms
Epoch: 017 | Train Loss: 0.0742331 | Grad norm: 6.974768 | Time: 1s120ms
Epoch: 017 | Test Loss: 0.0625930 | Time: 473ms
Epoch: 018 | Train Loss: 0.0802086 | Grad norm: 6.355564 | Time: 1s160ms
Epoch: 018 | Test Loss: 0.4322879 | Time: 456ms
Epoch: 019 | Train Loss: 0.0913129 | Grad norm: 7.399300 | Time: 1s122ms
Epoch: 019 | Test Loss: 0.0321935 | Time: 553ms
==> Save the model at epoch 019 with test loss 0.0321935
Epoch: 020 | Train Loss: 0.0426779 | Grad norm: 4.979151 | Time: 1s218ms
Epoch: 020 | Test Loss: 0.0332823 | Time: 486ms
Epoch: 021 | Train Loss: 0.0724177 | Grad norm: 5.927891 | Time: 1s86ms
Epoch: 021 | Test Loss: 0.0484014 | Time: 456ms
Epoch: 022 | Train Loss: 0.0409369 | Grad norm: 4.592724 | Time: 1s92ms
Epoch: 022 | Test Loss: 0.0173298 | Time: 486ms
==> Save the model at epoch 022 with test loss 0.0173298
Epoch: 023 | Train Loss: 0.0434501 | Grad norm: 4.527309 | Time: 1s83ms
Epoch: 023 | Test Loss: 0.0273771 | Time: 563ms
Epoch: 024 | Train Loss: 0.0412602 | Grad norm: 4.553305 | Time: 1s52ms
Epoch: 024 | Test Loss: 0.0506975 | Time: 482ms
Epoch: 025 | Train Loss: 0.0353191 | Grad norm: 4.228552 | Time: 1s127ms
Epoch: 025 | Test Loss: 0.0303445 | Time: 452ms
Epoch: 026 | Train Loss: 0.0212394 | Grad norm: 2.975104 | Time: 1s91ms
Epoch: 026 | Test Loss: 0.0158323 | Time: 471ms
==> Save the model at epoch 026 with test loss 0.0158323
Epoch: 027 | Train Loss: 0.0180094 | Grad norm: 2.526806 | Time: 1s70ms
Epoch: 027 | Test Loss: 0.0180695 | Time: 543ms
Epoch: 028 | Train Loss: 0.0191737 | Grad norm: 2.690605 | Time: 1s69ms
Epoch: 028 | Test Loss: 0.0188634 | Time: 486ms
Epoch: 029 | Train Loss: 0.0133215 | Grad norm: 1.982373 | Time: 1s191ms
Epoch: 029 | Test Loss: 0.0115651 | Time: 451ms
==> Save the model at epoch 029 with test loss 0.0115651
Epoch: 030 | Train Loss: 0.0108534 | Grad norm: 1.456999 | Time: 1s197ms
Epoch: 030 | Test Loss: 0.0083469 | Time: 515ms
==> Save the model at epoch 030 with test loss 0.0083469
Epoch: 031 | Train Loss: 0.0106749 | Grad norm: 1.426681 | Time: 1s128ms
Epoch: 031 | Test Loss: 0.0091452 | Time: 546ms
Epoch: 032 | Train Loss: 0.0092809 | Grad norm: 1.131199 | Time: 1s143ms
Epoch: 032 | Test Loss: 0.0081708 | Time: 447ms
==> Save the model at epoch 032 with test loss 0.0081708
Epoch: 033 | Train Loss: 0.0093097 | Grad norm: 1.136249 | Time: 1s99ms
Epoch: 033 | Test Loss: 0.0106869 | Time: 461ms
Epoch: 034 | Train Loss: 0.0083839 | Grad norm: 0.840313 | Time: 1s76ms
Epoch: 034 | Test Loss: 0.0074990 | Time: 443ms
==> Save the model at epoch 034 with test loss 0.0074990
Epoch: 035 | Train Loss: 0.0077097 | Grad norm: 0.543408 | Time: 1s94ms
Epoch: 035 | Test Loss: 0.0075190 | Time: 565ms
Epoch: 036 | Train Loss: 0.0076681 | Grad norm: 0.535253 | Time: 1s95ms
Epoch: 036 | Test Loss: 0.0072687 | Time: 466ms
==> Save the model at epoch 036 with test loss 0.0072687
Epoch: 037 | Train Loss: 0.0073854 | Grad norm: 0.367651 | Time: 1s150ms
Epoch: 037 | Test Loss: 0.0073816 | Time: 454ms
Epoch: 038 | Train Loss: 0.0073133 | Grad norm: 0.332654 | Time: 1s60ms
Epoch: 038 | Test Loss: 0.0072334 | Time: 471ms
==> Save the model at epoch 038 with test loss 0.0072334
Epoch: 039 | Train Loss: 0.0072639 | Grad norm: 0.291063 | Time: 1s55ms
Epoch: 039 | Test Loss: 0.0071477 | Time: 525ms
==> Save the model at epoch 039 with test loss 0.0071477
Epoch: 040 | Train Loss: 0.0072180 | Grad norm: 0.236561 | Time: 1s10ms
Epoch: 040 | Test Loss: 0.0071129 | Time: 483ms
==> Save the model at epoch 040 with test loss 0.0071129
Total time: 1m3s
==> Saving trained model weights...
==> Input bias to be applied to the neural network (trained):
[0. 0.]
==> Input transform to be applied to the neural network (trained):
[0.5090095 0.5090095]
==> Output transform to be applied to the neural network (trained):
[3.9366 3.9363]
==> Saving training info...
==> Drawing training loss...
==> Drawing grad norm...
==> Drawing testing loss...
==> Process finished.
