==> torch device:  cuda:1
==> Test-Train split: test_ratio = 0.20
==> Test-Train split seed:  None
==> Further split: further_train_ratio = 1.00
==> Further split seed:  None
==> Input bias to be applied to the neural network:
[0. 0.]
==> Input transform to be applied to the neural network:
[1. 1.]
==> Ouput transform to be applied to the neural network:
[1. 1.]
==> Evaluating model...
==========================================================================================
Layer (type:depth-idx)                   Output Shape              Param #
==========================================================================================
NeuralNetwork                            [1, 2]                    6
├─Sequential: 1-1                        [1, 2]                    --
│    └─Linear: 2-1                       [1, 64]                   192
│    └─LeakyReLU: 2-2                    [1, 64]                   --
│    └─Linear: 2-3                       [1, 64]                   4,160
│    └─LeakyReLU: 2-4                    [1, 64]                   --
│    └─Linear: 2-5                       [1, 64]                   4,160
│    └─LeakyReLU: 2-6                    [1, 64]                   --
│    └─Linear: 2-7                       [1, 64]                   4,160
│    └─LeakyReLU: 2-8                    [1, 64]                   --
│    └─Linear: 2-9                       [1, 64]                   4,160
│    └─LeakyReLU: 2-10                   [1, 64]                   --
│    └─Linear: 2-11                      [1, 64]                   4,160
│    └─LeakyReLU: 2-12                   [1, 64]                   --
│    └─Linear: 2-13                      [1, 64]                   4,160
│    └─LeakyReLU: 2-14                   [1, 64]                   --
│    └─Linear: 2-15                      [1, 2]                    130
==========================================================================================
Total params: 25,288
Trainable params: 25,282
Non-trainable params: 6
Total mult-adds (Units.MEGABYTES): 0.03
==========================================================================================
Input size (MB): 0.00
Forward/backward pass size (MB): 0.00
Params size (MB): 0.10
Estimated Total Size (MB): 0.10
==========================================================================================
==> Saving initial model weights...
==> Start training...
Epoch: 001 | Loss: 0.7526442 | L2 loss: 0.7525068 | Lip loss: 0.0001374 | Grad norm: 4.965903 | Time: 34s674ms
Epoch: 001 | Test Loss: 0.2929395 | Time: 442ms
==> Save the model at epoch 001 with test loss 0.2929395
Epoch: 002 | Loss: 0.0543001 | L2 loss: 0.0541576 | Lip loss: 0.0001425 | Grad norm: 5.127530 | Time: 33s782ms
Epoch: 002 | Test Loss: 0.0331239 | Time: 434ms
==> Save the model at epoch 002 with test loss 0.0331239
Epoch: 003 | Loss: 0.0230740 | L2 loss: 0.0229289 | Lip loss: 0.0001451 | Grad norm: 2.814986 | Time: 34s302ms
Epoch: 003 | Test Loss: 0.0347267 | Time: 435ms
Epoch: 004 | Loss: 0.0204635 | L2 loss: 0.0203180 | Lip loss: 0.0001455 | Grad norm: 2.293750 | Time: 34s908ms
Epoch: 004 | Test Loss: 0.0165952 | Time: 442ms
==> Save the model at epoch 004 with test loss 0.0165952
Epoch: 005 | Loss: 0.0155794 | L2 loss: 0.0154294 | Lip loss: 0.0001500 | Grad norm: 1.799210 | Time: 34s647ms
Epoch: 005 | Test Loss: 0.0133975 | Time: 444ms
==> Save the model at epoch 005 with test loss 0.0133975
Epoch: 006 | Loss: 0.0078913 | L2 loss: 0.0077446 | Lip loss: 0.0001467 | Grad norm: 0.405412 | Time: 34s471ms
Epoch: 006 | Test Loss: 0.0073662 | Time: 505ms
==> Save the model at epoch 006 with test loss 0.0073662
Epoch: 007 | Loss: 0.0075877 | L2 loss: 0.0074416 | Lip loss: 0.0001461 | Grad norm: 0.383849 | Time: 34s115ms
Epoch: 007 | Test Loss: 0.0073229 | Time: 509ms
==> Save the model at epoch 007 with test loss 0.0073229
Epoch: 008 | Loss: 0.0075918 | L2 loss: 0.0074484 | Lip loss: 0.0001434 | Grad norm: 0.421341 | Time: 34s881ms
Epoch: 008 | Test Loss: 0.0073146 | Time: 434ms
==> Save the model at epoch 008 with test loss 0.0073146
Epoch: 009 | Loss: 0.0075517 | L2 loss: 0.0074056 | Lip loss: 0.0001461 | Grad norm: 0.440867 | Time: 34s727ms
Epoch: 009 | Test Loss: 0.0073954 | Time: 444ms
Epoch: 010 | Loss: 0.0074419 | L2 loss: 0.0072951 | Lip loss: 0.0001468 | Grad norm: 0.403157 | Time: 32s994ms
Epoch: 010 | Test Loss: 0.0071329 | Time: 435ms
==> Save the model at epoch 010 with test loss 0.0071329
Epoch: 011 | Loss: 0.0071145 | L2 loss: 0.0069706 | Lip loss: 0.0001439 | Grad norm: 0.252254 | Time: 35s171ms
Epoch: 011 | Test Loss: 0.0068979 | Time: 442ms
==> Save the model at epoch 011 with test loss 0.0068979
Epoch: 012 | Loss: 0.0071023 | L2 loss: 0.0069582 | Lip loss: 0.0001442 | Grad norm: 0.259500 | Time: 33s870ms
Epoch: 012 | Test Loss: 0.0068918 | Time: 433ms
==> Save the model at epoch 012 with test loss 0.0068918
Epoch: 013 | Loss: 0.0070928 | L2 loss: 0.0069468 | Lip loss: 0.0001461 | Grad norm: 0.254344 | Time: 34s332ms
Epoch: 013 | Test Loss: 0.0068780 | Time: 435ms
==> Save the model at epoch 013 with test loss 0.0068780
Epoch: 014 | Loss: 0.0070977 | L2 loss: 0.0069520 | Lip loss: 0.0001457 | Grad norm: 0.265043 | Time: 34s137ms
Epoch: 014 | Test Loss: 0.0069240 | Time: 437ms
Epoch: 015 | Loss: 0.0070924 | L2 loss: 0.0069460 | Lip loss: 0.0001464 | Grad norm: 0.263314 | Time: 34s859ms
Epoch: 015 | Test Loss: 0.0069350 | Time: 509ms
Epoch: 016 | Loss: 0.0070496 | L2 loss: 0.0069046 | Lip loss: 0.0001450 | Grad norm: 0.241546 | Time: 34s677ms
Epoch: 016 | Test Loss: 0.0068413 | Time: 513ms
==> Save the model at epoch 016 with test loss 0.0068413
Epoch: 017 | Loss: 0.0070413 | L2 loss: 0.0068972 | Lip loss: 0.0001441 | Grad norm: 0.232616 | Time: 34s486ms
Epoch: 017 | Test Loss: 0.0068484 | Time: 439ms
Epoch: 018 | Loss: 0.0070438 | L2 loss: 0.0068972 | Lip loss: 0.0001465 | Grad norm: 0.231100 | Time: 34s831ms
Epoch: 018 | Test Loss: 0.0068392 | Time: 434ms
==> Save the model at epoch 018 with test loss 0.0068392
Epoch: 019 | Loss: 0.0070442 | L2 loss: 0.0068959 | Lip loss: 0.0001482 | Grad norm: 0.237325 | Time: 35s31ms
Epoch: 019 | Test Loss: 0.0068456 | Time: 436ms
Epoch: 020 | Loss: 0.0070455 | L2 loss: 0.0068962 | Lip loss: 0.0001493 | Grad norm: 0.233390 | Time: 34s396ms
Epoch: 020 | Test Loss: 0.0068433 | Time: 443ms
Epoch: 021 | Loss: 0.0070366 | L2 loss: 0.0068898 | Lip loss: 0.0001468 | Grad norm: 0.227274 | Time: 34s593ms
Epoch: 021 | Test Loss: 0.0068431 | Time: 474ms
Epoch: 022 | Loss: 0.0070339 | L2 loss: 0.0068895 | Lip loss: 0.0001444 | Grad norm: 0.224179 | Time: 34s168ms
Epoch: 022 | Test Loss: 0.0068421 | Time: 435ms
Epoch: 023 | Loss: 0.0070366 | L2 loss: 0.0068893 | Lip loss: 0.0001474 | Grad norm: 0.227337 | Time: 34s509ms
Epoch: 023 | Test Loss: 0.0068421 | Time: 433ms
Epoch: 024 | Loss: 0.0070370 | L2 loss: 0.0068891 | Lip loss: 0.0001479 | Grad norm: 0.230074 | Time: 34s122ms
Epoch: 024 | Test Loss: 0.0068416 | Time: 521ms
Epoch: 025 | Loss: 0.0070352 | L2 loss: 0.0068893 | Lip loss: 0.0001460 | Grad norm: 0.226085 | Time: 34s511ms
Epoch: 025 | Test Loss: 0.0068421 | Time: 517ms
Epoch: 026 | Loss: 0.0070354 | L2 loss: 0.0068883 | Lip loss: 0.0001472 | Grad norm: 0.230741 | Time: 35s569ms
Epoch: 026 | Test Loss: 0.0068420 | Time: 442ms
Epoch: 027 | Loss: 0.0070356 | L2 loss: 0.0068882 | Lip loss: 0.0001474 | Grad norm: 0.228392 | Time: 34s566ms
Epoch: 027 | Test Loss: 0.0068419 | Time: 432ms
Epoch: 028 | Loss: 0.0070335 | L2 loss: 0.0068882 | Lip loss: 0.0001453 | Grad norm: 0.232740 | Time: 34s276ms
Epoch: 028 | Test Loss: 0.0068419 | Time: 437ms
Epoch: 029 | Loss: 0.0070340 | L2 loss: 0.0068882 | Lip loss: 0.0001458 | Grad norm: 0.223843 | Time: 35s509ms
Epoch: 029 | Test Loss: 0.0068418 | Time: 439ms
Epoch: 030 | Loss: 0.0070351 | L2 loss: 0.0068882 | Lip loss: 0.0001470 | Grad norm: 0.226677 | Time: 35s106ms
Epoch: 030 | Test Loss: 0.0068417 | Time: 431ms
Epoch: 031 | Loss: 0.0070342 | L2 loss: 0.0068881 | Lip loss: 0.0001461 | Grad norm: 0.233307 | Time: 34s815ms
Epoch: 031 | Test Loss: 0.0068417 | Time: 432ms
Epoch: 032 | Loss: 0.0070330 | L2 loss: 0.0068881 | Lip loss: 0.0001449 | Grad norm: 0.226792 | Time: 34s613ms
Epoch: 032 | Test Loss: 0.0068417 | Time: 503ms
Epoch: 033 | Loss: 0.0070331 | L2 loss: 0.0068881 | Lip loss: 0.0001450 | Grad norm: 0.223583 | Time: 35s317ms
Epoch: 033 | Test Loss: 0.0068417 | Time: 443ms
Epoch: 034 | Loss: 0.0070334 | L2 loss: 0.0068881 | Lip loss: 0.0001452 | Grad norm: 0.224726 | Time: 34s776ms
Epoch: 034 | Test Loss: 0.0068417 | Time: 513ms
Epoch: 035 | Loss: 0.0070335 | L2 loss: 0.0068881 | Lip loss: 0.0001454 | Grad norm: 0.222568 | Time: 34s392ms
Epoch: 035 | Test Loss: 0.0068417 | Time: 514ms
Epoch: 036 | Loss: 0.0070347 | L2 loss: 0.0068881 | Lip loss: 0.0001466 | Grad norm: 0.225978 | Time: 34s460ms
Epoch: 036 | Test Loss: 0.0068417 | Time: 450ms
Epoch: 037 | Loss: 0.0070333 | L2 loss: 0.0068881 | Lip loss: 0.0001452 | Grad norm: 0.222689 | Time: 34s913ms
Epoch: 037 | Test Loss: 0.0068417 | Time: 440ms
Epoch: 038 | Loss: 0.0070332 | L2 loss: 0.0068881 | Lip loss: 0.0001451 | Grad norm: 0.222013 | Time: 34s864ms
Epoch: 038 | Test Loss: 0.0068417 | Time: 435ms
Epoch: 039 | Loss: 0.0070335 | L2 loss: 0.0068881 | Lip loss: 0.0001454 | Grad norm: 0.228266 | Time: 34s40ms
Epoch: 039 | Test Loss: 0.0068417 | Time: 456ms
Epoch: 040 | Loss: 0.0070369 | L2 loss: 0.0068881 | Lip loss: 0.0001488 | Grad norm: 0.232380 | Time: 34s660ms
Epoch: 040 | Test Loss: 0.0068417 | Time: 440ms
Total time: 23m21s
==> Saving trained model weights...
==> Input bias to be applied to the neural network (trained):
[0. 0.]
==> Input transform to be applied to the neural network (trained):
[1. 1.]
==> Output transform to be applied to the neural network (trained):
[1. 1.]
==> Saving training info...
==> Drawing training loss...
==> Drawing grad norm...
==> Drawing testing loss...
==> Drawing l2 loss...
==> Drawing lip loss...
==> Process finished.
