==> torch device:  cuda:1
==> Test-Train split: test_ratio = 0.20
==> Test-Train split seed:  None
==> Further split: further_train_ratio = 0.25
==> Further split seed:  None
==> Lipschitz constant: 8.00
==> Input bias to be applied to the neural network:
[0. 0. 0. 0.]
==> Input transform to be applied to the neural network:
[ 0.62900996  0.6288517  11.614402    9.487666  ]
==> Ouput transform to be applied to the neural network:
[0.0195 0.021 ]
==> Evaluating model...
==========================================================================================
Layer (type:depth-idx)                   Output Shape              Param #
==========================================================================================
NeuralNetwork                            [1, 2]                    10
├─Sequential: 1-1                        [1, 2]                    --
│    └─SandwichFc: 2-1                   [1, 64]                   4,481
│    └─SandwichFc: 2-2                   [1, 64]                   8,321
│    └─SandwichFc: 2-3                   [1, 64]                   8,321
│    └─SandwichFc: 2-4                   [1, 64]                   8,321
│    └─SandwichFc: 2-5                   [1, 64]                   8,321
│    └─SandwichFc: 2-6                   [1, 64]                   8,321
│    └─SandwichFc: 2-7                   [1, 64]                   8,321
│    └─SandwichLin: 2-8                  [1, 2]                    135
├─Sequential: 1-2                        [1, 2]                    (recursive)
│    └─SandwichFc: 2-9                   [1, 64]                   (recursive)
│    └─SandwichFc: 2-10                  [1, 64]                   (recursive)
│    └─SandwichFc: 2-11                  [1, 64]                   (recursive)
│    └─SandwichFc: 2-12                  [1, 64]                   (recursive)
│    └─SandwichFc: 2-13                  [1, 64]                   (recursive)
│    └─SandwichFc: 2-14                  [1, 64]                   (recursive)
│    └─SandwichFc: 2-15                  [1, 64]                   (recursive)
│    └─SandwichLin: 2-16                 [1, 2]                    (recursive)
==========================================================================================
Total params: 54,552
Trainable params: 54,542
Non-trainable params: 10
Total mult-adds (Units.MEGABYTES): 0.11
==========================================================================================
Input size (MB): 0.00
Forward/backward pass size (MB): 0.01
Params size (MB): 0.22
Estimated Total Size (MB): 0.23
==========================================================================================
==> Saving initial model weights...
==> Start training...
==> Number of param_groups in optimizer: 1
Epoch: 001 | Train Loss: 0.0008008 | Grad norm: 0.001389 | Time: 4s669ms
Epoch: 001 | Test Loss: 0.0008024 | Time: 604ms
==> Save the model at epoch 001 with test loss 0.0008024
Epoch: 002 | Train Loss: 0.0001771 | Grad norm: 0.000939 | Time: 4s147ms
Epoch: 002 | Test Loss: 0.0000696 | Time: 602ms
==> Save the model at epoch 002 with test loss 0.0000696
Epoch: 003 | Train Loss: 0.0000696 | Grad norm: 0.000667 | Time: 4s218ms
Epoch: 003 | Test Loss: 0.0000680 | Time: 681ms
==> Save the model at epoch 003 with test loss 0.0000680
Epoch: 004 | Train Loss: 0.0000693 | Grad norm: 0.000643 | Time: 4s294ms
Epoch: 004 | Test Loss: 0.0000681 | Time: 608ms
Epoch: 005 | Train Loss: 0.0000695 | Grad norm: 0.000630 | Time: 4s123ms
Epoch: 005 | Test Loss: 0.0000699 | Time: 632ms
Epoch: 006 | Train Loss: 0.0000706 | Grad norm: 0.000642 | Time: 4s27ms
Epoch: 006 | Test Loss: 0.0000720 | Time: 605ms
Epoch: 007 | Train Loss: 0.0000712 | Grad norm: 0.000651 | Time: 4s312ms
Epoch: 007 | Test Loss: 0.0000725 | Time: 671ms
Epoch: 008 | Train Loss: 0.0000703 | Grad norm: 0.000566 | Time: 4s100ms
Epoch: 008 | Test Loss: 0.0000716 | Time: 611ms
Epoch: 009 | Train Loss: 0.0000697 | Grad norm: 0.000490 | Time: 4s197ms
Epoch: 009 | Test Loss: 0.0000712 | Time: 616ms
Epoch: 010 | Train Loss: 0.0000724 | Grad norm: 0.000648 | Time: 4s436ms
Epoch: 010 | Test Loss: 0.0000693 | Time: 614ms
Epoch: 011 | Train Loss: 0.0000708 | Grad norm: 0.000519 | Time: 4s455ms
Epoch: 011 | Test Loss: 0.0000703 | Time: 687ms
Epoch: 012 | Train Loss: 0.0000701 | Grad norm: 0.000490 | Time: 4s154ms
Epoch: 012 | Test Loss: 0.0000670 | Time: 606ms
==> Save the model at epoch 012 with test loss 0.0000670
Epoch: 013 | Train Loss: 0.0000700 | Grad norm: 0.000506 | Time: 4s187ms
Epoch: 013 | Test Loss: 0.0000690 | Time: 608ms
Epoch: 014 | Train Loss: 0.0000693 | Grad norm: 0.000453 | Time: 4s196ms
Epoch: 014 | Test Loss: 0.0000670 | Time: 610ms
Epoch: 015 | Train Loss: 0.0000689 | Grad norm: 0.000440 | Time: 4s289ms
Epoch: 015 | Test Loss: 0.0000688 | Time: 681ms
Epoch: 016 | Train Loss: 0.0000693 | Grad norm: 0.000455 | Time: 4s159ms
Epoch: 016 | Test Loss: 0.0000698 | Time: 612ms
Epoch: 017 | Train Loss: 0.0000680 | Grad norm: 0.000374 | Time: 4s344ms
Epoch: 017 | Test Loss: 0.0000670 | Time: 604ms
Epoch: 018 | Train Loss: 0.0000685 | Grad norm: 0.000429 | Time: 4s105ms
Epoch: 018 | Test Loss: 0.0000699 | Time: 615ms
Epoch: 019 | Train Loss: 0.0000697 | Grad norm: 0.000497 | Time: 4s191ms
Epoch: 019 | Test Loss: 0.0000696 | Time: 607ms
Epoch: 020 | Train Loss: 0.0000680 | Grad norm: 0.000415 | Time: 4s226ms
Epoch: 020 | Test Loss: 0.0000674 | Time: 613ms
Epoch: 021 | Train Loss: 0.0000673 | Grad norm: 0.000365 | Time: 4s56ms
Epoch: 021 | Test Loss: 0.0000692 | Time: 618ms
Epoch: 022 | Train Loss: 0.0000671 | Grad norm: 0.000335 | Time: 4s316ms
Epoch: 022 | Test Loss: 0.0000673 | Time: 610ms
Epoch: 023 | Train Loss: 0.0000669 | Grad norm: 0.000346 | Time: 4s187ms
Epoch: 023 | Test Loss: 0.0000678 | Time: 606ms
Epoch: 024 | Train Loss: 0.0000664 | Grad norm: 0.000316 | Time: 4s
Epoch: 024 | Test Loss: 0.0000667 | Time: 607ms
==> Save the model at epoch 024 with test loss 0.0000667
Epoch: 025 | Train Loss: 0.0000662 | Grad norm: 0.000319 | Time: 4s118ms
Epoch: 025 | Test Loss: 0.0000675 | Time: 605ms
Epoch: 026 | Train Loss: 0.0000661 | Grad norm: 0.000318 | Time: 4s197ms
Epoch: 026 | Test Loss: 0.0000684 | Time: 612ms
Epoch: 027 | Train Loss: 0.0000659 | Grad norm: 0.000315 | Time: 4s389ms
Epoch: 027 | Test Loss: 0.0000679 | Time: 612ms
Epoch: 028 | Train Loss: 0.0000658 | Grad norm: 0.000316 | Time: 4s115ms
Epoch: 028 | Test Loss: 0.0000663 | Time: 614ms
==> Save the model at epoch 028 with test loss 0.0000663
Epoch: 029 | Train Loss: 0.0000655 | Grad norm: 0.000320 | Time: 4s121ms
Epoch: 029 | Test Loss: 0.0000672 | Time: 600ms
Epoch: 030 | Train Loss: 0.0000652 | Grad norm: 0.000296 | Time: 3s945ms
Epoch: 030 | Test Loss: 0.0000660 | Time: 612ms
==> Save the model at epoch 030 with test loss 0.0000660
Epoch: 031 | Train Loss: 0.0000648 | Grad norm: 0.000276 | Time: 4s47ms
Epoch: 031 | Test Loss: 0.0000658 | Time: 606ms
==> Save the model at epoch 031 with test loss 0.0000658
Epoch: 032 | Train Loss: 0.0000645 | Grad norm: 0.000266 | Time: 3s942ms
Epoch: 032 | Test Loss: 0.0000662 | Time: 625ms
Epoch: 033 | Train Loss: 0.0000644 | Grad norm: 0.000259 | Time: 4s15ms
Epoch: 033 | Test Loss: 0.0000661 | Time: 609ms
Epoch: 034 | Train Loss: 0.0000643 | Grad norm: 0.000270 | Time: 4s162ms
Epoch: 034 | Test Loss: 0.0000654 | Time: 602ms
==> Save the model at epoch 034 with test loss 0.0000654
Epoch: 035 | Train Loss: 0.0000640 | Grad norm: 0.000255 | Time: 4s240ms
Epoch: 035 | Test Loss: 0.0000653 | Time: 621ms
==> Save the model at epoch 035 with test loss 0.0000653
Epoch: 036 | Train Loss: 0.0000638 | Grad norm: 0.000264 | Time: 3s958ms
Epoch: 036 | Test Loss: 0.0000655 | Time: 619ms
Epoch: 037 | Train Loss: 0.0000636 | Grad norm: 0.000240 | Time: 4s39ms
Epoch: 037 | Test Loss: 0.0000652 | Time: 617ms
==> Save the model at epoch 037 with test loss 0.0000652
Epoch: 038 | Train Loss: 0.0000635 | Grad norm: 0.000237 | Time: 4s86ms
Epoch: 038 | Test Loss: 0.0000652 | Time: 608ms
==> Save the model at epoch 038 with test loss 0.0000652
Epoch: 039 | Train Loss: 0.0000634 | Grad norm: 0.000230 | Time: 4s143ms
Epoch: 039 | Test Loss: 0.0000652 | Time: 609ms
==> Save the model at epoch 039 with test loss 0.0000652
Epoch: 040 | Train Loss: 0.0000633 | Grad norm: 0.000231 | Time: 4s73ms
Epoch: 040 | Test Loss: 0.0000652 | Time: 601ms
==> Save the model at epoch 040 with test loss 0.0000652
Total time: 3m11s
==> Saving trained model weights...
==> Input bias to be applied to the neural network (trained):
[0. 0. 0. 0.]
==> Input transform to be applied to the neural network (trained):
[ 0.62900996  0.6288517  11.614402    9.487666  ]
==> Output transform to be applied to the neural network (trained):
[0.0195 0.021 ]
==> Saving training info...
==> Drawing training loss...
==> Drawing grad norm...
==> Drawing testing loss...
==> Process finished.
