==> torch device:  cuda:0
==> Test-Train split: test_ratio = 0.20
==> Test-Train split seed:  None
==> Further split: further_train_ratio = 0.50
==> Further split seed:  None
==> Input bias to be applied to the neural network:
[0. 0.]
==> Input transform to be applied to the neural network:
[0.496845   0.52004784]
==> Ouput transform to be applied to the neural network:
[1.9242 2.0182]
==> Evaluating model...
==========================================================================================
Layer (type:depth-idx)                   Output Shape              Param #
==========================================================================================
NeuralNetwork                            [1, 2]                    6
├─Sequential: 1-1                        [1, 2]                    --
│    └─Linear: 2-1                       [1, 64]                   192
│    └─ReLU: 2-2                         [1, 64]                   --
│    └─Linear: 2-3                       [1, 64]                   4,160
│    └─ReLU: 2-4                         [1, 64]                   --
│    └─Linear: 2-5                       [1, 64]                   4,160
│    └─ReLU: 2-6                         [1, 64]                   --
│    └─Linear: 2-7                       [1, 64]                   4,160
│    └─ReLU: 2-8                         [1, 64]                   --
│    └─Linear: 2-9                       [1, 64]                   4,160
│    └─ReLU: 2-10                        [1, 64]                   --
│    └─Linear: 2-11                      [1, 64]                   4,160
│    └─ReLU: 2-12                        [1, 64]                   --
│    └─Linear: 2-13                      [1, 64]                   4,160
│    └─ReLU: 2-14                        [1, 64]                   --
│    └─Linear: 2-15                      [1, 2]                    130
├─Sequential: 1-2                        [1, 2]                    (recursive)
│    └─Linear: 2-16                      [1, 64]                   (recursive)
│    └─ReLU: 2-17                        [1, 64]                   --
│    └─Linear: 2-18                      [1, 64]                   (recursive)
│    └─ReLU: 2-19                        [1, 64]                   --
│    └─Linear: 2-20                      [1, 64]                   (recursive)
│    └─ReLU: 2-21                        [1, 64]                   --
│    └─Linear: 2-22                      [1, 64]                   (recursive)
│    └─ReLU: 2-23                        [1, 64]                   --
│    └─Linear: 2-24                      [1, 64]                   (recursive)
│    └─ReLU: 2-25                        [1, 64]                   --
│    └─Linear: 2-26                      [1, 64]                   (recursive)
│    └─ReLU: 2-27                        [1, 64]                   --
│    └─Linear: 2-28                      [1, 64]                   (recursive)
│    └─ReLU: 2-29                        [1, 64]                   --
│    └─Linear: 2-30                      [1, 2]                    (recursive)
==========================================================================================
Total params: 25,288
Trainable params: 25,282
Non-trainable params: 6
Total mult-adds (Units.MEGABYTES): 0.05
==========================================================================================
Input size (MB): 0.00
Forward/backward pass size (MB): 0.01
Params size (MB): 0.10
Estimated Total Size (MB): 0.11
==========================================================================================
==> Saving initial model weights...
==> Start training...
==> Number of param_groups in optimizer: 1
Epoch: 001 | Train Loss: 7.7577526 | Grad norm: 0.266728 | Time: 2s361ms
Epoch: 001 | Test Loss: 7.8142421 | Time: 449ms
==> Save the model at epoch 001 with test loss 7.8142421
Epoch: 002 | Train Loss: 4.2608961 | Grad norm: 2.800726 | Time: 1s923ms
Epoch: 002 | Test Loss: 0.2416382 | Time: 513ms
==> Save the model at epoch 002 with test loss 0.2416382
Epoch: 003 | Train Loss: 0.1217905 | Grad norm: 1.541797 | Time: 2s165ms
Epoch: 003 | Test Loss: 0.0794710 | Time: 450ms
==> Save the model at epoch 003 with test loss 0.0794710
Epoch: 004 | Train Loss: 0.0534108 | Grad norm: 1.530580 | Time: 2s70ms
Epoch: 004 | Test Loss: 0.0385545 | Time: 470ms
==> Save the model at epoch 004 with test loss 0.0385545
Epoch: 005 | Train Loss: 0.0324483 | Grad norm: 1.830618 | Time: 2s78ms
Epoch: 005 | Test Loss: 0.0280216 | Time: 457ms
==> Save the model at epoch 005 with test loss 0.0280216
Epoch: 006 | Train Loss: 0.0214599 | Grad norm: 1.763453 | Time: 2s5ms
Epoch: 006 | Test Loss: 0.0138998 | Time: 522ms
==> Save the model at epoch 006 with test loss 0.0138998
Epoch: 007 | Train Loss: 0.0154710 | Grad norm: 1.404878 | Time: 2s96ms
Epoch: 007 | Test Loss: 0.0123307 | Time: 446ms
==> Save the model at epoch 007 with test loss 0.0123307
Epoch: 008 | Train Loss: 0.0153570 | Grad norm: 1.589695 | Time: 1s952ms
Epoch: 008 | Test Loss: 0.0126902 | Time: 442ms
Epoch: 009 | Train Loss: 0.0147061 | Grad norm: 1.434938 | Time: 2s65ms
Epoch: 009 | Test Loss: 0.0117499 | Time: 483ms
==> Save the model at epoch 009 with test loss 0.0117499
Epoch: 010 | Train Loss: 0.0139327 | Grad norm: 1.318872 | Time: 2s9ms
Epoch: 010 | Test Loss: 0.0128677 | Time: 509ms
Epoch: 011 | Train Loss: 0.0124392 | Grad norm: 1.150823 | Time: 1s967ms
Epoch: 011 | Test Loss: 0.0138417 | Time: 472ms
Epoch: 012 | Train Loss: 0.0144442 | Grad norm: 1.304945 | Time: 1s998ms
Epoch: 012 | Test Loss: 0.0107778 | Time: 450ms
==> Save the model at epoch 012 with test loss 0.0107778
Epoch: 013 | Train Loss: 0.0110077 | Grad norm: 0.858917 | Time: 2s136ms
Epoch: 013 | Test Loss: 0.0138168 | Time: 466ms
Epoch: 014 | Train Loss: 0.0103207 | Grad norm: 0.763668 | Time: 1s959ms
Epoch: 014 | Test Loss: 0.0146716 | Time: 442ms
Epoch: 015 | Train Loss: 0.0095119 | Grad norm: 0.708860 | Time: 2s
Epoch: 015 | Test Loss: 0.0091548 | Time: 469ms
==> Save the model at epoch 015 with test loss 0.0091548
Epoch: 016 | Train Loss: 0.0097792 | Grad norm: 0.709940 | Time: 2s56ms
Epoch: 016 | Test Loss: 0.0105729 | Time: 483ms
Epoch: 017 | Train Loss: 0.0098840 | Grad norm: 0.773648 | Time: 1s893ms
Epoch: 017 | Test Loss: 0.0135005 | Time: 445ms
Epoch: 018 | Train Loss: 0.0096750 | Grad norm: 0.744793 | Time: 2s60ms
Epoch: 018 | Test Loss: 0.0094590 | Time: 513ms
Epoch: 019 | Train Loss: 0.0091016 | Grad norm: 0.617601 | Time: 1s946ms
Epoch: 019 | Test Loss: 0.0092165 | Time: 448ms
Epoch: 020 | Train Loss: 0.0092613 | Grad norm: 0.639573 | Time: 2s103ms
Epoch: 020 | Test Loss: 0.0078750 | Time: 460ms
==> Save the model at epoch 020 with test loss 0.0078750
Epoch: 021 | Train Loss: 0.0089615 | Grad norm: 0.650781 | Time: 2s86ms
Epoch: 021 | Test Loss: 0.0112386 | Time: 441ms
Epoch: 022 | Train Loss: 0.0084296 | Grad norm: 0.533699 | Time: 1s958ms
Epoch: 022 | Test Loss: 0.0077119 | Time: 466ms
==> Save the model at epoch 022 with test loss 0.0077119
Epoch: 023 | Train Loss: 0.0086182 | Grad norm: 0.559790 | Time: 2s51ms
Epoch: 023 | Test Loss: 0.0105828 | Time: 486ms
Epoch: 024 | Train Loss: 0.0080983 | Grad norm: 0.491849 | Time: 2s155ms
Epoch: 024 | Test Loss: 0.0078699 | Time: 453ms
Epoch: 025 | Train Loss: 0.0080338 | Grad norm: 0.468192 | Time: 2s115ms
Epoch: 025 | Test Loss: 0.0089549 | Time: 469ms
Epoch: 026 | Train Loss: 0.0080159 | Grad norm: 0.472098 | Time: 1s951ms
Epoch: 026 | Test Loss: 0.0080678 | Time: 522ms
Epoch: 027 | Train Loss: 0.0076532 | Grad norm: 0.411230 | Time: 1s966ms
Epoch: 027 | Test Loss: 0.0079917 | Time: 479ms
Epoch: 028 | Train Loss: 0.0077145 | Grad norm: 0.421678 | Time: 1s972ms
Epoch: 028 | Test Loss: 0.0097531 | Time: 481ms
Epoch: 029 | Train Loss: 0.0076441 | Grad norm: 0.445449 | Time: 2s134ms
Epoch: 029 | Test Loss: 0.0076768 | Time: 461ms
==> Save the model at epoch 029 with test loss 0.0076768
Epoch: 030 | Train Loss: 0.0073237 | Grad norm: 0.341542 | Time: 1s944ms
Epoch: 030 | Test Loss: 0.0075083 | Time: 451ms
==> Save the model at epoch 030 with test loss 0.0075083
Epoch: 031 | Train Loss: 0.0074243 | Grad norm: 0.380115 | Time: 2s19ms
Epoch: 031 | Test Loss: 0.0076065 | Time: 455ms
Epoch: 032 | Train Loss: 0.0071442 | Grad norm: 0.313463 | Time: 1s953ms
Epoch: 032 | Test Loss: 0.0073029 | Time: 453ms
==> Save the model at epoch 032 with test loss 0.0073029
Epoch: 033 | Train Loss: 0.0071002 | Grad norm: 0.296038 | Time: 2s140ms
Epoch: 033 | Test Loss: 0.0071927 | Time: 444ms
==> Save the model at epoch 033 with test loss 0.0071927
Epoch: 034 | Train Loss: 0.0070384 | Grad norm: 0.298058 | Time: 2s105ms
Epoch: 034 | Test Loss: 0.0070995 | Time: 517ms
==> Save the model at epoch 034 with test loss 0.0070995
Epoch: 035 | Train Loss: 0.0069373 | Grad norm: 0.246973 | Time: 2s109ms
Epoch: 035 | Test Loss: 0.0070040 | Time: 448ms
==> Save the model at epoch 035 with test loss 0.0070040
Epoch: 036 | Train Loss: 0.0068810 | Grad norm: 0.238541 | Time: 2s102ms
Epoch: 036 | Test Loss: 0.0069366 | Time: 446ms
==> Save the model at epoch 036 with test loss 0.0069366
Epoch: 037 | Train Loss: 0.0068143 | Grad norm: 0.208561 | Time: 2s131ms
Epoch: 037 | Test Loss: 0.0068996 | Time: 469ms
==> Save the model at epoch 037 with test loss 0.0068996
Epoch: 038 | Train Loss: 0.0067775 | Grad norm: 0.201974 | Time: 1s962ms
Epoch: 038 | Test Loss: 0.0068823 | Time: 506ms
==> Save the model at epoch 038 with test loss 0.0068823
Epoch: 039 | Train Loss: 0.0067418 | Grad norm: 0.180183 | Time: 2s9ms
Epoch: 039 | Test Loss: 0.0068804 | Time: 473ms
==> Save the model at epoch 039 with test loss 0.0068804
Epoch: 040 | Train Loss: 0.0067216 | Grad norm: 0.177720 | Time: 2s200ms
Epoch: 040 | Test Loss: 0.0068582 | Time: 451ms
==> Save the model at epoch 040 with test loss 0.0068582
Total time: 1m40s
==> Saving trained model weights...
==> Input bias to be applied to the neural network (trained):
[0. 0.]
==> Input transform to be applied to the neural network (trained):
[0.496845   0.52004784]
==> Output transform to be applied to the neural network (trained):
[1.9242 2.0182]
==> Saving training info...
==> Drawing training loss...
==> Drawing grad norm...
==> Drawing testing loss...
==> Process finished.
