==> torch device:  cuda:1
==> Test-Train split: test_ratio = 0.20
==> Test-Train split seed:  None
==> Further split: further_train_ratio = 0.50
==> Further split seed:  None
==> Input bias to be applied to the neural network:
[0. 0.]
==> Input transform to be applied to the neural network:
[0.496845   0.52004784]
==> Ouput transform to be applied to the neural network:
[1.9242 2.0182]
==> Evaluating model...
==========================================================================================
Layer (type:depth-idx)                   Output Shape              Param #
==========================================================================================
NeuralNetwork                            [1, 2]                    6
├─Sequential: 1-1                        [1, 2]                    --
│    └─Linear: 2-1                       [1, 64]                   192
│    └─ReLU: 2-2                         [1, 64]                   --
│    └─Linear: 2-3                       [1, 64]                   4,160
│    └─ReLU: 2-4                         [1, 64]                   --
│    └─Linear: 2-5                       [1, 64]                   4,160
│    └─ReLU: 2-6                         [1, 64]                   --
│    └─Linear: 2-7                       [1, 64]                   4,160
│    └─ReLU: 2-8                         [1, 64]                   --
│    └─Linear: 2-9                       [1, 64]                   4,160
│    └─ReLU: 2-10                        [1, 64]                   --
│    └─Linear: 2-11                      [1, 64]                   4,160
│    └─ReLU: 2-12                        [1, 64]                   --
│    └─Linear: 2-13                      [1, 64]                   4,160
│    └─ReLU: 2-14                        [1, 64]                   --
│    └─Linear: 2-15                      [1, 2]                    130
├─Sequential: 1-2                        [1, 2]                    (recursive)
│    └─Linear: 2-16                      [1, 64]                   (recursive)
│    └─ReLU: 2-17                        [1, 64]                   --
│    └─Linear: 2-18                      [1, 64]                   (recursive)
│    └─ReLU: 2-19                        [1, 64]                   --
│    └─Linear: 2-20                      [1, 64]                   (recursive)
│    └─ReLU: 2-21                        [1, 64]                   --
│    └─Linear: 2-22                      [1, 64]                   (recursive)
│    └─ReLU: 2-23                        [1, 64]                   --
│    └─Linear: 2-24                      [1, 64]                   (recursive)
│    └─ReLU: 2-25                        [1, 64]                   --
│    └─Linear: 2-26                      [1, 64]                   (recursive)
│    └─ReLU: 2-27                        [1, 64]                   --
│    └─Linear: 2-28                      [1, 64]                   (recursive)
│    └─ReLU: 2-29                        [1, 64]                   --
│    └─Linear: 2-30                      [1, 2]                    (recursive)
==========================================================================================
Total params: 25,288
Trainable params: 25,282
Non-trainable params: 6
Total mult-adds (Units.MEGABYTES): 0.05
==========================================================================================
Input size (MB): 0.00
Forward/backward pass size (MB): 0.01
Params size (MB): 0.10
Estimated Total Size (MB): 0.11
==========================================================================================
==> Saving initial model weights...
==> Start training...
==> Number of param_groups in optimizer: 1
Epoch: 001 | Train Loss: 7.7592554 | Grad norm: 0.222679 | Time: 2s322ms
Epoch: 001 | Test Loss: 7.7301995 | Time: 469ms
==> Save the model at epoch 001 with test loss 7.7301995
Epoch: 002 | Train Loss: 0.8394162 | Grad norm: 3.950707 | Time: 2s135ms
Epoch: 002 | Test Loss: 0.0406086 | Time: 558ms
==> Save the model at epoch 002 with test loss 0.0406086
Epoch: 003 | Train Loss: 0.0427225 | Grad norm: 2.623754 | Time: 2s203ms
Epoch: 003 | Test Loss: 0.0241317 | Time: 475ms
==> Save the model at epoch 003 with test loss 0.0241317
Epoch: 004 | Train Loss: 0.0431573 | Grad norm: 2.393766 | Time: 2s33ms
Epoch: 004 | Test Loss: 0.0400876 | Time: 451ms
Epoch: 005 | Train Loss: 0.0431020 | Grad norm: 2.167918 | Time: 2s134ms
Epoch: 005 | Test Loss: 0.0549994 | Time: 454ms
Epoch: 006 | Train Loss: 0.0493956 | Grad norm: 2.403598 | Time: 2s144ms
Epoch: 006 | Test Loss: 0.0461253 | Time: 447ms
Epoch: 007 | Train Loss: 0.0531049 | Grad norm: 2.553645 | Time: 2s166ms
Epoch: 007 | Test Loss: 0.0220422 | Time: 457ms
==> Save the model at epoch 007 with test loss 0.0220422
Epoch: 008 | Train Loss: 0.0547448 | Grad norm: 2.650593 | Time: 2s193ms
Epoch: 008 | Test Loss: 0.0589252 | Time: 482ms
Epoch: 009 | Train Loss: 0.0572547 | Grad norm: 2.582787 | Time: 2s215ms
Epoch: 009 | Test Loss: 0.0294563 | Time: 471ms
Epoch: 010 | Train Loss: 0.0650767 | Grad norm: 2.909012 | Time: 2s441ms
Epoch: 010 | Test Loss: 0.0299043 | Time: 566ms
Epoch: 011 | Train Loss: 0.0367942 | Grad norm: 2.051958 | Time: 2s136ms
Epoch: 011 | Test Loss: 0.0124368 | Time: 481ms
==> Save the model at epoch 011 with test loss 0.0124368
Epoch: 012 | Train Loss: 0.0419341 | Grad norm: 2.063247 | Time: 2s63ms
Epoch: 012 | Test Loss: 0.0195172 | Time: 486ms
Epoch: 013 | Train Loss: 0.0359653 | Grad norm: 1.970376 | Time: 2s295ms
Epoch: 013 | Test Loss: 0.0414414 | Time: 475ms
Epoch: 014 | Train Loss: 0.0292498 | Grad norm: 1.707010 | Time: 2s205ms
Epoch: 014 | Test Loss: 0.0159855 | Time: 505ms
Epoch: 015 | Train Loss: 0.0217292 | Grad norm: 1.315023 | Time: 2s115ms
Epoch: 015 | Test Loss: 0.0159361 | Time: 452ms
Epoch: 016 | Train Loss: 0.0192799 | Grad norm: 1.183205 | Time: 2s49ms
Epoch: 016 | Test Loss: 0.0160560 | Time: 453ms
Epoch: 017 | Train Loss: 0.0187362 | Grad norm: 1.196553 | Time: 1s876ms
Epoch: 017 | Test Loss: 0.0200347 | Time: 481ms
Epoch: 018 | Train Loss: 0.0149577 | Grad norm: 0.944985 | Time: 2s7ms
Epoch: 018 | Test Loss: 0.0156342 | Time: 579ms
Epoch: 019 | Train Loss: 0.0159434 | Grad norm: 1.023473 | Time: 2s257ms
Epoch: 019 | Test Loss: 0.0144581 | Time: 453ms
Epoch: 020 | Train Loss: 0.0132025 | Grad norm: 0.846491 | Time: 2s225ms
Epoch: 020 | Test Loss: 0.0117220 | Time: 456ms
==> Save the model at epoch 020 with test loss 0.0117220
Epoch: 021 | Train Loss: 0.0120117 | Grad norm: 0.750980 | Time: 2s243ms
Epoch: 021 | Test Loss: 0.0117217 | Time: 465ms
==> Save the model at epoch 021 with test loss 0.0117217
Epoch: 022 | Train Loss: 0.0101360 | Grad norm: 0.586522 | Time: 2s143ms
Epoch: 022 | Test Loss: 0.0110576 | Time: 459ms
==> Save the model at epoch 022 with test loss 0.0110576
Epoch: 023 | Train Loss: 0.0112756 | Grad norm: 0.661282 | Time: 2s24ms
Epoch: 023 | Test Loss: 0.0089859 | Time: 503ms
==> Save the model at epoch 023 with test loss 0.0089859
Epoch: 024 | Train Loss: 0.0097448 | Grad norm: 0.559333 | Time: 2s377ms
Epoch: 024 | Test Loss: 0.0090027 | Time: 535ms
Epoch: 025 | Train Loss: 0.0089999 | Grad norm: 0.461993 | Time: 2s492ms
Epoch: 025 | Test Loss: 0.0092059 | Time: 500ms
Epoch: 026 | Train Loss: 0.0099492 | Grad norm: 0.563274 | Time: 2s22ms
Epoch: 026 | Test Loss: 0.0085518 | Time: 553ms
==> Save the model at epoch 026 with test loss 0.0085518
Epoch: 027 | Train Loss: 0.0091294 | Grad norm: 0.476638 | Time: 2s429ms
Epoch: 027 | Test Loss: 0.0106290 | Time: 506ms
Epoch: 028 | Train Loss: 0.0085422 | Grad norm: 0.422317 | Time: 2s278ms
Epoch: 028 | Test Loss: 0.0093904 | Time: 651ms
Epoch: 029 | Train Loss: 0.0082783 | Grad norm: 0.379900 | Time: 2s302ms
Epoch: 029 | Test Loss: 0.0083162 | Time: 474ms
==> Save the model at epoch 029 with test loss 0.0083162
Epoch: 030 | Train Loss: 0.0080583 | Grad norm: 0.392145 | Time: 2s154ms
Epoch: 030 | Test Loss: 0.0078242 | Time: 502ms
==> Save the model at epoch 030 with test loss 0.0078242
Epoch: 031 | Train Loss: 0.0076817 | Grad norm: 0.325734 | Time: 2s151ms
Epoch: 031 | Test Loss: 0.0070362 | Time: 477ms
==> Save the model at epoch 031 with test loss 0.0070362
Epoch: 032 | Train Loss: 0.0074590 | Grad norm: 0.282087 | Time: 2s255ms
Epoch: 032 | Test Loss: 0.0074368 | Time: 469ms
Epoch: 033 | Train Loss: 0.0073230 | Grad norm: 0.277535 | Time: 2s205ms
Epoch: 033 | Test Loss: 0.0078484 | Time: 507ms
Epoch: 034 | Train Loss: 0.0072638 | Grad norm: 0.264173 | Time: 2s411ms
Epoch: 034 | Test Loss: 0.0070792 | Time: 592ms
Epoch: 035 | Train Loss: 0.0070311 | Grad norm: 0.212689 | Time: 2s185ms
Epoch: 035 | Test Loss: 0.0070599 | Time: 565ms
Epoch: 036 | Train Loss: 0.0069287 | Grad norm: 0.187490 | Time: 2s214ms
Epoch: 036 | Test Loss: 0.0070580 | Time: 513ms
Epoch: 037 | Train Loss: 0.0068874 | Grad norm: 0.180947 | Time: 2s475ms
Epoch: 037 | Test Loss: 0.0070279 | Time: 479ms
==> Save the model at epoch 037 with test loss 0.0070279
Epoch: 038 | Train Loss: 0.0067761 | Grad norm: 0.136937 | Time: 2s209ms
Epoch: 038 | Test Loss: 0.0069011 | Time: 498ms
==> Save the model at epoch 038 with test loss 0.0069011
Epoch: 039 | Train Loss: 0.0067417 | Grad norm: 0.130421 | Time: 2s167ms
Epoch: 039 | Test Loss: 0.0067804 | Time: 597ms
==> Save the model at epoch 039 with test loss 0.0067804
Epoch: 040 | Train Loss: 0.0067034 | Grad norm: 0.113461 | Time: 2s285ms
Epoch: 040 | Test Loss: 0.0067616 | Time: 452ms
==> Save the model at epoch 040 with test loss 0.0067616
Total time: 1m48s
==> Saving trained model weights...
==> Input bias to be applied to the neural network (trained):
[0. 0.]
==> Input transform to be applied to the neural network (trained):
[0.496845   0.52004784]
==> Output transform to be applied to the neural network (trained):
[1.9242 2.0182]
==> Saving training info...
==> Drawing training loss...
==> Drawing grad norm...
==> Drawing testing loss...
==> Process finished.
