==> torch device:  cuda:1
==> Test-Train split: test_ratio = 0.20
==> Test-Train split seed:  None
==> Further split: further_train_ratio = 0.25
==> Further split seed:  None
==> Input bias to be applied to the neural network:
[0. 0. 0. 0.]
==> Input transform to be applied to the neural network:
[1. 1. 1. 1.]
==> Ouput transform to be applied to the neural network:
[1. 1.]
==> Evaluating model...
==========================================================================================
Layer (type:depth-idx)                   Output Shape              Param #
==========================================================================================
NeuralNetwork                            [1, 2]                    10
├─Sequential: 1-1                        [1, 2]                    --
│    └─Linear: 2-1                       [1, 64]                   320
│    └─LeakyReLU: 2-2                    [1, 64]                   --
│    └─Linear: 2-3                       [1, 64]                   4,160
│    └─LeakyReLU: 2-4                    [1, 64]                   --
│    └─Linear: 2-5                       [1, 64]                   4,160
│    └─LeakyReLU: 2-6                    [1, 64]                   --
│    └─Linear: 2-7                       [1, 64]                   4,160
│    └─LeakyReLU: 2-8                    [1, 64]                   --
│    └─Linear: 2-9                       [1, 64]                   4,160
│    └─LeakyReLU: 2-10                   [1, 64]                   --
│    └─Linear: 2-11                      [1, 64]                   4,160
│    └─LeakyReLU: 2-12                   [1, 64]                   --
│    └─Linear: 2-13                      [1, 64]                   4,160
│    └─LeakyReLU: 2-14                   [1, 64]                   --
│    └─Linear: 2-15                      [1, 2]                    130
==========================================================================================
Total params: 25,420
Trainable params: 25,410
Non-trainable params: 10
Total mult-adds (Units.MEGABYTES): 0.03
==========================================================================================
Input size (MB): 0.00
Forward/backward pass size (MB): 0.00
Params size (MB): 0.10
Estimated Total Size (MB): 0.11
==========================================================================================
==> Saving initial model weights...
==> Start training...
Epoch: 001 | Loss: 0.0018517 | L2 loss: 0.0018469 | Lip loss: 0.0000047 | Grad norm: 0.035741 | Time: 8s679ms
Epoch: 001 | Test Loss: 0.0005751 | Time: 503ms
==> Save the model at epoch 001 with test loss 0.0005751
Epoch: 002 | Loss: 0.0004415 | L2 loss: 0.0003727 | Lip loss: 0.0000689 | Grad norm: 0.005163 | Time: 8s241ms
Epoch: 002 | Test Loss: 0.0003289 | Time: 573ms
==> Save the model at epoch 002 with test loss 0.0003289
Epoch: 003 | Loss: 0.0002940 | L2 loss: 0.0002242 | Lip loss: 0.0000698 | Grad norm: 0.005709 | Time: 8s485ms
Epoch: 003 | Test Loss: 0.0001170 | Time: 490ms
==> Save the model at epoch 003 with test loss 0.0001170
Epoch: 004 | Loss: 0.0001853 | L2 loss: 0.0000939 | Lip loss: 0.0000914 | Grad norm: 0.006268 | Time: 8s553ms
Epoch: 004 | Test Loss: 0.0000792 | Time: 508ms
==> Save the model at epoch 004 with test loss 0.0000792
Epoch: 005 | Loss: 0.0001677 | L2 loss: 0.0000827 | Lip loss: 0.0000850 | Grad norm: 0.004887 | Time: 8s574ms
Epoch: 005 | Test Loss: 0.0000798 | Time: 503ms
Epoch: 006 | Loss: 0.0001546 | L2 loss: 0.0000742 | Lip loss: 0.0000804 | Grad norm: 0.002090 | Time: 8s447ms
Epoch: 006 | Test Loss: 0.0000750 | Time: 498ms
==> Save the model at epoch 006 with test loss 0.0000750
Epoch: 007 | Loss: 0.0001619 | L2 loss: 0.0000745 | Lip loss: 0.0000874 | Grad norm: 0.002297 | Time: 8s670ms
Epoch: 007 | Test Loss: 0.0000742 | Time: 489ms
==> Save the model at epoch 007 with test loss 0.0000742
Epoch: 008 | Loss: 0.0001602 | L2 loss: 0.0000736 | Lip loss: 0.0000866 | Grad norm: 0.002090 | Time: 8s468ms
Epoch: 008 | Test Loss: 0.0000739 | Time: 519ms
==> Save the model at epoch 008 with test loss 0.0000739
Epoch: 009 | Loss: 0.0001624 | L2 loss: 0.0000734 | Lip loss: 0.0000890 | Grad norm: 0.001860 | Time: 8s444ms
Epoch: 009 | Test Loss: 0.0000739 | Time: 494ms
Epoch: 010 | Loss: 0.0001607 | L2 loss: 0.0000732 | Lip loss: 0.0000874 | Grad norm: 0.002208 | Time: 8s391ms
Epoch: 010 | Test Loss: 0.0000741 | Time: 496ms
Epoch: 011 | Loss: 0.0001649 | L2 loss: 0.0000728 | Lip loss: 0.0000922 | Grad norm: 0.001872 | Time: 8s541ms
Epoch: 011 | Test Loss: 0.0000731 | Time: 499ms
==> Save the model at epoch 011 with test loss 0.0000731
Epoch: 012 | Loss: 0.0001545 | L2 loss: 0.0000725 | Lip loss: 0.0000820 | Grad norm: 0.001629 | Time: 8s485ms
Epoch: 012 | Test Loss: 0.0000727 | Time: 520ms
==> Save the model at epoch 012 with test loss 0.0000727
Epoch: 013 | Loss: 0.0001551 | L2 loss: 0.0000721 | Lip loss: 0.0000829 | Grad norm: 0.001606 | Time: 8s835ms
Epoch: 013 | Test Loss: 0.0000726 | Time: 579ms
==> Save the model at epoch 013 with test loss 0.0000726
Epoch: 014 | Loss: 0.0001529 | L2 loss: 0.0000720 | Lip loss: 0.0000809 | Grad norm: 0.001600 | Time: 8s653ms
Epoch: 014 | Test Loss: 0.0000723 | Time: 499ms
==> Save the model at epoch 014 with test loss 0.0000723
Epoch: 015 | Loss: 0.0001560 | L2 loss: 0.0000719 | Lip loss: 0.0000841 | Grad norm: 0.001708 | Time: 8s341ms
Epoch: 015 | Test Loss: 0.0000722 | Time: 503ms
==> Save the model at epoch 015 with test loss 0.0000722
Epoch: 016 | Loss: 0.0001572 | L2 loss: 0.0000718 | Lip loss: 0.0000855 | Grad norm: 0.001622 | Time: 8s269ms
Epoch: 016 | Test Loss: 0.0000721 | Time: 562ms
==> Save the model at epoch 016 with test loss 0.0000721
Epoch: 017 | Loss: 0.0001576 | L2 loss: 0.0000718 | Lip loss: 0.0000858 | Grad norm: 0.001608 | Time: 8s382ms
Epoch: 017 | Test Loss: 0.0000722 | Time: 491ms
Epoch: 018 | Loss: 0.0001560 | L2 loss: 0.0000718 | Lip loss: 0.0000842 | Grad norm: 0.001647 | Time: 8s220ms
Epoch: 018 | Test Loss: 0.0000722 | Time: 486ms
Epoch: 019 | Loss: 0.0001598 | L2 loss: 0.0000718 | Lip loss: 0.0000881 | Grad norm: 0.001670 | Time: 8s290ms
Epoch: 019 | Test Loss: 0.0000722 | Time: 494ms
Epoch: 020 | Loss: 0.0001569 | L2 loss: 0.0000718 | Lip loss: 0.0000850 | Grad norm: 0.001511 | Time: 8s210ms
Epoch: 020 | Test Loss: 0.0000722 | Time: 500ms
Epoch: 021 | Loss: 0.0001502 | L2 loss: 0.0000718 | Lip loss: 0.0000784 | Grad norm: 0.001663 | Time: 8s351ms
Epoch: 021 | Test Loss: 0.0000722 | Time: 493ms
Epoch: 022 | Loss: 0.0001687 | L2 loss: 0.0000719 | Lip loss: 0.0000969 | Grad norm: 0.001861 | Time: 8s491ms
Epoch: 022 | Test Loss: 0.0000722 | Time: 491ms
Epoch: 023 | Loss: 0.0001500 | L2 loss: 0.0000718 | Lip loss: 0.0000782 | Grad norm: 0.001566 | Time: 8s407ms
Epoch: 023 | Test Loss: 0.0000722 | Time: 508ms
Epoch: 024 | Loss: 0.0001557 | L2 loss: 0.0000718 | Lip loss: 0.0000839 | Grad norm: 0.001585 | Time: 8s645ms
Epoch: 024 | Test Loss: 0.0000722 | Time: 564ms
Epoch: 025 | Loss: 0.0001536 | L2 loss: 0.0000718 | Lip loss: 0.0000819 | Grad norm: 0.001533 | Time: 8s493ms
Epoch: 025 | Test Loss: 0.0000722 | Time: 498ms
Epoch: 026 | Loss: 0.0001545 | L2 loss: 0.0000718 | Lip loss: 0.0000828 | Grad norm: 0.001765 | Time: 8s719ms
Epoch: 026 | Test Loss: 0.0000722 | Time: 503ms
Epoch: 027 | Loss: 0.0001540 | L2 loss: 0.0000718 | Lip loss: 0.0000822 | Grad norm: 0.001664 | Time: 8s409ms
Epoch: 027 | Test Loss: 0.0000722 | Time: 561ms
Epoch: 028 | Loss: 0.0001540 | L2 loss: 0.0000718 | Lip loss: 0.0000822 | Grad norm: 0.001621 | Time: 8s505ms
Epoch: 028 | Test Loss: 0.0000722 | Time: 506ms
Epoch: 029 | Loss: 0.0001603 | L2 loss: 0.0000718 | Lip loss: 0.0000885 | Grad norm: 0.001656 | Time: 8s994ms
Epoch: 029 | Test Loss: 0.0000722 | Time: 491ms
Epoch: 030 | Loss: 0.0001561 | L2 loss: 0.0000718 | Lip loss: 0.0000843 | Grad norm: 0.001622 | Time: 8s431ms
Epoch: 030 | Test Loss: 0.0000722 | Time: 502ms
Epoch: 031 | Loss: 0.0001571 | L2 loss: 0.0000718 | Lip loss: 0.0000853 | Grad norm: 0.001631 | Time: 8s244ms
Epoch: 031 | Test Loss: 0.0000722 | Time: 491ms
Epoch: 032 | Loss: 0.0001519 | L2 loss: 0.0000718 | Lip loss: 0.0000801 | Grad norm: 0.001588 | Time: 8s425ms
Epoch: 032 | Test Loss: 0.0000722 | Time: 524ms
Epoch: 033 | Loss: 0.0001587 | L2 loss: 0.0000718 | Lip loss: 0.0000869 | Grad norm: 0.001584 | Time: 8s649ms
Epoch: 033 | Test Loss: 0.0000722 | Time: 495ms
Epoch: 034 | Loss: 0.0001513 | L2 loss: 0.0000718 | Lip loss: 0.0000795 | Grad norm: 0.001632 | Time: 8s421ms
Epoch: 034 | Test Loss: 0.0000722 | Time: 503ms
Epoch: 035 | Loss: 0.0001522 | L2 loss: 0.0000718 | Lip loss: 0.0000804 | Grad norm: 0.001579 | Time: 8s440ms
Epoch: 035 | Test Loss: 0.0000722 | Time: 564ms
Epoch: 036 | Loss: 0.0001525 | L2 loss: 0.0000718 | Lip loss: 0.0000807 | Grad norm: 0.001534 | Time: 8s164ms
Epoch: 036 | Test Loss: 0.0000722 | Time: 488ms
Epoch: 037 | Loss: 0.0001519 | L2 loss: 0.0000718 | Lip loss: 0.0000801 | Grad norm: 0.001496 | Time: 8s552ms
Epoch: 037 | Test Loss: 0.0000722 | Time: 504ms
Epoch: 038 | Loss: 0.0001571 | L2 loss: 0.0000718 | Lip loss: 0.0000853 | Grad norm: 0.001601 | Time: 8s339ms
Epoch: 038 | Test Loss: 0.0000722 | Time: 564ms
Epoch: 039 | Loss: 0.0001585 | L2 loss: 0.0000718 | Lip loss: 0.0000867 | Grad norm: 0.001550 | Time: 8s598ms
Epoch: 039 | Test Loss: 0.0000722 | Time: 495ms
Epoch: 040 | Loss: 0.0001547 | L2 loss: 0.0000718 | Lip loss: 0.0000829 | Grad norm: 0.001569 | Time: 8s245ms
Epoch: 040 | Test Loss: 0.0000722 | Time: 513ms
Total time: 5m59s
==> Saving trained model weights...
==> Input bias to be applied to the neural network (trained):
[0. 0. 0. 0.]
==> Input transform to be applied to the neural network (trained):
[1. 1. 1. 1.]
==> Output transform to be applied to the neural network (trained):
[1. 1.]
==> Saving training info...
==> Drawing training loss...
==> Drawing grad norm...
==> Drawing testing loss...
==> Drawing l2 loss...
==> Drawing lip loss...
==> Process finished.
