==> torch device:  cuda:1
==> Test-Train split: test_ratio = 0.20
==> Test-Train split seed:  None
==> Further split: further_train_ratio = 0.25
==> Further split seed:  None
==> Input bias to be applied to the neural network:
[0. 0. 0. 0.]
==> Input transform to be applied to the neural network:
[ 0.62900996  0.6288517  11.614402    9.487666  ]
==> Ouput transform to be applied to the neural network:
[0.0195 0.021 ]
==> Evaluating model...
==========================================================================================
Layer (type:depth-idx)                   Output Shape              Param #
==========================================================================================
NeuralNetwork                            [1, 2]                    10
├─Sequential: 1-1                        [1, 2]                    --
│    └─Linear: 2-1                       [1, 64]                   320
│    └─ReLU: 2-2                         [1, 64]                   --
│    └─Linear: 2-3                       [1, 64]                   4,160
│    └─ReLU: 2-4                         [1, 64]                   --
│    └─Linear: 2-5                       [1, 64]                   4,160
│    └─ReLU: 2-6                         [1, 64]                   --
│    └─Linear: 2-7                       [1, 64]                   4,160
│    └─ReLU: 2-8                         [1, 64]                   --
│    └─Linear: 2-9                       [1, 64]                   4,160
│    └─ReLU: 2-10                        [1, 64]                   --
│    └─Linear: 2-11                      [1, 64]                   4,160
│    └─ReLU: 2-12                        [1, 64]                   --
│    └─Linear: 2-13                      [1, 64]                   4,160
│    └─ReLU: 2-14                        [1, 64]                   --
│    └─Linear: 2-15                      [1, 2]                    130
├─Sequential: 1-2                        [1, 2]                    (recursive)
│    └─Linear: 2-16                      [1, 64]                   (recursive)
│    └─ReLU: 2-17                        [1, 64]                   --
│    └─Linear: 2-18                      [1, 64]                   (recursive)
│    └─ReLU: 2-19                        [1, 64]                   --
│    └─Linear: 2-20                      [1, 64]                   (recursive)
│    └─ReLU: 2-21                        [1, 64]                   --
│    └─Linear: 2-22                      [1, 64]                   (recursive)
│    └─ReLU: 2-23                        [1, 64]                   --
│    └─Linear: 2-24                      [1, 64]                   (recursive)
│    └─ReLU: 2-25                        [1, 64]                   --
│    └─Linear: 2-26                      [1, 64]                   (recursive)
│    └─ReLU: 2-27                        [1, 64]                   --
│    └─Linear: 2-28                      [1, 64]                   (recursive)
│    └─ReLU: 2-29                        [1, 64]                   --
│    └─Linear: 2-30                      [1, 2]                    (recursive)
==========================================================================================
Total params: 25,420
Trainable params: 25,410
Non-trainable params: 10
Total mult-adds (Units.MEGABYTES): 0.05
==========================================================================================
Input size (MB): 0.00
Forward/backward pass size (MB): 0.01
Params size (MB): 0.10
Estimated Total Size (MB): 0.11
==========================================================================================
==> Saving initial model weights...
==> Start training...
==> Number of param_groups in optimizer: 1
Epoch: 001 | Train Loss: 0.0008232 | Grad norm: 0.000029 | Time: 1s253ms
Epoch: 001 | Test Loss: 0.0008246 | Time: 503ms
==> Save the model at epoch 001 with test loss 0.0008246
Epoch: 002 | Train Loss: 0.0008233 | Grad norm: 0.000022 | Time: 1s69ms
Epoch: 002 | Test Loss: 0.0008249 | Time: 534ms
Epoch: 003 | Train Loss: 0.0008234 | Grad norm: 0.000013 | Time: 1s149ms
Epoch: 003 | Test Loss: 0.0008251 | Time: 576ms
Epoch: 004 | Train Loss: 0.0008238 | Grad norm: 0.000003 | Time: 1s14ms
Epoch: 004 | Test Loss: 0.0008251 | Time: 501ms
Epoch: 005 | Train Loss: 0.0008236 | Grad norm: 0.000000 | Time: 1s73ms
Epoch: 005 | Test Loss: 0.0008251 | Time: 536ms
Epoch: 006 | Train Loss: 0.0008234 | Grad norm: 0.000000 | Time: 1s67ms
Epoch: 006 | Test Loss: 0.0008251 | Time: 521ms
Epoch: 007 | Train Loss: 0.0008236 | Grad norm: 0.000000 | Time: 1s1ms
Epoch: 007 | Test Loss: 0.0008251 | Time: 572ms
Epoch: 008 | Train Loss: 0.0008236 | Grad norm: 0.000000 | Time: 1s131ms
Epoch: 008 | Test Loss: 0.0008251 | Time: 523ms
Epoch: 009 | Train Loss: 0.0008238 | Grad norm: 0.000000 | Time: 1s121ms
Epoch: 009 | Test Loss: 0.0008251 | Time: 528ms
Epoch: 010 | Train Loss: 0.0008238 | Grad norm: 0.000000 | Time: 1s104ms
Epoch: 010 | Test Loss: 0.0008251 | Time: 507ms
Epoch: 011 | Train Loss: 0.0008238 | Grad norm: 0.000000 | Time: 1s118ms
Epoch: 011 | Test Loss: 0.0008251 | Time: 572ms
Epoch: 012 | Train Loss: 0.0008236 | Grad norm: 0.000000 | Time: 998ms
Epoch: 012 | Test Loss: 0.0008251 | Time: 506ms
Epoch: 013 | Train Loss: 0.0008237 | Grad norm: 0.000000 | Time: 1s90ms
Epoch: 013 | Test Loss: 0.0008251 | Time: 525ms
Epoch: 014 | Train Loss: 0.0008237 | Grad norm: 0.000000 | Time: 1s139ms
Epoch: 014 | Test Loss: 0.0008251 | Time: 501ms
Epoch: 015 | Train Loss: 0.0008237 | Grad norm: 0.000000 | Time: 1s19ms
Epoch: 015 | Test Loss: 0.0008251 | Time: 573ms
Epoch: 016 | Train Loss: 0.0008236 | Grad norm: 0.000000 | Time: 1s25ms
Epoch: 016 | Test Loss: 0.0008251 | Time: 503ms
Epoch: 017 | Train Loss: 0.0008237 | Grad norm: 0.000000 | Time: 1s9ms
Epoch: 017 | Test Loss: 0.0008251 | Time: 503ms
Epoch: 018 | Train Loss: 0.0008235 | Grad norm: 0.000000 | Time: 1s105ms
Epoch: 018 | Test Loss: 0.0008251 | Time: 516ms
Epoch: 019 | Train Loss: 0.0008238 | Grad norm: 0.000000 | Time: 1s26ms
Epoch: 019 | Test Loss: 0.0008251 | Time: 570ms
Epoch: 020 | Train Loss: 0.0008240 | Grad norm: 0.000000 | Time: 1s138ms
Epoch: 020 | Test Loss: 0.0008251 | Time: 502ms
Epoch: 021 | Train Loss: 0.0008239 | Grad norm: 0.000000 | Time: 1s61ms
Epoch: 021 | Test Loss: 0.0008251 | Time: 502ms
Epoch: 022 | Train Loss: 0.0008238 | Grad norm: 0.000000 | Time: 1s29ms
Epoch: 022 | Test Loss: 0.0008251 | Time: 507ms
Epoch: 023 | Train Loss: 0.0008238 | Grad norm: 0.000000 | Time: 1s28ms
Epoch: 023 | Test Loss: 0.0008251 | Time: 573ms
Epoch: 024 | Train Loss: 0.0008237 | Grad norm: 0.000000 | Time: 1s120ms
Epoch: 024 | Test Loss: 0.0008251 | Time: 510ms
Epoch: 025 | Train Loss: 0.0008234 | Grad norm: 0.000000 | Time: 1s84ms
Epoch: 025 | Test Loss: 0.0008251 | Time: 519ms
Epoch: 026 | Train Loss: 0.0008238 | Grad norm: 0.000000 | Time: 1s29ms
Epoch: 026 | Test Loss: 0.0008251 | Time: 499ms
Epoch: 027 | Train Loss: 0.0008237 | Grad norm: 0.000000 | Time: 1s54ms
Epoch: 027 | Test Loss: 0.0008251 | Time: 604ms
Epoch: 028 | Train Loss: 0.0008237 | Grad norm: 0.000000 | Time: 1s154ms
Epoch: 028 | Test Loss: 0.0008251 | Time: 503ms
Epoch: 029 | Train Loss: 0.0008237 | Grad norm: 0.000000 | Time: 1s135ms
Epoch: 029 | Test Loss: 0.0008251 | Time: 566ms
Epoch: 030 | Train Loss: 0.0008237 | Grad norm: 0.000000 | Time: 1s55ms
Epoch: 030 | Test Loss: 0.0008251 | Time: 506ms
Epoch: 031 | Train Loss: 0.0008236 | Grad norm: 0.000000 | Time: 1s48ms
Epoch: 031 | Test Loss: 0.0008251 | Time: 579ms
Epoch: 032 | Train Loss: 0.0008236 | Grad norm: 0.000000 | Time: 1s118ms
Epoch: 032 | Test Loss: 0.0008251 | Time: 527ms
Epoch: 033 | Train Loss: 0.0008238 | Grad norm: 0.000000 | Time: 1s97ms
Epoch: 033 | Test Loss: 0.0008251 | Time: 582ms
Epoch: 034 | Train Loss: 0.0008237 | Grad norm: 0.000000 | Time: 1s68ms
Epoch: 034 | Test Loss: 0.0008251 | Time: 502ms
Epoch: 035 | Train Loss: 0.0008236 | Grad norm: 0.000000 | Time: 1s109ms
Epoch: 035 | Test Loss: 0.0008251 | Time: 619ms
Epoch: 036 | Train Loss: 0.0008238 | Grad norm: 0.000000 | Time: 1s130ms
Epoch: 036 | Test Loss: 0.0008251 | Time: 515ms
Epoch: 037 | Train Loss: 0.0008237 | Grad norm: 0.000000 | Time: 1s62ms
Epoch: 037 | Test Loss: 0.0008251 | Time: 501ms
Epoch: 038 | Train Loss: 0.0008237 | Grad norm: 0.000000 | Time: 1s58ms
Epoch: 038 | Test Loss: 0.0008251 | Time: 506ms
Epoch: 039 | Train Loss: 0.0008236 | Grad norm: 0.000000 | Time: 1s104ms
Epoch: 039 | Test Loss: 0.0008251 | Time: 579ms
Epoch: 040 | Train Loss: 0.0008235 | Grad norm: 0.000000 | Time: 1s43ms
Epoch: 040 | Test Loss: 0.0008251 | Time: 504ms
Total time: 1m4s
==> Saving trained model weights...
==> Input bias to be applied to the neural network (trained):
[0. 0. 0. 0.]
==> Input transform to be applied to the neural network (trained):
[ 0.62900996  0.6288517  11.614402    9.487666  ]
==> Output transform to be applied to the neural network (trained):
[0.0195 0.021 ]
==> Saving training info...
==> Drawing training loss...
==> Drawing grad norm...
==> Drawing testing loss...
==> Process finished.
