==> torch device:  cuda:2
==> Test-Train split: test_ratio = 0.20
==> Test-Train split seed:  None
==> Further split: further_train_ratio = 0.25
==> Further split seed:  None
==> Input bias to be applied to the neural network:
[0. 0.]
==> Input transform to be applied to the neural network:
[1. 1.]
==> Ouput transform to be applied to the neural network:
[1. 1.]
==> Evaluating model...
==========================================================================================
Layer (type:depth-idx)                   Output Shape              Param #
==========================================================================================
NeuralNetwork                            [1, 2]                    6
├─Sequential: 1-1                        [1, 2]                    --
│    └─Linear: 2-1                       [1, 64]                   192
│    └─LeakyReLU: 2-2                    [1, 64]                   --
│    └─Linear: 2-3                       [1, 64]                   4,160
│    └─LeakyReLU: 2-4                    [1, 64]                   --
│    └─Linear: 2-5                       [1, 64]                   4,160
│    └─LeakyReLU: 2-6                    [1, 64]                   --
│    └─Linear: 2-7                       [1, 64]                   4,160
│    └─LeakyReLU: 2-8                    [1, 64]                   --
│    └─Linear: 2-9                       [1, 64]                   4,160
│    └─LeakyReLU: 2-10                   [1, 64]                   --
│    └─Linear: 2-11                      [1, 64]                   4,160
│    └─LeakyReLU: 2-12                   [1, 64]                   --
│    └─Linear: 2-13                      [1, 64]                   4,160
│    └─LeakyReLU: 2-14                   [1, 64]                   --
│    └─Linear: 2-15                      [1, 2]                    130
==========================================================================================
Total params: 25,288
Trainable params: 25,282
Non-trainable params: 6
Total mult-adds (Units.MEGABYTES): 0.03
==========================================================================================
Input size (MB): 0.00
Forward/backward pass size (MB): 0.00
Params size (MB): 0.10
Estimated Total Size (MB): 0.10
==========================================================================================
==> Saving initial model weights...
==> Start training...
Epoch: 001 | Loss: 16.0482374 | L2 loss: 16.0482374 | Lip loss: 0.0000000 | Grad norm: 0.863386 | Time: 9s50ms
Epoch: 001 | Test Loss: 15.5092424 | Time: 431ms
==> Save the model at epoch 001 with test loss 15.5092424
Epoch: 002 | Loss: 13.8871690 | L2 loss: 13.8871685 | Lip loss: 0.0000006 | Grad norm: 5.093557 | Time: 8s453ms
Epoch: 002 | Test Loss: 10.8765339 | Time: 500ms
==> Save the model at epoch 002 with test loss 10.8765339
Epoch: 003 | Loss: 7.2894179 | L2 loss: 7.2894156 | Lip loss: 0.0000024 | Grad norm: 7.874431 | Time: 8s681ms
Epoch: 003 | Test Loss: 2.4140596 | Time: 448ms
==> Save the model at epoch 003 with test loss 2.4140596
Epoch: 004 | Loss: 0.4939522 | L2 loss: 0.4939498 | Lip loss: 0.0000024 | Grad norm: 4.528773 | Time: 8s358ms
Epoch: 004 | Test Loss: 0.0186085 | Time: 429ms
==> Save the model at epoch 004 with test loss 0.0186085
Epoch: 005 | Loss: 0.0122349 | L2 loss: 0.0122328 | Lip loss: 0.0000022 | Grad norm: 1.549239 | Time: 8s566ms
Epoch: 005 | Test Loss: 0.0090178 | Time: 424ms
==> Save the model at epoch 005 with test loss 0.0090178
Epoch: 006 | Loss: 0.0083635 | L2 loss: 0.0083614 | Lip loss: 0.0000021 | Grad norm: 0.557402 | Time: 8s507ms
Epoch: 006 | Test Loss: 0.0083533 | Time: 432ms
==> Save the model at epoch 006 with test loss 0.0083533
Epoch: 007 | Loss: 0.0081547 | L2 loss: 0.0081525 | Lip loss: 0.0000021 | Grad norm: 0.496479 | Time: 8s458ms
Epoch: 007 | Test Loss: 0.0081354 | Time: 445ms
==> Save the model at epoch 007 with test loss 0.0081354
Epoch: 008 | Loss: 0.0079781 | L2 loss: 0.0079759 | Lip loss: 0.0000021 | Grad norm: 0.446332 | Time: 8s737ms
Epoch: 008 | Test Loss: 0.0079736 | Time: 428ms
==> Save the model at epoch 008 with test loss 0.0079736
Epoch: 009 | Loss: 0.0078411 | L2 loss: 0.0078389 | Lip loss: 0.0000021 | Grad norm: 0.481918 | Time: 8s331ms
Epoch: 009 | Test Loss: 0.0078330 | Time: 445ms
==> Save the model at epoch 009 with test loss 0.0078330
Epoch: 010 | Loss: 0.0077068 | L2 loss: 0.0077046 | Lip loss: 0.0000021 | Grad norm: 0.434988 | Time: 8s214ms
Epoch: 010 | Test Loss: 0.0077213 | Time: 432ms
==> Save the model at epoch 010 with test loss 0.0077213
Epoch: 011 | Loss: 0.0076086 | L2 loss: 0.0076065 | Lip loss: 0.0000021 | Grad norm: 0.356621 | Time: 8s530ms
Epoch: 011 | Test Loss: 0.0077045 | Time: 429ms
==> Save the model at epoch 011 with test loss 0.0077045
Epoch: 012 | Loss: 0.0075983 | L2 loss: 0.0075962 | Lip loss: 0.0000021 | Grad norm: 0.378838 | Time: 8s340ms
Epoch: 012 | Test Loss: 0.0076823 | Time: 428ms
==> Save the model at epoch 012 with test loss 0.0076823
Epoch: 013 | Loss: 0.0075795 | L2 loss: 0.0075774 | Lip loss: 0.0000021 | Grad norm: 0.325185 | Time: 8s238ms
Epoch: 013 | Test Loss: 0.0076758 | Time: 503ms
==> Save the model at epoch 013 with test loss 0.0076758
Epoch: 014 | Loss: 0.0075663 | L2 loss: 0.0075642 | Lip loss: 0.0000021 | Grad norm: 0.333579 | Time: 8s522ms
Epoch: 014 | Test Loss: 0.0076589 | Time: 445ms
==> Save the model at epoch 014 with test loss 0.0076589
Epoch: 015 | Loss: 0.0075575 | L2 loss: 0.0075554 | Lip loss: 0.0000021 | Grad norm: 0.358067 | Time: 8s401ms
Epoch: 015 | Test Loss: 0.0076424 | Time: 434ms
==> Save the model at epoch 015 with test loss 0.0076424
Epoch: 016 | Loss: 0.0075426 | L2 loss: 0.0075405 | Lip loss: 0.0000021 | Grad norm: 0.326838 | Time: 8s108ms
Epoch: 016 | Test Loss: 0.0076409 | Time: 497ms
==> Save the model at epoch 016 with test loss 0.0076409
Epoch: 017 | Loss: 0.0075439 | L2 loss: 0.0075418 | Lip loss: 0.0000021 | Grad norm: 0.335367 | Time: 8s78ms
Epoch: 017 | Test Loss: 0.0076408 | Time: 444ms
==> Save the model at epoch 017 with test loss 0.0076408
Epoch: 018 | Loss: 0.0075425 | L2 loss: 0.0075404 | Lip loss: 0.0000021 | Grad norm: 0.327151 | Time: 8s286ms
Epoch: 018 | Test Loss: 0.0076391 | Time: 435ms
==> Save the model at epoch 018 with test loss 0.0076391
Epoch: 019 | Loss: 0.0075391 | L2 loss: 0.0075369 | Lip loss: 0.0000021 | Grad norm: 0.339715 | Time: 8s391ms
Epoch: 019 | Test Loss: 0.0076377 | Time: 431ms
==> Save the model at epoch 019 with test loss 0.0076377
Epoch: 020 | Loss: 0.0075369 | L2 loss: 0.0075348 | Lip loss: 0.0000021 | Grad norm: 0.337393 | Time: 8s144ms
Epoch: 020 | Test Loss: 0.0076363 | Time: 426ms
==> Save the model at epoch 020 with test loss 0.0076363
Epoch: 021 | Loss: 0.0075344 | L2 loss: 0.0075323 | Lip loss: 0.0000021 | Grad norm: 0.333634 | Time: 8s390ms
Epoch: 021 | Test Loss: 0.0076362 | Time: 431ms
==> Save the model at epoch 021 with test loss 0.0076362
Epoch: 022 | Loss: 0.0075347 | L2 loss: 0.0075326 | Lip loss: 0.0000021 | Grad norm: 0.335076 | Time: 8s308ms
Epoch: 022 | Test Loss: 0.0076361 | Time: 444ms
==> Save the model at epoch 022 with test loss 0.0076361
Epoch: 023 | Loss: 0.0075353 | L2 loss: 0.0075332 | Lip loss: 0.0000021 | Grad norm: 0.347149 | Time: 8s237ms
Epoch: 023 | Test Loss: 0.0076360 | Time: 437ms
==> Save the model at epoch 023 with test loss 0.0076360
Epoch: 024 | Loss: 0.0075334 | L2 loss: 0.0075313 | Lip loss: 0.0000021 | Grad norm: 0.330070 | Time: 8s235ms
Epoch: 024 | Test Loss: 0.0076359 | Time: 504ms
==> Save the model at epoch 024 with test loss 0.0076359
Epoch: 025 | Loss: 0.0075367 | L2 loss: 0.0075346 | Lip loss: 0.0000021 | Grad norm: 0.335676 | Time: 8s235ms
Epoch: 025 | Test Loss: 0.0076359 | Time: 425ms
==> Save the model at epoch 025 with test loss 0.0076359
Epoch: 026 | Loss: 0.0075352 | L2 loss: 0.0075331 | Lip loss: 0.0000021 | Grad norm: 0.342643 | Time: 8s140ms
Epoch: 026 | Test Loss: 0.0076359 | Time: 441ms
==> Save the model at epoch 026 with test loss 0.0076359
Epoch: 027 | Loss: 0.0075328 | L2 loss: 0.0075307 | Lip loss: 0.0000021 | Grad norm: 0.354915 | Time: 8s27ms
Epoch: 027 | Test Loss: 0.0076359 | Time: 501ms
==> Save the model at epoch 027 with test loss 0.0076359
Epoch: 028 | Loss: 0.0075375 | L2 loss: 0.0075354 | Lip loss: 0.0000021 | Grad norm: 0.335566 | Time: 8s23ms
Epoch: 028 | Test Loss: 0.0076359 | Time: 434ms
==> Save the model at epoch 028 with test loss 0.0076359
Epoch: 029 | Loss: 0.0075345 | L2 loss: 0.0075324 | Lip loss: 0.0000021 | Grad norm: 0.339134 | Time: 8s311ms
Epoch: 029 | Test Loss: 0.0076359 | Time: 432ms
==> Save the model at epoch 029 with test loss 0.0076359
Epoch: 030 | Loss: 0.0075348 | L2 loss: 0.0075326 | Lip loss: 0.0000021 | Grad norm: 0.342753 | Time: 8s92ms
Epoch: 030 | Test Loss: 0.0076359 | Time: 441ms
==> Save the model at epoch 030 with test loss 0.0076359
Epoch: 031 | Loss: 0.0075365 | L2 loss: 0.0075344 | Lip loss: 0.0000021 | Grad norm: 0.330701 | Time: 8s398ms
Epoch: 031 | Test Loss: 0.0076359 | Time: 444ms
==> Save the model at epoch 031 with test loss 0.0076359
Epoch: 032 | Loss: 0.0075366 | L2 loss: 0.0075345 | Lip loss: 0.0000021 | Grad norm: 0.315473 | Time: 8s106ms
Epoch: 032 | Test Loss: 0.0076359 | Time: 438ms
Epoch: 033 | Loss: 0.0075368 | L2 loss: 0.0075347 | Lip loss: 0.0000021 | Grad norm: 0.350512 | Time: 8s524ms
Epoch: 033 | Test Loss: 0.0076359 | Time: 446ms
Epoch: 034 | Loss: 0.0075359 | L2 loss: 0.0075338 | Lip loss: 0.0000021 | Grad norm: 0.339942 | Time: 8s373ms
Epoch: 034 | Test Loss: 0.0076359 | Time: 435ms
==> Save the model at epoch 034 with test loss 0.0076359
Epoch: 035 | Loss: 0.0075347 | L2 loss: 0.0075326 | Lip loss: 0.0000021 | Grad norm: 0.320905 | Time: 8s433ms
Epoch: 035 | Test Loss: 0.0076359 | Time: 494ms
==> Save the model at epoch 035 with test loss 0.0076359
Epoch: 036 | Loss: 0.0075349 | L2 loss: 0.0075328 | Lip loss: 0.0000021 | Grad norm: 0.343273 | Time: 8s426ms
Epoch: 036 | Test Loss: 0.0076359 | Time: 453ms
==> Save the model at epoch 036 with test loss 0.0076359
Epoch: 037 | Loss: 0.0075379 | L2 loss: 0.0075358 | Lip loss: 0.0000021 | Grad norm: 0.323386 | Time: 8s664ms
Epoch: 037 | Test Loss: 0.0076359 | Time: 469ms
Epoch: 038 | Loss: 0.0075346 | L2 loss: 0.0075325 | Lip loss: 0.0000021 | Grad norm: 0.355812 | Time: 8s333ms
Epoch: 038 | Test Loss: 0.0076359 | Time: 507ms
Epoch: 039 | Loss: 0.0075348 | L2 loss: 0.0075326 | Lip loss: 0.0000021 | Grad norm: 0.318733 | Time: 8s307ms
Epoch: 039 | Test Loss: 0.0076359 | Time: 429ms
==> Save the model at epoch 039 with test loss 0.0076359
Epoch: 040 | Loss: 0.0075342 | L2 loss: 0.0075321 | Lip loss: 0.0000021 | Grad norm: 0.319107 | Time: 8s500ms
Epoch: 040 | Test Loss: 0.0076359 | Time: 429ms
==> Save the model at epoch 040 with test loss 0.0076359
Total time: 5m52s
==> Saving trained model weights...
==> Input bias to be applied to the neural network (trained):
[0. 0.]
==> Input transform to be applied to the neural network (trained):
[1. 1.]
==> Output transform to be applied to the neural network (trained):
[1. 1.]
==> Saving training info...
==> Drawing training loss...
==> Drawing grad norm...
==> Drawing testing loss...
==> Drawing l2 loss...
==> Drawing lip loss...
==> Process finished.
