==> torch device:  cuda:0
==> Test-Train split: test_ratio = 0.20
==> Test-Train split seed:  None
==> Further split: further_train_ratio = 0.25
==> Further split seed:  None
==> Input bias to be applied to the neural network:
[0. 0.]
==> Input transform to be applied to the neural network:
[0.496845   0.52004784]
==> Ouput transform to be applied to the neural network:
[1.9242 2.0182]
==> Evaluating model...
==========================================================================================
Layer (type:depth-idx)                   Output Shape              Param #
==========================================================================================
NeuralNetwork                            [1, 2]                    6
├─Sequential: 1-1                        [1, 2]                    --
│    └─Linear: 2-1                       [1, 64]                   192
│    └─ReLU: 2-2                         [1, 64]                   --
│    └─Linear: 2-3                       [1, 64]                   4,160
│    └─ReLU: 2-4                         [1, 64]                   --
│    └─Linear: 2-5                       [1, 64]                   4,160
│    └─ReLU: 2-6                         [1, 64]                   --
│    └─Linear: 2-7                       [1, 64]                   4,160
│    └─ReLU: 2-8                         [1, 64]                   --
│    └─Linear: 2-9                       [1, 64]                   4,160
│    └─ReLU: 2-10                        [1, 64]                   --
│    └─Linear: 2-11                      [1, 64]                   4,160
│    └─ReLU: 2-12                        [1, 64]                   --
│    └─Linear: 2-13                      [1, 64]                   4,160
│    └─ReLU: 2-14                        [1, 64]                   --
│    └─Linear: 2-15                      [1, 2]                    130
├─Sequential: 1-2                        [1, 2]                    (recursive)
│    └─Linear: 2-16                      [1, 64]                   (recursive)
│    └─ReLU: 2-17                        [1, 64]                   --
│    └─Linear: 2-18                      [1, 64]                   (recursive)
│    └─ReLU: 2-19                        [1, 64]                   --
│    └─Linear: 2-20                      [1, 64]                   (recursive)
│    └─ReLU: 2-21                        [1, 64]                   --
│    └─Linear: 2-22                      [1, 64]                   (recursive)
│    └─ReLU: 2-23                        [1, 64]                   --
│    └─Linear: 2-24                      [1, 64]                   (recursive)
│    └─ReLU: 2-25                        [1, 64]                   --
│    └─Linear: 2-26                      [1, 64]                   (recursive)
│    └─ReLU: 2-27                        [1, 64]                   --
│    └─Linear: 2-28                      [1, 64]                   (recursive)
│    └─ReLU: 2-29                        [1, 64]                   --
│    └─Linear: 2-30                      [1, 2]                    (recursive)
==========================================================================================
Total params: 25,288
Trainable params: 25,282
Non-trainable params: 6
Total mult-adds (Units.MEGABYTES): 0.05
==========================================================================================
Input size (MB): 0.00
Forward/backward pass size (MB): 0.01
Params size (MB): 0.10
Estimated Total Size (MB): 0.11
==========================================================================================
==> Saving initial model weights...
==> Start training...
==> Number of param_groups in optimizer: 1
Epoch: 001 | Train Loss: 7.7641213 | Grad norm: 0.267228 | Time: 1s326ms
Epoch: 001 | Test Loss: 7.8142421 | Time: 461ms
==> Save the model at epoch 001 with test loss 7.8142421
Epoch: 002 | Train Loss: 7.3016846 | Grad norm: 1.487851 | Time: 966ms
Epoch: 002 | Test Loss: 6.0774510 | Time: 460ms
==> Save the model at epoch 002 with test loss 6.0774510
Epoch: 003 | Train Loss: 1.3763444 | Grad norm: 3.479752 | Time: 1s12ms
Epoch: 003 | Test Loss: 0.1864688 | Time: 511ms
==> Save the model at epoch 003 with test loss 0.1864688
Epoch: 004 | Train Loss: 0.1258965 | Grad norm: 1.767701 | Time: 1s15ms
Epoch: 004 | Test Loss: 0.0953454 | Time: 442ms
==> Save the model at epoch 004 with test loss 0.0953454
Epoch: 005 | Train Loss: 0.0679273 | Grad norm: 1.720242 | Time: 945ms
Epoch: 005 | Test Loss: 0.0565926 | Time: 448ms
==> Save the model at epoch 005 with test loss 0.0565926
Epoch: 006 | Train Loss: 0.0422575 | Grad norm: 1.583759 | Time: 992ms
Epoch: 006 | Test Loss: 0.0341590 | Time: 444ms
==> Save the model at epoch 006 with test loss 0.0341590
Epoch: 007 | Train Loss: 0.0318202 | Grad norm: 2.136622 | Time: 1s47ms
Epoch: 007 | Test Loss: 0.0245191 | Time: 525ms
==> Save the model at epoch 007 with test loss 0.0245191
Epoch: 008 | Train Loss: 0.0248379 | Grad norm: 2.161596 | Time: 1s19ms
Epoch: 008 | Test Loss: 0.0211512 | Time: 441ms
==> Save the model at epoch 008 with test loss 0.0211512
Epoch: 009 | Train Loss: 0.0224846 | Grad norm: 1.878435 | Time: 942ms
Epoch: 009 | Test Loss: 0.0201272 | Time: 443ms
==> Save the model at epoch 009 with test loss 0.0201272
Epoch: 010 | Train Loss: 0.0181948 | Grad norm: 1.451353 | Time: 1s13ms
Epoch: 010 | Test Loss: 0.0166595 | Time: 443ms
==> Save the model at epoch 010 with test loss 0.0166595
Epoch: 011 | Train Loss: 0.0185276 | Grad norm: 1.597606 | Time: 1s21ms
Epoch: 011 | Test Loss: 0.0169595 | Time: 513ms
Epoch: 012 | Train Loss: 0.0172490 | Grad norm: 1.343453 | Time: 1s18ms
Epoch: 012 | Test Loss: 0.0155306 | Time: 481ms
==> Save the model at epoch 012 with test loss 0.0155306
Epoch: 013 | Train Loss: 0.0138476 | Grad norm: 1.127834 | Time: 943ms
Epoch: 013 | Test Loss: 0.0136037 | Time: 461ms
==> Save the model at epoch 013 with test loss 0.0136037
Epoch: 014 | Train Loss: 0.0119224 | Grad norm: 0.921145 | Time: 952ms
Epoch: 014 | Test Loss: 0.0109437 | Time: 444ms
==> Save the model at epoch 014 with test loss 0.0109437
Epoch: 015 | Train Loss: 0.0111630 | Grad norm: 0.953312 | Time: 1s
Epoch: 015 | Test Loss: 0.0137296 | Time: 512ms
Epoch: 016 | Train Loss: 0.0115552 | Grad norm: 1.040728 | Time: 1s31ms
Epoch: 016 | Test Loss: 0.0118643 | Time: 457ms
Epoch: 017 | Train Loss: 0.0107719 | Grad norm: 0.901210 | Time: 998ms
Epoch: 017 | Test Loss: 0.0118307 | Time: 444ms
Epoch: 018 | Train Loss: 0.0111756 | Grad norm: 0.974917 | Time: 1s51ms
Epoch: 018 | Test Loss: 0.0086421 | Time: 446ms
==> Save the model at epoch 018 with test loss 0.0086421
Epoch: 019 | Train Loss: 0.0101368 | Grad norm: 0.814478 | Time: 971ms
Epoch: 019 | Test Loss: 0.0114798 | Time: 511ms
Epoch: 020 | Train Loss: 0.0092841 | Grad norm: 0.664513 | Time: 951ms
Epoch: 020 | Test Loss: 0.0093728 | Time: 442ms
Epoch: 021 | Train Loss: 0.0088750 | Grad norm: 0.567319 | Time: 955ms
Epoch: 021 | Test Loss: 0.0123977 | Time: 459ms
Epoch: 022 | Train Loss: 0.0085812 | Grad norm: 0.540800 | Time: 992ms
Epoch: 022 | Test Loss: 0.0095922 | Time: 443ms
Epoch: 023 | Train Loss: 0.0085136 | Grad norm: 0.520877 | Time: 952ms
Epoch: 023 | Test Loss: 0.0088334 | Time: 512ms
Epoch: 024 | Train Loss: 0.0088741 | Grad norm: 0.649436 | Time: 1s19ms
Epoch: 024 | Test Loss: 0.0090883 | Time: 444ms
Epoch: 025 | Train Loss: 0.0082569 | Grad norm: 0.555795 | Time: 974ms
Epoch: 025 | Test Loss: 0.0084789 | Time: 444ms
==> Save the model at epoch 025 with test loss 0.0084789
Epoch: 026 | Train Loss: 0.0082446 | Grad norm: 0.555332 | Time: 983ms
Epoch: 026 | Test Loss: 0.0083016 | Time: 442ms
==> Save the model at epoch 026 with test loss 0.0083016
Epoch: 027 | Train Loss: 0.0085442 | Grad norm: 0.637768 | Time: 999ms
Epoch: 027 | Test Loss: 0.0083272 | Time: 534ms
Epoch: 028 | Train Loss: 0.0077746 | Grad norm: 0.417915 | Time: 1s30ms
Epoch: 028 | Test Loss: 0.0073460 | Time: 450ms
==> Save the model at epoch 028 with test loss 0.0073460
Epoch: 029 | Train Loss: 0.0077540 | Grad norm: 0.491794 | Time: 1s34ms
Epoch: 029 | Test Loss: 0.0076226 | Time: 460ms
Epoch: 030 | Train Loss: 0.0074775 | Grad norm: 0.411238 | Time: 1s23ms
Epoch: 030 | Test Loss: 0.0073382 | Time: 444ms
==> Save the model at epoch 030 with test loss 0.0073382
Epoch: 031 | Train Loss: 0.0071368 | Grad norm: 0.332071 | Time: 1s14ms
Epoch: 031 | Test Loss: 0.0071824 | Time: 514ms
==> Save the model at epoch 031 with test loss 0.0071824
Epoch: 032 | Train Loss: 0.0071752 | Grad norm: 0.324088 | Time: 1s103ms
Epoch: 032 | Test Loss: 0.0071875 | Time: 444ms
Epoch: 033 | Train Loss: 0.0070992 | Grad norm: 0.320047 | Time: 968ms
Epoch: 033 | Test Loss: 0.0071295 | Time: 462ms
==> Save the model at epoch 033 with test loss 0.0071295
Epoch: 034 | Train Loss: 0.0069651 | Grad norm: 0.284182 | Time: 990ms
Epoch: 034 | Test Loss: 0.0072219 | Time: 462ms
Epoch: 035 | Train Loss: 0.0068756 | Grad norm: 0.236766 | Time: 1s7ms
Epoch: 035 | Test Loss: 0.0070105 | Time: 519ms
==> Save the model at epoch 035 with test loss 0.0070105
Epoch: 036 | Train Loss: 0.0068284 | Grad norm: 0.227708 | Time: 1s9ms
Epoch: 036 | Test Loss: 0.0070521 | Time: 443ms
Epoch: 037 | Train Loss: 0.0068016 | Grad norm: 0.220704 | Time: 1s5ms
Epoch: 037 | Test Loss: 0.0069927 | Time: 472ms
==> Save the model at epoch 037 with test loss 0.0069927
Epoch: 038 | Train Loss: 0.0067590 | Grad norm: 0.208236 | Time: 1s15ms
Epoch: 038 | Test Loss: 0.0070027 | Time: 441ms
Epoch: 039 | Train Loss: 0.0067417 | Grad norm: 0.208883 | Time: 1s17ms
Epoch: 039 | Test Loss: 0.0069697 | Time: 539ms
==> Save the model at epoch 039 with test loss 0.0069697
Epoch: 040 | Train Loss: 0.0067167 | Grad norm: 0.183791 | Time: 927ms
Epoch: 040 | Test Loss: 0.0069398 | Time: 443ms
==> Save the model at epoch 040 with test loss 0.0069398
Total time: 59s12ms
==> Saving trained model weights...
==> Input bias to be applied to the neural network (trained):
[0. 0.]
==> Input transform to be applied to the neural network (trained):
[0.496845   0.52004784]
==> Output transform to be applied to the neural network (trained):
[1.9242 2.0182]
==> Saving training info...
==> Drawing training loss...
==> Drawing grad norm...
==> Drawing testing loss...
==> Process finished.
