==> torch device:  cuda:0
==> Test-Train split: test_ratio = 0.20
==> Test-Train split seed:  None
==> Further split: further_train_ratio = 1.00
==> Further split seed:  None
==> Input bias to be applied to the neural network:
[0. 0.]
==> Input transform to be applied to the neural network:
[0.70982397 0.70987433]
==> Ouput transform to be applied to the neural network:
[2.8319 2.8318]
==> Evaluating model...
==========================================================================================
Layer (type:depth-idx)                   Output Shape              Param #
==========================================================================================
NeuralNetwork                            [1, 2]                    6
├─Sequential: 1-1                        [1, 2]                    --
│    └─Linear: 2-1                       [1, 64]                   192
│    └─ReLU: 2-2                         [1, 64]                   --
│    └─Linear: 2-3                       [1, 64]                   4,160
│    └─ReLU: 2-4                         [1, 64]                   --
│    └─Linear: 2-5                       [1, 64]                   4,160
│    └─ReLU: 2-6                         [1, 64]                   --
│    └─Linear: 2-7                       [1, 64]                   4,160
│    └─ReLU: 2-8                         [1, 64]                   --
│    └─Linear: 2-9                       [1, 64]                   4,160
│    └─ReLU: 2-10                        [1, 64]                   --
│    └─Linear: 2-11                      [1, 64]                   4,160
│    └─ReLU: 2-12                        [1, 64]                   --
│    └─Linear: 2-13                      [1, 64]                   4,160
│    └─ReLU: 2-14                        [1, 64]                   --
│    └─Linear: 2-15                      [1, 2]                    130
├─Sequential: 1-2                        [1, 2]                    (recursive)
│    └─Linear: 2-16                      [1, 64]                   (recursive)
│    └─ReLU: 2-17                        [1, 64]                   --
│    └─Linear: 2-18                      [1, 64]                   (recursive)
│    └─ReLU: 2-19                        [1, 64]                   --
│    └─Linear: 2-20                      [1, 64]                   (recursive)
│    └─ReLU: 2-21                        [1, 64]                   --
│    └─Linear: 2-22                      [1, 64]                   (recursive)
│    └─ReLU: 2-23                        [1, 64]                   --
│    └─Linear: 2-24                      [1, 64]                   (recursive)
│    └─ReLU: 2-25                        [1, 64]                   --
│    └─Linear: 2-26                      [1, 64]                   (recursive)
│    └─ReLU: 2-27                        [1, 64]                   --
│    └─Linear: 2-28                      [1, 64]                   (recursive)
│    └─ReLU: 2-29                        [1, 64]                   --
│    └─Linear: 2-30                      [1, 2]                    (recursive)
==========================================================================================
Total params: 25,288
Trainable params: 25,282
Non-trainable params: 6
Total mult-adds (Units.MEGABYTES): 0.05
==========================================================================================
Input size (MB): 0.00
Forward/backward pass size (MB): 0.01
Params size (MB): 0.10
Estimated Total Size (MB): 0.11
==========================================================================================
==> Saving initial model weights...
==> Start training...
==> Number of param_groups in optimizer: 1
Epoch: 001 | Train Loss: 15.9699238 | Grad norm: 0.475579 | Time: 4s215ms
Epoch: 001 | Test Loss: 16.3221175 | Time: 444ms
==> Save the model at epoch 001 with test loss 16.3221175
Epoch: 002 | Train Loss: 0.8480740 | Grad norm: 2.587310 | Time: 4s253ms
Epoch: 002 | Test Loss: 0.0078674 | Time: 449ms
==> Save the model at epoch 002 with test loss 0.0078674
Epoch: 003 | Train Loss: 0.0190670 | Grad norm: 1.691454 | Time: 4s507ms
Epoch: 003 | Test Loss: 0.0111123 | Time: 521ms
Epoch: 004 | Train Loss: 0.0339705 | Grad norm: 2.229864 | Time: 4s73ms
Epoch: 004 | Test Loss: 0.0525289 | Time: 482ms
Epoch: 005 | Train Loss: 0.0351794 | Grad norm: 2.328422 | Time: 4s284ms
Epoch: 005 | Test Loss: 0.0284768 | Time: 468ms
Epoch: 006 | Train Loss: 0.0455980 | Grad norm: 2.772073 | Time: 3s955ms
Epoch: 006 | Test Loss: 0.0267859 | Time: 531ms
Epoch: 007 | Train Loss: 0.0546432 | Grad norm: 3.103124 | Time: 3s990ms
Epoch: 007 | Test Loss: 0.0177811 | Time: 498ms
Epoch: 008 | Train Loss: 0.0599143 | Grad norm: 3.283881 | Time: 4s143ms
Epoch: 008 | Test Loss: 0.1122262 | Time: 460ms
Epoch: 009 | Train Loss: 0.0636374 | Grad norm: 3.349802 | Time: 4s166ms
Epoch: 009 | Test Loss: 0.0483283 | Time: 454ms
Epoch: 010 | Train Loss: 0.0450533 | Grad norm: 2.806490 | Time: 4s177ms
Epoch: 010 | Test Loss: 0.0233398 | Time: 439ms
Epoch: 011 | Train Loss: 0.0409142 | Grad norm: 2.674869 | Time: 4s200ms
Epoch: 011 | Test Loss: 0.0581312 | Time: 443ms
Epoch: 012 | Train Loss: 0.0301366 | Grad norm: 2.269552 | Time: 4s98ms
Epoch: 012 | Test Loss: 0.0109442 | Time: 535ms
Epoch: 013 | Train Loss: 0.0229663 | Grad norm: 1.983203 | Time: 3s996ms
Epoch: 013 | Test Loss: 0.0104208 | Time: 445ms
Epoch: 014 | Train Loss: 0.0224067 | Grad norm: 1.895813 | Time: 3s989ms
Epoch: 014 | Test Loss: 0.0153741 | Time: 512ms
Epoch: 015 | Train Loss: 0.0178409 | Grad norm: 1.687382 | Time: 3s920ms
Epoch: 015 | Test Loss: 0.0204193 | Time: 455ms
Epoch: 016 | Train Loss: 0.0179033 | Grad norm: 1.682283 | Time: 4s200ms
Epoch: 016 | Test Loss: 0.0121631 | Time: 438ms
Epoch: 017 | Train Loss: 0.0137610 | Grad norm: 1.372359 | Time: 4s39ms
Epoch: 017 | Test Loss: 0.0261785 | Time: 445ms
Epoch: 018 | Train Loss: 0.0117328 | Grad norm: 1.277428 | Time: 3s936ms
Epoch: 018 | Test Loss: 0.0137351 | Time: 438ms
Epoch: 019 | Train Loss: 0.0113082 | Grad norm: 1.255092 | Time: 4s24ms
Epoch: 019 | Test Loss: 0.0080871 | Time: 449ms
Epoch: 020 | Train Loss: 0.0081617 | Grad norm: 0.961111 | Time: 4s126ms
Epoch: 020 | Test Loss: 0.0056279 | Time: 444ms
==> Save the model at epoch 020 with test loss 0.0056279
Epoch: 021 | Train Loss: 0.0076447 | Grad norm: 0.902173 | Time: 4s100ms
Epoch: 021 | Test Loss: 0.0073726 | Time: 444ms
Epoch: 022 | Train Loss: 0.0073995 | Grad norm: 0.884295 | Time: 3s907ms
Epoch: 022 | Test Loss: 0.0043520 | Time: 511ms
==> Save the model at epoch 022 with test loss 0.0043520
Epoch: 023 | Train Loss: 0.0062278 | Grad norm: 0.747472 | Time: 4s174ms
Epoch: 023 | Test Loss: 0.0063766 | Time: 452ms
Epoch: 024 | Train Loss: 0.0056440 | Grad norm: 0.665205 | Time: 3s961ms
Epoch: 024 | Test Loss: 0.0080310 | Time: 439ms
Epoch: 025 | Train Loss: 0.0055601 | Grad norm: 0.656367 | Time: 3s879ms
Epoch: 025 | Test Loss: 0.0050028 | Time: 439ms
Epoch: 026 | Train Loss: 0.0044142 | Grad norm: 0.457412 | Time: 4s52ms
Epoch: 026 | Test Loss: 0.0041083 | Time: 438ms
==> Save the model at epoch 026 with test loss 0.0041083
Epoch: 027 | Train Loss: 0.0049820 | Grad norm: 0.558860 | Time: 4s60ms
Epoch: 027 | Test Loss: 0.0056232 | Time: 514ms
Epoch: 028 | Train Loss: 0.0043211 | Grad norm: 0.429401 | Time: 4s44ms
Epoch: 028 | Test Loss: 0.0061644 | Time: 441ms
Epoch: 029 | Train Loss: 0.0043390 | Grad norm: 0.438520 | Time: 3s981ms
Epoch: 029 | Test Loss: 0.0049185 | Time: 439ms
Epoch: 030 | Train Loss: 0.0040307 | Grad norm: 0.375213 | Time: 4s251ms
Epoch: 030 | Test Loss: 0.0038572 | Time: 448ms
==> Save the model at epoch 030 with test loss 0.0038572
Epoch: 031 | Train Loss: 0.0039786 | Grad norm: 0.356803 | Time: 3s947ms
Epoch: 031 | Test Loss: 0.0033473 | Time: 441ms
==> Save the model at epoch 031 with test loss 0.0033473
Epoch: 032 | Train Loss: 0.0039328 | Grad norm: 0.348064 | Time: 4s224ms
Epoch: 032 | Test Loss: 0.0039220 | Time: 461ms
Epoch: 033 | Train Loss: 0.0038195 | Grad norm: 0.319756 | Time: 3s912ms
Epoch: 033 | Test Loss: 0.0044904 | Time: 507ms
Epoch: 034 | Train Loss: 0.0036716 | Grad norm: 0.262989 | Time: 4s75ms
Epoch: 034 | Test Loss: 0.0033613 | Time: 462ms
Epoch: 035 | Train Loss: 0.0036498 | Grad norm: 0.252251 | Time: 4s121ms
Epoch: 035 | Test Loss: 0.0039582 | Time: 446ms
Epoch: 036 | Train Loss: 0.0035355 | Grad norm: 0.229661 | Time: 3s852ms
Epoch: 036 | Test Loss: 0.0033928 | Time: 449ms
Epoch: 037 | Train Loss: 0.0034418 | Grad norm: 0.187545 | Time: 4s267ms
Epoch: 037 | Test Loss: 0.0035932 | Time: 457ms
Epoch: 038 | Train Loss: 0.0034806 | Grad norm: 0.166579 | Time: 4s323ms
Epoch: 038 | Test Loss: 0.0033937 | Time: 458ms
Epoch: 039 | Train Loss: 0.0033284 | Grad norm: 0.142615 | Time: 4s162ms
Epoch: 039 | Test Loss: 0.0034641 | Time: 453ms
Epoch: 040 | Train Loss: 0.0033832 | Grad norm: 0.126898 | Time: 3s974ms
Epoch: 040 | Test Loss: 0.0034591 | Time: 449ms
Total time: 3m2s
==> Saving trained model weights...
==> Input bias to be applied to the neural network (trained):
[0. 0.]
==> Input transform to be applied to the neural network (trained):
[0.70982397 0.70987433]
==> Output transform to be applied to the neural network (trained):
[2.8319 2.8318]
==> Saving training info...
==> Drawing training loss...
==> Drawing grad norm...
==> Drawing testing loss...
==> Process finished.
