==> torch device:  cuda:0
==> Test-Train split: test_ratio = 0.20
==> Test-Train split seed:  None
==> Further split: further_train_ratio = 1.00
==> Further split seed:  None
==> Input bias to be applied to the neural network:
[0. 0.]
==> Input transform to be applied to the neural network:
[1. 1.]
==> Ouput transform to be applied to the neural network:
[1. 1.]
==> Evaluating model...
==========================================================================================
Layer (type:depth-idx)                   Output Shape              Param #
==========================================================================================
NeuralNetwork                            [1, 2]                    6
├─Sequential: 1-1                        [1, 2]                    --
│    └─Linear: 2-1                       [1, 64]                   192
│    └─LeakyReLU: 2-2                    [1, 64]                   --
│    └─Linear: 2-3                       [1, 64]                   4,160
│    └─LeakyReLU: 2-4                    [1, 64]                   --
│    └─Linear: 2-5                       [1, 64]                   4,160
│    └─LeakyReLU: 2-6                    [1, 64]                   --
│    └─Linear: 2-7                       [1, 64]                   4,160
│    └─LeakyReLU: 2-8                    [1, 64]                   --
│    └─Linear: 2-9                       [1, 64]                   4,160
│    └─LeakyReLU: 2-10                   [1, 64]                   --
│    └─Linear: 2-11                      [1, 64]                   4,160
│    └─LeakyReLU: 2-12                   [1, 64]                   --
│    └─Linear: 2-13                      [1, 64]                   4,160
│    └─LeakyReLU: 2-14                   [1, 64]                   --
│    └─Linear: 2-15                      [1, 2]                    130
==========================================================================================
Total params: 25,288
Trainable params: 25,282
Non-trainable params: 6
Total mult-adds (Units.MEGABYTES): 0.03
==========================================================================================
Input size (MB): 0.00
Forward/backward pass size (MB): 0.00
Params size (MB): 0.10
Estimated Total Size (MB): 0.10
==========================================================================================
==> Saving initial model weights...
==> Start training...
Epoch: 001 | Loss: 0.3857377 | L2 loss: 0.3857263 | Lip loss: 0.0000114 | Grad norm: 1.610866 | Time: 56s193ms
Epoch: 001 | Test Loss: 0.0015426 | Time: 793ms
==> Save the model at epoch 001 with test loss 0.0015426
Epoch: 002 | Loss: 0.0043651 | L2 loss: 0.0043534 | Lip loss: 0.0000117 | Grad norm: 0.967768 | Time: 56s20ms
Epoch: 002 | Test Loss: 0.0030047 | Time: 715ms
Epoch: 003 | Loss: 0.0016313 | L2 loss: 0.0016197 | Lip loss: 0.0000116 | Grad norm: 0.440067 | Time: 56s199ms
Epoch: 003 | Test Loss: 0.0013557 | Time: 733ms
==> Save the model at epoch 003 with test loss 0.0013557
Epoch: 004 | Loss: 0.0012998 | L2 loss: 0.0012882 | Lip loss: 0.0000116 | Grad norm: 0.426527 | Time: 55s685ms
Epoch: 004 | Test Loss: 0.0014412 | Time: 740ms
Epoch: 005 | Loss: 0.0022373 | L2 loss: 0.0022257 | Lip loss: 0.0000116 | Grad norm: 0.580037 | Time: 56s643ms
Epoch: 005 | Test Loss: 0.0008191 | Time: 738ms
==> Save the model at epoch 005 with test loss 0.0008191
Epoch: 006 | Loss: 0.0006530 | L2 loss: 0.0006414 | Lip loss: 0.0000116 | Grad norm: 0.066249 | Time: 56s292ms
Epoch: 006 | Test Loss: 0.0006341 | Time: 716ms
==> Save the model at epoch 006 with test loss 0.0006341
Epoch: 007 | Loss: 0.0006447 | L2 loss: 0.0006330 | Lip loss: 0.0000117 | Grad norm: 0.068936 | Time: 56s867ms
Epoch: 007 | Test Loss: 0.0006362 | Time: 732ms
Epoch: 008 | Loss: 0.0006426 | L2 loss: 0.0006310 | Lip loss: 0.0000116 | Grad norm: 0.076539 | Time: 55s512ms
Epoch: 008 | Test Loss: 0.0006423 | Time: 795ms
Epoch: 009 | Loss: 0.0006480 | L2 loss: 0.0006364 | Lip loss: 0.0000116 | Grad norm: 0.094502 | Time: 55s312ms
Epoch: 009 | Test Loss: 0.0006464 | Time: 739ms
Epoch: 010 | Loss: 0.0006423 | L2 loss: 0.0006306 | Lip loss: 0.0000117 | Grad norm: 0.093951 | Time: 56s232ms
Epoch: 010 | Test Loss: 0.0006181 | Time: 727ms
==> Save the model at epoch 010 with test loss 0.0006181
Epoch: 011 | Loss: 0.0006074 | L2 loss: 0.0005958 | Lip loss: 0.0000116 | Grad norm: 0.049837 | Time: 56s668ms
Epoch: 011 | Test Loss: 0.0006063 | Time: 725ms
==> Save the model at epoch 011 with test loss 0.0006063
Epoch: 012 | Loss: 0.0006072 | L2 loss: 0.0005956 | Lip loss: 0.0000116 | Grad norm: 0.050953 | Time: 56s705ms
Epoch: 012 | Test Loss: 0.0005990 | Time: 728ms
==> Save the model at epoch 012 with test loss 0.0005990
Epoch: 013 | Loss: 0.0006073 | L2 loss: 0.0005957 | Lip loss: 0.0000117 | Grad norm: 0.052845 | Time: 56s38ms
Epoch: 013 | Test Loss: 0.0006034 | Time: 724ms
Epoch: 014 | Loss: 0.0006070 | L2 loss: 0.0005953 | Lip loss: 0.0000117 | Grad norm: 0.053471 | Time: 56s266ms
Epoch: 014 | Test Loss: 0.0006014 | Time: 728ms
Epoch: 015 | Loss: 0.0006069 | L2 loss: 0.0005953 | Lip loss: 0.0000117 | Grad norm: 0.056831 | Time: 55s968ms
Epoch: 015 | Test Loss: 0.0005951 | Time: 792ms
==> Save the model at epoch 015 with test loss 0.0005951
Epoch: 016 | Loss: 0.0005999 | L2 loss: 0.0005882 | Lip loss: 0.0000117 | Grad norm: 0.042589 | Time: 55s893ms
Epoch: 016 | Test Loss: 0.0005949 | Time: 722ms
==> Save the model at epoch 016 with test loss 0.0005949
Epoch: 017 | Loss: 0.0005997 | L2 loss: 0.0005880 | Lip loss: 0.0000117 | Grad norm: 0.042669 | Time: 55s949ms
Epoch: 017 | Test Loss: 0.0005938 | Time: 723ms
==> Save the model at epoch 017 with test loss 0.0005938
Epoch: 018 | Loss: 0.0005996 | L2 loss: 0.0005880 | Lip loss: 0.0000115 | Grad norm: 0.043316 | Time: 55s688ms
Epoch: 018 | Test Loss: 0.0005923 | Time: 727ms
==> Save the model at epoch 018 with test loss 0.0005923
Epoch: 019 | Loss: 0.0005996 | L2 loss: 0.0005879 | Lip loss: 0.0000117 | Grad norm: 0.042532 | Time: 55s483ms
Epoch: 019 | Test Loss: 0.0005941 | Time: 719ms
Epoch: 020 | Loss: 0.0005995 | L2 loss: 0.0005879 | Lip loss: 0.0000116 | Grad norm: 0.043943 | Time: 56s633ms
Epoch: 020 | Test Loss: 0.0005922 | Time: 719ms
==> Save the model at epoch 020 with test loss 0.0005922
Epoch: 021 | Loss: 0.0005986 | L2 loss: 0.0005869 | Lip loss: 0.0000116 | Grad norm: 0.041444 | Time: 56s116ms
Epoch: 021 | Test Loss: 0.0005918 | Time: 720ms
==> Save the model at epoch 021 with test loss 0.0005918
Epoch: 022 | Loss: 0.0005985 | L2 loss: 0.0005869 | Lip loss: 0.0000117 | Grad norm: 0.041423 | Time: 57s37ms
Epoch: 022 | Test Loss: 0.0005921 | Time: 716ms
Epoch: 023 | Loss: 0.0005985 | L2 loss: 0.0005868 | Lip loss: 0.0000116 | Grad norm: 0.040608 | Time: 56s754ms
Epoch: 023 | Test Loss: 0.0005919 | Time: 805ms
Epoch: 024 | Loss: 0.0005985 | L2 loss: 0.0005868 | Lip loss: 0.0000116 | Grad norm: 0.041706 | Time: 56s276ms
Epoch: 024 | Test Loss: 0.0005919 | Time: 717ms
Epoch: 025 | Loss: 0.0005985 | L2 loss: 0.0005868 | Lip loss: 0.0000117 | Grad norm: 0.040923 | Time: 57s115ms
Epoch: 025 | Test Loss: 0.0005921 | Time: 739ms
Epoch: 026 | Loss: 0.0005984 | L2 loss: 0.0005867 | Lip loss: 0.0000117 | Grad norm: 0.040548 | Time: 55s694ms
Epoch: 026 | Test Loss: 0.0005918 | Time: 718ms
==> Save the model at epoch 026 with test loss 0.0005918
Epoch: 027 | Loss: 0.0005983 | L2 loss: 0.0005867 | Lip loss: 0.0000116 | Grad norm: 0.040117 | Time: 56s778ms
Epoch: 027 | Test Loss: 0.0005918 | Time: 736ms
==> Save the model at epoch 027 with test loss 0.0005918
Epoch: 028 | Loss: 0.0005983 | L2 loss: 0.0005867 | Lip loss: 0.0000116 | Grad norm: 0.041627 | Time: 57s341ms
Epoch: 028 | Test Loss: 0.0005918 | Time: 743ms
==> Save the model at epoch 028 with test loss 0.0005918
Epoch: 029 | Loss: 0.0005983 | L2 loss: 0.0005867 | Lip loss: 0.0000116 | Grad norm: 0.040378 | Time: 56s502ms
Epoch: 029 | Test Loss: 0.0005918 | Time: 717ms
==> Save the model at epoch 029 with test loss 0.0005918
Epoch: 030 | Loss: 0.0005984 | L2 loss: 0.0005867 | Lip loss: 0.0000116 | Grad norm: 0.041116 | Time: 55s707ms
Epoch: 030 | Test Loss: 0.0005918 | Time: 811ms
==> Save the model at epoch 030 with test loss 0.0005918
Epoch: 031 | Loss: 0.0005983 | L2 loss: 0.0005867 | Lip loss: 0.0000116 | Grad norm: 0.041365 | Time: 56s404ms
Epoch: 031 | Test Loss: 0.0005918 | Time: 731ms
==> Save the model at epoch 031 with test loss 0.0005918
Epoch: 032 | Loss: 0.0005983 | L2 loss: 0.0005867 | Lip loss: 0.0000116 | Grad norm: 0.040849 | Time: 56s536ms
Epoch: 032 | Test Loss: 0.0005918 | Time: 736ms
Epoch: 033 | Loss: 0.0005983 | L2 loss: 0.0005867 | Lip loss: 0.0000116 | Grad norm: 0.040617 | Time: 55s917ms
Epoch: 033 | Test Loss: 0.0005918 | Time: 729ms
Epoch: 034 | Loss: 0.0005983 | L2 loss: 0.0005867 | Lip loss: 0.0000116 | Grad norm: 0.040771 | Time: 57s154ms
Epoch: 034 | Test Loss: 0.0005918 | Time: 718ms
Epoch: 035 | Loss: 0.0005984 | L2 loss: 0.0005867 | Lip loss: 0.0000117 | Grad norm: 0.041799 | Time: 55s943ms
Epoch: 035 | Test Loss: 0.0005918 | Time: 730ms
Epoch: 036 | Loss: 0.0005984 | L2 loss: 0.0005867 | Lip loss: 0.0000117 | Grad norm: 0.041397 | Time: 55s987ms
Epoch: 036 | Test Loss: 0.0005918 | Time: 723ms
Epoch: 037 | Loss: 0.0005983 | L2 loss: 0.0005867 | Lip loss: 0.0000117 | Grad norm: 0.040080 | Time: 56s154ms
Epoch: 037 | Test Loss: 0.0005918 | Time: 791ms
Epoch: 038 | Loss: 0.0005983 | L2 loss: 0.0005867 | Lip loss: 0.0000116 | Grad norm: 0.040545 | Time: 57s191ms
Epoch: 038 | Test Loss: 0.0005918 | Time: 716ms
Epoch: 039 | Loss: 0.0005983 | L2 loss: 0.0005867 | Lip loss: 0.0000116 | Grad norm: 0.041083 | Time: 56s847ms
Epoch: 039 | Test Loss: 0.0005918 | Time: 734ms
Epoch: 040 | Loss: 0.0005983 | L2 loss: 0.0005867 | Lip loss: 0.0000116 | Grad norm: 0.040681 | Time: 56s822ms
Epoch: 040 | Test Loss: 0.0005918 | Time: 716ms
Total time: 38m2s
==> Saving trained model weights...
==> Input bias to be applied to the neural network (trained):
[0. 0.]
==> Input transform to be applied to the neural network (trained):
[1. 1.]
==> Output transform to be applied to the neural network (trained):
[1. 1.]
==> Saving training info...
==> Drawing training loss...
==> Drawing grad norm...
==> Drawing testing loss...
==> Drawing l2 loss...
==> Drawing lip loss...
==> Process finished.
