==> torch device:  cuda:1
==> Test-Train split: test_ratio = 0.20
==> Test-Train split seed:  None
==> Further split: further_train_ratio = 0.25
==> Further split seed:  None
==> Input bias to be applied to the neural network:
[0. 0.]
==> Input transform to be applied to the neural network:
[1. 1.]
==> Ouput transform to be applied to the neural network:
[1. 1.]
==> Evaluating model...
==========================================================================================
Layer (type:depth-idx)                   Output Shape              Param #
==========================================================================================
NeuralNetwork                            [1, 2]                    6
├─Sequential: 1-1                        [1, 2]                    --
│    └─Linear: 2-1                       [1, 64]                   192
│    └─LeakyReLU: 2-2                    [1, 64]                   --
│    └─Linear: 2-3                       [1, 64]                   4,160
│    └─LeakyReLU: 2-4                    [1, 64]                   --
│    └─Linear: 2-5                       [1, 64]                   4,160
│    └─LeakyReLU: 2-6                    [1, 64]                   --
│    └─Linear: 2-7                       [1, 64]                   4,160
│    └─LeakyReLU: 2-8                    [1, 64]                   --
│    └─Linear: 2-9                       [1, 64]                   4,160
│    └─LeakyReLU: 2-10                   [1, 64]                   --
│    └─Linear: 2-11                      [1, 64]                   4,160
│    └─LeakyReLU: 2-12                   [1, 64]                   --
│    └─Linear: 2-13                      [1, 64]                   4,160
│    └─LeakyReLU: 2-14                   [1, 64]                   --
│    └─Linear: 2-15                      [1, 2]                    130
==========================================================================================
Total params: 25,288
Trainable params: 25,282
Non-trainable params: 6
Total mult-adds (Units.MEGABYTES): 0.03
==========================================================================================
Input size (MB): 0.00
Forward/backward pass size (MB): 0.00
Params size (MB): 0.10
Estimated Total Size (MB): 0.10
==========================================================================================
==> Saving initial model weights...
==> Start training...
Epoch: 001 | Loss: 18.9210983 | L2 loss: 18.9210983 | Lip loss: 0.0000001 | Grad norm: 0.869722 | Time: 7s204ms
Epoch: 001 | Test Loss: 18.9478937 | Time: 381ms
==> Save the model at epoch 001 with test loss 18.9478937
Epoch: 002 | Loss: 17.5490902 | L2 loss: 17.5490885 | Lip loss: 0.0000017 | Grad norm: 4.331603 | Time: 7s153ms
Epoch: 002 | Test Loss: 15.1948821 | Time: 368ms
==> Save the model at epoch 002 with test loss 15.1948821
Epoch: 003 | Loss: 9.7479594 | L2 loss: 9.7479455 | Lip loss: 0.0000139 | Grad norm: 12.259462 | Time: 7s186ms
Epoch: 003 | Test Loss: 3.6404561 | Time: 361ms
==> Save the model at epoch 003 with test loss 3.6404561
Epoch: 004 | Loss: 0.7323958 | L2 loss: 0.7323721 | Lip loss: 0.0000237 | Grad norm: 5.545574 | Time: 7s165ms
Epoch: 004 | Test Loss: 0.0259838 | Time: 377ms
==> Save the model at epoch 004 with test loss 0.0259838
Epoch: 005 | Loss: 0.0126936 | L2 loss: 0.0126722 | Lip loss: 0.0000214 | Grad norm: 1.866730 | Time: 7s39ms
Epoch: 005 | Test Loss: 0.0075265 | Time: 360ms
==> Save the model at epoch 005 with test loss 0.0075265
Epoch: 006 | Loss: 0.0071571 | L2 loss: 0.0071361 | Lip loss: 0.0000211 | Grad norm: 0.563151 | Time: 6s885ms
Epoch: 006 | Test Loss: 0.0070451 | Time: 435ms
==> Save the model at epoch 006 with test loss 0.0070451
Epoch: 007 | Loss: 0.0068172 | L2 loss: 0.0067963 | Lip loss: 0.0000210 | Grad norm: 0.502510 | Time: 6s858ms
Epoch: 007 | Test Loss: 0.0067104 | Time: 370ms
==> Save the model at epoch 007 with test loss 0.0067104
Epoch: 008 | Loss: 0.0064571 | L2 loss: 0.0064360 | Lip loss: 0.0000211 | Grad norm: 0.460733 | Time: 6s924ms
Epoch: 008 | Test Loss: 0.0063977 | Time: 364ms
==> Save the model at epoch 008 with test loss 0.0063977
Epoch: 009 | Loss: 0.0062182 | L2 loss: 0.0061973 | Lip loss: 0.0000210 | Grad norm: 0.487046 | Time: 6s999ms
Epoch: 009 | Test Loss: 0.0061342 | Time: 366ms
==> Save the model at epoch 009 with test loss 0.0061342
Epoch: 010 | Loss: 0.0059934 | L2 loss: 0.0059724 | Lip loss: 0.0000209 | Grad norm: 0.538388 | Time: 7s64ms
Epoch: 010 | Test Loss: 0.0059238 | Time: 362ms
==> Save the model at epoch 010 with test loss 0.0059238
Epoch: 011 | Loss: 0.0058069 | L2 loss: 0.0057859 | Lip loss: 0.0000210 | Grad norm: 0.363321 | Time: 6s917ms
Epoch: 011 | Test Loss: 0.0058707 | Time: 365ms
==> Save the model at epoch 011 with test loss 0.0058707
Epoch: 012 | Loss: 0.0057891 | L2 loss: 0.0057681 | Lip loss: 0.0000210 | Grad norm: 0.387342 | Time: 6s968ms
Epoch: 012 | Test Loss: 0.0058625 | Time: 361ms
==> Save the model at epoch 012 with test loss 0.0058625
Epoch: 013 | Loss: 0.0057561 | L2 loss: 0.0057352 | Lip loss: 0.0000209 | Grad norm: 0.384533 | Time: 6s981ms
Epoch: 013 | Test Loss: 0.0058283 | Time: 432ms
==> Save the model at epoch 013 with test loss 0.0058283
Epoch: 014 | Loss: 0.0057364 | L2 loss: 0.0057155 | Lip loss: 0.0000210 | Grad norm: 0.412373 | Time: 6s903ms
Epoch: 014 | Test Loss: 0.0058072 | Time: 365ms
==> Save the model at epoch 014 with test loss 0.0058072
Epoch: 015 | Loss: 0.0057102 | L2 loss: 0.0056891 | Lip loss: 0.0000211 | Grad norm: 0.375482 | Time: 7s169ms
Epoch: 015 | Test Loss: 0.0057876 | Time: 372ms
==> Save the model at epoch 015 with test loss 0.0057876
Epoch: 016 | Loss: 0.0057154 | L2 loss: 0.0056945 | Lip loss: 0.0000209 | Grad norm: 0.338339 | Time: 7s189ms
Epoch: 016 | Test Loss: 0.0057783 | Time: 366ms
==> Save the model at epoch 016 with test loss 0.0057783
Epoch: 017 | Loss: 0.0056869 | L2 loss: 0.0056659 | Lip loss: 0.0000211 | Grad norm: 0.324151 | Time: 7s102ms
Epoch: 017 | Test Loss: 0.0057766 | Time: 364ms
==> Save the model at epoch 017 with test loss 0.0057766
Epoch: 018 | Loss: 0.0056868 | L2 loss: 0.0056659 | Lip loss: 0.0000210 | Grad norm: 0.329378 | Time: 7s82ms
Epoch: 018 | Test Loss: 0.0057743 | Time: 367ms
==> Save the model at epoch 018 with test loss 0.0057743
Epoch: 019 | Loss: 0.0057076 | L2 loss: 0.0056866 | Lip loss: 0.0000210 | Grad norm: 0.358038 | Time: 6s942ms
Epoch: 019 | Test Loss: 0.0057712 | Time: 361ms
==> Save the model at epoch 019 with test loss 0.0057712
Epoch: 020 | Loss: 0.0057069 | L2 loss: 0.0056860 | Lip loss: 0.0000209 | Grad norm: 0.350064 | Time: 7s265ms
Epoch: 020 | Test Loss: 0.0057702 | Time: 379ms
==> Save the model at epoch 020 with test loss 0.0057702
Epoch: 021 | Loss: 0.0057027 | L2 loss: 0.0056818 | Lip loss: 0.0000209 | Grad norm: 0.360802 | Time: 7s182ms
Epoch: 021 | Test Loss: 0.0057697 | Time: 367ms
==> Save the model at epoch 021 with test loss 0.0057697
Epoch: 022 | Loss: 0.0056957 | L2 loss: 0.0056748 | Lip loss: 0.0000210 | Grad norm: 0.333957 | Time: 7s33ms
Epoch: 022 | Test Loss: 0.0057694 | Time: 377ms
==> Save the model at epoch 022 with test loss 0.0057694
Epoch: 023 | Loss: 0.0056776 | L2 loss: 0.0056565 | Lip loss: 0.0000211 | Grad norm: 0.327748 | Time: 7s33ms
Epoch: 023 | Test Loss: 0.0057692 | Time: 433ms
==> Save the model at epoch 023 with test loss 0.0057692
Epoch: 024 | Loss: 0.0056985 | L2 loss: 0.0056776 | Lip loss: 0.0000209 | Grad norm: 0.346593 | Time: 6s973ms
Epoch: 024 | Test Loss: 0.0057689 | Time: 375ms
==> Save the model at epoch 024 with test loss 0.0057689
Epoch: 025 | Loss: 0.0056834 | L2 loss: 0.0056624 | Lip loss: 0.0000210 | Grad norm: 0.332106 | Time: 6s780ms
Epoch: 025 | Test Loss: 0.0057686 | Time: 374ms
==> Save the model at epoch 025 with test loss 0.0057686
Epoch: 026 | Loss: 0.0056947 | L2 loss: 0.0056737 | Lip loss: 0.0000210 | Grad norm: 0.345431 | Time: 6s728ms
Epoch: 026 | Test Loss: 0.0057686 | Time: 367ms
==> Save the model at epoch 026 with test loss 0.0057686
Epoch: 027 | Loss: 0.0056907 | L2 loss: 0.0056696 | Lip loss: 0.0000211 | Grad norm: 0.329068 | Time: 6s875ms
Epoch: 027 | Test Loss: 0.0057686 | Time: 367ms
==> Save the model at epoch 027 with test loss 0.0057686
Epoch: 028 | Loss: 0.0056660 | L2 loss: 0.0056450 | Lip loss: 0.0000210 | Grad norm: 0.337012 | Time: 6s815ms
Epoch: 028 | Test Loss: 0.0057686 | Time: 362ms
==> Save the model at epoch 028 with test loss 0.0057686
Epoch: 029 | Loss: 0.0057044 | L2 loss: 0.0056834 | Lip loss: 0.0000210 | Grad norm: 0.348899 | Time: 6s889ms
Epoch: 029 | Test Loss: 0.0057686 | Time: 368ms
==> Save the model at epoch 029 with test loss 0.0057686
Epoch: 030 | Loss: 0.0057161 | L2 loss: 0.0056951 | Lip loss: 0.0000210 | Grad norm: 0.343088 | Time: 6s739ms
Epoch: 030 | Test Loss: 0.0057686 | Time: 436ms
==> Save the model at epoch 030 with test loss 0.0057686
Epoch: 031 | Loss: 0.0056966 | L2 loss: 0.0056756 | Lip loss: 0.0000210 | Grad norm: 0.351705 | Time: 6s770ms
Epoch: 031 | Test Loss: 0.0057686 | Time: 366ms
==> Save the model at epoch 031 with test loss 0.0057686
Epoch: 032 | Loss: 0.0057162 | L2 loss: 0.0056952 | Lip loss: 0.0000210 | Grad norm: 0.357131 | Time: 6s754ms
Epoch: 032 | Test Loss: 0.0057686 | Time: 364ms
==> Save the model at epoch 032 with test loss 0.0057686
Epoch: 033 | Loss: 0.0056921 | L2 loss: 0.0056712 | Lip loss: 0.0000209 | Grad norm: 0.311578 | Time: 6s933ms
Epoch: 033 | Test Loss: 0.0057686 | Time: 364ms
==> Save the model at epoch 033 with test loss 0.0057686
Epoch: 034 | Loss: 0.0056812 | L2 loss: 0.0056603 | Lip loss: 0.0000209 | Grad norm: 0.353006 | Time: 6s808ms
Epoch: 034 | Test Loss: 0.0057686 | Time: 433ms
==> Save the model at epoch 034 with test loss 0.0057686
Epoch: 035 | Loss: 0.0056909 | L2 loss: 0.0056699 | Lip loss: 0.0000210 | Grad norm: 0.335970 | Time: 7s33ms
Epoch: 035 | Test Loss: 0.0057686 | Time: 367ms
Epoch: 036 | Loss: 0.0056878 | L2 loss: 0.0056668 | Lip loss: 0.0000210 | Grad norm: 0.334229 | Time: 6s870ms
Epoch: 036 | Test Loss: 0.0057686 | Time: 367ms
Epoch: 037 | Loss: 0.0056767 | L2 loss: 0.0056557 | Lip loss: 0.0000210 | Grad norm: 0.331199 | Time: 6s994ms
Epoch: 037 | Test Loss: 0.0057686 | Time: 362ms
Epoch: 038 | Loss: 0.0057129 | L2 loss: 0.0056920 | Lip loss: 0.0000210 | Grad norm: 0.326393 | Time: 6s860ms
Epoch: 038 | Test Loss: 0.0057686 | Time: 367ms
Epoch: 039 | Loss: 0.0056865 | L2 loss: 0.0056655 | Lip loss: 0.0000210 | Grad norm: 0.366242 | Time: 7s54ms
Epoch: 039 | Test Loss: 0.0057686 | Time: 387ms
Epoch: 040 | Loss: 0.0056978 | L2 loss: 0.0056767 | Lip loss: 0.0000211 | Grad norm: 0.346722 | Time: 7s442ms
Epoch: 040 | Test Loss: 0.0057686 | Time: 366ms
Total time: 4m54s
==> Saving trained model weights...
==> Input bias to be applied to the neural network (trained):
[0. 0.]
==> Input transform to be applied to the neural network (trained):
[1. 1.]
==> Output transform to be applied to the neural network (trained):
[1. 1.]
==> Saving training info...
==> Drawing training loss...
==> Drawing grad norm...
==> Drawing testing loss...
==> Drawing l2 loss...
==> Drawing lip loss...
==> Process finished.
