==> torch device:  cuda:3
==> Test-Train split: test_ratio = 0.20
==> Test-Train split seed:  None
==> Further split: further_train_ratio = 0.25
==> Further split seed:  None
==> Input bias to be applied to the neural network:
[0. 0.]
==> Input transform to be applied to the neural network:
[0.6513385 0.6513385]
==> Ouput transform to be applied to the neural network:
[3.0863 3.0863]
==> Evaluating model...
==========================================================================================
Layer (type:depth-idx)                   Output Shape              Param #
==========================================================================================
NeuralNetwork                            [1, 2]                    6
├─Sequential: 1-1                        [1, 2]                    --
│    └─Linear: 2-1                       [1, 64]                   192
│    └─ReLU: 2-2                         [1, 64]                   --
│    └─Linear: 2-3                       [1, 64]                   4,160
│    └─ReLU: 2-4                         [1, 64]                   --
│    └─Linear: 2-5                       [1, 64]                   4,160
│    └─ReLU: 2-6                         [1, 64]                   --
│    └─Linear: 2-7                       [1, 64]                   4,160
│    └─ReLU: 2-8                         [1, 64]                   --
│    └─Linear: 2-9                       [1, 64]                   4,160
│    └─ReLU: 2-10                        [1, 64]                   --
│    └─Linear: 2-11                      [1, 64]                   4,160
│    └─ReLU: 2-12                        [1, 64]                   --
│    └─Linear: 2-13                      [1, 64]                   4,160
│    └─ReLU: 2-14                        [1, 64]                   --
│    └─Linear: 2-15                      [1, 2]                    130
├─Sequential: 1-2                        [1, 2]                    (recursive)
│    └─Linear: 2-16                      [1, 64]                   (recursive)
│    └─ReLU: 2-17                        [1, 64]                   --
│    └─Linear: 2-18                      [1, 64]                   (recursive)
│    └─ReLU: 2-19                        [1, 64]                   --
│    └─Linear: 2-20                      [1, 64]                   (recursive)
│    └─ReLU: 2-21                        [1, 64]                   --
│    └─Linear: 2-22                      [1, 64]                   (recursive)
│    └─ReLU: 2-23                        [1, 64]                   --
│    └─Linear: 2-24                      [1, 64]                   (recursive)
│    └─ReLU: 2-25                        [1, 64]                   --
│    └─Linear: 2-26                      [1, 64]                   (recursive)
│    └─ReLU: 2-27                        [1, 64]                   --
│    └─Linear: 2-28                      [1, 64]                   (recursive)
│    └─ReLU: 2-29                        [1, 64]                   --
│    └─Linear: 2-30                      [1, 2]                    (recursive)
==========================================================================================
Total params: 25,288
Trainable params: 25,282
Non-trainable params: 6
Total mult-adds (Units.MEGABYTES): 0.05
==========================================================================================
Input size (MB): 0.00
Forward/backward pass size (MB): 0.01
Params size (MB): 0.10
Estimated Total Size (MB): 0.11
==========================================================================================
==> Saving initial model weights...
==> Start training...
==> Number of param_groups in optimizer: 1
Epoch: 001 | Train Loss: 19.2490064 | Grad norm: 0.509196 | Time: 1s86ms
Epoch: 001 | Test Loss: 18.9016560 | Time: 366ms
==> Save the model at epoch 001 with test loss 18.9016560
Epoch: 002 | Train Loss: 5.4497609 | Grad norm: 9.060499 | Time: 851ms
Epoch: 002 | Test Loss: 0.0324826 | Time: 381ms
==> Save the model at epoch 002 with test loss 0.0324826
Epoch: 003 | Train Loss: 0.0336576 | Grad norm: 2.762698 | Time: 792ms
Epoch: 003 | Test Loss: 0.0542321 | Time: 381ms
Epoch: 004 | Train Loss: 0.0441826 | Grad norm: 2.987062 | Time: 880ms
Epoch: 004 | Test Loss: 0.0956394 | Time: 439ms
Epoch: 005 | Train Loss: 0.0626813 | Grad norm: 3.426720 | Time: 848ms
Epoch: 005 | Test Loss: 0.0888491 | Time: 372ms
Epoch: 006 | Train Loss: 0.0917315 | Grad norm: 4.314284 | Time: 868ms
Epoch: 006 | Test Loss: 0.1655542 | Time: 388ms
Epoch: 007 | Train Loss: 0.0976682 | Grad norm: 4.375632 | Time: 878ms
Epoch: 007 | Test Loss: 0.0642091 | Time: 377ms
Epoch: 008 | Train Loss: 0.1092951 | Grad norm: 4.923300 | Time: 882ms
Epoch: 008 | Test Loss: 0.0591437 | Time: 386ms
Epoch: 009 | Train Loss: 0.1513054 | Grad norm: 5.947883 | Time: 884ms
Epoch: 009 | Test Loss: 0.0657225 | Time: 369ms
Epoch: 010 | Train Loss: 0.1636072 | Grad norm: 6.328627 | Time: 760ms
Epoch: 010 | Test Loss: 0.1172286 | Time: 368ms
Epoch: 011 | Train Loss: 0.1662408 | Grad norm: 6.244544 | Time: 793ms
Epoch: 011 | Test Loss: 0.0443107 | Time: 390ms
Epoch: 012 | Train Loss: 0.1054438 | Grad norm: 5.057980 | Time: 866ms
Epoch: 012 | Test Loss: 0.0652203 | Time: 367ms
Epoch: 013 | Train Loss: 0.1210472 | Grad norm: 5.622689 | Time: 894ms
Epoch: 013 | Test Loss: 0.0699367 | Time: 388ms
Epoch: 014 | Train Loss: 0.0920868 | Grad norm: 4.794043 | Time: 900ms
Epoch: 014 | Test Loss: 0.0696140 | Time: 371ms
Epoch: 015 | Train Loss: 0.0629650 | Grad norm: 4.047489 | Time: 874ms
Epoch: 015 | Test Loss: 0.0501974 | Time: 376ms
Epoch: 016 | Train Loss: 0.1001705 | Grad norm: 5.119413 | Time: 801ms
Epoch: 016 | Test Loss: 0.1021204 | Time: 386ms
Epoch: 017 | Train Loss: 0.0498539 | Grad norm: 3.542991 | Time: 896ms
Epoch: 017 | Test Loss: 0.0937132 | Time: 369ms
Epoch: 018 | Train Loss: 0.0696170 | Grad norm: 4.271741 | Time: 909ms
Epoch: 018 | Test Loss: 0.0654191 | Time: 437ms
Epoch: 019 | Train Loss: 0.0578141 | Grad norm: 3.744286 | Time: 832ms
Epoch: 019 | Test Loss: 0.1527833 | Time: 387ms
Epoch: 020 | Train Loss: 0.0371494 | Grad norm: 3.059727 | Time: 831ms
Epoch: 020 | Test Loss: 0.0533530 | Time: 382ms
Epoch: 021 | Train Loss: 0.0290254 | Grad norm: 2.487665 | Time: 894ms
Epoch: 021 | Test Loss: 0.0156487 | Time: 433ms
==> Save the model at epoch 021 with test loss 0.0156487
Epoch: 022 | Train Loss: 0.0398299 | Grad norm: 2.983959 | Time: 847ms
Epoch: 022 | Test Loss: 0.0184946 | Time: 371ms
Epoch: 023 | Train Loss: 0.0169668 | Grad norm: 1.974993 | Time: 817ms
Epoch: 023 | Test Loss: 0.0317571 | Time: 457ms
Epoch: 024 | Train Loss: 0.0379108 | Grad norm: 3.294519 | Time: 818ms
Epoch: 024 | Test Loss: 0.0090808 | Time: 369ms
==> Save the model at epoch 024 with test loss 0.0090808
Epoch: 025 | Train Loss: 0.0142401 | Grad norm: 1.795278 | Time: 843ms
Epoch: 025 | Test Loss: 0.0153166 | Time: 385ms
Epoch: 026 | Train Loss: 0.0201100 | Grad norm: 2.142860 | Time: 916ms
Epoch: 026 | Test Loss: 0.0309359 | Time: 369ms
Epoch: 027 | Train Loss: 0.0190900 | Grad norm: 2.226384 | Time: 848ms
Epoch: 027 | Test Loss: 0.0132735 | Time: 406ms
Epoch: 028 | Train Loss: 0.0087931 | Grad norm: 1.334277 | Time: 868ms
Epoch: 028 | Test Loss: 0.0075990 | Time: 389ms
==> Save the model at epoch 028 with test loss 0.0075990
Epoch: 029 | Train Loss: 0.0046888 | Grad norm: 0.625177 | Time: 852ms
Epoch: 029 | Test Loss: 0.0050757 | Time: 369ms
==> Save the model at epoch 029 with test loss 0.0050757
Epoch: 030 | Train Loss: 0.0046930 | Grad norm: 0.593457 | Time: 834ms
Epoch: 030 | Test Loss: 0.0061517 | Time: 369ms
Epoch: 031 | Train Loss: 0.0038011 | Grad norm: 0.462859 | Time: 879ms
Epoch: 031 | Test Loss: 0.0045883 | Time: 371ms
==> Save the model at epoch 031 with test loss 0.0045883
Epoch: 032 | Train Loss: 0.0039926 | Grad norm: 0.483727 | Time: 891ms
Epoch: 032 | Test Loss: 0.0058390 | Time: 383ms
Epoch: 033 | Train Loss: 0.0035957 | Grad norm: 0.319342 | Time: 969ms
Epoch: 033 | Test Loss: 0.0044999 | Time: 383ms
==> Save the model at epoch 033 with test loss 0.0044999
Epoch: 034 | Train Loss: 0.0034976 | Grad norm: 0.314922 | Time: 813ms
Epoch: 034 | Test Loss: 0.0041424 | Time: 378ms
==> Save the model at epoch 034 with test loss 0.0041424
Epoch: 035 | Train Loss: 0.0034157 | Grad norm: 0.286598 | Time: 838ms
Epoch: 035 | Test Loss: 0.0042010 | Time: 388ms
Epoch: 036 | Train Loss: 0.0033421 | Grad norm: 0.238523 | Time: 820ms
Epoch: 036 | Test Loss: 0.0044240 | Time: 384ms
Epoch: 037 | Train Loss: 0.0033094 | Grad norm: 0.209091 | Time: 819ms
Epoch: 037 | Test Loss: 0.0041144 | Time: 371ms
==> Save the model at epoch 037 with test loss 0.0041144
Epoch: 038 | Train Loss: 0.0032514 | Grad norm: 0.181782 | Time: 870ms
Epoch: 038 | Test Loss: 0.0040116 | Time: 372ms
==> Save the model at epoch 038 with test loss 0.0040116
Epoch: 039 | Train Loss: 0.0032391 | Grad norm: 0.158081 | Time: 945ms
Epoch: 039 | Test Loss: 0.0040357 | Time: 394ms
Epoch: 040 | Train Loss: 0.0032051 | Grad norm: 0.141623 | Time: 1s3ms
Epoch: 040 | Test Loss: 0.0040109 | Time: 399ms
==> Save the model at epoch 040 with test loss 0.0040109
Total time: 50s198ms
==> Saving trained model weights...
==> Input bias to be applied to the neural network (trained):
[0. 0.]
==> Input transform to be applied to the neural network (trained):
[0.6513385 0.6513385]
==> Output transform to be applied to the neural network (trained):
[3.0863 3.0863]
==> Saving training info...
==> Drawing training loss...
==> Drawing grad norm...
==> Drawing testing loss...
==> Process finished.
