==> torch device:  cuda:0
==> Test-Train split: test_ratio = 0.20
==> Test-Train split seed:  None
==> Further split: further_train_ratio = 0.25
==> Further split seed:  None
==> Input bias to be applied to the neural network:
[0. 0.]
==> Input transform to be applied to the neural network:
[0.5090095 0.5090095]
==> Ouput transform to be applied to the neural network:
[3.9366 3.9363]
==> Evaluating model...
==========================================================================================
Layer (type:depth-idx)                   Output Shape              Param #
==========================================================================================
NeuralNetwork                            [1, 2]                    6
├─Sequential: 1-1                        [1, 2]                    --
│    └─Linear: 2-1                       [1, 64]                   192
│    └─ReLU: 2-2                         [1, 64]                   --
│    └─Linear: 2-3                       [1, 64]                   4,160
│    └─ReLU: 2-4                         [1, 64]                   --
│    └─Linear: 2-5                       [1, 64]                   4,160
│    └─ReLU: 2-6                         [1, 64]                   --
│    └─Linear: 2-7                       [1, 64]                   4,160
│    └─ReLU: 2-8                         [1, 64]                   --
│    └─Linear: 2-9                       [1, 64]                   4,160
│    └─ReLU: 2-10                        [1, 64]                   --
│    └─Linear: 2-11                      [1, 64]                   4,160
│    └─ReLU: 2-12                        [1, 64]                   --
│    └─Linear: 2-13                      [1, 64]                   4,160
│    └─ReLU: 2-14                        [1, 64]                   --
│    └─Linear: 2-15                      [1, 2]                    130
├─Sequential: 1-2                        [1, 2]                    (recursive)
│    └─Linear: 2-16                      [1, 64]                   (recursive)
│    └─ReLU: 2-17                        [1, 64]                   --
│    └─Linear: 2-18                      [1, 64]                   (recursive)
│    └─ReLU: 2-19                        [1, 64]                   --
│    └─Linear: 2-20                      [1, 64]                   (recursive)
│    └─ReLU: 2-21                        [1, 64]                   --
│    └─Linear: 2-22                      [1, 64]                   (recursive)
│    └─ReLU: 2-23                        [1, 64]                   --
│    └─Linear: 2-24                      [1, 64]                   (recursive)
│    └─ReLU: 2-25                        [1, 64]                   --
│    └─Linear: 2-26                      [1, 64]                   (recursive)
│    └─ReLU: 2-27                        [1, 64]                   --
│    └─Linear: 2-28                      [1, 64]                   (recursive)
│    └─ReLU: 2-29                        [1, 64]                   --
│    └─Linear: 2-30                      [1, 2]                    (recursive)
==========================================================================================
Total params: 25,288
Trainable params: 25,282
Non-trainable params: 6
Total mult-adds (Units.MEGABYTES): 0.05
==========================================================================================
Input size (MB): 0.00
Forward/backward pass size (MB): 0.01
Params size (MB): 0.10
Estimated Total Size (MB): 0.11
==========================================================================================
==> Saving initial model weights...
==> Start training...
==> Number of param_groups in optimizer: 1
Epoch: 001 | Train Loss: 30.8641058 | Grad norm: 1.021864 | Time: 1s215ms
Epoch: 001 | Test Loss: 31.2815891 | Time: 510ms
==> Save the model at epoch 001 with test loss 31.2815891
Epoch: 002 | Train Loss: 8.3414026 | Grad norm: 11.487907 | Time: 1s57ms
Epoch: 002 | Test Loss: 0.0409367 | Time: 461ms
==> Save the model at epoch 002 with test loss 0.0409367
Epoch: 003 | Train Loss: 0.0498363 | Grad norm: 4.028679 | Time: 1s71ms
Epoch: 003 | Test Loss: 0.0454355 | Time: 513ms
Epoch: 004 | Train Loss: 0.0866726 | Grad norm: 5.095202 | Time: 995ms
Epoch: 004 | Test Loss: 0.0693796 | Time: 454ms
Epoch: 005 | Train Loss: 0.0848203 | Grad norm: 5.329223 | Time: 1s
Epoch: 005 | Test Loss: 0.1191216 | Time: 449ms
Epoch: 006 | Train Loss: 0.1411984 | Grad norm: 6.696187 | Time: 998ms
Epoch: 006 | Test Loss: 0.0896604 | Time: 463ms
Epoch: 007 | Train Loss: 0.1669005 | Grad norm: 7.519116 | Time: 977ms
Epoch: 007 | Test Loss: 0.0948034 | Time: 516ms
Epoch: 008 | Train Loss: 0.1691107 | Grad norm: 7.793480 | Time: 946ms
Epoch: 008 | Test Loss: 0.1547724 | Time: 443ms
Epoch: 009 | Train Loss: 0.2739626 | Grad norm: 9.976726 | Time: 989ms
Epoch: 009 | Test Loss: 0.1369646 | Time: 444ms
Epoch: 010 | Train Loss: 0.1934897 | Grad norm: 8.412538 | Time: 1s13ms
Epoch: 010 | Test Loss: 0.0849242 | Time: 449ms
Epoch: 011 | Train Loss: 0.1478489 | Grad norm: 7.589691 | Time: 1s7ms
Epoch: 011 | Test Loss: 0.2195297 | Time: 515ms
Epoch: 012 | Train Loss: 0.1450289 | Grad norm: 7.803038 | Time: 1s24ms
Epoch: 012 | Test Loss: 0.1113664 | Time: 458ms
Epoch: 013 | Train Loss: 0.1276801 | Grad norm: 6.963840 | Time: 1s7ms
Epoch: 013 | Test Loss: 0.1138280 | Time: 442ms
Epoch: 014 | Train Loss: 0.1138003 | Grad norm: 6.902026 | Time: 985ms
Epoch: 014 | Test Loss: 0.3169214 | Time: 452ms
Epoch: 015 | Train Loss: 0.1135128 | Grad norm: 6.509993 | Time: 974ms
Epoch: 015 | Test Loss: 0.1746790 | Time: 514ms
Epoch: 016 | Train Loss: 0.1039457 | Grad norm: 6.339520 | Time: 976ms
Epoch: 016 | Test Loss: 0.1242074 | Time: 449ms
Epoch: 017 | Train Loss: 0.0988743 | Grad norm: 6.286078 | Time: 1s17ms
Epoch: 017 | Test Loss: 0.0749694 | Time: 442ms
Epoch: 018 | Train Loss: 0.0602457 | Grad norm: 4.898567 | Time: 996ms
Epoch: 018 | Test Loss: 0.0508095 | Time: 453ms
Epoch: 019 | Train Loss: 0.0735430 | Grad norm: 5.289173 | Time: 997ms
Epoch: 019 | Test Loss: 0.0412651 | Time: 511ms
Epoch: 020 | Train Loss: 0.0617520 | Grad norm: 5.059681 | Time: 1s67ms
Epoch: 020 | Test Loss: 0.0723462 | Time: 458ms
Epoch: 021 | Train Loss: 0.0512049 | Grad norm: 4.352309 | Time: 1s14ms
Epoch: 021 | Test Loss: 0.3295605 | Time: 442ms
Epoch: 022 | Train Loss: 0.0557234 | Grad norm: 4.553971 | Time: 968ms
Epoch: 022 | Test Loss: 0.0179320 | Time: 445ms
==> Save the model at epoch 022 with test loss 0.0179320
Epoch: 023 | Train Loss: 0.0725291 | Grad norm: 5.323018 | Time: 990ms
Epoch: 023 | Test Loss: 0.0394103 | Time: 510ms
Epoch: 024 | Train Loss: 0.0335794 | Grad norm: 3.428697 | Time: 987ms
Epoch: 024 | Test Loss: 0.0276511 | Time: 447ms
Epoch: 025 | Train Loss: 0.0277852 | Grad norm: 2.978271 | Time: 1s8ms
Epoch: 025 | Test Loss: 0.0185488 | Time: 460ms
Epoch: 026 | Train Loss: 0.0215316 | Grad norm: 2.544725 | Time: 980ms
Epoch: 026 | Test Loss: 0.0198881 | Time: 461ms
Epoch: 027 | Train Loss: 0.0171645 | Grad norm: 2.058445 | Time: 1s3ms
Epoch: 027 | Test Loss: 0.0301857 | Time: 529ms
Epoch: 028 | Train Loss: 0.0188031 | Grad norm: 2.228414 | Time: 1s20ms
Epoch: 028 | Test Loss: 0.0142710 | Time: 445ms
==> Save the model at epoch 028 with test loss 0.0142710
Epoch: 029 | Train Loss: 0.0135048 | Grad norm: 1.575830 | Time: 958ms
Epoch: 029 | Test Loss: 0.0136334 | Time: 461ms
==> Save the model at epoch 029 with test loss 0.0136334
Epoch: 030 | Train Loss: 0.0130286 | Grad norm: 1.545798 | Time: 943ms
Epoch: 030 | Test Loss: 0.0114896 | Time: 443ms
==> Save the model at epoch 030 with test loss 0.0114896
Epoch: 031 | Train Loss: 0.0104900 | Grad norm: 1.066397 | Time: 993ms
Epoch: 031 | Test Loss: 0.0102386 | Time: 511ms
==> Save the model at epoch 031 with test loss 0.0102386
Epoch: 032 | Train Loss: 0.0094545 | Grad norm: 0.890882 | Time: 978ms
Epoch: 032 | Test Loss: 0.0109226 | Time: 442ms
Epoch: 033 | Train Loss: 0.0095313 | Grad norm: 0.935637 | Time: 958ms
Epoch: 033 | Test Loss: 0.0088350 | Time: 443ms
==> Save the model at epoch 033 with test loss 0.0088350
Epoch: 034 | Train Loss: 0.0086622 | Grad norm: 0.684103 | Time: 1s18ms
Epoch: 034 | Test Loss: 0.0093014 | Time: 443ms
Epoch: 035 | Train Loss: 0.0086915 | Grad norm: 0.655339 | Time: 998ms
Epoch: 035 | Test Loss: 0.0085223 | Time: 511ms
==> Save the model at epoch 035 with test loss 0.0085223
Epoch: 036 | Train Loss: 0.0081851 | Grad norm: 0.434496 | Time: 985ms
Epoch: 036 | Test Loss: 0.0082541 | Time: 451ms
==> Save the model at epoch 036 with test loss 0.0082541
Epoch: 037 | Train Loss: 0.0081445 | Grad norm: 0.445639 | Time: 975ms
Epoch: 037 | Test Loss: 0.0082129 | Time: 441ms
==> Save the model at epoch 037 with test loss 0.0082129
Epoch: 038 | Train Loss: 0.0079723 | Grad norm: 0.306267 | Time: 961ms
Epoch: 038 | Test Loss: 0.0081916 | Time: 442ms
==> Save the model at epoch 038 with test loss 0.0081916
Epoch: 039 | Train Loss: 0.0078713 | Grad norm: 0.277739 | Time: 1s40ms
Epoch: 039 | Test Loss: 0.0081704 | Time: 513ms
==> Save the model at epoch 039 with test loss 0.0081704
Epoch: 040 | Train Loss: 0.0078586 | Grad norm: 0.261500 | Time: 1s98ms
Epoch: 040 | Test Loss: 0.0081181 | Time: 484ms
==> Save the model at epoch 040 with test loss 0.0081181
Total time: 58s974ms
==> Saving trained model weights...
==> Input bias to be applied to the neural network (trained):
[0. 0.]
==> Input transform to be applied to the neural network (trained):
[0.5090095 0.5090095]
==> Output transform to be applied to the neural network (trained):
[3.9366 3.9363]
==> Saving training info...
==> Drawing training loss...
==> Drawing grad norm...
==> Drawing testing loss...
==> Process finished.
