==> torch device:  cuda:3
==> Test-Train split: test_ratio = 0.20
==> Test-Train split seed:  None
==> Further split: further_train_ratio = 0.25
==> Further split seed:  None
==> Input bias to be applied to the neural network:
[0. 0.]
==> Input transform to be applied to the neural network:
[0.6219679 0.6219679]
==> Ouput transform to be applied to the neural network:
[3.225  3.2249]
==> Evaluating model...
==========================================================================================
Layer (type:depth-idx)                   Output Shape              Param #
==========================================================================================
NeuralNetwork                            [1, 2]                    6
├─Sequential: 1-1                        [1, 2]                    --
│    └─Linear: 2-1                       [1, 64]                   192
│    └─ReLU: 2-2                         [1, 64]                   --
│    └─Linear: 2-3                       [1, 64]                   4,160
│    └─ReLU: 2-4                         [1, 64]                   --
│    └─Linear: 2-5                       [1, 64]                   4,160
│    └─ReLU: 2-6                         [1, 64]                   --
│    └─Linear: 2-7                       [1, 64]                   4,160
│    └─ReLU: 2-8                         [1, 64]                   --
│    └─Linear: 2-9                       [1, 64]                   4,160
│    └─ReLU: 2-10                        [1, 64]                   --
│    └─Linear: 2-11                      [1, 64]                   4,160
│    └─ReLU: 2-12                        [1, 64]                   --
│    └─Linear: 2-13                      [1, 64]                   4,160
│    └─ReLU: 2-14                        [1, 64]                   --
│    └─Linear: 2-15                      [1, 2]                    130
├─Sequential: 1-2                        [1, 2]                    (recursive)
│    └─Linear: 2-16                      [1, 64]                   (recursive)
│    └─ReLU: 2-17                        [1, 64]                   --
│    └─Linear: 2-18                      [1, 64]                   (recursive)
│    └─ReLU: 2-19                        [1, 64]                   --
│    └─Linear: 2-20                      [1, 64]                   (recursive)
│    └─ReLU: 2-21                        [1, 64]                   --
│    └─Linear: 2-22                      [1, 64]                   (recursive)
│    └─ReLU: 2-23                        [1, 64]                   --
│    └─Linear: 2-24                      [1, 64]                   (recursive)
│    └─ReLU: 2-25                        [1, 64]                   --
│    └─Linear: 2-26                      [1, 64]                   (recursive)
│    └─ReLU: 2-27                        [1, 64]                   --
│    └─Linear: 2-28                      [1, 64]                   (recursive)
│    └─ReLU: 2-29                        [1, 64]                   --
│    └─Linear: 2-30                      [1, 2]                    (recursive)
==========================================================================================
Total params: 25,288
Trainable params: 25,282
Non-trainable params: 6
Total mult-adds (Units.MEGABYTES): 0.05
==========================================================================================
Input size (MB): 0.00
Forward/backward pass size (MB): 0.01
Params size (MB): 0.10
Estimated Total Size (MB): 0.11
==========================================================================================
==> Saving initial model weights...
==> Start training...
==> Number of param_groups in optimizer: 1
Epoch: 001 | Train Loss: 20.8213553 | Grad norm: 1.173754 | Time: 1s324ms
Epoch: 001 | Test Loss: 20.7423410 | Time: 539ms
==> Save the model at epoch 001 with test loss 20.7423410
Epoch: 002 | Train Loss: 3.4603682 | Grad norm: 8.346767 | Time: 1s192ms
Epoch: 002 | Test Loss: 0.0471634 | Time: 543ms
==> Save the model at epoch 002 with test loss 0.0471634
Epoch: 003 | Train Loss: 0.0305773 | Grad norm: 3.151712 | Time: 1s397ms
Epoch: 003 | Test Loss: 0.0115133 | Time: 561ms
==> Save the model at epoch 003 with test loss 0.0115133
Epoch: 004 | Train Loss: 0.0508914 | Grad norm: 3.928148 | Time: 1s214ms
Epoch: 004 | Test Loss: 0.0293575 | Time: 539ms
Epoch: 005 | Train Loss: 0.0706412 | Grad norm: 4.773607 | Time: 1s246ms
Epoch: 005 | Test Loss: 0.0585428 | Time: 538ms
Epoch: 006 | Train Loss: 0.0683461 | Grad norm: 4.644076 | Time: 1s190ms
Epoch: 006 | Test Loss: 0.0593479 | Time: 621ms
Epoch: 007 | Train Loss: 0.0956331 | Grad norm: 5.381320 | Time: 1s240ms
Epoch: 007 | Test Loss: 0.0704704 | Time: 558ms
Epoch: 008 | Train Loss: 0.1118221 | Grad norm: 5.920460 | Time: 1s232ms
Epoch: 008 | Test Loss: 0.1359474 | Time: 553ms
Epoch: 009 | Train Loss: 0.1429752 | Grad norm: 6.959847 | Time: 1s247ms
Epoch: 009 | Test Loss: 0.0699437 | Time: 538ms
Epoch: 010 | Train Loss: 0.1033899 | Grad norm: 5.722525 | Time: 1s365ms
Epoch: 010 | Test Loss: 0.1258595 | Time: 556ms
Epoch: 011 | Train Loss: 0.1521889 | Grad norm: 7.227805 | Time: 1s312ms
Epoch: 011 | Test Loss: 0.4057570 | Time: 601ms
Epoch: 012 | Train Loss: 0.0834517 | Grad norm: 5.435008 | Time: 1s228ms
Epoch: 012 | Test Loss: 0.0515632 | Time: 571ms
Epoch: 013 | Train Loss: 0.0937326 | Grad norm: 5.642626 | Time: 1s307ms
Epoch: 013 | Test Loss: 0.0527657 | Time: 548ms
Epoch: 014 | Train Loss: 0.0944750 | Grad norm: 5.608977 | Time: 1s228ms
Epoch: 014 | Test Loss: 0.1082131 | Time: 537ms
Epoch: 015 | Train Loss: 0.0807443 | Grad norm: 5.288548 | Time: 1s236ms
Epoch: 015 | Test Loss: 0.0553534 | Time: 556ms
Epoch: 016 | Train Loss: 0.0646090 | Grad norm: 4.680453 | Time: 1s223ms
Epoch: 016 | Test Loss: 0.0807409 | Time: 608ms
Epoch: 017 | Train Loss: 0.0441760 | Grad norm: 3.970148 | Time: 1s288ms
Epoch: 017 | Test Loss: 0.0339448 | Time: 536ms
Epoch: 018 | Train Loss: 0.0396631 | Grad norm: 3.615285 | Time: 1s212ms
Epoch: 018 | Test Loss: 0.0354190 | Time: 558ms
Epoch: 019 | Train Loss: 0.0282470 | Grad norm: 3.132850 | Time: 1s210ms
Epoch: 019 | Test Loss: 0.0221024 | Time: 619ms
Epoch: 020 | Train Loss: 0.0341595 | Grad norm: 3.371030 | Time: 1s261ms
Epoch: 020 | Test Loss: 0.0166073 | Time: 539ms
Epoch: 021 | Train Loss: 0.0263310 | Grad norm: 2.972545 | Time: 1s232ms
Epoch: 021 | Test Loss: 0.0762261 | Time: 540ms
Epoch: 022 | Train Loss: 0.0238284 | Grad norm: 2.802320 | Time: 1s241ms
Epoch: 022 | Test Loss: 0.0249504 | Time: 574ms
Epoch: 023 | Train Loss: 0.0141897 | Grad norm: 2.114742 | Time: 1s347ms
Epoch: 023 | Test Loss: 0.0067622 | Time: 605ms
==> Save the model at epoch 023 with test loss 0.0067622
Epoch: 024 | Train Loss: 0.0197121 | Grad norm: 2.431353 | Time: 1s295ms
Epoch: 024 | Test Loss: 0.0059279 | Time: 541ms
==> Save the model at epoch 024 with test loss 0.0059279
Epoch: 025 | Train Loss: 0.0133174 | Grad norm: 2.026829 | Time: 1s260ms
Epoch: 025 | Test Loss: 0.0047726 | Time: 552ms
==> Save the model at epoch 025 with test loss 0.0047726
Epoch: 026 | Train Loss: 0.0078787 | Grad norm: 1.372141 | Time: 1s313ms
Epoch: 026 | Test Loss: 0.0049142 | Time: 613ms
Epoch: 027 | Train Loss: 0.0074650 | Grad norm: 1.327828 | Time: 1s192ms
Epoch: 027 | Test Loss: 0.0101617 | Time: 542ms
Epoch: 028 | Train Loss: 0.0069176 | Grad norm: 1.235185 | Time: 1s253ms
Epoch: 028 | Test Loss: 0.0035635 | Time: 540ms
==> Save the model at epoch 028 with test loss 0.0035635
Epoch: 029 | Train Loss: 0.0045300 | Grad norm: 0.789191 | Time: 1s251ms
Epoch: 029 | Test Loss: 0.0045638 | Time: 610ms
Epoch: 030 | Train Loss: 0.0036946 | Grad norm: 0.606560 | Time: 1s247ms
Epoch: 030 | Test Loss: 0.0036837 | Time: 554ms
Epoch: 031 | Train Loss: 0.0033084 | Grad norm: 0.450046 | Time: 1s195ms
Epoch: 031 | Test Loss: 0.0033240 | Time: 546ms
==> Save the model at epoch 031 with test loss 0.0033240
Epoch: 032 | Train Loss: 0.0031753 | Grad norm: 0.404963 | Time: 1s209ms
Epoch: 032 | Test Loss: 0.0032288 | Time: 546ms
==> Save the model at epoch 032 with test loss 0.0032288
Epoch: 033 | Train Loss: 0.0029866 | Grad norm: 0.316271 | Time: 1s314ms
Epoch: 033 | Test Loss: 0.0031618 | Time: 538ms
==> Save the model at epoch 033 with test loss 0.0031618
Epoch: 034 | Train Loss: 0.0028784 | Grad norm: 0.251599 | Time: 1s215ms
Epoch: 034 | Test Loss: 0.0029856 | Time: 538ms
==> Save the model at epoch 034 with test loss 0.0029856
Epoch: 035 | Train Loss: 0.0028262 | Grad norm: 0.217062 | Time: 1s239ms
Epoch: 035 | Test Loss: 0.0028722 | Time: 544ms
==> Save the model at epoch 035 with test loss 0.0028722
Epoch: 036 | Train Loss: 0.0027866 | Grad norm: 0.183172 | Time: 1s358ms
Epoch: 036 | Test Loss: 0.0028518 | Time: 540ms
==> Save the model at epoch 036 with test loss 0.0028518
Epoch: 037 | Train Loss: 0.0027730 | Grad norm: 0.177127 | Time: 1s240ms
Epoch: 037 | Test Loss: 0.0028238 | Time: 543ms
==> Save the model at epoch 037 with test loss 0.0028238
Epoch: 038 | Train Loss: 0.0027455 | Grad norm: 0.140985 | Time: 1s333ms
Epoch: 038 | Test Loss: 0.0028578 | Time: 539ms
Epoch: 039 | Train Loss: 0.0027265 | Grad norm: 0.126963 | Time: 1s245ms
Epoch: 039 | Test Loss: 0.0027522 | Time: 616ms
==> Save the model at epoch 039 with test loss 0.0027522
Epoch: 040 | Train Loss: 0.0027107 | Grad norm: 0.097598 | Time: 1s273ms
Epoch: 040 | Test Loss: 0.0027508 | Time: 552ms
==> Save the model at epoch 040 with test loss 0.0027508
Total time: 1m12s
==> Saving trained model weights...
==> Input bias to be applied to the neural network (trained):
[0. 0.]
==> Input transform to be applied to the neural network (trained):
[0.6219679 0.6219679]
==> Output transform to be applied to the neural network (trained):
[3.225  3.2249]
==> Saving training info...
==> Drawing training loss...
==> Drawing grad norm...
==> Drawing testing loss...
==> Process finished.
