==> torch device:  cuda:1
==> Test-Train split: test_ratio = 0.20
==> Test-Train split seed:  None
==> Further split: further_train_ratio = 0.25
==> Further split seed:  None
==> Input bias to be applied to the neural network:
[0. 0.]
==> Input transform to be applied to the neural network:
[1. 1.]
==> Ouput transform to be applied to the neural network:
[1. 1.]
==> Evaluating model...
==========================================================================================
Layer (type:depth-idx)                   Output Shape              Param #
==========================================================================================
NeuralNetwork                            [1, 2]                    6
├─Sequential: 1-1                        [1, 2]                    --
│    └─Linear: 2-1                       [1, 64]                   192
│    └─LeakyReLU: 2-2                    [1, 64]                   --
│    └─Linear: 2-3                       [1, 64]                   4,160
│    └─LeakyReLU: 2-4                    [1, 64]                   --
│    └─Linear: 2-5                       [1, 64]                   4,160
│    └─LeakyReLU: 2-6                    [1, 64]                   --
│    └─Linear: 2-7                       [1, 64]                   4,160
│    └─LeakyReLU: 2-8                    [1, 64]                   --
│    └─Linear: 2-9                       [1, 64]                   4,160
│    └─LeakyReLU: 2-10                   [1, 64]                   --
│    └─Linear: 2-11                      [1, 64]                   4,160
│    └─LeakyReLU: 2-12                   [1, 64]                   --
│    └─Linear: 2-13                      [1, 64]                   4,160
│    └─LeakyReLU: 2-14                   [1, 64]                   --
│    └─Linear: 2-15                      [1, 2]                    130
==========================================================================================
Total params: 25,288
Trainable params: 25,282
Non-trainable params: 6
Total mult-adds (M): 0.03
==========================================================================================
Input size (MB): 0.00
Forward/backward pass size (MB): 0.00
Params size (MB): 0.10
Estimated Total Size (MB): 0.10
==========================================================================================
==> Saving initial model weights...
==> Start training...
Epoch: 001 | Loss: 10.3786425 | L2 loss: 10.2070934 | Lip loss: 0.1715492 | Grad norm: 19.962516 | Time: 13s42ms
Epoch: 001 | Test Loss: 0.1231217 | Time: 548ms
==> Save the model at epoch 001 with test loss 0.1231217
Epoch: 002 | Loss: 0.3179524 | L2 loss: 0.1072082 | Lip loss: 0.2107442 | Grad norm: 19.019147 | Time: 12s445ms
Epoch: 002 | Test Loss: 0.0173405 | Time: 542ms
==> Save the model at epoch 002 with test loss 0.0173405
Epoch: 003 | Loss: 0.2449696 | L2 loss: 0.0379161 | Lip loss: 0.2070535 | Grad norm: 9.236045 | Time: 12s738ms
Epoch: 003 | Test Loss: 0.0181683 | Time: 547ms
Epoch: 004 | Loss: 0.2525061 | L2 loss: 0.0456207 | Lip loss: 0.2068853 | Grad norm: 8.838949 | Time: 12s688ms
Epoch: 004 | Test Loss: 0.0351939 | Time: 541ms
Epoch: 005 | Loss: 0.2367579 | L2 loss: 0.0307097 | Lip loss: 0.2060482 | Grad norm: 6.294949 | Time: 12s583ms
Epoch: 005 | Test Loss: 0.1432566 | Time: 619ms
Epoch: 006 | Loss: 0.2223564 | L2 loss: 0.0178487 | Lip loss: 0.2045078 | Grad norm: 3.044020 | Time: 12s384ms
Epoch: 006 | Test Loss: 0.0091906 | Time: 554ms
==> Save the model at epoch 006 with test loss 0.0091906
Epoch: 007 | Loss: 0.2131494 | L2 loss: 0.0098505 | Lip loss: 0.2032989 | Grad norm: 1.558906 | Time: 12s391ms
Epoch: 007 | Test Loss: 0.0089801 | Time: 547ms
==> Save the model at epoch 007 with test loss 0.0089801
Epoch: 008 | Loss: 0.2127809 | L2 loss: 0.0093772 | Lip loss: 0.2034037 | Grad norm: 1.472998 | Time: 11s897ms
Epoch: 008 | Test Loss: 0.0092126 | Time: 549ms
Epoch: 009 | Loss: 0.2132721 | L2 loss: 0.0096586 | Lip loss: 0.2036135 | Grad norm: 1.564976 | Time: 11s540ms
Epoch: 009 | Test Loss: 0.0106896 | Time: 542ms
Epoch: 010 | Loss: 0.2128639 | L2 loss: 0.0092353 | Lip loss: 0.2036286 | Grad norm: 1.425437 | Time: 11s533ms
Epoch: 010 | Test Loss: 0.0090733 | Time: 606ms
Epoch: 011 | Loss: 0.2112579 | L2 loss: 0.0083265 | Lip loss: 0.2029314 | Grad norm: 1.015707 | Time: 11s509ms
Epoch: 011 | Test Loss: 0.0080716 | Time: 541ms
==> Save the model at epoch 011 with test loss 0.0080716
Epoch: 012 | Loss: 0.2107271 | L2 loss: 0.0082043 | Lip loss: 0.2025228 | Grad norm: 0.981650 | Time: 11s504ms
Epoch: 012 | Test Loss: 0.0082470 | Time: 542ms
Epoch: 013 | Loss: 0.2110129 | L2 loss: 0.0082192 | Lip loss: 0.2027936 | Grad norm: 1.038509 | Time: 11s564ms
Epoch: 013 | Test Loss: 0.0082444 | Time: 539ms
Epoch: 014 | Loss: 0.2108944 | L2 loss: 0.0082296 | Lip loss: 0.2026648 | Grad norm: 0.964100 | Time: 11s507ms
Epoch: 014 | Test Loss: 0.0082333 | Time: 543ms
Epoch: 015 | Loss: 0.2104894 | L2 loss: 0.0081531 | Lip loss: 0.2023363 | Grad norm: 0.995596 | Time: 11s509ms
Epoch: 015 | Test Loss: 0.0082702 | Time: 535ms
Epoch: 016 | Loss: 0.2104920 | L2 loss: 0.0081002 | Lip loss: 0.2023918 | Grad norm: 0.951879 | Time: 11s579ms
Epoch: 016 | Test Loss: 0.0080552 | Time: 540ms
==> Save the model at epoch 016 with test loss 0.0080552
Epoch: 017 | Loss: 0.2104085 | L2 loss: 0.0080546 | Lip loss: 0.2023539 | Grad norm: 0.886409 | Time: 12s321ms
Epoch: 017 | Test Loss: 0.0080417 | Time: 550ms
==> Save the model at epoch 017 with test loss 0.0080417
Epoch: 018 | Loss: 0.2106932 | L2 loss: 0.0080402 | Lip loss: 0.2026530 | Grad norm: 0.934994 | Time: 12s576ms
Epoch: 018 | Test Loss: 0.0080189 | Time: 609ms
==> Save the model at epoch 018 with test loss 0.0080189
Epoch: 019 | Loss: 0.2108958 | L2 loss: 0.0080323 | Lip loss: 0.2028635 | Grad norm: 0.957267 | Time: 12s642ms
Epoch: 019 | Test Loss: 0.0080201 | Time: 556ms
Epoch: 020 | Loss: 0.2102317 | L2 loss: 0.0080252 | Lip loss: 0.2022066 | Grad norm: 0.918768 | Time: 12s424ms
Epoch: 020 | Test Loss: 0.0080089 | Time: 558ms
==> Save the model at epoch 020 with test loss 0.0080089
Epoch: 021 | Loss: 0.2103673 | L2 loss: 0.0080059 | Lip loss: 0.2023615 | Grad norm: 0.870129 | Time: 12s468ms
Epoch: 021 | Test Loss: 0.0080013 | Time: 615ms
==> Save the model at epoch 021 with test loss 0.0080013
Epoch: 022 | Loss: 0.2106718 | L2 loss: 0.0080076 | Lip loss: 0.2026641 | Grad norm: 0.891174 | Time: 12s703ms
Epoch: 022 | Test Loss: 0.0080031 | Time: 563ms
Epoch: 023 | Loss: 0.2103229 | L2 loss: 0.0080006 | Lip loss: 0.2023223 | Grad norm: 0.887903 | Time: 12s641ms
Epoch: 023 | Test Loss: 0.0080037 | Time: 558ms
Epoch: 024 | Loss: 0.2102256 | L2 loss: 0.0080092 | Lip loss: 0.2022164 | Grad norm: 0.881789 | Time: 12s576ms
Epoch: 024 | Test Loss: 0.0080087 | Time: 557ms
Epoch: 025 | Loss: 0.2105043 | L2 loss: 0.0080060 | Lip loss: 0.2024984 | Grad norm: 0.893584 | Time: 12s516ms
Epoch: 025 | Test Loss: 0.0080065 | Time: 553ms
Epoch: 026 | Loss: 0.2104070 | L2 loss: 0.0080050 | Lip loss: 0.2024020 | Grad norm: 0.888060 | Time: 11s577ms
Epoch: 026 | Test Loss: 0.0080066 | Time: 539ms
Epoch: 027 | Loss: 0.2102329 | L2 loss: 0.0080058 | Lip loss: 0.2022271 | Grad norm: 0.824437 | Time: 11s585ms
Epoch: 027 | Test Loss: 0.0080065 | Time: 536ms
Epoch: 028 | Loss: 0.2103474 | L2 loss: 0.0080063 | Lip loss: 0.2023411 | Grad norm: 0.887159 | Time: 11s662ms
Epoch: 028 | Test Loss: 0.0080065 | Time: 550ms
Epoch: 029 | Loss: 0.2104308 | L2 loss: 0.0080088 | Lip loss: 0.2024219 | Grad norm: 0.924172 | Time: 12s741ms
Epoch: 029 | Test Loss: 0.0080062 | Time: 551ms
Epoch: 030 | Loss: 0.2108119 | L2 loss: 0.0080035 | Lip loss: 0.2028084 | Grad norm: 0.918110 | Time: 12s438ms
Epoch: 030 | Test Loss: 0.0080065 | Time: 541ms
Epoch: 031 | Loss: 0.2104236 | L2 loss: 0.0080092 | Lip loss: 0.2024144 | Grad norm: 0.877810 | Time: 12s435ms
Epoch: 031 | Test Loss: 0.0080065 | Time: 545ms
Epoch: 032 | Loss: 0.2111857 | L2 loss: 0.0080079 | Lip loss: 0.2031778 | Grad norm: 0.937158 | Time: 12s498ms
Epoch: 032 | Test Loss: 0.0080065 | Time: 547ms
Epoch: 033 | Loss: 0.2106362 | L2 loss: 0.0080068 | Lip loss: 0.2026295 | Grad norm: 0.896657 | Time: 12s740ms
Epoch: 033 | Test Loss: 0.0080065 | Time: 552ms
Epoch: 034 | Loss: 0.2103964 | L2 loss: 0.0080237 | Lip loss: 0.2023727 | Grad norm: 0.935607 | Time: 12s752ms
Epoch: 034 | Test Loss: 0.0080065 | Time: 552ms
Epoch: 035 | Loss: 0.2109414 | L2 loss: 0.0080108 | Lip loss: 0.2029307 | Grad norm: 0.895962 | Time: 12s598ms
Epoch: 035 | Test Loss: 0.0080065 | Time: 570ms
Epoch: 036 | Loss: 0.2105032 | L2 loss: 0.0080032 | Lip loss: 0.2025000 | Grad norm: 0.907354 | Time: 11s521ms
Epoch: 036 | Test Loss: 0.0080065 | Time: 542ms
Epoch: 037 | Loss: 0.2105929 | L2 loss: 0.0080067 | Lip loss: 0.2025863 | Grad norm: 0.906106 | Time: 11s578ms
Epoch: 037 | Test Loss: 0.0080065 | Time: 544ms
Epoch: 038 | Loss: 0.2101553 | L2 loss: 0.0080100 | Lip loss: 0.2021453 | Grad norm: 0.905919 | Time: 11s521ms
Epoch: 038 | Test Loss: 0.0080065 | Time: 544ms
Epoch: 039 | Loss: 0.2106742 | L2 loss: 0.0080163 | Lip loss: 0.2026578 | Grad norm: 0.888812 | Time: 11s577ms
Epoch: 039 | Test Loss: 0.0080065 | Time: 541ms
Epoch: 040 | Loss: 0.2102799 | L2 loss: 0.0080085 | Lip loss: 0.2022714 | Grad norm: 0.884039 | Time: 11s525ms
Epoch: 040 | Test Loss: 0.0080065 | Time: 538ms
Total time: 8m28s
==> Saving trained model weights...
==> Input bias to be applied to the neural network (trained):
[0. 0.]
==> Input transform to be applied to the neural network (trained):
[1. 1.]
==> Output transform to be applied to the neural network (trained):
[1. 1.]
==> Saving training info...
==> Drawing training loss...
==> Drawing grad norm...
==> Drawing testing loss...
==> Drawing l2 loss...
==> Drawing lip loss...
==> Process finished.
