==> torch device:  cuda:3
==> Test-Train split: test_ratio = 0.20
==> Test-Train split seed:  None
==> Further split: further_train_ratio = 1.00
==> Further split seed:  None
==> Lipschitz constant: 128.00
==> Input bias to be applied to the neural network:
[0. 0. 0. 0.]
==> Input transform to be applied to the neural network:
[ 0.62900996  0.6288517  11.614402    9.487666  ]
==> Ouput transform to be applied to the neural network:
[0.0195 0.021 ]
==> Evaluating model...
==========================================================================================
Layer (type:depth-idx)                   Output Shape              Param #
==========================================================================================
NeuralNetwork                            [1, 2]                    10
├─Sequential: 1-1                        [1, 2]                    --
│    └─SandwichFc: 2-1                   [1, 64]                   4,481
│    └─SandwichFc: 2-2                   [1, 64]                   8,321
│    └─SandwichFc: 2-3                   [1, 64]                   8,321
│    └─SandwichFc: 2-4                   [1, 64]                   8,321
│    └─SandwichFc: 2-5                   [1, 64]                   8,321
│    └─SandwichFc: 2-6                   [1, 64]                   8,321
│    └─SandwichFc: 2-7                   [1, 64]                   8,321
│    └─SandwichLin: 2-8                  [1, 2]                    135
├─Sequential: 1-2                        [1, 2]                    (recursive)
│    └─SandwichFc: 2-9                   [1, 64]                   (recursive)
│    └─SandwichFc: 2-10                  [1, 64]                   (recursive)
│    └─SandwichFc: 2-11                  [1, 64]                   (recursive)
│    └─SandwichFc: 2-12                  [1, 64]                   (recursive)
│    └─SandwichFc: 2-13                  [1, 64]                   (recursive)
│    └─SandwichFc: 2-14                  [1, 64]                   (recursive)
│    └─SandwichFc: 2-15                  [1, 64]                   (recursive)
│    └─SandwichLin: 2-16                 [1, 2]                    (recursive)
==========================================================================================
Total params: 54,552
Trainable params: 54,542
Non-trainable params: 10
Total mult-adds (Units.MEGABYTES): 0.11
==========================================================================================
Input size (MB): 0.00
Forward/backward pass size (MB): 0.01
Params size (MB): 0.22
Estimated Total Size (MB): 0.23
==========================================================================================
==> Saving initial model weights...
==> Start training...
==> Number of param_groups in optimizer: 1
Epoch: 001 | Train Loss: 0.0016077 | Grad norm: 0.047374 | Time: 17s209ms
Epoch: 001 | Test Loss: 0.0016102 | Time: 609ms
==> Save the model at epoch 001 with test loss 0.0016102
Epoch: 002 | Train Loss: 0.0001025 | Grad norm: 0.002917 | Time: 16s996ms
Epoch: 002 | Test Loss: 0.0000719 | Time: 620ms
==> Save the model at epoch 002 with test loss 0.0000719
Epoch: 003 | Train Loss: 0.0000705 | Grad norm: 0.001785 | Time: 17s548ms
Epoch: 003 | Test Loss: 0.0000685 | Time: 630ms
==> Save the model at epoch 003 with test loss 0.0000685
Epoch: 004 | Train Loss: 0.0000694 | Grad norm: 0.001778 | Time: 17s481ms
Epoch: 004 | Test Loss: 0.0000680 | Time: 621ms
==> Save the model at epoch 004 with test loss 0.0000680
Epoch: 005 | Train Loss: 0.0000690 | Grad norm: 0.001540 | Time: 17s141ms
Epoch: 005 | Test Loss: 0.0000681 | Time: 612ms
Epoch: 006 | Train Loss: 0.0000692 | Grad norm: 0.001363 | Time: 16s761ms
Epoch: 006 | Test Loss: 0.0000691 | Time: 684ms
Epoch: 007 | Train Loss: 0.0000696 | Grad norm: 0.001216 | Time: 17s396ms
Epoch: 007 | Test Loss: 0.0000692 | Time: 612ms
Epoch: 008 | Train Loss: 0.0000695 | Grad norm: 0.001106 | Time: 17s657ms
Epoch: 008 | Test Loss: 0.0000686 | Time: 609ms
Epoch: 009 | Train Loss: 0.0000699 | Grad norm: 0.001074 | Time: 17s122ms
Epoch: 009 | Test Loss: 0.0000715 | Time: 687ms
Epoch: 010 | Train Loss: 0.0000694 | Grad norm: 0.000994 | Time: 17s81ms
Epoch: 010 | Test Loss: 0.0000707 | Time: 620ms
Epoch: 011 | Train Loss: 0.0000696 | Grad norm: 0.000978 | Time: 16s809ms
Epoch: 011 | Test Loss: 0.0000686 | Time: 615ms
Epoch: 012 | Train Loss: 0.0000697 | Grad norm: 0.000982 | Time: 16s767ms
Epoch: 012 | Test Loss: 0.0000728 | Time: 636ms
Epoch: 013 | Train Loss: 0.0000700 | Grad norm: 0.000980 | Time: 17s186ms
Epoch: 013 | Test Loss: 0.0000709 | Time: 617ms
Epoch: 014 | Train Loss: 0.0000688 | Grad norm: 0.000835 | Time: 17s120ms
Epoch: 014 | Test Loss: 0.0000677 | Time: 613ms
==> Save the model at epoch 014 with test loss 0.0000677
Epoch: 015 | Train Loss: 0.0000694 | Grad norm: 0.000871 | Time: 16s882ms
Epoch: 015 | Test Loss: 0.0000712 | Time: 614ms
Epoch: 016 | Train Loss: 0.0000689 | Grad norm: 0.000821 | Time: 17s456ms
Epoch: 016 | Test Loss: 0.0000759 | Time: 615ms
Epoch: 017 | Train Loss: 0.0000686 | Grad norm: 0.000773 | Time: 17s610ms
Epoch: 017 | Test Loss: 0.0000664 | Time: 618ms
==> Save the model at epoch 017 with test loss 0.0000664
Epoch: 018 | Train Loss: 0.0000689 | Grad norm: 0.000795 | Time: 16s771ms
Epoch: 018 | Test Loss: 0.0000701 | Time: 615ms
Epoch: 019 | Train Loss: 0.0000686 | Grad norm: 0.000757 | Time: 17s28ms
Epoch: 019 | Test Loss: 0.0000681 | Time: 625ms
Epoch: 020 | Train Loss: 0.0000682 | Grad norm: 0.000736 | Time: 16s963ms
Epoch: 020 | Test Loss: 0.0000673 | Time: 678ms
Epoch: 021 | Train Loss: 0.0000681 | Grad norm: 0.000725 | Time: 17s133ms
Epoch: 021 | Test Loss: 0.0000670 | Time: 614ms
Epoch: 022 | Train Loss: 0.0000679 | Grad norm: 0.000700 | Time: 17s83ms
Epoch: 022 | Test Loss: 0.0000691 | Time: 615ms
Epoch: 023 | Train Loss: 0.0000675 | Grad norm: 0.000646 | Time: 17s544ms
Epoch: 023 | Test Loss: 0.0000663 | Time: 620ms
==> Save the model at epoch 023 with test loss 0.0000663
Epoch: 024 | Train Loss: 0.0000673 | Grad norm: 0.000621 | Time: 17s92ms
Epoch: 024 | Test Loss: 0.0000662 | Time: 613ms
==> Save the model at epoch 024 with test loss 0.0000662
Epoch: 025 | Train Loss: 0.0000671 | Grad norm: 0.000627 | Time: 16s958ms
Epoch: 025 | Test Loss: 0.0000675 | Time: 632ms
Epoch: 026 | Train Loss: 0.0000668 | Grad norm: 0.000615 | Time: 17s546ms
Epoch: 026 | Test Loss: 0.0000689 | Time: 615ms
Epoch: 027 | Train Loss: 0.0000666 | Grad norm: 0.000600 | Time: 17s62ms
Epoch: 027 | Test Loss: 0.0000652 | Time: 609ms
==> Save the model at epoch 027 with test loss 0.0000652
Epoch: 028 | Train Loss: 0.0000661 | Grad norm: 0.000562 | Time: 17s120ms
Epoch: 028 | Test Loss: 0.0000659 | Time: 615ms
Epoch: 029 | Train Loss: 0.0000658 | Grad norm: 0.000533 | Time: 17s436ms
Epoch: 029 | Test Loss: 0.0000647 | Time: 637ms
==> Save the model at epoch 029 with test loss 0.0000647
Epoch: 030 | Train Loss: 0.0000654 | Grad norm: 0.000504 | Time: 17s284ms
Epoch: 030 | Test Loss: 0.0000654 | Time: 611ms
Epoch: 031 | Train Loss: 0.0000652 | Grad norm: 0.000500 | Time: 17s175ms
Epoch: 031 | Test Loss: 0.0000660 | Time: 684ms
Epoch: 032 | Train Loss: 0.0000649 | Grad norm: 0.000482 | Time: 17s265ms
Epoch: 032 | Test Loss: 0.0000651 | Time: 609ms
Epoch: 033 | Train Loss: 0.0000646 | Grad norm: 0.000454 | Time: 16s653ms
Epoch: 033 | Test Loss: 0.0000643 | Time: 617ms
==> Save the model at epoch 033 with test loss 0.0000643
Epoch: 034 | Train Loss: 0.0000642 | Grad norm: 0.000453 | Time: 16s755ms
Epoch: 034 | Test Loss: 0.0000642 | Time: 683ms
==> Save the model at epoch 034 with test loss 0.0000642
Epoch: 035 | Train Loss: 0.0000639 | Grad norm: 0.000432 | Time: 16s958ms
Epoch: 035 | Test Loss: 0.0000639 | Time: 617ms
==> Save the model at epoch 035 with test loss 0.0000639
Epoch: 036 | Train Loss: 0.0000636 | Grad norm: 0.000411 | Time: 17s277ms
Epoch: 036 | Test Loss: 0.0000639 | Time: 608ms
==> Save the model at epoch 036 with test loss 0.0000639
Epoch: 037 | Train Loss: 0.0000634 | Grad norm: 0.000396 | Time: 17s106ms
Epoch: 037 | Test Loss: 0.0000637 | Time: 615ms
==> Save the model at epoch 037 with test loss 0.0000637
Epoch: 038 | Train Loss: 0.0000632 | Grad norm: 0.000388 | Time: 17s294ms
Epoch: 038 | Test Loss: 0.0000636 | Time: 616ms
==> Save the model at epoch 038 with test loss 0.0000636
Epoch: 039 | Train Loss: 0.0000630 | Grad norm: 0.000379 | Time: 17s309ms
Epoch: 039 | Test Loss: 0.0000634 | Time: 614ms
==> Save the model at epoch 039 with test loss 0.0000634
Epoch: 040 | Train Loss: 0.0000629 | Grad norm: 0.000373 | Time: 17s559ms
Epoch: 040 | Test Loss: 0.0000633 | Time: 613ms
==> Save the model at epoch 040 with test loss 0.0000633
Total time: 11m51s
==> Saving trained model weights...
==> Input bias to be applied to the neural network (trained):
[0. 0. 0. 0.]
==> Input transform to be applied to the neural network (trained):
[ 0.62900996  0.6288517  11.614402    9.487666  ]
==> Output transform to be applied to the neural network (trained):
[0.0195 0.021 ]
==> Saving training info...
==> Drawing training loss...
==> Drawing grad norm...
==> Drawing testing loss...
==> Process finished.
