==> torch device:  cuda:2
==> Test-Train split: test_ratio = 0.20
==> Test-Train split seed:  None
==> Further split: further_train_ratio = 0.25
==> Further split seed:  None
==> Input bias to be applied to the neural network:
[0. 0.]
==> Input transform to be applied to the neural network:
[0.5090095 0.5090095]
==> Ouput transform to be applied to the neural network:
[3.9366 3.9363]
==> Evaluating model...
==========================================================================================
Layer (type:depth-idx)                   Output Shape              Param #
==========================================================================================
NeuralNetwork                            [1, 2]                    6
├─Sequential: 1-1                        [1, 2]                    --
│    └─Linear: 2-1                       [1, 64]                   192
│    └─ReLU: 2-2                         [1, 64]                   --
│    └─Linear: 2-3                       [1, 64]                   4,160
│    └─ReLU: 2-4                         [1, 64]                   --
│    └─Linear: 2-5                       [1, 64]                   4,160
│    └─ReLU: 2-6                         [1, 64]                   --
│    └─Linear: 2-7                       [1, 64]                   4,160
│    └─ReLU: 2-8                         [1, 64]                   --
│    └─Linear: 2-9                       [1, 64]                   4,160
│    └─ReLU: 2-10                        [1, 64]                   --
│    └─Linear: 2-11                      [1, 64]                   4,160
│    └─ReLU: 2-12                        [1, 64]                   --
│    └─Linear: 2-13                      [1, 64]                   4,160
│    └─ReLU: 2-14                        [1, 64]                   --
│    └─Linear: 2-15                      [1, 2]                    130
├─Sequential: 1-2                        [1, 2]                    (recursive)
│    └─Linear: 2-16                      [1, 64]                   (recursive)
│    └─ReLU: 2-17                        [1, 64]                   --
│    └─Linear: 2-18                      [1, 64]                   (recursive)
│    └─ReLU: 2-19                        [1, 64]                   --
│    └─Linear: 2-20                      [1, 64]                   (recursive)
│    └─ReLU: 2-21                        [1, 64]                   --
│    └─Linear: 2-22                      [1, 64]                   (recursive)
│    └─ReLU: 2-23                        [1, 64]                   --
│    └─Linear: 2-24                      [1, 64]                   (recursive)
│    └─ReLU: 2-25                        [1, 64]                   --
│    └─Linear: 2-26                      [1, 64]                   (recursive)
│    └─ReLU: 2-27                        [1, 64]                   --
│    └─Linear: 2-28                      [1, 64]                   (recursive)
│    └─ReLU: 2-29                        [1, 64]                   --
│    └─Linear: 2-30                      [1, 2]                    (recursive)
==========================================================================================
Total params: 25,288
Trainable params: 25,282
Non-trainable params: 6
Total mult-adds (Units.MEGABYTES): 0.05
==========================================================================================
Input size (MB): 0.00
Forward/backward pass size (MB): 0.01
Params size (MB): 0.10
Estimated Total Size (MB): 0.11
==========================================================================================
==> Saving initial model weights...
==> Start training...
==> Number of param_groups in optimizer: 1
Epoch: 001 | Train Loss: 31.1135217 | Grad norm: 1.215217 | Time: 1s410ms
Epoch: 001 | Test Loss: 30.8346523 | Time: 461ms
==> Save the model at epoch 001 with test loss 30.8346523
Epoch: 002 | Train Loss: 7.1486238 | Grad norm: 12.014906 | Time: 1s111ms
Epoch: 002 | Test Loss: 0.0354504 | Time: 504ms
==> Save the model at epoch 002 with test loss 0.0354504
Epoch: 003 | Train Loss: 0.0569441 | Grad norm: 5.650811 | Time: 995ms
Epoch: 003 | Test Loss: 0.0598855 | Time: 514ms
Epoch: 004 | Train Loss: 0.0674420 | Grad norm: 5.919147 | Time: 1s46ms
Epoch: 004 | Test Loss: 0.0274271 | Time: 441ms
==> Save the model at epoch 004 with test loss 0.0274271
Epoch: 005 | Train Loss: 0.1038659 | Grad norm: 6.939359 | Time: 1s19ms
Epoch: 005 | Test Loss: 0.1159284 | Time: 468ms
Epoch: 006 | Train Loss: 0.1941440 | Grad norm: 9.262798 | Time: 1s29ms
Epoch: 006 | Test Loss: 0.0436022 | Time: 458ms
Epoch: 007 | Train Loss: 0.2098976 | Grad norm: 10.277669 | Time: 992ms
Epoch: 007 | Test Loss: 0.4330542 | Time: 515ms
Epoch: 008 | Train Loss: 0.2277750 | Grad norm: 10.910029 | Time: 1s12ms
Epoch: 008 | Test Loss: 0.2083957 | Time: 440ms
Epoch: 009 | Train Loss: 0.1809660 | Grad norm: 9.299588 | Time: 945ms
Epoch: 009 | Test Loss: 0.1149776 | Time: 447ms
Epoch: 010 | Train Loss: 0.2953679 | Grad norm: 11.774079 | Time: 1s34ms
Epoch: 010 | Test Loss: 0.5053352 | Time: 448ms
Epoch: 011 | Train Loss: 0.2295266 | Grad norm: 10.478838 | Time: 1s25ms
Epoch: 011 | Test Loss: 0.1242172 | Time: 524ms
Epoch: 012 | Train Loss: 0.1655765 | Grad norm: 8.910013 | Time: 1s73ms
Epoch: 012 | Test Loss: 0.1071489 | Time: 442ms
Epoch: 013 | Train Loss: 0.1041063 | Grad norm: 6.737585 | Time: 1s24ms
Epoch: 013 | Test Loss: 0.0930280 | Time: 454ms
Epoch: 014 | Train Loss: 0.0888530 | Grad norm: 6.471106 | Time: 970ms
Epoch: 014 | Test Loss: 0.0298901 | Time: 440ms
Epoch: 015 | Train Loss: 0.1107495 | Grad norm: 7.234213 | Time: 1s33ms
Epoch: 015 | Test Loss: 0.0849037 | Time: 528ms
Epoch: 016 | Train Loss: 0.0685331 | Grad norm: 5.674918 | Time: 943ms
Epoch: 016 | Test Loss: 0.0939838 | Time: 441ms
Epoch: 017 | Train Loss: 0.1022485 | Grad norm: 6.574762 | Time: 1s47ms
Epoch: 017 | Test Loss: 0.0879795 | Time: 452ms
Epoch: 018 | Train Loss: 0.0761963 | Grad norm: 5.886426 | Time: 966ms
Epoch: 018 | Test Loss: 0.0475980 | Time: 441ms
Epoch: 019 | Train Loss: 0.0858712 | Grad norm: 6.179633 | Time: 970ms
Epoch: 019 | Test Loss: 0.1928929 | Time: 508ms
Epoch: 020 | Train Loss: 0.0535176 | Grad norm: 4.927987 | Time: 974ms
Epoch: 020 | Test Loss: 0.0263112 | Time: 448ms
==> Save the model at epoch 020 with test loss 0.0263112
Epoch: 021 | Train Loss: 0.0533110 | Grad norm: 4.553415 | Time: 929ms
Epoch: 021 | Test Loss: 0.0685947 | Time: 439ms
Epoch: 022 | Train Loss: 0.0391867 | Grad norm: 4.160907 | Time: 941ms
Epoch: 022 | Test Loss: 0.0269353 | Time: 446ms
Epoch: 023 | Train Loss: 0.0460226 | Grad norm: 4.256688 | Time: 973ms
Epoch: 023 | Test Loss: 0.1182991 | Time: 525ms
Epoch: 024 | Train Loss: 0.0608278 | Grad norm: 4.848438 | Time: 1s53ms
Epoch: 024 | Test Loss: 0.0264391 | Time: 454ms
Epoch: 025 | Train Loss: 0.0285699 | Grad norm: 3.246498 | Time: 986ms
Epoch: 025 | Test Loss: 0.0351503 | Time: 442ms
Epoch: 026 | Train Loss: 0.0262873 | Grad norm: 2.977018 | Time: 992ms
Epoch: 026 | Test Loss: 0.0189542 | Time: 452ms
==> Save the model at epoch 026 with test loss 0.0189542
Epoch: 027 | Train Loss: 0.0167187 | Grad norm: 2.108265 | Time: 1s81ms
Epoch: 027 | Test Loss: 0.0219256 | Time: 518ms
Epoch: 028 | Train Loss: 0.0217313 | Grad norm: 2.618140 | Time: 1s3ms
Epoch: 028 | Test Loss: 0.0522761 | Time: 440ms
Epoch: 029 | Train Loss: 0.0139863 | Grad norm: 1.761166 | Time: 1s36ms
Epoch: 029 | Test Loss: 0.0116064 | Time: 460ms
==> Save the model at epoch 029 with test loss 0.0116064
Epoch: 030 | Train Loss: 0.0111826 | Grad norm: 1.348940 | Time: 978ms
Epoch: 030 | Test Loss: 0.0083232 | Time: 458ms
==> Save the model at epoch 030 with test loss 0.0083232
Epoch: 031 | Train Loss: 0.0090881 | Grad norm: 0.874625 | Time: 1s56ms
Epoch: 031 | Test Loss: 0.0093357 | Time: 511ms
Epoch: 032 | Train Loss: 0.0090882 | Grad norm: 0.906024 | Time: 1s36ms
Epoch: 032 | Test Loss: 0.0092258 | Time: 456ms
Epoch: 033 | Train Loss: 0.0087003 | Grad norm: 0.794132 | Time: 997ms
Epoch: 033 | Test Loss: 0.0079068 | Time: 439ms
==> Save the model at epoch 033 with test loss 0.0079068
Epoch: 034 | Train Loss: 0.0080493 | Grad norm: 0.578450 | Time: 1s46ms
Epoch: 034 | Test Loss: 0.0080111 | Time: 441ms
Epoch: 035 | Train Loss: 0.0078678 | Grad norm: 0.504791 | Time: 1s66ms
Epoch: 035 | Test Loss: 0.0070722 | Time: 512ms
==> Save the model at epoch 035 with test loss 0.0070722
Epoch: 036 | Train Loss: 0.0076087 | Grad norm: 0.372738 | Time: 931ms
Epoch: 036 | Test Loss: 0.0073276 | Time: 438ms
Epoch: 037 | Train Loss: 0.0075179 | Grad norm: 0.347645 | Time: 946ms
Epoch: 037 | Test Loss: 0.0071476 | Time: 453ms
Epoch: 038 | Train Loss: 0.0074544 | Grad norm: 0.313003 | Time: 973ms
Epoch: 038 | Test Loss: 0.0069491 | Time: 459ms
==> Save the model at epoch 038 with test loss 0.0069491
Epoch: 039 | Train Loss: 0.0073730 | Grad norm: 0.240633 | Time: 1s26ms
Epoch: 039 | Test Loss: 0.0069697 | Time: 527ms
Epoch: 040 | Train Loss: 0.0073270 | Grad norm: 0.219497 | Time: 1s34ms
Epoch: 040 | Test Loss: 0.0069414 | Time: 441ms
==> Save the model at epoch 040 with test loss 0.0069414
Total time: 59s447ms
==> Saving trained model weights...
==> Input bias to be applied to the neural network (trained):
[0. 0.]
==> Input transform to be applied to the neural network (trained):
[0.5090095 0.5090095]
==> Output transform to be applied to the neural network (trained):
[3.9366 3.9363]
==> Saving training info...
==> Drawing training loss...
==> Drawing grad norm...
==> Drawing testing loss...
==> Process finished.
