==> torch device:  cuda:0
==> Test-Train split: test_ratio = 0.20
==> Test-Train split seed:  None
==> Further split: further_train_ratio = 0.25
==> Further split seed:  None
==> Input bias to be applied to the neural network:
[0. 0. 0. 0.]
==> Input transform to be applied to the neural network:
[1. 1. 1. 1.]
==> Ouput transform to be applied to the neural network:
[1. 1.]
==> Evaluating model...
==========================================================================================
Layer (type:depth-idx)                   Output Shape              Param #
==========================================================================================
NeuralNetwork                            [1, 2]                    10
├─Sequential: 1-1                        [1, 2]                    --
│    └─Linear: 2-1                       [1, 64]                   320
│    └─LeakyReLU: 2-2                    [1, 64]                   --
│    └─Linear: 2-3                       [1, 64]                   4,160
│    └─LeakyReLU: 2-4                    [1, 64]                   --
│    └─Linear: 2-5                       [1, 64]                   4,160
│    └─LeakyReLU: 2-6                    [1, 64]                   --
│    └─Linear: 2-7                       [1, 64]                   4,160
│    └─LeakyReLU: 2-8                    [1, 64]                   --
│    └─Linear: 2-9                       [1, 64]                   4,160
│    └─LeakyReLU: 2-10                   [1, 64]                   --
│    └─Linear: 2-11                      [1, 64]                   4,160
│    └─LeakyReLU: 2-12                   [1, 64]                   --
│    └─Linear: 2-13                      [1, 64]                   4,160
│    └─LeakyReLU: 2-14                   [1, 64]                   --
│    └─Linear: 2-15                      [1, 2]                    130
==========================================================================================
Total params: 25,420
Trainable params: 25,410
Non-trainable params: 10
Total mult-adds (Units.MEGABYTES): 0.03
==========================================================================================
Input size (MB): 0.00
Forward/backward pass size (MB): 0.00
Params size (MB): 0.10
Estimated Total Size (MB): 0.11
==========================================================================================
==> Saving initial model weights...
==> Start training...
Epoch: 001 | Loss: 0.0415989 | L2 loss: 0.0415989 | Lip loss: 0.0000000 | Grad norm: 0.125642 | Time: 8s530ms
Epoch: 001 | Test Loss: 0.0116300 | Time: 488ms
==> Save the model at epoch 001 with test loss 0.0116300
Epoch: 002 | Loss: 0.0106014 | L2 loss: 0.0106014 | Lip loss: 0.0000000 | Grad norm: 0.114557 | Time: 8s236ms
Epoch: 002 | Test Loss: 0.0109258 | Time: 565ms
==> Save the model at epoch 002 with test loss 0.0109258
Epoch: 003 | Loss: 0.0102483 | L2 loss: 0.0102483 | Lip loss: 0.0000000 | Grad norm: 0.071328 | Time: 8s656ms
Epoch: 003 | Test Loss: 0.0113041 | Time: 490ms
Epoch: 004 | Loss: 0.0102413 | L2 loss: 0.0102412 | Lip loss: 0.0000000 | Grad norm: 0.082285 | Time: 8s426ms
Epoch: 004 | Test Loss: 0.0108257 | Time: 504ms
==> Save the model at epoch 004 with test loss 0.0108257
Epoch: 005 | Loss: 0.0101375 | L2 loss: 0.0101375 | Lip loss: 0.0000000 | Grad norm: 0.070429 | Time: 8s640ms
Epoch: 005 | Test Loss: 0.0109386 | Time: 485ms
Epoch: 006 | Loss: 0.0098706 | L2 loss: 0.0098705 | Lip loss: 0.0000000 | Grad norm: 0.042798 | Time: 8s555ms
Epoch: 006 | Test Loss: 0.0105661 | Time: 506ms
==> Save the model at epoch 006 with test loss 0.0105661
Epoch: 007 | Loss: 0.0098225 | L2 loss: 0.0098224 | Lip loss: 0.0000000 | Grad norm: 0.038676 | Time: 8s379ms
Epoch: 007 | Test Loss: 0.0105533 | Time: 505ms
==> Save the model at epoch 007 with test loss 0.0105533
Epoch: 008 | Loss: 0.0098221 | L2 loss: 0.0098221 | Lip loss: 0.0000000 | Grad norm: 0.041794 | Time: 8s712ms
Epoch: 008 | Test Loss: 0.0105541 | Time: 502ms
Epoch: 009 | Loss: 0.0098091 | L2 loss: 0.0098091 | Lip loss: 0.0000000 | Grad norm: 0.038249 | Time: 8s668ms
Epoch: 009 | Test Loss: 0.0105326 | Time: 484ms
==> Save the model at epoch 009 with test loss 0.0105326
Epoch: 010 | Loss: 0.0098028 | L2 loss: 0.0098028 | Lip loss: 0.0000000 | Grad norm: 0.039135 | Time: 8s617ms
Epoch: 010 | Test Loss: 0.0105349 | Time: 483ms
Epoch: 011 | Loss: 0.0097756 | L2 loss: 0.0097756 | Lip loss: 0.0000000 | Grad norm: 0.033803 | Time: 8s508ms
Epoch: 011 | Test Loss: 0.0105231 | Time: 492ms
==> Save the model at epoch 011 with test loss 0.0105231
Epoch: 012 | Loss: 0.0097710 | L2 loss: 0.0097710 | Lip loss: 0.0000000 | Grad norm: 0.035807 | Time: 8s218ms
Epoch: 012 | Test Loss: 0.0105234 | Time: 516ms
Epoch: 013 | Loss: 0.0097703 | L2 loss: 0.0097703 | Lip loss: 0.0000000 | Grad norm: 0.033106 | Time: 8s673ms
Epoch: 013 | Test Loss: 0.0105229 | Time: 577ms
==> Save the model at epoch 013 with test loss 0.0105229
Epoch: 014 | Loss: 0.0097681 | L2 loss: 0.0097681 | Lip loss: 0.0000000 | Grad norm: 0.034527 | Time: 8s705ms
Epoch: 014 | Test Loss: 0.0105206 | Time: 491ms
==> Save the model at epoch 014 with test loss 0.0105206
Epoch: 015 | Loss: 0.0097697 | L2 loss: 0.0097697 | Lip loss: 0.0000000 | Grad norm: 0.034079 | Time: 8s491ms
Epoch: 015 | Test Loss: 0.0105184 | Time: 487ms
==> Save the model at epoch 015 with test loss 0.0105184
Epoch: 016 | Loss: 0.0097638 | L2 loss: 0.0097638 | Lip loss: 0.0000000 | Grad norm: 0.034026 | Time: 8s480ms
Epoch: 016 | Test Loss: 0.0105152 | Time: 558ms
==> Save the model at epoch 016 with test loss 0.0105152
Epoch: 017 | Loss: 0.0097576 | L2 loss: 0.0097576 | Lip loss: 0.0000000 | Grad norm: 0.035013 | Time: 8s218ms
Epoch: 017 | Test Loss: 0.0105149 | Time: 491ms
==> Save the model at epoch 017 with test loss 0.0105149
Epoch: 018 | Loss: 0.0097697 | L2 loss: 0.0097697 | Lip loss: 0.0000000 | Grad norm: 0.034922 | Time: 8s389ms
Epoch: 018 | Test Loss: 0.0105153 | Time: 487ms
Epoch: 019 | Loss: 0.0097622 | L2 loss: 0.0097621 | Lip loss: 0.0000000 | Grad norm: 0.034976 | Time: 8s316ms
Epoch: 019 | Test Loss: 0.0105159 | Time: 493ms
Epoch: 020 | Loss: 0.0097819 | L2 loss: 0.0097819 | Lip loss: 0.0000000 | Grad norm: 0.034644 | Time: 8s86ms
Epoch: 020 | Test Loss: 0.0105154 | Time: 489ms
Epoch: 021 | Loss: 0.0097661 | L2 loss: 0.0097661 | Lip loss: 0.0000000 | Grad norm: 0.033200 | Time: 8s311ms
Epoch: 021 | Test Loss: 0.0105154 | Time: 505ms
Epoch: 022 | Loss: 0.0097604 | L2 loss: 0.0097604 | Lip loss: 0.0000000 | Grad norm: 0.034306 | Time: 8s553ms
Epoch: 022 | Test Loss: 0.0105153 | Time: 490ms
Epoch: 023 | Loss: 0.0097614 | L2 loss: 0.0097614 | Lip loss: 0.0000000 | Grad norm: 0.033695 | Time: 8s476ms
Epoch: 023 | Test Loss: 0.0105154 | Time: 512ms
Epoch: 024 | Loss: 0.0097595 | L2 loss: 0.0097594 | Lip loss: 0.0000000 | Grad norm: 0.032172 | Time: 8s157ms
Epoch: 024 | Test Loss: 0.0105153 | Time: 582ms
Epoch: 025 | Loss: 0.0097635 | L2 loss: 0.0097635 | Lip loss: 0.0000000 | Grad norm: 0.034088 | Time: 8s276ms
Epoch: 025 | Test Loss: 0.0105153 | Time: 496ms
Epoch: 026 | Loss: 0.0097611 | L2 loss: 0.0097611 | Lip loss: 0.0000000 | Grad norm: 0.034684 | Time: 8s369ms
Epoch: 026 | Test Loss: 0.0105153 | Time: 496ms
Epoch: 027 | Loss: 0.0097696 | L2 loss: 0.0097696 | Lip loss: 0.0000000 | Grad norm: 0.033482 | Time: 8s341ms
Epoch: 027 | Test Loss: 0.0105153 | Time: 576ms
Epoch: 028 | Loss: 0.0097601 | L2 loss: 0.0097601 | Lip loss: 0.0000000 | Grad norm: 0.033252 | Time: 8s395ms
Epoch: 028 | Test Loss: 0.0105153 | Time: 484ms
Epoch: 029 | Loss: 0.0097562 | L2 loss: 0.0097562 | Lip loss: 0.0000000 | Grad norm: 0.036616 | Time: 8s355ms
Epoch: 029 | Test Loss: 0.0105153 | Time: 496ms
Epoch: 030 | Loss: 0.0097575 | L2 loss: 0.0097575 | Lip loss: 0.0000000 | Grad norm: 0.034671 | Time: 8s382ms
Epoch: 030 | Test Loss: 0.0105153 | Time: 507ms
Epoch: 031 | Loss: 0.0097592 | L2 loss: 0.0097592 | Lip loss: 0.0000000 | Grad norm: 0.033613 | Time: 8s255ms
Epoch: 031 | Test Loss: 0.0105153 | Time: 494ms
Epoch: 032 | Loss: 0.0097659 | L2 loss: 0.0097659 | Lip loss: 0.0000000 | Grad norm: 0.033640 | Time: 8s257ms
Epoch: 032 | Test Loss: 0.0105153 | Time: 493ms
Epoch: 033 | Loss: 0.0097714 | L2 loss: 0.0097713 | Lip loss: 0.0000000 | Grad norm: 0.035604 | Time: 8s629ms
Epoch: 033 | Test Loss: 0.0105153 | Time: 490ms
Epoch: 034 | Loss: 0.0097578 | L2 loss: 0.0097578 | Lip loss: 0.0000000 | Grad norm: 0.033937 | Time: 8s342ms
Epoch: 034 | Test Loss: 0.0105153 | Time: 492ms
Epoch: 035 | Loss: 0.0097649 | L2 loss: 0.0097649 | Lip loss: 0.0000000 | Grad norm: 0.034890 | Time: 8s266ms
Epoch: 035 | Test Loss: 0.0105153 | Time: 562ms
Epoch: 036 | Loss: 0.0097648 | L2 loss: 0.0097647 | Lip loss: 0.0000000 | Grad norm: 0.033345 | Time: 8s369ms
Epoch: 036 | Test Loss: 0.0105153 | Time: 506ms
Epoch: 037 | Loss: 0.0097676 | L2 loss: 0.0097675 | Lip loss: 0.0000000 | Grad norm: 0.032118 | Time: 8s427ms
Epoch: 037 | Test Loss: 0.0105153 | Time: 495ms
Epoch: 038 | Loss: 0.0097593 | L2 loss: 0.0097593 | Lip loss: 0.0000000 | Grad norm: 0.035063 | Time: 8s191ms
Epoch: 038 | Test Loss: 0.0105153 | Time: 558ms
Epoch: 039 | Loss: 0.0097917 | L2 loss: 0.0097917 | Lip loss: 0.0000000 | Grad norm: 0.034917 | Time: 8s427ms
Epoch: 039 | Test Loss: 0.0105153 | Time: 486ms
Epoch: 040 | Loss: 0.0097600 | L2 loss: 0.0097600 | Lip loss: 0.0000000 | Grad norm: 0.034856 | Time: 8s562ms
Epoch: 040 | Test Loss: 0.0105153 | Time: 501ms
Total time: 5m57s
==> Saving trained model weights...
==> Input bias to be applied to the neural network (trained):
[0. 0. 0. 0.]
==> Input transform to be applied to the neural network (trained):
[1. 1. 1. 1.]
==> Output transform to be applied to the neural network (trained):
[1. 1.]
==> Saving training info...
==> Drawing training loss...
==> Drawing grad norm...
==> Drawing testing loss...
==> Drawing l2 loss...
==> Drawing lip loss...
==> Process finished.
