==> torch device:  cuda:1
==> Test-Train split: test_ratio = 0.20
==> Test-Train split seed:  None
==> Further split: further_train_ratio = 1.00
==> Further split seed:  None
==> Lipschitz constant: 8.00
==> Input bias to be applied to the neural network:
[0. 0.]
==> Input transform to be applied to the neural network:
[0.5090095 0.5090095]
==> Ouput transform to be applied to the neural network:
[3.9366 3.9363]
==> Evaluating model...
==========================================================================================
Layer (type:depth-idx)                   Output Shape              Param #
==========================================================================================
NeuralNetwork                            [1, 2]                    6
├─Sequential: 1-1                        [1, 2]                    --
│    └─SandwichFc: 2-1                   [1, 64]                   4,353
│    └─SandwichFc: 2-2                   [1, 64]                   8,321
│    └─SandwichFc: 2-3                   [1, 64]                   8,321
│    └─SandwichFc: 2-4                   [1, 64]                   8,321
│    └─SandwichFc: 2-5                   [1, 64]                   8,321
│    └─SandwichFc: 2-6                   [1, 64]                   8,321
│    └─SandwichFc: 2-7                   [1, 64]                   8,321
│    └─SandwichLin: 2-8                  [1, 2]                    135
├─Sequential: 1-2                        [1, 2]                    (recursive)
│    └─SandwichFc: 2-9                   [1, 64]                   (recursive)
│    └─SandwichFc: 2-10                  [1, 64]                   (recursive)
│    └─SandwichFc: 2-11                  [1, 64]                   (recursive)
│    └─SandwichFc: 2-12                  [1, 64]                   (recursive)
│    └─SandwichFc: 2-13                  [1, 64]                   (recursive)
│    └─SandwichFc: 2-14                  [1, 64]                   (recursive)
│    └─SandwichFc: 2-15                  [1, 64]                   (recursive)
│    └─SandwichLin: 2-16                 [1, 2]                    (recursive)
==========================================================================================
Total params: 54,420
Trainable params: 54,414
Non-trainable params: 6
Total mult-adds (M): 0.11
==========================================================================================
Input size (MB): 0.00
Forward/backward pass size (MB): 0.01
Params size (MB): 0.22
Estimated Total Size (MB): 0.22
==========================================================================================
==> Saving initial model weights...
==> Start training...
==> Number of param_groups in optimizer: 1
Epoch: 001 | Train Loss: 31.2007431 | Grad norm: 62.673034 | Time: 20s86ms
Epoch: 001 | Test Loss: 30.9562383 | Time: 833ms
==> Save the model at epoch 001 with test loss 30.9562383
Epoch: 002 | Train Loss: 1.1038086 | Grad norm: 11.464191 | Time: 19s851ms
Epoch: 002 | Test Loss: 0.0108779 | Time: 794ms
==> Save the model at epoch 002 with test loss 0.0108779
Epoch: 003 | Train Loss: 0.0211074 | Grad norm: 7.658976 | Time: 16s917ms
Epoch: 003 | Test Loss: 0.0250721 | Time: 794ms
Epoch: 004 | Train Loss: 0.0307650 | Grad norm: 9.509526 | Time: 19s561ms
Epoch: 004 | Test Loss: 0.0398355 | Time: 811ms
Epoch: 005 | Train Loss: 0.0358090 | Grad norm: 10.483406 | Time: 19s706ms
Epoch: 005 | Test Loss: 0.0351582 | Time: 824ms
Epoch: 006 | Train Loss: 0.0441505 | Grad norm: 11.274780 | Time: 18s974ms
Epoch: 006 | Test Loss: 0.0244752 | Time: 826ms
Epoch: 007 | Train Loss: 0.0464354 | Grad norm: 11.463610 | Time: 20s852ms
Epoch: 007 | Test Loss: 0.0515262 | Time: 828ms
Epoch: 008 | Train Loss: 0.0504459 | Grad norm: 11.372658 | Time: 21s69ms
Epoch: 008 | Test Loss: 0.0373594 | Time: 823ms
Epoch: 009 | Train Loss: 0.0537955 | Grad norm: 10.880725 | Time: 20s802ms
Epoch: 009 | Test Loss: 0.0677142 | Time: 833ms
Epoch: 010 | Train Loss: 0.0465752 | Grad norm: 9.667271 | Time: 21s51ms
Epoch: 010 | Test Loss: 0.0460315 | Time: 798ms
Epoch: 011 | Train Loss: 0.0382854 | Grad norm: 8.549446 | Time: 21s335ms
Epoch: 011 | Test Loss: 0.0462935 | Time: 837ms
Epoch: 012 | Train Loss: 0.0328162 | Grad norm: 7.636987 | Time: 21s161ms
Epoch: 012 | Test Loss: 0.0468470 | Time: 826ms
Epoch: 013 | Train Loss: 0.0335961 | Grad norm: 6.808465 | Time: 22s13ms
Epoch: 013 | Test Loss: 0.0230525 | Time: 794ms
Epoch: 014 | Train Loss: 0.0256688 | Grad norm: 6.505231 | Time: 19s536ms
Epoch: 014 | Test Loss: 0.0190939 | Time: 787ms
Epoch: 015 | Train Loss: 0.0271364 | Grad norm: 5.726781 | Time: 20s932ms
Epoch: 015 | Test Loss: 0.0159501 | Time: 823ms
Epoch: 016 | Train Loss: 0.0214733 | Grad norm: 5.597906 | Time: 20s277ms
Epoch: 016 | Test Loss: 0.0257003 | Time: 823ms
Epoch: 017 | Train Loss: 0.0196763 | Grad norm: 5.084591 | Time: 21s702ms
Epoch: 017 | Test Loss: 0.0194846 | Time: 817ms
Epoch: 018 | Train Loss: 0.0189709 | Grad norm: 4.709181 | Time: 21s33ms
Epoch: 018 | Test Loss: 0.0147986 | Time: 796ms
Epoch: 019 | Train Loss: 0.0193648 | Grad norm: 4.245086 | Time: 21s647ms
Epoch: 019 | Test Loss: 0.0188640 | Time: 821ms
Epoch: 020 | Train Loss: 0.0161900 | Grad norm: 4.095942 | Time: 22s24ms
Epoch: 020 | Test Loss: 0.0175379 | Time: 795ms
Epoch: 021 | Train Loss: 0.0159594 | Grad norm: 3.816090 | Time: 20s814ms
Epoch: 021 | Test Loss: 0.0115302 | Time: 837ms
Epoch: 022 | Train Loss: 0.0137360 | Grad norm: 3.330234 | Time: 20s385ms
Epoch: 022 | Test Loss: 0.0113148 | Time: 835ms
Epoch: 023 | Train Loss: 0.0133503 | Grad norm: 3.162913 | Time: 21s902ms
Epoch: 023 | Test Loss: 0.0157049 | Time: 836ms
Epoch: 024 | Train Loss: 0.0119360 | Grad norm: 2.942499 | Time: 20s639ms
Epoch: 024 | Test Loss: 0.0102922 | Time: 824ms
==> Save the model at epoch 024 with test loss 0.0102922
Epoch: 025 | Train Loss: 0.0118181 | Grad norm: 2.508532 | Time: 21s25ms
Epoch: 025 | Test Loss: 0.0100804 | Time: 836ms
==> Save the model at epoch 025 with test loss 0.0100804
Epoch: 026 | Train Loss: 0.0127288 | Grad norm: 3.146029 | Time: 20s587ms
Epoch: 026 | Test Loss: 0.0116951 | Time: 827ms
Epoch: 027 | Train Loss: 0.0114687 | Grad norm: 2.728120 | Time: 19s52ms
Epoch: 027 | Test Loss: 0.0101137 | Time: 818ms
Epoch: 028 | Train Loss: 0.0102055 | Grad norm: 2.061864 | Time: 22s759ms
Epoch: 028 | Test Loss: 0.0080844 | Time: 824ms
==> Save the model at epoch 028 with test loss 0.0080844
Epoch: 029 | Train Loss: 0.0100162 | Grad norm: 2.222169 | Time: 20s241ms
Epoch: 029 | Test Loss: 0.0102854 | Time: 828ms
Epoch: 030 | Train Loss: 0.0091151 | Grad norm: 1.632602 | Time: 20s853ms
Epoch: 030 | Test Loss: 0.0078133 | Time: 821ms
==> Save the model at epoch 030 with test loss 0.0078133
Epoch: 031 | Train Loss: 0.0082665 | Grad norm: 1.161918 | Time: 20s801ms
Epoch: 031 | Test Loss: 0.0080242 | Time: 887ms
Epoch: 032 | Train Loss: 0.0080830 | Grad norm: 1.086894 | Time: 19s233ms
Epoch: 032 | Test Loss: 0.0072638 | Time: 823ms
==> Save the model at epoch 032 with test loss 0.0072638
Epoch: 033 | Train Loss: 0.0080554 | Grad norm: 1.093731 | Time: 19s366ms
Epoch: 033 | Test Loss: 0.0077269 | Time: 824ms
Epoch: 034 | Train Loss: 0.0077485 | Grad norm: 0.898360 | Time: 20s781ms
Epoch: 034 | Test Loss: 0.0072868 | Time: 894ms
Epoch: 035 | Train Loss: 0.0075796 | Grad norm: 0.773034 | Time: 20s460ms
Epoch: 035 | Test Loss: 0.0071979 | Time: 804ms
==> Save the model at epoch 035 with test loss 0.0071979
Epoch: 036 | Train Loss: 0.0074087 | Grad norm: 0.657134 | Time: 19s492ms
Epoch: 036 | Test Loss: 0.0069874 | Time: 826ms
==> Save the model at epoch 036 with test loss 0.0069874
Epoch: 037 | Train Loss: 0.0073177 | Grad norm: 0.560687 | Time: 17s730ms
Epoch: 037 | Test Loss: 0.0069160 | Time: 890ms
==> Save the model at epoch 037 with test loss 0.0069160
Epoch: 038 | Train Loss: 0.0072216 | Grad norm: 0.475986 | Time: 18s116ms
Epoch: 038 | Test Loss: 0.0068883 | Time: 801ms
==> Save the model at epoch 038 with test loss 0.0068883
Epoch: 039 | Train Loss: 0.0071719 | Grad norm: 0.443391 | Time: 20s864ms
Epoch: 039 | Test Loss: 0.0068617 | Time: 812ms
==> Save the model at epoch 039 with test loss 0.0068617
Epoch: 040 | Train Loss: 0.0071255 | Grad norm: 0.388005 | Time: 18s686ms
Epoch: 040 | Test Loss: 0.0068155 | Time: 888ms
==> Save the model at epoch 040 with test loss 0.0068155
Total time: 14m7s
==> Saving trained model weights...
==> Input bias to be applied to the neural network (trained):
[0. 0.]
==> Input transform to be applied to the neural network (trained):
[0.5090095 0.5090095]
==> Output transform to be applied to the neural network (trained):
[3.9366 3.9363]
==> Saving training info...
==> Drawing training loss...
==> Drawing grad norm...
==> Drawing testing loss...
==> Process finished.
