==> torch device:  cuda:3
==> Test-Train split: test_ratio = 0.20
==> Test-Train split seed:  None
==> Further split: further_train_ratio = 1.00
==> Further split seed:  None
==> Input bias to be applied to the neural network:
[0. 0.]
==> Input transform to be applied to the neural network:
[1. 1.]
==> Ouput transform to be applied to the neural network:
[1. 1.]
==> Evaluating model...
==========================================================================================
Layer (type:depth-idx)                   Output Shape              Param #
==========================================================================================
NeuralNetwork                            [1, 2]                    6
├─Sequential: 1-1                        [1, 2]                    --
│    └─Linear: 2-1                       [1, 64]                   192
│    └─LeakyReLU: 2-2                    [1, 64]                   --
│    └─Linear: 2-3                       [1, 64]                   4,160
│    └─LeakyReLU: 2-4                    [1, 64]                   --
│    └─Linear: 2-5                       [1, 64]                   4,160
│    └─LeakyReLU: 2-6                    [1, 64]                   --
│    └─Linear: 2-7                       [1, 64]                   4,160
│    └─LeakyReLU: 2-8                    [1, 64]                   --
│    └─Linear: 2-9                       [1, 64]                   4,160
│    └─LeakyReLU: 2-10                   [1, 64]                   --
│    └─Linear: 2-11                      [1, 64]                   4,160
│    └─LeakyReLU: 2-12                   [1, 64]                   --
│    └─Linear: 2-13                      [1, 64]                   4,160
│    └─LeakyReLU: 2-14                   [1, 64]                   --
│    └─Linear: 2-15                      [1, 2]                    130
==========================================================================================
Total params: 25,288
Trainable params: 25,282
Non-trainable params: 6
Total mult-adds (Units.MEGABYTES): 0.03
==========================================================================================
Input size (MB): 0.00
Forward/backward pass size (MB): 0.00
Params size (MB): 0.10
Estimated Total Size (MB): 0.10
==========================================================================================
==> Saving initial model weights...
==> Start training...
Epoch: 001 | Loss: 0.7545672 | L2 loss: 0.7545672 | Lip loss: 0.0000000 | Grad norm: 5.037801 | Time: 34s970ms
Epoch: 001 | Test Loss: 0.0673691 | Time: 457ms
==> Save the model at epoch 001 with test loss 0.0673691
Epoch: 002 | Loss: 0.0439965 | L2 loss: 0.0439965 | Lip loss: 0.0000000 | Grad norm: 4.156399 | Time: 34s50ms
Epoch: 002 | Test Loss: 0.0153794 | Time: 442ms
==> Save the model at epoch 002 with test loss 0.0153794
Epoch: 003 | Loss: 0.0243211 | L2 loss: 0.0243211 | Lip loss: 0.0000000 | Grad norm: 3.681165 | Time: 33s856ms
Epoch: 003 | Test Loss: 0.0205034 | Time: 451ms
Epoch: 004 | Loss: 0.0222014 | L2 loss: 0.0222014 | Lip loss: 0.0000000 | Grad norm: 3.150734 | Time: 34s133ms
Epoch: 004 | Test Loss: 0.0158208 | Time: 447ms
Epoch: 005 | Loss: 0.0176046 | L2 loss: 0.0176046 | Lip loss: 0.0000000 | Grad norm: 2.360087 | Time: 34s311ms
Epoch: 005 | Test Loss: 0.0197820 | Time: 445ms
Epoch: 006 | Loss: 0.0079174 | L2 loss: 0.0079174 | Lip loss: 0.0000000 | Grad norm: 0.504546 | Time: 34s323ms
Epoch: 006 | Test Loss: 0.0074598 | Time: 500ms
==> Save the model at epoch 006 with test loss 0.0074598
Epoch: 007 | Loss: 0.0075620 | L2 loss: 0.0075620 | Lip loss: 0.0000000 | Grad norm: 0.459533 | Time: 35s358ms
Epoch: 007 | Test Loss: 0.0072854 | Time: 512ms
==> Save the model at epoch 007 with test loss 0.0072854
Epoch: 008 | Loss: 0.0075141 | L2 loss: 0.0075141 | Lip loss: 0.0000000 | Grad norm: 0.501683 | Time: 34s558ms
Epoch: 008 | Test Loss: 0.0071774 | Time: 443ms
==> Save the model at epoch 008 with test loss 0.0071774
Epoch: 009 | Loss: 0.0074354 | L2 loss: 0.0074354 | Lip loss: 0.0000000 | Grad norm: 0.483502 | Time: 34s611ms
Epoch: 009 | Test Loss: 0.0070814 | Time: 440ms
==> Save the model at epoch 009 with test loss 0.0070814
Epoch: 010 | Loss: 0.0073840 | L2 loss: 0.0073840 | Lip loss: 0.0000000 | Grad norm: 0.462381 | Time: 34s263ms
Epoch: 010 | Test Loss: 0.0073160 | Time: 447ms
Epoch: 011 | Loss: 0.0070264 | L2 loss: 0.0070264 | Lip loss: 0.0000000 | Grad norm: 0.287104 | Time: 34s12ms
Epoch: 011 | Test Loss: 0.0069045 | Time: 442ms
==> Save the model at epoch 011 with test loss 0.0069045
Epoch: 012 | Loss: 0.0070014 | L2 loss: 0.0070014 | Lip loss: 0.0000000 | Grad norm: 0.271698 | Time: 34s775ms
Epoch: 012 | Test Loss: 0.0068896 | Time: 441ms
==> Save the model at epoch 012 with test loss 0.0068896
Epoch: 013 | Loss: 0.0069924 | L2 loss: 0.0069924 | Lip loss: 0.0000000 | Grad norm: 0.269009 | Time: 35s48ms
Epoch: 013 | Test Loss: 0.0069885 | Time: 434ms
Epoch: 014 | Loss: 0.0069936 | L2 loss: 0.0069936 | Lip loss: 0.0000000 | Grad norm: 0.267476 | Time: 34s992ms
Epoch: 014 | Test Loss: 0.0068858 | Time: 447ms
==> Save the model at epoch 014 with test loss 0.0068858
Epoch: 015 | Loss: 0.0070029 | L2 loss: 0.0070028 | Lip loss: 0.0000000 | Grad norm: 0.283253 | Time: 35s311ms
Epoch: 015 | Test Loss: 0.0068729 | Time: 507ms
==> Save the model at epoch 015 with test loss 0.0068729
Epoch: 016 | Loss: 0.0069495 | L2 loss: 0.0069494 | Lip loss: 0.0000000 | Grad norm: 0.246770 | Time: 34s813ms
Epoch: 016 | Test Loss: 0.0068586 | Time: 509ms
==> Save the model at epoch 016 with test loss 0.0068586
Epoch: 017 | Loss: 0.0069455 | L2 loss: 0.0069455 | Lip loss: 0.0000000 | Grad norm: 0.244361 | Time: 34s881ms
Epoch: 017 | Test Loss: 0.0068544 | Time: 436ms
==> Save the model at epoch 017 with test loss 0.0068544
Epoch: 018 | Loss: 0.0069461 | L2 loss: 0.0069461 | Lip loss: 0.0000000 | Grad norm: 0.249119 | Time: 34s491ms
Epoch: 018 | Test Loss: 0.0068528 | Time: 454ms
==> Save the model at epoch 018 with test loss 0.0068528
Epoch: 019 | Loss: 0.0069453 | L2 loss: 0.0069453 | Lip loss: 0.0000000 | Grad norm: 0.244715 | Time: 34s355ms
Epoch: 019 | Test Loss: 0.0068559 | Time: 434ms
Epoch: 020 | Loss: 0.0069435 | L2 loss: 0.0069435 | Lip loss: 0.0000000 | Grad norm: 0.237715 | Time: 34s124ms
Epoch: 020 | Test Loss: 0.0068573 | Time: 434ms
Epoch: 021 | Loss: 0.0069393 | L2 loss: 0.0069393 | Lip loss: 0.0000000 | Grad norm: 0.241484 | Time: 34s592ms
Epoch: 021 | Test Loss: 0.0068509 | Time: 443ms
==> Save the model at epoch 021 with test loss 0.0068509
Epoch: 022 | Loss: 0.0069383 | L2 loss: 0.0069383 | Lip loss: 0.0000000 | Grad norm: 0.238740 | Time: 34s733ms
Epoch: 022 | Test Loss: 0.0068507 | Time: 433ms
==> Save the model at epoch 022 with test loss 0.0068507
Epoch: 023 | Loss: 0.0069382 | L2 loss: 0.0069382 | Lip loss: 0.0000000 | Grad norm: 0.234650 | Time: 34s596ms
Epoch: 023 | Test Loss: 0.0068502 | Time: 446ms
==> Save the model at epoch 023 with test loss 0.0068502
Epoch: 024 | Loss: 0.0069380 | L2 loss: 0.0069380 | Lip loss: 0.0000000 | Grad norm: 0.237767 | Time: 34s836ms
Epoch: 024 | Test Loss: 0.0068512 | Time: 512ms
Epoch: 025 | Loss: 0.0069383 | L2 loss: 0.0069383 | Lip loss: 0.0000000 | Grad norm: 0.243147 | Time: 34s483ms
Epoch: 025 | Test Loss: 0.0068507 | Time: 499ms
Epoch: 026 | Loss: 0.0069373 | L2 loss: 0.0069373 | Lip loss: 0.0000000 | Grad norm: 0.238035 | Time: 33s949ms
Epoch: 026 | Test Loss: 0.0068502 | Time: 433ms
Epoch: 027 | Loss: 0.0069372 | L2 loss: 0.0069371 | Lip loss: 0.0000000 | Grad norm: 0.239105 | Time: 34s285ms
Epoch: 027 | Test Loss: 0.0068500 | Time: 458ms
==> Save the model at epoch 027 with test loss 0.0068500
Epoch: 028 | Loss: 0.0069371 | L2 loss: 0.0069371 | Lip loss: 0.0000000 | Grad norm: 0.237781 | Time: 34s786ms
Epoch: 028 | Test Loss: 0.0068500 | Time: 442ms
==> Save the model at epoch 028 with test loss 0.0068500
Epoch: 029 | Loss: 0.0069371 | L2 loss: 0.0069371 | Lip loss: 0.0000000 | Grad norm: 0.236698 | Time: 34s633ms
Epoch: 029 | Test Loss: 0.0068499 | Time: 440ms
==> Save the model at epoch 029 with test loss 0.0068499
Epoch: 030 | Loss: 0.0069371 | L2 loss: 0.0069371 | Lip loss: 0.0000000 | Grad norm: 0.236525 | Time: 34s92ms
Epoch: 030 | Test Loss: 0.0068499 | Time: 440ms
==> Save the model at epoch 030 with test loss 0.0068499
Epoch: 031 | Loss: 0.0069370 | L2 loss: 0.0069370 | Lip loss: 0.0000000 | Grad norm: 0.237465 | Time: 33s976ms
Epoch: 031 | Test Loss: 0.0068499 | Time: 464ms
Epoch: 032 | Loss: 0.0069370 | L2 loss: 0.0069370 | Lip loss: 0.0000000 | Grad norm: 0.238791 | Time: 33s693ms
Epoch: 032 | Test Loss: 0.0068499 | Time: 517ms
==> Save the model at epoch 032 with test loss 0.0068499
Epoch: 033 | Loss: 0.0069370 | L2 loss: 0.0069370 | Lip loss: 0.0000000 | Grad norm: 0.237222 | Time: 34s15ms
Epoch: 033 | Test Loss: 0.0068499 | Time: 449ms
==> Save the model at epoch 033 with test loss 0.0068499
Epoch: 034 | Loss: 0.0069370 | L2 loss: 0.0069370 | Lip loss: 0.0000000 | Grad norm: 0.236056 | Time: 34s538ms
Epoch: 034 | Test Loss: 0.0068499 | Time: 506ms
==> Save the model at epoch 034 with test loss 0.0068499
Epoch: 035 | Loss: 0.0069370 | L2 loss: 0.0069370 | Lip loss: 0.0000000 | Grad norm: 0.237873 | Time: 33s825ms
Epoch: 035 | Test Loss: 0.0068499 | Time: 525ms
==> Save the model at epoch 035 with test loss 0.0068499
Epoch: 036 | Loss: 0.0069370 | L2 loss: 0.0069370 | Lip loss: 0.0000000 | Grad norm: 0.236292 | Time: 34s378ms
Epoch: 036 | Test Loss: 0.0068499 | Time: 449ms
Epoch: 037 | Loss: 0.0069370 | L2 loss: 0.0069370 | Lip loss: 0.0000000 | Grad norm: 0.232143 | Time: 34s288ms
Epoch: 037 | Test Loss: 0.0068499 | Time: 437ms
==> Save the model at epoch 037 with test loss 0.0068499
Epoch: 038 | Loss: 0.0069370 | L2 loss: 0.0069370 | Lip loss: 0.0000000 | Grad norm: 0.237998 | Time: 34s822ms
Epoch: 038 | Test Loss: 0.0068499 | Time: 451ms
Epoch: 039 | Loss: 0.0069370 | L2 loss: 0.0069370 | Lip loss: 0.0000000 | Grad norm: 0.233765 | Time: 34s565ms
Epoch: 039 | Test Loss: 0.0068499 | Time: 438ms
Epoch: 040 | Loss: 0.0069370 | L2 loss: 0.0069370 | Lip loss: 0.0000000 | Grad norm: 0.238450 | Time: 34s667ms
Epoch: 040 | Test Loss: 0.0068499 | Time: 445ms
Total time: 23m17s
==> Saving trained model weights...
==> Input bias to be applied to the neural network (trained):
[0. 0.]
==> Input transform to be applied to the neural network (trained):
[1. 1.]
==> Output transform to be applied to the neural network (trained):
[1. 1.]
==> Saving training info...
==> Drawing training loss...
==> Drawing grad norm...
==> Drawing testing loss...
==> Drawing l2 loss...
==> Drawing lip loss...
==> Process finished.
