==> torch device:  cuda:3
==> Test-Train split: test_ratio = 0.20
==> Test-Train split seed:  None
==> Further split: further_train_ratio = 0.50
==> Further split seed:  None
==> Input bias to be applied to the neural network:
[0. 0.]
==> Input transform to be applied to the neural network:
[0.5090095 0.5090095]
==> Ouput transform to be applied to the neural network:
[3.9366 3.9363]
==> Evaluating model...
==========================================================================================
Layer (type:depth-idx)                   Output Shape              Param #
==========================================================================================
NeuralNetwork                            [1, 2]                    6
├─Sequential: 1-1                        [1, 2]                    --
│    └─Linear: 2-1                       [1, 64]                   192
│    └─ReLU: 2-2                         [1, 64]                   --
│    └─Linear: 2-3                       [1, 64]                   4,160
│    └─ReLU: 2-4                         [1, 64]                   --
│    └─Linear: 2-5                       [1, 64]                   4,160
│    └─ReLU: 2-6                         [1, 64]                   --
│    └─Linear: 2-7                       [1, 64]                   4,160
│    └─ReLU: 2-8                         [1, 64]                   --
│    └─Linear: 2-9                       [1, 64]                   4,160
│    └─ReLU: 2-10                        [1, 64]                   --
│    └─Linear: 2-11                      [1, 64]                   4,160
│    └─ReLU: 2-12                        [1, 64]                   --
│    └─Linear: 2-13                      [1, 64]                   4,160
│    └─ReLU: 2-14                        [1, 64]                   --
│    └─Linear: 2-15                      [1, 2]                    130
├─Sequential: 1-2                        [1, 2]                    (recursive)
│    └─Linear: 2-16                      [1, 64]                   (recursive)
│    └─ReLU: 2-17                        [1, 64]                   --
│    └─Linear: 2-18                      [1, 64]                   (recursive)
│    └─ReLU: 2-19                        [1, 64]                   --
│    └─Linear: 2-20                      [1, 64]                   (recursive)
│    └─ReLU: 2-21                        [1, 64]                   --
│    └─Linear: 2-22                      [1, 64]                   (recursive)
│    └─ReLU: 2-23                        [1, 64]                   --
│    └─Linear: 2-24                      [1, 64]                   (recursive)
│    └─ReLU: 2-25                        [1, 64]                   --
│    └─Linear: 2-26                      [1, 64]                   (recursive)
│    └─ReLU: 2-27                        [1, 64]                   --
│    └─Linear: 2-28                      [1, 64]                   (recursive)
│    └─ReLU: 2-29                        [1, 64]                   --
│    └─Linear: 2-30                      [1, 2]                    (recursive)
==========================================================================================
Total params: 25,288
Trainable params: 25,282
Non-trainable params: 6
Total mult-adds (M): 0.05
==========================================================================================
Input size (MB): 0.00
Forward/backward pass size (MB): 0.01
Params size (MB): 0.10
Estimated Total Size (MB): 0.11
==========================================================================================
==> Saving initial model weights...
==> Start training...
==> Number of param_groups in optimizer: 1
Epoch: 001 | Train Loss: 30.9174545 | Grad norm: 1.029782 | Time: 2s477ms
Epoch: 001 | Test Loss: 31.2815891 | Time: 605ms
==> Save the model at epoch 001 with test loss 31.2815891
Epoch: 002 | Train Loss: 20.9565807 | Grad norm: 12.277179 | Time: 2s542ms
Epoch: 002 | Test Loss: 0.5189230 | Time: 619ms
==> Save the model at epoch 002 with test loss 0.5189230
Epoch: 003 | Train Loss: 0.0384113 | Grad norm: 2.123479 | Time: 2s603ms
Epoch: 003 | Test Loss: 0.0103818 | Time: 640ms
==> Save the model at epoch 003 with test loss 0.0103818
Epoch: 004 | Train Loss: 0.0121657 | Grad norm: 1.640199 | Time: 2s625ms
Epoch: 004 | Test Loss: 0.0102034 | Time: 613ms
==> Save the model at epoch 004 with test loss 0.0102034
Epoch: 005 | Train Loss: 0.0115157 | Grad norm: 1.636564 | Time: 3s51ms
Epoch: 005 | Test Loss: 0.0102899 | Time: 714ms
Epoch: 006 | Train Loss: 0.0121764 | Grad norm: 1.691334 | Time: 2s591ms
Epoch: 006 | Test Loss: 0.0134689 | Time: 606ms
Epoch: 007 | Train Loss: 0.0122179 | Grad norm: 1.634586 | Time: 2s375ms
Epoch: 007 | Test Loss: 0.0088241 | Time: 605ms
==> Save the model at epoch 007 with test loss 0.0088241
Epoch: 008 | Train Loss: 0.0140983 | Grad norm: 1.856780 | Time: 2s459ms
Epoch: 008 | Test Loss: 0.0155242 | Time: 614ms
Epoch: 009 | Train Loss: 0.0142162 | Grad norm: 1.847714 | Time: 2s542ms
Epoch: 009 | Test Loss: 0.0200285 | Time: 609ms
Epoch: 010 | Train Loss: 0.0149473 | Grad norm: 1.839741 | Time: 2s631ms
Epoch: 010 | Test Loss: 0.0097559 | Time: 700ms
Epoch: 011 | Train Loss: 0.0121660 | Grad norm: 1.468183 | Time: 2s719ms
Epoch: 011 | Test Loss: 0.0095228 | Time: 630ms
Epoch: 012 | Train Loss: 0.0140860 | Grad norm: 1.712467 | Time: 2s595ms
Epoch: 012 | Test Loss: 0.0170937 | Time: 642ms
Epoch: 013 | Train Loss: 0.0126705 | Grad norm: 1.574697 | Time: 2s637ms
Epoch: 013 | Test Loss: 0.0219372 | Time: 632ms
Epoch: 014 | Train Loss: 0.0110310 | Grad norm: 1.275824 | Time: 2s710ms
Epoch: 014 | Test Loss: 0.0151748 | Time: 628ms
Epoch: 015 | Train Loss: 0.0116006 | Grad norm: 1.344124 | Time: 2s709ms
Epoch: 015 | Test Loss: 0.0124495 | Time: 701ms
Epoch: 016 | Train Loss: 0.0110007 | Grad norm: 1.303022 | Time: 2s925ms
Epoch: 016 | Test Loss: 0.0121971 | Time: 635ms
Epoch: 017 | Train Loss: 0.0112945 | Grad norm: 1.304758 | Time: 2s635ms
Epoch: 017 | Test Loss: 0.0125115 | Time: 651ms
Epoch: 018 | Train Loss: 0.0098191 | Grad norm: 1.041397 | Time: 2s867ms
Epoch: 018 | Test Loss: 0.0140447 | Time: 613ms
Epoch: 019 | Train Loss: 0.0102494 | Grad norm: 1.090682 | Time: 2s694ms
Epoch: 019 | Test Loss: 0.0097829 | Time: 642ms
Epoch: 020 | Train Loss: 0.0100380 | Grad norm: 1.095366 | Time: 2s626ms
Epoch: 020 | Test Loss: 0.0162332 | Time: 682ms
Epoch: 021 | Train Loss: 0.0100516 | Grad norm: 1.076603 | Time: 2s258ms
Epoch: 021 | Test Loss: 0.0133185 | Time: 590ms
Epoch: 022 | Train Loss: 0.0097149 | Grad norm: 0.966156 | Time: 1s980ms
Epoch: 022 | Test Loss: 0.0120681 | Time: 593ms
Epoch: 023 | Train Loss: 0.0090134 | Grad norm: 0.862340 | Time: 2s693ms
Epoch: 023 | Test Loss: 0.0102674 | Time: 629ms
Epoch: 024 | Train Loss: 0.0084660 | Grad norm: 0.703684 | Time: 2s725ms
Epoch: 024 | Test Loss: 0.0092468 | Time: 635ms
Epoch: 025 | Train Loss: 0.0084334 | Grad norm: 0.724876 | Time: 2s766ms
Epoch: 025 | Test Loss: 0.0101969 | Time: 718ms
Epoch: 026 | Train Loss: 0.0086305 | Grad norm: 0.755421 | Time: 2s698ms
Epoch: 026 | Test Loss: 0.0082565 | Time: 634ms
==> Save the model at epoch 026 with test loss 0.0082565
Epoch: 027 | Train Loss: 0.0082464 | Grad norm: 0.643155 | Time: 2s615ms
Epoch: 027 | Test Loss: 0.0079579 | Time: 649ms
==> Save the model at epoch 027 with test loss 0.0079579
Epoch: 028 | Train Loss: 0.0082274 | Grad norm: 0.666498 | Time: 2s541ms
Epoch: 028 | Test Loss: 0.0090398 | Time: 633ms
Epoch: 029 | Train Loss: 0.0079436 | Grad norm: 0.534237 | Time: 2s644ms
Epoch: 029 | Test Loss: 0.0081321 | Time: 630ms
Epoch: 030 | Train Loss: 0.0079930 | Grad norm: 0.593241 | Time: 2s669ms
Epoch: 030 | Test Loss: 0.0079267 | Time: 703ms
==> Save the model at epoch 030 with test loss 0.0079267
Epoch: 031 | Train Loss: 0.0078647 | Grad norm: 0.540144 | Time: 2s605ms
Epoch: 031 | Test Loss: 0.0076323 | Time: 633ms
==> Save the model at epoch 031 with test loss 0.0076323
Epoch: 032 | Train Loss: 0.0076995 | Grad norm: 0.472932 | Time: 2s690ms
Epoch: 032 | Test Loss: 0.0079850 | Time: 636ms
Epoch: 033 | Train Loss: 0.0076550 | Grad norm: 0.471915 | Time: 2s713ms
Epoch: 033 | Test Loss: 0.0081017 | Time: 620ms
Epoch: 034 | Train Loss: 0.0075045 | Grad norm: 0.392293 | Time: 2s672ms
Epoch: 034 | Test Loss: 0.0074977 | Time: 630ms
==> Save the model at epoch 034 with test loss 0.0074977
Epoch: 035 | Train Loss: 0.0074192 | Grad norm: 0.345746 | Time: 2s348ms
Epoch: 035 | Test Loss: 0.0074476 | Time: 654ms
==> Save the model at epoch 035 with test loss 0.0074476
Epoch: 036 | Train Loss: 0.0073775 | Grad norm: 0.329357 | Time: 1s968ms
Epoch: 036 | Test Loss: 0.0074089 | Time: 593ms
==> Save the model at epoch 036 with test loss 0.0074089
Epoch: 037 | Train Loss: 0.0073189 | Grad norm: 0.286886 | Time: 1s973ms
Epoch: 037 | Test Loss: 0.0074223 | Time: 591ms
Epoch: 038 | Train Loss: 0.0072852 | Grad norm: 0.271822 | Time: 2s40ms
Epoch: 038 | Test Loss: 0.0073410 | Time: 593ms
==> Save the model at epoch 038 with test loss 0.0073410
Epoch: 039 | Train Loss: 0.0072480 | Grad norm: 0.245145 | Time: 1s971ms
Epoch: 039 | Test Loss: 0.0073399 | Time: 589ms
==> Save the model at epoch 039 with test loss 0.0073399
Epoch: 040 | Train Loss: 0.0072277 | Grad norm: 0.231430 | Time: 1s972ms
Epoch: 040 | Test Loss: 0.0072929 | Time: 651ms
==> Save the model at epoch 040 with test loss 0.0072929
Total time: 2m7s
==> Saving trained model weights...
==> Input bias to be applied to the neural network (trained):
[0. 0.]
==> Input transform to be applied to the neural network (trained):
[0.5090095 0.5090095]
==> Output transform to be applied to the neural network (trained):
[3.9366 3.9363]
==> Saving training info...
==> Drawing training loss...
==> Drawing grad norm...
==> Drawing testing loss...
==> Process finished.
