==> torch device:  cuda:2
==> Test-Train split: test_ratio = 0.20
==> Test-Train split seed:  None
==> Further split: further_train_ratio = 1.00
==> Further split seed:  None
==> Input bias to be applied to the neural network:
[0. 0. 0. 0.]
==> Input transform to be applied to the neural network:
[1. 1. 1. 1.]
==> Ouput transform to be applied to the neural network:
[1. 1.]
==> Evaluating model...
==========================================================================================
Layer (type:depth-idx)                   Output Shape              Param #
==========================================================================================
NeuralNetwork                            [1, 2]                    10
├─Sequential: 1-1                        [1, 2]                    --
│    └─Linear: 2-1                       [1, 64]                   320
│    └─LeakyReLU: 2-2                    [1, 64]                   --
│    └─Linear: 2-3                       [1, 64]                   4,160
│    └─LeakyReLU: 2-4                    [1, 64]                   --
│    └─Linear: 2-5                       [1, 64]                   4,160
│    └─LeakyReLU: 2-6                    [1, 64]                   --
│    └─Linear: 2-7                       [1, 64]                   4,160
│    └─LeakyReLU: 2-8                    [1, 64]                   --
│    └─Linear: 2-9                       [1, 64]                   4,160
│    └─LeakyReLU: 2-10                   [1, 64]                   --
│    └─Linear: 2-11                      [1, 64]                   4,160
│    └─LeakyReLU: 2-12                   [1, 64]                   --
│    └─Linear: 2-13                      [1, 64]                   4,160
│    └─LeakyReLU: 2-14                   [1, 64]                   --
│    └─Linear: 2-15                      [1, 2]                    130
==========================================================================================
Total params: 25,420
Trainable params: 25,410
Non-trainable params: 10
Total mult-adds (Units.MEGABYTES): 0.03
==========================================================================================
Input size (MB): 0.00
Forward/backward pass size (MB): 0.00
Params size (MB): 0.10
Estimated Total Size (MB): 0.11
==========================================================================================
==> Saving initial model weights...
==> Start training...
Epoch: 001 | Loss: 0.0179702 | L2 loss: 0.0179702 | Lip loss: 0.0000000 | Grad norm: 0.073978 | Time: 34s433ms
Epoch: 001 | Test Loss: 0.0097260 | Time: 492ms
==> Save the model at epoch 001 with test loss 0.0097260
Epoch: 002 | Loss: 0.0101153 | L2 loss: 0.0101153 | Lip loss: 0.0000000 | Grad norm: 0.046730 | Time: 33s380ms
Epoch: 002 | Test Loss: 0.0095228 | Time: 498ms
==> Save the model at epoch 002 with test loss 0.0095228
Epoch: 003 | Loss: 0.0100248 | L2 loss: 0.0100248 | Lip loss: 0.0000000 | Grad norm: 0.047666 | Time: 34s102ms
Epoch: 003 | Test Loss: 0.0094012 | Time: 498ms
==> Save the model at epoch 003 with test loss 0.0094012
Epoch: 004 | Loss: 0.0098558 | L2 loss: 0.0098558 | Lip loss: 0.0000000 | Grad norm: 0.049586 | Time: 34s373ms
Epoch: 004 | Test Loss: 0.0091501 | Time: 493ms
==> Save the model at epoch 004 with test loss 0.0091501
Epoch: 005 | Loss: 0.0095566 | L2 loss: 0.0095565 | Lip loss: 0.0000000 | Grad norm: 0.053150 | Time: 33s804ms
Epoch: 005 | Test Loss: 0.0088127 | Time: 492ms
==> Save the model at epoch 005 with test loss 0.0088127
Epoch: 006 | Loss: 0.0088105 | L2 loss: 0.0088105 | Lip loss: 0.0000000 | Grad norm: 0.030903 | Time: 34s67ms
Epoch: 006 | Test Loss: 0.0083380 | Time: 566ms
==> Save the model at epoch 006 with test loss 0.0083380
Epoch: 007 | Loss: 0.0087067 | L2 loss: 0.0087067 | Lip loss: 0.0000000 | Grad norm: 0.032716 | Time: 33s162ms
Epoch: 007 | Test Loss: 0.0082971 | Time: 563ms
==> Save the model at epoch 007 with test loss 0.0082971
Epoch: 008 | Loss: 0.0086324 | L2 loss: 0.0086324 | Lip loss: 0.0000000 | Grad norm: 0.034613 | Time: 33s936ms
Epoch: 008 | Test Loss: 0.0081877 | Time: 495ms
==> Save the model at epoch 008 with test loss 0.0081877
Epoch: 009 | Loss: 0.0085363 | L2 loss: 0.0085363 | Lip loss: 0.0000000 | Grad norm: 0.034489 | Time: 33s538ms
Epoch: 009 | Test Loss: 0.0081490 | Time: 498ms
==> Save the model at epoch 009 with test loss 0.0081490
Epoch: 010 | Loss: 0.0084481 | L2 loss: 0.0084480 | Lip loss: 0.0000000 | Grad norm: 0.036417 | Time: 33s760ms
Epoch: 010 | Test Loss: 0.0081165 | Time: 492ms
==> Save the model at epoch 010 with test loss 0.0081165
Epoch: 011 | Loss: 0.0083409 | L2 loss: 0.0083409 | Lip loss: 0.0000000 | Grad norm: 0.033356 | Time: 34s93ms
Epoch: 011 | Test Loss: 0.0080212 | Time: 498ms
==> Save the model at epoch 011 with test loss 0.0080212
Epoch: 012 | Loss: 0.0083235 | L2 loss: 0.0083235 | Lip loss: 0.0000000 | Grad norm: 0.033183 | Time: 34s498ms
Epoch: 012 | Test Loss: 0.0080131 | Time: 496ms
==> Save the model at epoch 012 with test loss 0.0080131
Epoch: 013 | Loss: 0.0083134 | L2 loss: 0.0083134 | Lip loss: 0.0000000 | Grad norm: 0.033279 | Time: 33s786ms
Epoch: 013 | Test Loss: 0.0079989 | Time: 495ms
==> Save the model at epoch 013 with test loss 0.0079989
Epoch: 014 | Loss: 0.0083042 | L2 loss: 0.0083042 | Lip loss: 0.0000000 | Grad norm: 0.033525 | Time: 33s141ms
Epoch: 014 | Test Loss: 0.0079903 | Time: 496ms
==> Save the model at epoch 014 with test loss 0.0079903
Epoch: 015 | Loss: 0.0082943 | L2 loss: 0.0082943 | Lip loss: 0.0000000 | Grad norm: 0.034087 | Time: 33s832ms
Epoch: 015 | Test Loss: 0.0079828 | Time: 695ms
==> Save the model at epoch 015 with test loss 0.0079828
Epoch: 016 | Loss: 0.0082795 | L2 loss: 0.0082794 | Lip loss: 0.0000000 | Grad norm: 0.033263 | Time: 34s322ms
Epoch: 016 | Test Loss: 0.0079801 | Time: 584ms
==> Save the model at epoch 016 with test loss 0.0079801
Epoch: 017 | Loss: 0.0082781 | L2 loss: 0.0082781 | Lip loss: 0.0000000 | Grad norm: 0.032799 | Time: 34s115ms
Epoch: 017 | Test Loss: 0.0079782 | Time: 500ms
==> Save the model at epoch 017 with test loss 0.0079782
Epoch: 018 | Loss: 0.0082769 | L2 loss: 0.0082769 | Lip loss: 0.0000000 | Grad norm: 0.033717 | Time: 34s54ms
Epoch: 018 | Test Loss: 0.0079780 | Time: 489ms
==> Save the model at epoch 018 with test loss 0.0079780
Epoch: 019 | Loss: 0.0082757 | L2 loss: 0.0082757 | Lip loss: 0.0000000 | Grad norm: 0.032605 | Time: 34s57ms
Epoch: 019 | Test Loss: 0.0079771 | Time: 495ms
==> Save the model at epoch 019 with test loss 0.0079771
Epoch: 020 | Loss: 0.0082746 | L2 loss: 0.0082746 | Lip loss: 0.0000000 | Grad norm: 0.032506 | Time: 33s697ms
Epoch: 020 | Test Loss: 0.0079757 | Time: 494ms
==> Save the model at epoch 020 with test loss 0.0079757
Epoch: 021 | Loss: 0.0082731 | L2 loss: 0.0082731 | Lip loss: 0.0000000 | Grad norm: 0.032941 | Time: 33s620ms
Epoch: 021 | Test Loss: 0.0079755 | Time: 492ms
==> Save the model at epoch 021 with test loss 0.0079755
Epoch: 022 | Loss: 0.0082729 | L2 loss: 0.0082729 | Lip loss: 0.0000000 | Grad norm: 0.033184 | Time: 33s510ms
Epoch: 022 | Test Loss: 0.0079754 | Time: 494ms
==> Save the model at epoch 022 with test loss 0.0079754
Epoch: 023 | Loss: 0.0082728 | L2 loss: 0.0082728 | Lip loss: 0.0000000 | Grad norm: 0.033827 | Time: 33s970ms
Epoch: 023 | Test Loss: 0.0079754 | Time: 491ms
==> Save the model at epoch 023 with test loss 0.0079754
Epoch: 024 | Loss: 0.0082727 | L2 loss: 0.0082726 | Lip loss: 0.0000000 | Grad norm: 0.032838 | Time: 33s850ms
Epoch: 024 | Test Loss: 0.0079752 | Time: 572ms
==> Save the model at epoch 024 with test loss 0.0079752
Epoch: 025 | Loss: 0.0082725 | L2 loss: 0.0082725 | Lip loss: 0.0000000 | Grad norm: 0.032934 | Time: 33s996ms
Epoch: 025 | Test Loss: 0.0079752 | Time: 566ms
==> Save the model at epoch 025 with test loss 0.0079752
Epoch: 026 | Loss: 0.0082723 | L2 loss: 0.0082723 | Lip loss: 0.0000000 | Grad norm: 0.032665 | Time: 33s321ms
Epoch: 026 | Test Loss: 0.0079752 | Time: 495ms
==> Save the model at epoch 026 with test loss 0.0079752
Epoch: 027 | Loss: 0.0082723 | L2 loss: 0.0082723 | Lip loss: 0.0000000 | Grad norm: 0.032947 | Time: 34s155ms
Epoch: 027 | Test Loss: 0.0079752 | Time: 491ms
==> Save the model at epoch 027 with test loss 0.0079752
Epoch: 028 | Loss: 0.0082723 | L2 loss: 0.0082723 | Lip loss: 0.0000000 | Grad norm: 0.032916 | Time: 33s434ms
Epoch: 028 | Test Loss: 0.0079752 | Time: 491ms
==> Save the model at epoch 028 with test loss 0.0079752
Epoch: 029 | Loss: 0.0082723 | L2 loss: 0.0082723 | Lip loss: 0.0000000 | Grad norm: 0.033285 | Time: 33s907ms
Epoch: 029 | Test Loss: 0.0079752 | Time: 492ms
==> Save the model at epoch 029 with test loss 0.0079752
Epoch: 030 | Loss: 0.0082723 | L2 loss: 0.0082723 | Lip loss: 0.0000000 | Grad norm: 0.033429 | Time: 33s539ms
Epoch: 030 | Test Loss: 0.0079751 | Time: 508ms
==> Save the model at epoch 030 with test loss 0.0079751
Epoch: 031 | Loss: 0.0082723 | L2 loss: 0.0082723 | Lip loss: 0.0000000 | Grad norm: 0.032876 | Time: 33s896ms
Epoch: 031 | Test Loss: 0.0079751 | Time: 496ms
Epoch: 032 | Loss: 0.0082723 | L2 loss: 0.0082723 | Lip loss: 0.0000000 | Grad norm: 0.032584 | Time: 33s976ms
Epoch: 032 | Test Loss: 0.0079751 | Time: 556ms
==> Save the model at epoch 032 with test loss 0.0079751
Epoch: 033 | Loss: 0.0082723 | L2 loss: 0.0082723 | Lip loss: 0.0000000 | Grad norm: 0.033446 | Time: 33s368ms
Epoch: 033 | Test Loss: 0.0079751 | Time: 494ms
Epoch: 034 | Loss: 0.0082723 | L2 loss: 0.0082723 | Lip loss: 0.0000000 | Grad norm: 0.032662 | Time: 33s784ms
Epoch: 034 | Test Loss: 0.0079751 | Time: 562ms
==> Save the model at epoch 034 with test loss 0.0079751
Epoch: 035 | Loss: 0.0082723 | L2 loss: 0.0082723 | Lip loss: 0.0000000 | Grad norm: 0.033614 | Time: 33s966ms
Epoch: 035 | Test Loss: 0.0079751 | Time: 707ms
==> Save the model at epoch 035 with test loss 0.0079751
Epoch: 036 | Loss: 0.0082723 | L2 loss: 0.0082723 | Lip loss: 0.0000000 | Grad norm: 0.033144 | Time: 34s875ms
Epoch: 036 | Test Loss: 0.0079751 | Time: 497ms
Epoch: 037 | Loss: 0.0082723 | L2 loss: 0.0082723 | Lip loss: 0.0000000 | Grad norm: 0.033236 | Time: 33s283ms
Epoch: 037 | Test Loss: 0.0079751 | Time: 488ms
==> Save the model at epoch 037 with test loss 0.0079751
Epoch: 038 | Loss: 0.0082723 | L2 loss: 0.0082723 | Lip loss: 0.0000000 | Grad norm: 0.032943 | Time: 33s613ms
Epoch: 038 | Test Loss: 0.0079751 | Time: 492ms
Epoch: 039 | Loss: 0.0082723 | L2 loss: 0.0082723 | Lip loss: 0.0000000 | Grad norm: 0.032687 | Time: 33s618ms
Epoch: 039 | Test Loss: 0.0079751 | Time: 498ms
==> Save the model at epoch 039 with test loss 0.0079751
Epoch: 040 | Loss: 0.0082723 | L2 loss: 0.0082723 | Lip loss: 0.0000000 | Grad norm: 0.033023 | Time: 34s997ms
Epoch: 040 | Test Loss: 0.0079751 | Time: 491ms
==> Save the model at epoch 040 with test loss 0.0079751
Total time: 22m55s
==> Saving trained model weights...
==> Input bias to be applied to the neural network (trained):
[0. 0. 0. 0.]
==> Input transform to be applied to the neural network (trained):
[1. 1. 1. 1.]
==> Output transform to be applied to the neural network (trained):
[1. 1.]
==> Saving training info...
==> Drawing training loss...
==> Drawing grad norm...
==> Drawing testing loss...
==> Drawing l2 loss...
==> Drawing lip loss...
==> Process finished.
