==> torch device:  cuda:3
==> Test-Train split: test_ratio = 0.20
==> Test-Train split seed:  None
==> Further split: further_train_ratio = 1.00
==> Further split seed:  None
==> Input bias to be applied to the neural network:
[0. 0.]
==> Input transform to be applied to the neural network:
[1. 1.]
==> Ouput transform to be applied to the neural network:
[1. 1.]
==> Evaluating model...
==========================================================================================
Layer (type:depth-idx)                   Output Shape              Param #
==========================================================================================
NeuralNetwork                            [1, 2]                    6
├─Sequential: 1-1                        [1, 2]                    --
│    └─Linear: 2-1                       [1, 64]                   192
│    └─LeakyReLU: 2-2                    [1, 64]                   --
│    └─Linear: 2-3                       [1, 64]                   4,160
│    └─LeakyReLU: 2-4                    [1, 64]                   --
│    └─Linear: 2-5                       [1, 64]                   4,160
│    └─LeakyReLU: 2-6                    [1, 64]                   --
│    └─Linear: 2-7                       [1, 64]                   4,160
│    └─LeakyReLU: 2-8                    [1, 64]                   --
│    └─Linear: 2-9                       [1, 64]                   4,160
│    └─LeakyReLU: 2-10                   [1, 64]                   --
│    └─Linear: 2-11                      [1, 64]                   4,160
│    └─LeakyReLU: 2-12                   [1, 64]                   --
│    └─Linear: 2-13                      [1, 64]                   4,160
│    └─LeakyReLU: 2-14                   [1, 64]                   --
│    └─Linear: 2-15                      [1, 2]                    130
==========================================================================================
Total params: 25,288
Trainable params: 25,282
Non-trainable params: 6
Total mult-adds (M): 0.03
==========================================================================================
Input size (MB): 0.00
Forward/backward pass size (MB): 0.00
Params size (MB): 0.10
Estimated Total Size (MB): 0.10
==========================================================================================
==> Saving initial model weights...
==> Start training...
Epoch: 001 | Loss: 3.2560137 | L2 loss: 3.2357511 | Lip loss: 0.0202626 | Grad norm: 7.112204 | Time: 46s414ms
Epoch: 001 | Test Loss: 0.0167883 | Time: 575ms
==> Save the model at epoch 001 with test loss 0.0167883
Epoch: 002 | Loss: 0.0465624 | L2 loss: 0.0260161 | Lip loss: 0.0205463 | Grad norm: 4.317530 | Time: 50s479ms
Epoch: 002 | Test Loss: 0.0152253 | Time: 578ms
==> Save the model at epoch 002 with test loss 0.0152253
Epoch: 003 | Loss: 0.0375352 | L2 loss: 0.0170993 | Lip loss: 0.0204359 | Grad norm: 2.734551 | Time: 50s236ms
Epoch: 003 | Test Loss: 0.0126117 | Time: 589ms
==> Save the model at epoch 003 with test loss 0.0126117
Epoch: 004 | Loss: 0.0344785 | L2 loss: 0.0140779 | Lip loss: 0.0204006 | Grad norm: 2.247103 | Time: 48s863ms
Epoch: 004 | Test Loss: 0.0134629 | Time: 573ms
Epoch: 005 | Loss: 0.0390860 | L2 loss: 0.0186717 | Lip loss: 0.0204143 | Grad norm: 2.794393 | Time: 49s943ms
Epoch: 005 | Test Loss: 0.0135520 | Time: 583ms
Epoch: 006 | Loss: 0.0279340 | L2 loss: 0.0076724 | Lip loss: 0.0202617 | Grad norm: 0.446349 | Time: 50s984ms
Epoch: 006 | Test Loss: 0.0072732 | Time: 580ms
==> Save the model at epoch 006 with test loss 0.0072732
Epoch: 007 | Loss: 0.0278656 | L2 loss: 0.0076108 | Lip loss: 0.0202548 | Grad norm: 0.463406 | Time: 50s112ms
Epoch: 007 | Test Loss: 0.0072499 | Time: 586ms
==> Save the model at epoch 007 with test loss 0.0072499
Epoch: 008 | Loss: 0.0278599 | L2 loss: 0.0076206 | Lip loss: 0.0202393 | Grad norm: 0.496650 | Time: 48s591ms
Epoch: 008 | Test Loss: 0.0074150 | Time: 576ms
Epoch: 009 | Loss: 0.0278314 | L2 loss: 0.0075756 | Lip loss: 0.0202558 | Grad norm: 0.449037 | Time: 46s224ms
Epoch: 009 | Test Loss: 0.0072757 | Time: 573ms
Epoch: 010 | Loss: 0.0278295 | L2 loss: 0.0075858 | Lip loss: 0.0202437 | Grad norm: 0.472498 | Time: 46s307ms
Epoch: 010 | Test Loss: 0.0071346 | Time: 564ms
==> Save the model at epoch 010 with test loss 0.0071346
Epoch: 011 | Loss: 0.0275253 | L2 loss: 0.0072969 | Lip loss: 0.0202284 | Grad norm: 0.292614 | Time: 50s271ms
Epoch: 011 | Test Loss: 0.0070033 | Time: 574ms
==> Save the model at epoch 011 with test loss 0.0070033
Epoch: 012 | Loss: 0.0275013 | L2 loss: 0.0072833 | Lip loss: 0.0202180 | Grad norm: 0.282839 | Time: 49s993ms
Epoch: 012 | Test Loss: 0.0069901 | Time: 578ms
==> Save the model at epoch 012 with test loss 0.0069901
Epoch: 013 | Loss: 0.0275035 | L2 loss: 0.0072868 | Lip loss: 0.0202167 | Grad norm: 0.286849 | Time: 50s565ms
Epoch: 013 | Test Loss: 0.0069684 | Time: 571ms
==> Save the model at epoch 013 with test loss 0.0069684
Epoch: 014 | Loss: 0.0275117 | L2 loss: 0.0072867 | Lip loss: 0.0202250 | Grad norm: 0.294834 | Time: 51s115ms
Epoch: 014 | Test Loss: 0.0069960 | Time: 587ms
Epoch: 015 | Loss: 0.0275048 | L2 loss: 0.0072948 | Lip loss: 0.0202100 | Grad norm: 0.298607 | Time: 49s932ms
Epoch: 015 | Test Loss: 0.0069952 | Time: 574ms
Epoch: 016 | Loss: 0.0274535 | L2 loss: 0.0072502 | Lip loss: 0.0202033 | Grad norm: 0.263435 | Time: 49s747ms
Epoch: 016 | Test Loss: 0.0069550 | Time: 586ms
==> Save the model at epoch 016 with test loss 0.0069550
Epoch: 017 | Loss: 0.0274451 | L2 loss: 0.0072490 | Lip loss: 0.0201961 | Grad norm: 0.257821 | Time: 50s165ms
Epoch: 017 | Test Loss: 0.0069522 | Time: 602ms
==> Save the model at epoch 017 with test loss 0.0069522
Epoch: 018 | Loss: 0.0274535 | L2 loss: 0.0072496 | Lip loss: 0.0202039 | Grad norm: 0.267115 | Time: 50s533ms
Epoch: 018 | Test Loss: 0.0069581 | Time: 589ms
Epoch: 019 | Loss: 0.0274434 | L2 loss: 0.0072478 | Lip loss: 0.0201956 | Grad norm: 0.254509 | Time: 50s284ms
Epoch: 019 | Test Loss: 0.0069585 | Time: 578ms
Epoch: 020 | Loss: 0.0274490 | L2 loss: 0.0072484 | Lip loss: 0.0202006 | Grad norm: 0.269081 | Time: 50s119ms
Epoch: 020 | Test Loss: 0.0069540 | Time: 644ms
Epoch: 021 | Loss: 0.0274426 | L2 loss: 0.0072432 | Lip loss: 0.0201994 | Grad norm: 0.263583 | Time: 49s87ms
Epoch: 021 | Test Loss: 0.0069521 | Time: 635ms
==> Save the model at epoch 021 with test loss 0.0069521
Epoch: 022 | Loss: 0.0274467 | L2 loss: 0.0072430 | Lip loss: 0.0202037 | Grad norm: 0.256407 | Time: 50s586ms
Epoch: 022 | Test Loss: 0.0069502 | Time: 635ms
==> Save the model at epoch 022 with test loss 0.0069502
Epoch: 023 | Loss: 0.0274426 | L2 loss: 0.0072422 | Lip loss: 0.0202004 | Grad norm: 0.257856 | Time: 50s297ms
Epoch: 023 | Test Loss: 0.0069511 | Time: 576ms
Epoch: 024 | Loss: 0.0274427 | L2 loss: 0.0072426 | Lip loss: 0.0202001 | Grad norm: 0.261660 | Time: 46s259ms
Epoch: 024 | Test Loss: 0.0069520 | Time: 571ms
Epoch: 025 | Loss: 0.0274657 | L2 loss: 0.0072418 | Lip loss: 0.0202238 | Grad norm: 0.260794 | Time: 46s211ms
Epoch: 025 | Test Loss: 0.0069551 | Time: 572ms
Epoch: 026 | Loss: 0.0274582 | L2 loss: 0.0072430 | Lip loss: 0.0202153 | Grad norm: 0.256913 | Time: 46s222ms
Epoch: 026 | Test Loss: 0.0069534 | Time: 571ms
Epoch: 027 | Loss: 0.0274608 | L2 loss: 0.0072423 | Lip loss: 0.0202186 | Grad norm: 0.256016 | Time: 46s197ms
Epoch: 027 | Test Loss: 0.0069526 | Time: 571ms
Epoch: 028 | Loss: 0.0274482 | L2 loss: 0.0072420 | Lip loss: 0.0202062 | Grad norm: 0.253954 | Time: 46s233ms
Epoch: 028 | Test Loss: 0.0069520 | Time: 631ms
Epoch: 029 | Loss: 0.0274541 | L2 loss: 0.0072419 | Lip loss: 0.0202122 | Grad norm: 0.259213 | Time: 48s311ms
Epoch: 029 | Test Loss: 0.0069516 | Time: 636ms
Epoch: 030 | Loss: 0.0274507 | L2 loss: 0.0072417 | Lip loss: 0.0202090 | Grad norm: 0.257833 | Time: 50s185ms
Epoch: 030 | Test Loss: 0.0069514 | Time: 574ms
Epoch: 031 | Loss: 0.0274456 | L2 loss: 0.0072416 | Lip loss: 0.0202040 | Grad norm: 0.255213 | Time: 49s452ms
Epoch: 031 | Test Loss: 0.0069514 | Time: 574ms
Epoch: 032 | Loss: 0.0274465 | L2 loss: 0.0072416 | Lip loss: 0.0202049 | Grad norm: 0.266335 | Time: 49s855ms
Epoch: 032 | Test Loss: 0.0069514 | Time: 579ms
Epoch: 033 | Loss: 0.0274450 | L2 loss: 0.0072416 | Lip loss: 0.0202034 | Grad norm: 0.264100 | Time: 50s701ms
Epoch: 033 | Test Loss: 0.0069514 | Time: 573ms
Epoch: 034 | Loss: 0.0274581 | L2 loss: 0.0072416 | Lip loss: 0.0202165 | Grad norm: 0.260252 | Time: 50s565ms
Epoch: 034 | Test Loss: 0.0069514 | Time: 640ms
Epoch: 035 | Loss: 0.0274248 | L2 loss: 0.0072416 | Lip loss: 0.0201832 | Grad norm: 0.257776 | Time: 50s790ms
Epoch: 035 | Test Loss: 0.0069514 | Time: 643ms
Epoch: 036 | Loss: 0.0274581 | L2 loss: 0.0072416 | Lip loss: 0.0202165 | Grad norm: 0.258533 | Time: 50s366ms
Epoch: 036 | Test Loss: 0.0069514 | Time: 593ms
Epoch: 037 | Loss: 0.0274327 | L2 loss: 0.0072416 | Lip loss: 0.0201911 | Grad norm: 0.256737 | Time: 50s857ms
Epoch: 037 | Test Loss: 0.0069514 | Time: 589ms
Epoch: 038 | Loss: 0.0274474 | L2 loss: 0.0072416 | Lip loss: 0.0202058 | Grad norm: 0.261227 | Time: 46s206ms
Epoch: 038 | Test Loss: 0.0069514 | Time: 569ms
Epoch: 039 | Loss: 0.0274354 | L2 loss: 0.0072416 | Lip loss: 0.0201938 | Grad norm: 0.258902 | Time: 46s340ms
Epoch: 039 | Test Loss: 0.0069514 | Time: 571ms
Epoch: 040 | Loss: 0.0274460 | L2 loss: 0.0072416 | Lip loss: 0.0202044 | Grad norm: 0.254300 | Time: 47s535ms
Epoch: 040 | Test Loss: 0.0069514 | Time: 661ms
Total time: 33m6s
==> Saving trained model weights...
==> Input bias to be applied to the neural network (trained):
[0. 0.]
==> Input transform to be applied to the neural network (trained):
[1. 1.]
==> Output transform to be applied to the neural network (trained):
[1. 1.]
==> Saving training info...
==> Drawing training loss...
==> Drawing grad norm...
==> Drawing testing loss...
==> Drawing l2 loss...
==> Drawing lip loss...
==> Process finished.
