==> torch device:  cuda:0
==> Test-Train split: test_ratio = 0.20
==> Test-Train split seed:  None
==> Further split: further_train_ratio = 0.25
==> Further split seed:  None
==> Input bias to be applied to the neural network:
[0. 0.]
==> Input transform to be applied to the neural network:
[0.5090095 0.5090095]
==> Ouput transform to be applied to the neural network:
[3.9366 3.9363]
==> Evaluating model...
==========================================================================================
Layer (type:depth-idx)                   Output Shape              Param #
==========================================================================================
NeuralNetwork                            [1, 2]                    6
├─Sequential: 1-1                        [1, 2]                    --
│    └─Linear: 2-1                       [1, 64]                   192
│    └─ReLU: 2-2                         [1, 64]                   --
│    └─Linear: 2-3                       [1, 64]                   4,160
│    └─ReLU: 2-4                         [1, 64]                   --
│    └─Linear: 2-5                       [1, 64]                   4,160
│    └─ReLU: 2-6                         [1, 64]                   --
│    └─Linear: 2-7                       [1, 64]                   4,160
│    └─ReLU: 2-8                         [1, 64]                   --
│    └─Linear: 2-9                       [1, 64]                   4,160
│    └─ReLU: 2-10                        [1, 64]                   --
│    └─Linear: 2-11                      [1, 64]                   4,160
│    └─ReLU: 2-12                        [1, 64]                   --
│    └─Linear: 2-13                      [1, 64]                   4,160
│    └─ReLU: 2-14                        [1, 64]                   --
│    └─Linear: 2-15                      [1, 2]                    130
├─Sequential: 1-2                        [1, 2]                    (recursive)
│    └─Linear: 2-16                      [1, 64]                   (recursive)
│    └─ReLU: 2-17                        [1, 64]                   --
│    └─Linear: 2-18                      [1, 64]                   (recursive)
│    └─ReLU: 2-19                        [1, 64]                   --
│    └─Linear: 2-20                      [1, 64]                   (recursive)
│    └─ReLU: 2-21                        [1, 64]                   --
│    └─Linear: 2-22                      [1, 64]                   (recursive)
│    └─ReLU: 2-23                        [1, 64]                   --
│    └─Linear: 2-24                      [1, 64]                   (recursive)
│    └─ReLU: 2-25                        [1, 64]                   --
│    └─Linear: 2-26                      [1, 64]                   (recursive)
│    └─ReLU: 2-27                        [1, 64]                   --
│    └─Linear: 2-28                      [1, 64]                   (recursive)
│    └─ReLU: 2-29                        [1, 64]                   --
│    └─Linear: 2-30                      [1, 2]                    (recursive)
==========================================================================================
Total params: 25,288
Trainable params: 25,282
Non-trainable params: 6
Total mult-adds (Units.MEGABYTES): 0.05
==========================================================================================
Input size (MB): 0.00
Forward/backward pass size (MB): 0.01
Params size (MB): 0.10
Estimated Total Size (MB): 0.11
==========================================================================================
==> Saving initial model weights...
==> Start training...
==> Number of param_groups in optimizer: 1
Epoch: 001 | Train Loss: 30.8641058 | Grad norm: 1.021864 | Time: 1s365ms
Epoch: 001 | Test Loss: 31.2815891 | Time: 481ms
==> Save the model at epoch 001 with test loss 31.2815891
Epoch: 002 | Train Loss: 7.3825642 | Grad norm: 13.393772 | Time: 1s192ms
Epoch: 002 | Test Loss: 0.0439358 | Time: 542ms
==> Save the model at epoch 002 with test loss 0.0439358
Epoch: 003 | Train Loss: 0.0568941 | Grad norm: 5.285144 | Time: 1s206ms
Epoch: 003 | Test Loss: 0.0457636 | Time: 528ms
Epoch: 004 | Train Loss: 0.0620537 | Grad norm: 5.363877 | Time: 973ms
Epoch: 004 | Test Loss: 0.0576224 | Time: 472ms
Epoch: 005 | Train Loss: 0.0824371 | Grad norm: 5.808790 | Time: 1s203ms
Epoch: 005 | Test Loss: 0.0442423 | Time: 473ms
Epoch: 006 | Train Loss: 0.1392599 | Grad norm: 7.633828 | Time: 1s57ms
Epoch: 006 | Test Loss: 0.0940316 | Time: 473ms
Epoch: 007 | Train Loss: 0.1348984 | Grad norm: 7.646605 | Time: 1s105ms
Epoch: 007 | Test Loss: 0.1087976 | Time: 544ms
Epoch: 008 | Train Loss: 0.2024109 | Grad norm: 8.936836 | Time: 1s97ms
Epoch: 008 | Test Loss: 0.1176347 | Time: 465ms
Epoch: 009 | Train Loss: 0.1757426 | Grad norm: 8.592273 | Time: 1s223ms
Epoch: 009 | Test Loss: 0.2415164 | Time: 469ms
Epoch: 010 | Train Loss: 0.2995545 | Grad norm: 11.116753 | Time: 1s77ms
Epoch: 010 | Test Loss: 0.0705880 | Time: 467ms
Epoch: 011 | Train Loss: 0.1855312 | Grad norm: 8.711874 | Time: 1s236ms
Epoch: 011 | Test Loss: 0.3957418 | Time: 563ms
Epoch: 012 | Train Loss: 0.1929793 | Grad norm: 8.952997 | Time: 1s154ms
Epoch: 012 | Test Loss: 0.0713286 | Time: 498ms
Epoch: 013 | Train Loss: 0.1417358 | Grad norm: 7.121699 | Time: 1s93ms
Epoch: 013 | Test Loss: 0.1366364 | Time: 473ms
Epoch: 014 | Train Loss: 0.1152049 | Grad norm: 6.803269 | Time: 1s184ms
Epoch: 014 | Test Loss: 0.0611446 | Time: 484ms
Epoch: 015 | Train Loss: 0.0829842 | Grad norm: 5.634246 | Time: 1s56ms
Epoch: 015 | Test Loss: 0.0870979 | Time: 564ms
Epoch: 016 | Train Loss: 0.0808815 | Grad norm: 5.668195 | Time: 1s263ms
Epoch: 016 | Test Loss: 0.1730736 | Time: 508ms
Epoch: 017 | Train Loss: 0.1002305 | Grad norm: 6.072431 | Time: 1s88ms
Epoch: 017 | Test Loss: 0.3262016 | Time: 487ms
Epoch: 018 | Train Loss: 0.1049967 | Grad norm: 6.371837 | Time: 1s82ms
Epoch: 018 | Test Loss: 0.0423894 | Time: 466ms
==> Save the model at epoch 018 with test loss 0.0423894
Epoch: 019 | Train Loss: 0.0582643 | Grad norm: 4.580869 | Time: 1s67ms
Epoch: 019 | Test Loss: 0.1781842 | Time: 553ms
Epoch: 020 | Train Loss: 0.0949174 | Grad norm: 5.829193 | Time: 1s233ms
Epoch: 020 | Test Loss: 0.0488668 | Time: 463ms
Epoch: 021 | Train Loss: 0.0615420 | Grad norm: 4.929800 | Time: 1s123ms
Epoch: 021 | Test Loss: 0.0711006 | Time: 471ms
Epoch: 022 | Train Loss: 0.0415092 | Grad norm: 3.978175 | Time: 1s79ms
Epoch: 022 | Test Loss: 0.0205221 | Time: 501ms
==> Save the model at epoch 022 with test loss 0.0205221
Epoch: 023 | Train Loss: 0.0563536 | Grad norm: 4.299316 | Time: 1s105ms
Epoch: 023 | Test Loss: 0.0280556 | Time: 569ms
Epoch: 024 | Train Loss: 0.0326984 | Grad norm: 3.094452 | Time: 1s181ms
Epoch: 024 | Test Loss: 0.1127165 | Time: 475ms
Epoch: 025 | Train Loss: 0.0525237 | Grad norm: 4.017665 | Time: 1s63ms
Epoch: 025 | Test Loss: 0.0180142 | Time: 482ms
==> Save the model at epoch 025 with test loss 0.0180142
Epoch: 026 | Train Loss: 0.0206549 | Grad norm: 2.493375 | Time: 1s77ms
Epoch: 026 | Test Loss: 0.0148071 | Time: 463ms
==> Save the model at epoch 026 with test loss 0.0148071
Epoch: 027 | Train Loss: 0.0357683 | Grad norm: 3.302009 | Time: 1s145ms
Epoch: 027 | Test Loss: 0.0442326 | Time: 558ms
Epoch: 028 | Train Loss: 0.0239112 | Grad norm: 2.561792 | Time: 1s156ms
Epoch: 028 | Test Loss: 0.0185851 | Time: 614ms
Epoch: 029 | Train Loss: 0.0156016 | Grad norm: 1.880217 | Time: 1s109ms
Epoch: 029 | Test Loss: 0.0094831 | Time: 519ms
==> Save the model at epoch 029 with test loss 0.0094831
Epoch: 030 | Train Loss: 0.0123900 | Grad norm: 1.517867 | Time: 1s128ms
Epoch: 030 | Test Loss: 0.0091036 | Time: 465ms
==> Save the model at epoch 030 with test loss 0.0091036
Epoch: 031 | Train Loss: 0.0101801 | Grad norm: 1.078026 | Time: 1s74ms
Epoch: 031 | Test Loss: 0.0099419 | Time: 547ms
Epoch: 032 | Train Loss: 0.0094065 | Grad norm: 0.955659 | Time: 1s129ms
Epoch: 032 | Test Loss: 0.0104672 | Time: 452ms
Epoch: 033 | Train Loss: 0.0087833 | Grad norm: 0.806558 | Time: 1s102ms
Epoch: 033 | Test Loss: 0.0093080 | Time: 496ms
Epoch: 034 | Train Loss: 0.0080469 | Grad norm: 0.591719 | Time: 1s128ms
Epoch: 034 | Test Loss: 0.0080070 | Time: 461ms
==> Save the model at epoch 034 with test loss 0.0080070
Epoch: 035 | Train Loss: 0.0077896 | Grad norm: 0.492022 | Time: 1s77ms
Epoch: 035 | Test Loss: 0.0078875 | Time: 539ms
==> Save the model at epoch 035 with test loss 0.0078875
Epoch: 036 | Train Loss: 0.0075445 | Grad norm: 0.411470 | Time: 1s89ms
Epoch: 036 | Test Loss: 0.0074807 | Time: 465ms
==> Save the model at epoch 036 with test loss 0.0074807
Epoch: 037 | Train Loss: 0.0074099 | Grad norm: 0.346523 | Time: 1s34ms
Epoch: 037 | Test Loss: 0.0074330 | Time: 463ms
==> Save the model at epoch 037 with test loss 0.0074330
Epoch: 038 | Train Loss: 0.0072816 | Grad norm: 0.285831 | Time: 1s22ms
Epoch: 038 | Test Loss: 0.0073946 | Time: 450ms
==> Save the model at epoch 038 with test loss 0.0073946
Epoch: 039 | Train Loss: 0.0072033 | Grad norm: 0.235255 | Time: 1s142ms
Epoch: 039 | Test Loss: 0.0073215 | Time: 546ms
==> Save the model at epoch 039 with test loss 0.0073215
Epoch: 040 | Train Loss: 0.0071553 | Grad norm: 0.211179 | Time: 1s42ms
Epoch: 040 | Test Loss: 0.0073138 | Time: 470ms
==> Save the model at epoch 040 with test loss 0.0073138
Total time: 1m5s
==> Saving trained model weights...
==> Input bias to be applied to the neural network (trained):
[0. 0.]
==> Input transform to be applied to the neural network (trained):
[0.5090095 0.5090095]
==> Output transform to be applied to the neural network (trained):
[3.9366 3.9363]
==> Saving training info...
==> Drawing training loss...
==> Drawing grad norm...
==> Drawing testing loss...
==> Process finished.
