==> torch device:  cuda:2
==> Test-Train split: test_ratio = 0.20
==> Test-Train split seed:  None
==> Further split: further_train_ratio = 1.00
==> Further split seed:  None
==> Input bias to be applied to the neural network:
[0. 0.]
==> Input transform to be applied to the neural network:
[0.496845   0.52004784]
==> Ouput transform to be applied to the neural network:
[1.9242 2.0182]
==> Evaluating model...
==========================================================================================
Layer (type:depth-idx)                   Output Shape              Param #
==========================================================================================
NeuralNetwork                            [1, 2]                    6
├─Sequential: 1-1                        [1, 2]                    --
│    └─Linear: 2-1                       [1, 64]                   192
│    └─ReLU: 2-2                         [1, 64]                   --
│    └─Linear: 2-3                       [1, 64]                   4,160
│    └─ReLU: 2-4                         [1, 64]                   --
│    └─Linear: 2-5                       [1, 64]                   4,160
│    └─ReLU: 2-6                         [1, 64]                   --
│    └─Linear: 2-7                       [1, 64]                   4,160
│    └─ReLU: 2-8                         [1, 64]                   --
│    └─Linear: 2-9                       [1, 64]                   4,160
│    └─ReLU: 2-10                        [1, 64]                   --
│    └─Linear: 2-11                      [1, 64]                   4,160
│    └─ReLU: 2-12                        [1, 64]                   --
│    └─Linear: 2-13                      [1, 64]                   4,160
│    └─ReLU: 2-14                        [1, 64]                   --
│    └─Linear: 2-15                      [1, 2]                    130
├─Sequential: 1-2                        [1, 2]                    (recursive)
│    └─Linear: 2-16                      [1, 64]                   (recursive)
│    └─ReLU: 2-17                        [1, 64]                   --
│    └─Linear: 2-18                      [1, 64]                   (recursive)
│    └─ReLU: 2-19                        [1, 64]                   --
│    └─Linear: 2-20                      [1, 64]                   (recursive)
│    └─ReLU: 2-21                        [1, 64]                   --
│    └─Linear: 2-22                      [1, 64]                   (recursive)
│    └─ReLU: 2-23                        [1, 64]                   --
│    └─Linear: 2-24                      [1, 64]                   (recursive)
│    └─ReLU: 2-25                        [1, 64]                   --
│    └─Linear: 2-26                      [1, 64]                   (recursive)
│    └─ReLU: 2-27                        [1, 64]                   --
│    └─Linear: 2-28                      [1, 64]                   (recursive)
│    └─ReLU: 2-29                        [1, 64]                   --
│    └─Linear: 2-30                      [1, 2]                    (recursive)
==========================================================================================
Total params: 25,288
Trainable params: 25,282
Non-trainable params: 6
Total mult-adds (Units.MEGABYTES): 0.05
==========================================================================================
Input size (MB): 0.00
Forward/backward pass size (MB): 0.01
Params size (MB): 0.10
Estimated Total Size (MB): 0.11
==========================================================================================
==> Saving initial model weights...
==> Start training...
==> Number of param_groups in optimizer: 1
Epoch: 001 | Train Loss: 7.7799468 | Grad norm: 0.315841 | Time: 4s378ms
Epoch: 001 | Test Loss: 7.7941080 | Time: 508ms
==> Save the model at epoch 001 with test loss 7.7941080
Epoch: 002 | Train Loss: 2.2150945 | Grad norm: 1.875851 | Time: 4s310ms
Epoch: 002 | Test Loss: 0.0756381 | Time: 446ms
==> Save the model at epoch 002 with test loss 0.0756381
Epoch: 003 | Train Loss: 0.0345055 | Grad norm: 1.387749 | Time: 4s138ms
Epoch: 003 | Test Loss: 0.0176617 | Time: 443ms
==> Save the model at epoch 003 with test loss 0.0176617
Epoch: 004 | Train Loss: 0.0143922 | Grad norm: 1.269606 | Time: 4s299ms
Epoch: 004 | Test Loss: 0.0124119 | Time: 475ms
==> Save the model at epoch 004 with test loss 0.0124119
Epoch: 005 | Train Loss: 0.0115048 | Grad norm: 1.212708 | Time: 4s391ms
Epoch: 005 | Test Loss: 0.0101256 | Time: 452ms
==> Save the model at epoch 005 with test loss 0.0101256
Epoch: 006 | Train Loss: 0.0125695 | Grad norm: 1.575027 | Time: 3s992ms
Epoch: 006 | Test Loss: 0.0100641 | Time: 590ms
==> Save the model at epoch 006 with test loss 0.0100641
Epoch: 007 | Train Loss: 0.0125397 | Grad norm: 1.443289 | Time: 3s914ms
Epoch: 007 | Test Loss: 0.0086776 | Time: 467ms
==> Save the model at epoch 007 with test loss 0.0086776
Epoch: 008 | Train Loss: 0.0116520 | Grad norm: 1.224473 | Time: 4s49ms
Epoch: 008 | Test Loss: 0.0102003 | Time: 446ms
Epoch: 009 | Train Loss: 0.0114998 | Grad norm: 1.169339 | Time: 4s104ms
Epoch: 009 | Test Loss: 0.0146702 | Time: 443ms
Epoch: 010 | Train Loss: 0.0117583 | Grad norm: 1.149822 | Time: 4s207ms
Epoch: 010 | Test Loss: 0.0145585 | Time: 450ms
Epoch: 011 | Train Loss: 0.0109493 | Grad norm: 0.982022 | Time: 4s12ms
Epoch: 011 | Test Loss: 0.0100879 | Time: 446ms
Epoch: 012 | Train Loss: 0.0100154 | Grad norm: 0.831677 | Time: 4s18ms
Epoch: 012 | Test Loss: 0.0092595 | Time: 458ms
Epoch: 013 | Train Loss: 0.0096816 | Grad norm: 0.805006 | Time: 4s143ms
Epoch: 013 | Test Loss: 0.0076215 | Time: 474ms
==> Save the model at epoch 013 with test loss 0.0076215
Epoch: 014 | Train Loss: 0.0096389 | Grad norm: 0.759160 | Time: 4s157ms
Epoch: 014 | Test Loss: 0.0078843 | Time: 547ms
Epoch: 015 | Train Loss: 0.0091494 | Grad norm: 0.671650 | Time: 4s122ms
Epoch: 015 | Test Loss: 0.0089497 | Time: 448ms
Epoch: 016 | Train Loss: 0.0090240 | Grad norm: 0.673431 | Time: 4s63ms
Epoch: 016 | Test Loss: 0.0082000 | Time: 446ms
Epoch: 017 | Train Loss: 0.0089561 | Grad norm: 0.659155 | Time: 4s30ms
Epoch: 017 | Test Loss: 0.0085977 | Time: 449ms
Epoch: 018 | Train Loss: 0.0089841 | Grad norm: 0.631384 | Time: 4s211ms
Epoch: 018 | Test Loss: 0.0106074 | Time: 453ms
Epoch: 019 | Train Loss: 0.0088327 | Grad norm: 0.625802 | Time: 4s123ms
Epoch: 019 | Test Loss: 0.0083454 | Time: 447ms
Epoch: 020 | Train Loss: 0.0086331 | Grad norm: 0.616820 | Time: 3s962ms
Epoch: 020 | Test Loss: 0.0083869 | Time: 479ms
Epoch: 021 | Train Loss: 0.0082512 | Grad norm: 0.540255 | Time: 4s248ms
Epoch: 021 | Test Loss: 0.0083668 | Time: 444ms
Epoch: 022 | Train Loss: 0.0085275 | Grad norm: 0.593182 | Time: 3s982ms
Epoch: 022 | Test Loss: 0.0078989 | Time: 514ms
Epoch: 023 | Train Loss: 0.0080753 | Grad norm: 0.508192 | Time: 4s181ms
Epoch: 023 | Test Loss: 0.0082682 | Time: 462ms
Epoch: 024 | Train Loss: 0.0081374 | Grad norm: 0.519902 | Time: 4s211ms
Epoch: 024 | Test Loss: 0.0076340 | Time: 488ms
Epoch: 025 | Train Loss: 0.0077896 | Grad norm: 0.459703 | Time: 4s146ms
Epoch: 025 | Test Loss: 0.0082343 | Time: 445ms
Epoch: 026 | Train Loss: 0.0077197 | Grad norm: 0.451074 | Time: 4s91ms
Epoch: 026 | Test Loss: 0.0071729 | Time: 450ms
==> Save the model at epoch 026 with test loss 0.0071729
Epoch: 027 | Train Loss: 0.0074633 | Grad norm: 0.394774 | Time: 4s6ms
Epoch: 027 | Test Loss: 0.0076047 | Time: 445ms
Epoch: 028 | Train Loss: 0.0075544 | Grad norm: 0.431029 | Time: 4s126ms
Epoch: 028 | Test Loss: 0.0071953 | Time: 449ms
Epoch: 029 | Train Loss: 0.0074073 | Grad norm: 0.404365 | Time: 4s70ms
Epoch: 029 | Test Loss: 0.0070563 | Time: 450ms
==> Save the model at epoch 029 with test loss 0.0070563
Epoch: 030 | Train Loss: 0.0072067 | Grad norm: 0.343779 | Time: 4s295ms
Epoch: 030 | Test Loss: 0.0070906 | Time: 466ms
Epoch: 031 | Train Loss: 0.0071721 | Grad norm: 0.325082 | Time: 4s26ms
Epoch: 031 | Test Loss: 0.0073735 | Time: 464ms
Epoch: 032 | Train Loss: 0.0070710 | Grad norm: 0.319145 | Time: 4s176ms
Epoch: 032 | Test Loss: 0.0069416 | Time: 454ms
==> Save the model at epoch 032 with test loss 0.0069416
Epoch: 033 | Train Loss: 0.0070440 | Grad norm: 0.307053 | Time: 4s14ms
Epoch: 033 | Test Loss: 0.0069377 | Time: 519ms
==> Save the model at epoch 033 with test loss 0.0069377
Epoch: 034 | Train Loss: 0.0069367 | Grad norm: 0.275881 | Time: 4s47ms
Epoch: 034 | Test Loss: 0.0068503 | Time: 461ms
==> Save the model at epoch 034 with test loss 0.0068503
Epoch: 035 | Train Loss: 0.0068548 | Grad norm: 0.244544 | Time: 3s999ms
Epoch: 035 | Test Loss: 0.0067776 | Time: 446ms
==> Save the model at epoch 035 with test loss 0.0067776
Epoch: 036 | Train Loss: 0.0068070 | Grad norm: 0.238329 | Time: 3s986ms
Epoch: 036 | Test Loss: 0.0066847 | Time: 443ms
==> Save the model at epoch 036 with test loss 0.0066847
Epoch: 037 | Train Loss: 0.0067486 | Grad norm: 0.212605 | Time: 4s239ms
Epoch: 037 | Test Loss: 0.0066463 | Time: 444ms
==> Save the model at epoch 037 with test loss 0.0066463
Epoch: 038 | Train Loss: 0.0067189 | Grad norm: 0.202358 | Time: 3s908ms
Epoch: 038 | Test Loss: 0.0067556 | Time: 446ms
Epoch: 039 | Train Loss: 0.0066772 | Grad norm: 0.180226 | Time: 4s146ms
Epoch: 039 | Test Loss: 0.0065855 | Time: 445ms
==> Save the model at epoch 039 with test loss 0.0065855
Epoch: 040 | Train Loss: 0.0066581 | Grad norm: 0.165525 | Time: 4s84ms
Epoch: 040 | Test Loss: 0.0065675 | Time: 451ms
==> Save the model at epoch 040 with test loss 0.0065675
Total time: 3m3s
==> Saving trained model weights...
==> Input bias to be applied to the neural network (trained):
[0. 0.]
==> Input transform to be applied to the neural network (trained):
[0.496845   0.52004784]
==> Output transform to be applied to the neural network (trained):
[1.9242 2.0182]
==> Saving training info...
==> Drawing training loss...
==> Drawing grad norm...
==> Drawing testing loss...
==> Process finished.
