==> torch device:  cuda:0
==> Test-Train split: test_ratio = 0.20
==> Test-Train split seed:  None
==> Further split: further_train_ratio = 0.25
==> Further split seed:  None
==> Lipschitz constant: 2.00
==> Input bias to be applied to the neural network:
[0. 0.]
==> Input transform to be applied to the neural network:
[0.48014596 0.48395684]
==> Ouput transform to be applied to the neural network:
[2.0663 2.0805]
==> Evaluating model...
==========================================================================================
Layer (type:depth-idx)                   Output Shape              Param #
==========================================================================================
NeuralNetwork                            [1, 2]                    6
├─Sequential: 1-1                        [1, 2]                    --
│    └─SandwichFc: 2-1                   [1, 64]                   4,353
│    └─SandwichFc: 2-2                   [1, 64]                   8,321
│    └─SandwichFc: 2-3                   [1, 64]                   8,321
│    └─SandwichFc: 2-4                   [1, 64]                   8,321
│    └─SandwichFc: 2-5                   [1, 64]                   8,321
│    └─SandwichFc: 2-6                   [1, 64]                   8,321
│    └─SandwichFc: 2-7                   [1, 64]                   8,321
│    └─SandwichLin: 2-8                  [1, 2]                    135
├─Sequential: 1-2                        [1, 2]                    (recursive)
│    └─SandwichFc: 2-9                   [1, 64]                   (recursive)
│    └─SandwichFc: 2-10                  [1, 64]                   (recursive)
│    └─SandwichFc: 2-11                  [1, 64]                   (recursive)
│    └─SandwichFc: 2-12                  [1, 64]                   (recursive)
│    └─SandwichFc: 2-13                  [1, 64]                   (recursive)
│    └─SandwichFc: 2-14                  [1, 64]                   (recursive)
│    └─SandwichFc: 2-15                  [1, 64]                   (recursive)
│    └─SandwichLin: 2-16                 [1, 2]                    (recursive)
==========================================================================================
Total params: 54,420
Trainable params: 54,414
Non-trainable params: 6
Total mult-adds (Units.MEGABYTES): 0.11
==========================================================================================
Input size (MB): 0.00
Forward/backward pass size (MB): 0.01
Params size (MB): 0.22
Estimated Total Size (MB): 0.22
==========================================================================================
==> Saving initial model weights...
==> Start training...
==> Number of param_groups in optimizer: 1
Epoch: 001 | Train Loss: 8.5945610 | Grad norm: 4.819972 | Time: 7s245ms
Epoch: 001 | Test Loss: 8.6303143 | Time: 922ms
==> Save the model at epoch 001 with test loss 8.6303143
Epoch: 002 | Train Loss: 1.7147037 | Grad norm: 3.703797 | Time: 6s851ms
Epoch: 002 | Test Loss: 0.0266788 | Time: 1s3ms
==> Save the model at epoch 002 with test loss 0.0266788
Epoch: 003 | Train Loss: 0.0150886 | Grad norm: 1.185574 | Time: 6s675ms
Epoch: 003 | Test Loss: 0.0081614 | Time: 937ms
==> Save the model at epoch 003 with test loss 0.0081614
Epoch: 004 | Train Loss: 0.0096450 | Grad norm: 1.793912 | Time: 6s788ms
Epoch: 004 | Test Loss: 0.0101695 | Time: 1s145ms
Epoch: 005 | Train Loss: 0.0213773 | Grad norm: 4.164422 | Time: 6s981ms
Epoch: 005 | Test Loss: 0.0108795 | Time: 962ms
Epoch: 006 | Train Loss: 0.0261257 | Grad norm: 4.729195 | Time: 6s732ms
Epoch: 006 | Test Loss: 0.0156615 | Time: 926ms
Epoch: 007 | Train Loss: 0.0312972 | Grad norm: 5.101992 | Time: 6s784ms
Epoch: 007 | Test Loss: 0.0446580 | Time: 924ms
Epoch: 008 | Train Loss: 0.0347018 | Grad norm: 5.286953 | Time: 6s805ms
Epoch: 008 | Test Loss: 0.0211561 | Time: 926ms
Epoch: 009 | Train Loss: 0.0375427 | Grad norm: 5.387869 | Time: 7s3ms
Epoch: 009 | Test Loss: 0.0332100 | Time: 1s24ms
Epoch: 010 | Train Loss: 0.0322776 | Grad norm: 4.846904 | Time: 6s783ms
Epoch: 010 | Test Loss: 0.0476771 | Time: 919ms
Epoch: 011 | Train Loss: 0.0280626 | Grad norm: 4.388666 | Time: 6s974ms
Epoch: 011 | Test Loss: 0.0156596 | Time: 936ms
Epoch: 012 | Train Loss: 0.0247124 | Grad norm: 4.006485 | Time: 7s88ms
Epoch: 012 | Test Loss: 0.0210079 | Time: 1s129ms
Epoch: 013 | Train Loss: 0.0215032 | Grad norm: 3.702737 | Time: 7s47ms
Epoch: 013 | Test Loss: 0.0264255 | Time: 917ms
Epoch: 014 | Train Loss: 0.0186879 | Grad norm: 3.393104 | Time: 7s46ms
Epoch: 014 | Test Loss: 0.0127815 | Time: 999ms
Epoch: 015 | Train Loss: 0.0164202 | Grad norm: 3.133942 | Time: 7s169ms
Epoch: 015 | Test Loss: 0.0147332 | Time: 927ms
Epoch: 016 | Train Loss: 0.0150254 | Grad norm: 2.910823 | Time: 6s954ms
Epoch: 016 | Test Loss: 0.0240436 | Time: 998ms
Epoch: 017 | Train Loss: 0.0126306 | Grad norm: 2.670041 | Time: 7s174ms
Epoch: 017 | Test Loss: 0.0065402 | Time: 934ms
==> Save the model at epoch 017 with test loss 0.0065402
Epoch: 018 | Train Loss: 0.0108852 | Grad norm: 2.457108 | Time: 6s872ms
Epoch: 018 | Test Loss: 0.0091496 | Time: 926ms
Epoch: 019 | Train Loss: 0.0098004 | Grad norm: 2.277675 | Time: 6s979ms
Epoch: 019 | Test Loss: 0.0132341 | Time: 957ms
Epoch: 020 | Train Loss: 0.0088682 | Grad norm: 2.100210 | Time: 6s809ms
Epoch: 020 | Test Loss: 0.0048922 | Time: 936ms
==> Save the model at epoch 020 with test loss 0.0048922
Epoch: 021 | Train Loss: 0.0072528 | Grad norm: 1.936532 | Time: 6s681ms
Epoch: 021 | Test Loss: 0.0059867 | Time: 1s14ms
Epoch: 022 | Train Loss: 0.0062327 | Grad norm: 1.676287 | Time: 6s614ms
Epoch: 022 | Test Loss: 0.0019348 | Time: 935ms
==> Save the model at epoch 022 with test loss 0.0019348
Epoch: 023 | Train Loss: 0.0010957 | Grad norm: 0.262362 | Time: 6s945ms
Epoch: 023 | Test Loss: 0.0009369 | Time: 999ms
==> Save the model at epoch 023 with test loss 0.0009369
Epoch: 024 | Train Loss: 0.0008911 | Grad norm: 0.187267 | Time: 7s417ms
Epoch: 024 | Test Loss: 0.0008461 | Time: 930ms
==> Save the model at epoch 024 with test loss 0.0008461
Epoch: 025 | Train Loss: 0.0008187 | Grad norm: 0.163857 | Time: 7s237ms
Epoch: 025 | Test Loss: 0.0009426 | Time: 932ms
Epoch: 026 | Train Loss: 0.0007817 | Grad norm: 0.162750 | Time: 7s57ms
Epoch: 026 | Test Loss: 0.0007919 | Time: 953ms
==> Save the model at epoch 026 with test loss 0.0007919
Epoch: 027 | Train Loss: 0.0007901 | Grad norm: 0.181286 | Time: 6s742ms
Epoch: 027 | Test Loss: 0.0007533 | Time: 942ms
==> Save the model at epoch 027 with test loss 0.0007533
Epoch: 028 | Train Loss: 0.0007635 | Grad norm: 0.168997 | Time: 6s992ms
Epoch: 028 | Test Loss: 0.0007794 | Time: 990ms
Epoch: 029 | Train Loss: 0.0007210 | Grad norm: 0.124665 | Time: 6s862ms
Epoch: 029 | Test Loss: 0.0007322 | Time: 933ms
==> Save the model at epoch 029 with test loss 0.0007322
Epoch: 030 | Train Loss: 0.0007011 | Grad norm: 0.119823 | Time: 7s11ms
Epoch: 030 | Test Loss: 0.0007027 | Time: 930ms
==> Save the model at epoch 030 with test loss 0.0007027
Epoch: 031 | Train Loss: 0.0006816 | Grad norm: 0.116451 | Time: 6s775ms
Epoch: 031 | Test Loss: 0.0006931 | Time: 924ms
==> Save the model at epoch 031 with test loss 0.0006931
Epoch: 032 | Train Loss: 0.0006775 | Grad norm: 0.121305 | Time: 6s617ms
Epoch: 032 | Test Loss: 0.0006585 | Time: 943ms
==> Save the model at epoch 032 with test loss 0.0006585
Epoch: 033 | Train Loss: 0.0006706 | Grad norm: 0.125101 | Time: 7s307ms
Epoch: 033 | Test Loss: 0.0006772 | Time: 929ms
Epoch: 034 | Train Loss: 0.0006548 | Grad norm: 0.102030 | Time: 6s985ms
Epoch: 034 | Test Loss: 0.0006373 | Time: 1s29ms
==> Save the model at epoch 034 with test loss 0.0006373
Epoch: 035 | Train Loss: 0.0006357 | Grad norm: 0.087711 | Time: 6s965ms
Epoch: 035 | Test Loss: 0.0006623 | Time: 1s1ms
Epoch: 036 | Train Loss: 0.0006222 | Grad norm: 0.068974 | Time: 6s987ms
Epoch: 036 | Test Loss: 0.0006226 | Time: 931ms
==> Save the model at epoch 036 with test loss 0.0006226
Epoch: 037 | Train Loss: 0.0006179 | Grad norm: 0.074564 | Time: 6s798ms
Epoch: 037 | Test Loss: 0.0006318 | Time: 937ms
Epoch: 038 | Train Loss: 0.0006095 | Grad norm: 0.057053 | Time: 7s83ms
Epoch: 038 | Test Loss: 0.0006196 | Time: 935ms
==> Save the model at epoch 038 with test loss 0.0006196
Epoch: 039 | Train Loss: 0.0006038 | Grad norm: 0.051529 | Time: 6s916ms
Epoch: 039 | Test Loss: 0.0006144 | Time: 940ms
==> Save the model at epoch 039 with test loss 0.0006144
Epoch: 040 | Train Loss: 0.0006011 | Grad norm: 0.047437 | Time: 6s768ms
Epoch: 040 | Test Loss: 0.0006131 | Time: 1s10ms
==> Save the model at epoch 040 with test loss 0.0006131
Total time: 5m16s
==> Saving trained model weights...
==> Input bias to be applied to the neural network (trained):
[0. 0.]
==> Input transform to be applied to the neural network (trained):
[0.48014596 0.48395684]
==> Output transform to be applied to the neural network (trained):
[2.0663 2.0805]
==> Saving training info...
==> Drawing training loss...
==> Drawing grad norm...
==> Drawing testing loss...
==> Process finished.
