==> torch device:  cuda:3
==> Test-Train split: test_ratio = 0.20
==> Test-Train split seed:  None
==> Further split: further_train_ratio = 1.00
==> Further split seed:  None
==> Input bias to be applied to the neural network:
[0. 0.]
==> Input transform to be applied to the neural network:
[0.7649939 0.7649939]
==> Ouput transform to be applied to the neural network:
[2.6276 2.6276]
==> Evaluating model...
==========================================================================================
Layer (type:depth-idx)                   Output Shape              Param #
==========================================================================================
NeuralNetwork                            [1, 2]                    6
├─Sequential: 1-1                        [1, 2]                    --
│    └─Linear: 2-1                       [1, 64]                   192
│    └─ReLU: 2-2                         [1, 64]                   --
│    └─Linear: 2-3                       [1, 64]                   4,160
│    └─ReLU: 2-4                         [1, 64]                   --
│    └─Linear: 2-5                       [1, 64]                   4,160
│    └─ReLU: 2-6                         [1, 64]                   --
│    └─Linear: 2-7                       [1, 64]                   4,160
│    └─ReLU: 2-8                         [1, 64]                   --
│    └─Linear: 2-9                       [1, 64]                   4,160
│    └─ReLU: 2-10                        [1, 64]                   --
│    └─Linear: 2-11                      [1, 64]                   4,160
│    └─ReLU: 2-12                        [1, 64]                   --
│    └─Linear: 2-13                      [1, 64]                   4,160
│    └─ReLU: 2-14                        [1, 64]                   --
│    └─Linear: 2-15                      [1, 2]                    130
├─Sequential: 1-2                        [1, 2]                    (recursive)
│    └─Linear: 2-16                      [1, 64]                   (recursive)
│    └─ReLU: 2-17                        [1, 64]                   --
│    └─Linear: 2-18                      [1, 64]                   (recursive)
│    └─ReLU: 2-19                        [1, 64]                   --
│    └─Linear: 2-20                      [1, 64]                   (recursive)
│    └─ReLU: 2-21                        [1, 64]                   --
│    └─Linear: 2-22                      [1, 64]                   (recursive)
│    └─ReLU: 2-23                        [1, 64]                   --
│    └─Linear: 2-24                      [1, 64]                   (recursive)
│    └─ReLU: 2-25                        [1, 64]                   --
│    └─Linear: 2-26                      [1, 64]                   (recursive)
│    └─ReLU: 2-27                        [1, 64]                   --
│    └─Linear: 2-28                      [1, 64]                   (recursive)
│    └─ReLU: 2-29                        [1, 64]                   --
│    └─Linear: 2-30                      [1, 2]                    (recursive)
==========================================================================================
Total params: 25,288
Trainable params: 25,282
Non-trainable params: 6
Total mult-adds (Units.MEGABYTES): 0.05
==========================================================================================
Input size (MB): 0.00
Forward/backward pass size (MB): 0.01
Params size (MB): 0.10
Estimated Total Size (MB): 0.11
==========================================================================================
==> Saving initial model weights...
==> Start training...
==> Number of param_groups in optimizer: 1
Epoch: 001 | Train Loss: 13.8304822 | Grad norm: 0.381690 | Time: 4s794ms
Epoch: 001 | Test Loss: 13.6989713 | Time: 516ms
==> Save the model at epoch 001 with test loss 13.6989713
Epoch: 002 | Train Loss: 0.5132994 | Grad norm: 2.740543 | Time: 4s514ms
Epoch: 002 | Test Loss: 0.0062711 | Time: 522ms
==> Save the model at epoch 002 with test loss 0.0062711
Epoch: 003 | Train Loss: 0.0208064 | Grad norm: 2.271733 | Time: 4s534ms
Epoch: 003 | Test Loss: 0.0057640 | Time: 520ms
==> Save the model at epoch 003 with test loss 0.0057640
Epoch: 004 | Train Loss: 0.0298836 | Grad norm: 2.626723 | Time: 4s827ms
Epoch: 004 | Test Loss: 0.0177470 | Time: 541ms
Epoch: 005 | Train Loss: 0.0299901 | Grad norm: 2.739072 | Time: 4s586ms
Epoch: 005 | Test Loss: 0.0292144 | Time: 519ms
Epoch: 006 | Train Loss: 0.0484579 | Grad norm: 3.376681 | Time: 4s954ms
Epoch: 006 | Test Loss: 0.1406921 | Time: 517ms
Epoch: 007 | Train Loss: 0.0419978 | Grad norm: 3.205446 | Time: 4s906ms
Epoch: 007 | Test Loss: 0.0407933 | Time: 516ms
Epoch: 008 | Train Loss: 0.0444330 | Grad norm: 3.300412 | Time: 4s753ms
Epoch: 008 | Test Loss: 0.0132222 | Time: 608ms
Epoch: 009 | Train Loss: 0.0493361 | Grad norm: 3.573410 | Time: 4s636ms
Epoch: 009 | Test Loss: 0.0121627 | Time: 533ms
Epoch: 010 | Train Loss: 0.0451962 | Grad norm: 3.264331 | Time: 4s697ms
Epoch: 010 | Test Loss: 0.0261904 | Time: 516ms
Epoch: 011 | Train Loss: 0.0243264 | Grad norm: 2.380518 | Time: 4s343ms
Epoch: 011 | Test Loss: 0.0564720 | Time: 515ms
Epoch: 012 | Train Loss: 0.0237183 | Grad norm: 2.349767 | Time: 4s708ms
Epoch: 012 | Test Loss: 0.0082531 | Time: 602ms
Epoch: 013 | Train Loss: 0.0149978 | Grad norm: 1.792081 | Time: 4s702ms
Epoch: 013 | Test Loss: 0.0071149 | Time: 522ms
Epoch: 014 | Train Loss: 0.0154082 | Grad norm: 1.876663 | Time: 4s710ms
Epoch: 014 | Test Loss: 0.0015326 | Time: 524ms
==> Save the model at epoch 014 with test loss 0.0015326
Epoch: 015 | Train Loss: 0.0142306 | Grad norm: 1.810306 | Time: 4s723ms
Epoch: 015 | Test Loss: 0.0095669 | Time: 560ms
Epoch: 016 | Train Loss: 0.0068540 | Grad norm: 1.089799 | Time: 4s898ms
Epoch: 016 | Test Loss: 0.0060821 | Time: 553ms
Epoch: 017 | Train Loss: 0.0104254 | Grad norm: 1.416800 | Time: 4s726ms
Epoch: 017 | Test Loss: 0.0113190 | Time: 519ms
Epoch: 018 | Train Loss: 0.0059361 | Grad norm: 1.082530 | Time: 4s781ms
Epoch: 018 | Test Loss: 0.0017309 | Time: 514ms
Epoch: 019 | Train Loss: 0.0028594 | Grad norm: 0.581584 | Time: 4s715ms
Epoch: 019 | Test Loss: 0.0096267 | Time: 522ms
Epoch: 020 | Train Loss: 0.0052524 | Grad norm: 0.963106 | Time: 4s752ms
Epoch: 020 | Test Loss: 0.0074284 | Time: 551ms
Epoch: 021 | Train Loss: 0.0017077 | Grad norm: 0.472028 | Time: 4s617ms
Epoch: 021 | Test Loss: 0.0010831 | Time: 526ms
==> Save the model at epoch 021 with test loss 0.0010831
Epoch: 022 | Train Loss: 0.0016276 | Grad norm: 0.482224 | Time: 4s739ms
Epoch: 022 | Test Loss: 0.0010071 | Time: 516ms
==> Save the model at epoch 022 with test loss 0.0010071
Epoch: 023 | Train Loss: 0.0027271 | Grad norm: 0.675476 | Time: 4s657ms
Epoch: 023 | Test Loss: 0.0020041 | Time: 590ms
Epoch: 024 | Train Loss: 0.0014108 | Grad norm: 0.414667 | Time: 4s200ms
Epoch: 024 | Test Loss: 0.0016224 | Time: 515ms
Epoch: 025 | Train Loss: 0.0011489 | Grad norm: 0.360752 | Time: 4s605ms
Epoch: 025 | Test Loss: 0.0010827 | Time: 514ms
Epoch: 026 | Train Loss: 0.0010196 | Grad norm: 0.313832 | Time: 4s728ms
Epoch: 026 | Test Loss: 0.0006796 | Time: 515ms
==> Save the model at epoch 026 with test loss 0.0006796
Epoch: 027 | Train Loss: 0.0011107 | Grad norm: 0.340845 | Time: 4s673ms
Epoch: 027 | Test Loss: 0.0017344 | Time: 586ms
Epoch: 028 | Train Loss: 0.0010319 | Grad norm: 0.302054 | Time: 4s637ms
Epoch: 028 | Test Loss: 0.0009104 | Time: 543ms
Epoch: 029 | Train Loss: 0.0010075 | Grad norm: 0.309717 | Time: 4s764ms
Epoch: 029 | Test Loss: 0.0008694 | Time: 519ms
Epoch: 030 | Train Loss: 0.0007753 | Grad norm: 0.223458 | Time: 4s750ms
Epoch: 030 | Test Loss: 0.0010199 | Time: 527ms
Epoch: 031 | Train Loss: 0.0007938 | Grad norm: 0.214003 | Time: 4s829ms
Epoch: 031 | Test Loss: 0.0009443 | Time: 516ms
Epoch: 032 | Train Loss: 0.0006817 | Grad norm: 0.168493 | Time: 4s791ms
Epoch: 032 | Test Loss: 0.0008058 | Time: 515ms
Epoch: 033 | Train Loss: 0.0006373 | Grad norm: 0.142487 | Time: 4s660ms
Epoch: 033 | Test Loss: 0.0007064 | Time: 533ms
Epoch: 034 | Train Loss: 0.0006129 | Grad norm: 0.120942 | Time: 4s827ms
Epoch: 034 | Test Loss: 0.0006017 | Time: 528ms
==> Save the model at epoch 034 with test loss 0.0006017
Epoch: 035 | Train Loss: 0.0006095 | Grad norm: 0.118979 | Time: 4s849ms
Epoch: 035 | Test Loss: 0.0005729 | Time: 543ms
==> Save the model at epoch 035 with test loss 0.0005729
Epoch: 036 | Train Loss: 0.0005829 | Grad norm: 0.090451 | Time: 4s602ms
Epoch: 036 | Test Loss: 0.0005625 | Time: 567ms
==> Save the model at epoch 036 with test loss 0.0005625
Epoch: 037 | Train Loss: 0.0005774 | Grad norm: 0.084706 | Time: 4s828ms
Epoch: 037 | Test Loss: 0.0005652 | Time: 535ms
Epoch: 038 | Train Loss: 0.0005652 | Grad norm: 0.066182 | Time: 4s703ms
Epoch: 038 | Test Loss: 0.0005735 | Time: 593ms
Epoch: 039 | Train Loss: 0.0005573 | Grad norm: 0.049443 | Time: 4s609ms
Epoch: 039 | Test Loss: 0.0005493 | Time: 582ms
==> Save the model at epoch 039 with test loss 0.0005493
Epoch: 040 | Train Loss: 0.0005524 | Grad norm: 0.036449 | Time: 4s806ms
Epoch: 040 | Test Loss: 0.0005455 | Time: 516ms
==> Save the model at epoch 040 with test loss 0.0005455
Total time: 3m29s
==> Saving trained model weights...
==> Input bias to be applied to the neural network (trained):
[0. 0.]
==> Input transform to be applied to the neural network (trained):
[0.7649939 0.7649939]
==> Output transform to be applied to the neural network (trained):
[2.6276 2.6276]
==> Saving training info...
==> Drawing training loss...
==> Drawing grad norm...
==> Drawing testing loss...
==> Process finished.
