==> torch device:  cuda:1
==> Test-Train split: test_ratio = 0.20
==> Test-Train split seed:  None
==> Further split: further_train_ratio = 1.00
==> Further split seed:  None
==> Lipschitz constant: 64.00
==> Input bias to be applied to the neural network:
[0. 0. 0. 0.]
==> Input transform to be applied to the neural network:
[ 0.62900996  0.6288517  11.614402    9.487666  ]
==> Ouput transform to be applied to the neural network:
[0.0251 0.0262]
==> Evaluating model...
==========================================================================================
Layer (type:depth-idx)                   Output Shape              Param #
==========================================================================================
NeuralNetwork                            [1, 2]                    10
├─Sequential: 1-1                        [1, 2]                    --
│    └─SandwichFc: 2-1                   [1, 64]                   4,481
│    └─SandwichFc: 2-2                   [1, 64]                   8,321
│    └─SandwichFc: 2-3                   [1, 64]                   8,321
│    └─SandwichFc: 2-4                   [1, 64]                   8,321
│    └─SandwichFc: 2-5                   [1, 64]                   8,321
│    └─SandwichFc: 2-6                   [1, 64]                   8,321
│    └─SandwichFc: 2-7                   [1, 64]                   8,321
│    └─SandwichLin: 2-8                  [1, 2]                    135
├─Sequential: 1-2                        [1, 2]                    (recursive)
│    └─SandwichFc: 2-9                   [1, 64]                   (recursive)
│    └─SandwichFc: 2-10                  [1, 64]                   (recursive)
│    └─SandwichFc: 2-11                  [1, 64]                   (recursive)
│    └─SandwichFc: 2-12                  [1, 64]                   (recursive)
│    └─SandwichFc: 2-13                  [1, 64]                   (recursive)
│    └─SandwichFc: 2-14                  [1, 64]                   (recursive)
│    └─SandwichFc: 2-15                  [1, 64]                   (recursive)
│    └─SandwichLin: 2-16                 [1, 2]                    (recursive)
==========================================================================================
Total params: 54,552
Trainable params: 54,542
Non-trainable params: 10
Total mult-adds (Units.MEGABYTES): 0.11
==========================================================================================
Input size (MB): 0.00
Forward/backward pass size (MB): 0.01
Params size (MB): 0.22
Estimated Total Size (MB): 0.23
==========================================================================================
==> Saving initial model weights...
==> Start training...
==> Number of param_groups in optimizer: 1
Epoch: 001 | Train Loss: 0.0012455 | Grad norm: 0.017956 | Time: 17s678ms
Epoch: 001 | Test Loss: 0.0012457 | Time: 603ms
==> Save the model at epoch 001 with test loss 0.0012457
Epoch: 002 | Train Loss: 0.0005800 | Grad norm: 0.003847 | Time: 17s503ms
Epoch: 002 | Test Loss: 0.0005590 | Time: 604ms
==> Save the model at epoch 002 with test loss 0.0005590
Epoch: 003 | Train Loss: 0.0005648 | Grad norm: 0.003022 | Time: 17s385ms
Epoch: 003 | Test Loss: 0.0005585 | Time: 608ms
==> Save the model at epoch 003 with test loss 0.0005585
Epoch: 004 | Train Loss: 0.0005639 | Grad norm: 0.002461 | Time: 17s346ms
Epoch: 004 | Test Loss: 0.0005596 | Time: 607ms
Epoch: 005 | Train Loss: 0.0005655 | Grad norm: 0.002237 | Time: 17s706ms
Epoch: 005 | Test Loss: 0.0005594 | Time: 608ms
Epoch: 006 | Train Loss: 0.0005655 | Grad norm: 0.001924 | Time: 17s626ms
Epoch: 006 | Test Loss: 0.0005606 | Time: 684ms
Epoch: 007 | Train Loss: 0.0005675 | Grad norm: 0.001874 | Time: 17s940ms
Epoch: 007 | Test Loss: 0.0005692 | Time: 613ms
Epoch: 008 | Train Loss: 0.0005689 | Grad norm: 0.001802 | Time: 17s216ms
Epoch: 008 | Test Loss: 0.0005598 | Time: 615ms
Epoch: 009 | Train Loss: 0.0005680 | Grad norm: 0.001622 | Time: 16s917ms
Epoch: 009 | Test Loss: 0.0005571 | Time: 671ms
==> Save the model at epoch 009 with test loss 0.0005571
Epoch: 010 | Train Loss: 0.0005657 | Grad norm: 0.001443 | Time: 17s501ms
Epoch: 010 | Test Loss: 0.0005627 | Time: 601ms
Epoch: 011 | Train Loss: 0.0005651 | Grad norm: 0.001417 | Time: 17s372ms
Epoch: 011 | Test Loss: 0.0005673 | Time: 610ms
Epoch: 012 | Train Loss: 0.0005623 | Grad norm: 0.001280 | Time: 17s131ms
Epoch: 012 | Test Loss: 0.0005733 | Time: 609ms
Epoch: 013 | Train Loss: 0.0005620 | Grad norm: 0.001265 | Time: 17s612ms
Epoch: 013 | Test Loss: 0.0005590 | Time: 607ms
Epoch: 014 | Train Loss: 0.0005606 | Grad norm: 0.001208 | Time: 17s817ms
Epoch: 014 | Test Loss: 0.0005530 | Time: 607ms
==> Save the model at epoch 014 with test loss 0.0005530
Epoch: 015 | Train Loss: 0.0005601 | Grad norm: 0.001179 | Time: 17s349ms
Epoch: 015 | Test Loss: 0.0005563 | Time: 610ms
Epoch: 016 | Train Loss: 0.0005598 | Grad norm: 0.001142 | Time: 17s866ms
Epoch: 016 | Test Loss: 0.0005531 | Time: 607ms
Epoch: 017 | Train Loss: 0.0005587 | Grad norm: 0.001130 | Time: 17s255ms
Epoch: 017 | Test Loss: 0.0005575 | Time: 608ms
Epoch: 018 | Train Loss: 0.0005578 | Grad norm: 0.001091 | Time: 17s509ms
Epoch: 018 | Test Loss: 0.0005521 | Time: 605ms
==> Save the model at epoch 018 with test loss 0.0005521
Epoch: 019 | Train Loss: 0.0005573 | Grad norm: 0.001117 | Time: 17s955ms
Epoch: 019 | Test Loss: 0.0005521 | Time: 606ms
==> Save the model at epoch 019 with test loss 0.0005521
Epoch: 020 | Train Loss: 0.0005555 | Grad norm: 0.001059 | Time: 17s724ms
Epoch: 020 | Test Loss: 0.0005536 | Time: 680ms
Epoch: 021 | Train Loss: 0.0005542 | Grad norm: 0.001007 | Time: 17s395ms
Epoch: 021 | Test Loss: 0.0005566 | Time: 748ms
Epoch: 022 | Train Loss: 0.0005543 | Grad norm: 0.001043 | Time: 18s440ms
Epoch: 022 | Test Loss: 0.0005559 | Time: 622ms
Epoch: 023 | Train Loss: 0.0005525 | Grad norm: 0.000997 | Time: 17s556ms
Epoch: 023 | Test Loss: 0.0005509 | Time: 613ms
==> Save the model at epoch 023 with test loss 0.0005509
Epoch: 024 | Train Loss: 0.0005508 | Grad norm: 0.000969 | Time: 17s405ms
Epoch: 024 | Test Loss: 0.0005505 | Time: 618ms
==> Save the model at epoch 024 with test loss 0.0005505
Epoch: 025 | Train Loss: 0.0005494 | Grad norm: 0.000985 | Time: 17s27ms
Epoch: 025 | Test Loss: 0.0005469 | Time: 705ms
==> Save the model at epoch 025 with test loss 0.0005469
Epoch: 026 | Train Loss: 0.0005480 | Grad norm: 0.000966 | Time: 17s388ms
Epoch: 026 | Test Loss: 0.0005511 | Time: 612ms
Epoch: 027 | Train Loss: 0.0005466 | Grad norm: 0.000954 | Time: 16s963ms
Epoch: 027 | Test Loss: 0.0005445 | Time: 606ms
==> Save the model at epoch 027 with test loss 0.0005445
Epoch: 028 | Train Loss: 0.0005457 | Grad norm: 0.001009 | Time: 17s109ms
Epoch: 028 | Test Loss: 0.0005443 | Time: 608ms
==> Save the model at epoch 028 with test loss 0.0005443
Epoch: 029 | Train Loss: 0.0005431 | Grad norm: 0.000995 | Time: 16s231ms
Epoch: 029 | Test Loss: 0.0005433 | Time: 614ms
==> Save the model at epoch 029 with test loss 0.0005433
Epoch: 030 | Train Loss: 0.0005415 | Grad norm: 0.001023 | Time: 17s364ms
Epoch: 030 | Test Loss: 0.0005430 | Time: 609ms
==> Save the model at epoch 030 with test loss 0.0005430
Epoch: 031 | Train Loss: 0.0005394 | Grad norm: 0.001033 | Time: 17s269ms
Epoch: 031 | Test Loss: 0.0005393 | Time: 675ms
==> Save the model at epoch 031 with test loss 0.0005393
Epoch: 032 | Train Loss: 0.0005377 | Grad norm: 0.001066 | Time: 17s166ms
Epoch: 032 | Test Loss: 0.0005378 | Time: 603ms
==> Save the model at epoch 032 with test loss 0.0005378
Epoch: 033 | Train Loss: 0.0005352 | Grad norm: 0.001081 | Time: 17s249ms
Epoch: 033 | Test Loss: 0.0005372 | Time: 610ms
==> Save the model at epoch 033 with test loss 0.0005372
Epoch: 034 | Train Loss: 0.0005336 | Grad norm: 0.001121 | Time: 17s591ms
Epoch: 034 | Test Loss: 0.0005356 | Time: 683ms
==> Save the model at epoch 034 with test loss 0.0005356
Epoch: 035 | Train Loss: 0.0005315 | Grad norm: 0.001158 | Time: 17s494ms
Epoch: 035 | Test Loss: 0.0005350 | Time: 618ms
==> Save the model at epoch 035 with test loss 0.0005350
Epoch: 036 | Train Loss: 0.0005299 | Grad norm: 0.001174 | Time: 17s342ms
Epoch: 036 | Test Loss: 0.0005342 | Time: 611ms
==> Save the model at epoch 036 with test loss 0.0005342
Epoch: 037 | Train Loss: 0.0005284 | Grad norm: 0.001208 | Time: 17s267ms
Epoch: 037 | Test Loss: 0.0005347 | Time: 612ms
Epoch: 038 | Train Loss: 0.0005273 | Grad norm: 0.001231 | Time: 16s790ms
Epoch: 038 | Test Loss: 0.0005333 | Time: 608ms
==> Save the model at epoch 038 with test loss 0.0005333
Epoch: 039 | Train Loss: 0.0005263 | Grad norm: 0.001229 | Time: 16s769ms
Epoch: 039 | Test Loss: 0.0005330 | Time: 613ms
==> Save the model at epoch 039 with test loss 0.0005330
Epoch: 040 | Train Loss: 0.0005258 | Grad norm: 0.001231 | Time: 17s346ms
Epoch: 040 | Test Loss: 0.0005330 | Time: 608ms
==> Save the model at epoch 040 with test loss 0.0005330
Total time: 12m628ms
==> Saving trained model weights...
==> Input bias to be applied to the neural network (trained):
[0. 0. 0. 0.]
==> Input transform to be applied to the neural network (trained):
[ 0.62900996  0.6288517  11.614402    9.487666  ]
==> Output transform to be applied to the neural network (trained):
[0.0251 0.0262]
==> Saving training info...
==> Drawing training loss...
==> Drawing grad norm...
==> Drawing testing loss...
==> Process finished.
