==> torch device:  cuda:2
==> Test-Train split: test_ratio = 0.20
==> Test-Train split seed:  None
==> Further split: further_train_ratio = 1.00
==> Further split seed:  None
==> Input bias to be applied to the neural network:
[0. 0. 0. 0.]
==> Input transform to be applied to the neural network:
[1. 1. 1. 1.]
==> Ouput transform to be applied to the neural network:
[1. 1.]
==> Evaluating model...
==========================================================================================
Layer (type:depth-idx)                   Output Shape              Param #
==========================================================================================
NeuralNetwork                            [1, 2]                    10
├─Sequential: 1-1                        [1, 2]                    --
│    └─Linear: 2-1                       [1, 64]                   320
│    └─LeakyReLU: 2-2                    [1, 64]                   --
│    └─Linear: 2-3                       [1, 64]                   4,160
│    └─LeakyReLU: 2-4                    [1, 64]                   --
│    └─Linear: 2-5                       [1, 64]                   4,160
│    └─LeakyReLU: 2-6                    [1, 64]                   --
│    └─Linear: 2-7                       [1, 64]                   4,160
│    └─LeakyReLU: 2-8                    [1, 64]                   --
│    └─Linear: 2-9                       [1, 64]                   4,160
│    └─LeakyReLU: 2-10                   [1, 64]                   --
│    └─Linear: 2-11                      [1, 64]                   4,160
│    └─LeakyReLU: 2-12                   [1, 64]                   --
│    └─Linear: 2-13                      [1, 64]                   4,160
│    └─LeakyReLU: 2-14                   [1, 64]                   --
│    └─Linear: 2-15                      [1, 2]                    130
==========================================================================================
Total params: 25,420
Trainable params: 25,410
Non-trainable params: 10
Total mult-adds (Units.MEGABYTES): 0.03
==========================================================================================
Input size (MB): 0.00
Forward/backward pass size (MB): 0.00
Params size (MB): 0.10
Estimated Total Size (MB): 0.11
==========================================================================================
==> Saving initial model weights...
==> Start training...
Epoch: 001 | Loss: 0.0009856 | L2 loss: 0.0009800 | Lip loss: 0.0000056 | Grad norm: 0.012946 | Time: 35s653ms
Epoch: 001 | Test Loss: 0.0005871 | Time: 504ms
==> Save the model at epoch 001 with test loss 0.0005871
Epoch: 002 | Loss: 0.0005852 | L2 loss: 0.0005763 | Lip loss: 0.0000089 | Grad norm: 0.007451 | Time: 34s352ms
Epoch: 002 | Test Loss: 0.0005642 | Time: 509ms
==> Save the model at epoch 002 with test loss 0.0005642
Epoch: 003 | Loss: 0.0005801 | L2 loss: 0.0005709 | Lip loss: 0.0000092 | Grad norm: 0.006679 | Time: 34s247ms
Epoch: 003 | Test Loss: 0.0005599 | Time: 507ms
==> Save the model at epoch 003 with test loss 0.0005599
Epoch: 004 | Loss: 0.0005786 | L2 loss: 0.0005697 | Lip loss: 0.0000089 | Grad norm: 0.006632 | Time: 34s340ms
Epoch: 004 | Test Loss: 0.0005730 | Time: 501ms
Epoch: 005 | Loss: 0.0005783 | L2 loss: 0.0005694 | Lip loss: 0.0000090 | Grad norm: 0.006639 | Time: 34s707ms
Epoch: 005 | Test Loss: 0.0005569 | Time: 504ms
==> Save the model at epoch 005 with test loss 0.0005569
Epoch: 006 | Loss: 0.0005655 | L2 loss: 0.0005564 | Lip loss: 0.0000091 | Grad norm: 0.003535 | Time: 35s475ms
Epoch: 006 | Test Loss: 0.0005506 | Time: 579ms
==> Save the model at epoch 006 with test loss 0.0005506
Epoch: 007 | Loss: 0.0005650 | L2 loss: 0.0005559 | Lip loss: 0.0000091 | Grad norm: 0.003784 | Time: 34s848ms
Epoch: 007 | Test Loss: 0.0005517 | Time: 584ms
Epoch: 008 | Loss: 0.0005648 | L2 loss: 0.0005557 | Lip loss: 0.0000091 | Grad norm: 0.003871 | Time: 34s747ms
Epoch: 008 | Test Loss: 0.0005508 | Time: 498ms
Epoch: 009 | Loss: 0.0005646 | L2 loss: 0.0005556 | Lip loss: 0.0000090 | Grad norm: 0.003959 | Time: 35s205ms
Epoch: 009 | Test Loss: 0.0005510 | Time: 509ms
Epoch: 010 | Loss: 0.0005642 | L2 loss: 0.0005552 | Lip loss: 0.0000089 | Grad norm: 0.003782 | Time: 34s293ms
Epoch: 010 | Test Loss: 0.0005522 | Time: 497ms
Epoch: 011 | Loss: 0.0005629 | L2 loss: 0.0005538 | Lip loss: 0.0000091 | Grad norm: 0.003348 | Time: 33s951ms
Epoch: 011 | Test Loss: 0.0005498 | Time: 624ms
==> Save the model at epoch 011 with test loss 0.0005498
Epoch: 012 | Loss: 0.0005629 | L2 loss: 0.0005535 | Lip loss: 0.0000093 | Grad norm: 0.003351 | Time: 34s605ms
Epoch: 012 | Test Loss: 0.0005499 | Time: 496ms
Epoch: 013 | Loss: 0.0005630 | L2 loss: 0.0005535 | Lip loss: 0.0000095 | Grad norm: 0.003231 | Time: 34s868ms
Epoch: 013 | Test Loss: 0.0005499 | Time: 501ms
Epoch: 014 | Loss: 0.0005626 | L2 loss: 0.0005535 | Lip loss: 0.0000091 | Grad norm: 0.003413 | Time: 35s62ms
Epoch: 014 | Test Loss: 0.0005498 | Time: 524ms
==> Save the model at epoch 014 with test loss 0.0005498
Epoch: 015 | Loss: 0.0005626 | L2 loss: 0.0005535 | Lip loss: 0.0000091 | Grad norm: 0.003505 | Time: 35s177ms
Epoch: 015 | Test Loss: 0.0005498 | Time: 573ms
Epoch: 016 | Loss: 0.0005624 | L2 loss: 0.0005532 | Lip loss: 0.0000092 | Grad norm: 0.003342 | Time: 33s949ms
Epoch: 016 | Test Loss: 0.0005497 | Time: 578ms
==> Save the model at epoch 016 with test loss 0.0005497
Epoch: 017 | Loss: 0.0005626 | L2 loss: 0.0005532 | Lip loss: 0.0000094 | Grad norm: 0.003346 | Time: 35s386ms
Epoch: 017 | Test Loss: 0.0005497 | Time: 507ms
==> Save the model at epoch 017 with test loss 0.0005497
Epoch: 018 | Loss: 0.0005625 | L2 loss: 0.0005532 | Lip loss: 0.0000093 | Grad norm: 0.003276 | Time: 34s554ms
Epoch: 018 | Test Loss: 0.0005497 | Time: 502ms
Epoch: 019 | Loss: 0.0005619 | L2 loss: 0.0005532 | Lip loss: 0.0000086 | Grad norm: 0.003291 | Time: 34s753ms
Epoch: 019 | Test Loss: 0.0005497 | Time: 496ms
==> Save the model at epoch 019 with test loss 0.0005497
Epoch: 020 | Loss: 0.0005626 | L2 loss: 0.0005532 | Lip loss: 0.0000094 | Grad norm: 0.003467 | Time: 35s68ms
Epoch: 020 | Test Loss: 0.0005497 | Time: 503ms
Epoch: 021 | Loss: 0.0005622 | L2 loss: 0.0005532 | Lip loss: 0.0000090 | Grad norm: 0.003339 | Time: 34s617ms
Epoch: 021 | Test Loss: 0.0005497 | Time: 503ms
Epoch: 022 | Loss: 0.0005623 | L2 loss: 0.0005532 | Lip loss: 0.0000091 | Grad norm: 0.003314 | Time: 34s974ms
Epoch: 022 | Test Loss: 0.0005497 | Time: 512ms
Epoch: 023 | Loss: 0.0005621 | L2 loss: 0.0005532 | Lip loss: 0.0000090 | Grad norm: 0.003268 | Time: 34s537ms
Epoch: 023 | Test Loss: 0.0005497 | Time: 505ms
Epoch: 024 | Loss: 0.0005623 | L2 loss: 0.0005532 | Lip loss: 0.0000091 | Grad norm: 0.003310 | Time: 34s906ms
Epoch: 024 | Test Loss: 0.0005497 | Time: 574ms
Epoch: 025 | Loss: 0.0005621 | L2 loss: 0.0005532 | Lip loss: 0.0000089 | Grad norm: 0.003219 | Time: 34s874ms
Epoch: 025 | Test Loss: 0.0005497 | Time: 570ms
Epoch: 026 | Loss: 0.0005626 | L2 loss: 0.0005532 | Lip loss: 0.0000094 | Grad norm: 0.003300 | Time: 35s120ms
Epoch: 026 | Test Loss: 0.0005497 | Time: 507ms
Epoch: 027 | Loss: 0.0005622 | L2 loss: 0.0005532 | Lip loss: 0.0000090 | Grad norm: 0.003463 | Time: 34s697ms
Epoch: 027 | Test Loss: 0.0005497 | Time: 499ms
Epoch: 028 | Loss: 0.0005622 | L2 loss: 0.0005532 | Lip loss: 0.0000090 | Grad norm: 0.003301 | Time: 34s814ms
Epoch: 028 | Test Loss: 0.0005497 | Time: 504ms
Epoch: 029 | Loss: 0.0005623 | L2 loss: 0.0005532 | Lip loss: 0.0000091 | Grad norm: 0.003330 | Time: 34s450ms
Epoch: 029 | Test Loss: 0.0005497 | Time: 495ms
Epoch: 030 | Loss: 0.0005621 | L2 loss: 0.0005532 | Lip loss: 0.0000090 | Grad norm: 0.003271 | Time: 34s937ms
Epoch: 030 | Test Loss: 0.0005497 | Time: 502ms
Epoch: 031 | Loss: 0.0005619 | L2 loss: 0.0005532 | Lip loss: 0.0000087 | Grad norm: 0.003327 | Time: 34s56ms
Epoch: 031 | Test Loss: 0.0005497 | Time: 495ms
Epoch: 032 | Loss: 0.0005624 | L2 loss: 0.0005532 | Lip loss: 0.0000092 | Grad norm: 0.003205 | Time: 34s460ms
Epoch: 032 | Test Loss: 0.0005497 | Time: 570ms
Epoch: 033 | Loss: 0.0005620 | L2 loss: 0.0005532 | Lip loss: 0.0000088 | Grad norm: 0.003315 | Time: 34s331ms
Epoch: 033 | Test Loss: 0.0005497 | Time: 500ms
Epoch: 034 | Loss: 0.0005622 | L2 loss: 0.0005532 | Lip loss: 0.0000090 | Grad norm: 0.003330 | Time: 34s557ms
Epoch: 034 | Test Loss: 0.0005497 | Time: 583ms
Epoch: 035 | Loss: 0.0005625 | L2 loss: 0.0005532 | Lip loss: 0.0000093 | Grad norm: 0.003477 | Time: 35s397ms
Epoch: 035 | Test Loss: 0.0005497 | Time: 577ms
Epoch: 036 | Loss: 0.0005621 | L2 loss: 0.0005532 | Lip loss: 0.0000089 | Grad norm: 0.003434 | Time: 35s466ms
Epoch: 036 | Test Loss: 0.0005497 | Time: 571ms
Epoch: 037 | Loss: 0.0005622 | L2 loss: 0.0005532 | Lip loss: 0.0000090 | Grad norm: 0.003219 | Time: 35s62ms
Epoch: 037 | Test Loss: 0.0005497 | Time: 504ms
Epoch: 038 | Loss: 0.0005626 | L2 loss: 0.0005532 | Lip loss: 0.0000095 | Grad norm: 0.003273 | Time: 34s801ms
Epoch: 038 | Test Loss: 0.0005497 | Time: 499ms
Epoch: 039 | Loss: 0.0005625 | L2 loss: 0.0005532 | Lip loss: 0.0000093 | Grad norm: 0.003245 | Time: 34s875ms
Epoch: 039 | Test Loss: 0.0005497 | Time: 499ms
Epoch: 040 | Loss: 0.0005623 | L2 loss: 0.0005532 | Lip loss: 0.0000092 | Grad norm: 0.003259 | Time: 35s10ms
Epoch: 040 | Test Loss: 0.0005497 | Time: 494ms
Total time: 23m32s
==> Saving trained model weights...
==> Input bias to be applied to the neural network (trained):
[0. 0. 0. 0.]
==> Input transform to be applied to the neural network (trained):
[1. 1. 1. 1.]
==> Output transform to be applied to the neural network (trained):
[1. 1.]
==> Saving training info...
==> Drawing training loss...
==> Drawing grad norm...
==> Drawing testing loss...
==> Drawing l2 loss...
==> Drawing lip loss...
==> Process finished.
