==> torch device:  cuda:2
==> Test-Train split: test_ratio = 0.20
==> Test-Train split seed:  None
==> Further split: further_train_ratio = 0.25
==> Further split seed:  None
==> Input bias to be applied to the neural network:
[0. 0.]
==> Input transform to be applied to the neural network:
[1. 1.]
==> Ouput transform to be applied to the neural network:
[1. 1.]
==> Evaluating model...
==========================================================================================
Layer (type:depth-idx)                   Output Shape              Param #
==========================================================================================
NeuralNetwork                            [1, 2]                    6
├─Sequential: 1-1                        [1, 2]                    --
│    └─Linear: 2-1                       [1, 64]                   192
│    └─LeakyReLU: 2-2                    [1, 64]                   --
│    └─Linear: 2-3                       [1, 64]                   4,160
│    └─LeakyReLU: 2-4                    [1, 64]                   --
│    └─Linear: 2-5                       [1, 64]                   4,160
│    └─LeakyReLU: 2-6                    [1, 64]                   --
│    └─Linear: 2-7                       [1, 64]                   4,160
│    └─LeakyReLU: 2-8                    [1, 64]                   --
│    └─Linear: 2-9                       [1, 64]                   4,160
│    └─LeakyReLU: 2-10                   [1, 64]                   --
│    └─Linear: 2-11                      [1, 64]                   4,160
│    └─LeakyReLU: 2-12                   [1, 64]                   --
│    └─Linear: 2-13                      [1, 64]                   4,160
│    └─LeakyReLU: 2-14                   [1, 64]                   --
│    └─Linear: 2-15                      [1, 2]                    130
==========================================================================================
Total params: 25,288
Trainable params: 25,282
Non-trainable params: 6
Total mult-adds (Units.MEGABYTES): 0.03
==========================================================================================
Input size (MB): 0.00
Forward/backward pass size (MB): 0.00
Params size (MB): 0.10
Estimated Total Size (MB): 0.10
==========================================================================================
==> Saving initial model weights...
==> Start training...
Epoch: 001 | Loss: 1.1746889 | L2 loss: 1.1746879 | Lip loss: 0.0000010 | Grad norm: 2.818275 | Time: 14s761ms
Epoch: 001 | Test Loss: 0.0176978 | Time: 735ms
==> Save the model at epoch 001 with test loss 0.0176978
Epoch: 002 | Loss: 0.0126773 | L2 loss: 0.0126762 | Lip loss: 0.0000011 | Grad norm: 1.934059 | Time: 14s108ms
Epoch: 002 | Test Loss: 0.0068929 | Time: 716ms
==> Save the model at epoch 002 with test loss 0.0068929
Epoch: 003 | Loss: 0.0053727 | L2 loss: 0.0053716 | Lip loss: 0.0000011 | Grad norm: 0.777885 | Time: 14s288ms
Epoch: 003 | Test Loss: 0.0041773 | Time: 787ms
==> Save the model at epoch 003 with test loss 0.0041773
Epoch: 004 | Loss: 0.0049602 | L2 loss: 0.0049591 | Lip loss: 0.0000011 | Grad norm: 0.716092 | Time: 14s140ms
Epoch: 004 | Test Loss: 0.0037527 | Time: 736ms
==> Save the model at epoch 004 with test loss 0.0037527
Epoch: 005 | Loss: 0.0049092 | L2 loss: 0.0049081 | Lip loss: 0.0000011 | Grad norm: 0.744300 | Time: 14s693ms
Epoch: 005 | Test Loss: 0.0038377 | Time: 732ms
Epoch: 006 | Loss: 0.0031425 | L2 loss: 0.0031414 | Lip loss: 0.0000011 | Grad norm: 0.149940 | Time: 14s7ms
Epoch: 006 | Test Loss: 0.0031758 | Time: 742ms
==> Save the model at epoch 006 with test loss 0.0031758
Epoch: 007 | Loss: 0.0031051 | L2 loss: 0.0031040 | Lip loss: 0.0000011 | Grad norm: 0.150006 | Time: 14s652ms
Epoch: 007 | Test Loss: 0.0031743 | Time: 721ms
==> Save the model at epoch 007 with test loss 0.0031743
Epoch: 008 | Loss: 0.0030823 | L2 loss: 0.0030812 | Lip loss: 0.0000011 | Grad norm: 0.142257 | Time: 14s341ms
Epoch: 008 | Test Loss: 0.0031639 | Time: 726ms
==> Save the model at epoch 008 with test loss 0.0031639
Epoch: 009 | Loss: 0.0030931 | L2 loss: 0.0030921 | Lip loss: 0.0000011 | Grad norm: 0.181147 | Time: 14s482ms
Epoch: 009 | Test Loss: 0.0031262 | Time: 733ms
==> Save the model at epoch 009 with test loss 0.0031262
Epoch: 010 | Loss: 0.0030640 | L2 loss: 0.0030629 | Lip loss: 0.0000011 | Grad norm: 0.157157 | Time: 14s326ms
Epoch: 010 | Test Loss: 0.0031220 | Time: 804ms
==> Save the model at epoch 010 with test loss 0.0031220
Epoch: 011 | Loss: 0.0030011 | L2 loss: 0.0030000 | Lip loss: 0.0000011 | Grad norm: 0.110720 | Time: 14s272ms
Epoch: 011 | Test Loss: 0.0030914 | Time: 726ms
==> Save the model at epoch 011 with test loss 0.0030914
Epoch: 012 | Loss: 0.0030049 | L2 loss: 0.0030038 | Lip loss: 0.0000011 | Grad norm: 0.108216 | Time: 14s246ms
Epoch: 012 | Test Loss: 0.0030836 | Time: 725ms
==> Save the model at epoch 012 with test loss 0.0030836
Epoch: 013 | Loss: 0.0029996 | L2 loss: 0.0029985 | Lip loss: 0.0000011 | Grad norm: 0.105100 | Time: 13s954ms
Epoch: 013 | Test Loss: 0.0030770 | Time: 730ms
==> Save the model at epoch 013 with test loss 0.0030770
Epoch: 014 | Loss: 0.0029949 | L2 loss: 0.0029938 | Lip loss: 0.0000011 | Grad norm: 0.107138 | Time: 13s949ms
Epoch: 014 | Test Loss: 0.0030825 | Time: 713ms
Epoch: 015 | Loss: 0.0029958 | L2 loss: 0.0029948 | Lip loss: 0.0000011 | Grad norm: 0.113272 | Time: 14s307ms
Epoch: 015 | Test Loss: 0.0030727 | Time: 799ms
==> Save the model at epoch 015 with test loss 0.0030727
Epoch: 016 | Loss: 0.0029877 | L2 loss: 0.0029866 | Lip loss: 0.0000011 | Grad norm: 0.100140 | Time: 14s23ms
Epoch: 016 | Test Loss: 0.0030699 | Time: 726ms
==> Save the model at epoch 016 with test loss 0.0030699
Epoch: 017 | Loss: 0.0029867 | L2 loss: 0.0029857 | Lip loss: 0.0000011 | Grad norm: 0.099306 | Time: 14s629ms
Epoch: 017 | Test Loss: 0.0030694 | Time: 733ms
==> Save the model at epoch 017 with test loss 0.0030694
Epoch: 018 | Loss: 0.0029902 | L2 loss: 0.0029892 | Lip loss: 0.0000011 | Grad norm: 0.098386 | Time: 13s663ms
Epoch: 018 | Test Loss: 0.0030685 | Time: 740ms
==> Save the model at epoch 018 with test loss 0.0030685
Epoch: 019 | Loss: 0.0029852 | L2 loss: 0.0029841 | Lip loss: 0.0000011 | Grad norm: 0.100601 | Time: 14s39ms
Epoch: 019 | Test Loss: 0.0030688 | Time: 713ms
Epoch: 020 | Loss: 0.0029824 | L2 loss: 0.0029814 | Lip loss: 0.0000011 | Grad norm: 0.098753 | Time: 13s713ms
Epoch: 020 | Test Loss: 0.0030683 | Time: 721ms
==> Save the model at epoch 020 with test loss 0.0030683
Epoch: 021 | Loss: 0.0029831 | L2 loss: 0.0029821 | Lip loss: 0.0000011 | Grad norm: 0.100187 | Time: 14s105ms
Epoch: 021 | Test Loss: 0.0030677 | Time: 723ms
==> Save the model at epoch 021 with test loss 0.0030677
Epoch: 022 | Loss: 0.0029849 | L2 loss: 0.0029838 | Lip loss: 0.0000011 | Grad norm: 0.093539 | Time: 13s868ms
Epoch: 022 | Test Loss: 0.0030675 | Time: 798ms
==> Save the model at epoch 022 with test loss 0.0030675
Epoch: 023 | Loss: 0.0029844 | L2 loss: 0.0029833 | Lip loss: 0.0000011 | Grad norm: 0.092835 | Time: 13s834ms
Epoch: 023 | Test Loss: 0.0030675 | Time: 721ms
==> Save the model at epoch 023 with test loss 0.0030675
Epoch: 024 | Loss: 0.0029843 | L2 loss: 0.0029833 | Lip loss: 0.0000011 | Grad norm: 0.098473 | Time: 13s946ms
Epoch: 024 | Test Loss: 0.0030675 | Time: 741ms
==> Save the model at epoch 024 with test loss 0.0030675
Epoch: 025 | Loss: 0.0029813 | L2 loss: 0.0029802 | Lip loss: 0.0000011 | Grad norm: 0.096234 | Time: 14s81ms
Epoch: 025 | Test Loss: 0.0030674 | Time: 729ms
==> Save the model at epoch 025 with test loss 0.0030674
Epoch: 026 | Loss: 0.0029833 | L2 loss: 0.0029823 | Lip loss: 0.0000011 | Grad norm: 0.092203 | Time: 14s375ms
Epoch: 026 | Test Loss: 0.0030674 | Time: 724ms
==> Save the model at epoch 026 with test loss 0.0030674
Epoch: 027 | Loss: 0.0029851 | L2 loss: 0.0029840 | Lip loss: 0.0000011 | Grad norm: 0.099310 | Time: 14s291ms
Epoch: 027 | Test Loss: 0.0030674 | Time: 813ms
==> Save the model at epoch 027 with test loss 0.0030674
Epoch: 028 | Loss: 0.0029817 | L2 loss: 0.0029806 | Lip loss: 0.0000011 | Grad norm: 0.095538 | Time: 13s992ms
Epoch: 028 | Test Loss: 0.0030674 | Time: 734ms
==> Save the model at epoch 028 with test loss 0.0030674
Epoch: 029 | Loss: 0.0029814 | L2 loss: 0.0029803 | Lip loss: 0.0000011 | Grad norm: 0.100113 | Time: 14s58ms
Epoch: 029 | Test Loss: 0.0030674 | Time: 713ms
==> Save the model at epoch 029 with test loss 0.0030674
Epoch: 030 | Loss: 0.0029810 | L2 loss: 0.0029799 | Lip loss: 0.0000011 | Grad norm: 0.092946 | Time: 14s180ms
Epoch: 030 | Test Loss: 0.0030674 | Time: 730ms
==> Save the model at epoch 030 with test loss 0.0030674
Epoch: 031 | Loss: 0.0029847 | L2 loss: 0.0029836 | Lip loss: 0.0000011 | Grad norm: 0.098496 | Time: 14s753ms
Epoch: 031 | Test Loss: 0.0030674 | Time: 722ms
==> Save the model at epoch 031 with test loss 0.0030674
Epoch: 032 | Loss: 0.0029842 | L2 loss: 0.0029831 | Lip loss: 0.0000011 | Grad norm: 0.097538 | Time: 14s198ms
Epoch: 032 | Test Loss: 0.0030674 | Time: 723ms
==> Save the model at epoch 032 with test loss 0.0030674
Epoch: 033 | Loss: 0.0029836 | L2 loss: 0.0029825 | Lip loss: 0.0000011 | Grad norm: 0.095276 | Time: 14s62ms
Epoch: 033 | Test Loss: 0.0030674 | Time: 730ms
Epoch: 034 | Loss: 0.0029819 | L2 loss: 0.0029808 | Lip loss: 0.0000011 | Grad norm: 0.096120 | Time: 14s236ms
Epoch: 034 | Test Loss: 0.0030674 | Time: 806ms
Epoch: 035 | Loss: 0.0029816 | L2 loss: 0.0029805 | Lip loss: 0.0000011 | Grad norm: 0.097942 | Time: 14s261ms
Epoch: 035 | Test Loss: 0.0030674 | Time: 740ms
Epoch: 036 | Loss: 0.0029837 | L2 loss: 0.0029826 | Lip loss: 0.0000011 | Grad norm: 0.097643 | Time: 14s638ms
Epoch: 036 | Test Loss: 0.0030674 | Time: 721ms
Epoch: 037 | Loss: 0.0029835 | L2 loss: 0.0029825 | Lip loss: 0.0000011 | Grad norm: 0.096512 | Time: 14s107ms
Epoch: 037 | Test Loss: 0.0030674 | Time: 732ms
Epoch: 038 | Loss: 0.0029833 | L2 loss: 0.0029822 | Lip loss: 0.0000011 | Grad norm: 0.100561 | Time: 14s54ms
Epoch: 038 | Test Loss: 0.0030674 | Time: 740ms
==> Save the model at epoch 038 with test loss 0.0030674
Epoch: 039 | Loss: 0.0029824 | L2 loss: 0.0029813 | Lip loss: 0.0000011 | Grad norm: 0.098635 | Time: 14s75ms
Epoch: 039 | Test Loss: 0.0030674 | Time: 794ms
Epoch: 040 | Loss: 0.0029811 | L2 loss: 0.0029800 | Lip loss: 0.0000011 | Grad norm: 0.099864 | Time: 14s666ms
Epoch: 040 | Test Loss: 0.0030674 | Time: 752ms
Total time: 9m58s
==> Saving trained model weights...
==> Input bias to be applied to the neural network (trained):
[0. 0.]
==> Input transform to be applied to the neural network (trained):
[1. 1.]
==> Output transform to be applied to the neural network (trained):
[1. 1.]
==> Saving training info...
==> Drawing training loss...
==> Drawing grad norm...
==> Drawing testing loss...
==> Drawing l2 loss...
==> Drawing lip loss...
==> Process finished.
