==> torch device:  cuda:0
==> Test-Train split: test_ratio = 0.20
==> Test-Train split seed:  None
==> Further split: further_train_ratio = 0.50
==> Further split seed:  None
==> Input bias to be applied to the neural network:
[0. 0.]
==> Input transform to be applied to the neural network:
[0.5090095 0.5090095]
==> Ouput transform to be applied to the neural network:
[3.9366 3.9363]
==> Evaluating model...
==========================================================================================
Layer (type:depth-idx)                   Output Shape              Param #
==========================================================================================
NeuralNetwork                            [1, 2]                    6
├─Sequential: 1-1                        [1, 2]                    --
│    └─Linear: 2-1                       [1, 64]                   192
│    └─ReLU: 2-2                         [1, 64]                   --
│    └─Linear: 2-3                       [1, 64]                   4,160
│    └─ReLU: 2-4                         [1, 64]                   --
│    └─Linear: 2-5                       [1, 64]                   4,160
│    └─ReLU: 2-6                         [1, 64]                   --
│    └─Linear: 2-7                       [1, 64]                   4,160
│    └─ReLU: 2-8                         [1, 64]                   --
│    └─Linear: 2-9                       [1, 64]                   4,160
│    └─ReLU: 2-10                        [1, 64]                   --
│    └─Linear: 2-11                      [1, 64]                   4,160
│    └─ReLU: 2-12                        [1, 64]                   --
│    └─Linear: 2-13                      [1, 64]                   4,160
│    └─ReLU: 2-14                        [1, 64]                   --
│    └─Linear: 2-15                      [1, 2]                    130
├─Sequential: 1-2                        [1, 2]                    (recursive)
│    └─Linear: 2-16                      [1, 64]                   (recursive)
│    └─ReLU: 2-17                        [1, 64]                   --
│    └─Linear: 2-18                      [1, 64]                   (recursive)
│    └─ReLU: 2-19                        [1, 64]                   --
│    └─Linear: 2-20                      [1, 64]                   (recursive)
│    └─ReLU: 2-21                        [1, 64]                   --
│    └─Linear: 2-22                      [1, 64]                   (recursive)
│    └─ReLU: 2-23                        [1, 64]                   --
│    └─Linear: 2-24                      [1, 64]                   (recursive)
│    └─ReLU: 2-25                        [1, 64]                   --
│    └─Linear: 2-26                      [1, 64]                   (recursive)
│    └─ReLU: 2-27                        [1, 64]                   --
│    └─Linear: 2-28                      [1, 64]                   (recursive)
│    └─ReLU: 2-29                        [1, 64]                   --
│    └─Linear: 2-30                      [1, 2]                    (recursive)
==========================================================================================
Total params: 25,288
Trainable params: 25,282
Non-trainable params: 6
Total mult-adds (Units.MEGABYTES): 0.05
==========================================================================================
Input size (MB): 0.00
Forward/backward pass size (MB): 0.01
Params size (MB): 0.10
Estimated Total Size (MB): 0.11
==========================================================================================
==> Saving initial model weights...
==> Start training...
==> Number of param_groups in optimizer: 1
Epoch: 001 | Train Loss: 30.9174545 | Grad norm: 1.029782 | Time: 2s580ms
Epoch: 001 | Test Loss: 31.2815891 | Time: 473ms
==> Save the model at epoch 001 with test loss 31.2815891
Epoch: 002 | Train Loss: 8.2819643 | Grad norm: 6.940067 | Time: 2s37ms
Epoch: 002 | Test Loss: 0.0815635 | Time: 526ms
==> Save the model at epoch 002 with test loss 0.0815635
Epoch: 003 | Train Loss: 0.1497100 | Grad norm: 4.579823 | Time: 2s62ms
Epoch: 003 | Test Loss: 0.1300995 | Time: 484ms
Epoch: 004 | Train Loss: 0.1421379 | Grad norm: 4.590364 | Time: 2s283ms
Epoch: 004 | Test Loss: 0.1069531 | Time: 450ms
Epoch: 005 | Train Loss: 0.2151445 | Grad norm: 5.883625 | Time: 2s196ms
Epoch: 005 | Test Loss: 0.3115775 | Time: 458ms
Epoch: 006 | Train Loss: 0.2895979 | Grad norm: 7.193583 | Time: 2s188ms
Epoch: 006 | Test Loss: 0.6984543 | Time: 449ms
Epoch: 007 | Train Loss: 0.3199348 | Grad norm: 7.262613 | Time: 2s99ms
Epoch: 007 | Test Loss: 0.3353029 | Time: 481ms
Epoch: 008 | Train Loss: 0.2952253 | Grad norm: 7.110205 | Time: 2s110ms
Epoch: 008 | Test Loss: 0.2399986 | Time: 450ms
Epoch: 009 | Train Loss: 0.4542651 | Grad norm: 9.031846 | Time: 2s214ms
Epoch: 009 | Test Loss: 0.7608350 | Time: 456ms
Epoch: 010 | Train Loss: 0.3038805 | Grad norm: 7.114005 | Time: 1s928ms
Epoch: 010 | Test Loss: 0.3966770 | Time: 553ms
Epoch: 011 | Train Loss: 0.3220426 | Grad norm: 7.344949 | Time: 2s49ms
Epoch: 011 | Test Loss: 0.3036063 | Time: 466ms
Epoch: 012 | Train Loss: 0.2730769 | Grad norm: 6.721516 | Time: 1s879ms
Epoch: 012 | Test Loss: 0.2643595 | Time: 461ms
Epoch: 013 | Train Loss: 0.2500653 | Grad norm: 6.361697 | Time: 2s71ms
Epoch: 013 | Test Loss: 0.1858488 | Time: 466ms
Epoch: 014 | Train Loss: 0.2561264 | Grad norm: 6.381511 | Time: 2s30ms
Epoch: 014 | Test Loss: 0.3281561 | Time: 507ms
Epoch: 015 | Train Loss: 0.2242299 | Grad norm: 5.916638 | Time: 2s107ms
Epoch: 015 | Test Loss: 0.1236180 | Time: 452ms
Epoch: 016 | Train Loss: 0.1778853 | Grad norm: 5.132325 | Time: 2s214ms
Epoch: 016 | Test Loss: 0.1354930 | Time: 467ms
Epoch: 017 | Train Loss: 0.1954585 | Grad norm: 5.546726 | Time: 2s69ms
Epoch: 017 | Test Loss: 0.1554596 | Time: 469ms
Epoch: 018 | Train Loss: 0.1773924 | Grad norm: 5.082758 | Time: 2s104ms
Epoch: 018 | Test Loss: 0.1281133 | Time: 572ms
Epoch: 019 | Train Loss: 0.1627204 | Grad norm: 4.853136 | Time: 2s46ms
Epoch: 019 | Test Loss: 0.1757935 | Time: 483ms
Epoch: 020 | Train Loss: 0.1273653 | Grad norm: 4.146643 | Time: 2s102ms
Epoch: 020 | Test Loss: 0.1110778 | Time: 511ms
Epoch: 021 | Train Loss: 0.1176547 | Grad norm: 3.916223 | Time: 2s105ms
Epoch: 021 | Test Loss: 0.0734149 | Time: 476ms
==> Save the model at epoch 021 with test loss 0.0734149
Epoch: 022 | Train Loss: 0.1156673 | Grad norm: 3.913804 | Time: 2s120ms
Epoch: 022 | Test Loss: 0.0837119 | Time: 456ms
Epoch: 023 | Train Loss: 0.1001865 | Grad norm: 3.569919 | Time: 2s80ms
Epoch: 023 | Test Loss: 0.0892674 | Time: 492ms
Epoch: 024 | Train Loss: 0.0873538 | Grad norm: 3.202642 | Time: 2s149ms
Epoch: 024 | Test Loss: 0.0838831 | Time: 492ms
Epoch: 025 | Train Loss: 0.0817907 | Grad norm: 3.048095 | Time: 1s955ms
Epoch: 025 | Test Loss: 0.0914169 | Time: 473ms
Epoch: 026 | Train Loss: 0.0683553 | Grad norm: 2.714894 | Time: 2s5ms
Epoch: 026 | Test Loss: 0.0512934 | Time: 529ms
==> Save the model at epoch 026 with test loss 0.0512934
Epoch: 027 | Train Loss: 0.0677884 | Grad norm: 2.744215 | Time: 2s149ms
Epoch: 027 | Test Loss: 0.0737491 | Time: 541ms
Epoch: 028 | Train Loss: 0.0617524 | Grad norm: 2.554662 | Time: 2s207ms
Epoch: 028 | Test Loss: 0.0472150 | Time: 500ms
==> Save the model at epoch 028 with test loss 0.0472150
Epoch: 029 | Train Loss: 0.0476050 | Grad norm: 1.995984 | Time: 2s190ms
Epoch: 029 | Test Loss: 0.0525871 | Time: 481ms
Epoch: 030 | Train Loss: 0.0525690 | Grad norm: 2.215956 | Time: 2s57ms
Epoch: 030 | Test Loss: 0.0418300 | Time: 456ms
==> Save the model at epoch 030 with test loss 0.0418300
Epoch: 031 | Train Loss: 0.0389045 | Grad norm: 1.700727 | Time: 2s210ms
Epoch: 031 | Test Loss: 0.0491842 | Time: 458ms
Epoch: 032 | Train Loss: 0.0345932 | Grad norm: 1.486767 | Time: 2s103ms
Epoch: 032 | Test Loss: 0.0465868 | Time: 465ms
Epoch: 033 | Train Loss: 0.0338597 | Grad norm: 1.409227 | Time: 2s186ms
Epoch: 033 | Test Loss: 0.0386655 | Time: 487ms
==> Save the model at epoch 033 with test loss 0.0386655
Epoch: 034 | Train Loss: 0.0290469 | Grad norm: 1.204053 | Time: 2s163ms
Epoch: 034 | Test Loss: 0.0291262 | Time: 557ms
==> Save the model at epoch 034 with test loss 0.0291262
Epoch: 035 | Train Loss: 0.0270425 | Grad norm: 1.068741 | Time: 2s320ms
Epoch: 035 | Test Loss: 0.0286283 | Time: 476ms
==> Save the model at epoch 035 with test loss 0.0286283
Epoch: 036 | Train Loss: 0.0262943 | Grad norm: 1.003332 | Time: 2s367ms
Epoch: 036 | Test Loss: 0.0220315 | Time: 479ms
==> Save the model at epoch 036 with test loss 0.0220315
Epoch: 037 | Train Loss: 0.0246407 | Grad norm: 0.911607 | Time: 2s243ms
Epoch: 037 | Test Loss: 0.0222882 | Time: 500ms
Epoch: 038 | Train Loss: 0.0228936 | Grad norm: 0.762761 | Time: 2s210ms
Epoch: 038 | Test Loss: 0.0228704 | Time: 494ms
Epoch: 039 | Train Loss: 0.0231145 | Grad norm: 0.705463 | Time: 2s205ms
Epoch: 039 | Test Loss: 0.0225174 | Time: 498ms
Epoch: 040 | Train Loss: 0.0226011 | Grad norm: 0.628443 | Time: 2s418ms
Epoch: 040 | Test Loss: 0.0223224 | Time: 472ms
Total time: 1m45s
==> Saving trained model weights...
==> Input bias to be applied to the neural network (trained):
[0. 0.]
==> Input transform to be applied to the neural network (trained):
[0.5090095 0.5090095]
==> Output transform to be applied to the neural network (trained):
[3.9366 3.9363]
==> Saving training info...
==> Drawing training loss...
==> Drawing grad norm...
==> Drawing testing loss...
==> Process finished.
