==> torch device:  cuda:1
==> Test-Train split: test_ratio = 0.20
==> Test-Train split seed:  None
==> Further split: further_train_ratio = 1.00
==> Further split seed:  None
==> Input bias to be applied to the neural network:
[0. 0. 0. 0.]
==> Input transform to be applied to the neural network:
[1. 1. 1. 1.]
==> Ouput transform to be applied to the neural network:
[1. 1.]
==> Evaluating model...
==========================================================================================
Layer (type:depth-idx)                   Output Shape              Param #
==========================================================================================
NeuralNetwork                            [1, 2]                    10
├─Sequential: 1-1                        [1, 2]                    --
│    └─Linear: 2-1                       [1, 64]                   320
│    └─LeakyReLU: 2-2                    [1, 64]                   --
│    └─Linear: 2-3                       [1, 64]                   4,160
│    └─LeakyReLU: 2-4                    [1, 64]                   --
│    └─Linear: 2-5                       [1, 64]                   4,160
│    └─LeakyReLU: 2-6                    [1, 64]                   --
│    └─Linear: 2-7                       [1, 64]                   4,160
│    └─LeakyReLU: 2-8                    [1, 64]                   --
│    └─Linear: 2-9                       [1, 64]                   4,160
│    └─LeakyReLU: 2-10                   [1, 64]                   --
│    └─Linear: 2-11                      [1, 64]                   4,160
│    └─LeakyReLU: 2-12                   [1, 64]                   --
│    └─Linear: 2-13                      [1, 64]                   4,160
│    └─LeakyReLU: 2-14                   [1, 64]                   --
│    └─Linear: 2-15                      [1, 2]                    130
==========================================================================================
Total params: 25,420
Trainable params: 25,410
Non-trainable params: 10
Total mult-adds (Units.MEGABYTES): 0.03
==========================================================================================
Input size (MB): 0.00
Forward/backward pass size (MB): 0.00
Params size (MB): 0.10
Estimated Total Size (MB): 0.11
==========================================================================================
==> Saving initial model weights...
==> Start training...
Epoch: 001 | Loss: 0.0189558 | L2 loss: 0.0189556 | Lip loss: 0.0000002 | Grad norm: 0.094762 | Time: 34s383ms
Epoch: 001 | Test Loss: 0.0100373 | Time: 516ms
==> Save the model at epoch 001 with test loss 0.0100373
Epoch: 002 | Loss: 0.0102168 | L2 loss: 0.0102167 | Lip loss: 0.0000002 | Grad norm: 0.062024 | Time: 34s705ms
Epoch: 002 | Test Loss: 0.0099671 | Time: 517ms
==> Save the model at epoch 002 with test loss 0.0099671
Epoch: 003 | Loss: 0.0100555 | L2 loss: 0.0100553 | Lip loss: 0.0000002 | Grad norm: 0.054451 | Time: 34s56ms
Epoch: 003 | Test Loss: 0.0097559 | Time: 506ms
==> Save the model at epoch 003 with test loss 0.0097559
Epoch: 004 | Loss: 0.0099217 | L2 loss: 0.0099216 | Lip loss: 0.0000002 | Grad norm: 0.049424 | Time: 34s141ms
Epoch: 004 | Test Loss: 0.0096351 | Time: 512ms
==> Save the model at epoch 004 with test loss 0.0096351
Epoch: 005 | Loss: 0.0098072 | L2 loss: 0.0098070 | Lip loss: 0.0000002 | Grad norm: 0.047807 | Time: 35s118ms
Epoch: 005 | Test Loss: 0.0096147 | Time: 513ms
==> Save the model at epoch 005 with test loss 0.0096147
Epoch: 006 | Loss: 0.0094157 | L2 loss: 0.0094156 | Lip loss: 0.0000002 | Grad norm: 0.028935 | Time: 34s234ms
Epoch: 006 | Test Loss: 0.0093290 | Time: 574ms
==> Save the model at epoch 006 with test loss 0.0093290
Epoch: 007 | Loss: 0.0093356 | L2 loss: 0.0093355 | Lip loss: 0.0000002 | Grad norm: 0.029809 | Time: 34s181ms
Epoch: 007 | Test Loss: 0.0092314 | Time: 582ms
==> Save the model at epoch 007 with test loss 0.0092314
Epoch: 008 | Loss: 0.0092530 | L2 loss: 0.0092528 | Lip loss: 0.0000002 | Grad norm: 0.031611 | Time: 34s840ms
Epoch: 008 | Test Loss: 0.0091522 | Time: 518ms
==> Save the model at epoch 008 with test loss 0.0091522
Epoch: 009 | Loss: 0.0091453 | L2 loss: 0.0091451 | Lip loss: 0.0000002 | Grad norm: 0.031917 | Time: 34s827ms
Epoch: 009 | Test Loss: 0.0090329 | Time: 511ms
==> Save the model at epoch 009 with test loss 0.0090329
Epoch: 010 | Loss: 0.0090208 | L2 loss: 0.0090206 | Lip loss: 0.0000002 | Grad norm: 0.034609 | Time: 34s395ms
Epoch: 010 | Test Loss: 0.0088954 | Time: 509ms
==> Save the model at epoch 010 with test loss 0.0088954
Epoch: 011 | Loss: 0.0088972 | L2 loss: 0.0088970 | Lip loss: 0.0000002 | Grad norm: 0.031361 | Time: 34s259ms
Epoch: 011 | Test Loss: 0.0088318 | Time: 510ms
==> Save the model at epoch 011 with test loss 0.0088318
Epoch: 012 | Loss: 0.0088760 | L2 loss: 0.0088758 | Lip loss: 0.0000002 | Grad norm: 0.030847 | Time: 35s77ms
Epoch: 012 | Test Loss: 0.0088179 | Time: 505ms
==> Save the model at epoch 012 with test loss 0.0088179
Epoch: 013 | Loss: 0.0088607 | L2 loss: 0.0088605 | Lip loss: 0.0000002 | Grad norm: 0.031085 | Time: 35s572ms
Epoch: 013 | Test Loss: 0.0088063 | Time: 511ms
==> Save the model at epoch 013 with test loss 0.0088063
Epoch: 014 | Loss: 0.0088460 | L2 loss: 0.0088458 | Lip loss: 0.0000002 | Grad norm: 0.031798 | Time: 35s29ms
Epoch: 014 | Test Loss: 0.0087949 | Time: 508ms
==> Save the model at epoch 014 with test loss 0.0087949
Epoch: 015 | Loss: 0.0088320 | L2 loss: 0.0088318 | Lip loss: 0.0000002 | Grad norm: 0.032105 | Time: 35s631ms
Epoch: 015 | Test Loss: 0.0087758 | Time: 594ms
==> Save the model at epoch 015 with test loss 0.0087758
Epoch: 016 | Loss: 0.0088166 | L2 loss: 0.0088164 | Lip loss: 0.0000002 | Grad norm: 0.031215 | Time: 35s480ms
Epoch: 016 | Test Loss: 0.0087728 | Time: 581ms
==> Save the model at epoch 016 with test loss 0.0087728
Epoch: 017 | Loss: 0.0088142 | L2 loss: 0.0088140 | Lip loss: 0.0000002 | Grad norm: 0.030541 | Time: 34s770ms
Epoch: 017 | Test Loss: 0.0087717 | Time: 506ms
==> Save the model at epoch 017 with test loss 0.0087717
Epoch: 018 | Loss: 0.0088126 | L2 loss: 0.0088124 | Lip loss: 0.0000002 | Grad norm: 0.031203 | Time: 34s965ms
Epoch: 018 | Test Loss: 0.0087700 | Time: 510ms
==> Save the model at epoch 018 with test loss 0.0087700
Epoch: 019 | Loss: 0.0088110 | L2 loss: 0.0088109 | Lip loss: 0.0000002 | Grad norm: 0.031258 | Time: 34s966ms
Epoch: 019 | Test Loss: 0.0087691 | Time: 523ms
==> Save the model at epoch 019 with test loss 0.0087691
Epoch: 020 | Loss: 0.0088095 | L2 loss: 0.0088093 | Lip loss: 0.0000002 | Grad norm: 0.031509 | Time: 34s869ms
Epoch: 020 | Test Loss: 0.0087676 | Time: 521ms
==> Save the model at epoch 020 with test loss 0.0087676
Epoch: 021 | Loss: 0.0088077 | L2 loss: 0.0088076 | Lip loss: 0.0000002 | Grad norm: 0.031321 | Time: 35s93ms
Epoch: 021 | Test Loss: 0.0087675 | Time: 525ms
==> Save the model at epoch 021 with test loss 0.0087675
Epoch: 022 | Loss: 0.0088076 | L2 loss: 0.0088074 | Lip loss: 0.0000002 | Grad norm: 0.030669 | Time: 34s967ms
Epoch: 022 | Test Loss: 0.0087673 | Time: 512ms
==> Save the model at epoch 022 with test loss 0.0087673
Epoch: 023 | Loss: 0.0088074 | L2 loss: 0.0088072 | Lip loss: 0.0000002 | Grad norm: 0.030870 | Time: 35s407ms
Epoch: 023 | Test Loss: 0.0087672 | Time: 521ms
==> Save the model at epoch 023 with test loss 0.0087672
Epoch: 024 | Loss: 0.0088072 | L2 loss: 0.0088070 | Lip loss: 0.0000002 | Grad norm: 0.031058 | Time: 34s585ms
Epoch: 024 | Test Loss: 0.0087670 | Time: 585ms
==> Save the model at epoch 024 with test loss 0.0087670
Epoch: 025 | Loss: 0.0088071 | L2 loss: 0.0088069 | Lip loss: 0.0000002 | Grad norm: 0.030744 | Time: 34s904ms
Epoch: 025 | Test Loss: 0.0087669 | Time: 586ms
==> Save the model at epoch 025 with test loss 0.0087669
Epoch: 026 | Loss: 0.0088069 | L2 loss: 0.0088067 | Lip loss: 0.0000002 | Grad norm: 0.030664 | Time: 34s174ms
Epoch: 026 | Test Loss: 0.0087669 | Time: 508ms
==> Save the model at epoch 026 with test loss 0.0087669
Epoch: 027 | Loss: 0.0088069 | L2 loss: 0.0088067 | Lip loss: 0.0000002 | Grad norm: 0.031084 | Time: 33s894ms
Epoch: 027 | Test Loss: 0.0087669 | Time: 506ms
==> Save the model at epoch 027 with test loss 0.0087669
Epoch: 028 | Loss: 0.0088068 | L2 loss: 0.0088067 | Lip loss: 0.0000002 | Grad norm: 0.031398 | Time: 34s297ms
Epoch: 028 | Test Loss: 0.0087669 | Time: 536ms
==> Save the model at epoch 028 with test loss 0.0087669
Epoch: 029 | Loss: 0.0088068 | L2 loss: 0.0088066 | Lip loss: 0.0000002 | Grad norm: 0.031360 | Time: 35s26ms
Epoch: 029 | Test Loss: 0.0087669 | Time: 509ms
==> Save the model at epoch 029 with test loss 0.0087669
Epoch: 030 | Loss: 0.0088068 | L2 loss: 0.0088066 | Lip loss: 0.0000002 | Grad norm: 0.031252 | Time: 35s85ms
Epoch: 030 | Test Loss: 0.0087669 | Time: 523ms
==> Save the model at epoch 030 with test loss 0.0087669
Epoch: 031 | Loss: 0.0088068 | L2 loss: 0.0088066 | Lip loss: 0.0000002 | Grad norm: 0.031481 | Time: 34s733ms
Epoch: 031 | Test Loss: 0.0087669 | Time: 512ms
==> Save the model at epoch 031 with test loss 0.0087669
Epoch: 032 | Loss: 0.0088068 | L2 loss: 0.0088066 | Lip loss: 0.0000002 | Grad norm: 0.031544 | Time: 34s360ms
Epoch: 032 | Test Loss: 0.0087669 | Time: 583ms
==> Save the model at epoch 032 with test loss 0.0087669
Epoch: 033 | Loss: 0.0088068 | L2 loss: 0.0088066 | Lip loss: 0.0000002 | Grad norm: 0.031588 | Time: 35s740ms
Epoch: 033 | Test Loss: 0.0087669 | Time: 505ms
Epoch: 034 | Loss: 0.0088068 | L2 loss: 0.0088066 | Lip loss: 0.0000002 | Grad norm: 0.030804 | Time: 35s424ms
Epoch: 034 | Test Loss: 0.0087669 | Time: 587ms
Epoch: 035 | Loss: 0.0088068 | L2 loss: 0.0088066 | Lip loss: 0.0000002 | Grad norm: 0.030883 | Time: 34s316ms
Epoch: 035 | Test Loss: 0.0087669 | Time: 590ms
Epoch: 036 | Loss: 0.0088068 | L2 loss: 0.0088066 | Lip loss: 0.0000002 | Grad norm: 0.031450 | Time: 34s610ms
Epoch: 036 | Test Loss: 0.0087669 | Time: 532ms
Epoch: 037 | Loss: 0.0088068 | L2 loss: 0.0088066 | Lip loss: 0.0000002 | Grad norm: 0.032101 | Time: 34s663ms
Epoch: 037 | Test Loss: 0.0087669 | Time: 516ms
Epoch: 038 | Loss: 0.0088068 | L2 loss: 0.0088066 | Lip loss: 0.0000002 | Grad norm: 0.031050 | Time: 34s710ms
Epoch: 038 | Test Loss: 0.0087669 | Time: 504ms
Epoch: 039 | Loss: 0.0088068 | L2 loss: 0.0088066 | Lip loss: 0.0000002 | Grad norm: 0.031247 | Time: 34s755ms
Epoch: 039 | Test Loss: 0.0087669 | Time: 522ms
Epoch: 040 | Loss: 0.0088068 | L2 loss: 0.0088066 | Lip loss: 0.0000002 | Grad norm: 0.031340 | Time: 34s445ms
Epoch: 040 | Test Loss: 0.0087669 | Time: 507ms
Total time: 23m31s
==> Saving trained model weights...
==> Input bias to be applied to the neural network (trained):
[0. 0. 0. 0.]
==> Input transform to be applied to the neural network (trained):
[1. 1. 1. 1.]
==> Output transform to be applied to the neural network (trained):
[1. 1.]
==> Saving training info...
==> Drawing training loss...
==> Drawing grad norm...
==> Drawing testing loss...
==> Drawing l2 loss...
==> Drawing lip loss...
==> Process finished.
