==> torch device:  cuda:3
==> Test-Train split: test_ratio = 0.20
==> Test-Train split seed:  None
==> Further split: further_train_ratio = 0.50
==> Further split seed:  None
==> Input bias to be applied to the neural network:
[0. 0. 0. 0.]
==> Input transform to be applied to the neural network:
[ 0.62900996  0.6288517  11.614402    9.487666  ]
==> Ouput transform to be applied to the neural network:
[0.0195 0.021 ]
==> Evaluating model...
==========================================================================================
Layer (type:depth-idx)                   Output Shape              Param #
==========================================================================================
NeuralNetwork                            [1, 2]                    10
├─Sequential: 1-1                        [1, 2]                    --
│    └─Linear: 2-1                       [1, 64]                   320
│    └─ReLU: 2-2                         [1, 64]                   --
│    └─Linear: 2-3                       [1, 64]                   4,160
│    └─ReLU: 2-4                         [1, 64]                   --
│    └─Linear: 2-5                       [1, 64]                   4,160
│    └─ReLU: 2-6                         [1, 64]                   --
│    └─Linear: 2-7                       [1, 64]                   4,160
│    └─ReLU: 2-8                         [1, 64]                   --
│    └─Linear: 2-9                       [1, 64]                   4,160
│    └─ReLU: 2-10                        [1, 64]                   --
│    └─Linear: 2-11                      [1, 64]                   4,160
│    └─ReLU: 2-12                        [1, 64]                   --
│    └─Linear: 2-13                      [1, 64]                   4,160
│    └─ReLU: 2-14                        [1, 64]                   --
│    └─Linear: 2-15                      [1, 2]                    130
├─Sequential: 1-2                        [1, 2]                    (recursive)
│    └─Linear: 2-16                      [1, 64]                   (recursive)
│    └─ReLU: 2-17                        [1, 64]                   --
│    └─Linear: 2-18                      [1, 64]                   (recursive)
│    └─ReLU: 2-19                        [1, 64]                   --
│    └─Linear: 2-20                      [1, 64]                   (recursive)
│    └─ReLU: 2-21                        [1, 64]                   --
│    └─Linear: 2-22                      [1, 64]                   (recursive)
│    └─ReLU: 2-23                        [1, 64]                   --
│    └─Linear: 2-24                      [1, 64]                   (recursive)
│    └─ReLU: 2-25                        [1, 64]                   --
│    └─Linear: 2-26                      [1, 64]                   (recursive)
│    └─ReLU: 2-27                        [1, 64]                   --
│    └─Linear: 2-28                      [1, 64]                   (recursive)
│    └─ReLU: 2-29                        [1, 64]                   --
│    └─Linear: 2-30                      [1, 2]                    (recursive)
==========================================================================================
Total params: 25,420
Trainable params: 25,410
Non-trainable params: 10
Total mult-adds (Units.MEGABYTES): 0.05
==========================================================================================
Input size (MB): 0.00
Forward/backward pass size (MB): 0.01
Params size (MB): 0.10
Estimated Total Size (MB): 0.11
==========================================================================================
==> Saving initial model weights...
==> Start training...
==> Number of param_groups in optimizer: 1
Epoch: 001 | Train Loss: 0.0008207 | Grad norm: 0.000025 | Time: 2s324ms
Epoch: 001 | Test Loss: 0.0008298 | Time: 514ms
==> Save the model at epoch 001 with test loss 0.0008298
Epoch: 002 | Train Loss: 0.0008205 | Grad norm: 0.000018 | Time: 2s144ms
Epoch: 002 | Test Loss: 0.0008291 | Time: 582ms
==> Save the model at epoch 002 with test loss 0.0008291
Epoch: 003 | Train Loss: 0.0008202 | Grad norm: 0.000004 | Time: 2s96ms
Epoch: 003 | Test Loss: 0.0008291 | Time: 531ms
==> Save the model at epoch 003 with test loss 0.0008291
Epoch: 004 | Train Loss: 0.0008203 | Grad norm: 0.000000 | Time: 2s219ms
Epoch: 004 | Test Loss: 0.0008291 | Time: 573ms
==> Save the model at epoch 004 with test loss 0.0008291
Epoch: 005 | Train Loss: 0.0008200 | Grad norm: 0.000000 | Time: 2s267ms
Epoch: 005 | Test Loss: 0.0008291 | Time: 507ms
Epoch: 006 | Train Loss: 0.0008202 | Grad norm: 0.000000 | Time: 2s22ms
Epoch: 006 | Test Loss: 0.0008291 | Time: 517ms
Epoch: 007 | Train Loss: 0.0008202 | Grad norm: 0.000000 | Time: 2s186ms
Epoch: 007 | Test Loss: 0.0008291 | Time: 645ms
Epoch: 008 | Train Loss: 0.0008202 | Grad norm: 0.000000 | Time: 2s193ms
Epoch: 008 | Test Loss: 0.0008291 | Time: 600ms
Epoch: 009 | Train Loss: 0.0008202 | Grad norm: 0.000000 | Time: 2s141ms
Epoch: 009 | Test Loss: 0.0008291 | Time: 508ms
Epoch: 010 | Train Loss: 0.0008202 | Grad norm: 0.000000 | Time: 2s167ms
Epoch: 010 | Test Loss: 0.0008291 | Time: 586ms
Epoch: 011 | Train Loss: 0.0008201 | Grad norm: 0.000000 | Time: 2s179ms
Epoch: 011 | Test Loss: 0.0008291 | Time: 514ms
Epoch: 012 | Train Loss: 0.0008203 | Grad norm: 0.000000 | Time: 2s87ms
Epoch: 012 | Test Loss: 0.0008291 | Time: 514ms
Epoch: 013 | Train Loss: 0.0008202 | Grad norm: 0.000000 | Time: 2s225ms
Epoch: 013 | Test Loss: 0.0008291 | Time: 525ms
Epoch: 014 | Train Loss: 0.0008201 | Grad norm: 0.000000 | Time: 2s311ms
Epoch: 014 | Test Loss: 0.0008291 | Time: 519ms
Epoch: 015 | Train Loss: 0.0008200 | Grad norm: 0.000000 | Time: 2s168ms
Epoch: 015 | Test Loss: 0.0008291 | Time: 545ms
Epoch: 016 | Train Loss: 0.0008202 | Grad norm: 0.000000 | Time: 2s349ms
Epoch: 016 | Test Loss: 0.0008291 | Time: 509ms
Epoch: 017 | Train Loss: 0.0008202 | Grad norm: 0.000000 | Time: 2s4ms
Epoch: 017 | Test Loss: 0.0008291 | Time: 592ms
Epoch: 018 | Train Loss: 0.0008205 | Grad norm: 0.000000 | Time: 2s10ms
Epoch: 018 | Test Loss: 0.0008291 | Time: 648ms
Epoch: 019 | Train Loss: 0.0008205 | Grad norm: 0.000000 | Time: 2s127ms
Epoch: 019 | Test Loss: 0.0008291 | Time: 510ms
Epoch: 020 | Train Loss: 0.0008200 | Grad norm: 0.000000 | Time: 2s140ms
Epoch: 020 | Test Loss: 0.0008291 | Time: 521ms
Epoch: 021 | Train Loss: 0.0008202 | Grad norm: 0.000000 | Time: 2s278ms
Epoch: 021 | Test Loss: 0.0008291 | Time: 546ms
Epoch: 022 | Train Loss: 0.0008201 | Grad norm: 0.000000 | Time: 2s196ms
Epoch: 022 | Test Loss: 0.0008291 | Time: 544ms
Epoch: 023 | Train Loss: 0.0008202 | Grad norm: 0.000000 | Time: 2s213ms
Epoch: 023 | Test Loss: 0.0008291 | Time: 518ms
Epoch: 024 | Train Loss: 0.0008203 | Grad norm: 0.000000 | Time: 2s175ms
Epoch: 024 | Test Loss: 0.0008291 | Time: 534ms
Epoch: 025 | Train Loss: 0.0008200 | Grad norm: 0.000000 | Time: 2s170ms
Epoch: 025 | Test Loss: 0.0008291 | Time: 519ms
Epoch: 026 | Train Loss: 0.0008204 | Grad norm: 0.000000 | Time: 2s130ms
Epoch: 026 | Test Loss: 0.0008291 | Time: 603ms
Epoch: 027 | Train Loss: 0.0008202 | Grad norm: 0.000000 | Time: 2s140ms
Epoch: 027 | Test Loss: 0.0008291 | Time: 519ms
Epoch: 028 | Train Loss: 0.0008201 | Grad norm: 0.000000 | Time: 2s200ms
Epoch: 028 | Test Loss: 0.0008291 | Time: 533ms
Epoch: 029 | Train Loss: 0.0008199 | Grad norm: 0.000000 | Time: 2s339ms
Epoch: 029 | Test Loss: 0.0008291 | Time: 648ms
Epoch: 030 | Train Loss: 0.0008203 | Grad norm: 0.000000 | Time: 2s265ms
Epoch: 030 | Test Loss: 0.0008291 | Time: 690ms
Epoch: 031 | Train Loss: 0.0008203 | Grad norm: 0.000000 | Time: 2s100ms
Epoch: 031 | Test Loss: 0.0008291 | Time: 523ms
Epoch: 032 | Train Loss: 0.0008202 | Grad norm: 0.000000 | Time: 2s195ms
Epoch: 032 | Test Loss: 0.0008291 | Time: 514ms
Epoch: 033 | Train Loss: 0.0008203 | Grad norm: 0.000000 | Time: 2s164ms
Epoch: 033 | Test Loss: 0.0008291 | Time: 544ms
Epoch: 034 | Train Loss: 0.0008202 | Grad norm: 0.000000 | Time: 1s953ms
Epoch: 034 | Test Loss: 0.0008291 | Time: 582ms
Epoch: 035 | Train Loss: 0.0008200 | Grad norm: 0.000000 | Time: 2s228ms
Epoch: 035 | Test Loss: 0.0008291 | Time: 577ms
Epoch: 036 | Train Loss: 0.0008201 | Grad norm: 0.000000 | Time: 2s555ms
Epoch: 036 | Test Loss: 0.0008291 | Time: 517ms
Epoch: 037 | Train Loss: 0.0008201 | Grad norm: 0.000000 | Time: 2s255ms
Epoch: 037 | Test Loss: 0.0008291 | Time: 514ms
Epoch: 038 | Train Loss: 0.0008201 | Grad norm: 0.000000 | Time: 2s205ms
Epoch: 038 | Test Loss: 0.0008291 | Time: 524ms
Epoch: 039 | Train Loss: 0.0008202 | Grad norm: 0.000000 | Time: 2s216ms
Epoch: 039 | Test Loss: 0.0008291 | Time: 575ms
Epoch: 040 | Train Loss: 0.0008203 | Grad norm: 0.000000 | Time: 2s309ms
Epoch: 040 | Test Loss: 0.0008291 | Time: 510ms
Total time: 1m49s
==> Saving trained model weights...
==> Input bias to be applied to the neural network (trained):
[0. 0. 0. 0.]
==> Input transform to be applied to the neural network (trained):
[ 0.62900996  0.6288517  11.614402    9.487666  ]
==> Output transform to be applied to the neural network (trained):
[0.0195 0.021 ]
==> Saving training info...
==> Drawing training loss...
==> Drawing grad norm...
==> Drawing testing loss...
==> Process finished.
