==> torch device:  cuda:1
==> Test-Train split: test_ratio = 0.20
==> Test-Train split seed:  None
==> Further split: further_train_ratio = 0.50
==> Further split seed:  None
==> Input bias to be applied to the neural network:
[0. 0.]
==> Input transform to be applied to the neural network:
[0.496845   0.52004784]
==> Ouput transform to be applied to the neural network:
[1.9242 2.0182]
==> Evaluating model...
==========================================================================================
Layer (type:depth-idx)                   Output Shape              Param #
==========================================================================================
NeuralNetwork                            [1, 2]                    6
├─Sequential: 1-1                        [1, 2]                    --
│    └─Linear: 2-1                       [1, 64]                   192
│    └─ReLU: 2-2                         [1, 64]                   --
│    └─Linear: 2-3                       [1, 64]                   4,160
│    └─ReLU: 2-4                         [1, 64]                   --
│    └─Linear: 2-5                       [1, 64]                   4,160
│    └─ReLU: 2-6                         [1, 64]                   --
│    └─Linear: 2-7                       [1, 64]                   4,160
│    └─ReLU: 2-8                         [1, 64]                   --
│    └─Linear: 2-9                       [1, 64]                   4,160
│    └─ReLU: 2-10                        [1, 64]                   --
│    └─Linear: 2-11                      [1, 64]                   4,160
│    └─ReLU: 2-12                        [1, 64]                   --
│    └─Linear: 2-13                      [1, 64]                   4,160
│    └─ReLU: 2-14                        [1, 64]                   --
│    └─Linear: 2-15                      [1, 2]                    130
├─Sequential: 1-2                        [1, 2]                    (recursive)
│    └─Linear: 2-16                      [1, 64]                   (recursive)
│    └─ReLU: 2-17                        [1, 64]                   --
│    └─Linear: 2-18                      [1, 64]                   (recursive)
│    └─ReLU: 2-19                        [1, 64]                   --
│    └─Linear: 2-20                      [1, 64]                   (recursive)
│    └─ReLU: 2-21                        [1, 64]                   --
│    └─Linear: 2-22                      [1, 64]                   (recursive)
│    └─ReLU: 2-23                        [1, 64]                   --
│    └─Linear: 2-24                      [1, 64]                   (recursive)
│    └─ReLU: 2-25                        [1, 64]                   --
│    └─Linear: 2-26                      [1, 64]                   (recursive)
│    └─ReLU: 2-27                        [1, 64]                   --
│    └─Linear: 2-28                      [1, 64]                   (recursive)
│    └─ReLU: 2-29                        [1, 64]                   --
│    └─Linear: 2-30                      [1, 2]                    (recursive)
==========================================================================================
Total params: 25,288
Trainable params: 25,282
Non-trainable params: 6
Total mult-adds (Units.MEGABYTES): 0.05
==========================================================================================
Input size (MB): 0.00
Forward/backward pass size (MB): 0.01
Params size (MB): 0.10
Estimated Total Size (MB): 0.11
==========================================================================================
==> Saving initial model weights...
==> Start training...
==> Number of param_groups in optimizer: 1
Epoch: 001 | Train Loss: 7.7592554 | Grad norm: 0.222679 | Time: 2s333ms
Epoch: 001 | Test Loss: 7.7301995 | Time: 467ms
==> Save the model at epoch 001 with test loss 7.7301995
Epoch: 002 | Train Loss: 7.7533092 | Grad norm: 0.119184 | Time: 1s997ms
Epoch: 002 | Test Loss: 7.7112827 | Time: 519ms
==> Save the model at epoch 002 with test loss 7.7112827
Epoch: 003 | Train Loss: 6.0906589 | Grad norm: 1.583298 | Time: 1s968ms
Epoch: 003 | Test Loss: 4.2732553 | Time: 453ms
==> Save the model at epoch 003 with test loss 4.2732553
Epoch: 004 | Train Loss: 4.2692137 | Grad norm: 0.815929 | Time: 1s995ms
Epoch: 004 | Test Loss: 4.2107895 | Time: 465ms
==> Save the model at epoch 004 with test loss 4.2107895
Epoch: 005 | Train Loss: 4.0792067 | Grad norm: 1.097379 | Time: 2s131ms
Epoch: 005 | Test Loss: 3.7652799 | Time: 466ms
==> Save the model at epoch 005 with test loss 3.7652799
Epoch: 006 | Train Loss: 3.6746195 | Grad norm: 1.295383 | Time: 2s43ms
Epoch: 006 | Test Loss: 3.6249374 | Time: 449ms
==> Save the model at epoch 006 with test loss 3.6249374
Epoch: 007 | Train Loss: 3.6447735 | Grad norm: 1.031688 | Time: 1s915ms
Epoch: 007 | Test Loss: 3.6150709 | Time: 447ms
==> Save the model at epoch 007 with test loss 3.6150709
Epoch: 008 | Train Loss: 3.6500151 | Grad norm: 1.066843 | Time: 2s176ms
Epoch: 008 | Test Loss: 3.6187421 | Time: 451ms
Epoch: 009 | Train Loss: 3.6516905 | Grad norm: 1.073466 | Time: 2s218ms
Epoch: 009 | Test Loss: 3.6348669 | Time: 446ms
Epoch: 010 | Train Loss: 3.6643242 | Grad norm: 1.046579 | Time: 1s994ms
Epoch: 010 | Test Loss: 3.6401343 | Time: 517ms
Epoch: 011 | Train Loss: 3.6677615 | Grad norm: 1.084883 | Time: 2s24ms
Epoch: 011 | Test Loss: 3.6422064 | Time: 491ms
Epoch: 012 | Train Loss: 3.6678476 | Grad norm: 1.070437 | Time: 1s924ms
Epoch: 012 | Test Loss: 3.6524362 | Time: 463ms
Epoch: 013 | Train Loss: 3.6804481 | Grad norm: 1.174900 | Time: 2s120ms
Epoch: 013 | Test Loss: 3.6459236 | Time: 506ms
Epoch: 014 | Train Loss: 3.6782995 | Grad norm: 1.142644 | Time: 1s960ms
Epoch: 014 | Test Loss: 3.6507344 | Time: 474ms
Epoch: 015 | Train Loss: 3.6675176 | Grad norm: 1.032732 | Time: 1s974ms
Epoch: 015 | Test Loss: 3.6460338 | Time: 451ms
Epoch: 016 | Train Loss: 3.6644982 | Grad norm: 1.071980 | Time: 1s890ms
Epoch: 016 | Test Loss: 3.6404682 | Time: 459ms
Epoch: 017 | Train Loss: 3.6697097 | Grad norm: 1.123367 | Time: 1s961ms
Epoch: 017 | Test Loss: 3.6423628 | Time: 456ms
Epoch: 018 | Train Loss: 3.6706464 | Grad norm: 1.077842 | Time: 1s798ms
Epoch: 018 | Test Loss: 3.6461153 | Time: 536ms
Epoch: 019 | Train Loss: 3.6706540 | Grad norm: 1.112555 | Time: 2s64ms
Epoch: 019 | Test Loss: 3.6467224 | Time: 461ms
Epoch: 020 | Train Loss: 3.6668891 | Grad norm: 1.088741 | Time: 2s45ms
Epoch: 020 | Test Loss: 3.6437378 | Time: 455ms
Epoch: 021 | Train Loss: 3.6668242 | Grad norm: 1.043792 | Time: 2s50ms
Epoch: 021 | Test Loss: 3.6443720 | Time: 450ms
Epoch: 022 | Train Loss: 3.6683256 | Grad norm: 1.027885 | Time: 2s112ms
Epoch: 022 | Test Loss: 3.6363571 | Time: 493ms
Epoch: 023 | Train Loss: 3.6648379 | Grad norm: 1.047288 | Time: 2s66ms
Epoch: 023 | Test Loss: 3.6414163 | Time: 464ms
Epoch: 024 | Train Loss: 3.6656152 | Grad norm: 1.016815 | Time: 2s265ms
Epoch: 024 | Test Loss: 3.6398094 | Time: 472ms
Epoch: 025 | Train Loss: 3.6606656 | Grad norm: 0.978451 | Time: 2s51ms
Epoch: 025 | Test Loss: 3.6299826 | Time: 449ms
Epoch: 026 | Train Loss: 3.6543327 | Grad norm: 0.960732 | Time: 2s67ms
Epoch: 026 | Test Loss: 3.6363440 | Time: 551ms
Epoch: 027 | Train Loss: 3.6574640 | Grad norm: 1.007407 | Time: 1s959ms
Epoch: 027 | Test Loss: 3.6315376 | Time: 461ms
Epoch: 028 | Train Loss: 3.6544482 | Grad norm: 0.932618 | Time: 1s925ms
Epoch: 028 | Test Loss: 3.6258869 | Time: 478ms
Epoch: 029 | Train Loss: 3.6574777 | Grad norm: 0.975147 | Time: 2s148ms
Epoch: 029 | Test Loss: 3.6410680 | Time: 451ms
Epoch: 030 | Train Loss: 3.6544216 | Grad norm: 0.960093 | Time: 2s123ms
Epoch: 030 | Test Loss: 3.6287826 | Time: 468ms
Epoch: 031 | Train Loss: 3.6546963 | Grad norm: 0.913125 | Time: 1s917ms
Epoch: 031 | Test Loss: 3.6284254 | Time: 455ms
Epoch: 032 | Train Loss: 3.6535658 | Grad norm: 0.936420 | Time: 2s195ms
Epoch: 032 | Test Loss: 3.6328069 | Time: 456ms
Epoch: 033 | Train Loss: 3.6568330 | Grad norm: 0.956247 | Time: 1s967ms
Epoch: 033 | Test Loss: 3.6313731 | Time: 467ms
Epoch: 034 | Train Loss: 3.6549250 | Grad norm: 0.870693 | Time: 2s132ms
Epoch: 034 | Test Loss: 3.6286298 | Time: 518ms
Epoch: 035 | Train Loss: 3.6535798 | Grad norm: 0.896240 | Time: 1s833ms
Epoch: 035 | Test Loss: 3.6298048 | Time: 448ms
Epoch: 036 | Train Loss: 3.6521389 | Grad norm: 0.868344 | Time: 2s224ms
Epoch: 036 | Test Loss: 3.6278536 | Time: 476ms
Epoch: 037 | Train Loss: 3.6511687 | Grad norm: 0.871620 | Time: 2s79ms
Epoch: 037 | Test Loss: 3.6286470 | Time: 472ms
Epoch: 038 | Train Loss: 3.6513717 | Grad norm: 0.856773 | Time: 2s23ms
Epoch: 038 | Test Loss: 3.6281059 | Time: 448ms
Epoch: 039 | Train Loss: 3.6517386 | Grad norm: 0.850740 | Time: 2s116ms
Epoch: 039 | Test Loss: 3.6283076 | Time: 520ms
Epoch: 040 | Train Loss: 3.6507876 | Grad norm: 0.870561 | Time: 1s846ms
Epoch: 040 | Test Loss: 3.6283288 | Time: 516ms
Total time: 1m40s
==> Saving trained model weights...
==> Input bias to be applied to the neural network (trained):
[0. 0.]
==> Input transform to be applied to the neural network (trained):
[0.496845   0.52004784]
==> Output transform to be applied to the neural network (trained):
[1.9242 2.0182]
==> Saving training info...
==> Drawing training loss...
==> Drawing grad norm...
==> Drawing testing loss...
==> Process finished.
