==> torch device:  cuda:1
==> Test-Train split: test_ratio = 0.20
==> Test-Train split seed:  None
==> Further split: further_train_ratio = 0.25
==> Further split seed:  None
==> Input bias to be applied to the neural network:
[0. 0.]
==> Input transform to be applied to the neural network:
[0.7649939 0.7649939]
==> Ouput transform to be applied to the neural network:
[2.6276 2.6276]
==> Evaluating model...
==========================================================================================
Layer (type:depth-idx)                   Output Shape              Param #
==========================================================================================
NeuralNetwork                            [1, 2]                    6
├─Sequential: 1-1                        [1, 2]                    --
│    └─Linear: 2-1                       [1, 64]                   192
│    └─ReLU: 2-2                         [1, 64]                   --
│    └─Linear: 2-3                       [1, 64]                   4,160
│    └─ReLU: 2-4                         [1, 64]                   --
│    └─Linear: 2-5                       [1, 64]                   4,160
│    └─ReLU: 2-6                         [1, 64]                   --
│    └─Linear: 2-7                       [1, 64]                   4,160
│    └─ReLU: 2-8                         [1, 64]                   --
│    └─Linear: 2-9                       [1, 64]                   4,160
│    └─ReLU: 2-10                        [1, 64]                   --
│    └─Linear: 2-11                      [1, 64]                   4,160
│    └─ReLU: 2-12                        [1, 64]                   --
│    └─Linear: 2-13                      [1, 64]                   4,160
│    └─ReLU: 2-14                        [1, 64]                   --
│    └─Linear: 2-15                      [1, 2]                    130
├─Sequential: 1-2                        [1, 2]                    (recursive)
│    └─Linear: 2-16                      [1, 64]                   (recursive)
│    └─ReLU: 2-17                        [1, 64]                   --
│    └─Linear: 2-18                      [1, 64]                   (recursive)
│    └─ReLU: 2-19                        [1, 64]                   --
│    └─Linear: 2-20                      [1, 64]                   (recursive)
│    └─ReLU: 2-21                        [1, 64]                   --
│    └─Linear: 2-22                      [1, 64]                   (recursive)
│    └─ReLU: 2-23                        [1, 64]                   --
│    └─Linear: 2-24                      [1, 64]                   (recursive)
│    └─ReLU: 2-25                        [1, 64]                   --
│    └─Linear: 2-26                      [1, 64]                   (recursive)
│    └─ReLU: 2-27                        [1, 64]                   --
│    └─Linear: 2-28                      [1, 64]                   (recursive)
│    └─ReLU: 2-29                        [1, 64]                   --
│    └─Linear: 2-30                      [1, 2]                    (recursive)
==========================================================================================
Total params: 25,288
Trainable params: 25,282
Non-trainable params: 6
Total mult-adds (Units.MEGABYTES): 0.05
==========================================================================================
Input size (MB): 0.00
Forward/backward pass size (MB): 0.01
Params size (MB): 0.10
Estimated Total Size (MB): 0.11
==========================================================================================
==> Saving initial model weights...
==> Start training...
==> Number of param_groups in optimizer: 1
Epoch: 001 | Train Loss: 13.8786946 | Grad norm: 0.245142 | Time: 1s372ms
Epoch: 001 | Test Loss: 13.7794613 | Time: 534ms
==> Save the model at epoch 001 with test loss 13.7794613
Epoch: 002 | Train Loss: 2.4370663 | Grad norm: 6.079078 | Time: 1s144ms
Epoch: 002 | Test Loss: 0.0111706 | Time: 533ms
==> Save the model at epoch 002 with test loss 0.0111706
Epoch: 003 | Train Loss: 0.0318254 | Grad norm: 2.656224 | Time: 1s211ms
Epoch: 003 | Test Loss: 0.0210204 | Time: 656ms
Epoch: 004 | Train Loss: 0.0322332 | Grad norm: 2.550678 | Time: 1s244ms
Epoch: 004 | Test Loss: 0.0439111 | Time: 522ms
Epoch: 005 | Train Loss: 0.0433592 | Grad norm: 2.823013 | Time: 1s92ms
Epoch: 005 | Test Loss: 0.0295654 | Time: 525ms
Epoch: 006 | Train Loss: 0.0616729 | Grad norm: 3.268179 | Time: 1s105ms
Epoch: 006 | Test Loss: 0.0272658 | Time: 586ms
Epoch: 007 | Train Loss: 0.0961889 | Grad norm: 4.301262 | Time: 1s135ms
Epoch: 007 | Test Loss: 0.1670283 | Time: 518ms
Epoch: 008 | Train Loss: 0.0651356 | Grad norm: 3.342737 | Time: 1s101ms
Epoch: 008 | Test Loss: 0.1095304 | Time: 551ms
Epoch: 009 | Train Loss: 0.1042685 | Grad norm: 4.324630 | Time: 1s316ms
Epoch: 009 | Test Loss: 0.0675964 | Time: 523ms
Epoch: 010 | Train Loss: 0.1034371 | Grad norm: 4.328812 | Time: 1s294ms
Epoch: 010 | Test Loss: 0.1080137 | Time: 535ms
Epoch: 011 | Train Loss: 0.0922317 | Grad norm: 4.003910 | Time: 1s175ms
Epoch: 011 | Test Loss: 0.0541805 | Time: 519ms
Epoch: 012 | Train Loss: 0.0447394 | Grad norm: 2.921934 | Time: 1s183ms
Epoch: 012 | Test Loss: 0.0126111 | Time: 535ms
Epoch: 013 | Train Loss: 0.0423943 | Grad norm: 2.872933 | Time: 1s146ms
Epoch: 013 | Test Loss: 0.0240412 | Time: 613ms
Epoch: 014 | Train Loss: 0.0650227 | Grad norm: 3.446194 | Time: 1s121ms
Epoch: 014 | Test Loss: 0.0464167 | Time: 517ms
Epoch: 015 | Train Loss: 0.0426513 | Grad norm: 2.919053 | Time: 1s160ms
Epoch: 015 | Test Loss: 0.0137731 | Time: 519ms
Epoch: 016 | Train Loss: 0.0340687 | Grad norm: 2.399003 | Time: 1s84ms
Epoch: 016 | Test Loss: 0.0510011 | Time: 535ms
Epoch: 017 | Train Loss: 0.0383929 | Grad norm: 2.532547 | Time: 1s270ms
Epoch: 017 | Test Loss: 0.0189330 | Time: 521ms
Epoch: 018 | Train Loss: 0.0249180 | Grad norm: 2.204183 | Time: 1s131ms
Epoch: 018 | Test Loss: 0.0140440 | Time: 525ms
Epoch: 019 | Train Loss: 0.0314650 | Grad norm: 2.308139 | Time: 1s219ms
Epoch: 019 | Test Loss: 0.0131489 | Time: 530ms
Epoch: 020 | Train Loss: 0.0278188 | Grad norm: 2.317280 | Time: 1s233ms
Epoch: 020 | Test Loss: 0.0185369 | Time: 606ms
Epoch: 021 | Train Loss: 0.0141850 | Grad norm: 1.540472 | Time: 1s176ms
Epoch: 021 | Test Loss: 0.0130400 | Time: 518ms
Epoch: 022 | Train Loss: 0.0079801 | Grad norm: 1.094259 | Time: 1s213ms
Epoch: 022 | Test Loss: 0.0033013 | Time: 533ms
==> Save the model at epoch 022 with test loss 0.0033013
Epoch: 023 | Train Loss: 0.0081324 | Grad norm: 1.120635 | Time: 1s124ms
Epoch: 023 | Test Loss: 0.0060072 | Time: 543ms
Epoch: 024 | Train Loss: 0.0077472 | Grad norm: 1.203613 | Time: 1s312ms
Epoch: 024 | Test Loss: 0.0058738 | Time: 529ms
Epoch: 025 | Train Loss: 0.0020156 | Grad norm: 0.489262 | Time: 1s244ms
Epoch: 025 | Test Loss: 0.0011696 | Time: 524ms
==> Save the model at epoch 025 with test loss 0.0011696
Epoch: 026 | Train Loss: 0.0012442 | Grad norm: 0.326585 | Time: 1s279ms
Epoch: 026 | Test Loss: 0.0011772 | Time: 539ms
Epoch: 027 | Train Loss: 0.0011801 | Grad norm: 0.321874 | Time: 1s272ms
Epoch: 027 | Test Loss: 0.0010358 | Time: 532ms
==> Save the model at epoch 027 with test loss 0.0010358
Epoch: 028 | Train Loss: 0.0012273 | Grad norm: 0.345989 | Time: 1s225ms
Epoch: 028 | Test Loss: 0.0036425 | Time: 532ms
Epoch: 029 | Train Loss: 0.0014674 | Grad norm: 0.387318 | Time: 1s191ms
Epoch: 029 | Test Loss: 0.0011276 | Time: 537ms
Epoch: 030 | Train Loss: 0.0008565 | Grad norm: 0.200844 | Time: 1s189ms
Epoch: 030 | Test Loss: 0.0013484 | Time: 606ms
Epoch: 031 | Train Loss: 0.0008217 | Grad norm: 0.202029 | Time: 1s174ms
Epoch: 031 | Test Loss: 0.0006826 | Time: 539ms
==> Save the model at epoch 031 with test loss 0.0006826
Epoch: 032 | Train Loss: 0.0007339 | Grad norm: 0.158245 | Time: 1s209ms
Epoch: 032 | Test Loss: 0.0007562 | Time: 537ms
Epoch: 033 | Train Loss: 0.0007107 | Grad norm: 0.142365 | Time: 1s146ms
Epoch: 033 | Test Loss: 0.0006871 | Time: 521ms
Epoch: 034 | Train Loss: 0.0006913 | Grad norm: 0.120256 | Time: 1s310ms
Epoch: 034 | Test Loss: 0.0006205 | Time: 522ms
==> Save the model at epoch 034 with test loss 0.0006205
Epoch: 035 | Train Loss: 0.0006381 | Grad norm: 0.092654 | Time: 1s279ms
Epoch: 035 | Test Loss: 0.0006198 | Time: 538ms
==> Save the model at epoch 035 with test loss 0.0006198
Epoch: 036 | Train Loss: 0.0006465 | Grad norm: 0.090188 | Time: 1s145ms
Epoch: 036 | Test Loss: 0.0006170 | Time: 519ms
==> Save the model at epoch 036 with test loss 0.0006170
Epoch: 037 | Train Loss: 0.0006117 | Grad norm: 0.065980 | Time: 1s167ms
Epoch: 037 | Test Loss: 0.0006182 | Time: 587ms
Epoch: 038 | Train Loss: 0.0006067 | Grad norm: 0.061957 | Time: 1s217ms
Epoch: 038 | Test Loss: 0.0006161 | Time: 524ms
==> Save the model at epoch 038 with test loss 0.0006161
Epoch: 039 | Train Loss: 0.0005991 | Grad norm: 0.050466 | Time: 1s202ms
Epoch: 039 | Test Loss: 0.0006136 | Time: 515ms
==> Save the model at epoch 039 with test loss 0.0006136
Epoch: 040 | Train Loss: 0.0005942 | Grad norm: 0.042971 | Time: 1s143ms
Epoch: 040 | Test Loss: 0.0006118 | Time: 522ms
==> Save the model at epoch 040 with test loss 0.0006118
Total time: 1m9s
==> Saving trained model weights...
==> Input bias to be applied to the neural network (trained):
[0. 0.]
==> Input transform to be applied to the neural network (trained):
[0.7649939 0.7649939]
==> Output transform to be applied to the neural network (trained):
[2.6276 2.6276]
==> Saving training info...
==> Drawing training loss...
==> Drawing grad norm...
==> Drawing testing loss...
==> Process finished.
