==> torch device:  cuda:3
==> Test-Train split: test_ratio = 0.20
==> Test-Train split seed:  None
==> Further split: further_train_ratio = 1.00
==> Further split seed:  None
==> Input bias to be applied to the neural network:
[0. 0. 0. 0.]
==> Input transform to be applied to the neural network:
[1. 1. 1. 1.]
==> Ouput transform to be applied to the neural network:
[1. 1.]
==> Evaluating model...
==========================================================================================
Layer (type:depth-idx)                   Output Shape              Param #
==========================================================================================
NeuralNetwork                            [1, 2]                    10
├─Sequential: 1-1                        [1, 2]                    --
│    └─Linear: 2-1                       [1, 64]                   320
│    └─LeakyReLU: 2-2                    [1, 64]                   --
│    └─Linear: 2-3                       [1, 64]                   4,160
│    └─LeakyReLU: 2-4                    [1, 64]                   --
│    └─Linear: 2-5                       [1, 64]                   4,160
│    └─LeakyReLU: 2-6                    [1, 64]                   --
│    └─Linear: 2-7                       [1, 64]                   4,160
│    └─LeakyReLU: 2-8                    [1, 64]                   --
│    └─Linear: 2-9                       [1, 64]                   4,160
│    └─LeakyReLU: 2-10                   [1, 64]                   --
│    └─Linear: 2-11                      [1, 64]                   4,160
│    └─LeakyReLU: 2-12                   [1, 64]                   --
│    └─Linear: 2-13                      [1, 64]                   4,160
│    └─LeakyReLU: 2-14                   [1, 64]                   --
│    └─Linear: 2-15                      [1, 2]                    130
==========================================================================================
Total params: 25,420
Trainable params: 25,410
Non-trainable params: 10
Total mult-adds (Units.MEGABYTES): 0.03
==========================================================================================
Input size (MB): 0.00
Forward/backward pass size (MB): 0.00
Params size (MB): 0.10
Estimated Total Size (MB): 0.11
==========================================================================================
==> Saving initial model weights...
==> Start training...
Epoch: 001 | Loss: 0.0004965 | L2 loss: 0.0004905 | Lip loss: 0.0000060 | Grad norm: 0.010224 | Time: 34s263ms
Epoch: 001 | Test Loss: 0.0000735 | Time: 503ms
==> Save the model at epoch 001 with test loss 0.0000735
Epoch: 002 | Loss: 0.0000816 | L2 loss: 0.0000729 | Lip loss: 0.0000087 | Grad norm: 0.003899 | Time: 33s836ms
Epoch: 002 | Test Loss: 0.0000695 | Time: 505ms
==> Save the model at epoch 002 with test loss 0.0000695
Epoch: 003 | Loss: 0.0000798 | L2 loss: 0.0000708 | Lip loss: 0.0000091 | Grad norm: 0.003329 | Time: 34s527ms
Epoch: 003 | Test Loss: 0.0000675 | Time: 502ms
==> Save the model at epoch 003 with test loss 0.0000675
Epoch: 004 | Loss: 0.0000791 | L2 loss: 0.0000706 | Lip loss: 0.0000085 | Grad norm: 0.003619 | Time: 34s326ms
Epoch: 004 | Test Loss: 0.0000715 | Time: 497ms
Epoch: 005 | Loss: 0.0000790 | L2 loss: 0.0000702 | Lip loss: 0.0000088 | Grad norm: 0.003438 | Time: 34s762ms
Epoch: 005 | Test Loss: 0.0000671 | Time: 498ms
==> Save the model at epoch 005 with test loss 0.0000671
Epoch: 006 | Loss: 0.0000758 | L2 loss: 0.0000665 | Lip loss: 0.0000093 | Grad norm: 0.001531 | Time: 33s916ms
Epoch: 006 | Test Loss: 0.0000658 | Time: 581ms
==> Save the model at epoch 006 with test loss 0.0000658
Epoch: 007 | Loss: 0.0000755 | L2 loss: 0.0000664 | Lip loss: 0.0000091 | Grad norm: 0.001641 | Time: 34s247ms
Epoch: 007 | Test Loss: 0.0000662 | Time: 586ms
Epoch: 008 | Loss: 0.0000751 | L2 loss: 0.0000663 | Lip loss: 0.0000089 | Grad norm: 0.001552 | Time: 34s144ms
Epoch: 008 | Test Loss: 0.0000661 | Time: 509ms
Epoch: 009 | Loss: 0.0000754 | L2 loss: 0.0000663 | Lip loss: 0.0000091 | Grad norm: 0.001623 | Time: 33s962ms
Epoch: 009 | Test Loss: 0.0000658 | Time: 509ms
Epoch: 010 | Loss: 0.0000755 | L2 loss: 0.0000664 | Lip loss: 0.0000091 | Grad norm: 0.001742 | Time: 34s218ms
Epoch: 010 | Test Loss: 0.0000662 | Time: 498ms
Epoch: 011 | Loss: 0.0000747 | L2 loss: 0.0000658 | Lip loss: 0.0000089 | Grad norm: 0.001253 | Time: 33s931ms
Epoch: 011 | Test Loss: 0.0000655 | Time: 505ms
==> Save the model at epoch 011 with test loss 0.0000655
Epoch: 012 | Loss: 0.0000744 | L2 loss: 0.0000658 | Lip loss: 0.0000087 | Grad norm: 0.001249 | Time: 34s172ms
Epoch: 012 | Test Loss: 0.0000655 | Time: 494ms
==> Save the model at epoch 012 with test loss 0.0000655
Epoch: 013 | Loss: 0.0000746 | L2 loss: 0.0000658 | Lip loss: 0.0000088 | Grad norm: 0.001228 | Time: 33s667ms
Epoch: 013 | Test Loss: 0.0000655 | Time: 513ms
Epoch: 014 | Loss: 0.0000750 | L2 loss: 0.0000658 | Lip loss: 0.0000093 | Grad norm: 0.001298 | Time: 33s932ms
Epoch: 014 | Test Loss: 0.0000654 | Time: 503ms
==> Save the model at epoch 014 with test loss 0.0000654
Epoch: 015 | Loss: 0.0000750 | L2 loss: 0.0000658 | Lip loss: 0.0000093 | Grad norm: 0.001296 | Time: 33s800ms
Epoch: 015 | Test Loss: 0.0000657 | Time: 566ms
Epoch: 016 | Loss: 0.0000748 | L2 loss: 0.0000657 | Lip loss: 0.0000091 | Grad norm: 0.001235 | Time: 34s550ms
Epoch: 016 | Test Loss: 0.0000654 | Time: 562ms
==> Save the model at epoch 016 with test loss 0.0000654
Epoch: 017 | Loss: 0.0000752 | L2 loss: 0.0000657 | Lip loss: 0.0000095 | Grad norm: 0.001151 | Time: 33s250ms
Epoch: 017 | Test Loss: 0.0000654 | Time: 497ms
==> Save the model at epoch 017 with test loss 0.0000654
Epoch: 018 | Loss: 0.0000747 | L2 loss: 0.0000657 | Lip loss: 0.0000090 | Grad norm: 0.001188 | Time: 33s792ms
Epoch: 018 | Test Loss: 0.0000654 | Time: 500ms
==> Save the model at epoch 018 with test loss 0.0000654
Epoch: 019 | Loss: 0.0000746 | L2 loss: 0.0000657 | Lip loss: 0.0000089 | Grad norm: 0.001165 | Time: 34s255ms
Epoch: 019 | Test Loss: 0.0000654 | Time: 506ms
Epoch: 020 | Loss: 0.0000744 | L2 loss: 0.0000657 | Lip loss: 0.0000087 | Grad norm: 0.001184 | Time: 33s276ms
Epoch: 020 | Test Loss: 0.0000654 | Time: 490ms
Epoch: 021 | Loss: 0.0000749 | L2 loss: 0.0000657 | Lip loss: 0.0000092 | Grad norm: 0.001160 | Time: 34s473ms
Epoch: 021 | Test Loss: 0.0000654 | Time: 498ms
Epoch: 022 | Loss: 0.0000750 | L2 loss: 0.0000657 | Lip loss: 0.0000093 | Grad norm: 0.001200 | Time: 34s342ms
Epoch: 022 | Test Loss: 0.0000654 | Time: 494ms
Epoch: 023 | Loss: 0.0000752 | L2 loss: 0.0000657 | Lip loss: 0.0000096 | Grad norm: 0.001190 | Time: 34s195ms
Epoch: 023 | Test Loss: 0.0000654 | Time: 497ms
Epoch: 024 | Loss: 0.0000745 | L2 loss: 0.0000657 | Lip loss: 0.0000088 | Grad norm: 0.001161 | Time: 33s507ms
Epoch: 024 | Test Loss: 0.0000654 | Time: 584ms
Epoch: 025 | Loss: 0.0000748 | L2 loss: 0.0000657 | Lip loss: 0.0000091 | Grad norm: 0.001215 | Time: 34s641ms
Epoch: 025 | Test Loss: 0.0000654 | Time: 564ms
==> Save the model at epoch 025 with test loss 0.0000654
Epoch: 026 | Loss: 0.0000746 | L2 loss: 0.0000657 | Lip loss: 0.0000089 | Grad norm: 0.001174 | Time: 34s129ms
Epoch: 026 | Test Loss: 0.0000654 | Time: 495ms
Epoch: 027 | Loss: 0.0000748 | L2 loss: 0.0000657 | Lip loss: 0.0000091 | Grad norm: 0.001168 | Time: 34s69ms
Epoch: 027 | Test Loss: 0.0000654 | Time: 495ms
Epoch: 028 | Loss: 0.0000743 | L2 loss: 0.0000657 | Lip loss: 0.0000086 | Grad norm: 0.001201 | Time: 34s560ms
Epoch: 028 | Test Loss: 0.0000654 | Time: 492ms
Epoch: 029 | Loss: 0.0000747 | L2 loss: 0.0000657 | Lip loss: 0.0000091 | Grad norm: 0.001211 | Time: 34s123ms
Epoch: 029 | Test Loss: 0.0000654 | Time: 610ms
Epoch: 030 | Loss: 0.0000750 | L2 loss: 0.0000657 | Lip loss: 0.0000093 | Grad norm: 0.001229 | Time: 34s325ms
Epoch: 030 | Test Loss: 0.0000654 | Time: 498ms
Epoch: 031 | Loss: 0.0000744 | L2 loss: 0.0000657 | Lip loss: 0.0000087 | Grad norm: 0.001201 | Time: 34s167ms
Epoch: 031 | Test Loss: 0.0000654 | Time: 507ms
Epoch: 032 | Loss: 0.0000750 | L2 loss: 0.0000657 | Lip loss: 0.0000093 | Grad norm: 0.001179 | Time: 33s921ms
Epoch: 032 | Test Loss: 0.0000654 | Time: 569ms
Epoch: 033 | Loss: 0.0000748 | L2 loss: 0.0000657 | Lip loss: 0.0000091 | Grad norm: 0.001167 | Time: 33s913ms
Epoch: 033 | Test Loss: 0.0000654 | Time: 498ms
Epoch: 034 | Loss: 0.0000747 | L2 loss: 0.0000657 | Lip loss: 0.0000091 | Grad norm: 0.001156 | Time: 34s528ms
Epoch: 034 | Test Loss: 0.0000654 | Time: 561ms
Epoch: 035 | Loss: 0.0000745 | L2 loss: 0.0000657 | Lip loss: 0.0000088 | Grad norm: 0.001172 | Time: 33s584ms
Epoch: 035 | Test Loss: 0.0000654 | Time: 565ms
Epoch: 036 | Loss: 0.0000742 | L2 loss: 0.0000657 | Lip loss: 0.0000086 | Grad norm: 0.001180 | Time: 33s526ms
Epoch: 036 | Test Loss: 0.0000654 | Time: 493ms
Epoch: 037 | Loss: 0.0000747 | L2 loss: 0.0000657 | Lip loss: 0.0000091 | Grad norm: 0.001170 | Time: 33s820ms
Epoch: 037 | Test Loss: 0.0000654 | Time: 494ms
Epoch: 038 | Loss: 0.0000747 | L2 loss: 0.0000657 | Lip loss: 0.0000091 | Grad norm: 0.001211 | Time: 34s82ms
Epoch: 038 | Test Loss: 0.0000654 | Time: 502ms
Epoch: 039 | Loss: 0.0000746 | L2 loss: 0.0000657 | Lip loss: 0.0000089 | Grad norm: 0.001204 | Time: 33s445ms
Epoch: 039 | Test Loss: 0.0000654 | Time: 508ms
Epoch: 040 | Loss: 0.0000744 | L2 loss: 0.0000657 | Lip loss: 0.0000087 | Grad norm: 0.001116 | Time: 33s307ms
Epoch: 040 | Test Loss: 0.0000654 | Time: 498ms
Total time: 23m2s
==> Saving trained model weights...
==> Input bias to be applied to the neural network (trained):
[0. 0. 0. 0.]
==> Input transform to be applied to the neural network (trained):
[1. 1. 1. 1.]
==> Output transform to be applied to the neural network (trained):
[1. 1.]
==> Saving training info...
==> Drawing training loss...
==> Drawing grad norm...
==> Drawing testing loss...
==> Drawing l2 loss...
==> Drawing lip loss...
==> Process finished.
