==> torch device:  cuda:2
==> Test-Train split: test_ratio = 0.20
==> Test-Train split seed:  None
==> Further split: further_train_ratio = 1.00
==> Further split seed:  None
==> Input bias to be applied to the neural network:
[0. 0. 0. 0.]
==> Input transform to be applied to the neural network:
[1. 1. 1. 1.]
==> Ouput transform to be applied to the neural network:
[1. 1.]
==> Evaluating model...
==========================================================================================
Layer (type:depth-idx)                   Output Shape              Param #
==========================================================================================
NeuralNetwork                            [1, 2]                    10
├─Sequential: 1-1                        [1, 2]                    --
│    └─Linear: 2-1                       [1, 64]                   320
│    └─LeakyReLU: 2-2                    [1, 64]                   --
│    └─Linear: 2-3                       [1, 64]                   4,160
│    └─LeakyReLU: 2-4                    [1, 64]                   --
│    └─Linear: 2-5                       [1, 64]                   4,160
│    └─LeakyReLU: 2-6                    [1, 64]                   --
│    └─Linear: 2-7                       [1, 64]                   4,160
│    └─LeakyReLU: 2-8                    [1, 64]                   --
│    └─Linear: 2-9                       [1, 64]                   4,160
│    └─LeakyReLU: 2-10                   [1, 64]                   --
│    └─Linear: 2-11                      [1, 64]                   4,160
│    └─LeakyReLU: 2-12                   [1, 64]                   --
│    └─Linear: 2-13                      [1, 64]                   4,160
│    └─LeakyReLU: 2-14                   [1, 64]                   --
│    └─Linear: 2-15                      [1, 2]                    130
==========================================================================================
Total params: 25,420
Trainable params: 25,410
Non-trainable params: 10
Total mult-adds (Units.MEGABYTES): 0.03
==========================================================================================
Input size (MB): 0.00
Forward/backward pass size (MB): 0.00
Params size (MB): 0.10
Estimated Total Size (MB): 0.11
==========================================================================================
==> Saving initial model weights...
==> Start training...
Epoch: 001 | Loss: 0.0181454 | L2 loss: 0.0179718 | Lip loss: 0.0001736 | Grad norm: 0.073692 | Time: 34s289ms
Epoch: 001 | Test Loss: 0.0097633 | Time: 517ms
==> Save the model at epoch 001 with test loss 0.0097633
Epoch: 002 | Loss: 0.0102905 | L2 loss: 0.0101101 | Lip loss: 0.0001804 | Grad norm: 0.046476 | Time: 33s687ms
Epoch: 002 | Test Loss: 0.0095399 | Time: 499ms
==> Save the model at epoch 002 with test loss 0.0095399
Epoch: 003 | Loss: 0.0101475 | L2 loss: 0.0099656 | Lip loss: 0.0001819 | Grad norm: 0.048355 | Time: 34s554ms
Epoch: 003 | Test Loss: 0.0093285 | Time: 510ms
==> Save the model at epoch 003 with test loss 0.0093285
Epoch: 004 | Loss: 0.0098129 | L2 loss: 0.0096309 | Lip loss: 0.0001820 | Grad norm: 0.051872 | Time: 34s74ms
Epoch: 004 | Test Loss: 0.0094579 | Time: 493ms
Epoch: 005 | Loss: 0.0095623 | L2 loss: 0.0093779 | Lip loss: 0.0001844 | Grad norm: 0.054578 | Time: 33s858ms
Epoch: 005 | Test Loss: 0.0086585 | Time: 497ms
==> Save the model at epoch 005 with test loss 0.0086585
Epoch: 006 | Loss: 0.0087835 | L2 loss: 0.0085995 | Lip loss: 0.0001840 | Grad norm: 0.031031 | Time: 34s272ms
Epoch: 006 | Test Loss: 0.0081949 | Time: 566ms
==> Save the model at epoch 006 with test loss 0.0081949
Epoch: 007 | Loss: 0.0086967 | L2 loss: 0.0085113 | Lip loss: 0.0001854 | Grad norm: 0.033042 | Time: 33s715ms
Epoch: 007 | Test Loss: 0.0081735 | Time: 581ms
==> Save the model at epoch 007 with test loss 0.0081735
Epoch: 008 | Loss: 0.0086388 | L2 loss: 0.0084488 | Lip loss: 0.0001900 | Grad norm: 0.034175 | Time: 34s313ms
Epoch: 008 | Test Loss: 0.0080680 | Time: 496ms
==> Save the model at epoch 008 with test loss 0.0080680
Epoch: 009 | Loss: 0.0085556 | L2 loss: 0.0083686 | Lip loss: 0.0001870 | Grad norm: 0.034484 | Time: 34s190ms
Epoch: 009 | Test Loss: 0.0080498 | Time: 533ms
==> Save the model at epoch 009 with test loss 0.0080498
Epoch: 010 | Loss: 0.0084768 | L2 loss: 0.0082915 | Lip loss: 0.0001853 | Grad norm: 0.036159 | Time: 34s254ms
Epoch: 010 | Test Loss: 0.0080220 | Time: 498ms
==> Save the model at epoch 010 with test loss 0.0080220
Epoch: 011 | Loss: 0.0083772 | L2 loss: 0.0081899 | Lip loss: 0.0001872 | Grad norm: 0.033049 | Time: 34s582ms
Epoch: 011 | Test Loss: 0.0079277 | Time: 501ms
==> Save the model at epoch 011 with test loss 0.0079277
Epoch: 012 | Loss: 0.0083631 | L2 loss: 0.0081727 | Lip loss: 0.0001904 | Grad norm: 0.033116 | Time: 34s546ms
Epoch: 012 | Test Loss: 0.0079198 | Time: 494ms
==> Save the model at epoch 012 with test loss 0.0079198
Epoch: 013 | Loss: 0.0083514 | L2 loss: 0.0081633 | Lip loss: 0.0001881 | Grad norm: 0.032947 | Time: 34s219ms
Epoch: 013 | Test Loss: 0.0079071 | Time: 505ms
==> Save the model at epoch 013 with test loss 0.0079071
Epoch: 014 | Loss: 0.0083423 | L2 loss: 0.0081548 | Lip loss: 0.0001875 | Grad norm: 0.033284 | Time: 35s515ms
Epoch: 014 | Test Loss: 0.0078977 | Time: 513ms
==> Save the model at epoch 014 with test loss 0.0078977
Epoch: 015 | Loss: 0.0083331 | L2 loss: 0.0081456 | Lip loss: 0.0001875 | Grad norm: 0.033717 | Time: 35s142ms
Epoch: 015 | Test Loss: 0.0078933 | Time: 567ms
==> Save the model at epoch 015 with test loss 0.0078933
Epoch: 016 | Loss: 0.0083186 | L2 loss: 0.0081311 | Lip loss: 0.0001874 | Grad norm: 0.032983 | Time: 33s923ms
Epoch: 016 | Test Loss: 0.0078908 | Time: 577ms
==> Save the model at epoch 016 with test loss 0.0078908
Epoch: 017 | Loss: 0.0083174 | L2 loss: 0.0081298 | Lip loss: 0.0001877 | Grad norm: 0.032592 | Time: 33s884ms
Epoch: 017 | Test Loss: 0.0078886 | Time: 497ms
==> Save the model at epoch 017 with test loss 0.0078886
Epoch: 018 | Loss: 0.0083157 | L2 loss: 0.0081286 | Lip loss: 0.0001871 | Grad norm: 0.033554 | Time: 34s986ms
Epoch: 018 | Test Loss: 0.0078884 | Time: 517ms
==> Save the model at epoch 018 with test loss 0.0078884
Epoch: 019 | Loss: 0.0083173 | L2 loss: 0.0081275 | Lip loss: 0.0001899 | Grad norm: 0.032315 | Time: 33s657ms
Epoch: 019 | Test Loss: 0.0078874 | Time: 497ms
==> Save the model at epoch 019 with test loss 0.0078874
Epoch: 020 | Loss: 0.0083145 | L2 loss: 0.0081264 | Lip loss: 0.0001881 | Grad norm: 0.032266 | Time: 34s10ms
Epoch: 020 | Test Loss: 0.0078862 | Time: 506ms
==> Save the model at epoch 020 with test loss 0.0078862
Epoch: 021 | Loss: 0.0083150 | L2 loss: 0.0081251 | Lip loss: 0.0001899 | Grad norm: 0.032642 | Time: 34s161ms
Epoch: 021 | Test Loss: 0.0078860 | Time: 507ms
==> Save the model at epoch 021 with test loss 0.0078860
Epoch: 022 | Loss: 0.0083140 | L2 loss: 0.0081249 | Lip loss: 0.0001891 | Grad norm: 0.032715 | Time: 33s828ms
Epoch: 022 | Test Loss: 0.0078859 | Time: 499ms
==> Save the model at epoch 022 with test loss 0.0078859
Epoch: 023 | Loss: 0.0083155 | L2 loss: 0.0081248 | Lip loss: 0.0001907 | Grad norm: 0.033365 | Time: 35s62ms
Epoch: 023 | Test Loss: 0.0078858 | Time: 496ms
==> Save the model at epoch 023 with test loss 0.0078858
Epoch: 024 | Loss: 0.0083162 | L2 loss: 0.0081247 | Lip loss: 0.0001915 | Grad norm: 0.032632 | Time: 34s339ms
Epoch: 024 | Test Loss: 0.0078857 | Time: 592ms
==> Save the model at epoch 024 with test loss 0.0078857
Epoch: 025 | Loss: 0.0083093 | L2 loss: 0.0081245 | Lip loss: 0.0001848 | Grad norm: 0.032675 | Time: 33s951ms
Epoch: 025 | Test Loss: 0.0078857 | Time: 571ms
==> Save the model at epoch 025 with test loss 0.0078857
Epoch: 026 | Loss: 0.0083106 | L2 loss: 0.0081243 | Lip loss: 0.0001862 | Grad norm: 0.032356 | Time: 34s560ms
Epoch: 026 | Test Loss: 0.0078857 | Time: 502ms
==> Save the model at epoch 026 with test loss 0.0078857
Epoch: 027 | Loss: 0.0083123 | L2 loss: 0.0081243 | Lip loss: 0.0001879 | Grad norm: 0.032604 | Time: 34s253ms
Epoch: 027 | Test Loss: 0.0078857 | Time: 516ms
==> Save the model at epoch 027 with test loss 0.0078857
Epoch: 028 | Loss: 0.0083108 | L2 loss: 0.0081243 | Lip loss: 0.0001865 | Grad norm: 0.032662 | Time: 34s498ms
Epoch: 028 | Test Loss: 0.0078857 | Time: 507ms
==> Save the model at epoch 028 with test loss 0.0078857
Epoch: 029 | Loss: 0.0083093 | L2 loss: 0.0081243 | Lip loss: 0.0001850 | Grad norm: 0.033175 | Time: 35s269ms
Epoch: 029 | Test Loss: 0.0078857 | Time: 499ms
==> Save the model at epoch 029 with test loss 0.0078857
Epoch: 030 | Loss: 0.0083096 | L2 loss: 0.0081243 | Lip loss: 0.0001853 | Grad norm: 0.033115 | Time: 34s712ms
Epoch: 030 | Test Loss: 0.0078857 | Time: 498ms
==> Save the model at epoch 030 with test loss 0.0078857
Epoch: 031 | Loss: 0.0083124 | L2 loss: 0.0081243 | Lip loss: 0.0001881 | Grad norm: 0.032608 | Time: 34s687ms
Epoch: 031 | Test Loss: 0.0078857 | Time: 502ms
==> Save the model at epoch 031 with test loss 0.0078857
Epoch: 032 | Loss: 0.0083114 | L2 loss: 0.0081243 | Lip loss: 0.0001871 | Grad norm: 0.032221 | Time: 35s262ms
Epoch: 032 | Test Loss: 0.0078857 | Time: 616ms
==> Save the model at epoch 032 with test loss 0.0078857
Epoch: 033 | Loss: 0.0083134 | L2 loss: 0.0081243 | Lip loss: 0.0001891 | Grad norm: 0.033320 | Time: 35s153ms
Epoch: 033 | Test Loss: 0.0078857 | Time: 496ms
Epoch: 034 | Loss: 0.0083102 | L2 loss: 0.0081243 | Lip loss: 0.0001859 | Grad norm: 0.032365 | Time: 34s393ms
Epoch: 034 | Test Loss: 0.0078857 | Time: 569ms
Epoch: 035 | Loss: 0.0083122 | L2 loss: 0.0081243 | Lip loss: 0.0001879 | Grad norm: 0.033299 | Time: 34s454ms
Epoch: 035 | Test Loss: 0.0078857 | Time: 574ms
Epoch: 036 | Loss: 0.0083138 | L2 loss: 0.0081243 | Lip loss: 0.0001895 | Grad norm: 0.032827 | Time: 35s134ms
Epoch: 036 | Test Loss: 0.0078857 | Time: 505ms
Epoch: 037 | Loss: 0.0083146 | L2 loss: 0.0081243 | Lip loss: 0.0001903 | Grad norm: 0.032911 | Time: 34s370ms
Epoch: 037 | Test Loss: 0.0078857 | Time: 510ms
==> Save the model at epoch 037 with test loss 0.0078857
Epoch: 038 | Loss: 0.0083138 | L2 loss: 0.0081243 | Lip loss: 0.0001895 | Grad norm: 0.032722 | Time: 34s965ms
Epoch: 038 | Test Loss: 0.0078857 | Time: 504ms
Epoch: 039 | Loss: 0.0083121 | L2 loss: 0.0081243 | Lip loss: 0.0001878 | Grad norm: 0.032290 | Time: 35s33ms
Epoch: 039 | Test Loss: 0.0078857 | Time: 495ms
Epoch: 040 | Loss: 0.0083159 | L2 loss: 0.0081243 | Lip loss: 0.0001916 | Grad norm: 0.032590 | Time: 34s382ms
Epoch: 040 | Test Loss: 0.0078857 | Time: 498ms
Total time: 23m19s
==> Saving trained model weights...
==> Input bias to be applied to the neural network (trained):
[0. 0. 0. 0.]
==> Input transform to be applied to the neural network (trained):
[1. 1. 1. 1.]
==> Output transform to be applied to the neural network (trained):
[1. 1.]
==> Saving training info...
==> Drawing training loss...
==> Drawing grad norm...
==> Drawing testing loss...
==> Drawing l2 loss...
==> Drawing lip loss...
==> Process finished.
