==> torch device:  cuda:0
==> Test-Train split: test_ratio = 0.20
==> Test-Train split seed:  None
==> Further split: further_train_ratio = 1.00
==> Further split seed:  None
==> Input bias to be applied to the neural network:
[0. 0.]
==> Input transform to be applied to the neural network:
[0.6513385 0.6513385]
==> Ouput transform to be applied to the neural network:
[3.0861 3.0861]
==> Evaluating model...
==========================================================================================
Layer (type:depth-idx)                   Output Shape              Param #
==========================================================================================
NeuralNetwork                            [1, 2]                    6
├─Sequential: 1-1                        [1, 2]                    --
│    └─Linear: 2-1                       [1, 64]                   192
│    └─ReLU: 2-2                         [1, 64]                   --
│    └─Linear: 2-3                       [1, 64]                   4,160
│    └─ReLU: 2-4                         [1, 64]                   --
│    └─Linear: 2-5                       [1, 64]                   4,160
│    └─ReLU: 2-6                         [1, 64]                   --
│    └─Linear: 2-7                       [1, 64]                   4,160
│    └─ReLU: 2-8                         [1, 64]                   --
│    └─Linear: 2-9                       [1, 64]                   4,160
│    └─ReLU: 2-10                        [1, 64]                   --
│    └─Linear: 2-11                      [1, 64]                   4,160
│    └─ReLU: 2-12                        [1, 64]                   --
│    └─Linear: 2-13                      [1, 64]                   4,160
│    └─ReLU: 2-14                        [1, 64]                   --
│    └─Linear: 2-15                      [1, 2]                    130
├─Sequential: 1-2                        [1, 2]                    (recursive)
│    └─Linear: 2-16                      [1, 64]                   (recursive)
│    └─ReLU: 2-17                        [1, 64]                   --
│    └─Linear: 2-18                      [1, 64]                   (recursive)
│    └─ReLU: 2-19                        [1, 64]                   --
│    └─Linear: 2-20                      [1, 64]                   (recursive)
│    └─ReLU: 2-21                        [1, 64]                   --
│    └─Linear: 2-22                      [1, 64]                   (recursive)
│    └─ReLU: 2-23                        [1, 64]                   --
│    └─Linear: 2-24                      [1, 64]                   (recursive)
│    └─ReLU: 2-25                        [1, 64]                   --
│    └─Linear: 2-26                      [1, 64]                   (recursive)
│    └─ReLU: 2-27                        [1, 64]                   --
│    └─Linear: 2-28                      [1, 64]                   (recursive)
│    └─ReLU: 2-29                        [1, 64]                   --
│    └─Linear: 2-30                      [1, 2]                    (recursive)
==========================================================================================
Total params: 25,288
Trainable params: 25,282
Non-trainable params: 6
Total mult-adds (Units.MEGABYTES): 0.05
==========================================================================================
Input size (MB): 0.00
Forward/backward pass size (MB): 0.01
Params size (MB): 0.10
Estimated Total Size (MB): 0.11
==========================================================================================
==> Saving initial model weights...
==> Start training...
==> Number of param_groups in optimizer: 1
Epoch: 001 | Train Loss: 19.0610274 | Grad norm: 0.498423 | Time: 3s622ms
Epoch: 001 | Test Loss: 18.9367618 | Time: 376ms
==> Save the model at epoch 001 with test loss 18.9367618
Epoch: 002 | Train Loss: 1.1860858 | Grad norm: 3.370537 | Time: 3s415ms
Epoch: 002 | Test Loss: 0.0025877 | Time: 384ms
==> Save the model at epoch 002 with test loss 0.0025877
Epoch: 003 | Train Loss: 0.0158500 | Grad norm: 2.069665 | Time: 3s373ms
Epoch: 003 | Test Loss: 0.0127756 | Time: 388ms
Epoch: 004 | Train Loss: 0.0321187 | Grad norm: 2.812531 | Time: 3s409ms
Epoch: 004 | Test Loss: 0.0148522 | Time: 408ms
Epoch: 005 | Train Loss: 0.0454152 | Grad norm: 3.448314 | Time: 3s521ms
Epoch: 005 | Test Loss: 0.0605910 | Time: 387ms
Epoch: 006 | Train Loss: 0.0539147 | Grad norm: 3.681567 | Time: 3s469ms
Epoch: 006 | Test Loss: 0.2873219 | Time: 452ms
Epoch: 007 | Train Loss: 0.0756055 | Grad norm: 4.469114 | Time: 3s427ms
Epoch: 007 | Test Loss: 0.0530970 | Time: 390ms
Epoch: 008 | Train Loss: 0.0862054 | Grad norm: 4.899688 | Time: 3s633ms
Epoch: 008 | Test Loss: 0.0597857 | Time: 369ms
Epoch: 009 | Train Loss: 0.1054247 | Grad norm: 5.368918 | Time: 3s405ms
Epoch: 009 | Test Loss: 0.1254642 | Time: 374ms
Epoch: 010 | Train Loss: 0.0719264 | Grad norm: 4.651677 | Time: 3s438ms
Epoch: 010 | Test Loss: 0.1527434 | Time: 439ms
Epoch: 011 | Train Loss: 0.0486585 | Grad norm: 3.690450 | Time: 3s559ms
Epoch: 011 | Test Loss: 0.0665803 | Time: 451ms
Epoch: 012 | Train Loss: 0.0523454 | Grad norm: 3.960724 | Time: 3s216ms
Epoch: 012 | Test Loss: 0.0227724 | Time: 370ms
Epoch: 013 | Train Loss: 0.0460565 | Grad norm: 3.571261 | Time: 3s478ms
Epoch: 013 | Test Loss: 0.0106657 | Time: 439ms
Epoch: 014 | Train Loss: 0.0301458 | Grad norm: 2.999755 | Time: 3s517ms
Epoch: 014 | Test Loss: 0.0406765 | Time: 401ms
Epoch: 015 | Train Loss: 0.0274166 | Grad norm: 2.725261 | Time: 3s588ms
Epoch: 015 | Test Loss: 0.0189333 | Time: 460ms
Epoch: 016 | Train Loss: 0.0240541 | Grad norm: 2.578866 | Time: 3s458ms
Epoch: 016 | Test Loss: 0.0080439 | Time: 368ms
Epoch: 017 | Train Loss: 0.0145809 | Grad norm: 2.021980 | Time: 3s422ms
Epoch: 017 | Test Loss: 0.0064586 | Time: 407ms
Epoch: 018 | Train Loss: 0.0214830 | Grad norm: 2.541054 | Time: 3s358ms
Epoch: 018 | Test Loss: 0.0082960 | Time: 368ms
Epoch: 019 | Train Loss: 0.0152828 | Grad norm: 2.112870 | Time: 3s495ms
Epoch: 019 | Test Loss: 0.0043573 | Time: 369ms
Epoch: 020 | Train Loss: 0.0091184 | Grad norm: 1.549632 | Time: 3s485ms
Epoch: 020 | Test Loss: 0.0290220 | Time: 417ms
Epoch: 021 | Train Loss: 0.0078541 | Grad norm: 1.528360 | Time: 3s539ms
Epoch: 021 | Test Loss: 0.0020094 | Time: 376ms
==> Save the model at epoch 021 with test loss 0.0020094
Epoch: 022 | Train Loss: 0.0048331 | Grad norm: 1.120195 | Time: 3s366ms
Epoch: 022 | Test Loss: 0.0062133 | Time: 372ms
Epoch: 023 | Train Loss: 0.0030936 | Grad norm: 0.851833 | Time: 3s537ms
Epoch: 023 | Test Loss: 0.0021220 | Time: 385ms
Epoch: 024 | Train Loss: 0.0025696 | Grad norm: 0.761685 | Time: 3s504ms
Epoch: 024 | Test Loss: 0.0029088 | Time: 394ms
Epoch: 025 | Train Loss: 0.0009352 | Grad norm: 0.328209 | Time: 3s416ms
Epoch: 025 | Test Loss: 0.0007240 | Time: 389ms
==> Save the model at epoch 025 with test loss 0.0007240
Epoch: 026 | Train Loss: 0.0010201 | Grad norm: 0.383255 | Time: 3s576ms
Epoch: 026 | Test Loss: 0.0014301 | Time: 370ms
Epoch: 027 | Train Loss: 0.0010369 | Grad norm: 0.369333 | Time: 3s646ms
Epoch: 027 | Test Loss: 0.0015766 | Time: 382ms
Epoch: 028 | Train Loss: 0.0010057 | Grad norm: 0.357685 | Time: 3s524ms
Epoch: 028 | Test Loss: 0.0013906 | Time: 373ms
Epoch: 029 | Train Loss: 0.0008488 | Grad norm: 0.296883 | Time: 3s598ms
Epoch: 029 | Test Loss: 0.0008237 | Time: 378ms
Epoch: 030 | Train Loss: 0.0007777 | Grad norm: 0.266218 | Time: 3s521ms
Epoch: 030 | Test Loss: 0.0007201 | Time: 387ms
==> Save the model at epoch 030 with test loss 0.0007201
Epoch: 031 | Train Loss: 0.0007244 | Grad norm: 0.223400 | Time: 3s473ms
Epoch: 031 | Test Loss: 0.0007120 | Time: 371ms
==> Save the model at epoch 031 with test loss 0.0007120
Epoch: 032 | Train Loss: 0.0006735 | Grad norm: 0.195082 | Time: 3s406ms
Epoch: 032 | Test Loss: 0.0006007 | Time: 442ms
==> Save the model at epoch 032 with test loss 0.0006007
Epoch: 033 | Train Loss: 0.0006373 | Grad norm: 0.163077 | Time: 3s379ms
Epoch: 033 | Test Loss: 0.0006129 | Time: 381ms
Epoch: 034 | Train Loss: 0.0006314 | Grad norm: 0.156751 | Time: 3s368ms
Epoch: 034 | Test Loss: 0.0006193 | Time: 441ms
Epoch: 035 | Train Loss: 0.0006172 | Grad norm: 0.143189 | Time: 3s306ms
Epoch: 035 | Test Loss: 0.0005810 | Time: 366ms
==> Save the model at epoch 035 with test loss 0.0005810
Epoch: 036 | Train Loss: 0.0005860 | Grad norm: 0.107493 | Time: 3s549ms
Epoch: 036 | Test Loss: 0.0005754 | Time: 441ms
==> Save the model at epoch 036 with test loss 0.0005754
Epoch: 037 | Train Loss: 0.0005771 | Grad norm: 0.094681 | Time: 3s369ms
Epoch: 037 | Test Loss: 0.0005720 | Time: 376ms
==> Save the model at epoch 037 with test loss 0.0005720
Epoch: 038 | Train Loss: 0.0005637 | Grad norm: 0.071589 | Time: 3s477ms
Epoch: 038 | Test Loss: 0.0005444 | Time: 373ms
==> Save the model at epoch 038 with test loss 0.0005444
Epoch: 039 | Train Loss: 0.0005573 | Grad norm: 0.056106 | Time: 3s317ms
Epoch: 039 | Test Loss: 0.0005471 | Time: 373ms
Epoch: 040 | Train Loss: 0.0005533 | Grad norm: 0.044047 | Time: 3s415ms
Epoch: 040 | Test Loss: 0.0005411 | Time: 390ms
==> Save the model at epoch 040 with test loss 0.0005411
Total time: 2m34s
==> Saving trained model weights...
==> Input bias to be applied to the neural network (trained):
[0. 0.]
==> Input transform to be applied to the neural network (trained):
[0.6513385 0.6513385]
==> Output transform to be applied to the neural network (trained):
[3.0861 3.0861]
==> Saving training info...
==> Drawing training loss...
==> Drawing grad norm...
==> Drawing testing loss...
==> Process finished.
