==> torch device:  cuda:0
==> Test-Train split: test_ratio = 0.20
==> Test-Train split seed:  None
==> Further split: further_train_ratio = 1.00
==> Further split seed:  None
==> Input bias to be applied to the neural network:
[0. 0. 0. 0.]
==> Input transform to be applied to the neural network:
[0.7072636  0.72212595 0.6760411  0.67349136]
==> Ouput transform to be applied to the neural network:
[0.2287 0.2871]
==> Evaluating model...
==========================================================================================
Layer (type:depth-idx)                   Output Shape              Param #
==========================================================================================
NeuralNetwork                            [1, 2]                    10
├─Sequential: 1-1                        [1, 2]                    --
│    └─Linear: 2-1                       [1, 64]                   320
│    └─ReLU: 2-2                         [1, 64]                   --
│    └─Linear: 2-3                       [1, 64]                   4,160
│    └─ReLU: 2-4                         [1, 64]                   --
│    └─Linear: 2-5                       [1, 64]                   4,160
│    └─ReLU: 2-6                         [1, 64]                   --
│    └─Linear: 2-7                       [1, 64]                   4,160
│    └─ReLU: 2-8                         [1, 64]                   --
│    └─Linear: 2-9                       [1, 64]                   4,160
│    └─ReLU: 2-10                        [1, 64]                   --
│    └─Linear: 2-11                      [1, 64]                   4,160
│    └─ReLU: 2-12                        [1, 64]                   --
│    └─Linear: 2-13                      [1, 64]                   4,160
│    └─ReLU: 2-14                        [1, 64]                   --
│    └─Linear: 2-15                      [1, 2]                    130
├─Sequential: 1-2                        [1, 2]                    (recursive)
│    └─Linear: 2-16                      [1, 64]                   (recursive)
│    └─ReLU: 2-17                        [1, 64]                   --
│    └─Linear: 2-18                      [1, 64]                   (recursive)
│    └─ReLU: 2-19                        [1, 64]                   --
│    └─Linear: 2-20                      [1, 64]                   (recursive)
│    └─ReLU: 2-21                        [1, 64]                   --
│    └─Linear: 2-22                      [1, 64]                   (recursive)
│    └─ReLU: 2-23                        [1, 64]                   --
│    └─Linear: 2-24                      [1, 64]                   (recursive)
│    └─ReLU: 2-25                        [1, 64]                   --
│    └─Linear: 2-26                      [1, 64]                   (recursive)
│    └─ReLU: 2-27                        [1, 64]                   --
│    └─Linear: 2-28                      [1, 64]                   (recursive)
│    └─ReLU: 2-29                        [1, 64]                   --
│    └─Linear: 2-30                      [1, 2]                    (recursive)
==========================================================================================
Total params: 25,420
Trainable params: 25,410
Non-trainable params: 10
Total mult-adds (Units.MEGABYTES): 0.05
==========================================================================================
Input size (MB): 0.00
Forward/backward pass size (MB): 0.01
Params size (MB): 0.10
Estimated Total Size (MB): 0.11
==========================================================================================
==> Saving initial model weights...
==> Start training...
==> Number of param_groups in optimizer: 1
Epoch: 001 | Train Loss: 0.1346175 | Grad norm: 0.003971 | Time: 4s614ms
Epoch: 001 | Test Loss: 0.1351060 | Time: 510ms
==> Save the model at epoch 001 with test loss 0.1351060
Epoch: 002 | Train Loss: 0.0157479 | Grad norm: 0.040584 | Time: 4s430ms
Epoch: 002 | Test Loss: 0.0108515 | Time: 511ms
==> Save the model at epoch 002 with test loss 0.0108515
Epoch: 003 | Train Loss: 0.0102723 | Grad norm: 0.029062 | Time: 4s338ms
Epoch: 003 | Test Loss: 0.0108305 | Time: 521ms
==> Save the model at epoch 003 with test loss 0.0108305
Epoch: 004 | Train Loss: 0.0101951 | Grad norm: 0.031976 | Time: 4s321ms
Epoch: 004 | Test Loss: 0.0108622 | Time: 507ms
Epoch: 005 | Train Loss: 0.0099524 | Grad norm: 0.029874 | Time: 4s323ms
Epoch: 005 | Test Loss: 0.0103727 | Time: 531ms
==> Save the model at epoch 005 with test loss 0.0103727
Epoch: 006 | Train Loss: 0.0097823 | Grad norm: 0.032504 | Time: 4s317ms
Epoch: 006 | Test Loss: 0.0099983 | Time: 581ms
==> Save the model at epoch 006 with test loss 0.0099983
Epoch: 007 | Train Loss: 0.0094345 | Grad norm: 0.034272 | Time: 4s280ms
Epoch: 007 | Test Loss: 0.0093817 | Time: 507ms
==> Save the model at epoch 007 with test loss 0.0093817
Epoch: 008 | Train Loss: 0.0090507 | Grad norm: 0.033054 | Time: 4s658ms
Epoch: 008 | Test Loss: 0.0093769 | Time: 516ms
==> Save the model at epoch 008 with test loss 0.0093769
Epoch: 009 | Train Loss: 0.0089445 | Grad norm: 0.035010 | Time: 4s129ms
Epoch: 009 | Test Loss: 0.0090362 | Time: 542ms
==> Save the model at epoch 009 with test loss 0.0090362
Epoch: 010 | Train Loss: 0.0088194 | Grad norm: 0.036431 | Time: 4s594ms
Epoch: 010 | Test Loss: 0.0094644 | Time: 527ms
Epoch: 011 | Train Loss: 0.0083437 | Grad norm: 0.030807 | Time: 4s302ms
Epoch: 011 | Test Loss: 0.0085384 | Time: 527ms
==> Save the model at epoch 011 with test loss 0.0085384
Epoch: 012 | Train Loss: 0.0082542 | Grad norm: 0.030290 | Time: 4s430ms
Epoch: 012 | Test Loss: 0.0084461 | Time: 517ms
==> Save the model at epoch 012 with test loss 0.0084461
Epoch: 013 | Train Loss: 0.0081634 | Grad norm: 0.030421 | Time: 4s755ms
Epoch: 013 | Test Loss: 0.0086032 | Time: 573ms
Epoch: 014 | Train Loss: 0.0081447 | Grad norm: 0.030873 | Time: 4s410ms
Epoch: 014 | Test Loss: 0.0090738 | Time: 577ms
Epoch: 015 | Train Loss: 0.0080410 | Grad norm: 0.028657 | Time: 4s364ms
Epoch: 015 | Test Loss: 0.0083111 | Time: 507ms
==> Save the model at epoch 015 with test loss 0.0083111
Epoch: 016 | Train Loss: 0.0079522 | Grad norm: 0.026875 | Time: 4s443ms
Epoch: 016 | Test Loss: 0.0083818 | Time: 581ms
Epoch: 017 | Train Loss: 0.0079549 | Grad norm: 0.029582 | Time: 4s272ms
Epoch: 017 | Test Loss: 0.0082423 | Time: 507ms
==> Save the model at epoch 017 with test loss 0.0082423
Epoch: 018 | Train Loss: 0.0079347 | Grad norm: 0.026040 | Time: 4s489ms
Epoch: 018 | Test Loss: 0.0079976 | Time: 525ms
==> Save the model at epoch 018 with test loss 0.0079976
Epoch: 019 | Train Loss: 0.0078158 | Grad norm: 0.027188 | Time: 4s448ms
Epoch: 019 | Test Loss: 0.0078593 | Time: 506ms
==> Save the model at epoch 019 with test loss 0.0078593
Epoch: 020 | Train Loss: 0.0077733 | Grad norm: 0.023987 | Time: 4s390ms
Epoch: 020 | Test Loss: 0.0080344 | Time: 513ms
Epoch: 021 | Train Loss: 0.0077062 | Grad norm: 0.025244 | Time: 4s360ms
Epoch: 021 | Test Loss: 0.0079249 | Time: 508ms
Epoch: 022 | Train Loss: 0.0077360 | Grad norm: 0.025789 | Time: 4s286ms
Epoch: 022 | Test Loss: 0.0081841 | Time: 580ms
Epoch: 023 | Train Loss: 0.0076612 | Grad norm: 0.024715 | Time: 4s512ms
Epoch: 023 | Test Loss: 0.0079155 | Time: 504ms
Epoch: 024 | Train Loss: 0.0076025 | Grad norm: 0.023143 | Time: 4s209ms
Epoch: 024 | Test Loss: 0.0077526 | Time: 506ms
==> Save the model at epoch 024 with test loss 0.0077526
Epoch: 025 | Train Loss: 0.0075628 | Grad norm: 0.023119 | Time: 4s421ms
Epoch: 025 | Test Loss: 0.0077123 | Time: 507ms
==> Save the model at epoch 025 with test loss 0.0077123
Epoch: 026 | Train Loss: 0.0075100 | Grad norm: 0.022449 | Time: 4s275ms
Epoch: 026 | Test Loss: 0.0080444 | Time: 511ms
Epoch: 027 | Train Loss: 0.0074912 | Grad norm: 0.022027 | Time: 4s527ms
Epoch: 027 | Test Loss: 0.0077094 | Time: 512ms
==> Save the model at epoch 027 with test loss 0.0077094
Epoch: 028 | Train Loss: 0.0074037 | Grad norm: 0.020264 | Time: 4s192ms
Epoch: 028 | Test Loss: 0.0077690 | Time: 508ms
Epoch: 029 | Train Loss: 0.0073971 | Grad norm: 0.021215 | Time: 4s472ms
Epoch: 029 | Test Loss: 0.0077055 | Time: 510ms
==> Save the model at epoch 029 with test loss 0.0077055
Epoch: 030 | Train Loss: 0.0073539 | Grad norm: 0.019759 | Time: 4s371ms
Epoch: 030 | Test Loss: 0.0077791 | Time: 624ms
Epoch: 031 | Train Loss: 0.0072913 | Grad norm: 0.018482 | Time: 4s201ms
Epoch: 031 | Test Loss: 0.0076888 | Time: 504ms
==> Save the model at epoch 031 with test loss 0.0076888
Epoch: 032 | Train Loss: 0.0072519 | Grad norm: 0.018464 | Time: 4s234ms
Epoch: 032 | Test Loss: 0.0076173 | Time: 510ms
==> Save the model at epoch 032 with test loss 0.0076173
Epoch: 033 | Train Loss: 0.0072254 | Grad norm: 0.018349 | Time: 4s394ms
Epoch: 033 | Test Loss: 0.0075987 | Time: 577ms
==> Save the model at epoch 033 with test loss 0.0075987
Epoch: 034 | Train Loss: 0.0071938 | Grad norm: 0.017894 | Time: 4s456ms
Epoch: 034 | Test Loss: 0.0075528 | Time: 548ms
==> Save the model at epoch 034 with test loss 0.0075528
Epoch: 035 | Train Loss: 0.0071471 | Grad norm: 0.016667 | Time: 4s367ms
Epoch: 035 | Test Loss: 0.0075348 | Time: 521ms
==> Save the model at epoch 035 with test loss 0.0075348
Epoch: 036 | Train Loss: 0.0071265 | Grad norm: 0.016074 | Time: 4s347ms
Epoch: 036 | Test Loss: 0.0075193 | Time: 516ms
==> Save the model at epoch 036 with test loss 0.0075193
Epoch: 037 | Train Loss: 0.0071011 | Grad norm: 0.015482 | Time: 4s322ms
Epoch: 037 | Test Loss: 0.0075124 | Time: 515ms
==> Save the model at epoch 037 with test loss 0.0075124
Epoch: 038 | Train Loss: 0.0070809 | Grad norm: 0.015112 | Time: 4s243ms
Epoch: 038 | Test Loss: 0.0075003 | Time: 508ms
==> Save the model at epoch 038 with test loss 0.0075003
Epoch: 039 | Train Loss: 0.0070651 | Grad norm: 0.014712 | Time: 4s242ms
Epoch: 039 | Test Loss: 0.0074995 | Time: 540ms
==> Save the model at epoch 039 with test loss 0.0074995
Epoch: 040 | Train Loss: 0.0070563 | Grad norm: 0.014423 | Time: 4s254ms
Epoch: 040 | Test Loss: 0.0074934 | Time: 510ms
==> Save the model at epoch 040 with test loss 0.0074934
Total time: 3m16s
==> Saving trained model weights...
==> Input bias to be applied to the neural network (trained):
[0. 0. 0. 0.]
==> Input transform to be applied to the neural network (trained):
[0.7072636  0.72212595 0.6760411  0.67349136]
==> Output transform to be applied to the neural network (trained):
[0.2287 0.2871]
==> Saving training info...
==> Drawing training loss...
==> Drawing grad norm...
==> Drawing testing loss...
==> Process finished.
