==> torch device:  cuda:0
==> Test-Train split: test_ratio = 0.20
==> Test-Train split seed:  None
==> Further split: further_train_ratio = 0.25
==> Further split seed:  None
==> Input bias to be applied to the neural network:
[0. 0.]
==> Input transform to be applied to the neural network:
[1. 1.]
==> Ouput transform to be applied to the neural network:
[1. 1.]
==> Evaluating model...
==========================================================================================
Layer (type:depth-idx)                   Output Shape              Param #
==========================================================================================
NeuralNetwork                            [1, 2]                    6
├─Sequential: 1-1                        [1, 2]                    --
│    └─Linear: 2-1                       [1, 64]                   192
│    └─LeakyReLU: 2-2                    [1, 64]                   --
│    └─Linear: 2-3                       [1, 64]                   4,160
│    └─LeakyReLU: 2-4                    [1, 64]                   --
│    └─Linear: 2-5                       [1, 64]                   4,160
│    └─LeakyReLU: 2-6                    [1, 64]                   --
│    └─Linear: 2-7                       [1, 64]                   4,160
│    └─LeakyReLU: 2-8                    [1, 64]                   --
│    └─Linear: 2-9                       [1, 64]                   4,160
│    └─LeakyReLU: 2-10                   [1, 64]                   --
│    └─Linear: 2-11                      [1, 64]                   4,160
│    └─LeakyReLU: 2-12                   [1, 64]                   --
│    └─Linear: 2-13                      [1, 64]                   4,160
│    └─LeakyReLU: 2-14                   [1, 64]                   --
│    └─Linear: 2-15                      [1, 2]                    130
==========================================================================================
Total params: 25,288
Trainable params: 25,282
Non-trainable params: 6
Total mult-adds (Units.MEGABYTES): 0.03
==========================================================================================
Input size (MB): 0.00
Forward/backward pass size (MB): 0.00
Params size (MB): 0.10
Estimated Total Size (MB): 0.10
==========================================================================================
==> Saving initial model weights...
==> Start training...
Epoch: 001 | Loss: 18.8546822 | L2 loss: 18.8546808 | Lip loss: 0.0000015 | Grad norm: 0.930836 | Time: 7s71ms
Epoch: 001 | Test Loss: 18.5667969 | Time: 372ms
==> Save the model at epoch 001 with test loss 18.5667969
Epoch: 002 | Loss: 17.4992684 | L2 loss: 17.4992444 | Lip loss: 0.0000240 | Grad norm: 4.069939 | Time: 6s798ms
Epoch: 002 | Test Loss: 15.4486408 | Time: 365ms
==> Save the model at epoch 002 with test loss 15.4486408
Epoch: 003 | Loss: 10.9444597 | L2 loss: 10.9443046 | Lip loss: 0.0001551 | Grad norm: 11.000470 | Time: 7s234ms
Epoch: 003 | Test Loss: 6.3050670 | Time: 363ms
==> Save the model at epoch 003 with test loss 6.3050670
Epoch: 004 | Loss: 2.6167576 | L2 loss: 2.6165022 | Lip loss: 0.0002555 | Grad norm: 7.814878 | Time: 7s412ms
Epoch: 004 | Test Loss: 0.0825033 | Time: 379ms
==> Save the model at epoch 004 with test loss 0.0825033
Epoch: 005 | Loss: 0.0292243 | L2 loss: 0.0289938 | Lip loss: 0.0002305 | Grad norm: 1.888952 | Time: 7s306ms
Epoch: 005 | Test Loss: 0.0123622 | Time: 436ms
==> Save the model at epoch 005 with test loss 0.0123622
Epoch: 006 | Loss: 0.0112049 | L2 loss: 0.0109845 | Lip loss: 0.0002204 | Grad norm: 0.624268 | Time: 6s967ms
Epoch: 006 | Test Loss: 0.0104563 | Time: 432ms
==> Save the model at epoch 006 with test loss 0.0104563
Epoch: 007 | Loss: 0.0099696 | L2 loss: 0.0097506 | Lip loss: 0.0002190 | Grad norm: 0.575393 | Time: 7s222ms
Epoch: 007 | Test Loss: 0.0094039 | Time: 375ms
==> Save the model at epoch 007 with test loss 0.0094039
Epoch: 008 | Loss: 0.0090037 | L2 loss: 0.0087868 | Lip loss: 0.0002169 | Grad norm: 0.506163 | Time: 7s276ms
Epoch: 008 | Test Loss: 0.0084494 | Time: 377ms
==> Save the model at epoch 008 with test loss 0.0084494
Epoch: 009 | Loss: 0.0082456 | L2 loss: 0.0080275 | Lip loss: 0.0002181 | Grad norm: 0.629469 | Time: 6s853ms
Epoch: 009 | Test Loss: 0.0077144 | Time: 365ms
==> Save the model at epoch 009 with test loss 0.0077144
Epoch: 010 | Loss: 0.0075149 | L2 loss: 0.0072990 | Lip loss: 0.0002159 | Grad norm: 0.506561 | Time: 7s107ms
Epoch: 010 | Test Loss: 0.0070788 | Time: 367ms
==> Save the model at epoch 010 with test loss 0.0070788
Epoch: 011 | Loss: 0.0071568 | L2 loss: 0.0069402 | Lip loss: 0.0002166 | Grad norm: 0.391115 | Time: 7s61ms
Epoch: 011 | Test Loss: 0.0070019 | Time: 371ms
==> Save the model at epoch 011 with test loss 0.0070019
Epoch: 012 | Loss: 0.0070876 | L2 loss: 0.0068706 | Lip loss: 0.0002170 | Grad norm: 0.359697 | Time: 7s19ms
Epoch: 012 | Test Loss: 0.0069387 | Time: 369ms
==> Save the model at epoch 012 with test loss 0.0069387
Epoch: 013 | Loss: 0.0070096 | L2 loss: 0.0067944 | Lip loss: 0.0002152 | Grad norm: 0.345707 | Time: 7s17ms
Epoch: 013 | Test Loss: 0.0068754 | Time: 444ms
==> Save the model at epoch 013 with test loss 0.0068754
Epoch: 014 | Loss: 0.0069778 | L2 loss: 0.0067616 | Lip loss: 0.0002162 | Grad norm: 0.359789 | Time: 7s269ms
Epoch: 014 | Test Loss: 0.0068207 | Time: 372ms
==> Save the model at epoch 014 with test loss 0.0068207
Epoch: 015 | Loss: 0.0068897 | L2 loss: 0.0066728 | Lip loss: 0.0002169 | Grad norm: 0.389170 | Time: 6s944ms
Epoch: 015 | Test Loss: 0.0067690 | Time: 370ms
==> Save the model at epoch 015 with test loss 0.0067690
Epoch: 016 | Loss: 0.0068419 | L2 loss: 0.0066266 | Lip loss: 0.0002153 | Grad norm: 0.334896 | Time: 6s878ms
Epoch: 016 | Test Loss: 0.0067491 | Time: 362ms
==> Save the model at epoch 016 with test loss 0.0067491
Epoch: 017 | Loss: 0.0068413 | L2 loss: 0.0066241 | Lip loss: 0.0002172 | Grad norm: 0.365406 | Time: 7s31ms
Epoch: 017 | Test Loss: 0.0067429 | Time: 365ms
==> Save the model at epoch 017 with test loss 0.0067429
Epoch: 018 | Loss: 0.0068455 | L2 loss: 0.0066315 | Lip loss: 0.0002141 | Grad norm: 0.338276 | Time: 6s849ms
Epoch: 018 | Test Loss: 0.0067361 | Time: 380ms
==> Save the model at epoch 018 with test loss 0.0067361
Epoch: 019 | Loss: 0.0068400 | L2 loss: 0.0066238 | Lip loss: 0.0002162 | Grad norm: 0.345119 | Time: 7s68ms
Epoch: 019 | Test Loss: 0.0067296 | Time: 364ms
==> Save the model at epoch 019 with test loss 0.0067296
Epoch: 020 | Loss: 0.0068537 | L2 loss: 0.0066379 | Lip loss: 0.0002159 | Grad norm: 0.393296 | Time: 7s274ms
Epoch: 020 | Test Loss: 0.0067230 | Time: 374ms
==> Save the model at epoch 020 with test loss 0.0067230
Epoch: 021 | Loss: 0.0068101 | L2 loss: 0.0065923 | Lip loss: 0.0002178 | Grad norm: 0.347344 | Time: 6s893ms
Epoch: 021 | Test Loss: 0.0067225 | Time: 362ms
==> Save the model at epoch 021 with test loss 0.0067225
Epoch: 022 | Loss: 0.0068163 | L2 loss: 0.0066004 | Lip loss: 0.0002160 | Grad norm: 0.353486 | Time: 6s837ms
Epoch: 022 | Test Loss: 0.0067220 | Time: 369ms
==> Save the model at epoch 022 with test loss 0.0067220
Epoch: 023 | Loss: 0.0068237 | L2 loss: 0.0066083 | Lip loss: 0.0002153 | Grad norm: 0.297915 | Time: 7s100ms
Epoch: 023 | Test Loss: 0.0067214 | Time: 442ms
==> Save the model at epoch 023 with test loss 0.0067214
Epoch: 024 | Loss: 0.0068313 | L2 loss: 0.0066157 | Lip loss: 0.0002156 | Grad norm: 0.333130 | Time: 6s912ms
Epoch: 024 | Test Loss: 0.0067209 | Time: 366ms
==> Save the model at epoch 024 with test loss 0.0067209
Epoch: 025 | Loss: 0.0068104 | L2 loss: 0.0065958 | Lip loss: 0.0002146 | Grad norm: 0.335170 | Time: 6s927ms
Epoch: 025 | Test Loss: 0.0067203 | Time: 365ms
==> Save the model at epoch 025 with test loss 0.0067203
Epoch: 026 | Loss: 0.0068217 | L2 loss: 0.0066054 | Lip loss: 0.0002163 | Grad norm: 0.362491 | Time: 6s886ms
Epoch: 026 | Test Loss: 0.0067203 | Time: 394ms
==> Save the model at epoch 026 with test loss 0.0067203
Epoch: 027 | Loss: 0.0068173 | L2 loss: 0.0066015 | Lip loss: 0.0002158 | Grad norm: 0.354132 | Time: 6s952ms
Epoch: 027 | Test Loss: 0.0067203 | Time: 377ms
==> Save the model at epoch 027 with test loss 0.0067203
Epoch: 028 | Loss: 0.0068210 | L2 loss: 0.0066046 | Lip loss: 0.0002164 | Grad norm: 0.357364 | Time: 6s926ms
Epoch: 028 | Test Loss: 0.0067203 | Time: 364ms
==> Save the model at epoch 028 with test loss 0.0067203
Epoch: 029 | Loss: 0.0067982 | L2 loss: 0.0065828 | Lip loss: 0.0002154 | Grad norm: 0.347769 | Time: 6s963ms
Epoch: 029 | Test Loss: 0.0067203 | Time: 372ms
==> Save the model at epoch 029 with test loss 0.0067203
Epoch: 030 | Loss: 0.0068464 | L2 loss: 0.0066303 | Lip loss: 0.0002161 | Grad norm: 0.347862 | Time: 6s860ms
Epoch: 030 | Test Loss: 0.0067202 | Time: 452ms
==> Save the model at epoch 030 with test loss 0.0067202
Epoch: 031 | Loss: 0.0068176 | L2 loss: 0.0066013 | Lip loss: 0.0002163 | Grad norm: 0.323926 | Time: 7s212ms
Epoch: 031 | Test Loss: 0.0067202 | Time: 374ms
Epoch: 032 | Loss: 0.0068290 | L2 loss: 0.0066124 | Lip loss: 0.0002166 | Grad norm: 0.368191 | Time: 6s940ms
Epoch: 032 | Test Loss: 0.0067202 | Time: 368ms
Epoch: 033 | Loss: 0.0068192 | L2 loss: 0.0066031 | Lip loss: 0.0002161 | Grad norm: 0.346377 | Time: 6s894ms
Epoch: 033 | Test Loss: 0.0067202 | Time: 371ms
Epoch: 034 | Loss: 0.0068000 | L2 loss: 0.0065847 | Lip loss: 0.0002153 | Grad norm: 0.351767 | Time: 7s117ms
Epoch: 034 | Test Loss: 0.0067202 | Time: 366ms
Epoch: 035 | Loss: 0.0068289 | L2 loss: 0.0066118 | Lip loss: 0.0002171 | Grad norm: 0.335705 | Time: 7s100ms
Epoch: 035 | Test Loss: 0.0067202 | Time: 367ms
Epoch: 036 | Loss: 0.0068463 | L2 loss: 0.0066310 | Lip loss: 0.0002152 | Grad norm: 0.357826 | Time: 6s963ms
Epoch: 036 | Test Loss: 0.0067202 | Time: 368ms
Epoch: 037 | Loss: 0.0068374 | L2 loss: 0.0066218 | Lip loss: 0.0002155 | Grad norm: 0.357196 | Time: 7s355ms
Epoch: 037 | Test Loss: 0.0067202 | Time: 383ms
Epoch: 038 | Loss: 0.0068114 | L2 loss: 0.0065967 | Lip loss: 0.0002148 | Grad norm: 0.337296 | Time: 6s982ms
Epoch: 038 | Test Loss: 0.0067202 | Time: 375ms
Epoch: 039 | Loss: 0.0068244 | L2 loss: 0.0066073 | Lip loss: 0.0002171 | Grad norm: 0.345288 | Time: 6s892ms
Epoch: 039 | Test Loss: 0.0067202 | Time: 369ms
Epoch: 040 | Loss: 0.0068181 | L2 loss: 0.0066025 | Lip loss: 0.0002157 | Grad norm: 0.326108 | Time: 7s102ms
Epoch: 040 | Test Loss: 0.0067202 | Time: 383ms
Total time: 4m56s
==> Saving trained model weights...
==> Input bias to be applied to the neural network (trained):
[0. 0.]
==> Input transform to be applied to the neural network (trained):
[1. 1.]
==> Output transform to be applied to the neural network (trained):
[1. 1.]
==> Saving training info...
==> Drawing training loss...
==> Drawing grad norm...
==> Drawing testing loss...
==> Drawing l2 loss...
==> Drawing lip loss...
==> Process finished.
