==> torch device:  cuda:2
==> Test-Train split: test_ratio = 0.20
==> Test-Train split seed:  None
==> Further split: further_train_ratio = 1.00
==> Further split seed:  None
==> Input bias to be applied to the neural network:
[0. 0.]
==> Input transform to be applied to the neural network:
[0.70982397 0.70987433]
==> Ouput transform to be applied to the neural network:
[2.8322 2.832 ]
==> Evaluating model...
==========================================================================================
Layer (type:depth-idx)                   Output Shape              Param #
==========================================================================================
NeuralNetwork                            [1, 2]                    6
├─Sequential: 1-1                        [1, 2]                    --
│    └─Linear: 2-1                       [1, 64]                   192
│    └─ReLU: 2-2                         [1, 64]                   --
│    └─Linear: 2-3                       [1, 64]                   4,160
│    └─ReLU: 2-4                         [1, 64]                   --
│    └─Linear: 2-5                       [1, 64]                   4,160
│    └─ReLU: 2-6                         [1, 64]                   --
│    └─Linear: 2-7                       [1, 64]                   4,160
│    └─ReLU: 2-8                         [1, 64]                   --
│    └─Linear: 2-9                       [1, 64]                   4,160
│    └─ReLU: 2-10                        [1, 64]                   --
│    └─Linear: 2-11                      [1, 64]                   4,160
│    └─ReLU: 2-12                        [1, 64]                   --
│    └─Linear: 2-13                      [1, 64]                   4,160
│    └─ReLU: 2-14                        [1, 64]                   --
│    └─Linear: 2-15                      [1, 2]                    130
├─Sequential: 1-2                        [1, 2]                    (recursive)
│    └─Linear: 2-16                      [1, 64]                   (recursive)
│    └─ReLU: 2-17                        [1, 64]                   --
│    └─Linear: 2-18                      [1, 64]                   (recursive)
│    └─ReLU: 2-19                        [1, 64]                   --
│    └─Linear: 2-20                      [1, 64]                   (recursive)
│    └─ReLU: 2-21                        [1, 64]                   --
│    └─Linear: 2-22                      [1, 64]                   (recursive)
│    └─ReLU: 2-23                        [1, 64]                   --
│    └─Linear: 2-24                      [1, 64]                   (recursive)
│    └─ReLU: 2-25                        [1, 64]                   --
│    └─Linear: 2-26                      [1, 64]                   (recursive)
│    └─ReLU: 2-27                        [1, 64]                   --
│    └─Linear: 2-28                      [1, 64]                   (recursive)
│    └─ReLU: 2-29                        [1, 64]                   --
│    └─Linear: 2-30                      [1, 2]                    (recursive)
==========================================================================================
Total params: 25,288
Trainable params: 25,282
Non-trainable params: 6
Total mult-adds (Units.MEGABYTES): 0.05
==========================================================================================
Input size (MB): 0.00
Forward/backward pass size (MB): 0.01
Params size (MB): 0.10
Estimated Total Size (MB): 0.11
==========================================================================================
==> Saving initial model weights...
==> Start training...
==> Number of param_groups in optimizer: 1
Epoch: 001 | Train Loss: 16.0795498 | Grad norm: 0.581057 | Time: 4s286ms
Epoch: 001 | Test Loss: 15.9566279 | Time: 468ms
==> Save the model at epoch 001 with test loss 15.9566279
Epoch: 002 | Train Loss: 0.8042167 | Grad norm: 3.105558 | Time: 4s306ms
Epoch: 002 | Test Loss: 0.0080151 | Time: 461ms
==> Save the model at epoch 002 with test loss 0.0080151
Epoch: 003 | Train Loss: 0.0198114 | Grad norm: 1.843512 | Time: 4s233ms
Epoch: 003 | Test Loss: 0.0129198 | Time: 470ms
Epoch: 004 | Train Loss: 0.0316130 | Grad norm: 2.452921 | Time: 4s97ms
Epoch: 004 | Test Loss: 0.0296951 | Time: 464ms
Epoch: 005 | Train Loss: 0.0350111 | Grad norm: 2.593630 | Time: 4s313ms
Epoch: 005 | Test Loss: 0.0391584 | Time: 465ms
Epoch: 006 | Train Loss: 0.0502645 | Grad norm: 3.270167 | Time: 4s127ms
Epoch: 006 | Test Loss: 0.0352387 | Time: 639ms
Epoch: 007 | Train Loss: 0.0542760 | Grad norm: 3.349204 | Time: 4s369ms
Epoch: 007 | Test Loss: 0.0164730 | Time: 509ms
Epoch: 008 | Train Loss: 0.0575621 | Grad norm: 3.563939 | Time: 4s578ms
Epoch: 008 | Test Loss: 0.0678600 | Time: 459ms
Epoch: 009 | Train Loss: 0.0753614 | Grad norm: 4.146334 | Time: 4s22ms
Epoch: 009 | Test Loss: 0.1865480 | Time: 461ms
Epoch: 010 | Train Loss: 0.0464484 | Grad norm: 3.165423 | Time: 4s339ms
Epoch: 010 | Test Loss: 0.0399812 | Time: 458ms
Epoch: 011 | Train Loss: 0.0364821 | Grad norm: 2.708505 | Time: 4s234ms
Epoch: 011 | Test Loss: 0.0094306 | Time: 476ms
Epoch: 012 | Train Loss: 0.0368723 | Grad norm: 2.765777 | Time: 3s924ms
Epoch: 012 | Test Loss: 0.0354976 | Time: 464ms
Epoch: 013 | Train Loss: 0.0255161 | Grad norm: 2.187691 | Time: 4s18ms
Epoch: 013 | Test Loss: 0.0395411 | Time: 460ms
Epoch: 014 | Train Loss: 0.0299524 | Grad norm: 2.385748 | Time: 4s277ms
Epoch: 014 | Test Loss: 0.0116624 | Time: 541ms
Epoch: 015 | Train Loss: 0.0180425 | Grad norm: 1.735748 | Time: 3s939ms
Epoch: 015 | Test Loss: 0.0119151 | Time: 464ms
Epoch: 016 | Train Loss: 0.0193042 | Grad norm: 1.820306 | Time: 4s303ms
Epoch: 016 | Test Loss: 0.0086688 | Time: 462ms
Epoch: 017 | Train Loss: 0.0158545 | Grad norm: 1.562013 | Time: 4s33ms
Epoch: 017 | Test Loss: 0.0096401 | Time: 616ms
Epoch: 018 | Train Loss: 0.0145195 | Grad norm: 1.499003 | Time: 4s274ms
Epoch: 018 | Test Loss: 0.0094737 | Time: 467ms
Epoch: 019 | Train Loss: 0.0121158 | Grad norm: 1.290580 | Time: 4s122ms
Epoch: 019 | Test Loss: 0.0096815 | Time: 559ms
Epoch: 020 | Train Loss: 0.0108924 | Grad norm: 1.127756 | Time: 4s159ms
Epoch: 020 | Test Loss: 0.0078600 | Time: 483ms
==> Save the model at epoch 020 with test loss 0.0078600
Epoch: 021 | Train Loss: 0.0095187 | Grad norm: 0.990937 | Time: 4s118ms
Epoch: 021 | Test Loss: 0.0099601 | Time: 462ms
Epoch: 022 | Train Loss: 0.0081961 | Grad norm: 0.813151 | Time: 4s205ms
Epoch: 022 | Test Loss: 0.0076463 | Time: 533ms
==> Save the model at epoch 022 with test loss 0.0076463
Epoch: 023 | Train Loss: 0.0081013 | Grad norm: 0.808939 | Time: 4s250ms
Epoch: 023 | Test Loss: 0.0056247 | Time: 502ms
==> Save the model at epoch 023 with test loss 0.0056247
Epoch: 024 | Train Loss: 0.0077184 | Grad norm: 0.758022 | Time: 4s247ms
Epoch: 024 | Test Loss: 0.0084379 | Time: 463ms
Epoch: 025 | Train Loss: 0.0067546 | Grad norm: 0.574763 | Time: 4s254ms
Epoch: 025 | Test Loss: 0.0085094 | Time: 463ms
Epoch: 026 | Train Loss: 0.0067192 | Grad norm: 0.575532 | Time: 4s284ms
Epoch: 026 | Test Loss: 0.0075441 | Time: 467ms
Epoch: 027 | Train Loss: 0.0062832 | Grad norm: 0.471022 | Time: 4s68ms
Epoch: 027 | Test Loss: 0.0068199 | Time: 472ms
Epoch: 028 | Train Loss: 0.0065026 | Grad norm: 0.521304 | Time: 4s46ms
Epoch: 028 | Test Loss: 0.0065850 | Time: 468ms
Epoch: 029 | Train Loss: 0.0061896 | Grad norm: 0.440684 | Time: 4s39ms
Epoch: 029 | Test Loss: 0.0055423 | Time: 464ms
==> Save the model at epoch 029 with test loss 0.0055423
Epoch: 030 | Train Loss: 0.0061589 | Grad norm: 0.434701 | Time: 3s975ms
Epoch: 030 | Test Loss: 0.0056504 | Time: 475ms
Epoch: 031 | Train Loss: 0.0058888 | Grad norm: 0.366345 | Time: 3s970ms
Epoch: 031 | Test Loss: 0.0062066 | Time: 461ms
Epoch: 032 | Train Loss: 0.0057822 | Grad norm: 0.325571 | Time: 4s285ms
Epoch: 032 | Test Loss: 0.0055704 | Time: 526ms
Epoch: 033 | Train Loss: 0.0057846 | Grad norm: 0.324615 | Time: 4s282ms
Epoch: 033 | Test Loss: 0.0061334 | Time: 566ms
Epoch: 034 | Train Loss: 0.0056768 | Grad norm: 0.285731 | Time: 4s286ms
Epoch: 034 | Test Loss: 0.0054431 | Time: 464ms
==> Save the model at epoch 034 with test loss 0.0054431
Epoch: 035 | Train Loss: 0.0056031 | Grad norm: 0.241719 | Time: 4s103ms
Epoch: 035 | Test Loss: 0.0059931 | Time: 460ms
Epoch: 036 | Train Loss: 0.0055557 | Grad norm: 0.221702 | Time: 4s140ms
Epoch: 036 | Test Loss: 0.0054852 | Time: 467ms
Epoch: 037 | Train Loss: 0.0054958 | Grad norm: 0.188347 | Time: 4s169ms
Epoch: 037 | Test Loss: 0.0055718 | Time: 467ms
Epoch: 038 | Train Loss: 0.0054651 | Grad norm: 0.168884 | Time: 4s308ms
Epoch: 038 | Test Loss: 0.0054373 | Time: 457ms
==> Save the model at epoch 038 with test loss 0.0054373
Epoch: 039 | Train Loss: 0.0054216 | Grad norm: 0.132297 | Time: 4s154ms
Epoch: 039 | Test Loss: 0.0054425 | Time: 504ms
Epoch: 040 | Train Loss: 0.0054056 | Grad norm: 0.116431 | Time: 4s98ms
Epoch: 040 | Test Loss: 0.0054291 | Time: 464ms
==> Save the model at epoch 040 with test loss 0.0054291
Total time: 3m6s
==> Saving trained model weights...
==> Input bias to be applied to the neural network (trained):
[0. 0.]
==> Input transform to be applied to the neural network (trained):
[0.70982397 0.70987433]
==> Output transform to be applied to the neural network (trained):
[2.8322 2.832 ]
==> Saving training info...
==> Drawing training loss...
==> Drawing grad norm...
==> Drawing testing loss...
==> Process finished.
