==> torch device:  cuda:0
==> Test-Train split: test_ratio = 0.20
==> Test-Train split seed:  None
==> Further split: further_train_ratio = 1.00
==> Further split seed:  None
==> Input bias to be applied to the neural network:
[0. 0. 0. 0.]
==> Input transform to be applied to the neural network:
[ 0.62900996  0.6288912  11.792453    9.624639  ]
==> Ouput transform to be applied to the neural network:
[0.0521 0.054 ]
==> Evaluating model...
==========================================================================================
Layer (type:depth-idx)                   Output Shape              Param #
==========================================================================================
NeuralNetwork                            [1, 2]                    10
├─Sequential: 1-1                        [1, 2]                    --
│    └─Linear: 2-1                       [1, 64]                   320
│    └─ReLU: 2-2                         [1, 64]                   --
│    └─Linear: 2-3                       [1, 64]                   4,160
│    └─ReLU: 2-4                         [1, 64]                   --
│    └─Linear: 2-5                       [1, 64]                   4,160
│    └─ReLU: 2-6                         [1, 64]                   --
│    └─Linear: 2-7                       [1, 64]                   4,160
│    └─ReLU: 2-8                         [1, 64]                   --
│    └─Linear: 2-9                       [1, 64]                   4,160
│    └─ReLU: 2-10                        [1, 64]                   --
│    └─Linear: 2-11                      [1, 64]                   4,160
│    └─ReLU: 2-12                        [1, 64]                   --
│    └─Linear: 2-13                      [1, 64]                   4,160
│    └─ReLU: 2-14                        [1, 64]                   --
│    └─Linear: 2-15                      [1, 2]                    130
├─Sequential: 1-2                        [1, 2]                    (recursive)
│    └─Linear: 2-16                      [1, 64]                   (recursive)
│    └─ReLU: 2-17                        [1, 64]                   --
│    └─Linear: 2-18                      [1, 64]                   (recursive)
│    └─ReLU: 2-19                        [1, 64]                   --
│    └─Linear: 2-20                      [1, 64]                   (recursive)
│    └─ReLU: 2-21                        [1, 64]                   --
│    └─Linear: 2-22                      [1, 64]                   (recursive)
│    └─ReLU: 2-23                        [1, 64]                   --
│    └─Linear: 2-24                      [1, 64]                   (recursive)
│    └─ReLU: 2-25                        [1, 64]                   --
│    └─Linear: 2-26                      [1, 64]                   (recursive)
│    └─ReLU: 2-27                        [1, 64]                   --
│    └─Linear: 2-28                      [1, 64]                   (recursive)
│    └─ReLU: 2-29                        [1, 64]                   --
│    └─Linear: 2-30                      [1, 2]                    (recursive)
==========================================================================================
Total params: 25,420
Trainable params: 25,410
Non-trainable params: 10
Total mult-adds (Units.MEGABYTES): 0.05
==========================================================================================
Input size (MB): 0.00
Forward/backward pass size (MB): 0.01
Params size (MB): 0.10
Estimated Total Size (MB): 0.11
==========================================================================================
==> Saving initial model weights...
==> Start training...
==> Number of param_groups in optimizer: 1
Epoch: 001 | Train Loss: 0.0056357 | Grad norm: 0.000131 | Time: 4s642ms
Epoch: 001 | Test Loss: 0.0056464 | Time: 504ms
==> Save the model at epoch 001 with test loss 0.0056464
Epoch: 002 | Train Loss: 0.0056348 | Grad norm: 0.000067 | Time: 4s246ms
Epoch: 002 | Test Loss: 0.0056454 | Time: 515ms
==> Save the model at epoch 002 with test loss 0.0056454
Epoch: 003 | Train Loss: 0.0056348 | Grad norm: 0.000005 | Time: 4s381ms
Epoch: 003 | Test Loss: 0.0056454 | Time: 504ms
Epoch: 004 | Train Loss: 0.0056348 | Grad norm: 0.000000 | Time: 4s304ms
Epoch: 004 | Test Loss: 0.0056454 | Time: 503ms
Epoch: 005 | Train Loss: 0.0056348 | Grad norm: 0.000000 | Time: 4s308ms
Epoch: 005 | Test Loss: 0.0056454 | Time: 500ms
Epoch: 006 | Train Loss: 0.0056348 | Grad norm: 0.000000 | Time: 4s302ms
Epoch: 006 | Test Loss: 0.0056454 | Time: 601ms
Epoch: 007 | Train Loss: 0.0056348 | Grad norm: 0.000000 | Time: 4s255ms
Epoch: 007 | Test Loss: 0.0056454 | Time: 517ms
Epoch: 008 | Train Loss: 0.0056348 | Grad norm: 0.000000 | Time: 4s350ms
Epoch: 008 | Test Loss: 0.0056454 | Time: 513ms
Epoch: 009 | Train Loss: 0.0056348 | Grad norm: 0.000000 | Time: 4s517ms
Epoch: 009 | Test Loss: 0.0056454 | Time: 496ms
Epoch: 010 | Train Loss: 0.0056348 | Grad norm: 0.000000 | Time: 4s310ms
Epoch: 010 | Test Loss: 0.0056454 | Time: 496ms
Epoch: 011 | Train Loss: 0.0056348 | Grad norm: 0.000000 | Time: 4s273ms
Epoch: 011 | Test Loss: 0.0056454 | Time: 579ms
Epoch: 012 | Train Loss: 0.0056348 | Grad norm: 0.000000 | Time: 4s494ms
Epoch: 012 | Test Loss: 0.0056454 | Time: 536ms
Epoch: 013 | Train Loss: 0.0056348 | Grad norm: 0.000000 | Time: 4s405ms
Epoch: 013 | Test Loss: 0.0056454 | Time: 556ms
Epoch: 014 | Train Loss: 0.0056348 | Grad norm: 0.000000 | Time: 4s379ms
Epoch: 014 | Test Loss: 0.0056454 | Time: 580ms
Epoch: 015 | Train Loss: 0.0056348 | Grad norm: 0.000000 | Time: 4s219ms
Epoch: 015 | Test Loss: 0.0056454 | Time: 510ms
Epoch: 016 | Train Loss: 0.0056348 | Grad norm: 0.000000 | Time: 4s428ms
Epoch: 016 | Test Loss: 0.0056454 | Time: 529ms
Epoch: 017 | Train Loss: 0.0056348 | Grad norm: 0.000000 | Time: 4s328ms
Epoch: 017 | Test Loss: 0.0056454 | Time: 506ms
Epoch: 018 | Train Loss: 0.0056348 | Grad norm: 0.000000 | Time: 4s365ms
Epoch: 018 | Test Loss: 0.0056454 | Time: 507ms
Epoch: 019 | Train Loss: 0.0056348 | Grad norm: 0.000000 | Time: 4s421ms
Epoch: 019 | Test Loss: 0.0056454 | Time: 511ms
Epoch: 020 | Train Loss: 0.0056348 | Grad norm: 0.000000 | Time: 4s312ms
Epoch: 020 | Test Loss: 0.0056454 | Time: 502ms
Epoch: 021 | Train Loss: 0.0056348 | Grad norm: 0.000000 | Time: 4s322ms
Epoch: 021 | Test Loss: 0.0056454 | Time: 519ms
Epoch: 022 | Train Loss: 0.0056348 | Grad norm: 0.000000 | Time: 4s417ms
Epoch: 022 | Test Loss: 0.0056454 | Time: 594ms
Epoch: 023 | Train Loss: 0.0056348 | Grad norm: 0.000000 | Time: 4s229ms
Epoch: 023 | Test Loss: 0.0056454 | Time: 546ms
Epoch: 024 | Train Loss: 0.0056348 | Grad norm: 0.000000 | Time: 4s303ms
Epoch: 024 | Test Loss: 0.0056454 | Time: 539ms
Epoch: 025 | Train Loss: 0.0056348 | Grad norm: 0.000000 | Time: 4s406ms
Epoch: 025 | Test Loss: 0.0056454 | Time: 508ms
Epoch: 026 | Train Loss: 0.0056348 | Grad norm: 0.000000 | Time: 4s218ms
Epoch: 026 | Test Loss: 0.0056454 | Time: 500ms
Epoch: 027 | Train Loss: 0.0056348 | Grad norm: 0.000000 | Time: 4s213ms
Epoch: 027 | Test Loss: 0.0056454 | Time: 530ms
Epoch: 028 | Train Loss: 0.0056348 | Grad norm: 0.000000 | Time: 4s286ms
Epoch: 028 | Test Loss: 0.0056454 | Time: 502ms
Epoch: 029 | Train Loss: 0.0056348 | Grad norm: 0.000000 | Time: 4s209ms
Epoch: 029 | Test Loss: 0.0056454 | Time: 608ms
Epoch: 030 | Train Loss: 0.0056348 | Grad norm: 0.000000 | Time: 4s253ms
Epoch: 030 | Test Loss: 0.0056454 | Time: 502ms
Epoch: 031 | Train Loss: 0.0056348 | Grad norm: 0.000000 | Time: 4s442ms
Epoch: 031 | Test Loss: 0.0056454 | Time: 558ms
Epoch: 032 | Train Loss: 0.0056348 | Grad norm: 0.000000 | Time: 4s449ms
Epoch: 032 | Test Loss: 0.0056454 | Time: 498ms
Epoch: 033 | Train Loss: 0.0056348 | Grad norm: 0.000000 | Time: 4s302ms
Epoch: 033 | Test Loss: 0.0056454 | Time: 568ms
Epoch: 034 | Train Loss: 0.0056348 | Grad norm: 0.000000 | Time: 4s86ms
Epoch: 034 | Test Loss: 0.0056454 | Time: 501ms
Epoch: 035 | Train Loss: 0.0056348 | Grad norm: 0.000000 | Time: 4s311ms
Epoch: 035 | Test Loss: 0.0056454 | Time: 506ms
Epoch: 036 | Train Loss: 0.0056348 | Grad norm: 0.000000 | Time: 4s90ms
Epoch: 036 | Test Loss: 0.0056454 | Time: 502ms
Epoch: 037 | Train Loss: 0.0056348 | Grad norm: 0.000000 | Time: 4s181ms
Epoch: 037 | Test Loss: 0.0056454 | Time: 502ms
Epoch: 038 | Train Loss: 0.0056348 | Grad norm: 0.000000 | Time: 4s393ms
Epoch: 038 | Test Loss: 0.0056454 | Time: 499ms
Epoch: 039 | Train Loss: 0.0056348 | Grad norm: 0.000000 | Time: 4s529ms
Epoch: 039 | Test Loss: 0.0056454 | Time: 504ms
Epoch: 040 | Train Loss: 0.0056348 | Grad norm: 0.000000 | Time: 4s171ms
Epoch: 040 | Test Loss: 0.0056454 | Time: 530ms
Total time: 3m14s
==> Saving trained model weights...
==> Input bias to be applied to the neural network (trained):
[0. 0. 0. 0.]
==> Input transform to be applied to the neural network (trained):
[ 0.62900996  0.6288912  11.792453    9.624639  ]
==> Output transform to be applied to the neural network (trained):
[0.0521 0.054 ]
==> Saving training info...
==> Drawing training loss...
==> Drawing grad norm...
==> Drawing testing loss...
==> Process finished.
