==> torch device:  cuda:2
==> Test-Train split: test_ratio = 0.20
==> Test-Train split seed:  None
==> Further split: further_train_ratio = 1.00
==> Further split seed:  None
==> Lipschitz constant: 8.00
==> Input bias to be applied to the neural network:
[0. 0.]
==> Input transform to be applied to the neural network:
[0.5576312  0.56041247]
==> Ouput transform to be applied to the neural network:
[1.7847 1.7916]
==> Evaluating model...
==========================================================================================
Layer (type:depth-idx)                   Output Shape              Param #
==========================================================================================
NeuralNetwork                            [1, 2]                    6
├─Sequential: 1-1                        [1, 2]                    --
│    └─SandwichFc: 2-1                   [1, 64]                   4,353
│    └─SandwichFc: 2-2                   [1, 64]                   8,321
│    └─SandwichFc: 2-3                   [1, 64]                   8,321
│    └─SandwichFc: 2-4                   [1, 64]                   8,321
│    └─SandwichFc: 2-5                   [1, 64]                   8,321
│    └─SandwichFc: 2-6                   [1, 64]                   8,321
│    └─SandwichFc: 2-7                   [1, 64]                   8,321
│    └─SandwichLin: 2-8                  [1, 2]                    135
├─Sequential: 1-2                        [1, 2]                    (recursive)
│    └─SandwichFc: 2-9                   [1, 64]                   (recursive)
│    └─SandwichFc: 2-10                  [1, 64]                   (recursive)
│    └─SandwichFc: 2-11                  [1, 64]                   (recursive)
│    └─SandwichFc: 2-12                  [1, 64]                   (recursive)
│    └─SandwichFc: 2-13                  [1, 64]                   (recursive)
│    └─SandwichFc: 2-14                  [1, 64]                   (recursive)
│    └─SandwichFc: 2-15                  [1, 64]                   (recursive)
│    └─SandwichLin: 2-16                 [1, 2]                    (recursive)
==========================================================================================
Total params: 54,420
Trainable params: 54,414
Non-trainable params: 6
Total mult-adds (Units.MEGABYTES): 0.11
==========================================================================================
Input size (MB): 0.00
Forward/backward pass size (MB): 0.01
Params size (MB): 0.22
Estimated Total Size (MB): 0.22
==========================================================================================
==> Saving initial model weights...
==> Start training...
==> Number of param_groups in optimizer: 1
Epoch: 001 | Train Loss: 6.5052348 | Grad norm: 15.100919 | Time: 27s596ms
Epoch: 001 | Test Loss: 6.5120849 | Time: 957ms
==> Save the model at epoch 001 with test loss 6.5120849
Epoch: 002 | Train Loss: 0.1357819 | Grad norm: 1.673438 | Time: 27s900ms
Epoch: 002 | Test Loss: 0.0033615 | Time: 929ms
==> Save the model at epoch 002 with test loss 0.0033615
Epoch: 003 | Train Loss: 0.0049260 | Grad norm: 1.373344 | Time: 27s644ms
Epoch: 003 | Test Loss: 0.0040784 | Time: 931ms
Epoch: 004 | Train Loss: 0.0063586 | Grad norm: 1.678589 | Time: 28s132ms
Epoch: 004 | Test Loss: 0.0043985 | Time: 933ms
Epoch: 005 | Train Loss: 0.0079736 | Grad norm: 1.969322 | Time: 27s835ms
Epoch: 005 | Test Loss: 0.0081671 | Time: 930ms
Epoch: 006 | Train Loss: 0.0084021 | Grad norm: 1.948835 | Time: 28s123ms
Epoch: 006 | Test Loss: 0.0074021 | Time: 940ms
Epoch: 007 | Train Loss: 0.0089913 | Grad norm: 1.958912 | Time: 27s618ms
Epoch: 007 | Test Loss: 0.0080998 | Time: 934ms
Epoch: 008 | Train Loss: 0.0097139 | Grad norm: 1.898680 | Time: 27s998ms
Epoch: 008 | Test Loss: 0.0110798 | Time: 931ms
Epoch: 009 | Train Loss: 0.0097642 | Grad norm: 1.773719 | Time: 27s487ms
Epoch: 009 | Test Loss: 0.0104040 | Time: 940ms
Epoch: 010 | Train Loss: 0.0077107 | Grad norm: 1.489753 | Time: 27s484ms
Epoch: 010 | Test Loss: 0.0102306 | Time: 940ms
Epoch: 011 | Train Loss: 0.0060558 | Grad norm: 1.170818 | Time: 27s483ms
Epoch: 011 | Test Loss: 0.0039093 | Time: 930ms
Epoch: 012 | Train Loss: 0.0047905 | Grad norm: 0.791524 | Time: 27s637ms
Epoch: 012 | Test Loss: 0.0044145 | Time: 1s2ms
Epoch: 013 | Train Loss: 0.0053835 | Grad norm: 0.937913 | Time: 28s994ms
Epoch: 013 | Test Loss: 0.0065071 | Time: 1s6ms
Epoch: 014 | Train Loss: 0.0047160 | Grad norm: 0.804881 | Time: 27s861ms
Epoch: 014 | Test Loss: 0.0060088 | Time: 1s17ms
Epoch: 015 | Train Loss: 0.0041462 | Grad norm: 0.627195 | Time: 27s512ms
Epoch: 015 | Test Loss: 0.0040292 | Time: 938ms
Epoch: 016 | Train Loss: 0.0047914 | Grad norm: 0.811974 | Time: 27s501ms
Epoch: 016 | Test Loss: 0.0032494 | Time: 932ms
==> Save the model at epoch 016 with test loss 0.0032494
Epoch: 017 | Train Loss: 0.0041200 | Grad norm: 0.628101 | Time: 28s58ms
Epoch: 017 | Test Loss: 0.0042049 | Time: 942ms
Epoch: 018 | Train Loss: 0.0036096 | Grad norm: 0.494827 | Time: 28s87ms
Epoch: 018 | Test Loss: 0.0042704 | Time: 940ms
Epoch: 019 | Train Loss: 0.0037761 | Grad norm: 0.532221 | Time: 27s952ms
Epoch: 019 | Test Loss: 0.0029978 | Time: 1s12ms
==> Save the model at epoch 019 with test loss 0.0029978
Epoch: 020 | Train Loss: 0.0035315 | Grad norm: 0.478046 | Time: 27s356ms
Epoch: 020 | Test Loss: 0.0041186 | Time: 931ms
Epoch: 021 | Train Loss: 0.0034867 | Grad norm: 0.458032 | Time: 27s235ms
Epoch: 021 | Test Loss: 0.0035022 | Time: 940ms
Epoch: 022 | Train Loss: 0.0032642 | Grad norm: 0.372319 | Time: 27s673ms
Epoch: 022 | Test Loss: 0.0032085 | Time: 933ms
Epoch: 023 | Train Loss: 0.0032347 | Grad norm: 0.387126 | Time: 27s292ms
Epoch: 023 | Test Loss: 0.0031937 | Time: 936ms
Epoch: 024 | Train Loss: 0.0032124 | Grad norm: 0.372574 | Time: 27s983ms
Epoch: 024 | Test Loss: 0.0028100 | Time: 940ms
==> Save the model at epoch 024 with test loss 0.0028100
Epoch: 025 | Train Loss: 0.0032149 | Grad norm: 0.379889 | Time: 28s173ms
Epoch: 025 | Test Loss: 0.0040726 | Time: 930ms
Epoch: 026 | Train Loss: 0.0030777 | Grad norm: 0.326178 | Time: 28s146ms
Epoch: 026 | Test Loss: 0.0029279 | Time: 940ms
Epoch: 027 | Train Loss: 0.0030284 | Grad norm: 0.306103 | Time: 27s813ms
Epoch: 027 | Test Loss: 0.0030306 | Time: 1s4ms
Epoch: 028 | Train Loss: 0.0029742 | Grad norm: 0.275930 | Time: 27s640ms
Epoch: 028 | Test Loss: 0.0027901 | Time: 1s4ms
==> Save the model at epoch 028 with test loss 0.0027901
Epoch: 029 | Train Loss: 0.0029358 | Grad norm: 0.272000 | Time: 27s825ms
Epoch: 029 | Test Loss: 0.0027627 | Time: 1s15ms
==> Save the model at epoch 029 with test loss 0.0027627
Epoch: 030 | Train Loss: 0.0029241 | Grad norm: 0.260188 | Time: 28s534ms
Epoch: 030 | Test Loss: 0.0029933 | Time: 940ms
Epoch: 031 | Train Loss: 0.0028576 | Grad norm: 0.232588 | Time: 28s342ms
Epoch: 031 | Test Loss: 0.0028501 | Time: 939ms
Epoch: 032 | Train Loss: 0.0028441 | Grad norm: 0.231995 | Time: 28s314ms
Epoch: 032 | Test Loss: 0.0028230 | Time: 946ms
Epoch: 033 | Train Loss: 0.0027943 | Grad norm: 0.195439 | Time: 28s218ms
Epoch: 033 | Test Loss: 0.0027662 | Time: 941ms
Epoch: 034 | Train Loss: 0.0027656 | Grad norm: 0.181103 | Time: 27s858ms
Epoch: 034 | Test Loss: 0.0028344 | Time: 940ms
Epoch: 035 | Train Loss: 0.0027418 | Grad norm: 0.167606 | Time: 28s225ms
Epoch: 035 | Test Loss: 0.0027638 | Time: 942ms
Epoch: 036 | Train Loss: 0.0027147 | Grad norm: 0.147852 | Time: 27s614ms
Epoch: 036 | Test Loss: 0.0027027 | Time: 943ms
==> Save the model at epoch 036 with test loss 0.0027027
Epoch: 037 | Train Loss: 0.0026912 | Grad norm: 0.130009 | Time: 28s154ms
Epoch: 037 | Test Loss: 0.0026994 | Time: 931ms
==> Save the model at epoch 037 with test loss 0.0026994
Epoch: 038 | Train Loss: 0.0026742 | Grad norm: 0.115422 | Time: 28s398ms
Epoch: 038 | Test Loss: 0.0026983 | Time: 937ms
==> Save the model at epoch 038 with test loss 0.0026983
Epoch: 039 | Train Loss: 0.0026619 | Grad norm: 0.105968 | Time: 27s556ms
Epoch: 039 | Test Loss: 0.0026717 | Time: 942ms
==> Save the model at epoch 039 with test loss 0.0026717
Epoch: 040 | Train Loss: 0.0026514 | Grad norm: 0.094350 | Time: 27s846ms
Epoch: 040 | Test Loss: 0.0026661 | Time: 933ms
==> Save the model at epoch 040 with test loss 0.0026661
Total time: 19m13s
==> Saving trained model weights...
==> Input bias to be applied to the neural network (trained):
[0. 0.]
==> Input transform to be applied to the neural network (trained):
[0.5576312  0.56041247]
==> Output transform to be applied to the neural network (trained):
[1.7847 1.7916]
==> Saving training info...
==> Drawing training loss...
==> Drawing grad norm...
==> Drawing testing loss...
==> Process finished.
