==> torch device:  cuda:3
==> Test-Train split: test_ratio = 0.20
==> Test-Train split seed:  None
==> Further split: further_train_ratio = 0.25
==> Further split seed:  None
==> Input bias to be applied to the neural network:
[0. 0. 0. 0.]
==> Input transform to be applied to the neural network:
[0.708416   0.723275   0.67681897 0.67421794]
==> Ouput transform to be applied to the neural network:
[0.2339 0.2936]
==> Evaluating model...
==========================================================================================
Layer (type:depth-idx)                   Output Shape              Param #
==========================================================================================
NeuralNetwork                            [1, 2]                    10
├─Sequential: 1-1                        [1, 2]                    --
│    └─Linear: 2-1                       [1, 64]                   320
│    └─ReLU: 2-2                         [1, 64]                   --
│    └─Linear: 2-3                       [1, 64]                   4,160
│    └─ReLU: 2-4                         [1, 64]                   --
│    └─Linear: 2-5                       [1, 64]                   4,160
│    └─ReLU: 2-6                         [1, 64]                   --
│    └─Linear: 2-7                       [1, 64]                   4,160
│    └─ReLU: 2-8                         [1, 64]                   --
│    └─Linear: 2-9                       [1, 64]                   4,160
│    └─ReLU: 2-10                        [1, 64]                   --
│    └─Linear: 2-11                      [1, 64]                   4,160
│    └─ReLU: 2-12                        [1, 64]                   --
│    └─Linear: 2-13                      [1, 64]                   4,160
│    └─ReLU: 2-14                        [1, 64]                   --
│    └─Linear: 2-15                      [1, 2]                    130
├─Sequential: 1-2                        [1, 2]                    (recursive)
│    └─Linear: 2-16                      [1, 64]                   (recursive)
│    └─ReLU: 2-17                        [1, 64]                   --
│    └─Linear: 2-18                      [1, 64]                   (recursive)
│    └─ReLU: 2-19                        [1, 64]                   --
│    └─Linear: 2-20                      [1, 64]                   (recursive)
│    └─ReLU: 2-21                        [1, 64]                   --
│    └─Linear: 2-22                      [1, 64]                   (recursive)
│    └─ReLU: 2-23                        [1, 64]                   --
│    └─Linear: 2-24                      [1, 64]                   (recursive)
│    └─ReLU: 2-25                        [1, 64]                   --
│    └─Linear: 2-26                      [1, 64]                   (recursive)
│    └─ReLU: 2-27                        [1, 64]                   --
│    └─Linear: 2-28                      [1, 64]                   (recursive)
│    └─ReLU: 2-29                        [1, 64]                   --
│    └─Linear: 2-30                      [1, 2]                    (recursive)
==========================================================================================
Total params: 25,420
Trainable params: 25,410
Non-trainable params: 10
Total mult-adds (Units.MEGABYTES): 0.05
==========================================================================================
Input size (MB): 0.00
Forward/backward pass size (MB): 0.01
Params size (MB): 0.10
Estimated Total Size (MB): 0.11
==========================================================================================
==> Saving initial model weights...
==> Start training...
==> Number of param_groups in optimizer: 1
Epoch: 001 | Train Loss: 0.1422871 | Grad norm: 0.005397 | Time: 1s291ms
Epoch: 001 | Test Loss: 0.1407322 | Time: 525ms
==> Save the model at epoch 001 with test loss 0.1407322
Epoch: 002 | Train Loss: 0.1358916 | Grad norm: 0.022083 | Time: 1s49ms
Epoch: 002 | Test Loss: 0.1098253 | Time: 519ms
==> Save the model at epoch 002 with test loss 0.1098253
Epoch: 003 | Train Loss: 0.0355220 | Grad norm: 0.058093 | Time: 993ms
Epoch: 003 | Test Loss: 0.0105975 | Time: 594ms
==> Save the model at epoch 003 with test loss 0.0105975
Epoch: 004 | Train Loss: 0.0111163 | Grad norm: 0.028663 | Time: 1s47ms
Epoch: 004 | Test Loss: 0.0102417 | Time: 516ms
==> Save the model at epoch 004 with test loss 0.0102417
Epoch: 005 | Train Loss: 0.0109472 | Grad norm: 0.031176 | Time: 1s58ms
Epoch: 005 | Test Loss: 0.0101582 | Time: 577ms
==> Save the model at epoch 005 with test loss 0.0101582
Epoch: 006 | Train Loss: 0.0109164 | Grad norm: 0.030426 | Time: 1s130ms
Epoch: 006 | Test Loss: 0.0102366 | Time: 515ms
Epoch: 007 | Train Loss: 0.0107818 | Grad norm: 0.026790 | Time: 1s84ms
Epoch: 007 | Test Loss: 0.0100905 | Time: 591ms
==> Save the model at epoch 007 with test loss 0.0100905
Epoch: 008 | Train Loss: 0.0107849 | Grad norm: 0.029918 | Time: 1s104ms
Epoch: 008 | Test Loss: 0.0113841 | Time: 575ms
Epoch: 009 | Train Loss: 0.0108096 | Grad norm: 0.030396 | Time: 1s194ms
Epoch: 009 | Test Loss: 0.0099932 | Time: 513ms
==> Save the model at epoch 009 with test loss 0.0099932
Epoch: 010 | Train Loss: 0.0107511 | Grad norm: 0.028991 | Time: 1s128ms
Epoch: 010 | Test Loss: 0.0100856 | Time: 513ms
Epoch: 011 | Train Loss: 0.0107055 | Grad norm: 0.028322 | Time: 1s26ms
Epoch: 011 | Test Loss: 0.0103261 | Time: 583ms
Epoch: 012 | Train Loss: 0.0107431 | Grad norm: 0.029960 | Time: 1s78ms
Epoch: 012 | Test Loss: 0.0097979 | Time: 510ms
==> Save the model at epoch 012 with test loss 0.0097979
Epoch: 013 | Train Loss: 0.0106080 | Grad norm: 0.025941 | Time: 1s62ms
Epoch: 013 | Test Loss: 0.0098023 | Time: 530ms
Epoch: 014 | Train Loss: 0.0105777 | Grad norm: 0.025972 | Time: 1s12ms
Epoch: 014 | Test Loss: 0.0097845 | Time: 513ms
==> Save the model at epoch 014 with test loss 0.0097845
Epoch: 015 | Train Loss: 0.0105293 | Grad norm: 0.024650 | Time: 1s105ms
Epoch: 015 | Test Loss: 0.0098198 | Time: 583ms
Epoch: 016 | Train Loss: 0.0105316 | Grad norm: 0.026205 | Time: 1s140ms
Epoch: 016 | Test Loss: 0.0099704 | Time: 526ms
Epoch: 017 | Train Loss: 0.0105102 | Grad norm: 0.026723 | Time: 1s58ms
Epoch: 017 | Test Loss: 0.0098715 | Time: 511ms
Epoch: 018 | Train Loss: 0.0104709 | Grad norm: 0.024398 | Time: 1s96ms
Epoch: 018 | Test Loss: 0.0097858 | Time: 526ms
Epoch: 019 | Train Loss: 0.0104197 | Grad norm: 0.024287 | Time: 1s104ms
Epoch: 019 | Test Loss: 0.0097846 | Time: 583ms
Epoch: 020 | Train Loss: 0.0103817 | Grad norm: 0.022823 | Time: 1s79ms
Epoch: 020 | Test Loss: 0.0098091 | Time: 513ms
Epoch: 021 | Train Loss: 0.0103894 | Grad norm: 0.025262 | Time: 1s79ms
Epoch: 021 | Test Loss: 0.0097939 | Time: 515ms
Epoch: 022 | Train Loss: 0.0103524 | Grad norm: 0.022671 | Time: 1s81ms
Epoch: 022 | Test Loss: 0.0096239 | Time: 511ms
==> Save the model at epoch 022 with test loss 0.0096239
Epoch: 023 | Train Loss: 0.0103278 | Grad norm: 0.023164 | Time: 1s79ms
Epoch: 023 | Test Loss: 0.0097530 | Time: 578ms
Epoch: 024 | Train Loss: 0.0102873 | Grad norm: 0.022545 | Time: 1s60ms
Epoch: 024 | Test Loss: 0.0096000 | Time: 527ms
==> Save the model at epoch 024 with test loss 0.0096000
Epoch: 025 | Train Loss: 0.0102500 | Grad norm: 0.021455 | Time: 1s88ms
Epoch: 025 | Test Loss: 0.0096777 | Time: 525ms
Epoch: 026 | Train Loss: 0.0102525 | Grad norm: 0.021866 | Time: 1s40ms
Epoch: 026 | Test Loss: 0.0096047 | Time: 515ms
Epoch: 027 | Train Loss: 0.0101948 | Grad norm: 0.019715 | Time: 1s67ms
Epoch: 027 | Test Loss: 0.0095074 | Time: 578ms
==> Save the model at epoch 027 with test loss 0.0095074
Epoch: 028 | Train Loss: 0.0101699 | Grad norm: 0.018822 | Time: 1s75ms
Epoch: 028 | Test Loss: 0.0095536 | Time: 531ms
Epoch: 029 | Train Loss: 0.0101482 | Grad norm: 0.019088 | Time: 1s80ms
Epoch: 029 | Test Loss: 0.0096022 | Time: 511ms
Epoch: 030 | Train Loss: 0.0101729 | Grad norm: 0.021370 | Time: 1s174ms
Epoch: 030 | Test Loss: 0.0095812 | Time: 525ms
Epoch: 031 | Train Loss: 0.0101331 | Grad norm: 0.019676 | Time: 1s25ms
Epoch: 031 | Test Loss: 0.0094991 | Time: 591ms
==> Save the model at epoch 031 with test loss 0.0094991
Epoch: 032 | Train Loss: 0.0101103 | Grad norm: 0.018398 | Time: 1s145ms
Epoch: 032 | Test Loss: 0.0095078 | Time: 529ms
Epoch: 033 | Train Loss: 0.0101005 | Grad norm: 0.019059 | Time: 1s68ms
Epoch: 033 | Test Loss: 0.0094887 | Time: 512ms
==> Save the model at epoch 033 with test loss 0.0094887
Epoch: 034 | Train Loss: 0.0100812 | Grad norm: 0.017366 | Time: 1s194ms
Epoch: 034 | Test Loss: 0.0095286 | Time: 527ms
Epoch: 035 | Train Loss: 0.0100785 | Grad norm: 0.018195 | Time: 1s116ms
Epoch: 035 | Test Loss: 0.0094929 | Time: 582ms
Epoch: 036 | Train Loss: 0.0100646 | Grad norm: 0.016824 | Time: 1s72ms
Epoch: 036 | Test Loss: 0.0094530 | Time: 512ms
==> Save the model at epoch 036 with test loss 0.0094530
Epoch: 037 | Train Loss: 0.0100531 | Grad norm: 0.017360 | Time: 1s46ms
Epoch: 037 | Test Loss: 0.0094457 | Time: 533ms
==> Save the model at epoch 037 with test loss 0.0094457
Epoch: 038 | Train Loss: 0.0100424 | Grad norm: 0.016988 | Time: 1s61ms
Epoch: 038 | Test Loss: 0.0094506 | Time: 511ms
Epoch: 039 | Train Loss: 0.0100504 | Grad norm: 0.016951 | Time: 1s120ms
Epoch: 039 | Test Loss: 0.0094429 | Time: 615ms
==> Save the model at epoch 039 with test loss 0.0094429
Epoch: 040 | Train Loss: 0.0100416 | Grad norm: 0.016478 | Time: 1s173ms
Epoch: 040 | Test Loss: 0.0094420 | Time: 547ms
==> Save the model at epoch 040 with test loss 0.0094420
Total time: 1m5s
==> Saving trained model weights...
==> Input bias to be applied to the neural network (trained):
[0. 0. 0. 0.]
==> Input transform to be applied to the neural network (trained):
[0.708416   0.723275   0.67681897 0.67421794]
==> Output transform to be applied to the neural network (trained):
[0.2339 0.2936]
==> Saving training info...
==> Drawing training loss...
==> Drawing grad norm...
==> Drawing testing loss...
==> Process finished.
