==> torch device:  cuda:1
==> Test-Train split: test_ratio = 0.20
==> Test-Train split seed:  None
==> Further split: further_train_ratio = 0.50
==> Further split seed:  None
==> Input bias to be applied to the neural network:
[0. 0.]
==> Input transform to be applied to the neural network:
[1. 1.]
==> Ouput transform to be applied to the neural network:
[1. 1.]
==> Evaluating model...
==========================================================================================
Layer (type:depth-idx)                   Output Shape              Param #
==========================================================================================
NeuralNetwork                            [1, 2]                    6
├─Sequential: 1-1                        [1, 2]                    --
│    └─Linear: 2-1                       [1, 64]                   192
│    └─LeakyReLU: 2-2                    [1, 64]                   --
│    └─Linear: 2-3                       [1, 64]                   4,160
│    └─LeakyReLU: 2-4                    [1, 64]                   --
│    └─Linear: 2-5                       [1, 64]                   4,160
│    └─LeakyReLU: 2-6                    [1, 64]                   --
│    └─Linear: 2-7                       [1, 64]                   4,160
│    └─LeakyReLU: 2-8                    [1, 64]                   --
│    └─Linear: 2-9                       [1, 64]                   4,160
│    └─LeakyReLU: 2-10                   [1, 64]                   --
│    └─Linear: 2-11                      [1, 64]                   4,160
│    └─LeakyReLU: 2-12                   [1, 64]                   --
│    └─Linear: 2-13                      [1, 64]                   4,160
│    └─LeakyReLU: 2-14                   [1, 64]                   --
│    └─Linear: 2-15                      [1, 2]                    130
==========================================================================================
Total params: 25,288
Trainable params: 25,282
Non-trainable params: 6
Total mult-adds (M): 0.03
==========================================================================================
Input size (MB): 0.00
Forward/backward pass size (MB): 0.00
Params size (MB): 0.10
Estimated Total Size (MB): 0.10
==========================================================================================
==> Saving initial model weights...
==> Start training...
Epoch: 001 | Loss: 6.2119448 | L2 loss: 6.2119448 | Lip loss: 0.0000000 | Grad norm: 9.990879 | Time: 24s75ms
Epoch: 001 | Test Loss: 0.0997917 | Time: 617ms
==> Save the model at epoch 001 with test loss 0.0997917
Epoch: 002 | Loss: 0.0430508 | L2 loss: 0.0430507 | Lip loss: 0.0000000 | Grad norm: 6.998060 | Time: 22s970ms
Epoch: 002 | Test Loss: 0.0303786 | Time: 574ms
==> Save the model at epoch 002 with test loss 0.0303786
Epoch: 003 | Loss: 0.0313611 | L2 loss: 0.0313611 | Lip loss: 0.0000000 | Grad norm: 5.052725 | Time: 22s895ms
Epoch: 003 | Test Loss: 0.0131426 | Time: 571ms
==> Save the model at epoch 003 with test loss 0.0131426
Epoch: 004 | Loss: 0.0179130 | L2 loss: 0.0179130 | Lip loss: 0.0000000 | Grad norm: 3.272644 | Time: 22s978ms
Epoch: 004 | Test Loss: 0.0133340 | Time: 570ms
Epoch: 005 | Loss: 0.0210243 | L2 loss: 0.0210243 | Lip loss: 0.0000000 | Grad norm: 3.300497 | Time: 22s965ms
Epoch: 005 | Test Loss: 0.0172025 | Time: 567ms
Epoch: 006 | Loss: 0.0082316 | L2 loss: 0.0082316 | Lip loss: 0.0000000 | Grad norm: 0.547222 | Time: 22s901ms
Epoch: 006 | Test Loss: 0.0073726 | Time: 576ms
==> Save the model at epoch 006 with test loss 0.0073726
Epoch: 007 | Loss: 0.0078101 | L2 loss: 0.0078101 | Lip loss: 0.0000000 | Grad norm: 0.463245 | Time: 22s954ms
Epoch: 007 | Test Loss: 0.0074466 | Time: 578ms
Epoch: 008 | Loss: 0.0077886 | L2 loss: 0.0077886 | Lip loss: 0.0000000 | Grad norm: 0.468753 | Time: 22s919ms
Epoch: 008 | Test Loss: 0.0078219 | Time: 574ms
Epoch: 009 | Loss: 0.0077963 | L2 loss: 0.0077963 | Lip loss: 0.0000000 | Grad norm: 0.499568 | Time: 22s962ms
Epoch: 009 | Test Loss: 0.0073014 | Time: 572ms
==> Save the model at epoch 009 with test loss 0.0073014
Epoch: 010 | Loss: 0.0078080 | L2 loss: 0.0078080 | Lip loss: 0.0000000 | Grad norm: 0.524395 | Time: 22s952ms
Epoch: 010 | Test Loss: 0.0074033 | Time: 567ms
Epoch: 011 | Loss: 0.0074744 | L2 loss: 0.0074744 | Lip loss: 0.0000000 | Grad norm: 0.317962 | Time: 22s907ms
Epoch: 011 | Test Loss: 0.0070987 | Time: 571ms
==> Save the model at epoch 011 with test loss 0.0070987
Epoch: 012 | Loss: 0.0074496 | L2 loss: 0.0074496 | Lip loss: 0.0000000 | Grad norm: 0.290083 | Time: 22s967ms
Epoch: 012 | Test Loss: 0.0071249 | Time: 566ms
Epoch: 013 | Loss: 0.0074589 | L2 loss: 0.0074588 | Lip loss: 0.0000000 | Grad norm: 0.297948 | Time: 25s523ms
Epoch: 013 | Test Loss: 0.0071048 | Time: 635ms
Epoch: 014 | Loss: 0.0074661 | L2 loss: 0.0074661 | Lip loss: 0.0000000 | Grad norm: 0.313382 | Time: 25s255ms
Epoch: 014 | Test Loss: 0.0071121 | Time: 585ms
Epoch: 015 | Loss: 0.0074617 | L2 loss: 0.0074617 | Lip loss: 0.0000000 | Grad norm: 0.308221 | Time: 25s302ms
Epoch: 015 | Test Loss: 0.0071113 | Time: 572ms
Epoch: 016 | Loss: 0.0074432 | L2 loss: 0.0074432 | Lip loss: 0.0000000 | Grad norm: 0.285070 | Time: 25s116ms
Epoch: 016 | Test Loss: 0.0070836 | Time: 574ms
==> Save the model at epoch 016 with test loss 0.0070836
Epoch: 017 | Loss: 0.0074568 | L2 loss: 0.0074567 | Lip loss: 0.0000000 | Grad norm: 0.268436 | Time: 25s190ms
Epoch: 017 | Test Loss: 0.0070800 | Time: 573ms
==> Save the model at epoch 017 with test loss 0.0070800
Epoch: 018 | Loss: 0.0074130 | L2 loss: 0.0074130 | Lip loss: 0.0000000 | Grad norm: 0.273003 | Time: 24s614ms
Epoch: 018 | Test Loss: 0.0070823 | Time: 578ms
Epoch: 019 | Loss: 0.0074148 | L2 loss: 0.0074148 | Lip loss: 0.0000000 | Grad norm: 0.278359 | Time: 25s273ms
Epoch: 019 | Test Loss: 0.0070804 | Time: 579ms
Epoch: 020 | Loss: 0.0074098 | L2 loss: 0.0074098 | Lip loss: 0.0000000 | Grad norm: 0.257919 | Time: 25s274ms
Epoch: 020 | Test Loss: 0.0070810 | Time: 597ms
Epoch: 021 | Loss: 0.0074118 | L2 loss: 0.0074117 | Lip loss: 0.0000000 | Grad norm: 0.264949 | Time: 24s791ms
Epoch: 021 | Test Loss: 0.0070781 | Time: 639ms
==> Save the model at epoch 021 with test loss 0.0070781
Epoch: 022 | Loss: 0.0074095 | L2 loss: 0.0074095 | Lip loss: 0.0000000 | Grad norm: 0.260125 | Time: 24s809ms
Epoch: 022 | Test Loss: 0.0070788 | Time: 580ms
Epoch: 023 | Loss: 0.0074067 | L2 loss: 0.0074067 | Lip loss: 0.0000000 | Grad norm: 0.264998 | Time: 24s838ms
Epoch: 023 | Test Loss: 0.0070786 | Time: 577ms
Epoch: 024 | Loss: 0.0074121 | L2 loss: 0.0074121 | Lip loss: 0.0000000 | Grad norm: 0.266987 | Time: 24s787ms
Epoch: 024 | Test Loss: 0.0070788 | Time: 581ms
Epoch: 025 | Loss: 0.0074084 | L2 loss: 0.0074084 | Lip loss: 0.0000000 | Grad norm: 0.260987 | Time: 24s837ms
Epoch: 025 | Test Loss: 0.0070777 | Time: 581ms
==> Save the model at epoch 025 with test loss 0.0070777
Epoch: 026 | Loss: 0.0074098 | L2 loss: 0.0074098 | Lip loss: 0.0000000 | Grad norm: 0.262453 | Time: 24s914ms
Epoch: 026 | Test Loss: 0.0070778 | Time: 579ms
Epoch: 027 | Loss: 0.0074149 | L2 loss: 0.0074149 | Lip loss: 0.0000000 | Grad norm: 0.252811 | Time: 24s989ms
Epoch: 027 | Test Loss: 0.0070778 | Time: 591ms
Epoch: 028 | Loss: 0.0074203 | L2 loss: 0.0074203 | Lip loss: 0.0000000 | Grad norm: 0.270118 | Time: 23s915ms
Epoch: 028 | Test Loss: 0.0070779 | Time: 579ms
Epoch: 029 | Loss: 0.0074122 | L2 loss: 0.0074122 | Lip loss: 0.0000000 | Grad norm: 0.265367 | Time: 23s65ms
Epoch: 029 | Test Loss: 0.0070779 | Time: 567ms
Epoch: 030 | Loss: 0.0074058 | L2 loss: 0.0074057 | Lip loss: 0.0000000 | Grad norm: 0.258972 | Time: 23s120ms
Epoch: 030 | Test Loss: 0.0070780 | Time: 573ms
Epoch: 031 | Loss: 0.0074132 | L2 loss: 0.0074132 | Lip loss: 0.0000000 | Grad norm: 0.258468 | Time: 23s121ms
Epoch: 031 | Test Loss: 0.0070780 | Time: 573ms
Epoch: 032 | Loss: 0.0074065 | L2 loss: 0.0074064 | Lip loss: 0.0000000 | Grad norm: 0.258931 | Time: 23s838ms
Epoch: 032 | Test Loss: 0.0070780 | Time: 575ms
Epoch: 033 | Loss: 0.0074364 | L2 loss: 0.0074364 | Lip loss: 0.0000000 | Grad norm: 0.258227 | Time: 24s794ms
Epoch: 033 | Test Loss: 0.0070780 | Time: 586ms
Epoch: 034 | Loss: 0.0074107 | L2 loss: 0.0074106 | Lip loss: 0.0000000 | Grad norm: 0.267295 | Time: 23s670ms
Epoch: 034 | Test Loss: 0.0070780 | Time: 652ms
Epoch: 035 | Loss: 0.0074108 | L2 loss: 0.0074108 | Lip loss: 0.0000000 | Grad norm: 0.278763 | Time: 25s298ms
Epoch: 035 | Test Loss: 0.0070780 | Time: 579ms
Epoch: 036 | Loss: 0.0074085 | L2 loss: 0.0074084 | Lip loss: 0.0000000 | Grad norm: 0.260330 | Time: 23s176ms
Epoch: 036 | Test Loss: 0.0070780 | Time: 574ms
Epoch: 037 | Loss: 0.0074053 | L2 loss: 0.0074053 | Lip loss: 0.0000000 | Grad norm: 0.264095 | Time: 24s376ms
Epoch: 037 | Test Loss: 0.0070780 | Time: 586ms
Epoch: 038 | Loss: 0.0074042 | L2 loss: 0.0074042 | Lip loss: 0.0000000 | Grad norm: 0.261124 | Time: 24s771ms
Epoch: 038 | Test Loss: 0.0070780 | Time: 579ms
Epoch: 039 | Loss: 0.0074095 | L2 loss: 0.0074095 | Lip loss: 0.0000000 | Grad norm: 0.257408 | Time: 24s784ms
Epoch: 039 | Test Loss: 0.0070780 | Time: 684ms
Epoch: 040 | Loss: 0.0074065 | L2 loss: 0.0074065 | Lip loss: 0.0000000 | Grad norm: 0.256647 | Time: 25s649ms
Epoch: 040 | Test Loss: 0.0070780 | Time: 588ms
Total time: 16m29s
==> Saving trained model weights...
==> Input bias to be applied to the neural network (trained):
[0. 0.]
==> Input transform to be applied to the neural network (trained):
[1. 1.]
==> Output transform to be applied to the neural network (trained):
[1. 1.]
==> Saving training info...
==> Drawing training loss...
==> Drawing grad norm...
==> Drawing testing loss...
==> Drawing l2 loss...
==> Drawing lip loss...
==> Process finished.
