==> torch device:  cuda:0
==> Test-Train split: test_ratio = 0.20
==> Test-Train split seed:  None
==> Further split: further_train_ratio = 0.25
==> Further split seed:  None
==> Input bias to be applied to the neural network:
[0. 0.]
==> Input transform to be applied to the neural network:
[0.5090095 0.5090095]
==> Ouput transform to be applied to the neural network:
[3.9366 3.9363]
==> Evaluating model...
==========================================================================================
Layer (type:depth-idx)                   Output Shape              Param #
==========================================================================================
NeuralNetwork                            [1, 2]                    6
├─Sequential: 1-1                        [1, 2]                    --
│    └─Linear: 2-1                       [1, 64]                   192
│    └─ReLU: 2-2                         [1, 64]                   --
│    └─Linear: 2-3                       [1, 64]                   4,160
│    └─ReLU: 2-4                         [1, 64]                   --
│    └─Linear: 2-5                       [1, 64]                   4,160
│    └─ReLU: 2-6                         [1, 64]                   --
│    └─Linear: 2-7                       [1, 64]                   4,160
│    └─ReLU: 2-8                         [1, 64]                   --
│    └─Linear: 2-9                       [1, 64]                   4,160
│    └─ReLU: 2-10                        [1, 64]                   --
│    └─Linear: 2-11                      [1, 64]                   4,160
│    └─ReLU: 2-12                        [1, 64]                   --
│    └─Linear: 2-13                      [1, 64]                   4,160
│    └─ReLU: 2-14                        [1, 64]                   --
│    └─Linear: 2-15                      [1, 2]                    130
├─Sequential: 1-2                        [1, 2]                    (recursive)
│    └─Linear: 2-16                      [1, 64]                   (recursive)
│    └─ReLU: 2-17                        [1, 64]                   --
│    └─Linear: 2-18                      [1, 64]                   (recursive)
│    └─ReLU: 2-19                        [1, 64]                   --
│    └─Linear: 2-20                      [1, 64]                   (recursive)
│    └─ReLU: 2-21                        [1, 64]                   --
│    └─Linear: 2-22                      [1, 64]                   (recursive)
│    └─ReLU: 2-23                        [1, 64]                   --
│    └─Linear: 2-24                      [1, 64]                   (recursive)
│    └─ReLU: 2-25                        [1, 64]                   --
│    └─Linear: 2-26                      [1, 64]                   (recursive)
│    └─ReLU: 2-27                        [1, 64]                   --
│    └─Linear: 2-28                      [1, 64]                   (recursive)
│    └─ReLU: 2-29                        [1, 64]                   --
│    └─Linear: 2-30                      [1, 2]                    (recursive)
==========================================================================================
Total params: 25,288
Trainable params: 25,282
Non-trainable params: 6
Total mult-adds (M): 0.05
==========================================================================================
Input size (MB): 0.00
Forward/backward pass size (MB): 0.01
Params size (MB): 0.10
Estimated Total Size (MB): 0.11
==========================================================================================
==> Saving initial model weights...
==> Start training...
==> Number of param_groups in optimizer: 1
Epoch: 001 | Train Loss: 31.1135216 | Grad norm: 1.215217 | Time: 1s445ms
Epoch: 001 | Test Loss: 30.8346524 | Time: 654ms
==> Save the model at epoch 001 with test loss 30.8346524
Epoch: 002 | Train Loss: 30.0438004 | Grad norm: 4.151127 | Time: 1s330ms
Epoch: 002 | Test Loss: 26.7097662 | Time: 637ms
==> Save the model at epoch 002 with test loss 26.7097662
Epoch: 003 | Train Loss: 9.1303510 | Grad norm: 13.947797 | Time: 1s267ms
Epoch: 003 | Test Loss: 0.0656509 | Time: 640ms
==> Save the model at epoch 003 with test loss 0.0656509
Epoch: 004 | Train Loss: 0.0257917 | Grad norm: 2.293780 | Time: 1s540ms
Epoch: 004 | Test Loss: 0.0130281 | Time: 655ms
==> Save the model at epoch 004 with test loss 0.0130281
Epoch: 005 | Train Loss: 0.0142995 | Grad norm: 1.858611 | Time: 1s435ms
Epoch: 005 | Test Loss: 0.0130087 | Time: 647ms
==> Save the model at epoch 005 with test loss 0.0130087
Epoch: 006 | Train Loss: 0.0137607 | Grad norm: 2.025713 | Time: 1s385ms
Epoch: 006 | Test Loss: 0.0125037 | Time: 646ms
==> Save the model at epoch 006 with test loss 0.0125037
Epoch: 007 | Train Loss: 0.0156852 | Grad norm: 2.594704 | Time: 1s383ms
Epoch: 007 | Test Loss: 0.0183798 | Time: 730ms
Epoch: 008 | Train Loss: 0.0166905 | Grad norm: 2.593123 | Time: 1s426ms
Epoch: 008 | Test Loss: 0.0119092 | Time: 659ms
==> Save the model at epoch 008 with test loss 0.0119092
Epoch: 009 | Train Loss: 0.0169354 | Grad norm: 2.624849 | Time: 1s467ms
Epoch: 009 | Test Loss: 0.0162302 | Time: 704ms
Epoch: 010 | Train Loss: 0.0198581 | Grad norm: 2.960077 | Time: 1s278ms
Epoch: 010 | Test Loss: 0.0153746 | Time: 649ms
Epoch: 011 | Train Loss: 0.0155189 | Grad norm: 2.309005 | Time: 1s289ms
Epoch: 011 | Test Loss: 0.0196995 | Time: 719ms
Epoch: 012 | Train Loss: 0.0146507 | Grad norm: 2.262168 | Time: 1s322ms
Epoch: 012 | Test Loss: 0.0153471 | Time: 649ms
Epoch: 013 | Train Loss: 0.0168176 | Grad norm: 2.343944 | Time: 1s309ms
Epoch: 013 | Test Loss: 0.0256472 | Time: 643ms
Epoch: 014 | Train Loss: 0.0148750 | Grad norm: 2.176444 | Time: 1s342ms
Epoch: 014 | Test Loss: 0.0119327 | Time: 714ms
Epoch: 015 | Train Loss: 0.0126649 | Grad norm: 1.857022 | Time: 1s344ms
Epoch: 015 | Test Loss: 0.0121775 | Time: 731ms
Epoch: 016 | Train Loss: 0.0142044 | Grad norm: 1.993028 | Time: 1s398ms
Epoch: 016 | Test Loss: 0.0124273 | Time: 637ms
Epoch: 017 | Train Loss: 0.0137867 | Grad norm: 1.934442 | Time: 995ms
Epoch: 017 | Test Loss: 0.0211112 | Time: 605ms
Epoch: 018 | Train Loss: 0.0137346 | Grad norm: 1.795812 | Time: 1s
Epoch: 018 | Test Loss: 0.0156018 | Time: 607ms
Epoch: 019 | Train Loss: 0.0125194 | Grad norm: 1.763006 | Time: 1s64ms
Epoch: 019 | Test Loss: 0.0107596 | Time: 603ms
==> Save the model at epoch 019 with test loss 0.0107596
Epoch: 020 | Train Loss: 0.0113325 | Grad norm: 1.602263 | Time: 1s333ms
Epoch: 020 | Test Loss: 0.0092380 | Time: 631ms
==> Save the model at epoch 020 with test loss 0.0092380
Epoch: 021 | Train Loss: 0.0105507 | Grad norm: 1.376090 | Time: 1s390ms
Epoch: 021 | Test Loss: 0.0089901 | Time: 668ms
==> Save the model at epoch 021 with test loss 0.0089901
Epoch: 022 | Train Loss: 0.0108674 | Grad norm: 1.457337 | Time: 1s358ms
Epoch: 022 | Test Loss: 0.0091338 | Time: 689ms
Epoch: 023 | Train Loss: 0.0099199 | Grad norm: 1.228467 | Time: 1s326ms
Epoch: 023 | Test Loss: 0.0114158 | Time: 644ms
Epoch: 024 | Train Loss: 0.0096627 | Grad norm: 1.167702 | Time: 1s311ms
Epoch: 024 | Test Loss: 0.0117921 | Time: 707ms
Epoch: 025 | Train Loss: 0.0097112 | Grad norm: 1.212007 | Time: 1s342ms
Epoch: 025 | Test Loss: 0.0076967 | Time: 634ms
==> Save the model at epoch 025 with test loss 0.0076967
Epoch: 026 | Train Loss: 0.0090979 | Grad norm: 1.029260 | Time: 1s357ms
Epoch: 026 | Test Loss: 0.0096955 | Time: 721ms
Epoch: 027 | Train Loss: 0.0087131 | Grad norm: 0.903946 | Time: 1s371ms
Epoch: 027 | Test Loss: 0.0086440 | Time: 629ms
Epoch: 028 | Train Loss: 0.0085700 | Grad norm: 0.833788 | Time: 1s362ms
Epoch: 028 | Test Loss: 0.0079397 | Time: 634ms
Epoch: 029 | Train Loss: 0.0083655 | Grad norm: 0.753844 | Time: 1s284ms
Epoch: 029 | Test Loss: 0.0082033 | Time: 624ms
Epoch: 030 | Train Loss: 0.0081265 | Grad norm: 0.673806 | Time: 1s20ms
Epoch: 030 | Test Loss: 0.0076105 | Time: 667ms
==> Save the model at epoch 030 with test loss 0.0076105
Epoch: 031 | Train Loss: 0.0082884 | Grad norm: 0.751629 | Time: 995ms
Epoch: 031 | Test Loss: 0.0074159 | Time: 603ms
==> Save the model at epoch 031 with test loss 0.0074159
Epoch: 032 | Train Loss: 0.0079410 | Grad norm: 0.609086 | Time: 997ms
Epoch: 032 | Test Loss: 0.0075737 | Time: 608ms
Epoch: 033 | Train Loss: 0.0078634 | Grad norm: 0.579217 | Time: 996ms
Epoch: 033 | Test Loss: 0.0074096 | Time: 607ms
==> Save the model at epoch 033 with test loss 0.0074096
Epoch: 034 | Train Loss: 0.0076868 | Grad norm: 0.481975 | Time: 1s59ms
Epoch: 034 | Test Loss: 0.0074245 | Time: 604ms
Epoch: 035 | Train Loss: 0.0076249 | Grad norm: 0.443666 | Time: 996ms
Epoch: 035 | Test Loss: 0.0071962 | Time: 609ms
==> Save the model at epoch 035 with test loss 0.0071962
Epoch: 036 | Train Loss: 0.0076325 | Grad norm: 0.478383 | Time: 995ms
Epoch: 036 | Test Loss: 0.0073343 | Time: 602ms
Epoch: 037 | Train Loss: 0.0074775 | Grad norm: 0.345065 | Time: 998ms
Epoch: 037 | Test Loss: 0.0071163 | Time: 607ms
==> Save the model at epoch 037 with test loss 0.0071163
Epoch: 038 | Train Loss: 0.0074305 | Grad norm: 0.310135 | Time: 1s55ms
Epoch: 038 | Test Loss: 0.0070610 | Time: 611ms
==> Save the model at epoch 038 with test loss 0.0070610
Epoch: 039 | Train Loss: 0.0074137 | Grad norm: 0.295749 | Time: 1s1ms
Epoch: 039 | Test Loss: 0.0070744 | Time: 607ms
Epoch: 040 | Train Loss: 0.0073833 | Grad norm: 0.279758 | Time: 996ms
Epoch: 040 | Test Loss: 0.0070356 | Time: 609ms
==> Save the model at epoch 040 with test loss 0.0070356
Total time: 1m15s
==> Saving trained model weights...
==> Input bias to be applied to the neural network (trained):
[0. 0.]
==> Input transform to be applied to the neural network (trained):
[0.5090095 0.5090095]
==> Output transform to be applied to the neural network (trained):
[3.9366 3.9363]
==> Saving training info...
==> Drawing training loss...
==> Drawing grad norm...
==> Drawing testing loss...
==> Process finished.
