==> torch device:  cuda:3
==> Test-Train split: test_ratio = 0.20
==> Test-Train split seed:  None
==> Further split: further_train_ratio = 1.00
==> Further split seed:  None
==> Lipschitz constant: 1.00
==> Input bias to be applied to the neural network:
[0. 0.]
==> Input transform to be applied to the neural network:
[0.48014596 0.48395684]
==> Ouput transform to be applied to the neural network:
[2.0663 2.0805]
==> Evaluating model...
==========================================================================================
Layer (type:depth-idx)                   Output Shape              Param #
==========================================================================================
NeuralNetwork                            [1, 2]                    6
├─Sequential: 1-1                        [1, 2]                    --
│    └─SandwichFc: 2-1                   [1, 64]                   4,353
│    └─SandwichFc: 2-2                   [1, 64]                   8,321
│    └─SandwichFc: 2-3                   [1, 64]                   8,321
│    └─SandwichFc: 2-4                   [1, 64]                   8,321
│    └─SandwichFc: 2-5                   [1, 64]                   8,321
│    └─SandwichFc: 2-6                   [1, 64]                   8,321
│    └─SandwichFc: 2-7                   [1, 64]                   8,321
│    └─SandwichLin: 2-8                  [1, 2]                    135
├─Sequential: 1-2                        [1, 2]                    (recursive)
│    └─SandwichFc: 2-9                   [1, 64]                   (recursive)
│    └─SandwichFc: 2-10                  [1, 64]                   (recursive)
│    └─SandwichFc: 2-11                  [1, 64]                   (recursive)
│    └─SandwichFc: 2-12                  [1, 64]                   (recursive)
│    └─SandwichFc: 2-13                  [1, 64]                   (recursive)
│    └─SandwichFc: 2-14                  [1, 64]                   (recursive)
│    └─SandwichFc: 2-15                  [1, 64]                   (recursive)
│    └─SandwichLin: 2-16                 [1, 2]                    (recursive)
==========================================================================================
Total params: 54,420
Trainable params: 54,414
Non-trainable params: 6
Total mult-adds (Units.MEGABYTES): 0.11
==========================================================================================
Input size (MB): 0.00
Forward/backward pass size (MB): 0.01
Params size (MB): 0.22
Estimated Total Size (MB): 0.22
==========================================================================================
==> Saving initial model weights...
==> Start training...
==> Number of param_groups in optimizer: 1
Epoch: 001 | Train Loss: 8.5951812 | Grad norm: 2.707216 | Time: 27s770ms
Epoch: 001 | Test Loss: 8.5903258 | Time: 954ms
==> Save the model at epoch 001 with test loss 8.5903258
Epoch: 002 | Train Loss: 1.0926167 | Grad norm: 2.280936 | Time: 28s469ms
Epoch: 002 | Test Loss: 0.2448948 | Time: 932ms
==> Save the model at epoch 002 with test loss 0.2448948
Epoch: 003 | Train Loss: 0.1294830 | Grad norm: 1.853193 | Time: 28s247ms
Epoch: 003 | Test Loss: 0.0668188 | Time: 949ms
==> Save the model at epoch 003 with test loss 0.0668188
Epoch: 004 | Train Loss: 0.0646305 | Grad norm: 2.697140 | Time: 27s835ms
Epoch: 004 | Test Loss: 0.0621978 | Time: 946ms
==> Save the model at epoch 004 with test loss 0.0621978
Epoch: 005 | Train Loss: 0.0580077 | Grad norm: 3.167034 | Time: 27s747ms
Epoch: 005 | Test Loss: 0.0480257 | Time: 1s29ms
==> Save the model at epoch 005 with test loss 0.0480257
Epoch: 006 | Train Loss: 0.0546917 | Grad norm: 3.227295 | Time: 27s471ms
Epoch: 006 | Test Loss: 0.0486554 | Time: 934ms
Epoch: 007 | Train Loss: 0.0521281 | Grad norm: 3.134440 | Time: 27s773ms
Epoch: 007 | Test Loss: 0.0571860 | Time: 1s1ms
Epoch: 008 | Train Loss: 0.0498573 | Grad norm: 2.925427 | Time: 28s306ms
Epoch: 008 | Test Loss: 0.0403509 | Time: 953ms
==> Save the model at epoch 008 with test loss 0.0403509
Epoch: 009 | Train Loss: 0.0480553 | Grad norm: 2.665554 | Time: 28s86ms
Epoch: 009 | Test Loss: 0.0438387 | Time: 937ms
Epoch: 010 | Train Loss: 0.0419455 | Grad norm: 1.598285 | Time: 27s939ms
Epoch: 010 | Test Loss: 0.0375613 | Time: 942ms
==> Save the model at epoch 010 with test loss 0.0375613
Epoch: 011 | Train Loss: 0.0384719 | Grad norm: 0.960537 | Time: 27s895ms
Epoch: 011 | Test Loss: 0.0400228 | Time: 930ms
Epoch: 012 | Train Loss: 0.0399834 | Grad norm: 1.244454 | Time: 28s171ms
Epoch: 012 | Test Loss: 0.0423231 | Time: 1s17ms
Epoch: 013 | Train Loss: 0.0385341 | Grad norm: 0.916296 | Time: 27s921ms
Epoch: 013 | Test Loss: 0.0361853 | Time: 1s3ms
==> Save the model at epoch 013 with test loss 0.0361853
Epoch: 014 | Train Loss: 0.0378901 | Grad norm: 0.768378 | Time: 27s549ms
Epoch: 014 | Test Loss: 0.0361838 | Time: 1s18ms
==> Save the model at epoch 014 with test loss 0.0361838
Epoch: 015 | Train Loss: 0.0375681 | Grad norm: 0.661002 | Time: 27s897ms
Epoch: 015 | Test Loss: 0.0375440 | Time: 944ms
Epoch: 016 | Train Loss: 0.0373654 | Grad norm: 0.646196 | Time: 27s792ms
Epoch: 016 | Test Loss: 0.0360276 | Time: 950ms
==> Save the model at epoch 016 with test loss 0.0360276
Epoch: 017 | Train Loss: 0.0371427 | Grad norm: 0.578485 | Time: 27s900ms
Epoch: 017 | Test Loss: 0.0359301 | Time: 942ms
==> Save the model at epoch 017 with test loss 0.0359301
Epoch: 018 | Train Loss: 0.0373085 | Grad norm: 0.594437 | Time: 27s845ms
Epoch: 018 | Test Loss: 0.0368862 | Time: 933ms
Epoch: 019 | Train Loss: 0.0373454 | Grad norm: 0.599822 | Time: 28s63ms
Epoch: 019 | Test Loss: 0.0383708 | Time: 950ms
Epoch: 020 | Train Loss: 0.0369442 | Grad norm: 0.525736 | Time: 27s458ms
Epoch: 020 | Test Loss: 0.0374639 | Time: 950ms
Epoch: 021 | Train Loss: 0.0369329 | Grad norm: 0.517986 | Time: 28s54ms
Epoch: 021 | Test Loss: 0.0360716 | Time: 937ms
Epoch: 022 | Train Loss: 0.0366214 | Grad norm: 0.434635 | Time: 27s821ms
Epoch: 022 | Test Loss: 0.0356251 | Time: 934ms
==> Save the model at epoch 022 with test loss 0.0356251
Epoch: 023 | Train Loss: 0.0365675 | Grad norm: 0.420639 | Time: 28s709ms
Epoch: 023 | Test Loss: 0.0357197 | Time: 934ms
Epoch: 024 | Train Loss: 0.0364417 | Grad norm: 0.392933 | Time: 27s748ms
Epoch: 024 | Test Loss: 0.0361351 | Time: 952ms
Epoch: 025 | Train Loss: 0.0365033 | Grad norm: 0.401403 | Time: 27s842ms
Epoch: 025 | Test Loss: 0.0364353 | Time: 937ms
Epoch: 026 | Train Loss: 0.0363420 | Grad norm: 0.365956 | Time: 27s814ms
Epoch: 026 | Test Loss: 0.0368792 | Time: 941ms
Epoch: 027 | Train Loss: 0.0362980 | Grad norm: 0.358458 | Time: 27s868ms
Epoch: 027 | Test Loss: 0.0361912 | Time: 1s12ms
Epoch: 028 | Train Loss: 0.0362835 | Grad norm: 0.358835 | Time: 28s144ms
Epoch: 028 | Test Loss: 0.0355816 | Time: 1s4ms
==> Save the model at epoch 028 with test loss 0.0355816
Epoch: 029 | Train Loss: 0.0361650 | Grad norm: 0.301600 | Time: 27s943ms
Epoch: 029 | Test Loss: 0.0362636 | Time: 1s12ms
Epoch: 030 | Train Loss: 0.0361462 | Grad norm: 0.315552 | Time: 28s296ms
Epoch: 030 | Test Loss: 0.0369423 | Time: 950ms
Epoch: 031 | Train Loss: 0.0360241 | Grad norm: 0.255256 | Time: 28s236ms
Epoch: 031 | Test Loss: 0.0355059 | Time: 987ms
==> Save the model at epoch 031 with test loss 0.0355059
Epoch: 032 | Train Loss: 0.0360335 | Grad norm: 0.263047 | Time: 28s32ms
Epoch: 032 | Test Loss: 0.0354971 | Time: 943ms
==> Save the model at epoch 032 with test loss 0.0354971
Epoch: 033 | Train Loss: 0.0359756 | Grad norm: 0.247311 | Time: 27s927ms
Epoch: 033 | Test Loss: 0.0358054 | Time: 951ms
Epoch: 034 | Train Loss: 0.0359295 | Grad norm: 0.225403 | Time: 27s873ms
Epoch: 034 | Test Loss: 0.0359395 | Time: 950ms
Epoch: 035 | Train Loss: 0.0358941 | Grad norm: 0.211067 | Time: 27s925ms
Epoch: 035 | Test Loss: 0.0354846 | Time: 938ms
==> Save the model at epoch 035 with test loss 0.0354846
Epoch: 036 | Train Loss: 0.0358452 | Grad norm: 0.186631 | Time: 28s468ms
Epoch: 036 | Test Loss: 0.0356059 | Time: 933ms
Epoch: 037 | Train Loss: 0.0358289 | Grad norm: 0.185258 | Time: 28s208ms
Epoch: 037 | Test Loss: 0.0355950 | Time: 941ms
Epoch: 038 | Train Loss: 0.0358016 | Grad norm: 0.168820 | Time: 28s140ms
Epoch: 038 | Test Loss: 0.0354447 | Time: 945ms
==> Save the model at epoch 038 with test loss 0.0354447
Epoch: 039 | Train Loss: 0.0357853 | Grad norm: 0.165349 | Time: 27s96ms
Epoch: 039 | Test Loss: 0.0354710 | Time: 952ms
Epoch: 040 | Train Loss: 0.0357697 | Grad norm: 0.151107 | Time: 28s638ms
Epoch: 040 | Test Loss: 0.0354467 | Time: 926ms
Total time: 19m17s
==> Saving trained model weights...
==> Input bias to be applied to the neural network (trained):
[0. 0.]
==> Input transform to be applied to the neural network (trained):
[0.48014596 0.48395684]
==> Output transform to be applied to the neural network (trained):
[2.0663 2.0805]
==> Saving training info...
==> Drawing training loss...
==> Drawing grad norm...
==> Drawing testing loss...
==> Process finished.
