==> torch device:  cuda:3
==> Test-Train split: test_ratio = 0.20
==> Test-Train split seed:  None
==> Further split: further_train_ratio = 1.00
==> Further split seed:  None
==> Input bias to be applied to the neural network:
[0. 0. 0. 0.]
==> Input transform to be applied to the neural network:
[1. 1. 1. 1.]
==> Ouput transform to be applied to the neural network:
[1. 1.]
==> Evaluating model...
==========================================================================================
Layer (type:depth-idx)                   Output Shape              Param #
==========================================================================================
NeuralNetwork                            [1, 2]                    10
├─Sequential: 1-1                        [1, 2]                    --
│    └─Linear: 2-1                       [1, 64]                   320
│    └─LeakyReLU: 2-2                    [1, 64]                   --
│    └─Linear: 2-3                       [1, 64]                   4,160
│    └─LeakyReLU: 2-4                    [1, 64]                   --
│    └─Linear: 2-5                       [1, 64]                   4,160
│    └─LeakyReLU: 2-6                    [1, 64]                   --
│    └─Linear: 2-7                       [1, 64]                   4,160
│    └─LeakyReLU: 2-8                    [1, 64]                   --
│    └─Linear: 2-9                       [1, 64]                   4,160
│    └─LeakyReLU: 2-10                   [1, 64]                   --
│    └─Linear: 2-11                      [1, 64]                   4,160
│    └─LeakyReLU: 2-12                   [1, 64]                   --
│    └─Linear: 2-13                      [1, 64]                   4,160
│    └─LeakyReLU: 2-14                   [1, 64]                   --
│    └─Linear: 2-15                      [1, 2]                    130
==========================================================================================
Total params: 25,420
Trainable params: 25,410
Non-trainable params: 10
Total mult-adds (Units.MEGABYTES): 0.03
==========================================================================================
Input size (MB): 0.00
Forward/backward pass size (MB): 0.00
Params size (MB): 0.10
Estimated Total Size (MB): 0.11
==========================================================================================
==> Saving initial model weights...
==> Start training...
Epoch: 001 | Loss: 0.0210143 | L2 loss: 0.0192441 | Lip loss: 0.0017702 | Grad norm: 0.077823 | Time: 35s81ms
Epoch: 001 | Test Loss: 0.0101119 | Time: 504ms
==> Save the model at epoch 001 with test loss 0.0101119
Epoch: 002 | Loss: 0.0120711 | L2 loss: 0.0102229 | Lip loss: 0.0018482 | Grad norm: 0.052364 | Time: 34s760ms
Epoch: 002 | Test Loss: 0.0097818 | Time: 508ms
==> Save the model at epoch 002 with test loss 0.0097818
Epoch: 003 | Loss: 0.0119482 | L2 loss: 0.0101039 | Lip loss: 0.0018443 | Grad norm: 0.050881 | Time: 34s176ms
Epoch: 003 | Test Loss: 0.0095181 | Time: 499ms
==> Save the model at epoch 003 with test loss 0.0095181
Epoch: 004 | Loss: 0.0118132 | L2 loss: 0.0099793 | Lip loss: 0.0018339 | Grad norm: 0.044672 | Time: 35s935ms
Epoch: 004 | Test Loss: 0.0095797 | Time: 512ms
Epoch: 005 | Loss: 0.0117822 | L2 loss: 0.0099389 | Lip loss: 0.0018433 | Grad norm: 0.045272 | Time: 35s257ms
Epoch: 005 | Test Loss: 0.0096870 | Time: 502ms
Epoch: 006 | Loss: 0.0114473 | L2 loss: 0.0096025 | Lip loss: 0.0018448 | Grad norm: 0.026930 | Time: 34s552ms
Epoch: 006 | Test Loss: 0.0091901 | Time: 580ms
==> Save the model at epoch 006 with test loss 0.0091901
Epoch: 007 | Loss: 0.0114023 | L2 loss: 0.0095612 | Lip loss: 0.0018412 | Grad norm: 0.026499 | Time: 34s982ms
Epoch: 007 | Test Loss: 0.0092175 | Time: 584ms
Epoch: 008 | Loss: 0.0113785 | L2 loss: 0.0095372 | Lip loss: 0.0018413 | Grad norm: 0.028105 | Time: 34s940ms
Epoch: 008 | Test Loss: 0.0091368 | Time: 505ms
==> Save the model at epoch 008 with test loss 0.0091368
Epoch: 009 | Loss: 0.0113513 | L2 loss: 0.0094963 | Lip loss: 0.0018549 | Grad norm: 0.027960 | Time: 34s454ms
Epoch: 009 | Test Loss: 0.0090835 | Time: 508ms
==> Save the model at epoch 009 with test loss 0.0090835
Epoch: 010 | Loss: 0.0112901 | L2 loss: 0.0094337 | Lip loss: 0.0018564 | Grad norm: 0.029428 | Time: 34s243ms
Epoch: 010 | Test Loss: 0.0090423 | Time: 518ms
==> Save the model at epoch 010 with test loss 0.0090423
Epoch: 011 | Loss: 0.0112000 | L2 loss: 0.0093456 | Lip loss: 0.0018544 | Grad norm: 0.027048 | Time: 34s989ms
Epoch: 011 | Test Loss: 0.0089739 | Time: 496ms
==> Save the model at epoch 011 with test loss 0.0089739
Epoch: 012 | Loss: 0.0111841 | L2 loss: 0.0093271 | Lip loss: 0.0018569 | Grad norm: 0.026785 | Time: 34s638ms
Epoch: 012 | Test Loss: 0.0089582 | Time: 639ms
==> Save the model at epoch 012 with test loss 0.0089582
Epoch: 013 | Loss: 0.0111735 | L2 loss: 0.0093173 | Lip loss: 0.0018562 | Grad norm: 0.027081 | Time: 35s495ms
Epoch: 013 | Test Loss: 0.0089474 | Time: 500ms
==> Save the model at epoch 013 with test loss 0.0089474
Epoch: 014 | Loss: 0.0111647 | L2 loss: 0.0093053 | Lip loss: 0.0018594 | Grad norm: 0.026744 | Time: 35s550ms
Epoch: 014 | Test Loss: 0.0089351 | Time: 499ms
==> Save the model at epoch 014 with test loss 0.0089351
Epoch: 015 | Loss: 0.0111622 | L2 loss: 0.0092944 | Lip loss: 0.0018678 | Grad norm: 0.027312 | Time: 35s9ms
Epoch: 015 | Test Loss: 0.0089321 | Time: 570ms
==> Save the model at epoch 015 with test loss 0.0089321
Epoch: 016 | Loss: 0.0111287 | L2 loss: 0.0092845 | Lip loss: 0.0018442 | Grad norm: 0.026283 | Time: 34s274ms
Epoch: 016 | Test Loss: 0.0089258 | Time: 592ms
==> Save the model at epoch 016 with test loss 0.0089258
Epoch: 017 | Loss: 0.0111263 | L2 loss: 0.0092822 | Lip loss: 0.0018441 | Grad norm: 0.026961 | Time: 33s913ms
Epoch: 017 | Test Loss: 0.0089231 | Time: 504ms
==> Save the model at epoch 017 with test loss 0.0089231
Epoch: 018 | Loss: 0.0111478 | L2 loss: 0.0092809 | Lip loss: 0.0018669 | Grad norm: 0.026753 | Time: 34s353ms
Epoch: 018 | Test Loss: 0.0089220 | Time: 498ms
==> Save the model at epoch 018 with test loss 0.0089220
Epoch: 019 | Loss: 0.0111345 | L2 loss: 0.0092790 | Lip loss: 0.0018555 | Grad norm: 0.026531 | Time: 34s262ms
Epoch: 019 | Test Loss: 0.0089228 | Time: 505ms
Epoch: 020 | Loss: 0.0111270 | L2 loss: 0.0092782 | Lip loss: 0.0018487 | Grad norm: 0.026390 | Time: 35s10ms
Epoch: 020 | Test Loss: 0.0089205 | Time: 499ms
==> Save the model at epoch 020 with test loss 0.0089205
Epoch: 021 | Loss: 0.0111353 | L2 loss: 0.0092770 | Lip loss: 0.0018583 | Grad norm: 0.026886 | Time: 34s302ms
Epoch: 021 | Test Loss: 0.0089202 | Time: 509ms
==> Save the model at epoch 021 with test loss 0.0089202
Epoch: 022 | Loss: 0.0111196 | L2 loss: 0.0092769 | Lip loss: 0.0018427 | Grad norm: 0.027054 | Time: 34s682ms
Epoch: 022 | Test Loss: 0.0089201 | Time: 501ms
==> Save the model at epoch 022 with test loss 0.0089201
Epoch: 023 | Loss: 0.0111348 | L2 loss: 0.0092767 | Lip loss: 0.0018581 | Grad norm: 0.026883 | Time: 34s909ms
Epoch: 023 | Test Loss: 0.0089198 | Time: 518ms
==> Save the model at epoch 023 with test loss 0.0089198
Epoch: 024 | Loss: 0.0111231 | L2 loss: 0.0092765 | Lip loss: 0.0018466 | Grad norm: 0.026627 | Time: 34s885ms
Epoch: 024 | Test Loss: 0.0089196 | Time: 587ms
==> Save the model at epoch 024 with test loss 0.0089196
Epoch: 025 | Loss: 0.0111300 | L2 loss: 0.0092763 | Lip loss: 0.0018537 | Grad norm: 0.027213 | Time: 34s415ms
Epoch: 025 | Test Loss: 0.0089195 | Time: 573ms
==> Save the model at epoch 025 with test loss 0.0089195
Epoch: 026 | Loss: 0.0111168 | L2 loss: 0.0092762 | Lip loss: 0.0018406 | Grad norm: 0.026814 | Time: 35s324ms
Epoch: 026 | Test Loss: 0.0089195 | Time: 496ms
==> Save the model at epoch 026 with test loss 0.0089195
Epoch: 027 | Loss: 0.0111444 | L2 loss: 0.0092762 | Lip loss: 0.0018682 | Grad norm: 0.027000 | Time: 34s456ms
Epoch: 027 | Test Loss: 0.0089195 | Time: 501ms
==> Save the model at epoch 027 with test loss 0.0089195
Epoch: 028 | Loss: 0.0111314 | L2 loss: 0.0092762 | Lip loss: 0.0018552 | Grad norm: 0.027054 | Time: 35s445ms
Epoch: 028 | Test Loss: 0.0089195 | Time: 506ms
==> Save the model at epoch 028 with test loss 0.0089195
Epoch: 029 | Loss: 0.0111264 | L2 loss: 0.0092762 | Lip loss: 0.0018502 | Grad norm: 0.026786 | Time: 35s3ms
Epoch: 029 | Test Loss: 0.0089195 | Time: 522ms
==> Save the model at epoch 029 with test loss 0.0089195
Epoch: 030 | Loss: 0.0111248 | L2 loss: 0.0092762 | Lip loss: 0.0018486 | Grad norm: 0.026744 | Time: 33s829ms
Epoch: 030 | Test Loss: 0.0089194 | Time: 507ms
==> Save the model at epoch 030 with test loss 0.0089194
Epoch: 031 | Loss: 0.0111312 | L2 loss: 0.0092762 | Lip loss: 0.0018550 | Grad norm: 0.026781 | Time: 35s481ms
Epoch: 031 | Test Loss: 0.0089194 | Time: 514ms
==> Save the model at epoch 031 with test loss 0.0089194
Epoch: 032 | Loss: 0.0111325 | L2 loss: 0.0092762 | Lip loss: 0.0018563 | Grad norm: 0.026455 | Time: 34s647ms
Epoch: 032 | Test Loss: 0.0089194 | Time: 581ms
==> Save the model at epoch 032 with test loss 0.0089194
Epoch: 033 | Loss: 0.0111309 | L2 loss: 0.0092762 | Lip loss: 0.0018548 | Grad norm: 0.026348 | Time: 34s414ms
Epoch: 033 | Test Loss: 0.0089194 | Time: 512ms
==> Save the model at epoch 033 with test loss 0.0089194
Epoch: 034 | Loss: 0.0111157 | L2 loss: 0.0092762 | Lip loss: 0.0018395 | Grad norm: 0.027352 | Time: 35s309ms
Epoch: 034 | Test Loss: 0.0089194 | Time: 569ms
==> Save the model at epoch 034 with test loss 0.0089194
Epoch: 035 | Loss: 0.0111364 | L2 loss: 0.0092762 | Lip loss: 0.0018602 | Grad norm: 0.026996 | Time: 35s244ms
Epoch: 035 | Test Loss: 0.0089194 | Time: 569ms
==> Save the model at epoch 035 with test loss 0.0089194
Epoch: 036 | Loss: 0.0111286 | L2 loss: 0.0092762 | Lip loss: 0.0018524 | Grad norm: 0.027054 | Time: 34s437ms
Epoch: 036 | Test Loss: 0.0089194 | Time: 502ms
Epoch: 037 | Loss: 0.0111312 | L2 loss: 0.0092762 | Lip loss: 0.0018550 | Grad norm: 0.026737 | Time: 34s857ms
Epoch: 037 | Test Loss: 0.0089194 | Time: 499ms
Epoch: 038 | Loss: 0.0111393 | L2 loss: 0.0092762 | Lip loss: 0.0018631 | Grad norm: 0.026908 | Time: 34s615ms
Epoch: 038 | Test Loss: 0.0089194 | Time: 497ms
==> Save the model at epoch 038 with test loss 0.0089194
Epoch: 039 | Loss: 0.0111419 | L2 loss: 0.0092762 | Lip loss: 0.0018657 | Grad norm: 0.026808 | Time: 35s64ms
Epoch: 039 | Test Loss: 0.0089194 | Time: 508ms
Epoch: 040 | Loss: 0.0111330 | L2 loss: 0.0092762 | Lip loss: 0.0018568 | Grad norm: 0.026656 | Time: 34s514ms
Epoch: 040 | Test Loss: 0.0089194 | Time: 508ms
Total time: 23m32s
==> Saving trained model weights...
==> Input bias to be applied to the neural network (trained):
[0. 0. 0. 0.]
==> Input transform to be applied to the neural network (trained):
[1. 1. 1. 1.]
==> Output transform to be applied to the neural network (trained):
[1. 1.]
==> Saving training info...
==> Drawing training loss...
==> Drawing grad norm...
==> Drawing testing loss...
==> Drawing l2 loss...
==> Drawing lip loss...
==> Process finished.
