==> torch device:  cuda:0
==> Test-Train split: test_ratio = 0.20
==> Test-Train split seed:  None
==> Further split: further_train_ratio = 1.00
==> Further split seed:  None
==> Input bias to be applied to the neural network:
[0. 0. 0. 0.]
==> Input transform to be applied to the neural network:
[ 0.62900996  0.6288517  11.614402    9.487666  ]
==> Ouput transform to be applied to the neural network:
[0.0195 0.021 ]
==> Evaluating model...
==========================================================================================
Layer (type:depth-idx)                   Output Shape              Param #
==========================================================================================
NeuralNetwork                            [1, 2]                    10
├─Sequential: 1-1                        [1, 2]                    --
│    └─Linear: 2-1                       [1, 64]                   320
│    └─ReLU: 2-2                         [1, 64]                   --
│    └─Linear: 2-3                       [1, 64]                   4,160
│    └─ReLU: 2-4                         [1, 64]                   --
│    └─Linear: 2-5                       [1, 64]                   4,160
│    └─ReLU: 2-6                         [1, 64]                   --
│    └─Linear: 2-7                       [1, 64]                   4,160
│    └─ReLU: 2-8                         [1, 64]                   --
│    └─Linear: 2-9                       [1, 64]                   4,160
│    └─ReLU: 2-10                        [1, 64]                   --
│    └─Linear: 2-11                      [1, 64]                   4,160
│    └─ReLU: 2-12                        [1, 64]                   --
│    └─Linear: 2-13                      [1, 64]                   4,160
│    └─ReLU: 2-14                        [1, 64]                   --
│    └─Linear: 2-15                      [1, 2]                    130
├─Sequential: 1-2                        [1, 2]                    (recursive)
│    └─Linear: 2-16                      [1, 64]                   (recursive)
│    └─ReLU: 2-17                        [1, 64]                   --
│    └─Linear: 2-18                      [1, 64]                   (recursive)
│    └─ReLU: 2-19                        [1, 64]                   --
│    └─Linear: 2-20                      [1, 64]                   (recursive)
│    └─ReLU: 2-21                        [1, 64]                   --
│    └─Linear: 2-22                      [1, 64]                   (recursive)
│    └─ReLU: 2-23                        [1, 64]                   --
│    └─Linear: 2-24                      [1, 64]                   (recursive)
│    └─ReLU: 2-25                        [1, 64]                   --
│    └─Linear: 2-26                      [1, 64]                   (recursive)
│    └─ReLU: 2-27                        [1, 64]                   --
│    └─Linear: 2-28                      [1, 64]                   (recursive)
│    └─ReLU: 2-29                        [1, 64]                   --
│    └─Linear: 2-30                      [1, 2]                    (recursive)
==========================================================================================
Total params: 25,420
Trainable params: 25,410
Non-trainable params: 10
Total mult-adds (Units.MEGABYTES): 0.05
==========================================================================================
Input size (MB): 0.00
Forward/backward pass size (MB): 0.01
Params size (MB): 0.10
Estimated Total Size (MB): 0.11
==========================================================================================
==> Saving initial model weights...
==> Start training...
==> Number of param_groups in optimizer: 1
Epoch: 001 | Train Loss: 0.0008236 | Grad norm: 0.000025 | Time: 4s377ms
Epoch: 001 | Test Loss: 0.0008239 | Time: 514ms
==> Save the model at epoch 001 with test loss 0.0008239
Epoch: 002 | Train Loss: 0.0008229 | Grad norm: 0.000009 | Time: 4s372ms
Epoch: 002 | Test Loss: 0.0008234 | Time: 509ms
==> Save the model at epoch 002 with test loss 0.0008234
Epoch: 003 | Train Loss: 0.0008234 | Grad norm: 0.000001 | Time: 4s412ms
Epoch: 003 | Test Loss: 0.0008237 | Time: 528ms
Epoch: 004 | Train Loss: 0.0008234 | Grad norm: 0.000000 | Time: 4s302ms
Epoch: 004 | Test Loss: 0.0008237 | Time: 531ms
Epoch: 005 | Train Loss: 0.0008234 | Grad norm: 0.000000 | Time: 4s245ms
Epoch: 005 | Test Loss: 0.0008237 | Time: 511ms
Epoch: 006 | Train Loss: 0.0008234 | Grad norm: 0.000000 | Time: 4s561ms
Epoch: 006 | Test Loss: 0.0008237 | Time: 590ms
Epoch: 007 | Train Loss: 0.0008234 | Grad norm: 0.000000 | Time: 4s328ms
Epoch: 007 | Test Loss: 0.0008237 | Time: 512ms
Epoch: 008 | Train Loss: 0.0008234 | Grad norm: 0.000000 | Time: 4s504ms
Epoch: 008 | Test Loss: 0.0008237 | Time: 533ms
Epoch: 009 | Train Loss: 0.0008234 | Grad norm: 0.000000 | Time: 4s308ms
Epoch: 009 | Test Loss: 0.0008237 | Time: 512ms
Epoch: 010 | Train Loss: 0.0008234 | Grad norm: 0.000000 | Time: 4s322ms
Epoch: 010 | Test Loss: 0.0008237 | Time: 515ms
Epoch: 011 | Train Loss: 0.0008234 | Grad norm: 0.000000 | Time: 4s350ms
Epoch: 011 | Test Loss: 0.0008237 | Time: 513ms
Epoch: 012 | Train Loss: 0.0008234 | Grad norm: 0.000000 | Time: 4s459ms
Epoch: 012 | Test Loss: 0.0008237 | Time: 520ms
Epoch: 013 | Train Loss: 0.0008234 | Grad norm: 0.000000 | Time: 4s656ms
Epoch: 013 | Test Loss: 0.0008237 | Time: 515ms
Epoch: 014 | Train Loss: 0.0008234 | Grad norm: 0.000000 | Time: 4s304ms
Epoch: 014 | Test Loss: 0.0008237 | Time: 602ms
Epoch: 015 | Train Loss: 0.0008234 | Grad norm: 0.000000 | Time: 4s321ms
Epoch: 015 | Test Loss: 0.0008237 | Time: 533ms
Epoch: 016 | Train Loss: 0.0008234 | Grad norm: 0.000000 | Time: 4s391ms
Epoch: 016 | Test Loss: 0.0008237 | Time: 518ms
Epoch: 017 | Train Loss: 0.0008234 | Grad norm: 0.000000 | Time: 4s330ms
Epoch: 017 | Test Loss: 0.0008237 | Time: 583ms
Epoch: 018 | Train Loss: 0.0008234 | Grad norm: 0.000000 | Time: 4s497ms
Epoch: 018 | Test Loss: 0.0008237 | Time: 543ms
Epoch: 019 | Train Loss: 0.0008234 | Grad norm: 0.000000 | Time: 4s516ms
Epoch: 019 | Test Loss: 0.0008237 | Time: 523ms
Epoch: 020 | Train Loss: 0.0008234 | Grad norm: 0.000000 | Time: 4s423ms
Epoch: 020 | Test Loss: 0.0008237 | Time: 512ms
Epoch: 021 | Train Loss: 0.0008234 | Grad norm: 0.000000 | Time: 4s344ms
Epoch: 021 | Test Loss: 0.0008237 | Time: 514ms
Epoch: 022 | Train Loss: 0.0008234 | Grad norm: 0.000000 | Time: 4s237ms
Epoch: 022 | Test Loss: 0.0008237 | Time: 584ms
Epoch: 023 | Train Loss: 0.0008234 | Grad norm: 0.000000 | Time: 4s292ms
Epoch: 023 | Test Loss: 0.0008237 | Time: 511ms
Epoch: 024 | Train Loss: 0.0008234 | Grad norm: 0.000000 | Time: 4s521ms
Epoch: 024 | Test Loss: 0.0008237 | Time: 511ms
Epoch: 025 | Train Loss: 0.0008234 | Grad norm: 0.000000 | Time: 4s337ms
Epoch: 025 | Test Loss: 0.0008237 | Time: 516ms
Epoch: 026 | Train Loss: 0.0008234 | Grad norm: 0.000000 | Time: 4s231ms
Epoch: 026 | Test Loss: 0.0008237 | Time: 518ms
Epoch: 027 | Train Loss: 0.0008234 | Grad norm: 0.000000 | Time: 4s183ms
Epoch: 027 | Test Loss: 0.0008237 | Time: 530ms
Epoch: 028 | Train Loss: 0.0008234 | Grad norm: 0.000000 | Time: 4s340ms
Epoch: 028 | Test Loss: 0.0008237 | Time: 514ms
Epoch: 029 | Train Loss: 0.0008234 | Grad norm: 0.000000 | Time: 4s443ms
Epoch: 029 | Test Loss: 0.0008237 | Time: 520ms
Epoch: 030 | Train Loss: 0.0008234 | Grad norm: 0.000000 | Time: 4s294ms
Epoch: 030 | Test Loss: 0.0008237 | Time: 518ms
Epoch: 031 | Train Loss: 0.0008234 | Grad norm: 0.000000 | Time: 4s253ms
Epoch: 031 | Test Loss: 0.0008237 | Time: 519ms
Epoch: 032 | Train Loss: 0.0008234 | Grad norm: 0.000000 | Time: 4s348ms
Epoch: 032 | Test Loss: 0.0008237 | Time: 517ms
Epoch: 033 | Train Loss: 0.0008234 | Grad norm: 0.000000 | Time: 4s339ms
Epoch: 033 | Test Loss: 0.0008237 | Time: 642ms
Epoch: 034 | Train Loss: 0.0008234 | Grad norm: 0.000000 | Time: 4s287ms
Epoch: 034 | Test Loss: 0.0008237 | Time: 523ms
Epoch: 035 | Train Loss: 0.0008234 | Grad norm: 0.000000 | Time: 4s318ms
Epoch: 035 | Test Loss: 0.0008237 | Time: 520ms
Epoch: 036 | Train Loss: 0.0008234 | Grad norm: 0.000000 | Time: 4s324ms
Epoch: 036 | Test Loss: 0.0008237 | Time: 515ms
Epoch: 037 | Train Loss: 0.0008234 | Grad norm: 0.000000 | Time: 4s435ms
Epoch: 037 | Test Loss: 0.0008237 | Time: 523ms
Epoch: 038 | Train Loss: 0.0008234 | Grad norm: 0.000000 | Time: 3s969ms
Epoch: 038 | Test Loss: 0.0008237 | Time: 533ms
Epoch: 039 | Train Loss: 0.0008234 | Grad norm: 0.000000 | Time: 4s354ms
Epoch: 039 | Test Loss: 0.0008237 | Time: 515ms
Epoch: 040 | Train Loss: 0.0008234 | Grad norm: 0.000000 | Time: 4s532ms
Epoch: 040 | Test Loss: 0.0008237 | Time: 519ms
Total time: 3m15s
==> Saving trained model weights...
==> Input bias to be applied to the neural network (trained):
[0. 0. 0. 0.]
==> Input transform to be applied to the neural network (trained):
[ 0.62900996  0.6288517  11.614402    9.487666  ]
==> Output transform to be applied to the neural network (trained):
[0.0195 0.021 ]
==> Saving training info...
==> Drawing training loss...
==> Drawing grad norm...
==> Drawing testing loss...
==> Process finished.
