==> torch device:  cuda:3
==> Test-Train split: test_ratio = 0.20
==> Test-Train split seed:  None
==> Further split: further_train_ratio = 0.50
==> Further split seed:  None
==> Input bias to be applied to the neural network:
[0. 0.]
==> Input transform to be applied to the neural network:
[0.48014596 0.48395684]
==> Ouput transform to be applied to the neural network:
[2.0663 2.0805]
==> Evaluating model...
==========================================================================================
Layer (type:depth-idx)                   Output Shape              Param #
==========================================================================================
NeuralNetwork                            [1, 2]                    6
├─Sequential: 1-1                        [1, 2]                    --
│    └─Linear: 2-1                       [1, 64]                   192
│    └─ReLU: 2-2                         [1, 64]                   --
│    └─Linear: 2-3                       [1, 64]                   4,160
│    └─ReLU: 2-4                         [1, 64]                   --
│    └─Linear: 2-5                       [1, 64]                   4,160
│    └─ReLU: 2-6                         [1, 64]                   --
│    └─Linear: 2-7                       [1, 64]                   4,160
│    └─ReLU: 2-8                         [1, 64]                   --
│    └─Linear: 2-9                       [1, 64]                   4,160
│    └─ReLU: 2-10                        [1, 64]                   --
│    └─Linear: 2-11                      [1, 64]                   4,160
│    └─ReLU: 2-12                        [1, 64]                   --
│    └─Linear: 2-13                      [1, 64]                   4,160
│    └─ReLU: 2-14                        [1, 64]                   --
│    └─Linear: 2-15                      [1, 2]                    130
├─Sequential: 1-2                        [1, 2]                    (recursive)
│    └─Linear: 2-16                      [1, 64]                   (recursive)
│    └─ReLU: 2-17                        [1, 64]                   --
│    └─Linear: 2-18                      [1, 64]                   (recursive)
│    └─ReLU: 2-19                        [1, 64]                   --
│    └─Linear: 2-20                      [1, 64]                   (recursive)
│    └─ReLU: 2-21                        [1, 64]                   --
│    └─Linear: 2-22                      [1, 64]                   (recursive)
│    └─ReLU: 2-23                        [1, 64]                   --
│    └─Linear: 2-24                      [1, 64]                   (recursive)
│    └─ReLU: 2-25                        [1, 64]                   --
│    └─Linear: 2-26                      [1, 64]                   (recursive)
│    └─ReLU: 2-27                        [1, 64]                   --
│    └─Linear: 2-28                      [1, 64]                   (recursive)
│    └─ReLU: 2-29                        [1, 64]                   --
│    └─Linear: 2-30                      [1, 2]                    (recursive)
==========================================================================================
Total params: 25,288
Trainable params: 25,282
Non-trainable params: 6
Total mult-adds (Units.MEGABYTES): 0.05
==========================================================================================
Input size (MB): 0.00
Forward/backward pass size (MB): 0.01
Params size (MB): 0.10
Estimated Total Size (MB): 0.11
==========================================================================================
==> Saving initial model weights...
==> Start training...
==> Number of param_groups in optimizer: 1
Epoch: 001 | Train Loss: 8.6242758 | Grad norm: 0.314158 | Time: 3s671ms
Epoch: 001 | Test Loss: 8.5932008 | Time: 745ms
==> Save the model at epoch 001 with test loss 8.5932008
Epoch: 002 | Train Loss: 2.3608356 | Grad norm: 1.672206 | Time: 3s614ms
Epoch: 002 | Test Loss: 0.0036169 | Time: 745ms
==> Save the model at epoch 002 with test loss 0.0036169
Epoch: 003 | Train Loss: 0.0021556 | Grad norm: 0.186924 | Time: 3s353ms
Epoch: 003 | Test Loss: 0.0014112 | Time: 837ms
==> Save the model at epoch 003 with test loss 0.0014112
Epoch: 004 | Train Loss: 0.0013327 | Grad norm: 0.194826 | Time: 3s174ms
Epoch: 004 | Test Loss: 0.0011008 | Time: 740ms
==> Save the model at epoch 004 with test loss 0.0011008
Epoch: 005 | Train Loss: 0.0011884 | Grad norm: 0.236294 | Time: 3s376ms
Epoch: 005 | Test Loss: 0.0010977 | Time: 740ms
==> Save the model at epoch 005 with test loss 0.0010977
Epoch: 006 | Train Loss: 0.0011868 | Grad norm: 0.268272 | Time: 3s444ms
Epoch: 006 | Test Loss: 0.0009340 | Time: 806ms
==> Save the model at epoch 006 with test loss 0.0009340
Epoch: 007 | Train Loss: 0.0012752 | Grad norm: 0.312897 | Time: 3s534ms
Epoch: 007 | Test Loss: 0.0008858 | Time: 750ms
==> Save the model at epoch 007 with test loss 0.0008858
Epoch: 008 | Train Loss: 0.0012409 | Grad norm: 0.306131 | Time: 3s271ms
Epoch: 008 | Test Loss: 0.0009186 | Time: 756ms
Epoch: 009 | Train Loss: 0.0016451 | Grad norm: 0.386618 | Time: 3s328ms
Epoch: 009 | Test Loss: 0.0008489 | Time: 784ms
==> Save the model at epoch 009 with test loss 0.0008489
Epoch: 010 | Train Loss: 0.0013690 | Grad norm: 0.319180 | Time: 3s409ms
Epoch: 010 | Test Loss: 0.0009438 | Time: 751ms
Epoch: 011 | Train Loss: 0.0010759 | Grad norm: 0.264190 | Time: 3s264ms
Epoch: 011 | Test Loss: 0.0009467 | Time: 802ms
Epoch: 012 | Train Loss: 0.0013271 | Grad norm: 0.312430 | Time: 3s163ms
Epoch: 012 | Test Loss: 0.0010161 | Time: 759ms
Epoch: 013 | Train Loss: 0.0011016 | Grad norm: 0.267857 | Time: 3s399ms
Epoch: 013 | Test Loss: 0.0010715 | Time: 790ms
Epoch: 014 | Train Loss: 0.0012872 | Grad norm: 0.306281 | Time: 3s277ms
Epoch: 014 | Test Loss: 0.0015233 | Time: 800ms
Epoch: 015 | Train Loss: 0.0009709 | Grad norm: 0.230759 | Time: 3s459ms
Epoch: 015 | Test Loss: 0.0008488 | Time: 733ms
==> Save the model at epoch 015 with test loss 0.0008488
Epoch: 016 | Train Loss: 0.0008936 | Grad norm: 0.208583 | Time: 3s816ms
Epoch: 016 | Test Loss: 0.0008642 | Time: 798ms
Epoch: 017 | Train Loss: 0.0009815 | Grad norm: 0.236227 | Time: 3s326ms
Epoch: 017 | Test Loss: 0.0011754 | Time: 799ms
Epoch: 018 | Train Loss: 0.0008950 | Grad norm: 0.214563 | Time: 3s423ms
Epoch: 018 | Test Loss: 0.0007275 | Time: 729ms
==> Save the model at epoch 018 with test loss 0.0007275
Epoch: 019 | Train Loss: 0.0009714 | Grad norm: 0.238619 | Time: 3s158ms
Epoch: 019 | Test Loss: 0.0010351 | Time: 819ms
Epoch: 020 | Train Loss: 0.0009108 | Grad norm: 0.213606 | Time: 3s270ms
Epoch: 020 | Test Loss: 0.0013418 | Time: 731ms
Epoch: 021 | Train Loss: 0.0008047 | Grad norm: 0.183793 | Time: 3s453ms
Epoch: 021 | Test Loss: 0.0010774 | Time: 770ms
Epoch: 022 | Train Loss: 0.0008029 | Grad norm: 0.182038 | Time: 3s503ms
Epoch: 022 | Test Loss: 0.0006892 | Time: 808ms
==> Save the model at epoch 022 with test loss 0.0006892
Epoch: 023 | Train Loss: 0.0007548 | Grad norm: 0.160104 | Time: 3s536ms
Epoch: 023 | Test Loss: 0.0006279 | Time: 732ms
==> Save the model at epoch 023 with test loss 0.0006279
Epoch: 024 | Train Loss: 0.0007121 | Grad norm: 0.141143 | Time: 3s395ms
Epoch: 024 | Test Loss: 0.0007828 | Time: 730ms
Epoch: 025 | Train Loss: 0.0007931 | Grad norm: 0.181808 | Time: 3s242ms
Epoch: 025 | Test Loss: 0.0007051 | Time: 736ms
Epoch: 026 | Train Loss: 0.0006834 | Grad norm: 0.128739 | Time: 3s427ms
Epoch: 026 | Test Loss: 0.0006701 | Time: 821ms
Epoch: 027 | Train Loss: 0.0006910 | Grad norm: 0.134260 | Time: 3s341ms
Epoch: 027 | Test Loss: 0.0008224 | Time: 733ms
Epoch: 028 | Train Loss: 0.0006983 | Grad norm: 0.140026 | Time: 3s534ms
Epoch: 028 | Test Loss: 0.0006548 | Time: 755ms
Epoch: 029 | Train Loss: 0.0006666 | Grad norm: 0.120624 | Time: 3s504ms
Epoch: 029 | Test Loss: 0.0007351 | Time: 741ms
Epoch: 030 | Train Loss: 0.0006448 | Grad norm: 0.109834 | Time: 3s410ms
Epoch: 030 | Test Loss: 0.0006226 | Time: 821ms
==> Save the model at epoch 030 with test loss 0.0006226
Epoch: 031 | Train Loss: 0.0006283 | Grad norm: 0.101215 | Time: 3s386ms
Epoch: 031 | Test Loss: 0.0006492 | Time: 767ms
Epoch: 032 | Train Loss: 0.0006151 | Grad norm: 0.090244 | Time: 3s500ms
Epoch: 032 | Test Loss: 0.0005889 | Time: 740ms
==> Save the model at epoch 032 with test loss 0.0005889
Epoch: 033 | Train Loss: 0.0005938 | Grad norm: 0.071733 | Time: 3s493ms
Epoch: 033 | Test Loss: 0.0005886 | Time: 754ms
==> Save the model at epoch 033 with test loss 0.0005886
Epoch: 034 | Train Loss: 0.0005901 | Grad norm: 0.068173 | Time: 3s443ms
Epoch: 034 | Test Loss: 0.0006245 | Time: 762ms
Epoch: 035 | Train Loss: 0.0005894 | Grad norm: 0.070332 | Time: 3s520ms
Epoch: 035 | Test Loss: 0.0005759 | Time: 740ms
==> Save the model at epoch 035 with test loss 0.0005759
Epoch: 036 | Train Loss: 0.0005775 | Grad norm: 0.058610 | Time: 3s422ms
Epoch: 036 | Test Loss: 0.0005824 | Time: 756ms
Epoch: 037 | Train Loss: 0.0005716 | Grad norm: 0.051312 | Time: 3s274ms
Epoch: 037 | Test Loss: 0.0005697 | Time: 729ms
==> Save the model at epoch 037 with test loss 0.0005697
Epoch: 038 | Train Loss: 0.0005668 | Grad norm: 0.045567 | Time: 3s501ms
Epoch: 038 | Test Loss: 0.0005828 | Time: 807ms
Epoch: 039 | Train Loss: 0.0005610 | Grad norm: 0.035816 | Time: 3s525ms
Epoch: 039 | Test Loss: 0.0005683 | Time: 754ms
==> Save the model at epoch 039 with test loss 0.0005683
Epoch: 040 | Train Loss: 0.0005590 | Grad norm: 0.032711 | Time: 3s483ms
Epoch: 040 | Test Loss: 0.0005648 | Time: 742ms
==> Save the model at epoch 040 with test loss 0.0005648
Total time: 2m47s
==> Saving trained model weights...
==> Input bias to be applied to the neural network (trained):
[0. 0.]
==> Input transform to be applied to the neural network (trained):
[0.48014596 0.48395684]
==> Output transform to be applied to the neural network (trained):
[2.0663 2.0805]
==> Saving training info...
==> Drawing training loss...
==> Drawing grad norm...
==> Drawing testing loss...
==> Process finished.
