==> torch device:  cuda:0
==> Input bias to be applied to the neural network:
[0. 0.]
==> Input transform to be applied to the neural network:
[0.5090095 0.5090095]
==> Ouput transform to be applied to the neural network:
[3.9366 3.9363]
==> Evaluating model...
==========================================================================================
Layer (type:depth-idx)                   Output Shape              Param #
==========================================================================================
NeuralNetwork                            [1, 2]                    6
├─Sequential: 1-1                        [1, 2]                    --
│    └─Linear: 2-1                       [1, 64]                   192
│    └─ReLU: 2-2                         [1, 64]                   --
│    └─Linear: 2-3                       [1, 64]                   4,160
│    └─ReLU: 2-4                         [1, 64]                   --
│    └─Linear: 2-5                       [1, 64]                   4,160
│    └─ReLU: 2-6                         [1, 64]                   --
│    └─Linear: 2-7                       [1, 64]                   4,160
│    └─ReLU: 2-8                         [1, 64]                   --
│    └─Linear: 2-9                       [1, 64]                   4,160
│    └─ReLU: 2-10                        [1, 64]                   --
│    └─Linear: 2-11                      [1, 64]                   4,160
│    └─ReLU: 2-12                        [1, 64]                   --
│    └─Linear: 2-13                      [1, 64]                   4,160
│    └─ReLU: 2-14                        [1, 64]                   --
│    └─Linear: 2-15                      [1, 2]                    130
├─Sequential: 1-2                        [1, 2]                    (recursive)
│    └─Linear: 2-16                      [1, 64]                   (recursive)
│    └─ReLU: 2-17                        [1, 64]                   --
│    └─Linear: 2-18                      [1, 64]                   (recursive)
│    └─ReLU: 2-19                        [1, 64]                   --
│    └─Linear: 2-20                      [1, 64]                   (recursive)
│    └─ReLU: 2-21                        [1, 64]                   --
│    └─Linear: 2-22                      [1, 64]                   (recursive)
│    └─ReLU: 2-23                        [1, 64]                   --
│    └─Linear: 2-24                      [1, 64]                   (recursive)
│    └─ReLU: 2-25                        [1, 64]                   --
│    └─Linear: 2-26                      [1, 64]                   (recursive)
│    └─ReLU: 2-27                        [1, 64]                   --
│    └─Linear: 2-28                      [1, 64]                   (recursive)
│    └─ReLU: 2-29                        [1, 64]                   --
│    └─Linear: 2-30                      [1, 2]                    (recursive)
==========================================================================================
Total params: 25,288
Trainable params: 25,282
Non-trainable params: 6
Total mult-adds (M): 0.05
==========================================================================================
Input size (MB): 0.00
Forward/backward pass size (MB): 0.01
Params size (MB): 0.10
Estimated Total Size (MB): 0.11
==========================================================================================
==> Saving initial model weights...
==> Test-Train split: test_ratio = 0.20
==> Further split: further_train_ratio = 1.00
==> Start training...
==> Number of param_groups in optimizer: 1
Epoch: 001 | Train Loss: 30.9917060 | Grad norm: 0.709081 | Time: 5s21ms
Epoch: 001 | Test Loss: 31.0312806 | Time: 596ms
==> Save the model at epoch 001 with test loss 31.0312806
Epoch: 002 | Train Loss: 8.4506589 | Grad norm: 5.717602 | Time: 4s776ms
Epoch: 002 | Test Loss: 0.0097048 | Time: 589ms
==> Save the model at epoch 002 with test loss 0.0097048
Epoch: 003 | Train Loss: 0.0095571 | Grad norm: 1.046259 | Time: 4s708ms
Epoch: 003 | Test Loss: 0.0094186 | Time: 575ms
==> Save the model at epoch 003 with test loss 0.0094186
Epoch: 004 | Train Loss: 0.0094553 | Grad norm: 1.194990 | Time: 3s816ms
Epoch: 004 | Test Loss: 0.0091206 | Time: 578ms
==> Save the model at epoch 004 with test loss 0.0091206
Epoch: 005 | Train Loss: 0.0101776 | Grad norm: 1.412779 | Time: 4s374ms
Epoch: 005 | Test Loss: 0.0111353 | Time: 595ms
Epoch: 006 | Train Loss: 0.0105366 | Grad norm: 1.471891 | Time: 5s409ms
Epoch: 006 | Test Loss: 0.0091923 | Time: 621ms
Epoch: 007 | Train Loss: 0.0110375 | Grad norm: 1.514638 | Time: 5s264ms
Epoch: 007 | Test Loss: 0.0121706 | Time: 649ms
Epoch: 008 | Train Loss: 0.0116757 | Grad norm: 1.630042 | Time: 5s150ms
Epoch: 008 | Test Loss: 0.0115136 | Time: 587ms
Epoch: 009 | Train Loss: 0.0119327 | Grad norm: 1.627811 | Time: 5s216ms
Epoch: 009 | Test Loss: 0.0190508 | Time: 742ms
Epoch: 010 | Train Loss: 0.0125873 | Grad norm: 1.687124 | Time: 5s426ms
Epoch: 010 | Test Loss: 0.0109151 | Time: 595ms
Epoch: 011 | Train Loss: 0.0125187 | Grad norm: 1.678042 | Time: 4s366ms
Epoch: 011 | Test Loss: 0.0112894 | Time: 577ms
Epoch: 012 | Train Loss: 0.0112406 | Grad norm: 1.459616 | Time: 3s814ms
Epoch: 012 | Test Loss: 0.0096779 | Time: 636ms
Epoch: 013 | Train Loss: 0.0121281 | Grad norm: 1.599823 | Time: 4s43ms
Epoch: 013 | Test Loss: 0.0099272 | Time: 592ms
Epoch: 014 | Train Loss: 0.0108932 | Grad norm: 1.404340 | Time: 5s404ms
Epoch: 014 | Test Loss: 0.0118671 | Time: 592ms
Epoch: 015 | Train Loss: 0.0112445 | Grad norm: 1.492265 | Time: 5s581ms
Epoch: 015 | Test Loss: 0.0116830 | Time: 659ms
Epoch: 016 | Train Loss: 0.0106756 | Grad norm: 1.324149 | Time: 4s814ms
Epoch: 016 | Test Loss: 0.0125331 | Time: 602ms
Epoch: 017 | Train Loss: 0.0098178 | Grad norm: 1.171092 | Time: 5s405ms
Epoch: 017 | Test Loss: 0.0106300 | Time: 616ms
Epoch: 018 | Train Loss: 0.0097746 | Grad norm: 1.163394 | Time: 5s124ms
Epoch: 018 | Test Loss: 0.0091420 | Time: 660ms
Epoch: 019 | Train Loss: 0.0097147 | Grad norm: 1.152597 | Time: 4s116ms
Epoch: 019 | Test Loss: 0.0089978 | Time: 578ms
==> Save the model at epoch 019 with test loss 0.0089978
Epoch: 020 | Train Loss: 0.0094982 | Grad norm: 1.102143 | Time: 4s719ms
Epoch: 020 | Test Loss: 0.0090693 | Time: 590ms
Epoch: 021 | Train Loss: 0.0093025 | Grad norm: 1.039300 | Time: 4s9ms
Epoch: 021 | Test Loss: 0.0086610 | Time: 637ms
==> Save the model at epoch 021 with test loss 0.0086610
Epoch: 022 | Train Loss: 0.0089759 | Grad norm: 0.969227 | Time: 3s822ms
Epoch: 022 | Test Loss: 0.0106250 | Time: 575ms
Epoch: 023 | Train Loss: 0.0087273 | Grad norm: 0.892500 | Time: 3s884ms
Epoch: 023 | Test Loss: 0.0083538 | Time: 579ms
==> Save the model at epoch 023 with test loss 0.0083538
Epoch: 024 | Train Loss: 0.0086767 | Grad norm: 0.899035 | Time: 4s897ms
Epoch: 024 | Test Loss: 0.0083916 | Time: 662ms
Epoch: 025 | Train Loss: 0.0084043 | Grad norm: 0.786715 | Time: 4s550ms
Epoch: 025 | Test Loss: 0.0093819 | Time: 579ms
Epoch: 026 | Train Loss: 0.0083856 | Grad norm: 0.803036 | Time: 3s875ms
Epoch: 026 | Test Loss: 0.0081881 | Time: 577ms
==> Save the model at epoch 026 with test loss 0.0081881
Epoch: 027 | Train Loss: 0.0082032 | Grad norm: 0.760064 | Time: 5s79ms
Epoch: 027 | Test Loss: 0.0080496 | Time: 682ms
==> Save the model at epoch 027 with test loss 0.0080496
Epoch: 028 | Train Loss: 0.0079725 | Grad norm: 0.671656 | Time: 4s12ms
Epoch: 028 | Test Loss: 0.0092440 | Time: 576ms
Epoch: 029 | Train Loss: 0.0079149 | Grad norm: 0.649937 | Time: 4s580ms
Epoch: 029 | Test Loss: 0.0075181 | Time: 593ms
==> Save the model at epoch 029 with test loss 0.0075181
Epoch: 030 | Train Loss: 0.0077484 | Grad norm: 0.594529 | Time: 3s833ms
Epoch: 030 | Test Loss: 0.0076998 | Time: 633ms
Epoch: 031 | Train Loss: 0.0076610 | Grad norm: 0.559427 | Time: 4s400ms
Epoch: 031 | Test Loss: 0.0076373 | Time: 607ms
Epoch: 032 | Train Loss: 0.0074784 | Grad norm: 0.481082 | Time: 5s453ms
Epoch: 032 | Test Loss: 0.0075876 | Time: 599ms
Epoch: 033 | Train Loss: 0.0074375 | Grad norm: 0.463898 | Time: 4s219ms
Epoch: 033 | Test Loss: 0.0077476 | Time: 635ms
Epoch: 034 | Train Loss: 0.0073499 | Grad norm: 0.424908 | Time: 3s814ms
Epoch: 034 | Test Loss: 0.0072962 | Time: 573ms
==> Save the model at epoch 034 with test loss 0.0072962
Epoch: 035 | Train Loss: 0.0072832 | Grad norm: 0.383998 | Time: 4s556ms
Epoch: 035 | Test Loss: 0.0073149 | Time: 590ms
Epoch: 036 | Train Loss: 0.0072313 | Grad norm: 0.350066 | Time: 3s931ms
Epoch: 036 | Test Loss: 0.0075283 | Time: 618ms
Epoch: 037 | Train Loss: 0.0071695 | Grad norm: 0.308844 | Time: 5s71ms
Epoch: 037 | Test Loss: 0.0074149 | Time: 588ms
Epoch: 038 | Train Loss: 0.0071260 | Grad norm: 0.278620 | Time: 3s873ms
Epoch: 038 | Test Loss: 0.0072156 | Time: 575ms
==> Save the model at epoch 038 with test loss 0.0072156
Epoch: 039 | Train Loss: 0.0070888 | Grad norm: 0.249510 | Time: 3s810ms
Epoch: 039 | Test Loss: 0.0072217 | Time: 576ms
Epoch: 040 | Train Loss: 0.0070642 | Grad norm: 0.222002 | Time: 4s85ms
Epoch: 040 | Test Loss: 0.0072093 | Time: 702ms
==> Save the model at epoch 040 with test loss 0.0072093
Total time: 3m26s
==> Saving trained model weights...
==> Input bias to be applied to the neural network (trained):
[0. 0.]
==> Input transform to be applied to the neural network (trained):
[0.5090095 0.5090095]
==> Output transform to be applied to the neural network (trained):
[3.9366 3.9363]
==> Saving training info...
==> Drawing training loss...
==> Drawing grad norm...
==> Drawing testing loss...
==> Process finished.
