==> torch device:  cuda:0
==> Input bias to be applied to the neural network:
[0. 0.]
==> Input transform to be applied to the neural network:
[0.5090095 0.5090095]
==> Ouput transform to be applied to the neural network:
[3.9366 3.9363]
==> Evaluating model...
==========================================================================================
Layer (type:depth-idx)                   Output Shape              Param #
==========================================================================================
NeuralNetwork                            [1, 2]                    6
├─Sequential: 1-1                        [1, 2]                    --
│    └─Linear: 2-1                       [1, 64]                   192
│    └─ReLU: 2-2                         [1, 64]                   --
│    └─Linear: 2-3                       [1, 64]                   4,160
│    └─ReLU: 2-4                         [1, 64]                   --
│    └─Linear: 2-5                       [1, 64]                   4,160
│    └─ReLU: 2-6                         [1, 64]                   --
│    └─Linear: 2-7                       [1, 64]                   4,160
│    └─ReLU: 2-8                         [1, 64]                   --
│    └─Linear: 2-9                       [1, 64]                   4,160
│    └─ReLU: 2-10                        [1, 64]                   --
│    └─Linear: 2-11                      [1, 64]                   4,160
│    └─ReLU: 2-12                        [1, 64]                   --
│    └─Linear: 2-13                      [1, 64]                   4,160
│    └─ReLU: 2-14                        [1, 64]                   --
│    └─Linear: 2-15                      [1, 2]                    130
├─Sequential: 1-2                        [1, 2]                    (recursive)
│    └─Linear: 2-16                      [1, 64]                   (recursive)
│    └─ReLU: 2-17                        [1, 64]                   --
│    └─Linear: 2-18                      [1, 64]                   (recursive)
│    └─ReLU: 2-19                        [1, 64]                   --
│    └─Linear: 2-20                      [1, 64]                   (recursive)
│    └─ReLU: 2-21                        [1, 64]                   --
│    └─Linear: 2-22                      [1, 64]                   (recursive)
│    └─ReLU: 2-23                        [1, 64]                   --
│    └─Linear: 2-24                      [1, 64]                   (recursive)
│    └─ReLU: 2-25                        [1, 64]                   --
│    └─Linear: 2-26                      [1, 64]                   (recursive)
│    └─ReLU: 2-27                        [1, 64]                   --
│    └─Linear: 2-28                      [1, 64]                   (recursive)
│    └─ReLU: 2-29                        [1, 64]                   --
│    └─Linear: 2-30                      [1, 2]                    (recursive)
==========================================================================================
Total params: 25,288
Trainable params: 25,282
Non-trainable params: 6
Total mult-adds (M): 0.05
==========================================================================================
Input size (MB): 0.00
Forward/backward pass size (MB): 0.01
Params size (MB): 0.10
Estimated Total Size (MB): 0.11
==========================================================================================
==> Saving initial model weights...
==> Test-Train split: test_ratio = 0.20
==> Further split: further_train_ratio = 0.50
==> Start training...
==> Number of param_groups in optimizer: 1
Epoch: 001 | Train Loss: 31.0320564 | Grad norm: 0.709215 | Time: 2s567ms
Epoch: 001 | Test Loss: 31.0312806 | Time: 688ms
==> Save the model at epoch 001 with test loss 31.0312806
Epoch: 002 | Train Loss: 19.6147601 | Grad norm: 11.806832 | Time: 2s805ms
Epoch: 002 | Test Loss: 0.1112406 | Time: 661ms
==> Save the model at epoch 002 with test loss 0.1112406
Epoch: 003 | Train Loss: 0.0171964 | Grad norm: 1.434075 | Time: 2s807ms
Epoch: 003 | Test Loss: 0.0118371 | Time: 648ms
==> Save the model at epoch 003 with test loss 0.0118371
Epoch: 004 | Train Loss: 0.0108155 | Grad norm: 1.423675 | Time: 2s875ms
Epoch: 004 | Test Loss: 0.0089541 | Time: 646ms
==> Save the model at epoch 004 with test loss 0.0089541
Epoch: 005 | Train Loss: 0.0105349 | Grad norm: 1.426036 | Time: 2s676ms
Epoch: 005 | Test Loss: 0.0122792 | Time: 718ms
Epoch: 006 | Train Loss: 0.0119250 | Grad norm: 1.690234 | Time: 2s839ms
Epoch: 006 | Test Loss: 0.0122707 | Time: 656ms
Epoch: 007 | Train Loss: 0.0148068 | Grad norm: 1.946189 | Time: 2s657ms
Epoch: 007 | Test Loss: 0.0122639 | Time: 647ms
Epoch: 008 | Train Loss: 0.0117923 | Grad norm: 1.590713 | Time: 2s861ms
Epoch: 008 | Test Loss: 0.0148713 | Time: 672ms
Epoch: 009 | Train Loss: 0.0132347 | Grad norm: 1.835534 | Time: 2s856ms
Epoch: 009 | Test Loss: 0.0120959 | Time: 708ms
Epoch: 010 | Train Loss: 0.0138036 | Grad norm: 1.878116 | Time: 2s771ms
Epoch: 010 | Test Loss: 0.0162281 | Time: 737ms
Epoch: 011 | Train Loss: 0.0133069 | Grad norm: 1.775303 | Time: 2s696ms
Epoch: 011 | Test Loss: 0.0090931 | Time: 648ms
Epoch: 012 | Train Loss: 0.0120444 | Grad norm: 1.551455 | Time: 2s600ms
Epoch: 012 | Test Loss: 0.0138495 | Time: 648ms
Epoch: 013 | Train Loss: 0.0118297 | Grad norm: 1.587809 | Time: 2s554ms
Epoch: 013 | Test Loss: 0.0120391 | Time: 685ms
Epoch: 014 | Train Loss: 0.0112952 | Grad norm: 1.463866 | Time: 2s796ms
Epoch: 014 | Test Loss: 0.0113300 | Time: 669ms
Epoch: 015 | Train Loss: 0.0117553 | Grad norm: 1.489408 | Time: 2s843ms
Epoch: 015 | Test Loss: 0.0104978 | Time: 825ms
Epoch: 016 | Train Loss: 0.0107312 | Grad norm: 1.323682 | Time: 2s732ms
Epoch: 016 | Test Loss: 0.0106258 | Time: 683ms
Epoch: 017 | Train Loss: 0.0117349 | Grad norm: 1.450149 | Time: 2s647ms
Epoch: 017 | Test Loss: 0.0117909 | Time: 670ms
Epoch: 018 | Train Loss: 0.0109808 | Grad norm: 1.307997 | Time: 2s93ms
Epoch: 018 | Test Loss: 0.0145390 | Time: 632ms
Epoch: 019 | Train Loss: 0.0105656 | Grad norm: 1.279386 | Time: 2s207ms
Epoch: 019 | Test Loss: 0.0135591 | Time: 648ms
Epoch: 020 | Train Loss: 0.0095285 | Grad norm: 1.071227 | Time: 2s714ms
Epoch: 020 | Test Loss: 0.0111842 | Time: 708ms
Epoch: 021 | Train Loss: 0.0095115 | Grad norm: 1.055708 | Time: 2s457ms
Epoch: 021 | Test Loss: 0.0149552 | Time: 649ms
Epoch: 022 | Train Loss: 0.0094885 | Grad norm: 1.047862 | Time: 2s471ms
Epoch: 022 | Test Loss: 0.0099996 | Time: 661ms
Epoch: 023 | Train Loss: 0.0089828 | Grad norm: 0.956560 | Time: 2s733ms
Epoch: 023 | Test Loss: 0.0110418 | Time: 697ms
Epoch: 024 | Train Loss: 0.0087326 | Grad norm: 0.828186 | Time: 2s745ms
Epoch: 024 | Test Loss: 0.0099187 | Time: 693ms
Epoch: 025 | Train Loss: 0.0088117 | Grad norm: 0.889186 | Time: 2s725ms
Epoch: 025 | Test Loss: 0.0092137 | Time: 753ms
Epoch: 026 | Train Loss: 0.0084271 | Grad norm: 0.775697 | Time: 2s703ms
Epoch: 026 | Test Loss: 0.0095598 | Time: 646ms
Epoch: 027 | Train Loss: 0.0083873 | Grad norm: 0.752701 | Time: 2s86ms
Epoch: 027 | Test Loss: 0.0079792 | Time: 629ms
==> Save the model at epoch 027 with test loss 0.0079792
Epoch: 028 | Train Loss: 0.0080279 | Grad norm: 0.650875 | Time: 2s729ms
Epoch: 028 | Test Loss: 0.0075225 | Time: 704ms
==> Save the model at epoch 028 with test loss 0.0075225
Epoch: 029 | Train Loss: 0.0078304 | Grad norm: 0.569183 | Time: 2s777ms
Epoch: 029 | Test Loss: 0.0078457 | Time: 715ms
Epoch: 030 | Train Loss: 0.0077539 | Grad norm: 0.529516 | Time: 2s890ms
Epoch: 030 | Test Loss: 0.0078788 | Time: 748ms
Epoch: 031 | Train Loss: 0.0077306 | Grad norm: 0.523490 | Time: 2s807ms
Epoch: 031 | Test Loss: 0.0079860 | Time: 651ms
Epoch: 032 | Train Loss: 0.0077257 | Grad norm: 0.531362 | Time: 2s665ms
Epoch: 032 | Test Loss: 0.0074168 | Time: 645ms
==> Save the model at epoch 032 with test loss 0.0074168
Epoch: 033 | Train Loss: 0.0076022 | Grad norm: 0.470619 | Time: 2s676ms
Epoch: 033 | Test Loss: 0.0075922 | Time: 635ms
Epoch: 034 | Train Loss: 0.0074874 | Grad norm: 0.412671 | Time: 2s23ms
Epoch: 034 | Test Loss: 0.0076402 | Time: 629ms
Epoch: 035 | Train Loss: 0.0074211 | Grad norm: 0.396273 | Time: 2s23ms
Epoch: 035 | Test Loss: 0.0073549 | Time: 687ms
==> Save the model at epoch 035 with test loss 0.0073549
Epoch: 036 | Train Loss: 0.0073649 | Grad norm: 0.362996 | Time: 2s33ms
Epoch: 036 | Test Loss: 0.0073928 | Time: 633ms
Epoch: 037 | Train Loss: 0.0072739 | Grad norm: 0.295210 | Time: 2s32ms
Epoch: 037 | Test Loss: 0.0073115 | Time: 635ms
==> Save the model at epoch 037 with test loss 0.0073115
Epoch: 038 | Train Loss: 0.0072438 | Grad norm: 0.282250 | Time: 2s545ms
Epoch: 038 | Test Loss: 0.0073473 | Time: 641ms
Epoch: 039 | Train Loss: 0.0072122 | Grad norm: 0.256051 | Time: 2s494ms
Epoch: 039 | Test Loss: 0.0072875 | Time: 667ms
==> Save the model at epoch 039 with test loss 0.0072875
Epoch: 040 | Train Loss: 0.0071877 | Grad norm: 0.232505 | Time: 2s748ms
Epoch: 040 | Test Loss: 0.0072788 | Time: 739ms
==> Save the model at epoch 040 with test loss 0.0072788
Total time: 2m11s
==> Saving trained model weights...
==> Input bias to be applied to the neural network (trained):
[0. 0.]
==> Input transform to be applied to the neural network (trained):
[0.5090095 0.5090095]
==> Output transform to be applied to the neural network (trained):
[3.9366 3.9363]
==> Saving training info...
==> Drawing training loss...
==> Drawing grad norm...
==> Drawing testing loss...
==> Process finished.
