==> torch device:  cuda:1
==> Test-Train split: test_ratio = 0.20
==> Test-Train split seed:  None
==> Further split: further_train_ratio = 0.50
==> Further split seed:  None
==> Input bias to be applied to the neural network:
[0. 0.]
==> Input transform to be applied to the neural network:
[0.496845   0.52004784]
==> Ouput transform to be applied to the neural network:
[1.9242 2.0182]
==> Evaluating model...
==========================================================================================
Layer (type:depth-idx)                   Output Shape              Param #
==========================================================================================
NeuralNetwork                            [1, 2]                    6
├─Sequential: 1-1                        [1, 2]                    --
│    └─Linear: 2-1                       [1, 64]                   192
│    └─ReLU: 2-2                         [1, 64]                   --
│    └─Linear: 2-3                       [1, 64]                   4,160
│    └─ReLU: 2-4                         [1, 64]                   --
│    └─Linear: 2-5                       [1, 64]                   4,160
│    └─ReLU: 2-6                         [1, 64]                   --
│    └─Linear: 2-7                       [1, 64]                   4,160
│    └─ReLU: 2-8                         [1, 64]                   --
│    └─Linear: 2-9                       [1, 64]                   4,160
│    └─ReLU: 2-10                        [1, 64]                   --
│    └─Linear: 2-11                      [1, 64]                   4,160
│    └─ReLU: 2-12                        [1, 64]                   --
│    └─Linear: 2-13                      [1, 64]                   4,160
│    └─ReLU: 2-14                        [1, 64]                   --
│    └─Linear: 2-15                      [1, 2]                    130
├─Sequential: 1-2                        [1, 2]                    (recursive)
│    └─Linear: 2-16                      [1, 64]                   (recursive)
│    └─ReLU: 2-17                        [1, 64]                   --
│    └─Linear: 2-18                      [1, 64]                   (recursive)
│    └─ReLU: 2-19                        [1, 64]                   --
│    └─Linear: 2-20                      [1, 64]                   (recursive)
│    └─ReLU: 2-21                        [1, 64]                   --
│    └─Linear: 2-22                      [1, 64]                   (recursive)
│    └─ReLU: 2-23                        [1, 64]                   --
│    └─Linear: 2-24                      [1, 64]                   (recursive)
│    └─ReLU: 2-25                        [1, 64]                   --
│    └─Linear: 2-26                      [1, 64]                   (recursive)
│    └─ReLU: 2-27                        [1, 64]                   --
│    └─Linear: 2-28                      [1, 64]                   (recursive)
│    └─ReLU: 2-29                        [1, 64]                   --
│    └─Linear: 2-30                      [1, 2]                    (recursive)
==========================================================================================
Total params: 25,288
Trainable params: 25,282
Non-trainable params: 6
Total mult-adds (Units.MEGABYTES): 0.05
==========================================================================================
Input size (MB): 0.00
Forward/backward pass size (MB): 0.01
Params size (MB): 0.10
Estimated Total Size (MB): 0.11
==========================================================================================
==> Saving initial model weights...
==> Start training...
==> Number of param_groups in optimizer: 1
Epoch: 001 | Train Loss: 7.7592554 | Grad norm: 0.222679 | Time: 2s271ms
Epoch: 001 | Test Loss: 7.7301995 | Time: 479ms
==> Save the model at epoch 001 with test loss 7.7301995
Epoch: 002 | Train Loss: 4.2788209 | Grad norm: 2.730645 | Time: 1s952ms
Epoch: 002 | Test Loss: 0.2384724 | Time: 535ms
==> Save the model at epoch 002 with test loss 0.2384724
Epoch: 003 | Train Loss: 0.1158134 | Grad norm: 1.492438 | Time: 2s67ms
Epoch: 003 | Test Loss: 0.0539722 | Time: 463ms
==> Save the model at epoch 003 with test loss 0.0539722
Epoch: 004 | Train Loss: 0.0403565 | Grad norm: 1.660269 | Time: 2s110ms
Epoch: 004 | Test Loss: 0.0250508 | Time: 473ms
==> Save the model at epoch 004 with test loss 0.0250508
Epoch: 005 | Train Loss: 0.0216000 | Grad norm: 1.559988 | Time: 2s192ms
Epoch: 005 | Test Loss: 0.0215195 | Time: 473ms
==> Save the model at epoch 005 with test loss 0.0215195
Epoch: 006 | Train Loss: 0.0170040 | Grad norm: 1.787256 | Time: 2s172ms
Epoch: 006 | Test Loss: 0.0178996 | Time: 481ms
==> Save the model at epoch 006 with test loss 0.0178996
Epoch: 007 | Train Loss: 0.0138486 | Grad norm: 1.512082 | Time: 2s54ms
Epoch: 007 | Test Loss: 0.0135479 | Time: 484ms
==> Save the model at epoch 007 with test loss 0.0135479
Epoch: 008 | Train Loss: 0.0128182 | Grad norm: 1.385568 | Time: 2s65ms
Epoch: 008 | Test Loss: 0.0204855 | Time: 478ms
Epoch: 009 | Train Loss: 0.0144841 | Grad norm: 1.477782 | Time: 2s90ms
Epoch: 009 | Test Loss: 0.0152243 | Time: 466ms
Epoch: 010 | Train Loss: 0.0129402 | Grad norm: 1.257257 | Time: 2s72ms
Epoch: 010 | Test Loss: 0.0111496 | Time: 531ms
==> Save the model at epoch 010 with test loss 0.0111496
Epoch: 011 | Train Loss: 0.0112092 | Grad norm: 0.969990 | Time: 2s86ms
Epoch: 011 | Test Loss: 0.0181621 | Time: 489ms
Epoch: 012 | Train Loss: 0.0113395 | Grad norm: 0.965842 | Time: 1s847ms
Epoch: 012 | Test Loss: 0.0088643 | Time: 458ms
==> Save the model at epoch 012 with test loss 0.0088643
Epoch: 013 | Train Loss: 0.0112085 | Grad norm: 0.897834 | Time: 2s24ms
Epoch: 013 | Test Loss: 0.0138940 | Time: 491ms
Epoch: 014 | Train Loss: 0.0098152 | Grad norm: 0.757590 | Time: 2s108ms
Epoch: 014 | Test Loss: 0.0091292 | Time: 459ms
Epoch: 015 | Train Loss: 0.0101472 | Grad norm: 0.771421 | Time: 1s951ms
Epoch: 015 | Test Loss: 0.0114966 | Time: 472ms
Epoch: 016 | Train Loss: 0.0094623 | Grad norm: 0.714164 | Time: 2s259ms
Epoch: 016 | Test Loss: 0.0121670 | Time: 472ms
Epoch: 017 | Train Loss: 0.0098242 | Grad norm: 0.750751 | Time: 1s878ms
Epoch: 017 | Test Loss: 0.0084309 | Time: 471ms
==> Save the model at epoch 017 with test loss 0.0084309
Epoch: 018 | Train Loss: 0.0092871 | Grad norm: 0.687435 | Time: 2s125ms
Epoch: 018 | Test Loss: 0.0092612 | Time: 529ms
Epoch: 019 | Train Loss: 0.0091311 | Grad norm: 0.659285 | Time: 2s93ms
Epoch: 019 | Test Loss: 0.0081954 | Time: 462ms
==> Save the model at epoch 019 with test loss 0.0081954
Epoch: 020 | Train Loss: 0.0089591 | Grad norm: 0.621571 | Time: 2s149ms
Epoch: 020 | Test Loss: 0.0082182 | Time: 480ms
Epoch: 021 | Train Loss: 0.0082543 | Grad norm: 0.489884 | Time: 2s68ms
Epoch: 021 | Test Loss: 0.0079710 | Time: 492ms
==> Save the model at epoch 021 with test loss 0.0079710
Epoch: 022 | Train Loss: 0.0079720 | Grad norm: 0.475407 | Time: 1s923ms
Epoch: 022 | Test Loss: 0.0077559 | Time: 480ms
==> Save the model at epoch 022 with test loss 0.0077559
Epoch: 023 | Train Loss: 0.0082381 | Grad norm: 0.512186 | Time: 2s126ms
Epoch: 023 | Test Loss: 0.0076420 | Time: 460ms
==> Save the model at epoch 023 with test loss 0.0076420
Epoch: 024 | Train Loss: 0.0079521 | Grad norm: 0.470451 | Time: 2s118ms
Epoch: 024 | Test Loss: 0.0080284 | Time: 469ms
Epoch: 025 | Train Loss: 0.0077441 | Grad norm: 0.433878 | Time: 2s18ms
Epoch: 025 | Test Loss: 0.0083062 | Time: 477ms
Epoch: 026 | Train Loss: 0.0078557 | Grad norm: 0.473180 | Time: 2s99ms
Epoch: 026 | Test Loss: 0.0076595 | Time: 545ms
Epoch: 027 | Train Loss: 0.0075485 | Grad norm: 0.423177 | Time: 2s18ms
Epoch: 027 | Test Loss: 0.0072859 | Time: 627ms
==> Save the model at epoch 027 with test loss 0.0072859
Epoch: 028 | Train Loss: 0.0074975 | Grad norm: 0.384096 | Time: 1s999ms
Epoch: 028 | Test Loss: 0.0076615 | Time: 456ms
Epoch: 029 | Train Loss: 0.0073230 | Grad norm: 0.350999 | Time: 2s79ms
Epoch: 029 | Test Loss: 0.0071008 | Time: 467ms
==> Save the model at epoch 029 with test loss 0.0071008
Epoch: 030 | Train Loss: 0.0073075 | Grad norm: 0.363105 | Time: 2s64ms
Epoch: 030 | Test Loss: 0.0072826 | Time: 458ms
Epoch: 031 | Train Loss: 0.0071702 | Grad norm: 0.359996 | Time: 2s115ms
Epoch: 031 | Test Loss: 0.0071714 | Time: 471ms
Epoch: 032 | Train Loss: 0.0070480 | Grad norm: 0.307016 | Time: 2s204ms
Epoch: 032 | Test Loss: 0.0069188 | Time: 501ms
==> Save the model at epoch 032 with test loss 0.0069188
Epoch: 033 | Train Loss: 0.0069154 | Grad norm: 0.275526 | Time: 1s900ms
Epoch: 033 | Test Loss: 0.0069196 | Time: 508ms
Epoch: 034 | Train Loss: 0.0068546 | Grad norm: 0.254848 | Time: 1s999ms
Epoch: 034 | Test Loss: 0.0068213 | Time: 553ms
==> Save the model at epoch 034 with test loss 0.0068213
Epoch: 035 | Train Loss: 0.0067488 | Grad norm: 0.213016 | Time: 2s15ms
Epoch: 035 | Test Loss: 0.0068622 | Time: 484ms
Epoch: 036 | Train Loss: 0.0067272 | Grad norm: 0.213494 | Time: 2s181ms
Epoch: 036 | Test Loss: 0.0067487 | Time: 461ms
==> Save the model at epoch 036 with test loss 0.0067487
Epoch: 037 | Train Loss: 0.0066841 | Grad norm: 0.196075 | Time: 1s879ms
Epoch: 037 | Test Loss: 0.0068109 | Time: 467ms
Epoch: 038 | Train Loss: 0.0066474 | Grad norm: 0.179877 | Time: 2s143ms
Epoch: 038 | Test Loss: 0.0067351 | Time: 455ms
==> Save the model at epoch 038 with test loss 0.0067351
Epoch: 039 | Train Loss: 0.0066207 | Grad norm: 0.167802 | Time: 2s43ms
Epoch: 039 | Test Loss: 0.0067059 | Time: 469ms
==> Save the model at epoch 039 with test loss 0.0067059
Epoch: 040 | Train Loss: 0.0066031 | Grad norm: 0.158483 | Time: 2s216ms
Epoch: 040 | Test Loss: 0.0066899 | Time: 539ms
==> Save the model at epoch 040 with test loss 0.0066899
Total time: 1m42s
==> Saving trained model weights...
==> Input bias to be applied to the neural network (trained):
[0. 0.]
==> Input transform to be applied to the neural network (trained):
[0.496845   0.52004784]
==> Output transform to be applied to the neural network (trained):
[1.9242 2.0182]
==> Saving training info...
==> Drawing training loss...
==> Drawing grad norm...
==> Drawing testing loss...
==> Process finished.
