==> torch device:  cuda:3
==> Test-Train split: test_ratio = 0.20
==> Test-Train split seed:  None
==> Further split: further_train_ratio = 0.25
==> Further split seed:  None
==> Input bias to be applied to the neural network:
[0. 0.]
==> Input transform to be applied to the neural network:
[1. 1.]
==> Ouput transform to be applied to the neural network:
[1. 1.]
==> Evaluating model...
==========================================================================================
Layer (type:depth-idx)                   Output Shape              Param #
==========================================================================================
NeuralNetwork                            [1, 2]                    6
├─Sequential: 1-1                        [1, 2]                    --
│    └─Linear: 2-1                       [1, 64]                   192
│    └─LeakyReLU: 2-2                    [1, 64]                   --
│    └─Linear: 2-3                       [1, 64]                   4,160
│    └─LeakyReLU: 2-4                    [1, 64]                   --
│    └─Linear: 2-5                       [1, 64]                   4,160
│    └─LeakyReLU: 2-6                    [1, 64]                   --
│    └─Linear: 2-7                       [1, 64]                   4,160
│    └─LeakyReLU: 2-8                    [1, 64]                   --
│    └─Linear: 2-9                       [1, 64]                   4,160
│    └─LeakyReLU: 2-10                   [1, 64]                   --
│    └─Linear: 2-11                      [1, 64]                   4,160
│    └─LeakyReLU: 2-12                   [1, 64]                   --
│    └─Linear: 2-13                      [1, 64]                   4,160
│    └─LeakyReLU: 2-14                   [1, 64]                   --
│    └─Linear: 2-15                      [1, 2]                    130
==========================================================================================
Total params: 25,288
Trainable params: 25,282
Non-trainable params: 6
Total mult-adds (Units.MEGABYTES): 0.03
==========================================================================================
Input size (MB): 0.00
Forward/backward pass size (MB): 0.00
Params size (MB): 0.10
Estimated Total Size (MB): 0.10
==========================================================================================
==> Saving initial model weights...
==> Start training...
Epoch: 001 | Loss: 20.5387375 | L2 loss: 20.5387352 | Lip loss: 0.0000025 | Grad norm: 1.420487 | Time: 10s887ms
Epoch: 001 | Test Loss: 19.5680027 | Time: 543ms
==> Save the model at epoch 001 with test loss 19.5680027
Epoch: 002 | Loss: 12.4618816 | L2 loss: 12.4618036 | Lip loss: 0.0000780 | Grad norm: 12.774104 | Time: 10s208ms
Epoch: 002 | Test Loss: 1.1290336 | Time: 545ms
==> Save the model at epoch 002 with test loss 1.1290336
Epoch: 003 | Loss: 0.1017385 | L2 loss: 0.1015099 | Lip loss: 0.0002286 | Grad norm: 2.482262 | Time: 10s14ms
Epoch: 003 | Test Loss: 0.0073141 | Time: 538ms
==> Save the model at epoch 003 with test loss 0.0073141
Epoch: 004 | Loss: 0.0061496 | L2 loss: 0.0059403 | Lip loss: 0.0002092 | Grad norm: 1.305808 | Time: 10s173ms
Epoch: 004 | Test Loss: 0.0048242 | Time: 606ms
==> Save the model at epoch 004 with test loss 0.0048242
Epoch: 005 | Loss: 0.0044422 | L2 loss: 0.0042356 | Lip loss: 0.0002066 | Grad norm: 0.703089 | Time: 10s157ms
Epoch: 005 | Test Loss: 0.0041079 | Time: 542ms
==> Save the model at epoch 005 with test loss 0.0041079
Epoch: 006 | Loss: 0.0039959 | L2 loss: 0.0037897 | Lip loss: 0.0002062 | Grad norm: 0.323104 | Time: 9s925ms
Epoch: 006 | Test Loss: 0.0037727 | Time: 537ms
==> Save the model at epoch 006 with test loss 0.0037727
Epoch: 007 | Loss: 0.0039618 | L2 loss: 0.0037549 | Lip loss: 0.0002069 | Grad norm: 0.323395 | Time: 9s891ms
Epoch: 007 | Test Loss: 0.0037514 | Time: 553ms
==> Save the model at epoch 007 with test loss 0.0037514
Epoch: 008 | Loss: 0.0039290 | L2 loss: 0.0037224 | Lip loss: 0.0002066 | Grad norm: 0.288341 | Time: 10s167ms
Epoch: 008 | Test Loss: 0.0037233 | Time: 543ms
==> Save the model at epoch 008 with test loss 0.0037233
Epoch: 009 | Loss: 0.0039019 | L2 loss: 0.0036957 | Lip loss: 0.0002062 | Grad norm: 0.305162 | Time: 10s184ms
Epoch: 009 | Test Loss: 0.0037260 | Time: 535ms
Epoch: 010 | Loss: 0.0038857 | L2 loss: 0.0036786 | Lip loss: 0.0002071 | Grad norm: 0.335975 | Time: 10s311ms
Epoch: 010 | Test Loss: 0.0037103 | Time: 537ms
==> Save the model at epoch 010 with test loss 0.0037103
Epoch: 011 | Loss: 0.0038405 | L2 loss: 0.0036345 | Lip loss: 0.0002060 | Grad norm: 0.248511 | Time: 10s128ms
Epoch: 011 | Test Loss: 0.0036509 | Time: 626ms
==> Save the model at epoch 011 with test loss 0.0036509
Epoch: 012 | Loss: 0.0038356 | L2 loss: 0.0036287 | Lip loss: 0.0002069 | Grad norm: 0.234099 | Time: 10s59ms
Epoch: 012 | Test Loss: 0.0036474 | Time: 534ms
==> Save the model at epoch 012 with test loss 0.0036474
Epoch: 013 | Loss: 0.0038323 | L2 loss: 0.0036266 | Lip loss: 0.0002057 | Grad norm: 0.235393 | Time: 9s948ms
Epoch: 013 | Test Loss: 0.0036447 | Time: 555ms
==> Save the model at epoch 013 with test loss 0.0036447
Epoch: 014 | Loss: 0.0038303 | L2 loss: 0.0036237 | Lip loss: 0.0002066 | Grad norm: 0.218154 | Time: 10s638ms
Epoch: 014 | Test Loss: 0.0036407 | Time: 540ms
==> Save the model at epoch 014 with test loss 0.0036407
Epoch: 015 | Loss: 0.0038298 | L2 loss: 0.0036235 | Lip loss: 0.0002063 | Grad norm: 0.240363 | Time: 10s237ms
Epoch: 015 | Test Loss: 0.0036442 | Time: 553ms
Epoch: 016 | Loss: 0.0038204 | L2 loss: 0.0036137 | Lip loss: 0.0002067 | Grad norm: 0.234507 | Time: 9s993ms
Epoch: 016 | Test Loss: 0.0036366 | Time: 539ms
==> Save the model at epoch 016 with test loss 0.0036366
Epoch: 017 | Loss: 0.0038197 | L2 loss: 0.0036131 | Lip loss: 0.0002066 | Grad norm: 0.238558 | Time: 10s79ms
Epoch: 017 | Test Loss: 0.0036364 | Time: 539ms
==> Save the model at epoch 017 with test loss 0.0036364
Epoch: 018 | Loss: 0.0038196 | L2 loss: 0.0036137 | Lip loss: 0.0002059 | Grad norm: 0.211235 | Time: 10s49ms
Epoch: 018 | Test Loss: 0.0036358 | Time: 528ms
==> Save the model at epoch 018 with test loss 0.0036358
Epoch: 019 | Loss: 0.0038206 | L2 loss: 0.0036139 | Lip loss: 0.0002066 | Grad norm: 0.221353 | Time: 9s927ms
Epoch: 019 | Test Loss: 0.0036354 | Time: 544ms
==> Save the model at epoch 019 with test loss 0.0036354
Epoch: 020 | Loss: 0.0038218 | L2 loss: 0.0036154 | Lip loss: 0.0002064 | Grad norm: 0.236482 | Time: 9s859ms
Epoch: 020 | Test Loss: 0.0036358 | Time: 605ms
Epoch: 021 | Loss: 0.0038215 | L2 loss: 0.0036151 | Lip loss: 0.0002063 | Grad norm: 0.223827 | Time: 10s64ms
Epoch: 021 | Test Loss: 0.0036356 | Time: 559ms
Epoch: 022 | Loss: 0.0038203 | L2 loss: 0.0036143 | Lip loss: 0.0002059 | Grad norm: 0.237478 | Time: 9s881ms
Epoch: 022 | Test Loss: 0.0036355 | Time: 537ms
Epoch: 023 | Loss: 0.0038207 | L2 loss: 0.0036145 | Lip loss: 0.0002062 | Grad norm: 0.227906 | Time: 10s62ms
Epoch: 023 | Test Loss: 0.0036354 | Time: 542ms
Epoch: 024 | Loss: 0.0038194 | L2 loss: 0.0036130 | Lip loss: 0.0002064 | Grad norm: 0.222999 | Time: 10s129ms
Epoch: 024 | Test Loss: 0.0036353 | Time: 531ms
==> Save the model at epoch 024 with test loss 0.0036353
Epoch: 025 | Loss: 0.0038213 | L2 loss: 0.0036152 | Lip loss: 0.0002061 | Grad norm: 0.229796 | Time: 9s833ms
Epoch: 025 | Test Loss: 0.0036352 | Time: 537ms
==> Save the model at epoch 025 with test loss 0.0036352
Epoch: 026 | Loss: 0.0038194 | L2 loss: 0.0036124 | Lip loss: 0.0002069 | Grad norm: 0.221422 | Time: 10s65ms
Epoch: 026 | Test Loss: 0.0036352 | Time: 535ms
==> Save the model at epoch 026 with test loss 0.0036352
Epoch: 027 | Loss: 0.0038187 | L2 loss: 0.0036122 | Lip loss: 0.0002065 | Grad norm: 0.219841 | Time: 9s862ms
Epoch: 027 | Test Loss: 0.0036352 | Time: 543ms
Epoch: 028 | Loss: 0.0038172 | L2 loss: 0.0036110 | Lip loss: 0.0002063 | Grad norm: 0.212195 | Time: 9s839ms
Epoch: 028 | Test Loss: 0.0036352 | Time: 533ms
==> Save the model at epoch 028 with test loss 0.0036352
Epoch: 029 | Loss: 0.0038198 | L2 loss: 0.0036135 | Lip loss: 0.0002062 | Grad norm: 0.218563 | Time: 10s71ms
Epoch: 029 | Test Loss: 0.0036352 | Time: 632ms
Epoch: 030 | Loss: 0.0038186 | L2 loss: 0.0036122 | Lip loss: 0.0002064 | Grad norm: 0.233159 | Time: 10s54ms
Epoch: 030 | Test Loss: 0.0036352 | Time: 536ms
==> Save the model at epoch 030 with test loss 0.0036352
Epoch: 031 | Loss: 0.0038190 | L2 loss: 0.0036130 | Lip loss: 0.0002060 | Grad norm: 0.218245 | Time: 9s965ms
Epoch: 031 | Test Loss: 0.0036352 | Time: 536ms
==> Save the model at epoch 031 with test loss 0.0036352
Epoch: 032 | Loss: 0.0038188 | L2 loss: 0.0036123 | Lip loss: 0.0002065 | Grad norm: 0.218417 | Time: 10s166ms
Epoch: 032 | Test Loss: 0.0036352 | Time: 543ms
Epoch: 033 | Loss: 0.0038204 | L2 loss: 0.0036139 | Lip loss: 0.0002064 | Grad norm: 0.207534 | Time: 10s44ms
Epoch: 033 | Test Loss: 0.0036352 | Time: 545ms
Epoch: 034 | Loss: 0.0038207 | L2 loss: 0.0036145 | Lip loss: 0.0002062 | Grad norm: 0.214815 | Time: 10s493ms
Epoch: 034 | Test Loss: 0.0036352 | Time: 547ms
Epoch: 035 | Loss: 0.0038199 | L2 loss: 0.0036137 | Lip loss: 0.0002062 | Grad norm: 0.217996 | Time: 10s103ms
Epoch: 035 | Test Loss: 0.0036352 | Time: 544ms
Epoch: 036 | Loss: 0.0038194 | L2 loss: 0.0036129 | Lip loss: 0.0002066 | Grad norm: 0.210962 | Time: 10s514ms
Epoch: 036 | Test Loss: 0.0036352 | Time: 538ms
Epoch: 037 | Loss: 0.0038176 | L2 loss: 0.0036118 | Lip loss: 0.0002059 | Grad norm: 0.217381 | Time: 10s217ms
Epoch: 037 | Test Loss: 0.0036352 | Time: 549ms
Epoch: 038 | Loss: 0.0038203 | L2 loss: 0.0036139 | Lip loss: 0.0002063 | Grad norm: 0.215541 | Time: 10s83ms
Epoch: 038 | Test Loss: 0.0036352 | Time: 606ms
Epoch: 039 | Loss: 0.0038162 | L2 loss: 0.0036102 | Lip loss: 0.0002060 | Grad norm: 0.226252 | Time: 10s168ms
Epoch: 039 | Test Loss: 0.0036352 | Time: 558ms
Epoch: 040 | Loss: 0.0038193 | L2 loss: 0.0036127 | Lip loss: 0.0002066 | Grad norm: 0.229542 | Time: 10s354ms
Epoch: 040 | Test Loss: 0.0036352 | Time: 537ms
Total time: 7m6s
==> Saving trained model weights...
==> Input bias to be applied to the neural network (trained):
[0. 0.]
==> Input transform to be applied to the neural network (trained):
[1. 1.]
==> Output transform to be applied to the neural network (trained):
[1. 1.]
==> Saving training info...
==> Drawing training loss...
==> Drawing grad norm...
==> Drawing testing loss...
==> Drawing l2 loss...
==> Drawing lip loss...
==> Process finished.
