==> torch device:  cuda:3
==> Test-Train split: test_ratio = 0.20
==> Test-Train split seed:  None
==> Further split: further_train_ratio = 1.00
==> Further split seed:  None
==> Input bias to be applied to the neural network:
[0. 0.]
==> Input transform to be applied to the neural network:
[1. 1.]
==> Ouput transform to be applied to the neural network:
[1. 1.]
==> Evaluating model...
==========================================================================================
Layer (type:depth-idx)                   Output Shape              Param #
==========================================================================================
NeuralNetwork                            [1, 2]                    6
├─Sequential: 1-1                        [1, 2]                    --
│    └─Linear: 2-1                       [1, 64]                   192
│    └─LeakyReLU: 2-2                    [1, 64]                   --
│    └─Linear: 2-3                       [1, 64]                   4,160
│    └─LeakyReLU: 2-4                    [1, 64]                   --
│    └─Linear: 2-5                       [1, 64]                   4,160
│    └─LeakyReLU: 2-6                    [1, 64]                   --
│    └─Linear: 2-7                       [1, 64]                   4,160
│    └─LeakyReLU: 2-8                    [1, 64]                   --
│    └─Linear: 2-9                       [1, 64]                   4,160
│    └─LeakyReLU: 2-10                   [1, 64]                   --
│    └─Linear: 2-11                      [1, 64]                   4,160
│    └─LeakyReLU: 2-12                   [1, 64]                   --
│    └─Linear: 2-13                      [1, 64]                   4,160
│    └─LeakyReLU: 2-14                   [1, 64]                   --
│    └─Linear: 2-15                      [1, 2]                    130
==========================================================================================
Total params: 25,288
Trainable params: 25,282
Non-trainable params: 6
Total mult-adds (Units.MEGABYTES): 0.03
==========================================================================================
Input size (MB): 0.00
Forward/backward pass size (MB): 0.00
Params size (MB): 0.10
Estimated Total Size (MB): 0.10
==========================================================================================
==> Saving initial model weights...
==> Start training...
Epoch: 001 | Loss: 3.7725000 | L2 loss: 3.7657739 | Lip loss: 0.0067261 | Grad norm: 2.777657 | Time: 34s176ms
Epoch: 001 | Test Loss: 0.2077648 | Time: 431ms
==> Save the model at epoch 001 with test loss 0.2077648
Epoch: 002 | Loss: 0.1844064 | L2 loss: 0.1699448 | Lip loss: 0.0144616 | Grad norm: 1.908445 | Time: 34s969ms
Epoch: 002 | Test Loss: 0.1148975 | Time: 434ms
==> Save the model at epoch 002 with test loss 0.1148975
Epoch: 003 | Loss: 0.1180013 | L2 loss: 0.1027848 | Lip loss: 0.0152166 | Grad norm: 2.122960 | Time: 34s770ms
Epoch: 003 | Test Loss: 0.0734539 | Time: 433ms
==> Save the model at epoch 003 with test loss 0.0734539
Epoch: 004 | Loss: 0.0843245 | L2 loss: 0.0691396 | Lip loss: 0.0151849 | Grad norm: 2.193505 | Time: 34s574ms
Epoch: 004 | Test Loss: 0.0504733 | Time: 441ms
==> Save the model at epoch 004 with test loss 0.0504733
Epoch: 005 | Loss: 0.0615000 | L2 loss: 0.0468616 | Lip loss: 0.0146383 | Grad norm: 2.097961 | Time: 35s936ms
Epoch: 005 | Test Loss: 0.0322313 | Time: 438ms
==> Save the model at epoch 005 with test loss 0.0322313
Epoch: 006 | Loss: 0.0500675 | L2 loss: 0.0353156 | Lip loss: 0.0147518 | Grad norm: 1.269742 | Time: 35s604ms
Epoch: 006 | Test Loss: 0.0301672 | Time: 508ms
==> Save the model at epoch 006 with test loss 0.0301672
Epoch: 007 | Loss: 0.0488100 | L2 loss: 0.0335959 | Lip loss: 0.0152140 | Grad norm: 1.278937 | Time: 34s485ms
Epoch: 007 | Test Loss: 0.0289523 | Time: 507ms
==> Save the model at epoch 007 with test loss 0.0289523
Epoch: 008 | Loss: 0.0470648 | L2 loss: 0.0321280 | Lip loss: 0.0149368 | Grad norm: 1.323918 | Time: 35s319ms
Epoch: 008 | Test Loss: 0.0274422 | Time: 452ms
==> Save the model at epoch 008 with test loss 0.0274422
Epoch: 009 | Loss: 0.0453385 | L2 loss: 0.0305535 | Lip loss: 0.0147851 | Grad norm: 1.242953 | Time: 35s181ms
Epoch: 009 | Test Loss: 0.0263140 | Time: 442ms
==> Save the model at epoch 009 with test loss 0.0263140
Epoch: 010 | Loss: 0.0442546 | L2 loss: 0.0293039 | Lip loss: 0.0149506 | Grad norm: 1.360259 | Time: 34s26ms
Epoch: 010 | Test Loss: 0.0248862 | Time: 432ms
==> Save the model at epoch 010 with test loss 0.0248862
Epoch: 011 | Loss: 0.0428959 | L2 loss: 0.0282503 | Lip loss: 0.0146456 | Grad norm: 1.071632 | Time: 34s483ms
Epoch: 011 | Test Loss: 0.0247290 | Time: 441ms
==> Save the model at epoch 011 with test loss 0.0247290
Epoch: 012 | Loss: 0.0428098 | L2 loss: 0.0280942 | Lip loss: 0.0147156 | Grad norm: 1.032582 | Time: 35s347ms
Epoch: 012 | Test Loss: 0.0245809 | Time: 437ms
==> Save the model at epoch 012 with test loss 0.0245809
Epoch: 013 | Loss: 0.0427660 | L2 loss: 0.0279589 | Lip loss: 0.0148071 | Grad norm: 1.040725 | Time: 34s208ms
Epoch: 013 | Test Loss: 0.0244881 | Time: 439ms
==> Save the model at epoch 013 with test loss 0.0244881
Epoch: 014 | Loss: 0.0428129 | L2 loss: 0.0277953 | Lip loss: 0.0150176 | Grad norm: 0.988487 | Time: 34s983ms
Epoch: 014 | Test Loss: 0.0243721 | Time: 436ms
==> Save the model at epoch 014 with test loss 0.0243721
Epoch: 015 | Loss: 0.0424452 | L2 loss: 0.0276493 | Lip loss: 0.0147959 | Grad norm: 0.999289 | Time: 34s454ms
Epoch: 015 | Test Loss: 0.0242602 | Time: 500ms
==> Save the model at epoch 015 with test loss 0.0242602
Epoch: 016 | Loss: 0.0424759 | L2 loss: 0.0275612 | Lip loss: 0.0149147 | Grad norm: 1.011584 | Time: 34s735ms
Epoch: 016 | Test Loss: 0.0242014 | Time: 504ms
==> Save the model at epoch 016 with test loss 0.0242014
Epoch: 017 | Loss: 0.0424927 | L2 loss: 0.0275414 | Lip loss: 0.0149513 | Grad norm: 0.998171 | Time: 34s409ms
Epoch: 017 | Test Loss: 0.0241918 | Time: 432ms
==> Save the model at epoch 017 with test loss 0.0241918
Epoch: 018 | Loss: 0.0419942 | L2 loss: 0.0275223 | Lip loss: 0.0144719 | Grad norm: 1.019860 | Time: 34s660ms
Epoch: 018 | Test Loss: 0.0241792 | Time: 437ms
==> Save the model at epoch 018 with test loss 0.0241792
Epoch: 019 | Loss: 0.0424631 | L2 loss: 0.0275112 | Lip loss: 0.0149519 | Grad norm: 1.012069 | Time: 34s941ms
Epoch: 019 | Test Loss: 0.0241511 | Time: 436ms
==> Save the model at epoch 019 with test loss 0.0241511
Epoch: 020 | Loss: 0.0423654 | L2 loss: 0.0274912 | Lip loss: 0.0148742 | Grad norm: 1.018952 | Time: 35s108ms
Epoch: 020 | Test Loss: 0.0241389 | Time: 435ms
==> Save the model at epoch 020 with test loss 0.0241389
Epoch: 021 | Loss: 0.0422571 | L2 loss: 0.0274863 | Lip loss: 0.0147707 | Grad norm: 1.009170 | Time: 34s188ms
Epoch: 021 | Test Loss: 0.0241402 | Time: 433ms
Epoch: 022 | Loss: 0.0421596 | L2 loss: 0.0274845 | Lip loss: 0.0146750 | Grad norm: 0.995084 | Time: 34s686ms
Epoch: 022 | Test Loss: 0.0241389 | Time: 432ms
==> Save the model at epoch 022 with test loss 0.0241389
Epoch: 023 | Loss: 0.0422211 | L2 loss: 0.0274830 | Lip loss: 0.0147381 | Grad norm: 0.996380 | Time: 34s230ms
Epoch: 023 | Test Loss: 0.0241393 | Time: 439ms
Epoch: 024 | Loss: 0.0421345 | L2 loss: 0.0274812 | Lip loss: 0.0146533 | Grad norm: 0.987011 | Time: 34s438ms
Epoch: 024 | Test Loss: 0.0241394 | Time: 505ms
Epoch: 025 | Loss: 0.0425018 | L2 loss: 0.0274794 | Lip loss: 0.0150223 | Grad norm: 0.998024 | Time: 35s234ms
Epoch: 025 | Test Loss: 0.0241375 | Time: 503ms
==> Save the model at epoch 025 with test loss 0.0241375
Epoch: 026 | Loss: 0.0424077 | L2 loss: 0.0274778 | Lip loss: 0.0149299 | Grad norm: 1.042612 | Time: 34s587ms
Epoch: 026 | Test Loss: 0.0241375 | Time: 432ms
==> Save the model at epoch 026 with test loss 0.0241375
Epoch: 027 | Loss: 0.0422377 | L2 loss: 0.0274778 | Lip loss: 0.0147599 | Grad norm: 1.012278 | Time: 34s169ms
Epoch: 027 | Test Loss: 0.0241375 | Time: 434ms
==> Save the model at epoch 027 with test loss 0.0241375
Epoch: 028 | Loss: 0.0420204 | L2 loss: 0.0274778 | Lip loss: 0.0145426 | Grad norm: 0.992819 | Time: 34s335ms
Epoch: 028 | Test Loss: 0.0241375 | Time: 437ms
==> Save the model at epoch 028 with test loss 0.0241375
Epoch: 029 | Loss: 0.0424060 | L2 loss: 0.0274777 | Lip loss: 0.0149283 | Grad norm: 1.007715 | Time: 34s515ms
Epoch: 029 | Test Loss: 0.0241375 | Time: 449ms
Epoch: 030 | Loss: 0.0423651 | L2 loss: 0.0274777 | Lip loss: 0.0148874 | Grad norm: 0.989109 | Time: 34s994ms
Epoch: 030 | Test Loss: 0.0241375 | Time: 432ms
Epoch: 031 | Loss: 0.0420190 | L2 loss: 0.0274777 | Lip loss: 0.0145412 | Grad norm: 1.007169 | Time: 35s273ms
Epoch: 031 | Test Loss: 0.0241375 | Time: 448ms
Epoch: 032 | Loss: 0.0420872 | L2 loss: 0.0274777 | Lip loss: 0.0146094 | Grad norm: 1.019115 | Time: 35s311ms
Epoch: 032 | Test Loss: 0.0241375 | Time: 518ms
Epoch: 033 | Loss: 0.0422433 | L2 loss: 0.0274777 | Lip loss: 0.0147656 | Grad norm: 1.014412 | Time: 35s477ms
Epoch: 033 | Test Loss: 0.0241375 | Time: 430ms
Epoch: 034 | Loss: 0.0422748 | L2 loss: 0.0274777 | Lip loss: 0.0147971 | Grad norm: 1.022381 | Time: 34s486ms
Epoch: 034 | Test Loss: 0.0241375 | Time: 507ms
Epoch: 035 | Loss: 0.0420842 | L2 loss: 0.0274777 | Lip loss: 0.0146065 | Grad norm: 1.003097 | Time: 34s626ms
Epoch: 035 | Test Loss: 0.0241375 | Time: 501ms
Epoch: 036 | Loss: 0.0420298 | L2 loss: 0.0274777 | Lip loss: 0.0145521 | Grad norm: 0.999123 | Time: 34s674ms
Epoch: 036 | Test Loss: 0.0241375 | Time: 441ms
Epoch: 037 | Loss: 0.0421959 | L2 loss: 0.0274777 | Lip loss: 0.0147181 | Grad norm: 0.988856 | Time: 34s193ms
Epoch: 037 | Test Loss: 0.0241375 | Time: 440ms
Epoch: 038 | Loss: 0.0424525 | L2 loss: 0.0274777 | Lip loss: 0.0149748 | Grad norm: 0.999073 | Time: 34s361ms
Epoch: 038 | Test Loss: 0.0241375 | Time: 437ms
Epoch: 039 | Loss: 0.0421592 | L2 loss: 0.0274777 | Lip loss: 0.0146815 | Grad norm: 0.985147 | Time: 34s829ms
Epoch: 039 | Test Loss: 0.0241375 | Time: 444ms
Epoch: 040 | Loss: 0.0421369 | L2 loss: 0.0274777 | Lip loss: 0.0146592 | Grad norm: 1.007427 | Time: 34s118ms
Epoch: 040 | Test Loss: 0.0241375 | Time: 431ms
Total time: 23m27s
==> Saving trained model weights...
==> Input bias to be applied to the neural network (trained):
[0. 0.]
==> Input transform to be applied to the neural network (trained):
[1. 1.]
==> Output transform to be applied to the neural network (trained):
[1. 1.]
==> Saving training info...
==> Drawing training loss...
==> Drawing grad norm...
==> Drawing testing loss...
==> Drawing l2 loss...
==> Drawing lip loss...
==> Process finished.
