==> torch device:  cuda:2
==> Test-Train split: test_ratio = 0.20
==> Test-Train split seed:  None
==> Further split: further_train_ratio = 0.25
==> Further split seed:  None
==> Input bias to be applied to the neural network:
[0. 0. 0. 0.]
==> Input transform to be applied to the neural network:
[1. 1. 1. 1.]
==> Ouput transform to be applied to the neural network:
[1. 1.]
==> Evaluating model...
==========================================================================================
Layer (type:depth-idx)                   Output Shape              Param #
==========================================================================================
NeuralNetwork                            [1, 2]                    10
├─Sequential: 1-1                        [1, 2]                    --
│    └─Linear: 2-1                       [1, 64]                   320
│    └─LeakyReLU: 2-2                    [1, 64]                   --
│    └─Linear: 2-3                       [1, 64]                   4,160
│    └─LeakyReLU: 2-4                    [1, 64]                   --
│    └─Linear: 2-5                       [1, 64]                   4,160
│    └─LeakyReLU: 2-6                    [1, 64]                   --
│    └─Linear: 2-7                       [1, 64]                   4,160
│    └─LeakyReLU: 2-8                    [1, 64]                   --
│    └─Linear: 2-9                       [1, 64]                   4,160
│    └─LeakyReLU: 2-10                   [1, 64]                   --
│    └─Linear: 2-11                      [1, 64]                   4,160
│    └─LeakyReLU: 2-12                   [1, 64]                   --
│    └─Linear: 2-13                      [1, 64]                   4,160
│    └─LeakyReLU: 2-14                   [1, 64]                   --
│    └─Linear: 2-15                      [1, 2]                    130
==========================================================================================
Total params: 25,420
Trainable params: 25,410
Non-trainable params: 10
Total mult-adds (Units.MEGABYTES): 0.03
==========================================================================================
Input size (MB): 0.00
Forward/backward pass size (MB): 0.00
Params size (MB): 0.10
Estimated Total Size (MB): 0.11
==========================================================================================
==> Saving initial model weights...
==> Start training...
Epoch: 001 | Loss: 0.0012739 | L2 loss: 0.0012739 | Lip loss: 0.0000000 | Grad norm: 0.026455 | Time: 8s454ms
Epoch: 001 | Test Loss: 0.0006892 | Time: 496ms
==> Save the model at epoch 001 with test loss 0.0006892
Epoch: 002 | Loss: 0.0003812 | L2 loss: 0.0003805 | Lip loss: 0.0000007 | Grad norm: 0.006805 | Time: 8s582ms
Epoch: 002 | Test Loss: 0.0002824 | Time: 565ms
==> Save the model at epoch 002 with test loss 0.0002824
Epoch: 003 | Loss: 0.0001233 | L2 loss: 0.0001224 | Lip loss: 0.0000009 | Grad norm: 0.007683 | Time: 8s735ms
Epoch: 003 | Test Loss: 0.0000758 | Time: 494ms
==> Save the model at epoch 003 with test loss 0.0000758
Epoch: 004 | Loss: 0.0000763 | L2 loss: 0.0000754 | Lip loss: 0.0000009 | Grad norm: 0.003497 | Time: 8s601ms
Epoch: 004 | Test Loss: 0.0000726 | Time: 496ms
==> Save the model at epoch 004 with test loss 0.0000726
Epoch: 005 | Loss: 0.0000758 | L2 loss: 0.0000749 | Lip loss: 0.0000009 | Grad norm: 0.004656 | Time: 8s619ms
Epoch: 005 | Test Loss: 0.0000770 | Time: 503ms
Epoch: 006 | Loss: 0.0000706 | L2 loss: 0.0000697 | Lip loss: 0.0000009 | Grad norm: 0.002009 | Time: 8s635ms
Epoch: 006 | Test Loss: 0.0000684 | Time: 492ms
==> Save the model at epoch 006 with test loss 0.0000684
Epoch: 007 | Loss: 0.0000698 | L2 loss: 0.0000689 | Lip loss: 0.0000009 | Grad norm: 0.001708 | Time: 8s192ms
Epoch: 007 | Test Loss: 0.0000682 | Time: 500ms
==> Save the model at epoch 007 with test loss 0.0000682
Epoch: 008 | Loss: 0.0000698 | L2 loss: 0.0000688 | Lip loss: 0.0000010 | Grad norm: 0.001819 | Time: 8s387ms
Epoch: 008 | Test Loss: 0.0000682 | Time: 502ms
Epoch: 009 | Loss: 0.0000695 | L2 loss: 0.0000686 | Lip loss: 0.0000009 | Grad norm: 0.001620 | Time: 8s368ms
Epoch: 009 | Test Loss: 0.0000680 | Time: 494ms
==> Save the model at epoch 009 with test loss 0.0000680
Epoch: 010 | Loss: 0.0000693 | L2 loss: 0.0000685 | Lip loss: 0.0000009 | Grad norm: 0.001563 | Time: 8s361ms
Epoch: 010 | Test Loss: 0.0000681 | Time: 504ms
Epoch: 011 | Loss: 0.0000691 | L2 loss: 0.0000681 | Lip loss: 0.0000010 | Grad norm: 0.001488 | Time: 8s588ms
Epoch: 011 | Test Loss: 0.0000676 | Time: 497ms
==> Save the model at epoch 011 with test loss 0.0000676
Epoch: 012 | Loss: 0.0000689 | L2 loss: 0.0000681 | Lip loss: 0.0000009 | Grad norm: 0.001237 | Time: 8s419ms
Epoch: 012 | Test Loss: 0.0000676 | Time: 494ms
==> Save the model at epoch 012 with test loss 0.0000676
Epoch: 013 | Loss: 0.0000689 | L2 loss: 0.0000680 | Lip loss: 0.0000009 | Grad norm: 0.001259 | Time: 8s726ms
Epoch: 013 | Test Loss: 0.0000676 | Time: 579ms
Epoch: 014 | Loss: 0.0000689 | L2 loss: 0.0000680 | Lip loss: 0.0000009 | Grad norm: 0.001292 | Time: 8s617ms
Epoch: 014 | Test Loss: 0.0000676 | Time: 518ms
Epoch: 015 | Loss: 0.0000689 | L2 loss: 0.0000680 | Lip loss: 0.0000009 | Grad norm: 0.001403 | Time: 8s512ms
Epoch: 015 | Test Loss: 0.0000677 | Time: 497ms
Epoch: 016 | Loss: 0.0000689 | L2 loss: 0.0000680 | Lip loss: 0.0000009 | Grad norm: 0.001378 | Time: 8s436ms
Epoch: 016 | Test Loss: 0.0000676 | Time: 561ms
==> Save the model at epoch 016 with test loss 0.0000676
Epoch: 017 | Loss: 0.0000689 | L2 loss: 0.0000680 | Lip loss: 0.0000009 | Grad norm: 0.001193 | Time: 8s294ms
Epoch: 017 | Test Loss: 0.0000676 | Time: 490ms
==> Save the model at epoch 017 with test loss 0.0000676
Epoch: 018 | Loss: 0.0000688 | L2 loss: 0.0000680 | Lip loss: 0.0000009 | Grad norm: 0.001268 | Time: 8s596ms
Epoch: 018 | Test Loss: 0.0000676 | Time: 497ms
Epoch: 019 | Loss: 0.0000689 | L2 loss: 0.0000680 | Lip loss: 0.0000009 | Grad norm: 0.001301 | Time: 8s442ms
Epoch: 019 | Test Loss: 0.0000676 | Time: 499ms
Epoch: 020 | Loss: 0.0000689 | L2 loss: 0.0000680 | Lip loss: 0.0000009 | Grad norm: 0.001270 | Time: 8s431ms
Epoch: 020 | Test Loss: 0.0000676 | Time: 495ms
Epoch: 021 | Loss: 0.0000689 | L2 loss: 0.0000680 | Lip loss: 0.0000010 | Grad norm: 0.001256 | Time: 8s524ms
Epoch: 021 | Test Loss: 0.0000676 | Time: 508ms
Epoch: 022 | Loss: 0.0000688 | L2 loss: 0.0000679 | Lip loss: 0.0000009 | Grad norm: 0.001194 | Time: 8s518ms
Epoch: 022 | Test Loss: 0.0000676 | Time: 499ms
Epoch: 023 | Loss: 0.0000688 | L2 loss: 0.0000679 | Lip loss: 0.0000008 | Grad norm: 0.001352 | Time: 8s218ms
Epoch: 023 | Test Loss: 0.0000676 | Time: 502ms
Epoch: 024 | Loss: 0.0000688 | L2 loss: 0.0000679 | Lip loss: 0.0000009 | Grad norm: 0.001258 | Time: 8s509ms
Epoch: 024 | Test Loss: 0.0000676 | Time: 571ms
Epoch: 025 | Loss: 0.0000688 | L2 loss: 0.0000680 | Lip loss: 0.0000009 | Grad norm: 0.001242 | Time: 8s440ms
Epoch: 025 | Test Loss: 0.0000676 | Time: 513ms
Epoch: 026 | Loss: 0.0000688 | L2 loss: 0.0000679 | Lip loss: 0.0000009 | Grad norm: 0.001278 | Time: 8s464ms
Epoch: 026 | Test Loss: 0.0000676 | Time: 493ms
Epoch: 027 | Loss: 0.0000688 | L2 loss: 0.0000679 | Lip loss: 0.0000009 | Grad norm: 0.001287 | Time: 8s594ms
Epoch: 027 | Test Loss: 0.0000676 | Time: 574ms
Epoch: 028 | Loss: 0.0000689 | L2 loss: 0.0000679 | Lip loss: 0.0000010 | Grad norm: 0.001327 | Time: 8s435ms
Epoch: 028 | Test Loss: 0.0000676 | Time: 508ms
Epoch: 029 | Loss: 0.0000689 | L2 loss: 0.0000680 | Lip loss: 0.0000009 | Grad norm: 0.001331 | Time: 8s396ms
Epoch: 029 | Test Loss: 0.0000676 | Time: 493ms
Epoch: 030 | Loss: 0.0000689 | L2 loss: 0.0000679 | Lip loss: 0.0000010 | Grad norm: 0.001206 | Time: 8s669ms
Epoch: 030 | Test Loss: 0.0000676 | Time: 501ms
Epoch: 031 | Loss: 0.0000688 | L2 loss: 0.0000679 | Lip loss: 0.0000009 | Grad norm: 0.001348 | Time: 8s493ms
Epoch: 031 | Test Loss: 0.0000676 | Time: 504ms
Epoch: 032 | Loss: 0.0000688 | L2 loss: 0.0000679 | Lip loss: 0.0000008 | Grad norm: 0.001251 | Time: 8s198ms
Epoch: 032 | Test Loss: 0.0000676 | Time: 507ms
Epoch: 033 | Loss: 0.0000688 | L2 loss: 0.0000679 | Lip loss: 0.0000009 | Grad norm: 0.001170 | Time: 8s603ms
Epoch: 033 | Test Loss: 0.0000676 | Time: 501ms
Epoch: 034 | Loss: 0.0000688 | L2 loss: 0.0000679 | Lip loss: 0.0000009 | Grad norm: 0.001302 | Time: 8s195ms
Epoch: 034 | Test Loss: 0.0000676 | Time: 500ms
Epoch: 035 | Loss: 0.0000689 | L2 loss: 0.0000680 | Lip loss: 0.0000009 | Grad norm: 0.001221 | Time: 8s489ms
Epoch: 035 | Test Loss: 0.0000676 | Time: 564ms
Epoch: 036 | Loss: 0.0000688 | L2 loss: 0.0000680 | Lip loss: 0.0000009 | Grad norm: 0.001320 | Time: 8s170ms
Epoch: 036 | Test Loss: 0.0000676 | Time: 491ms
Epoch: 037 | Loss: 0.0000689 | L2 loss: 0.0000679 | Lip loss: 0.0000009 | Grad norm: 0.001287 | Time: 8s171ms
Epoch: 037 | Test Loss: 0.0000676 | Time: 502ms
Epoch: 038 | Loss: 0.0000688 | L2 loss: 0.0000679 | Lip loss: 0.0000009 | Grad norm: 0.001127 | Time: 8s389ms
Epoch: 038 | Test Loss: 0.0000676 | Time: 565ms
Epoch: 039 | Loss: 0.0000690 | L2 loss: 0.0000680 | Lip loss: 0.0000010 | Grad norm: 0.001383 | Time: 8s805ms
Epoch: 039 | Test Loss: 0.0000676 | Time: 500ms
Epoch: 040 | Loss: 0.0000689 | L2 loss: 0.0000679 | Lip loss: 0.0000009 | Grad norm: 0.001298 | Time: 8s350ms
Epoch: 040 | Test Loss: 0.0000676 | Time: 495ms
Total time: 5m59s
==> Saving trained model weights...
==> Input bias to be applied to the neural network (trained):
[0. 0. 0. 0.]
==> Input transform to be applied to the neural network (trained):
[1. 1. 1. 1.]
==> Output transform to be applied to the neural network (trained):
[1. 1.]
==> Saving training info...
==> Drawing training loss...
==> Drawing grad norm...
==> Drawing testing loss...
==> Drawing l2 loss...
==> Drawing lip loss...
==> Process finished.
