==> torch device:  cuda:1
==> Test-Train split: test_ratio = 0.20
==> Test-Train split seed:  None
==> Further split: further_train_ratio = 0.25
==> Further split seed:  None
==> Input bias to be applied to the neural network:
[0. 0.]
==> Input transform to be applied to the neural network:
[0.5090095 0.5090095]
==> Ouput transform to be applied to the neural network:
[3.9366 3.9363]
==> Evaluating model...
==========================================================================================
Layer (type:depth-idx)                   Output Shape              Param #
==========================================================================================
NeuralNetwork                            [1, 2]                    6
├─Sequential: 1-1                        [1, 2]                    --
│    └─Linear: 2-1                       [1, 64]                   192
│    └─ReLU: 2-2                         [1, 64]                   --
│    └─Linear: 2-3                       [1, 64]                   4,160
│    └─ReLU: 2-4                         [1, 64]                   --
│    └─Linear: 2-5                       [1, 64]                   4,160
│    └─ReLU: 2-6                         [1, 64]                   --
│    └─Linear: 2-7                       [1, 64]                   4,160
│    └─ReLU: 2-8                         [1, 64]                   --
│    └─Linear: 2-9                       [1, 64]                   4,160
│    └─ReLU: 2-10                        [1, 64]                   --
│    └─Linear: 2-11                      [1, 64]                   4,160
│    └─ReLU: 2-12                        [1, 64]                   --
│    └─Linear: 2-13                      [1, 64]                   4,160
│    └─ReLU: 2-14                        [1, 64]                   --
│    └─Linear: 2-15                      [1, 2]                    130
├─Sequential: 1-2                        [1, 2]                    (recursive)
│    └─Linear: 2-16                      [1, 64]                   (recursive)
│    └─ReLU: 2-17                        [1, 64]                   --
│    └─Linear: 2-18                      [1, 64]                   (recursive)
│    └─ReLU: 2-19                        [1, 64]                   --
│    └─Linear: 2-20                      [1, 64]                   (recursive)
│    └─ReLU: 2-21                        [1, 64]                   --
│    └─Linear: 2-22                      [1, 64]                   (recursive)
│    └─ReLU: 2-23                        [1, 64]                   --
│    └─Linear: 2-24                      [1, 64]                   (recursive)
│    └─ReLU: 2-25                        [1, 64]                   --
│    └─Linear: 2-26                      [1, 64]                   (recursive)
│    └─ReLU: 2-27                        [1, 64]                   --
│    └─Linear: 2-28                      [1, 64]                   (recursive)
│    └─ReLU: 2-29                        [1, 64]                   --
│    └─Linear: 2-30                      [1, 2]                    (recursive)
==========================================================================================
Total params: 25,288
Trainable params: 25,282
Non-trainable params: 6
Total mult-adds (Units.MEGABYTES): 0.05
==========================================================================================
Input size (MB): 0.00
Forward/backward pass size (MB): 0.01
Params size (MB): 0.10
Estimated Total Size (MB): 0.11
==========================================================================================
==> Saving initial model weights...
==> Start training...
==> Number of param_groups in optimizer: 1
Epoch: 001 | Train Loss: 30.8557851 | Grad norm: 0.756042 | Time: 1s237ms
Epoch: 001 | Test Loss: 30.7666147 | Time: 443ms
==> Save the model at epoch 001 with test loss 30.7666147
Epoch: 002 | Train Loss: 7.1472077 | Grad norm: 16.187489 | Time: 1s15ms
Epoch: 002 | Test Loss: 0.0180732 | Time: 461ms
==> Save the model at epoch 002 with test loss 0.0180732
Epoch: 003 | Train Loss: 0.0709319 | Grad norm: 6.086664 | Time: 1s16ms
Epoch: 003 | Test Loss: 0.0768145 | Time: 517ms
Epoch: 004 | Train Loss: 0.0772259 | Grad norm: 6.165764 | Time: 1s69ms
Epoch: 004 | Test Loss: 0.0533604 | Time: 443ms
Epoch: 005 | Train Loss: 0.1224377 | Grad norm: 7.934697 | Time: 1s31ms
Epoch: 005 | Test Loss: 0.0975453 | Time: 445ms
Epoch: 006 | Train Loss: 0.1300609 | Grad norm: 8.089847 | Time: 959ms
Epoch: 006 | Test Loss: 0.0736648 | Time: 447ms
Epoch: 007 | Train Loss: 0.1833768 | Grad norm: 9.697849 | Time: 974ms
Epoch: 007 | Test Loss: 0.0477240 | Time: 530ms
Epoch: 008 | Train Loss: 0.3947237 | Grad norm: 13.513479 | Time: 967ms
Epoch: 008 | Test Loss: 0.1817526 | Time: 444ms
Epoch: 009 | Train Loss: 0.2718433 | Grad norm: 11.535753 | Time: 988ms
Epoch: 009 | Test Loss: 0.1531243 | Time: 461ms
Epoch: 010 | Train Loss: 0.1968296 | Grad norm: 9.647342 | Time: 990ms
Epoch: 010 | Test Loss: 0.2468377 | Time: 460ms
Epoch: 011 | Train Loss: 0.2897934 | Grad norm: 11.700904 | Time: 1s31ms
Epoch: 011 | Test Loss: 0.0559493 | Time: 513ms
Epoch: 012 | Train Loss: 0.1402704 | Grad norm: 7.757646 | Time: 1s66ms
Epoch: 012 | Test Loss: 0.1868033 | Time: 480ms
Epoch: 013 | Train Loss: 0.1481991 | Grad norm: 8.356475 | Time: 987ms
Epoch: 013 | Test Loss: 0.0763814 | Time: 443ms
Epoch: 014 | Train Loss: 0.1472926 | Grad norm: 7.768294 | Time: 988ms
Epoch: 014 | Test Loss: 0.1128287 | Time: 450ms
Epoch: 015 | Train Loss: 0.1439179 | Grad norm: 7.757679 | Time: 990ms
Epoch: 015 | Test Loss: 0.0290716 | Time: 512ms
Epoch: 016 | Train Loss: 0.0907327 | Grad norm: 6.192716 | Time: 990ms
Epoch: 016 | Test Loss: 0.1612886 | Time: 462ms
Epoch: 017 | Train Loss: 0.0753231 | Grad norm: 5.770408 | Time: 983ms
Epoch: 017 | Test Loss: 0.0817824 | Time: 446ms
Epoch: 018 | Train Loss: 0.0841854 | Grad norm: 5.792879 | Time: 979ms
Epoch: 018 | Test Loss: 0.0596163 | Time: 458ms
Epoch: 019 | Train Loss: 0.0646701 | Grad norm: 5.348485 | Time: 982ms
Epoch: 019 | Test Loss: 0.0551239 | Time: 514ms
Epoch: 020 | Train Loss: 0.0431356 | Grad norm: 4.103526 | Time: 1s15ms
Epoch: 020 | Test Loss: 0.0359549 | Time: 458ms
Epoch: 021 | Train Loss: 0.0559909 | Grad norm: 4.504726 | Time: 1s16ms
Epoch: 021 | Test Loss: 0.0477572 | Time: 466ms
Epoch: 022 | Train Loss: 0.0322232 | Grad norm: 3.455375 | Time: 1s58ms
Epoch: 022 | Test Loss: 0.0267633 | Time: 463ms
Epoch: 023 | Train Loss: 0.0417624 | Grad norm: 3.950624 | Time: 1s7ms
Epoch: 023 | Test Loss: 0.0293760 | Time: 528ms
Epoch: 024 | Train Loss: 0.0280308 | Grad norm: 3.097022 | Time: 983ms
Epoch: 024 | Test Loss: 0.0178835 | Time: 476ms
==> Save the model at epoch 024 with test loss 0.0178835
Epoch: 025 | Train Loss: 0.0215778 | Grad norm: 2.621803 | Time: 1s49ms
Epoch: 025 | Test Loss: 0.0280877 | Time: 449ms
Epoch: 026 | Train Loss: 0.0209918 | Grad norm: 2.370789 | Time: 1s42ms
Epoch: 026 | Test Loss: 0.0116907 | Time: 445ms
==> Save the model at epoch 026 with test loss 0.0116907
Epoch: 027 | Train Loss: 0.0148710 | Grad norm: 1.959011 | Time: 999ms
Epoch: 027 | Test Loss: 0.0142038 | Time: 518ms
Epoch: 028 | Train Loss: 0.0165715 | Grad norm: 2.059233 | Time: 969ms
Epoch: 028 | Test Loss: 0.0150885 | Time: 444ms
Epoch: 029 | Train Loss: 0.0159062 | Grad norm: 1.950553 | Time: 1s43ms
Epoch: 029 | Test Loss: 0.0179944 | Time: 472ms
Epoch: 030 | Train Loss: 0.0104905 | Grad norm: 1.182594 | Time: 1s134ms
Epoch: 030 | Test Loss: 0.0106287 | Time: 446ms
==> Save the model at epoch 030 with test loss 0.0106287
Epoch: 031 | Train Loss: 0.0103479 | Grad norm: 1.248611 | Time: 1s31ms
Epoch: 031 | Test Loss: 0.0078983 | Time: 516ms
==> Save the model at epoch 031 with test loss 0.0078983
Epoch: 032 | Train Loss: 0.0085710 | Grad norm: 0.774315 | Time: 998ms
Epoch: 032 | Test Loss: 0.0095961 | Time: 445ms
Epoch: 033 | Train Loss: 0.0087278 | Grad norm: 0.832418 | Time: 993ms
Epoch: 033 | Test Loss: 0.0082247 | Time: 463ms
Epoch: 034 | Train Loss: 0.0077738 | Grad norm: 0.501793 | Time: 960ms
Epoch: 034 | Test Loss: 0.0075070 | Time: 448ms
==> Save the model at epoch 034 with test loss 0.0075070
Epoch: 035 | Train Loss: 0.0076358 | Grad norm: 0.452638 | Time: 968ms
Epoch: 035 | Test Loss: 0.0078432 | Time: 531ms
Epoch: 036 | Train Loss: 0.0076356 | Grad norm: 0.467289 | Time: 996ms
Epoch: 036 | Test Loss: 0.0074399 | Time: 445ms
==> Save the model at epoch 036 with test loss 0.0074399
Epoch: 037 | Train Loss: 0.0074166 | Grad norm: 0.323149 | Time: 1s32ms
Epoch: 037 | Test Loss: 0.0072675 | Time: 446ms
==> Save the model at epoch 037 with test loss 0.0072675
Epoch: 038 | Train Loss: 0.0073617 | Grad norm: 0.306176 | Time: 1s42ms
Epoch: 038 | Test Loss: 0.0072274 | Time: 451ms
==> Save the model at epoch 038 with test loss 0.0072274
Epoch: 039 | Train Loss: 0.0073114 | Grad norm: 0.267387 | Time: 1s91ms
Epoch: 039 | Test Loss: 0.0071998 | Time: 537ms
==> Save the model at epoch 039 with test loss 0.0071998
Epoch: 040 | Train Loss: 0.0072659 | Grad norm: 0.212447 | Time: 1s18ms
Epoch: 040 | Test Loss: 0.0071724 | Time: 518ms
==> Save the model at epoch 040 with test loss 0.0071724
Total time: 59s639ms
==> Saving trained model weights...
==> Input bias to be applied to the neural network (trained):
[0. 0.]
==> Input transform to be applied to the neural network (trained):
[0.5090095 0.5090095]
==> Output transform to be applied to the neural network (trained):
[3.9366 3.9363]
==> Saving training info...
==> Drawing training loss...
==> Drawing grad norm...
==> Drawing testing loss...
==> Process finished.
