==> torch device:  cuda:3
==> Test-Train split: test_ratio = 0.20
==> Test-Train split seed:  None
==> Further split: further_train_ratio = 1.00
==> Further split seed:  None
==> Input bias to be applied to the neural network:
[0. 0.]
==> Input transform to be applied to the neural network:
[0.5090095 0.5090095]
==> Ouput transform to be applied to the neural network:
[3.9366 3.9363]
==> Evaluating model...
==========================================================================================
Layer (type:depth-idx)                   Output Shape              Param #
==========================================================================================
NeuralNetwork                            [1, 2]                    6
├─Sequential: 1-1                        [1, 2]                    --
│    └─Linear: 2-1                       [1, 64]                   192
│    └─ReLU: 2-2                         [1, 64]                   --
│    └─Linear: 2-3                       [1, 64]                   4,160
│    └─ReLU: 2-4                         [1, 64]                   --
│    └─Linear: 2-5                       [1, 64]                   4,160
│    └─ReLU: 2-6                         [1, 64]                   --
│    └─Linear: 2-7                       [1, 64]                   4,160
│    └─ReLU: 2-8                         [1, 64]                   --
│    └─Linear: 2-9                       [1, 64]                   4,160
│    └─ReLU: 2-10                        [1, 64]                   --
│    └─Linear: 2-11                      [1, 64]                   4,160
│    └─ReLU: 2-12                        [1, 64]                   --
│    └─Linear: 2-13                      [1, 64]                   4,160
│    └─ReLU: 2-14                        [1, 64]                   --
│    └─Linear: 2-15                      [1, 2]                    130
├─Sequential: 1-2                        [1, 2]                    (recursive)
│    └─Linear: 2-16                      [1, 64]                   (recursive)
│    └─ReLU: 2-17                        [1, 64]                   --
│    └─Linear: 2-18                      [1, 64]                   (recursive)
│    └─ReLU: 2-19                        [1, 64]                   --
│    └─Linear: 2-20                      [1, 64]                   (recursive)
│    └─ReLU: 2-21                        [1, 64]                   --
│    └─Linear: 2-22                      [1, 64]                   (recursive)
│    └─ReLU: 2-23                        [1, 64]                   --
│    └─Linear: 2-24                      [1, 64]                   (recursive)
│    └─ReLU: 2-25                        [1, 64]                   --
│    └─Linear: 2-26                      [1, 64]                   (recursive)
│    └─ReLU: 2-27                        [1, 64]                   --
│    └─Linear: 2-28                      [1, 64]                   (recursive)
│    └─ReLU: 2-29                        [1, 64]                   --
│    └─Linear: 2-30                      [1, 2]                    (recursive)
==========================================================================================
Total params: 25,288
Trainable params: 25,282
Non-trainable params: 6
Total mult-adds (Units.MEGABYTES): 0.05
==========================================================================================
Input size (MB): 0.00
Forward/backward pass size (MB): 0.01
Params size (MB): 0.10
Estimated Total Size (MB): 0.11
==========================================================================================
==> Saving initial model weights...
==> Start training...
==> Number of param_groups in optimizer: 1
Epoch: 001 | Train Loss: 31.0545251 | Grad norm: 0.917928 | Time: 4s226ms
Epoch: 001 | Test Loss: 30.8013689 | Time: 450ms
==> Save the model at epoch 001 with test loss 30.8013689
Epoch: 002 | Train Loss: 1.4982289 | Grad norm: 5.667445 | Time: 4s145ms
Epoch: 002 | Test Loss: 0.0121968 | Time: 453ms
==> Save the model at epoch 002 with test loss 0.0121968
Epoch: 003 | Train Loss: 0.0342233 | Grad norm: 3.868079 | Time: 4s90ms
Epoch: 003 | Test Loss: 0.0320551 | Time: 515ms
Epoch: 004 | Train Loss: 0.0611978 | Grad norm: 5.135554 | Time: 4s76ms
Epoch: 004 | Test Loss: 0.0325428 | Time: 452ms
Epoch: 005 | Train Loss: 0.0957701 | Grad norm: 6.566725 | Time: 4s318ms
Epoch: 005 | Test Loss: 0.0616142 | Time: 451ms
Epoch: 006 | Train Loss: 0.1026245 | Grad norm: 6.777386 | Time: 3s857ms
Epoch: 006 | Test Loss: 0.5259091 | Time: 549ms
Epoch: 007 | Train Loss: 0.1141035 | Grad norm: 7.179589 | Time: 3s974ms
Epoch: 007 | Test Loss: 0.2879952 | Time: 444ms
Epoch: 008 | Train Loss: 0.1470919 | Grad norm: 8.284213 | Time: 4s126ms
Epoch: 008 | Test Loss: 0.0880046 | Time: 451ms
Epoch: 009 | Train Loss: 0.1372654 | Grad norm: 8.359544 | Time: 3s992ms
Epoch: 009 | Test Loss: 0.1287303 | Time: 444ms
Epoch: 010 | Train Loss: 0.1008087 | Grad norm: 6.689753 | Time: 4s51ms
Epoch: 010 | Test Loss: 0.1448609 | Time: 464ms
Epoch: 011 | Train Loss: 0.0664936 | Grad norm: 5.682436 | Time: 4s12ms
Epoch: 011 | Test Loss: 0.0190194 | Time: 463ms
Epoch: 012 | Train Loss: 0.0746998 | Grad norm: 5.862388 | Time: 3s948ms
Epoch: 012 | Test Loss: 0.0663976 | Time: 464ms
Epoch: 013 | Train Loss: 0.0466258 | Grad norm: 4.687052 | Time: 4s31ms
Epoch: 013 | Test Loss: 0.0233527 | Time: 446ms
Epoch: 014 | Train Loss: 0.0691284 | Grad norm: 5.573675 | Time: 4s7ms
Epoch: 014 | Test Loss: 0.0166171 | Time: 525ms
Epoch: 015 | Train Loss: 0.0512507 | Grad norm: 4.604106 | Time: 3s937ms
Epoch: 015 | Test Loss: 0.0391531 | Time: 466ms
Epoch: 016 | Train Loss: 0.0666875 | Grad norm: 5.246006 | Time: 4s214ms
Epoch: 016 | Test Loss: 0.0256901 | Time: 478ms
Epoch: 017 | Train Loss: 0.0330519 | Grad norm: 3.595766 | Time: 4s124ms
Epoch: 017 | Test Loss: 0.0215525 | Time: 451ms
Epoch: 018 | Train Loss: 0.0326218 | Grad norm: 3.547560 | Time: 4s125ms
Epoch: 018 | Test Loss: 0.0292396 | Time: 484ms
Epoch: 019 | Train Loss: 0.0310232 | Grad norm: 3.473740 | Time: 4s82ms
Epoch: 019 | Test Loss: 0.0192252 | Time: 487ms
Epoch: 020 | Train Loss: 0.0227414 | Grad norm: 2.750904 | Time: 3s930ms
Epoch: 020 | Test Loss: 0.0211445 | Time: 473ms
Epoch: 021 | Train Loss: 0.0188300 | Grad norm: 2.395587 | Time: 4s86ms
Epoch: 021 | Test Loss: 0.0115671 | Time: 469ms
==> Save the model at epoch 021 with test loss 0.0115671
Epoch: 022 | Train Loss: 0.0165088 | Grad norm: 2.203452 | Time: 4s52ms
Epoch: 022 | Test Loss: 0.0116475 | Time: 528ms
Epoch: 023 | Train Loss: 0.0158988 | Grad norm: 2.101022 | Time: 3s742ms
Epoch: 023 | Test Loss: 0.0110680 | Time: 448ms
==> Save the model at epoch 023 with test loss 0.0110680
Epoch: 024 | Train Loss: 0.0162177 | Grad norm: 2.099544 | Time: 4s178ms
Epoch: 024 | Test Loss: 0.0098546 | Time: 452ms
==> Save the model at epoch 024 with test loss 0.0098546
Epoch: 025 | Train Loss: 0.0134715 | Grad norm: 1.795420 | Time: 4s2ms
Epoch: 025 | Test Loss: 0.0147272 | Time: 479ms
Epoch: 026 | Train Loss: 0.0122109 | Grad norm: 1.553878 | Time: 4s211ms
Epoch: 026 | Test Loss: 0.0098300 | Time: 463ms
==> Save the model at epoch 026 with test loss 0.0098300
Epoch: 027 | Train Loss: 0.0115336 | Grad norm: 1.485671 | Time: 4s176ms
Epoch: 027 | Test Loss: 0.0109440 | Time: 515ms
Epoch: 028 | Train Loss: 0.0093096 | Grad norm: 1.039029 | Time: 3s801ms
Epoch: 028 | Test Loss: 0.0098938 | Time: 449ms
Epoch: 029 | Train Loss: 0.0088871 | Grad norm: 0.925156 | Time: 4s63ms
Epoch: 029 | Test Loss: 0.0096173 | Time: 447ms
==> Save the model at epoch 029 with test loss 0.0096173
Epoch: 030 | Train Loss: 0.0084204 | Grad norm: 0.808120 | Time: 4s16ms
Epoch: 030 | Test Loss: 0.0089450 | Time: 449ms
==> Save the model at epoch 030 with test loss 0.0089450
Epoch: 031 | Train Loss: 0.0083067 | Grad norm: 0.778903 | Time: 3s947ms
Epoch: 031 | Test Loss: 0.0076145 | Time: 441ms
==> Save the model at epoch 031 with test loss 0.0076145
Epoch: 032 | Train Loss: 0.0080047 | Grad norm: 0.670538 | Time: 4s55ms
Epoch: 032 | Test Loss: 0.0088013 | Time: 452ms
Epoch: 033 | Train Loss: 0.0078339 | Grad norm: 0.598639 | Time: 3s996ms
Epoch: 033 | Test Loss: 0.0076781 | Time: 512ms
Epoch: 034 | Train Loss: 0.0076955 | Grad norm: 0.543843 | Time: 4s184ms
Epoch: 034 | Test Loss: 0.0070652 | Time: 464ms
==> Save the model at epoch 034 with test loss 0.0070652
Epoch: 035 | Train Loss: 0.0074804 | Grad norm: 0.442509 | Time: 4s120ms
Epoch: 035 | Test Loss: 0.0070853 | Time: 451ms
Epoch: 036 | Train Loss: 0.0073842 | Grad norm: 0.384705 | Time: 4s91ms
Epoch: 036 | Test Loss: 0.0071671 | Time: 453ms
Epoch: 037 | Train Loss: 0.0073553 | Grad norm: 0.358505 | Time: 4s8ms
Epoch: 037 | Test Loss: 0.0071860 | Time: 457ms
Epoch: 038 | Train Loss: 0.0072598 | Grad norm: 0.298608 | Time: 4s190ms
Epoch: 038 | Test Loss: 0.0070931 | Time: 460ms
Epoch: 039 | Train Loss: 0.0072129 | Grad norm: 0.262072 | Time: 4s56ms
Epoch: 039 | Test Loss: 0.0070303 | Time: 453ms
==> Save the model at epoch 039 with test loss 0.0070303
Epoch: 040 | Train Loss: 0.0071660 | Grad norm: 0.204661 | Time: 4s484ms
Epoch: 040 | Test Loss: 0.0070051 | Time: 451ms
==> Save the model at epoch 040 with test loss 0.0070051
Total time: 3m1s
==> Saving trained model weights...
==> Input bias to be applied to the neural network (trained):
[0. 0.]
==> Input transform to be applied to the neural network (trained):
[0.5090095 0.5090095]
==> Output transform to be applied to the neural network (trained):
[3.9366 3.9363]
==> Saving training info...
==> Drawing training loss...
==> Drawing grad norm...
==> Drawing testing loss...
==> Process finished.
