==> torch device:  cuda:1
==> Test-Train split: test_ratio = 0.20
==> Test-Train split seed:  None
==> Further split: further_train_ratio = 0.50
==> Further split seed:  None
==> Input bias to be applied to the neural network:
[0. 0.]
==> Input transform to be applied to the neural network:
[1. 1.]
==> Ouput transform to be applied to the neural network:
[1. 1.]
==> Evaluating model...
==========================================================================================
Layer (type:depth-idx)                   Output Shape              Param #
==========================================================================================
NeuralNetwork                            [1, 2]                    6
├─Sequential: 1-1                        [1, 2]                    --
│    └─Linear: 2-1                       [1, 64]                   192
│    └─LeakyReLU: 2-2                    [1, 64]                   --
│    └─Linear: 2-3                       [1, 64]                   4,160
│    └─LeakyReLU: 2-4                    [1, 64]                   --
│    └─Linear: 2-5                       [1, 64]                   4,160
│    └─LeakyReLU: 2-6                    [1, 64]                   --
│    └─Linear: 2-7                       [1, 64]                   4,160
│    └─LeakyReLU: 2-8                    [1, 64]                   --
│    └─Linear: 2-9                       [1, 64]                   4,160
│    └─LeakyReLU: 2-10                   [1, 64]                   --
│    └─Linear: 2-11                      [1, 64]                   4,160
│    └─LeakyReLU: 2-12                   [1, 64]                   --
│    └─Linear: 2-13                      [1, 64]                   4,160
│    └─LeakyReLU: 2-14                   [1, 64]                   --
│    └─Linear: 2-15                      [1, 2]                    130
==========================================================================================
Total params: 25,288
Trainable params: 25,282
Non-trainable params: 6
Total mult-adds (Units.MEGABYTES): 0.03
==========================================================================================
Input size (MB): 0.00
Forward/backward pass size (MB): 0.00
Params size (MB): 0.10
Estimated Total Size (MB): 0.10
==========================================================================================
==> Saving initial model weights...
==> Start training...
Epoch: 001 | Loss: 0.7987665 | L2 loss: 0.7976622 | Lip loss: 0.0011042 | Grad norm: 3.312022 | Time: 28s450ms
Epoch: 001 | Test Loss: 0.0148505 | Time: 724ms
==> Save the model at epoch 001 with test loss 0.0148505
Epoch: 002 | Loss: 0.0110575 | L2 loss: 0.0098913 | Lip loss: 0.0011661 | Grad norm: 1.856947 | Time: 28s494ms
Epoch: 002 | Test Loss: 0.0093590 | Time: 803ms
==> Save the model at epoch 002 with test loss 0.0093590
Epoch: 003 | Loss: 0.0058522 | L2 loss: 0.0046958 | Lip loss: 0.0011563 | Grad norm: 1.157354 | Time: 29s48ms
Epoch: 003 | Test Loss: 0.0029333 | Time: 797ms
==> Save the model at epoch 003 with test loss 0.0029333
Epoch: 004 | Loss: 0.0042186 | L2 loss: 0.0030450 | Lip loss: 0.0011736 | Grad norm: 0.801776 | Time: 27s535ms
Epoch: 004 | Test Loss: 0.0017281 | Time: 802ms
==> Save the model at epoch 004 with test loss 0.0017281
Epoch: 005 | Loss: 0.0049828 | L2 loss: 0.0038175 | Lip loss: 0.0011653 | Grad norm: 1.008093 | Time: 28s330ms
Epoch: 005 | Test Loss: 0.0068760 | Time: 725ms
Epoch: 006 | Loss: 0.0022051 | L2 loss: 0.0010387 | Lip loss: 0.0011664 | Grad norm: 0.161571 | Time: 28s460ms
Epoch: 006 | Test Loss: 0.0008912 | Time: 724ms
==> Save the model at epoch 006 with test loss 0.0008912
Epoch: 007 | Loss: 0.0020443 | L2 loss: 0.0008841 | Lip loss: 0.0011603 | Grad norm: 0.097661 | Time: 28s418ms
Epoch: 007 | Test Loss: 0.0008592 | Time: 811ms
==> Save the model at epoch 007 with test loss 0.0008592
Epoch: 008 | Loss: 0.0020247 | L2 loss: 0.0008623 | Lip loss: 0.0011624 | Grad norm: 0.099646 | Time: 28s773ms
Epoch: 008 | Test Loss: 0.0008435 | Time: 793ms
==> Save the model at epoch 008 with test loss 0.0008435
Epoch: 009 | Loss: 0.0020047 | L2 loss: 0.0008408 | Lip loss: 0.0011638 | Grad norm: 0.105025 | Time: 27s756ms
Epoch: 009 | Test Loss: 0.0008212 | Time: 797ms
==> Save the model at epoch 009 with test loss 0.0008212
Epoch: 010 | Loss: 0.0019794 | L2 loss: 0.0008234 | Lip loss: 0.0011561 | Grad norm: 0.111860 | Time: 27s934ms
Epoch: 010 | Test Loss: 0.0008257 | Time: 810ms
Epoch: 011 | Loss: 0.0019601 | L2 loss: 0.0007875 | Lip loss: 0.0011725 | Grad norm: 0.069957 | Time: 27s891ms
Epoch: 011 | Test Loss: 0.0007821 | Time: 803ms
==> Save the model at epoch 011 with test loss 0.0007821
Epoch: 012 | Loss: 0.0019390 | L2 loss: 0.0007820 | Lip loss: 0.0011570 | Grad norm: 0.064607 | Time: 29s79ms
Epoch: 012 | Test Loss: 0.0007778 | Time: 723ms
==> Save the model at epoch 012 with test loss 0.0007778
Epoch: 013 | Loss: 0.0019433 | L2 loss: 0.0007794 | Lip loss: 0.0011639 | Grad norm: 0.064073 | Time: 28s591ms
Epoch: 013 | Test Loss: 0.0007762 | Time: 807ms
==> Save the model at epoch 013 with test loss 0.0007762
Epoch: 014 | Loss: 0.0019357 | L2 loss: 0.0007776 | Lip loss: 0.0011581 | Grad norm: 0.067067 | Time: 27s678ms
Epoch: 014 | Test Loss: 0.0007765 | Time: 808ms
Epoch: 015 | Loss: 0.0019359 | L2 loss: 0.0007750 | Lip loss: 0.0011608 | Grad norm: 0.069613 | Time: 28s271ms
Epoch: 015 | Test Loss: 0.0007773 | Time: 755ms
Epoch: 016 | Loss: 0.0019362 | L2 loss: 0.0007703 | Lip loss: 0.0011659 | Grad norm: 0.059182 | Time: 28s429ms
Epoch: 016 | Test Loss: 0.0007667 | Time: 800ms
==> Save the model at epoch 016 with test loss 0.0007667
Epoch: 017 | Loss: 0.0019172 | L2 loss: 0.0007678 | Lip loss: 0.0011494 | Grad norm: 0.058995 | Time: 28s205ms
Epoch: 017 | Test Loss: 0.0007679 | Time: 793ms
Epoch: 018 | Loss: 0.0019243 | L2 loss: 0.0007675 | Lip loss: 0.0011567 | Grad norm: 0.058511 | Time: 28s320ms
Epoch: 018 | Test Loss: 0.0007658 | Time: 798ms
==> Save the model at epoch 018 with test loss 0.0007658
Epoch: 019 | Loss: 0.0019266 | L2 loss: 0.0007672 | Lip loss: 0.0011594 | Grad norm: 0.057652 | Time: 28s301ms
Epoch: 019 | Test Loss: 0.0007661 | Time: 808ms
Epoch: 020 | Loss: 0.0019206 | L2 loss: 0.0007670 | Lip loss: 0.0011536 | Grad norm: 0.056946 | Time: 28s932ms
Epoch: 020 | Test Loss: 0.0007651 | Time: 804ms
==> Save the model at epoch 020 with test loss 0.0007651
Epoch: 021 | Loss: 0.0019366 | L2 loss: 0.0007657 | Lip loss: 0.0011709 | Grad norm: 0.056550 | Time: 28s82ms
Epoch: 021 | Test Loss: 0.0007646 | Time: 755ms
==> Save the model at epoch 021 with test loss 0.0007646
Epoch: 022 | Loss: 0.0019240 | L2 loss: 0.0007663 | Lip loss: 0.0011578 | Grad norm: 0.057859 | Time: 28s288ms
Epoch: 022 | Test Loss: 0.0007643 | Time: 812ms
==> Save the model at epoch 022 with test loss 0.0007643
Epoch: 023 | Loss: 0.0019342 | L2 loss: 0.0007657 | Lip loss: 0.0011685 | Grad norm: 0.057211 | Time: 28s254ms
Epoch: 023 | Test Loss: 0.0007644 | Time: 807ms
Epoch: 024 | Loss: 0.0019360 | L2 loss: 0.0007653 | Lip loss: 0.0011706 | Grad norm: 0.056624 | Time: 28s641ms
Epoch: 024 | Test Loss: 0.0007642 | Time: 738ms
==> Save the model at epoch 024 with test loss 0.0007642
Epoch: 025 | Loss: 0.0019334 | L2 loss: 0.0007661 | Lip loss: 0.0011674 | Grad norm: 0.059007 | Time: 28s141ms
Epoch: 025 | Test Loss: 0.0007643 | Time: 734ms
Epoch: 026 | Loss: 0.0019379 | L2 loss: 0.0007652 | Lip loss: 0.0011727 | Grad norm: 0.056965 | Time: 28s249ms
Epoch: 026 | Test Loss: 0.0007642 | Time: 796ms
Epoch: 027 | Loss: 0.0019296 | L2 loss: 0.0007653 | Lip loss: 0.0011642 | Grad norm: 0.056727 | Time: 29s74ms
Epoch: 027 | Test Loss: 0.0007642 | Time: 793ms
Epoch: 028 | Loss: 0.0019290 | L2 loss: 0.0007653 | Lip loss: 0.0011638 | Grad norm: 0.055157 | Time: 27s836ms
Epoch: 028 | Test Loss: 0.0007642 | Time: 810ms
Epoch: 029 | Loss: 0.0019397 | L2 loss: 0.0007652 | Lip loss: 0.0011746 | Grad norm: 0.055923 | Time: 28s765ms
Epoch: 029 | Test Loss: 0.0007642 | Time: 812ms
Epoch: 030 | Loss: 0.0019267 | L2 loss: 0.0007667 | Lip loss: 0.0011600 | Grad norm: 0.058637 | Time: 28s559ms
Epoch: 030 | Test Loss: 0.0007642 | Time: 724ms
==> Save the model at epoch 030 with test loss 0.0007642
Epoch: 031 | Loss: 0.0019233 | L2 loss: 0.0007654 | Lip loss: 0.0011579 | Grad norm: 0.057746 | Time: 29s285ms
Epoch: 031 | Test Loss: 0.0007642 | Time: 804ms
Epoch: 032 | Loss: 0.0019303 | L2 loss: 0.0007652 | Lip loss: 0.0011651 | Grad norm: 0.056361 | Time: 29s157ms
Epoch: 032 | Test Loss: 0.0007642 | Time: 805ms
Epoch: 033 | Loss: 0.0019340 | L2 loss: 0.0007655 | Lip loss: 0.0011685 | Grad norm: 0.056820 | Time: 29s7ms
Epoch: 033 | Test Loss: 0.0007642 | Time: 736ms
Epoch: 034 | Loss: 0.0019335 | L2 loss: 0.0007658 | Lip loss: 0.0011676 | Grad norm: 0.055723 | Time: 28s859ms
Epoch: 034 | Test Loss: 0.0007642 | Time: 721ms
Epoch: 035 | Loss: 0.0019324 | L2 loss: 0.0007650 | Lip loss: 0.0011674 | Grad norm: 0.056222 | Time: 29s152ms
Epoch: 035 | Test Loss: 0.0007642 | Time: 800ms
Epoch: 036 | Loss: 0.0019279 | L2 loss: 0.0007654 | Lip loss: 0.0011626 | Grad norm: 0.055566 | Time: 28s546ms
Epoch: 036 | Test Loss: 0.0007642 | Time: 804ms
Epoch: 037 | Loss: 0.0019212 | L2 loss: 0.0007654 | Lip loss: 0.0011558 | Grad norm: 0.057875 | Time: 28s488ms
Epoch: 037 | Test Loss: 0.0007642 | Time: 806ms
Epoch: 038 | Loss: 0.0019291 | L2 loss: 0.0007651 | Lip loss: 0.0011640 | Grad norm: 0.057530 | Time: 27s946ms
Epoch: 038 | Test Loss: 0.0007642 | Time: 800ms
Epoch: 039 | Loss: 0.0019276 | L2 loss: 0.0007650 | Lip loss: 0.0011626 | Grad norm: 0.056375 | Time: 28s649ms
Epoch: 039 | Test Loss: 0.0007642 | Time: 739ms
Epoch: 040 | Loss: 0.0019241 | L2 loss: 0.0007653 | Lip loss: 0.0011588 | Grad norm: 0.056536 | Time: 28s369ms
Epoch: 040 | Test Loss: 0.0007642 | Time: 742ms
Total time: 19m29s
==> Saving trained model weights...
==> Input bias to be applied to the neural network (trained):
[0. 0.]
==> Input transform to be applied to the neural network (trained):
[1. 1.]
==> Output transform to be applied to the neural network (trained):
[1. 1.]
==> Saving training info...
==> Drawing training loss...
==> Drawing grad norm...
==> Drawing testing loss...
==> Drawing l2 loss...
==> Drawing lip loss...
==> Process finished.
