==> torch device:  cuda:3
==> Test-Train split: test_ratio = 0.20
==> Test-Train split seed:  None
==> Further split: further_train_ratio = 0.50
==> Further split seed:  None
==> Lipschitz constant: 1.00
==> Input bias to be applied to the neural network:
[0. 0. 0. 0.]
==> Input transform to be applied to the neural network:
[0.7072636  0.72212595 0.6760411  0.67349136]
==> Ouput transform to be applied to the neural network:
[0.2287 0.2871]
==> Evaluating model...
==========================================================================================
Layer (type:depth-idx)                   Output Shape              Param #
==========================================================================================
NeuralNetwork                            [1, 2]                    10
├─Sequential: 1-1                        [1, 2]                    --
│    └─SandwichFc: 2-1                   [1, 64]                   4,481
│    └─SandwichFc: 2-2                   [1, 64]                   8,321
│    └─SandwichFc: 2-3                   [1, 64]                   8,321
│    └─SandwichFc: 2-4                   [1, 64]                   8,321
│    └─SandwichFc: 2-5                   [1, 64]                   8,321
│    └─SandwichFc: 2-6                   [1, 64]                   8,321
│    └─SandwichFc: 2-7                   [1, 64]                   8,321
│    └─SandwichLin: 2-8                  [1, 2]                    135
├─Sequential: 1-2                        [1, 2]                    (recursive)
│    └─SandwichFc: 2-9                   [1, 64]                   (recursive)
│    └─SandwichFc: 2-10                  [1, 64]                   (recursive)
│    └─SandwichFc: 2-11                  [1, 64]                   (recursive)
│    └─SandwichFc: 2-12                  [1, 64]                   (recursive)
│    └─SandwichFc: 2-13                  [1, 64]                   (recursive)
│    └─SandwichFc: 2-14                  [1, 64]                   (recursive)
│    └─SandwichFc: 2-15                  [1, 64]                   (recursive)
│    └─SandwichLin: 2-16                 [1, 2]                    (recursive)
==========================================================================================
Total params: 54,552
Trainable params: 54,542
Non-trainable params: 10
Total mult-adds (Units.MEGABYTES): 0.11
==========================================================================================
Input size (MB): 0.00
Forward/backward pass size (MB): 0.01
Params size (MB): 0.22
Estimated Total Size (MB): 0.23
==========================================================================================
==> Saving initial model weights...
==> Start training...
==> Number of param_groups in optimizer: 1
Epoch: 001 | Train Loss: 0.1355355 | Grad norm: 0.032448 | Time: 8s990ms
Epoch: 001 | Test Loss: 0.1346124 | Time: 602ms
==> Save the model at epoch 001 with test loss 0.1346124
Epoch: 002 | Train Loss: 0.0222065 | Grad norm: 0.053903 | Time: 8s559ms
Epoch: 002 | Test Loss: 0.0109469 | Time: 690ms
==> Save the model at epoch 002 with test loss 0.0109469
Epoch: 003 | Train Loss: 0.0114994 | Grad norm: 0.061125 | Time: 8s530ms
Epoch: 003 | Test Loss: 0.0108472 | Time: 597ms
==> Save the model at epoch 003 with test loss 0.0108472
Epoch: 004 | Train Loss: 0.0111977 | Grad norm: 0.047647 | Time: 8s369ms
Epoch: 004 | Test Loss: 0.0105276 | Time: 611ms
==> Save the model at epoch 004 with test loss 0.0105276
Epoch: 005 | Train Loss: 0.0114519 | Grad norm: 0.053736 | Time: 8s819ms
Epoch: 005 | Test Loss: 0.0119682 | Time: 601ms
Epoch: 006 | Train Loss: 0.0112112 | Grad norm: 0.042672 | Time: 8s476ms
Epoch: 006 | Test Loss: 0.0105737 | Time: 605ms
Epoch: 007 | Train Loss: 0.0110672 | Grad norm: 0.030960 | Time: 8s753ms
Epoch: 007 | Test Loss: 0.0106164 | Time: 615ms
Epoch: 008 | Train Loss: 0.0111826 | Grad norm: 0.032970 | Time: 8s629ms
Epoch: 008 | Test Loss: 0.0107283 | Time: 607ms
Epoch: 009 | Train Loss: 0.0110462 | Grad norm: 0.027689 | Time: 8s891ms
Epoch: 009 | Test Loss: 0.0106182 | Time: 648ms
Epoch: 010 | Train Loss: 0.0109404 | Grad norm: 0.021778 | Time: 8s485ms
Epoch: 010 | Test Loss: 0.0104755 | Time: 692ms
==> Save the model at epoch 010 with test loss 0.0104755
Epoch: 011 | Train Loss: 0.0109653 | Grad norm: 0.019812 | Time: 8s480ms
Epoch: 011 | Test Loss: 0.0106520 | Time: 600ms
Epoch: 012 | Train Loss: 0.0109240 | Grad norm: 0.018839 | Time: 8s463ms
Epoch: 012 | Test Loss: 0.0104705 | Time: 612ms
==> Save the model at epoch 012 with test loss 0.0104705
Epoch: 013 | Train Loss: 0.0108461 | Grad norm: 0.014739 | Time: 8s521ms
Epoch: 013 | Test Loss: 0.0106947 | Time: 770ms
Epoch: 014 | Train Loss: 0.0108528 | Grad norm: 0.014417 | Time: 8s258ms
Epoch: 014 | Test Loss: 0.0104968 | Time: 613ms
Epoch: 015 | Train Loss: 0.0109210 | Grad norm: 0.017438 | Time: 8s550ms
Epoch: 015 | Test Loss: 0.0103933 | Time: 674ms
==> Save the model at epoch 015 with test loss 0.0103933
Epoch: 016 | Train Loss: 0.0107953 | Grad norm: 0.011095 | Time: 8s495ms
Epoch: 016 | Test Loss: 0.0103774 | Time: 618ms
==> Save the model at epoch 016 with test loss 0.0103774
Epoch: 017 | Train Loss: 0.0108256 | Grad norm: 0.013616 | Time: 8s303ms
Epoch: 017 | Test Loss: 0.0104215 | Time: 609ms
Epoch: 018 | Train Loss: 0.0108378 | Grad norm: 0.013858 | Time: 8s507ms
Epoch: 018 | Test Loss: 0.0105408 | Time: 603ms
Epoch: 019 | Train Loss: 0.0107760 | Grad norm: 0.011428 | Time: 8s446ms
Epoch: 019 | Test Loss: 0.0103955 | Time: 621ms
Epoch: 020 | Train Loss: 0.0107456 | Grad norm: 0.009343 | Time: 8s473ms
Epoch: 020 | Test Loss: 0.0103706 | Time: 748ms
==> Save the model at epoch 020 with test loss 0.0103706
Epoch: 021 | Train Loss: 0.0107696 | Grad norm: 0.009593 | Time: 8s462ms
Epoch: 021 | Test Loss: 0.0104303 | Time: 618ms
Epoch: 022 | Train Loss: 0.0107539 | Grad norm: 0.008925 | Time: 8s544ms
Epoch: 022 | Test Loss: 0.0106501 | Time: 604ms
Epoch: 023 | Train Loss: 0.0107434 | Grad norm: 0.009375 | Time: 8s359ms
Epoch: 023 | Test Loss: 0.0105710 | Time: 690ms
Epoch: 024 | Train Loss: 0.0107397 | Grad norm: 0.009572 | Time: 8s619ms
Epoch: 024 | Test Loss: 0.0104050 | Time: 601ms
Epoch: 025 | Train Loss: 0.0107387 | Grad norm: 0.007764 | Time: 8s340ms
Epoch: 025 | Test Loss: 0.0103770 | Time: 616ms
Epoch: 026 | Train Loss: 0.0107227 | Grad norm: 0.007921 | Time: 8s326ms
Epoch: 026 | Test Loss: 0.0103707 | Time: 603ms
Epoch: 027 | Train Loss: 0.0107260 | Grad norm: 0.009048 | Time: 8s256ms
Epoch: 027 | Test Loss: 0.0103799 | Time: 732ms
Epoch: 028 | Train Loss: 0.0107236 | Grad norm: 0.008366 | Time: 8s270ms
Epoch: 028 | Test Loss: 0.0104417 | Time: 670ms
Epoch: 029 | Train Loss: 0.0107084 | Grad norm: 0.007944 | Time: 8s191ms
Epoch: 029 | Test Loss: 0.0103891 | Time: 626ms
Epoch: 030 | Train Loss: 0.0107164 | Grad norm: 0.007014 | Time: 8s305ms
Epoch: 030 | Test Loss: 0.0103650 | Time: 603ms
==> Save the model at epoch 030 with test loss 0.0103650
Epoch: 031 | Train Loss: 0.0106865 | Grad norm: 0.007352 | Time: 8s574ms
Epoch: 031 | Test Loss: 0.0103728 | Time: 626ms
Epoch: 032 | Train Loss: 0.0107000 | Grad norm: 0.007194 | Time: 8s447ms
Epoch: 032 | Test Loss: 0.0103768 | Time: 607ms
Epoch: 033 | Train Loss: 0.0106828 | Grad norm: 0.005685 | Time: 8s351ms
Epoch: 033 | Test Loss: 0.0103793 | Time: 602ms
Epoch: 034 | Train Loss: 0.0106628 | Grad norm: 0.005855 | Time: 8s625ms
Epoch: 034 | Test Loss: 0.0103533 | Time: 612ms
==> Save the model at epoch 034 with test loss 0.0103533
Epoch: 035 | Train Loss: 0.0106674 | Grad norm: 0.005510 | Time: 8s670ms
Epoch: 035 | Test Loss: 0.0103664 | Time: 620ms
Epoch: 036 | Train Loss: 0.0106599 | Grad norm: 0.005275 | Time: 8s611ms
Epoch: 036 | Test Loss: 0.0103497 | Time: 711ms
==> Save the model at epoch 036 with test loss 0.0103497
Epoch: 037 | Train Loss: 0.0106516 | Grad norm: 0.005180 | Time: 8s499ms
Epoch: 037 | Test Loss: 0.0103475 | Time: 746ms
==> Save the model at epoch 037 with test loss 0.0103475
Epoch: 038 | Train Loss: 0.0106522 | Grad norm: 0.004692 | Time: 8s521ms
Epoch: 038 | Test Loss: 0.0103426 | Time: 606ms
==> Save the model at epoch 038 with test loss 0.0103426
Epoch: 039 | Train Loss: 0.0106411 | Grad norm: 0.004463 | Time: 8s241ms
Epoch: 039 | Test Loss: 0.0103369 | Time: 614ms
==> Save the model at epoch 039 with test loss 0.0103369
Epoch: 040 | Train Loss: 0.0106498 | Grad norm: 0.004641 | Time: 8s698ms
Epoch: 040 | Test Loss: 0.0103369 | Time: 608ms
Total time: 6m5s
==> Saving trained model weights...
==> Input bias to be applied to the neural network (trained):
[0. 0. 0. 0.]
==> Input transform to be applied to the neural network (trained):
[0.7072636  0.72212595 0.6760411  0.67349136]
==> Output transform to be applied to the neural network (trained):
[0.2287 0.2871]
==> Saving training info...
==> Drawing training loss...
==> Drawing grad norm...
==> Drawing testing loss...
==> Process finished.
