==> torch device:  cuda:1
==> Test-Train split: test_ratio = 0.20
==> Test-Train split seed:  None
==> Further split: further_train_ratio = 0.25
==> Further split seed:  None
==> Lipschitz constant: 0.50
==> Input bias to be applied to the neural network:
[0. 0.]
==> Input transform to be applied to the neural network:
[0.5576312  0.56041247]
==> Ouput transform to be applied to the neural network:
[1.7847 1.7916]
==> Evaluating model...
==========================================================================================
Layer (type:depth-idx)                   Output Shape              Param #
==========================================================================================
NeuralNetwork                            [1, 2]                    6
├─Sequential: 1-1                        [1, 2]                    --
│    └─SandwichFc: 2-1                   [1, 64]                   4,353
│    └─SandwichFc: 2-2                   [1, 64]                   8,321
│    └─SandwichFc: 2-3                   [1, 64]                   8,321
│    └─SandwichFc: 2-4                   [1, 64]                   8,321
│    └─SandwichFc: 2-5                   [1, 64]                   8,321
│    └─SandwichFc: 2-6                   [1, 64]                   8,321
│    └─SandwichFc: 2-7                   [1, 64]                   8,321
│    └─SandwichLin: 2-8                  [1, 2]                    135
├─Sequential: 1-2                        [1, 2]                    (recursive)
│    └─SandwichFc: 2-9                   [1, 64]                   (recursive)
│    └─SandwichFc: 2-10                  [1, 64]                   (recursive)
│    └─SandwichFc: 2-11                  [1, 64]                   (recursive)
│    └─SandwichFc: 2-12                  [1, 64]                   (recursive)
│    └─SandwichFc: 2-13                  [1, 64]                   (recursive)
│    └─SandwichFc: 2-14                  [1, 64]                   (recursive)
│    └─SandwichFc: 2-15                  [1, 64]                   (recursive)
│    └─SandwichLin: 2-16                 [1, 2]                    (recursive)
==========================================================================================
Total params: 54,420
Trainable params: 54,414
Non-trainable params: 6
Total mult-adds (Units.MEGABYTES): 0.11
==========================================================================================
Input size (MB): 0.00
Forward/backward pass size (MB): 0.01
Params size (MB): 0.22
Estimated Total Size (MB): 0.22
==========================================================================================
==> Saving initial model weights...
==> Start training...
==> Number of param_groups in optimizer: 1
Epoch: 001 | Train Loss: 6.3834588 | Grad norm: 0.881189 | Time: 7s272ms
Epoch: 001 | Test Loss: 6.4030592 | Time: 1s8ms
==> Save the model at epoch 001 with test loss 6.4030592
Epoch: 002 | Train Loss: 4.0988938 | Grad norm: 2.295284 | Time: 7s228ms
Epoch: 002 | Test Loss: 3.2013636 | Time: 1s75ms
==> Save the model at epoch 002 with test loss 3.2013636
Epoch: 003 | Train Loss: 2.9146357 | Grad norm: 1.970593 | Time: 7s76ms
Epoch: 003 | Test Loss: 2.6857379 | Time: 1s1ms
==> Save the model at epoch 003 with test loss 2.6857379
Epoch: 004 | Train Loss: 2.4116689 | Grad norm: 1.615755 | Time: 7s463ms
Epoch: 004 | Test Loss: 2.1857748 | Time: 1s19ms
==> Save the model at epoch 004 with test loss 2.1857748
Epoch: 005 | Train Loss: 1.9714949 | Grad norm: 1.327487 | Time: 7s113ms
Epoch: 005 | Test Loss: 1.8197212 | Time: 957ms
==> Save the model at epoch 005 with test loss 1.8197212
Epoch: 006 | Train Loss: 1.7438496 | Grad norm: 1.559229 | Time: 6s981ms
Epoch: 006 | Test Loss: 1.6977007 | Time: 1s20ms
==> Save the model at epoch 006 with test loss 1.6977007
Epoch: 007 | Train Loss: 1.6695790 | Grad norm: 1.491055 | Time: 7s319ms
Epoch: 007 | Test Loss: 1.6547469 | Time: 1s31ms
==> Save the model at epoch 007 with test loss 1.6547469
Epoch: 008 | Train Loss: 1.6396625 | Grad norm: 1.464493 | Time: 7s115ms
Epoch: 008 | Test Loss: 1.6335485 | Time: 966ms
==> Save the model at epoch 008 with test loss 1.6335485
Epoch: 009 | Train Loss: 1.6243432 | Grad norm: 1.447414 | Time: 6s937ms
Epoch: 009 | Test Loss: 1.6259174 | Time: 1s47ms
==> Save the model at epoch 009 with test loss 1.6259174
Epoch: 010 | Train Loss: 1.6145889 | Grad norm: 0.882752 | Time: 7s81ms
Epoch: 010 | Test Loss: 1.6149095 | Time: 969ms
==> Save the model at epoch 010 with test loss 1.6149095
Epoch: 011 | Train Loss: 1.6116763 | Grad norm: 0.945278 | Time: 7s177ms
Epoch: 011 | Test Loss: 1.6136853 | Time: 973ms
==> Save the model at epoch 011 with test loss 1.6136853
Epoch: 012 | Train Loss: 1.6098107 | Grad norm: 0.593532 | Time: 7s160ms
Epoch: 012 | Test Loss: 1.6161984 | Time: 957ms
Epoch: 013 | Train Loss: 1.6100492 | Grad norm: 0.761543 | Time: 6s975ms
Epoch: 013 | Test Loss: 1.6120630 | Time: 996ms
==> Save the model at epoch 013 with test loss 1.6120630
Epoch: 014 | Train Loss: 1.6104688 | Grad norm: 0.574091 | Time: 6s884ms
Epoch: 014 | Test Loss: 1.6123206 | Time: 1s76ms
Epoch: 015 | Train Loss: 1.6087480 | Grad norm: 0.298337 | Time: 7s293ms
Epoch: 015 | Test Loss: 1.6120034 | Time: 1s
==> Save the model at epoch 015 with test loss 1.6120034
Epoch: 016 | Train Loss: 1.6087630 | Grad norm: 0.404062 | Time: 7s458ms
Epoch: 016 | Test Loss: 1.6143126 | Time: 1s73ms
Epoch: 017 | Train Loss: 1.6083436 | Grad norm: 0.485557 | Time: 7s138ms
Epoch: 017 | Test Loss: 1.6122974 | Time: 991ms
Epoch: 018 | Train Loss: 1.6055852 | Grad norm: 0.353903 | Time: 7s61ms
Epoch: 018 | Test Loss: 1.6118844 | Time: 1s72ms
==> Save the model at epoch 018 with test loss 1.6118844
Epoch: 019 | Train Loss: 1.6087164 | Grad norm: 0.486524 | Time: 7s188ms
Epoch: 019 | Test Loss: 1.6138599 | Time: 982ms
Epoch: 020 | Train Loss: 1.6072518 | Grad norm: 0.283141 | Time: 7s350ms
Epoch: 020 | Test Loss: 1.6131481 | Time: 968ms
Epoch: 021 | Train Loss: 1.6065198 | Grad norm: 0.319763 | Time: 7s456ms
Epoch: 021 | Test Loss: 1.6129401 | Time: 1s115ms
Epoch: 022 | Train Loss: 1.6065839 | Grad norm: 0.294932 | Time: 6s903ms
Epoch: 022 | Test Loss: 1.6125118 | Time: 964ms
Epoch: 023 | Train Loss: 1.6069372 | Grad norm: 0.228509 | Time: 7s476ms
Epoch: 023 | Test Loss: 1.6118405 | Time: 1s21ms
==> Save the model at epoch 023 with test loss 1.6118405
Epoch: 024 | Train Loss: 1.6072481 | Grad norm: 0.299338 | Time: 7s119ms
Epoch: 024 | Test Loss: 1.6118293 | Time: 994ms
==> Save the model at epoch 024 with test loss 1.6118293
Epoch: 025 | Train Loss: 1.6061074 | Grad norm: 0.314321 | Time: 7s523ms
Epoch: 025 | Test Loss: 1.6120367 | Time: 1s44ms
Epoch: 026 | Train Loss: 1.6081981 | Grad norm: 0.291226 | Time: 7s411ms
Epoch: 026 | Test Loss: 1.6122999 | Time: 965ms
Epoch: 027 | Train Loss: 1.6074656 | Grad norm: 0.273145 | Time: 7s194ms
Epoch: 027 | Test Loss: 1.6118705 | Time: 992ms
Epoch: 028 | Train Loss: 1.6080385 | Grad norm: 0.258020 | Time: 7s273ms
Epoch: 028 | Test Loss: 1.6121931 | Time: 1s58ms
Epoch: 029 | Train Loss: 1.6089526 | Grad norm: 0.228511 | Time: 7s201ms
Epoch: 029 | Test Loss: 1.6118493 | Time: 956ms
Epoch: 030 | Train Loss: 1.6066196 | Grad norm: 0.205051 | Time: 7s220ms
Epoch: 030 | Test Loss: 1.6118891 | Time: 1s13ms
Epoch: 031 | Train Loss: 1.6064899 | Grad norm: 0.202458 | Time: 7s251ms
Epoch: 031 | Test Loss: 1.6120665 | Time: 1s21ms
Epoch: 032 | Train Loss: 1.6066800 | Grad norm: 0.128884 | Time: 7s279ms
Epoch: 032 | Test Loss: 1.6118479 | Time: 972ms
Epoch: 033 | Train Loss: 1.6070169 | Grad norm: 0.175547 | Time: 7s154ms
Epoch: 033 | Test Loss: 1.6117911 | Time: 978ms
==> Save the model at epoch 033 with test loss 1.6117911
Epoch: 034 | Train Loss: 1.6069414 | Grad norm: 0.138217 | Time: 7s155ms
Epoch: 034 | Test Loss: 1.6118520 | Time: 981ms
Epoch: 035 | Train Loss: 1.6072069 | Grad norm: 0.180181 | Time: 7s161ms
Epoch: 035 | Test Loss: 1.6119747 | Time: 1s110ms
Epoch: 036 | Train Loss: 1.6073704 | Grad norm: 0.112505 | Time: 7s415ms
Epoch: 036 | Test Loss: 1.6117835 | Time: 1s11ms
==> Save the model at epoch 036 with test loss 1.6117835
Epoch: 037 | Train Loss: 1.6065417 | Grad norm: 0.106067 | Time: 7s100ms
Epoch: 037 | Test Loss: 1.6117816 | Time: 968ms
==> Save the model at epoch 037 with test loss 1.6117816
Epoch: 038 | Train Loss: 1.6068724 | Grad norm: 0.095788 | Time: 7s598ms
Epoch: 038 | Test Loss: 1.6117849 | Time: 1s100ms
Epoch: 039 | Train Loss: 1.6091075 | Grad norm: 0.079808 | Time: 7s392ms
Epoch: 039 | Test Loss: 1.6117892 | Time: 1s61ms
Epoch: 040 | Train Loss: 1.6061049 | Grad norm: 0.069498 | Time: 7s501ms
Epoch: 040 | Test Loss: 1.6117858 | Time: 1s66ms
Total time: 5m29s
==> Saving trained model weights...
==> Input bias to be applied to the neural network (trained):
[0. 0.]
==> Input transform to be applied to the neural network (trained):
[0.5576312  0.56041247]
==> Output transform to be applied to the neural network (trained):
[1.7847 1.7916]
==> Saving training info...
==> Drawing training loss...
==> Drawing grad norm...
==> Drawing testing loss...
==> Process finished.
