==> torch device:  cuda:3
==> Test-Train split: test_ratio = 0.20
==> Test-Train split seed:  None
==> Further split: further_train_ratio = 0.50
==> Further split seed:  None
==> Lipschitz constant: 2.00
==> Input bias to be applied to the neural network:
[0. 0. 0. 0.]
==> Input transform to be applied to the neural network:
[ 0.62900996  0.6288517  11.614402    9.487666  ]
==> Ouput transform to be applied to the neural network:
[0.0251 0.0262]
==> Evaluating model...
==========================================================================================
Layer (type:depth-idx)                   Output Shape              Param #
==========================================================================================
NeuralNetwork                            [1, 2]                    10
├─Sequential: 1-1                        [1, 2]                    --
│    └─SandwichFc: 2-1                   [1, 64]                   4,481
│    └─SandwichFc: 2-2                   [1, 64]                   8,321
│    └─SandwichFc: 2-3                   [1, 64]                   8,321
│    └─SandwichFc: 2-4                   [1, 64]                   8,321
│    └─SandwichFc: 2-5                   [1, 64]                   8,321
│    └─SandwichFc: 2-6                   [1, 64]                   8,321
│    └─SandwichFc: 2-7                   [1, 64]                   8,321
│    └─SandwichLin: 2-8                  [1, 2]                    135
├─Sequential: 1-2                        [1, 2]                    (recursive)
│    └─SandwichFc: 2-9                   [1, 64]                   (recursive)
│    └─SandwichFc: 2-10                  [1, 64]                   (recursive)
│    └─SandwichFc: 2-11                  [1, 64]                   (recursive)
│    └─SandwichFc: 2-12                  [1, 64]                   (recursive)
│    └─SandwichFc: 2-13                  [1, 64]                   (recursive)
│    └─SandwichFc: 2-14                  [1, 64]                   (recursive)
│    └─SandwichFc: 2-15                  [1, 64]                   (recursive)
│    └─SandwichLin: 2-16                 [1, 2]                    (recursive)
==========================================================================================
Total params: 54,552
Trainable params: 54,542
Non-trainable params: 10
Total mult-adds (Units.MEGABYTES): 0.11
==========================================================================================
Input size (MB): 0.00
Forward/backward pass size (MB): 0.01
Params size (MB): 0.22
Estimated Total Size (MB): 0.23
==========================================================================================
==> Saving initial model weights...
==> Start training...
==> Number of param_groups in optimizer: 1
Epoch: 001 | Train Loss: 0.0013119 | Grad norm: 0.000575 | Time: 9s34ms
Epoch: 001 | Test Loss: 0.0013157 | Time: 613ms
==> Save the model at epoch 001 with test loss 0.0013157
Epoch: 002 | Train Loss: 0.0006564 | Grad norm: 0.000906 | Time: 8s797ms
Epoch: 002 | Test Loss: 0.0005601 | Time: 685ms
==> Save the model at epoch 002 with test loss 0.0005601
Epoch: 003 | Train Loss: 0.0005621 | Grad norm: 0.000899 | Time: 8s651ms
Epoch: 003 | Test Loss: 0.0005650 | Time: 621ms
Epoch: 004 | Train Loss: 0.0005629 | Grad norm: 0.000908 | Time: 8s655ms
Epoch: 004 | Test Loss: 0.0005579 | Time: 640ms
==> Save the model at epoch 004 with test loss 0.0005579
Epoch: 005 | Train Loss: 0.0005645 | Grad norm: 0.000884 | Time: 8s533ms
Epoch: 005 | Test Loss: 0.0005575 | Time: 617ms
==> Save the model at epoch 005 with test loss 0.0005575
Epoch: 006 | Train Loss: 0.0005627 | Grad norm: 0.000776 | Time: 8s971ms
Epoch: 006 | Test Loss: 0.0005596 | Time: 612ms
Epoch: 007 | Train Loss: 0.0005635 | Grad norm: 0.000784 | Time: 8s931ms
Epoch: 007 | Test Loss: 0.0005567 | Time: 615ms
==> Save the model at epoch 007 with test loss 0.0005567
Epoch: 008 | Train Loss: 0.0005651 | Grad norm: 0.000808 | Time: 8s403ms
Epoch: 008 | Test Loss: 0.0005611 | Time: 622ms
Epoch: 009 | Train Loss: 0.0005626 | Grad norm: 0.000671 | Time: 8s345ms
Epoch: 009 | Test Loss: 0.0005628 | Time: 618ms
Epoch: 010 | Train Loss: 0.0005615 | Grad norm: 0.000662 | Time: 8s667ms
Epoch: 010 | Test Loss: 0.0005580 | Time: 683ms
Epoch: 011 | Train Loss: 0.0005639 | Grad norm: 0.000717 | Time: 8s594ms
Epoch: 011 | Test Loss: 0.0005677 | Time: 622ms
Epoch: 012 | Train Loss: 0.0005616 | Grad norm: 0.000631 | Time: 8s256ms
Epoch: 012 | Test Loss: 0.0005647 | Time: 638ms
Epoch: 013 | Train Loss: 0.0005598 | Grad norm: 0.000590 | Time: 9s166ms
Epoch: 013 | Test Loss: 0.0005547 | Time: 614ms
==> Save the model at epoch 013 with test loss 0.0005547
Epoch: 014 | Train Loss: 0.0005600 | Grad norm: 0.000607 | Time: 8s557ms
Epoch: 014 | Test Loss: 0.0005642 | Time: 616ms
Epoch: 015 | Train Loss: 0.0005592 | Grad norm: 0.000563 | Time: 8s877ms
Epoch: 015 | Test Loss: 0.0005557 | Time: 632ms
Epoch: 016 | Train Loss: 0.0005580 | Grad norm: 0.000545 | Time: 8s622ms
Epoch: 016 | Test Loss: 0.0005613 | Time: 617ms
Epoch: 017 | Train Loss: 0.0005582 | Grad norm: 0.000540 | Time: 8s941ms
Epoch: 017 | Test Loss: 0.0005595 | Time: 632ms
Epoch: 018 | Train Loss: 0.0005570 | Grad norm: 0.000491 | Time: 8s552ms
Epoch: 018 | Test Loss: 0.0005592 | Time: 621ms
Epoch: 019 | Train Loss: 0.0005571 | Grad norm: 0.000505 | Time: 8s569ms
Epoch: 019 | Test Loss: 0.0005562 | Time: 607ms
Epoch: 020 | Train Loss: 0.0005561 | Grad norm: 0.000478 | Time: 8s534ms
Epoch: 020 | Test Loss: 0.0005570 | Time: 613ms
Epoch: 021 | Train Loss: 0.0005564 | Grad norm: 0.000521 | Time: 8s898ms
Epoch: 021 | Test Loss: 0.0005566 | Time: 617ms
Epoch: 022 | Train Loss: 0.0005563 | Grad norm: 0.000506 | Time: 9s37ms
Epoch: 022 | Test Loss: 0.0005592 | Time: 630ms
Epoch: 023 | Train Loss: 0.0005559 | Grad norm: 0.000485 | Time: 8s460ms
Epoch: 023 | Test Loss: 0.0005544 | Time: 699ms
==> Save the model at epoch 023 with test loss 0.0005544
Epoch: 024 | Train Loss: 0.0005552 | Grad norm: 0.000480 | Time: 8s989ms
Epoch: 024 | Test Loss: 0.0005567 | Time: 619ms
Epoch: 025 | Train Loss: 0.0005546 | Grad norm: 0.000481 | Time: 8s528ms
Epoch: 025 | Test Loss: 0.0005534 | Time: 619ms
==> Save the model at epoch 025 with test loss 0.0005534
Epoch: 026 | Train Loss: 0.0005545 | Grad norm: 0.000470 | Time: 8s890ms
Epoch: 026 | Test Loss: 0.0005549 | Time: 617ms
Epoch: 027 | Train Loss: 0.0005542 | Grad norm: 0.000486 | Time: 8s819ms
Epoch: 027 | Test Loss: 0.0005540 | Time: 616ms
Epoch: 028 | Train Loss: 0.0005540 | Grad norm: 0.000495 | Time: 8s869ms
Epoch: 028 | Test Loss: 0.0005589 | Time: 637ms
Epoch: 029 | Train Loss: 0.0005537 | Grad norm: 0.000487 | Time: 8s625ms
Epoch: 029 | Test Loss: 0.0005572 | Time: 634ms
Epoch: 030 | Train Loss: 0.0005525 | Grad norm: 0.000458 | Time: 8s592ms
Epoch: 030 | Test Loss: 0.0005535 | Time: 611ms
Epoch: 031 | Train Loss: 0.0005517 | Grad norm: 0.000443 | Time: 8s603ms
Epoch: 031 | Test Loss: 0.0005533 | Time: 644ms
==> Save the model at epoch 031 with test loss 0.0005533
Epoch: 032 | Train Loss: 0.0005520 | Grad norm: 0.000465 | Time: 8s497ms
Epoch: 032 | Test Loss: 0.0005519 | Time: 613ms
==> Save the model at epoch 032 with test loss 0.0005519
Epoch: 033 | Train Loss: 0.0005511 | Grad norm: 0.000446 | Time: 8s649ms
Epoch: 033 | Test Loss: 0.0005538 | Time: 619ms
Epoch: 034 | Train Loss: 0.0005505 | Grad norm: 0.000426 | Time: 8s745ms
Epoch: 034 | Test Loss: 0.0005522 | Time: 628ms
Epoch: 035 | Train Loss: 0.0005503 | Grad norm: 0.000431 | Time: 8s343ms
Epoch: 035 | Test Loss: 0.0005521 | Time: 627ms
Epoch: 036 | Train Loss: 0.0005499 | Grad norm: 0.000430 | Time: 8s796ms
Epoch: 036 | Test Loss: 0.0005515 | Time: 688ms
==> Save the model at epoch 036 with test loss 0.0005515
Epoch: 037 | Train Loss: 0.0005497 | Grad norm: 0.000439 | Time: 8s775ms
Epoch: 037 | Test Loss: 0.0005519 | Time: 740ms
Epoch: 038 | Train Loss: 0.0005494 | Grad norm: 0.000434 | Time: 8s407ms
Epoch: 038 | Test Loss: 0.0005515 | Time: 618ms
==> Save the model at epoch 038 with test loss 0.0005515
Epoch: 039 | Train Loss: 0.0005493 | Grad norm: 0.000444 | Time: 8s870ms
Epoch: 039 | Test Loss: 0.0005514 | Time: 621ms
==> Save the model at epoch 039 with test loss 0.0005514
Epoch: 040 | Train Loss: 0.0005490 | Grad norm: 0.000434 | Time: 8s550ms
Epoch: 040 | Test Loss: 0.0005514 | Time: 744ms
Total time: 6m13s
==> Saving trained model weights...
==> Input bias to be applied to the neural network (trained):
[0. 0. 0. 0.]
==> Input transform to be applied to the neural network (trained):
[ 0.62900996  0.6288517  11.614402    9.487666  ]
==> Output transform to be applied to the neural network (trained):
[0.0251 0.0262]
==> Saving training info...
==> Drawing training loss...
==> Drawing grad norm...
==> Drawing testing loss...
==> Process finished.
