==> torch device:  cuda:0
==> Test-Train split: test_ratio = 0.20
==> Test-Train split seed:  None
==> Further split: further_train_ratio = 0.25
==> Further split seed:  None
==> Input bias to be applied to the neural network:
[0. 0.]
==> Input transform to be applied to the neural network:
[1. 1.]
==> Ouput transform to be applied to the neural network:
[1. 1.]
==> Evaluating model...
==========================================================================================
Layer (type:depth-idx)                   Output Shape              Param #
==========================================================================================
NeuralNetwork                            [1, 2]                    6
├─Sequential: 1-1                        [1, 2]                    --
│    └─Linear: 2-1                       [1, 64]                   192
│    └─LeakyReLU: 2-2                    [1, 64]                   --
│    └─Linear: 2-3                       [1, 64]                   4,160
│    └─LeakyReLU: 2-4                    [1, 64]                   --
│    └─Linear: 2-5                       [1, 64]                   4,160
│    └─LeakyReLU: 2-6                    [1, 64]                   --
│    └─Linear: 2-7                       [1, 64]                   4,160
│    └─LeakyReLU: 2-8                    [1, 64]                   --
│    └─Linear: 2-9                       [1, 64]                   4,160
│    └─LeakyReLU: 2-10                   [1, 64]                   --
│    └─Linear: 2-11                      [1, 64]                   4,160
│    └─LeakyReLU: 2-12                   [1, 64]                   --
│    └─Linear: 2-13                      [1, 64]                   4,160
│    └─LeakyReLU: 2-14                   [1, 64]                   --
│    └─Linear: 2-15                      [1, 2]                    130
==========================================================================================
Total params: 25,288
Trainable params: 25,282
Non-trainable params: 6
Total mult-adds (Units.MEGABYTES): 0.03
==========================================================================================
Input size (MB): 0.00
Forward/backward pass size (MB): 0.00
Params size (MB): 0.10
Estimated Total Size (MB): 0.10
==========================================================================================
==> Saving initial model weights...
==> Start training...
Epoch: 001 | Loss: 1.4977836 | L2 loss: 1.4977835 | Lip loss: 0.0000001 | Grad norm: 2.553708 | Time: 14s338ms
Epoch: 001 | Test Loss: 0.0065902 | Time: 754ms
==> Save the model at epoch 001 with test loss 0.0065902
Epoch: 002 | Loss: 0.0086652 | L2 loss: 0.0086651 | Lip loss: 0.0000001 | Grad norm: 1.601911 | Time: 14s365ms
Epoch: 002 | Test Loss: 0.0077699 | Time: 731ms
Epoch: 003 | Loss: 0.0054777 | L2 loss: 0.0054776 | Lip loss: 0.0000001 | Grad norm: 1.258333 | Time: 14s298ms
Epoch: 003 | Test Loss: 0.0026573 | Time: 821ms
==> Save the model at epoch 003 with test loss 0.0026573
Epoch: 004 | Loss: 0.0031006 | L2 loss: 0.0031005 | Lip loss: 0.0000001 | Grad norm: 0.694429 | Time: 14s613ms
Epoch: 004 | Test Loss: 0.0029420 | Time: 734ms
Epoch: 005 | Loss: 0.0025778 | L2 loss: 0.0025776 | Lip loss: 0.0000001 | Grad norm: 0.648416 | Time: 13s885ms
Epoch: 005 | Test Loss: 0.0046638 | Time: 749ms
Epoch: 006 | Loss: 0.0013000 | L2 loss: 0.0012999 | Lip loss: 0.0000001 | Grad norm: 0.187351 | Time: 14s320ms
Epoch: 006 | Test Loss: 0.0011236 | Time: 793ms
==> Save the model at epoch 006 with test loss 0.0011236
Epoch: 007 | Loss: 0.0011116 | L2 loss: 0.0011115 | Lip loss: 0.0000001 | Grad norm: 0.107918 | Time: 14s712ms
Epoch: 007 | Test Loss: 0.0010936 | Time: 757ms
==> Save the model at epoch 007 with test loss 0.0010936
Epoch: 008 | Loss: 0.0010823 | L2 loss: 0.0010822 | Lip loss: 0.0000001 | Grad norm: 0.111986 | Time: 14s323ms
Epoch: 008 | Test Loss: 0.0010654 | Time: 733ms
==> Save the model at epoch 008 with test loss 0.0010654
Epoch: 009 | Loss: 0.0010576 | L2 loss: 0.0010575 | Lip loss: 0.0000001 | Grad norm: 0.107905 | Time: 14s59ms
Epoch: 009 | Test Loss: 0.0010396 | Time: 741ms
==> Save the model at epoch 009 with test loss 0.0010396
Epoch: 010 | Loss: 0.0010338 | L2 loss: 0.0010337 | Lip loss: 0.0000001 | Grad norm: 0.115585 | Time: 13s898ms
Epoch: 010 | Test Loss: 0.0010013 | Time: 985ms
==> Save the model at epoch 010 with test loss 0.0010013
Epoch: 011 | Loss: 0.0009909 | L2 loss: 0.0009907 | Lip loss: 0.0000001 | Grad norm: 0.069307 | Time: 13s992ms
Epoch: 011 | Test Loss: 0.0009979 | Time: 747ms
==> Save the model at epoch 011 with test loss 0.0009979
Epoch: 012 | Loss: 0.0009896 | L2 loss: 0.0009895 | Lip loss: 0.0000001 | Grad norm: 0.066616 | Time: 14s763ms
Epoch: 012 | Test Loss: 0.0009947 | Time: 738ms
==> Save the model at epoch 012 with test loss 0.0009947
Epoch: 013 | Loss: 0.0009870 | L2 loss: 0.0009869 | Lip loss: 0.0000001 | Grad norm: 0.068555 | Time: 14s372ms
Epoch: 013 | Test Loss: 0.0009934 | Time: 731ms
==> Save the model at epoch 013 with test loss 0.0009934
Epoch: 014 | Loss: 0.0009840 | L2 loss: 0.0009839 | Lip loss: 0.0000001 | Grad norm: 0.070166 | Time: 14s381ms
Epoch: 014 | Test Loss: 0.0009886 | Time: 822ms
==> Save the model at epoch 014 with test loss 0.0009886
Epoch: 015 | Loss: 0.0009814 | L2 loss: 0.0009813 | Lip loss: 0.0000001 | Grad norm: 0.071187 | Time: 13s962ms
Epoch: 015 | Test Loss: 0.0009879 | Time: 803ms
==> Save the model at epoch 015 with test loss 0.0009879
Epoch: 016 | Loss: 0.0009760 | L2 loss: 0.0009759 | Lip loss: 0.0000001 | Grad norm: 0.066714 | Time: 14s407ms
Epoch: 016 | Test Loss: 0.0009835 | Time: 735ms
==> Save the model at epoch 016 with test loss 0.0009835
Epoch: 017 | Loss: 0.0009752 | L2 loss: 0.0009751 | Lip loss: 0.0000001 | Grad norm: 0.068716 | Time: 14s55ms
Epoch: 017 | Test Loss: 0.0009829 | Time: 755ms
==> Save the model at epoch 017 with test loss 0.0009829
Epoch: 018 | Loss: 0.0009747 | L2 loss: 0.0009746 | Lip loss: 0.0000001 | Grad norm: 0.066678 | Time: 14s501ms
Epoch: 018 | Test Loss: 0.0009832 | Time: 736ms
Epoch: 019 | Loss: 0.0009762 | L2 loss: 0.0009760 | Lip loss: 0.0000001 | Grad norm: 0.065110 | Time: 13s969ms
Epoch: 019 | Test Loss: 0.0009826 | Time: 740ms
==> Save the model at epoch 019 with test loss 0.0009826
Epoch: 020 | Loss: 0.0009777 | L2 loss: 0.0009776 | Lip loss: 0.0000001 | Grad norm: 0.064312 | Time: 14s211ms
Epoch: 020 | Test Loss: 0.0009820 | Time: 769ms
==> Save the model at epoch 020 with test loss 0.0009820
Epoch: 021 | Loss: 0.0009850 | L2 loss: 0.0009849 | Lip loss: 0.0000001 | Grad norm: 0.061204 | Time: 13s904ms
Epoch: 021 | Test Loss: 0.0009817 | Time: 743ms
==> Save the model at epoch 021 with test loss 0.0009817
Epoch: 022 | Loss: 0.0009728 | L2 loss: 0.0009727 | Lip loss: 0.0000001 | Grad norm: 0.065709 | Time: 14s333ms
Epoch: 022 | Test Loss: 0.0009817 | Time: 824ms
==> Save the model at epoch 022 with test loss 0.0009817
Epoch: 023 | Loss: 0.0009735 | L2 loss: 0.0009734 | Lip loss: 0.0000001 | Grad norm: 0.062806 | Time: 14s238ms
Epoch: 023 | Test Loss: 0.0009816 | Time: 921ms
==> Save the model at epoch 023 with test loss 0.0009816
Epoch: 024 | Loss: 0.0009754 | L2 loss: 0.0009753 | Lip loss: 0.0000001 | Grad norm: 0.063376 | Time: 14s373ms
Epoch: 024 | Test Loss: 0.0009815 | Time: 741ms
==> Save the model at epoch 024 with test loss 0.0009815
Epoch: 025 | Loss: 0.0009745 | L2 loss: 0.0009744 | Lip loss: 0.0000001 | Grad norm: 0.065410 | Time: 14s639ms
Epoch: 025 | Test Loss: 0.0009815 | Time: 753ms
==> Save the model at epoch 025 with test loss 0.0009815
Epoch: 026 | Loss: 0.0009724 | L2 loss: 0.0009723 | Lip loss: 0.0000001 | Grad norm: 0.065201 | Time: 14s262ms
Epoch: 026 | Test Loss: 0.0009815 | Time: 758ms
==> Save the model at epoch 026 with test loss 0.0009815
Epoch: 027 | Loss: 0.0009722 | L2 loss: 0.0009721 | Lip loss: 0.0000001 | Grad norm: 0.063619 | Time: 13s977ms
Epoch: 027 | Test Loss: 0.0009815 | Time: 801ms
==> Save the model at epoch 027 with test loss 0.0009815
Epoch: 028 | Loss: 0.0009733 | L2 loss: 0.0009732 | Lip loss: 0.0000001 | Grad norm: 0.061812 | Time: 14s181ms
Epoch: 028 | Test Loss: 0.0009815 | Time: 759ms
==> Save the model at epoch 028 with test loss 0.0009815
Epoch: 029 | Loss: 0.0009748 | L2 loss: 0.0009747 | Lip loss: 0.0000001 | Grad norm: 0.062457 | Time: 13s966ms
Epoch: 029 | Test Loss: 0.0009815 | Time: 737ms
==> Save the model at epoch 029 with test loss 0.0009815
Epoch: 030 | Loss: 0.0009738 | L2 loss: 0.0009737 | Lip loss: 0.0000001 | Grad norm: 0.062205 | Time: 14s539ms
Epoch: 030 | Test Loss: 0.0009815 | Time: 762ms
==> Save the model at epoch 030 with test loss 0.0009815
Epoch: 031 | Loss: 0.0009835 | L2 loss: 0.0009833 | Lip loss: 0.0000001 | Grad norm: 0.063681 | Time: 14s50ms
Epoch: 031 | Test Loss: 0.0009815 | Time: 742ms
Epoch: 032 | Loss: 0.0009740 | L2 loss: 0.0009739 | Lip loss: 0.0000001 | Grad norm: 0.066895 | Time: 14s477ms
Epoch: 032 | Test Loss: 0.0009815 | Time: 759ms
Epoch: 033 | Loss: 0.0009765 | L2 loss: 0.0009764 | Lip loss: 0.0000001 | Grad norm: 0.063630 | Time: 14s538ms
Epoch: 033 | Test Loss: 0.0009815 | Time: 746ms
==> Save the model at epoch 033 with test loss 0.0009815
Epoch: 034 | Loss: 0.0009724 | L2 loss: 0.0009723 | Lip loss: 0.0000001 | Grad norm: 0.068775 | Time: 14s279ms
Epoch: 034 | Test Loss: 0.0009815 | Time: 811ms
==> Save the model at epoch 034 with test loss 0.0009815
Epoch: 035 | Loss: 0.0009763 | L2 loss: 0.0009762 | Lip loss: 0.0000001 | Grad norm: 0.064058 | Time: 14s129ms
Epoch: 035 | Test Loss: 0.0009815 | Time: 756ms
==> Save the model at epoch 035 with test loss 0.0009815
Epoch: 036 | Loss: 0.0009728 | L2 loss: 0.0009727 | Lip loss: 0.0000001 | Grad norm: 0.065314 | Time: 14s382ms
Epoch: 036 | Test Loss: 0.0009815 | Time: 743ms
Epoch: 037 | Loss: 0.0009730 | L2 loss: 0.0009729 | Lip loss: 0.0000001 | Grad norm: 0.065878 | Time: 14s84ms
Epoch: 037 | Test Loss: 0.0009815 | Time: 737ms
Epoch: 038 | Loss: 0.0009753 | L2 loss: 0.0009751 | Lip loss: 0.0000001 | Grad norm: 0.066020 | Time: 14s37ms
Epoch: 038 | Test Loss: 0.0009815 | Time: 742ms
Epoch: 039 | Loss: 0.0009729 | L2 loss: 0.0009728 | Lip loss: 0.0000001 | Grad norm: 0.066429 | Time: 14s134ms
Epoch: 039 | Test Loss: 0.0009815 | Time: 820ms
Epoch: 040 | Loss: 0.0009736 | L2 loss: 0.0009735 | Lip loss: 0.0000001 | Grad norm: 0.064349 | Time: 13s983ms
Epoch: 040 | Test Loss: 0.0009815 | Time: 728ms
Total time: 10m791ms
==> Saving trained model weights...
==> Input bias to be applied to the neural network (trained):
[0. 0.]
==> Input transform to be applied to the neural network (trained):
[1. 1.]
==> Output transform to be applied to the neural network (trained):
[1. 1.]
==> Saving training info...
==> Drawing training loss...
==> Drawing grad norm...
==> Drawing testing loss...
==> Drawing l2 loss...
==> Drawing lip loss...
==> Process finished.
