==> torch device:  cuda:0
==> Test-Train split: test_ratio = 0.20
==> Test-Train split seed:  None
==> Further split: further_train_ratio = 0.25
==> Further split seed:  None
==> Input bias to be applied to the neural network:
[0. 0. 0. 0.]
==> Input transform to be applied to the neural network:
[ 0.62900996  0.6288517  11.614402    9.487666  ]
==> Ouput transform to be applied to the neural network:
[0.0251 0.0262]
==> Evaluating model...
==========================================================================================
Layer (type:depth-idx)                   Output Shape              Param #
==========================================================================================
NeuralNetwork                            [1, 2]                    10
├─Sequential: 1-1                        [1, 2]                    --
│    └─Linear: 2-1                       [1, 64]                   320
│    └─ReLU: 2-2                         [1, 64]                   --
│    └─Linear: 2-3                       [1, 64]                   4,160
│    └─ReLU: 2-4                         [1, 64]                   --
│    └─Linear: 2-5                       [1, 64]                   4,160
│    └─ReLU: 2-6                         [1, 64]                   --
│    └─Linear: 2-7                       [1, 64]                   4,160
│    └─ReLU: 2-8                         [1, 64]                   --
│    └─Linear: 2-9                       [1, 64]                   4,160
│    └─ReLU: 2-10                        [1, 64]                   --
│    └─Linear: 2-11                      [1, 64]                   4,160
│    └─ReLU: 2-12                        [1, 64]                   --
│    └─Linear: 2-13                      [1, 64]                   4,160
│    └─ReLU: 2-14                        [1, 64]                   --
│    └─Linear: 2-15                      [1, 2]                    130
├─Sequential: 1-2                        [1, 2]                    (recursive)
│    └─Linear: 2-16                      [1, 64]                   (recursive)
│    └─ReLU: 2-17                        [1, 64]                   --
│    └─Linear: 2-18                      [1, 64]                   (recursive)
│    └─ReLU: 2-19                        [1, 64]                   --
│    └─Linear: 2-20                      [1, 64]                   (recursive)
│    └─ReLU: 2-21                        [1, 64]                   --
│    └─Linear: 2-22                      [1, 64]                   (recursive)
│    └─ReLU: 2-23                        [1, 64]                   --
│    └─Linear: 2-24                      [1, 64]                   (recursive)
│    └─ReLU: 2-25                        [1, 64]                   --
│    └─Linear: 2-26                      [1, 64]                   (recursive)
│    └─ReLU: 2-27                        [1, 64]                   --
│    └─Linear: 2-28                      [1, 64]                   (recursive)
│    └─ReLU: 2-29                        [1, 64]                   --
│    └─Linear: 2-30                      [1, 2]                    (recursive)
==========================================================================================
Total params: 25,420
Trainable params: 25,410
Non-trainable params: 10
Total mult-adds (Units.MEGABYTES): 0.05
==========================================================================================
Input size (MB): 0.00
Forward/backward pass size (MB): 0.01
Params size (MB): 0.10
Estimated Total Size (MB): 0.11
==========================================================================================
==> Saving initial model weights...
==> Start training...
==> Number of param_groups in optimizer: 1
Epoch: 001 | Train Loss: 0.0013002 | Grad norm: 0.000032 | Time: 1s292ms
Epoch: 001 | Test Loss: 0.0013142 | Time: 497ms
==> Save the model at epoch 001 with test loss 0.0013142
Epoch: 002 | Train Loss: 0.0012987 | Grad norm: 0.000018 | Time: 1s59ms
Epoch: 002 | Test Loss: 0.0013129 | Time: 494ms
==> Save the model at epoch 002 with test loss 0.0013129
Epoch: 003 | Train Loss: 0.0012976 | Grad norm: 0.000020 | Time: 1s14ms
Epoch: 003 | Test Loss: 0.0013059 | Time: 575ms
==> Save the model at epoch 003 with test loss 0.0013059
Epoch: 004 | Train Loss: 0.0010263 | Grad norm: 0.000292 | Time: 1s140ms
Epoch: 004 | Test Loss: 0.0008314 | Time: 562ms
==> Save the model at epoch 004 with test loss 0.0008314
Epoch: 005 | Train Loss: 0.0008205 | Grad norm: 0.000238 | Time: 1s53ms
Epoch: 005 | Test Loss: 0.0008246 | Time: 503ms
==> Save the model at epoch 005 with test loss 0.0008246
Epoch: 006 | Train Loss: 0.0008179 | Grad norm: 0.000213 | Time: 1s32ms
Epoch: 006 | Test Loss: 0.0008246 | Time: 496ms
Epoch: 007 | Train Loss: 0.0008170 | Grad norm: 0.000208 | Time: 1s25ms
Epoch: 007 | Test Loss: 0.0008252 | Time: 596ms
Epoch: 008 | Train Loss: 0.0008173 | Grad norm: 0.000207 | Time: 1s113ms
Epoch: 008 | Test Loss: 0.0008250 | Time: 568ms
Epoch: 009 | Train Loss: 0.0008174 | Grad norm: 0.000213 | Time: 1s48ms
Epoch: 009 | Test Loss: 0.0008236 | Time: 498ms
==> Save the model at epoch 009 with test loss 0.0008236
Epoch: 010 | Train Loss: 0.0008168 | Grad norm: 0.000215 | Time: 1s11ms
Epoch: 010 | Test Loss: 0.0008238 | Time: 511ms
Epoch: 011 | Train Loss: 0.0008171 | Grad norm: 0.000219 | Time: 1s118ms
Epoch: 011 | Test Loss: 0.0008234 | Time: 565ms
==> Save the model at epoch 011 with test loss 0.0008234
Epoch: 012 | Train Loss: 0.0008164 | Grad norm: 0.000205 | Time: 1s62ms
Epoch: 012 | Test Loss: 0.0008286 | Time: 515ms
Epoch: 013 | Train Loss: 0.0008168 | Grad norm: 0.000221 | Time: 1s58ms
Epoch: 013 | Test Loss: 0.0008247 | Time: 496ms
Epoch: 014 | Train Loss: 0.0008165 | Grad norm: 0.000230 | Time: 1s44ms
Epoch: 014 | Test Loss: 0.0008227 | Time: 496ms
==> Save the model at epoch 014 with test loss 0.0008227
Epoch: 015 | Train Loss: 0.0008155 | Grad norm: 0.000211 | Time: 1s68ms
Epoch: 015 | Test Loss: 0.0008231 | Time: 567ms
Epoch: 016 | Train Loss: 0.0008165 | Grad norm: 0.000219 | Time: 1s43ms
Epoch: 016 | Test Loss: 0.0008227 | Time: 523ms
==> Save the model at epoch 016 with test loss 0.0008227
Epoch: 017 | Train Loss: 0.0008160 | Grad norm: 0.000221 | Time: 1s151ms
Epoch: 017 | Test Loss: 0.0008259 | Time: 511ms
Epoch: 018 | Train Loss: 0.0008155 | Grad norm: 0.000214 | Time: 1s129ms
Epoch: 018 | Test Loss: 0.0008231 | Time: 497ms
Epoch: 019 | Train Loss: 0.0008155 | Grad norm: 0.000212 | Time: 1s46ms
Epoch: 019 | Test Loss: 0.0008223 | Time: 587ms
==> Save the model at epoch 019 with test loss 0.0008223
Epoch: 020 | Train Loss: 0.0008154 | Grad norm: 0.000210 | Time: 1s91ms
Epoch: 020 | Test Loss: 0.0008227 | Time: 500ms
Epoch: 021 | Train Loss: 0.0008150 | Grad norm: 0.000201 | Time: 1s47ms
Epoch: 021 | Test Loss: 0.0008223 | Time: 497ms
Epoch: 022 | Train Loss: 0.0008147 | Grad norm: 0.000204 | Time: 1s5ms
Epoch: 022 | Test Loss: 0.0008225 | Time: 499ms
Epoch: 023 | Train Loss: 0.0008153 | Grad norm: 0.000202 | Time: 1s25ms
Epoch: 023 | Test Loss: 0.0008227 | Time: 567ms
Epoch: 024 | Train Loss: 0.0008150 | Grad norm: 0.000206 | Time: 1s28ms
Epoch: 024 | Test Loss: 0.0008221 | Time: 501ms
==> Save the model at epoch 024 with test loss 0.0008221
Epoch: 025 | Train Loss: 0.0008148 | Grad norm: 0.000208 | Time: 1s33ms
Epoch: 025 | Test Loss: 0.0008222 | Time: 496ms
Epoch: 026 | Train Loss: 0.0008146 | Grad norm: 0.000212 | Time: 1s105ms
Epoch: 026 | Test Loss: 0.0008222 | Time: 497ms
Epoch: 027 | Train Loss: 0.0008146 | Grad norm: 0.000199 | Time: 1s85ms
Epoch: 027 | Test Loss: 0.0008233 | Time: 588ms
Epoch: 028 | Train Loss: 0.0008143 | Grad norm: 0.000199 | Time: 1s91ms
Epoch: 028 | Test Loss: 0.0008219 | Time: 516ms
==> Save the model at epoch 028 with test loss 0.0008219
Epoch: 029 | Train Loss: 0.0008141 | Grad norm: 0.000202 | Time: 1s84ms
Epoch: 029 | Test Loss: 0.0008245 | Time: 497ms
Epoch: 030 | Train Loss: 0.0008145 | Grad norm: 0.000206 | Time: 1s134ms
Epoch: 030 | Test Loss: 0.0008217 | Time: 497ms
==> Save the model at epoch 030 with test loss 0.0008217
Epoch: 031 | Train Loss: 0.0008139 | Grad norm: 0.000193 | Time: 1s76ms
Epoch: 031 | Test Loss: 0.0008217 | Time: 573ms
Epoch: 032 | Train Loss: 0.0008140 | Grad norm: 0.000195 | Time: 1s29ms
Epoch: 032 | Test Loss: 0.0008226 | Time: 499ms
Epoch: 033 | Train Loss: 0.0008136 | Grad norm: 0.000199 | Time: 1s83ms
Epoch: 033 | Test Loss: 0.0008219 | Time: 502ms
Epoch: 034 | Train Loss: 0.0008137 | Grad norm: 0.000198 | Time: 1s150ms
Epoch: 034 | Test Loss: 0.0008218 | Time: 497ms
Epoch: 035 | Train Loss: 0.0008140 | Grad norm: 0.000199 | Time: 1s75ms
Epoch: 035 | Test Loss: 0.0008219 | Time: 567ms
Epoch: 036 | Train Loss: 0.0008136 | Grad norm: 0.000191 | Time: 1s170ms
Epoch: 036 | Test Loss: 0.0008216 | Time: 497ms
==> Save the model at epoch 036 with test loss 0.0008216
Epoch: 037 | Train Loss: 0.0008133 | Grad norm: 0.000192 | Time: 1s24ms
Epoch: 037 | Test Loss: 0.0008219 | Time: 496ms
Epoch: 038 | Train Loss: 0.0008139 | Grad norm: 0.000193 | Time: 1s67ms
Epoch: 038 | Test Loss: 0.0008218 | Time: 496ms
Epoch: 039 | Train Loss: 0.0008136 | Grad norm: 0.000190 | Time: 967ms
Epoch: 039 | Test Loss: 0.0008217 | Time: 576ms
Epoch: 040 | Train Loss: 0.0008134 | Grad norm: 0.000191 | Time: 1s45ms
Epoch: 040 | Test Loss: 0.0008217 | Time: 497ms
Total time: 1m3s
==> Saving trained model weights...
==> Input bias to be applied to the neural network (trained):
[0. 0. 0. 0.]
==> Input transform to be applied to the neural network (trained):
[ 0.62900996  0.6288517  11.614402    9.487666  ]
==> Output transform to be applied to the neural network (trained):
[0.0251 0.0262]
==> Saving training info...
==> Drawing training loss...
==> Drawing grad norm...
==> Drawing testing loss...
==> Process finished.
