==> torch device:  cuda:1
==> Test-Train split: test_ratio = 0.20
==> Test-Train split seed:  None
==> Further split: further_train_ratio = 0.25
==> Further split seed:  None
==> Input bias to be applied to the neural network:
[0. 0. 0. 0.]
==> Input transform to be applied to the neural network:
[1. 1. 1. 1.]
==> Ouput transform to be applied to the neural network:
[1. 1.]
==> Evaluating model...
==========================================================================================
Layer (type:depth-idx)                   Output Shape              Param #
==========================================================================================
NeuralNetwork                            [1, 2]                    10
├─Sequential: 1-1                        [1, 2]                    --
│    └─Linear: 2-1                       [1, 64]                   320
│    └─LeakyReLU: 2-2                    [1, 64]                   --
│    └─Linear: 2-3                       [1, 64]                   4,160
│    └─LeakyReLU: 2-4                    [1, 64]                   --
│    └─Linear: 2-5                       [1, 64]                   4,160
│    └─LeakyReLU: 2-6                    [1, 64]                   --
│    └─Linear: 2-7                       [1, 64]                   4,160
│    └─LeakyReLU: 2-8                    [1, 64]                   --
│    └─Linear: 2-9                       [1, 64]                   4,160
│    └─LeakyReLU: 2-10                   [1, 64]                   --
│    └─Linear: 2-11                      [1, 64]                   4,160
│    └─LeakyReLU: 2-12                   [1, 64]                   --
│    └─Linear: 2-13                      [1, 64]                   4,160
│    └─LeakyReLU: 2-14                   [1, 64]                   --
│    └─Linear: 2-15                      [1, 2]                    130
==========================================================================================
Total params: 25,420
Trainable params: 25,410
Non-trainable params: 10
Total mult-adds (Units.MEGABYTES): 0.03
==========================================================================================
Input size (MB): 0.00
Forward/backward pass size (MB): 0.00
Params size (MB): 0.10
Estimated Total Size (MB): 0.11
==========================================================================================
==> Saving initial model weights...
==> Start training...
Epoch: 001 | Loss: 0.0019951 | L2 loss: 0.0018745 | Lip loss: 0.0001206 | Grad norm: 0.035409 | Time: 8s578ms
Epoch: 001 | Test Loss: 0.0008243 | Time: 491ms
==> Save the model at epoch 001 with test loss 0.0008243
Epoch: 002 | Loss: 0.0008382 | L2 loss: 0.0008244 | Lip loss: 0.0000138 | Grad norm: 0.004466 | Time: 8s510ms
Epoch: 002 | Test Loss: 0.0008251 | Time: 562ms
Epoch: 003 | Loss: 0.0008326 | L2 loss: 0.0008260 | Lip loss: 0.0000066 | Grad norm: 0.005235 | Time: 8s457ms
Epoch: 003 | Test Loss: 0.0008256 | Time: 492ms
Epoch: 004 | Loss: 0.0008300 | L2 loss: 0.0008256 | Lip loss: 0.0000044 | Grad norm: 0.004754 | Time: 8s382ms
Epoch: 004 | Test Loss: 0.0008271 | Time: 499ms
Epoch: 005 | Loss: 0.0008301 | L2 loss: 0.0008270 | Lip loss: 0.0000031 | Grad norm: 0.005567 | Time: 8s358ms
Epoch: 005 | Test Loss: 0.0008259 | Time: 501ms
Epoch: 006 | Loss: 0.0008254 | L2 loss: 0.0008239 | Lip loss: 0.0000015 | Grad norm: 0.004198 | Time: 8s419ms
Epoch: 006 | Test Loss: 0.0008258 | Time: 498ms
Epoch: 007 | Loss: 0.0008246 | L2 loss: 0.0008236 | Lip loss: 0.0000009 | Grad norm: 0.003716 | Time: 8s511ms
Epoch: 007 | Test Loss: 0.0008260 | Time: 499ms
Epoch: 008 | Loss: 0.0008251 | L2 loss: 0.0008241 | Lip loss: 0.0000009 | Grad norm: 0.004328 | Time: 8s319ms
Epoch: 008 | Test Loss: 0.0008251 | Time: 493ms
Epoch: 009 | Loss: 0.0008250 | L2 loss: 0.0008241 | Lip loss: 0.0000008 | Grad norm: 0.004280 | Time: 8s138ms
Epoch: 009 | Test Loss: 0.0008251 | Time: 503ms
Epoch: 010 | Loss: 0.0008247 | L2 loss: 0.0008239 | Lip loss: 0.0000008 | Grad norm: 0.004045 | Time: 8s160ms
Epoch: 010 | Test Loss: 0.0008252 | Time: 493ms
Epoch: 011 | Loss: 0.0008245 | L2 loss: 0.0008238 | Lip loss: 0.0000007 | Grad norm: 0.004185 | Time: 8s483ms
Epoch: 011 | Test Loss: 0.0008250 | Time: 497ms
Epoch: 012 | Loss: 0.0008241 | L2 loss: 0.0008235 | Lip loss: 0.0000006 | Grad norm: 0.003935 | Time: 8s133ms
Epoch: 012 | Test Loss: 0.0008250 | Time: 506ms
Epoch: 013 | Loss: 0.0008243 | L2 loss: 0.0008237 | Lip loss: 0.0000006 | Grad norm: 0.003809 | Time: 8s432ms
Epoch: 013 | Test Loss: 0.0008250 | Time: 577ms
Epoch: 014 | Loss: 0.0008243 | L2 loss: 0.0008237 | Lip loss: 0.0000006 | Grad norm: 0.004069 | Time: 8s252ms
Epoch: 014 | Test Loss: 0.0008250 | Time: 495ms
Epoch: 015 | Loss: 0.0008242 | L2 loss: 0.0008236 | Lip loss: 0.0000006 | Grad norm: 0.003824 | Time: 8s160ms
Epoch: 015 | Test Loss: 0.0008250 | Time: 506ms
Epoch: 016 | Loss: 0.0008242 | L2 loss: 0.0008235 | Lip loss: 0.0000006 | Grad norm: 0.003492 | Time: 8s180ms
Epoch: 016 | Test Loss: 0.0008250 | Time: 574ms
Epoch: 017 | Loss: 0.0008242 | L2 loss: 0.0008236 | Lip loss: 0.0000006 | Grad norm: 0.003975 | Time: 8s166ms
Epoch: 017 | Test Loss: 0.0008250 | Time: 490ms
Epoch: 018 | Loss: 0.0008240 | L2 loss: 0.0008235 | Lip loss: 0.0000005 | Grad norm: 0.003620 | Time: 8s301ms
Epoch: 018 | Test Loss: 0.0008250 | Time: 499ms
Epoch: 019 | Loss: 0.0008243 | L2 loss: 0.0008237 | Lip loss: 0.0000006 | Grad norm: 0.004044 | Time: 8s315ms
Epoch: 019 | Test Loss: 0.0008250 | Time: 506ms
Epoch: 020 | Loss: 0.0008244 | L2 loss: 0.0008239 | Lip loss: 0.0000005 | Grad norm: 0.003874 | Time: 8s238ms
Epoch: 020 | Test Loss: 0.0008250 | Time: 497ms
Epoch: 021 | Loss: 0.0008243 | L2 loss: 0.0008238 | Lip loss: 0.0000005 | Grad norm: 0.003297 | Time: 7s979ms
Epoch: 021 | Test Loss: 0.0008250 | Time: 493ms
Epoch: 022 | Loss: 0.0008243 | L2 loss: 0.0008237 | Lip loss: 0.0000005 | Grad norm: 0.003480 | Time: 8s371ms
Epoch: 022 | Test Loss: 0.0008250 | Time: 521ms
Epoch: 023 | Loss: 0.0008242 | L2 loss: 0.0008237 | Lip loss: 0.0000006 | Grad norm: 0.003606 | Time: 8s2ms
Epoch: 023 | Test Loss: 0.0008250 | Time: 497ms
Epoch: 024 | Loss: 0.0008241 | L2 loss: 0.0008236 | Lip loss: 0.0000005 | Grad norm: 0.003759 | Time: 8s15ms
Epoch: 024 | Test Loss: 0.0008250 | Time: 575ms
Epoch: 025 | Loss: 0.0008238 | L2 loss: 0.0008233 | Lip loss: 0.0000005 | Grad norm: 0.003734 | Time: 7s944ms
Epoch: 025 | Test Loss: 0.0008250 | Time: 495ms
Epoch: 026 | Loss: 0.0008243 | L2 loss: 0.0008237 | Lip loss: 0.0000005 | Grad norm: 0.003969 | Time: 8s62ms
Epoch: 026 | Test Loss: 0.0008250 | Time: 543ms
Epoch: 027 | Loss: 0.0008241 | L2 loss: 0.0008236 | Lip loss: 0.0000005 | Grad norm: 0.004022 | Time: 8s245ms
Epoch: 027 | Test Loss: 0.0008250 | Time: 578ms
Epoch: 028 | Loss: 0.0008242 | L2 loss: 0.0008236 | Lip loss: 0.0000006 | Grad norm: 0.003702 | Time: 8s56ms
Epoch: 028 | Test Loss: 0.0008250 | Time: 497ms
Epoch: 029 | Loss: 0.0008242 | L2 loss: 0.0008236 | Lip loss: 0.0000006 | Grad norm: 0.003512 | Time: 8s622ms
Epoch: 029 | Test Loss: 0.0008250 | Time: 493ms
Epoch: 030 | Loss: 0.0008242 | L2 loss: 0.0008237 | Lip loss: 0.0000006 | Grad norm: 0.003837 | Time: 8s303ms
Epoch: 030 | Test Loss: 0.0008250 | Time: 495ms
Epoch: 031 | Loss: 0.0008240 | L2 loss: 0.0008235 | Lip loss: 0.0000006 | Grad norm: 0.003920 | Time: 8s333ms
Epoch: 031 | Test Loss: 0.0008250 | Time: 503ms
Epoch: 032 | Loss: 0.0008241 | L2 loss: 0.0008235 | Lip loss: 0.0000006 | Grad norm: 0.003884 | Time: 8s360ms
Epoch: 032 | Test Loss: 0.0008250 | Time: 492ms
Epoch: 033 | Loss: 0.0008243 | L2 loss: 0.0008237 | Lip loss: 0.0000006 | Grad norm: 0.003799 | Time: 8s680ms
Epoch: 033 | Test Loss: 0.0008250 | Time: 504ms
Epoch: 034 | Loss: 0.0008241 | L2 loss: 0.0008236 | Lip loss: 0.0000006 | Grad norm: 0.003620 | Time: 8s548ms
Epoch: 034 | Test Loss: 0.0008250 | Time: 498ms
Epoch: 035 | Loss: 0.0008241 | L2 loss: 0.0008235 | Lip loss: 0.0000005 | Grad norm: 0.003824 | Time: 8s248ms
Epoch: 035 | Test Loss: 0.0008250 | Time: 562ms
Epoch: 036 | Loss: 0.0008242 | L2 loss: 0.0008237 | Lip loss: 0.0000006 | Grad norm: 0.003640 | Time: 8s482ms
Epoch: 036 | Test Loss: 0.0008250 | Time: 522ms
Epoch: 037 | Loss: 0.0008242 | L2 loss: 0.0008236 | Lip loss: 0.0000006 | Grad norm: 0.003490 | Time: 8s659ms
Epoch: 037 | Test Loss: 0.0008250 | Time: 502ms
Epoch: 038 | Loss: 0.0008242 | L2 loss: 0.0008236 | Lip loss: 0.0000006 | Grad norm: 0.004101 | Time: 8s270ms
Epoch: 038 | Test Loss: 0.0008250 | Time: 576ms
Epoch: 039 | Loss: 0.0008240 | L2 loss: 0.0008235 | Lip loss: 0.0000005 | Grad norm: 0.003573 | Time: 8s707ms
Epoch: 039 | Test Loss: 0.0008250 | Time: 496ms
Epoch: 040 | Loss: 0.0008240 | L2 loss: 0.0008234 | Lip loss: 0.0000006 | Grad norm: 0.003856 | Time: 8s787ms
Epoch: 040 | Test Loss: 0.0008250 | Time: 510ms
Total time: 5m53s
==> Saving trained model weights...
==> Input bias to be applied to the neural network (trained):
[0. 0. 0. 0.]
==> Input transform to be applied to the neural network (trained):
[1. 1. 1. 1.]
==> Output transform to be applied to the neural network (trained):
[1. 1.]
==> Saving training info...
==> Drawing training loss...
==> Drawing grad norm...
==> Drawing testing loss...
==> Drawing l2 loss...
==> Drawing lip loss...
==> Process finished.
