==> torch device:  cuda:2
==> Test-Train split: test_ratio = 0.20
==> Test-Train split seed:  None
==> Further split: further_train_ratio = 1.00
==> Further split seed:  None
==> Input bias to be applied to the neural network:
[0. 0. 0. 0.]
==> Input transform to be applied to the neural network:
[1. 1. 1. 1.]
==> Ouput transform to be applied to the neural network:
[1. 1.]
==> Evaluating model...
==========================================================================================
Layer (type:depth-idx)                   Output Shape              Param #
==========================================================================================
NeuralNetwork                            [1, 2]                    10
├─Sequential: 1-1                        [1, 2]                    --
│    └─Linear: 2-1                       [1, 64]                   320
│    └─LeakyReLU: 2-2                    [1, 64]                   --
│    └─Linear: 2-3                       [1, 64]                   4,160
│    └─LeakyReLU: 2-4                    [1, 64]                   --
│    └─Linear: 2-5                       [1, 64]                   4,160
│    └─LeakyReLU: 2-6                    [1, 64]                   --
│    └─Linear: 2-7                       [1, 64]                   4,160
│    └─LeakyReLU: 2-8                    [1, 64]                   --
│    └─Linear: 2-9                       [1, 64]                   4,160
│    └─LeakyReLU: 2-10                   [1, 64]                   --
│    └─Linear: 2-11                      [1, 64]                   4,160
│    └─LeakyReLU: 2-12                   [1, 64]                   --
│    └─Linear: 2-13                      [1, 64]                   4,160
│    └─LeakyReLU: 2-14                   [1, 64]                   --
│    └─Linear: 2-15                      [1, 2]                    130
==========================================================================================
Total params: 25,420
Trainable params: 25,410
Non-trainable params: 10
Total mult-adds (Units.MEGABYTES): 0.03
==========================================================================================
Input size (MB): 0.00
Forward/backward pass size (MB): 0.00
Params size (MB): 0.10
Estimated Total Size (MB): 0.11
==========================================================================================
==> Saving initial model weights...
==> Start training...
Epoch: 001 | Loss: 0.0183494 | L2 loss: 0.0183494 | Lip loss: 0.0000000 | Grad norm: 0.075809 | Time: 34s706ms
Epoch: 001 | Test Loss: 0.0097196 | Time: 515ms
==> Save the model at epoch 001 with test loss 0.0097196
Epoch: 002 | Loss: 0.0101365 | L2 loss: 0.0101365 | Lip loss: 0.0000000 | Grad norm: 0.048750 | Time: 35s1ms
Epoch: 002 | Test Loss: 0.0095688 | Time: 512ms
==> Save the model at epoch 002 with test loss 0.0095688
Epoch: 003 | Loss: 0.0100007 | L2 loss: 0.0100007 | Lip loss: 0.0000000 | Grad norm: 0.049144 | Time: 33s782ms
Epoch: 003 | Test Loss: 0.0093667 | Time: 504ms
==> Save the model at epoch 003 with test loss 0.0093667
Epoch: 004 | Loss: 0.0096888 | L2 loss: 0.0096888 | Lip loss: 0.0000000 | Grad norm: 0.051907 | Time: 34s645ms
Epoch: 004 | Test Loss: 0.0093729 | Time: 502ms
Epoch: 005 | Loss: 0.0094043 | L2 loss: 0.0094043 | Lip loss: 0.0000000 | Grad norm: 0.056339 | Time: 35s522ms
Epoch: 005 | Test Loss: 0.0087543 | Time: 495ms
==> Save the model at epoch 005 with test loss 0.0087543
Epoch: 006 | Loss: 0.0086381 | L2 loss: 0.0086381 | Lip loss: 0.0000000 | Grad norm: 0.031533 | Time: 35s65ms
Epoch: 006 | Test Loss: 0.0082193 | Time: 576ms
==> Save the model at epoch 006 with test loss 0.0082193
Epoch: 007 | Loss: 0.0085460 | L2 loss: 0.0085460 | Lip loss: 0.0000000 | Grad norm: 0.033580 | Time: 34s712ms
Epoch: 007 | Test Loss: 0.0081943 | Time: 570ms
==> Save the model at epoch 007 with test loss 0.0081943
Epoch: 008 | Loss: 0.0084852 | L2 loss: 0.0084852 | Lip loss: 0.0000000 | Grad norm: 0.034757 | Time: 35s598ms
Epoch: 008 | Test Loss: 0.0080973 | Time: 505ms
==> Save the model at epoch 008 with test loss 0.0080973
Epoch: 009 | Loss: 0.0084054 | L2 loss: 0.0084054 | Lip loss: 0.0000000 | Grad norm: 0.034997 | Time: 35s77ms
Epoch: 009 | Test Loss: 0.0080815 | Time: 493ms
==> Save the model at epoch 009 with test loss 0.0080815
Epoch: 010 | Loss: 0.0083320 | L2 loss: 0.0083320 | Lip loss: 0.0000000 | Grad norm: 0.036638 | Time: 35s900ms
Epoch: 010 | Test Loss: 0.0080553 | Time: 505ms
==> Save the model at epoch 010 with test loss 0.0080553
Epoch: 011 | Loss: 0.0082324 | L2 loss: 0.0082324 | Lip loss: 0.0000000 | Grad norm: 0.033493 | Time: 35s128ms
Epoch: 011 | Test Loss: 0.0079653 | Time: 497ms
==> Save the model at epoch 011 with test loss 0.0079653
Epoch: 012 | Loss: 0.0082152 | L2 loss: 0.0082152 | Lip loss: 0.0000000 | Grad norm: 0.033510 | Time: 34s697ms
Epoch: 012 | Test Loss: 0.0079571 | Time: 502ms
==> Save the model at epoch 012 with test loss 0.0079571
Epoch: 013 | Loss: 0.0082059 | L2 loss: 0.0082059 | Lip loss: 0.0000000 | Grad norm: 0.033429 | Time: 35s164ms
Epoch: 013 | Test Loss: 0.0079420 | Time: 523ms
==> Save the model at epoch 013 with test loss 0.0079420
Epoch: 014 | Loss: 0.0081982 | L2 loss: 0.0081982 | Lip loss: 0.0000000 | Grad norm: 0.033984 | Time: 34s726ms
Epoch: 014 | Test Loss: 0.0079340 | Time: 503ms
==> Save the model at epoch 014 with test loss 0.0079340
Epoch: 015 | Loss: 0.0081888 | L2 loss: 0.0081888 | Lip loss: 0.0000000 | Grad norm: 0.034279 | Time: 34s695ms
Epoch: 015 | Test Loss: 0.0079265 | Time: 567ms
==> Save the model at epoch 015 with test loss 0.0079265
Epoch: 016 | Loss: 0.0081749 | L2 loss: 0.0081749 | Lip loss: 0.0000000 | Grad norm: 0.033621 | Time: 35s640ms
Epoch: 016 | Test Loss: 0.0079246 | Time: 571ms
==> Save the model at epoch 016 with test loss 0.0079246
Epoch: 017 | Loss: 0.0081735 | L2 loss: 0.0081735 | Lip loss: 0.0000000 | Grad norm: 0.033119 | Time: 35s877ms
Epoch: 017 | Test Loss: 0.0079230 | Time: 496ms
==> Save the model at epoch 017 with test loss 0.0079230
Epoch: 018 | Loss: 0.0081725 | L2 loss: 0.0081725 | Lip loss: 0.0000000 | Grad norm: 0.034182 | Time: 34s991ms
Epoch: 018 | Test Loss: 0.0079230 | Time: 505ms
==> Save the model at epoch 018 with test loss 0.0079230
Epoch: 019 | Loss: 0.0081713 | L2 loss: 0.0081713 | Lip loss: 0.0000000 | Grad norm: 0.032864 | Time: 35s303ms
Epoch: 019 | Test Loss: 0.0079224 | Time: 497ms
==> Save the model at epoch 019 with test loss 0.0079224
Epoch: 020 | Loss: 0.0081704 | L2 loss: 0.0081704 | Lip loss: 0.0000000 | Grad norm: 0.032784 | Time: 34s955ms
Epoch: 020 | Test Loss: 0.0079209 | Time: 520ms
==> Save the model at epoch 020 with test loss 0.0079209
Epoch: 021 | Loss: 0.0081690 | L2 loss: 0.0081690 | Lip loss: 0.0000000 | Grad norm: 0.033182 | Time: 36s158ms
Epoch: 021 | Test Loss: 0.0079208 | Time: 508ms
==> Save the model at epoch 021 with test loss 0.0079208
Epoch: 022 | Loss: 0.0081688 | L2 loss: 0.0081688 | Lip loss: 0.0000000 | Grad norm: 0.033287 | Time: 35s108ms
Epoch: 022 | Test Loss: 0.0079208 | Time: 501ms
==> Save the model at epoch 022 with test loss 0.0079208
Epoch: 023 | Loss: 0.0081686 | L2 loss: 0.0081686 | Lip loss: 0.0000000 | Grad norm: 0.034001 | Time: 35s40ms
Epoch: 023 | Test Loss: 0.0079207 | Time: 503ms
==> Save the model at epoch 023 with test loss 0.0079207
Epoch: 024 | Loss: 0.0081685 | L2 loss: 0.0081685 | Lip loss: 0.0000000 | Grad norm: 0.033168 | Time: 35s21ms
Epoch: 024 | Test Loss: 0.0079206 | Time: 573ms
==> Save the model at epoch 024 with test loss 0.0079206
Epoch: 025 | Loss: 0.0081684 | L2 loss: 0.0081684 | Lip loss: 0.0000000 | Grad norm: 0.033216 | Time: 34s693ms
Epoch: 025 | Test Loss: 0.0079206 | Time: 569ms
==> Save the model at epoch 025 with test loss 0.0079206
Epoch: 026 | Loss: 0.0081682 | L2 loss: 0.0081682 | Lip loss: 0.0000000 | Grad norm: 0.033002 | Time: 34s545ms
Epoch: 026 | Test Loss: 0.0079206 | Time: 514ms
==> Save the model at epoch 026 with test loss 0.0079206
Epoch: 027 | Loss: 0.0081682 | L2 loss: 0.0081682 | Lip loss: 0.0000000 | Grad norm: 0.033311 | Time: 35s267ms
Epoch: 027 | Test Loss: 0.0079206 | Time: 501ms
==> Save the model at epoch 027 with test loss 0.0079206
Epoch: 028 | Loss: 0.0081682 | L2 loss: 0.0081682 | Lip loss: 0.0000000 | Grad norm: 0.033227 | Time: 35s222ms
Epoch: 028 | Test Loss: 0.0079206 | Time: 500ms
==> Save the model at epoch 028 with test loss 0.0079206
Epoch: 029 | Loss: 0.0081682 | L2 loss: 0.0081682 | Lip loss: 0.0000000 | Grad norm: 0.033686 | Time: 34s842ms
Epoch: 029 | Test Loss: 0.0079206 | Time: 503ms
==> Save the model at epoch 029 with test loss 0.0079206
Epoch: 030 | Loss: 0.0081682 | L2 loss: 0.0081682 | Lip loss: 0.0000000 | Grad norm: 0.033796 | Time: 34s774ms
Epoch: 030 | Test Loss: 0.0079206 | Time: 525ms
==> Save the model at epoch 030 with test loss 0.0079206
Epoch: 031 | Loss: 0.0081682 | L2 loss: 0.0081682 | Lip loss: 0.0000000 | Grad norm: 0.033221 | Time: 35s66ms
Epoch: 031 | Test Loss: 0.0079206 | Time: 495ms
Epoch: 032 | Loss: 0.0081682 | L2 loss: 0.0081682 | Lip loss: 0.0000000 | Grad norm: 0.032824 | Time: 35s183ms
Epoch: 032 | Test Loss: 0.0079206 | Time: 572ms
==> Save the model at epoch 032 with test loss 0.0079206
Epoch: 033 | Loss: 0.0081682 | L2 loss: 0.0081682 | Lip loss: 0.0000000 | Grad norm: 0.033721 | Time: 35s9ms
Epoch: 033 | Test Loss: 0.0079206 | Time: 496ms
Epoch: 034 | Loss: 0.0081682 | L2 loss: 0.0081682 | Lip loss: 0.0000000 | Grad norm: 0.032924 | Time: 34s789ms
Epoch: 034 | Test Loss: 0.0079206 | Time: 569ms
==> Save the model at epoch 034 with test loss 0.0079206
Epoch: 035 | Loss: 0.0081682 | L2 loss: 0.0081682 | Lip loss: 0.0000000 | Grad norm: 0.033860 | Time: 35s273ms
Epoch: 035 | Test Loss: 0.0079206 | Time: 568ms
==> Save the model at epoch 035 with test loss 0.0079206
Epoch: 036 | Loss: 0.0081682 | L2 loss: 0.0081682 | Lip loss: 0.0000000 | Grad norm: 0.033375 | Time: 35s297ms
Epoch: 036 | Test Loss: 0.0079206 | Time: 503ms
Epoch: 037 | Loss: 0.0081682 | L2 loss: 0.0081682 | Lip loss: 0.0000000 | Grad norm: 0.033600 | Time: 34s193ms
Epoch: 037 | Test Loss: 0.0079206 | Time: 501ms
Epoch: 038 | Loss: 0.0081682 | L2 loss: 0.0081682 | Lip loss: 0.0000000 | Grad norm: 0.033328 | Time: 34s842ms
Epoch: 038 | Test Loss: 0.0079206 | Time: 504ms
Epoch: 039 | Loss: 0.0081682 | L2 loss: 0.0081682 | Lip loss: 0.0000000 | Grad norm: 0.032920 | Time: 35s221ms
Epoch: 039 | Test Loss: 0.0079206 | Time: 499ms
Epoch: 040 | Loss: 0.0081682 | L2 loss: 0.0081682 | Lip loss: 0.0000000 | Grad norm: 0.033166 | Time: 34s962ms
Epoch: 040 | Test Loss: 0.0079206 | Time: 500ms
Total time: 23m42s
==> Saving trained model weights...
==> Input bias to be applied to the neural network (trained):
[0. 0. 0. 0.]
==> Input transform to be applied to the neural network (trained):
[1. 1. 1. 1.]
==> Output transform to be applied to the neural network (trained):
[1. 1.]
==> Saving training info...
==> Drawing training loss...
==> Drawing grad norm...
==> Drawing testing loss...
==> Drawing l2 loss...
==> Drawing lip loss...
==> Process finished.
