==> torch device:  cuda:1
==> Test-Train split: test_ratio = 0.20
==> Test-Train split seed:  None
==> Further split: further_train_ratio = 0.50
==> Further split seed:  None
==> Input bias to be applied to the neural network:
[0. 0.]
==> Input transform to be applied to the neural network:
[0.5090095 0.5090095]
==> Ouput transform to be applied to the neural network:
[3.9366 3.9363]
==> Evaluating model...
==========================================================================================
Layer (type:depth-idx)                   Output Shape              Param #
==========================================================================================
NeuralNetwork                            [1, 2]                    6
├─Sequential: 1-1                        [1, 2]                    --
│    └─Linear: 2-1                       [1, 64]                   192
│    └─ReLU: 2-2                         [1, 64]                   --
│    └─Linear: 2-3                       [1, 64]                   4,160
│    └─ReLU: 2-4                         [1, 64]                   --
│    └─Linear: 2-5                       [1, 64]                   4,160
│    └─ReLU: 2-6                         [1, 64]                   --
│    └─Linear: 2-7                       [1, 64]                   4,160
│    └─ReLU: 2-8                         [1, 64]                   --
│    └─Linear: 2-9                       [1, 64]                   4,160
│    └─ReLU: 2-10                        [1, 64]                   --
│    └─Linear: 2-11                      [1, 64]                   4,160
│    └─ReLU: 2-12                        [1, 64]                   --
│    └─Linear: 2-13                      [1, 64]                   4,160
│    └─ReLU: 2-14                        [1, 64]                   --
│    └─Linear: 2-15                      [1, 2]                    130
├─Sequential: 1-2                        [1, 2]                    (recursive)
│    └─Linear: 2-16                      [1, 64]                   (recursive)
│    └─ReLU: 2-17                        [1, 64]                   --
│    └─Linear: 2-18                      [1, 64]                   (recursive)
│    └─ReLU: 2-19                        [1, 64]                   --
│    └─Linear: 2-20                      [1, 64]                   (recursive)
│    └─ReLU: 2-21                        [1, 64]                   --
│    └─Linear: 2-22                      [1, 64]                   (recursive)
│    └─ReLU: 2-23                        [1, 64]                   --
│    └─Linear: 2-24                      [1, 64]                   (recursive)
│    └─ReLU: 2-25                        [1, 64]                   --
│    └─Linear: 2-26                      [1, 64]                   (recursive)
│    └─ReLU: 2-27                        [1, 64]                   --
│    └─Linear: 2-28                      [1, 64]                   (recursive)
│    └─ReLU: 2-29                        [1, 64]                   --
│    └─Linear: 2-30                      [1, 2]                    (recursive)
==========================================================================================
Total params: 25,288
Trainable params: 25,282
Non-trainable params: 6
Total mult-adds (Units.MEGABYTES): 0.05
==========================================================================================
Input size (MB): 0.00
Forward/backward pass size (MB): 0.01
Params size (MB): 0.10
Estimated Total Size (MB): 0.11
==========================================================================================
==> Saving initial model weights...
==> Start training...
==> Number of param_groups in optimizer: 1
Epoch: 001 | Train Loss: 31.0279644 | Grad norm: 0.764091 | Time: 2s422ms
Epoch: 001 | Test Loss: 30.7666147 | Time: 508ms
==> Save the model at epoch 001 with test loss 30.7666147
Epoch: 002 | Train Loss: 3.4229439 | Grad norm: 10.191693 | Time: 2s157ms
Epoch: 002 | Test Loss: 0.0135130 | Time: 565ms
==> Save the model at epoch 002 with test loss 0.0135130
Epoch: 003 | Train Loss: 0.0470323 | Grad norm: 4.803853 | Time: 2s193ms
Epoch: 003 | Test Loss: 0.0508674 | Time: 454ms
Epoch: 004 | Train Loss: 0.0607384 | Grad norm: 5.285548 | Time: 2s50ms
Epoch: 004 | Test Loss: 0.0946896 | Time: 460ms
Epoch: 005 | Train Loss: 0.0947453 | Grad norm: 6.346030 | Time: 1s944ms
Epoch: 005 | Test Loss: 0.1437965 | Time: 460ms
Epoch: 006 | Train Loss: 0.1147829 | Grad norm: 7.294149 | Time: 2s90ms
Epoch: 006 | Test Loss: 0.0855217 | Time: 452ms
Epoch: 007 | Train Loss: 0.1390408 | Grad norm: 7.688515 | Time: 2s191ms
Epoch: 007 | Test Loss: 0.0930775 | Time: 462ms
Epoch: 008 | Train Loss: 0.2030213 | Grad norm: 9.341026 | Time: 2s138ms
Epoch: 008 | Test Loss: 0.1964188 | Time: 484ms
Epoch: 009 | Train Loss: 0.1330639 | Grad norm: 7.797457 | Time: 2s38ms
Epoch: 009 | Test Loss: 0.1178064 | Time: 469ms
Epoch: 010 | Train Loss: 0.1243437 | Grad norm: 7.570388 | Time: 2s22ms
Epoch: 010 | Test Loss: 0.0826889 | Time: 518ms
Epoch: 011 | Train Loss: 0.1039177 | Grad norm: 6.905090 | Time: 2s84ms
Epoch: 011 | Test Loss: 0.1602580 | Time: 466ms
Epoch: 012 | Train Loss: 0.1251856 | Grad norm: 7.008694 | Time: 1s900ms
Epoch: 012 | Test Loss: 0.0691537 | Time: 597ms
Epoch: 013 | Train Loss: 0.0999640 | Grad norm: 6.775016 | Time: 2s119ms
Epoch: 013 | Test Loss: 0.1480091 | Time: 454ms
Epoch: 014 | Train Loss: 0.0784355 | Grad norm: 5.678576 | Time: 2s19ms
Epoch: 014 | Test Loss: 0.0873426 | Time: 445ms
Epoch: 015 | Train Loss: 0.0834882 | Grad norm: 5.646045 | Time: 2s16ms
Epoch: 015 | Test Loss: 0.0640564 | Time: 454ms
Epoch: 016 | Train Loss: 0.0802346 | Grad norm: 5.810032 | Time: 1s910ms
Epoch: 016 | Test Loss: 0.0925348 | Time: 482ms
Epoch: 017 | Train Loss: 0.0502814 | Grad norm: 4.543000 | Time: 2s93ms
Epoch: 017 | Test Loss: 0.0449490 | Time: 484ms
Epoch: 018 | Train Loss: 0.0419834 | Grad norm: 4.130758 | Time: 2s46ms
Epoch: 018 | Test Loss: 0.0287331 | Time: 538ms
Epoch: 019 | Train Loss: 0.0315590 | Grad norm: 3.343411 | Time: 2s136ms
Epoch: 019 | Test Loss: 0.0205929 | Time: 455ms
Epoch: 020 | Train Loss: 0.0391352 | Grad norm: 3.920719 | Time: 2s107ms
Epoch: 020 | Test Loss: 0.1024784 | Time: 482ms
Epoch: 021 | Train Loss: 0.0235187 | Grad norm: 2.952461 | Time: 1s961ms
Epoch: 021 | Test Loss: 0.0177912 | Time: 444ms
Epoch: 022 | Train Loss: 0.0247859 | Grad norm: 2.925968 | Time: 2s5ms
Epoch: 022 | Test Loss: 0.0169616 | Time: 443ms
Epoch: 023 | Train Loss: 0.0240110 | Grad norm: 2.831843 | Time: 1s995ms
Epoch: 023 | Test Loss: 0.0148397 | Time: 476ms
Epoch: 024 | Train Loss: 0.0163098 | Grad norm: 2.160837 | Time: 2s102ms
Epoch: 024 | Test Loss: 0.0161807 | Time: 452ms
Epoch: 025 | Train Loss: 0.0197054 | Grad norm: 2.480423 | Time: 2s9ms
Epoch: 025 | Test Loss: 0.0724551 | Time: 483ms
Epoch: 026 | Train Loss: 0.0154743 | Grad norm: 1.980285 | Time: 2s33ms
Epoch: 026 | Test Loss: 0.0103963 | Time: 515ms
==> Save the model at epoch 026 with test loss 0.0103963
Epoch: 027 | Train Loss: 0.0122652 | Grad norm: 1.601263 | Time: 2s116ms
Epoch: 027 | Test Loss: 0.0107201 | Time: 465ms
Epoch: 028 | Train Loss: 0.0104312 | Grad norm: 1.280438 | Time: 2s93ms
Epoch: 028 | Test Loss: 0.0089849 | Time: 466ms
==> Save the model at epoch 028 with test loss 0.0089849
Epoch: 029 | Train Loss: 0.0096115 | Grad norm: 1.126509 | Time: 2s147ms
Epoch: 029 | Test Loss: 0.0120664 | Time: 502ms
Epoch: 030 | Train Loss: 0.0091958 | Grad norm: 1.025344 | Time: 1s964ms
Epoch: 030 | Test Loss: 0.0087538 | Time: 463ms
==> Save the model at epoch 030 with test loss 0.0087538
Epoch: 031 | Train Loss: 0.0085561 | Grad norm: 0.824260 | Time: 2s42ms
Epoch: 031 | Test Loss: 0.0076011 | Time: 473ms
==> Save the model at epoch 031 with test loss 0.0076011
Epoch: 032 | Train Loss: 0.0080619 | Grad norm: 0.693105 | Time: 2s167ms
Epoch: 032 | Test Loss: 0.0075959 | Time: 449ms
==> Save the model at epoch 032 with test loss 0.0075959
Epoch: 033 | Train Loss: 0.0077316 | Grad norm: 0.563778 | Time: 2s192ms
Epoch: 033 | Test Loss: 0.0077581 | Time: 447ms
Epoch: 034 | Train Loss: 0.0076482 | Grad norm: 0.521795 | Time: 1s867ms
Epoch: 034 | Test Loss: 0.0078800 | Time: 532ms
Epoch: 035 | Train Loss: 0.0076472 | Grad norm: 0.534629 | Time: 2s105ms
Epoch: 035 | Test Loss: 0.0077979 | Time: 568ms
Epoch: 036 | Train Loss: 0.0074896 | Grad norm: 0.452395 | Time: 1s981ms
Epoch: 036 | Test Loss: 0.0076987 | Time: 474ms
Epoch: 037 | Train Loss: 0.0073343 | Grad norm: 0.354753 | Time: 2s53ms
Epoch: 037 | Test Loss: 0.0072564 | Time: 463ms
==> Save the model at epoch 037 with test loss 0.0072564
Epoch: 038 | Train Loss: 0.0072568 | Grad norm: 0.304447 | Time: 1s992ms
Epoch: 038 | Test Loss: 0.0072433 | Time: 463ms
==> Save the model at epoch 038 with test loss 0.0072433
Epoch: 039 | Train Loss: 0.0071913 | Grad norm: 0.241864 | Time: 1s894ms
Epoch: 039 | Test Loss: 0.0071259 | Time: 457ms
==> Save the model at epoch 039 with test loss 0.0071259
Epoch: 040 | Train Loss: 0.0071606 | Grad norm: 0.220391 | Time: 2s176ms
Epoch: 040 | Test Loss: 0.0070867 | Time: 474ms
==> Save the model at epoch 040 with test loss 0.0070867
Total time: 1m41s
==> Saving trained model weights...
==> Input bias to be applied to the neural network (trained):
[0. 0.]
==> Input transform to be applied to the neural network (trained):
[0.5090095 0.5090095]
==> Output transform to be applied to the neural network (trained):
[3.9366 3.9363]
==> Saving training info...
==> Drawing training loss...
==> Drawing grad norm...
==> Drawing testing loss...
==> Process finished.
