==> torch device:  cuda:3
==> Test-Train split: test_ratio = 0.20
==> Test-Train split seed:  None
==> Further split: further_train_ratio = 1.00
==> Further split seed:  None
==> Input bias to be applied to the neural network:
[0. 0.]
==> Input transform to be applied to the neural network:
[1. 1.]
==> Ouput transform to be applied to the neural network:
[1. 1.]
==> Evaluating model...
==========================================================================================
Layer (type:depth-idx)                   Output Shape              Param #
==========================================================================================
NeuralNetwork                            [1, 2]                    6
├─Sequential: 1-1                        [1, 2]                    --
│    └─Linear: 2-1                       [1, 64]                   192
│    └─LeakyReLU: 2-2                    [1, 64]                   --
│    └─Linear: 2-3                       [1, 64]                   4,160
│    └─LeakyReLU: 2-4                    [1, 64]                   --
│    └─Linear: 2-5                       [1, 64]                   4,160
│    └─LeakyReLU: 2-6                    [1, 64]                   --
│    └─Linear: 2-7                       [1, 64]                   4,160
│    └─LeakyReLU: 2-8                    [1, 64]                   --
│    └─Linear: 2-9                       [1, 64]                   4,160
│    └─LeakyReLU: 2-10                   [1, 64]                   --
│    └─Linear: 2-11                      [1, 64]                   4,160
│    └─LeakyReLU: 2-12                   [1, 64]                   --
│    └─Linear: 2-13                      [1, 64]                   4,160
│    └─LeakyReLU: 2-14                   [1, 64]                   --
│    └─Linear: 2-15                      [1, 2]                    130
==========================================================================================
Total params: 25,288
Trainable params: 25,282
Non-trainable params: 6
Total mult-adds (Units.MEGABYTES): 0.03
==========================================================================================
Input size (MB): 0.00
Forward/backward pass size (MB): 0.00
Params size (MB): 0.10
Estimated Total Size (MB): 0.10
==========================================================================================
==> Saving initial model weights...
==> Start training...
Epoch: 001 | Loss: 0.7451117 | L2 loss: 0.7450979 | Lip loss: 0.0000138 | Grad norm: 4.721996 | Time: 34s352ms
Epoch: 001 | Test Loss: 0.0803707 | Time: 482ms
==> Save the model at epoch 001 with test loss 0.0803707
Epoch: 002 | Loss: 0.0557607 | L2 loss: 0.0557459 | Lip loss: 0.0000148 | Grad norm: 4.975815 | Time: 34s402ms
Epoch: 002 | Test Loss: 0.0524982 | Time: 444ms
==> Save the model at epoch 002 with test loss 0.0524982
Epoch: 003 | Loss: 0.0266972 | L2 loss: 0.0266824 | Lip loss: 0.0000148 | Grad norm: 3.789957 | Time: 34s213ms
Epoch: 003 | Test Loss: 0.0163190 | Time: 479ms
==> Save the model at epoch 003 with test loss 0.0163190
Epoch: 004 | Loss: 0.0219719 | L2 loss: 0.0219572 | Lip loss: 0.0000146 | Grad norm: 3.043979 | Time: 34s620ms
Epoch: 004 | Test Loss: 0.0227281 | Time: 459ms
Epoch: 005 | Loss: 0.0244360 | L2 loss: 0.0244214 | Lip loss: 0.0000146 | Grad norm: 3.200807 | Time: 35s218ms
Epoch: 005 | Test Loss: 0.0121095 | Time: 452ms
==> Save the model at epoch 005 with test loss 0.0121095
Epoch: 006 | Loss: 0.0078804 | L2 loss: 0.0078655 | Lip loss: 0.0000149 | Grad norm: 0.453281 | Time: 34s857ms
Epoch: 006 | Test Loss: 0.0077499 | Time: 516ms
==> Save the model at epoch 006 with test loss 0.0077499
Epoch: 007 | Loss: 0.0076610 | L2 loss: 0.0076466 | Lip loss: 0.0000144 | Grad norm: 0.474176 | Time: 34s794ms
Epoch: 007 | Test Loss: 0.0072855 | Time: 516ms
==> Save the model at epoch 007 with test loss 0.0072855
Epoch: 008 | Loss: 0.0075286 | L2 loss: 0.0075139 | Lip loss: 0.0000148 | Grad norm: 0.478585 | Time: 35s315ms
Epoch: 008 | Test Loss: 0.0071459 | Time: 460ms
==> Save the model at epoch 008 with test loss 0.0071459
Epoch: 009 | Loss: 0.0074679 | L2 loss: 0.0074531 | Lip loss: 0.0000148 | Grad norm: 0.469760 | Time: 34s634ms
Epoch: 009 | Test Loss: 0.0070839 | Time: 460ms
==> Save the model at epoch 009 with test loss 0.0070839
Epoch: 010 | Loss: 0.0074280 | L2 loss: 0.0074135 | Lip loss: 0.0000145 | Grad norm: 0.469226 | Time: 35s131ms
Epoch: 010 | Test Loss: 0.0072251 | Time: 444ms
Epoch: 011 | Loss: 0.0070200 | L2 loss: 0.0070052 | Lip loss: 0.0000148 | Grad norm: 0.283257 | Time: 34s726ms
Epoch: 011 | Test Loss: 0.0068823 | Time: 445ms
==> Save the model at epoch 011 with test loss 0.0068823
Epoch: 012 | Loss: 0.0069917 | L2 loss: 0.0069772 | Lip loss: 0.0000145 | Grad norm: 0.269832 | Time: 34s477ms
Epoch: 012 | Test Loss: 0.0068679 | Time: 448ms
==> Save the model at epoch 012 with test loss 0.0068679
Epoch: 013 | Loss: 0.0069812 | L2 loss: 0.0069661 | Lip loss: 0.0000151 | Grad norm: 0.265422 | Time: 34s425ms
Epoch: 013 | Test Loss: 0.0069592 | Time: 450ms
Epoch: 014 | Loss: 0.0069822 | L2 loss: 0.0069677 | Lip loss: 0.0000145 | Grad norm: 0.264513 | Time: 34s394ms
Epoch: 014 | Test Loss: 0.0068668 | Time: 446ms
==> Save the model at epoch 014 with test loss 0.0068668
Epoch: 015 | Loss: 0.0069880 | L2 loss: 0.0069733 | Lip loss: 0.0000147 | Grad norm: 0.273399 | Time: 34s566ms
Epoch: 015 | Test Loss: 0.0068557 | Time: 520ms
==> Save the model at epoch 015 with test loss 0.0068557
Epoch: 016 | Loss: 0.0069379 | L2 loss: 0.0069229 | Lip loss: 0.0000150 | Grad norm: 0.243242 | Time: 34s486ms
Epoch: 016 | Test Loss: 0.0068360 | Time: 522ms
==> Save the model at epoch 016 with test loss 0.0068360
Epoch: 017 | Loss: 0.0069331 | L2 loss: 0.0069185 | Lip loss: 0.0000146 | Grad norm: 0.240158 | Time: 34s719ms
Epoch: 017 | Test Loss: 0.0068313 | Time: 467ms
==> Save the model at epoch 017 with test loss 0.0068313
Epoch: 018 | Loss: 0.0069334 | L2 loss: 0.0069187 | Lip loss: 0.0000147 | Grad norm: 0.243929 | Time: 33s924ms
Epoch: 018 | Test Loss: 0.0068311 | Time: 445ms
==> Save the model at epoch 018 with test loss 0.0068311
Epoch: 019 | Loss: 0.0069327 | L2 loss: 0.0069182 | Lip loss: 0.0000145 | Grad norm: 0.243041 | Time: 34s120ms
Epoch: 019 | Test Loss: 0.0068325 | Time: 451ms
Epoch: 020 | Loss: 0.0069307 | L2 loss: 0.0069161 | Lip loss: 0.0000147 | Grad norm: 0.233719 | Time: 34s205ms
Epoch: 020 | Test Loss: 0.0068338 | Time: 444ms
Epoch: 021 | Loss: 0.0069267 | L2 loss: 0.0069122 | Lip loss: 0.0000145 | Grad norm: 0.238787 | Time: 34s826ms
Epoch: 021 | Test Loss: 0.0068293 | Time: 444ms
==> Save the model at epoch 021 with test loss 0.0068293
Epoch: 022 | Loss: 0.0069256 | L2 loss: 0.0069110 | Lip loss: 0.0000146 | Grad norm: 0.237701 | Time: 34s858ms
Epoch: 022 | Test Loss: 0.0068287 | Time: 450ms
==> Save the model at epoch 022 with test loss 0.0068287
Epoch: 023 | Loss: 0.0069252 | L2 loss: 0.0069107 | Lip loss: 0.0000145 | Grad norm: 0.232776 | Time: 34s459ms
Epoch: 023 | Test Loss: 0.0068285 | Time: 466ms
==> Save the model at epoch 023 with test loss 0.0068285
Epoch: 024 | Loss: 0.0069251 | L2 loss: 0.0069105 | Lip loss: 0.0000146 | Grad norm: 0.233942 | Time: 34s335ms
Epoch: 024 | Test Loss: 0.0068299 | Time: 513ms
Epoch: 025 | Loss: 0.0069256 | L2 loss: 0.0069109 | Lip loss: 0.0000147 | Grad norm: 0.239783 | Time: 34s362ms
Epoch: 025 | Test Loss: 0.0068289 | Time: 516ms
Epoch: 026 | Loss: 0.0069244 | L2 loss: 0.0069098 | Lip loss: 0.0000145 | Grad norm: 0.237095 | Time: 34s735ms
Epoch: 026 | Test Loss: 0.0068284 | Time: 451ms
==> Save the model at epoch 026 with test loss 0.0068284
Epoch: 027 | Loss: 0.0069248 | L2 loss: 0.0069097 | Lip loss: 0.0000151 | Grad norm: 0.236131 | Time: 35s404ms
Epoch: 027 | Test Loss: 0.0068282 | Time: 449ms
==> Save the model at epoch 027 with test loss 0.0068282
Epoch: 028 | Loss: 0.0069245 | L2 loss: 0.0069097 | Lip loss: 0.0000148 | Grad norm: 0.234451 | Time: 34s557ms
Epoch: 028 | Test Loss: 0.0068282 | Time: 452ms
==> Save the model at epoch 028 with test loss 0.0068282
Epoch: 029 | Loss: 0.0069242 | L2 loss: 0.0069097 | Lip loss: 0.0000145 | Grad norm: 0.230945 | Time: 34s80ms
Epoch: 029 | Test Loss: 0.0068280 | Time: 449ms
==> Save the model at epoch 029 with test loss 0.0068280
Epoch: 030 | Loss: 0.0069243 | L2 loss: 0.0069097 | Lip loss: 0.0000146 | Grad norm: 0.235773 | Time: 35s415ms
Epoch: 030 | Test Loss: 0.0068280 | Time: 444ms
==> Save the model at epoch 030 with test loss 0.0068280
Epoch: 031 | Loss: 0.0069240 | L2 loss: 0.0069096 | Lip loss: 0.0000144 | Grad norm: 0.231431 | Time: 34s20ms
Epoch: 031 | Test Loss: 0.0068280 | Time: 446ms
Epoch: 032 | Loss: 0.0069244 | L2 loss: 0.0069096 | Lip loss: 0.0000148 | Grad norm: 0.235213 | Time: 34s945ms
Epoch: 032 | Test Loss: 0.0068280 | Time: 518ms
Epoch: 033 | Loss: 0.0069241 | L2 loss: 0.0069096 | Lip loss: 0.0000146 | Grad norm: 0.232876 | Time: 34s332ms
Epoch: 033 | Test Loss: 0.0068280 | Time: 444ms
Epoch: 034 | Loss: 0.0069242 | L2 loss: 0.0069096 | Lip loss: 0.0000146 | Grad norm: 0.232266 | Time: 34s311ms
Epoch: 034 | Test Loss: 0.0068280 | Time: 524ms
==> Save the model at epoch 034 with test loss 0.0068280
Epoch: 035 | Loss: 0.0069242 | L2 loss: 0.0069096 | Lip loss: 0.0000146 | Grad norm: 0.234933 | Time: 33s859ms
Epoch: 035 | Test Loss: 0.0068280 | Time: 520ms
Epoch: 036 | Loss: 0.0069242 | L2 loss: 0.0069096 | Lip loss: 0.0000146 | Grad norm: 0.232542 | Time: 34s715ms
Epoch: 036 | Test Loss: 0.0068280 | Time: 448ms
Epoch: 037 | Loss: 0.0069241 | L2 loss: 0.0069096 | Lip loss: 0.0000145 | Grad norm: 0.229525 | Time: 33s842ms
Epoch: 037 | Test Loss: 0.0068280 | Time: 451ms
Epoch: 038 | Loss: 0.0069240 | L2 loss: 0.0069096 | Lip loss: 0.0000144 | Grad norm: 0.235464 | Time: 34s89ms
Epoch: 038 | Test Loss: 0.0068280 | Time: 448ms
Epoch: 039 | Loss: 0.0069242 | L2 loss: 0.0069096 | Lip loss: 0.0000146 | Grad norm: 0.228299 | Time: 34s44ms
Epoch: 039 | Test Loss: 0.0068280 | Time: 446ms
==> Save the model at epoch 039 with test loss 0.0068280
Epoch: 040 | Loss: 0.0069242 | L2 loss: 0.0069096 | Lip loss: 0.0000146 | Grad norm: 0.236440 | Time: 35s250ms
Epoch: 040 | Test Loss: 0.0068280 | Time: 450ms
==> Save the model at epoch 040 with test loss 0.0068280
Total time: 23m20s
==> Saving trained model weights...
==> Input bias to be applied to the neural network (trained):
[0. 0.]
==> Input transform to be applied to the neural network (trained):
[1. 1.]
==> Output transform to be applied to the neural network (trained):
[1. 1.]
==> Saving training info...
==> Drawing training loss...
==> Drawing grad norm...
==> Drawing testing loss...
==> Drawing l2 loss...
==> Drawing lip loss...
==> Process finished.
