==> torch device:  cuda:0
==> Test-Train split: test_ratio = 0.20
==> Test-Train split seed:  None
==> Further split: further_train_ratio = 1.00
==> Further split seed:  None
==> Input bias to be applied to the neural network:
[0. 0.]
==> Input transform to be applied to the neural network:
[1. 1.]
==> Ouput transform to be applied to the neural network:
[1. 1.]
==> Evaluating model...
==========================================================================================
Layer (type:depth-idx)                   Output Shape              Param #
==========================================================================================
NeuralNetwork                            [1, 2]                    6
├─Sequential: 1-1                        [1, 2]                    --
│    └─Linear: 2-1                       [1, 64]                   192
│    └─LeakyReLU: 2-2                    [1, 64]                   --
│    └─Linear: 2-3                       [1, 64]                   4,160
│    └─LeakyReLU: 2-4                    [1, 64]                   --
│    └─Linear: 2-5                       [1, 64]                   4,160
│    └─LeakyReLU: 2-6                    [1, 64]                   --
│    └─Linear: 2-7                       [1, 64]                   4,160
│    └─LeakyReLU: 2-8                    [1, 64]                   --
│    └─Linear: 2-9                       [1, 64]                   4,160
│    └─LeakyReLU: 2-10                   [1, 64]                   --
│    └─Linear: 2-11                      [1, 64]                   4,160
│    └─LeakyReLU: 2-12                   [1, 64]                   --
│    └─Linear: 2-13                      [1, 64]                   4,160
│    └─LeakyReLU: 2-14                   [1, 64]                   --
│    └─Linear: 2-15                      [1, 2]                    130
==========================================================================================
Total params: 25,288
Trainable params: 25,282
Non-trainable params: 6
Total mult-adds (M): 0.03
==========================================================================================
Input size (MB): 0.00
Forward/backward pass size (MB): 0.00
Params size (MB): 0.10
Estimated Total Size (MB): 0.10
==========================================================================================
==> Saving initial model weights...
==> Start training...
Epoch: 001 | Loss: 2.6458515 | L2 loss: 2.6458495 | Lip loss: 0.0000020 | Grad norm: 11.102382 | Time: 50s367ms
Epoch: 001 | Test Loss: 0.0257069 | Time: 559ms
==> Save the model at epoch 001 with test loss 0.0257069
Epoch: 002 | Loss: 0.0247487 | L2 loss: 0.0247466 | Lip loss: 0.0000021 | Grad norm: 4.378348 | Time: 50s691ms
Epoch: 002 | Test Loss: 0.0270624 | Time: 576ms
Epoch: 003 | Loss: 0.0162171 | L2 loss: 0.0162150 | Lip loss: 0.0000020 | Grad norm: 2.856433 | Time: 52s31ms
Epoch: 003 | Test Loss: 0.0268527 | Time: 572ms
Epoch: 004 | Loss: 0.0195747 | L2 loss: 0.0195726 | Lip loss: 0.0000020 | Grad norm: 3.086691 | Time: 50s959ms
Epoch: 004 | Test Loss: 0.0145852 | Time: 559ms
==> Save the model at epoch 004 with test loss 0.0145852
Epoch: 005 | Loss: 0.0142371 | L2 loss: 0.0142351 | Lip loss: 0.0000020 | Grad norm: 2.206734 | Time: 48s413ms
Epoch: 005 | Test Loss: 0.0143965 | Time: 565ms
==> Save the model at epoch 005 with test loss 0.0143965
Epoch: 006 | Loss: 0.0076763 | L2 loss: 0.0076742 | Lip loss: 0.0000020 | Grad norm: 0.476745 | Time: 47s313ms
Epoch: 006 | Test Loss: 0.0076823 | Time: 551ms
==> Save the model at epoch 006 with test loss 0.0076823
Epoch: 007 | Loss: 0.0075159 | L2 loss: 0.0075138 | Lip loss: 0.0000020 | Grad norm: 0.424854 | Time: 51s750ms
Epoch: 007 | Test Loss: 0.0076502 | Time: 570ms
==> Save the model at epoch 007 with test loss 0.0076502
Epoch: 008 | Loss: 0.0075622 | L2 loss: 0.0075602 | Lip loss: 0.0000020 | Grad norm: 0.475214 | Time: 51s701ms
Epoch: 008 | Test Loss: 0.0076674 | Time: 619ms
Epoch: 009 | Loss: 0.0076462 | L2 loss: 0.0076441 | Lip loss: 0.0000020 | Grad norm: 0.536905 | Time: 51s437ms
Epoch: 009 | Test Loss: 0.0077118 | Time: 617ms
Epoch: 010 | Loss: 0.0075655 | L2 loss: 0.0075634 | Lip loss: 0.0000020 | Grad norm: 0.495112 | Time: 53s259ms
Epoch: 010 | Test Loss: 0.0076556 | Time: 564ms
Epoch: 011 | Loss: 0.0072513 | L2 loss: 0.0072493 | Lip loss: 0.0000020 | Grad norm: 0.282255 | Time: 47s331ms
Epoch: 011 | Test Loss: 0.0072523 | Time: 553ms
==> Save the model at epoch 011 with test loss 0.0072523
Epoch: 012 | Loss: 0.0072423 | L2 loss: 0.0072403 | Lip loss: 0.0000020 | Grad norm: 0.283165 | Time: 47s322ms
Epoch: 012 | Test Loss: 0.0072645 | Time: 553ms
Epoch: 013 | Loss: 0.0072517 | L2 loss: 0.0072496 | Lip loss: 0.0000020 | Grad norm: 0.291961 | Time: 47s402ms
Epoch: 013 | Test Loss: 0.0072701 | Time: 554ms
Epoch: 014 | Loss: 0.0072478 | L2 loss: 0.0072458 | Lip loss: 0.0000020 | Grad norm: 0.296405 | Time: 48s72ms
Epoch: 014 | Test Loss: 0.0072918 | Time: 601ms
Epoch: 015 | Loss: 0.0072484 | L2 loss: 0.0072464 | Lip loss: 0.0000020 | Grad norm: 0.298506 | Time: 51s590ms
Epoch: 015 | Test Loss: 0.0072776 | Time: 620ms
Epoch: 016 | Loss: 0.0072097 | L2 loss: 0.0072077 | Lip loss: 0.0000020 | Grad norm: 0.263207 | Time: 47s346ms
Epoch: 016 | Test Loss: 0.0072331 | Time: 606ms
==> Save the model at epoch 016 with test loss 0.0072331
Epoch: 017 | Loss: 0.0072054 | L2 loss: 0.0072034 | Lip loss: 0.0000020 | Grad norm: 0.256478 | Time: 49s196ms
Epoch: 017 | Test Loss: 0.0072330 | Time: 616ms
==> Save the model at epoch 017 with test loss 0.0072330
Epoch: 018 | Loss: 0.0072068 | L2 loss: 0.0072048 | Lip loss: 0.0000020 | Grad norm: 0.263440 | Time: 52s262ms
Epoch: 018 | Test Loss: 0.0072405 | Time: 612ms
Epoch: 019 | Loss: 0.0072055 | L2 loss: 0.0072035 | Lip loss: 0.0000020 | Grad norm: 0.251221 | Time: 47s286ms
Epoch: 019 | Test Loss: 0.0072345 | Time: 556ms
Epoch: 020 | Loss: 0.0072060 | L2 loss: 0.0072040 | Lip loss: 0.0000020 | Grad norm: 0.255326 | Time: 47s331ms
Epoch: 020 | Test Loss: 0.0072316 | Time: 553ms
==> Save the model at epoch 020 with test loss 0.0072316
Epoch: 021 | Loss: 0.0072004 | L2 loss: 0.0071983 | Lip loss: 0.0000020 | Grad norm: 0.246451 | Time: 48s273ms
Epoch: 021 | Test Loss: 0.0072289 | Time: 559ms
==> Save the model at epoch 021 with test loss 0.0072289
Epoch: 022 | Loss: 0.0071999 | L2 loss: 0.0071979 | Lip loss: 0.0000020 | Grad norm: 0.251099 | Time: 51s269ms
Epoch: 022 | Test Loss: 0.0072287 | Time: 562ms
==> Save the model at epoch 022 with test loss 0.0072287
Epoch: 023 | Loss: 0.0071999 | L2 loss: 0.0071979 | Lip loss: 0.0000020 | Grad norm: 0.249858 | Time: 51s513ms
Epoch: 023 | Test Loss: 0.0072294 | Time: 559ms
Epoch: 024 | Loss: 0.0071998 | L2 loss: 0.0071978 | Lip loss: 0.0000020 | Grad norm: 0.244702 | Time: 51s300ms
Epoch: 024 | Test Loss: 0.0072293 | Time: 556ms
Epoch: 025 | Loss: 0.0071997 | L2 loss: 0.0071977 | Lip loss: 0.0000020 | Grad norm: 0.248920 | Time: 51s32ms
Epoch: 025 | Test Loss: 0.0072291 | Time: 622ms
Epoch: 026 | Loss: 0.0071992 | L2 loss: 0.0071971 | Lip loss: 0.0000020 | Grad norm: 0.243836 | Time: 47s217ms
Epoch: 026 | Test Loss: 0.0072291 | Time: 613ms
Epoch: 027 | Loss: 0.0071990 | L2 loss: 0.0071970 | Lip loss: 0.0000020 | Grad norm: 0.247640 | Time: 47s541ms
Epoch: 027 | Test Loss: 0.0072291 | Time: 567ms
Epoch: 028 | Loss: 0.0071989 | L2 loss: 0.0071969 | Lip loss: 0.0000020 | Grad norm: 0.246693 | Time: 50s52ms
Epoch: 028 | Test Loss: 0.0072291 | Time: 556ms
Epoch: 029 | Loss: 0.0071989 | L2 loss: 0.0071969 | Lip loss: 0.0000020 | Grad norm: 0.243886 | Time: 50s466ms
Epoch: 029 | Test Loss: 0.0072292 | Time: 555ms
Epoch: 030 | Loss: 0.0071989 | L2 loss: 0.0071968 | Lip loss: 0.0000020 | Grad norm: 0.256459 | Time: 47s637ms
Epoch: 030 | Test Loss: 0.0072292 | Time: 552ms
Epoch: 031 | Loss: 0.0071988 | L2 loss: 0.0071968 | Lip loss: 0.0000020 | Grad norm: 0.247716 | Time: 48s635ms
Epoch: 031 | Test Loss: 0.0072292 | Time: 609ms
Epoch: 032 | Loss: 0.0071988 | L2 loss: 0.0071968 | Lip loss: 0.0000020 | Grad norm: 0.251918 | Time: 50s280ms
Epoch: 032 | Test Loss: 0.0072292 | Time: 617ms
Epoch: 033 | Loss: 0.0071988 | L2 loss: 0.0071968 | Lip loss: 0.0000020 | Grad norm: 0.250938 | Time: 50s935ms
Epoch: 033 | Test Loss: 0.0072292 | Time: 558ms
Epoch: 034 | Loss: 0.0071988 | L2 loss: 0.0071968 | Lip loss: 0.0000020 | Grad norm: 0.252655 | Time: 51s412ms
Epoch: 034 | Test Loss: 0.0072292 | Time: 559ms
Epoch: 035 | Loss: 0.0071988 | L2 loss: 0.0071968 | Lip loss: 0.0000020 | Grad norm: 0.244753 | Time: 51s698ms
Epoch: 035 | Test Loss: 0.0072292 | Time: 561ms
Epoch: 036 | Loss: 0.0071988 | L2 loss: 0.0071968 | Lip loss: 0.0000020 | Grad norm: 0.253079 | Time: 51s88ms
Epoch: 036 | Test Loss: 0.0072292 | Time: 560ms
Epoch: 037 | Loss: 0.0071988 | L2 loss: 0.0071968 | Lip loss: 0.0000020 | Grad norm: 0.250291 | Time: 51s15ms
Epoch: 037 | Test Loss: 0.0072292 | Time: 605ms
Epoch: 038 | Loss: 0.0071988 | L2 loss: 0.0071968 | Lip loss: 0.0000020 | Grad norm: 0.247460 | Time: 48s20ms
Epoch: 038 | Test Loss: 0.0072292 | Time: 610ms
Epoch: 039 | Loss: 0.0071988 | L2 loss: 0.0071968 | Lip loss: 0.0000020 | Grad norm: 0.254194 | Time: 49s288ms
Epoch: 039 | Test Loss: 0.0072292 | Time: 560ms
Epoch: 040 | Loss: 0.0071988 | L2 loss: 0.0071968 | Lip loss: 0.0000020 | Grad norm: 0.251182 | Time: 51s451ms
Epoch: 040 | Test Loss: 0.0072292 | Time: 561ms
Total time: 33m36s
==> Saving trained model weights...
==> Input bias to be applied to the neural network (trained):
[0. 0.]
==> Input transform to be applied to the neural network (trained):
[1. 1.]
==> Output transform to be applied to the neural network (trained):
[1. 1.]
==> Saving training info...
==> Drawing training loss...
==> Drawing grad norm...
==> Drawing testing loss...
==> Drawing l2 loss...
==> Drawing lip loss...
==> Process finished.
