==> torch device:  cuda:3
==> Test-Train split: test_ratio = 0.20
==> Test-Train split seed:  None
==> Further split: further_train_ratio = 1.00
==> Further split seed:  None
==> Input bias to be applied to the neural network:
[0. 0.]
==> Input transform to be applied to the neural network:
[1. 1.]
==> Ouput transform to be applied to the neural network:
[1. 1.]
==> Evaluating model...
==========================================================================================
Layer (type:depth-idx)                   Output Shape              Param #
==========================================================================================
NeuralNetwork                            [1, 2]                    6
├─Sequential: 1-1                        [1, 2]                    --
│    └─Linear: 2-1                       [1, 64]                   192
│    └─LeakyReLU: 2-2                    [1, 64]                   --
│    └─Linear: 2-3                       [1, 64]                   4,160
│    └─LeakyReLU: 2-4                    [1, 64]                   --
│    └─Linear: 2-5                       [1, 64]                   4,160
│    └─LeakyReLU: 2-6                    [1, 64]                   --
│    └─Linear: 2-7                       [1, 64]                   4,160
│    └─LeakyReLU: 2-8                    [1, 64]                   --
│    └─Linear: 2-9                       [1, 64]                   4,160
│    └─LeakyReLU: 2-10                   [1, 64]                   --
│    └─Linear: 2-11                      [1, 64]                   4,160
│    └─LeakyReLU: 2-12                   [1, 64]                   --
│    └─Linear: 2-13                      [1, 64]                   4,160
│    └─LeakyReLU: 2-14                   [1, 64]                   --
│    └─Linear: 2-15                      [1, 2]                    130
==========================================================================================
Total params: 25,288
Trainable params: 25,282
Non-trainable params: 6
Total mult-adds (Units.MEGABYTES): 0.03
==========================================================================================
Input size (MB): 0.00
Forward/backward pass size (MB): 0.00
Params size (MB): 0.10
Estimated Total Size (MB): 0.10
==========================================================================================
==> Saving initial model weights...
==> Start training...
Epoch: 001 | Loss: 0.3877370 | L2 loss: 0.3865970 | Lip loss: 0.0011400 | Grad norm: 2.552033 | Time: 56s438ms
Epoch: 001 | Test Loss: 0.0039989 | Time: 835ms
==> Save the model at epoch 001 with test loss 0.0039989
Epoch: 002 | Loss: 0.0053115 | L2 loss: 0.0041488 | Lip loss: 0.0011627 | Grad norm: 1.157568 | Time: 57s339ms
Epoch: 002 | Test Loss: 0.0011595 | Time: 757ms
==> Save the model at epoch 002 with test loss 0.0011595
Epoch: 003 | Loss: 0.0036182 | L2 loss: 0.0024564 | Lip loss: 0.0011618 | Grad norm: 0.744700 | Time: 56s498ms
Epoch: 003 | Test Loss: 0.0018444 | Time: 749ms
Epoch: 004 | Loss: 0.0029905 | L2 loss: 0.0018373 | Lip loss: 0.0011532 | Grad norm: 0.628882 | Time: 55s239ms
Epoch: 004 | Test Loss: 0.0019059 | Time: 759ms
Epoch: 005 | Loss: 0.0030649 | L2 loss: 0.0018918 | Lip loss: 0.0011730 | Grad norm: 0.615942 | Time: 56s511ms
Epoch: 005 | Test Loss: 0.0010697 | Time: 760ms
==> Save the model at epoch 005 with test loss 0.0010697
Epoch: 006 | Loss: 0.0017843 | L2 loss: 0.0006284 | Lip loss: 0.0011559 | Grad norm: 0.070990 | Time: 56s975ms
Epoch: 006 | Test Loss: 0.0006245 | Time: 749ms
==> Save the model at epoch 006 with test loss 0.0006245
Epoch: 007 | Loss: 0.0017830 | L2 loss: 0.0006223 | Lip loss: 0.0011606 | Grad norm: 0.081314 | Time: 56s394ms
Epoch: 007 | Test Loss: 0.0006177 | Time: 751ms
==> Save the model at epoch 007 with test loss 0.0006177
Epoch: 008 | Loss: 0.0017798 | L2 loss: 0.0006200 | Lip loss: 0.0011598 | Grad norm: 0.084172 | Time: 56s663ms
Epoch: 008 | Test Loss: 0.0006070 | Time: 830ms
==> Save the model at epoch 008 with test loss 0.0006070
Epoch: 009 | Loss: 0.0017917 | L2 loss: 0.0006264 | Lip loss: 0.0011653 | Grad norm: 0.106171 | Time: 56s666ms
Epoch: 009 | Test Loss: 0.0006130 | Time: 754ms
Epoch: 010 | Loss: 0.0017984 | L2 loss: 0.0006321 | Lip loss: 0.0011663 | Grad norm: 0.119348 | Time: 57s129ms
Epoch: 010 | Test Loss: 0.0006150 | Time: 781ms
Epoch: 011 | Loss: 0.0017533 | L2 loss: 0.0005919 | Lip loss: 0.0011614 | Grad norm: 0.056195 | Time: 56s41ms
Epoch: 011 | Test Loss: 0.0005904 | Time: 754ms
==> Save the model at epoch 011 with test loss 0.0005904
Epoch: 012 | Loss: 0.0017519 | L2 loss: 0.0005908 | Lip loss: 0.0011610 | Grad norm: 0.055721 | Time: 57s814ms
Epoch: 012 | Test Loss: 0.0005957 | Time: 760ms
Epoch: 013 | Loss: 0.0017583 | L2 loss: 0.0005916 | Lip loss: 0.0011667 | Grad norm: 0.059564 | Time: 56s915ms
Epoch: 013 | Test Loss: 0.0005926 | Time: 754ms
Epoch: 014 | Loss: 0.0017610 | L2 loss: 0.0005941 | Lip loss: 0.0011670 | Grad norm: 0.068220 | Time: 56s61ms
Epoch: 014 | Test Loss: 0.0006003 | Time: 751ms
Epoch: 015 | Loss: 0.0017578 | L2 loss: 0.0005930 | Lip loss: 0.0011648 | Grad norm: 0.065081 | Time: 56s435ms
Epoch: 015 | Test Loss: 0.0005905 | Time: 836ms
Epoch: 016 | Loss: 0.0017498 | L2 loss: 0.0005855 | Lip loss: 0.0011643 | Grad norm: 0.047371 | Time: 56s537ms
Epoch: 016 | Test Loss: 0.0005861 | Time: 762ms
==> Save the model at epoch 016 with test loss 0.0005861
Epoch: 017 | Loss: 0.0017529 | L2 loss: 0.0005854 | Lip loss: 0.0011675 | Grad norm: 0.047312 | Time: 56s858ms
Epoch: 017 | Test Loss: 0.0005859 | Time: 758ms
==> Save the model at epoch 017 with test loss 0.0005859
Epoch: 018 | Loss: 0.0017503 | L2 loss: 0.0005851 | Lip loss: 0.0011652 | Grad norm: 0.047919 | Time: 57s322ms
Epoch: 018 | Test Loss: 0.0005866 | Time: 761ms
Epoch: 019 | Loss: 0.0017521 | L2 loss: 0.0005854 | Lip loss: 0.0011666 | Grad norm: 0.048377 | Time: 56s653ms
Epoch: 019 | Test Loss: 0.0005861 | Time: 757ms
Epoch: 020 | Loss: 0.0017540 | L2 loss: 0.0005852 | Lip loss: 0.0011688 | Grad norm: 0.048309 | Time: 55s616ms
Epoch: 020 | Test Loss: 0.0005859 | Time: 763ms
==> Save the model at epoch 020 with test loss 0.0005859
Epoch: 021 | Loss: 0.0017473 | L2 loss: 0.0005843 | Lip loss: 0.0011631 | Grad norm: 0.044377 | Time: 56s426ms
Epoch: 021 | Test Loss: 0.0005854 | Time: 754ms
==> Save the model at epoch 021 with test loss 0.0005854
Epoch: 022 | Loss: 0.0017469 | L2 loss: 0.0005842 | Lip loss: 0.0011626 | Grad norm: 0.046680 | Time: 56s807ms
Epoch: 022 | Test Loss: 0.0005853 | Time: 793ms
==> Save the model at epoch 022 with test loss 0.0005853
Epoch: 023 | Loss: 0.0017459 | L2 loss: 0.0005842 | Lip loss: 0.0011617 | Grad norm: 0.045503 | Time: 55s380ms
Epoch: 023 | Test Loss: 0.0005854 | Time: 836ms
Epoch: 024 | Loss: 0.0017478 | L2 loss: 0.0005842 | Lip loss: 0.0011636 | Grad norm: 0.044695 | Time: 56s696ms
Epoch: 024 | Test Loss: 0.0005852 | Time: 756ms
==> Save the model at epoch 024 with test loss 0.0005852
Epoch: 025 | Loss: 0.0017415 | L2 loss: 0.0005842 | Lip loss: 0.0011574 | Grad norm: 0.045756 | Time: 56s592ms
Epoch: 025 | Test Loss: 0.0005852 | Time: 764ms
==> Save the model at epoch 025 with test loss 0.0005852
Epoch: 026 | Loss: 0.0017430 | L2 loss: 0.0005841 | Lip loss: 0.0011590 | Grad norm: 0.045615 | Time: 56s790ms
Epoch: 026 | Test Loss: 0.0005852 | Time: 747ms
Epoch: 027 | Loss: 0.0017448 | L2 loss: 0.0005840 | Lip loss: 0.0011608 | Grad norm: 0.045055 | Time: 56s847ms
Epoch: 027 | Test Loss: 0.0005852 | Time: 769ms
Epoch: 028 | Loss: 0.0017510 | L2 loss: 0.0005841 | Lip loss: 0.0011669 | Grad norm: 0.045413 | Time: 56s495ms
Epoch: 028 | Test Loss: 0.0005852 | Time: 764ms
Epoch: 029 | Loss: 0.0017388 | L2 loss: 0.0005841 | Lip loss: 0.0011548 | Grad norm: 0.044416 | Time: 56s403ms
Epoch: 029 | Test Loss: 0.0005852 | Time: 766ms
Epoch: 030 | Loss: 0.0017479 | L2 loss: 0.0005841 | Lip loss: 0.0011638 | Grad norm: 0.045491 | Time: 56s912ms
Epoch: 030 | Test Loss: 0.0005852 | Time: 831ms
Epoch: 031 | Loss: 0.0017492 | L2 loss: 0.0005840 | Lip loss: 0.0011652 | Grad norm: 0.045247 | Time: 56s292ms
Epoch: 031 | Test Loss: 0.0005852 | Time: 766ms
Epoch: 032 | Loss: 0.0017398 | L2 loss: 0.0005840 | Lip loss: 0.0011557 | Grad norm: 0.045726 | Time: 55s886ms
Epoch: 032 | Test Loss: 0.0005852 | Time: 768ms
Epoch: 033 | Loss: 0.0017499 | L2 loss: 0.0005840 | Lip loss: 0.0011658 | Grad norm: 0.045469 | Time: 57s296ms
Epoch: 033 | Test Loss: 0.0005852 | Time: 759ms
Epoch: 034 | Loss: 0.0017465 | L2 loss: 0.0005840 | Lip loss: 0.0011624 | Grad norm: 0.046770 | Time: 57s153ms
Epoch: 034 | Test Loss: 0.0005852 | Time: 752ms
Epoch: 035 | Loss: 0.0017514 | L2 loss: 0.0005840 | Lip loss: 0.0011674 | Grad norm: 0.044749 | Time: 57s129ms
Epoch: 035 | Test Loss: 0.0005852 | Time: 753ms
Epoch: 036 | Loss: 0.0017448 | L2 loss: 0.0005840 | Lip loss: 0.0011607 | Grad norm: 0.045313 | Time: 56s620ms
Epoch: 036 | Test Loss: 0.0005852 | Time: 764ms
Epoch: 037 | Loss: 0.0017358 | L2 loss: 0.0005840 | Lip loss: 0.0011518 | Grad norm: 0.045325 | Time: 56s165ms
Epoch: 037 | Test Loss: 0.0005852 | Time: 826ms
Epoch: 038 | Loss: 0.0017474 | L2 loss: 0.0005840 | Lip loss: 0.0011634 | Grad norm: 0.045965 | Time: 57s315ms
Epoch: 038 | Test Loss: 0.0005852 | Time: 755ms
Epoch: 039 | Loss: 0.0017452 | L2 loss: 0.0005840 | Lip loss: 0.0011612 | Grad norm: 0.045702 | Time: 57s84ms
Epoch: 039 | Test Loss: 0.0005852 | Time: 759ms
Epoch: 040 | Loss: 0.0017470 | L2 loss: 0.0005840 | Lip loss: 0.0011630 | Grad norm: 0.044832 | Time: 56s178ms
Epoch: 040 | Test Loss: 0.0005852 | Time: 763ms
Total time: 38m15s
==> Saving trained model weights...
==> Input bias to be applied to the neural network (trained):
[0. 0.]
==> Input transform to be applied to the neural network (trained):
[1. 1.]
==> Output transform to be applied to the neural network (trained):
[1. 1.]
==> Saving training info...
==> Drawing training loss...
==> Drawing grad norm...
==> Drawing testing loss...
==> Drawing l2 loss...
==> Drawing lip loss...
==> Process finished.
