==> torch device:  cuda:2
==> Test-Train split: test_ratio = 0.20
==> Test-Train split seed:  None
==> Further split: further_train_ratio = 1.00
==> Further split seed:  None
==> Lipschitz constant: 8.00
==> Input bias to be applied to the neural network:
[0. 0. 0. 0.]
==> Input transform to be applied to the neural network:
[0.708416   0.723275   0.67681897 0.67421794]
==> Ouput transform to be applied to the neural network:
[0.2339 0.2936]
==> Evaluating model...
==========================================================================================
Layer (type:depth-idx)                   Output Shape              Param #
==========================================================================================
NeuralNetwork                            [1, 2]                    10
├─Sequential: 1-1                        [1, 2]                    --
│    └─SandwichFc: 2-1                   [1, 64]                   4,481
│    └─SandwichFc: 2-2                   [1, 64]                   8,321
│    └─SandwichFc: 2-3                   [1, 64]                   8,321
│    └─SandwichFc: 2-4                   [1, 64]                   8,321
│    └─SandwichFc: 2-5                   [1, 64]                   8,321
│    └─SandwichFc: 2-6                   [1, 64]                   8,321
│    └─SandwichFc: 2-7                   [1, 64]                   8,321
│    └─SandwichLin: 2-8                  [1, 2]                    135
├─Sequential: 1-2                        [1, 2]                    (recursive)
│    └─SandwichFc: 2-9                   [1, 64]                   (recursive)
│    └─SandwichFc: 2-10                  [1, 64]                   (recursive)
│    └─SandwichFc: 2-11                  [1, 64]                   (recursive)
│    └─SandwichFc: 2-12                  [1, 64]                   (recursive)
│    └─SandwichFc: 2-13                  [1, 64]                   (recursive)
│    └─SandwichFc: 2-14                  [1, 64]                   (recursive)
│    └─SandwichFc: 2-15                  [1, 64]                   (recursive)
│    └─SandwichLin: 2-16                 [1, 2]                    (recursive)
==========================================================================================
Total params: 54,552
Trainable params: 54,542
Non-trainable params: 10
Total mult-adds (Units.MEGABYTES): 0.11
==========================================================================================
Input size (MB): 0.00
Forward/backward pass size (MB): 0.01
Params size (MB): 0.22
Estimated Total Size (MB): 0.23
==========================================================================================
==> Saving initial model weights...
==> Start training...
==> Number of param_groups in optimizer: 1
Epoch: 001 | Train Loss: 0.1419209 | Grad norm: 0.391289 | Time: 17s614ms
Epoch: 001 | Test Loss: 0.1415964 | Time: 606ms
==> Save the model at epoch 001 with test loss 0.1415964
Epoch: 002 | Train Loss: 0.0159490 | Grad norm: 0.121357 | Time: 17s146ms
Epoch: 002 | Test Loss: 0.0099213 | Time: 604ms
==> Save the model at epoch 002 with test loss 0.0099213
Epoch: 003 | Train Loss: 0.0105161 | Grad norm: 0.107549 | Time: 16s871ms
Epoch: 003 | Test Loss: 0.0097569 | Time: 606ms
==> Save the model at epoch 003 with test loss 0.0097569
Epoch: 004 | Train Loss: 0.0104557 | Grad norm: 0.102070 | Time: 16s979ms
Epoch: 004 | Test Loss: 0.0097065 | Time: 616ms
==> Save the model at epoch 004 with test loss 0.0097065
Epoch: 005 | Train Loss: 0.0103206 | Grad norm: 0.093145 | Time: 17s442ms
Epoch: 005 | Test Loss: 0.0095633 | Time: 611ms
==> Save the model at epoch 005 with test loss 0.0095633
Epoch: 006 | Train Loss: 0.0103151 | Grad norm: 0.093318 | Time: 16s608ms
Epoch: 006 | Test Loss: 0.0093300 | Time: 679ms
==> Save the model at epoch 006 with test loss 0.0093300
Epoch: 007 | Train Loss: 0.0100480 | Grad norm: 0.084648 | Time: 16s885ms
Epoch: 007 | Test Loss: 0.0091458 | Time: 621ms
==> Save the model at epoch 007 with test loss 0.0091458
Epoch: 008 | Train Loss: 0.0098348 | Grad norm: 0.085184 | Time: 18s59ms
Epoch: 008 | Test Loss: 0.0089547 | Time: 612ms
==> Save the model at epoch 008 with test loss 0.0089547
Epoch: 009 | Train Loss: 0.0097487 | Grad norm: 0.087242 | Time: 17s641ms
Epoch: 009 | Test Loss: 0.0088240 | Time: 680ms
==> Save the model at epoch 009 with test loss 0.0088240
Epoch: 010 | Train Loss: 0.0094080 | Grad norm: 0.079593 | Time: 17s197ms
Epoch: 010 | Test Loss: 0.0088819 | Time: 610ms
Epoch: 011 | Train Loss: 0.0091332 | Grad norm: 0.077509 | Time: 16s750ms
Epoch: 011 | Test Loss: 0.0085538 | Time: 610ms
==> Save the model at epoch 011 with test loss 0.0085538
Epoch: 012 | Train Loss: 0.0090454 | Grad norm: 0.075340 | Time: 17s645ms
Epoch: 012 | Test Loss: 0.0085953 | Time: 633ms
Epoch: 013 | Train Loss: 0.0089169 | Grad norm: 0.073272 | Time: 17s226ms
Epoch: 013 | Test Loss: 0.0081882 | Time: 615ms
==> Save the model at epoch 013 with test loss 0.0081882
Epoch: 014 | Train Loss: 0.0087514 | Grad norm: 0.067352 | Time: 17s188ms
Epoch: 014 | Test Loss: 0.0084011 | Time: 605ms
Epoch: 015 | Train Loss: 0.0086575 | Grad norm: 0.065504 | Time: 17s490ms
Epoch: 015 | Test Loss: 0.0082297 | Time: 609ms
Epoch: 016 | Train Loss: 0.0086078 | Grad norm: 0.064246 | Time: 17s461ms
Epoch: 016 | Test Loss: 0.0083330 | Time: 610ms
Epoch: 017 | Train Loss: 0.0085726 | Grad norm: 0.062264 | Time: 17s107ms
Epoch: 017 | Test Loss: 0.0081441 | Time: 611ms
==> Save the model at epoch 017 with test loss 0.0081441
Epoch: 018 | Train Loss: 0.0085195 | Grad norm: 0.061267 | Time: 17s70ms
Epoch: 018 | Test Loss: 0.0082545 | Time: 620ms
Epoch: 019 | Train Loss: 0.0084314 | Grad norm: 0.059762 | Time: 17s593ms
Epoch: 019 | Test Loss: 0.0081884 | Time: 620ms
Epoch: 020 | Train Loss: 0.0084285 | Grad norm: 0.059071 | Time: 17s374ms
Epoch: 020 | Test Loss: 0.0079392 | Time: 684ms
==> Save the model at epoch 020 with test loss 0.0079392
Epoch: 021 | Train Loss: 0.0083858 | Grad norm: 0.059457 | Time: 17s311ms
Epoch: 021 | Test Loss: 0.0080630 | Time: 622ms
Epoch: 022 | Train Loss: 0.0083150 | Grad norm: 0.057185 | Time: 17s310ms
Epoch: 022 | Test Loss: 0.0078636 | Time: 607ms
==> Save the model at epoch 022 with test loss 0.0078636
Epoch: 023 | Train Loss: 0.0082755 | Grad norm: 0.056795 | Time: 16s902ms
Epoch: 023 | Test Loss: 0.0079570 | Time: 680ms
Epoch: 024 | Train Loss: 0.0082003 | Grad norm: 0.054196 | Time: 16s488ms
Epoch: 024 | Test Loss: 0.0078407 | Time: 605ms
==> Save the model at epoch 024 with test loss 0.0078407
Epoch: 025 | Train Loss: 0.0081691 | Grad norm: 0.053348 | Time: 17s201ms
Epoch: 025 | Test Loss: 0.0078846 | Time: 620ms
Epoch: 026 | Train Loss: 0.0081082 | Grad norm: 0.052617 | Time: 17s40ms
Epoch: 026 | Test Loss: 0.0077968 | Time: 627ms
==> Save the model at epoch 026 with test loss 0.0077968
Epoch: 027 | Train Loss: 0.0080815 | Grad norm: 0.052241 | Time: 16s734ms
Epoch: 027 | Test Loss: 0.0077196 | Time: 620ms
==> Save the model at epoch 027 with test loss 0.0077196
Epoch: 028 | Train Loss: 0.0080499 | Grad norm: 0.051373 | Time: 17s383ms
Epoch: 028 | Test Loss: 0.0077098 | Time: 621ms
==> Save the model at epoch 028 with test loss 0.0077098
Epoch: 029 | Train Loss: 0.0079743 | Grad norm: 0.048910 | Time: 17s264ms
Epoch: 029 | Test Loss: 0.0076183 | Time: 620ms
==> Save the model at epoch 029 with test loss 0.0076183
Epoch: 030 | Train Loss: 0.0079537 | Grad norm: 0.049720 | Time: 17s420ms
Epoch: 030 | Test Loss: 0.0076792 | Time: 621ms
Epoch: 031 | Train Loss: 0.0079077 | Grad norm: 0.048637 | Time: 17s40ms
Epoch: 031 | Test Loss: 0.0076186 | Time: 609ms
Epoch: 032 | Train Loss: 0.0078632 | Grad norm: 0.048321 | Time: 17s529ms
Epoch: 032 | Test Loss: 0.0075802 | Time: 612ms
==> Save the model at epoch 032 with test loss 0.0075802
Epoch: 033 | Train Loss: 0.0078255 | Grad norm: 0.046876 | Time: 16s709ms
Epoch: 033 | Test Loss: 0.0075134 | Time: 622ms
==> Save the model at epoch 033 with test loss 0.0075134
Epoch: 034 | Train Loss: 0.0077846 | Grad norm: 0.046382 | Time: 17s74ms
Epoch: 034 | Test Loss: 0.0075139 | Time: 673ms
Epoch: 035 | Train Loss: 0.0077583 | Grad norm: 0.045858 | Time: 16s865ms
Epoch: 035 | Test Loss: 0.0075004 | Time: 610ms
==> Save the model at epoch 035 with test loss 0.0075004
Epoch: 036 | Train Loss: 0.0077291 | Grad norm: 0.045408 | Time: 17s198ms
Epoch: 036 | Test Loss: 0.0074831 | Time: 610ms
==> Save the model at epoch 036 with test loss 0.0074831
Epoch: 037 | Train Loss: 0.0077089 | Grad norm: 0.044571 | Time: 16s718ms
Epoch: 037 | Test Loss: 0.0074651 | Time: 623ms
==> Save the model at epoch 037 with test loss 0.0074651
Epoch: 038 | Train Loss: 0.0076917 | Grad norm: 0.043941 | Time: 17s224ms
Epoch: 038 | Test Loss: 0.0074422 | Time: 612ms
==> Save the model at epoch 038 with test loss 0.0074422
Epoch: 039 | Train Loss: 0.0076746 | Grad norm: 0.043326 | Time: 17s382ms
Epoch: 039 | Test Loss: 0.0074384 | Time: 612ms
==> Save the model at epoch 039 with test loss 0.0074384
Epoch: 040 | Train Loss: 0.0076645 | Grad norm: 0.043111 | Time: 17s413ms
Epoch: 040 | Test Loss: 0.0074334 | Time: 630ms
==> Save the model at epoch 040 with test loss 0.0074334
Total time: 11m52s
==> Saving trained model weights...
==> Input bias to be applied to the neural network (trained):
[0. 0. 0. 0.]
==> Input transform to be applied to the neural network (trained):
[0.708416   0.723275   0.67681897 0.67421794]
==> Output transform to be applied to the neural network (trained):
[0.2339 0.2936]
==> Saving training info...
==> Drawing training loss...
==> Drawing grad norm...
==> Drawing testing loss...
==> Process finished.
