==> torch device:  cuda:1
==> Test-Train split: test_ratio = 0.20
==> Test-Train split seed:  None
==> Further split: further_train_ratio = 1.00
==> Further split seed:  None
==> Input bias to be applied to the neural network:
[0. 0. 0. 0.]
==> Input transform to be applied to the neural network:
[0.7072636  0.72212595 0.6760411  0.67349136]
==> Ouput transform to be applied to the neural network:
[0.2287 0.2871]
==> Evaluating model...
==========================================================================================
Layer (type:depth-idx)                   Output Shape              Param #
==========================================================================================
NeuralNetwork                            [1, 2]                    10
├─Sequential: 1-1                        [1, 2]                    --
│    └─Linear: 2-1                       [1, 64]                   320
│    └─ReLU: 2-2                         [1, 64]                   --
│    └─Linear: 2-3                       [1, 64]                   4,160
│    └─ReLU: 2-4                         [1, 64]                   --
│    └─Linear: 2-5                       [1, 64]                   4,160
│    └─ReLU: 2-6                         [1, 64]                   --
│    └─Linear: 2-7                       [1, 64]                   4,160
│    └─ReLU: 2-8                         [1, 64]                   --
│    └─Linear: 2-9                       [1, 64]                   4,160
│    └─ReLU: 2-10                        [1, 64]                   --
│    └─Linear: 2-11                      [1, 64]                   4,160
│    └─ReLU: 2-12                        [1, 64]                   --
│    └─Linear: 2-13                      [1, 64]                   4,160
│    └─ReLU: 2-14                        [1, 64]                   --
│    └─Linear: 2-15                      [1, 2]                    130
├─Sequential: 1-2                        [1, 2]                    (recursive)
│    └─Linear: 2-16                      [1, 64]                   (recursive)
│    └─ReLU: 2-17                        [1, 64]                   --
│    └─Linear: 2-18                      [1, 64]                   (recursive)
│    └─ReLU: 2-19                        [1, 64]                   --
│    └─Linear: 2-20                      [1, 64]                   (recursive)
│    └─ReLU: 2-21                        [1, 64]                   --
│    └─Linear: 2-22                      [1, 64]                   (recursive)
│    └─ReLU: 2-23                        [1, 64]                   --
│    └─Linear: 2-24                      [1, 64]                   (recursive)
│    └─ReLU: 2-25                        [1, 64]                   --
│    └─Linear: 2-26                      [1, 64]                   (recursive)
│    └─ReLU: 2-27                        [1, 64]                   --
│    └─Linear: 2-28                      [1, 64]                   (recursive)
│    └─ReLU: 2-29                        [1, 64]                   --
│    └─Linear: 2-30                      [1, 2]                    (recursive)
==========================================================================================
Total params: 25,420
Trainable params: 25,410
Non-trainable params: 10
Total mult-adds (Units.MEGABYTES): 0.05
==========================================================================================
Input size (MB): 0.00
Forward/backward pass size (MB): 0.01
Params size (MB): 0.10
Estimated Total Size (MB): 0.11
==========================================================================================
==> Saving initial model weights...
==> Start training...
==> Number of param_groups in optimizer: 1
Epoch: 001 | Train Loss: 0.1344609 | Grad norm: 0.004816 | Time: 4s568ms
Epoch: 001 | Test Loss: 0.1353488 | Time: 526ms
==> Save the model at epoch 001 with test loss 0.1353488
Epoch: 002 | Train Loss: 0.0159584 | Grad norm: 0.033986 | Time: 4s442ms
Epoch: 002 | Test Loss: 0.0102767 | Time: 511ms
==> Save the model at epoch 002 with test loss 0.0102767
Epoch: 003 | Train Loss: 0.0104305 | Grad norm: 0.030094 | Time: 4s417ms
Epoch: 003 | Test Loss: 0.0105439 | Time: 511ms
Epoch: 004 | Train Loss: 0.0103469 | Grad norm: 0.028214 | Time: 4s258ms
Epoch: 004 | Test Loss: 0.0099256 | Time: 599ms
==> Save the model at epoch 004 with test loss 0.0099256
Epoch: 005 | Train Loss: 0.0102929 | Grad norm: 0.031401 | Time: 4s376ms
Epoch: 005 | Test Loss: 0.0100914 | Time: 508ms
Epoch: 006 | Train Loss: 0.0100912 | Grad norm: 0.032050 | Time: 4s209ms
Epoch: 006 | Test Loss: 0.0094972 | Time: 598ms
==> Save the model at epoch 006 with test loss 0.0094972
Epoch: 007 | Train Loss: 0.0097679 | Grad norm: 0.034362 | Time: 4s106ms
Epoch: 007 | Test Loss: 0.0096081 | Time: 502ms
Epoch: 008 | Train Loss: 0.0095359 | Grad norm: 0.039310 | Time: 4s272ms
Epoch: 008 | Test Loss: 0.0090909 | Time: 511ms
==> Save the model at epoch 008 with test loss 0.0090909
Epoch: 009 | Train Loss: 0.0090440 | Grad norm: 0.033548 | Time: 4s370ms
Epoch: 009 | Test Loss: 0.0088320 | Time: 503ms
==> Save the model at epoch 009 with test loss 0.0088320
Epoch: 010 | Train Loss: 0.0089092 | Grad norm: 0.034639 | Time: 4s372ms
Epoch: 010 | Test Loss: 0.0083371 | Time: 506ms
==> Save the model at epoch 010 with test loss 0.0083371
Epoch: 011 | Train Loss: 0.0086630 | Grad norm: 0.033653 | Time: 4s433ms
Epoch: 011 | Test Loss: 0.0084001 | Time: 516ms
Epoch: 012 | Train Loss: 0.0084056 | Grad norm: 0.031722 | Time: 4s371ms
Epoch: 012 | Test Loss: 0.0081992 | Time: 524ms
==> Save the model at epoch 012 with test loss 0.0081992
Epoch: 013 | Train Loss: 0.0082731 | Grad norm: 0.031611 | Time: 4s231ms
Epoch: 013 | Test Loss: 0.0080645 | Time: 524ms
==> Save the model at epoch 013 with test loss 0.0080645
Epoch: 014 | Train Loss: 0.0081605 | Grad norm: 0.030806 | Time: 4s315ms
Epoch: 014 | Test Loss: 0.0079449 | Time: 602ms
==> Save the model at epoch 014 with test loss 0.0079449
Epoch: 015 | Train Loss: 0.0080818 | Grad norm: 0.028433 | Time: 4s386ms
Epoch: 015 | Test Loss: 0.0084418 | Time: 552ms
Epoch: 016 | Train Loss: 0.0081118 | Grad norm: 0.030399 | Time: 4s323ms
Epoch: 016 | Test Loss: 0.0078925 | Time: 505ms
==> Save the model at epoch 016 with test loss 0.0078925
Epoch: 017 | Train Loss: 0.0079815 | Grad norm: 0.026075 | Time: 4s309ms
Epoch: 017 | Test Loss: 0.0079015 | Time: 519ms
Epoch: 018 | Train Loss: 0.0079450 | Grad norm: 0.026974 | Time: 4s228ms
Epoch: 018 | Test Loss: 0.0076721 | Time: 506ms
==> Save the model at epoch 018 with test loss 0.0076721
Epoch: 019 | Train Loss: 0.0079046 | Grad norm: 0.027708 | Time: 4s274ms
Epoch: 019 | Test Loss: 0.0076658 | Time: 505ms
==> Save the model at epoch 019 with test loss 0.0076658
Epoch: 020 | Train Loss: 0.0078599 | Grad norm: 0.026352 | Time: 4s211ms
Epoch: 020 | Test Loss: 0.0079383 | Time: 512ms
Epoch: 021 | Train Loss: 0.0078890 | Grad norm: 0.026971 | Time: 4s372ms
Epoch: 021 | Test Loss: 0.0078822 | Time: 521ms
Epoch: 022 | Train Loss: 0.0077722 | Grad norm: 0.024832 | Time: 3s979ms
Epoch: 022 | Test Loss: 0.0077592 | Time: 579ms
Epoch: 023 | Train Loss: 0.0077129 | Grad norm: 0.023142 | Time: 4s290ms
Epoch: 023 | Test Loss: 0.0077056 | Time: 518ms
Epoch: 024 | Train Loss: 0.0076486 | Grad norm: 0.023353 | Time: 4s561ms
Epoch: 024 | Test Loss: 0.0076877 | Time: 503ms
Epoch: 025 | Train Loss: 0.0076089 | Grad norm: 0.023478 | Time: 4s189ms
Epoch: 025 | Test Loss: 0.0075876 | Time: 522ms
==> Save the model at epoch 025 with test loss 0.0075876
Epoch: 026 | Train Loss: 0.0075816 | Grad norm: 0.022332 | Time: 4s520ms
Epoch: 026 | Test Loss: 0.0075826 | Time: 511ms
==> Save the model at epoch 026 with test loss 0.0075826
Epoch: 027 | Train Loss: 0.0075389 | Grad norm: 0.022095 | Time: 4s373ms
Epoch: 027 | Test Loss: 0.0076030 | Time: 507ms
Epoch: 028 | Train Loss: 0.0074868 | Grad norm: 0.020793 | Time: 4s668ms
Epoch: 028 | Test Loss: 0.0074504 | Time: 523ms
==> Save the model at epoch 028 with test loss 0.0074504
Epoch: 029 | Train Loss: 0.0074209 | Grad norm: 0.019746 | Time: 4s398ms
Epoch: 029 | Test Loss: 0.0074545 | Time: 504ms
Epoch: 030 | Train Loss: 0.0073854 | Grad norm: 0.019696 | Time: 4s271ms
Epoch: 030 | Test Loss: 0.0074571 | Time: 511ms
Epoch: 031 | Train Loss: 0.0073473 | Grad norm: 0.019297 | Time: 4s153ms
Epoch: 031 | Test Loss: 0.0073916 | Time: 515ms
==> Save the model at epoch 031 with test loss 0.0073916
Epoch: 032 | Train Loss: 0.0072902 | Grad norm: 0.017981 | Time: 4s461ms
Epoch: 032 | Test Loss: 0.0073164 | Time: 508ms
==> Save the model at epoch 032 with test loss 0.0073164
Epoch: 033 | Train Loss: 0.0072476 | Grad norm: 0.018182 | Time: 4s245ms
Epoch: 033 | Test Loss: 0.0073419 | Time: 573ms
Epoch: 034 | Train Loss: 0.0072245 | Grad norm: 0.017526 | Time: 4s136ms
Epoch: 034 | Test Loss: 0.0072736 | Time: 504ms
==> Save the model at epoch 034 with test loss 0.0072736
Epoch: 035 | Train Loss: 0.0071720 | Grad norm: 0.016170 | Time: 4s546ms
Epoch: 035 | Test Loss: 0.0072703 | Time: 503ms
==> Save the model at epoch 035 with test loss 0.0072703
Epoch: 036 | Train Loss: 0.0071476 | Grad norm: 0.015995 | Time: 4s495ms
Epoch: 036 | Test Loss: 0.0072281 | Time: 504ms
==> Save the model at epoch 036 with test loss 0.0072281
Epoch: 037 | Train Loss: 0.0071222 | Grad norm: 0.015856 | Time: 4s426ms
Epoch: 037 | Test Loss: 0.0072092 | Time: 503ms
==> Save the model at epoch 037 with test loss 0.0072092
Epoch: 038 | Train Loss: 0.0070999 | Grad norm: 0.015460 | Time: 4s539ms
Epoch: 038 | Test Loss: 0.0072074 | Time: 506ms
==> Save the model at epoch 038 with test loss 0.0072074
Epoch: 039 | Train Loss: 0.0070847 | Grad norm: 0.014979 | Time: 4s244ms
Epoch: 039 | Test Loss: 0.0071995 | Time: 511ms
==> Save the model at epoch 039 with test loss 0.0071995
Epoch: 040 | Train Loss: 0.0070750 | Grad norm: 0.014827 | Time: 4s271ms
Epoch: 040 | Test Loss: 0.0071997 | Time: 504ms
Total time: 3m14s
==> Saving trained model weights...
==> Input bias to be applied to the neural network (trained):
[0. 0. 0. 0.]
==> Input transform to be applied to the neural network (trained):
[0.7072636  0.72212595 0.6760411  0.67349136]
==> Output transform to be applied to the neural network (trained):
[0.2287 0.2871]
==> Saving training info...
==> Drawing training loss...
==> Drawing grad norm...
==> Drawing testing loss...
==> Process finished.
