==> torch device:  cuda:1
==> Test-Train split: test_ratio = 0.20
==> Test-Train split seed:  None
==> Further split: further_train_ratio = 0.50
==> Further split seed:  None
==> Input bias to be applied to the neural network:
[0. 0. 0. 0.]
==> Input transform to be applied to the neural network:
[0.7072636  0.72212595 0.6760411  0.67349136]
==> Ouput transform to be applied to the neural network:
[0.2287 0.2871]
==> Evaluating model...
==========================================================================================
Layer (type:depth-idx)                   Output Shape              Param #
==========================================================================================
NeuralNetwork                            [1, 2]                    10
├─Sequential: 1-1                        [1, 2]                    --
│    └─Linear: 2-1                       [1, 64]                   320
│    └─ReLU: 2-2                         [1, 64]                   --
│    └─Linear: 2-3                       [1, 64]                   4,160
│    └─ReLU: 2-4                         [1, 64]                   --
│    └─Linear: 2-5                       [1, 64]                   4,160
│    └─ReLU: 2-6                         [1, 64]                   --
│    └─Linear: 2-7                       [1, 64]                   4,160
│    └─ReLU: 2-8                         [1, 64]                   --
│    └─Linear: 2-9                       [1, 64]                   4,160
│    └─ReLU: 2-10                        [1, 64]                   --
│    └─Linear: 2-11                      [1, 64]                   4,160
│    └─ReLU: 2-12                        [1, 64]                   --
│    └─Linear: 2-13                      [1, 64]                   4,160
│    └─ReLU: 2-14                        [1, 64]                   --
│    └─Linear: 2-15                      [1, 2]                    130
├─Sequential: 1-2                        [1, 2]                    (recursive)
│    └─Linear: 2-16                      [1, 64]                   (recursive)
│    └─ReLU: 2-17                        [1, 64]                   --
│    └─Linear: 2-18                      [1, 64]                   (recursive)
│    └─ReLU: 2-19                        [1, 64]                   --
│    └─Linear: 2-20                      [1, 64]                   (recursive)
│    └─ReLU: 2-21                        [1, 64]                   --
│    └─Linear: 2-22                      [1, 64]                   (recursive)
│    └─ReLU: 2-23                        [1, 64]                   --
│    └─Linear: 2-24                      [1, 64]                   (recursive)
│    └─ReLU: 2-25                        [1, 64]                   --
│    └─Linear: 2-26                      [1, 64]                   (recursive)
│    └─ReLU: 2-27                        [1, 64]                   --
│    └─Linear: 2-28                      [1, 64]                   (recursive)
│    └─ReLU: 2-29                        [1, 64]                   --
│    └─Linear: 2-30                      [1, 2]                    (recursive)
==========================================================================================
Total params: 25,420
Trainable params: 25,410
Non-trainable params: 10
Total mult-adds (Units.MEGABYTES): 0.05
==========================================================================================
Input size (MB): 0.00
Forward/backward pass size (MB): 0.01
Params size (MB): 0.10
Estimated Total Size (MB): 0.11
==========================================================================================
==> Saving initial model weights...
==> Start training...
==> Number of param_groups in optimizer: 1
Epoch: 001 | Train Loss: 0.1350810 | Grad norm: 0.004852 | Time: 2s524ms
Epoch: 001 | Test Loss: 0.1353488 | Time: 529ms
==> Save the model at epoch 001 with test loss 0.1353488
Epoch: 002 | Train Loss: 0.0661391 | Grad norm: 0.025410 | Time: 2s130ms
Epoch: 002 | Test Loss: 0.0532490 | Time: 582ms
==> Save the model at epoch 002 with test loss 0.0532490
Epoch: 003 | Train Loss: 0.0538183 | Grad norm: 0.017474 | Time: 2s93ms
Epoch: 003 | Test Loss: 0.0530182 | Time: 507ms
==> Save the model at epoch 003 with test loss 0.0530182
Epoch: 004 | Train Loss: 0.0538525 | Grad norm: 0.020520 | Time: 2s133ms
Epoch: 004 | Test Loss: 0.0529699 | Time: 519ms
==> Save the model at epoch 004 with test loss 0.0529699
Epoch: 005 | Train Loss: 0.0538424 | Grad norm: 0.019183 | Time: 2s335ms
Epoch: 005 | Test Loss: 0.0531343 | Time: 504ms
Epoch: 006 | Train Loss: 0.0541080 | Grad norm: 0.024582 | Time: 2s38ms
Epoch: 006 | Test Loss: 0.0533576 | Time: 511ms
Epoch: 007 | Train Loss: 0.0540833 | Grad norm: 0.023791 | Time: 2s93ms
Epoch: 007 | Test Loss: 0.0535243 | Time: 505ms
Epoch: 008 | Train Loss: 0.0540933 | Grad norm: 0.024135 | Time: 2s409ms
Epoch: 008 | Test Loss: 0.0531774 | Time: 502ms
Epoch: 009 | Train Loss: 0.0542155 | Grad norm: 0.028834 | Time: 2s59ms
Epoch: 009 | Test Loss: 0.0533100 | Time: 513ms
Epoch: 010 | Train Loss: 0.0540262 | Grad norm: 0.019607 | Time: 2s158ms
Epoch: 010 | Test Loss: 0.0533707 | Time: 588ms
Epoch: 011 | Train Loss: 0.0540452 | Grad norm: 0.023830 | Time: 2s105ms
Epoch: 011 | Test Loss: 0.0542046 | Time: 537ms
Epoch: 012 | Train Loss: 0.0540559 | Grad norm: 0.022800 | Time: 2s171ms
Epoch: 012 | Test Loss: 0.0542825 | Time: 533ms
Epoch: 013 | Train Loss: 0.0539985 | Grad norm: 0.021261 | Time: 2s291ms
Epoch: 013 | Test Loss: 0.0538938 | Time: 583ms
Epoch: 014 | Train Loss: 0.0540555 | Grad norm: 0.020179 | Time: 1s975ms
Epoch: 014 | Test Loss: 0.0532210 | Time: 502ms
Epoch: 015 | Train Loss: 0.0540375 | Grad norm: 0.021294 | Time: 2s108ms
Epoch: 015 | Test Loss: 0.0533017 | Time: 565ms
Epoch: 016 | Train Loss: 0.0540354 | Grad norm: 0.020729 | Time: 2s208ms
Epoch: 016 | Test Loss: 0.0532825 | Time: 502ms
Epoch: 017 | Train Loss: 0.0540238 | Grad norm: 0.021721 | Time: 2s212ms
Epoch: 017 | Test Loss: 0.0533360 | Time: 523ms
Epoch: 018 | Train Loss: 0.0539510 | Grad norm: 0.019839 | Time: 2s131ms
Epoch: 018 | Test Loss: 0.0533345 | Time: 577ms
Epoch: 019 | Train Loss: 0.0539787 | Grad norm: 0.019131 | Time: 2s281ms
Epoch: 019 | Test Loss: 0.0533122 | Time: 507ms
Epoch: 020 | Train Loss: 0.0539735 | Grad norm: 0.019696 | Time: 2s133ms
Epoch: 020 | Test Loss: 0.0532512 | Time: 501ms
Epoch: 021 | Train Loss: 0.0539506 | Grad norm: 0.019545 | Time: 2s99ms
Epoch: 021 | Test Loss: 0.0532577 | Time: 511ms
Epoch: 022 | Train Loss: 0.0539509 | Grad norm: 0.018654 | Time: 2s143ms
Epoch: 022 | Test Loss: 0.0535364 | Time: 515ms
Epoch: 023 | Train Loss: 0.0538956 | Grad norm: 0.017524 | Time: 2s198ms
Epoch: 023 | Test Loss: 0.0533190 | Time: 510ms
Epoch: 024 | Train Loss: 0.0539444 | Grad norm: 0.018684 | Time: 2s187ms
Epoch: 024 | Test Loss: 0.0531245 | Time: 512ms
Epoch: 025 | Train Loss: 0.0539038 | Grad norm: 0.018345 | Time: 2s120ms
Epoch: 025 | Test Loss: 0.0532249 | Time: 508ms
Epoch: 026 | Train Loss: 0.0538956 | Grad norm: 0.017387 | Time: 2s191ms
Epoch: 026 | Test Loss: 0.0531964 | Time: 700ms
Epoch: 027 | Train Loss: 0.0538781 | Grad norm: 0.017251 | Time: 2s68ms
Epoch: 027 | Test Loss: 0.0531589 | Time: 623ms
Epoch: 028 | Train Loss: 0.0538795 | Grad norm: 0.016668 | Time: 2s80ms
Epoch: 028 | Test Loss: 0.0534108 | Time: 502ms
Epoch: 029 | Train Loss: 0.0537871 | Grad norm: 0.016098 | Time: 2s200ms
Epoch: 029 | Test Loss: 0.0532138 | Time: 534ms
Epoch: 030 | Train Loss: 0.0538562 | Grad norm: 0.016167 | Time: 2s102ms
Epoch: 030 | Test Loss: 0.0530980 | Time: 536ms
Epoch: 031 | Train Loss: 0.0538128 | Grad norm: 0.016256 | Time: 2s124ms
Epoch: 031 | Test Loss: 0.0531253 | Time: 511ms
Epoch: 032 | Train Loss: 0.0538171 | Grad norm: 0.016597 | Time: 2s212ms
Epoch: 032 | Test Loss: 0.0530920 | Time: 516ms
Epoch: 033 | Train Loss: 0.0537945 | Grad norm: 0.015348 | Time: 2s119ms
Epoch: 033 | Test Loss: 0.0531033 | Time: 514ms
Epoch: 034 | Train Loss: 0.0537635 | Grad norm: 0.014916 | Time: 2s64ms
Epoch: 034 | Test Loss: 0.0531866 | Time: 600ms
Epoch: 035 | Train Loss: 0.0537905 | Grad norm: 0.015015 | Time: 2s126ms
Epoch: 035 | Test Loss: 0.0530987 | Time: 516ms
Epoch: 036 | Train Loss: 0.0537479 | Grad norm: 0.014286 | Time: 2s65ms
Epoch: 036 | Test Loss: 0.0530928 | Time: 506ms
Epoch: 037 | Train Loss: 0.0537358 | Grad norm: 0.013919 | Time: 2s197ms
Epoch: 037 | Test Loss: 0.0530990 | Time: 502ms
Epoch: 038 | Train Loss: 0.0537432 | Grad norm: 0.013787 | Time: 2s72ms
Epoch: 038 | Test Loss: 0.0530754 | Time: 542ms
Epoch: 039 | Train Loss: 0.0537324 | Grad norm: 0.013660 | Time: 2s180ms
Epoch: 039 | Test Loss: 0.0530852 | Time: 512ms
Epoch: 040 | Train Loss: 0.0537805 | Grad norm: 0.013799 | Time: 2s292ms
Epoch: 040 | Test Loss: 0.0530806 | Time: 593ms
Total time: 1m47s
==> Saving trained model weights...
==> Input bias to be applied to the neural network (trained):
[0. 0. 0. 0.]
==> Input transform to be applied to the neural network (trained):
[0.7072636  0.72212595 0.6760411  0.67349136]
==> Output transform to be applied to the neural network (trained):
[0.2287 0.2871]
==> Saving training info...
==> Drawing training loss...
==> Drawing grad norm...
==> Drawing testing loss...
==> Process finished.
