==> torch device:  cuda:3
==> Test-Train split: test_ratio = 0.20
==> Test-Train split seed:  None
==> Further split: further_train_ratio = 1.00
==> Further split seed:  None
==> Input bias to be applied to the neural network:
[0. 0.]
==> Input transform to be applied to the neural network:
[1. 1.]
==> Ouput transform to be applied to the neural network:
[1. 1.]
==> Evaluating model...
==========================================================================================
Layer (type:depth-idx)                   Output Shape              Param #
==========================================================================================
NeuralNetwork                            [1, 2]                    6
├─Sequential: 1-1                        [1, 2]                    --
│    └─Linear: 2-1                       [1, 64]                   192
│    └─LeakyReLU: 2-2                    [1, 64]                   --
│    └─Linear: 2-3                       [1, 64]                   4,160
│    └─LeakyReLU: 2-4                    [1, 64]                   --
│    └─Linear: 2-5                       [1, 64]                   4,160
│    └─LeakyReLU: 2-6                    [1, 64]                   --
│    └─Linear: 2-7                       [1, 64]                   4,160
│    └─LeakyReLU: 2-8                    [1, 64]                   --
│    └─Linear: 2-9                       [1, 64]                   4,160
│    └─LeakyReLU: 2-10                   [1, 64]                   --
│    └─Linear: 2-11                      [1, 64]                   4,160
│    └─LeakyReLU: 2-12                   [1, 64]                   --
│    └─Linear: 2-13                      [1, 64]                   4,160
│    └─LeakyReLU: 2-14                   [1, 64]                   --
│    └─Linear: 2-15                      [1, 2]                    130
==========================================================================================
Total params: 25,288
Trainable params: 25,282
Non-trainable params: 6
Total mult-adds (Units.MEGABYTES): 0.03
==========================================================================================
Input size (MB): 0.00
Forward/backward pass size (MB): 0.00
Params size (MB): 0.10
Estimated Total Size (MB): 0.10
==========================================================================================
==> Saving initial model weights...
==> Start training...
Epoch: 001 | Loss: 8.4137906 | L2 loss: 8.4137904 | Lip loss: 0.0000001 | Grad norm: 4.473519 | Time: 40s961ms
Epoch: 001 | Test Loss: 0.0043589 | Time: 518ms
==> Save the model at epoch 001 with test loss 0.0043589
Epoch: 002 | Loss: 0.0039414 | L2 loss: 0.0039412 | Lip loss: 0.0000002 | Grad norm: 0.855248 | Time: 40s684ms
Epoch: 002 | Test Loss: 0.0039874 | Time: 529ms
==> Save the model at epoch 002 with test loss 0.0039874
Epoch: 003 | Loss: 0.0035319 | L2 loss: 0.0035317 | Lip loss: 0.0000002 | Grad norm: 0.790586 | Time: 40s189ms
Epoch: 003 | Test Loss: 0.0032301 | Time: 537ms
==> Save the model at epoch 003 with test loss 0.0032301
Epoch: 004 | Loss: 0.0033099 | L2 loss: 0.0033097 | Lip loss: 0.0000002 | Grad norm: 0.669357 | Time: 40s144ms
Epoch: 004 | Test Loss: 0.0032342 | Time: 542ms
Epoch: 005 | Loss: 0.0033266 | L2 loss: 0.0033264 | Lip loss: 0.0000002 | Grad norm: 0.810015 | Time: 40s163ms
Epoch: 005 | Test Loss: 0.0030875 | Time: 532ms
==> Save the model at epoch 005 with test loss 0.0030875
Epoch: 006 | Loss: 0.0029953 | L2 loss: 0.0029951 | Lip loss: 0.0000002 | Grad norm: 0.266050 | Time: 40s252ms
Epoch: 006 | Test Loss: 0.0030057 | Time: 608ms
==> Save the model at epoch 006 with test loss 0.0030057
Epoch: 007 | Loss: 0.0029923 | L2 loss: 0.0029921 | Lip loss: 0.0000002 | Grad norm: 0.267024 | Time: 40s389ms
Epoch: 007 | Test Loss: 0.0030124 | Time: 531ms
Epoch: 008 | Loss: 0.0029895 | L2 loss: 0.0029893 | Lip loss: 0.0000002 | Grad norm: 0.278295 | Time: 40s961ms
Epoch: 008 | Test Loss: 0.0029901 | Time: 533ms
==> Save the model at epoch 008 with test loss 0.0029901
Epoch: 009 | Loss: 0.0029919 | L2 loss: 0.0029917 | Lip loss: 0.0000002 | Grad norm: 0.299795 | Time: 40s186ms
Epoch: 009 | Test Loss: 0.0030261 | Time: 526ms
Epoch: 010 | Loss: 0.0029825 | L2 loss: 0.0029823 | Lip loss: 0.0000002 | Grad norm: 0.290296 | Time: 41s64ms
Epoch: 010 | Test Loss: 0.0030366 | Time: 526ms
Epoch: 011 | Loss: 0.0029531 | L2 loss: 0.0029529 | Lip loss: 0.0000002 | Grad norm: 0.199755 | Time: 41s218ms
Epoch: 011 | Test Loss: 0.0029753 | Time: 535ms
==> Save the model at epoch 011 with test loss 0.0029753
Epoch: 012 | Loss: 0.0029530 | L2 loss: 0.0029528 | Lip loss: 0.0000002 | Grad norm: 0.205713 | Time: 41s304ms
Epoch: 012 | Test Loss: 0.0029737 | Time: 537ms
==> Save the model at epoch 012 with test loss 0.0029737
Epoch: 013 | Loss: 0.0029525 | L2 loss: 0.0029523 | Lip loss: 0.0000002 | Grad norm: 0.205402 | Time: 41s306ms
Epoch: 013 | Test Loss: 0.0029808 | Time: 606ms
Epoch: 014 | Loss: 0.0029526 | L2 loss: 0.0029524 | Lip loss: 0.0000002 | Grad norm: 0.210678 | Time: 41s484ms
Epoch: 014 | Test Loss: 0.0029753 | Time: 529ms
Epoch: 015 | Loss: 0.0029513 | L2 loss: 0.0029511 | Lip loss: 0.0000002 | Grad norm: 0.209519 | Time: 42s603ms
Epoch: 015 | Test Loss: 0.0029818 | Time: 527ms
Epoch: 016 | Loss: 0.0029469 | L2 loss: 0.0029467 | Lip loss: 0.0000002 | Grad norm: 0.196078 | Time: 40s946ms
Epoch: 016 | Test Loss: 0.0029738 | Time: 604ms
Epoch: 017 | Loss: 0.0029464 | L2 loss: 0.0029462 | Lip loss: 0.0000002 | Grad norm: 0.196571 | Time: 40s783ms
Epoch: 017 | Test Loss: 0.0029718 | Time: 545ms
==> Save the model at epoch 017 with test loss 0.0029718
Epoch: 018 | Loss: 0.0029464 | L2 loss: 0.0029462 | Lip loss: 0.0000002 | Grad norm: 0.198099 | Time: 40s566ms
Epoch: 018 | Test Loss: 0.0029714 | Time: 538ms
==> Save the model at epoch 018 with test loss 0.0029714
Epoch: 019 | Loss: 0.0029463 | L2 loss: 0.0029461 | Lip loss: 0.0000002 | Grad norm: 0.190081 | Time: 40s713ms
Epoch: 019 | Test Loss: 0.0029711 | Time: 524ms
==> Save the model at epoch 019 with test loss 0.0029711
Epoch: 020 | Loss: 0.0029462 | L2 loss: 0.0029460 | Lip loss: 0.0000002 | Grad norm: 0.189307 | Time: 40s327ms
Epoch: 020 | Test Loss: 0.0029724 | Time: 525ms
Epoch: 021 | Loss: 0.0029460 | L2 loss: 0.0029458 | Lip loss: 0.0000002 | Grad norm: 0.180234 | Time: 40s255ms
Epoch: 021 | Test Loss: 0.0029715 | Time: 535ms
Epoch: 022 | Loss: 0.0029459 | L2 loss: 0.0029457 | Lip loss: 0.0000002 | Grad norm: 0.184098 | Time: 40s927ms
Epoch: 022 | Test Loss: 0.0029715 | Time: 530ms
Epoch: 023 | Loss: 0.0029456 | L2 loss: 0.0029454 | Lip loss: 0.0000002 | Grad norm: 0.188762 | Time: 40s947ms
Epoch: 023 | Test Loss: 0.0029714 | Time: 595ms
Epoch: 024 | Loss: 0.0029457 | L2 loss: 0.0029455 | Lip loss: 0.0000002 | Grad norm: 0.190239 | Time: 40s332ms
Epoch: 024 | Test Loss: 0.0029713 | Time: 529ms
Epoch: 025 | Loss: 0.0029456 | L2 loss: 0.0029454 | Lip loss: 0.0000002 | Grad norm: 0.189601 | Time: 40s11ms
Epoch: 025 | Test Loss: 0.0029714 | Time: 520ms
Epoch: 026 | Loss: 0.0029455 | L2 loss: 0.0029453 | Lip loss: 0.0000002 | Grad norm: 0.190827 | Time: 40s961ms
Epoch: 026 | Test Loss: 0.0029714 | Time: 521ms
Epoch: 027 | Loss: 0.0029457 | L2 loss: 0.0029455 | Lip loss: 0.0000002 | Grad norm: 0.194213 | Time: 40s939ms
Epoch: 027 | Test Loss: 0.0029714 | Time: 522ms
Epoch: 028 | Loss: 0.0029456 | L2 loss: 0.0029454 | Lip loss: 0.0000002 | Grad norm: 0.196239 | Time: 41s585ms
Epoch: 028 | Test Loss: 0.0029714 | Time: 521ms
Epoch: 029 | Loss: 0.0029457 | L2 loss: 0.0029455 | Lip loss: 0.0000002 | Grad norm: 0.184955 | Time: 41s305ms
Epoch: 029 | Test Loss: 0.0029714 | Time: 526ms
Epoch: 030 | Loss: 0.0029455 | L2 loss: 0.0029453 | Lip loss: 0.0000002 | Grad norm: 0.195104 | Time: 40s778ms
Epoch: 030 | Test Loss: 0.0029714 | Time: 534ms
Epoch: 031 | Loss: 0.0029456 | L2 loss: 0.0029454 | Lip loss: 0.0000002 | Grad norm: 0.186276 | Time: 40s436ms
Epoch: 031 | Test Loss: 0.0029714 | Time: 532ms
Epoch: 032 | Loss: 0.0029459 | L2 loss: 0.0029457 | Lip loss: 0.0000002 | Grad norm: 0.190026 | Time: 41s51ms
Epoch: 032 | Test Loss: 0.0029714 | Time: 528ms
Epoch: 033 | Loss: 0.0029455 | L2 loss: 0.0029453 | Lip loss: 0.0000002 | Grad norm: 0.184525 | Time: 40s877ms
Epoch: 033 | Test Loss: 0.0029714 | Time: 542ms
Epoch: 034 | Loss: 0.0029455 | L2 loss: 0.0029453 | Lip loss: 0.0000002 | Grad norm: 0.186720 | Time: 40s442ms
Epoch: 034 | Test Loss: 0.0029714 | Time: 532ms
Epoch: 035 | Loss: 0.0029458 | L2 loss: 0.0029456 | Lip loss: 0.0000002 | Grad norm: 0.191045 | Time: 40s481ms
Epoch: 035 | Test Loss: 0.0029714 | Time: 518ms
Epoch: 036 | Loss: 0.0029455 | L2 loss: 0.0029453 | Lip loss: 0.0000002 | Grad norm: 0.188022 | Time: 40s977ms
Epoch: 036 | Test Loss: 0.0029714 | Time: 529ms
Epoch: 037 | Loss: 0.0029453 | L2 loss: 0.0029451 | Lip loss: 0.0000002 | Grad norm: 0.188251 | Time: 41s89ms
Epoch: 037 | Test Loss: 0.0029714 | Time: 596ms
Epoch: 038 | Loss: 0.0029456 | L2 loss: 0.0029454 | Lip loss: 0.0000002 | Grad norm: 0.190945 | Time: 40s863ms
Epoch: 038 | Test Loss: 0.0029714 | Time: 544ms
Epoch: 039 | Loss: 0.0029456 | L2 loss: 0.0029454 | Lip loss: 0.0000002 | Grad norm: 0.190000 | Time: 41s356ms
Epoch: 039 | Test Loss: 0.0029714 | Time: 516ms
Epoch: 040 | Loss: 0.0029456 | L2 loss: 0.0029454 | Lip loss: 0.0000002 | Grad norm: 0.186836 | Time: 40s328ms
Epoch: 040 | Test Loss: 0.0029714 | Time: 537ms
Total time: 27m33s
==> Saving trained model weights...
==> Input bias to be applied to the neural network (trained):
[0. 0.]
==> Input transform to be applied to the neural network (trained):
[1. 1.]
==> Output transform to be applied to the neural network (trained):
[1. 1.]
==> Saving training info...
==> Drawing training loss...
==> Drawing grad norm...
==> Drawing testing loss...
==> Drawing l2 loss...
==> Drawing lip loss...
==> Process finished.
