==> torch device:  cuda:1
==> Test-Train split: test_ratio = 0.20
==> Test-Train split seed:  None
==> Further split: further_train_ratio = 0.25
==> Further split seed:  None
==> Lipschitz constant: 4.00
==> Input bias to be applied to the neural network:
[0. 0. 0. 0.]
==> Input transform to be applied to the neural network:
[0.7072636  0.72212595 0.6760411  0.67349136]
==> Ouput transform to be applied to the neural network:
[0.2287 0.2871]
==> Evaluating model...
==========================================================================================
Layer (type:depth-idx)                   Output Shape              Param #
==========================================================================================
NeuralNetwork                            [1, 2]                    10
├─Sequential: 1-1                        [1, 2]                    --
│    └─SandwichFc: 2-1                   [1, 64]                   4,481
│    └─SandwichFc: 2-2                   [1, 64]                   8,321
│    └─SandwichFc: 2-3                   [1, 64]                   8,321
│    └─SandwichFc: 2-4                   [1, 64]                   8,321
│    └─SandwichFc: 2-5                   [1, 64]                   8,321
│    └─SandwichFc: 2-6                   [1, 64]                   8,321
│    └─SandwichFc: 2-7                   [1, 64]                   8,321
│    └─SandwichLin: 2-8                  [1, 2]                    135
├─Sequential: 1-2                        [1, 2]                    (recursive)
│    └─SandwichFc: 2-9                   [1, 64]                   (recursive)
│    └─SandwichFc: 2-10                  [1, 64]                   (recursive)
│    └─SandwichFc: 2-11                  [1, 64]                   (recursive)
│    └─SandwichFc: 2-12                  [1, 64]                   (recursive)
│    └─SandwichFc: 2-13                  [1, 64]                   (recursive)
│    └─SandwichFc: 2-14                  [1, 64]                   (recursive)
│    └─SandwichFc: 2-15                  [1, 64]                   (recursive)
│    └─SandwichLin: 2-16                 [1, 2]                    (recursive)
==========================================================================================
Total params: 54,552
Trainable params: 54,542
Non-trainable params: 10
Total mult-adds (Units.MEGABYTES): 0.11
==========================================================================================
Input size (MB): 0.00
Forward/backward pass size (MB): 0.01
Params size (MB): 0.22
Estimated Total Size (MB): 0.23
==========================================================================================
==> Saving initial model weights...
==> Start training...
==> Number of param_groups in optimizer: 1
Epoch: 001 | Train Loss: 0.1325642 | Grad norm: 0.128734 | Time: 4s300ms
Epoch: 001 | Test Loss: 0.1330233 | Time: 642ms
==> Save the model at epoch 001 with test loss 0.1330233
Epoch: 002 | Train Loss: 0.0177922 | Grad norm: 0.131278 | Time: 3s943ms
Epoch: 002 | Test Loss: 0.0112736 | Time: 624ms
==> Save the model at epoch 002 with test loss 0.0112736
Epoch: 003 | Train Loss: 0.0116550 | Grad norm: 0.082489 | Time: 4s133ms
Epoch: 003 | Test Loss: 0.0105840 | Time: 694ms
==> Save the model at epoch 003 with test loss 0.0105840
Epoch: 004 | Train Loss: 0.0120356 | Grad norm: 0.092738 | Time: 4s210ms
Epoch: 004 | Test Loss: 0.0107859 | Time: 654ms
Epoch: 005 | Train Loss: 0.0120756 | Grad norm: 0.088928 | Time: 4s72ms
Epoch: 005 | Test Loss: 0.0105542 | Time: 618ms
==> Save the model at epoch 005 with test loss 0.0105542
Epoch: 006 | Train Loss: 0.0117013 | Grad norm: 0.072269 | Time: 3s938ms
Epoch: 006 | Test Loss: 0.0105027 | Time: 619ms
==> Save the model at epoch 006 with test loss 0.0105027
Epoch: 007 | Train Loss: 0.0113046 | Grad norm: 0.059902 | Time: 4s24ms
Epoch: 007 | Test Loss: 0.0107285 | Time: 699ms
Epoch: 008 | Train Loss: 0.0118447 | Grad norm: 0.071962 | Time: 4s167ms
Epoch: 008 | Test Loss: 0.0107074 | Time: 627ms
Epoch: 009 | Train Loss: 0.0111406 | Grad norm: 0.046435 | Time: 4s62ms
Epoch: 009 | Test Loss: 0.0110007 | Time: 616ms
Epoch: 010 | Train Loss: 0.0114204 | Grad norm: 0.053953 | Time: 4s120ms
Epoch: 010 | Test Loss: 0.0114508 | Time: 626ms
Epoch: 011 | Train Loss: 0.0110409 | Grad norm: 0.041034 | Time: 4s103ms
Epoch: 011 | Test Loss: 0.0102101 | Time: 694ms
==> Save the model at epoch 011 with test loss 0.0102101
Epoch: 012 | Train Loss: 0.0106279 | Grad norm: 0.030078 | Time: 4s51ms
Epoch: 012 | Test Loss: 0.0103886 | Time: 625ms
Epoch: 013 | Train Loss: 0.0107515 | Grad norm: 0.035029 | Time: 4s188ms
Epoch: 013 | Test Loss: 0.0101407 | Time: 617ms
==> Save the model at epoch 013 with test loss 0.0101407
Epoch: 014 | Train Loss: 0.0106107 | Grad norm: 0.032116 | Time: 4s21ms
Epoch: 014 | Test Loss: 0.0102120 | Time: 623ms
Epoch: 015 | Train Loss: 0.0105277 | Grad norm: 0.030179 | Time: 4s133ms
Epoch: 015 | Test Loss: 0.0102969 | Time: 700ms
Epoch: 016 | Train Loss: 0.0103763 | Grad norm: 0.025163 | Time: 4s186ms
Epoch: 016 | Test Loss: 0.0097804 | Time: 622ms
==> Save the model at epoch 016 with test loss 0.0097804
Epoch: 017 | Train Loss: 0.0105957 | Grad norm: 0.031546 | Time: 4s162ms
Epoch: 017 | Test Loss: 0.0100117 | Time: 636ms
Epoch: 018 | Train Loss: 0.0102329 | Grad norm: 0.022813 | Time: 4s69ms
Epoch: 018 | Test Loss: 0.0098231 | Time: 636ms
Epoch: 019 | Train Loss: 0.0103291 | Grad norm: 0.028271 | Time: 4s101ms
Epoch: 019 | Test Loss: 0.0097938 | Time: 631ms
Epoch: 020 | Train Loss: 0.0102050 | Grad norm: 0.025774 | Time: 4s135ms
Epoch: 020 | Test Loss: 0.0098460 | Time: 658ms
Epoch: 021 | Train Loss: 0.0100993 | Grad norm: 0.025173 | Time: 4s62ms
Epoch: 021 | Test Loss: 0.0098767 | Time: 620ms
Epoch: 022 | Train Loss: 0.0100204 | Grad norm: 0.024455 | Time: 4s4ms
Epoch: 022 | Test Loss: 0.0095181 | Time: 621ms
==> Save the model at epoch 022 with test loss 0.0095181
Epoch: 023 | Train Loss: 0.0098995 | Grad norm: 0.022671 | Time: 4s42ms
Epoch: 023 | Test Loss: 0.0094602 | Time: 623ms
==> Save the model at epoch 023 with test loss 0.0094602
Epoch: 024 | Train Loss: 0.0099988 | Grad norm: 0.026476 | Time: 4s87ms
Epoch: 024 | Test Loss: 0.0094761 | Time: 626ms
Epoch: 025 | Train Loss: 0.0098326 | Grad norm: 0.022045 | Time: 3s934ms
Epoch: 025 | Test Loss: 0.0093487 | Time: 623ms
==> Save the model at epoch 025 with test loss 0.0093487
Epoch: 026 | Train Loss: 0.0098251 | Grad norm: 0.027526 | Time: 4s15ms
Epoch: 026 | Test Loss: 0.0096477 | Time: 624ms
Epoch: 027 | Train Loss: 0.0097079 | Grad norm: 0.023344 | Time: 4s141ms
Epoch: 027 | Test Loss: 0.0093492 | Time: 624ms
Epoch: 028 | Train Loss: 0.0096186 | Grad norm: 0.022529 | Time: 4s77ms
Epoch: 028 | Test Loss: 0.0092490 | Time: 628ms
==> Save the model at epoch 028 with test loss 0.0092490
Epoch: 029 | Train Loss: 0.0095927 | Grad norm: 0.024375 | Time: 4s14ms
Epoch: 029 | Test Loss: 0.0093899 | Time: 618ms
Epoch: 030 | Train Loss: 0.0094536 | Grad norm: 0.022948 | Time: 4s53ms
Epoch: 030 | Test Loss: 0.0091232 | Time: 622ms
==> Save the model at epoch 030 with test loss 0.0091232
Epoch: 031 | Train Loss: 0.0093187 | Grad norm: 0.018468 | Time: 4s143ms
Epoch: 031 | Test Loss: 0.0090591 | Time: 639ms
==> Save the model at epoch 031 with test loss 0.0090591
Epoch: 032 | Train Loss: 0.0093145 | Grad norm: 0.019498 | Time: 3s981ms
Epoch: 032 | Test Loss: 0.0091085 | Time: 627ms
Epoch: 033 | Train Loss: 0.0092834 | Grad norm: 0.020575 | Time: 3s920ms
Epoch: 033 | Test Loss: 0.0090165 | Time: 635ms
==> Save the model at epoch 033 with test loss 0.0090165
Epoch: 034 | Train Loss: 0.0091664 | Grad norm: 0.017816 | Time: 4s31ms
Epoch: 034 | Test Loss: 0.0089130 | Time: 638ms
==> Save the model at epoch 034 with test loss 0.0089130
Epoch: 035 | Train Loss: 0.0091214 | Grad norm: 0.017464 | Time: 4s120ms
Epoch: 035 | Test Loss: 0.0089084 | Time: 629ms
==> Save the model at epoch 035 with test loss 0.0089084
Epoch: 036 | Train Loss: 0.0090671 | Grad norm: 0.016489 | Time: 4s44ms
Epoch: 036 | Test Loss: 0.0088459 | Time: 636ms
==> Save the model at epoch 036 with test loss 0.0088459
Epoch: 037 | Train Loss: 0.0090486 | Grad norm: 0.017325 | Time: 3s991ms
Epoch: 037 | Test Loss: 0.0088302 | Time: 639ms
==> Save the model at epoch 037 with test loss 0.0088302
Epoch: 038 | Train Loss: 0.0090120 | Grad norm: 0.016480 | Time: 4s106ms
Epoch: 038 | Test Loss: 0.0088215 | Time: 695ms
==> Save the model at epoch 038 with test loss 0.0088215
Epoch: 039 | Train Loss: 0.0089858 | Grad norm: 0.015664 | Time: 4s18ms
Epoch: 039 | Test Loss: 0.0088070 | Time: 624ms
==> Save the model at epoch 039 with test loss 0.0088070
Epoch: 040 | Train Loss: 0.0089718 | Grad norm: 0.015999 | Time: 4s689ms
Epoch: 040 | Test Loss: 0.0088004 | Time: 633ms
==> Save the model at epoch 040 with test loss 0.0088004
Total time: 3m9s
==> Saving trained model weights...
==> Input bias to be applied to the neural network (trained):
[0. 0. 0. 0.]
==> Input transform to be applied to the neural network (trained):
[0.7072636  0.72212595 0.6760411  0.67349136]
==> Output transform to be applied to the neural network (trained):
[0.2287 0.2871]
==> Saving training info...
==> Drawing training loss...
==> Drawing grad norm...
==> Drawing testing loss...
==> Process finished.
