==> torch device:  cuda:3
==> Test-Train split: test_ratio = 0.20
==> Test-Train split seed:  None
==> Further split: further_train_ratio = 0.50
==> Further split seed:  None
==> Input bias to be applied to the neural network:
[0. 0.]
==> Input transform to be applied to the neural network:
[0.48014596 0.48395684]
==> Ouput transform to be applied to the neural network:
[2.0663 2.0805]
==> Evaluating model...
==========================================================================================
Layer (type:depth-idx)                   Output Shape              Param #
==========================================================================================
NeuralNetwork                            [1, 2]                    6
├─Sequential: 1-1                        [1, 2]                    --
│    └─Linear: 2-1                       [1, 64]                   192
│    └─ReLU: 2-2                         [1, 64]                   --
│    └─Linear: 2-3                       [1, 64]                   4,160
│    └─ReLU: 2-4                         [1, 64]                   --
│    └─Linear: 2-5                       [1, 64]                   4,160
│    └─ReLU: 2-6                         [1, 64]                   --
│    └─Linear: 2-7                       [1, 64]                   4,160
│    └─ReLU: 2-8                         [1, 64]                   --
│    └─Linear: 2-9                       [1, 64]                   4,160
│    └─ReLU: 2-10                        [1, 64]                   --
│    └─Linear: 2-11                      [1, 64]                   4,160
│    └─ReLU: 2-12                        [1, 64]                   --
│    └─Linear: 2-13                      [1, 64]                   4,160
│    └─ReLU: 2-14                        [1, 64]                   --
│    └─Linear: 2-15                      [1, 2]                    130
├─Sequential: 1-2                        [1, 2]                    (recursive)
│    └─Linear: 2-16                      [1, 64]                   (recursive)
│    └─ReLU: 2-17                        [1, 64]                   --
│    └─Linear: 2-18                      [1, 64]                   (recursive)
│    └─ReLU: 2-19                        [1, 64]                   --
│    └─Linear: 2-20                      [1, 64]                   (recursive)
│    └─ReLU: 2-21                        [1, 64]                   --
│    └─Linear: 2-22                      [1, 64]                   (recursive)
│    └─ReLU: 2-23                        [1, 64]                   --
│    └─Linear: 2-24                      [1, 64]                   (recursive)
│    └─ReLU: 2-25                        [1, 64]                   --
│    └─Linear: 2-26                      [1, 64]                   (recursive)
│    └─ReLU: 2-27                        [1, 64]                   --
│    └─Linear: 2-28                      [1, 64]                   (recursive)
│    └─ReLU: 2-29                        [1, 64]                   --
│    └─Linear: 2-30                      [1, 2]                    (recursive)
==========================================================================================
Total params: 25,288
Trainable params: 25,282
Non-trainable params: 6
Total mult-adds (Units.MEGABYTES): 0.05
==========================================================================================
Input size (MB): 0.00
Forward/backward pass size (MB): 0.01
Params size (MB): 0.10
Estimated Total Size (MB): 0.11
==========================================================================================
==> Saving initial model weights...
==> Start training...
==> Number of param_groups in optimizer: 1
Epoch: 001 | Train Loss: 8.6242758 | Grad norm: 0.314158 | Time: 3s692ms
Epoch: 001 | Test Loss: 8.5932008 | Time: 739ms
==> Save the model at epoch 001 with test loss 8.5932008
Epoch: 002 | Train Loss: 2.4395979 | Grad norm: 1.693676 | Time: 3s628ms
Epoch: 002 | Test Loss: 0.0041151 | Time: 752ms
==> Save the model at epoch 002 with test loss 0.0041151
Epoch: 003 | Train Loss: 0.0024051 | Grad norm: 0.184484 | Time: 3s452ms
Epoch: 003 | Test Loss: 0.0016854 | Time: 816ms
==> Save the model at epoch 003 with test loss 0.0016854
Epoch: 004 | Train Loss: 0.0016137 | Grad norm: 0.202297 | Time: 3s359ms
Epoch: 004 | Test Loss: 0.0014039 | Time: 759ms
==> Save the model at epoch 004 with test loss 0.0014039
Epoch: 005 | Train Loss: 0.0015103 | Grad norm: 0.233209 | Time: 3s313ms
Epoch: 005 | Test Loss: 0.0020995 | Time: 755ms
Epoch: 006 | Train Loss: 0.0015934 | Grad norm: 0.288717 | Time: 3s386ms
Epoch: 006 | Test Loss: 0.0014248 | Time: 820ms
Epoch: 007 | Train Loss: 0.0015523 | Grad norm: 0.283374 | Time: 3s425ms
Epoch: 007 | Test Loss: 0.0017101 | Time: 745ms
Epoch: 008 | Train Loss: 0.0016393 | Grad norm: 0.310057 | Time: 3s240ms
Epoch: 008 | Test Loss: 0.0015378 | Time: 752ms
Epoch: 009 | Train Loss: 0.0017568 | Grad norm: 0.334139 | Time: 3s421ms
Epoch: 009 | Test Loss: 0.0010731 | Time: 762ms
==> Save the model at epoch 009 with test loss 0.0010731
Epoch: 010 | Train Loss: 0.0015519 | Grad norm: 0.282464 | Time: 3s451ms
Epoch: 010 | Test Loss: 0.0016903 | Time: 771ms
Epoch: 011 | Train Loss: 0.0014539 | Grad norm: 0.268238 | Time: 3s256ms
Epoch: 011 | Test Loss: 0.0014553 | Time: 837ms
Epoch: 012 | Train Loss: 0.0014908 | Grad norm: 0.272491 | Time: 3s365ms
Epoch: 012 | Test Loss: 0.0018190 | Time: 741ms
Epoch: 013 | Train Loss: 0.0014674 | Grad norm: 0.268372 | Time: 3s354ms
Epoch: 013 | Test Loss: 0.0026738 | Time: 742ms
Epoch: 014 | Train Loss: 0.0014521 | Grad norm: 0.259842 | Time: 3s293ms
Epoch: 014 | Test Loss: 0.0012316 | Time: 859ms
Epoch: 015 | Train Loss: 0.0013291 | Grad norm: 0.233139 | Time: 3s125ms
Epoch: 015 | Test Loss: 0.0013754 | Time: 751ms
Epoch: 016 | Train Loss: 0.0013386 | Grad norm: 0.242783 | Time: 3s387ms
Epoch: 016 | Test Loss: 0.0010417 | Time: 867ms
==> Save the model at epoch 016 with test loss 0.0010417
Epoch: 017 | Train Loss: 0.0011623 | Grad norm: 0.192002 | Time: 3s242ms
Epoch: 017 | Test Loss: 0.0009849 | Time: 751ms
==> Save the model at epoch 017 with test loss 0.0009849
Epoch: 018 | Train Loss: 0.0015107 | Grad norm: 0.273584 | Time: 3s437ms
Epoch: 018 | Test Loss: 0.0009723 | Time: 761ms
==> Save the model at epoch 018 with test loss 0.0009723
Epoch: 019 | Train Loss: 0.0011289 | Grad norm: 0.180575 | Time: 3s346ms
Epoch: 019 | Test Loss: 0.0016214 | Time: 862ms
Epoch: 020 | Train Loss: 0.0011802 | Grad norm: 0.204303 | Time: 3s460ms
Epoch: 020 | Test Loss: 0.0021556 | Time: 821ms
Epoch: 021 | Train Loss: 0.0012040 | Grad norm: 0.214462 | Time: 3s650ms
Epoch: 021 | Test Loss: 0.0018564 | Time: 743ms
Epoch: 022 | Train Loss: 0.0010828 | Grad norm: 0.177044 | Time: 3s367ms
Epoch: 022 | Test Loss: 0.0016737 | Time: 821ms
Epoch: 023 | Train Loss: 0.0011326 | Grad norm: 0.208234 | Time: 3s312ms
Epoch: 023 | Test Loss: 0.0011111 | Time: 746ms
Epoch: 024 | Train Loss: 0.0010276 | Grad norm: 0.161485 | Time: 3s548ms
Epoch: 024 | Test Loss: 0.0011946 | Time: 754ms
Epoch: 025 | Train Loss: 0.0010424 | Grad norm: 0.169467 | Time: 3s239ms
Epoch: 025 | Test Loss: 0.0009661 | Time: 748ms
==> Save the model at epoch 025 with test loss 0.0009661
Epoch: 026 | Train Loss: 0.0009549 | Grad norm: 0.145104 | Time: 3s631ms
Epoch: 026 | Test Loss: 0.0009660 | Time: 741ms
==> Save the model at epoch 026 with test loss 0.0009660
Epoch: 027 | Train Loss: 0.0009867 | Grad norm: 0.152318 | Time: 3s425ms
Epoch: 027 | Test Loss: 0.0008924 | Time: 741ms
==> Save the model at epoch 027 with test loss 0.0008924
Epoch: 028 | Train Loss: 0.0009011 | Grad norm: 0.115194 | Time: 3s500ms
Epoch: 028 | Test Loss: 0.0008873 | Time: 741ms
==> Save the model at epoch 028 with test loss 0.0008873
Epoch: 029 | Train Loss: 0.0009594 | Grad norm: 0.148336 | Time: 3s587ms
Epoch: 029 | Test Loss: 0.0007873 | Time: 762ms
==> Save the model at epoch 029 with test loss 0.0007873
Epoch: 030 | Train Loss: 0.0008814 | Grad norm: 0.112534 | Time: 3s313ms
Epoch: 030 | Test Loss: 0.0009408 | Time: 856ms
Epoch: 031 | Train Loss: 0.0008674 | Grad norm: 0.106888 | Time: 3s428ms
Epoch: 031 | Test Loss: 0.0008849 | Time: 763ms
Epoch: 032 | Train Loss: 0.0008699 | Grad norm: 0.104628 | Time: 3s445ms
Epoch: 032 | Test Loss: 0.0008314 | Time: 750ms
Epoch: 033 | Train Loss: 0.0008291 | Grad norm: 0.086540 | Time: 3s495ms
Epoch: 033 | Test Loss: 0.0008326 | Time: 774ms
Epoch: 034 | Train Loss: 0.0008342 | Grad norm: 0.090421 | Time: 3s507ms
Epoch: 034 | Test Loss: 0.0008293 | Time: 766ms
Epoch: 035 | Train Loss: 0.0008127 | Grad norm: 0.075411 | Time: 3s494ms
Epoch: 035 | Test Loss: 0.0007970 | Time: 747ms
Epoch: 036 | Train Loss: 0.0008071 | Grad norm: 0.071665 | Time: 3s521ms
Epoch: 036 | Test Loss: 0.0008182 | Time: 764ms
Epoch: 037 | Train Loss: 0.0007922 | Grad norm: 0.062559 | Time: 3s517ms
Epoch: 037 | Test Loss: 0.0007875 | Time: 749ms
Epoch: 038 | Train Loss: 0.0007868 | Grad norm: 0.053747 | Time: 3s329ms
Epoch: 038 | Test Loss: 0.0008016 | Time: 832ms
Epoch: 039 | Train Loss: 0.0007834 | Grad norm: 0.045462 | Time: 3s208ms
Epoch: 039 | Test Loss: 0.0007729 | Time: 797ms
==> Save the model at epoch 039 with test loss 0.0007729
Epoch: 040 | Train Loss: 0.0007788 | Grad norm: 0.043957 | Time: 3s248ms
Epoch: 040 | Test Loss: 0.0007716 | Time: 760ms
==> Save the model at epoch 040 with test loss 0.0007716
Total time: 2m47s
==> Saving trained model weights...
==> Input bias to be applied to the neural network (trained):
[0. 0.]
==> Input transform to be applied to the neural network (trained):
[0.48014596 0.48395684]
==> Output transform to be applied to the neural network (trained):
[2.0663 2.0805]
==> Saving training info...
==> Drawing training loss...
==> Drawing grad norm...
==> Drawing testing loss...
==> Process finished.
