==> torch device:  cuda:1
==> Test-Train split: test_ratio = 0.20
==> Test-Train split seed:  None
==> Further split: further_train_ratio = 0.50
==> Further split seed:  None
==> Lipschitz constant: 1.00
==> Input bias to be applied to the neural network:
[0. 0. 0. 0.]
==> Input transform to be applied to the neural network:
[0.7072636  0.72212595 0.6760411  0.67349136]
==> Ouput transform to be applied to the neural network:
[0.2287 0.2871]
==> Evaluating model...
==========================================================================================
Layer (type:depth-idx)                   Output Shape              Param #
==========================================================================================
NeuralNetwork                            [1, 2]                    10
├─Sequential: 1-1                        [1, 2]                    --
│    └─SandwichFc: 2-1                   [1, 64]                   4,481
│    └─SandwichFc: 2-2                   [1, 64]                   8,321
│    └─SandwichFc: 2-3                   [1, 64]                   8,321
│    └─SandwichFc: 2-4                   [1, 64]                   8,321
│    └─SandwichFc: 2-5                   [1, 64]                   8,321
│    └─SandwichFc: 2-6                   [1, 64]                   8,321
│    └─SandwichFc: 2-7                   [1, 64]                   8,321
│    └─SandwichLin: 2-8                  [1, 2]                    135
├─Sequential: 1-2                        [1, 2]                    (recursive)
│    └─SandwichFc: 2-9                   [1, 64]                   (recursive)
│    └─SandwichFc: 2-10                  [1, 64]                   (recursive)
│    └─SandwichFc: 2-11                  [1, 64]                   (recursive)
│    └─SandwichFc: 2-12                  [1, 64]                   (recursive)
│    └─SandwichFc: 2-13                  [1, 64]                   (recursive)
│    └─SandwichFc: 2-14                  [1, 64]                   (recursive)
│    └─SandwichFc: 2-15                  [1, 64]                   (recursive)
│    └─SandwichLin: 2-16                 [1, 2]                    (recursive)
==========================================================================================
Total params: 54,552
Trainable params: 54,542
Non-trainable params: 10
Total mult-adds (Units.MEGABYTES): 0.11
==========================================================================================
Input size (MB): 0.00
Forward/backward pass size (MB): 0.01
Params size (MB): 0.22
Estimated Total Size (MB): 0.23
==========================================================================================
==> Saving initial model weights...
==> Start training...
==> Number of param_groups in optimizer: 1
Epoch: 001 | Train Loss: 0.1346107 | Grad norm: 0.032057 | Time: 8s532ms
Epoch: 001 | Test Loss: 0.1348070 | Time: 624ms
==> Save the model at epoch 001 with test loss 0.1348070
Epoch: 002 | Train Loss: 0.0217742 | Grad norm: 0.056949 | Time: 8s394ms
Epoch: 002 | Test Loss: 0.0113654 | Time: 689ms
==> Save the model at epoch 002 with test loss 0.0113654
Epoch: 003 | Train Loss: 0.0118924 | Grad norm: 0.058629 | Time: 8s408ms
Epoch: 003 | Test Loss: 0.0119743 | Time: 605ms
Epoch: 004 | Train Loss: 0.0116937 | Grad norm: 0.048298 | Time: 8s851ms
Epoch: 004 | Test Loss: 0.0109369 | Time: 652ms
==> Save the model at epoch 004 with test loss 0.0109369
Epoch: 005 | Train Loss: 0.0117769 | Grad norm: 0.049579 | Time: 8s621ms
Epoch: 005 | Test Loss: 0.0107293 | Time: 618ms
==> Save the model at epoch 005 with test loss 0.0107293
Epoch: 006 | Train Loss: 0.0113987 | Grad norm: 0.031385 | Time: 8s295ms
Epoch: 006 | Test Loss: 0.0109389 | Time: 615ms
Epoch: 007 | Train Loss: 0.0114648 | Grad norm: 0.031557 | Time: 8s577ms
Epoch: 007 | Test Loss: 0.0108249 | Time: 610ms
Epoch: 008 | Train Loss: 0.0115330 | Grad norm: 0.032364 | Time: 8s461ms
Epoch: 008 | Test Loss: 0.0108654 | Time: 608ms
Epoch: 009 | Train Loss: 0.0114072 | Grad norm: 0.025079 | Time: 8s508ms
Epoch: 009 | Test Loss: 0.0109729 | Time: 610ms
Epoch: 010 | Train Loss: 0.0113525 | Grad norm: 0.020431 | Time: 8s679ms
Epoch: 010 | Test Loss: 0.0107219 | Time: 676ms
==> Save the model at epoch 010 with test loss 0.0107219
Epoch: 011 | Train Loss: 0.0113046 | Grad norm: 0.018071 | Time: 8s512ms
Epoch: 011 | Test Loss: 0.0107832 | Time: 619ms
Epoch: 012 | Train Loss: 0.0111824 | Grad norm: 0.012261 | Time: 8s558ms
Epoch: 012 | Test Loss: 0.0107015 | Time: 620ms
==> Save the model at epoch 012 with test loss 0.0107015
Epoch: 013 | Train Loss: 0.0112101 | Grad norm: 0.013290 | Time: 8s196ms
Epoch: 013 | Test Loss: 0.0110549 | Time: 611ms
Epoch: 014 | Train Loss: 0.0112056 | Grad norm: 0.013588 | Time: 8s185ms
Epoch: 014 | Test Loss: 0.0106873 | Time: 609ms
==> Save the model at epoch 014 with test loss 0.0106873
Epoch: 015 | Train Loss: 0.0111845 | Grad norm: 0.010514 | Time: 8s755ms
Epoch: 015 | Test Loss: 0.0106492 | Time: 768ms
==> Save the model at epoch 015 with test loss 0.0106492
Epoch: 016 | Train Loss: 0.0112090 | Grad norm: 0.011161 | Time: 8s151ms
Epoch: 016 | Test Loss: 0.0107091 | Time: 629ms
Epoch: 017 | Train Loss: 0.0111564 | Grad norm: 0.009658 | Time: 8s571ms
Epoch: 017 | Test Loss: 0.0107098 | Time: 610ms
Epoch: 018 | Train Loss: 0.0111311 | Grad norm: 0.009025 | Time: 8s375ms
Epoch: 018 | Test Loss: 0.0106738 | Time: 611ms
Epoch: 019 | Train Loss: 0.0111736 | Grad norm: 0.010560 | Time: 8s172ms
Epoch: 019 | Test Loss: 0.0106785 | Time: 622ms
Epoch: 020 | Train Loss: 0.0111431 | Grad norm: 0.007841 | Time: 8s384ms
Epoch: 020 | Test Loss: 0.0106525 | Time: 618ms
Epoch: 021 | Train Loss: 0.0111210 | Grad norm: 0.006437 | Time: 8s456ms
Epoch: 021 | Test Loss: 0.0106776 | Time: 672ms
Epoch: 022 | Train Loss: 0.0111148 | Grad norm: 0.008088 | Time: 8s681ms
Epoch: 022 | Test Loss: 0.0106408 | Time: 616ms
==> Save the model at epoch 022 with test loss 0.0106408
Epoch: 023 | Train Loss: 0.0110768 | Grad norm: 0.006515 | Time: 8s130ms
Epoch: 023 | Test Loss: 0.0106622 | Time: 708ms
Epoch: 024 | Train Loss: 0.0110800 | Grad norm: 0.006161 | Time: 8s372ms
Epoch: 024 | Test Loss: 0.0106193 | Time: 615ms
==> Save the model at epoch 024 with test loss 0.0106193
Epoch: 025 | Train Loss: 0.0111226 | Grad norm: 0.007002 | Time: 8s662ms
Epoch: 025 | Test Loss: 0.0106817 | Time: 637ms
Epoch: 026 | Train Loss: 0.0110793 | Grad norm: 0.005894 | Time: 8s375ms
Epoch: 026 | Test Loss: 0.0106506 | Time: 670ms
Epoch: 027 | Train Loss: 0.0111001 | Grad norm: 0.006460 | Time: 8s509ms
Epoch: 027 | Test Loss: 0.0106472 | Time: 612ms
Epoch: 028 | Train Loss: 0.0110601 | Grad norm: 0.004872 | Time: 8s596ms
Epoch: 028 | Test Loss: 0.0106629 | Time: 682ms
Epoch: 029 | Train Loss: 0.0111103 | Grad norm: 0.005065 | Time: 8s310ms
Epoch: 029 | Test Loss: 0.0107730 | Time: 609ms
Epoch: 030 | Train Loss: 0.0110939 | Grad norm: 0.005169 | Time: 8s534ms
Epoch: 030 | Test Loss: 0.0106347 | Time: 613ms
Epoch: 031 | Train Loss: 0.0110480 | Grad norm: 0.004677 | Time: 8s332ms
Epoch: 031 | Test Loss: 0.0106254 | Time: 610ms
Epoch: 032 | Train Loss: 0.0110687 | Grad norm: 0.004805 | Time: 8s288ms
Epoch: 032 | Test Loss: 0.0106077 | Time: 609ms
==> Save the model at epoch 032 with test loss 0.0106077
Epoch: 033 | Train Loss: 0.0110298 | Grad norm: 0.004507 | Time: 8s157ms
Epoch: 033 | Test Loss: 0.0105966 | Time: 625ms
==> Save the model at epoch 033 with test loss 0.0105966
Epoch: 034 | Train Loss: 0.0110799 | Grad norm: 0.004501 | Time: 8s693ms
Epoch: 034 | Test Loss: 0.0106489 | Time: 606ms
Epoch: 035 | Train Loss: 0.0110278 | Grad norm: 0.004185 | Time: 8s440ms
Epoch: 035 | Test Loss: 0.0106010 | Time: 610ms
Epoch: 036 | Train Loss: 0.0110286 | Grad norm: 0.004218 | Time: 8s703ms
Epoch: 036 | Test Loss: 0.0106001 | Time: 681ms
Epoch: 037 | Train Loss: 0.0110171 | Grad norm: 0.003859 | Time: 8s661ms
Epoch: 037 | Test Loss: 0.0105963 | Time: 610ms
==> Save the model at epoch 037 with test loss 0.0105963
Epoch: 038 | Train Loss: 0.0110194 | Grad norm: 0.003803 | Time: 8s438ms
Epoch: 038 | Test Loss: 0.0106013 | Time: 611ms
Epoch: 039 | Train Loss: 0.0110148 | Grad norm: 0.003724 | Time: 8s385ms
Epoch: 039 | Test Loss: 0.0105960 | Time: 637ms
==> Save the model at epoch 039 with test loss 0.0105960
Epoch: 040 | Train Loss: 0.0110088 | Grad norm: 0.003524 | Time: 8s664ms
Epoch: 040 | Test Loss: 0.0105957 | Time: 614ms
==> Save the model at epoch 040 with test loss 0.0105957
Total time: 6m3s
==> Saving trained model weights...
==> Input bias to be applied to the neural network (trained):
[0. 0. 0. 0.]
==> Input transform to be applied to the neural network (trained):
[0.7072636  0.72212595 0.6760411  0.67349136]
==> Output transform to be applied to the neural network (trained):
[0.2287 0.2871]
==> Saving training info...
==> Drawing training loss...
==> Drawing grad norm...
==> Drawing testing loss...
==> Process finished.
