==> torch device:  cuda:2
==> Test-Train split: test_ratio = 0.20
==> Test-Train split seed:  None
==> Further split: further_train_ratio = 1.00
==> Further split seed:  None
==> Input bias to be applied to the neural network:
[0. 0. 0. 0.]
==> Input transform to be applied to the neural network:
[1. 1. 1. 1.]
==> Ouput transform to be applied to the neural network:
[1. 1.]
==> Evaluating model...
==========================================================================================
Layer (type:depth-idx)                   Output Shape              Param #
==========================================================================================
NeuralNetwork                            [1, 2]                    10
├─Sequential: 1-1                        [1, 2]                    --
│    └─Linear: 2-1                       [1, 64]                   320
│    └─LeakyReLU: 2-2                    [1, 64]                   --
│    └─Linear: 2-3                       [1, 64]                   4,160
│    └─LeakyReLU: 2-4                    [1, 64]                   --
│    └─Linear: 2-5                       [1, 64]                   4,160
│    └─LeakyReLU: 2-6                    [1, 64]                   --
│    └─Linear: 2-7                       [1, 64]                   4,160
│    └─LeakyReLU: 2-8                    [1, 64]                   --
│    └─Linear: 2-9                       [1, 64]                   4,160
│    └─LeakyReLU: 2-10                   [1, 64]                   --
│    └─Linear: 2-11                      [1, 64]                   4,160
│    └─LeakyReLU: 2-12                   [1, 64]                   --
│    └─Linear: 2-13                      [1, 64]                   4,160
│    └─LeakyReLU: 2-14                   [1, 64]                   --
│    └─Linear: 2-15                      [1, 2]                    130
==========================================================================================
Total params: 25,420
Trainable params: 25,410
Non-trainable params: 10
Total mult-adds (Units.MEGABYTES): 0.03
==========================================================================================
Input size (MB): 0.00
Forward/backward pass size (MB): 0.00
Params size (MB): 0.10
Estimated Total Size (MB): 0.11
==========================================================================================
==> Saving initial model weights...
==> Start training...
Epoch: 001 | Loss: 0.0039436 | L2 loss: 0.0039435 | Lip loss: 0.0000001 | Grad norm: 0.022286 | Time: 34s365ms
Epoch: 001 | Test Loss: 0.0028516 | Time: 501ms
==> Save the model at epoch 001 with test loss 0.0028516
Epoch: 002 | Loss: 0.0028120 | L2 loss: 0.0028118 | Lip loss: 0.0000002 | Grad norm: 0.016244 | Time: 34s713ms
Epoch: 002 | Test Loss: 0.0027551 | Time: 499ms
==> Save the model at epoch 002 with test loss 0.0027551
Epoch: 003 | Loss: 0.0027963 | L2 loss: 0.0027961 | Lip loss: 0.0000002 | Grad norm: 0.014858 | Time: 33s606ms
Epoch: 003 | Test Loss: 0.0028144 | Time: 499ms
Epoch: 004 | Loss: 0.0027871 | L2 loss: 0.0027869 | Lip loss: 0.0000002 | Grad norm: 0.014080 | Time: 33s436ms
Epoch: 004 | Test Loss: 0.0027583 | Time: 513ms
Epoch: 005 | Loss: 0.0027927 | L2 loss: 0.0027925 | Lip loss: 0.0000002 | Grad norm: 0.014975 | Time: 33s821ms
Epoch: 005 | Test Loss: 0.0027476 | Time: 518ms
==> Save the model at epoch 005 with test loss 0.0027476
Epoch: 006 | Loss: 0.0027367 | L2 loss: 0.0027365 | Lip loss: 0.0000002 | Grad norm: 0.008389 | Time: 34s815ms
Epoch: 006 | Test Loss: 0.0027123 | Time: 590ms
==> Save the model at epoch 006 with test loss 0.0027123
Epoch: 007 | Loss: 0.0027341 | L2 loss: 0.0027339 | Lip loss: 0.0000002 | Grad norm: 0.008875 | Time: 33s801ms
Epoch: 007 | Test Loss: 0.0027170 | Time: 571ms
Epoch: 008 | Loss: 0.0027327 | L2 loss: 0.0027325 | Lip loss: 0.0000002 | Grad norm: 0.009053 | Time: 33s400ms
Epoch: 008 | Test Loss: 0.0027130 | Time: 513ms
Epoch: 009 | Loss: 0.0027323 | L2 loss: 0.0027322 | Lip loss: 0.0000002 | Grad norm: 0.009267 | Time: 34s644ms
Epoch: 009 | Test Loss: 0.0027109 | Time: 497ms
==> Save the model at epoch 009 with test loss 0.0027109
Epoch: 010 | Loss: 0.0027308 | L2 loss: 0.0027306 | Lip loss: 0.0000002 | Grad norm: 0.008954 | Time: 34s999ms
Epoch: 010 | Test Loss: 0.0027118 | Time: 509ms
Epoch: 011 | Loss: 0.0027246 | L2 loss: 0.0027244 | Lip loss: 0.0000002 | Grad norm: 0.008197 | Time: 34s794ms
Epoch: 011 | Test Loss: 0.0027074 | Time: 509ms
==> Save the model at epoch 011 with test loss 0.0027074
Epoch: 012 | Loss: 0.0027236 | L2 loss: 0.0027235 | Lip loss: 0.0000002 | Grad norm: 0.008218 | Time: 34s896ms
Epoch: 012 | Test Loss: 0.0027080 | Time: 502ms
Epoch: 013 | Loss: 0.0027237 | L2 loss: 0.0027235 | Lip loss: 0.0000002 | Grad norm: 0.008046 | Time: 33s848ms
Epoch: 013 | Test Loss: 0.0027078 | Time: 501ms
Epoch: 014 | Loss: 0.0027236 | L2 loss: 0.0027234 | Lip loss: 0.0000002 | Grad norm: 0.008314 | Time: 35s211ms
Epoch: 014 | Test Loss: 0.0027072 | Time: 503ms
==> Save the model at epoch 014 with test loss 0.0027072
Epoch: 015 | Loss: 0.0027235 | L2 loss: 0.0027233 | Lip loss: 0.0000002 | Grad norm: 0.008534 | Time: 34s345ms
Epoch: 015 | Test Loss: 0.0027073 | Time: 577ms
Epoch: 016 | Loss: 0.0027226 | L2 loss: 0.0027224 | Lip loss: 0.0000002 | Grad norm: 0.008250 | Time: 35s365ms
Epoch: 016 | Test Loss: 0.0027071 | Time: 573ms
==> Save the model at epoch 016 with test loss 0.0027071
Epoch: 017 | Loss: 0.0027225 | L2 loss: 0.0027223 | Lip loss: 0.0000002 | Grad norm: 0.008243 | Time: 35s666ms
Epoch: 017 | Test Loss: 0.0027070 | Time: 507ms
==> Save the model at epoch 017 with test loss 0.0027070
Epoch: 018 | Loss: 0.0027225 | L2 loss: 0.0027223 | Lip loss: 0.0000002 | Grad norm: 0.008127 | Time: 34s546ms
Epoch: 018 | Test Loss: 0.0027070 | Time: 507ms
==> Save the model at epoch 018 with test loss 0.0027070
Epoch: 019 | Loss: 0.0027225 | L2 loss: 0.0027223 | Lip loss: 0.0000002 | Grad norm: 0.008179 | Time: 34s556ms
Epoch: 019 | Test Loss: 0.0027069 | Time: 500ms
==> Save the model at epoch 019 with test loss 0.0027069
Epoch: 020 | Loss: 0.0027225 | L2 loss: 0.0027223 | Lip loss: 0.0000002 | Grad norm: 0.008517 | Time: 34s314ms
Epoch: 020 | Test Loss: 0.0027069 | Time: 504ms
Epoch: 021 | Loss: 0.0027223 | L2 loss: 0.0027221 | Lip loss: 0.0000002 | Grad norm: 0.008255 | Time: 34s213ms
Epoch: 021 | Test Loss: 0.0027069 | Time: 504ms
Epoch: 022 | Loss: 0.0027223 | L2 loss: 0.0027221 | Lip loss: 0.0000002 | Grad norm: 0.008201 | Time: 34s130ms
Epoch: 022 | Test Loss: 0.0027069 | Time: 504ms
Epoch: 023 | Loss: 0.0027223 | L2 loss: 0.0027221 | Lip loss: 0.0000002 | Grad norm: 0.008035 | Time: 34s356ms
Epoch: 023 | Test Loss: 0.0027069 | Time: 497ms
Epoch: 024 | Loss: 0.0027223 | L2 loss: 0.0027221 | Lip loss: 0.0000002 | Grad norm: 0.008191 | Time: 34s716ms
Epoch: 024 | Test Loss: 0.0027069 | Time: 568ms
Epoch: 025 | Loss: 0.0027223 | L2 loss: 0.0027221 | Lip loss: 0.0000002 | Grad norm: 0.008000 | Time: 34s858ms
Epoch: 025 | Test Loss: 0.0027069 | Time: 572ms
Epoch: 026 | Loss: 0.0027223 | L2 loss: 0.0027221 | Lip loss: 0.0000002 | Grad norm: 0.008123 | Time: 34s529ms
Epoch: 026 | Test Loss: 0.0027069 | Time: 503ms
Epoch: 027 | Loss: 0.0027223 | L2 loss: 0.0027221 | Lip loss: 0.0000002 | Grad norm: 0.008481 | Time: 34s363ms
Epoch: 027 | Test Loss: 0.0027069 | Time: 499ms
Epoch: 028 | Loss: 0.0027223 | L2 loss: 0.0027221 | Lip loss: 0.0000002 | Grad norm: 0.008153 | Time: 34s270ms
Epoch: 028 | Test Loss: 0.0027069 | Time: 550ms
Epoch: 029 | Loss: 0.0027223 | L2 loss: 0.0027221 | Lip loss: 0.0000002 | Grad norm: 0.008301 | Time: 35s83ms
Epoch: 029 | Test Loss: 0.0027069 | Time: 505ms
Epoch: 030 | Loss: 0.0027223 | L2 loss: 0.0027221 | Lip loss: 0.0000002 | Grad norm: 0.008119 | Time: 34s936ms
Epoch: 030 | Test Loss: 0.0027069 | Time: 504ms
Epoch: 031 | Loss: 0.0027223 | L2 loss: 0.0027221 | Lip loss: 0.0000002 | Grad norm: 0.008249 | Time: 34s3ms
Epoch: 031 | Test Loss: 0.0027069 | Time: 504ms
Epoch: 032 | Loss: 0.0027223 | L2 loss: 0.0027221 | Lip loss: 0.0000002 | Grad norm: 0.007966 | Time: 34s290ms
Epoch: 032 | Test Loss: 0.0027069 | Time: 575ms
Epoch: 033 | Loss: 0.0027223 | L2 loss: 0.0027221 | Lip loss: 0.0000002 | Grad norm: 0.008165 | Time: 33s758ms
Epoch: 033 | Test Loss: 0.0027069 | Time: 504ms
Epoch: 034 | Loss: 0.0027223 | L2 loss: 0.0027221 | Lip loss: 0.0000002 | Grad norm: 0.008235 | Time: 34s719ms
Epoch: 034 | Test Loss: 0.0027069 | Time: 567ms
Epoch: 035 | Loss: 0.0027223 | L2 loss: 0.0027221 | Lip loss: 0.0000002 | Grad norm: 0.008509 | Time: 33s949ms
Epoch: 035 | Test Loss: 0.0027069 | Time: 575ms
Epoch: 036 | Loss: 0.0027223 | L2 loss: 0.0027221 | Lip loss: 0.0000002 | Grad norm: 0.008462 | Time: 34s548ms
Epoch: 036 | Test Loss: 0.0027069 | Time: 517ms
Epoch: 037 | Loss: 0.0027223 | L2 loss: 0.0027221 | Lip loss: 0.0000002 | Grad norm: 0.007973 | Time: 34s684ms
Epoch: 037 | Test Loss: 0.0027069 | Time: 505ms
Epoch: 038 | Loss: 0.0027223 | L2 loss: 0.0027221 | Lip loss: 0.0000002 | Grad norm: 0.008112 | Time: 34s294ms
Epoch: 038 | Test Loss: 0.0027069 | Time: 524ms
Epoch: 039 | Loss: 0.0027223 | L2 loss: 0.0027221 | Lip loss: 0.0000002 | Grad norm: 0.008082 | Time: 34s479ms
Epoch: 039 | Test Loss: 0.0027069 | Time: 520ms
Epoch: 040 | Loss: 0.0027223 | L2 loss: 0.0027221 | Lip loss: 0.0000002 | Grad norm: 0.008044 | Time: 35s228ms
Epoch: 040 | Test Loss: 0.0027069 | Time: 500ms
Total time: 23m19s
==> Saving trained model weights...
==> Input bias to be applied to the neural network (trained):
[0. 0. 0. 0.]
==> Input transform to be applied to the neural network (trained):
[1. 1. 1. 1.]
==> Output transform to be applied to the neural network (trained):
[1. 1.]
==> Saving training info...
==> Drawing training loss...
==> Drawing grad norm...
==> Drawing testing loss...
==> Drawing l2 loss...
==> Drawing lip loss...
==> Process finished.
