==> torch device:  cuda:2
==> Test-Train split: test_ratio = 0.20
==> Test-Train split seed:  None
==> Further split: further_train_ratio = 1.00
==> Further split seed:  None
==> Lipschitz constant: 0.50
==> Input bias to be applied to the neural network:
[0. 0.]
==> Input transform to be applied to the neural network:
[0.5576312  0.56041247]
==> Ouput transform to be applied to the neural network:
[1.7847 1.7916]
==> Evaluating model...
==========================================================================================
Layer (type:depth-idx)                   Output Shape              Param #
==========================================================================================
NeuralNetwork                            [1, 2]                    6
├─Sequential: 1-1                        [1, 2]                    --
│    └─SandwichFc: 2-1                   [1, 64]                   4,353
│    └─SandwichFc: 2-2                   [1, 64]                   8,321
│    └─SandwichFc: 2-3                   [1, 64]                   8,321
│    └─SandwichFc: 2-4                   [1, 64]                   8,321
│    └─SandwichFc: 2-5                   [1, 64]                   8,321
│    └─SandwichFc: 2-6                   [1, 64]                   8,321
│    └─SandwichFc: 2-7                   [1, 64]                   8,321
│    └─SandwichLin: 2-8                  [1, 2]                    135
├─Sequential: 1-2                        [1, 2]                    (recursive)
│    └─SandwichFc: 2-9                   [1, 64]                   (recursive)
│    └─SandwichFc: 2-10                  [1, 64]                   (recursive)
│    └─SandwichFc: 2-11                  [1, 64]                   (recursive)
│    └─SandwichFc: 2-12                  [1, 64]                   (recursive)
│    └─SandwichFc: 2-13                  [1, 64]                   (recursive)
│    └─SandwichFc: 2-14                  [1, 64]                   (recursive)
│    └─SandwichFc: 2-15                  [1, 64]                   (recursive)
│    └─SandwichLin: 2-16                 [1, 2]                    (recursive)
==========================================================================================
Total params: 54,420
Trainable params: 54,414
Non-trainable params: 6
Total mult-adds (Units.MEGABYTES): 0.11
==========================================================================================
Input size (MB): 0.00
Forward/backward pass size (MB): 0.01
Params size (MB): 0.22
Estimated Total Size (MB): 0.22
==========================================================================================
==> Saving initial model weights...
==> Start training...
==> Number of param_groups in optimizer: 1
Epoch: 001 | Train Loss: 6.3994684 | Grad norm: 0.953943 | Time: 27s863ms
Epoch: 001 | Test Loss: 6.4063466 | Time: 913ms
==> Save the model at epoch 001 with test loss 6.4063466
Epoch: 002 | Train Loss: 2.8556761 | Grad norm: 1.727926 | Time: 27s381ms
Epoch: 002 | Test Loss: 2.2146126 | Time: 910ms
==> Save the model at epoch 002 with test loss 2.2146126
Epoch: 003 | Train Loss: 1.8566108 | Grad norm: 0.940643 | Time: 27s997ms
Epoch: 003 | Test Loss: 1.6823458 | Time: 913ms
==> Save the model at epoch 003 with test loss 1.6823458
Epoch: 004 | Train Loss: 1.6424893 | Grad norm: 0.616152 | Time: 27s855ms
Epoch: 004 | Test Loss: 1.6230328 | Time: 913ms
==> Save the model at epoch 004 with test loss 1.6230328
Epoch: 005 | Train Loss: 1.6158477 | Grad norm: 0.640820 | Time: 28s361ms
Epoch: 005 | Test Loss: 1.6109009 | Time: 910ms
==> Save the model at epoch 005 with test loss 1.6109009
Epoch: 006 | Train Loss: 1.6174015 | Grad norm: 1.223423 | Time: 27s776ms
Epoch: 006 | Test Loss: 1.6095940 | Time: 913ms
==> Save the model at epoch 006 with test loss 1.6095940
Epoch: 007 | Train Loss: 1.6104577 | Grad norm: 0.480220 | Time: 27s944ms
Epoch: 007 | Test Loss: 1.6112214 | Time: 913ms
Epoch: 008 | Train Loss: 1.6121286 | Grad norm: 0.682466 | Time: 27s991ms
Epoch: 008 | Test Loss: 1.6098182 | Time: 925ms
Epoch: 009 | Train Loss: 1.6117434 | Grad norm: 0.536814 | Time: 27s634ms
Epoch: 009 | Test Loss: 1.6090786 | Time: 934ms
==> Save the model at epoch 009 with test loss 1.6090786
Epoch: 010 | Train Loss: 1.6102415 | Grad norm: 0.401575 | Time: 27s938ms
Epoch: 010 | Test Loss: 1.6109161 | Time: 909ms
Epoch: 011 | Train Loss: 1.6101965 | Grad norm: 0.393243 | Time: 27s639ms
Epoch: 011 | Test Loss: 1.6114758 | Time: 924ms
Epoch: 012 | Train Loss: 1.6106725 | Grad norm: 0.385771 | Time: 27s608ms
Epoch: 012 | Test Loss: 1.6098994 | Time: 1s3ms
Epoch: 013 | Train Loss: 1.6097992 | Grad norm: 0.297243 | Time: 27s235ms
Epoch: 013 | Test Loss: 1.6104822 | Time: 1s2ms
Epoch: 014 | Train Loss: 1.6096433 | Grad norm: 0.248183 | Time: 27s453ms
Epoch: 014 | Test Loss: 1.6091333 | Time: 993ms
Epoch: 015 | Train Loss: 1.6101043 | Grad norm: 0.332354 | Time: 28s272ms
Epoch: 015 | Test Loss: 1.6093081 | Time: 915ms
Epoch: 016 | Train Loss: 1.6096971 | Grad norm: 0.249293 | Time: 28s799ms
Epoch: 016 | Test Loss: 1.6095260 | Time: 927ms
Epoch: 017 | Train Loss: 1.6097780 | Grad norm: 0.255202 | Time: 27s683ms
Epoch: 017 | Test Loss: 1.6094060 | Time: 924ms
Epoch: 018 | Train Loss: 1.6097417 | Grad norm: 0.247160 | Time: 27s751ms
Epoch: 018 | Test Loss: 1.6090964 | Time: 908ms
Epoch: 019 | Train Loss: 1.6095619 | Grad norm: 0.208165 | Time: 27s343ms
Epoch: 019 | Test Loss: 1.6095018 | Time: 917ms
Epoch: 020 | Train Loss: 1.6096106 | Grad norm: 0.211542 | Time: 28s15ms
Epoch: 020 | Test Loss: 1.6102968 | Time: 917ms
Epoch: 021 | Train Loss: 1.6096543 | Grad norm: 0.221588 | Time: 27s27ms
Epoch: 021 | Test Loss: 1.6091690 | Time: 918ms
Epoch: 022 | Train Loss: 1.6095867 | Grad norm: 0.205222 | Time: 27s277ms
Epoch: 022 | Test Loss: 1.6090467 | Time: 909ms
==> Save the model at epoch 022 with test loss 1.6090467
Epoch: 023 | Train Loss: 1.6099978 | Grad norm: 0.210906 | Time: 27s115ms
Epoch: 023 | Test Loss: 1.6094058 | Time: 906ms
Epoch: 024 | Train Loss: 1.6094727 | Grad norm: 0.182801 | Time: 26s638ms
Epoch: 024 | Test Loss: 1.6096411 | Time: 912ms
Epoch: 025 | Train Loss: 1.6094880 | Grad norm: 0.185309 | Time: 27s874ms
Epoch: 025 | Test Loss: 1.6095340 | Time: 920ms
Epoch: 026 | Train Loss: 1.6094041 | Grad norm: 0.157393 | Time: 27s601ms
Epoch: 026 | Test Loss: 1.6090399 | Time: 917ms
==> Save the model at epoch 026 with test loss 1.6090399
Epoch: 027 | Train Loss: 1.6093843 | Grad norm: 0.143061 | Time: 27s762ms
Epoch: 027 | Test Loss: 1.6095181 | Time: 995ms
Epoch: 028 | Train Loss: 1.6093838 | Grad norm: 0.144423 | Time: 28s94ms
Epoch: 028 | Test Loss: 1.6091263 | Time: 981ms
Epoch: 029 | Train Loss: 1.6093368 | Grad norm: 0.131436 | Time: 28s272ms
Epoch: 029 | Test Loss: 1.6090392 | Time: 985ms
==> Save the model at epoch 029 with test loss 1.6090392
Epoch: 030 | Train Loss: 1.6092950 | Grad norm: 0.114732 | Time: 27s803ms
Epoch: 030 | Test Loss: 1.6092553 | Time: 912ms
Epoch: 031 | Train Loss: 1.6092934 | Grad norm: 0.114423 | Time: 28s382ms
Epoch: 031 | Test Loss: 1.6090905 | Time: 917ms
Epoch: 032 | Train Loss: 1.6092844 | Grad norm: 0.112907 | Time: 27s999ms
Epoch: 032 | Test Loss: 1.6092325 | Time: 916ms
Epoch: 033 | Train Loss: 1.6092454 | Grad norm: 0.092978 | Time: 28s409ms
Epoch: 033 | Test Loss: 1.6091179 | Time: 920ms
Epoch: 034 | Train Loss: 1.6092576 | Grad norm: 0.098198 | Time: 27s558ms
Epoch: 034 | Test Loss: 1.6090413 | Time: 913ms
Epoch: 035 | Train Loss: 1.6092170 | Grad norm: 0.082011 | Time: 27s845ms
Epoch: 035 | Test Loss: 1.6090297 | Time: 934ms
==> Save the model at epoch 035 with test loss 1.6090297
Epoch: 036 | Train Loss: 1.6092080 | Grad norm: 0.078224 | Time: 27s603ms
Epoch: 036 | Test Loss: 1.6090926 | Time: 928ms
Epoch: 037 | Train Loss: 1.6091954 | Grad norm: 0.070959 | Time: 27s602ms
Epoch: 037 | Test Loss: 1.6090378 | Time: 927ms
Epoch: 038 | Train Loss: 1.6091842 | Grad norm: 0.061467 | Time: 27s501ms
Epoch: 038 | Test Loss: 1.6090143 | Time: 920ms
==> Save the model at epoch 038 with test loss 1.6090143
Epoch: 039 | Train Loss: 1.6091735 | Grad norm: 0.053415 | Time: 27s906ms
Epoch: 039 | Test Loss: 1.6090117 | Time: 928ms
==> Save the model at epoch 039 with test loss 1.6090117
Epoch: 040 | Train Loss: 1.6091713 | Grad norm: 0.053099 | Time: 28s116ms
Epoch: 040 | Test Loss: 1.6090225 | Time: 1s53ms
Total time: 19m8s
==> Saving trained model weights...
==> Input bias to be applied to the neural network (trained):
[0. 0.]
==> Input transform to be applied to the neural network (trained):
[0.5576312  0.56041247]
==> Output transform to be applied to the neural network (trained):
[1.7847 1.7916]
==> Saving training info...
==> Drawing training loss...
==> Drawing grad norm...
==> Drawing testing loss...
==> Process finished.
