==> torch device:  cuda:1
==> Test-Train split: test_ratio = 0.20
==> Test-Train split seed:  None
==> Further split: further_train_ratio = 0.50
==> Further split seed:  None
==> Input bias to be applied to the neural network:
[0. 0. 0. 0.]
==> Input transform to be applied to the neural network:
[1. 1. 1. 1.]
==> Ouput transform to be applied to the neural network:
[1. 1.]
==> Evaluating model...
==========================================================================================
Layer (type:depth-idx)                   Output Shape              Param #
==========================================================================================
NeuralNetwork                            [1, 2]                    10
├─Sequential: 1-1                        [1, 2]                    --
│    └─Linear: 2-1                       [1, 64]                   320
│    └─LeakyReLU: 2-2                    [1, 64]                   --
│    └─Linear: 2-3                       [1, 64]                   4,160
│    └─LeakyReLU: 2-4                    [1, 64]                   --
│    └─Linear: 2-5                       [1, 64]                   4,160
│    └─LeakyReLU: 2-6                    [1, 64]                   --
│    └─Linear: 2-7                       [1, 64]                   4,160
│    └─LeakyReLU: 2-8                    [1, 64]                   --
│    └─Linear: 2-9                       [1, 64]                   4,160
│    └─LeakyReLU: 2-10                   [1, 64]                   --
│    └─Linear: 2-11                      [1, 64]                   4,160
│    └─LeakyReLU: 2-12                   [1, 64]                   --
│    └─Linear: 2-13                      [1, 64]                   4,160
│    └─LeakyReLU: 2-14                   [1, 64]                   --
│    └─Linear: 2-15                      [1, 2]                    130
==========================================================================================
Total params: 25,420
Trainable params: 25,410
Non-trainable params: 10
Total mult-adds (Units.MEGABYTES): 0.03
==========================================================================================
Input size (MB): 0.00
Forward/backward pass size (MB): 0.00
Params size (MB): 0.10
Estimated Total Size (MB): 0.11
==========================================================================================
==> Saving initial model weights...
==> Start training...
Epoch: 001 | Loss: 0.0276706 | L2 loss: 0.0276705 | Lip loss: 0.0000002 | Grad norm: 0.118950 | Time: 17s55ms
Epoch: 001 | Test Loss: 0.0107481 | Time: 511ms
==> Save the model at epoch 001 with test loss 0.0107481
Epoch: 002 | Loss: 0.0106889 | L2 loss: 0.0106887 | Lip loss: 0.0000002 | Grad norm: 0.071868 | Time: 16s928ms
Epoch: 002 | Test Loss: 0.0100731 | Time: 511ms
==> Save the model at epoch 002 with test loss 0.0100731
Epoch: 003 | Loss: 0.0105229 | L2 loss: 0.0105227 | Lip loss: 0.0000002 | Grad norm: 0.068174 | Time: 17s229ms
Epoch: 003 | Test Loss: 0.0100314 | Time: 666ms
==> Save the model at epoch 003 with test loss 0.0100314
Epoch: 004 | Loss: 0.0103644 | L2 loss: 0.0103643 | Lip loss: 0.0000002 | Grad norm: 0.055315 | Time: 17s730ms
Epoch: 004 | Test Loss: 0.0102343 | Time: 520ms
Epoch: 005 | Loss: 0.0103413 | L2 loss: 0.0103411 | Lip loss: 0.0000002 | Grad norm: 0.061103 | Time: 17s583ms
Epoch: 005 | Test Loss: 0.0098709 | Time: 530ms
==> Save the model at epoch 005 with test loss 0.0098709
Epoch: 006 | Loss: 0.0099952 | L2 loss: 0.0099950 | Lip loss: 0.0000002 | Grad norm: 0.032043 | Time: 17s260ms
Epoch: 006 | Test Loss: 0.0096874 | Time: 505ms
==> Save the model at epoch 006 with test loss 0.0096874
Epoch: 007 | Loss: 0.0099629 | L2 loss: 0.0099627 | Lip loss: 0.0000002 | Grad norm: 0.030379 | Time: 17s455ms
Epoch: 007 | Test Loss: 0.0096681 | Time: 508ms
==> Save the model at epoch 007 with test loss 0.0096681
Epoch: 008 | Loss: 0.0099597 | L2 loss: 0.0099595 | Lip loss: 0.0000002 | Grad norm: 0.032189 | Time: 17s694ms
Epoch: 008 | Test Loss: 0.0096741 | Time: 504ms
Epoch: 009 | Loss: 0.0099531 | L2 loss: 0.0099529 | Lip loss: 0.0000002 | Grad norm: 0.032648 | Time: 17s190ms
Epoch: 009 | Test Loss: 0.0096896 | Time: 498ms
Epoch: 010 | Loss: 0.0099461 | L2 loss: 0.0099460 | Lip loss: 0.0000002 | Grad norm: 0.033243 | Time: 17s702ms
Epoch: 010 | Test Loss: 0.0096516 | Time: 592ms
==> Save the model at epoch 010 with test loss 0.0096516
Epoch: 011 | Loss: 0.0099043 | L2 loss: 0.0099041 | Lip loss: 0.0000002 | Grad norm: 0.029009 | Time: 17s293ms
Epoch: 011 | Test Loss: 0.0096278 | Time: 507ms
==> Save the model at epoch 011 with test loss 0.0096278
Epoch: 012 | Loss: 0.0098890 | L2 loss: 0.0098889 | Lip loss: 0.0000002 | Grad norm: 0.029348 | Time: 18s75ms
Epoch: 012 | Test Loss: 0.0096175 | Time: 510ms
==> Save the model at epoch 012 with test loss 0.0096175
Epoch: 013 | Loss: 0.0099025 | L2 loss: 0.0099023 | Lip loss: 0.0000002 | Grad norm: 0.029343 | Time: 17s465ms
Epoch: 013 | Test Loss: 0.0096164 | Time: 505ms
==> Save the model at epoch 013 with test loss 0.0096164
Epoch: 014 | Loss: 0.0099437 | L2 loss: 0.0099435 | Lip loss: 0.0000002 | Grad norm: 0.028482 | Time: 17s352ms
Epoch: 014 | Test Loss: 0.0096162 | Time: 519ms
==> Save the model at epoch 014 with test loss 0.0096162
Epoch: 015 | Loss: 0.0099060 | L2 loss: 0.0099058 | Lip loss: 0.0000002 | Grad norm: 0.028113 | Time: 17s605ms
Epoch: 015 | Test Loss: 0.0096143 | Time: 525ms
==> Save the model at epoch 015 with test loss 0.0096143
Epoch: 016 | Loss: 0.0099022 | L2 loss: 0.0099021 | Lip loss: 0.0000002 | Grad norm: 0.027874 | Time: 16s906ms
Epoch: 016 | Test Loss: 0.0096113 | Time: 626ms
==> Save the model at epoch 016 with test loss 0.0096113
Epoch: 017 | Loss: 0.0098904 | L2 loss: 0.0098902 | Lip loss: 0.0000002 | Grad norm: 0.027830 | Time: 17s279ms
Epoch: 017 | Test Loss: 0.0096110 | Time: 568ms
==> Save the model at epoch 017 with test loss 0.0096110
Epoch: 018 | Loss: 0.0098872 | L2 loss: 0.0098870 | Lip loss: 0.0000002 | Grad norm: 0.027557 | Time: 17s610ms
Epoch: 018 | Test Loss: 0.0096110 | Time: 502ms
==> Save the model at epoch 018 with test loss 0.0096110
Epoch: 019 | Loss: 0.0099036 | L2 loss: 0.0099035 | Lip loss: 0.0000002 | Grad norm: 0.027324 | Time: 17s206ms
Epoch: 019 | Test Loss: 0.0096108 | Time: 515ms
==> Save the model at epoch 019 with test loss 0.0096108
Epoch: 020 | Loss: 0.0098955 | L2 loss: 0.0098953 | Lip loss: 0.0000002 | Grad norm: 0.027646 | Time: 17s321ms
Epoch: 020 | Test Loss: 0.0096107 | Time: 512ms
==> Save the model at epoch 020 with test loss 0.0096107
Epoch: 021 | Loss: 0.0098781 | L2 loss: 0.0098779 | Lip loss: 0.0000002 | Grad norm: 0.027727 | Time: 17s316ms
Epoch: 021 | Test Loss: 0.0096107 | Time: 500ms
==> Save the model at epoch 021 with test loss 0.0096107
Epoch: 022 | Loss: 0.0099065 | L2 loss: 0.0099064 | Lip loss: 0.0000002 | Grad norm: 0.028119 | Time: 17s290ms
Epoch: 022 | Test Loss: 0.0096106 | Time: 497ms
==> Save the model at epoch 022 with test loss 0.0096106
Epoch: 023 | Loss: 0.0098891 | L2 loss: 0.0098890 | Lip loss: 0.0000002 | Grad norm: 0.027495 | Time: 17s472ms
Epoch: 023 | Test Loss: 0.0096106 | Time: 527ms
==> Save the model at epoch 023 with test loss 0.0096106
Epoch: 024 | Loss: 0.0099030 | L2 loss: 0.0099028 | Lip loss: 0.0000002 | Grad norm: 0.028512 | Time: 17s8ms
Epoch: 024 | Test Loss: 0.0096105 | Time: 571ms
==> Save the model at epoch 024 with test loss 0.0096105
Epoch: 025 | Loss: 0.0098831 | L2 loss: 0.0098829 | Lip loss: 0.0000002 | Grad norm: 0.027563 | Time: 17s526ms
Epoch: 025 | Test Loss: 0.0096105 | Time: 501ms
==> Save the model at epoch 025 with test loss 0.0096105
Epoch: 026 | Loss: 0.0099159 | L2 loss: 0.0099157 | Lip loss: 0.0000002 | Grad norm: 0.028155 | Time: 17s816ms
Epoch: 026 | Test Loss: 0.0096105 | Time: 522ms
==> Save the model at epoch 026 with test loss 0.0096105
Epoch: 027 | Loss: 0.0098968 | L2 loss: 0.0098967 | Lip loss: 0.0000002 | Grad norm: 0.027532 | Time: 17s528ms
Epoch: 027 | Test Loss: 0.0096105 | Time: 504ms
==> Save the model at epoch 027 with test loss 0.0096105
Epoch: 028 | Loss: 0.0098993 | L2 loss: 0.0098992 | Lip loss: 0.0000002 | Grad norm: 0.027802 | Time: 17s868ms
Epoch: 028 | Test Loss: 0.0096105 | Time: 500ms
==> Save the model at epoch 028 with test loss 0.0096105
Epoch: 029 | Loss: 0.0098754 | L2 loss: 0.0098752 | Lip loss: 0.0000002 | Grad norm: 0.027468 | Time: 17s325ms
Epoch: 029 | Test Loss: 0.0096105 | Time: 500ms
==> Save the model at epoch 029 with test loss 0.0096105
Epoch: 030 | Loss: 0.0098838 | L2 loss: 0.0098836 | Lip loss: 0.0000002 | Grad norm: 0.028036 | Time: 17s225ms
Epoch: 030 | Test Loss: 0.0096105 | Time: 498ms
==> Save the model at epoch 030 with test loss 0.0096105
Epoch: 031 | Loss: 0.0098805 | L2 loss: 0.0098803 | Lip loss: 0.0000002 | Grad norm: 0.027891 | Time: 17s523ms
Epoch: 031 | Test Loss: 0.0096105 | Time: 497ms
Epoch: 032 | Loss: 0.0098752 | L2 loss: 0.0098750 | Lip loss: 0.0000002 | Grad norm: 0.029165 | Time: 17s538ms
Epoch: 032 | Test Loss: 0.0096105 | Time: 513ms
==> Save the model at epoch 032 with test loss 0.0096105
Epoch: 033 | Loss: 0.0099085 | L2 loss: 0.0099083 | Lip loss: 0.0000002 | Grad norm: 0.027812 | Time: 17s444ms
Epoch: 033 | Test Loss: 0.0096105 | Time: 542ms
==> Save the model at epoch 033 with test loss 0.0096105
Epoch: 034 | Loss: 0.0098773 | L2 loss: 0.0098771 | Lip loss: 0.0000002 | Grad norm: 0.027965 | Time: 17s738ms
Epoch: 034 | Test Loss: 0.0096105 | Time: 568ms
==> Save the model at epoch 034 with test loss 0.0096105
Epoch: 035 | Loss: 0.0098829 | L2 loss: 0.0098827 | Lip loss: 0.0000002 | Grad norm: 0.028341 | Time: 17s379ms
Epoch: 035 | Test Loss: 0.0096105 | Time: 505ms
==> Save the model at epoch 035 with test loss 0.0096105
Epoch: 036 | Loss: 0.0098744 | L2 loss: 0.0098743 | Lip loss: 0.0000002 | Grad norm: 0.027783 | Time: 17s434ms
Epoch: 036 | Test Loss: 0.0096105 | Time: 568ms
Epoch: 037 | Loss: 0.0098825 | L2 loss: 0.0098823 | Lip loss: 0.0000002 | Grad norm: 0.027844 | Time: 17s285ms
Epoch: 037 | Test Loss: 0.0096105 | Time: 515ms
==> Save the model at epoch 037 with test loss 0.0096105
Epoch: 038 | Loss: 0.0098827 | L2 loss: 0.0098825 | Lip loss: 0.0000002 | Grad norm: 0.027598 | Time: 17s461ms
Epoch: 038 | Test Loss: 0.0096105 | Time: 506ms
Epoch: 039 | Loss: 0.0098813 | L2 loss: 0.0098811 | Lip loss: 0.0000002 | Grad norm: 0.028291 | Time: 17s225ms
Epoch: 039 | Test Loss: 0.0096105 | Time: 506ms
Epoch: 040 | Loss: 0.0098850 | L2 loss: 0.0098848 | Lip loss: 0.0000002 | Grad norm: 0.028233 | Time: 17s829ms
Epoch: 040 | Test Loss: 0.0096105 | Time: 501ms
Total time: 11m58s
==> Saving trained model weights...
==> Input bias to be applied to the neural network (trained):
[0. 0. 0. 0.]
==> Input transform to be applied to the neural network (trained):
[1. 1. 1. 1.]
==> Output transform to be applied to the neural network (trained):
[1. 1.]
==> Saving training info...
==> Drawing training loss...
==> Drawing grad norm...
==> Drawing testing loss...
==> Drawing l2 loss...
==> Drawing lip loss...
==> Process finished.
