==> torch device:  cuda:2
==> Test-Train split: test_ratio = 0.20
==> Test-Train split seed:  None
==> Further split: further_train_ratio = 0.25
==> Further split seed:  None
==> Input bias to be applied to the neural network:
[0. 0.]
==> Input transform to be applied to the neural network:
[0.5576312  0.56041247]
==> Ouput transform to be applied to the neural network:
[1.7847 1.7916]
==> Evaluating model...
==========================================================================================
Layer (type:depth-idx)                   Output Shape              Param #
==========================================================================================
NeuralNetwork                            [1, 2]                    6
├─Sequential: 1-1                        [1, 2]                    --
│    └─Linear: 2-1                       [1, 64]                   192
│    └─ReLU: 2-2                         [1, 64]                   --
│    └─Linear: 2-3                       [1, 64]                   4,160
│    └─ReLU: 2-4                         [1, 64]                   --
│    └─Linear: 2-5                       [1, 64]                   4,160
│    └─ReLU: 2-6                         [1, 64]                   --
│    └─Linear: 2-7                       [1, 64]                   4,160
│    └─ReLU: 2-8                         [1, 64]                   --
│    └─Linear: 2-9                       [1, 64]                   4,160
│    └─ReLU: 2-10                        [1, 64]                   --
│    └─Linear: 2-11                      [1, 64]                   4,160
│    └─ReLU: 2-12                        [1, 64]                   --
│    └─Linear: 2-13                      [1, 64]                   4,160
│    └─ReLU: 2-14                        [1, 64]                   --
│    └─Linear: 2-15                      [1, 2]                    130
├─Sequential: 1-2                        [1, 2]                    (recursive)
│    └─Linear: 2-16                      [1, 64]                   (recursive)
│    └─ReLU: 2-17                        [1, 64]                   --
│    └─Linear: 2-18                      [1, 64]                   (recursive)
│    └─ReLU: 2-19                        [1, 64]                   --
│    └─Linear: 2-20                      [1, 64]                   (recursive)
│    └─ReLU: 2-21                        [1, 64]                   --
│    └─Linear: 2-22                      [1, 64]                   (recursive)
│    └─ReLU: 2-23                        [1, 64]                   --
│    └─Linear: 2-24                      [1, 64]                   (recursive)
│    └─ReLU: 2-25                        [1, 64]                   --
│    └─Linear: 2-26                      [1, 64]                   (recursive)
│    └─ReLU: 2-27                        [1, 64]                   --
│    └─Linear: 2-28                      [1, 64]                   (recursive)
│    └─ReLU: 2-29                        [1, 64]                   --
│    └─Linear: 2-30                      [1, 2]                    (recursive)
==========================================================================================
Total params: 25,288
Trainable params: 25,282
Non-trainable params: 6
Total mult-adds (Units.MEGABYTES): 0.05
==========================================================================================
Input size (MB): 0.00
Forward/backward pass size (MB): 0.01
Params size (MB): 0.10
Estimated Total Size (MB): 0.11
==========================================================================================
==> Saving initial model weights...
==> Start training...
==> Number of param_groups in optimizer: 1
Epoch: 001 | Train Loss: 6.3910431 | Grad norm: 0.233445 | Time: 2s19ms
Epoch: 001 | Test Loss: 6.4006406 | Time: 833ms
==> Save the model at epoch 001 with test loss 6.4006406
Epoch: 002 | Train Loss: 4.0566809 | Grad norm: 2.493974 | Time: 1s766ms
Epoch: 002 | Test Loss: 0.0670967 | Time: 850ms
==> Save the model at epoch 002 with test loss 0.0670967
Epoch: 003 | Train Loss: 0.0109315 | Grad norm: 0.284017 | Time: 1s610ms
Epoch: 003 | Test Loss: 0.0047369 | Time: 749ms
==> Save the model at epoch 003 with test loss 0.0047369
Epoch: 004 | Train Loss: 0.0040824 | Grad norm: 0.219635 | Time: 1s666ms
Epoch: 004 | Test Loss: 0.0037355 | Time: 763ms
==> Save the model at epoch 004 with test loss 0.0037355
Epoch: 005 | Train Loss: 0.0036172 | Grad norm: 0.237375 | Time: 1s674ms
Epoch: 005 | Test Loss: 0.0035928 | Time: 754ms
==> Save the model at epoch 005 with test loss 0.0035928
Epoch: 006 | Train Loss: 0.0035828 | Grad norm: 0.276628 | Time: 1s751ms
Epoch: 006 | Test Loss: 0.0038421 | Time: 752ms
Epoch: 007 | Train Loss: 0.0035903 | Grad norm: 0.298027 | Time: 1s597ms
Epoch: 007 | Test Loss: 0.0037674 | Time: 828ms
Epoch: 008 | Train Loss: 0.0038472 | Grad norm: 0.350303 | Time: 1s662ms
Epoch: 008 | Test Loss: 0.0035347 | Time: 770ms
==> Save the model at epoch 008 with test loss 0.0035347
Epoch: 009 | Train Loss: 0.0035314 | Grad norm: 0.288751 | Time: 1s736ms
Epoch: 009 | Test Loss: 0.0036580 | Time: 828ms
Epoch: 010 | Train Loss: 0.0039093 | Grad norm: 0.357198 | Time: 1s471ms
Epoch: 010 | Test Loss: 0.0033586 | Time: 773ms
==> Save the model at epoch 010 with test loss 0.0033586
Epoch: 011 | Train Loss: 0.0034174 | Grad norm: 0.270291 | Time: 1s639ms
Epoch: 011 | Test Loss: 0.0042123 | Time: 842ms
Epoch: 012 | Train Loss: 0.0035282 | Grad norm: 0.283605 | Time: 1s815ms
Epoch: 012 | Test Loss: 0.0035225 | Time: 753ms
Epoch: 013 | Train Loss: 0.0034642 | Grad norm: 0.275214 | Time: 1s800ms
Epoch: 013 | Test Loss: 0.0036950 | Time: 761ms
Epoch: 014 | Train Loss: 0.0037099 | Grad norm: 0.327133 | Time: 1s699ms
Epoch: 014 | Test Loss: 0.0032257 | Time: 846ms
==> Save the model at epoch 014 with test loss 0.0032257
Epoch: 015 | Train Loss: 0.0033791 | Grad norm: 0.252759 | Time: 1s681ms
Epoch: 015 | Test Loss: 0.0031505 | Time: 758ms
==> Save the model at epoch 015 with test loss 0.0031505
Epoch: 016 | Train Loss: 0.0033378 | Grad norm: 0.245826 | Time: 1s645ms
Epoch: 016 | Test Loss: 0.0038570 | Time: 761ms
Epoch: 017 | Train Loss: 0.0034223 | Grad norm: 0.261926 | Time: 1s549ms
Epoch: 017 | Test Loss: 0.0037607 | Time: 752ms
Epoch: 018 | Train Loss: 0.0032397 | Grad norm: 0.232841 | Time: 1s677ms
Epoch: 018 | Test Loss: 0.0038779 | Time: 884ms
Epoch: 019 | Train Loss: 0.0034428 | Grad norm: 0.278898 | Time: 1s618ms
Epoch: 019 | Test Loss: 0.0041971 | Time: 876ms
Epoch: 020 | Train Loss: 0.0031956 | Grad norm: 0.226047 | Time: 1s853ms
Epoch: 020 | Test Loss: 0.0030965 | Time: 777ms
==> Save the model at epoch 020 with test loss 0.0030965
Epoch: 021 | Train Loss: 0.0031891 | Grad norm: 0.211893 | Time: 1s667ms
Epoch: 021 | Test Loss: 0.0034089 | Time: 818ms
Epoch: 022 | Train Loss: 0.0031975 | Grad norm: 0.218193 | Time: 1s571ms
Epoch: 022 | Test Loss: 0.0029889 | Time: 758ms
==> Save the model at epoch 022 with test loss 0.0029889
Epoch: 023 | Train Loss: 0.0029577 | Grad norm: 0.157746 | Time: 1s653ms
Epoch: 023 | Test Loss: 0.0029824 | Time: 786ms
==> Save the model at epoch 023 with test loss 0.0029824
Epoch: 024 | Train Loss: 0.0030178 | Grad norm: 0.180311 | Time: 1s658ms
Epoch: 024 | Test Loss: 0.0033893 | Time: 761ms
Epoch: 025 | Train Loss: 0.0030499 | Grad norm: 0.189703 | Time: 1s550ms
Epoch: 025 | Test Loss: 0.0033118 | Time: 762ms
Epoch: 026 | Train Loss: 0.0029429 | Grad norm: 0.163623 | Time: 1s676ms
Epoch: 026 | Test Loss: 0.0034397 | Time: 823ms
Epoch: 027 | Train Loss: 0.0029958 | Grad norm: 0.182285 | Time: 1s603ms
Epoch: 027 | Test Loss: 0.0028816 | Time: 773ms
==> Save the model at epoch 027 with test loss 0.0028816
Epoch: 028 | Train Loss: 0.0028844 | Grad norm: 0.146173 | Time: 1s638ms
Epoch: 028 | Test Loss: 0.0028993 | Time: 754ms
Epoch: 029 | Train Loss: 0.0028872 | Grad norm: 0.154785 | Time: 1s642ms
Epoch: 029 | Test Loss: 0.0028699 | Time: 786ms
==> Save the model at epoch 029 with test loss 0.0028699
Epoch: 030 | Train Loss: 0.0028665 | Grad norm: 0.140675 | Time: 1s638ms
Epoch: 030 | Test Loss: 0.0028612 | Time: 765ms
==> Save the model at epoch 030 with test loss 0.0028612
Epoch: 031 | Train Loss: 0.0028351 | Grad norm: 0.129150 | Time: 1s748ms
Epoch: 031 | Test Loss: 0.0028674 | Time: 748ms
Epoch: 032 | Train Loss: 0.0027962 | Grad norm: 0.120333 | Time: 1s514ms
Epoch: 032 | Test Loss: 0.0028673 | Time: 764ms
Epoch: 033 | Train Loss: 0.0027682 | Grad norm: 0.110113 | Time: 1s721ms
Epoch: 033 | Test Loss: 0.0030439 | Time: 835ms
Epoch: 034 | Train Loss: 0.0027512 | Grad norm: 0.102113 | Time: 1s589ms
Epoch: 034 | Test Loss: 0.0027615 | Time: 787ms
==> Save the model at epoch 034 with test loss 0.0027615
Epoch: 035 | Train Loss: 0.0027420 | Grad norm: 0.102729 | Time: 1s627ms
Epoch: 035 | Test Loss: 0.0027999 | Time: 752ms
Epoch: 036 | Train Loss: 0.0027080 | Grad norm: 0.082698 | Time: 1s717ms
Epoch: 036 | Test Loss: 0.0027530 | Time: 747ms
==> Save the model at epoch 036 with test loss 0.0027530
Epoch: 037 | Train Loss: 0.0026978 | Grad norm: 0.079327 | Time: 1s763ms
Epoch: 037 | Test Loss: 0.0027244 | Time: 769ms
==> Save the model at epoch 037 with test loss 0.0027244
Epoch: 038 | Train Loss: 0.0026879 | Grad norm: 0.073921 | Time: 1s653ms
Epoch: 038 | Test Loss: 0.0027315 | Time: 822ms
Epoch: 039 | Train Loss: 0.0026773 | Grad norm: 0.068318 | Time: 1s471ms
Epoch: 039 | Test Loss: 0.0027198 | Time: 807ms
==> Save the model at epoch 039 with test loss 0.0027198
Epoch: 040 | Train Loss: 0.0026696 | Grad norm: 0.061614 | Time: 1s486ms
Epoch: 040 | Test Loss: 0.0027159 | Time: 827ms
==> Save the model at epoch 040 with test loss 0.0027159
Total time: 1m38s
==> Saving trained model weights...
==> Input bias to be applied to the neural network (trained):
[0. 0.]
==> Input transform to be applied to the neural network (trained):
[0.5576312  0.56041247]
==> Output transform to be applied to the neural network (trained):
[1.7847 1.7916]
==> Saving training info...
==> Drawing training loss...
==> Drawing grad norm...
==> Drawing testing loss...
==> Process finished.
