==> torch device:  cuda:3
==> Test-Train split: test_ratio = 0.20
==> Test-Train split seed:  None
==> Further split: further_train_ratio = 0.50
==> Further split seed:  None
==> Lipschitz constant: 32.00
==> Input bias to be applied to the neural network:
[0. 0.]
==> Input transform to be applied to the neural network:
[0.5123476 0.5241365]
==> Ouput transform to be applied to the neural network:
[1.908  1.9349]
==> Evaluating model...
==========================================================================================
Layer (type:depth-idx)                   Output Shape              Param #
==========================================================================================
NeuralNetwork                            [1, 2]                    6
├─Sequential: 1-1                        [1, 2]                    --
│    └─SandwichFc: 2-1                   [1, 64]                   4,353
│    └─SandwichFc: 2-2                   [1, 64]                   8,321
│    └─SandwichFc: 2-3                   [1, 64]                   8,321
│    └─SandwichFc: 2-4                   [1, 64]                   8,321
│    └─SandwichFc: 2-5                   [1, 64]                   8,321
│    └─SandwichFc: 2-6                   [1, 64]                   8,321
│    └─SandwichFc: 2-7                   [1, 64]                   8,321
│    └─SandwichLin: 2-8                  [1, 2]                    135
├─Sequential: 1-2                        [1, 2]                    (recursive)
│    └─SandwichFc: 2-9                   [1, 64]                   (recursive)
│    └─SandwichFc: 2-10                  [1, 64]                   (recursive)
│    └─SandwichFc: 2-11                  [1, 64]                   (recursive)
│    └─SandwichFc: 2-12                  [1, 64]                   (recursive)
│    └─SandwichFc: 2-13                  [1, 64]                   (recursive)
│    └─SandwichFc: 2-14                  [1, 64]                   (recursive)
│    └─SandwichFc: 2-15                  [1, 64]                   (recursive)
│    └─SandwichLin: 2-16                 [1, 2]                    (recursive)
==========================================================================================
Total params: 54,420
Trainable params: 54,414
Non-trainable params: 6
Total mult-adds (Units.MEGABYTES): 0.11
==========================================================================================
Input size (MB): 0.00
Forward/backward pass size (MB): 0.01
Params size (MB): 0.22
Estimated Total Size (MB): 0.22
==========================================================================================
==> Saving initial model weights...
==> Start training...
==> Number of param_groups in optimizer: 1
Epoch: 001 | Train Loss: 7.5052342 | Grad norm: 78.135646 | Time: 10s140ms
Epoch: 001 | Test Loss: 7.5219871 | Time: 649ms
==> Save the model at epoch 001 with test loss 7.5219871
Epoch: 002 | Train Loss: 0.2128883 | Grad norm: 7.884541 | Time: 9s183ms
Epoch: 002 | Test Loss: 0.0051962 | Time: 721ms
==> Save the model at epoch 002 with test loss 0.0051962
Epoch: 003 | Train Loss: 0.0091498 | Grad norm: 4.645857 | Time: 9s403ms
Epoch: 003 | Test Loss: 0.0049773 | Time: 651ms
==> Save the model at epoch 003 with test loss 0.0049773
Epoch: 004 | Train Loss: 0.0116674 | Grad norm: 4.475576 | Time: 9s589ms
Epoch: 004 | Test Loss: 0.0088264 | Time: 644ms
Epoch: 005 | Train Loss: 0.0165287 | Grad norm: 5.013064 | Time: 9s395ms
Epoch: 005 | Test Loss: 0.0289817 | Time: 649ms
Epoch: 006 | Train Loss: 0.0183690 | Grad norm: 5.256863 | Time: 9s388ms
Epoch: 006 | Test Loss: 0.0154784 | Time: 641ms
Epoch: 007 | Train Loss: 0.0207569 | Grad norm: 4.837819 | Time: 9s253ms
Epoch: 007 | Test Loss: 0.0158265 | Time: 646ms
Epoch: 008 | Train Loss: 0.0235258 | Grad norm: 5.395583 | Time: 9s412ms
Epoch: 008 | Test Loss: 0.0223039 | Time: 646ms
Epoch: 009 | Train Loss: 0.0244337 | Grad norm: 5.196833 | Time: 9s278ms
Epoch: 009 | Test Loss: 0.0224233 | Time: 712ms
Epoch: 010 | Train Loss: 0.0212100 | Grad norm: 4.794185 | Time: 9s694ms
Epoch: 010 | Test Loss: 0.0226476 | Time: 644ms
Epoch: 011 | Train Loss: 0.0172440 | Grad norm: 4.174936 | Time: 9s444ms
Epoch: 011 | Test Loss: 0.0164499 | Time: 727ms
Epoch: 012 | Train Loss: 0.0146690 | Grad norm: 3.828651 | Time: 9s525ms
Epoch: 012 | Test Loss: 0.0151603 | Time: 651ms
Epoch: 013 | Train Loss: 0.0139844 | Grad norm: 3.463718 | Time: 9s248ms
Epoch: 013 | Test Loss: 0.0084982 | Time: 642ms
Epoch: 014 | Train Loss: 0.0114591 | Grad norm: 3.083366 | Time: 9s379ms
Epoch: 014 | Test Loss: 0.0129918 | Time: 724ms
Epoch: 015 | Train Loss: 0.0097423 | Grad norm: 2.676637 | Time: 9s380ms
Epoch: 015 | Test Loss: 0.0127025 | Time: 643ms
Epoch: 016 | Train Loss: 0.0090281 | Grad norm: 2.662482 | Time: 9s767ms
Epoch: 016 | Test Loss: 0.0098023 | Time: 661ms
Epoch: 017 | Train Loss: 0.0072540 | Grad norm: 2.652905 | Time: 9s478ms
Epoch: 017 | Test Loss: 0.0082316 | Time: 640ms
Epoch: 018 | Train Loss: 0.0072770 | Grad norm: 2.233867 | Time: 9s484ms
Epoch: 018 | Test Loss: 0.0079264 | Time: 721ms
Epoch: 019 | Train Loss: 0.0055905 | Grad norm: 2.251302 | Time: 9s662ms
Epoch: 019 | Test Loss: 0.0065157 | Time: 656ms
Epoch: 020 | Train Loss: 0.0051028 | Grad norm: 2.004327 | Time: 9s440ms
Epoch: 020 | Test Loss: 0.0040212 | Time: 650ms
==> Save the model at epoch 020 with test loss 0.0040212
Epoch: 021 | Train Loss: 0.0049455 | Grad norm: 1.766886 | Time: 9s442ms
Epoch: 021 | Test Loss: 0.0062250 | Time: 662ms
Epoch: 022 | Train Loss: 0.0039293 | Grad norm: 1.730266 | Time: 9s728ms
Epoch: 022 | Test Loss: 0.0029805 | Time: 651ms
==> Save the model at epoch 022 with test loss 0.0029805
Epoch: 023 | Train Loss: 0.0024022 | Grad norm: 1.129640 | Time: 9s581ms
Epoch: 023 | Test Loss: 0.0021174 | Time: 648ms
==> Save the model at epoch 023 with test loss 0.0021174
Epoch: 024 | Train Loss: 0.0026326 | Grad norm: 1.189335 | Time: 9s316ms
Epoch: 024 | Test Loss: 0.0027839 | Time: 643ms
Epoch: 025 | Train Loss: 0.0026005 | Grad norm: 1.383529 | Time: 9s326ms
Epoch: 025 | Test Loss: 0.0014746 | Time: 715ms
==> Save the model at epoch 025 with test loss 0.0014746
Epoch: 026 | Train Loss: 0.0017129 | Grad norm: 0.841485 | Time: 9s637ms
Epoch: 026 | Test Loss: 0.0009148 | Time: 645ms
==> Save the model at epoch 026 with test loss 0.0009148
Epoch: 027 | Train Loss: 0.0009808 | Grad norm: 0.433708 | Time: 9s483ms
Epoch: 027 | Test Loss: 0.0009009 | Time: 660ms
==> Save the model at epoch 027 with test loss 0.0009009
Epoch: 028 | Train Loss: 0.0009312 | Grad norm: 0.409746 | Time: 9s327ms
Epoch: 028 | Test Loss: 0.0011919 | Time: 646ms
Epoch: 029 | Train Loss: 0.0008663 | Grad norm: 0.386284 | Time: 9s435ms
Epoch: 029 | Test Loss: 0.0011739 | Time: 665ms
Epoch: 030 | Train Loss: 0.0008213 | Grad norm: 0.360659 | Time: 9s607ms
Epoch: 030 | Test Loss: 0.0008129 | Time: 659ms
==> Save the model at epoch 030 with test loss 0.0008129
Epoch: 031 | Train Loss: 0.0007669 | Grad norm: 0.284044 | Time: 9s142ms
Epoch: 031 | Test Loss: 0.0008460 | Time: 654ms
Epoch: 032 | Train Loss: 0.0007368 | Grad norm: 0.275497 | Time: 9s496ms
Epoch: 032 | Test Loss: 0.0007223 | Time: 844ms
==> Save the model at epoch 032 with test loss 0.0007223
Epoch: 033 | Train Loss: 0.0006745 | Grad norm: 0.197775 | Time: 9s384ms
Epoch: 033 | Test Loss: 0.0006717 | Time: 773ms
==> Save the model at epoch 033 with test loss 0.0006717
Epoch: 034 | Train Loss: 0.0006720 | Grad norm: 0.213990 | Time: 9s228ms
Epoch: 034 | Test Loss: 0.0006697 | Time: 663ms
==> Save the model at epoch 034 with test loss 0.0006697
Epoch: 035 | Train Loss: 0.0006447 | Grad norm: 0.178132 | Time: 9s53ms
Epoch: 035 | Test Loss: 0.0006289 | Time: 648ms
==> Save the model at epoch 035 with test loss 0.0006289
Epoch: 036 | Train Loss: 0.0006267 | Grad norm: 0.160926 | Time: 9s5ms
Epoch: 036 | Test Loss: 0.0006241 | Time: 643ms
==> Save the model at epoch 036 with test loss 0.0006241
Epoch: 037 | Train Loss: 0.0006087 | Grad norm: 0.125716 | Time: 9s492ms
Epoch: 037 | Test Loss: 0.0006198 | Time: 650ms
==> Save the model at epoch 037 with test loss 0.0006198
Epoch: 038 | Train Loss: 0.0006016 | Grad norm: 0.119119 | Time: 9s416ms
Epoch: 038 | Test Loss: 0.0006127 | Time: 660ms
==> Save the model at epoch 038 with test loss 0.0006127
Epoch: 039 | Train Loss: 0.0005915 | Grad norm: 0.099957 | Time: 9s489ms
Epoch: 039 | Test Loss: 0.0005973 | Time: 723ms
==> Save the model at epoch 039 with test loss 0.0005973
Epoch: 040 | Train Loss: 0.0005857 | Grad norm: 0.084988 | Time: 9s751ms
Epoch: 040 | Test Loss: 0.0005911 | Time: 644ms
==> Save the model at epoch 040 with test loss 0.0005911
Total time: 6m44s
==> Saving trained model weights...
==> Input bias to be applied to the neural network (trained):
[0. 0.]
==> Input transform to be applied to the neural network (trained):
[0.5123476 0.5241365]
==> Output transform to be applied to the neural network (trained):
[1.908  1.9349]
==> Saving training info...
==> Drawing training loss...
==> Drawing grad norm...
==> Drawing testing loss...
==> Process finished.
