==> torch device:  cuda:2
==> Test-Train split: test_ratio = 0.20
==> Test-Train split seed:  None
==> Further split: further_train_ratio = 1.00
==> Further split seed:  None
==> Input bias to be applied to the neural network:
[0. 0. 0. 0.]
==> Input transform to be applied to the neural network:
[1. 1. 1. 1.]
==> Ouput transform to be applied to the neural network:
[1. 1.]
==> Evaluating model...
==========================================================================================
Layer (type:depth-idx)                   Output Shape              Param #
==========================================================================================
NeuralNetwork                            [1, 2]                    10
├─Sequential: 1-1                        [1, 2]                    --
│    └─Linear: 2-1                       [1, 64]                   320
│    └─LeakyReLU: 2-2                    [1, 64]                   --
│    └─Linear: 2-3                       [1, 64]                   4,160
│    └─LeakyReLU: 2-4                    [1, 64]                   --
│    └─Linear: 2-5                       [1, 64]                   4,160
│    └─LeakyReLU: 2-6                    [1, 64]                   --
│    └─Linear: 2-7                       [1, 64]                   4,160
│    └─LeakyReLU: 2-8                    [1, 64]                   --
│    └─Linear: 2-9                       [1, 64]                   4,160
│    └─LeakyReLU: 2-10                   [1, 64]                   --
│    └─Linear: 2-11                      [1, 64]                   4,160
│    └─LeakyReLU: 2-12                   [1, 64]                   --
│    └─Linear: 2-13                      [1, 64]                   4,160
│    └─LeakyReLU: 2-14                   [1, 64]                   --
│    └─Linear: 2-15                      [1, 2]                    130
==========================================================================================
Total params: 25,420
Trainable params: 25,410
Non-trainable params: 10
Total mult-adds (Units.MEGABYTES): 0.03
==========================================================================================
Input size (MB): 0.00
Forward/backward pass size (MB): 0.00
Params size (MB): 0.10
Estimated Total Size (MB): 0.11
==========================================================================================
==> Saving initial model weights...
==> Start training...
Epoch: 001 | Loss: 0.0179942 | L2 loss: 0.0179768 | Lip loss: 0.0000174 | Grad norm: 0.074184 | Time: 34s212ms
Epoch: 001 | Test Loss: 0.0097553 | Time: 499ms
==> Save the model at epoch 001 with test loss 0.0097553
Epoch: 002 | Loss: 0.0101371 | L2 loss: 0.0101190 | Lip loss: 0.0000181 | Grad norm: 0.047062 | Time: 34s307ms
Epoch: 002 | Test Loss: 0.0095596 | Time: 502ms
==> Save the model at epoch 002 with test loss 0.0095596
Epoch: 003 | Loss: 0.0100191 | L2 loss: 0.0100009 | Lip loss: 0.0000182 | Grad norm: 0.047631 | Time: 33s602ms
Epoch: 003 | Test Loss: 0.0093332 | Time: 495ms
==> Save the model at epoch 003 with test loss 0.0093332
Epoch: 004 | Loss: 0.0097814 | L2 loss: 0.0097632 | Lip loss: 0.0000182 | Grad norm: 0.049998 | Time: 33s959ms
Epoch: 004 | Test Loss: 0.0093528 | Time: 503ms
Epoch: 005 | Loss: 0.0094870 | L2 loss: 0.0094687 | Lip loss: 0.0000183 | Grad norm: 0.054240 | Time: 34s372ms
Epoch: 005 | Test Loss: 0.0087892 | Time: 507ms
==> Save the model at epoch 005 with test loss 0.0087892
Epoch: 006 | Loss: 0.0087318 | L2 loss: 0.0087131 | Lip loss: 0.0000186 | Grad norm: 0.031090 | Time: 33s592ms
Epoch: 006 | Test Loss: 0.0082931 | Time: 567ms
==> Save the model at epoch 006 with test loss 0.0082931
Epoch: 007 | Loss: 0.0086375 | L2 loss: 0.0086189 | Lip loss: 0.0000186 | Grad norm: 0.032699 | Time: 33s205ms
Epoch: 007 | Test Loss: 0.0082705 | Time: 580ms
==> Save the model at epoch 007 with test loss 0.0082705
Epoch: 008 | Loss: 0.0085801 | L2 loss: 0.0085614 | Lip loss: 0.0000187 | Grad norm: 0.034220 | Time: 33s462ms
Epoch: 008 | Test Loss: 0.0081770 | Time: 494ms
==> Save the model at epoch 008 with test loss 0.0081770
Epoch: 009 | Loss: 0.0085039 | L2 loss: 0.0084852 | Lip loss: 0.0000187 | Grad norm: 0.034092 | Time: 33s331ms
Epoch: 009 | Test Loss: 0.0081673 | Time: 498ms
==> Save the model at epoch 009 with test loss 0.0081673
Epoch: 010 | Loss: 0.0084407 | L2 loss: 0.0084220 | Lip loss: 0.0000186 | Grad norm: 0.035639 | Time: 34s3ms
Epoch: 010 | Test Loss: 0.0081550 | Time: 500ms
==> Save the model at epoch 010 with test loss 0.0081550
Epoch: 011 | Loss: 0.0083520 | L2 loss: 0.0083334 | Lip loss: 0.0000186 | Grad norm: 0.032707 | Time: 34s743ms
Epoch: 011 | Test Loss: 0.0080636 | Time: 500ms
==> Save the model at epoch 011 with test loss 0.0080636
Epoch: 012 | Loss: 0.0083369 | L2 loss: 0.0083181 | Lip loss: 0.0000188 | Grad norm: 0.032662 | Time: 33s991ms
Epoch: 012 | Test Loss: 0.0080579 | Time: 503ms
==> Save the model at epoch 012 with test loss 0.0080579
Epoch: 013 | Loss: 0.0083299 | L2 loss: 0.0083110 | Lip loss: 0.0000189 | Grad norm: 0.032722 | Time: 34s237ms
Epoch: 013 | Test Loss: 0.0080470 | Time: 506ms
==> Save the model at epoch 013 with test loss 0.0080470
Epoch: 014 | Loss: 0.0083230 | L2 loss: 0.0083043 | Lip loss: 0.0000187 | Grad norm: 0.032888 | Time: 33s154ms
Epoch: 014 | Test Loss: 0.0080387 | Time: 497ms
==> Save the model at epoch 014 with test loss 0.0080387
Epoch: 015 | Loss: 0.0083160 | L2 loss: 0.0082973 | Lip loss: 0.0000188 | Grad norm: 0.033241 | Time: 33s518ms
Epoch: 015 | Test Loss: 0.0080347 | Time: 574ms
==> Save the model at epoch 015 with test loss 0.0080347
Epoch: 016 | Loss: 0.0083031 | L2 loss: 0.0082844 | Lip loss: 0.0000187 | Grad norm: 0.032672 | Time: 34s139ms
Epoch: 016 | Test Loss: 0.0080323 | Time: 580ms
==> Save the model at epoch 016 with test loss 0.0080323
Epoch: 017 | Loss: 0.0083017 | L2 loss: 0.0082831 | Lip loss: 0.0000186 | Grad norm: 0.032060 | Time: 33s648ms
Epoch: 017 | Test Loss: 0.0080309 | Time: 493ms
==> Save the model at epoch 017 with test loss 0.0080309
Epoch: 018 | Loss: 0.0083007 | L2 loss: 0.0082820 | Lip loss: 0.0000187 | Grad norm: 0.032990 | Time: 34s273ms
Epoch: 018 | Test Loss: 0.0080313 | Time: 500ms
Epoch: 019 | Loss: 0.0082997 | L2 loss: 0.0082812 | Lip loss: 0.0000186 | Grad norm: 0.031749 | Time: 33s817ms
Epoch: 019 | Test Loss: 0.0080304 | Time: 501ms
==> Save the model at epoch 019 with test loss 0.0080304
Epoch: 020 | Loss: 0.0082991 | L2 loss: 0.0082803 | Lip loss: 0.0000188 | Grad norm: 0.031798 | Time: 34s373ms
Epoch: 020 | Test Loss: 0.0080291 | Time: 502ms
==> Save the model at epoch 020 with test loss 0.0080291
Epoch: 021 | Loss: 0.0082977 | L2 loss: 0.0082790 | Lip loss: 0.0000186 | Grad norm: 0.031986 | Time: 34s97ms
Epoch: 021 | Test Loss: 0.0080290 | Time: 498ms
==> Save the model at epoch 021 with test loss 0.0080290
Epoch: 022 | Loss: 0.0082980 | L2 loss: 0.0082789 | Lip loss: 0.0000191 | Grad norm: 0.032293 | Time: 35s195ms
Epoch: 022 | Test Loss: 0.0080290 | Time: 513ms
==> Save the model at epoch 022 with test loss 0.0080290
Epoch: 023 | Loss: 0.0082975 | L2 loss: 0.0082788 | Lip loss: 0.0000187 | Grad norm: 0.032989 | Time: 34s474ms
Epoch: 023 | Test Loss: 0.0080289 | Time: 509ms
==> Save the model at epoch 023 with test loss 0.0080289
Epoch: 024 | Loss: 0.0082973 | L2 loss: 0.0082787 | Lip loss: 0.0000187 | Grad norm: 0.032066 | Time: 34s826ms
Epoch: 024 | Test Loss: 0.0080289 | Time: 569ms
==> Save the model at epoch 024 with test loss 0.0080289
Epoch: 025 | Loss: 0.0082973 | L2 loss: 0.0082786 | Lip loss: 0.0000187 | Grad norm: 0.031962 | Time: 34s748ms
Epoch: 025 | Test Loss: 0.0080288 | Time: 571ms
==> Save the model at epoch 025 with test loss 0.0080288
Epoch: 026 | Loss: 0.0082970 | L2 loss: 0.0082784 | Lip loss: 0.0000186 | Grad norm: 0.031886 | Time: 34s696ms
Epoch: 026 | Test Loss: 0.0080288 | Time: 506ms
==> Save the model at epoch 026 with test loss 0.0080288
Epoch: 027 | Loss: 0.0082972 | L2 loss: 0.0082784 | Lip loss: 0.0000188 | Grad norm: 0.032219 | Time: 34s211ms
Epoch: 027 | Test Loss: 0.0080288 | Time: 499ms
==> Save the model at epoch 027 with test loss 0.0080288
Epoch: 028 | Loss: 0.0082969 | L2 loss: 0.0082784 | Lip loss: 0.0000186 | Grad norm: 0.032233 | Time: 34s415ms
Epoch: 028 | Test Loss: 0.0080288 | Time: 506ms
==> Save the model at epoch 028 with test loss 0.0080288
Epoch: 029 | Loss: 0.0082971 | L2 loss: 0.0082784 | Lip loss: 0.0000187 | Grad norm: 0.032558 | Time: 34s393ms
Epoch: 029 | Test Loss: 0.0080288 | Time: 508ms
==> Save the model at epoch 029 with test loss 0.0080288
Epoch: 030 | Loss: 0.0082971 | L2 loss: 0.0082784 | Lip loss: 0.0000187 | Grad norm: 0.032652 | Time: 34s243ms
Epoch: 030 | Test Loss: 0.0080288 | Time: 493ms
==> Save the model at epoch 030 with test loss 0.0080288
Epoch: 031 | Loss: 0.0082972 | L2 loss: 0.0082784 | Lip loss: 0.0000189 | Grad norm: 0.032106 | Time: 34s57ms
Epoch: 031 | Test Loss: 0.0080288 | Time: 506ms
Epoch: 032 | Loss: 0.0082974 | L2 loss: 0.0082784 | Lip loss: 0.0000190 | Grad norm: 0.031830 | Time: 34s116ms
Epoch: 032 | Test Loss: 0.0080288 | Time: 565ms
==> Save the model at epoch 032 with test loss 0.0080288
Epoch: 033 | Loss: 0.0082970 | L2 loss: 0.0082784 | Lip loss: 0.0000186 | Grad norm: 0.032649 | Time: 33s968ms
Epoch: 033 | Test Loss: 0.0080288 | Time: 498ms
Epoch: 034 | Loss: 0.0082972 | L2 loss: 0.0082784 | Lip loss: 0.0000188 | Grad norm: 0.031964 | Time: 33s616ms
Epoch: 034 | Test Loss: 0.0080288 | Time: 565ms
Epoch: 035 | Loss: 0.0082972 | L2 loss: 0.0082784 | Lip loss: 0.0000188 | Grad norm: 0.032786 | Time: 33s871ms
Epoch: 035 | Test Loss: 0.0080288 | Time: 571ms
Epoch: 036 | Loss: 0.0082973 | L2 loss: 0.0082784 | Lip loss: 0.0000189 | Grad norm: 0.032352 | Time: 34s592ms
Epoch: 036 | Test Loss: 0.0080288 | Time: 498ms
Epoch: 037 | Loss: 0.0082970 | L2 loss: 0.0082784 | Lip loss: 0.0000186 | Grad norm: 0.032532 | Time: 34s537ms
Epoch: 037 | Test Loss: 0.0080288 | Time: 502ms
Epoch: 038 | Loss: 0.0082971 | L2 loss: 0.0082784 | Lip loss: 0.0000187 | Grad norm: 0.032273 | Time: 34s771ms
Epoch: 038 | Test Loss: 0.0080288 | Time: 493ms
Epoch: 039 | Loss: 0.0082971 | L2 loss: 0.0082784 | Lip loss: 0.0000187 | Grad norm: 0.031943 | Time: 34s390ms
Epoch: 039 | Test Loss: 0.0080288 | Time: 513ms
Epoch: 040 | Loss: 0.0082975 | L2 loss: 0.0082784 | Lip loss: 0.0000192 | Grad norm: 0.032212 | Time: 35s79ms
Epoch: 040 | Test Loss: 0.0080288 | Time: 514ms
==> Save the model at epoch 040 with test loss 0.0080288
Total time: 23m7s
==> Saving trained model weights...
==> Input bias to be applied to the neural network (trained):
[0. 0. 0. 0.]
==> Input transform to be applied to the neural network (trained):
[1. 1. 1. 1.]
==> Output transform to be applied to the neural network (trained):
[1. 1.]
==> Saving training info...
==> Drawing training loss...
==> Drawing grad norm...
==> Drawing testing loss...
==> Drawing l2 loss...
==> Drawing lip loss...
==> Process finished.
