==> torch device:  cuda:0
==> Test-Train split: test_ratio = 0.20
==> Test-Train split seed:  None
==> Further split: further_train_ratio = 1.00
==> Further split seed:  None
==> Lipschitz constant: 1.00
==> Input bias to be applied to the neural network:
[0. 0. 0. 0.]
==> Input transform to be applied to the neural network:
[0.7072636  0.72212595 0.6760411  0.67349136]
==> Ouput transform to be applied to the neural network:
[0.2287 0.2871]
==> Evaluating model...
==========================================================================================
Layer (type:depth-idx)                   Output Shape              Param #
==========================================================================================
NeuralNetwork                            [1, 2]                    10
├─Sequential: 1-1                        [1, 2]                    --
│    └─SandwichFc: 2-1                   [1, 64]                   4,481
│    └─SandwichFc: 2-2                   [1, 64]                   8,321
│    └─SandwichFc: 2-3                   [1, 64]                   8,321
│    └─SandwichFc: 2-4                   [1, 64]                   8,321
│    └─SandwichFc: 2-5                   [1, 64]                   8,321
│    └─SandwichFc: 2-6                   [1, 64]                   8,321
│    └─SandwichFc: 2-7                   [1, 64]                   8,321
│    └─SandwichLin: 2-8                  [1, 2]                    135
├─Sequential: 1-2                        [1, 2]                    (recursive)
│    └─SandwichFc: 2-9                   [1, 64]                   (recursive)
│    └─SandwichFc: 2-10                  [1, 64]                   (recursive)
│    └─SandwichFc: 2-11                  [1, 64]                   (recursive)
│    └─SandwichFc: 2-12                  [1, 64]                   (recursive)
│    └─SandwichFc: 2-13                  [1, 64]                   (recursive)
│    └─SandwichFc: 2-14                  [1, 64]                   (recursive)
│    └─SandwichFc: 2-15                  [1, 64]                   (recursive)
│    └─SandwichLin: 2-16                 [1, 2]                    (recursive)
==========================================================================================
Total params: 54,552
Trainable params: 54,542
Non-trainable params: 10
Total mult-adds (Units.MEGABYTES): 0.11
==========================================================================================
Input size (MB): 0.00
Forward/backward pass size (MB): 0.01
Params size (MB): 0.22
Estimated Total Size (MB): 0.23
==========================================================================================
==> Saving initial model weights...
==> Start training...
==> Number of param_groups in optimizer: 1
Epoch: 001 | Train Loss: 0.1347872 | Grad norm: 0.031067 | Time: 17s164ms
Epoch: 001 | Test Loss: 0.1352692 | Time: 608ms
==> Save the model at epoch 001 with test loss 0.1352692
Epoch: 002 | Train Loss: 0.0159838 | Grad norm: 0.051710 | Time: 18s6ms
Epoch: 002 | Test Loss: 0.0117205 | Time: 612ms
==> Save the model at epoch 002 with test loss 0.0117205
Epoch: 003 | Train Loss: 0.0111139 | Grad norm: 0.050044 | Time: 16s245ms
Epoch: 003 | Test Loss: 0.0114549 | Time: 609ms
==> Save the model at epoch 003 with test loss 0.0114549
Epoch: 004 | Train Loss: 0.0109725 | Grad norm: 0.039477 | Time: 16s706ms
Epoch: 004 | Test Loss: 0.0113487 | Time: 617ms
==> Save the model at epoch 004 with test loss 0.0113487
Epoch: 005 | Train Loss: 0.0110577 | Grad norm: 0.041797 | Time: 16s605ms
Epoch: 005 | Test Loss: 0.0119991 | Time: 611ms
Epoch: 006 | Train Loss: 0.0110059 | Grad norm: 0.033672 | Time: 17s276ms
Epoch: 006 | Test Loss: 0.0113871 | Time: 683ms
Epoch: 007 | Train Loss: 0.0108573 | Grad norm: 0.024005 | Time: 16s565ms
Epoch: 007 | Test Loss: 0.0113401 | Time: 612ms
==> Save the model at epoch 007 with test loss 0.0113401
Epoch: 008 | Train Loss: 0.0108115 | Grad norm: 0.019334 | Time: 17s517ms
Epoch: 008 | Test Loss: 0.0113231 | Time: 610ms
==> Save the model at epoch 008 with test loss 0.0113231
Epoch: 009 | Train Loss: 0.0108412 | Grad norm: 0.019111 | Time: 16s790ms
Epoch: 009 | Test Loss: 0.0113005 | Time: 675ms
==> Save the model at epoch 009 with test loss 0.0113005
Epoch: 010 | Train Loss: 0.0106939 | Grad norm: 0.011363 | Time: 16s942ms
Epoch: 010 | Test Loss: 0.0113033 | Time: 609ms
Epoch: 011 | Train Loss: 0.0106981 | Grad norm: 0.010941 | Time: 16s958ms
Epoch: 011 | Test Loss: 0.0113772 | Time: 608ms
Epoch: 012 | Train Loss: 0.0128627 | Grad norm: 0.017661 | Time: 16s809ms
Epoch: 012 | Test Loss: 0.0113561 | Time: 616ms
Epoch: 013 | Train Loss: 0.0106882 | Grad norm: 0.004727 | Time: 16s615ms
Epoch: 013 | Test Loss: 0.0113031 | Time: 626ms
Epoch: 014 | Train Loss: 0.0106632 | Grad norm: 0.004734 | Time: 16s832ms
Epoch: 014 | Test Loss: 0.0112532 | Time: 614ms
==> Save the model at epoch 014 with test loss 0.0112532
Epoch: 015 | Train Loss: 0.0106631 | Grad norm: 0.004538 | Time: 17s271ms
Epoch: 015 | Test Loss: 0.0112982 | Time: 611ms
Epoch: 016 | Train Loss: 0.0106520 | Grad norm: 0.004303 | Time: 16s868ms
Epoch: 016 | Test Loss: 0.0112967 | Time: 610ms
Epoch: 017 | Train Loss: 0.0106560 | Grad norm: 0.004436 | Time: 16s865ms
Epoch: 017 | Test Loss: 0.0114409 | Time: 613ms
Epoch: 018 | Train Loss: 0.0106555 | Grad norm: 0.004427 | Time: 17s68ms
Epoch: 018 | Test Loss: 0.0115109 | Time: 606ms
Epoch: 019 | Train Loss: 0.0106577 | Grad norm: 0.004461 | Time: 16s634ms
Epoch: 019 | Test Loss: 0.0113338 | Time: 624ms
Epoch: 020 | Train Loss: 0.0106988 | Grad norm: 0.005299 | Time: 16s714ms
Epoch: 020 | Test Loss: 0.0113969 | Time: 675ms
Epoch: 021 | Train Loss: 0.0106604 | Grad norm: 0.004409 | Time: 16s702ms
Epoch: 021 | Test Loss: 0.0112869 | Time: 609ms
Epoch: 022 | Train Loss: 0.0106570 | Grad norm: 0.004230 | Time: 16s758ms
Epoch: 022 | Test Loss: 0.0112835 | Time: 614ms
Epoch: 023 | Train Loss: 0.0106361 | Grad norm: 0.003849 | Time: 16s712ms
Epoch: 023 | Test Loss: 0.0112685 | Time: 607ms
Epoch: 024 | Train Loss: 0.0106591 | Grad norm: 0.004273 | Time: 16s824ms
Epoch: 024 | Test Loss: 0.0112996 | Time: 609ms
Epoch: 025 | Train Loss: 0.0106574 | Grad norm: 0.004265 | Time: 17s266ms
Epoch: 025 | Test Loss: 0.0115597 | Time: 608ms
Epoch: 026 | Train Loss: 0.0106337 | Grad norm: 0.003667 | Time: 16s322ms
Epoch: 026 | Test Loss: 0.0114754 | Time: 607ms
Epoch: 027 | Train Loss: 0.0106330 | Grad norm: 0.003598 | Time: 16s142ms
Epoch: 027 | Test Loss: 0.0112481 | Time: 610ms
==> Save the model at epoch 027 with test loss 0.0112481
Epoch: 028 | Train Loss: 0.0106333 | Grad norm: 0.003648 | Time: 16s749ms
Epoch: 028 | Test Loss: 0.0112714 | Time: 623ms
Epoch: 029 | Train Loss: 0.0106119 | Grad norm: 0.003127 | Time: 17s127ms
Epoch: 029 | Test Loss: 0.0112617 | Time: 640ms
Epoch: 030 | Train Loss: 0.0106183 | Grad norm: 0.003364 | Time: 16s854ms
Epoch: 030 | Test Loss: 0.0113233 | Time: 617ms
Epoch: 031 | Train Loss: 0.0106023 | Grad norm: 0.002996 | Time: 16s655ms
Epoch: 031 | Test Loss: 0.0112890 | Time: 743ms
Epoch: 032 | Train Loss: 0.0106045 | Grad norm: 0.003165 | Time: 16s736ms
Epoch: 032 | Test Loss: 0.0112543 | Time: 617ms
Epoch: 033 | Train Loss: 0.0106007 | Grad norm: 0.003051 | Time: 16s884ms
Epoch: 033 | Test Loss: 0.0112439 | Time: 627ms
==> Save the model at epoch 033 with test loss 0.0112439
Epoch: 034 | Train Loss: 0.0105938 | Grad norm: 0.002880 | Time: 16s900ms
Epoch: 034 | Test Loss: 0.0112482 | Time: 693ms
Epoch: 035 | Train Loss: 0.0105868 | Grad norm: 0.002658 | Time: 16s801ms
Epoch: 035 | Test Loss: 0.0112461 | Time: 617ms
Epoch: 036 | Train Loss: 0.0105815 | Grad norm: 0.002551 | Time: 16s619ms
Epoch: 036 | Test Loss: 0.0112455 | Time: 614ms
Epoch: 037 | Train Loss: 0.0105784 | Grad norm: 0.002478 | Time: 16s382ms
Epoch: 037 | Test Loss: 0.0112446 | Time: 609ms
Epoch: 038 | Train Loss: 0.0105767 | Grad norm: 0.002474 | Time: 16s783ms
Epoch: 038 | Test Loss: 0.0112406 | Time: 629ms
==> Save the model at epoch 038 with test loss 0.0112406
Epoch: 039 | Train Loss: 0.0105741 | Grad norm: 0.002395 | Time: 16s896ms
Epoch: 039 | Test Loss: 0.0112432 | Time: 612ms
Epoch: 040 | Train Loss: 0.0105724 | Grad norm: 0.002316 | Time: 16s994ms
Epoch: 040 | Test Loss: 0.0112393 | Time: 612ms
==> Save the model at epoch 040 with test loss 0.0112393
Total time: 11m38s
==> Saving trained model weights...
==> Input bias to be applied to the neural network (trained):
[0. 0. 0. 0.]
==> Input transform to be applied to the neural network (trained):
[0.7072636  0.72212595 0.6760411  0.67349136]
==> Output transform to be applied to the neural network (trained):
[0.2287 0.2871]
==> Saving training info...
==> Drawing training loss...
==> Drawing grad norm...
==> Drawing testing loss...
==> Process finished.
