==> torch device:  cuda:3
==> Test-Train split: test_ratio = 0.20
==> Test-Train split seed:  None
==> Further split: further_train_ratio = 0.25
==> Further split seed:  None
==> Input bias to be applied to the neural network:
[0. 0. 0. 0.]
==> Input transform to be applied to the neural network:
[ 0.62900996  0.6288517  11.614402    9.487666  ]
==> Ouput transform to be applied to the neural network:
[0.0195 0.021 ]
==> Evaluating model...
==========================================================================================
Layer (type:depth-idx)                   Output Shape              Param #
==========================================================================================
NeuralNetwork                            [1, 2]                    10
├─Sequential: 1-1                        [1, 2]                    --
│    └─Linear: 2-1                       [1, 64]                   320
│    └─ReLU: 2-2                         [1, 64]                   --
│    └─Linear: 2-3                       [1, 64]                   4,160
│    └─ReLU: 2-4                         [1, 64]                   --
│    └─Linear: 2-5                       [1, 64]                   4,160
│    └─ReLU: 2-6                         [1, 64]                   --
│    └─Linear: 2-7                       [1, 64]                   4,160
│    └─ReLU: 2-8                         [1, 64]                   --
│    └─Linear: 2-9                       [1, 64]                   4,160
│    └─ReLU: 2-10                        [1, 64]                   --
│    └─Linear: 2-11                      [1, 64]                   4,160
│    └─ReLU: 2-12                        [1, 64]                   --
│    └─Linear: 2-13                      [1, 64]                   4,160
│    └─ReLU: 2-14                        [1, 64]                   --
│    └─Linear: 2-15                      [1, 2]                    130
├─Sequential: 1-2                        [1, 2]                    (recursive)
│    └─Linear: 2-16                      [1, 64]                   (recursive)
│    └─ReLU: 2-17                        [1, 64]                   --
│    └─Linear: 2-18                      [1, 64]                   (recursive)
│    └─ReLU: 2-19                        [1, 64]                   --
│    └─Linear: 2-20                      [1, 64]                   (recursive)
│    └─ReLU: 2-21                        [1, 64]                   --
│    └─Linear: 2-22                      [1, 64]                   (recursive)
│    └─ReLU: 2-23                        [1, 64]                   --
│    └─Linear: 2-24                      [1, 64]                   (recursive)
│    └─ReLU: 2-25                        [1, 64]                   --
│    └─Linear: 2-26                      [1, 64]                   (recursive)
│    └─ReLU: 2-27                        [1, 64]                   --
│    └─Linear: 2-28                      [1, 64]                   (recursive)
│    └─ReLU: 2-29                        [1, 64]                   --
│    └─Linear: 2-30                      [1, 2]                    (recursive)
==========================================================================================
Total params: 25,420
Trainable params: 25,410
Non-trainable params: 10
Total mult-adds (Units.MEGABYTES): 0.05
==========================================================================================
Input size (MB): 0.00
Forward/backward pass size (MB): 0.01
Params size (MB): 0.10
Estimated Total Size (MB): 0.11
==========================================================================================
==> Saving initial model weights...
==> Start training...
==> Number of param_groups in optimizer: 1
Epoch: 001 | Train Loss: 0.0008203 | Grad norm: 0.000025 | Time: 1s372ms
Epoch: 001 | Test Loss: 0.0008298 | Time: 493ms
==> Save the model at epoch 001 with test loss 0.0008298
Epoch: 002 | Train Loss: 0.0007916 | Grad norm: 0.000109 | Time: 1s53ms
Epoch: 002 | Test Loss: 0.0006897 | Time: 512ms
==> Save the model at epoch 002 with test loss 0.0006897
Epoch: 003 | Train Loss: 0.0002453 | Grad norm: 0.000348 | Time: 992ms
Epoch: 003 | Test Loss: 0.0000710 | Time: 570ms
==> Save the model at epoch 003 with test loss 0.0000710
Epoch: 004 | Train Loss: 0.0000692 | Grad norm: 0.000142 | Time: 1s35ms
Epoch: 004 | Test Loss: 0.0000681 | Time: 495ms
==> Save the model at epoch 004 with test loss 0.0000681
Epoch: 005 | Train Loss: 0.0000679 | Grad norm: 0.000152 | Time: 1s153ms
Epoch: 005 | Test Loss: 0.0000682 | Time: 495ms
Epoch: 006 | Train Loss: 0.0000681 | Grad norm: 0.000179 | Time: 1s95ms
Epoch: 006 | Test Loss: 0.0000688 | Time: 512ms
Epoch: 007 | Train Loss: 0.0000675 | Grad norm: 0.000168 | Time: 1s60ms
Epoch: 007 | Test Loss: 0.0000681 | Time: 571ms
==> Save the model at epoch 007 with test loss 0.0000681
Epoch: 008 | Train Loss: 0.0000674 | Grad norm: 0.000172 | Time: 1s179ms
Epoch: 008 | Test Loss: 0.0000668 | Time: 524ms
==> Save the model at epoch 008 with test loss 0.0000668
Epoch: 009 | Train Loss: 0.0000675 | Grad norm: 0.000166 | Time: 1s33ms
Epoch: 009 | Test Loss: 0.0000663 | Time: 504ms
==> Save the model at epoch 009 with test loss 0.0000663
Epoch: 010 | Train Loss: 0.0000671 | Grad norm: 0.000158 | Time: 999ms
Epoch: 010 | Test Loss: 0.0000673 | Time: 513ms
Epoch: 011 | Train Loss: 0.0000670 | Grad norm: 0.000159 | Time: 1s90ms
Epoch: 011 | Test Loss: 0.0000663 | Time: 564ms
Epoch: 012 | Train Loss: 0.0000669 | Grad norm: 0.000160 | Time: 1s22ms
Epoch: 012 | Test Loss: 0.0000664 | Time: 495ms
Epoch: 013 | Train Loss: 0.0000666 | Grad norm: 0.000154 | Time: 1s37ms
Epoch: 013 | Test Loss: 0.0000667 | Time: 497ms
Epoch: 014 | Train Loss: 0.0000665 | Grad norm: 0.000145 | Time: 1s62ms
Epoch: 014 | Test Loss: 0.0000664 | Time: 496ms
Epoch: 015 | Train Loss: 0.0000663 | Grad norm: 0.000142 | Time: 1s64ms
Epoch: 015 | Test Loss: 0.0000669 | Time: 582ms
Epoch: 016 | Train Loss: 0.0000673 | Grad norm: 0.000179 | Time: 1s77ms
Epoch: 016 | Test Loss: 0.0000686 | Time: 496ms
Epoch: 017 | Train Loss: 0.0000663 | Grad norm: 0.000145 | Time: 1s52ms
Epoch: 017 | Test Loss: 0.0000672 | Time: 495ms
Epoch: 018 | Train Loss: 0.0000662 | Grad norm: 0.000144 | Time: 979ms
Epoch: 018 | Test Loss: 0.0000660 | Time: 496ms
==> Save the model at epoch 018 with test loss 0.0000660
Epoch: 019 | Train Loss: 0.0000660 | Grad norm: 0.000140 | Time: 1s39ms
Epoch: 019 | Test Loss: 0.0000662 | Time: 566ms
Epoch: 020 | Train Loss: 0.0000661 | Grad norm: 0.000145 | Time: 1s65ms
Epoch: 020 | Test Loss: 0.0000680 | Time: 499ms
Epoch: 021 | Train Loss: 0.0000659 | Grad norm: 0.000134 | Time: 1s35ms
Epoch: 021 | Test Loss: 0.0000663 | Time: 510ms
Epoch: 022 | Train Loss: 0.0000659 | Grad norm: 0.000138 | Time: 1s46ms
Epoch: 022 | Test Loss: 0.0000663 | Time: 498ms
Epoch: 023 | Train Loss: 0.0000654 | Grad norm: 0.000121 | Time: 1s29ms
Epoch: 023 | Test Loss: 0.0000666 | Time: 569ms
Epoch: 024 | Train Loss: 0.0000656 | Grad norm: 0.000124 | Time: 999ms
Epoch: 024 | Test Loss: 0.0000661 | Time: 511ms
Epoch: 025 | Train Loss: 0.0000654 | Grad norm: 0.000126 | Time: 1s35ms
Epoch: 025 | Test Loss: 0.0000658 | Time: 499ms
==> Save the model at epoch 025 with test loss 0.0000658
Epoch: 026 | Train Loss: 0.0000653 | Grad norm: 0.000119 | Time: 1s40ms
Epoch: 026 | Test Loss: 0.0000659 | Time: 497ms
Epoch: 027 | Train Loss: 0.0000652 | Grad norm: 0.000121 | Time: 1s88ms
Epoch: 027 | Test Loss: 0.0000660 | Time: 571ms
Epoch: 028 | Train Loss: 0.0000653 | Grad norm: 0.000127 | Time: 993ms
Epoch: 028 | Test Loss: 0.0000666 | Time: 495ms
Epoch: 029 | Train Loss: 0.0000653 | Grad norm: 0.000129 | Time: 1s107ms
Epoch: 029 | Test Loss: 0.0000660 | Time: 496ms
Epoch: 030 | Train Loss: 0.0000650 | Grad norm: 0.000118 | Time: 1s57ms
Epoch: 030 | Test Loss: 0.0000655 | Time: 495ms
==> Save the model at epoch 030 with test loss 0.0000655
Epoch: 031 | Train Loss: 0.0000649 | Grad norm: 0.000108 | Time: 1s211ms
Epoch: 031 | Test Loss: 0.0000657 | Time: 585ms
Epoch: 032 | Train Loss: 0.0000648 | Grad norm: 0.000109 | Time: 1s64ms
Epoch: 032 | Test Loss: 0.0000655 | Time: 495ms
==> Save the model at epoch 032 with test loss 0.0000655
Epoch: 033 | Train Loss: 0.0000647 | Grad norm: 0.000102 | Time: 1s92ms
Epoch: 033 | Test Loss: 0.0000655 | Time: 499ms
Epoch: 034 | Train Loss: 0.0000647 | Grad norm: 0.000102 | Time: 1s57ms
Epoch: 034 | Test Loss: 0.0000656 | Time: 508ms
Epoch: 035 | Train Loss: 0.0000647 | Grad norm: 0.000100 | Time: 1s20ms
Epoch: 035 | Test Loss: 0.0000654 | Time: 567ms
==> Save the model at epoch 035 with test loss 0.0000654
Epoch: 036 | Train Loss: 0.0000645 | Grad norm: 0.000095 | Time: 1s158ms
Epoch: 036 | Test Loss: 0.0000654 | Time: 507ms
Epoch: 037 | Train Loss: 0.0000646 | Grad norm: 0.000094 | Time: 1s133ms
Epoch: 037 | Test Loss: 0.0000654 | Time: 567ms
==> Save the model at epoch 037 with test loss 0.0000654
Epoch: 038 | Train Loss: 0.0000645 | Grad norm: 0.000098 | Time: 1s92ms
Epoch: 038 | Test Loss: 0.0000653 | Time: 496ms
==> Save the model at epoch 038 with test loss 0.0000653
Epoch: 039 | Train Loss: 0.0000645 | Grad norm: 0.000100 | Time: 1s24ms
Epoch: 039 | Test Loss: 0.0000653 | Time: 565ms
==> Save the model at epoch 039 with test loss 0.0000653
Epoch: 040 | Train Loss: 0.0000645 | Grad norm: 0.000100 | Time: 1s42ms
Epoch: 040 | Test Loss: 0.0000653 | Time: 498ms
==> Save the model at epoch 040 with test loss 0.0000653
Total time: 1m3s
==> Saving trained model weights...
==> Input bias to be applied to the neural network (trained):
[0. 0. 0. 0.]
==> Input transform to be applied to the neural network (trained):
[ 0.62900996  0.6288517  11.614402    9.487666  ]
==> Output transform to be applied to the neural network (trained):
[0.0195 0.021 ]
==> Saving training info...
==> Drawing training loss...
==> Drawing grad norm...
==> Drawing testing loss...
==> Process finished.
