==> torch device:  cuda:2
==> Test-Train split: test_ratio = 0.20
==> Test-Train split seed:  None
==> Further split: further_train_ratio = 1.00
==> Further split seed:  None
==> Lipschitz constant: 16.00
==> Input bias to be applied to the neural network:
[0. 0. 0. 0.]
==> Input transform to be applied to the neural network:
[ 0.62900996  0.6288517  11.614402    9.487666  ]
==> Ouput transform to be applied to the neural network:
[0.0251 0.0262]
==> Evaluating model...
==========================================================================================
Layer (type:depth-idx)                   Output Shape              Param #
==========================================================================================
NeuralNetwork                            [1, 2]                    10
├─Sequential: 1-1                        [1, 2]                    --
│    └─SandwichFc: 2-1                   [1, 64]                   4,481
│    └─SandwichFc: 2-2                   [1, 64]                   8,321
│    └─SandwichFc: 2-3                   [1, 64]                   8,321
│    └─SandwichFc: 2-4                   [1, 64]                   8,321
│    └─SandwichFc: 2-5                   [1, 64]                   8,321
│    └─SandwichFc: 2-6                   [1, 64]                   8,321
│    └─SandwichFc: 2-7                   [1, 64]                   8,321
│    └─SandwichLin: 2-8                  [1, 2]                    135
├─Sequential: 1-2                        [1, 2]                    (recursive)
│    └─SandwichFc: 2-9                   [1, 64]                   (recursive)
│    └─SandwichFc: 2-10                  [1, 64]                   (recursive)
│    └─SandwichFc: 2-11                  [1, 64]                   (recursive)
│    └─SandwichFc: 2-12                  [1, 64]                   (recursive)
│    └─SandwichFc: 2-13                  [1, 64]                   (recursive)
│    └─SandwichFc: 2-14                  [1, 64]                   (recursive)
│    └─SandwichFc: 2-15                  [1, 64]                   (recursive)
│    └─SandwichLin: 2-16                 [1, 2]                    (recursive)
==========================================================================================
Total params: 54,552
Trainable params: 54,542
Non-trainable params: 10
Total mult-adds (Units.MEGABYTES): 0.11
==========================================================================================
Input size (MB): 0.00
Forward/backward pass size (MB): 0.01
Params size (MB): 0.22
Estimated Total Size (MB): 0.23
==========================================================================================
==> Saving initial model weights...
==> Start training...
==> Number of param_groups in optimizer: 1
Epoch: 001 | Train Loss: 0.0013402 | Grad norm: 0.005776 | Time: 17s317ms
Epoch: 001 | Test Loss: 0.0013307 | Time: 610ms
==> Save the model at epoch 001 with test loss 0.0013307
Epoch: 002 | Train Loss: 0.0005835 | Grad norm: 0.002200 | Time: 17s58ms
Epoch: 002 | Test Loss: 0.0005570 | Time: 612ms
==> Save the model at epoch 002 with test loss 0.0005570
Epoch: 003 | Train Loss: 0.0005631 | Grad norm: 0.001884 | Time: 17s460ms
Epoch: 003 | Test Loss: 0.0005538 | Time: 619ms
==> Save the model at epoch 003 with test loss 0.0005538
Epoch: 004 | Train Loss: 0.0005635 | Grad norm: 0.001597 | Time: 17s596ms
Epoch: 004 | Test Loss: 0.0005591 | Time: 634ms
Epoch: 005 | Train Loss: 0.0005666 | Grad norm: 0.001530 | Time: 17s42ms
Epoch: 005 | Test Loss: 0.0005578 | Time: 629ms
Epoch: 006 | Train Loss: 0.0005663 | Grad norm: 0.001395 | Time: 16s984ms
Epoch: 006 | Test Loss: 0.0005670 | Time: 684ms
Epoch: 007 | Train Loss: 0.0005678 | Grad norm: 0.001345 | Time: 16s860ms
Epoch: 007 | Test Loss: 0.0005573 | Time: 618ms
Epoch: 008 | Train Loss: 0.0005669 | Grad norm: 0.001239 | Time: 17s674ms
Epoch: 008 | Test Loss: 0.0005615 | Time: 615ms
Epoch: 009 | Train Loss: 0.0005668 | Grad norm: 0.001143 | Time: 16s831ms
Epoch: 009 | Test Loss: 0.0005609 | Time: 689ms
Epoch: 010 | Train Loss: 0.0005667 | Grad norm: 0.001110 | Time: 17s525ms
Epoch: 010 | Test Loss: 0.0005552 | Time: 612ms
Epoch: 011 | Train Loss: 0.0005628 | Grad norm: 0.000948 | Time: 17s883ms
Epoch: 011 | Test Loss: 0.0005543 | Time: 625ms
Epoch: 012 | Train Loss: 0.0005632 | Grad norm: 0.000951 | Time: 18s131ms
Epoch: 012 | Test Loss: 0.0005528 | Time: 612ms
==> Save the model at epoch 012 with test loss 0.0005528
Epoch: 013 | Train Loss: 0.0005623 | Grad norm: 0.000916 | Time: 17s730ms
Epoch: 013 | Test Loss: 0.0005649 | Time: 617ms
Epoch: 014 | Train Loss: 0.0005611 | Grad norm: 0.000871 | Time: 17s467ms
Epoch: 014 | Test Loss: 0.0005582 | Time: 615ms
Epoch: 015 | Train Loss: 0.0005607 | Grad norm: 0.000861 | Time: 17s46ms
Epoch: 015 | Test Loss: 0.0005531 | Time: 618ms
Epoch: 016 | Train Loss: 0.0005589 | Grad norm: 0.000790 | Time: 18s158ms
Epoch: 016 | Test Loss: 0.0005597 | Time: 620ms
Epoch: 017 | Train Loss: 0.0005603 | Grad norm: 0.000851 | Time: 17s507ms
Epoch: 017 | Test Loss: 0.0005521 | Time: 626ms
==> Save the model at epoch 017 with test loss 0.0005521
Epoch: 018 | Train Loss: 0.0005589 | Grad norm: 0.000801 | Time: 17s718ms
Epoch: 018 | Test Loss: 0.0005545 | Time: 623ms
Epoch: 019 | Train Loss: 0.0005580 | Grad norm: 0.000761 | Time: 17s360ms
Epoch: 019 | Test Loss: 0.0005594 | Time: 619ms
Epoch: 020 | Train Loss: 0.0005573 | Grad norm: 0.000757 | Time: 17s212ms
Epoch: 020 | Test Loss: 0.0005507 | Time: 693ms
==> Save the model at epoch 020 with test loss 0.0005507
Epoch: 021 | Train Loss: 0.0005569 | Grad norm: 0.000735 | Time: 17s174ms
Epoch: 021 | Test Loss: 0.0005493 | Time: 623ms
==> Save the model at epoch 021 with test loss 0.0005493
Epoch: 022 | Train Loss: 0.0005561 | Grad norm: 0.000741 | Time: 17s561ms
Epoch: 022 | Test Loss: 0.0005507 | Time: 618ms
Epoch: 023 | Train Loss: 0.0005556 | Grad norm: 0.000723 | Time: 17s582ms
Epoch: 023 | Test Loss: 0.0005547 | Time: 629ms
Epoch: 024 | Train Loss: 0.0005542 | Grad norm: 0.000682 | Time: 18s729ms
Epoch: 024 | Test Loss: 0.0005521 | Time: 615ms
Epoch: 025 | Train Loss: 0.0005535 | Grad norm: 0.000694 | Time: 17s102ms
Epoch: 025 | Test Loss: 0.0005490 | Time: 618ms
==> Save the model at epoch 025 with test loss 0.0005490
Epoch: 026 | Train Loss: 0.0005529 | Grad norm: 0.000699 | Time: 17s923ms
Epoch: 026 | Test Loss: 0.0005516 | Time: 610ms
Epoch: 027 | Train Loss: 0.0005512 | Grad norm: 0.000683 | Time: 17s932ms
Epoch: 027 | Test Loss: 0.0005467 | Time: 626ms
==> Save the model at epoch 027 with test loss 0.0005467
Epoch: 028 | Train Loss: 0.0005504 | Grad norm: 0.000684 | Time: 17s128ms
Epoch: 028 | Test Loss: 0.0005468 | Time: 612ms
Epoch: 029 | Train Loss: 0.0005492 | Grad norm: 0.000683 | Time: 16s770ms
Epoch: 029 | Test Loss: 0.0005453 | Time: 615ms
==> Save the model at epoch 029 with test loss 0.0005453
Epoch: 030 | Train Loss: 0.0005481 | Grad norm: 0.000707 | Time: 17s416ms
Epoch: 030 | Test Loss: 0.0005452 | Time: 612ms
==> Save the model at epoch 030 with test loss 0.0005452
Epoch: 031 | Train Loss: 0.0005470 | Grad norm: 0.000705 | Time: 17s454ms
Epoch: 031 | Test Loss: 0.0005467 | Time: 686ms
Epoch: 032 | Train Loss: 0.0005458 | Grad norm: 0.000710 | Time: 17s162ms
Epoch: 032 | Test Loss: 0.0005459 | Time: 612ms
Epoch: 033 | Train Loss: 0.0005444 | Grad norm: 0.000727 | Time: 17s336ms
Epoch: 033 | Test Loss: 0.0005436 | Time: 620ms
==> Save the model at epoch 033 with test loss 0.0005436
Epoch: 034 | Train Loss: 0.0005433 | Grad norm: 0.000736 | Time: 17s463ms
Epoch: 034 | Test Loss: 0.0005432 | Time: 823ms
==> Save the model at epoch 034 with test loss 0.0005432
Epoch: 035 | Train Loss: 0.0005420 | Grad norm: 0.000755 | Time: 17s147ms
Epoch: 035 | Test Loss: 0.0005420 | Time: 620ms
==> Save the model at epoch 035 with test loss 0.0005420
Epoch: 036 | Train Loss: 0.0005411 | Grad norm: 0.000772 | Time: 17s403ms
Epoch: 036 | Test Loss: 0.0005408 | Time: 623ms
==> Save the model at epoch 036 with test loss 0.0005408
Epoch: 037 | Train Loss: 0.0005400 | Grad norm: 0.000785 | Time: 17s565ms
Epoch: 037 | Test Loss: 0.0005406 | Time: 624ms
==> Save the model at epoch 037 with test loss 0.0005406
Epoch: 038 | Train Loss: 0.0005394 | Grad norm: 0.000791 | Time: 17s995ms
Epoch: 038 | Test Loss: 0.0005401 | Time: 617ms
==> Save the model at epoch 038 with test loss 0.0005401
Epoch: 039 | Train Loss: 0.0005389 | Grad norm: 0.000785 | Time: 17s540ms
Epoch: 039 | Test Loss: 0.0005398 | Time: 786ms
==> Save the model at epoch 039 with test loss 0.0005398
Epoch: 040 | Train Loss: 0.0005385 | Grad norm: 0.000779 | Time: 17s161ms
Epoch: 040 | Test Loss: 0.0005398 | Time: 619ms
Total time: 12m3s
==> Saving trained model weights...
==> Input bias to be applied to the neural network (trained):
[0. 0. 0. 0.]
==> Input transform to be applied to the neural network (trained):
[ 0.62900996  0.6288517  11.614402    9.487666  ]
==> Output transform to be applied to the neural network (trained):
[0.0251 0.0262]
==> Saving training info...
==> Drawing training loss...
==> Drawing grad norm...
==> Drawing testing loss...
==> Process finished.
