==> torch device:  cuda:1
==> Test-Train split: test_ratio = 0.20
==> Test-Train split seed:  None
==> Further split: further_train_ratio = 0.25
==> Further split seed:  None
==> Input bias to be applied to the neural network:
[0. 0. 0. 0.]
==> Input transform to be applied to the neural network:
[0.708416   0.723275   0.67681897 0.67421794]
==> Ouput transform to be applied to the neural network:
[0.2339 0.2936]
==> Evaluating model...
==========================================================================================
Layer (type:depth-idx)                   Output Shape              Param #
==========================================================================================
NeuralNetwork                            [1, 2]                    10
├─Sequential: 1-1                        [1, 2]                    --
│    └─Linear: 2-1                       [1, 64]                   320
│    └─ReLU: 2-2                         [1, 64]                   --
│    └─Linear: 2-3                       [1, 64]                   4,160
│    └─ReLU: 2-4                         [1, 64]                   --
│    └─Linear: 2-5                       [1, 64]                   4,160
│    └─ReLU: 2-6                         [1, 64]                   --
│    └─Linear: 2-7                       [1, 64]                   4,160
│    └─ReLU: 2-8                         [1, 64]                   --
│    └─Linear: 2-9                       [1, 64]                   4,160
│    └─ReLU: 2-10                        [1, 64]                   --
│    └─Linear: 2-11                      [1, 64]                   4,160
│    └─ReLU: 2-12                        [1, 64]                   --
│    └─Linear: 2-13                      [1, 64]                   4,160
│    └─ReLU: 2-14                        [1, 64]                   --
│    └─Linear: 2-15                      [1, 2]                    130
├─Sequential: 1-2                        [1, 2]                    (recursive)
│    └─Linear: 2-16                      [1, 64]                   (recursive)
│    └─ReLU: 2-17                        [1, 64]                   --
│    └─Linear: 2-18                      [1, 64]                   (recursive)
│    └─ReLU: 2-19                        [1, 64]                   --
│    └─Linear: 2-20                      [1, 64]                   (recursive)
│    └─ReLU: 2-21                        [1, 64]                   --
│    └─Linear: 2-22                      [1, 64]                   (recursive)
│    └─ReLU: 2-23                        [1, 64]                   --
│    └─Linear: 2-24                      [1, 64]                   (recursive)
│    └─ReLU: 2-25                        [1, 64]                   --
│    └─Linear: 2-26                      [1, 64]                   (recursive)
│    └─ReLU: 2-27                        [1, 64]                   --
│    └─Linear: 2-28                      [1, 64]                   (recursive)
│    └─ReLU: 2-29                        [1, 64]                   --
│    └─Linear: 2-30                      [1, 2]                    (recursive)
==========================================================================================
Total params: 25,420
Trainable params: 25,410
Non-trainable params: 10
Total mult-adds (Units.MEGABYTES): 0.05
==========================================================================================
Input size (MB): 0.00
Forward/backward pass size (MB): 0.01
Params size (MB): 0.10
Estimated Total Size (MB): 0.11
==========================================================================================
==> Saving initial model weights...
==> Start training...
==> Number of param_groups in optimizer: 1
Epoch: 001 | Train Loss: 0.1409815 | Grad norm: 0.005038 | Time: 1s335ms
Epoch: 001 | Test Loss: 0.1415638 | Time: 500ms
==> Save the model at epoch 001 with test loss 0.1415638
Epoch: 002 | Train Loss: 0.1282733 | Grad norm: 0.037089 | Time: 1s132ms
Epoch: 002 | Test Loss: 0.0853053 | Time: 565ms
==> Save the model at epoch 002 with test loss 0.0853053
Epoch: 003 | Train Loss: 0.0324855 | Grad norm: 0.052816 | Time: 1s149ms
Epoch: 003 | Test Loss: 0.0110730 | Time: 575ms
==> Save the model at epoch 003 with test loss 0.0110730
Epoch: 004 | Train Loss: 0.0112716 | Grad norm: 0.034751 | Time: 1s18ms
Epoch: 004 | Test Loss: 0.0105195 | Time: 504ms
==> Save the model at epoch 004 with test loss 0.0105195
Epoch: 005 | Train Loss: 0.0109398 | Grad norm: 0.029523 | Time: 1s90ms
Epoch: 005 | Test Loss: 0.0105017 | Time: 529ms
==> Save the model at epoch 005 with test loss 0.0105017
Epoch: 006 | Train Loss: 0.0109332 | Grad norm: 0.033414 | Time: 977ms
Epoch: 006 | Test Loss: 0.0103452 | Time: 499ms
==> Save the model at epoch 006 with test loss 0.0103452
Epoch: 007 | Train Loss: 0.0108700 | Grad norm: 0.030722 | Time: 995ms
Epoch: 007 | Test Loss: 0.0103870 | Time: 570ms
Epoch: 008 | Train Loss: 0.0108249 | Grad norm: 0.028562 | Time: 1s56ms
Epoch: 008 | Test Loss: 0.0104551 | Time: 498ms
Epoch: 009 | Train Loss: 0.0107889 | Grad norm: 0.030254 | Time: 1s56ms
Epoch: 009 | Test Loss: 0.0104986 | Time: 528ms
Epoch: 010 | Train Loss: 0.0107860 | Grad norm: 0.033025 | Time: 1s126ms
Epoch: 010 | Test Loss: 0.0104348 | Time: 502ms
Epoch: 011 | Train Loss: 0.0106574 | Grad norm: 0.029086 | Time: 1s60ms
Epoch: 011 | Test Loss: 0.0103800 | Time: 568ms
Epoch: 012 | Train Loss: 0.0105985 | Grad norm: 0.026491 | Time: 1s60ms
Epoch: 012 | Test Loss: 0.0101907 | Time: 501ms
==> Save the model at epoch 012 with test loss 0.0101907
Epoch: 013 | Train Loss: 0.0105509 | Grad norm: 0.027170 | Time: 1s57ms
Epoch: 013 | Test Loss: 0.0102435 | Time: 498ms
Epoch: 014 | Train Loss: 0.0105068 | Grad norm: 0.026120 | Time: 1s84ms
Epoch: 014 | Test Loss: 0.0101553 | Time: 502ms
==> Save the model at epoch 014 with test loss 0.0101553
Epoch: 015 | Train Loss: 0.0104604 | Grad norm: 0.025164 | Time: 1s53ms
Epoch: 015 | Test Loss: 0.0101912 | Time: 565ms
Epoch: 016 | Train Loss: 0.0104021 | Grad norm: 0.024991 | Time: 1s53ms
Epoch: 016 | Test Loss: 0.0101635 | Time: 515ms
Epoch: 017 | Train Loss: 0.0103282 | Grad norm: 0.023202 | Time: 1s66ms
Epoch: 017 | Test Loss: 0.0099868 | Time: 504ms
==> Save the model at epoch 017 with test loss 0.0099868
Epoch: 018 | Train Loss: 0.0103181 | Grad norm: 0.023288 | Time: 1s90ms
Epoch: 018 | Test Loss: 0.0099540 | Time: 502ms
==> Save the model at epoch 018 with test loss 0.0099540
Epoch: 019 | Train Loss: 0.0102738 | Grad norm: 0.023312 | Time: 1s29ms
Epoch: 019 | Test Loss: 0.0099528 | Time: 591ms
==> Save the model at epoch 019 with test loss 0.0099528
Epoch: 020 | Train Loss: 0.0102360 | Grad norm: 0.022155 | Time: 1s71ms
Epoch: 020 | Test Loss: 0.0099437 | Time: 496ms
==> Save the model at epoch 020 with test loss 0.0099437
Epoch: 021 | Train Loss: 0.0102580 | Grad norm: 0.023739 | Time: 1s129ms
Epoch: 021 | Test Loss: 0.0099067 | Time: 515ms
==> Save the model at epoch 021 with test loss 0.0099067
Epoch: 022 | Train Loss: 0.0101976 | Grad norm: 0.022558 | Time: 1s66ms
Epoch: 022 | Test Loss: 0.0098870 | Time: 500ms
==> Save the model at epoch 022 with test loss 0.0098870
Epoch: 023 | Train Loss: 0.0101464 | Grad norm: 0.022190 | Time: 1s26ms
Epoch: 023 | Test Loss: 0.0099732 | Time: 580ms
Epoch: 024 | Train Loss: 0.0101371 | Grad norm: 0.021799 | Time: 1s17ms
Epoch: 024 | Test Loss: 0.0098203 | Time: 528ms
==> Save the model at epoch 024 with test loss 0.0098203
Epoch: 025 | Train Loss: 0.0101082 | Grad norm: 0.022491 | Time: 1s53ms
Epoch: 025 | Test Loss: 0.0098157 | Time: 501ms
==> Save the model at epoch 025 with test loss 0.0098157
Epoch: 026 | Train Loss: 0.0100314 | Grad norm: 0.019192 | Time: 1s83ms
Epoch: 026 | Test Loss: 0.0098039 | Time: 516ms
==> Save the model at epoch 026 with test loss 0.0098039
Epoch: 027 | Train Loss: 0.0100039 | Grad norm: 0.019641 | Time: 1s42ms
Epoch: 027 | Test Loss: 0.0097757 | Time: 585ms
==> Save the model at epoch 027 with test loss 0.0097757
Epoch: 028 | Train Loss: 0.0100102 | Grad norm: 0.020247 | Time: 1s69ms
Epoch: 028 | Test Loss: 0.0097971 | Time: 497ms
Epoch: 029 | Train Loss: 0.0099830 | Grad norm: 0.021073 | Time: 1s30ms
Epoch: 029 | Test Loss: 0.0097501 | Time: 519ms
==> Save the model at epoch 029 with test loss 0.0097501
Epoch: 030 | Train Loss: 0.0099439 | Grad norm: 0.019362 | Time: 1s71ms
Epoch: 030 | Test Loss: 0.0097127 | Time: 497ms
==> Save the model at epoch 030 with test loss 0.0097127
Epoch: 031 | Train Loss: 0.0099279 | Grad norm: 0.019146 | Time: 1s57ms
Epoch: 031 | Test Loss: 0.0096990 | Time: 568ms
==> Save the model at epoch 031 with test loss 0.0096990
Epoch: 032 | Train Loss: 0.0099142 | Grad norm: 0.020685 | Time: 1s96ms
Epoch: 032 | Test Loss: 0.0097011 | Time: 502ms
Epoch: 033 | Train Loss: 0.0098797 | Grad norm: 0.018121 | Time: 1s156ms
Epoch: 033 | Test Loss: 0.0096694 | Time: 564ms
==> Save the model at epoch 033 with test loss 0.0096694
Epoch: 034 | Train Loss: 0.0098847 | Grad norm: 0.018373 | Time: 1s87ms
Epoch: 034 | Test Loss: 0.0096968 | Time: 509ms
Epoch: 035 | Train Loss: 0.0098412 | Grad norm: 0.018557 | Time: 1s131ms
Epoch: 035 | Test Loss: 0.0096334 | Time: 594ms
==> Save the model at epoch 035 with test loss 0.0096334
Epoch: 036 | Train Loss: 0.0098202 | Grad norm: 0.017485 | Time: 1s135ms
Epoch: 036 | Test Loss: 0.0096266 | Time: 566ms
==> Save the model at epoch 036 with test loss 0.0096266
Epoch: 037 | Train Loss: 0.0098166 | Grad norm: 0.018239 | Time: 1s67ms
Epoch: 037 | Test Loss: 0.0096316 | Time: 506ms
Epoch: 038 | Train Loss: 0.0098006 | Grad norm: 0.017306 | Time: 1s124ms
Epoch: 038 | Test Loss: 0.0096186 | Time: 498ms
==> Save the model at epoch 038 with test loss 0.0096186
Epoch: 039 | Train Loss: 0.0098479 | Grad norm: 0.017281 | Time: 1s82ms
Epoch: 039 | Test Loss: 0.0096153 | Time: 577ms
==> Save the model at epoch 039 with test loss 0.0096153
Epoch: 040 | Train Loss: 0.0097945 | Grad norm: 0.017391 | Time: 1s28ms
Epoch: 040 | Test Loss: 0.0096142 | Time: 521ms
==> Save the model at epoch 040 with test loss 0.0096142
Total time: 1m4s
==> Saving trained model weights...
==> Input bias to be applied to the neural network (trained):
[0. 0. 0. 0.]
==> Input transform to be applied to the neural network (trained):
[0.708416   0.723275   0.67681897 0.67421794]
==> Output transform to be applied to the neural network (trained):
[0.2339 0.2936]
==> Saving training info...
==> Drawing training loss...
==> Drawing grad norm...
==> Drawing testing loss...
==> Process finished.
