==> torch device:  cuda:3
==> Test-Train split: test_ratio = 0.20
==> Test-Train split seed:  None
==> Further split: further_train_ratio = 0.25
==> Further split seed:  None
==> Lipschitz constant: 32.00
==> Input bias to be applied to the neural network:
[0. 0.]
==> Input transform to be applied to the neural network:
[0.5123476 0.5241365]
==> Ouput transform to be applied to the neural network:
[1.908  1.9349]
==> Evaluating model...
==========================================================================================
Layer (type:depth-idx)                   Output Shape              Param #
==========================================================================================
NeuralNetwork                            [1, 2]                    6
├─Sequential: 1-1                        [1, 2]                    --
│    └─SandwichFc: 2-1                   [1, 64]                   4,353
│    └─SandwichFc: 2-2                   [1, 64]                   8,321
│    └─SandwichFc: 2-3                   [1, 64]                   8,321
│    └─SandwichFc: 2-4                   [1, 64]                   8,321
│    └─SandwichFc: 2-5                   [1, 64]                   8,321
│    └─SandwichFc: 2-6                   [1, 64]                   8,321
│    └─SandwichFc: 2-7                   [1, 64]                   8,321
│    └─SandwichLin: 2-8                  [1, 2]                    135
├─Sequential: 1-2                        [1, 2]                    (recursive)
│    └─SandwichFc: 2-9                   [1, 64]                   (recursive)
│    └─SandwichFc: 2-10                  [1, 64]                   (recursive)
│    └─SandwichFc: 2-11                  [1, 64]                   (recursive)
│    └─SandwichFc: 2-12                  [1, 64]                   (recursive)
│    └─SandwichFc: 2-13                  [1, 64]                   (recursive)
│    └─SandwichFc: 2-14                  [1, 64]                   (recursive)
│    └─SandwichFc: 2-15                  [1, 64]                   (recursive)
│    └─SandwichLin: 2-16                 [1, 2]                    (recursive)
==========================================================================================
Total params: 54,420
Trainable params: 54,414
Non-trainable params: 6
Total mult-adds (Units.MEGABYTES): 0.11
==========================================================================================
Input size (MB): 0.00
Forward/backward pass size (MB): 0.01
Params size (MB): 0.22
Estimated Total Size (MB): 0.22
==========================================================================================
==> Saving initial model weights...
==> Start training...
==> Number of param_groups in optimizer: 1
Epoch: 001 | Train Loss: 7.5269537 | Grad norm: 78.194224 | Time: 5s169ms
Epoch: 001 | Test Loss: 7.5219871 | Time: 700ms
==> Save the model at epoch 001 with test loss 7.5219871
Epoch: 002 | Train Loss: 0.4246241 | Grad norm: 12.252371 | Time: 4s749ms
Epoch: 002 | Test Loss: 0.0078781 | Time: 631ms
==> Save the model at epoch 002 with test loss 0.0078781
Epoch: 003 | Train Loss: 0.0155217 | Grad norm: 6.691280 | Time: 4s574ms
Epoch: 003 | Test Loss: 0.0142616 | Time: 694ms
Epoch: 004 | Train Loss: 0.0162183 | Grad norm: 6.115606 | Time: 4s539ms
Epoch: 004 | Test Loss: 0.0175392 | Time: 625ms
Epoch: 005 | Train Loss: 0.0205996 | Grad norm: 5.745184 | Time: 4s886ms
Epoch: 005 | Test Loss: 0.0073509 | Time: 618ms
==> Save the model at epoch 005 with test loss 0.0073509
Epoch: 006 | Train Loss: 0.0268907 | Grad norm: 6.525302 | Time: 4s614ms
Epoch: 006 | Test Loss: 0.0191993 | Time: 659ms
Epoch: 007 | Train Loss: 0.0295010 | Grad norm: 6.203671 | Time: 4s854ms
Epoch: 007 | Test Loss: 0.0265982 | Time: 626ms
Epoch: 008 | Train Loss: 0.0303146 | Grad norm: 6.422032 | Time: 4s679ms
Epoch: 008 | Test Loss: 0.0396274 | Time: 631ms
Epoch: 009 | Train Loss: 0.0350940 | Grad norm: 6.940823 | Time: 4s826ms
Epoch: 009 | Test Loss: 0.0335911 | Time: 627ms
Epoch: 010 | Train Loss: 0.0293163 | Grad norm: 5.980490 | Time: 4s815ms
Epoch: 010 | Test Loss: 0.0568490 | Time: 708ms
Epoch: 011 | Train Loss: 0.0280674 | Grad norm: 5.426381 | Time: 4s574ms
Epoch: 011 | Test Loss: 0.0149067 | Time: 626ms
Epoch: 012 | Train Loss: 0.0232117 | Grad norm: 5.129309 | Time: 4s628ms
Epoch: 012 | Test Loss: 0.0227761 | Time: 632ms
Epoch: 013 | Train Loss: 0.0202967 | Grad norm: 4.554147 | Time: 4s573ms
Epoch: 013 | Test Loss: 0.0213732 | Time: 625ms
Epoch: 014 | Train Loss: 0.0182510 | Grad norm: 4.121402 | Time: 4s491ms
Epoch: 014 | Test Loss: 0.0122912 | Time: 632ms
Epoch: 015 | Train Loss: 0.0159264 | Grad norm: 4.278242 | Time: 4s588ms
Epoch: 015 | Test Loss: 0.0096185 | Time: 625ms
Epoch: 016 | Train Loss: 0.0142186 | Grad norm: 3.398983 | Time: 4s787ms
Epoch: 016 | Test Loss: 0.0190458 | Time: 624ms
Epoch: 017 | Train Loss: 0.0127424 | Grad norm: 3.426294 | Time: 4s654ms
Epoch: 017 | Test Loss: 0.0191114 | Time: 695ms
Epoch: 018 | Train Loss: 0.0102950 | Grad norm: 3.378012 | Time: 4s547ms
Epoch: 018 | Test Loss: 0.0102024 | Time: 622ms
Epoch: 019 | Train Loss: 0.0089027 | Grad norm: 2.718065 | Time: 4s565ms
Epoch: 019 | Test Loss: 0.0140447 | Time: 621ms
Epoch: 020 | Train Loss: 0.0096789 | Grad norm: 2.526957 | Time: 4s690ms
Epoch: 020 | Test Loss: 0.0079797 | Time: 628ms
Epoch: 021 | Train Loss: 0.0072496 | Grad norm: 2.733344 | Time: 4s656ms
Epoch: 021 | Test Loss: 0.0082349 | Time: 627ms
Epoch: 022 | Train Loss: 0.0059256 | Grad norm: 2.427384 | Time: 4s522ms
Epoch: 022 | Test Loss: 0.0050459 | Time: 617ms
==> Save the model at epoch 022 with test loss 0.0050459
Epoch: 023 | Train Loss: 0.0051912 | Grad norm: 1.942740 | Time: 4s650ms
Epoch: 023 | Test Loss: 0.0091682 | Time: 625ms
Epoch: 024 | Train Loss: 0.0048424 | Grad norm: 1.706775 | Time: 4s690ms
Epoch: 024 | Test Loss: 0.0063241 | Time: 693ms
Epoch: 025 | Train Loss: 0.0038408 | Grad norm: 1.885651 | Time: 4s591ms
Epoch: 025 | Test Loss: 0.0037203 | Time: 626ms
==> Save the model at epoch 025 with test loss 0.0037203
Epoch: 026 | Train Loss: 0.0028346 | Grad norm: 1.414834 | Time: 4s502ms
Epoch: 026 | Test Loss: 0.0053160 | Time: 630ms
Epoch: 027 | Train Loss: 0.0023348 | Grad norm: 1.075790 | Time: 4s702ms
Epoch: 027 | Test Loss: 0.0027108 | Time: 626ms
==> Save the model at epoch 027 with test loss 0.0027108
Epoch: 028 | Train Loss: 0.0022558 | Grad norm: 1.307642 | Time: 4s704ms
Epoch: 028 | Test Loss: 0.0015446 | Time: 627ms
==> Save the model at epoch 028 with test loss 0.0015446
Epoch: 029 | Train Loss: 0.0012203 | Grad norm: 0.589093 | Time: 4s664ms
Epoch: 029 | Test Loss: 0.0008727 | Time: 618ms
==> Save the model at epoch 029 with test loss 0.0008727
Epoch: 030 | Train Loss: 0.0008887 | Grad norm: 0.377355 | Time: 4s691ms
Epoch: 030 | Test Loss: 0.0010739 | Time: 625ms
Epoch: 031 | Train Loss: 0.0008104 | Grad norm: 0.336422 | Time: 4s665ms
Epoch: 031 | Test Loss: 0.0007858 | Time: 702ms
==> Save the model at epoch 031 with test loss 0.0007858
Epoch: 032 | Train Loss: 0.0007596 | Grad norm: 0.286976 | Time: 4s517ms
Epoch: 032 | Test Loss: 0.0007218 | Time: 625ms
==> Save the model at epoch 032 with test loss 0.0007218
Epoch: 033 | Train Loss: 0.0007488 | Grad norm: 0.287959 | Time: 4s497ms
Epoch: 033 | Test Loss: 0.0007520 | Time: 621ms
Epoch: 034 | Train Loss: 0.0007101 | Grad norm: 0.245311 | Time: 4s467ms
Epoch: 034 | Test Loss: 0.0007241 | Time: 621ms
Epoch: 035 | Train Loss: 0.0006561 | Grad norm: 0.174929 | Time: 4s829ms
Epoch: 035 | Test Loss: 0.0006671 | Time: 629ms
==> Save the model at epoch 035 with test loss 0.0006671
Epoch: 036 | Train Loss: 0.0006468 | Grad norm: 0.160839 | Time: 4s448ms
Epoch: 036 | Test Loss: 0.0006588 | Time: 617ms
==> Save the model at epoch 036 with test loss 0.0006588
Epoch: 037 | Train Loss: 0.0006351 | Grad norm: 0.146632 | Time: 4s495ms
Epoch: 037 | Test Loss: 0.0006479 | Time: 626ms
==> Save the model at epoch 037 with test loss 0.0006479
Epoch: 038 | Train Loss: 0.0006208 | Grad norm: 0.117094 | Time: 4s657ms
Epoch: 038 | Test Loss: 0.0006428 | Time: 693ms
==> Save the model at epoch 038 with test loss 0.0006428
Epoch: 039 | Train Loss: 0.0006163 | Grad norm: 0.110980 | Time: 4s650ms
Epoch: 039 | Test Loss: 0.0006345 | Time: 638ms
==> Save the model at epoch 039 with test loss 0.0006345
Epoch: 040 | Train Loss: 0.0006103 | Grad norm: 0.096980 | Time: 4s657ms
Epoch: 040 | Test Loss: 0.0006298 | Time: 697ms
==> Save the model at epoch 040 with test loss 0.0006298
Total time: 3m31s
==> Saving trained model weights...
==> Input bias to be applied to the neural network (trained):
[0. 0.]
==> Input transform to be applied to the neural network (trained):
[0.5123476 0.5241365]
==> Output transform to be applied to the neural network (trained):
[1.908  1.9349]
==> Saving training info...
==> Drawing training loss...
==> Drawing grad norm...
==> Drawing testing loss...
==> Process finished.
