==> torch device:  cuda:3
==> Test-Train split: test_ratio = 0.20
==> Test-Train split seed:  None
==> Further split: further_train_ratio = 0.50
==> Further split seed:  None
==> Input bias to be applied to the neural network:
[0. 0. 0. 0.]
==> Input transform to be applied to the neural network:
[1. 1. 1. 1.]
==> Ouput transform to be applied to the neural network:
[1. 1.]
==> Evaluating model...
==========================================================================================
Layer (type:depth-idx)                   Output Shape              Param #
==========================================================================================
NeuralNetwork                            [1, 2]                    10
├─Sequential: 1-1                        [1, 2]                    --
│    └─Linear: 2-1                       [1, 64]                   320
│    └─LeakyReLU: 2-2                    [1, 64]                   --
│    └─Linear: 2-3                       [1, 64]                   4,160
│    └─LeakyReLU: 2-4                    [1, 64]                   --
│    └─Linear: 2-5                       [1, 64]                   4,160
│    └─LeakyReLU: 2-6                    [1, 64]                   --
│    └─Linear: 2-7                       [1, 64]                   4,160
│    └─LeakyReLU: 2-8                    [1, 64]                   --
│    └─Linear: 2-9                       [1, 64]                   4,160
│    └─LeakyReLU: 2-10                   [1, 64]                   --
│    └─Linear: 2-11                      [1, 64]                   4,160
│    └─LeakyReLU: 2-12                   [1, 64]                   --
│    └─Linear: 2-13                      [1, 64]                   4,160
│    └─LeakyReLU: 2-14                   [1, 64]                   --
│    └─Linear: 2-15                      [1, 2]                    130
==========================================================================================
Total params: 25,420
Trainable params: 25,410
Non-trainable params: 10
Total mult-adds (Units.MEGABYTES): 0.03
==========================================================================================
Input size (MB): 0.00
Forward/backward pass size (MB): 0.00
Params size (MB): 0.10
Estimated Total Size (MB): 0.11
==========================================================================================
==> Saving initial model weights...
==> Start training...
Epoch: 001 | Loss: 0.0049930 | L2 loss: 0.0049929 | Lip loss: 0.0000001 | Grad norm: 0.024706 | Time: 17s390ms
Epoch: 001 | Test Loss: 0.0029430 | Time: 505ms
==> Save the model at epoch 001 with test loss 0.0029430
Epoch: 002 | Loss: 0.0028500 | L2 loss: 0.0028498 | Lip loss: 0.0000002 | Grad norm: 0.018437 | Time: 17s163ms
Epoch: 002 | Test Loss: 0.0027905 | Time: 518ms
==> Save the model at epoch 002 with test loss 0.0027905
Epoch: 003 | Loss: 0.0028072 | L2 loss: 0.0028071 | Lip loss: 0.0000002 | Grad norm: 0.017296 | Time: 16s874ms
Epoch: 003 | Test Loss: 0.0027961 | Time: 589ms
Epoch: 004 | Loss: 0.0027926 | L2 loss: 0.0027924 | Lip loss: 0.0000002 | Grad norm: 0.015245 | Time: 16s971ms
Epoch: 004 | Test Loss: 0.0027646 | Time: 519ms
==> Save the model at epoch 004 with test loss 0.0027646
Epoch: 005 | Loss: 0.0027785 | L2 loss: 0.0027783 | Lip loss: 0.0000002 | Grad norm: 0.013833 | Time: 16s960ms
Epoch: 005 | Test Loss: 0.0027678 | Time: 523ms
Epoch: 006 | Loss: 0.0027391 | L2 loss: 0.0027390 | Lip loss: 0.0000002 | Grad norm: 0.009891 | Time: 17s184ms
Epoch: 006 | Test Loss: 0.0027399 | Time: 521ms
==> Save the model at epoch 006 with test loss 0.0027399
Epoch: 007 | Loss: 0.0027342 | L2 loss: 0.0027340 | Lip loss: 0.0000002 | Grad norm: 0.009474 | Time: 16s809ms
Epoch: 007 | Test Loss: 0.0027365 | Time: 509ms
==> Save the model at epoch 007 with test loss 0.0027365
Epoch: 008 | Loss: 0.0027347 | L2 loss: 0.0027346 | Lip loss: 0.0000002 | Grad norm: 0.009615 | Time: 16s585ms
Epoch: 008 | Test Loss: 0.0027428 | Time: 503ms
Epoch: 009 | Loss: 0.0027323 | L2 loss: 0.0027321 | Lip loss: 0.0000002 | Grad norm: 0.009699 | Time: 17s82ms
Epoch: 009 | Test Loss: 0.0027504 | Time: 514ms
Epoch: 010 | Loss: 0.0027317 | L2 loss: 0.0027315 | Lip loss: 0.0000002 | Grad norm: 0.009740 | Time: 17s94ms
Epoch: 010 | Test Loss: 0.0027347 | Time: 584ms
==> Save the model at epoch 010 with test loss 0.0027347
Epoch: 011 | Loss: 0.0027247 | L2 loss: 0.0027245 | Lip loss: 0.0000002 | Grad norm: 0.009127 | Time: 17s94ms
Epoch: 011 | Test Loss: 0.0027322 | Time: 525ms
==> Save the model at epoch 011 with test loss 0.0027322
Epoch: 012 | Loss: 0.0027262 | L2 loss: 0.0027260 | Lip loss: 0.0000002 | Grad norm: 0.008875 | Time: 16s908ms
Epoch: 012 | Test Loss: 0.0027323 | Time: 516ms
Epoch: 013 | Loss: 0.0027251 | L2 loss: 0.0027249 | Lip loss: 0.0000002 | Grad norm: 0.008916 | Time: 17s485ms
Epoch: 013 | Test Loss: 0.0027323 | Time: 516ms
Epoch: 014 | Loss: 0.0027247 | L2 loss: 0.0027245 | Lip loss: 0.0000002 | Grad norm: 0.008643 | Time: 17s114ms
Epoch: 014 | Test Loss: 0.0027336 | Time: 520ms
Epoch: 015 | Loss: 0.0027236 | L2 loss: 0.0027235 | Lip loss: 0.0000002 | Grad norm: 0.009032 | Time: 16s995ms
Epoch: 015 | Test Loss: 0.0027330 | Time: 509ms
Epoch: 016 | Loss: 0.0027253 | L2 loss: 0.0027251 | Lip loss: 0.0000002 | Grad norm: 0.008955 | Time: 16s871ms
Epoch: 016 | Test Loss: 0.0027322 | Time: 503ms
Epoch: 017 | Loss: 0.0027241 | L2 loss: 0.0027240 | Lip loss: 0.0000002 | Grad norm: 0.009190 | Time: 17s308ms
Epoch: 017 | Test Loss: 0.0027323 | Time: 593ms
Epoch: 018 | Loss: 0.0027242 | L2 loss: 0.0027240 | Lip loss: 0.0000002 | Grad norm: 0.008920 | Time: 16s922ms
Epoch: 018 | Test Loss: 0.0027323 | Time: 516ms
Epoch: 019 | Loss: 0.0027240 | L2 loss: 0.0027239 | Lip loss: 0.0000002 | Grad norm: 0.008958 | Time: 17s164ms
Epoch: 019 | Test Loss: 0.0027322 | Time: 518ms
Epoch: 020 | Loss: 0.0027231 | L2 loss: 0.0027229 | Lip loss: 0.0000002 | Grad norm: 0.008580 | Time: 17s54ms
Epoch: 020 | Test Loss: 0.0027320 | Time: 513ms
==> Save the model at epoch 020 with test loss 0.0027320
Epoch: 021 | Loss: 0.0027243 | L2 loss: 0.0027241 | Lip loss: 0.0000002 | Grad norm: 0.009012 | Time: 17s369ms
Epoch: 021 | Test Loss: 0.0027320 | Time: 516ms
Epoch: 022 | Loss: 0.0027228 | L2 loss: 0.0027227 | Lip loss: 0.0000002 | Grad norm: 0.008722 | Time: 17s17ms
Epoch: 022 | Test Loss: 0.0027320 | Time: 512ms
==> Save the model at epoch 022 with test loss 0.0027320
Epoch: 023 | Loss: 0.0027229 | L2 loss: 0.0027227 | Lip loss: 0.0000002 | Grad norm: 0.008211 | Time: 17s156ms
Epoch: 023 | Test Loss: 0.0027320 | Time: 514ms
Epoch: 024 | Loss: 0.0027227 | L2 loss: 0.0027225 | Lip loss: 0.0000002 | Grad norm: 0.009176 | Time: 16s943ms
Epoch: 024 | Test Loss: 0.0027320 | Time: 585ms
Epoch: 025 | Loss: 0.0027243 | L2 loss: 0.0027241 | Lip loss: 0.0000002 | Grad norm: 0.009090 | Time: 17s320ms
Epoch: 025 | Test Loss: 0.0027320 | Time: 502ms
==> Save the model at epoch 025 with test loss 0.0027320
Epoch: 026 | Loss: 0.0027235 | L2 loss: 0.0027234 | Lip loss: 0.0000002 | Grad norm: 0.008454 | Time: 17s422ms
Epoch: 026 | Test Loss: 0.0027320 | Time: 516ms
Epoch: 027 | Loss: 0.0027239 | L2 loss: 0.0027237 | Lip loss: 0.0000002 | Grad norm: 0.008852 | Time: 17s450ms
Epoch: 027 | Test Loss: 0.0027320 | Time: 518ms
Epoch: 028 | Loss: 0.0027238 | L2 loss: 0.0027236 | Lip loss: 0.0000002 | Grad norm: 0.008841 | Time: 16s728ms
Epoch: 028 | Test Loss: 0.0027320 | Time: 515ms
Epoch: 029 | Loss: 0.0027234 | L2 loss: 0.0027232 | Lip loss: 0.0000002 | Grad norm: 0.009135 | Time: 17s898ms
Epoch: 029 | Test Loss: 0.0027320 | Time: 509ms
==> Save the model at epoch 029 with test loss 0.0027320
Epoch: 030 | Loss: 0.0027234 | L2 loss: 0.0027232 | Lip loss: 0.0000002 | Grad norm: 0.008374 | Time: 17s772ms
Epoch: 030 | Test Loss: 0.0027320 | Time: 518ms
Epoch: 031 | Loss: 0.0027236 | L2 loss: 0.0027234 | Lip loss: 0.0000002 | Grad norm: 0.008835 | Time: 17s440ms
Epoch: 031 | Test Loss: 0.0027320 | Time: 502ms
Epoch: 032 | Loss: 0.0027233 | L2 loss: 0.0027231 | Lip loss: 0.0000002 | Grad norm: 0.008338 | Time: 16s786ms
Epoch: 032 | Test Loss: 0.0027320 | Time: 517ms
Epoch: 033 | Loss: 0.0027235 | L2 loss: 0.0027234 | Lip loss: 0.0000002 | Grad norm: 0.008727 | Time: 16s959ms
Epoch: 033 | Test Loss: 0.0027320 | Time: 504ms
Epoch: 034 | Loss: 0.0027230 | L2 loss: 0.0027228 | Lip loss: 0.0000002 | Grad norm: 0.008547 | Time: 17s13ms
Epoch: 034 | Test Loss: 0.0027320 | Time: 507ms
Epoch: 035 | Loss: 0.0027230 | L2 loss: 0.0027228 | Lip loss: 0.0000002 | Grad norm: 0.009228 | Time: 17s94ms
Epoch: 035 | Test Loss: 0.0027320 | Time: 496ms
Epoch: 036 | Loss: 0.0027238 | L2 loss: 0.0027236 | Lip loss: 0.0000002 | Grad norm: 0.008601 | Time: 17s323ms
Epoch: 036 | Test Loss: 0.0027320 | Time: 587ms
Epoch: 037 | Loss: 0.0027228 | L2 loss: 0.0027226 | Lip loss: 0.0000002 | Grad norm: 0.008844 | Time: 16s794ms
Epoch: 037 | Test Loss: 0.0027320 | Time: 506ms
Epoch: 038 | Loss: 0.0027229 | L2 loss: 0.0027227 | Lip loss: 0.0000002 | Grad norm: 0.008721 | Time: 16s766ms
Epoch: 038 | Test Loss: 0.0027320 | Time: 516ms
Epoch: 039 | Loss: 0.0027239 | L2 loss: 0.0027238 | Lip loss: 0.0000002 | Grad norm: 0.008855 | Time: 16s972ms
Epoch: 039 | Test Loss: 0.0027320 | Time: 505ms
Epoch: 040 | Loss: 0.0027232 | L2 loss: 0.0027230 | Lip loss: 0.0000002 | Grad norm: 0.009218 | Time: 17s71ms
Epoch: 040 | Test Loss: 0.0027320 | Time: 511ms
Total time: 11m45s
==> Saving trained model weights...
==> Input bias to be applied to the neural network (trained):
[0. 0. 0. 0.]
==> Input transform to be applied to the neural network (trained):
[1. 1. 1. 1.]
==> Output transform to be applied to the neural network (trained):
[1. 1.]
==> Saving training info...
==> Drawing training loss...
==> Drawing grad norm...
==> Drawing testing loss...
==> Drawing l2 loss...
==> Drawing lip loss...
==> Process finished.
