==> torch device:  cuda:2
==> Test-Train split: test_ratio = 0.20
==> Test-Train split seed:  None
==> Further split: further_train_ratio = 1.00
==> Further split seed:  None
==> Input bias to be applied to the neural network:
[0. 0. 0. 0.]
==> Input transform to be applied to the neural network:
[1. 1. 1. 1.]
==> Ouput transform to be applied to the neural network:
[1. 1.]
==> Evaluating model...
==========================================================================================
Layer (type:depth-idx)                   Output Shape              Param #
==========================================================================================
NeuralNetwork                            [1, 2]                    10
├─Sequential: 1-1                        [1, 2]                    --
│    └─Linear: 2-1                       [1, 64]                   320
│    └─LeakyReLU: 2-2                    [1, 64]                   --
│    └─Linear: 2-3                       [1, 64]                   4,160
│    └─LeakyReLU: 2-4                    [1, 64]                   --
│    └─Linear: 2-5                       [1, 64]                   4,160
│    └─LeakyReLU: 2-6                    [1, 64]                   --
│    └─Linear: 2-7                       [1, 64]                   4,160
│    └─LeakyReLU: 2-8                    [1, 64]                   --
│    └─Linear: 2-9                       [1, 64]                   4,160
│    └─LeakyReLU: 2-10                   [1, 64]                   --
│    └─Linear: 2-11                      [1, 64]                   4,160
│    └─LeakyReLU: 2-12                   [1, 64]                   --
│    └─Linear: 2-13                      [1, 64]                   4,160
│    └─LeakyReLU: 2-14                   [1, 64]                   --
│    └─Linear: 2-15                      [1, 2]                    130
==========================================================================================
Total params: 25,420
Trainable params: 25,410
Non-trainable params: 10
Total mult-adds (Units.MEGABYTES): 0.03
==========================================================================================
Input size (MB): 0.00
Forward/backward pass size (MB): 0.00
Params size (MB): 0.10
Estimated Total Size (MB): 0.11
==========================================================================================
==> Saving initial model weights...
==> Start training...
Epoch: 001 | Loss: 0.0179723 | L2 loss: 0.0179723 | Lip loss: 0.0000000 | Grad norm: 0.074103 | Time: 34s41ms
Epoch: 001 | Test Loss: 0.0097449 | Time: 494ms
==> Save the model at epoch 001 with test loss 0.0097449
Epoch: 002 | Loss: 0.0101159 | L2 loss: 0.0101159 | Lip loss: 0.0000000 | Grad norm: 0.046765 | Time: 33s994ms
Epoch: 002 | Test Loss: 0.0095411 | Time: 513ms
==> Save the model at epoch 002 with test loss 0.0095411
Epoch: 003 | Loss: 0.0100239 | L2 loss: 0.0100239 | Lip loss: 0.0000000 | Grad norm: 0.047258 | Time: 33s791ms
Epoch: 003 | Test Loss: 0.0094493 | Time: 523ms
==> Save the model at epoch 003 with test loss 0.0094493
Epoch: 004 | Loss: 0.0098631 | L2 loss: 0.0098631 | Lip loss: 0.0000000 | Grad norm: 0.049697 | Time: 33s843ms
Epoch: 004 | Test Loss: 0.0091982 | Time: 499ms
==> Save the model at epoch 004 with test loss 0.0091982
Epoch: 005 | Loss: 0.0095768 | L2 loss: 0.0095768 | Lip loss: 0.0000000 | Grad norm: 0.052843 | Time: 34s151ms
Epoch: 005 | Test Loss: 0.0088510 | Time: 498ms
==> Save the model at epoch 005 with test loss 0.0088510
Epoch: 006 | Loss: 0.0088548 | L2 loss: 0.0088548 | Lip loss: 0.0000000 | Grad norm: 0.030742 | Time: 33s916ms
Epoch: 006 | Test Loss: 0.0083707 | Time: 569ms
==> Save the model at epoch 006 with test loss 0.0083707
Epoch: 007 | Loss: 0.0087491 | L2 loss: 0.0087491 | Lip loss: 0.0000000 | Grad norm: 0.032485 | Time: 33s470ms
Epoch: 007 | Test Loss: 0.0083212 | Time: 571ms
==> Save the model at epoch 007 with test loss 0.0083212
Epoch: 008 | Loss: 0.0086774 | L2 loss: 0.0086773 | Lip loss: 0.0000000 | Grad norm: 0.034342 | Time: 34s583ms
Epoch: 008 | Test Loss: 0.0082324 | Time: 499ms
==> Save the model at epoch 008 with test loss 0.0082324
Epoch: 009 | Loss: 0.0085870 | L2 loss: 0.0085870 | Lip loss: 0.0000000 | Grad norm: 0.034206 | Time: 33s793ms
Epoch: 009 | Test Loss: 0.0082000 | Time: 495ms
==> Save the model at epoch 009 with test loss 0.0082000
Epoch: 010 | Loss: 0.0085066 | L2 loss: 0.0085066 | Lip loss: 0.0000000 | Grad norm: 0.036036 | Time: 34s24ms
Epoch: 010 | Test Loss: 0.0081734 | Time: 501ms
==> Save the model at epoch 010 with test loss 0.0081734
Epoch: 011 | Loss: 0.0084063 | L2 loss: 0.0084063 | Lip loss: 0.0000000 | Grad norm: 0.032967 | Time: 34s446ms
Epoch: 011 | Test Loss: 0.0080819 | Time: 494ms
==> Save the model at epoch 011 with test loss 0.0080819
Epoch: 012 | Loss: 0.0083899 | L2 loss: 0.0083899 | Lip loss: 0.0000000 | Grad norm: 0.032682 | Time: 33s809ms
Epoch: 012 | Test Loss: 0.0080747 | Time: 500ms
==> Save the model at epoch 012 with test loss 0.0080747
Epoch: 013 | Loss: 0.0083809 | L2 loss: 0.0083809 | Lip loss: 0.0000000 | Grad norm: 0.032842 | Time: 33s996ms
Epoch: 013 | Test Loss: 0.0080628 | Time: 499ms
==> Save the model at epoch 013 with test loss 0.0080628
Epoch: 014 | Loss: 0.0083730 | L2 loss: 0.0083730 | Lip loss: 0.0000000 | Grad norm: 0.033011 | Time: 34s668ms
Epoch: 014 | Test Loss: 0.0080554 | Time: 498ms
==> Save the model at epoch 014 with test loss 0.0080554
Epoch: 015 | Loss: 0.0083643 | L2 loss: 0.0083643 | Lip loss: 0.0000000 | Grad norm: 0.033429 | Time: 33s805ms
Epoch: 015 | Test Loss: 0.0080491 | Time: 567ms
==> Save the model at epoch 015 with test loss 0.0080491
Epoch: 016 | Loss: 0.0083505 | L2 loss: 0.0083505 | Lip loss: 0.0000000 | Grad norm: 0.032732 | Time: 33s726ms
Epoch: 016 | Test Loss: 0.0080468 | Time: 578ms
==> Save the model at epoch 016 with test loss 0.0080468
Epoch: 017 | Loss: 0.0083492 | L2 loss: 0.0083492 | Lip loss: 0.0000000 | Grad norm: 0.032193 | Time: 33s755ms
Epoch: 017 | Test Loss: 0.0080452 | Time: 502ms
==> Save the model at epoch 017 with test loss 0.0080452
Epoch: 018 | Loss: 0.0083481 | L2 loss: 0.0083481 | Lip loss: 0.0000000 | Grad norm: 0.033215 | Time: 33s342ms
Epoch: 018 | Test Loss: 0.0080451 | Time: 495ms
==> Save the model at epoch 018 with test loss 0.0080451
Epoch: 019 | Loss: 0.0083471 | L2 loss: 0.0083471 | Lip loss: 0.0000000 | Grad norm: 0.031957 | Time: 33s516ms
Epoch: 019 | Test Loss: 0.0080445 | Time: 496ms
==> Save the model at epoch 019 with test loss 0.0080445
Epoch: 020 | Loss: 0.0083461 | L2 loss: 0.0083461 | Lip loss: 0.0000000 | Grad norm: 0.031872 | Time: 34s426ms
Epoch: 020 | Test Loss: 0.0080432 | Time: 505ms
==> Save the model at epoch 020 with test loss 0.0080432
Epoch: 021 | Loss: 0.0083448 | L2 loss: 0.0083448 | Lip loss: 0.0000000 | Grad norm: 0.032357 | Time: 34s865ms
Epoch: 021 | Test Loss: 0.0080429 | Time: 513ms
==> Save the model at epoch 021 with test loss 0.0080429
Epoch: 022 | Loss: 0.0083446 | L2 loss: 0.0083446 | Lip loss: 0.0000000 | Grad norm: 0.032538 | Time: 34s451ms
Epoch: 022 | Test Loss: 0.0080429 | Time: 498ms
==> Save the model at epoch 022 with test loss 0.0080429
Epoch: 023 | Loss: 0.0083444 | L2 loss: 0.0083444 | Lip loss: 0.0000000 | Grad norm: 0.033225 | Time: 33s667ms
Epoch: 023 | Test Loss: 0.0080429 | Time: 497ms
==> Save the model at epoch 023 with test loss 0.0080429
Epoch: 024 | Loss: 0.0083443 | L2 loss: 0.0083443 | Lip loss: 0.0000000 | Grad norm: 0.032208 | Time: 33s848ms
Epoch: 024 | Test Loss: 0.0080428 | Time: 580ms
==> Save the model at epoch 024 with test loss 0.0080428
Epoch: 025 | Loss: 0.0083442 | L2 loss: 0.0083442 | Lip loss: 0.0000000 | Grad norm: 0.032388 | Time: 33s971ms
Epoch: 025 | Test Loss: 0.0080427 | Time: 571ms
==> Save the model at epoch 025 with test loss 0.0080427
Epoch: 026 | Loss: 0.0083441 | L2 loss: 0.0083441 | Lip loss: 0.0000000 | Grad norm: 0.031992 | Time: 34s140ms
Epoch: 026 | Test Loss: 0.0080427 | Time: 501ms
==> Save the model at epoch 026 with test loss 0.0080427
Epoch: 027 | Loss: 0.0083440 | L2 loss: 0.0083440 | Lip loss: 0.0000000 | Grad norm: 0.032550 | Time: 34s514ms
Epoch: 027 | Test Loss: 0.0080427 | Time: 502ms
==> Save the model at epoch 027 with test loss 0.0080427
Epoch: 028 | Loss: 0.0083440 | L2 loss: 0.0083440 | Lip loss: 0.0000000 | Grad norm: 0.032381 | Time: 34s421ms
Epoch: 028 | Test Loss: 0.0080427 | Time: 496ms
==> Save the model at epoch 028 with test loss 0.0080427
Epoch: 029 | Loss: 0.0083440 | L2 loss: 0.0083440 | Lip loss: 0.0000000 | Grad norm: 0.032719 | Time: 33s644ms
Epoch: 029 | Test Loss: 0.0080427 | Time: 496ms
==> Save the model at epoch 029 with test loss 0.0080427
Epoch: 030 | Loss: 0.0083440 | L2 loss: 0.0083440 | Lip loss: 0.0000000 | Grad norm: 0.032911 | Time: 34s192ms
Epoch: 030 | Test Loss: 0.0080427 | Time: 507ms
==> Save the model at epoch 030 with test loss 0.0080427
Epoch: 031 | Loss: 0.0083440 | L2 loss: 0.0083440 | Lip loss: 0.0000000 | Grad norm: 0.032350 | Time: 33s750ms
Epoch: 031 | Test Loss: 0.0080427 | Time: 500ms
Epoch: 032 | Loss: 0.0083440 | L2 loss: 0.0083440 | Lip loss: 0.0000000 | Grad norm: 0.032057 | Time: 33s881ms
Epoch: 032 | Test Loss: 0.0080427 | Time: 566ms
Epoch: 033 | Loss: 0.0083440 | L2 loss: 0.0083440 | Lip loss: 0.0000000 | Grad norm: 0.032880 | Time: 34s862ms
Epoch: 033 | Test Loss: 0.0080427 | Time: 500ms
Epoch: 034 | Loss: 0.0083440 | L2 loss: 0.0083440 | Lip loss: 0.0000000 | Grad norm: 0.032197 | Time: 34s910ms
Epoch: 034 | Test Loss: 0.0080427 | Time: 571ms
Epoch: 035 | Loss: 0.0083440 | L2 loss: 0.0083440 | Lip loss: 0.0000000 | Grad norm: 0.033085 | Time: 35s384ms
Epoch: 035 | Test Loss: 0.0080427 | Time: 566ms
Epoch: 036 | Loss: 0.0083440 | L2 loss: 0.0083440 | Lip loss: 0.0000000 | Grad norm: 0.032600 | Time: 34s133ms
Epoch: 036 | Test Loss: 0.0080427 | Time: 502ms
Epoch: 037 | Loss: 0.0083440 | L2 loss: 0.0083440 | Lip loss: 0.0000000 | Grad norm: 0.032760 | Time: 34s614ms
Epoch: 037 | Test Loss: 0.0080427 | Time: 495ms
Epoch: 038 | Loss: 0.0083440 | L2 loss: 0.0083440 | Lip loss: 0.0000000 | Grad norm: 0.032441 | Time: 34s5ms
Epoch: 038 | Test Loss: 0.0080427 | Time: 496ms
Epoch: 039 | Loss: 0.0083440 | L2 loss: 0.0083440 | Lip loss: 0.0000000 | Grad norm: 0.032081 | Time: 33s493ms
Epoch: 039 | Test Loss: 0.0080427 | Time: 502ms
Epoch: 040 | Loss: 0.0083440 | L2 loss: 0.0083440 | Lip loss: 0.0000000 | Grad norm: 0.032468 | Time: 33s632ms
Epoch: 040 | Test Loss: 0.0080427 | Time: 498ms
Total time: 23m4s
==> Saving trained model weights...
==> Input bias to be applied to the neural network (trained):
[0. 0. 0. 0.]
==> Input transform to be applied to the neural network (trained):
[1. 1. 1. 1.]
==> Output transform to be applied to the neural network (trained):
[1. 1.]
==> Saving training info...
==> Drawing training loss...
==> Drawing grad norm...
==> Drawing testing loss...
==> Drawing l2 loss...
==> Drawing lip loss...
==> Process finished.
