==> torch device:  cuda:2
==> Test-Train split: test_ratio = 0.20
==> Test-Train split seed:  None
==> Further split: further_train_ratio = 0.50
==> Further split seed:  None
==> Input bias to be applied to the neural network:
[0. 0. 0. 0.]
==> Input transform to be applied to the neural network:
[ 0.62900996  0.6288517  11.614402    9.487666  ]
==> Ouput transform to be applied to the neural network:
[0.0251 0.0262]
==> Evaluating model...
==========================================================================================
Layer (type:depth-idx)                   Output Shape              Param #
==========================================================================================
NeuralNetwork                            [1, 2]                    10
├─Sequential: 1-1                        [1, 2]                    --
│    └─Linear: 2-1                       [1, 64]                   320
│    └─ReLU: 2-2                         [1, 64]                   --
│    └─Linear: 2-3                       [1, 64]                   4,160
│    └─ReLU: 2-4                         [1, 64]                   --
│    └─Linear: 2-5                       [1, 64]                   4,160
│    └─ReLU: 2-6                         [1, 64]                   --
│    └─Linear: 2-7                       [1, 64]                   4,160
│    └─ReLU: 2-8                         [1, 64]                   --
│    └─Linear: 2-9                       [1, 64]                   4,160
│    └─ReLU: 2-10                        [1, 64]                   --
│    └─Linear: 2-11                      [1, 64]                   4,160
│    └─ReLU: 2-12                        [1, 64]                   --
│    └─Linear: 2-13                      [1, 64]                   4,160
│    └─ReLU: 2-14                        [1, 64]                   --
│    └─Linear: 2-15                      [1, 2]                    130
├─Sequential: 1-2                        [1, 2]                    (recursive)
│    └─Linear: 2-16                      [1, 64]                   (recursive)
│    └─ReLU: 2-17                        [1, 64]                   --
│    └─Linear: 2-18                      [1, 64]                   (recursive)
│    └─ReLU: 2-19                        [1, 64]                   --
│    └─Linear: 2-20                      [1, 64]                   (recursive)
│    └─ReLU: 2-21                        [1, 64]                   --
│    └─Linear: 2-22                      [1, 64]                   (recursive)
│    └─ReLU: 2-23                        [1, 64]                   --
│    └─Linear: 2-24                      [1, 64]                   (recursive)
│    └─ReLU: 2-25                        [1, 64]                   --
│    └─Linear: 2-26                      [1, 64]                   (recursive)
│    └─ReLU: 2-27                        [1, 64]                   --
│    └─Linear: 2-28                      [1, 64]                   (recursive)
│    └─ReLU: 2-29                        [1, 64]                   --
│    └─Linear: 2-30                      [1, 2]                    (recursive)
==========================================================================================
Total params: 25,420
Trainable params: 25,410
Non-trainable params: 10
Total mult-adds (Units.MEGABYTES): 0.05
==========================================================================================
Input size (MB): 0.00
Forward/backward pass size (MB): 0.01
Params size (MB): 0.10
Estimated Total Size (MB): 0.11
==========================================================================================
==> Saving initial model weights...
==> Start training...
==> Number of param_groups in optimizer: 1
Epoch: 001 | Train Loss: 0.0013131 | Grad norm: 0.000020 | Time: 2s308ms
Epoch: 001 | Test Loss: 0.0013049 | Time: 545ms
==> Save the model at epoch 001 with test loss 0.0013049
Epoch: 002 | Train Loss: 0.0009570 | Grad norm: 0.000318 | Time: 2s186ms
Epoch: 002 | Test Loss: 0.0005625 | Time: 596ms
==> Save the model at epoch 002 with test loss 0.0005625
Epoch: 003 | Train Loss: 0.0005656 | Grad norm: 0.000372 | Time: 2s68ms
Epoch: 003 | Test Loss: 0.0005547 | Time: 538ms
==> Save the model at epoch 003 with test loss 0.0005547
Epoch: 004 | Train Loss: 0.0005625 | Grad norm: 0.000384 | Time: 2s234ms
Epoch: 004 | Test Loss: 0.0005546 | Time: 533ms
==> Save the model at epoch 004 with test loss 0.0005546
Epoch: 005 | Train Loss: 0.0005621 | Grad norm: 0.000381 | Time: 2s245ms
Epoch: 005 | Test Loss: 0.0005526 | Time: 544ms
==> Save the model at epoch 005 with test loss 0.0005526
Epoch: 006 | Train Loss: 0.0005618 | Grad norm: 0.000376 | Time: 2s84ms
Epoch: 006 | Test Loss: 0.0005539 | Time: 525ms
Epoch: 007 | Train Loss: 0.0005632 | Grad norm: 0.000395 | Time: 2s186ms
Epoch: 007 | Test Loss: 0.0005539 | Time: 521ms
Epoch: 008 | Train Loss: 0.0005626 | Grad norm: 0.000379 | Time: 2s222ms
Epoch: 008 | Test Loss: 0.0005533 | Time: 596ms
Epoch: 009 | Train Loss: 0.0005626 | Grad norm: 0.000378 | Time: 2s264ms
Epoch: 009 | Test Loss: 0.0005531 | Time: 524ms
Epoch: 010 | Train Loss: 0.0005611 | Grad norm: 0.000360 | Time: 2s192ms
Epoch: 010 | Test Loss: 0.0005551 | Time: 589ms
Epoch: 011 | Train Loss: 0.0005617 | Grad norm: 0.000379 | Time: 2s195ms
Epoch: 011 | Test Loss: 0.0005524 | Time: 534ms
==> Save the model at epoch 011 with test loss 0.0005524
Epoch: 012 | Train Loss: 0.0005601 | Grad norm: 0.000363 | Time: 2s265ms
Epoch: 012 | Test Loss: 0.0005538 | Time: 523ms
Epoch: 013 | Train Loss: 0.0005600 | Grad norm: 0.000365 | Time: 2s210ms
Epoch: 013 | Test Loss: 0.0005517 | Time: 525ms
==> Save the model at epoch 013 with test loss 0.0005517
Epoch: 014 | Train Loss: 0.0005596 | Grad norm: 0.000359 | Time: 2s140ms
Epoch: 014 | Test Loss: 0.0005530 | Time: 551ms
Epoch: 015 | Train Loss: 0.0005587 | Grad norm: 0.000355 | Time: 2s235ms
Epoch: 015 | Test Loss: 0.0005516 | Time: 524ms
==> Save the model at epoch 015 with test loss 0.0005516
Epoch: 016 | Train Loss: 0.0005582 | Grad norm: 0.000342 | Time: 2s259ms
Epoch: 016 | Test Loss: 0.0005534 | Time: 522ms
Epoch: 017 | Train Loss: 0.0005583 | Grad norm: 0.000354 | Time: 2s78ms
Epoch: 017 | Test Loss: 0.0005513 | Time: 559ms
==> Save the model at epoch 017 with test loss 0.0005513
Epoch: 018 | Train Loss: 0.0005576 | Grad norm: 0.000357 | Time: 2s286ms
Epoch: 018 | Test Loss: 0.0005536 | Time: 608ms
Epoch: 019 | Train Loss: 0.0005583 | Grad norm: 0.000378 | Time: 2s126ms
Epoch: 019 | Test Loss: 0.0005510 | Time: 525ms
==> Save the model at epoch 019 with test loss 0.0005510
Epoch: 020 | Train Loss: 0.0005571 | Grad norm: 0.000356 | Time: 2s232ms
Epoch: 020 | Test Loss: 0.0005556 | Time: 520ms
Epoch: 021 | Train Loss: 0.0005562 | Grad norm: 0.000342 | Time: 2s169ms
Epoch: 021 | Test Loss: 0.0005498 | Time: 564ms
==> Save the model at epoch 021 with test loss 0.0005498
Epoch: 022 | Train Loss: 0.0005556 | Grad norm: 0.000337 | Time: 2s254ms
Epoch: 022 | Test Loss: 0.0005500 | Time: 567ms
Epoch: 023 | Train Loss: 0.0005556 | Grad norm: 0.000345 | Time: 2s105ms
Epoch: 023 | Test Loss: 0.0005503 | Time: 518ms
Epoch: 024 | Train Loss: 0.0005551 | Grad norm: 0.000341 | Time: 2s84ms
Epoch: 024 | Test Loss: 0.0005514 | Time: 527ms
Epoch: 025 | Train Loss: 0.0005551 | Grad norm: 0.000357 | Time: 2s349ms
Epoch: 025 | Test Loss: 0.0005515 | Time: 522ms
Epoch: 026 | Train Loss: 0.0005542 | Grad norm: 0.000340 | Time: 2s47ms
Epoch: 026 | Test Loss: 0.0005497 | Time: 604ms
==> Save the model at epoch 026 with test loss 0.0005497
Epoch: 027 | Train Loss: 0.0005529 | Grad norm: 0.000339 | Time: 2s30ms
Epoch: 027 | Test Loss: 0.0005492 | Time: 557ms
==> Save the model at epoch 027 with test loss 0.0005492
Epoch: 028 | Train Loss: 0.0005527 | Grad norm: 0.000328 | Time: 2s275ms
Epoch: 028 | Test Loss: 0.0005501 | Time: 529ms
Epoch: 029 | Train Loss: 0.0005521 | Grad norm: 0.000330 | Time: 2s166ms
Epoch: 029 | Test Loss: 0.0005493 | Time: 520ms
Epoch: 030 | Train Loss: 0.0005522 | Grad norm: 0.000341 | Time: 2s220ms
Epoch: 030 | Test Loss: 0.0005481 | Time: 536ms
==> Save the model at epoch 030 with test loss 0.0005481
Epoch: 031 | Train Loss: 0.0005515 | Grad norm: 0.000331 | Time: 2s134ms
Epoch: 031 | Test Loss: 0.0005485 | Time: 528ms
Epoch: 032 | Train Loss: 0.0005513 | Grad norm: 0.000326 | Time: 2s116ms
Epoch: 032 | Test Loss: 0.0005478 | Time: 534ms
==> Save the model at epoch 032 with test loss 0.0005478
Epoch: 033 | Train Loss: 0.0005510 | Grad norm: 0.000334 | Time: 2s149ms
Epoch: 033 | Test Loss: 0.0005475 | Time: 519ms
==> Save the model at epoch 033 with test loss 0.0005475
Epoch: 034 | Train Loss: 0.0005506 | Grad norm: 0.000323 | Time: 2s172ms
Epoch: 034 | Test Loss: 0.0005475 | Time: 594ms
Epoch: 035 | Train Loss: 0.0005504 | Grad norm: 0.000329 | Time: 2s317ms
Epoch: 035 | Test Loss: 0.0005475 | Time: 521ms
Epoch: 036 | Train Loss: 0.0005500 | Grad norm: 0.000326 | Time: 2s157ms
Epoch: 036 | Test Loss: 0.0005474 | Time: 531ms
==> Save the model at epoch 036 with test loss 0.0005474
Epoch: 037 | Train Loss: 0.0005501 | Grad norm: 0.000336 | Time: 2s293ms
Epoch: 037 | Test Loss: 0.0005474 | Time: 543ms
Epoch: 038 | Train Loss: 0.0005497 | Grad norm: 0.000330 | Time: 2s261ms
Epoch: 038 | Test Loss: 0.0005472 | Time: 525ms
==> Save the model at epoch 038 with test loss 0.0005472
Epoch: 039 | Train Loss: 0.0005496 | Grad norm: 0.000320 | Time: 1s896ms
Epoch: 039 | Test Loss: 0.0005472 | Time: 525ms
==> Save the model at epoch 039 with test loss 0.0005472
Epoch: 040 | Train Loss: 0.0005495 | Grad norm: 0.000328 | Time: 2s293ms
Epoch: 040 | Test Loss: 0.0005472 | Time: 517ms
Total time: 1m49s
==> Saving trained model weights...
==> Input bias to be applied to the neural network (trained):
[0. 0. 0. 0.]
==> Input transform to be applied to the neural network (trained):
[ 0.62900996  0.6288517  11.614402    9.487666  ]
==> Output transform to be applied to the neural network (trained):
[0.0251 0.0262]
==> Saving training info...
==> Drawing training loss...
==> Drawing grad norm...
==> Drawing testing loss...
==> Process finished.
