==> torch device:  cuda:3
==> Test-Train split: test_ratio = 0.20
==> Test-Train split seed:  None
==> Further split: further_train_ratio = 0.25
==> Further split seed:  None
==> Input bias to be applied to the neural network:
[0. 0. 0. 0.]
==> Input transform to be applied to the neural network:
[1. 1. 1. 1.]
==> Ouput transform to be applied to the neural network:
[1. 1.]
==> Evaluating model...
==========================================================================================
Layer (type:depth-idx)                   Output Shape              Param #
==========================================================================================
NeuralNetwork                            [1, 2]                    10
├─Sequential: 1-1                        [1, 2]                    --
│    └─Linear: 2-1                       [1, 64]                   320
│    └─LeakyReLU: 2-2                    [1, 64]                   --
│    └─Linear: 2-3                       [1, 64]                   4,160
│    └─LeakyReLU: 2-4                    [1, 64]                   --
│    └─Linear: 2-5                       [1, 64]                   4,160
│    └─LeakyReLU: 2-6                    [1, 64]                   --
│    └─Linear: 2-7                       [1, 64]                   4,160
│    └─LeakyReLU: 2-8                    [1, 64]                   --
│    └─Linear: 2-9                       [1, 64]                   4,160
│    └─LeakyReLU: 2-10                   [1, 64]                   --
│    └─Linear: 2-11                      [1, 64]                   4,160
│    └─LeakyReLU: 2-12                   [1, 64]                   --
│    └─Linear: 2-13                      [1, 64]                   4,160
│    └─LeakyReLU: 2-14                   [1, 64]                   --
│    └─Linear: 2-15                      [1, 2]                    130
==========================================================================================
Total params: 25,420
Trainable params: 25,410
Non-trainable params: 10
Total mult-adds (Units.MEGABYTES): 0.03
==========================================================================================
Input size (MB): 0.00
Forward/backward pass size (MB): 0.00
Params size (MB): 0.10
Estimated Total Size (MB): 0.11
==========================================================================================
==> Saving initial model weights...
==> Start training...
Epoch: 001 | Loss: 0.0060729 | L2 loss: 0.0060663 | Lip loss: 0.0000066 | Grad norm: 0.032679 | Time: 9s260ms
Epoch: 001 | Test Loss: 0.0044213 | Time: 499ms
==> Save the model at epoch 001 with test loss 0.0044213
Epoch: 002 | Loss: 0.0040063 | L2 loss: 0.0038702 | Lip loss: 0.0001360 | Grad norm: 0.021478 | Time: 8s479ms
Epoch: 002 | Test Loss: 0.0037978 | Time: 566ms
==> Save the model at epoch 002 with test loss 0.0037978
Epoch: 003 | Loss: 0.0032587 | L2 loss: 0.0030992 | Lip loss: 0.0001595 | Grad norm: 0.019193 | Time: 8s323ms
Epoch: 003 | Test Loss: 0.0028227 | Time: 502ms
==> Save the model at epoch 003 with test loss 0.0028227
Epoch: 004 | Loss: 0.0030180 | L2 loss: 0.0028496 | Lip loss: 0.0001684 | Grad norm: 0.018813 | Time: 8s476ms
Epoch: 004 | Test Loss: 0.0027980 | Time: 489ms
==> Save the model at epoch 004 with test loss 0.0027980
Epoch: 005 | Loss: 0.0029842 | L2 loss: 0.0028162 | Lip loss: 0.0001681 | Grad norm: 0.017279 | Time: 8s534ms
Epoch: 005 | Test Loss: 0.0027957 | Time: 508ms
==> Save the model at epoch 005 with test loss 0.0027957
Epoch: 006 | Loss: 0.0029422 | L2 loss: 0.0027609 | Lip loss: 0.0001813 | Grad norm: 0.010819 | Time: 8s715ms
Epoch: 006 | Test Loss: 0.0027603 | Time: 493ms
==> Save the model at epoch 006 with test loss 0.0027603
Epoch: 007 | Loss: 0.0029134 | L2 loss: 0.0027531 | Lip loss: 0.0001602 | Grad norm: 0.010883 | Time: 8s830ms
Epoch: 007 | Test Loss: 0.0027515 | Time: 499ms
==> Save the model at epoch 007 with test loss 0.0027515
Epoch: 008 | Loss: 0.0029072 | L2 loss: 0.0027521 | Lip loss: 0.0001551 | Grad norm: 0.011154 | Time: 8s310ms
Epoch: 008 | Test Loss: 0.0027512 | Time: 499ms
==> Save the model at epoch 008 with test loss 0.0027512
Epoch: 009 | Loss: 0.0029259 | L2 loss: 0.0027458 | Lip loss: 0.0001802 | Grad norm: 0.009270 | Time: 8s569ms
Epoch: 009 | Test Loss: 0.0027502 | Time: 502ms
==> Save the model at epoch 009 with test loss 0.0027502
Epoch: 010 | Loss: 0.0029212 | L2 loss: 0.0027469 | Lip loss: 0.0001743 | Grad norm: 0.010221 | Time: 8s536ms
Epoch: 010 | Test Loss: 0.0027480 | Time: 505ms
==> Save the model at epoch 010 with test loss 0.0027480
Epoch: 011 | Loss: 0.0029199 | L2 loss: 0.0027380 | Lip loss: 0.0001818 | Grad norm: 0.008887 | Time: 8s331ms
Epoch: 011 | Test Loss: 0.0027460 | Time: 491ms
==> Save the model at epoch 011 with test loss 0.0027460
Epoch: 012 | Loss: 0.0029108 | L2 loss: 0.0027379 | Lip loss: 0.0001729 | Grad norm: 0.009368 | Time: 8s356ms
Epoch: 012 | Test Loss: 0.0027465 | Time: 495ms
Epoch: 013 | Loss: 0.0029169 | L2 loss: 0.0027371 | Lip loss: 0.0001798 | Grad norm: 0.008534 | Time: 8s405ms
Epoch: 013 | Test Loss: 0.0027466 | Time: 562ms
Epoch: 014 | Loss: 0.0029134 | L2 loss: 0.0027380 | Lip loss: 0.0001754 | Grad norm: 0.009323 | Time: 8s298ms
Epoch: 014 | Test Loss: 0.0027471 | Time: 501ms
Epoch: 015 | Loss: 0.0029030 | L2 loss: 0.0027364 | Lip loss: 0.0001665 | Grad norm: 0.008756 | Time: 8s575ms
Epoch: 015 | Test Loss: 0.0027476 | Time: 497ms
Epoch: 016 | Loss: 0.0028993 | L2 loss: 0.0027382 | Lip loss: 0.0001611 | Grad norm: 0.009805 | Time: 8s383ms
Epoch: 016 | Test Loss: 0.0027467 | Time: 586ms
Epoch: 017 | Loss: 0.0029084 | L2 loss: 0.0027349 | Lip loss: 0.0001735 | Grad norm: 0.009449 | Time: 8s611ms
Epoch: 017 | Test Loss: 0.0027463 | Time: 501ms
Epoch: 018 | Loss: 0.0028961 | L2 loss: 0.0027371 | Lip loss: 0.0001590 | Grad norm: 0.008853 | Time: 8s308ms
Epoch: 018 | Test Loss: 0.0027463 | Time: 499ms
Epoch: 019 | Loss: 0.0029131 | L2 loss: 0.0027372 | Lip loss: 0.0001759 | Grad norm: 0.009004 | Time: 8s459ms
Epoch: 019 | Test Loss: 0.0027463 | Time: 512ms
Epoch: 020 | Loss: 0.0029039 | L2 loss: 0.0027362 | Lip loss: 0.0001677 | Grad norm: 0.008971 | Time: 8s502ms
Epoch: 020 | Test Loss: 0.0027464 | Time: 507ms
Epoch: 021 | Loss: 0.0029109 | L2 loss: 0.0027370 | Lip loss: 0.0001738 | Grad norm: 0.009844 | Time: 8s588ms
Epoch: 021 | Test Loss: 0.0027464 | Time: 498ms
Epoch: 022 | Loss: 0.0029088 | L2 loss: 0.0027362 | Lip loss: 0.0001726 | Grad norm: 0.009284 | Time: 8s832ms
Epoch: 022 | Test Loss: 0.0027464 | Time: 492ms
Epoch: 023 | Loss: 0.0029056 | L2 loss: 0.0027357 | Lip loss: 0.0001699 | Grad norm: 0.008816 | Time: 8s371ms
Epoch: 023 | Test Loss: 0.0027464 | Time: 511ms
Epoch: 024 | Loss: 0.0029080 | L2 loss: 0.0027361 | Lip loss: 0.0001720 | Grad norm: 0.009050 | Time: 8s241ms
Epoch: 024 | Test Loss: 0.0027464 | Time: 580ms
Epoch: 025 | Loss: 0.0029268 | L2 loss: 0.0027364 | Lip loss: 0.0001904 | Grad norm: 0.009187 | Time: 8s552ms
Epoch: 025 | Test Loss: 0.0027464 | Time: 494ms
Epoch: 026 | Loss: 0.0029097 | L2 loss: 0.0027356 | Lip loss: 0.0001742 | Grad norm: 0.008823 | Time: 8s442ms
Epoch: 026 | Test Loss: 0.0027464 | Time: 502ms
Epoch: 027 | Loss: 0.0029128 | L2 loss: 0.0027354 | Lip loss: 0.0001774 | Grad norm: 0.009496 | Time: 8s201ms
Epoch: 027 | Test Loss: 0.0027464 | Time: 559ms
Epoch: 028 | Loss: 0.0029004 | L2 loss: 0.0027360 | Lip loss: 0.0001645 | Grad norm: 0.009159 | Time: 8s357ms
Epoch: 028 | Test Loss: 0.0027464 | Time: 504ms
Epoch: 029 | Loss: 0.0029013 | L2 loss: 0.0027358 | Lip loss: 0.0001654 | Grad norm: 0.008836 | Time: 8s292ms
Epoch: 029 | Test Loss: 0.0027464 | Time: 498ms
Epoch: 030 | Loss: 0.0028905 | L2 loss: 0.0027352 | Lip loss: 0.0001553 | Grad norm: 0.009787 | Time: 8s427ms
Epoch: 030 | Test Loss: 0.0027464 | Time: 499ms
Epoch: 031 | Loss: 0.0029119 | L2 loss: 0.0027353 | Lip loss: 0.0001767 | Grad norm: 0.009104 | Time: 8s515ms
Epoch: 031 | Test Loss: 0.0027464 | Time: 508ms
Epoch: 032 | Loss: 0.0029102 | L2 loss: 0.0027358 | Lip loss: 0.0001744 | Grad norm: 0.009445 | Time: 8s774ms
Epoch: 032 | Test Loss: 0.0027464 | Time: 489ms
Epoch: 033 | Loss: 0.0028963 | L2 loss: 0.0027357 | Lip loss: 0.0001607 | Grad norm: 0.009261 | Time: 8s699ms
Epoch: 033 | Test Loss: 0.0027464 | Time: 584ms
Epoch: 034 | Loss: 0.0028976 | L2 loss: 0.0027355 | Lip loss: 0.0001621 | Grad norm: 0.009311 | Time: 8s548ms
Epoch: 034 | Test Loss: 0.0027464 | Time: 517ms
Epoch: 035 | Loss: 0.0029096 | L2 loss: 0.0027364 | Lip loss: 0.0001732 | Grad norm: 0.009471 | Time: 8s457ms
Epoch: 035 | Test Loss: 0.0027464 | Time: 596ms
Epoch: 036 | Loss: 0.0029221 | L2 loss: 0.0027355 | Lip loss: 0.0001866 | Grad norm: 0.008835 | Time: 8s486ms
Epoch: 036 | Test Loss: 0.0027464 | Time: 503ms
Epoch: 037 | Loss: 0.0029055 | L2 loss: 0.0027370 | Lip loss: 0.0001686 | Grad norm: 0.008673 | Time: 8s542ms
Epoch: 037 | Test Loss: 0.0027464 | Time: 498ms
Epoch: 038 | Loss: 0.0028933 | L2 loss: 0.0027363 | Lip loss: 0.0001570 | Grad norm: 0.008459 | Time: 8s499ms
Epoch: 038 | Test Loss: 0.0027464 | Time: 590ms
Epoch: 039 | Loss: 0.0028999 | L2 loss: 0.0027363 | Lip loss: 0.0001637 | Grad norm: 0.008977 | Time: 8s633ms
Epoch: 039 | Test Loss: 0.0027464 | Time: 505ms
Epoch: 040 | Loss: 0.0028904 | L2 loss: 0.0027364 | Lip loss: 0.0001540 | Grad norm: 0.008795 | Time: 8s475ms
Epoch: 040 | Test Loss: 0.0027464 | Time: 510ms
Total time: 6m904ms
==> Saving trained model weights...
==> Input bias to be applied to the neural network (trained):
[0. 0. 0. 0.]
==> Input transform to be applied to the neural network (trained):
[1. 1. 1. 1.]
==> Output transform to be applied to the neural network (trained):
[1. 1.]
==> Saving training info...
==> Drawing training loss...
==> Drawing grad norm...
==> Drawing testing loss...
==> Drawing l2 loss...
==> Drawing lip loss...
==> Process finished.
