==> torch device:  cuda:0
==> Test-Train split: test_ratio = 0.20
==> Test-Train split seed:  None
==> Further split: further_train_ratio = 0.50
==> Further split seed:  None
==> Lipschitz constant: 8.00
==> Input bias to be applied to the neural network:
[0. 0.]
==> Input transform to be applied to the neural network:
[0.48014596 0.48395684]
==> Ouput transform to be applied to the neural network:
[2.0663 2.0805]
==> Evaluating model...
==========================================================================================
Layer (type:depth-idx)                   Output Shape              Param #
==========================================================================================
NeuralNetwork                            [1, 2]                    6
├─Sequential: 1-1                        [1, 2]                    --
│    └─SandwichFc: 2-1                   [1, 64]                   4,353
│    └─SandwichFc: 2-2                   [1, 64]                   8,321
│    └─SandwichFc: 2-3                   [1, 64]                   8,321
│    └─SandwichFc: 2-4                   [1, 64]                   8,321
│    └─SandwichFc: 2-5                   [1, 64]                   8,321
│    └─SandwichFc: 2-6                   [1, 64]                   8,321
│    └─SandwichFc: 2-7                   [1, 64]                   8,321
│    └─SandwichLin: 2-8                  [1, 2]                    135
├─Sequential: 1-2                        [1, 2]                    (recursive)
│    └─SandwichFc: 2-9                   [1, 64]                   (recursive)
│    └─SandwichFc: 2-10                  [1, 64]                   (recursive)
│    └─SandwichFc: 2-11                  [1, 64]                   (recursive)
│    └─SandwichFc: 2-12                  [1, 64]                   (recursive)
│    └─SandwichFc: 2-13                  [1, 64]                   (recursive)
│    └─SandwichFc: 2-14                  [1, 64]                   (recursive)
│    └─SandwichFc: 2-15                  [1, 64]                   (recursive)
│    └─SandwichLin: 2-16                 [1, 2]                    (recursive)
==========================================================================================
Total params: 54,420
Trainable params: 54,414
Non-trainable params: 6
Total mult-adds (Units.MEGABYTES): 0.11
==========================================================================================
Input size (MB): 0.00
Forward/backward pass size (MB): 0.01
Params size (MB): 0.22
Estimated Total Size (MB): 0.22
==========================================================================================
==> Saving initial model weights...
==> Start training...
==> Number of param_groups in optimizer: 1
Epoch: 001 | Train Loss: 8.6593943 | Grad norm: 19.485059 | Time: 13s930ms
Epoch: 001 | Test Loss: 8.6906713 | Time: 915ms
==> Save the model at epoch 001 with test loss 8.6906713
Epoch: 002 | Train Loss: 0.3834877 | Grad norm: 2.784787 | Time: 14s77ms
Epoch: 002 | Test Loss: 0.0012422 | Time: 920ms
==> Save the model at epoch 002 with test loss 0.0012422
Epoch: 003 | Train Loss: 0.0041629 | Grad norm: 2.203025 | Time: 13s589ms
Epoch: 003 | Test Loss: 0.0032585 | Time: 997ms
Epoch: 004 | Train Loss: 0.0058975 | Grad norm: 2.586296 | Time: 13s712ms
Epoch: 004 | Test Loss: 0.0048968 | Time: 922ms
Epoch: 005 | Train Loss: 0.0078235 | Grad norm: 2.846971 | Time: 13s666ms
Epoch: 005 | Test Loss: 0.0085751 | Time: 930ms
Epoch: 006 | Train Loss: 0.0100551 | Grad norm: 3.170518 | Time: 13s584ms
Epoch: 006 | Test Loss: 0.0117814 | Time: 986ms
Epoch: 007 | Train Loss: 0.0114652 | Grad norm: 3.229464 | Time: 13s927ms
Epoch: 007 | Test Loss: 0.0080364 | Time: 910ms
Epoch: 008 | Train Loss: 0.0126813 | Grad norm: 3.225358 | Time: 14s151ms
Epoch: 008 | Test Loss: 0.0096999 | Time: 922ms
Epoch: 009 | Train Loss: 0.0141279 | Grad norm: 3.164549 | Time: 13s889ms
Epoch: 009 | Test Loss: 0.0049948 | Time: 990ms
Epoch: 010 | Train Loss: 0.0115539 | Grad norm: 2.673444 | Time: 13s602ms
Epoch: 010 | Test Loss: 0.0286079 | Time: 905ms
Epoch: 011 | Train Loss: 0.0089692 | Grad norm: 2.524359 | Time: 14s505ms
Epoch: 011 | Test Loss: 0.0109481 | Time: 913ms
Epoch: 012 | Train Loss: 0.0077722 | Grad norm: 2.253566 | Time: 13s793ms
Epoch: 012 | Test Loss: 0.0062433 | Time: 943ms
Epoch: 013 | Train Loss: 0.0070963 | Grad norm: 1.974224 | Time: 13s817ms
Epoch: 013 | Test Loss: 0.0054466 | Time: 907ms
Epoch: 014 | Train Loss: 0.0055870 | Grad norm: 1.864678 | Time: 13s732ms
Epoch: 014 | Test Loss: 0.0088761 | Time: 990ms
Epoch: 015 | Train Loss: 0.0048504 | Grad norm: 1.486120 | Time: 14s218ms
Epoch: 015 | Test Loss: 0.0050756 | Time: 905ms
Epoch: 016 | Train Loss: 0.0048452 | Grad norm: 1.632521 | Time: 14s330ms
Epoch: 016 | Test Loss: 0.0035717 | Time: 912ms
Epoch: 017 | Train Loss: 0.0040317 | Grad norm: 1.466735 | Time: 14s108ms
Epoch: 017 | Test Loss: 0.0040264 | Time: 984ms
Epoch: 018 | Train Loss: 0.0020103 | Grad norm: 0.758805 | Time: 14s459ms
Epoch: 018 | Test Loss: 0.0008069 | Time: 1s84ms
==> Save the model at epoch 018 with test loss 0.0008069
Epoch: 019 | Train Loss: 0.0011936 | Grad norm: 0.459611 | Time: 14s155ms
Epoch: 019 | Test Loss: 0.0010533 | Time: 910ms
Epoch: 020 | Train Loss: 0.0010799 | Grad norm: 0.418066 | Time: 13s685ms
Epoch: 020 | Test Loss: 0.0008147 | Time: 976ms
Epoch: 021 | Train Loss: 0.0011585 | Grad norm: 0.433813 | Time: 13s953ms
Epoch: 021 | Test Loss: 0.0010182 | Time: 912ms
Epoch: 022 | Train Loss: 0.0022972 | Grad norm: 0.786575 | Time: 13s977ms
Epoch: 022 | Test Loss: 0.0043530 | Time: 921ms
Epoch: 023 | Train Loss: 0.0027350 | Grad norm: 1.087007 | Time: 13s800ms
Epoch: 023 | Test Loss: 0.0009524 | Time: 931ms
Epoch: 024 | Train Loss: 0.0008444 | Grad norm: 0.301296 | Time: 13s762ms
Epoch: 024 | Test Loss: 0.0009928 | Time: 905ms
Epoch: 025 | Train Loss: 0.0008537 | Grad norm: 0.302164 | Time: 13s528ms
Epoch: 025 | Test Loss: 0.0010763 | Time: 929ms
Epoch: 026 | Train Loss: 0.0008622 | Grad norm: 0.322611 | Time: 13s591ms
Epoch: 026 | Test Loss: 0.0006379 | Time: 919ms
==> Save the model at epoch 026 with test loss 0.0006379
Epoch: 027 | Train Loss: 0.0007549 | Grad norm: 0.255835 | Time: 13s766ms
Epoch: 027 | Test Loss: 0.0014431 | Time: 929ms
Epoch: 028 | Train Loss: 0.0008146 | Grad norm: 0.303699 | Time: 13s910ms
Epoch: 028 | Test Loss: 0.0008177 | Time: 985ms
Epoch: 029 | Train Loss: 0.0007204 | Grad norm: 0.226042 | Time: 13s728ms
Epoch: 029 | Test Loss: 0.0006743 | Time: 904ms
Epoch: 030 | Train Loss: 0.0006983 | Grad norm: 0.214739 | Time: 14s259ms
Epoch: 030 | Test Loss: 0.0006687 | Time: 928ms
Epoch: 031 | Train Loss: 0.0006737 | Grad norm: 0.203460 | Time: 13s362ms
Epoch: 031 | Test Loss: 0.0007098 | Time: 984ms
Epoch: 032 | Train Loss: 0.0006422 | Grad norm: 0.179374 | Time: 13s649ms
Epoch: 032 | Test Loss: 0.0006080 | Time: 921ms
==> Save the model at epoch 032 with test loss 0.0006080
Epoch: 033 | Train Loss: 0.0006179 | Grad norm: 0.153074 | Time: 13s983ms
Epoch: 033 | Test Loss: 0.0006477 | Time: 914ms
Epoch: 034 | Train Loss: 0.0006039 | Grad norm: 0.141014 | Time: 13s950ms
Epoch: 034 | Test Loss: 0.0006056 | Time: 917ms
==> Save the model at epoch 034 with test loss 0.0006056
Epoch: 035 | Train Loss: 0.0005917 | Grad norm: 0.135094 | Time: 14s12ms
Epoch: 035 | Test Loss: 0.0006407 | Time: 907ms
Epoch: 036 | Train Loss: 0.0005741 | Grad norm: 0.114149 | Time: 13s908ms
Epoch: 036 | Test Loss: 0.0005725 | Time: 921ms
==> Save the model at epoch 036 with test loss 0.0005725
Epoch: 037 | Train Loss: 0.0005624 | Grad norm: 0.096991 | Time: 13s742ms
Epoch: 037 | Test Loss: 0.0005684 | Time: 909ms
==> Save the model at epoch 037 with test loss 0.0005684
Epoch: 038 | Train Loss: 0.0005507 | Grad norm: 0.076384 | Time: 13s765ms
Epoch: 038 | Test Loss: 0.0005541 | Time: 1s19ms
==> Save the model at epoch 038 with test loss 0.0005541
Epoch: 039 | Train Loss: 0.0005435 | Grad norm: 0.065004 | Time: 13s818ms
Epoch: 039 | Test Loss: 0.0005495 | Time: 974ms
==> Save the model at epoch 039 with test loss 0.0005495
Epoch: 040 | Train Loss: 0.0005389 | Grad norm: 0.057530 | Time: 13s614ms
Epoch: 040 | Test Loss: 0.0005481 | Time: 913ms
==> Save the model at epoch 040 with test loss 0.0005481
Total time: 9m52s
==> Saving trained model weights...
==> Input bias to be applied to the neural network (trained):
[0. 0.]
==> Input transform to be applied to the neural network (trained):
[0.48014596 0.48395684]
==> Output transform to be applied to the neural network (trained):
[2.0663 2.0805]
==> Saving training info...
==> Drawing training loss...
==> Drawing grad norm...
==> Drawing testing loss...
==> Process finished.
