==> torch device:  cuda:1
==> Test-Train split: test_ratio = 0.20
==> Test-Train split seed:  None
==> Further split: further_train_ratio = 0.25
==> Further split seed:  None
==> Input bias to be applied to the neural network:
[0. 0. 0. 0.]
==> Input transform to be applied to the neural network:
[0.7072636  0.72212595 0.6760411  0.67349136]
==> Ouput transform to be applied to the neural network:
[0.2287 0.2871]
==> Evaluating model...
==========================================================================================
Layer (type:depth-idx)                   Output Shape              Param #
==========================================================================================
NeuralNetwork                            [1, 2]                    10
├─Sequential: 1-1                        [1, 2]                    --
│    └─Linear: 2-1                       [1, 64]                   320
│    └─ReLU: 2-2                         [1, 64]                   --
│    └─Linear: 2-3                       [1, 64]                   4,160
│    └─ReLU: 2-4                         [1, 64]                   --
│    └─Linear: 2-5                       [1, 64]                   4,160
│    └─ReLU: 2-6                         [1, 64]                   --
│    └─Linear: 2-7                       [1, 64]                   4,160
│    └─ReLU: 2-8                         [1, 64]                   --
│    └─Linear: 2-9                       [1, 64]                   4,160
│    └─ReLU: 2-10                        [1, 64]                   --
│    └─Linear: 2-11                      [1, 64]                   4,160
│    └─ReLU: 2-12                        [1, 64]                   --
│    └─Linear: 2-13                      [1, 64]                   4,160
│    └─ReLU: 2-14                        [1, 64]                   --
│    └─Linear: 2-15                      [1, 2]                    130
├─Sequential: 1-2                        [1, 2]                    (recursive)
│    └─Linear: 2-16                      [1, 64]                   (recursive)
│    └─ReLU: 2-17                        [1, 64]                   --
│    └─Linear: 2-18                      [1, 64]                   (recursive)
│    └─ReLU: 2-19                        [1, 64]                   --
│    └─Linear: 2-20                      [1, 64]                   (recursive)
│    └─ReLU: 2-21                        [1, 64]                   --
│    └─Linear: 2-22                      [1, 64]                   (recursive)
│    └─ReLU: 2-23                        [1, 64]                   --
│    └─Linear: 2-24                      [1, 64]                   (recursive)
│    └─ReLU: 2-25                        [1, 64]                   --
│    └─Linear: 2-26                      [1, 64]                   (recursive)
│    └─ReLU: 2-27                        [1, 64]                   --
│    └─Linear: 2-28                      [1, 64]                   (recursive)
│    └─ReLU: 2-29                        [1, 64]                   --
│    └─Linear: 2-30                      [1, 2]                    (recursive)
==========================================================================================
Total params: 25,420
Trainable params: 25,410
Non-trainable params: 10
Total mult-adds (Units.MEGABYTES): 0.05
==========================================================================================
Input size (MB): 0.00
Forward/backward pass size (MB): 0.01
Params size (MB): 0.10
Estimated Total Size (MB): 0.11
==========================================================================================
==> Saving initial model weights...
==> Start training...
==> Number of param_groups in optimizer: 1
Epoch: 001 | Train Loss: 0.1348008 | Grad norm: 0.004793 | Time: 1s352ms
Epoch: 001 | Test Loss: 0.1353488 | Time: 561ms
==> Save the model at epoch 001 with test loss 0.1353488
Epoch: 002 | Train Loss: 0.0422960 | Grad norm: 0.050461 | Time: 1s44ms
Epoch: 002 | Test Loss: 0.0107271 | Time: 503ms
==> Save the model at epoch 002 with test loss 0.0107271
Epoch: 003 | Train Loss: 0.0111758 | Grad norm: 0.030958 | Time: 1s5ms
Epoch: 003 | Test Loss: 0.0105994 | Time: 565ms
==> Save the model at epoch 003 with test loss 0.0105994
Epoch: 004 | Train Loss: 0.0110563 | Grad norm: 0.027990 | Time: 1s39ms
Epoch: 004 | Test Loss: 0.0106686 | Time: 502ms
Epoch: 005 | Train Loss: 0.0112584 | Grad norm: 0.033542 | Time: 1s47ms
Epoch: 005 | Test Loss: 0.0105851 | Time: 497ms
==> Save the model at epoch 005 with test loss 0.0105851
Epoch: 006 | Train Loss: 0.0112261 | Grad norm: 0.032649 | Time: 1s37ms
Epoch: 006 | Test Loss: 0.0105205 | Time: 530ms
==> Save the model at epoch 006 with test loss 0.0105205
Epoch: 007 | Train Loss: 0.0112715 | Grad norm: 0.036287 | Time: 1s172ms
Epoch: 007 | Test Loss: 0.0107827 | Time: 605ms
Epoch: 008 | Train Loss: 0.0114432 | Grad norm: 0.037657 | Time: 1s147ms
Epoch: 008 | Test Loss: 0.0103850 | Time: 511ms
==> Save the model at epoch 008 with test loss 0.0103850
Epoch: 009 | Train Loss: 0.0113093 | Grad norm: 0.036251 | Time: 1s20ms
Epoch: 009 | Test Loss: 0.0106365 | Time: 500ms
Epoch: 010 | Train Loss: 0.0110778 | Grad norm: 0.034085 | Time: 1s75ms
Epoch: 010 | Test Loss: 0.0112996 | Time: 495ms
Epoch: 011 | Train Loss: 0.0109190 | Grad norm: 0.031533 | Time: 1s58ms
Epoch: 011 | Test Loss: 0.0107646 | Time: 581ms
Epoch: 012 | Train Loss: 0.0109472 | Grad norm: 0.032269 | Time: 1s90ms
Epoch: 012 | Test Loss: 0.0100117 | Time: 513ms
==> Save the model at epoch 012 with test loss 0.0100117
Epoch: 013 | Train Loss: 0.0107363 | Grad norm: 0.028969 | Time: 1s56ms
Epoch: 013 | Test Loss: 0.0106029 | Time: 506ms
Epoch: 014 | Train Loss: 0.0109635 | Grad norm: 0.032731 | Time: 1s14ms
Epoch: 014 | Test Loss: 0.0107327 | Time: 496ms
Epoch: 015 | Train Loss: 0.0106868 | Grad norm: 0.029302 | Time: 1s81ms
Epoch: 015 | Test Loss: 0.0101295 | Time: 569ms
Epoch: 016 | Train Loss: 0.0105571 | Grad norm: 0.025808 | Time: 1s118ms
Epoch: 016 | Test Loss: 0.0101303 | Time: 514ms
Epoch: 017 | Train Loss: 0.0106178 | Grad norm: 0.028449 | Time: 1s21ms
Epoch: 017 | Test Loss: 0.0100816 | Time: 498ms
Epoch: 018 | Train Loss: 0.0105463 | Grad norm: 0.026656 | Time: 973ms
Epoch: 018 | Test Loss: 0.0104575 | Time: 515ms
Epoch: 019 | Train Loss: 0.0104416 | Grad norm: 0.024765 | Time: 1s65ms
Epoch: 019 | Test Loss: 0.0102287 | Time: 575ms
Epoch: 020 | Train Loss: 0.0104331 | Grad norm: 0.025001 | Time: 1s101ms
Epoch: 020 | Test Loss: 0.0102001 | Time: 505ms
Epoch: 021 | Train Loss: 0.0104371 | Grad norm: 0.025635 | Time: 1s62ms
Epoch: 021 | Test Loss: 0.0099196 | Time: 509ms
==> Save the model at epoch 021 with test loss 0.0099196
Epoch: 022 | Train Loss: 0.0103057 | Grad norm: 0.023344 | Time: 1s48ms
Epoch: 022 | Test Loss: 0.0099160 | Time: 498ms
==> Save the model at epoch 022 with test loss 0.0099160
Epoch: 023 | Train Loss: 0.0102579 | Grad norm: 0.022348 | Time: 1s80ms
Epoch: 023 | Test Loss: 0.0099040 | Time: 595ms
==> Save the model at epoch 023 with test loss 0.0099040
Epoch: 024 | Train Loss: 0.0102504 | Grad norm: 0.022104 | Time: 1s127ms
Epoch: 024 | Test Loss: 0.0099288 | Time: 523ms
Epoch: 025 | Train Loss: 0.0101828 | Grad norm: 0.020872 | Time: 1s94ms
Epoch: 025 | Test Loss: 0.0098746 | Time: 496ms
==> Save the model at epoch 025 with test loss 0.0098746
Epoch: 026 | Train Loss: 0.0102075 | Grad norm: 0.023093 | Time: 1s48ms
Epoch: 026 | Test Loss: 0.0097357 | Time: 506ms
==> Save the model at epoch 026 with test loss 0.0097357
Epoch: 027 | Train Loss: 0.0101358 | Grad norm: 0.022169 | Time: 1s61ms
Epoch: 027 | Test Loss: 0.0100897 | Time: 569ms
Epoch: 028 | Train Loss: 0.0101167 | Grad norm: 0.022645 | Time: 1s113ms
Epoch: 028 | Test Loss: 0.0096434 | Time: 496ms
==> Save the model at epoch 028 with test loss 0.0096434
Epoch: 029 | Train Loss: 0.0100328 | Grad norm: 0.021305 | Time: 1s102ms
Epoch: 029 | Test Loss: 0.0096691 | Time: 497ms
Epoch: 030 | Train Loss: 0.0100151 | Grad norm: 0.021121 | Time: 1s132ms
Epoch: 030 | Test Loss: 0.0097293 | Time: 508ms
Epoch: 031 | Train Loss: 0.0099483 | Grad norm: 0.019045 | Time: 1s88ms
Epoch: 031 | Test Loss: 0.0096436 | Time: 574ms
Epoch: 032 | Train Loss: 0.0099178 | Grad norm: 0.019598 | Time: 1s33ms
Epoch: 032 | Test Loss: 0.0097801 | Time: 496ms
Epoch: 033 | Train Loss: 0.0098783 | Grad norm: 0.018798 | Time: 1s56ms
Epoch: 033 | Test Loss: 0.0096210 | Time: 503ms
==> Save the model at epoch 033 with test loss 0.0096210
Epoch: 034 | Train Loss: 0.0098948 | Grad norm: 0.020190 | Time: 1s38ms
Epoch: 034 | Test Loss: 0.0095902 | Time: 498ms
==> Save the model at epoch 034 with test loss 0.0095902
Epoch: 035 | Train Loss: 0.0098040 | Grad norm: 0.017726 | Time: 1s81ms
Epoch: 035 | Test Loss: 0.0095133 | Time: 575ms
==> Save the model at epoch 035 with test loss 0.0095133
Epoch: 036 | Train Loss: 0.0097803 | Grad norm: 0.017167 | Time: 1s139ms
Epoch: 036 | Test Loss: 0.0094926 | Time: 501ms
==> Save the model at epoch 036 with test loss 0.0094926
Epoch: 037 | Train Loss: 0.0097633 | Grad norm: 0.017290 | Time: 1s5ms
Epoch: 037 | Test Loss: 0.0094998 | Time: 497ms
Epoch: 038 | Train Loss: 0.0097388 | Grad norm: 0.016219 | Time: 1s66ms
Epoch: 038 | Test Loss: 0.0094560 | Time: 505ms
==> Save the model at epoch 038 with test loss 0.0094560
Epoch: 039 | Train Loss: 0.0097745 | Grad norm: 0.016112 | Time: 1s80ms
Epoch: 039 | Test Loss: 0.0094498 | Time: 574ms
==> Save the model at epoch 039 with test loss 0.0094498
Epoch: 040 | Train Loss: 0.0097189 | Grad norm: 0.016027 | Time: 1s103ms
Epoch: 040 | Test Loss: 0.0094479 | Time: 562ms
==> Save the model at epoch 040 with test loss 0.0094479
Total time: 1m4s
==> Saving trained model weights...
==> Input bias to be applied to the neural network (trained):
[0. 0. 0. 0.]
==> Input transform to be applied to the neural network (trained):
[0.7072636  0.72212595 0.6760411  0.67349136]
==> Output transform to be applied to the neural network (trained):
[0.2287 0.2871]
==> Saving training info...
==> Drawing training loss...
==> Drawing grad norm...
==> Drawing testing loss...
==> Process finished.
