==> torch device:  cuda:2
==> Test-Train split: test_ratio = 0.20
==> Test-Train split seed:  None
==> Further split: further_train_ratio = 0.50
==> Further split seed:  None
==> Lipschitz constant: 128.00
==> Input bias to be applied to the neural network:
[0. 0. 0. 0.]
==> Input transform to be applied to the neural network:
[ 0.62900996  0.6288517  11.614402    9.487666  ]
==> Ouput transform to be applied to the neural network:
[0.0195 0.021 ]
==> Evaluating model...
==========================================================================================
Layer (type:depth-idx)                   Output Shape              Param #
==========================================================================================
NeuralNetwork                            [1, 2]                    10
├─Sequential: 1-1                        [1, 2]                    --
│    └─SandwichFc: 2-1                   [1, 64]                   4,481
│    └─SandwichFc: 2-2                   [1, 64]                   8,321
│    └─SandwichFc: 2-3                   [1, 64]                   8,321
│    └─SandwichFc: 2-4                   [1, 64]                   8,321
│    └─SandwichFc: 2-5                   [1, 64]                   8,321
│    └─SandwichFc: 2-6                   [1, 64]                   8,321
│    └─SandwichFc: 2-7                   [1, 64]                   8,321
│    └─SandwichLin: 2-8                  [1, 2]                    135
├─Sequential: 1-2                        [1, 2]                    (recursive)
│    └─SandwichFc: 2-9                   [1, 64]                   (recursive)
│    └─SandwichFc: 2-10                  [1, 64]                   (recursive)
│    └─SandwichFc: 2-11                  [1, 64]                   (recursive)
│    └─SandwichFc: 2-12                  [1, 64]                   (recursive)
│    └─SandwichFc: 2-13                  [1, 64]                   (recursive)
│    └─SandwichFc: 2-14                  [1, 64]                   (recursive)
│    └─SandwichFc: 2-15                  [1, 64]                   (recursive)
│    └─SandwichLin: 2-16                 [1, 2]                    (recursive)
==========================================================================================
Total params: 54,552
Trainable params: 54,542
Non-trainable params: 10
Total mult-adds (Units.MEGABYTES): 0.11
==========================================================================================
Input size (MB): 0.00
Forward/backward pass size (MB): 0.01
Params size (MB): 0.22
Estimated Total Size (MB): 0.23
==========================================================================================
==> Saving initial model weights...
==> Start training...
==> Number of param_groups in optimizer: 1
Epoch: 001 | Train Loss: 0.0012564 | Grad norm: 0.055488 | Time: 8s806ms
Epoch: 001 | Test Loss: 0.0012541 | Time: 766ms
==> Save the model at epoch 001 with test loss 0.0012541
Epoch: 002 | Train Loss: 0.0001247 | Grad norm: 0.005627 | Time: 8s590ms
Epoch: 002 | Test Loss: 0.0000757 | Time: 680ms
==> Save the model at epoch 002 with test loss 0.0000757
Epoch: 003 | Train Loss: 0.0000738 | Grad norm: 0.002835 | Time: 8s330ms
Epoch: 003 | Test Loss: 0.0000711 | Time: 606ms
==> Save the model at epoch 003 with test loss 0.0000711
Epoch: 004 | Train Loss: 0.0000713 | Grad norm: 0.002703 | Time: 8s495ms
Epoch: 004 | Test Loss: 0.0000698 | Time: 602ms
==> Save the model at epoch 004 with test loss 0.0000698
Epoch: 005 | Train Loss: 0.0000711 | Grad norm: 0.002361 | Time: 8s656ms
Epoch: 005 | Test Loss: 0.0000676 | Time: 627ms
==> Save the model at epoch 005 with test loss 0.0000676
Epoch: 006 | Train Loss: 0.0000706 | Grad norm: 0.001900 | Time: 8s155ms
Epoch: 006 | Test Loss: 0.0000689 | Time: 608ms
Epoch: 007 | Train Loss: 0.0000699 | Grad norm: 0.001535 | Time: 8s444ms
Epoch: 007 | Test Loss: 0.0000688 | Time: 617ms
Epoch: 008 | Train Loss: 0.0000695 | Grad norm: 0.001373 | Time: 8s564ms
Epoch: 008 | Test Loss: 0.0000692 | Time: 615ms
Epoch: 009 | Train Loss: 0.0000702 | Grad norm: 0.001372 | Time: 8s349ms
Epoch: 009 | Test Loss: 0.0000707 | Time: 629ms
Epoch: 010 | Train Loss: 0.0000702 | Grad norm: 0.001269 | Time: 8s148ms
Epoch: 010 | Test Loss: 0.0000687 | Time: 675ms
Epoch: 011 | Train Loss: 0.0000695 | Grad norm: 0.001133 | Time: 8s840ms
Epoch: 011 | Test Loss: 0.0000710 | Time: 704ms
Epoch: 012 | Train Loss: 0.0000689 | Grad norm: 0.001043 | Time: 8s356ms
Epoch: 012 | Test Loss: 0.0000665 | Time: 625ms
==> Save the model at epoch 012 with test loss 0.0000665
Epoch: 013 | Train Loss: 0.0000689 | Grad norm: 0.001033 | Time: 8s414ms
Epoch: 013 | Test Loss: 0.0000675 | Time: 602ms
Epoch: 014 | Train Loss: 0.0000688 | Grad norm: 0.001042 | Time: 8s391ms
Epoch: 014 | Test Loss: 0.0000677 | Time: 608ms
Epoch: 015 | Train Loss: 0.0000680 | Grad norm: 0.000927 | Time: 8s607ms
Epoch: 015 | Test Loss: 0.0000671 | Time: 682ms
Epoch: 016 | Train Loss: 0.0000688 | Grad norm: 0.001004 | Time: 8s492ms
Epoch: 016 | Test Loss: 0.0000702 | Time: 633ms
Epoch: 017 | Train Loss: 0.0000683 | Grad norm: 0.000939 | Time: 7s938ms
Epoch: 017 | Test Loss: 0.0000675 | Time: 733ms
Epoch: 018 | Train Loss: 0.0000682 | Grad norm: 0.000918 | Time: 8s208ms
Epoch: 018 | Test Loss: 0.0000687 | Time: 625ms
Epoch: 019 | Train Loss: 0.0000683 | Grad norm: 0.000928 | Time: 8s308ms
Epoch: 019 | Test Loss: 0.0000668 | Time: 630ms
Epoch: 020 | Train Loss: 0.0000685 | Grad norm: 0.000968 | Time: 8s605ms
Epoch: 020 | Test Loss: 0.0000673 | Time: 616ms
Epoch: 021 | Train Loss: 0.0000675 | Grad norm: 0.000839 | Time: 8s692ms
Epoch: 021 | Test Loss: 0.0000673 | Time: 625ms
Epoch: 022 | Train Loss: 0.0000674 | Grad norm: 0.000823 | Time: 8s403ms
Epoch: 022 | Test Loss: 0.0000665 | Time: 611ms
Epoch: 023 | Train Loss: 0.0000677 | Grad norm: 0.000879 | Time: 8s706ms
Epoch: 023 | Test Loss: 0.0000673 | Time: 685ms
Epoch: 024 | Train Loss: 0.0000673 | Grad norm: 0.000810 | Time: 8s170ms
Epoch: 024 | Test Loss: 0.0000667 | Time: 697ms
Epoch: 025 | Train Loss: 0.0000670 | Grad norm: 0.000806 | Time: 8s771ms
Epoch: 025 | Test Loss: 0.0000691 | Time: 621ms
Epoch: 026 | Train Loss: 0.0000666 | Grad norm: 0.000753 | Time: 8s654ms
Epoch: 026 | Test Loss: 0.0000668 | Time: 630ms
Epoch: 027 | Train Loss: 0.0000665 | Grad norm: 0.000761 | Time: 8s324ms
Epoch: 027 | Test Loss: 0.0000658 | Time: 616ms
==> Save the model at epoch 027 with test loss 0.0000658
Epoch: 028 | Train Loss: 0.0000661 | Grad norm: 0.000714 | Time: 8s480ms
Epoch: 028 | Test Loss: 0.0000656 | Time: 680ms
==> Save the model at epoch 028 with test loss 0.0000656
Epoch: 029 | Train Loss: 0.0000660 | Grad norm: 0.000721 | Time: 8s470ms
Epoch: 029 | Test Loss: 0.0000656 | Time: 627ms
==> Save the model at epoch 029 with test loss 0.0000656
Epoch: 030 | Train Loss: 0.0000657 | Grad norm: 0.000715 | Time: 8s402ms
Epoch: 030 | Test Loss: 0.0000654 | Time: 612ms
==> Save the model at epoch 030 with test loss 0.0000654
Epoch: 031 | Train Loss: 0.0000654 | Grad norm: 0.000688 | Time: 8s840ms
Epoch: 031 | Test Loss: 0.0000647 | Time: 626ms
==> Save the model at epoch 031 with test loss 0.0000647
Epoch: 032 | Train Loss: 0.0000651 | Grad norm: 0.000661 | Time: 8s240ms
Epoch: 032 | Test Loss: 0.0000653 | Time: 622ms
Epoch: 033 | Train Loss: 0.0000647 | Grad norm: 0.000632 | Time: 8s362ms
Epoch: 033 | Test Loss: 0.0000648 | Time: 612ms
Epoch: 034 | Train Loss: 0.0000644 | Grad norm: 0.000623 | Time: 8s577ms
Epoch: 034 | Test Loss: 0.0000645 | Time: 623ms
==> Save the model at epoch 034 with test loss 0.0000645
Epoch: 035 | Train Loss: 0.0000640 | Grad norm: 0.000601 | Time: 8s343ms
Epoch: 035 | Test Loss: 0.0000642 | Time: 622ms
==> Save the model at epoch 035 with test loss 0.0000642
Epoch: 036 | Train Loss: 0.0000636 | Grad norm: 0.000566 | Time: 8s231ms
Epoch: 036 | Test Loss: 0.0000640 | Time: 684ms
==> Save the model at epoch 036 with test loss 0.0000640
Epoch: 037 | Train Loss: 0.0000632 | Grad norm: 0.000540 | Time: 8s516ms
Epoch: 037 | Test Loss: 0.0000639 | Time: 679ms
==> Save the model at epoch 037 with test loss 0.0000639
Epoch: 038 | Train Loss: 0.0000631 | Grad norm: 0.000532 | Time: 8s650ms
Epoch: 038 | Test Loss: 0.0000637 | Time: 613ms
==> Save the model at epoch 038 with test loss 0.0000637
Epoch: 039 | Train Loss: 0.0000628 | Grad norm: 0.000517 | Time: 8s609ms
Epoch: 039 | Test Loss: 0.0000637 | Time: 678ms
==> Save the model at epoch 039 with test loss 0.0000637
Epoch: 040 | Train Loss: 0.0000627 | Grad norm: 0.000509 | Time: 8s341ms
Epoch: 040 | Test Loss: 0.0000636 | Time: 609ms
==> Save the model at epoch 040 with test loss 0.0000636
Total time: 6m4s
==> Saving trained model weights...
==> Input bias to be applied to the neural network (trained):
[0. 0. 0. 0.]
==> Input transform to be applied to the neural network (trained):
[ 0.62900996  0.6288517  11.614402    9.487666  ]
==> Output transform to be applied to the neural network (trained):
[0.0195 0.021 ]
==> Saving training info...
==> Drawing training loss...
==> Drawing grad norm...
==> Drawing testing loss...
==> Process finished.
