==> torch device:  cuda:0
==> Test-Train split: test_ratio = 0.20
==> Test-Train split seed:  None
==> Further split: further_train_ratio = 0.50
==> Further split seed:  None
==> Input bias to be applied to the neural network:
[0. 0. 0. 0.]
==> Input transform to be applied to the neural network:
[ 0.62900996  0.6288912  11.792453    9.624639  ]
==> Ouput transform to be applied to the neural network:
[0.0521 0.054 ]
==> Evaluating model...
==========================================================================================
Layer (type:depth-idx)                   Output Shape              Param #
==========================================================================================
NeuralNetwork                            [1, 2]                    10
├─Sequential: 1-1                        [1, 2]                    --
│    └─Linear: 2-1                       [1, 64]                   320
│    └─ReLU: 2-2                         [1, 64]                   --
│    └─Linear: 2-3                       [1, 64]                   4,160
│    └─ReLU: 2-4                         [1, 64]                   --
│    └─Linear: 2-5                       [1, 64]                   4,160
│    └─ReLU: 2-6                         [1, 64]                   --
│    └─Linear: 2-7                       [1, 64]                   4,160
│    └─ReLU: 2-8                         [1, 64]                   --
│    └─Linear: 2-9                       [1, 64]                   4,160
│    └─ReLU: 2-10                        [1, 64]                   --
│    └─Linear: 2-11                      [1, 64]                   4,160
│    └─ReLU: 2-12                        [1, 64]                   --
│    └─Linear: 2-13                      [1, 64]                   4,160
│    └─ReLU: 2-14                        [1, 64]                   --
│    └─Linear: 2-15                      [1, 2]                    130
├─Sequential: 1-2                        [1, 2]                    (recursive)
│    └─Linear: 2-16                      [1, 64]                   (recursive)
│    └─ReLU: 2-17                        [1, 64]                   --
│    └─Linear: 2-18                      [1, 64]                   (recursive)
│    └─ReLU: 2-19                        [1, 64]                   --
│    └─Linear: 2-20                      [1, 64]                   (recursive)
│    └─ReLU: 2-21                        [1, 64]                   --
│    └─Linear: 2-22                      [1, 64]                   (recursive)
│    └─ReLU: 2-23                        [1, 64]                   --
│    └─Linear: 2-24                      [1, 64]                   (recursive)
│    └─ReLU: 2-25                        [1, 64]                   --
│    └─Linear: 2-26                      [1, 64]                   (recursive)
│    └─ReLU: 2-27                        [1, 64]                   --
│    └─Linear: 2-28                      [1, 64]                   (recursive)
│    └─ReLU: 2-29                        [1, 64]                   --
│    └─Linear: 2-30                      [1, 2]                    (recursive)
==========================================================================================
Total params: 25,420
Trainable params: 25,410
Non-trainable params: 10
Total mult-adds (Units.MEGABYTES): 0.05
==========================================================================================
Input size (MB): 0.00
Forward/backward pass size (MB): 0.01
Params size (MB): 0.10
Estimated Total Size (MB): 0.11
==========================================================================================
==> Saving initial model weights...
==> Start training...
==> Number of param_groups in optimizer: 1
Epoch: 001 | Train Loss: 0.0056125 | Grad norm: 0.000131 | Time: 2s292ms
Epoch: 001 | Test Loss: 0.0056464 | Time: 536ms
==> Save the model at epoch 001 with test loss 0.0056464
Epoch: 002 | Train Loss: 0.0056111 | Grad norm: 0.000107 | Time: 2s87ms
Epoch: 002 | Test Loss: 0.0056454 | Time: 586ms
==> Save the model at epoch 002 with test loss 0.0056454
Epoch: 003 | Train Loss: 0.0056098 | Grad norm: 0.000021 | Time: 2s477ms
Epoch: 003 | Test Loss: 0.0056454 | Time: 507ms
==> Save the model at epoch 003 with test loss 0.0056454
Epoch: 004 | Train Loss: 0.0056109 | Grad norm: 0.000004 | Time: 2s328ms
Epoch: 004 | Test Loss: 0.0056454 | Time: 509ms
Epoch: 005 | Train Loss: 0.0056100 | Grad norm: 0.000000 | Time: 2s133ms
Epoch: 005 | Test Loss: 0.0056454 | Time: 525ms
Epoch: 006 | Train Loss: 0.0056117 | Grad norm: 0.000000 | Time: 2s111ms
Epoch: 006 | Test Loss: 0.0056454 | Time: 510ms
Epoch: 007 | Train Loss: 0.0056122 | Grad norm: 0.000000 | Time: 1s998ms
Epoch: 007 | Test Loss: 0.0056454 | Time: 521ms
Epoch: 008 | Train Loss: 0.0056105 | Grad norm: 0.000000 | Time: 2s239ms
Epoch: 008 | Test Loss: 0.0056454 | Time: 523ms
Epoch: 009 | Train Loss: 0.0056114 | Grad norm: 0.000000 | Time: 2s202ms
Epoch: 009 | Test Loss: 0.0056454 | Time: 536ms
Epoch: 010 | Train Loss: 0.0056105 | Grad norm: 0.000000 | Time: 2s349ms
Epoch: 010 | Test Loss: 0.0056454 | Time: 585ms
Epoch: 011 | Train Loss: 0.0056135 | Grad norm: 0.000000 | Time: 2s162ms
Epoch: 011 | Test Loss: 0.0056454 | Time: 506ms
Epoch: 012 | Train Loss: 0.0056128 | Grad norm: 0.000000 | Time: 2s45ms
Epoch: 012 | Test Loss: 0.0056454 | Time: 506ms
Epoch: 013 | Train Loss: 0.0056094 | Grad norm: 0.000000 | Time: 2s271ms
Epoch: 013 | Test Loss: 0.0056454 | Time: 512ms
Epoch: 014 | Train Loss: 0.0056119 | Grad norm: 0.000000 | Time: 2s298ms
Epoch: 014 | Test Loss: 0.0056454 | Time: 540ms
Epoch: 015 | Train Loss: 0.0056109 | Grad norm: 0.000000 | Time: 2s238ms
Epoch: 015 | Test Loss: 0.0056454 | Time: 527ms
Epoch: 016 | Train Loss: 0.0056114 | Grad norm: 0.000000 | Time: 2s253ms
Epoch: 016 | Test Loss: 0.0056454 | Time: 510ms
Epoch: 017 | Train Loss: 0.0056109 | Grad norm: 0.000000 | Time: 2s54ms
Epoch: 017 | Test Loss: 0.0056454 | Time: 506ms
Epoch: 018 | Train Loss: 0.0056108 | Grad norm: 0.000000 | Time: 2s177ms
Epoch: 018 | Test Loss: 0.0056454 | Time: 595ms
Epoch: 019 | Train Loss: 0.0056110 | Grad norm: 0.000000 | Time: 2s227ms
Epoch: 019 | Test Loss: 0.0056454 | Time: 508ms
Epoch: 020 | Train Loss: 0.0056137 | Grad norm: 0.000000 | Time: 2s141ms
Epoch: 020 | Test Loss: 0.0056454 | Time: 513ms
Epoch: 021 | Train Loss: 0.0056113 | Grad norm: 0.000000 | Time: 2s267ms
Epoch: 021 | Test Loss: 0.0056454 | Time: 538ms
Epoch: 022 | Train Loss: 0.0056112 | Grad norm: 0.000000 | Time: 2s300ms
Epoch: 022 | Test Loss: 0.0056454 | Time: 597ms
Epoch: 023 | Train Loss: 0.0056102 | Grad norm: 0.000000 | Time: 2s224ms
Epoch: 023 | Test Loss: 0.0056454 | Time: 522ms
Epoch: 024 | Train Loss: 0.0056124 | Grad norm: 0.000000 | Time: 2s175ms
Epoch: 024 | Test Loss: 0.0056454 | Time: 507ms
Epoch: 025 | Train Loss: 0.0056123 | Grad norm: 0.000000 | Time: 1s972ms
Epoch: 025 | Test Loss: 0.0056454 | Time: 609ms
Epoch: 026 | Train Loss: 0.0056105 | Grad norm: 0.000000 | Time: 2s143ms
Epoch: 026 | Test Loss: 0.0056454 | Time: 584ms
Epoch: 027 | Train Loss: 0.0056118 | Grad norm: 0.000000 | Time: 2s199ms
Epoch: 027 | Test Loss: 0.0056454 | Time: 508ms
Epoch: 028 | Train Loss: 0.0056121 | Grad norm: 0.000000 | Time: 2s263ms
Epoch: 028 | Test Loss: 0.0056454 | Time: 515ms
Epoch: 029 | Train Loss: 0.0056106 | Grad norm: 0.000000 | Time: 2s136ms
Epoch: 029 | Test Loss: 0.0056454 | Time: 546ms
Epoch: 030 | Train Loss: 0.0056115 | Grad norm: 0.000000 | Time: 2s74ms
Epoch: 030 | Test Loss: 0.0056454 | Time: 511ms
Epoch: 031 | Train Loss: 0.0056103 | Grad norm: 0.000000 | Time: 2s156ms
Epoch: 031 | Test Loss: 0.0056454 | Time: 529ms
Epoch: 032 | Train Loss: 0.0056097 | Grad norm: 0.000000 | Time: 2s125ms
Epoch: 032 | Test Loss: 0.0056454 | Time: 512ms
Epoch: 033 | Train Loss: 0.0056101 | Grad norm: 0.000000 | Time: 1s998ms
Epoch: 033 | Test Loss: 0.0056454 | Time: 560ms
Epoch: 034 | Train Loss: 0.0056102 | Grad norm: 0.000000 | Time: 2s104ms
Epoch: 034 | Test Loss: 0.0056454 | Time: 584ms
Epoch: 035 | Train Loss: 0.0056117 | Grad norm: 0.000000 | Time: 2s95ms
Epoch: 035 | Test Loss: 0.0056454 | Time: 523ms
Epoch: 036 | Train Loss: 0.0056129 | Grad norm: 0.000000 | Time: 2s255ms
Epoch: 036 | Test Loss: 0.0056454 | Time: 518ms
Epoch: 037 | Train Loss: 0.0056106 | Grad norm: 0.000000 | Time: 2s215ms
Epoch: 037 | Test Loss: 0.0056454 | Time: 508ms
Epoch: 038 | Train Loss: 0.0056145 | Grad norm: 0.000000 | Time: 2s69ms
Epoch: 038 | Test Loss: 0.0056454 | Time: 541ms
Epoch: 039 | Train Loss: 0.0056130 | Grad norm: 0.000000 | Time: 2s74ms
Epoch: 039 | Test Loss: 0.0056454 | Time: 507ms
Epoch: 040 | Train Loss: 0.0056128 | Grad norm: 0.000000 | Time: 2s242ms
Epoch: 040 | Test Loss: 0.0056454 | Time: 525ms
Total time: 1m48s
==> Saving trained model weights...
==> Input bias to be applied to the neural network (trained):
[0. 0. 0. 0.]
==> Input transform to be applied to the neural network (trained):
[ 0.62900996  0.6288912  11.792453    9.624639  ]
==> Output transform to be applied to the neural network (trained):
[0.0521 0.054 ]
==> Saving training info...
==> Drawing training loss...
==> Drawing grad norm...
==> Drawing testing loss...
==> Process finished.
