==> torch device:  cuda:0
==> Test-Train split: test_ratio = 0.20
==> Test-Train split seed:  None
==> Further split: further_train_ratio = 0.25
==> Further split seed:  None
==> Lipschitz constant: 16.00
==> Input bias to be applied to the neural network:
[0. 0.]
==> Input transform to be applied to the neural network:
[0.48014596 0.48395684]
==> Ouput transform to be applied to the neural network:
[2.0663 2.0805]
==> Evaluating model...
==========================================================================================
Layer (type:depth-idx)                   Output Shape              Param #
==========================================================================================
NeuralNetwork                            [1, 2]                    6
├─Sequential: 1-1                        [1, 2]                    --
│    └─SandwichFc: 2-1                   [1, 64]                   4,353
│    └─SandwichFc: 2-2                   [1, 64]                   8,321
│    └─SandwichFc: 2-3                   [1, 64]                   8,321
│    └─SandwichFc: 2-4                   [1, 64]                   8,321
│    └─SandwichFc: 2-5                   [1, 64]                   8,321
│    └─SandwichFc: 2-6                   [1, 64]                   8,321
│    └─SandwichFc: 2-7                   [1, 64]                   8,321
│    └─SandwichLin: 2-8                  [1, 2]                    135
├─Sequential: 1-2                        [1, 2]                    (recursive)
│    └─SandwichFc: 2-9                   [1, 64]                   (recursive)
│    └─SandwichFc: 2-10                  [1, 64]                   (recursive)
│    └─SandwichFc: 2-11                  [1, 64]                   (recursive)
│    └─SandwichFc: 2-12                  [1, 64]                   (recursive)
│    └─SandwichFc: 2-13                  [1, 64]                   (recursive)
│    └─SandwichFc: 2-14                  [1, 64]                   (recursive)
│    └─SandwichFc: 2-15                  [1, 64]                   (recursive)
│    └─SandwichLin: 2-16                 [1, 2]                    (recursive)
==========================================================================================
Total params: 54,420
Trainable params: 54,414
Non-trainable params: 6
Total mult-adds (Units.MEGABYTES): 0.11
==========================================================================================
Input size (MB): 0.00
Forward/backward pass size (MB): 0.01
Params size (MB): 0.22
Estimated Total Size (MB): 0.22
==========================================================================================
==> Saving initial model weights...
==> Start training...
==> Number of param_groups in optimizer: 1
Epoch: 001 | Train Loss: 8.7566086 | Grad norm: 39.519825 | Time: 7s492ms
Epoch: 001 | Test Loss: 8.7873390 | Time: 919ms
==> Save the model at epoch 001 with test loss 8.7873390
Epoch: 002 | Train Loss: 0.5507712 | Grad norm: 6.001948 | Time: 7s383ms
Epoch: 002 | Test Loss: 0.0021230 | Time: 977ms
==> Save the model at epoch 002 with test loss 0.0021230
Epoch: 003 | Train Loss: 0.0048784 | Grad norm: 2.643102 | Time: 6s988ms
Epoch: 003 | Test Loss: 0.0038474 | Time: 917ms
Epoch: 004 | Train Loss: 0.0077691 | Grad norm: 3.313700 | Time: 6s756ms
Epoch: 004 | Test Loss: 0.0057691 | Time: 905ms
Epoch: 005 | Train Loss: 0.0141468 | Grad norm: 4.265810 | Time: 6s817ms
Epoch: 005 | Test Loss: 0.0221549 | Time: 1s63ms
Epoch: 006 | Train Loss: 0.0179519 | Grad norm: 4.597250 | Time: 6s834ms
Epoch: 006 | Test Loss: 0.0180201 | Time: 916ms
Epoch: 007 | Train Loss: 0.0190940 | Grad norm: 4.951905 | Time: 7s121ms
Epoch: 007 | Test Loss: 0.0111434 | Time: 918ms
Epoch: 008 | Train Loss: 0.0211244 | Grad norm: 4.906209 | Time: 6s797ms
Epoch: 008 | Test Loss: 0.0217441 | Time: 921ms
Epoch: 009 | Train Loss: 0.0272581 | Grad norm: 5.242345 | Time: 6s779ms
Epoch: 009 | Test Loss: 0.0270522 | Time: 986ms
Epoch: 010 | Train Loss: 0.0202350 | Grad norm: 4.413898 | Time: 7s94ms
Epoch: 010 | Test Loss: 0.0160350 | Time: 924ms
Epoch: 011 | Train Loss: 0.0158496 | Grad norm: 4.044575 | Time: 7s84ms
Epoch: 011 | Test Loss: 0.0157590 | Time: 1s22ms
Epoch: 012 | Train Loss: 0.0156492 | Grad norm: 3.403679 | Time: 7s155ms
Epoch: 012 | Test Loss: 0.0086048 | Time: 914ms
Epoch: 013 | Train Loss: 0.0123373 | Grad norm: 3.430353 | Time: 6s932ms
Epoch: 013 | Test Loss: 0.0166327 | Time: 918ms
Epoch: 014 | Train Loss: 0.0115582 | Grad norm: 3.107912 | Time: 6s963ms
Epoch: 014 | Test Loss: 0.0105925 | Time: 990ms
Epoch: 015 | Train Loss: 0.0101407 | Grad norm: 2.719337 | Time: 6s836ms
Epoch: 015 | Test Loss: 0.0096188 | Time: 912ms
Epoch: 016 | Train Loss: 0.0093283 | Grad norm: 2.700919 | Time: 6s962ms
Epoch: 016 | Test Loss: 0.0076878 | Time: 983ms
Epoch: 017 | Train Loss: 0.0073444 | Grad norm: 2.423084 | Time: 7s91ms
Epoch: 017 | Test Loss: 0.0111982 | Time: 915ms
Epoch: 018 | Train Loss: 0.0071595 | Grad norm: 2.222483 | Time: 6s965ms
Epoch: 018 | Test Loss: 0.0043247 | Time: 922ms
Epoch: 019 | Train Loss: 0.0057666 | Grad norm: 2.139056 | Time: 7s137ms
Epoch: 019 | Test Loss: 0.0056601 | Time: 914ms
Epoch: 020 | Train Loss: 0.0053539 | Grad norm: 1.743885 | Time: 6s900ms
Epoch: 020 | Test Loss: 0.0068888 | Time: 910ms
Epoch: 021 | Train Loss: 0.0047246 | Grad norm: 1.846607 | Time: 7s181ms
Epoch: 021 | Test Loss: 0.0031785 | Time: 1s2ms
Epoch: 022 | Train Loss: 0.0036904 | Grad norm: 1.367326 | Time: 6s829ms
Epoch: 022 | Test Loss: 0.0015400 | Time: 911ms
==> Save the model at epoch 022 with test loss 0.0015400
Epoch: 023 | Train Loss: 0.0011809 | Grad norm: 0.526377 | Time: 7s189ms
Epoch: 023 | Test Loss: 0.0011550 | Time: 923ms
==> Save the model at epoch 023 with test loss 0.0011550
Epoch: 024 | Train Loss: 0.0012643 | Grad norm: 0.566298 | Time: 7s12ms
Epoch: 024 | Test Loss: 0.0011701 | Time: 912ms
Epoch: 025 | Train Loss: 0.0010971 | Grad norm: 0.490272 | Time: 7s44ms
Epoch: 025 | Test Loss: 0.0018315 | Time: 914ms
Epoch: 026 | Train Loss: 0.0010197 | Grad norm: 0.481016 | Time: 6s813ms
Epoch: 026 | Test Loss: 0.0008945 | Time: 923ms
==> Save the model at epoch 026 with test loss 0.0008945
Epoch: 027 | Train Loss: 0.0010494 | Grad norm: 0.484239 | Time: 6s761ms
Epoch: 027 | Test Loss: 0.0007744 | Time: 907ms
==> Save the model at epoch 027 with test loss 0.0007744
Epoch: 028 | Train Loss: 0.0008103 | Grad norm: 0.332387 | Time: 6s875ms
Epoch: 028 | Test Loss: 0.0009339 | Time: 997ms
Epoch: 029 | Train Loss: 0.0007973 | Grad norm: 0.345778 | Time: 6s786ms
Epoch: 029 | Test Loss: 0.0007378 | Time: 918ms
==> Save the model at epoch 029 with test loss 0.0007378
Epoch: 030 | Train Loss: 0.0007387 | Grad norm: 0.312205 | Time: 6s901ms
Epoch: 030 | Test Loss: 0.0006865 | Time: 910ms
==> Save the model at epoch 030 with test loss 0.0006865
Epoch: 031 | Train Loss: 0.0007251 | Grad norm: 0.305777 | Time: 7s68ms
Epoch: 031 | Test Loss: 0.0006650 | Time: 914ms
==> Save the model at epoch 031 with test loss 0.0006650
Epoch: 032 | Train Loss: 0.0006569 | Grad norm: 0.216743 | Time: 7s102ms
Epoch: 032 | Test Loss: 0.0007562 | Time: 915ms
Epoch: 033 | Train Loss: 0.0006370 | Grad norm: 0.205715 | Time: 7s11ms
Epoch: 033 | Test Loss: 0.0005992 | Time: 913ms
==> Save the model at epoch 033 with test loss 0.0005992
Epoch: 034 | Train Loss: 0.0006013 | Grad norm: 0.159510 | Time: 7s37ms
Epoch: 034 | Test Loss: 0.0006467 | Time: 920ms
Epoch: 035 | Train Loss: 0.0005943 | Grad norm: 0.151277 | Time: 6s919ms
Epoch: 035 | Test Loss: 0.0005882 | Time: 979ms
==> Save the model at epoch 035 with test loss 0.0005882
Epoch: 036 | Train Loss: 0.0005810 | Grad norm: 0.136718 | Time: 6s744ms
Epoch: 036 | Test Loss: 0.0005982 | Time: 913ms
Epoch: 037 | Train Loss: 0.0005658 | Grad norm: 0.112105 | Time: 6s592ms
Epoch: 037 | Test Loss: 0.0005741 | Time: 910ms
==> Save the model at epoch 037 with test loss 0.0005741
Epoch: 038 | Train Loss: 0.0005574 | Grad norm: 0.098550 | Time: 7s2ms
Epoch: 038 | Test Loss: 0.0005676 | Time: 914ms
==> Save the model at epoch 038 with test loss 0.0005676
Epoch: 039 | Train Loss: 0.0005511 | Grad norm: 0.086961 | Time: 6s874ms
Epoch: 039 | Test Loss: 0.0005626 | Time: 913ms
==> Save the model at epoch 039 with test loss 0.0005626
Epoch: 040 | Train Loss: 0.0005465 | Grad norm: 0.074659 | Time: 6s909ms
Epoch: 040 | Test Loss: 0.0005602 | Time: 980ms
==> Save the model at epoch 040 with test loss 0.0005602
Total time: 5m16s
==> Saving trained model weights...
==> Input bias to be applied to the neural network (trained):
[0. 0.]
==> Input transform to be applied to the neural network (trained):
[0.48014596 0.48395684]
==> Output transform to be applied to the neural network (trained):
[2.0663 2.0805]
==> Saving training info...
==> Drawing training loss...
==> Drawing grad norm...
==> Drawing testing loss...
==> Process finished.
