==> torch device:  cuda:0
==> Test-Train split: test_ratio = 0.20
==> Test-Train split seed:  None
==> Further split: further_train_ratio = 0.50
==> Further split seed:  None
==> Input bias to be applied to the neural network:
[0. 0. 0. 0.]
==> Input transform to be applied to the neural network:
[1. 1. 1. 1.]
==> Ouput transform to be applied to the neural network:
[1. 1.]
==> Evaluating model...
==========================================================================================
Layer (type:depth-idx)                   Output Shape              Param #
==========================================================================================
NeuralNetwork                            [1, 2]                    10
├─Sequential: 1-1                        [1, 2]                    --
│    └─Linear: 2-1                       [1, 64]                   320
│    └─LeakyReLU: 2-2                    [1, 64]                   --
│    └─Linear: 2-3                       [1, 64]                   4,160
│    └─LeakyReLU: 2-4                    [1, 64]                   --
│    └─Linear: 2-5                       [1, 64]                   4,160
│    └─LeakyReLU: 2-6                    [1, 64]                   --
│    └─Linear: 2-7                       [1, 64]                   4,160
│    └─LeakyReLU: 2-8                    [1, 64]                   --
│    └─Linear: 2-9                       [1, 64]                   4,160
│    └─LeakyReLU: 2-10                   [1, 64]                   --
│    └─Linear: 2-11                      [1, 64]                   4,160
│    └─LeakyReLU: 2-12                   [1, 64]                   --
│    └─Linear: 2-13                      [1, 64]                   4,160
│    └─LeakyReLU: 2-14                   [1, 64]                   --
│    └─Linear: 2-15                      [1, 2]                    130
==========================================================================================
Total params: 25,420
Trainable params: 25,410
Non-trainable params: 10
Total mult-adds (Units.MEGABYTES): 0.03
==========================================================================================
Input size (MB): 0.00
Forward/backward pass size (MB): 0.00
Params size (MB): 0.10
Estimated Total Size (MB): 0.11
==========================================================================================
==> Saving initial model weights...
==> Start training...
Epoch: 001 | Loss: 0.0007574 | L2 loss: 0.0007574 | Lip loss: 0.0000000 | Grad norm: 0.012534 | Time: 17s707ms
Epoch: 001 | Test Loss: 0.0000939 | Time: 491ms
==> Save the model at epoch 001 with test loss 0.0000939
Epoch: 002 | Loss: 0.0000773 | L2 loss: 0.0000773 | Lip loss: 0.0000001 | Grad norm: 0.004378 | Time: 17s397ms
Epoch: 002 | Test Loss: 0.0000726 | Time: 500ms
==> Save the model at epoch 002 with test loss 0.0000726
Epoch: 003 | Loss: 0.0000742 | L2 loss: 0.0000741 | Lip loss: 0.0000001 | Grad norm: 0.004176 | Time: 16s796ms
Epoch: 003 | Test Loss: 0.0000727 | Time: 555ms
Epoch: 004 | Loss: 0.0000725 | L2 loss: 0.0000724 | Lip loss: 0.0000001 | Grad norm: 0.003954 | Time: 17s18ms
Epoch: 004 | Test Loss: 0.0000700 | Time: 507ms
==> Save the model at epoch 004 with test loss 0.0000700
Epoch: 005 | Loss: 0.0000709 | L2 loss: 0.0000708 | Lip loss: 0.0000001 | Grad norm: 0.003461 | Time: 17s256ms
Epoch: 005 | Test Loss: 0.0000708 | Time: 499ms
Epoch: 006 | Loss: 0.0000674 | L2 loss: 0.0000673 | Lip loss: 0.0000001 | Grad norm: 0.001442 | Time: 17s517ms
Epoch: 006 | Test Loss: 0.0000678 | Time: 489ms
==> Save the model at epoch 006 with test loss 0.0000678
Epoch: 007 | Loss: 0.0000672 | L2 loss: 0.0000671 | Lip loss: 0.0000001 | Grad norm: 0.001564 | Time: 17s836ms
Epoch: 007 | Test Loss: 0.0000682 | Time: 493ms
Epoch: 008 | Loss: 0.0000672 | L2 loss: 0.0000671 | Lip loss: 0.0000001 | Grad norm: 0.001616 | Time: 17s80ms
Epoch: 008 | Test Loss: 0.0000679 | Time: 498ms
Epoch: 009 | Loss: 0.0000672 | L2 loss: 0.0000671 | Lip loss: 0.0000001 | Grad norm: 0.001731 | Time: 17s155ms
Epoch: 009 | Test Loss: 0.0000676 | Time: 509ms
==> Save the model at epoch 009 with test loss 0.0000676
Epoch: 010 | Loss: 0.0000671 | L2 loss: 0.0000670 | Lip loss: 0.0000001 | Grad norm: 0.001586 | Time: 17s212ms
Epoch: 010 | Test Loss: 0.0000684 | Time: 575ms
Epoch: 011 | Loss: 0.0000667 | L2 loss: 0.0000666 | Lip loss: 0.0000001 | Grad norm: 0.001385 | Time: 16s849ms
Epoch: 011 | Test Loss: 0.0000675 | Time: 505ms
==> Save the model at epoch 011 with test loss 0.0000675
Epoch: 012 | Loss: 0.0000666 | L2 loss: 0.0000666 | Lip loss: 0.0000001 | Grad norm: 0.001208 | Time: 17s393ms
Epoch: 012 | Test Loss: 0.0000674 | Time: 588ms
==> Save the model at epoch 012 with test loss 0.0000674
Epoch: 013 | Loss: 0.0000666 | L2 loss: 0.0000665 | Lip loss: 0.0000001 | Grad norm: 0.001317 | Time: 16s917ms
Epoch: 013 | Test Loss: 0.0000674 | Time: 512ms
==> Save the model at epoch 013 with test loss 0.0000674
Epoch: 014 | Loss: 0.0000666 | L2 loss: 0.0000665 | Lip loss: 0.0000001 | Grad norm: 0.001241 | Time: 17s484ms
Epoch: 014 | Test Loss: 0.0000675 | Time: 543ms
Epoch: 015 | Loss: 0.0000666 | L2 loss: 0.0000665 | Lip loss: 0.0000001 | Grad norm: 0.001247 | Time: 17s393ms
Epoch: 015 | Test Loss: 0.0000674 | Time: 500ms
Epoch: 016 | Loss: 0.0000665 | L2 loss: 0.0000664 | Lip loss: 0.0000001 | Grad norm: 0.001220 | Time: 17s354ms
Epoch: 016 | Test Loss: 0.0000674 | Time: 501ms
==> Save the model at epoch 016 with test loss 0.0000674
Epoch: 017 | Loss: 0.0000665 | L2 loss: 0.0000664 | Lip loss: 0.0000001 | Grad norm: 0.001222 | Time: 17s276ms
Epoch: 017 | Test Loss: 0.0000674 | Time: 716ms
==> Save the model at epoch 017 with test loss 0.0000674
Epoch: 018 | Loss: 0.0000665 | L2 loss: 0.0000664 | Lip loss: 0.0000001 | Grad norm: 0.001243 | Time: 17s312ms
Epoch: 018 | Test Loss: 0.0000674 | Time: 504ms
==> Save the model at epoch 018 with test loss 0.0000674
Epoch: 019 | Loss: 0.0000665 | L2 loss: 0.0000664 | Lip loss: 0.0000001 | Grad norm: 0.001225 | Time: 16s804ms
Epoch: 019 | Test Loss: 0.0000674 | Time: 500ms
==> Save the model at epoch 019 with test loss 0.0000674
Epoch: 020 | Loss: 0.0000666 | L2 loss: 0.0000665 | Lip loss: 0.0000001 | Grad norm: 0.001174 | Time: 17s70ms
Epoch: 020 | Test Loss: 0.0000674 | Time: 509ms
Epoch: 021 | Loss: 0.0000665 | L2 loss: 0.0000664 | Lip loss: 0.0000001 | Grad norm: 0.001229 | Time: 17s100ms
Epoch: 021 | Test Loss: 0.0000674 | Time: 507ms
==> Save the model at epoch 021 with test loss 0.0000674
Epoch: 022 | Loss: 0.0000665 | L2 loss: 0.0000664 | Lip loss: 0.0000001 | Grad norm: 0.001189 | Time: 17s561ms
Epoch: 022 | Test Loss: 0.0000674 | Time: 503ms
==> Save the model at epoch 022 with test loss 0.0000674
Epoch: 023 | Loss: 0.0000665 | L2 loss: 0.0000664 | Lip loss: 0.0000001 | Grad norm: 0.001232 | Time: 16s770ms
Epoch: 023 | Test Loss: 0.0000674 | Time: 531ms
Epoch: 024 | Loss: 0.0000665 | L2 loss: 0.0000664 | Lip loss: 0.0000001 | Grad norm: 0.001210 | Time: 17s795ms
Epoch: 024 | Test Loss: 0.0000674 | Time: 592ms
Epoch: 025 | Loss: 0.0000665 | L2 loss: 0.0000664 | Lip loss: 0.0000001 | Grad norm: 0.001224 | Time: 16s927ms
Epoch: 025 | Test Loss: 0.0000674 | Time: 504ms
Epoch: 026 | Loss: 0.0000665 | L2 loss: 0.0000664 | Lip loss: 0.0000001 | Grad norm: 0.001250 | Time: 17s579ms
Epoch: 026 | Test Loss: 0.0000674 | Time: 490ms
Epoch: 027 | Loss: 0.0000665 | L2 loss: 0.0000664 | Lip loss: 0.0000001 | Grad norm: 0.001217 | Time: 17s218ms
Epoch: 027 | Test Loss: 0.0000674 | Time: 494ms
Epoch: 028 | Loss: 0.0000665 | L2 loss: 0.0000664 | Lip loss: 0.0000001 | Grad norm: 0.001253 | Time: 17s415ms
Epoch: 028 | Test Loss: 0.0000674 | Time: 502ms
Epoch: 029 | Loss: 0.0000665 | L2 loss: 0.0000664 | Lip loss: 0.0000001 | Grad norm: 0.001162 | Time: 17s190ms
Epoch: 029 | Test Loss: 0.0000674 | Time: 492ms
Epoch: 030 | Loss: 0.0000665 | L2 loss: 0.0000664 | Lip loss: 0.0000001 | Grad norm: 0.001198 | Time: 16s941ms
Epoch: 030 | Test Loss: 0.0000674 | Time: 501ms
Epoch: 031 | Loss: 0.0000665 | L2 loss: 0.0000664 | Lip loss: 0.0000001 | Grad norm: 0.001257 | Time: 17s461ms
Epoch: 031 | Test Loss: 0.0000674 | Time: 525ms
Epoch: 032 | Loss: 0.0000665 | L2 loss: 0.0000664 | Lip loss: 0.0000001 | Grad norm: 0.001199 | Time: 17s151ms
Epoch: 032 | Test Loss: 0.0000674 | Time: 502ms
Epoch: 033 | Loss: 0.0000665 | L2 loss: 0.0000664 | Lip loss: 0.0000001 | Grad norm: 0.001257 | Time: 17s534ms
Epoch: 033 | Test Loss: 0.0000674 | Time: 496ms
Epoch: 034 | Loss: 0.0000665 | L2 loss: 0.0000664 | Lip loss: 0.0000001 | Grad norm: 0.001251 | Time: 17s311ms
Epoch: 034 | Test Loss: 0.0000674 | Time: 516ms
Epoch: 035 | Loss: 0.0000665 | L2 loss: 0.0000664 | Lip loss: 0.0000001 | Grad norm: 0.001216 | Time: 16s885ms
Epoch: 035 | Test Loss: 0.0000674 | Time: 494ms
Epoch: 036 | Loss: 0.0000665 | L2 loss: 0.0000664 | Lip loss: 0.0000001 | Grad norm: 0.001165 | Time: 16s831ms
Epoch: 036 | Test Loss: 0.0000674 | Time: 579ms
Epoch: 037 | Loss: 0.0000665 | L2 loss: 0.0000664 | Lip loss: 0.0000001 | Grad norm: 0.001206 | Time: 17s160ms
Epoch: 037 | Test Loss: 0.0000674 | Time: 500ms
Epoch: 038 | Loss: 0.0000666 | L2 loss: 0.0000665 | Lip loss: 0.0000001 | Grad norm: 0.001271 | Time: 17s266ms
Epoch: 038 | Test Loss: 0.0000674 | Time: 504ms
Epoch: 039 | Loss: 0.0000665 | L2 loss: 0.0000664 | Lip loss: 0.0000001 | Grad norm: 0.001195 | Time: 16s921ms
Epoch: 039 | Test Loss: 0.0000674 | Time: 495ms
Epoch: 040 | Loss: 0.0000665 | L2 loss: 0.0000664 | Lip loss: 0.0000001 | Grad norm: 0.001209 | Time: 17s341ms
Epoch: 040 | Test Loss: 0.0000674 | Time: 490ms
Total time: 11m49s
==> Saving trained model weights...
==> Input bias to be applied to the neural network (trained):
[0. 0. 0. 0.]
==> Input transform to be applied to the neural network (trained):
[1. 1. 1. 1.]
==> Output transform to be applied to the neural network (trained):
[1. 1.]
==> Saving training info...
==> Drawing training loss...
==> Drawing grad norm...
==> Drawing testing loss...
==> Drawing l2 loss...
==> Drawing lip loss...
==> Process finished.
