==> torch device:  cuda:1
==> Test-Train split: test_ratio = 0.20
==> Test-Train split seed:  None
==> Further split: further_train_ratio = 0.25
==> Further split seed:  None
==> Input bias to be applied to the neural network:
[0. 0.]
==> Input transform to be applied to the neural network:
[0.5576312  0.56041247]
==> Ouput transform to be applied to the neural network:
[1.7847 1.7916]
==> Evaluating model...
==========================================================================================
Layer (type:depth-idx)                   Output Shape              Param #
==========================================================================================
NeuralNetwork                            [1, 2]                    6
├─Sequential: 1-1                        [1, 2]                    --
│    └─Linear: 2-1                       [1, 64]                   192
│    └─ReLU: 2-2                         [1, 64]                   --
│    └─Linear: 2-3                       [1, 64]                   4,160
│    └─ReLU: 2-4                         [1, 64]                   --
│    └─Linear: 2-5                       [1, 64]                   4,160
│    └─ReLU: 2-6                         [1, 64]                   --
│    └─Linear: 2-7                       [1, 64]                   4,160
│    └─ReLU: 2-8                         [1, 64]                   --
│    └─Linear: 2-9                       [1, 64]                   4,160
│    └─ReLU: 2-10                        [1, 64]                   --
│    └─Linear: 2-11                      [1, 64]                   4,160
│    └─ReLU: 2-12                        [1, 64]                   --
│    └─Linear: 2-13                      [1, 64]                   4,160
│    └─ReLU: 2-14                        [1, 64]                   --
│    └─Linear: 2-15                      [1, 2]                    130
├─Sequential: 1-2                        [1, 2]                    (recursive)
│    └─Linear: 2-16                      [1, 64]                   (recursive)
│    └─ReLU: 2-17                        [1, 64]                   --
│    └─Linear: 2-18                      [1, 64]                   (recursive)
│    └─ReLU: 2-19                        [1, 64]                   --
│    └─Linear: 2-20                      [1, 64]                   (recursive)
│    └─ReLU: 2-21                        [1, 64]                   --
│    └─Linear: 2-22                      [1, 64]                   (recursive)
│    └─ReLU: 2-23                        [1, 64]                   --
│    └─Linear: 2-24                      [1, 64]                   (recursive)
│    └─ReLU: 2-25                        [1, 64]                   --
│    └─Linear: 2-26                      [1, 64]                   (recursive)
│    └─ReLU: 2-27                        [1, 64]                   --
│    └─Linear: 2-28                      [1, 64]                   (recursive)
│    └─ReLU: 2-29                        [1, 64]                   --
│    └─Linear: 2-30                      [1, 2]                    (recursive)
==========================================================================================
Total params: 25,288
Trainable params: 25,282
Non-trainable params: 6
Total mult-adds (Units.MEGABYTES): 0.05
==========================================================================================
Input size (MB): 0.00
Forward/backward pass size (MB): 0.01
Params size (MB): 0.10
Estimated Total Size (MB): 0.11
==========================================================================================
==> Saving initial model weights...
==> Start training...
==> Number of param_groups in optimizer: 1
Epoch: 001 | Train Loss: 6.3873470 | Grad norm: 0.215894 | Time: 1s985ms
Epoch: 001 | Test Loss: 6.4077490 | Time: 733ms
==> Save the model at epoch 001 with test loss 6.4077490
Epoch: 002 | Train Loss: 4.1809352 | Grad norm: 2.560743 | Time: 1s709ms
Epoch: 002 | Test Loss: 0.0733133 | Time: 831ms
==> Save the model at epoch 002 with test loss 0.0733133
Epoch: 003 | Train Loss: 0.0102936 | Grad norm: 0.312498 | Time: 1s789ms
Epoch: 003 | Test Loss: 0.0044704 | Time: 763ms
==> Save the model at epoch 003 with test loss 0.0044704
Epoch: 004 | Train Loss: 0.0041240 | Grad norm: 0.233933 | Time: 1s639ms
Epoch: 004 | Test Loss: 0.0043458 | Time: 761ms
==> Save the model at epoch 004 with test loss 0.0043458
Epoch: 005 | Train Loss: 0.0037403 | Grad norm: 0.282115 | Time: 1s683ms
Epoch: 005 | Test Loss: 0.0032887 | Time: 767ms
==> Save the model at epoch 005 with test loss 0.0032887
Epoch: 006 | Train Loss: 0.0035377 | Grad norm: 0.274397 | Time: 1s768ms
Epoch: 006 | Test Loss: 0.0035573 | Time: 758ms
Epoch: 007 | Train Loss: 0.0038222 | Grad norm: 0.355359 | Time: 1s769ms
Epoch: 007 | Test Loss: 0.0052321 | Time: 810ms
Epoch: 008 | Train Loss: 0.0039646 | Grad norm: 0.345446 | Time: 1s586ms
Epoch: 008 | Test Loss: 0.0036130 | Time: 749ms
Epoch: 009 | Train Loss: 0.0037653 | Grad norm: 0.339862 | Time: 1s662ms
Epoch: 009 | Test Loss: 0.0036166 | Time: 825ms
Epoch: 010 | Train Loss: 0.0034910 | Grad norm: 0.286929 | Time: 1s648ms
Epoch: 010 | Test Loss: 0.0032284 | Time: 748ms
==> Save the model at epoch 010 with test loss 0.0032284
Epoch: 011 | Train Loss: 0.0036595 | Grad norm: 0.322767 | Time: 1s547ms
Epoch: 011 | Test Loss: 0.0040435 | Time: 742ms
Epoch: 012 | Train Loss: 0.0038945 | Grad norm: 0.353880 | Time: 1s773ms
Epoch: 012 | Test Loss: 0.0038424 | Time: 761ms
Epoch: 013 | Train Loss: 0.0035652 | Grad norm: 0.289531 | Time: 1s681ms
Epoch: 013 | Test Loss: 0.0042122 | Time: 780ms
Epoch: 014 | Train Loss: 0.0032413 | Grad norm: 0.230707 | Time: 1s664ms
Epoch: 014 | Test Loss: 0.0036878 | Time: 819ms
Epoch: 015 | Train Loss: 0.0033586 | Grad norm: 0.262341 | Time: 1s702ms
Epoch: 015 | Test Loss: 0.0033734 | Time: 750ms
Epoch: 016 | Train Loss: 0.0034121 | Grad norm: 0.267531 | Time: 1s788ms
Epoch: 016 | Test Loss: 0.0033090 | Time: 743ms
Epoch: 017 | Train Loss: 0.0032639 | Grad norm: 0.233921 | Time: 1s834ms
Epoch: 017 | Test Loss: 0.0032275 | Time: 754ms
==> Save the model at epoch 017 with test loss 0.0032275
Epoch: 018 | Train Loss: 0.0032300 | Grad norm: 0.231718 | Time: 1s694ms
Epoch: 018 | Test Loss: 0.0031935 | Time: 741ms
==> Save the model at epoch 018 with test loss 0.0031935
Epoch: 019 | Train Loss: 0.0034508 | Grad norm: 0.280734 | Time: 1s706ms
Epoch: 019 | Test Loss: 0.0035676 | Time: 816ms
Epoch: 020 | Train Loss: 0.0032229 | Grad norm: 0.230012 | Time: 1s671ms
Epoch: 020 | Test Loss: 0.0029723 | Time: 771ms
==> Save the model at epoch 020 with test loss 0.0029723
Epoch: 021 | Train Loss: 0.0031601 | Grad norm: 0.215205 | Time: 1s726ms
Epoch: 021 | Test Loss: 0.0036517 | Time: 890ms
Epoch: 022 | Train Loss: 0.0032261 | Grad norm: 0.233305 | Time: 1s891ms
Epoch: 022 | Test Loss: 0.0035161 | Time: 794ms
Epoch: 023 | Train Loss: 0.0031691 | Grad norm: 0.216836 | Time: 1s747ms
Epoch: 023 | Test Loss: 0.0030986 | Time: 755ms
Epoch: 024 | Train Loss: 0.0031200 | Grad norm: 0.208117 | Time: 1s615ms
Epoch: 024 | Test Loss: 0.0031206 | Time: 772ms
Epoch: 025 | Train Loss: 0.0029981 | Grad norm: 0.176330 | Time: 1s590ms
Epoch: 025 | Test Loss: 0.0032237 | Time: 814ms
Epoch: 026 | Train Loss: 0.0030107 | Grad norm: 0.184507 | Time: 1s717ms
Epoch: 026 | Test Loss: 0.0034675 | Time: 813ms
Epoch: 027 | Train Loss: 0.0029344 | Grad norm: 0.153915 | Time: 1s662ms
Epoch: 027 | Test Loss: 0.0031054 | Time: 772ms
Epoch: 028 | Train Loss: 0.0029234 | Grad norm: 0.156745 | Time: 1s749ms
Epoch: 028 | Test Loss: 0.0028099 | Time: 744ms
==> Save the model at epoch 028 with test loss 0.0028099
Epoch: 029 | Train Loss: 0.0028736 | Grad norm: 0.138505 | Time: 1s774ms
Epoch: 029 | Test Loss: 0.0033748 | Time: 774ms
Epoch: 030 | Train Loss: 0.0028823 | Grad norm: 0.142943 | Time: 1s600ms
Epoch: 030 | Test Loss: 0.0028917 | Time: 768ms
Epoch: 031 | Train Loss: 0.0028437 | Grad norm: 0.128580 | Time: 1s665ms
Epoch: 031 | Test Loss: 0.0029679 | Time: 776ms
Epoch: 032 | Train Loss: 0.0028526 | Grad norm: 0.138964 | Time: 1s733ms
Epoch: 032 | Test Loss: 0.0029513 | Time: 910ms
Epoch: 033 | Train Loss: 0.0027861 | Grad norm: 0.108778 | Time: 1s884ms
Epoch: 033 | Test Loss: 0.0028153 | Time: 885ms
Epoch: 034 | Train Loss: 0.0027785 | Grad norm: 0.105064 | Time: 1s537ms
Epoch: 034 | Test Loss: 0.0027983 | Time: 771ms
==> Save the model at epoch 034 with test loss 0.0027983
Epoch: 035 | Train Loss: 0.0027497 | Grad norm: 0.092416 | Time: 1s593ms
Epoch: 035 | Test Loss: 0.0028200 | Time: 745ms
Epoch: 036 | Train Loss: 0.0027418 | Grad norm: 0.086999 | Time: 1s777ms
Epoch: 036 | Test Loss: 0.0027698 | Time: 738ms
==> Save the model at epoch 036 with test loss 0.0027698
Epoch: 037 | Train Loss: 0.0027246 | Grad norm: 0.079168 | Time: 1s634ms
Epoch: 037 | Test Loss: 0.0027441 | Time: 763ms
==> Save the model at epoch 037 with test loss 0.0027441
Epoch: 038 | Train Loss: 0.0027088 | Grad norm: 0.067746 | Time: 1s797ms
Epoch: 038 | Test Loss: 0.0027420 | Time: 833ms
==> Save the model at epoch 038 with test loss 0.0027420
Epoch: 039 | Train Loss: 0.0027058 | Grad norm: 0.066724 | Time: 1s791ms
Epoch: 039 | Test Loss: 0.0027337 | Time: 790ms
==> Save the model at epoch 039 with test loss 0.0027337
Epoch: 040 | Train Loss: 0.0026979 | Grad norm: 0.063769 | Time: 1s661ms
Epoch: 040 | Test Loss: 0.0027313 | Time: 821ms
==> Save the model at epoch 040 with test loss 0.0027313
Total time: 1m39s
==> Saving trained model weights...
==> Input bias to be applied to the neural network (trained):
[0. 0.]
==> Input transform to be applied to the neural network (trained):
[0.5576312  0.56041247]
==> Output transform to be applied to the neural network (trained):
[1.7847 1.7916]
==> Saving training info...
==> Drawing training loss...
==> Drawing grad norm...
==> Drawing testing loss...
==> Process finished.
