==> torch device:  cuda:1
==> Test-Train split: test_ratio = 0.20
==> Test-Train split seed:  None
==> Further split: further_train_ratio = 0.25
==> Further split seed:  None
==> Input bias to be applied to the neural network:
[0. 0.]
==> Input transform to be applied to the neural network:
[1. 1.]
==> Ouput transform to be applied to the neural network:
[1. 1.]
==> Evaluating model...
==========================================================================================
Layer (type:depth-idx)                   Output Shape              Param #
==========================================================================================
NeuralNetwork                            [1, 2]                    6
├─Sequential: 1-1                        [1, 2]                    --
│    └─Linear: 2-1                       [1, 64]                   192
│    └─LeakyReLU: 2-2                    [1, 64]                   --
│    └─Linear: 2-3                       [1, 64]                   4,160
│    └─LeakyReLU: 2-4                    [1, 64]                   --
│    └─Linear: 2-5                       [1, 64]                   4,160
│    └─LeakyReLU: 2-6                    [1, 64]                   --
│    └─Linear: 2-7                       [1, 64]                   4,160
│    └─LeakyReLU: 2-8                    [1, 64]                   --
│    └─Linear: 2-9                       [1, 64]                   4,160
│    └─LeakyReLU: 2-10                   [1, 64]                   --
│    └─Linear: 2-11                      [1, 64]                   4,160
│    └─LeakyReLU: 2-12                   [1, 64]                   --
│    └─Linear: 2-13                      [1, 64]                   4,160
│    └─LeakyReLU: 2-14                   [1, 64]                   --
│    └─Linear: 2-15                      [1, 2]                    130
==========================================================================================
Total params: 25,288
Trainable params: 25,282
Non-trainable params: 6
Total mult-adds (Units.MEGABYTES): 0.03
==========================================================================================
Input size (MB): 0.00
Forward/backward pass size (MB): 0.00
Params size (MB): 0.10
Estimated Total Size (MB): 0.10
==========================================================================================
==> Saving initial model weights...
==> Start training...
Epoch: 001 | Loss: 20.4869258 | L2 loss: 20.4865088 | Lip loss: 0.0004169 | Grad norm: 1.592036 | Time: 10s669ms
Epoch: 001 | Test Loss: 19.3714373 | Time: 540ms
==> Save the model at epoch 001 with test loss 19.3714373
Epoch: 002 | Loss: 14.3011822 | L2 loss: 14.2901139 | Lip loss: 0.0110683 | Grad norm: 10.046703 | Time: 10s90ms
Epoch: 002 | Test Loss: 7.0758836 | Time: 527ms
==> Save the model at epoch 002 with test loss 7.0758836
Epoch: 003 | Loss: 3.0099777 | L2 loss: 2.9851899 | Lip loss: 0.0247878 | Grad norm: 7.805597 | Time: 10s155ms
Epoch: 003 | Test Loss: 0.1485609 | Time: 543ms
==> Save the model at epoch 003 with test loss 0.1485609
Epoch: 004 | Loss: 0.0773393 | L2 loss: 0.0537612 | Lip loss: 0.0235780 | Grad norm: 3.464953 | Time: 10s492ms
Epoch: 004 | Test Loss: 0.0203750 | Time: 599ms
==> Save the model at epoch 004 with test loss 0.0203750
Epoch: 005 | Loss: 0.0343346 | L2 loss: 0.0127559 | Lip loss: 0.0215786 | Grad norm: 3.139964 | Time: 10s88ms
Epoch: 005 | Test Loss: 0.0086528 | Time: 518ms
==> Save the model at epoch 005 with test loss 0.0086528
Epoch: 006 | Loss: 0.0287170 | L2 loss: 0.0074843 | Lip loss: 0.0212326 | Grad norm: 0.824780 | Time: 10s146ms
Epoch: 006 | Test Loss: 0.0070783 | Time: 524ms
==> Save the model at epoch 006 with test loss 0.0070783
Epoch: 007 | Loss: 0.0279182 | L2 loss: 0.0068436 | Lip loss: 0.0210746 | Grad norm: 0.763302 | Time: 10s63ms
Epoch: 007 | Test Loss: 0.0065187 | Time: 537ms
==> Save the model at epoch 007 with test loss 0.0065187
Epoch: 008 | Loss: 0.0272929 | L2 loss: 0.0063399 | Lip loss: 0.0209530 | Grad norm: 0.727598 | Time: 10s222ms
Epoch: 008 | Test Loss: 0.0060743 | Time: 524ms
==> Save the model at epoch 008 with test loss 0.0060743
Epoch: 009 | Loss: 0.0269080 | L2 loss: 0.0059093 | Lip loss: 0.0209987 | Grad norm: 0.664244 | Time: 10s199ms
Epoch: 009 | Test Loss: 0.0057995 | Time: 524ms
==> Save the model at epoch 009 with test loss 0.0057995
Epoch: 010 | Loss: 0.0264276 | L2 loss: 0.0056083 | Lip loss: 0.0208193 | Grad norm: 0.744661 | Time: 9s945ms
Epoch: 010 | Test Loss: 0.0054041 | Time: 545ms
==> Save the model at epoch 010 with test loss 0.0054041
Epoch: 011 | Loss: 0.0263014 | L2 loss: 0.0053682 | Lip loss: 0.0209332 | Grad norm: 0.486636 | Time: 9s856ms
Epoch: 011 | Test Loss: 0.0053336 | Time: 597ms
==> Save the model at epoch 011 with test loss 0.0053336
Epoch: 012 | Loss: 0.0262543 | L2 loss: 0.0053351 | Lip loss: 0.0209192 | Grad norm: 0.470804 | Time: 9s735ms
Epoch: 012 | Test Loss: 0.0053142 | Time: 526ms
==> Save the model at epoch 012 with test loss 0.0053142
Epoch: 013 | Loss: 0.0262362 | L2 loss: 0.0053141 | Lip loss: 0.0209221 | Grad norm: 0.473949 | Time: 10s15ms
Epoch: 013 | Test Loss: 0.0052731 | Time: 524ms
==> Save the model at epoch 013 with test loss 0.0052731
Epoch: 014 | Loss: 0.0261769 | L2 loss: 0.0052855 | Lip loss: 0.0208915 | Grad norm: 0.470471 | Time: 10s58ms
Epoch: 014 | Test Loss: 0.0052467 | Time: 517ms
==> Save the model at epoch 014 with test loss 0.0052467
Epoch: 015 | Loss: 0.0262154 | L2 loss: 0.0052470 | Lip loss: 0.0209684 | Grad norm: 0.458863 | Time: 9s856ms
Epoch: 015 | Test Loss: 0.0052190 | Time: 532ms
==> Save the model at epoch 015 with test loss 0.0052190
Epoch: 016 | Loss: 0.0260629 | L2 loss: 0.0052258 | Lip loss: 0.0208371 | Grad norm: 0.445373 | Time: 10s57ms
Epoch: 016 | Test Loss: 0.0052111 | Time: 524ms
==> Save the model at epoch 016 with test loss 0.0052111
Epoch: 017 | Loss: 0.0261338 | L2 loss: 0.0052233 | Lip loss: 0.0209105 | Grad norm: 0.416154 | Time: 9s933ms
Epoch: 017 | Test Loss: 0.0052079 | Time: 515ms
==> Save the model at epoch 017 with test loss 0.0052079
Epoch: 018 | Loss: 0.0261205 | L2 loss: 0.0052232 | Lip loss: 0.0208973 | Grad norm: 0.416387 | Time: 9s646ms
Epoch: 018 | Test Loss: 0.0052056 | Time: 528ms
==> Save the model at epoch 018 with test loss 0.0052056
Epoch: 019 | Loss: 0.0260436 | L2 loss: 0.0052189 | Lip loss: 0.0208248 | Grad norm: 0.428598 | Time: 9s835ms
Epoch: 019 | Test Loss: 0.0052004 | Time: 521ms
==> Save the model at epoch 019 with test loss 0.0052004
Epoch: 020 | Loss: 0.0260512 | L2 loss: 0.0052087 | Lip loss: 0.0208425 | Grad norm: 0.416137 | Time: 9s826ms
Epoch: 020 | Test Loss: 0.0052002 | Time: 595ms
==> Save the model at epoch 020 with test loss 0.0052002
Epoch: 021 | Loss: 0.0260930 | L2 loss: 0.0052183 | Lip loss: 0.0208747 | Grad norm: 0.436054 | Time: 9s826ms
Epoch: 021 | Test Loss: 0.0051982 | Time: 526ms
==> Save the model at epoch 021 with test loss 0.0051982
Epoch: 022 | Loss: 0.0261059 | L2 loss: 0.0052217 | Lip loss: 0.0208842 | Grad norm: 0.456440 | Time: 9s907ms
Epoch: 022 | Test Loss: 0.0051970 | Time: 520ms
==> Save the model at epoch 022 with test loss 0.0051970
Epoch: 023 | Loss: 0.0261581 | L2 loss: 0.0052116 | Lip loss: 0.0209465 | Grad norm: 0.424596 | Time: 9s935ms
Epoch: 023 | Test Loss: 0.0051964 | Time: 532ms
==> Save the model at epoch 023 with test loss 0.0051964
Epoch: 024 | Loss: 0.0260429 | L2 loss: 0.0052116 | Lip loss: 0.0208313 | Grad norm: 0.426789 | Time: 9s764ms
Epoch: 024 | Test Loss: 0.0051961 | Time: 518ms
==> Save the model at epoch 024 with test loss 0.0051961
Epoch: 025 | Loss: 0.0260534 | L2 loss: 0.0052100 | Lip loss: 0.0208434 | Grad norm: 0.428333 | Time: 9s849ms
Epoch: 025 | Test Loss: 0.0051958 | Time: 526ms
==> Save the model at epoch 025 with test loss 0.0051958
Epoch: 026 | Loss: 0.0260288 | L2 loss: 0.0052083 | Lip loss: 0.0208205 | Grad norm: 0.417945 | Time: 10s28ms
Epoch: 026 | Test Loss: 0.0051958 | Time: 527ms
==> Save the model at epoch 026 with test loss 0.0051958
Epoch: 027 | Loss: 0.0260741 | L2 loss: 0.0052085 | Lip loss: 0.0208656 | Grad norm: 0.404333 | Time: 10s249ms
Epoch: 027 | Test Loss: 0.0051957 | Time: 523ms
==> Save the model at epoch 027 with test loss 0.0051957
Epoch: 028 | Loss: 0.0261047 | L2 loss: 0.0052111 | Lip loss: 0.0208936 | Grad norm: 0.428027 | Time: 10s15ms
Epoch: 028 | Test Loss: 0.0051957 | Time: 517ms
==> Save the model at epoch 028 with test loss 0.0051957
Epoch: 029 | Loss: 0.0260673 | L2 loss: 0.0052114 | Lip loss: 0.0208559 | Grad norm: 0.428786 | Time: 10s140ms
Epoch: 029 | Test Loss: 0.0051957 | Time: 594ms
==> Save the model at epoch 029 with test loss 0.0051957
Epoch: 030 | Loss: 0.0261012 | L2 loss: 0.0052151 | Lip loss: 0.0208861 | Grad norm: 0.403803 | Time: 10s37ms
Epoch: 030 | Test Loss: 0.0051957 | Time: 524ms
==> Save the model at epoch 030 with test loss 0.0051957
Epoch: 031 | Loss: 0.0261067 | L2 loss: 0.0052100 | Lip loss: 0.0208967 | Grad norm: 0.423761 | Time: 10s289ms
Epoch: 031 | Test Loss: 0.0051957 | Time: 537ms
==> Save the model at epoch 031 with test loss 0.0051957
Epoch: 032 | Loss: 0.0260214 | L2 loss: 0.0052098 | Lip loss: 0.0208116 | Grad norm: 0.405552 | Time: 10s185ms
Epoch: 032 | Test Loss: 0.0051957 | Time: 521ms
==> Save the model at epoch 032 with test loss 0.0051957
Epoch: 033 | Loss: 0.0261091 | L2 loss: 0.0052092 | Lip loss: 0.0208999 | Grad norm: 0.415667 | Time: 10s221ms
Epoch: 033 | Test Loss: 0.0051957 | Time: 519ms
==> Save the model at epoch 033 with test loss 0.0051957
Epoch: 034 | Loss: 0.0260979 | L2 loss: 0.0052102 | Lip loss: 0.0208877 | Grad norm: 0.384964 | Time: 10s44ms
Epoch: 034 | Test Loss: 0.0051957 | Time: 518ms
==> Save the model at epoch 034 with test loss 0.0051957
Epoch: 035 | Loss: 0.0261275 | L2 loss: 0.0052101 | Lip loss: 0.0209173 | Grad norm: 0.399156 | Time: 10s94ms
Epoch: 035 | Test Loss: 0.0051957 | Time: 529ms
==> Save the model at epoch 035 with test loss 0.0051957
Epoch: 036 | Loss: 0.0260868 | L2 loss: 0.0052135 | Lip loss: 0.0208732 | Grad norm: 0.416149 | Time: 9s795ms
Epoch: 036 | Test Loss: 0.0051957 | Time: 525ms
==> Save the model at epoch 036 with test loss 0.0051957
Epoch: 037 | Loss: 0.0260100 | L2 loss: 0.0052074 | Lip loss: 0.0208026 | Grad norm: 0.421232 | Time: 9s900ms
Epoch: 037 | Test Loss: 0.0051957 | Time: 526ms
==> Save the model at epoch 037 with test loss 0.0051957
Epoch: 038 | Loss: 0.0260623 | L2 loss: 0.0052195 | Lip loss: 0.0208428 | Grad norm: 0.393756 | Time: 10s173ms
Epoch: 038 | Test Loss: 0.0051957 | Time: 596ms
Epoch: 039 | Loss: 0.0260673 | L2 loss: 0.0052084 | Lip loss: 0.0208589 | Grad norm: 0.416289 | Time: 10s104ms
Epoch: 039 | Test Loss: 0.0051957 | Time: 538ms
Epoch: 040 | Loss: 0.0260792 | L2 loss: 0.0052124 | Lip loss: 0.0208668 | Grad norm: 0.414927 | Time: 9s883ms
Epoch: 040 | Test Loss: 0.0051957 | Time: 526ms
Total time: 7m2s
==> Saving trained model weights...
==> Input bias to be applied to the neural network (trained):
[0. 0.]
==> Input transform to be applied to the neural network (trained):
[1. 1.]
==> Output transform to be applied to the neural network (trained):
[1. 1.]
==> Saving training info...
==> Drawing training loss...
==> Drawing grad norm...
==> Drawing testing loss...
==> Drawing l2 loss...
==> Drawing lip loss...
==> Process finished.
