==> torch device:  cuda:2
==> Test-Train split: test_ratio = 0.20
==> Test-Train split seed:  None
==> Further split: further_train_ratio = 0.50
==> Further split seed:  None
==> Input bias to be applied to the neural network:
[0. 0.]
==> Input transform to be applied to the neural network:
[1. 1.]
==> Ouput transform to be applied to the neural network:
[1. 1.]
==> Evaluating model...
==========================================================================================
Layer (type:depth-idx)                   Output Shape              Param #
==========================================================================================
NeuralNetwork                            [1, 2]                    6
├─Sequential: 1-1                        [1, 2]                    --
│    └─Linear: 2-1                       [1, 64]                   192
│    └─LeakyReLU: 2-2                    [1, 64]                   --
│    └─Linear: 2-3                       [1, 64]                   4,160
│    └─LeakyReLU: 2-4                    [1, 64]                   --
│    └─Linear: 2-5                       [1, 64]                   4,160
│    └─LeakyReLU: 2-6                    [1, 64]                   --
│    └─Linear: 2-7                       [1, 64]                   4,160
│    └─LeakyReLU: 2-8                    [1, 64]                   --
│    └─Linear: 2-9                       [1, 64]                   4,160
│    └─LeakyReLU: 2-10                   [1, 64]                   --
│    └─Linear: 2-11                      [1, 64]                   4,160
│    └─LeakyReLU: 2-12                   [1, 64]                   --
│    └─Linear: 2-13                      [1, 64]                   4,160
│    └─LeakyReLU: 2-14                   [1, 64]                   --
│    └─Linear: 2-15                      [1, 2]                    130
==========================================================================================
Total params: 25,288
Trainable params: 25,282
Non-trainable params: 6
Total mult-adds (Units.MEGABYTES): 0.03
==========================================================================================
Input size (MB): 0.00
Forward/backward pass size (MB): 0.00
Params size (MB): 0.10
Estimated Total Size (MB): 0.10
==========================================================================================
==> Saving initial model weights...
==> Start training...
Epoch: 001 | Loss: 0.7875932 | L2 loss: 0.7865024 | Lip loss: 0.0010908 | Grad norm: 3.107388 | Time: 28s738ms
Epoch: 001 | Test Loss: 0.0089566 | Time: 725ms
==> Save the model at epoch 001 with test loss 0.0089566
Epoch: 002 | Loss: 0.0109209 | L2 loss: 0.0097531 | Lip loss: 0.0011678 | Grad norm: 1.746564 | Time: 27s7ms
Epoch: 002 | Test Loss: 0.0028639 | Time: 864ms
==> Save the model at epoch 002 with test loss 0.0028639
Epoch: 003 | Loss: 0.0055347 | L2 loss: 0.0043774 | Lip loss: 0.0011574 | Grad norm: 1.061529 | Time: 28s30ms
Epoch: 003 | Test Loss: 0.0045050 | Time: 790ms
Epoch: 004 | Loss: 0.0035862 | L2 loss: 0.0024296 | Lip loss: 0.0011566 | Grad norm: 0.680517 | Time: 28s69ms
Epoch: 004 | Test Loss: 0.0014584 | Time: 789ms
==> Save the model at epoch 004 with test loss 0.0014584
Epoch: 005 | Loss: 0.0044644 | L2 loss: 0.0032952 | Lip loss: 0.0011692 | Grad norm: 0.785493 | Time: 28s363ms
Epoch: 005 | Test Loss: 0.0013833 | Time: 729ms
==> Save the model at epoch 005 with test loss 0.0013833
Epoch: 006 | Loss: 0.0019753 | L2 loss: 0.0007997 | Lip loss: 0.0011755 | Grad norm: 0.086739 | Time: 27s641ms
Epoch: 006 | Test Loss: 0.0007762 | Time: 730ms
==> Save the model at epoch 006 with test loss 0.0007762
Epoch: 007 | Loss: 0.0019155 | L2 loss: 0.0007440 | Lip loss: 0.0011715 | Grad norm: 0.089926 | Time: 28s926ms
Epoch: 007 | Test Loss: 0.0007470 | Time: 791ms
==> Save the model at epoch 007 with test loss 0.0007470
Epoch: 008 | Loss: 0.0018862 | L2 loss: 0.0007201 | Lip loss: 0.0011661 | Grad norm: 0.084630 | Time: 28s192ms
Epoch: 008 | Test Loss: 0.0007532 | Time: 799ms
Epoch: 009 | Loss: 0.0018773 | L2 loss: 0.0007068 | Lip loss: 0.0011705 | Grad norm: 0.091787 | Time: 28s370ms
Epoch: 009 | Test Loss: 0.0007166 | Time: 795ms
==> Save the model at epoch 009 with test loss 0.0007166
Epoch: 010 | Loss: 0.0018670 | L2 loss: 0.0007000 | Lip loss: 0.0011670 | Grad norm: 0.098598 | Time: 28s71ms
Epoch: 010 | Test Loss: 0.0007213 | Time: 799ms
Epoch: 011 | Loss: 0.0018351 | L2 loss: 0.0006708 | Lip loss: 0.0011644 | Grad norm: 0.056455 | Time: 28s84ms
Epoch: 011 | Test Loss: 0.0006898 | Time: 802ms
==> Save the model at epoch 011 with test loss 0.0006898
Epoch: 012 | Loss: 0.0018362 | L2 loss: 0.0006698 | Lip loss: 0.0011664 | Grad norm: 0.059289 | Time: 27s927ms
Epoch: 012 | Test Loss: 0.0006924 | Time: 736ms
Epoch: 013 | Loss: 0.0018305 | L2 loss: 0.0006685 | Lip loss: 0.0011620 | Grad norm: 0.059221 | Time: 28s417ms
Epoch: 013 | Test Loss: 0.0006865 | Time: 793ms
==> Save the model at epoch 013 with test loss 0.0006865
Epoch: 014 | Loss: 0.0018323 | L2 loss: 0.0006673 | Lip loss: 0.0011650 | Grad norm: 0.058003 | Time: 28s636ms
Epoch: 014 | Test Loss: 0.0006824 | Time: 799ms
==> Save the model at epoch 014 with test loss 0.0006824
Epoch: 015 | Loss: 0.0018230 | L2 loss: 0.0006662 | Lip loss: 0.0011567 | Grad norm: 0.061588 | Time: 28s339ms
Epoch: 015 | Test Loss: 0.0006827 | Time: 731ms
Epoch: 016 | Loss: 0.0018232 | L2 loss: 0.0006617 | Lip loss: 0.0011615 | Grad norm: 0.050763 | Time: 27s600ms
Epoch: 016 | Test Loss: 0.0006786 | Time: 802ms
==> Save the model at epoch 016 with test loss 0.0006786
Epoch: 017 | Loss: 0.0018275 | L2 loss: 0.0006615 | Lip loss: 0.0011660 | Grad norm: 0.050954 | Time: 28s337ms
Epoch: 017 | Test Loss: 0.0006788 | Time: 803ms
Epoch: 018 | Loss: 0.0018165 | L2 loss: 0.0006616 | Lip loss: 0.0011550 | Grad norm: 0.051856 | Time: 28s430ms
Epoch: 018 | Test Loss: 0.0006781 | Time: 794ms
==> Save the model at epoch 018 with test loss 0.0006781
Epoch: 019 | Loss: 0.0018292 | L2 loss: 0.0006612 | Lip loss: 0.0011680 | Grad norm: 0.052481 | Time: 28s11ms
Epoch: 019 | Test Loss: 0.0006790 | Time: 806ms
Epoch: 020 | Loss: 0.0018250 | L2 loss: 0.0006611 | Lip loss: 0.0011639 | Grad norm: 0.052437 | Time: 28s572ms
Epoch: 020 | Test Loss: 0.0006780 | Time: 805ms
==> Save the model at epoch 020 with test loss 0.0006780
Epoch: 021 | Loss: 0.0018270 | L2 loss: 0.0006603 | Lip loss: 0.0011667 | Grad norm: 0.051628 | Time: 28s71ms
Epoch: 021 | Test Loss: 0.0006777 | Time: 723ms
==> Save the model at epoch 021 with test loss 0.0006777
Epoch: 022 | Loss: 0.0018169 | L2 loss: 0.0006601 | Lip loss: 0.0011568 | Grad norm: 0.051633 | Time: 28s810ms
Epoch: 022 | Test Loss: 0.0006778 | Time: 1s5ms
Epoch: 023 | Loss: 0.0018254 | L2 loss: 0.0006601 | Lip loss: 0.0011652 | Grad norm: 0.051766 | Time: 28s150ms
Epoch: 023 | Test Loss: 0.0006778 | Time: 804ms
Epoch: 024 | Loss: 0.0018194 | L2 loss: 0.0006600 | Lip loss: 0.0011594 | Grad norm: 0.051556 | Time: 27s658ms
Epoch: 024 | Test Loss: 0.0006778 | Time: 718ms
Epoch: 025 | Loss: 0.0018118 | L2 loss: 0.0006601 | Lip loss: 0.0011517 | Grad norm: 0.050471 | Time: 28s34ms
Epoch: 025 | Test Loss: 0.0006776 | Time: 727ms
==> Save the model at epoch 025 with test loss 0.0006776
Epoch: 026 | Loss: 0.0018166 | L2 loss: 0.0006599 | Lip loss: 0.0011567 | Grad norm: 0.050006 | Time: 28s329ms
Epoch: 026 | Test Loss: 0.0006776 | Time: 728ms
==> Save the model at epoch 026 with test loss 0.0006776
Epoch: 027 | Loss: 0.0018112 | L2 loss: 0.0006600 | Lip loss: 0.0011512 | Grad norm: 0.050337 | Time: 29s414ms
Epoch: 027 | Test Loss: 0.0006775 | Time: 726ms
==> Save the model at epoch 027 with test loss 0.0006775
Epoch: 028 | Loss: 0.0018152 | L2 loss: 0.0006600 | Lip loss: 0.0011552 | Grad norm: 0.050544 | Time: 28s3ms
Epoch: 028 | Test Loss: 0.0006775 | Time: 802ms
==> Save the model at epoch 028 with test loss 0.0006775
Epoch: 029 | Loss: 0.0018226 | L2 loss: 0.0006598 | Lip loss: 0.0011627 | Grad norm: 0.050198 | Time: 28s8ms
Epoch: 029 | Test Loss: 0.0006775 | Time: 788ms
Epoch: 030 | Loss: 0.0018242 | L2 loss: 0.0006599 | Lip loss: 0.0011642 | Grad norm: 0.049916 | Time: 28s245ms
Epoch: 030 | Test Loss: 0.0006775 | Time: 796ms
==> Save the model at epoch 030 with test loss 0.0006775
Epoch: 031 | Loss: 0.0018222 | L2 loss: 0.0006598 | Lip loss: 0.0011624 | Grad norm: 0.050226 | Time: 28s307ms
Epoch: 031 | Test Loss: 0.0006775 | Time: 801ms
==> Save the model at epoch 031 with test loss 0.0006775
Epoch: 032 | Loss: 0.0018219 | L2 loss: 0.0006598 | Lip loss: 0.0011621 | Grad norm: 0.050074 | Time: 28s231ms
Epoch: 032 | Test Loss: 0.0006775 | Time: 792ms
==> Save the model at epoch 032 with test loss 0.0006775
Epoch: 033 | Loss: 0.0018108 | L2 loss: 0.0006598 | Lip loss: 0.0011510 | Grad norm: 0.050443 | Time: 28s589ms
Epoch: 033 | Test Loss: 0.0006775 | Time: 830ms
==> Save the model at epoch 033 with test loss 0.0006775
Epoch: 034 | Loss: 0.0018151 | L2 loss: 0.0006599 | Lip loss: 0.0011552 | Grad norm: 0.050266 | Time: 28s707ms
Epoch: 034 | Test Loss: 0.0006775 | Time: 794ms
==> Save the model at epoch 034 with test loss 0.0006775
Epoch: 035 | Loss: 0.0018298 | L2 loss: 0.0006601 | Lip loss: 0.0011697 | Grad norm: 0.049156 | Time: 28s484ms
Epoch: 035 | Test Loss: 0.0006775 | Time: 797ms
Epoch: 036 | Loss: 0.0018246 | L2 loss: 0.0006600 | Lip loss: 0.0011647 | Grad norm: 0.051095 | Time: 28s387ms
Epoch: 036 | Test Loss: 0.0006775 | Time: 721ms
Epoch: 037 | Loss: 0.0018392 | L2 loss: 0.0006599 | Lip loss: 0.0011793 | Grad norm: 0.050072 | Time: 28s724ms
Epoch: 037 | Test Loss: 0.0006775 | Time: 855ms
Epoch: 038 | Loss: 0.0018287 | L2 loss: 0.0006598 | Lip loss: 0.0011689 | Grad norm: 0.050633 | Time: 28s94ms
Epoch: 038 | Test Loss: 0.0006775 | Time: 813ms
Epoch: 039 | Loss: 0.0018182 | L2 loss: 0.0006599 | Lip loss: 0.0011583 | Grad norm: 0.050577 | Time: 28s474ms
Epoch: 039 | Test Loss: 0.0006775 | Time: 804ms
Epoch: 040 | Loss: 0.0018250 | L2 loss: 0.0006598 | Lip loss: 0.0011652 | Grad norm: 0.049427 | Time: 28s295ms
Epoch: 040 | Test Loss: 0.0006775 | Time: 796ms
Total time: 19m22s
==> Saving trained model weights...
==> Input bias to be applied to the neural network (trained):
[0. 0.]
==> Input transform to be applied to the neural network (trained):
[1. 1.]
==> Output transform to be applied to the neural network (trained):
[1. 1.]
==> Saving training info...
==> Drawing training loss...
==> Drawing grad norm...
==> Drawing testing loss...
==> Drawing l2 loss...
==> Drawing lip loss...
==> Process finished.
