==> torch device:  cuda:1
==> Test-Train split: test_ratio = 0.20
==> Test-Train split seed:  None
==> Further split: further_train_ratio = 0.25
==> Further split seed:  None
==> Input bias to be applied to the neural network:
[0. 0.]
==> Input transform to be applied to the neural network:
[0.496845   0.52004784]
==> Ouput transform to be applied to the neural network:
[1.9242 2.0182]
==> Evaluating model...
==========================================================================================
Layer (type:depth-idx)                   Output Shape              Param #
==========================================================================================
NeuralNetwork                            [1, 2]                    6
├─Sequential: 1-1                        [1, 2]                    --
│    └─Linear: 2-1                       [1, 64]                   192
│    └─ReLU: 2-2                         [1, 64]                   --
│    └─Linear: 2-3                       [1, 64]                   4,160
│    └─ReLU: 2-4                         [1, 64]                   --
│    └─Linear: 2-5                       [1, 64]                   4,160
│    └─ReLU: 2-6                         [1, 64]                   --
│    └─Linear: 2-7                       [1, 64]                   4,160
│    └─ReLU: 2-8                         [1, 64]                   --
│    └─Linear: 2-9                       [1, 64]                   4,160
│    └─ReLU: 2-10                        [1, 64]                   --
│    └─Linear: 2-11                      [1, 64]                   4,160
│    └─ReLU: 2-12                        [1, 64]                   --
│    └─Linear: 2-13                      [1, 64]                   4,160
│    └─ReLU: 2-14                        [1, 64]                   --
│    └─Linear: 2-15                      [1, 2]                    130
├─Sequential: 1-2                        [1, 2]                    (recursive)
│    └─Linear: 2-16                      [1, 64]                   (recursive)
│    └─ReLU: 2-17                        [1, 64]                   --
│    └─Linear: 2-18                      [1, 64]                   (recursive)
│    └─ReLU: 2-19                        [1, 64]                   --
│    └─Linear: 2-20                      [1, 64]                   (recursive)
│    └─ReLU: 2-21                        [1, 64]                   --
│    └─Linear: 2-22                      [1, 64]                   (recursive)
│    └─ReLU: 2-23                        [1, 64]                   --
│    └─Linear: 2-24                      [1, 64]                   (recursive)
│    └─ReLU: 2-25                        [1, 64]                   --
│    └─Linear: 2-26                      [1, 64]                   (recursive)
│    └─ReLU: 2-27                        [1, 64]                   --
│    └─Linear: 2-28                      [1, 64]                   (recursive)
│    └─ReLU: 2-29                        [1, 64]                   --
│    └─Linear: 2-30                      [1, 2]                    (recursive)
==========================================================================================
Total params: 25,288
Trainable params: 25,282
Non-trainable params: 6
Total mult-adds (Units.MEGABYTES): 0.05
==========================================================================================
Input size (MB): 0.00
Forward/backward pass size (MB): 0.01
Params size (MB): 0.10
Estimated Total Size (MB): 0.11
==========================================================================================
==> Saving initial model weights...
==> Start training...
==> Number of param_groups in optimizer: 1
Epoch: 001 | Train Loss: 7.7016466 | Grad norm: 0.222798 | Time: 1s346ms
Epoch: 001 | Test Loss: 7.7301995 | Time: 478ms
==> Save the model at epoch 001 with test loss 7.7301995
Epoch: 002 | Train Loss: 1.7722371 | Grad norm: 5.034659 | Time: 1s38ms
Epoch: 002 | Test Loss: 0.0841354 | Time: 455ms
==> Save the model at epoch 002 with test loss 0.0841354
Epoch: 003 | Train Loss: 0.0911002 | Grad norm: 2.954730 | Time: 1s115ms
Epoch: 003 | Test Loss: 0.0490505 | Time: 546ms
==> Save the model at epoch 003 with test loss 0.0490505
Epoch: 004 | Train Loss: 0.0575299 | Grad norm: 2.513685 | Time: 1s74ms
Epoch: 004 | Test Loss: 0.0793943 | Time: 459ms
Epoch: 005 | Train Loss: 0.0559717 | Grad norm: 2.626949 | Time: 1s59ms
Epoch: 005 | Test Loss: 0.0472291 | Time: 470ms
==> Save the model at epoch 005 with test loss 0.0472291
Epoch: 006 | Train Loss: 0.0583009 | Grad norm: 2.849342 | Time: 1s98ms
Epoch: 006 | Test Loss: 0.0721929 | Time: 465ms
Epoch: 007 | Train Loss: 0.0686479 | Grad norm: 2.734655 | Time: 1s211ms
Epoch: 007 | Test Loss: 0.0668236 | Time: 521ms
Epoch: 008 | Train Loss: 0.0802047 | Grad norm: 3.373241 | Time: 1s195ms
Epoch: 008 | Test Loss: 0.0373061 | Time: 454ms
==> Save the model at epoch 008 with test loss 0.0373061
Epoch: 009 | Train Loss: 0.0848742 | Grad norm: 3.477911 | Time: 1s55ms
Epoch: 009 | Test Loss: 0.0628046 | Time: 452ms
Epoch: 010 | Train Loss: 0.0874472 | Grad norm: 3.386401 | Time: 1s123ms
Epoch: 010 | Test Loss: 0.0639559 | Time: 451ms
Epoch: 011 | Train Loss: 0.0715532 | Grad norm: 2.960476 | Time: 1s
Epoch: 011 | Test Loss: 0.0529507 | Time: 538ms
Epoch: 012 | Train Loss: 0.0604847 | Grad norm: 2.611910 | Time: 1s61ms
Epoch: 012 | Test Loss: 0.0691051 | Time: 469ms
Epoch: 013 | Train Loss: 0.0528499 | Grad norm: 2.537644 | Time: 1s108ms
Epoch: 013 | Test Loss: 0.0287745 | Time: 476ms
==> Save the model at epoch 013 with test loss 0.0287745
Epoch: 014 | Train Loss: 0.0340205 | Grad norm: 1.974100 | Time: 1s8ms
Epoch: 014 | Test Loss: 0.0218799 | Time: 501ms
==> Save the model at epoch 014 with test loss 0.0218799
Epoch: 015 | Train Loss: 0.0426581 | Grad norm: 2.254325 | Time: 1s37ms
Epoch: 015 | Test Loss: 0.0230616 | Time: 529ms
Epoch: 016 | Train Loss: 0.0285978 | Grad norm: 1.799508 | Time: 1s39ms
Epoch: 016 | Test Loss: 0.0401872 | Time: 470ms
Epoch: 017 | Train Loss: 0.0281229 | Grad norm: 1.604447 | Time: 1s27ms
Epoch: 017 | Test Loss: 0.0251694 | Time: 462ms
Epoch: 018 | Train Loss: 0.0236566 | Grad norm: 1.457503 | Time: 908ms
Epoch: 018 | Test Loss: 0.0234311 | Time: 462ms
Epoch: 019 | Train Loss: 0.0245789 | Grad norm: 1.622310 | Time: 1s23ms
Epoch: 019 | Test Loss: 0.0143488 | Time: 545ms
==> Save the model at epoch 019 with test loss 0.0143488
Epoch: 020 | Train Loss: 0.0204774 | Grad norm: 1.370840 | Time: 1s1ms
Epoch: 020 | Test Loss: 0.0208858 | Time: 456ms
Epoch: 021 | Train Loss: 0.0185928 | Grad norm: 1.170945 | Time: 1s50ms
Epoch: 021 | Test Loss: 0.0239378 | Time: 469ms
Epoch: 022 | Train Loss: 0.0130388 | Grad norm: 0.852551 | Time: 1s31ms
Epoch: 022 | Test Loss: 0.0144798 | Time: 463ms
Epoch: 023 | Train Loss: 0.0142801 | Grad norm: 0.911163 | Time: 1s10ms
Epoch: 023 | Test Loss: 0.0109350 | Time: 524ms
==> Save the model at epoch 023 with test loss 0.0109350
Epoch: 024 | Train Loss: 0.0105078 | Grad norm: 0.651008 | Time: 1s85ms
Epoch: 024 | Test Loss: 0.0122894 | Time: 524ms
Epoch: 025 | Train Loss: 0.0096524 | Grad norm: 0.533807 | Time: 1s42ms
Epoch: 025 | Test Loss: 0.0083322 | Time: 462ms
==> Save the model at epoch 025 with test loss 0.0083322
Epoch: 026 | Train Loss: 0.0086298 | Grad norm: 0.447309 | Time: 1s44ms
Epoch: 026 | Test Loss: 0.0105896 | Time: 451ms
Epoch: 027 | Train Loss: 0.0094405 | Grad norm: 0.554341 | Time: 1s109ms
Epoch: 027 | Test Loss: 0.0083799 | Time: 569ms
Epoch: 028 | Train Loss: 0.0088407 | Grad norm: 0.459156 | Time: 1s76ms
Epoch: 028 | Test Loss: 0.0100982 | Time: 461ms
Epoch: 029 | Train Loss: 0.0085602 | Grad norm: 0.460180 | Time: 1s51ms
Epoch: 029 | Test Loss: 0.0089854 | Time: 458ms
Epoch: 030 | Train Loss: 0.0079577 | Grad norm: 0.341836 | Time: 1s35ms
Epoch: 030 | Test Loss: 0.0096078 | Time: 453ms
Epoch: 031 | Train Loss: 0.0076418 | Grad norm: 0.315736 | Time: 1s24ms
Epoch: 031 | Test Loss: 0.0074635 | Time: 529ms
==> Save the model at epoch 031 with test loss 0.0074635
Epoch: 032 | Train Loss: 0.0074433 | Grad norm: 0.287000 | Time: 1s62ms
Epoch: 032 | Test Loss: 0.0071934 | Time: 460ms
==> Save the model at epoch 032 with test loss 0.0071934
Epoch: 033 | Train Loss: 0.0072612 | Grad norm: 0.237007 | Time: 1s28ms
Epoch: 033 | Test Loss: 0.0073637 | Time: 458ms
Epoch: 034 | Train Loss: 0.0071889 | Grad norm: 0.243632 | Time: 1s63ms
Epoch: 034 | Test Loss: 0.0073187 | Time: 451ms
Epoch: 035 | Train Loss: 0.0071573 | Grad norm: 0.238742 | Time: 1s31ms
Epoch: 035 | Test Loss: 0.0069441 | Time: 587ms
==> Save the model at epoch 035 with test loss 0.0069441
Epoch: 036 | Train Loss: 0.0070141 | Grad norm: 0.206171 | Time: 1s112ms
Epoch: 036 | Test Loss: 0.0073536 | Time: 457ms
Epoch: 037 | Train Loss: 0.0068895 | Grad norm: 0.165225 | Time: 1s16ms
Epoch: 037 | Test Loss: 0.0070610 | Time: 533ms
Epoch: 038 | Train Loss: 0.0068309 | Grad norm: 0.145837 | Time: 1s120ms
Epoch: 038 | Test Loss: 0.0068893 | Time: 460ms
==> Save the model at epoch 038 with test loss 0.0068893
Epoch: 039 | Train Loss: 0.0067959 | Grad norm: 0.134232 | Time: 1s110ms
Epoch: 039 | Test Loss: 0.0068883 | Time: 572ms
==> Save the model at epoch 039 with test loss 0.0068883
Epoch: 040 | Train Loss: 0.0067642 | Grad norm: 0.119840 | Time: 1s84ms
Epoch: 040 | Test Loss: 0.0068623 | Time: 477ms
==> Save the model at epoch 040 with test loss 0.0068623
Total time: 1m2s
==> Saving trained model weights...
==> Input bias to be applied to the neural network (trained):
[0. 0.]
==> Input transform to be applied to the neural network (trained):
[0.496845   0.52004784]
==> Output transform to be applied to the neural network (trained):
[1.9242 2.0182]
==> Saving training info...
==> Drawing training loss...
==> Drawing grad norm...
==> Drawing testing loss...
==> Process finished.
