==> torch device:  cuda:2
==> Test-Train split: test_ratio = 0.20
==> Test-Train split seed:  None
==> Further split: further_train_ratio = 0.25
==> Further split seed:  None
==> Lipschitz constant: 8.00
==> Input bias to be applied to the neural network:
[0. 0. 0. 0.]
==> Input transform to be applied to the neural network:
[ 0.62900996  0.6288517  11.614402    9.487666  ]
==> Ouput transform to be applied to the neural network:
[0.0195 0.021 ]
==> Evaluating model...
==========================================================================================
Layer (type:depth-idx)                   Output Shape              Param #
==========================================================================================
NeuralNetwork                            [1, 2]                    10
├─Sequential: 1-1                        [1, 2]                    --
│    └─SandwichFc: 2-1                   [1, 64]                   4,481
│    └─SandwichFc: 2-2                   [1, 64]                   8,321
│    └─SandwichFc: 2-3                   [1, 64]                   8,321
│    └─SandwichFc: 2-4                   [1, 64]                   8,321
│    └─SandwichFc: 2-5                   [1, 64]                   8,321
│    └─SandwichFc: 2-6                   [1, 64]                   8,321
│    └─SandwichFc: 2-7                   [1, 64]                   8,321
│    └─SandwichLin: 2-8                  [1, 2]                    135
├─Sequential: 1-2                        [1, 2]                    (recursive)
│    └─SandwichFc: 2-9                   [1, 64]                   (recursive)
│    └─SandwichFc: 2-10                  [1, 64]                   (recursive)
│    └─SandwichFc: 2-11                  [1, 64]                   (recursive)
│    └─SandwichFc: 2-12                  [1, 64]                   (recursive)
│    └─SandwichFc: 2-13                  [1, 64]                   (recursive)
│    └─SandwichFc: 2-14                  [1, 64]                   (recursive)
│    └─SandwichFc: 2-15                  [1, 64]                   (recursive)
│    └─SandwichLin: 2-16                 [1, 2]                    (recursive)
==========================================================================================
Total params: 54,552
Trainable params: 54,542
Non-trainable params: 10
Total mult-adds (Units.MEGABYTES): 0.11
==========================================================================================
Input size (MB): 0.00
Forward/backward pass size (MB): 0.01
Params size (MB): 0.22
Estimated Total Size (MB): 0.23
==========================================================================================
==> Saving initial model weights...
==> Start training...
==> Number of param_groups in optimizer: 1
Epoch: 001 | Train Loss: 0.0008378 | Grad norm: 0.002214 | Time: 4s397ms
Epoch: 001 | Test Loss: 0.0008308 | Time: 609ms
==> Save the model at epoch 001 with test loss 0.0008308
Epoch: 002 | Train Loss: 0.0001905 | Grad norm: 0.001040 | Time: 4s133ms
Epoch: 002 | Test Loss: 0.0000690 | Time: 606ms
==> Save the model at epoch 002 with test loss 0.0000690
Epoch: 003 | Train Loss: 0.0000694 | Grad norm: 0.000627 | Time: 4s189ms
Epoch: 003 | Test Loss: 0.0000673 | Time: 696ms
==> Save the model at epoch 003 with test loss 0.0000673
Epoch: 004 | Train Loss: 0.0000691 | Grad norm: 0.000672 | Time: 4s115ms
Epoch: 004 | Test Loss: 0.0000684 | Time: 608ms
Epoch: 005 | Train Loss: 0.0000697 | Grad norm: 0.000688 | Time: 4s110ms
Epoch: 005 | Test Loss: 0.0000693 | Time: 613ms
Epoch: 006 | Train Loss: 0.0000708 | Grad norm: 0.000709 | Time: 4s254ms
Epoch: 006 | Test Loss: 0.0000687 | Time: 612ms
Epoch: 007 | Train Loss: 0.0000705 | Grad norm: 0.000646 | Time: 4s124ms
Epoch: 007 | Test Loss: 0.0000699 | Time: 680ms
Epoch: 008 | Train Loss: 0.0000707 | Grad norm: 0.000603 | Time: 4s229ms
Epoch: 008 | Test Loss: 0.0000674 | Time: 608ms
Epoch: 009 | Train Loss: 0.0000706 | Grad norm: 0.000590 | Time: 4s191ms
Epoch: 009 | Test Loss: 0.0000729 | Time: 603ms
Epoch: 010 | Train Loss: 0.0000709 | Grad norm: 0.000561 | Time: 4s292ms
Epoch: 010 | Test Loss: 0.0000681 | Time: 625ms
Epoch: 011 | Train Loss: 0.0000706 | Grad norm: 0.000569 | Time: 4s278ms
Epoch: 011 | Test Loss: 0.0000683 | Time: 677ms
Epoch: 012 | Train Loss: 0.0000689 | Grad norm: 0.000447 | Time: 4s78ms
Epoch: 012 | Test Loss: 0.0000681 | Time: 604ms
Epoch: 013 | Train Loss: 0.0000694 | Grad norm: 0.000493 | Time: 4s252ms
Epoch: 013 | Test Loss: 0.0000679 | Time: 610ms
Epoch: 014 | Train Loss: 0.0000692 | Grad norm: 0.000439 | Time: 4s181ms
Epoch: 014 | Test Loss: 0.0000681 | Time: 608ms
Epoch: 015 | Train Loss: 0.0000688 | Grad norm: 0.000423 | Time: 4s181ms
Epoch: 015 | Test Loss: 0.0000670 | Time: 679ms
==> Save the model at epoch 015 with test loss 0.0000670
Epoch: 016 | Train Loss: 0.0000693 | Grad norm: 0.000496 | Time: 4s164ms
Epoch: 016 | Test Loss: 0.0000661 | Time: 613ms
==> Save the model at epoch 016 with test loss 0.0000661
Epoch: 017 | Train Loss: 0.0000687 | Grad norm: 0.000427 | Time: 4s271ms
Epoch: 017 | Test Loss: 0.0000673 | Time: 606ms
Epoch: 018 | Train Loss: 0.0000686 | Grad norm: 0.000444 | Time: 4s533ms
Epoch: 018 | Test Loss: 0.0000720 | Time: 608ms
Epoch: 019 | Train Loss: 0.0000682 | Grad norm: 0.000414 | Time: 4s512ms
Epoch: 019 | Test Loss: 0.0000673 | Time: 611ms
Epoch: 020 | Train Loss: 0.0000680 | Grad norm: 0.000413 | Time: 4s116ms
Epoch: 020 | Test Loss: 0.0000671 | Time: 603ms
Epoch: 021 | Train Loss: 0.0000683 | Grad norm: 0.000417 | Time: 4s263ms
Epoch: 021 | Test Loss: 0.0000659 | Time: 609ms
==> Save the model at epoch 021 with test loss 0.0000659
Epoch: 022 | Train Loss: 0.0000679 | Grad norm: 0.000417 | Time: 4s243ms
Epoch: 022 | Test Loss: 0.0000697 | Time: 609ms
Epoch: 023 | Train Loss: 0.0000674 | Grad norm: 0.000360 | Time: 4s280ms
Epoch: 023 | Test Loss: 0.0000669 | Time: 620ms
Epoch: 024 | Train Loss: 0.0000668 | Grad norm: 0.000338 | Time: 4s165ms
Epoch: 024 | Test Loss: 0.0000665 | Time: 612ms
Epoch: 025 | Train Loss: 0.0000669 | Grad norm: 0.000337 | Time: 4s162ms
Epoch: 025 | Test Loss: 0.0000672 | Time: 619ms
Epoch: 026 | Train Loss: 0.0000667 | Grad norm: 0.000350 | Time: 4s155ms
Epoch: 026 | Test Loss: 0.0000671 | Time: 608ms
Epoch: 027 | Train Loss: 0.0000663 | Grad norm: 0.000313 | Time: 4s245ms
Epoch: 027 | Test Loss: 0.0000663 | Time: 616ms
Epoch: 028 | Train Loss: 0.0000661 | Grad norm: 0.000304 | Time: 4s107ms
Epoch: 028 | Test Loss: 0.0000653 | Time: 610ms
==> Save the model at epoch 028 with test loss 0.0000653
Epoch: 029 | Train Loss: 0.0000658 | Grad norm: 0.000297 | Time: 3s854ms
Epoch: 029 | Test Loss: 0.0000655 | Time: 600ms
Epoch: 030 | Train Loss: 0.0000657 | Grad norm: 0.000309 | Time: 3s992ms
Epoch: 030 | Test Loss: 0.0000657 | Time: 609ms
Epoch: 031 | Train Loss: 0.0000654 | Grad norm: 0.000296 | Time: 4s77ms
Epoch: 031 | Test Loss: 0.0000649 | Time: 610ms
==> Save the model at epoch 031 with test loss 0.0000649
Epoch: 032 | Train Loss: 0.0000653 | Grad norm: 0.000299 | Time: 4s57ms
Epoch: 032 | Test Loss: 0.0000654 | Time: 608ms
Epoch: 033 | Train Loss: 0.0000649 | Grad norm: 0.000276 | Time: 4s69ms
Epoch: 033 | Test Loss: 0.0000650 | Time: 627ms
Epoch: 034 | Train Loss: 0.0000647 | Grad norm: 0.000261 | Time: 3s958ms
Epoch: 034 | Test Loss: 0.0000647 | Time: 608ms
==> Save the model at epoch 034 with test loss 0.0000647
Epoch: 035 | Train Loss: 0.0000648 | Grad norm: 0.000294 | Time: 4s197ms
Epoch: 035 | Test Loss: 0.0000651 | Time: 614ms
Epoch: 036 | Train Loss: 0.0000645 | Grad norm: 0.000264 | Time: 4s158ms
Epoch: 036 | Test Loss: 0.0000647 | Time: 613ms
Epoch: 037 | Train Loss: 0.0000643 | Grad norm: 0.000245 | Time: 4s196ms
Epoch: 037 | Test Loss: 0.0000646 | Time: 622ms
==> Save the model at epoch 037 with test loss 0.0000646
Epoch: 038 | Train Loss: 0.0000641 | Grad norm: 0.000251 | Time: 4s180ms
Epoch: 038 | Test Loss: 0.0000645 | Time: 696ms
==> Save the model at epoch 038 with test loss 0.0000645
Epoch: 039 | Train Loss: 0.0000640 | Grad norm: 0.000248 | Time: 4s117ms
Epoch: 039 | Test Loss: 0.0000645 | Time: 605ms
==> Save the model at epoch 039 with test loss 0.0000645
Epoch: 040 | Train Loss: 0.0000640 | Grad norm: 0.000240 | Time: 4s294ms
Epoch: 040 | Test Loss: 0.0000645 | Time: 681ms
==> Save the model at epoch 040 with test loss 0.0000645
Total time: 3m12s
==> Saving trained model weights...
==> Input bias to be applied to the neural network (trained):
[0. 0. 0. 0.]
==> Input transform to be applied to the neural network (trained):
[ 0.62900996  0.6288517  11.614402    9.487666  ]
==> Output transform to be applied to the neural network (trained):
[0.0195 0.021 ]
==> Saving training info...
==> Drawing training loss...
==> Drawing grad norm...
==> Drawing testing loss...
==> Process finished.
