==> torch device:  cuda:1
==> Test-Train split: test_ratio = 0.20
==> Test-Train split seed:  None
==> Further split: further_train_ratio = 1.00
==> Further split seed:  None
==> Input bias to be applied to the neural network:
[0. 0.]
==> Input transform to be applied to the neural network:
[0.48014596 0.48395684]
==> Ouput transform to be applied to the neural network:
[2.0663 2.0805]
==> Evaluating model...
==========================================================================================
Layer (type:depth-idx)                   Output Shape              Param #
==========================================================================================
NeuralNetwork                            [1, 2]                    6
├─Sequential: 1-1                        [1, 2]                    --
│    └─Linear: 2-1                       [1, 64]                   192
│    └─ReLU: 2-2                         [1, 64]                   --
│    └─Linear: 2-3                       [1, 64]                   4,160
│    └─ReLU: 2-4                         [1, 64]                   --
│    └─Linear: 2-5                       [1, 64]                   4,160
│    └─ReLU: 2-6                         [1, 64]                   --
│    └─Linear: 2-7                       [1, 64]                   4,160
│    └─ReLU: 2-8                         [1, 64]                   --
│    └─Linear: 2-9                       [1, 64]                   4,160
│    └─ReLU: 2-10                        [1, 64]                   --
│    └─Linear: 2-11                      [1, 64]                   4,160
│    └─ReLU: 2-12                        [1, 64]                   --
│    └─Linear: 2-13                      [1, 64]                   4,160
│    └─ReLU: 2-14                        [1, 64]                   --
│    └─Linear: 2-15                      [1, 2]                    130
├─Sequential: 1-2                        [1, 2]                    (recursive)
│    └─Linear: 2-16                      [1, 64]                   (recursive)
│    └─ReLU: 2-17                        [1, 64]                   --
│    └─Linear: 2-18                      [1, 64]                   (recursive)
│    └─ReLU: 2-19                        [1, 64]                   --
│    └─Linear: 2-20                      [1, 64]                   (recursive)
│    └─ReLU: 2-21                        [1, 64]                   --
│    └─Linear: 2-22                      [1, 64]                   (recursive)
│    └─ReLU: 2-23                        [1, 64]                   --
│    └─Linear: 2-24                      [1, 64]                   (recursive)
│    └─ReLU: 2-25                        [1, 64]                   --
│    └─Linear: 2-26                      [1, 64]                   (recursive)
│    └─ReLU: 2-27                        [1, 64]                   --
│    └─Linear: 2-28                      [1, 64]                   (recursive)
│    └─ReLU: 2-29                        [1, 64]                   --
│    └─Linear: 2-30                      [1, 2]                    (recursive)
==========================================================================================
Total params: 25,288
Trainable params: 25,282
Non-trainable params: 6
Total mult-adds (Units.MEGABYTES): 0.05
==========================================================================================
Input size (MB): 0.00
Forward/backward pass size (MB): 0.01
Params size (MB): 0.10
Estimated Total Size (MB): 0.11
==========================================================================================
==> Saving initial model weights...
==> Start training...
==> Number of param_groups in optimizer: 1
Epoch: 001 | Train Loss: 8.6032965 | Grad norm: 0.362201 | Time: 7s184ms
Epoch: 001 | Test Loss: 8.6216657 | Time: 766ms
==> Save the model at epoch 001 with test loss 8.6216657
Epoch: 002 | Train Loss: 1.1485445 | Grad norm: 0.899709 | Time: 7s45ms
Epoch: 002 | Test Loss: 0.0017870 | Time: 770ms
==> Save the model at epoch 002 with test loss 0.0017870
Epoch: 003 | Train Loss: 0.0011769 | Grad norm: 0.147216 | Time: 6s949ms
Epoch: 003 | Test Loss: 0.0008769 | Time: 774ms
==> Save the model at epoch 003 with test loss 0.0008769
Epoch: 004 | Train Loss: 0.0008806 | Grad norm: 0.179738 | Time: 6s908ms
Epoch: 004 | Test Loss: 0.0006981 | Time: 923ms
==> Save the model at epoch 004 with test loss 0.0006981
Epoch: 005 | Train Loss: 0.0009071 | Grad norm: 0.222598 | Time: 6s685ms
Epoch: 005 | Test Loss: 0.0007601 | Time: 768ms
Epoch: 006 | Train Loss: 0.0009685 | Grad norm: 0.249423 | Time: 7s145ms
Epoch: 006 | Test Loss: 0.0013288 | Time: 773ms
Epoch: 007 | Train Loss: 0.0011281 | Grad norm: 0.289812 | Time: 6s756ms
Epoch: 007 | Test Loss: 0.0007277 | Time: 766ms
Epoch: 008 | Train Loss: 0.0011497 | Grad norm: 0.294834 | Time: 7s16ms
Epoch: 008 | Test Loss: 0.0007536 | Time: 764ms
Epoch: 009 | Train Loss: 0.0014495 | Grad norm: 0.347842 | Time: 6s894ms
Epoch: 009 | Test Loss: 0.0008090 | Time: 880ms
Epoch: 010 | Train Loss: 0.0011241 | Grad norm: 0.275657 | Time: 6s825ms
Epoch: 010 | Test Loss: 0.0007441 | Time: 759ms
Epoch: 011 | Train Loss: 0.0010766 | Grad norm: 0.260349 | Time: 6s940ms
Epoch: 011 | Test Loss: 0.0009396 | Time: 762ms
Epoch: 012 | Train Loss: 0.0010442 | Grad norm: 0.258642 | Time: 6s670ms
Epoch: 012 | Test Loss: 0.0013440 | Time: 779ms
Epoch: 013 | Train Loss: 0.0010257 | Grad norm: 0.254852 | Time: 6s649ms
Epoch: 013 | Test Loss: 0.0010663 | Time: 768ms
Epoch: 014 | Train Loss: 0.0009667 | Grad norm: 0.236011 | Time: 6s963ms
Epoch: 014 | Test Loss: 0.0006790 | Time: 781ms
==> Save the model at epoch 014 with test loss 0.0006790
Epoch: 015 | Train Loss: 0.0009833 | Grad norm: 0.239162 | Time: 6s828ms
Epoch: 015 | Test Loss: 0.0007151 | Time: 766ms
Epoch: 016 | Train Loss: 0.0009371 | Grad norm: 0.223594 | Time: 6s639ms
Epoch: 016 | Test Loss: 0.0010253 | Time: 845ms
Epoch: 017 | Train Loss: 0.0009047 | Grad norm: 0.213457 | Time: 6s800ms
Epoch: 017 | Test Loss: 0.0013418 | Time: 832ms
Epoch: 018 | Train Loss: 0.0008973 | Grad norm: 0.213411 | Time: 6s712ms
Epoch: 018 | Test Loss: 0.0006800 | Time: 837ms
Epoch: 019 | Train Loss: 0.0008361 | Grad norm: 0.194879 | Time: 6s750ms
Epoch: 019 | Test Loss: 0.0017485 | Time: 840ms
Epoch: 020 | Train Loss: 0.0008525 | Grad norm: 0.196673 | Time: 6s534ms
Epoch: 020 | Test Loss: 0.0007217 | Time: 762ms
Epoch: 021 | Train Loss: 0.0008075 | Grad norm: 0.179002 | Time: 6s911ms
Epoch: 021 | Test Loss: 0.0006468 | Time: 827ms
==> Save the model at epoch 021 with test loss 0.0006468
Epoch: 022 | Train Loss: 0.0007642 | Grad norm: 0.166447 | Time: 7s80ms
Epoch: 022 | Test Loss: 0.0008993 | Time: 826ms
Epoch: 023 | Train Loss: 0.0007761 | Grad norm: 0.170269 | Time: 6s723ms
Epoch: 023 | Test Loss: 0.0006408 | Time: 778ms
==> Save the model at epoch 023 with test loss 0.0006408
Epoch: 024 | Train Loss: 0.0007321 | Grad norm: 0.154281 | Time: 6s883ms
Epoch: 024 | Test Loss: 0.0008071 | Time: 757ms
Epoch: 025 | Train Loss: 0.0007010 | Grad norm: 0.141437 | Time: 6s452ms
Epoch: 025 | Test Loss: 0.0006372 | Time: 764ms
==> Save the model at epoch 025 with test loss 0.0006372
Epoch: 026 | Train Loss: 0.0006827 | Grad norm: 0.132049 | Time: 6s842ms
Epoch: 026 | Test Loss: 0.0006187 | Time: 769ms
==> Save the model at epoch 026 with test loss 0.0006187
Epoch: 027 | Train Loss: 0.0006760 | Grad norm: 0.129493 | Time: 6s940ms
Epoch: 027 | Test Loss: 0.0006921 | Time: 769ms
Epoch: 028 | Train Loss: 0.0006518 | Grad norm: 0.118449 | Time: 6s936ms
Epoch: 028 | Test Loss: 0.0007635 | Time: 769ms
Epoch: 029 | Train Loss: 0.0006511 | Grad norm: 0.118809 | Time: 6s822ms
Epoch: 029 | Test Loss: 0.0006143 | Time: 765ms
==> Save the model at epoch 029 with test loss 0.0006143
Epoch: 030 | Train Loss: 0.0006262 | Grad norm: 0.102975 | Time: 6s910ms
Epoch: 030 | Test Loss: 0.0005716 | Time: 772ms
==> Save the model at epoch 030 with test loss 0.0005716
Epoch: 031 | Train Loss: 0.0006119 | Grad norm: 0.093686 | Time: 6s883ms
Epoch: 031 | Test Loss: 0.0005918 | Time: 767ms
Epoch: 032 | Train Loss: 0.0005978 | Grad norm: 0.085116 | Time: 6s940ms
Epoch: 032 | Test Loss: 0.0005637 | Time: 769ms
==> Save the model at epoch 032 with test loss 0.0005637
Epoch: 033 | Train Loss: 0.0005895 | Grad norm: 0.079935 | Time: 6s849ms
Epoch: 033 | Test Loss: 0.0006000 | Time: 765ms
Epoch: 034 | Train Loss: 0.0005788 | Grad norm: 0.071473 | Time: 6s732ms
Epoch: 034 | Test Loss: 0.0005842 | Time: 766ms
Epoch: 035 | Train Loss: 0.0005703 | Grad norm: 0.063807 | Time: 6s815ms
Epoch: 035 | Test Loss: 0.0005779 | Time: 765ms
Epoch: 036 | Train Loss: 0.0005643 | Grad norm: 0.058684 | Time: 6s872ms
Epoch: 036 | Test Loss: 0.0005736 | Time: 782ms
Epoch: 037 | Train Loss: 0.0005568 | Grad norm: 0.050320 | Time: 6s785ms
Epoch: 037 | Test Loss: 0.0005625 | Time: 834ms
==> Save the model at epoch 037 with test loss 0.0005625
Epoch: 038 | Train Loss: 0.0005500 | Grad norm: 0.041425 | Time: 6s674ms
Epoch: 038 | Test Loss: 0.0005729 | Time: 880ms
Epoch: 039 | Train Loss: 0.0005465 | Grad norm: 0.036423 | Time: 6s689ms
Epoch: 039 | Test Loss: 0.0005559 | Time: 842ms
==> Save the model at epoch 039 with test loss 0.0005559
Epoch: 040 | Train Loss: 0.0005434 | Grad norm: 0.032172 | Time: 6s711ms
Epoch: 040 | Test Loss: 0.0005520 | Time: 835ms
==> Save the model at epoch 040 with test loss 0.0005520
Total time: 5m5s
==> Saving trained model weights...
==> Input bias to be applied to the neural network (trained):
[0. 0.]
==> Input transform to be applied to the neural network (trained):
[0.48014596 0.48395684]
==> Output transform to be applied to the neural network (trained):
[2.0663 2.0805]
==> Saving training info...
==> Drawing training loss...
==> Drawing grad norm...
==> Drawing testing loss...
==> Process finished.
