==> torch device:  cuda:3
==> Test-Train split: test_ratio = 0.20
==> Test-Train split seed:  None
==> Further split: further_train_ratio = 0.50
==> Further split seed:  None
==> Input bias to be applied to the neural network:
[0. 0.]
==> Input transform to be applied to the neural network:
[0.48014596 0.48395684]
==> Ouput transform to be applied to the neural network:
[2.0663 2.0805]
==> Evaluating model...
==========================================================================================
Layer (type:depth-idx)                   Output Shape              Param #
==========================================================================================
NeuralNetwork                            [1, 2]                    6
├─Sequential: 1-1                        [1, 2]                    --
│    └─Linear: 2-1                       [1, 64]                   192
│    └─ReLU: 2-2                         [1, 64]                   --
│    └─Linear: 2-3                       [1, 64]                   4,160
│    └─ReLU: 2-4                         [1, 64]                   --
│    └─Linear: 2-5                       [1, 64]                   4,160
│    └─ReLU: 2-6                         [1, 64]                   --
│    └─Linear: 2-7                       [1, 64]                   4,160
│    └─ReLU: 2-8                         [1, 64]                   --
│    └─Linear: 2-9                       [1, 64]                   4,160
│    └─ReLU: 2-10                        [1, 64]                   --
│    └─Linear: 2-11                      [1, 64]                   4,160
│    └─ReLU: 2-12                        [1, 64]                   --
│    └─Linear: 2-13                      [1, 64]                   4,160
│    └─ReLU: 2-14                        [1, 64]                   --
│    └─Linear: 2-15                      [1, 2]                    130
├─Sequential: 1-2                        [1, 2]                    (recursive)
│    └─Linear: 2-16                      [1, 64]                   (recursive)
│    └─ReLU: 2-17                        [1, 64]                   --
│    └─Linear: 2-18                      [1, 64]                   (recursive)
│    └─ReLU: 2-19                        [1, 64]                   --
│    └─Linear: 2-20                      [1, 64]                   (recursive)
│    └─ReLU: 2-21                        [1, 64]                   --
│    └─Linear: 2-22                      [1, 64]                   (recursive)
│    └─ReLU: 2-23                        [1, 64]                   --
│    └─Linear: 2-24                      [1, 64]                   (recursive)
│    └─ReLU: 2-25                        [1, 64]                   --
│    └─Linear: 2-26                      [1, 64]                   (recursive)
│    └─ReLU: 2-27                        [1, 64]                   --
│    └─Linear: 2-28                      [1, 64]                   (recursive)
│    └─ReLU: 2-29                        [1, 64]                   --
│    └─Linear: 2-30                      [1, 2]                    (recursive)
==========================================================================================
Total params: 25,288
Trainable params: 25,282
Non-trainable params: 6
Total mult-adds (Units.MEGABYTES): 0.05
==========================================================================================
Input size (MB): 0.00
Forward/backward pass size (MB): 0.01
Params size (MB): 0.10
Estimated Total Size (MB): 0.11
==========================================================================================
==> Saving initial model weights...
==> Start training...
==> Number of param_groups in optimizer: 1
Epoch: 001 | Train Loss: 8.6242758 | Grad norm: 0.314158 | Time: 3s496ms
Epoch: 001 | Test Loss: 8.5932008 | Time: 796ms
==> Save the model at epoch 001 with test loss 8.5932008
Epoch: 002 | Train Loss: 2.3697775 | Grad norm: 1.670559 | Time: 3s517ms
Epoch: 002 | Test Loss: 0.0035142 | Time: 730ms
==> Save the model at epoch 002 with test loss 0.0035142
Epoch: 003 | Train Loss: 0.0020480 | Grad norm: 0.179240 | Time: 3s353ms
Epoch: 003 | Test Loss: 0.0013689 | Time: 803ms
==> Save the model at epoch 003 with test loss 0.0013689
Epoch: 004 | Train Loss: 0.0013335 | Grad norm: 0.207639 | Time: 3s255ms
Epoch: 004 | Test Loss: 0.0010764 | Time: 774ms
==> Save the model at epoch 004 with test loss 0.0010764
Epoch: 005 | Train Loss: 0.0011752 | Grad norm: 0.237639 | Time: 3s508ms
Epoch: 005 | Test Loss: 0.0010204 | Time: 730ms
==> Save the model at epoch 005 with test loss 0.0010204
Epoch: 006 | Train Loss: 0.0012168 | Grad norm: 0.282414 | Time: 3s484ms
Epoch: 006 | Test Loss: 0.0008531 | Time: 799ms
==> Save the model at epoch 006 with test loss 0.0008531
Epoch: 007 | Train Loss: 0.0012523 | Grad norm: 0.308300 | Time: 3s294ms
Epoch: 007 | Test Loss: 0.0008073 | Time: 734ms
==> Save the model at epoch 007 with test loss 0.0008073
Epoch: 008 | Train Loss: 0.0013699 | Grad norm: 0.324507 | Time: 3s617ms
Epoch: 008 | Test Loss: 0.0009616 | Time: 770ms
Epoch: 009 | Train Loss: 0.0015201 | Grad norm: 0.370917 | Time: 3s527ms
Epoch: 009 | Test Loss: 0.0012852 | Time: 827ms
Epoch: 010 | Train Loss: 0.0012434 | Grad norm: 0.301597 | Time: 3s511ms
Epoch: 010 | Test Loss: 0.0008714 | Time: 749ms
Epoch: 011 | Train Loss: 0.0011477 | Grad norm: 0.294189 | Time: 3s225ms
Epoch: 011 | Test Loss: 0.0009369 | Time: 803ms
Epoch: 012 | Train Loss: 0.0013731 | Grad norm: 0.325395 | Time: 3s408ms
Epoch: 012 | Test Loss: 0.0008742 | Time: 768ms
Epoch: 013 | Train Loss: 0.0011495 | Grad norm: 0.283314 | Time: 3s549ms
Epoch: 013 | Test Loss: 0.0009409 | Time: 796ms
Epoch: 014 | Train Loss: 0.0011562 | Grad norm: 0.278884 | Time: 3s526ms
Epoch: 014 | Test Loss: 0.0017782 | Time: 799ms
Epoch: 015 | Train Loss: 0.0010193 | Grad norm: 0.249500 | Time: 3s513ms
Epoch: 015 | Test Loss: 0.0009786 | Time: 774ms
Epoch: 016 | Train Loss: 0.0008695 | Grad norm: 0.197214 | Time: 3s575ms
Epoch: 016 | Test Loss: 0.0009433 | Time: 737ms
Epoch: 017 | Train Loss: 0.0009468 | Grad norm: 0.230832 | Time: 3s301ms
Epoch: 017 | Test Loss: 0.0009553 | Time: 738ms
Epoch: 018 | Train Loss: 0.0009248 | Grad norm: 0.223453 | Time: 3s320ms
Epoch: 018 | Test Loss: 0.0007433 | Time: 785ms
==> Save the model at epoch 018 with test loss 0.0007433
Epoch: 019 | Train Loss: 0.0009549 | Grad norm: 0.232383 | Time: 3s284ms
Epoch: 019 | Test Loss: 0.0007767 | Time: 809ms
Epoch: 020 | Train Loss: 0.0009173 | Grad norm: 0.217220 | Time: 3s256ms
Epoch: 020 | Test Loss: 0.0013486 | Time: 735ms
Epoch: 021 | Train Loss: 0.0008026 | Grad norm: 0.180588 | Time: 3s495ms
Epoch: 021 | Test Loss: 0.0010054 | Time: 735ms
Epoch: 022 | Train Loss: 0.0007919 | Grad norm: 0.175000 | Time: 3s516ms
Epoch: 022 | Test Loss: 0.0007849 | Time: 819ms
Epoch: 023 | Train Loss: 0.0007759 | Grad norm: 0.169986 | Time: 3s312ms
Epoch: 023 | Test Loss: 0.0006552 | Time: 760ms
==> Save the model at epoch 023 with test loss 0.0006552
Epoch: 024 | Train Loss: 0.0007162 | Grad norm: 0.141084 | Time: 3s60ms
Epoch: 024 | Test Loss: 0.0008351 | Time: 764ms
Epoch: 025 | Train Loss: 0.0008017 | Grad norm: 0.185403 | Time: 3s404ms
Epoch: 025 | Test Loss: 0.0007856 | Time: 738ms
Epoch: 026 | Train Loss: 0.0006874 | Grad norm: 0.127682 | Time: 3s506ms
Epoch: 026 | Test Loss: 0.0007044 | Time: 758ms
Epoch: 027 | Train Loss: 0.0007055 | Grad norm: 0.141500 | Time: 3s508ms
Epoch: 027 | Test Loss: 0.0009015 | Time: 742ms
Epoch: 028 | Train Loss: 0.0006942 | Grad norm: 0.134391 | Time: 3s197ms
Epoch: 028 | Test Loss: 0.0007255 | Time: 772ms
Epoch: 029 | Train Loss: 0.0006669 | Grad norm: 0.117771 | Time: 3s403ms
Epoch: 029 | Test Loss: 0.0007239 | Time: 734ms
Epoch: 030 | Train Loss: 0.0006580 | Grad norm: 0.115526 | Time: 3s456ms
Epoch: 030 | Test Loss: 0.0006315 | Time: 820ms
==> Save the model at epoch 030 with test loss 0.0006315
Epoch: 031 | Train Loss: 0.0006324 | Grad norm: 0.100458 | Time: 3s531ms
Epoch: 031 | Test Loss: 0.0006745 | Time: 738ms
Epoch: 032 | Train Loss: 0.0006227 | Grad norm: 0.092261 | Time: 3s611ms
Epoch: 032 | Test Loss: 0.0005942 | Time: 798ms
==> Save the model at epoch 032 with test loss 0.0005942
Epoch: 033 | Train Loss: 0.0006008 | Grad norm: 0.074610 | Time: 3s410ms
Epoch: 033 | Test Loss: 0.0005948 | Time: 760ms
Epoch: 034 | Train Loss: 0.0005972 | Grad norm: 0.071181 | Time: 3s552ms
Epoch: 034 | Test Loss: 0.0006390 | Time: 742ms
Epoch: 035 | Train Loss: 0.0005950 | Grad norm: 0.070472 | Time: 3s185ms
Epoch: 035 | Test Loss: 0.0005843 | Time: 755ms
==> Save the model at epoch 035 with test loss 0.0005843
Epoch: 036 | Train Loss: 0.0005836 | Grad norm: 0.059800 | Time: 3s68ms
Epoch: 036 | Test Loss: 0.0005883 | Time: 796ms
Epoch: 037 | Train Loss: 0.0005771 | Grad norm: 0.051695 | Time: 3s499ms
Epoch: 037 | Test Loss: 0.0005783 | Time: 740ms
==> Save the model at epoch 037 with test loss 0.0005783
Epoch: 038 | Train Loss: 0.0005723 | Grad norm: 0.046044 | Time: 3s292ms
Epoch: 038 | Test Loss: 0.0005874 | Time: 804ms
Epoch: 039 | Train Loss: 0.0005663 | Grad norm: 0.036701 | Time: 3s342ms
Epoch: 039 | Test Loss: 0.0005737 | Time: 746ms
==> Save the model at epoch 039 with test loss 0.0005737
Epoch: 040 | Train Loss: 0.0005641 | Grad norm: 0.032926 | Time: 3s362ms
Epoch: 040 | Test Loss: 0.0005709 | Time: 777ms
==> Save the model at epoch 040 with test loss 0.0005709
Total time: 2m47s
==> Saving trained model weights...
==> Input bias to be applied to the neural network (trained):
[0. 0.]
==> Input transform to be applied to the neural network (trained):
[0.48014596 0.48395684]
==> Output transform to be applied to the neural network (trained):
[2.0663 2.0805]
==> Saving training info...
==> Drawing training loss...
==> Drawing grad norm...
==> Drawing testing loss...
==> Process finished.
