==> torch device:  cuda:1
==> Test-Train split: test_ratio = 0.20
==> Test-Train split seed:  None
==> Further split: further_train_ratio = 0.25
==> Further split seed:  None
==> Input bias to be applied to the neural network:
[0. 0.]
==> Input transform to be applied to the neural network:
[0.5090095 0.5090095]
==> Ouput transform to be applied to the neural network:
[3.9366 3.9363]
==> Evaluating model...
==========================================================================================
Layer (type:depth-idx)                   Output Shape              Param #
==========================================================================================
NeuralNetwork                            [1, 2]                    6
├─Sequential: 1-1                        [1, 2]                    --
│    └─Linear: 2-1                       [1, 64]                   192
│    └─ReLU: 2-2                         [1, 64]                   --
│    └─Linear: 2-3                       [1, 64]                   4,160
│    └─ReLU: 2-4                         [1, 64]                   --
│    └─Linear: 2-5                       [1, 64]                   4,160
│    └─ReLU: 2-6                         [1, 64]                   --
│    └─Linear: 2-7                       [1, 64]                   4,160
│    └─ReLU: 2-8                         [1, 64]                   --
│    └─Linear: 2-9                       [1, 64]                   4,160
│    └─ReLU: 2-10                        [1, 64]                   --
│    └─Linear: 2-11                      [1, 64]                   4,160
│    └─ReLU: 2-12                        [1, 64]                   --
│    └─Linear: 2-13                      [1, 64]                   4,160
│    └─ReLU: 2-14                        [1, 64]                   --
│    └─Linear: 2-15                      [1, 2]                    130
├─Sequential: 1-2                        [1, 2]                    (recursive)
│    └─Linear: 2-16                      [1, 64]                   (recursive)
│    └─ReLU: 2-17                        [1, 64]                   --
│    └─Linear: 2-18                      [1, 64]                   (recursive)
│    └─ReLU: 2-19                        [1, 64]                   --
│    └─Linear: 2-20                      [1, 64]                   (recursive)
│    └─ReLU: 2-21                        [1, 64]                   --
│    └─Linear: 2-22                      [1, 64]                   (recursive)
│    └─ReLU: 2-23                        [1, 64]                   --
│    └─Linear: 2-24                      [1, 64]                   (recursive)
│    └─ReLU: 2-25                        [1, 64]                   --
│    └─Linear: 2-26                      [1, 64]                   (recursive)
│    └─ReLU: 2-27                        [1, 64]                   --
│    └─Linear: 2-28                      [1, 64]                   (recursive)
│    └─ReLU: 2-29                        [1, 64]                   --
│    └─Linear: 2-30                      [1, 2]                    (recursive)
==========================================================================================
Total params: 25,288
Trainable params: 25,282
Non-trainable params: 6
Total mult-adds (M): 0.05
==========================================================================================
Input size (MB): 0.00
Forward/backward pass size (MB): 0.01
Params size (MB): 0.10
Estimated Total Size (MB): 0.11
==========================================================================================
==> Saving initial model weights...
==> Start training...
==> Number of param_groups in optimizer: 1
Epoch: 001 | Train Loss: 31.2759065 | Grad norm: 0.926050 | Time: 1s112ms
Epoch: 001 | Test Loss: 30.8013690 | Time: 658ms
==> Save the model at epoch 001 with test loss 30.8013690
Epoch: 002 | Train Loss: 30.0294893 | Grad norm: 4.451021 | Time: 1s342ms
Epoch: 002 | Test Loss: 26.4770222 | Time: 622ms
==> Save the model at epoch 002 with test loss 26.4770222
Epoch: 003 | Train Loss: 8.3264234 | Grad norm: 13.650009 | Time: 1s387ms
Epoch: 003 | Test Loss: 0.0529954 | Time: 616ms
==> Save the model at epoch 003 with test loss 0.0529954
Epoch: 004 | Train Loss: 0.0201834 | Grad norm: 1.597265 | Time: 1s379ms
Epoch: 004 | Test Loss: 0.0129702 | Time: 609ms
==> Save the model at epoch 004 with test loss 0.0129702
Epoch: 005 | Train Loss: 0.0123372 | Grad norm: 1.468073 | Time: 1s266ms
Epoch: 005 | Test Loss: 0.0126581 | Time: 605ms
==> Save the model at epoch 005 with test loss 0.0126581
Epoch: 006 | Train Loss: 0.0126743 | Grad norm: 1.729124 | Time: 1s193ms
Epoch: 006 | Test Loss: 0.0115792 | Time: 646ms
==> Save the model at epoch 006 with test loss 0.0115792
Epoch: 007 | Train Loss: 0.0154828 | Grad norm: 2.077071 | Time: 1s294ms
Epoch: 007 | Test Loss: 0.0121993 | Time: 726ms
Epoch: 008 | Train Loss: 0.0128999 | Grad norm: 1.905048 | Time: 1s36ms
Epoch: 008 | Test Loss: 0.0151321 | Time: 622ms
Epoch: 009 | Train Loss: 0.0171434 | Grad norm: 2.320963 | Time: 1s308ms
Epoch: 009 | Test Loss: 0.0173262 | Time: 613ms
Epoch: 010 | Train Loss: 0.0172878 | Grad norm: 2.236588 | Time: 1s410ms
Epoch: 010 | Test Loss: 0.0129392 | Time: 632ms
Epoch: 011 | Train Loss: 0.0138469 | Grad norm: 1.918585 | Time: 1s355ms
Epoch: 011 | Test Loss: 0.0188760 | Time: 669ms
Epoch: 012 | Train Loss: 0.0144160 | Grad norm: 1.783271 | Time: 1s333ms
Epoch: 012 | Test Loss: 0.0120409 | Time: 608ms
Epoch: 013 | Train Loss: 0.0141171 | Grad norm: 1.796027 | Time: 1s166ms
Epoch: 013 | Test Loss: 0.0140584 | Time: 605ms
Epoch: 014 | Train Loss: 0.0134409 | Grad norm: 1.839972 | Time: 1s274ms
Epoch: 014 | Test Loss: 0.0157230 | Time: 603ms
Epoch: 015 | Train Loss: 0.0139997 | Grad norm: 1.821450 | Time: 1s325ms
Epoch: 015 | Test Loss: 0.0124265 | Time: 661ms
Epoch: 016 | Train Loss: 0.0120268 | Grad norm: 1.553687 | Time: 1s285ms
Epoch: 016 | Test Loss: 0.0096666 | Time: 602ms
==> Save the model at epoch 016 with test loss 0.0096666
Epoch: 017 | Train Loss: 0.0116881 | Grad norm: 1.485672 | Time: 1s268ms
Epoch: 017 | Test Loss: 0.0126218 | Time: 605ms
Epoch: 018 | Train Loss: 0.0105398 | Grad norm: 1.249022 | Time: 1s244ms
Epoch: 018 | Test Loss: 0.0104079 | Time: 607ms
Epoch: 019 | Train Loss: 0.0105970 | Grad norm: 1.239866 | Time: 1s439ms
Epoch: 019 | Test Loss: 0.0126421 | Time: 622ms
Epoch: 020 | Train Loss: 0.0103088 | Grad norm: 1.224407 | Time: 1s284ms
Epoch: 020 | Test Loss: 0.0129218 | Time: 614ms
Epoch: 021 | Train Loss: 0.0092100 | Grad norm: 0.935839 | Time: 1s254ms
Epoch: 021 | Test Loss: 0.0082527 | Time: 615ms
==> Save the model at epoch 021 with test loss 0.0082527
Epoch: 022 | Train Loss: 0.0096376 | Grad norm: 1.081114 | Time: 1s214ms
Epoch: 022 | Test Loss: 0.0100361 | Time: 603ms
Epoch: 023 | Train Loss: 0.0096634 | Grad norm: 1.087624 | Time: 1s208ms
Epoch: 023 | Test Loss: 0.0094364 | Time: 607ms
Epoch: 024 | Train Loss: 0.0091069 | Grad norm: 0.967626 | Time: 1s190ms
Epoch: 024 | Test Loss: 0.0088131 | Time: 604ms
Epoch: 025 | Train Loss: 0.0091440 | Grad norm: 0.955086 | Time: 1s225ms
Epoch: 025 | Test Loss: 0.0082947 | Time: 616ms
Epoch: 026 | Train Loss: 0.0085137 | Grad norm: 0.794627 | Time: 1s207ms
Epoch: 026 | Test Loss: 0.0102177 | Time: 666ms
Epoch: 027 | Train Loss: 0.0085292 | Grad norm: 0.794841 | Time: 970ms
Epoch: 027 | Test Loss: 0.0080257 | Time: 593ms
==> Save the model at epoch 027 with test loss 0.0080257
Epoch: 028 | Train Loss: 0.0083794 | Grad norm: 0.754570 | Time: 967ms
Epoch: 028 | Test Loss: 0.0080526 | Time: 590ms
Epoch: 029 | Train Loss: 0.0081495 | Grad norm: 0.706307 | Time: 1s264ms
Epoch: 029 | Test Loss: 0.0077607 | Time: 607ms
==> Save the model at epoch 029 with test loss 0.0077607
Epoch: 030 | Train Loss: 0.0078920 | Grad norm: 0.598115 | Time: 1s384ms
Epoch: 030 | Test Loss: 0.0079137 | Time: 668ms
Epoch: 031 | Train Loss: 0.0077946 | Grad norm: 0.556772 | Time: 1s276ms
Epoch: 031 | Test Loss: 0.0078715 | Time: 605ms
Epoch: 032 | Train Loss: 0.0076877 | Grad norm: 0.516182 | Time: 1s253ms
Epoch: 032 | Test Loss: 0.0078233 | Time: 588ms
Epoch: 033 | Train Loss: 0.0075700 | Grad norm: 0.446121 | Time: 1s231ms
Epoch: 033 | Test Loss: 0.0078320 | Time: 604ms
Epoch: 034 | Train Loss: 0.0074852 | Grad norm: 0.414413 | Time: 1s303ms
Epoch: 034 | Test Loss: 0.0073934 | Time: 608ms
==> Save the model at epoch 034 with test loss 0.0073934
Epoch: 035 | Train Loss: 0.0074701 | Grad norm: 0.403961 | Time: 1s241ms
Epoch: 035 | Test Loss: 0.0074794 | Time: 607ms
Epoch: 036 | Train Loss: 0.0074407 | Grad norm: 0.372555 | Time: 1s233ms
Epoch: 036 | Test Loss: 0.0074525 | Time: 606ms
Epoch: 037 | Train Loss: 0.0073167 | Grad norm: 0.308555 | Time: 1s234ms
Epoch: 037 | Test Loss: 0.0072907 | Time: 604ms
==> Save the model at epoch 037 with test loss 0.0072907
Epoch: 038 | Train Loss: 0.0072928 | Grad norm: 0.283744 | Time: 1s434ms
Epoch: 038 | Test Loss: 0.0072617 | Time: 615ms
==> Save the model at epoch 038 with test loss 0.0072617
Epoch: 039 | Train Loss: 0.0072500 | Grad norm: 0.254952 | Time: 1s99ms
Epoch: 039 | Test Loss: 0.0072490 | Time: 633ms
==> Save the model at epoch 039 with test loss 0.0072490
Epoch: 040 | Train Loss: 0.0072286 | Grad norm: 0.237854 | Time: 1s3ms
Epoch: 040 | Test Loss: 0.0072426 | Time: 612ms
==> Save the model at epoch 040 with test loss 0.0072426
Total time: 1m14s
==> Saving trained model weights...
==> Input bias to be applied to the neural network (trained):
[0. 0.]
==> Input transform to be applied to the neural network (trained):
[0.5090095 0.5090095]
==> Output transform to be applied to the neural network (trained):
[3.9366 3.9363]
==> Saving training info...
==> Drawing training loss...
==> Drawing grad norm...
==> Drawing testing loss...
==> Process finished.
