==> torch device:  cuda:2
==> Test-Train split: test_ratio = 0.20
==> Test-Train split seed:  None
==> Further split: further_train_ratio = 0.25
==> Further split seed:  None
==> Input bias to be applied to the neural network:
[0. 0.]
==> Input transform to be applied to the neural network:
[0.496845   0.52004784]
==> Ouput transform to be applied to the neural network:
[1.9242 2.0182]
==> Evaluating model...
==========================================================================================
Layer (type:depth-idx)                   Output Shape              Param #
==========================================================================================
NeuralNetwork                            [1, 2]                    6
├─Sequential: 1-1                        [1, 2]                    --
│    └─Linear: 2-1                       [1, 64]                   192
│    └─ReLU: 2-2                         [1, 64]                   --
│    └─Linear: 2-3                       [1, 64]                   4,160
│    └─ReLU: 2-4                         [1, 64]                   --
│    └─Linear: 2-5                       [1, 64]                   4,160
│    └─ReLU: 2-6                         [1, 64]                   --
│    └─Linear: 2-7                       [1, 64]                   4,160
│    └─ReLU: 2-8                         [1, 64]                   --
│    └─Linear: 2-9                       [1, 64]                   4,160
│    └─ReLU: 2-10                        [1, 64]                   --
│    └─Linear: 2-11                      [1, 64]                   4,160
│    └─ReLU: 2-12                        [1, 64]                   --
│    └─Linear: 2-13                      [1, 64]                   4,160
│    └─ReLU: 2-14                        [1, 64]                   --
│    └─Linear: 2-15                      [1, 2]                    130
├─Sequential: 1-2                        [1, 2]                    (recursive)
│    └─Linear: 2-16                      [1, 64]                   (recursive)
│    └─ReLU: 2-17                        [1, 64]                   --
│    └─Linear: 2-18                      [1, 64]                   (recursive)
│    └─ReLU: 2-19                        [1, 64]                   --
│    └─Linear: 2-20                      [1, 64]                   (recursive)
│    └─ReLU: 2-21                        [1, 64]                   --
│    └─Linear: 2-22                      [1, 64]                   (recursive)
│    └─ReLU: 2-23                        [1, 64]                   --
│    └─Linear: 2-24                      [1, 64]                   (recursive)
│    └─ReLU: 2-25                        [1, 64]                   --
│    └─Linear: 2-26                      [1, 64]                   (recursive)
│    └─ReLU: 2-27                        [1, 64]                   --
│    └─Linear: 2-28                      [1, 64]                   (recursive)
│    └─ReLU: 2-29                        [1, 64]                   --
│    └─Linear: 2-30                      [1, 2]                    (recursive)
==========================================================================================
Total params: 25,288
Trainable params: 25,282
Non-trainable params: 6
Total mult-adds (Units.MEGABYTES): 0.05
==========================================================================================
Input size (MB): 0.00
Forward/backward pass size (MB): 0.01
Params size (MB): 0.10
Estimated Total Size (MB): 0.11
==========================================================================================
==> Saving initial model weights...
==> Start training...
==> Number of param_groups in optimizer: 1
Epoch: 001 | Train Loss: 7.8003590 | Grad norm: 0.314345 | Time: 1s260ms
Epoch: 001 | Test Loss: 7.7941080 | Time: 456ms
==> Save the model at epoch 001 with test loss 7.7941080
Epoch: 002 | Train Loss: 7.4903060 | Grad norm: 1.123284 | Time: 1s60ms
Epoch: 002 | Test Loss: 6.5235983 | Time: 452ms
==> Save the model at epoch 002 with test loss 6.5235983
Epoch: 003 | Train Loss: 2.1692721 | Grad norm: 3.501367 | Time: 957ms
Epoch: 003 | Test Loss: 0.2275879 | Time: 517ms
==> Save the model at epoch 003 with test loss 0.2275879
Epoch: 004 | Train Loss: 0.1272382 | Grad norm: 1.688646 | Time: 1s71ms
Epoch: 004 | Test Loss: 0.0685737 | Time: 449ms
==> Save the model at epoch 004 with test loss 0.0685737
Epoch: 005 | Train Loss: 0.0534479 | Grad norm: 1.889051 | Time: 917ms
Epoch: 005 | Test Loss: 0.0324076 | Time: 478ms
==> Save the model at epoch 005 with test loss 0.0324076
Epoch: 006 | Train Loss: 0.0340515 | Grad norm: 2.276731 | Time: 970ms
Epoch: 006 | Test Loss: 0.0335684 | Time: 446ms
Epoch: 007 | Train Loss: 0.0272083 | Grad norm: 2.214812 | Time: 942ms
Epoch: 007 | Test Loss: 0.0220717 | Time: 521ms
==> Save the model at epoch 007 with test loss 0.0220717
Epoch: 008 | Train Loss: 0.0259136 | Grad norm: 2.468420 | Time: 1s16ms
Epoch: 008 | Test Loss: 0.0188927 | Time: 442ms
==> Save the model at epoch 008 with test loss 0.0188927
Epoch: 009 | Train Loss: 0.0238342 | Grad norm: 2.341400 | Time: 969ms
Epoch: 009 | Test Loss: 0.0391798 | Time: 450ms
Epoch: 010 | Train Loss: 0.0225697 | Grad norm: 2.151177 | Time: 1s21ms
Epoch: 010 | Test Loss: 0.0173631 | Time: 443ms
==> Save the model at epoch 010 with test loss 0.0173631
Epoch: 011 | Train Loss: 0.0188159 | Grad norm: 1.814766 | Time: 969ms
Epoch: 011 | Test Loss: 0.0243070 | Time: 509ms
Epoch: 012 | Train Loss: 0.0169399 | Grad norm: 1.693418 | Time: 1s22ms
Epoch: 012 | Test Loss: 0.0150399 | Time: 467ms
==> Save the model at epoch 012 with test loss 0.0150399
Epoch: 013 | Train Loss: 0.0159915 | Grad norm: 1.452860 | Time: 999ms
Epoch: 013 | Test Loss: 0.0231951 | Time: 456ms
Epoch: 014 | Train Loss: 0.0177518 | Grad norm: 1.824903 | Time: 1s60ms
Epoch: 014 | Test Loss: 0.0130144 | Time: 456ms
==> Save the model at epoch 014 with test loss 0.0130144
Epoch: 015 | Train Loss: 0.0142421 | Grad norm: 1.477422 | Time: 920ms
Epoch: 015 | Test Loss: 0.0144396 | Time: 515ms
Epoch: 016 | Train Loss: 0.0143872 | Grad norm: 1.464379 | Time: 988ms
Epoch: 016 | Test Loss: 0.0177040 | Time: 443ms
Epoch: 017 | Train Loss: 0.0137281 | Grad norm: 1.413315 | Time: 1s10ms
Epoch: 017 | Test Loss: 0.0105620 | Time: 442ms
==> Save the model at epoch 017 with test loss 0.0105620
Epoch: 018 | Train Loss: 0.0122021 | Grad norm: 1.121199 | Time: 1s1ms
Epoch: 018 | Test Loss: 0.0134931 | Time: 445ms
Epoch: 019 | Train Loss: 0.0131076 | Grad norm: 1.248364 | Time: 956ms
Epoch: 019 | Test Loss: 0.0121734 | Time: 527ms
Epoch: 020 | Train Loss: 0.0122662 | Grad norm: 1.239065 | Time: 1s3ms
Epoch: 020 | Test Loss: 0.0117920 | Time: 450ms
Epoch: 021 | Train Loss: 0.0107626 | Grad norm: 0.941540 | Time: 1s24ms
Epoch: 021 | Test Loss: 0.0107515 | Time: 443ms
Epoch: 022 | Train Loss: 0.0105520 | Grad norm: 0.973455 | Time: 1s
Epoch: 022 | Test Loss: 0.0114773 | Time: 448ms
Epoch: 023 | Train Loss: 0.0097896 | Grad norm: 0.773734 | Time: 1s24ms
Epoch: 023 | Test Loss: 0.0099813 | Time: 534ms
==> Save the model at epoch 023 with test loss 0.0099813
Epoch: 024 | Train Loss: 0.0106077 | Grad norm: 1.084341 | Time: 1s16ms
Epoch: 024 | Test Loss: 0.0108215 | Time: 462ms
Epoch: 025 | Train Loss: 0.0100103 | Grad norm: 0.920724 | Time: 1s
Epoch: 025 | Test Loss: 0.0095661 | Time: 443ms
==> Save the model at epoch 025 with test loss 0.0095661
Epoch: 026 | Train Loss: 0.0094355 | Grad norm: 0.747637 | Time: 973ms
Epoch: 026 | Test Loss: 0.0105438 | Time: 446ms
Epoch: 027 | Train Loss: 0.0095305 | Grad norm: 0.903608 | Time: 1s85ms
Epoch: 027 | Test Loss: 0.0108450 | Time: 528ms
Epoch: 028 | Train Loss: 0.0089482 | Grad norm: 0.677619 | Time: 968ms
Epoch: 028 | Test Loss: 0.0110678 | Time: 460ms
Epoch: 029 | Train Loss: 0.0091650 | Grad norm: 0.810015 | Time: 1s3ms
Epoch: 029 | Test Loss: 0.0090605 | Time: 445ms
==> Save the model at epoch 029 with test loss 0.0090605
Epoch: 030 | Train Loss: 0.0083927 | Grad norm: 0.543106 | Time: 995ms
Epoch: 030 | Test Loss: 0.0088779 | Time: 440ms
==> Save the model at epoch 030 with test loss 0.0088779
Epoch: 031 | Train Loss: 0.0083996 | Grad norm: 0.564816 | Time: 969ms
Epoch: 031 | Test Loss: 0.0098119 | Time: 520ms
Epoch: 032 | Train Loss: 0.0084845 | Grad norm: 0.619520 | Time: 959ms
Epoch: 032 | Test Loss: 0.0089875 | Time: 462ms
Epoch: 033 | Train Loss: 0.0080339 | Grad norm: 0.440885 | Time: 1s28ms
Epoch: 033 | Test Loss: 0.0084503 | Time: 452ms
==> Save the model at epoch 033 with test loss 0.0084503
Epoch: 034 | Train Loss: 0.0080173 | Grad norm: 0.450935 | Time: 1s30ms
Epoch: 034 | Test Loss: 0.0088045 | Time: 459ms
Epoch: 035 | Train Loss: 0.0079657 | Grad norm: 0.475364 | Time: 1s15ms
Epoch: 035 | Test Loss: 0.0083103 | Time: 527ms
==> Save the model at epoch 035 with test loss 0.0083103
Epoch: 036 | Train Loss: 0.0078134 | Grad norm: 0.419076 | Time: 1s23ms
Epoch: 036 | Test Loss: 0.0082829 | Time: 461ms
==> Save the model at epoch 036 with test loss 0.0082829
Epoch: 037 | Train Loss: 0.0077431 | Grad norm: 0.381885 | Time: 1s47ms
Epoch: 037 | Test Loss: 0.0083959 | Time: 464ms
Epoch: 038 | Train Loss: 0.0076381 | Grad norm: 0.304481 | Time: 1s30ms
Epoch: 038 | Test Loss: 0.0082552 | Time: 444ms
==> Save the model at epoch 038 with test loss 0.0082552
Epoch: 039 | Train Loss: 0.0076032 | Grad norm: 0.294549 | Time: 947ms
Epoch: 039 | Test Loss: 0.0082311 | Time: 516ms
==> Save the model at epoch 039 with test loss 0.0082311
Epoch: 040 | Train Loss: 0.0075731 | Grad norm: 0.267687 | Time: 1s48ms
Epoch: 040 | Test Loss: 0.0082060 | Time: 475ms
==> Save the model at epoch 040 with test loss 0.0082060
Total time: 59s170ms
==> Saving trained model weights...
==> Input bias to be applied to the neural network (trained):
[0. 0.]
==> Input transform to be applied to the neural network (trained):
[0.496845   0.52004784]
==> Output transform to be applied to the neural network (trained):
[1.9242 2.0182]
==> Saving training info...
==> Drawing training loss...
==> Drawing grad norm...
==> Drawing testing loss...
==> Process finished.
