==> torch device:  cuda:1
==> Test-Train split: test_ratio = 0.20
==> Test-Train split seed:  None
==> Further split: further_train_ratio = 1.00
==> Further split seed:  None
==> Input bias to be applied to the neural network:
[0. 0.]
==> Input transform to be applied to the neural network:
[0.5090095 0.5090095]
==> Ouput transform to be applied to the neural network:
[3.9366 3.9363]
==> Evaluating model...
==========================================================================================
Layer (type:depth-idx)                   Output Shape              Param #
==========================================================================================
NeuralNetwork                            [1, 2]                    6
├─Sequential: 1-1                        [1, 2]                    --
│    └─Linear: 2-1                       [1, 64]                   192
│    └─ReLU: 2-2                         [1, 64]                   --
│    └─Linear: 2-3                       [1, 64]                   4,160
│    └─ReLU: 2-4                         [1, 64]                   --
│    └─Linear: 2-5                       [1, 64]                   4,160
│    └─ReLU: 2-6                         [1, 64]                   --
│    └─Linear: 2-7                       [1, 64]                   4,160
│    └─ReLU: 2-8                         [1, 64]                   --
│    └─Linear: 2-9                       [1, 64]                   4,160
│    └─ReLU: 2-10                        [1, 64]                   --
│    └─Linear: 2-11                      [1, 64]                   4,160
│    └─ReLU: 2-12                        [1, 64]                   --
│    └─Linear: 2-13                      [1, 64]                   4,160
│    └─ReLU: 2-14                        [1, 64]                   --
│    └─Linear: 2-15                      [1, 2]                    130
├─Sequential: 1-2                        [1, 2]                    (recursive)
│    └─Linear: 2-16                      [1, 64]                   (recursive)
│    └─ReLU: 2-17                        [1, 64]                   --
│    └─Linear: 2-18                      [1, 64]                   (recursive)
│    └─ReLU: 2-19                        [1, 64]                   --
│    └─Linear: 2-20                      [1, 64]                   (recursive)
│    └─ReLU: 2-21                        [1, 64]                   --
│    └─Linear: 2-22                      [1, 64]                   (recursive)
│    └─ReLU: 2-23                        [1, 64]                   --
│    └─Linear: 2-24                      [1, 64]                   (recursive)
│    └─ReLU: 2-25                        [1, 64]                   --
│    └─Linear: 2-26                      [1, 64]                   (recursive)
│    └─ReLU: 2-27                        [1, 64]                   --
│    └─Linear: 2-28                      [1, 64]                   (recursive)
│    └─ReLU: 2-29                        [1, 64]                   --
│    └─Linear: 2-30                      [1, 2]                    (recursive)
==========================================================================================
Total params: 25,288
Trainable params: 25,282
Non-trainable params: 6
Total mult-adds (Units.MEGABYTES): 0.05
==========================================================================================
Input size (MB): 0.00
Forward/backward pass size (MB): 0.01
Params size (MB): 0.10
Estimated Total Size (MB): 0.11
==========================================================================================
==> Saving initial model weights...
==> Start training...
==> Number of param_groups in optimizer: 1
Epoch: 001 | Train Loss: 31.0439435 | Grad norm: 0.770849 | Time: 4s405ms
Epoch: 001 | Test Loss: 30.7666147 | Time: 497ms
==> Save the model at epoch 001 with test loss 30.7666147
Epoch: 002 | Train Loss: 1.7121661 | Grad norm: 5.816094 | Time: 4s393ms
Epoch: 002 | Test Loss: 0.0386890 | Time: 475ms
==> Save the model at epoch 002 with test loss 0.0386890
Epoch: 003 | Train Loss: 0.0484658 | Grad norm: 3.821044 | Time: 4s537ms
Epoch: 003 | Test Loss: 0.0323488 | Time: 491ms
==> Save the model at epoch 003 with test loss 0.0323488
Epoch: 004 | Train Loss: 0.0548222 | Grad norm: 4.263078 | Time: 4s578ms
Epoch: 004 | Test Loss: 0.0429790 | Time: 620ms
Epoch: 005 | Train Loss: 0.0711823 | Grad norm: 5.124710 | Time: 5s5ms
Epoch: 005 | Test Loss: 0.0483451 | Time: 530ms
Epoch: 006 | Train Loss: 0.0736775 | Grad norm: 5.409511 | Time: 4s836ms
Epoch: 006 | Test Loss: 0.0750578 | Time: 592ms
Epoch: 007 | Train Loss: 0.0943143 | Grad norm: 6.171236 | Time: 5s14ms
Epoch: 007 | Test Loss: 0.0617288 | Time: 486ms
Epoch: 008 | Train Loss: 0.0847828 | Grad norm: 5.935588 | Time: 4s563ms
Epoch: 008 | Test Loss: 0.0575696 | Time: 478ms
Epoch: 009 | Train Loss: 0.1106267 | Grad norm: 6.888145 | Time: 4s329ms
Epoch: 009 | Test Loss: 0.0472311 | Time: 508ms
Epoch: 010 | Train Loss: 0.0703262 | Grad norm: 5.274204 | Time: 4s767ms
Epoch: 010 | Test Loss: 0.0411162 | Time: 525ms
Epoch: 011 | Train Loss: 0.0812109 | Grad norm: 5.746343 | Time: 4s999ms
Epoch: 011 | Test Loss: 0.0266848 | Time: 485ms
==> Save the model at epoch 011 with test loss 0.0266848
Epoch: 012 | Train Loss: 0.0720850 | Grad norm: 5.350097 | Time: 4s650ms
Epoch: 012 | Test Loss: 0.0329822 | Time: 477ms
Epoch: 013 | Train Loss: 0.0525788 | Grad norm: 4.447946 | Time: 4s647ms
Epoch: 013 | Test Loss: 0.0285432 | Time: 468ms
Epoch: 014 | Train Loss: 0.0496193 | Grad norm: 4.364892 | Time: 4s671ms
Epoch: 014 | Test Loss: 0.0117459 | Time: 617ms
==> Save the model at epoch 014 with test loss 0.0117459
Epoch: 015 | Train Loss: 0.0402640 | Grad norm: 3.854718 | Time: 4s390ms
Epoch: 015 | Test Loss: 0.0141227 | Time: 481ms
Epoch: 016 | Train Loss: 0.0405299 | Grad norm: 3.822034 | Time: 4s504ms
Epoch: 016 | Test Loss: 0.0229515 | Time: 481ms
Epoch: 017 | Train Loss: 0.0345448 | Grad norm: 3.446630 | Time: 4s401ms
Epoch: 017 | Test Loss: 0.0266925 | Time: 498ms
Epoch: 018 | Train Loss: 0.0283363 | Grad norm: 3.039181 | Time: 4s619ms
Epoch: 018 | Test Loss: 0.0240082 | Time: 469ms
Epoch: 019 | Train Loss: 0.0276798 | Grad norm: 2.961726 | Time: 4s272ms
Epoch: 019 | Test Loss: 0.0127996 | Time: 474ms
Epoch: 020 | Train Loss: 0.0259136 | Grad norm: 2.880972 | Time: 4s356ms
Epoch: 020 | Test Loss: 0.0169069 | Time: 473ms
Epoch: 021 | Train Loss: 0.0200221 | Grad norm: 2.316619 | Time: 4s622ms
Epoch: 021 | Test Loss: 0.0144021 | Time: 496ms
Epoch: 022 | Train Loss: 0.0191332 | Grad norm: 2.205642 | Time: 4s714ms
Epoch: 022 | Test Loss: 0.0178019 | Time: 696ms
Epoch: 023 | Train Loss: 0.0207815 | Grad norm: 2.253819 | Time: 4s812ms
Epoch: 023 | Test Loss: 0.0156523 | Time: 494ms
Epoch: 024 | Train Loss: 0.0167432 | Grad norm: 1.993208 | Time: 4s928ms
Epoch: 024 | Test Loss: 0.0099603 | Time: 490ms
==> Save the model at epoch 024 with test loss 0.0099603
Epoch: 025 | Train Loss: 0.0133062 | Grad norm: 1.591998 | Time: 4s474ms
Epoch: 025 | Test Loss: 0.0104022 | Time: 497ms
Epoch: 026 | Train Loss: 0.0111460 | Grad norm: 1.285564 | Time: 4s644ms
Epoch: 026 | Test Loss: 0.0088009 | Time: 484ms
==> Save the model at epoch 026 with test loss 0.0088009
Epoch: 027 | Train Loss: 0.0115286 | Grad norm: 1.294600 | Time: 4s627ms
Epoch: 027 | Test Loss: 0.0094111 | Time: 519ms
Epoch: 028 | Train Loss: 0.0107351 | Grad norm: 1.192965 | Time: 4s670ms
Epoch: 028 | Test Loss: 0.0103210 | Time: 497ms
Epoch: 029 | Train Loss: 0.0098268 | Grad norm: 1.000148 | Time: 4s692ms
Epoch: 029 | Test Loss: 0.0131434 | Time: 481ms
Epoch: 030 | Train Loss: 0.0093601 | Grad norm: 0.894686 | Time: 4s576ms
Epoch: 030 | Test Loss: 0.0086701 | Time: 477ms
==> Save the model at epoch 030 with test loss 0.0086701
Epoch: 031 | Train Loss: 0.0089155 | Grad norm: 0.784457 | Time: 4s571ms
Epoch: 031 | Test Loss: 0.0092399 | Time: 474ms
Epoch: 032 | Train Loss: 0.0087680 | Grad norm: 0.753795 | Time: 4s527ms
Epoch: 032 | Test Loss: 0.0089031 | Time: 459ms
Epoch: 033 | Train Loss: 0.0085744 | Grad norm: 0.640378 | Time: 4s446ms
Epoch: 033 | Test Loss: 0.0079215 | Time: 599ms
==> Save the model at epoch 033 with test loss 0.0079215
Epoch: 034 | Train Loss: 0.0083208 | Grad norm: 0.578773 | Time: 4s596ms
Epoch: 034 | Test Loss: 0.0080487 | Time: 483ms
Epoch: 035 | Train Loss: 0.0082150 | Grad norm: 0.518965 | Time: 4s864ms
Epoch: 035 | Test Loss: 0.0083954 | Time: 467ms
Epoch: 036 | Train Loss: 0.0081101 | Grad norm: 0.457401 | Time: 4s345ms
Epoch: 036 | Test Loss: 0.0078023 | Time: 474ms
==> Save the model at epoch 036 with test loss 0.0078023
Epoch: 037 | Train Loss: 0.0079918 | Grad norm: 0.411892 | Time: 4s529ms
Epoch: 037 | Test Loss: 0.0076931 | Time: 467ms
==> Save the model at epoch 037 with test loss 0.0076931
Epoch: 038 | Train Loss: 0.0078525 | Grad norm: 0.338070 | Time: 4s532ms
Epoch: 038 | Test Loss: 0.0079618 | Time: 463ms
Epoch: 039 | Train Loss: 0.0078356 | Grad norm: 0.287338 | Time: 4s300ms
Epoch: 039 | Test Loss: 0.0077338 | Time: 487ms
Epoch: 040 | Train Loss: 0.0077458 | Grad norm: 0.255130 | Time: 4s412ms
Epoch: 040 | Test Loss: 0.0077125 | Time: 550ms
Total time: 3m24s
==> Saving trained model weights...
==> Input bias to be applied to the neural network (trained):
[0. 0.]
==> Input transform to be applied to the neural network (trained):
[0.5090095 0.5090095]
==> Output transform to be applied to the neural network (trained):
[3.9366 3.9363]
==> Saving training info...
==> Drawing training loss...
==> Drawing grad norm...
==> Drawing testing loss...
==> Process finished.
