==> torch device:  cuda:2
==> Test-Train split: test_ratio = 0.20
==> Test-Train split seed:  None
==> Further split: further_train_ratio = 0.25
==> Further split seed:  None
==> Input bias to be applied to the neural network:
[0. 0. 0. 0.]
==> Input transform to be applied to the neural network:
[ 0.62900996  0.6288912  11.792453    9.624639  ]
==> Ouput transform to be applied to the neural network:
[0.0521 0.054 ]
==> Evaluating model...
==========================================================================================
Layer (type:depth-idx)                   Output Shape              Param #
==========================================================================================
NeuralNetwork                            [1, 2]                    10
├─Sequential: 1-1                        [1, 2]                    --
│    └─Linear: 2-1                       [1, 64]                   320
│    └─ReLU: 2-2                         [1, 64]                   --
│    └─Linear: 2-3                       [1, 64]                   4,160
│    └─ReLU: 2-4                         [1, 64]                   --
│    └─Linear: 2-5                       [1, 64]                   4,160
│    └─ReLU: 2-6                         [1, 64]                   --
│    └─Linear: 2-7                       [1, 64]                   4,160
│    └─ReLU: 2-8                         [1, 64]                   --
│    └─Linear: 2-9                       [1, 64]                   4,160
│    └─ReLU: 2-10                        [1, 64]                   --
│    └─Linear: 2-11                      [1, 64]                   4,160
│    └─ReLU: 2-12                        [1, 64]                   --
│    └─Linear: 2-13                      [1, 64]                   4,160
│    └─ReLU: 2-14                        [1, 64]                   --
│    └─Linear: 2-15                      [1, 2]                    130
├─Sequential: 1-2                        [1, 2]                    (recursive)
│    └─Linear: 2-16                      [1, 64]                   (recursive)
│    └─ReLU: 2-17                        [1, 64]                   --
│    └─Linear: 2-18                      [1, 64]                   (recursive)
│    └─ReLU: 2-19                        [1, 64]                   --
│    └─Linear: 2-20                      [1, 64]                   (recursive)
│    └─ReLU: 2-21                        [1, 64]                   --
│    └─Linear: 2-22                      [1, 64]                   (recursive)
│    └─ReLU: 2-23                        [1, 64]                   --
│    └─Linear: 2-24                      [1, 64]                   (recursive)
│    └─ReLU: 2-25                        [1, 64]                   --
│    └─Linear: 2-26                      [1, 64]                   (recursive)
│    └─ReLU: 2-27                        [1, 64]                   --
│    └─Linear: 2-28                      [1, 64]                   (recursive)
│    └─ReLU: 2-29                        [1, 64]                   --
│    └─Linear: 2-30                      [1, 2]                    (recursive)
==========================================================================================
Total params: 25,420
Trainable params: 25,410
Non-trainable params: 10
Total mult-adds (Units.MEGABYTES): 0.05
==========================================================================================
Input size (MB): 0.00
Forward/backward pass size (MB): 0.01
Params size (MB): 0.10
Estimated Total Size (MB): 0.11
==========================================================================================
==> Saving initial model weights...
==> Start training...
==> Number of param_groups in optimizer: 1
Epoch: 001 | Train Loss: 0.0056976 | Grad norm: 0.000083 | Time: 1s305ms
Epoch: 001 | Test Loss: 0.0056053 | Time: 499ms
==> Save the model at epoch 001 with test loss 0.0056053
Epoch: 002 | Train Loss: 0.0056965 | Grad norm: 0.000065 | Time: 1s20ms
Epoch: 002 | Test Loss: 0.0056068 | Time: 499ms
Epoch: 003 | Train Loss: 0.0057009 | Grad norm: 0.000033 | Time: 1s33ms
Epoch: 003 | Test Loss: 0.0056072 | Time: 589ms
Epoch: 004 | Train Loss: 0.0056996 | Grad norm: 0.000007 | Time: 1s3ms
Epoch: 004 | Test Loss: 0.0056073 | Time: 520ms
Epoch: 005 | Train Loss: 0.0056986 | Grad norm: 0.000000 | Time: 1s171ms
Epoch: 005 | Test Loss: 0.0056073 | Time: 522ms
Epoch: 006 | Train Loss: 0.0057002 | Grad norm: 0.000000 | Time: 1s133ms
Epoch: 006 | Test Loss: 0.0056073 | Time: 572ms
Epoch: 007 | Train Loss: 0.0056979 | Grad norm: 0.000000 | Time: 1s83ms
Epoch: 007 | Test Loss: 0.0056073 | Time: 581ms
Epoch: 008 | Train Loss: 0.0056991 | Grad norm: 0.000000 | Time: 1s137ms
Epoch: 008 | Test Loss: 0.0056073 | Time: 567ms
Epoch: 009 | Train Loss: 0.0056977 | Grad norm: 0.000000 | Time: 1s169ms
Epoch: 009 | Test Loss: 0.0056073 | Time: 521ms
Epoch: 010 | Train Loss: 0.0057020 | Grad norm: 0.000000 | Time: 1s90ms
Epoch: 010 | Test Loss: 0.0056073 | Time: 501ms
Epoch: 011 | Train Loss: 0.0056980 | Grad norm: 0.000000 | Time: 1s23ms
Epoch: 011 | Test Loss: 0.0056073 | Time: 574ms
Epoch: 012 | Train Loss: 0.0056981 | Grad norm: 0.000000 | Time: 1s110ms
Epoch: 012 | Test Loss: 0.0056073 | Time: 506ms
Epoch: 013 | Train Loss: 0.0056985 | Grad norm: 0.000000 | Time: 1s84ms
Epoch: 013 | Test Loss: 0.0056073 | Time: 502ms
Epoch: 014 | Train Loss: 0.0056988 | Grad norm: 0.000000 | Time: 1s16ms
Epoch: 014 | Test Loss: 0.0056073 | Time: 513ms
Epoch: 015 | Train Loss: 0.0057001 | Grad norm: 0.000000 | Time: 1s69ms
Epoch: 015 | Test Loss: 0.0056073 | Time: 592ms
Epoch: 016 | Train Loss: 0.0057000 | Grad norm: 0.000000 | Time: 1s142ms
Epoch: 016 | Test Loss: 0.0056073 | Time: 531ms
Epoch: 017 | Train Loss: 0.0056994 | Grad norm: 0.000000 | Time: 1s212ms
Epoch: 017 | Test Loss: 0.0056073 | Time: 511ms
Epoch: 018 | Train Loss: 0.0057002 | Grad norm: 0.000000 | Time: 1s145ms
Epoch: 018 | Test Loss: 0.0056073 | Time: 507ms
Epoch: 019 | Train Loss: 0.0057001 | Grad norm: 0.000000 | Time: 1s78ms
Epoch: 019 | Test Loss: 0.0056073 | Time: 586ms
Epoch: 020 | Train Loss: 0.0056983 | Grad norm: 0.000000 | Time: 1s134ms
Epoch: 020 | Test Loss: 0.0056073 | Time: 520ms
Epoch: 021 | Train Loss: 0.0057000 | Grad norm: 0.000000 | Time: 1s66ms
Epoch: 021 | Test Loss: 0.0056073 | Time: 503ms
Epoch: 022 | Train Loss: 0.0056994 | Grad norm: 0.000000 | Time: 1s45ms
Epoch: 022 | Test Loss: 0.0056073 | Time: 506ms
Epoch: 023 | Train Loss: 0.0056979 | Grad norm: 0.000000 | Time: 1s91ms
Epoch: 023 | Test Loss: 0.0056073 | Time: 592ms
Epoch: 024 | Train Loss: 0.0056991 | Grad norm: 0.000000 | Time: 1s123ms
Epoch: 024 | Test Loss: 0.0056073 | Time: 544ms
Epoch: 025 | Train Loss: 0.0056998 | Grad norm: 0.000000 | Time: 1s21ms
Epoch: 025 | Test Loss: 0.0056073 | Time: 528ms
Epoch: 026 | Train Loss: 0.0056995 | Grad norm: 0.000000 | Time: 1s71ms
Epoch: 026 | Test Loss: 0.0056073 | Time: 503ms
Epoch: 027 | Train Loss: 0.0056990 | Grad norm: 0.000000 | Time: 1s16ms
Epoch: 027 | Test Loss: 0.0056073 | Time: 586ms
Epoch: 028 | Train Loss: 0.0056989 | Grad norm: 0.000000 | Time: 1s130ms
Epoch: 028 | Test Loss: 0.0056073 | Time: 503ms
Epoch: 029 | Train Loss: 0.0057004 | Grad norm: 0.000000 | Time: 1s58ms
Epoch: 029 | Test Loss: 0.0056073 | Time: 515ms
Epoch: 030 | Train Loss: 0.0057002 | Grad norm: 0.000000 | Time: 1s27ms
Epoch: 030 | Test Loss: 0.0056073 | Time: 515ms
Epoch: 031 | Train Loss: 0.0057011 | Grad norm: 0.000000 | Time: 1s69ms
Epoch: 031 | Test Loss: 0.0056073 | Time: 581ms
Epoch: 032 | Train Loss: 0.0056969 | Grad norm: 0.000000 | Time: 1s90ms
Epoch: 032 | Test Loss: 0.0056073 | Time: 518ms
Epoch: 033 | Train Loss: 0.0056981 | Grad norm: 0.000000 | Time: 1s159ms
Epoch: 033 | Test Loss: 0.0056073 | Time: 519ms
Epoch: 034 | Train Loss: 0.0056999 | Grad norm: 0.000000 | Time: 1s52ms
Epoch: 034 | Test Loss: 0.0056073 | Time: 511ms
Epoch: 035 | Train Loss: 0.0056998 | Grad norm: 0.000000 | Time: 1s66ms
Epoch: 035 | Test Loss: 0.0056073 | Time: 576ms
Epoch: 036 | Train Loss: 0.0056987 | Grad norm: 0.000000 | Time: 1s31ms
Epoch: 036 | Test Loss: 0.0056073 | Time: 521ms
Epoch: 037 | Train Loss: 0.0057004 | Grad norm: 0.000000 | Time: 1s100ms
Epoch: 037 | Test Loss: 0.0056073 | Time: 502ms
Epoch: 038 | Train Loss: 0.0056997 | Grad norm: 0.000000 | Time: 1s124ms
Epoch: 038 | Test Loss: 0.0056073 | Time: 507ms
Epoch: 039 | Train Loss: 0.0057000 | Grad norm: 0.000000 | Time: 1s67ms
Epoch: 039 | Test Loss: 0.0056073 | Time: 591ms
Epoch: 040 | Train Loss: 0.0056980 | Grad norm: 0.000000 | Time: 1s45ms
Epoch: 040 | Test Loss: 0.0056073 | Time: 507ms
Total time: 1m4s
==> Saving trained model weights...
==> Input bias to be applied to the neural network (trained):
[0. 0. 0. 0.]
==> Input transform to be applied to the neural network (trained):
[ 0.62900996  0.6288912  11.792453    9.624639  ]
==> Output transform to be applied to the neural network (trained):
[0.0521 0.054 ]
==> Saving training info...
==> Drawing training loss...
==> Drawing grad norm...
==> Drawing testing loss...
==> Process finished.
