==> torch device:  cuda:3
==> Test-Train split: test_ratio = 0.20
==> Test-Train split seed:  None
==> Further split: further_train_ratio = 0.25
==> Further split seed:  None
==> Input bias to be applied to the neural network:
[0. 0.]
==> Input transform to be applied to the neural network:
[0.5123476 0.5241365]
==> Ouput transform to be applied to the neural network:
[1.908  1.9349]
==> Evaluating model...
==========================================================================================
Layer (type:depth-idx)                   Output Shape              Param #
==========================================================================================
NeuralNetwork                            [1, 2]                    6
├─Sequential: 1-1                        [1, 2]                    --
│    └─Linear: 2-1                       [1, 64]                   192
│    └─ReLU: 2-2                         [1, 64]                   --
│    └─Linear: 2-3                       [1, 64]                   4,160
│    └─ReLU: 2-4                         [1, 64]                   --
│    └─Linear: 2-5                       [1, 64]                   4,160
│    └─ReLU: 2-6                         [1, 64]                   --
│    └─Linear: 2-7                       [1, 64]                   4,160
│    └─ReLU: 2-8                         [1, 64]                   --
│    └─Linear: 2-9                       [1, 64]                   4,160
│    └─ReLU: 2-10                        [1, 64]                   --
│    └─Linear: 2-11                      [1, 64]                   4,160
│    └─ReLU: 2-12                        [1, 64]                   --
│    └─Linear: 2-13                      [1, 64]                   4,160
│    └─ReLU: 2-14                        [1, 64]                   --
│    └─Linear: 2-15                      [1, 2]                    130
├─Sequential: 1-2                        [1, 2]                    (recursive)
│    └─Linear: 2-16                      [1, 64]                   (recursive)
│    └─ReLU: 2-17                        [1, 64]                   --
│    └─Linear: 2-18                      [1, 64]                   (recursive)
│    └─ReLU: 2-19                        [1, 64]                   --
│    └─Linear: 2-20                      [1, 64]                   (recursive)
│    └─ReLU: 2-21                        [1, 64]                   --
│    └─Linear: 2-22                      [1, 64]                   (recursive)
│    └─ReLU: 2-23                        [1, 64]                   --
│    └─Linear: 2-24                      [1, 64]                   (recursive)
│    └─ReLU: 2-25                        [1, 64]                   --
│    └─Linear: 2-26                      [1, 64]                   (recursive)
│    └─ReLU: 2-27                        [1, 64]                   --
│    └─Linear: 2-28                      [1, 64]                   (recursive)
│    └─ReLU: 2-29                        [1, 64]                   --
│    └─Linear: 2-30                      [1, 2]                    (recursive)
==========================================================================================
Total params: 25,288
Trainable params: 25,282
Non-trainable params: 6
Total mult-adds (Units.MEGABYTES): 0.05
==========================================================================================
Input size (MB): 0.00
Forward/backward pass size (MB): 0.01
Params size (MB): 0.10
Estimated Total Size (MB): 0.11
==========================================================================================
==> Saving initial model weights...
==> Start training...
==> Number of param_groups in optimizer: 1
Epoch: 001 | Train Loss: 7.3912840 | Grad norm: 0.204717 | Time: 1s273ms
Epoch: 001 | Test Loss: 7.4028972 | Time: 491ms
==> Save the model at epoch 001 with test loss 7.4028972
Epoch: 002 | Train Loss: 6.7805294 | Grad norm: 1.800877 | Time: 1s53ms
Epoch: 002 | Test Loss: 5.0527131 | Time: 499ms
==> Save the model at epoch 002 with test loss 5.0527131
Epoch: 003 | Train Loss: 1.0210923 | Grad norm: 2.454567 | Time: 1s112ms
Epoch: 003 | Test Loss: 0.0380531 | Time: 581ms
==> Save the model at epoch 003 with test loss 0.0380531
Epoch: 004 | Train Loss: 0.0223264 | Grad norm: 0.704926 | Time: 1s157ms
Epoch: 004 | Test Loss: 0.0115263 | Time: 509ms
==> Save the model at epoch 004 with test loss 0.0115263
Epoch: 005 | Train Loss: 0.0091998 | Grad norm: 0.604932 | Time: 1s244ms
Epoch: 005 | Test Loss: 0.0051391 | Time: 501ms
==> Save the model at epoch 005 with test loss 0.0051391
Epoch: 006 | Train Loss: 0.0044588 | Grad norm: 0.441506 | Time: 1s164ms
Epoch: 006 | Test Loss: 0.0030321 | Time: 540ms
==> Save the model at epoch 006 with test loss 0.0030321
Epoch: 007 | Train Loss: 0.0034885 | Grad norm: 0.580549 | Time: 1s325ms
Epoch: 007 | Test Loss: 0.0022651 | Time: 516ms
==> Save the model at epoch 007 with test loss 0.0022651
Epoch: 008 | Train Loss: 0.0055933 | Grad norm: 1.011922 | Time: 1s156ms
Epoch: 008 | Test Loss: 0.0029767 | Time: 489ms
Epoch: 009 | Train Loss: 0.0032125 | Grad norm: 0.616351 | Time: 1s34ms
Epoch: 009 | Test Loss: 0.0038108 | Time: 490ms
Epoch: 010 | Train Loss: 0.0023204 | Grad norm: 0.482428 | Time: 1s86ms
Epoch: 010 | Test Loss: 0.0020636 | Time: 567ms
==> Save the model at epoch 010 with test loss 0.0020636
Epoch: 011 | Train Loss: 0.0021086 | Grad norm: 0.466928 | Time: 1s143ms
Epoch: 011 | Test Loss: 0.0032779 | Time: 490ms
Epoch: 012 | Train Loss: 0.0032413 | Grad norm: 0.682997 | Time: 1s113ms
Epoch: 012 | Test Loss: 0.0012816 | Time: 495ms
==> Save the model at epoch 012 with test loss 0.0012816
Epoch: 013 | Train Loss: 0.0015909 | Grad norm: 0.330198 | Time: 1s91ms
Epoch: 013 | Test Loss: 0.0015745 | Time: 496ms
Epoch: 014 | Train Loss: 0.0014841 | Grad norm: 0.330155 | Time: 1s226ms
Epoch: 014 | Test Loss: 0.0013472 | Time: 492ms
Epoch: 015 | Train Loss: 0.0016174 | Grad norm: 0.416768 | Time: 1s105ms
Epoch: 015 | Test Loss: 0.0014041 | Time: 498ms
Epoch: 016 | Train Loss: 0.0013845 | Grad norm: 0.332834 | Time: 1s181ms
Epoch: 016 | Test Loss: 0.0020616 | Time: 506ms
Epoch: 017 | Train Loss: 0.0012865 | Grad norm: 0.291789 | Time: 1s124ms
Epoch: 017 | Test Loss: 0.0009304 | Time: 559ms
==> Save the model at epoch 017 with test loss 0.0009304
Epoch: 018 | Train Loss: 0.0012312 | Grad norm: 0.285973 | Time: 1s197ms
Epoch: 018 | Test Loss: 0.0010499 | Time: 505ms
Epoch: 019 | Train Loss: 0.0011306 | Grad norm: 0.261416 | Time: 1s165ms
Epoch: 019 | Test Loss: 0.0014357 | Time: 493ms
Epoch: 020 | Train Loss: 0.0012162 | Grad norm: 0.303460 | Time: 1s59ms
Epoch: 020 | Test Loss: 0.0014129 | Time: 520ms
Epoch: 021 | Train Loss: 0.0012084 | Grad norm: 0.303098 | Time: 1s244ms
Epoch: 021 | Test Loss: 0.0009969 | Time: 487ms
Epoch: 022 | Train Loss: 0.0010312 | Grad norm: 0.217153 | Time: 1s100ms
Epoch: 022 | Test Loss: 0.0012268 | Time: 508ms
Epoch: 023 | Train Loss: 0.0010908 | Grad norm: 0.267453 | Time: 1s111ms
Epoch: 023 | Test Loss: 0.0011456 | Time: 489ms
Epoch: 024 | Train Loss: 0.0009721 | Grad norm: 0.210015 | Time: 1s91ms
Epoch: 024 | Test Loss: 0.0009394 | Time: 580ms
Epoch: 025 | Train Loss: 0.0009415 | Grad norm: 0.182747 | Time: 1s176ms
Epoch: 025 | Test Loss: 0.0008698 | Time: 574ms
==> Save the model at epoch 025 with test loss 0.0008698
Epoch: 026 | Train Loss: 0.0009870 | Grad norm: 0.220962 | Time: 1s158ms
Epoch: 026 | Test Loss: 0.0011289 | Time: 490ms
Epoch: 027 | Train Loss: 0.0009225 | Grad norm: 0.195694 | Time: 1s68ms
Epoch: 027 | Test Loss: 0.0008894 | Time: 494ms
Epoch: 028 | Train Loss: 0.0008567 | Grad norm: 0.155712 | Time: 1s182ms
Epoch: 028 | Test Loss: 0.0007877 | Time: 514ms
==> Save the model at epoch 028 with test loss 0.0007877
Epoch: 029 | Train Loss: 0.0008158 | Grad norm: 0.127414 | Time: 1s104ms
Epoch: 029 | Test Loss: 0.0008416 | Time: 487ms
Epoch: 030 | Train Loss: 0.0008047 | Grad norm: 0.119152 | Time: 1s232ms
Epoch: 030 | Test Loss: 0.0008837 | Time: 522ms
Epoch: 031 | Train Loss: 0.0008106 | Grad norm: 0.127117 | Time: 1s172ms
Epoch: 031 | Test Loss: 0.0007939 | Time: 501ms
Epoch: 032 | Train Loss: 0.0008017 | Grad norm: 0.129114 | Time: 1s233ms
Epoch: 032 | Test Loss: 0.0008638 | Time: 503ms
Epoch: 033 | Train Loss: 0.0007761 | Grad norm: 0.105222 | Time: 1s79ms
Epoch: 033 | Test Loss: 0.0007556 | Time: 507ms
==> Save the model at epoch 033 with test loss 0.0007556
Epoch: 034 | Train Loss: 0.0007614 | Grad norm: 0.098819 | Time: 1s113ms
Epoch: 034 | Test Loss: 0.0007671 | Time: 505ms
Epoch: 035 | Train Loss: 0.0007503 | Grad norm: 0.087281 | Time: 1s215ms
Epoch: 035 | Test Loss: 0.0007531 | Time: 560ms
==> Save the model at epoch 035 with test loss 0.0007531
Epoch: 036 | Train Loss: 0.0007413 | Grad norm: 0.076945 | Time: 1s44ms
Epoch: 036 | Test Loss: 0.0007430 | Time: 496ms
==> Save the model at epoch 036 with test loss 0.0007430
Epoch: 037 | Train Loss: 0.0007332 | Grad norm: 0.069940 | Time: 1s95ms
Epoch: 037 | Test Loss: 0.0007290 | Time: 501ms
==> Save the model at epoch 037 with test loss 0.0007290
Epoch: 038 | Train Loss: 0.0007267 | Grad norm: 0.058044 | Time: 1s260ms
Epoch: 038 | Test Loss: 0.0007269 | Time: 516ms
==> Save the model at epoch 038 with test loss 0.0007269
Epoch: 039 | Train Loss: 0.0007221 | Grad norm: 0.057437 | Time: 1s284ms
Epoch: 039 | Test Loss: 0.0007224 | Time: 507ms
==> Save the model at epoch 039 with test loss 0.0007224
Epoch: 040 | Train Loss: 0.0007202 | Grad norm: 0.052530 | Time: 1s102ms
Epoch: 040 | Test Loss: 0.0007221 | Time: 505ms
==> Save the model at epoch 040 with test loss 0.0007221
Total time: 1m6s
==> Saving trained model weights...
==> Input bias to be applied to the neural network (trained):
[0. 0.]
==> Input transform to be applied to the neural network (trained):
[0.5123476 0.5241365]
==> Output transform to be applied to the neural network (trained):
[1.908  1.9349]
==> Saving training info...
==> Drawing training loss...
==> Drawing grad norm...
==> Drawing testing loss...
==> Process finished.
