==> torch device:  cuda:0
==> Test-Train split: test_ratio = 0.20
==> Test-Train split seed:  None
==> Further split: further_train_ratio = 1.00
==> Further split seed:  None
==> Lipschitz constant: 1.24
==> Input bias to be applied to the neural network:
[0. 0.]
==> Input transform to be applied to the neural network:
[0.70982397 0.70987433]
==> Ouput transform to be applied to the neural network:
[2.8322 2.832 ]
==> Evaluating model...
==========================================================================================
Layer (type:depth-idx)                   Output Shape              Param #
==========================================================================================
NeuralNetwork                            [1, 2]                    6
├─Sequential: 1-1                        [1, 2]                    --
│    └─SandwichFc: 2-1                   [1, 64]                   4,353
│    └─SandwichFc: 2-2                   [1, 64]                   8,321
│    └─SandwichFc: 2-3                   [1, 64]                   8,321
│    └─SandwichFc: 2-4                   [1, 64]                   8,321
│    └─SandwichFc: 2-5                   [1, 64]                   8,321
│    └─SandwichFc: 2-6                   [1, 64]                   8,321
│    └─SandwichFc: 2-7                   [1, 64]                   8,321
│    └─SandwichLin: 2-8                  [1, 2]                    135
├─Sequential: 1-2                        [1, 2]                    (recursive)
│    └─SandwichFc: 2-9                   [1, 64]                   (recursive)
│    └─SandwichFc: 2-10                  [1, 64]                   (recursive)
│    └─SandwichFc: 2-11                  [1, 64]                   (recursive)
│    └─SandwichFc: 2-12                  [1, 64]                   (recursive)
│    └─SandwichFc: 2-13                  [1, 64]                   (recursive)
│    └─SandwichFc: 2-14                  [1, 64]                   (recursive)
│    └─SandwichFc: 2-15                  [1, 64]                   (recursive)
│    └─SandwichLin: 2-16                 [1, 2]                    (recursive)
==========================================================================================
Total params: 54,420
Trainable params: 54,414
Non-trainable params: 6
Total mult-adds (Units.MEGABYTES): 0.11
==========================================================================================
Input size (MB): 0.00
Forward/backward pass size (MB): 0.01
Params size (MB): 0.22
Estimated Total Size (MB): 0.22
==========================================================================================
==> Saving initial model weights...
==> Start training...
==> Number of param_groups in optimizer: 1
Epoch: 001 | Train Loss: 15.9091349 | Grad norm: 5.194269 | Time: 16s903ms
Epoch: 001 | Test Loss: 16.2630031 | Time: 583ms
==> Save the model at epoch 001 with test loss 16.2630031
Epoch: 002 | Train Loss: 2.6388982 | Grad norm: 6.560596 | Time: 17s801ms
Epoch: 002 | Test Loss: 0.7844768 | Time: 577ms
==> Save the model at epoch 002 with test loss 0.7844768
Epoch: 003 | Train Loss: 0.4027088 | Grad norm: 3.471418 | Time: 16s638ms
Epoch: 003 | Test Loss: 0.1888252 | Time: 573ms
==> Save the model at epoch 003 with test loss 0.1888252
Epoch: 004 | Train Loss: 0.0928659 | Grad norm: 3.808260 | Time: 16s868ms
Epoch: 004 | Test Loss: 0.0423517 | Time: 570ms
==> Save the model at epoch 004 with test loss 0.0423517
Epoch: 005 | Train Loss: 0.0511902 | Grad norm: 6.904790 | Time: 16s897ms
Epoch: 005 | Test Loss: 0.0290410 | Time: 566ms
==> Save the model at epoch 005 with test loss 0.0290410
Epoch: 006 | Train Loss: 0.0476614 | Grad norm: 7.646200 | Time: 17s560ms
Epoch: 006 | Test Loss: 0.0226078 | Time: 683ms
==> Save the model at epoch 006 with test loss 0.0226078
Epoch: 007 | Train Loss: 0.0467563 | Grad norm: 7.847640 | Time: 17s486ms
Epoch: 007 | Test Loss: 0.0240158 | Time: 633ms
Epoch: 008 | Train Loss: 0.0469597 | Grad norm: 7.804920 | Time: 17s493ms
Epoch: 008 | Test Loss: 0.0225610 | Time: 629ms
==> Save the model at epoch 008 with test loss 0.0225610
Epoch: 009 | Train Loss: 0.0459304 | Grad norm: 7.515795 | Time: 17s33ms
Epoch: 009 | Test Loss: 0.0212521 | Time: 648ms
==> Save the model at epoch 009 with test loss 0.0212521
Epoch: 010 | Train Loss: 0.0366276 | Grad norm: 6.403813 | Time: 17s573ms
Epoch: 010 | Test Loss: 0.0230707 | Time: 568ms
Epoch: 011 | Train Loss: 0.0302478 | Grad norm: 5.566873 | Time: 16s913ms
Epoch: 011 | Test Loss: 0.0207188 | Time: 567ms
==> Save the model at epoch 011 with test loss 0.0207188
Epoch: 012 | Train Loss: 0.0258936 | Grad norm: 4.917891 | Time: 17s138ms
Epoch: 012 | Test Loss: 0.0156473 | Time: 577ms
==> Save the model at epoch 012 with test loss 0.0156473
Epoch: 013 | Train Loss: 0.0220784 | Grad norm: 4.346314 | Time: 16s389ms
Epoch: 013 | Test Loss: 0.0131780 | Time: 560ms
==> Save the model at epoch 013 with test loss 0.0131780
Epoch: 014 | Train Loss: 0.0191133 | Grad norm: 3.860628 | Time: 16s461ms
Epoch: 014 | Test Loss: 0.0115975 | Time: 562ms
==> Save the model at epoch 014 with test loss 0.0115975
Epoch: 015 | Train Loss: 0.0168964 | Grad norm: 3.454581 | Time: 16s601ms
Epoch: 015 | Test Loss: 0.0129172 | Time: 570ms
Epoch: 016 | Train Loss: 0.0149069 | Grad norm: 3.099038 | Time: 17s192ms
Epoch: 016 | Test Loss: 0.0086573 | Time: 559ms
==> Save the model at epoch 016 with test loss 0.0086573
Epoch: 017 | Train Loss: 0.0132729 | Grad norm: 2.772864 | Time: 16s895ms
Epoch: 017 | Test Loss: 0.0077021 | Time: 573ms
==> Save the model at epoch 017 with test loss 0.0077021
Epoch: 018 | Train Loss: 0.0120969 | Grad norm: 2.514907 | Time: 16s896ms
Epoch: 018 | Test Loss: 0.0074696 | Time: 574ms
==> Save the model at epoch 018 with test loss 0.0074696
Epoch: 019 | Train Loss: 0.0109294 | Grad norm: 2.262171 | Time: 16s723ms
Epoch: 019 | Test Loss: 0.0077818 | Time: 565ms
Epoch: 020 | Train Loss: 0.0100084 | Grad norm: 2.037375 | Time: 17s73ms
Epoch: 020 | Test Loss: 0.0074641 | Time: 637ms
==> Save the model at epoch 020 with test loss 0.0074641
Epoch: 021 | Train Loss: 0.0064101 | Grad norm: 0.733021 | Time: 16s891ms
Epoch: 021 | Test Loss: 0.0056115 | Time: 563ms
==> Save the model at epoch 021 with test loss 0.0056115
Epoch: 022 | Train Loss: 0.0059961 | Grad norm: 0.588007 | Time: 17s211ms
Epoch: 022 | Test Loss: 0.0075606 | Time: 556ms
Epoch: 023 | Train Loss: 0.0060902 | Grad norm: 0.630926 | Time: 16s399ms
Epoch: 023 | Test Loss: 0.0054674 | Time: 631ms
==> Save the model at epoch 023 with test loss 0.0054674
Epoch: 024 | Train Loss: 0.0060911 | Grad norm: 0.557101 | Time: 17s394ms
Epoch: 024 | Test Loss: 0.0055114 | Time: 566ms
Epoch: 025 | Train Loss: 0.0056850 | Grad norm: 0.413306 | Time: 16s890ms
Epoch: 025 | Test Loss: 0.0057214 | Time: 593ms
Epoch: 026 | Train Loss: 0.0057142 | Grad norm: 0.416516 | Time: 17s385ms
Epoch: 026 | Test Loss: 0.0058314 | Time: 571ms
Epoch: 027 | Train Loss: 0.0058719 | Grad norm: 0.471716 | Time: 18s83ms
Epoch: 027 | Test Loss: 0.0055720 | Time: 602ms
Epoch: 028 | Train Loss: 0.0056186 | Grad norm: 0.343325 | Time: 17s476ms
Epoch: 028 | Test Loss: 0.0054881 | Time: 589ms
Epoch: 029 | Train Loss: 0.0056222 | Grad norm: 0.359340 | Time: 17s210ms
Epoch: 029 | Test Loss: 0.0059471 | Time: 566ms
Epoch: 030 | Train Loss: 0.0055321 | Grad norm: 0.280311 | Time: 17s474ms
Epoch: 030 | Test Loss: 0.0055862 | Time: 590ms
Epoch: 031 | Train Loss: 0.0055513 | Grad norm: 0.299286 | Time: 17s749ms
Epoch: 031 | Test Loss: 0.0054557 | Time: 681ms
==> Save the model at epoch 031 with test loss 0.0054557
Epoch: 032 | Train Loss: 0.0055685 | Grad norm: 0.319722 | Time: 17s323ms
Epoch: 032 | Test Loss: 0.0054896 | Time: 595ms
Epoch: 033 | Train Loss: 0.0054819 | Grad norm: 0.228946 | Time: 17s868ms
Epoch: 033 | Test Loss: 0.0055024 | Time: 587ms
Epoch: 034 | Train Loss: 0.0054729 | Grad norm: 0.218917 | Time: 17s893ms
Epoch: 034 | Test Loss: 0.0054790 | Time: 698ms
Epoch: 035 | Train Loss: 0.0054574 | Grad norm: 0.196025 | Time: 17s384ms
Epoch: 035 | Test Loss: 0.0054512 | Time: 581ms
==> Save the model at epoch 035 with test loss 0.0054512
Epoch: 036 | Train Loss: 0.0054361 | Grad norm: 0.174502 | Time: 17s268ms
Epoch: 036 | Test Loss: 0.0054299 | Time: 565ms
==> Save the model at epoch 036 with test loss 0.0054299
Epoch: 037 | Train Loss: 0.0054261 | Grad norm: 0.154448 | Time: 17s837ms
Epoch: 037 | Test Loss: 0.0054311 | Time: 571ms
Epoch: 038 | Train Loss: 0.0054130 | Grad norm: 0.133823 | Time: 17s856ms
Epoch: 038 | Test Loss: 0.0054336 | Time: 589ms
Epoch: 039 | Train Loss: 0.0054029 | Grad norm: 0.107301 | Time: 17s891ms
Epoch: 039 | Test Loss: 0.0054557 | Time: 571ms
Epoch: 040 | Train Loss: 0.0053977 | Grad norm: 0.097223 | Time: 17s928ms
Epoch: 040 | Test Loss: 0.0054263 | Time: 587ms
==> Save the model at epoch 040 with test loss 0.0054263
Total time: 11m53s
==> Saving trained model weights...
==> Input bias to be applied to the neural network (trained):
[0. 0.]
==> Input transform to be applied to the neural network (trained):
[0.70982397 0.70987433]
==> Output transform to be applied to the neural network (trained):
[2.8322 2.832 ]
==> Saving training info...
==> Drawing training loss...
==> Drawing grad norm...
==> Drawing testing loss...
==> Process finished.
