==> torch device:  cuda:2
==> Test-Train split: test_ratio = 0.20
==> Test-Train split seed:  None
==> Further split: further_train_ratio = 0.25
==> Further split seed:  None
==> Input bias to be applied to the neural network:
[0. 0.]
==> Input transform to be applied to the neural network:
[1. 1.]
==> Ouput transform to be applied to the neural network:
[1. 1.]
==> Evaluating model...
==========================================================================================
Layer (type:depth-idx)                   Output Shape              Param #
==========================================================================================
NeuralNetwork                            [1, 2]                    6
├─Sequential: 1-1                        [1, 2]                    --
│    └─Linear: 2-1                       [1, 64]                   192
│    └─LeakyReLU: 2-2                    [1, 64]                   --
│    └─Linear: 2-3                       [1, 64]                   4,160
│    └─LeakyReLU: 2-4                    [1, 64]                   --
│    └─Linear: 2-5                       [1, 64]                   4,160
│    └─LeakyReLU: 2-6                    [1, 64]                   --
│    └─Linear: 2-7                       [1, 64]                   4,160
│    └─LeakyReLU: 2-8                    [1, 64]                   --
│    └─Linear: 2-9                       [1, 64]                   4,160
│    └─LeakyReLU: 2-10                   [1, 64]                   --
│    └─Linear: 2-11                      [1, 64]                   4,160
│    └─LeakyReLU: 2-12                   [1, 64]                   --
│    └─Linear: 2-13                      [1, 64]                   4,160
│    └─LeakyReLU: 2-14                   [1, 64]                   --
│    └─Linear: 2-15                      [1, 2]                    130
==========================================================================================
Total params: 25,288
Trainable params: 25,282
Non-trainable params: 6
Total mult-adds (Units.MEGABYTES): 0.03
==========================================================================================
Input size (MB): 0.00
Forward/backward pass size (MB): 0.00
Params size (MB): 0.10
Estimated Total Size (MB): 0.10
==========================================================================================
==> Saving initial model weights...
==> Start training...
Epoch: 001 | Loss: 20.5458889 | L2 loss: 20.5455401 | Lip loss: 0.0003489 | Grad norm: 1.606075 | Time: 10s590ms
Epoch: 001 | Test Loss: 19.3964647 | Time: 537ms
==> Save the model at epoch 001 with test loss 19.3964647
Epoch: 002 | Loss: 14.3632332 | L2 loss: 14.3540070 | Lip loss: 0.0092262 | Grad norm: 10.050103 | Time: 10s455ms
Epoch: 002 | Test Loss: 6.7998914 | Time: 558ms
==> Save the model at epoch 002 with test loss 6.7998914
Epoch: 003 | Loss: 1.6852567 | L2 loss: 1.6625133 | Lip loss: 0.0227435 | Grad norm: 7.705391 | Time: 10s630ms
Epoch: 003 | Test Loss: 0.0262962 | Time: 554ms
==> Save the model at epoch 003 with test loss 0.0262962
Epoch: 004 | Loss: 0.0343519 | L2 loss: 0.0127177 | Lip loss: 0.0216341 | Grad norm: 1.772381 | Time: 10s207ms
Epoch: 004 | Test Loss: 0.0066183 | Time: 621ms
==> Save the model at epoch 004 with test loss 0.0066183
Epoch: 005 | Loss: 0.0267454 | L2 loss: 0.0058622 | Lip loss: 0.0208832 | Grad norm: 1.267633 | Time: 10s329ms
Epoch: 005 | Test Loss: 0.0058749 | Time: 545ms
==> Save the model at epoch 005 with test loss 0.0058749
Epoch: 006 | Loss: 0.0254259 | L2 loss: 0.0046416 | Lip loss: 0.0207844 | Grad norm: 0.540297 | Time: 10s311ms
Epoch: 006 | Test Loss: 0.0045375 | Time: 545ms
==> Save the model at epoch 006 with test loss 0.0045375
Epoch: 007 | Loss: 0.0252153 | L2 loss: 0.0044694 | Lip loss: 0.0207459 | Grad norm: 0.440828 | Time: 10s507ms
Epoch: 007 | Test Loss: 0.0044510 | Time: 560ms
==> Save the model at epoch 007 with test loss 0.0044510
Epoch: 008 | Loss: 0.0251699 | L2 loss: 0.0043866 | Lip loss: 0.0207832 | Grad norm: 0.444722 | Time: 10s150ms
Epoch: 008 | Test Loss: 0.0043547 | Time: 560ms
==> Save the model at epoch 008 with test loss 0.0043547
Epoch: 009 | Loss: 0.0250172 | L2 loss: 0.0043058 | Lip loss: 0.0207113 | Grad norm: 0.397354 | Time: 10s70ms
Epoch: 009 | Test Loss: 0.0042641 | Time: 551ms
==> Save the model at epoch 009 with test loss 0.0042641
Epoch: 010 | Loss: 0.0249783 | L2 loss: 0.0042541 | Lip loss: 0.0207243 | Grad norm: 0.446721 | Time: 10s72ms
Epoch: 010 | Test Loss: 0.0041936 | Time: 549ms
==> Save the model at epoch 010 with test loss 0.0041936
Epoch: 011 | Loss: 0.0249680 | L2 loss: 0.0041720 | Lip loss: 0.0207960 | Grad norm: 0.309286 | Time: 9s864ms
Epoch: 011 | Test Loss: 0.0041855 | Time: 631ms
==> Save the model at epoch 011 with test loss 0.0041855
Epoch: 012 | Loss: 0.0248857 | L2 loss: 0.0041682 | Lip loss: 0.0207175 | Grad norm: 0.297436 | Time: 10s116ms
Epoch: 012 | Test Loss: 0.0041737 | Time: 542ms
==> Save the model at epoch 012 with test loss 0.0041737
Epoch: 013 | Loss: 0.0248404 | L2 loss: 0.0041618 | Lip loss: 0.0206786 | Grad norm: 0.313937 | Time: 9s992ms
Epoch: 013 | Test Loss: 0.0041664 | Time: 552ms
==> Save the model at epoch 013 with test loss 0.0041664
Epoch: 014 | Loss: 0.0248370 | L2 loss: 0.0041496 | Lip loss: 0.0206875 | Grad norm: 0.293444 | Time: 10s85ms
Epoch: 014 | Test Loss: 0.0041607 | Time: 548ms
==> Save the model at epoch 014 with test loss 0.0041607
Epoch: 015 | Loss: 0.0248695 | L2 loss: 0.0041429 | Lip loss: 0.0207266 | Grad norm: 0.288240 | Time: 10s452ms
Epoch: 015 | Test Loss: 0.0041497 | Time: 554ms
==> Save the model at epoch 015 with test loss 0.0041497
Epoch: 016 | Loss: 0.0248030 | L2 loss: 0.0041337 | Lip loss: 0.0206692 | Grad norm: 0.290943 | Time: 10s290ms
Epoch: 016 | Test Loss: 0.0041466 | Time: 558ms
==> Save the model at epoch 016 with test loss 0.0041466
Epoch: 017 | Loss: 0.0248748 | L2 loss: 0.0041337 | Lip loss: 0.0207411 | Grad norm: 0.297371 | Time: 9s882ms
Epoch: 017 | Test Loss: 0.0041460 | Time: 557ms
==> Save the model at epoch 017 with test loss 0.0041460
Epoch: 018 | Loss: 0.0248281 | L2 loss: 0.0041365 | Lip loss: 0.0206916 | Grad norm: 0.290536 | Time: 9s965ms
Epoch: 018 | Test Loss: 0.0041453 | Time: 541ms
==> Save the model at epoch 018 with test loss 0.0041453
Epoch: 019 | Loss: 0.0249499 | L2 loss: 0.0041326 | Lip loss: 0.0208173 | Grad norm: 0.306606 | Time: 9s996ms
Epoch: 019 | Test Loss: 0.0041440 | Time: 556ms
==> Save the model at epoch 019 with test loss 0.0041440
Epoch: 020 | Loss: 0.0247895 | L2 loss: 0.0041311 | Lip loss: 0.0206584 | Grad norm: 0.269395 | Time: 10s133ms
Epoch: 020 | Test Loss: 0.0041436 | Time: 624ms
==> Save the model at epoch 020 with test loss 0.0041436
Epoch: 021 | Loss: 0.0248882 | L2 loss: 0.0041319 | Lip loss: 0.0207563 | Grad norm: 0.286073 | Time: 10s261ms
Epoch: 021 | Test Loss: 0.0041434 | Time: 543ms
==> Save the model at epoch 021 with test loss 0.0041434
Epoch: 022 | Loss: 0.0248797 | L2 loss: 0.0041322 | Lip loss: 0.0207475 | Grad norm: 0.285814 | Time: 10s38ms
Epoch: 022 | Test Loss: 0.0041432 | Time: 542ms
==> Save the model at epoch 022 with test loss 0.0041432
Epoch: 023 | Loss: 0.0248452 | L2 loss: 0.0041306 | Lip loss: 0.0207146 | Grad norm: 0.295937 | Time: 10s147ms
Epoch: 023 | Test Loss: 0.0041430 | Time: 550ms
==> Save the model at epoch 023 with test loss 0.0041430
Epoch: 024 | Loss: 0.0248433 | L2 loss: 0.0041315 | Lip loss: 0.0207118 | Grad norm: 0.283446 | Time: 9s941ms
Epoch: 024 | Test Loss: 0.0041428 | Time: 558ms
==> Save the model at epoch 024 with test loss 0.0041428
Epoch: 025 | Loss: 0.0247894 | L2 loss: 0.0041293 | Lip loss: 0.0206600 | Grad norm: 0.296265 | Time: 10s407ms
Epoch: 025 | Test Loss: 0.0041427 | Time: 544ms
==> Save the model at epoch 025 with test loss 0.0041427
Epoch: 026 | Loss: 0.0248444 | L2 loss: 0.0041331 | Lip loss: 0.0207113 | Grad norm: 0.285674 | Time: 10s272ms
Epoch: 026 | Test Loss: 0.0041427 | Time: 559ms
==> Save the model at epoch 026 with test loss 0.0041427
Epoch: 027 | Loss: 0.0248917 | L2 loss: 0.0041293 | Lip loss: 0.0207625 | Grad norm: 0.279636 | Time: 10s309ms
Epoch: 027 | Test Loss: 0.0041427 | Time: 547ms
==> Save the model at epoch 027 with test loss 0.0041427
Epoch: 028 | Loss: 0.0248644 | L2 loss: 0.0041285 | Lip loss: 0.0207359 | Grad norm: 0.280826 | Time: 10s143ms
Epoch: 028 | Test Loss: 0.0041427 | Time: 549ms
==> Save the model at epoch 028 with test loss 0.0041427
Epoch: 029 | Loss: 0.0248407 | L2 loss: 0.0041291 | Lip loss: 0.0207116 | Grad norm: 0.278958 | Time: 10s654ms
Epoch: 029 | Test Loss: 0.0041427 | Time: 615ms
==> Save the model at epoch 029 with test loss 0.0041427
Epoch: 030 | Loss: 0.0247858 | L2 loss: 0.0041310 | Lip loss: 0.0206548 | Grad norm: 0.287083 | Time: 10s244ms
Epoch: 030 | Test Loss: 0.0041427 | Time: 552ms
==> Save the model at epoch 030 with test loss 0.0041427
Epoch: 031 | Loss: 0.0248273 | L2 loss: 0.0041314 | Lip loss: 0.0206960 | Grad norm: 0.277496 | Time: 10s101ms
Epoch: 031 | Test Loss: 0.0041427 | Time: 548ms
Epoch: 032 | Loss: 0.0247688 | L2 loss: 0.0041312 | Lip loss: 0.0206376 | Grad norm: 0.283203 | Time: 10s66ms
Epoch: 032 | Test Loss: 0.0041427 | Time: 554ms
==> Save the model at epoch 032 with test loss 0.0041427
Epoch: 033 | Loss: 0.0247654 | L2 loss: 0.0041277 | Lip loss: 0.0206377 | Grad norm: 0.284356 | Time: 10s36ms
Epoch: 033 | Test Loss: 0.0041427 | Time: 568ms
Epoch: 034 | Loss: 0.0247926 | L2 loss: 0.0041289 | Lip loss: 0.0206637 | Grad norm: 0.283946 | Time: 10s371ms
Epoch: 034 | Test Loss: 0.0041427 | Time: 551ms
Epoch: 035 | Loss: 0.0248838 | L2 loss: 0.0041324 | Lip loss: 0.0207514 | Grad norm: 0.284625 | Time: 10s224ms
Epoch: 035 | Test Loss: 0.0041427 | Time: 547ms
==> Save the model at epoch 035 with test loss 0.0041427
Epoch: 036 | Loss: 0.0248915 | L2 loss: 0.0041343 | Lip loss: 0.0207572 | Grad norm: 0.285387 | Time: 10s385ms
Epoch: 036 | Test Loss: 0.0041427 | Time: 544ms
Epoch: 037 | Loss: 0.0248456 | L2 loss: 0.0041294 | Lip loss: 0.0207163 | Grad norm: 0.301272 | Time: 10s168ms
Epoch: 037 | Test Loss: 0.0041427 | Time: 546ms
Epoch: 038 | Loss: 0.0247626 | L2 loss: 0.0041267 | Lip loss: 0.0206359 | Grad norm: 0.288642 | Time: 9s837ms
Epoch: 038 | Test Loss: 0.0041427 | Time: 622ms
Epoch: 039 | Loss: 0.0248385 | L2 loss: 0.0041311 | Lip loss: 0.0207075 | Grad norm: 0.270494 | Time: 10s620ms
Epoch: 039 | Test Loss: 0.0041427 | Time: 550ms
Epoch: 040 | Loss: 0.0248652 | L2 loss: 0.0041355 | Lip loss: 0.0207298 | Grad norm: 0.301411 | Time: 10s197ms
Epoch: 040 | Test Loss: 0.0041427 | Time: 546ms
Total time: 7m11s
==> Saving trained model weights...
==> Input bias to be applied to the neural network (trained):
[0. 0.]
==> Input transform to be applied to the neural network (trained):
[1. 1.]
==> Output transform to be applied to the neural network (trained):
[1. 1.]
==> Saving training info...
==> Drawing training loss...
==> Drawing grad norm...
==> Drawing testing loss...
==> Drawing l2 loss...
==> Drawing lip loss...
==> Process finished.
