==> torch device:  cuda:2
==> Test-Train split: test_ratio = 0.20
==> Test-Train split seed:  None
==> Further split: further_train_ratio = 0.25
==> Further split seed:  None
==> Input bias to be applied to the neural network:
[0. 0.]
==> Input transform to be applied to the neural network:
[0.5090095 0.5090095]
==> Ouput transform to be applied to the neural network:
[3.9366 3.9363]
==> Evaluating model...
==========================================================================================
Layer (type:depth-idx)                   Output Shape              Param #
==========================================================================================
NeuralNetwork                            [1, 2]                    6
├─Sequential: 1-1                        [1, 2]                    --
│    └─Linear: 2-1                       [1, 64]                   192
│    └─ReLU: 2-2                         [1, 64]                   --
│    └─Linear: 2-3                       [1, 64]                   4,160
│    └─ReLU: 2-4                         [1, 64]                   --
│    └─Linear: 2-5                       [1, 64]                   4,160
│    └─ReLU: 2-6                         [1, 64]                   --
│    └─Linear: 2-7                       [1, 64]                   4,160
│    └─ReLU: 2-8                         [1, 64]                   --
│    └─Linear: 2-9                       [1, 64]                   4,160
│    └─ReLU: 2-10                        [1, 64]                   --
│    └─Linear: 2-11                      [1, 64]                   4,160
│    └─ReLU: 2-12                        [1, 64]                   --
│    └─Linear: 2-13                      [1, 64]                   4,160
│    └─ReLU: 2-14                        [1, 64]                   --
│    └─Linear: 2-15                      [1, 2]                    130
├─Sequential: 1-2                        [1, 2]                    (recursive)
│    └─Linear: 2-16                      [1, 64]                   (recursive)
│    └─ReLU: 2-17                        [1, 64]                   --
│    └─Linear: 2-18                      [1, 64]                   (recursive)
│    └─ReLU: 2-19                        [1, 64]                   --
│    └─Linear: 2-20                      [1, 64]                   (recursive)
│    └─ReLU: 2-21                        [1, 64]                   --
│    └─Linear: 2-22                      [1, 64]                   (recursive)
│    └─ReLU: 2-23                        [1, 64]                   --
│    └─Linear: 2-24                      [1, 64]                   (recursive)
│    └─ReLU: 2-25                        [1, 64]                   --
│    └─Linear: 2-26                      [1, 64]                   (recursive)
│    └─ReLU: 2-27                        [1, 64]                   --
│    └─Linear: 2-28                      [1, 64]                   (recursive)
│    └─ReLU: 2-29                        [1, 64]                   --
│    └─Linear: 2-30                      [1, 2]                    (recursive)
==========================================================================================
Total params: 25,288
Trainable params: 25,282
Non-trainable params: 6
Total mult-adds (M): 0.05
==========================================================================================
Input size (MB): 0.00
Forward/backward pass size (MB): 0.01
Params size (MB): 0.10
Estimated Total Size (MB): 0.11
==========================================================================================
==> Saving initial model weights...
==> Start training...
==> Number of param_groups in optimizer: 1
Epoch: 001 | Train Loss: 30.8641060 | Grad norm: 1.021864 | Time: 1s285ms
Epoch: 001 | Test Loss: 31.2815891 | Time: 589ms
==> Save the model at epoch 001 with test loss 31.2815891
Epoch: 002 | Train Loss: 29.6707794 | Grad norm: 4.496773 | Time: 1s205ms
Epoch: 002 | Test Loss: 27.2301176 | Time: 597ms
==> Save the model at epoch 002 with test loss 27.2301176
Epoch: 003 | Train Loss: 8.4694792 | Grad norm: 14.285154 | Time: 1s13ms
Epoch: 003 | Test Loss: 0.0316759 | Time: 565ms
==> Save the model at epoch 003 with test loss 0.0316759
Epoch: 004 | Train Loss: 0.0189020 | Grad norm: 2.288269 | Time: 1s11ms
Epoch: 004 | Test Loss: 0.0126758 | Time: 566ms
==> Save the model at epoch 004 with test loss 0.0126758
Epoch: 005 | Train Loss: 0.0131239 | Grad norm: 1.981260 | Time: 951ms
Epoch: 005 | Test Loss: 0.0103561 | Time: 569ms
==> Save the model at epoch 005 with test loss 0.0103561
Epoch: 006 | Train Loss: 0.0129575 | Grad norm: 2.064193 | Time: 951ms
Epoch: 006 | Test Loss: 0.0134719 | Time: 568ms
Epoch: 007 | Train Loss: 0.0144193 | Grad norm: 2.312698 | Time: 950ms
Epoch: 007 | Test Loss: 0.0129183 | Time: 630ms
Epoch: 008 | Train Loss: 0.0152283 | Grad norm: 2.439438 | Time: 950ms
Epoch: 008 | Test Loss: 0.0128130 | Time: 564ms
Epoch: 009 | Train Loss: 0.0163718 | Grad norm: 2.457083 | Time: 1s5ms
Epoch: 009 | Test Loss: 0.0154984 | Time: 568ms
Epoch: 010 | Train Loss: 0.0149499 | Grad norm: 2.086404 | Time: 1s432ms
Epoch: 010 | Test Loss: 0.0204387 | Time: 743ms
Epoch: 011 | Train Loss: 0.0170766 | Grad norm: 2.272579 | Time: 1s230ms
Epoch: 011 | Test Loss: 0.0322248 | Time: 662ms
Epoch: 012 | Train Loss: 0.0147500 | Grad norm: 2.048487 | Time: 1s264ms
Epoch: 012 | Test Loss: 0.0145467 | Time: 607ms
Epoch: 013 | Train Loss: 0.0152582 | Grad norm: 2.015975 | Time: 1s241ms
Epoch: 013 | Test Loss: 0.0146741 | Time: 611ms
Epoch: 014 | Train Loss: 0.0120206 | Grad norm: 1.542151 | Time: 1s281ms
Epoch: 014 | Test Loss: 0.0114618 | Time: 604ms
Epoch: 015 | Train Loss: 0.0118397 | Grad norm: 1.558137 | Time: 1s480ms
Epoch: 015 | Test Loss: 0.0136881 | Time: 712ms
Epoch: 016 | Train Loss: 0.0110072 | Grad norm: 1.376638 | Time: 1s306ms
Epoch: 016 | Test Loss: 0.0184725 | Time: 605ms
Epoch: 017 | Train Loss: 0.0115915 | Grad norm: 1.522574 | Time: 1s298ms
Epoch: 017 | Test Loss: 0.0130386 | Time: 608ms
Epoch: 018 | Train Loss: 0.0108687 | Grad norm: 1.327982 | Time: 1s156ms
Epoch: 018 | Test Loss: 0.0113324 | Time: 583ms
Epoch: 019 | Train Loss: 0.0103756 | Grad norm: 1.242920 | Time: 1s11ms
Epoch: 019 | Test Loss: 0.0130486 | Time: 569ms
Epoch: 020 | Train Loss: 0.0100420 | Grad norm: 1.193510 | Time: 1s175ms
Epoch: 020 | Test Loss: 0.0106719 | Time: 606ms
Epoch: 021 | Train Loss: 0.0100373 | Grad norm: 1.203355 | Time: 1s281ms
Epoch: 021 | Test Loss: 0.0087632 | Time: 588ms
==> Save the model at epoch 021 with test loss 0.0087632
Epoch: 022 | Train Loss: 0.0089446 | Grad norm: 0.920828 | Time: 1s241ms
Epoch: 022 | Test Loss: 0.0084308 | Time: 595ms
==> Save the model at epoch 022 with test loss 0.0084308
Epoch: 023 | Train Loss: 0.0095630 | Grad norm: 1.061931 | Time: 1s265ms
Epoch: 023 | Test Loss: 0.0100740 | Time: 585ms
Epoch: 024 | Train Loss: 0.0092737 | Grad norm: 1.014113 | Time: 1s247ms
Epoch: 024 | Test Loss: 0.0089225 | Time: 607ms
Epoch: 025 | Train Loss: 0.0088339 | Grad norm: 0.873412 | Time: 1s243ms
Epoch: 025 | Test Loss: 0.0087160 | Time: 607ms
Epoch: 026 | Train Loss: 0.0086999 | Grad norm: 0.840114 | Time: 1s264ms
Epoch: 026 | Test Loss: 0.0099611 | Time: 675ms
Epoch: 027 | Train Loss: 0.0082135 | Grad norm: 0.705466 | Time: 1s224ms
Epoch: 027 | Test Loss: 0.0088640 | Time: 608ms
Epoch: 028 | Train Loss: 0.0081643 | Grad norm: 0.686613 | Time: 1s46ms
Epoch: 028 | Test Loss: 0.0103021 | Time: 567ms
Epoch: 029 | Train Loss: 0.0082788 | Grad norm: 0.741003 | Time: 954ms
Epoch: 029 | Test Loss: 0.0080619 | Time: 567ms
==> Save the model at epoch 029 with test loss 0.0080619
Epoch: 030 | Train Loss: 0.0079960 | Grad norm: 0.625030 | Time: 950ms
Epoch: 030 | Test Loss: 0.0088742 | Time: 628ms
Epoch: 031 | Train Loss: 0.0079475 | Grad norm: 0.610227 | Time: 948ms
Epoch: 031 | Test Loss: 0.0079919 | Time: 568ms
==> Save the model at epoch 031 with test loss 0.0079919
Epoch: 032 | Train Loss: 0.0076376 | Grad norm: 0.502582 | Time: 950ms
Epoch: 032 | Test Loss: 0.0078183 | Time: 569ms
==> Save the model at epoch 032 with test loss 0.0078183
Epoch: 033 | Train Loss: 0.0076696 | Grad norm: 0.528512 | Time: 1s274ms
Epoch: 033 | Test Loss: 0.0076317 | Time: 663ms
==> Save the model at epoch 033 with test loss 0.0076317
Epoch: 034 | Train Loss: 0.0074797 | Grad norm: 0.423999 | Time: 1s247ms
Epoch: 034 | Test Loss: 0.0077078 | Time: 618ms
Epoch: 035 | Train Loss: 0.0075388 | Grad norm: 0.473978 | Time: 1s555ms
Epoch: 035 | Test Loss: 0.0075309 | Time: 651ms
==> Save the model at epoch 035 with test loss 0.0075309
Epoch: 036 | Train Loss: 0.0073992 | Grad norm: 0.390025 | Time: 1s136ms
Epoch: 036 | Test Loss: 0.0073744 | Time: 579ms
==> Save the model at epoch 036 with test loss 0.0073744
Epoch: 037 | Train Loss: 0.0073057 | Grad norm: 0.329889 | Time: 950ms
Epoch: 037 | Test Loss: 0.0074761 | Time: 571ms
Epoch: 038 | Train Loss: 0.0072710 | Grad norm: 0.291182 | Time: 1s10ms
Epoch: 038 | Test Loss: 0.0073378 | Time: 565ms
==> Save the model at epoch 038 with test loss 0.0073378
Epoch: 039 | Train Loss: 0.0072436 | Grad norm: 0.266591 | Time: 950ms
Epoch: 039 | Test Loss: 0.0073371 | Time: 571ms
==> Save the model at epoch 039 with test loss 0.0073371
Epoch: 040 | Train Loss: 0.0072144 | Grad norm: 0.251589 | Time: 955ms
Epoch: 040 | Test Loss: 0.0073263 | Time: 566ms
==> Save the model at epoch 040 with test loss 0.0073263
Total time: 1m10s
==> Saving trained model weights...
==> Input bias to be applied to the neural network (trained):
[0. 0.]
==> Input transform to be applied to the neural network (trained):
[0.5090095 0.5090095]
==> Output transform to be applied to the neural network (trained):
[3.9366 3.9363]
==> Saving training info...
==> Drawing training loss...
==> Drawing grad norm...
==> Drawing testing loss...
==> Process finished.
