==> torch device:  cuda:3
==> Test-Train split: test_ratio = 0.20
==> Test-Train split seed:  None
==> Further split: further_train_ratio = 0.25
==> Further split seed:  None
==> Input bias to be applied to the neural network:
[0. 0. 0. 0.]
==> Input transform to be applied to the neural network:
[ 0.62900996  0.6288517  11.614402    9.487666  ]
==> Ouput transform to be applied to the neural network:
[0.0195 0.021 ]
==> Evaluating model...
==========================================================================================
Layer (type:depth-idx)                   Output Shape              Param #
==========================================================================================
NeuralNetwork                            [1, 2]                    10
├─Sequential: 1-1                        [1, 2]                    --
│    └─Linear: 2-1                       [1, 64]                   320
│    └─ReLU: 2-2                         [1, 64]                   --
│    └─Linear: 2-3                       [1, 64]                   4,160
│    └─ReLU: 2-4                         [1, 64]                   --
│    └─Linear: 2-5                       [1, 64]                   4,160
│    └─ReLU: 2-6                         [1, 64]                   --
│    └─Linear: 2-7                       [1, 64]                   4,160
│    └─ReLU: 2-8                         [1, 64]                   --
│    └─Linear: 2-9                       [1, 64]                   4,160
│    └─ReLU: 2-10                        [1, 64]                   --
│    └─Linear: 2-11                      [1, 64]                   4,160
│    └─ReLU: 2-12                        [1, 64]                   --
│    └─Linear: 2-13                      [1, 64]                   4,160
│    └─ReLU: 2-14                        [1, 64]                   --
│    └─Linear: 2-15                      [1, 2]                    130
├─Sequential: 1-2                        [1, 2]                    (recursive)
│    └─Linear: 2-16                      [1, 64]                   (recursive)
│    └─ReLU: 2-17                        [1, 64]                   --
│    └─Linear: 2-18                      [1, 64]                   (recursive)
│    └─ReLU: 2-19                        [1, 64]                   --
│    └─Linear: 2-20                      [1, 64]                   (recursive)
│    └─ReLU: 2-21                        [1, 64]                   --
│    └─Linear: 2-22                      [1, 64]                   (recursive)
│    └─ReLU: 2-23                        [1, 64]                   --
│    └─Linear: 2-24                      [1, 64]                   (recursive)
│    └─ReLU: 2-25                        [1, 64]                   --
│    └─Linear: 2-26                      [1, 64]                   (recursive)
│    └─ReLU: 2-27                        [1, 64]                   --
│    └─Linear: 2-28                      [1, 64]                   (recursive)
│    └─ReLU: 2-29                        [1, 64]                   --
│    └─Linear: 2-30                      [1, 2]                    (recursive)
==========================================================================================
Total params: 25,420
Trainable params: 25,410
Non-trainable params: 10
Total mult-adds (Units.MEGABYTES): 0.05
==========================================================================================
Input size (MB): 0.00
Forward/backward pass size (MB): 0.01
Params size (MB): 0.10
Estimated Total Size (MB): 0.11
==========================================================================================
==> Saving initial model weights...
==> Start training...
==> Number of param_groups in optimizer: 1
Epoch: 001 | Train Loss: 0.0008203 | Grad norm: 0.000025 | Time: 1s249ms
Epoch: 001 | Test Loss: 0.0008298 | Time: 495ms
==> Save the model at epoch 001 with test loss 0.0008298
Epoch: 002 | Train Loss: 0.0007903 | Grad norm: 0.000113 | Time: 1s5ms
Epoch: 002 | Test Loss: 0.0006828 | Time: 495ms
==> Save the model at epoch 002 with test loss 0.0006828
Epoch: 003 | Train Loss: 0.0002360 | Grad norm: 0.000344 | Time: 1s23ms
Epoch: 003 | Test Loss: 0.0000709 | Time: 569ms
==> Save the model at epoch 003 with test loss 0.0000709
Epoch: 004 | Train Loss: 0.0000692 | Grad norm: 0.000144 | Time: 992ms
Epoch: 004 | Test Loss: 0.0000681 | Time: 495ms
==> Save the model at epoch 004 with test loss 0.0000681
Epoch: 005 | Train Loss: 0.0000679 | Grad norm: 0.000157 | Time: 1s18ms
Epoch: 005 | Test Loss: 0.0000681 | Time: 500ms
Epoch: 006 | Train Loss: 0.0000681 | Grad norm: 0.000185 | Time: 939ms
Epoch: 006 | Test Loss: 0.0000684 | Time: 500ms
Epoch: 007 | Train Loss: 0.0000675 | Grad norm: 0.000171 | Time: 1s66ms
Epoch: 007 | Test Loss: 0.0000681 | Time: 577ms
Epoch: 008 | Train Loss: 0.0000674 | Grad norm: 0.000177 | Time: 1s41ms
Epoch: 008 | Test Loss: 0.0000668 | Time: 562ms
==> Save the model at epoch 008 with test loss 0.0000668
Epoch: 009 | Train Loss: 0.0000676 | Grad norm: 0.000179 | Time: 1s65ms
Epoch: 009 | Test Loss: 0.0000664 | Time: 502ms
==> Save the model at epoch 009 with test loss 0.0000664
Epoch: 010 | Train Loss: 0.0000671 | Grad norm: 0.000167 | Time: 1s46ms
Epoch: 010 | Test Loss: 0.0000674 | Time: 499ms
Epoch: 011 | Train Loss: 0.0000670 | Grad norm: 0.000162 | Time: 962ms
Epoch: 011 | Test Loss: 0.0000664 | Time: 582ms
==> Save the model at epoch 011 with test loss 0.0000664
Epoch: 012 | Train Loss: 0.0000668 | Grad norm: 0.000160 | Time: 1s123ms
Epoch: 012 | Test Loss: 0.0000665 | Time: 506ms
Epoch: 013 | Train Loss: 0.0000665 | Grad norm: 0.000153 | Time: 1s54ms
Epoch: 013 | Test Loss: 0.0000665 | Time: 501ms
Epoch: 014 | Train Loss: 0.0000665 | Grad norm: 0.000152 | Time: 1s91ms
Epoch: 014 | Test Loss: 0.0000666 | Time: 499ms
Epoch: 015 | Train Loss: 0.0000663 | Grad norm: 0.000149 | Time: 1s24ms
Epoch: 015 | Test Loss: 0.0000668 | Time: 574ms
Epoch: 016 | Train Loss: 0.0000673 | Grad norm: 0.000183 | Time: 1s43ms
Epoch: 016 | Test Loss: 0.0000685 | Time: 499ms
Epoch: 017 | Train Loss: 0.0000663 | Grad norm: 0.000149 | Time: 1s74ms
Epoch: 017 | Test Loss: 0.0000668 | Time: 497ms
Epoch: 018 | Train Loss: 0.0000661 | Grad norm: 0.000146 | Time: 1s82ms
Epoch: 018 | Test Loss: 0.0000659 | Time: 499ms
==> Save the model at epoch 018 with test loss 0.0000659
Epoch: 019 | Train Loss: 0.0000660 | Grad norm: 0.000145 | Time: 1s1ms
Epoch: 019 | Test Loss: 0.0000663 | Time: 568ms
Epoch: 020 | Train Loss: 0.0000659 | Grad norm: 0.000148 | Time: 1s3ms
Epoch: 020 | Test Loss: 0.0000677 | Time: 497ms
Epoch: 021 | Train Loss: 0.0000657 | Grad norm: 0.000137 | Time: 974ms
Epoch: 021 | Test Loss: 0.0000663 | Time: 497ms
Epoch: 022 | Train Loss: 0.0000657 | Grad norm: 0.000143 | Time: 1s5ms
Epoch: 022 | Test Loss: 0.0000664 | Time: 500ms
Epoch: 023 | Train Loss: 0.0000653 | Grad norm: 0.000126 | Time: 1s101ms
Epoch: 023 | Test Loss: 0.0000666 | Time: 571ms
Epoch: 024 | Train Loss: 0.0000654 | Grad norm: 0.000131 | Time: 1s166ms
Epoch: 024 | Test Loss: 0.0000660 | Time: 509ms
Epoch: 025 | Train Loss: 0.0000653 | Grad norm: 0.000133 | Time: 1s51ms
Epoch: 025 | Test Loss: 0.0000658 | Time: 498ms
==> Save the model at epoch 025 with test loss 0.0000658
Epoch: 026 | Train Loss: 0.0000651 | Grad norm: 0.000124 | Time: 1s75ms
Epoch: 026 | Test Loss: 0.0000659 | Time: 508ms
Epoch: 027 | Train Loss: 0.0000651 | Grad norm: 0.000126 | Time: 1s123ms
Epoch: 027 | Test Loss: 0.0000660 | Time: 569ms
Epoch: 028 | Train Loss: 0.0000652 | Grad norm: 0.000132 | Time: 1s4ms
Epoch: 028 | Test Loss: 0.0000666 | Time: 499ms
Epoch: 029 | Train Loss: 0.0000651 | Grad norm: 0.000135 | Time: 1s22ms
Epoch: 029 | Test Loss: 0.0000660 | Time: 506ms
Epoch: 030 | Train Loss: 0.0000649 | Grad norm: 0.000123 | Time: 1s122ms
Epoch: 030 | Test Loss: 0.0000654 | Time: 502ms
==> Save the model at epoch 030 with test loss 0.0000654
Epoch: 031 | Train Loss: 0.0000647 | Grad norm: 0.000114 | Time: 1s61ms
Epoch: 031 | Test Loss: 0.0000657 | Time: 570ms
Epoch: 032 | Train Loss: 0.0000646 | Grad norm: 0.000113 | Time: 1s48ms
Epoch: 032 | Test Loss: 0.0000655 | Time: 500ms
Epoch: 033 | Train Loss: 0.0000645 | Grad norm: 0.000107 | Time: 1s39ms
Epoch: 033 | Test Loss: 0.0000655 | Time: 501ms
Epoch: 034 | Train Loss: 0.0000644 | Grad norm: 0.000107 | Time: 950ms
Epoch: 034 | Test Loss: 0.0000655 | Time: 501ms
Epoch: 035 | Train Loss: 0.0000644 | Grad norm: 0.000105 | Time: 1s39ms
Epoch: 035 | Test Loss: 0.0000653 | Time: 583ms
==> Save the model at epoch 035 with test loss 0.0000653
Epoch: 036 | Train Loss: 0.0000643 | Grad norm: 0.000100 | Time: 1s62ms
Epoch: 036 | Test Loss: 0.0000654 | Time: 503ms
Epoch: 037 | Train Loss: 0.0000643 | Grad norm: 0.000098 | Time: 1s170ms
Epoch: 037 | Test Loss: 0.0000653 | Time: 507ms
==> Save the model at epoch 037 with test loss 0.0000653
Epoch: 038 | Train Loss: 0.0000643 | Grad norm: 0.000103 | Time: 1s69ms
Epoch: 038 | Test Loss: 0.0000652 | Time: 504ms
==> Save the model at epoch 038 with test loss 0.0000652
Epoch: 039 | Train Loss: 0.0000642 | Grad norm: 0.000104 | Time: 1s74ms
Epoch: 039 | Test Loss: 0.0000652 | Time: 568ms
==> Save the model at epoch 039 with test loss 0.0000652
Epoch: 040 | Train Loss: 0.0000642 | Grad norm: 0.000105 | Time: 1s87ms
Epoch: 040 | Test Loss: 0.0000652 | Time: 498ms
==> Save the model at epoch 040 with test loss 0.0000652
Total time: 1m3s
==> Saving trained model weights...
==> Input bias to be applied to the neural network (trained):
[0. 0. 0. 0.]
==> Input transform to be applied to the neural network (trained):
[ 0.62900996  0.6288517  11.614402    9.487666  ]
==> Output transform to be applied to the neural network (trained):
[0.0195 0.021 ]
==> Saving training info...
==> Drawing training loss...
==> Drawing grad norm...
==> Drawing testing loss...
==> Process finished.
