==> torch device:  cuda:0
==> Test-Train split: test_ratio = 0.20
==> Test-Train split seed:  None
==> Further split: further_train_ratio = 0.25
==> Further split seed:  None
==> Lipschitz constant: 8.00
==> Input bias to be applied to the neural network:
[0. 0.]
==> Input transform to be applied to the neural network:
[0.5123476 0.5241365]
==> Ouput transform to be applied to the neural network:
[1.908  1.9349]
==> Evaluating model...
==========================================================================================
Layer (type:depth-idx)                   Output Shape              Param #
==========================================================================================
NeuralNetwork                            [1, 2]                    6
├─Sequential: 1-1                        [1, 2]                    --
│    └─SandwichFc: 2-1                   [1, 64]                   4,353
│    └─SandwichFc: 2-2                   [1, 64]                   8,321
│    └─SandwichFc: 2-3                   [1, 64]                   8,321
│    └─SandwichFc: 2-4                   [1, 64]                   8,321
│    └─SandwichFc: 2-5                   [1, 64]                   8,321
│    └─SandwichFc: 2-6                   [1, 64]                   8,321
│    └─SandwichFc: 2-7                   [1, 64]                   8,321
│    └─SandwichLin: 2-8                  [1, 2]                    135
├─Sequential: 1-2                        [1, 2]                    (recursive)
│    └─SandwichFc: 2-9                   [1, 64]                   (recursive)
│    └─SandwichFc: 2-10                  [1, 64]                   (recursive)
│    └─SandwichFc: 2-11                  [1, 64]                   (recursive)
│    └─SandwichFc: 2-12                  [1, 64]                   (recursive)
│    └─SandwichFc: 2-13                  [1, 64]                   (recursive)
│    └─SandwichFc: 2-14                  [1, 64]                   (recursive)
│    └─SandwichFc: 2-15                  [1, 64]                   (recursive)
│    └─SandwichLin: 2-16                 [1, 2]                    (recursive)
==========================================================================================
Total params: 54,420
Trainable params: 54,414
Non-trainable params: 6
Total mult-adds (Units.MEGABYTES): 0.11
==========================================================================================
Input size (MB): 0.00
Forward/backward pass size (MB): 0.01
Params size (MB): 0.22
Estimated Total Size (MB): 0.22
==========================================================================================
==> Saving initial model weights...
==> Start training...
==> Number of param_groups in optimizer: 1
Epoch: 001 | Train Loss: 7.3730302 | Grad norm: 19.037295 | Time: 5s241ms
Epoch: 001 | Test Loss: 7.3521988 | Time: 625ms
==> Save the model at epoch 001 with test loss 7.3521988
Epoch: 002 | Train Loss: 0.9266164 | Grad norm: 6.704348 | Time: 4s790ms
Epoch: 002 | Test Loss: 0.0176537 | Time: 626ms
==> Save the model at epoch 002 with test loss 0.0176537
Epoch: 003 | Train Loss: 0.0119473 | Grad norm: 2.919956 | Time: 4s656ms
Epoch: 003 | Test Loss: 0.0058069 | Time: 691ms
==> Save the model at epoch 003 with test loss 0.0058069
Epoch: 004 | Train Loss: 0.0102490 | Grad norm: 3.399692 | Time: 4s462ms
Epoch: 004 | Test Loss: 0.0116793 | Time: 623ms
Epoch: 005 | Train Loss: 0.0136882 | Grad norm: 3.740345 | Time: 5s50ms
Epoch: 005 | Test Loss: 0.0088366 | Time: 621ms
Epoch: 006 | Train Loss: 0.0155633 | Grad norm: 4.332846 | Time: 4s576ms
Epoch: 006 | Test Loss: 0.0120446 | Time: 626ms
Epoch: 007 | Train Loss: 0.0180653 | Grad norm: 4.470074 | Time: 4s584ms
Epoch: 007 | Test Loss: 0.0182793 | Time: 627ms
Epoch: 008 | Train Loss: 0.0199311 | Grad norm: 4.608047 | Time: 4s689ms
Epoch: 008 | Test Loss: 0.0199752 | Time: 632ms
Epoch: 009 | Train Loss: 0.0230484 | Grad norm: 4.642580 | Time: 4s534ms
Epoch: 009 | Test Loss: 0.0215899 | Time: 623ms
Epoch: 010 | Train Loss: 0.0198395 | Grad norm: 4.225940 | Time: 4s757ms
Epoch: 010 | Test Loss: 0.0206857 | Time: 694ms
Epoch: 011 | Train Loss: 0.0168476 | Grad norm: 3.822991 | Time: 4s486ms
Epoch: 011 | Test Loss: 0.0122536 | Time: 623ms
Epoch: 012 | Train Loss: 0.0161325 | Grad norm: 3.434746 | Time: 4s660ms
Epoch: 012 | Test Loss: 0.0234552 | Time: 627ms
Epoch: 013 | Train Loss: 0.0139655 | Grad norm: 3.282499 | Time: 4s601ms
Epoch: 013 | Test Loss: 0.0082336 | Time: 622ms
Epoch: 014 | Train Loss: 0.0123728 | Grad norm: 3.055869 | Time: 4s793ms
Epoch: 014 | Test Loss: 0.0148971 | Time: 621ms
Epoch: 015 | Train Loss: 0.0110584 | Grad norm: 2.791481 | Time: 4s615ms
Epoch: 015 | Test Loss: 0.0100500 | Time: 631ms
Epoch: 016 | Train Loss: 0.0096573 | Grad norm: 2.606962 | Time: 4s615ms
Epoch: 016 | Test Loss: 0.0071836 | Time: 625ms
Epoch: 017 | Train Loss: 0.0095091 | Grad norm: 2.394585 | Time: 4s699ms
Epoch: 017 | Test Loss: 0.0078175 | Time: 694ms
Epoch: 018 | Train Loss: 0.0090174 | Grad norm: 1.844035 | Time: 4s700ms
Epoch: 018 | Test Loss: 0.0105384 | Time: 626ms
Epoch: 019 | Train Loss: 0.0073950 | Grad norm: 2.128224 | Time: 4s560ms
Epoch: 019 | Test Loss: 0.0069010 | Time: 616ms
Epoch: 020 | Train Loss: 0.0060168 | Grad norm: 1.952185 | Time: 4s563ms
Epoch: 020 | Test Loss: 0.0071796 | Time: 620ms
Epoch: 021 | Train Loss: 0.0060140 | Grad norm: 1.776995 | Time: 4s602ms
Epoch: 021 | Test Loss: 0.0039256 | Time: 629ms
==> Save the model at epoch 021 with test loss 0.0039256
Epoch: 022 | Train Loss: 0.0048733 | Grad norm: 1.694459 | Time: 4s614ms
Epoch: 022 | Test Loss: 0.0034947 | Time: 622ms
==> Save the model at epoch 022 with test loss 0.0034947
Epoch: 023 | Train Loss: 0.0033383 | Grad norm: 1.289515 | Time: 4s703ms
Epoch: 023 | Test Loss: 0.0017924 | Time: 628ms
==> Save the model at epoch 023 with test loss 0.0017924
Epoch: 024 | Train Loss: 0.0016525 | Grad norm: 0.624296 | Time: 4s622ms
Epoch: 024 | Test Loss: 0.0013890 | Time: 691ms
==> Save the model at epoch 024 with test loss 0.0013890
Epoch: 025 | Train Loss: 0.0012040 | Grad norm: 0.446951 | Time: 4s514ms
Epoch: 025 | Test Loss: 0.0012679 | Time: 620ms
==> Save the model at epoch 025 with test loss 0.0012679
Epoch: 026 | Train Loss: 0.0011953 | Grad norm: 0.448646 | Time: 4s520ms
Epoch: 026 | Test Loss: 0.0019786 | Time: 623ms
Epoch: 027 | Train Loss: 0.0008937 | Grad norm: 0.287917 | Time: 4s597ms
Epoch: 027 | Test Loss: 0.0008643 | Time: 623ms
==> Save the model at epoch 027 with test loss 0.0008643
Epoch: 028 | Train Loss: 0.0010164 | Grad norm: 0.397346 | Time: 4s811ms
Epoch: 028 | Test Loss: 0.0010207 | Time: 622ms
Epoch: 029 | Train Loss: 0.0008263 | Grad norm: 0.272070 | Time: 4s790ms
Epoch: 029 | Test Loss: 0.0008335 | Time: 623ms
==> Save the model at epoch 029 with test loss 0.0008335
Epoch: 030 | Train Loss: 0.0008225 | Grad norm: 0.255212 | Time: 4s671ms
Epoch: 030 | Test Loss: 0.0009189 | Time: 629ms
Epoch: 031 | Train Loss: 0.0007471 | Grad norm: 0.208074 | Time: 4s384ms
Epoch: 031 | Test Loss: 0.0007804 | Time: 690ms
==> Save the model at epoch 031 with test loss 0.0007804
Epoch: 032 | Train Loss: 0.0007010 | Grad norm: 0.168689 | Time: 4s408ms
Epoch: 032 | Test Loss: 0.0007707 | Time: 621ms
==> Save the model at epoch 032 with test loss 0.0007707
Epoch: 033 | Train Loss: 0.0006847 | Grad norm: 0.161094 | Time: 4s370ms
Epoch: 033 | Test Loss: 0.0007361 | Time: 623ms
==> Save the model at epoch 033 with test loss 0.0007361
Epoch: 034 | Train Loss: 0.0006791 | Grad norm: 0.163018 | Time: 4s459ms
Epoch: 034 | Test Loss: 0.0006747 | Time: 623ms
==> Save the model at epoch 034 with test loss 0.0006747
Epoch: 035 | Train Loss: 0.0006597 | Grad norm: 0.146425 | Time: 4s544ms
Epoch: 035 | Test Loss: 0.0006639 | Time: 635ms
==> Save the model at epoch 035 with test loss 0.0006639
Epoch: 036 | Train Loss: 0.0006459 | Grad norm: 0.126813 | Time: 4s624ms
Epoch: 036 | Test Loss: 0.0006476 | Time: 636ms
==> Save the model at epoch 036 with test loss 0.0006476
Epoch: 037 | Train Loss: 0.0006311 | Grad norm: 0.112598 | Time: 4s371ms
Epoch: 037 | Test Loss: 0.0006500 | Time: 631ms
Epoch: 038 | Train Loss: 0.0006213 | Grad norm: 0.096396 | Time: 4s645ms
Epoch: 038 | Test Loss: 0.0006387 | Time: 692ms
==> Save the model at epoch 038 with test loss 0.0006387
Epoch: 039 | Train Loss: 0.0006133 | Grad norm: 0.084648 | Time: 4s692ms
Epoch: 039 | Test Loss: 0.0006345 | Time: 620ms
==> Save the model at epoch 039 with test loss 0.0006345
Epoch: 040 | Train Loss: 0.0006091 | Grad norm: 0.079456 | Time: 4s443ms
Epoch: 040 | Test Loss: 0.0006317 | Time: 629ms
==> Save the model at epoch 040 with test loss 0.0006317
Total time: 3m30s
==> Saving trained model weights...
==> Input bias to be applied to the neural network (trained):
[0. 0.]
==> Input transform to be applied to the neural network (trained):
[0.5123476 0.5241365]
==> Output transform to be applied to the neural network (trained):
[1.908  1.9349]
==> Saving training info...
==> Drawing training loss...
==> Drawing grad norm...
==> Drawing testing loss...
==> Process finished.
