==> torch device:  cuda:2
==> Test-Train split: test_ratio = 0.20
==> Test-Train split seed:  None
==> Further split: further_train_ratio = 0.50
==> Further split seed:  None
==> Input bias to be applied to the neural network:
[0. 0.]
==> Input transform to be applied to the neural network:
[1. 1.]
==> Ouput transform to be applied to the neural network:
[1. 1.]
==> Evaluating model...
==========================================================================================
Layer (type:depth-idx)                   Output Shape              Param #
==========================================================================================
NeuralNetwork                            [1, 2]                    6
├─Sequential: 1-1                        [1, 2]                    --
│    └─Linear: 2-1                       [1, 64]                   192
│    └─LeakyReLU: 2-2                    [1, 64]                   --
│    └─Linear: 2-3                       [1, 64]                   4,160
│    └─LeakyReLU: 2-4                    [1, 64]                   --
│    └─Linear: 2-5                       [1, 64]                   4,160
│    └─LeakyReLU: 2-6                    [1, 64]                   --
│    └─Linear: 2-7                       [1, 64]                   4,160
│    └─LeakyReLU: 2-8                    [1, 64]                   --
│    └─Linear: 2-9                       [1, 64]                   4,160
│    └─LeakyReLU: 2-10                   [1, 64]                   --
│    └─Linear: 2-11                      [1, 64]                   4,160
│    └─LeakyReLU: 2-12                   [1, 64]                   --
│    └─Linear: 2-13                      [1, 64]                   4,160
│    └─LeakyReLU: 2-14                   [1, 64]                   --
│    └─Linear: 2-15                      [1, 2]                    130
==========================================================================================
Total params: 25,288
Trainable params: 25,282
Non-trainable params: 6
Total mult-adds (Units.MEGABYTES): 0.03
==========================================================================================
Input size (MB): 0.00
Forward/backward pass size (MB): 0.00
Params size (MB): 0.10
Estimated Total Size (MB): 0.10
==========================================================================================
==> Saving initial model weights...
==> Start training...
Epoch: 001 | Loss: 18.6377198 | L2 loss: 18.6377198 | Lip loss: 0.0000001 | Grad norm: 2.421388 | Time: 14s153ms
Epoch: 001 | Test Loss: 15.4737430 | Time: 385ms
==> Save the model at epoch 001 with test loss 15.4737430
Epoch: 002 | Loss: 5.1293367 | L2 loss: 5.1293347 | Lip loss: 0.0000020 | Grad norm: 9.905997 | Time: 14s522ms
Epoch: 002 | Test Loss: 0.0767057 | Time: 383ms
==> Save the model at epoch 002 with test loss 0.0767057
Epoch: 003 | Loss: 0.0240216 | L2 loss: 0.0240194 | Lip loss: 0.0000023 | Grad norm: 1.683416 | Time: 14s441ms
Epoch: 003 | Test Loss: 0.0077831 | Time: 377ms
==> Save the model at epoch 003 with test loss 0.0077831
Epoch: 004 | Loss: 0.0063391 | L2 loss: 0.0063369 | Lip loss: 0.0000021 | Grad norm: 1.140658 | Time: 14s376ms
Epoch: 004 | Test Loss: 0.0063518 | Time: 391ms
==> Save the model at epoch 004 with test loss 0.0063518
Epoch: 005 | Loss: 0.0048796 | L2 loss: 0.0048775 | Lip loss: 0.0000021 | Grad norm: 1.133773 | Time: 14s388ms
Epoch: 005 | Test Loss: 0.0065567 | Time: 429ms
Epoch: 006 | Loss: 0.0041250 | L2 loss: 0.0041229 | Lip loss: 0.0000021 | Grad norm: 0.452434 | Time: 14s318ms
Epoch: 006 | Test Loss: 0.0040500 | Time: 373ms
==> Save the model at epoch 006 with test loss 0.0040500
Epoch: 007 | Loss: 0.0039843 | L2 loss: 0.0039822 | Lip loss: 0.0000021 | Grad norm: 0.330834 | Time: 14s495ms
Epoch: 007 | Test Loss: 0.0039831 | Time: 455ms
==> Save the model at epoch 007 with test loss 0.0039831
Epoch: 008 | Loss: 0.0039369 | L2 loss: 0.0039348 | Lip loss: 0.0000021 | Grad norm: 0.331630 | Time: 13s964ms
Epoch: 008 | Test Loss: 0.0039397 | Time: 392ms
==> Save the model at epoch 008 with test loss 0.0039397
Epoch: 009 | Loss: 0.0038922 | L2 loss: 0.0038901 | Lip loss: 0.0000021 | Grad norm: 0.346584 | Time: 13s859ms
Epoch: 009 | Test Loss: 0.0039497 | Time: 379ms
Epoch: 010 | Loss: 0.0038482 | L2 loss: 0.0038461 | Lip loss: 0.0000021 | Grad norm: 0.368876 | Time: 14s403ms
Epoch: 010 | Test Loss: 0.0038513 | Time: 372ms
==> Save the model at epoch 010 with test loss 0.0038513
Epoch: 011 | Loss: 0.0037943 | L2 loss: 0.0037922 | Lip loss: 0.0000021 | Grad norm: 0.258315 | Time: 13s802ms
Epoch: 011 | Test Loss: 0.0038294 | Time: 387ms
==> Save the model at epoch 011 with test loss 0.0038294
Epoch: 012 | Loss: 0.0037891 | L2 loss: 0.0037871 | Lip loss: 0.0000021 | Grad norm: 0.252164 | Time: 14s271ms
Epoch: 012 | Test Loss: 0.0038231 | Time: 447ms
==> Save the model at epoch 012 with test loss 0.0038231
Epoch: 013 | Loss: 0.0037849 | L2 loss: 0.0037828 | Lip loss: 0.0000021 | Grad norm: 0.271338 | Time: 14s450ms
Epoch: 013 | Test Loss: 0.0038237 | Time: 380ms
Epoch: 014 | Loss: 0.0037787 | L2 loss: 0.0037766 | Lip loss: 0.0000021 | Grad norm: 0.253178 | Time: 13s865ms
Epoch: 014 | Test Loss: 0.0038113 | Time: 453ms
==> Save the model at epoch 014 with test loss 0.0038113
Epoch: 015 | Loss: 0.0037737 | L2 loss: 0.0037716 | Lip loss: 0.0000021 | Grad norm: 0.257784 | Time: 14s19ms
Epoch: 015 | Test Loss: 0.0038082 | Time: 378ms
==> Save the model at epoch 015 with test loss 0.0038082
Epoch: 016 | Loss: 0.0037629 | L2 loss: 0.0037608 | Lip loss: 0.0000021 | Grad norm: 0.238945 | Time: 14s306ms
Epoch: 016 | Test Loss: 0.0038042 | Time: 453ms
==> Save the model at epoch 016 with test loss 0.0038042
Epoch: 017 | Loss: 0.0037647 | L2 loss: 0.0037626 | Lip loss: 0.0000021 | Grad norm: 0.239222 | Time: 13s811ms
Epoch: 017 | Test Loss: 0.0038037 | Time: 400ms
==> Save the model at epoch 017 with test loss 0.0038037
Epoch: 018 | Loss: 0.0037646 | L2 loss: 0.0037625 | Lip loss: 0.0000021 | Grad norm: 0.253683 | Time: 14s352ms
Epoch: 018 | Test Loss: 0.0038025 | Time: 447ms
==> Save the model at epoch 018 with test loss 0.0038025
Epoch: 019 | Loss: 0.0037650 | L2 loss: 0.0037629 | Lip loss: 0.0000021 | Grad norm: 0.249532 | Time: 14s205ms
Epoch: 019 | Test Loss: 0.0038021 | Time: 380ms
==> Save the model at epoch 019 with test loss 0.0038021
Epoch: 020 | Loss: 0.0037587 | L2 loss: 0.0037567 | Lip loss: 0.0000021 | Grad norm: 0.222853 | Time: 13s770ms
Epoch: 020 | Test Loss: 0.0038018 | Time: 376ms
==> Save the model at epoch 020 with test loss 0.0038018
Epoch: 021 | Loss: 0.0037613 | L2 loss: 0.0037592 | Lip loss: 0.0000021 | Grad norm: 0.241890 | Time: 14s297ms
Epoch: 021 | Test Loss: 0.0038016 | Time: 389ms
==> Save the model at epoch 021 with test loss 0.0038016
Epoch: 022 | Loss: 0.0037635 | L2 loss: 0.0037614 | Lip loss: 0.0000021 | Grad norm: 0.245367 | Time: 14s456ms
Epoch: 022 | Test Loss: 0.0038017 | Time: 379ms
Epoch: 023 | Loss: 0.0037617 | L2 loss: 0.0037596 | Lip loss: 0.0000021 | Grad norm: 0.229452 | Time: 14s370ms
Epoch: 023 | Test Loss: 0.0038017 | Time: 375ms
Epoch: 024 | Loss: 0.0037616 | L2 loss: 0.0037595 | Lip loss: 0.0000021 | Grad norm: 0.233301 | Time: 14s436ms
Epoch: 024 | Test Loss: 0.0038016 | Time: 378ms
==> Save the model at epoch 024 with test loss 0.0038016
Epoch: 025 | Loss: 0.0037623 | L2 loss: 0.0037602 | Lip loss: 0.0000021 | Grad norm: 0.217659 | Time: 14s407ms
Epoch: 025 | Test Loss: 0.0038015 | Time: 382ms
==> Save the model at epoch 025 with test loss 0.0038015
Epoch: 026 | Loss: 0.0037574 | L2 loss: 0.0037554 | Lip loss: 0.0000021 | Grad norm: 0.229176 | Time: 14s516ms
Epoch: 026 | Test Loss: 0.0038015 | Time: 398ms
Epoch: 027 | Loss: 0.0037616 | L2 loss: 0.0037596 | Lip loss: 0.0000021 | Grad norm: 0.240082 | Time: 14s822ms
Epoch: 027 | Test Loss: 0.0038015 | Time: 387ms
==> Save the model at epoch 027 with test loss 0.0038015
Epoch: 028 | Loss: 0.0037603 | L2 loss: 0.0037582 | Lip loss: 0.0000021 | Grad norm: 0.244597 | Time: 14s782ms
Epoch: 028 | Test Loss: 0.0038015 | Time: 398ms
==> Save the model at epoch 028 with test loss 0.0038015
Epoch: 029 | Loss: 0.0037618 | L2 loss: 0.0037597 | Lip loss: 0.0000021 | Grad norm: 0.232457 | Time: 14s969ms
Epoch: 029 | Test Loss: 0.0038015 | Time: 367ms
Epoch: 030 | Loss: 0.0037585 | L2 loss: 0.0037565 | Lip loss: 0.0000021 | Grad norm: 0.234215 | Time: 14s257ms
Epoch: 030 | Test Loss: 0.0038015 | Time: 383ms
Epoch: 031 | Loss: 0.0037610 | L2 loss: 0.0037589 | Lip loss: 0.0000021 | Grad norm: 0.239616 | Time: 14s799ms
Epoch: 031 | Test Loss: 0.0038015 | Time: 396ms
Epoch: 032 | Loss: 0.0037601 | L2 loss: 0.0037580 | Lip loss: 0.0000021 | Grad norm: 0.247402 | Time: 14s89ms
Epoch: 032 | Test Loss: 0.0038015 | Time: 378ms
Epoch: 033 | Loss: 0.0037601 | L2 loss: 0.0037581 | Lip loss: 0.0000021 | Grad norm: 0.222729 | Time: 14s770ms
Epoch: 033 | Test Loss: 0.0038015 | Time: 386ms
Epoch: 034 | Loss: 0.0037609 | L2 loss: 0.0037588 | Lip loss: 0.0000021 | Grad norm: 0.237494 | Time: 14s219ms
Epoch: 034 | Test Loss: 0.0038015 | Time: 384ms
Epoch: 035 | Loss: 0.0037592 | L2 loss: 0.0037571 | Lip loss: 0.0000021 | Grad norm: 0.232407 | Time: 14s373ms
Epoch: 035 | Test Loss: 0.0038015 | Time: 389ms
Epoch: 036 | Loss: 0.0037618 | L2 loss: 0.0037597 | Lip loss: 0.0000021 | Grad norm: 0.245745 | Time: 14s478ms
Epoch: 036 | Test Loss: 0.0038015 | Time: 374ms
Epoch: 037 | Loss: 0.0037614 | L2 loss: 0.0037594 | Lip loss: 0.0000021 | Grad norm: 0.227513 | Time: 14s466ms
Epoch: 037 | Test Loss: 0.0038015 | Time: 386ms
Epoch: 038 | Loss: 0.0037596 | L2 loss: 0.0037575 | Lip loss: 0.0000021 | Grad norm: 0.235225 | Time: 14s563ms
Epoch: 038 | Test Loss: 0.0038015 | Time: 389ms
Epoch: 039 | Loss: 0.0037630 | L2 loss: 0.0037609 | Lip loss: 0.0000021 | Grad norm: 0.233626 | Time: 14s527ms
Epoch: 039 | Test Loss: 0.0038015 | Time: 368ms
Epoch: 040 | Loss: 0.0037597 | L2 loss: 0.0037576 | Lip loss: 0.0000021 | Grad norm: 0.244271 | Time: 14s463ms
Epoch: 040 | Test Loss: 0.0038015 | Time: 371ms
Total time: 9m49s
==> Saving trained model weights...
==> Input bias to be applied to the neural network (trained):
[0. 0.]
==> Input transform to be applied to the neural network (trained):
[1. 1.]
==> Output transform to be applied to the neural network (trained):
[1. 1.]
==> Saving training info...
==> Drawing training loss...
==> Drawing grad norm...
==> Drawing testing loss...
==> Drawing l2 loss...
==> Drawing lip loss...
==> Process finished.
