==> torch device:  cuda:2
==> Test-Train split: test_ratio = 0.20
==> Test-Train split seed:  None
==> Further split: further_train_ratio = 1.00
==> Further split seed:  None
==> Lipschitz constant: 2.00
==> Input bias to be applied to the neural network:
[0. 0. 0. 0.]
==> Input transform to be applied to the neural network:
[0.7072636  0.72212595 0.6760411  0.67349136]
==> Ouput transform to be applied to the neural network:
[0.2287 0.2871]
==> Evaluating model...
==========================================================================================
Layer (type:depth-idx)                   Output Shape              Param #
==========================================================================================
NeuralNetwork                            [1, 2]                    10
├─Sequential: 1-1                        [1, 2]                    --
│    └─SandwichFc: 2-1                   [1, 64]                   4,481
│    └─SandwichFc: 2-2                   [1, 64]                   8,321
│    └─SandwichFc: 2-3                   [1, 64]                   8,321
│    └─SandwichFc: 2-4                   [1, 64]                   8,321
│    └─SandwichFc: 2-5                   [1, 64]                   8,321
│    └─SandwichFc: 2-6                   [1, 64]                   8,321
│    └─SandwichFc: 2-7                   [1, 64]                   8,321
│    └─SandwichLin: 2-8                  [1, 2]                    135
├─Sequential: 1-2                        [1, 2]                    (recursive)
│    └─SandwichFc: 2-9                   [1, 64]                   (recursive)
│    └─SandwichFc: 2-10                  [1, 64]                   (recursive)
│    └─SandwichFc: 2-11                  [1, 64]                   (recursive)
│    └─SandwichFc: 2-12                  [1, 64]                   (recursive)
│    └─SandwichFc: 2-13                  [1, 64]                   (recursive)
│    └─SandwichFc: 2-14                  [1, 64]                   (recursive)
│    └─SandwichFc: 2-15                  [1, 64]                   (recursive)
│    └─SandwichLin: 2-16                 [1, 2]                    (recursive)
==========================================================================================
Total params: 54,552
Trainable params: 54,542
Non-trainable params: 10
Total mult-adds (Units.MEGABYTES): 0.11
==========================================================================================
Input size (MB): 0.00
Forward/backward pass size (MB): 0.01
Params size (MB): 0.22
Estimated Total Size (MB): 0.23
==========================================================================================
==> Saving initial model weights...
==> Start training...
==> Number of param_groups in optimizer: 1
Epoch: 001 | Train Loss: 0.1349617 | Grad norm: 0.092945 | Time: 17s353ms
Epoch: 001 | Test Loss: 0.1346316 | Time: 613ms
==> Save the model at epoch 001 with test loss 0.1346316
Epoch: 002 | Train Loss: 0.0134115 | Grad norm: 0.062814 | Time: 17s39ms
Epoch: 002 | Test Loss: 0.0104156 | Time: 617ms
==> Save the model at epoch 002 with test loss 0.0104156
Epoch: 003 | Train Loss: 0.0109427 | Grad norm: 0.055726 | Time: 16s511ms
Epoch: 003 | Test Loss: 0.0117053 | Time: 614ms
Epoch: 004 | Train Loss: 0.0107981 | Grad norm: 0.047292 | Time: 16s658ms
Epoch: 004 | Test Loss: 0.0103093 | Time: 614ms
==> Save the model at epoch 004 with test loss 0.0103093
Epoch: 005 | Train Loss: 0.0106793 | Grad norm: 0.042431 | Time: 16s670ms
Epoch: 005 | Test Loss: 0.0100952 | Time: 628ms
==> Save the model at epoch 005 with test loss 0.0100952
Epoch: 006 | Train Loss: 0.0105067 | Grad norm: 0.034090 | Time: 16s898ms
Epoch: 006 | Test Loss: 0.0099641 | Time: 702ms
==> Save the model at epoch 006 with test loss 0.0099641
Epoch: 007 | Train Loss: 0.0104276 | Grad norm: 0.028859 | Time: 16s38ms
Epoch: 007 | Test Loss: 0.0097981 | Time: 614ms
==> Save the model at epoch 007 with test loss 0.0097981
Epoch: 008 | Train Loss: 0.0103550 | Grad norm: 0.025264 | Time: 17s91ms
Epoch: 008 | Test Loss: 0.0095848 | Time: 617ms
==> Save the model at epoch 008 with test loss 0.0095848
Epoch: 009 | Train Loss: 0.0103244 | Grad norm: 0.022347 | Time: 16s810ms
Epoch: 009 | Test Loss: 0.0096410 | Time: 689ms
Epoch: 010 | Train Loss: 0.0102092 | Grad norm: 0.019450 | Time: 16s958ms
Epoch: 010 | Test Loss: 0.0093408 | Time: 616ms
==> Save the model at epoch 010 with test loss 0.0093408
Epoch: 011 | Train Loss: 0.0100690 | Grad norm: 0.016022 | Time: 17s153ms
Epoch: 011 | Test Loss: 0.0094137 | Time: 621ms
Epoch: 012 | Train Loss: 0.0100241 | Grad norm: 0.015162 | Time: 16s656ms
Epoch: 012 | Test Loss: 0.0092861 | Time: 616ms
==> Save the model at epoch 012 with test loss 0.0092861
Epoch: 013 | Train Loss: 0.0099586 | Grad norm: 0.014240 | Time: 16s808ms
Epoch: 013 | Test Loss: 0.0093782 | Time: 614ms
Epoch: 014 | Train Loss: 0.0098589 | Grad norm: 0.012730 | Time: 16s697ms
Epoch: 014 | Test Loss: 0.0093520 | Time: 613ms
Epoch: 015 | Train Loss: 0.0098183 | Grad norm: 0.011310 | Time: 16s600ms
Epoch: 015 | Test Loss: 0.0092206 | Time: 616ms
==> Save the model at epoch 015 with test loss 0.0092206
Epoch: 016 | Train Loss: 0.0097886 | Grad norm: 0.010717 | Time: 16s548ms
Epoch: 016 | Test Loss: 0.0093808 | Time: 617ms
Epoch: 017 | Train Loss: 0.0097690 | Grad norm: 0.009719 | Time: 16s998ms
Epoch: 017 | Test Loss: 0.0092325 | Time: 613ms
Epoch: 018 | Train Loss: 0.0097428 | Grad norm: 0.009413 | Time: 16s484ms
Epoch: 018 | Test Loss: 0.0090984 | Time: 617ms
==> Save the model at epoch 018 with test loss 0.0090984
Epoch: 019 | Train Loss: 0.0097199 | Grad norm: 0.009029 | Time: 16s631ms
Epoch: 019 | Test Loss: 0.0091718 | Time: 614ms
Epoch: 020 | Train Loss: 0.0097149 | Grad norm: 0.008834 | Time: 16s649ms
Epoch: 020 | Test Loss: 0.0090348 | Time: 683ms
==> Save the model at epoch 020 with test loss 0.0090348
Epoch: 021 | Train Loss: 0.0096699 | Grad norm: 0.007963 | Time: 16s567ms
Epoch: 021 | Test Loss: 0.0090434 | Time: 618ms
Epoch: 022 | Train Loss: 0.0096597 | Grad norm: 0.007705 | Time: 16s314ms
Epoch: 022 | Test Loss: 0.0090751 | Time: 617ms
Epoch: 023 | Train Loss: 0.0096624 | Grad norm: 0.007661 | Time: 16s443ms
Epoch: 023 | Test Loss: 0.0091055 | Time: 627ms
Epoch: 024 | Train Loss: 0.0096290 | Grad norm: 0.007362 | Time: 16s547ms
Epoch: 024 | Test Loss: 0.0089893 | Time: 620ms
==> Save the model at epoch 024 with test loss 0.0089893
Epoch: 025 | Train Loss: 0.0096099 | Grad norm: 0.006829 | Time: 16s757ms
Epoch: 025 | Test Loss: 0.0091129 | Time: 614ms
Epoch: 026 | Train Loss: 0.0095978 | Grad norm: 0.006869 | Time: 16s779ms
Epoch: 026 | Test Loss: 0.0090924 | Time: 611ms
Epoch: 027 | Train Loss: 0.0095689 | Grad norm: 0.006397 | Time: 16s749ms
Epoch: 027 | Test Loss: 0.0089891 | Time: 616ms
==> Save the model at epoch 027 with test loss 0.0089891
Epoch: 028 | Train Loss: 0.0095501 | Grad norm: 0.006394 | Time: 17s204ms
Epoch: 028 | Test Loss: 0.0090325 | Time: 623ms
Epoch: 029 | Train Loss: 0.0095164 | Grad norm: 0.005817 | Time: 16s589ms
Epoch: 029 | Test Loss: 0.0089699 | Time: 616ms
==> Save the model at epoch 029 with test loss 0.0089699
Epoch: 030 | Train Loss: 0.0095128 | Grad norm: 0.005934 | Time: 17s220ms
Epoch: 030 | Test Loss: 0.0089476 | Time: 618ms
==> Save the model at epoch 030 with test loss 0.0089476
Epoch: 031 | Train Loss: 0.0094851 | Grad norm: 0.005681 | Time: 16s791ms
Epoch: 031 | Test Loss: 0.0089078 | Time: 616ms
==> Save the model at epoch 031 with test loss 0.0089078
Epoch: 032 | Train Loss: 0.0094689 | Grad norm: 0.005754 | Time: 17s11ms
Epoch: 032 | Test Loss: 0.0089331 | Time: 617ms
Epoch: 033 | Train Loss: 0.0094552 | Grad norm: 0.005593 | Time: 16s751ms
Epoch: 033 | Test Loss: 0.0089077 | Time: 613ms
==> Save the model at epoch 033 with test loss 0.0089077
Epoch: 034 | Train Loss: 0.0094328 | Grad norm: 0.005356 | Time: 17s286ms
Epoch: 034 | Test Loss: 0.0089162 | Time: 684ms
Epoch: 035 | Train Loss: 0.0094180 | Grad norm: 0.005296 | Time: 16s572ms
Epoch: 035 | Test Loss: 0.0088901 | Time: 620ms
==> Save the model at epoch 035 with test loss 0.0088901
Epoch: 036 | Train Loss: 0.0094051 | Grad norm: 0.005255 | Time: 17s132ms
Epoch: 036 | Test Loss: 0.0088646 | Time: 613ms
==> Save the model at epoch 036 with test loss 0.0088646
Epoch: 037 | Train Loss: 0.0093944 | Grad norm: 0.005199 | Time: 16s691ms
Epoch: 037 | Test Loss: 0.0088608 | Time: 619ms
==> Save the model at epoch 037 with test loss 0.0088608
Epoch: 038 | Train Loss: 0.0093858 | Grad norm: 0.005030 | Time: 17s94ms
Epoch: 038 | Test Loss: 0.0088478 | Time: 618ms
==> Save the model at epoch 038 with test loss 0.0088478
Epoch: 039 | Train Loss: 0.0093774 | Grad norm: 0.005010 | Time: 17s205ms
Epoch: 039 | Test Loss: 0.0088492 | Time: 633ms
Epoch: 040 | Train Loss: 0.0093731 | Grad norm: 0.004929 | Time: 17s693ms
Epoch: 040 | Test Loss: 0.0088478 | Time: 614ms
==> Save the model at epoch 040 with test loss 0.0088478
Total time: 11m37s
==> Saving trained model weights...
==> Input bias to be applied to the neural network (trained):
[0. 0. 0. 0.]
==> Input transform to be applied to the neural network (trained):
[0.7072636  0.72212595 0.6760411  0.67349136]
==> Output transform to be applied to the neural network (trained):
[0.2287 0.2871]
==> Saving training info...
==> Drawing training loss...
==> Drawing grad norm...
==> Drawing testing loss...
==> Process finished.
