==> torch device:  cuda:2
==> Test-Train split: test_ratio = 0.20
==> Test-Train split seed:  None
==> Further split: further_train_ratio = 0.25
==> Further split seed:  None
==> Lipschitz constant: 1.00
==> Input bias to be applied to the neural network:
[0. 0. 0. 0.]
==> Input transform to be applied to the neural network:
[ 0.62900996  0.6288517  11.614402    9.487666  ]
==> Ouput transform to be applied to the neural network:
[0.0195 0.021 ]
==> Evaluating model...
==========================================================================================
Layer (type:depth-idx)                   Output Shape              Param #
==========================================================================================
NeuralNetwork                            [1, 2]                    10
├─Sequential: 1-1                        [1, 2]                    --
│    └─SandwichFc: 2-1                   [1, 64]                   4,481
│    └─SandwichFc: 2-2                   [1, 64]                   8,321
│    └─SandwichFc: 2-3                   [1, 64]                   8,321
│    └─SandwichFc: 2-4                   [1, 64]                   8,321
│    └─SandwichFc: 2-5                   [1, 64]                   8,321
│    └─SandwichFc: 2-6                   [1, 64]                   8,321
│    └─SandwichFc: 2-7                   [1, 64]                   8,321
│    └─SandwichLin: 2-8                  [1, 2]                    135
├─Sequential: 1-2                        [1, 2]                    (recursive)
│    └─SandwichFc: 2-9                   [1, 64]                   (recursive)
│    └─SandwichFc: 2-10                  [1, 64]                   (recursive)
│    └─SandwichFc: 2-11                  [1, 64]                   (recursive)
│    └─SandwichFc: 2-12                  [1, 64]                   (recursive)
│    └─SandwichFc: 2-13                  [1, 64]                   (recursive)
│    └─SandwichFc: 2-14                  [1, 64]                   (recursive)
│    └─SandwichFc: 2-15                  [1, 64]                   (recursive)
│    └─SandwichLin: 2-16                 [1, 2]                    (recursive)
==========================================================================================
Total params: 54,552
Trainable params: 54,542
Non-trainable params: 10
Total mult-adds (Units.MEGABYTES): 0.11
==========================================================================================
Input size (MB): 0.00
Forward/backward pass size (MB): 0.01
Params size (MB): 0.22
Estimated Total Size (MB): 0.23
==========================================================================================
==> Saving initial model weights...
==> Start training...
==> Number of param_groups in optimizer: 1
Epoch: 001 | Train Loss: 0.0008305 | Grad norm: 0.000273 | Time: 4s534ms
Epoch: 001 | Test Loss: 0.0008236 | Time: 606ms
==> Save the model at epoch 001 with test loss 0.0008236
Epoch: 002 | Train Loss: 0.0004434 | Grad norm: 0.000470 | Time: 4s45ms
Epoch: 002 | Test Loss: 0.0002223 | Time: 614ms
==> Save the model at epoch 002 with test loss 0.0002223
Epoch: 003 | Train Loss: 0.0001806 | Grad norm: 0.000370 | Time: 4s294ms
Epoch: 003 | Test Loss: 0.0001499 | Time: 686ms
==> Save the model at epoch 003 with test loss 0.0001499
Epoch: 004 | Train Loss: 0.0001307 | Grad norm: 0.000322 | Time: 4s95ms
Epoch: 004 | Test Loss: 0.0001094 | Time: 635ms
==> Save the model at epoch 004 with test loss 0.0001094
Epoch: 005 | Train Loss: 0.0000980 | Grad norm: 0.000262 | Time: 4s178ms
Epoch: 005 | Test Loss: 0.0000849 | Time: 601ms
==> Save the model at epoch 005 with test loss 0.0000849
Epoch: 006 | Train Loss: 0.0000822 | Grad norm: 0.000314 | Time: 4s169ms
Epoch: 006 | Test Loss: 0.0000751 | Time: 609ms
==> Save the model at epoch 006 with test loss 0.0000751
Epoch: 007 | Train Loss: 0.0000761 | Grad norm: 0.000342 | Time: 4s133ms
Epoch: 007 | Test Loss: 0.0000769 | Time: 685ms
Epoch: 008 | Train Loss: 0.0000734 | Grad norm: 0.000331 | Time: 4s185ms
Epoch: 008 | Test Loss: 0.0000690 | Time: 606ms
==> Save the model at epoch 008 with test loss 0.0000690
Epoch: 009 | Train Loss: 0.0000729 | Grad norm: 0.000397 | Time: 4s171ms
Epoch: 009 | Test Loss: 0.0000700 | Time: 625ms
Epoch: 010 | Train Loss: 0.0000714 | Grad norm: 0.000303 | Time: 3s971ms
Epoch: 010 | Test Loss: 0.0000711 | Time: 614ms
Epoch: 011 | Train Loss: 0.0000714 | Grad norm: 0.000328 | Time: 4s139ms
Epoch: 011 | Test Loss: 0.0000676 | Time: 707ms
==> Save the model at epoch 011 with test loss 0.0000676
Epoch: 012 | Train Loss: 0.0000699 | Grad norm: 0.000249 | Time: 4s128ms
Epoch: 012 | Test Loss: 0.0000680 | Time: 610ms
Epoch: 013 | Train Loss: 0.0000707 | Grad norm: 0.000328 | Time: 4s363ms
Epoch: 013 | Test Loss: 0.0000674 | Time: 621ms
==> Save the model at epoch 013 with test loss 0.0000674
Epoch: 014 | Train Loss: 0.0000693 | Grad norm: 0.000214 | Time: 4s173ms
Epoch: 014 | Test Loss: 0.0000682 | Time: 605ms
Epoch: 015 | Train Loss: 0.0000695 | Grad norm: 0.000220 | Time: 4s91ms
Epoch: 015 | Test Loss: 0.0000707 | Time: 682ms
Epoch: 016 | Train Loss: 0.0000704 | Grad norm: 0.000341 | Time: 4s166ms
Epoch: 016 | Test Loss: 0.0000683 | Time: 617ms
Epoch: 017 | Train Loss: 0.0000697 | Grad norm: 0.000281 | Time: 4s258ms
Epoch: 017 | Test Loss: 0.0000673 | Time: 603ms
==> Save the model at epoch 017 with test loss 0.0000673
Epoch: 018 | Train Loss: 0.0000696 | Grad norm: 0.000292 | Time: 4s172ms
Epoch: 018 | Test Loss: 0.0000693 | Time: 613ms
Epoch: 019 | Train Loss: 0.0000690 | Grad norm: 0.000216 | Time: 4s195ms
Epoch: 019 | Test Loss: 0.0000673 | Time: 608ms
Epoch: 020 | Train Loss: 0.0000688 | Grad norm: 0.000219 | Time: 4s246ms
Epoch: 020 | Test Loss: 0.0000669 | Time: 604ms
==> Save the model at epoch 020 with test loss 0.0000669
Epoch: 021 | Train Loss: 0.0000689 | Grad norm: 0.000232 | Time: 4s158ms
Epoch: 021 | Test Loss: 0.0000670 | Time: 610ms
Epoch: 022 | Train Loss: 0.0000689 | Grad norm: 0.000241 | Time: 4s58ms
Epoch: 022 | Test Loss: 0.0000683 | Time: 611ms
Epoch: 023 | Train Loss: 0.0000688 | Grad norm: 0.000223 | Time: 4s204ms
Epoch: 023 | Test Loss: 0.0000664 | Time: 609ms
==> Save the model at epoch 023 with test loss 0.0000664
Epoch: 024 | Train Loss: 0.0000685 | Grad norm: 0.000193 | Time: 3s939ms
Epoch: 024 | Test Loss: 0.0000664 | Time: 606ms
Epoch: 025 | Train Loss: 0.0000683 | Grad norm: 0.000174 | Time: 4s173ms
Epoch: 025 | Test Loss: 0.0000666 | Time: 612ms
Epoch: 026 | Train Loss: 0.0000683 | Grad norm: 0.000184 | Time: 4s265ms
Epoch: 026 | Test Loss: 0.0000678 | Time: 607ms
Epoch: 027 | Train Loss: 0.0000680 | Grad norm: 0.000157 | Time: 4s148ms
Epoch: 027 | Test Loss: 0.0000675 | Time: 601ms
Epoch: 028 | Train Loss: 0.0000680 | Grad norm: 0.000147 | Time: 4s229ms
Epoch: 028 | Test Loss: 0.0000664 | Time: 613ms
==> Save the model at epoch 028 with test loss 0.0000664
Epoch: 029 | Train Loss: 0.0000679 | Grad norm: 0.000137 | Time: 4s91ms
Epoch: 029 | Test Loss: 0.0000668 | Time: 622ms
Epoch: 030 | Train Loss: 0.0000680 | Grad norm: 0.000161 | Time: 4s140ms
Epoch: 030 | Test Loss: 0.0000661 | Time: 607ms
==> Save the model at epoch 030 with test loss 0.0000661
Epoch: 031 | Train Loss: 0.0000679 | Grad norm: 0.000150 | Time: 4s369ms
Epoch: 031 | Test Loss: 0.0000662 | Time: 602ms
Epoch: 032 | Train Loss: 0.0000678 | Grad norm: 0.000145 | Time: 4s210ms
Epoch: 032 | Test Loss: 0.0000663 | Time: 602ms
Epoch: 033 | Train Loss: 0.0000677 | Grad norm: 0.000140 | Time: 4s331ms
Epoch: 033 | Test Loss: 0.0000662 | Time: 617ms
Epoch: 034 | Train Loss: 0.0000676 | Grad norm: 0.000119 | Time: 4s48ms
Epoch: 034 | Test Loss: 0.0000661 | Time: 610ms
==> Save the model at epoch 034 with test loss 0.0000661
Epoch: 035 | Train Loss: 0.0000677 | Grad norm: 0.000155 | Time: 4s176ms
Epoch: 035 | Test Loss: 0.0000662 | Time: 607ms
Epoch: 036 | Train Loss: 0.0000676 | Grad norm: 0.000129 | Time: 4s343ms
Epoch: 036 | Test Loss: 0.0000662 | Time: 622ms
Epoch: 037 | Train Loss: 0.0000675 | Grad norm: 0.000110 | Time: 4s116ms
Epoch: 037 | Test Loss: 0.0000661 | Time: 609ms
==> Save the model at epoch 037 with test loss 0.0000661
Epoch: 038 | Train Loss: 0.0000675 | Grad norm: 0.000118 | Time: 4s248ms
Epoch: 038 | Test Loss: 0.0000660 | Time: 685ms
==> Save the model at epoch 038 with test loss 0.0000660
Epoch: 039 | Train Loss: 0.0000674 | Grad norm: 0.000115 | Time: 4s278ms
Epoch: 039 | Test Loss: 0.0000660 | Time: 607ms
==> Save the model at epoch 039 with test loss 0.0000660
Epoch: 040 | Train Loss: 0.0000674 | Grad norm: 0.000107 | Time: 4s196ms
Epoch: 040 | Test Loss: 0.0000660 | Time: 610ms
==> Save the model at epoch 040 with test loss 0.0000660
Total time: 3m12s
==> Saving trained model weights...
==> Input bias to be applied to the neural network (trained):
[0. 0. 0. 0.]
==> Input transform to be applied to the neural network (trained):
[ 0.62900996  0.6288517  11.614402    9.487666  ]
==> Output transform to be applied to the neural network (trained):
[0.0195 0.021 ]
==> Saving training info...
==> Drawing training loss...
==> Drawing grad norm...
==> Drawing testing loss...
==> Process finished.
