==> torch device:  cuda:2
==> Test-Train split: test_ratio = 0.20
==> Test-Train split seed:  None
==> Further split: further_train_ratio = 0.50
==> Further split seed:  None
==> Input bias to be applied to the neural network:
[0. 0.]
==> Input transform to be applied to the neural network:
[0.496845   0.52004784]
==> Ouput transform to be applied to the neural network:
[1.9242 2.0182]
==> Evaluating model...
==========================================================================================
Layer (type:depth-idx)                   Output Shape              Param #
==========================================================================================
NeuralNetwork                            [1, 2]                    6
├─Sequential: 1-1                        [1, 2]                    --
│    └─Linear: 2-1                       [1, 64]                   192
│    └─ReLU: 2-2                         [1, 64]                   --
│    └─Linear: 2-3                       [1, 64]                   4,160
│    └─ReLU: 2-4                         [1, 64]                   --
│    └─Linear: 2-5                       [1, 64]                   4,160
│    └─ReLU: 2-6                         [1, 64]                   --
│    └─Linear: 2-7                       [1, 64]                   4,160
│    └─ReLU: 2-8                         [1, 64]                   --
│    └─Linear: 2-9                       [1, 64]                   4,160
│    └─ReLU: 2-10                        [1, 64]                   --
│    └─Linear: 2-11                      [1, 64]                   4,160
│    └─ReLU: 2-12                        [1, 64]                   --
│    └─Linear: 2-13                      [1, 64]                   4,160
│    └─ReLU: 2-14                        [1, 64]                   --
│    └─Linear: 2-15                      [1, 2]                    130
├─Sequential: 1-2                        [1, 2]                    (recursive)
│    └─Linear: 2-16                      [1, 64]                   (recursive)
│    └─ReLU: 2-17                        [1, 64]                   --
│    └─Linear: 2-18                      [1, 64]                   (recursive)
│    └─ReLU: 2-19                        [1, 64]                   --
│    └─Linear: 2-20                      [1, 64]                   (recursive)
│    └─ReLU: 2-21                        [1, 64]                   --
│    └─Linear: 2-22                      [1, 64]                   (recursive)
│    └─ReLU: 2-23                        [1, 64]                   --
│    └─Linear: 2-24                      [1, 64]                   (recursive)
│    └─ReLU: 2-25                        [1, 64]                   --
│    └─Linear: 2-26                      [1, 64]                   (recursive)
│    └─ReLU: 2-27                        [1, 64]                   --
│    └─Linear: 2-28                      [1, 64]                   (recursive)
│    └─ReLU: 2-29                        [1, 64]                   --
│    └─Linear: 2-30                      [1, 2]                    (recursive)
==========================================================================================
Total params: 25,288
Trainable params: 25,282
Non-trainable params: 6
Total mult-adds (Units.MEGABYTES): 0.05
==========================================================================================
Input size (MB): 0.00
Forward/backward pass size (MB): 0.01
Params size (MB): 0.10
Estimated Total Size (MB): 0.11
==========================================================================================
==> Saving initial model weights...
==> Start training...
==> Number of param_groups in optimizer: 1
Epoch: 001 | Train Loss: 7.8065188 | Grad norm: 0.316332 | Time: 2s355ms
Epoch: 001 | Test Loss: 7.7941080 | Time: 477ms
==> Save the model at epoch 001 with test loss 7.7941080
Epoch: 002 | Train Loss: 0.9044992 | Grad norm: 3.388755 | Time: 2s257ms
Epoch: 002 | Test Loss: 0.0762195 | Time: 579ms
==> Save the model at epoch 002 with test loss 0.0762195
Epoch: 003 | Train Loss: 0.0451948 | Grad norm: 2.656500 | Time: 2s116ms
Epoch: 003 | Test Loss: 0.0252918 | Time: 446ms
==> Save the model at epoch 003 with test loss 0.0252918
Epoch: 004 | Train Loss: 0.0344403 | Grad norm: 1.996700 | Time: 2s84ms
Epoch: 004 | Test Loss: 0.0281103 | Time: 467ms
Epoch: 005 | Train Loss: 0.0344794 | Grad norm: 1.904194 | Time: 2s101ms
Epoch: 005 | Test Loss: 0.0203212 | Time: 460ms
==> Save the model at epoch 005 with test loss 0.0203212
Epoch: 006 | Train Loss: 0.0387135 | Grad norm: 1.965434 | Time: 2s35ms
Epoch: 006 | Test Loss: 0.0409969 | Time: 504ms
Epoch: 007 | Train Loss: 0.0436056 | Grad norm: 1.997641 | Time: 2s49ms
Epoch: 007 | Test Loss: 0.0318473 | Time: 461ms
Epoch: 008 | Train Loss: 0.0558295 | Grad norm: 2.327345 | Time: 2s157ms
Epoch: 008 | Test Loss: 0.1191091 | Time: 485ms
Epoch: 009 | Train Loss: 0.0770800 | Grad norm: 2.858128 | Time: 2s378ms
Epoch: 009 | Test Loss: 0.0395847 | Time: 483ms
Epoch: 010 | Train Loss: 0.0467584 | Grad norm: 2.171724 | Time: 2s182ms
Epoch: 010 | Test Loss: 0.1199062 | Time: 522ms
Epoch: 011 | Train Loss: 0.0538213 | Grad norm: 2.161568 | Time: 2s44ms
Epoch: 011 | Test Loss: 0.0671392 | Time: 494ms
Epoch: 012 | Train Loss: 0.0388838 | Grad norm: 1.890952 | Time: 2s352ms
Epoch: 012 | Test Loss: 0.0143326 | Time: 474ms
==> Save the model at epoch 012 with test loss 0.0143326
Epoch: 013 | Train Loss: 0.0293008 | Grad norm: 1.472775 | Time: 2s341ms
Epoch: 013 | Test Loss: 0.0275393 | Time: 526ms
Epoch: 014 | Train Loss: 0.0242486 | Grad norm: 1.265688 | Time: 2s191ms
Epoch: 014 | Test Loss: 0.0170161 | Time: 538ms
Epoch: 015 | Train Loss: 0.0194343 | Grad norm: 1.068933 | Time: 2s371ms
Epoch: 015 | Test Loss: 0.0261481 | Time: 477ms
Epoch: 016 | Train Loss: 0.0191953 | Grad norm: 1.060027 | Time: 2s228ms
Epoch: 016 | Test Loss: 0.0202169 | Time: 530ms
Epoch: 017 | Train Loss: 0.0160014 | Grad norm: 0.910972 | Time: 2s334ms
Epoch: 017 | Test Loss: 0.0169630 | Time: 450ms
Epoch: 018 | Train Loss: 0.0146236 | Grad norm: 0.854383 | Time: 2s337ms
Epoch: 018 | Test Loss: 0.0108494 | Time: 542ms
==> Save the model at epoch 018 with test loss 0.0108494
Epoch: 019 | Train Loss: 0.0145040 | Grad norm: 0.818740 | Time: 2s241ms
Epoch: 019 | Test Loss: 0.0107072 | Time: 451ms
==> Save the model at epoch 019 with test loss 0.0107072
Epoch: 020 | Train Loss: 0.0107676 | Grad norm: 0.562026 | Time: 2s166ms
Epoch: 020 | Test Loss: 0.0090434 | Time: 464ms
==> Save the model at epoch 020 with test loss 0.0090434
Epoch: 021 | Train Loss: 0.0099685 | Grad norm: 0.536376 | Time: 2s216ms
Epoch: 021 | Test Loss: 0.0096243 | Time: 446ms
Epoch: 022 | Train Loss: 0.0116473 | Grad norm: 0.627324 | Time: 2s153ms
Epoch: 022 | Test Loss: 0.0094195 | Time: 441ms
Epoch: 023 | Train Loss: 0.0114688 | Grad norm: 0.643701 | Time: 2s36ms
Epoch: 023 | Test Loss: 0.0087795 | Time: 439ms
==> Save the model at epoch 023 with test loss 0.0087795
Epoch: 024 | Train Loss: 0.0113988 | Grad norm: 0.621442 | Time: 2s155ms
Epoch: 024 | Test Loss: 0.0102329 | Time: 465ms
Epoch: 025 | Train Loss: 0.0106665 | Grad norm: 0.532008 | Time: 2s229ms
Epoch: 025 | Test Loss: 0.0108941 | Time: 475ms
Epoch: 026 | Train Loss: 0.0088506 | Grad norm: 0.392565 | Time: 2s89ms
Epoch: 026 | Test Loss: 0.0087890 | Time: 531ms
Epoch: 027 | Train Loss: 0.0084858 | Grad norm: 0.372889 | Time: 1s988ms
Epoch: 027 | Test Loss: 0.0084111 | Time: 453ms
==> Save the model at epoch 027 with test loss 0.0084111
Epoch: 028 | Train Loss: 0.0090162 | Grad norm: 0.435379 | Time: 2s186ms
Epoch: 028 | Test Loss: 0.0079644 | Time: 462ms
==> Save the model at epoch 028 with test loss 0.0079644
Epoch: 029 | Train Loss: 0.0091515 | Grad norm: 0.470369 | Time: 2s197ms
Epoch: 029 | Test Loss: 0.0083938 | Time: 480ms
Epoch: 030 | Train Loss: 0.0081294 | Grad norm: 0.346717 | Time: 2s10ms
Epoch: 030 | Test Loss: 0.0084211 | Time: 446ms
Epoch: 031 | Train Loss: 0.0077873 | Grad norm: 0.306528 | Time: 2s8ms
Epoch: 031 | Test Loss: 0.0073561 | Time: 444ms
==> Save the model at epoch 031 with test loss 0.0073561
Epoch: 032 | Train Loss: 0.0075288 | Grad norm: 0.275955 | Time: 2s230ms
Epoch: 032 | Test Loss: 0.0080730 | Time: 451ms
Epoch: 033 | Train Loss: 0.0074013 | Grad norm: 0.241759 | Time: 2s44ms
Epoch: 033 | Test Loss: 0.0074528 | Time: 456ms
Epoch: 034 | Train Loss: 0.0073158 | Grad norm: 0.234182 | Time: 2s129ms
Epoch: 034 | Test Loss: 0.0074026 | Time: 515ms
Epoch: 035 | Train Loss: 0.0071994 | Grad norm: 0.230933 | Time: 2s148ms
Epoch: 035 | Test Loss: 0.0070398 | Time: 464ms
==> Save the model at epoch 035 with test loss 0.0070398
Epoch: 036 | Train Loss: 0.0070381 | Grad norm: 0.188844 | Time: 2s303ms
Epoch: 036 | Test Loss: 0.0069352 | Time: 495ms
==> Save the model at epoch 036 with test loss 0.0069352
Epoch: 037 | Train Loss: 0.0069465 | Grad norm: 0.168694 | Time: 2s275ms
Epoch: 037 | Test Loss: 0.0069860 | Time: 466ms
Epoch: 038 | Train Loss: 0.0068871 | Grad norm: 0.148449 | Time: 2s253ms
Epoch: 038 | Test Loss: 0.0068173 | Time: 498ms
==> Save the model at epoch 038 with test loss 0.0068173
Epoch: 039 | Train Loss: 0.0068356 | Grad norm: 0.134321 | Time: 2s170ms
Epoch: 039 | Test Loss: 0.0067882 | Time: 470ms
==> Save the model at epoch 039 with test loss 0.0067882
Epoch: 040 | Train Loss: 0.0067820 | Grad norm: 0.113531 | Time: 2s368ms
Epoch: 040 | Test Loss: 0.0067838 | Time: 472ms
==> Save the model at epoch 040 with test loss 0.0067838
Total time: 1m46s
==> Saving trained model weights...
==> Input bias to be applied to the neural network (trained):
[0. 0.]
==> Input transform to be applied to the neural network (trained):
[0.496845   0.52004784]
==> Output transform to be applied to the neural network (trained):
[1.9242 2.0182]
==> Saving training info...
==> Drawing training loss...
==> Drawing grad norm...
==> Drawing testing loss...
==> Process finished.
