==> torch device:  cuda:3
==> Test-Train split: test_ratio = 0.20
==> Test-Train split seed:  None
==> Further split: further_train_ratio = 0.25
==> Further split seed:  None
==> Input bias to be applied to the neural network:
[0. 0. 0. 0.]
==> Input transform to be applied to the neural network:
[0.7072636  0.72212595 0.6760411  0.67349136]
==> Ouput transform to be applied to the neural network:
[0.2287 0.2871]
==> Evaluating model...
==========================================================================================
Layer (type:depth-idx)                   Output Shape              Param #
==========================================================================================
NeuralNetwork                            [1, 2]                    10
├─Sequential: 1-1                        [1, 2]                    --
│    └─Linear: 2-1                       [1, 64]                   320
│    └─ReLU: 2-2                         [1, 64]                   --
│    └─Linear: 2-3                       [1, 64]                   4,160
│    └─ReLU: 2-4                         [1, 64]                   --
│    └─Linear: 2-5                       [1, 64]                   4,160
│    └─ReLU: 2-6                         [1, 64]                   --
│    └─Linear: 2-7                       [1, 64]                   4,160
│    └─ReLU: 2-8                         [1, 64]                   --
│    └─Linear: 2-9                       [1, 64]                   4,160
│    └─ReLU: 2-10                        [1, 64]                   --
│    └─Linear: 2-11                      [1, 64]                   4,160
│    └─ReLU: 2-12                        [1, 64]                   --
│    └─Linear: 2-13                      [1, 64]                   4,160
│    └─ReLU: 2-14                        [1, 64]                   --
│    └─Linear: 2-15                      [1, 2]                    130
├─Sequential: 1-2                        [1, 2]                    (recursive)
│    └─Linear: 2-16                      [1, 64]                   (recursive)
│    └─ReLU: 2-17                        [1, 64]                   --
│    └─Linear: 2-18                      [1, 64]                   (recursive)
│    └─ReLU: 2-19                        [1, 64]                   --
│    └─Linear: 2-20                      [1, 64]                   (recursive)
│    └─ReLU: 2-21                        [1, 64]                   --
│    └─Linear: 2-22                      [1, 64]                   (recursive)
│    └─ReLU: 2-23                        [1, 64]                   --
│    └─Linear: 2-24                      [1, 64]                   (recursive)
│    └─ReLU: 2-25                        [1, 64]                   --
│    └─Linear: 2-26                      [1, 64]                   (recursive)
│    └─ReLU: 2-27                        [1, 64]                   --
│    └─Linear: 2-28                      [1, 64]                   (recursive)
│    └─ReLU: 2-29                        [1, 64]                   --
│    └─Linear: 2-30                      [1, 2]                    (recursive)
==========================================================================================
Total params: 25,420
Trainable params: 25,410
Non-trainable params: 10
Total mult-adds (Units.MEGABYTES): 0.05
==========================================================================================
Input size (MB): 0.00
Forward/backward pass size (MB): 0.01
Params size (MB): 0.10
Estimated Total Size (MB): 0.11
==========================================================================================
==> Saving initial model weights...
==> Start training...
==> Number of param_groups in optimizer: 1
Epoch: 001 | Train Loss: 0.1360505 | Grad norm: 0.005114 | Time: 1s329ms
Epoch: 001 | Test Loss: 0.1345248 | Time: 511ms
==> Save the model at epoch 001 with test loss 0.1345248
Epoch: 002 | Train Loss: 0.1358833 | Grad norm: 0.000590 | Time: 1s192ms
Epoch: 002 | Test Loss: 0.1343830 | Time: 524ms
==> Save the model at epoch 002 with test loss 0.1343830
Epoch: 003 | Train Loss: 0.1358586 | Grad norm: 0.000000 | Time: 1s159ms
Epoch: 003 | Test Loss: 0.1343830 | Time: 588ms
==> Save the model at epoch 003 with test loss 0.1343830
Epoch: 004 | Train Loss: 0.1359709 | Grad norm: 0.000000 | Time: 1s61ms
Epoch: 004 | Test Loss: 0.1343830 | Time: 509ms
Epoch: 005 | Train Loss: 0.1358852 | Grad norm: 0.000000 | Time: 1s31ms
Epoch: 005 | Test Loss: 0.1343830 | Time: 536ms
Epoch: 006 | Train Loss: 0.1359645 | Grad norm: 0.000000 | Time: 1s44ms
Epoch: 006 | Test Loss: 0.1343830 | Time: 530ms
Epoch: 007 | Train Loss: 0.1358628 | Grad norm: 0.000000 | Time: 1s96ms
Epoch: 007 | Test Loss: 0.1343830 | Time: 600ms
Epoch: 008 | Train Loss: 0.1358737 | Grad norm: 0.000000 | Time: 1s71ms
Epoch: 008 | Test Loss: 0.1343830 | Time: 512ms
Epoch: 009 | Train Loss: 0.1359150 | Grad norm: 0.000000 | Time: 1s71ms
Epoch: 009 | Test Loss: 0.1343830 | Time: 510ms
Epoch: 010 | Train Loss: 0.1359439 | Grad norm: 0.000000 | Time: 1s153ms
Epoch: 010 | Test Loss: 0.1343830 | Time: 518ms
Epoch: 011 | Train Loss: 0.1359161 | Grad norm: 0.000000 | Time: 1s38ms
Epoch: 011 | Test Loss: 0.1343830 | Time: 601ms
Epoch: 012 | Train Loss: 0.1358869 | Grad norm: 0.000000 | Time: 1s63ms
Epoch: 012 | Test Loss: 0.1343830 | Time: 533ms
Epoch: 013 | Train Loss: 0.1359014 | Grad norm: 0.000000 | Time: 1s26ms
Epoch: 013 | Test Loss: 0.1343830 | Time: 533ms
Epoch: 014 | Train Loss: 0.1359410 | Grad norm: 0.000000 | Time: 1s119ms
Epoch: 014 | Test Loss: 0.1343830 | Time: 532ms
Epoch: 015 | Train Loss: 0.1358920 | Grad norm: 0.000000 | Time: 1s30ms
Epoch: 015 | Test Loss: 0.1343830 | Time: 585ms
Epoch: 016 | Train Loss: 0.1359297 | Grad norm: 0.000000 | Time: 1s59ms
Epoch: 016 | Test Loss: 0.1343830 | Time: 529ms
Epoch: 017 | Train Loss: 0.1358882 | Grad norm: 0.000000 | Time: 1s66ms
Epoch: 017 | Test Loss: 0.1343830 | Time: 513ms
Epoch: 018 | Train Loss: 0.1358987 | Grad norm: 0.000000 | Time: 1s26ms
Epoch: 018 | Test Loss: 0.1343830 | Time: 518ms
Epoch: 019 | Train Loss: 0.1358770 | Grad norm: 0.000000 | Time: 894ms
Epoch: 019 | Test Loss: 0.1343830 | Time: 584ms
Epoch: 020 | Train Loss: 0.1359329 | Grad norm: 0.000000 | Time: 1s63ms
Epoch: 020 | Test Loss: 0.1343830 | Time: 514ms
Epoch: 021 | Train Loss: 0.1358891 | Grad norm: 0.000000 | Time: 1s64ms
Epoch: 021 | Test Loss: 0.1343830 | Time: 509ms
Epoch: 022 | Train Loss: 0.1358926 | Grad norm: 0.000000 | Time: 1s68ms
Epoch: 022 | Test Loss: 0.1343830 | Time: 515ms
Epoch: 023 | Train Loss: 0.1359235 | Grad norm: 0.000000 | Time: 1s86ms
Epoch: 023 | Test Loss: 0.1343830 | Time: 585ms
Epoch: 024 | Train Loss: 0.1358937 | Grad norm: 0.000000 | Time: 1s167ms
Epoch: 024 | Test Loss: 0.1343830 | Time: 508ms
Epoch: 025 | Train Loss: 0.1359054 | Grad norm: 0.000000 | Time: 1s54ms
Epoch: 025 | Test Loss: 0.1343830 | Time: 528ms
Epoch: 026 | Train Loss: 0.1359244 | Grad norm: 0.000000 | Time: 1s29ms
Epoch: 026 | Test Loss: 0.1343830 | Time: 530ms
Epoch: 027 | Train Loss: 0.1358632 | Grad norm: 0.000000 | Time: 1s10ms
Epoch: 027 | Test Loss: 0.1343830 | Time: 601ms
Epoch: 028 | Train Loss: 0.1359016 | Grad norm: 0.000000 | Time: 941ms
Epoch: 028 | Test Loss: 0.1343830 | Time: 513ms
Epoch: 029 | Train Loss: 0.1359429 | Grad norm: 0.000000 | Time: 1s97ms
Epoch: 029 | Test Loss: 0.1343830 | Time: 546ms
Epoch: 030 | Train Loss: 0.1359479 | Grad norm: 0.000000 | Time: 1s105ms
Epoch: 030 | Test Loss: 0.1343830 | Time: 572ms
Epoch: 031 | Train Loss: 0.1359327 | Grad norm: 0.000000 | Time: 1s78ms
Epoch: 031 | Test Loss: 0.1343830 | Time: 641ms
Epoch: 032 | Train Loss: 0.1359040 | Grad norm: 0.000000 | Time: 1s285ms
Epoch: 032 | Test Loss: 0.1343830 | Time: 539ms
Epoch: 033 | Train Loss: 0.1358597 | Grad norm: 0.000000 | Time: 1s113ms
Epoch: 033 | Test Loss: 0.1343830 | Time: 602ms
Epoch: 034 | Train Loss: 0.1359536 | Grad norm: 0.000000 | Time: 1s252ms
Epoch: 034 | Test Loss: 0.1343830 | Time: 522ms
Epoch: 035 | Train Loss: 0.1359102 | Grad norm: 0.000000 | Time: 1s171ms
Epoch: 035 | Test Loss: 0.1343830 | Time: 590ms
Epoch: 036 | Train Loss: 0.1358799 | Grad norm: 0.000000 | Time: 1s136ms
Epoch: 036 | Test Loss: 0.1343830 | Time: 529ms
Epoch: 037 | Train Loss: 0.1359033 | Grad norm: 0.000000 | Time: 1s199ms
Epoch: 037 | Test Loss: 0.1343830 | Time: 513ms
Epoch: 038 | Train Loss: 0.1358983 | Grad norm: 0.000000 | Time: 999ms
Epoch: 038 | Test Loss: 0.1343830 | Time: 513ms
Epoch: 039 | Train Loss: 0.1359133 | Grad norm: 0.000000 | Time: 1s59ms
Epoch: 039 | Test Loss: 0.1343830 | Time: 579ms
Epoch: 040 | Train Loss: 0.1359337 | Grad norm: 0.000000 | Time: 1s51ms
Epoch: 040 | Test Loss: 0.1343830 | Time: 520ms
Total time: 1m5s
==> Saving trained model weights...
==> Input bias to be applied to the neural network (trained):
[0. 0. 0. 0.]
==> Input transform to be applied to the neural network (trained):
[0.7072636  0.72212595 0.6760411  0.67349136]
==> Output transform to be applied to the neural network (trained):
[0.2287 0.2871]
==> Saving training info...
==> Drawing training loss...
==> Drawing grad norm...
==> Drawing testing loss...
==> Process finished.
