==> torch device:  cuda:3
==> Test-Train split: test_ratio = 0.20
==> Test-Train split seed:  None
==> Further split: further_train_ratio = 1.00
==> Further split seed:  None
==> Lipschitz constant: 2.00
==> Input bias to be applied to the neural network:
[0. 0. 0. 0.]
==> Input transform to be applied to the neural network:
[0.7072636  0.72212595 0.6760411  0.67349136]
==> Ouput transform to be applied to the neural network:
[0.2287 0.2871]
==> Evaluating model...
==========================================================================================
Layer (type:depth-idx)                   Output Shape              Param #
==========================================================================================
NeuralNetwork                            [1, 2]                    10
├─Sequential: 1-1                        [1, 2]                    --
│    └─SandwichFc: 2-1                   [1, 64]                   4,481
│    └─SandwichFc: 2-2                   [1, 64]                   8,321
│    └─SandwichFc: 2-3                   [1, 64]                   8,321
│    └─SandwichFc: 2-4                   [1, 64]                   8,321
│    └─SandwichFc: 2-5                   [1, 64]                   8,321
│    └─SandwichFc: 2-6                   [1, 64]                   8,321
│    └─SandwichFc: 2-7                   [1, 64]                   8,321
│    └─SandwichLin: 2-8                  [1, 2]                    135
├─Sequential: 1-2                        [1, 2]                    (recursive)
│    └─SandwichFc: 2-9                   [1, 64]                   (recursive)
│    └─SandwichFc: 2-10                  [1, 64]                   (recursive)
│    └─SandwichFc: 2-11                  [1, 64]                   (recursive)
│    └─SandwichFc: 2-12                  [1, 64]                   (recursive)
│    └─SandwichFc: 2-13                  [1, 64]                   (recursive)
│    └─SandwichFc: 2-14                  [1, 64]                   (recursive)
│    └─SandwichFc: 2-15                  [1, 64]                   (recursive)
│    └─SandwichLin: 2-16                 [1, 2]                    (recursive)
==========================================================================================
Total params: 54,552
Trainable params: 54,542
Non-trainable params: 10
Total mult-adds (Units.MEGABYTES): 0.11
==========================================================================================
Input size (MB): 0.00
Forward/backward pass size (MB): 0.01
Params size (MB): 0.22
Estimated Total Size (MB): 0.23
==========================================================================================
==> Saving initial model weights...
==> Start training...
==> Number of param_groups in optimizer: 1
Epoch: 001 | Train Loss: 0.1352704 | Grad norm: 0.064488 | Time: 16s887ms
Epoch: 001 | Test Loss: 0.1348561 | Time: 613ms
==> Save the model at epoch 001 with test loss 0.1348561
Epoch: 002 | Train Loss: 0.0133531 | Grad norm: 0.061900 | Time: 17s5ms
Epoch: 002 | Test Loss: 0.0100664 | Time: 622ms
==> Save the model at epoch 002 with test loss 0.0100664
Epoch: 003 | Train Loss: 0.0109642 | Grad norm: 0.057149 | Time: 16s641ms
Epoch: 003 | Test Loss: 0.0106792 | Time: 625ms
Epoch: 004 | Train Loss: 0.0108028 | Grad norm: 0.047515 | Time: 16s850ms
Epoch: 004 | Test Loss: 0.0098691 | Time: 616ms
==> Save the model at epoch 004 with test loss 0.0098691
Epoch: 005 | Train Loss: 0.0107492 | Grad norm: 0.043113 | Time: 16s642ms
Epoch: 005 | Test Loss: 0.0103553 | Time: 615ms
Epoch: 006 | Train Loss: 0.0105677 | Grad norm: 0.033843 | Time: 16s547ms
Epoch: 006 | Test Loss: 0.0100978 | Time: 689ms
Epoch: 007 | Train Loss: 0.0105028 | Grad norm: 0.028088 | Time: 16s630ms
Epoch: 007 | Test Loss: 0.0099659 | Time: 611ms
Epoch: 008 | Train Loss: 0.0104926 | Grad norm: 0.027267 | Time: 17s190ms
Epoch: 008 | Test Loss: 0.0097492 | Time: 620ms
==> Save the model at epoch 008 with test loss 0.0097492
Epoch: 009 | Train Loss: 0.0104034 | Grad norm: 0.024072 | Time: 16s372ms
Epoch: 009 | Test Loss: 0.0098411 | Time: 689ms
Epoch: 010 | Train Loss: 0.0102610 | Grad norm: 0.019674 | Time: 16s524ms
Epoch: 010 | Test Loss: 0.0096007 | Time: 612ms
==> Save the model at epoch 010 with test loss 0.0096007
Epoch: 011 | Train Loss: 0.0101788 | Grad norm: 0.016863 | Time: 16s987ms
Epoch: 011 | Test Loss: 0.0101199 | Time: 621ms
Epoch: 012 | Train Loss: 0.0101151 | Grad norm: 0.015677 | Time: 16s723ms
Epoch: 012 | Test Loss: 0.0097039 | Time: 619ms
Epoch: 013 | Train Loss: 0.0100748 | Grad norm: 0.013848 | Time: 16s527ms
Epoch: 013 | Test Loss: 0.0095944 | Time: 614ms
==> Save the model at epoch 013 with test loss 0.0095944
Epoch: 014 | Train Loss: 0.0100443 | Grad norm: 0.013794 | Time: 16s667ms
Epoch: 014 | Test Loss: 0.0095981 | Time: 618ms
Epoch: 015 | Train Loss: 0.0099823 | Grad norm: 0.012046 | Time: 16s742ms
Epoch: 015 | Test Loss: 0.0095913 | Time: 777ms
==> Save the model at epoch 015 with test loss 0.0095913
Epoch: 016 | Train Loss: 0.0099793 | Grad norm: 0.011603 | Time: 16s127ms
Epoch: 016 | Test Loss: 0.0096764 | Time: 615ms
Epoch: 017 | Train Loss: 0.0099356 | Grad norm: 0.010130 | Time: 16s838ms
Epoch: 017 | Test Loss: 0.0094677 | Time: 613ms
==> Save the model at epoch 017 with test loss 0.0094677
Epoch: 018 | Train Loss: 0.0098936 | Grad norm: 0.010045 | Time: 16s343ms
Epoch: 018 | Test Loss: 0.0095450 | Time: 615ms
Epoch: 019 | Train Loss: 0.0098486 | Grad norm: 0.009527 | Time: 16s822ms
Epoch: 019 | Test Loss: 0.0094415 | Time: 613ms
==> Save the model at epoch 019 with test loss 0.0094415
Epoch: 020 | Train Loss: 0.0098343 | Grad norm: 0.009266 | Time: 17s168ms
Epoch: 020 | Test Loss: 0.0094605 | Time: 683ms
Epoch: 021 | Train Loss: 0.0097811 | Grad norm: 0.008526 | Time: 16s492ms
Epoch: 021 | Test Loss: 0.0093290 | Time: 614ms
==> Save the model at epoch 021 with test loss 0.0093290
Epoch: 022 | Train Loss: 0.0097795 | Grad norm: 0.008452 | Time: 16s473ms
Epoch: 022 | Test Loss: 0.0093487 | Time: 619ms
Epoch: 023 | Train Loss: 0.0097659 | Grad norm: 0.008304 | Time: 16s427ms
Epoch: 023 | Test Loss: 0.0093452 | Time: 618ms
Epoch: 024 | Train Loss: 0.0097469 | Grad norm: 0.008346 | Time: 16s774ms
Epoch: 024 | Test Loss: 0.0093690 | Time: 617ms
Epoch: 025 | Train Loss: 0.0096744 | Grad norm: 0.006695 | Time: 17s74ms
Epoch: 025 | Test Loss: 0.0092554 | Time: 618ms
==> Save the model at epoch 025 with test loss 0.0092554
Epoch: 026 | Train Loss: 0.0096660 | Grad norm: 0.007023 | Time: 16s516ms
Epoch: 026 | Test Loss: 0.0092281 | Time: 610ms
==> Save the model at epoch 026 with test loss 0.0092281
Epoch: 027 | Train Loss: 0.0096467 | Grad norm: 0.006675 | Time: 16s766ms
Epoch: 027 | Test Loss: 0.0092396 | Time: 611ms
Epoch: 028 | Train Loss: 0.0096330 | Grad norm: 0.006918 | Time: 17s265ms
Epoch: 028 | Test Loss: 0.0092607 | Time: 617ms
Epoch: 029 | Train Loss: 0.0095902 | Grad norm: 0.006071 | Time: 16s599ms
Epoch: 029 | Test Loss: 0.0091846 | Time: 624ms
==> Save the model at epoch 029 with test loss 0.0091846
Epoch: 030 | Train Loss: 0.0095639 | Grad norm: 0.006027 | Time: 16s990ms
Epoch: 030 | Test Loss: 0.0091956 | Time: 621ms
Epoch: 031 | Train Loss: 0.0095448 | Grad norm: 0.006106 | Time: 16s772ms
Epoch: 031 | Test Loss: 0.0091415 | Time: 685ms
==> Save the model at epoch 031 with test loss 0.0091415
Epoch: 032 | Train Loss: 0.0095285 | Grad norm: 0.006166 | Time: 16s733ms
Epoch: 032 | Test Loss: 0.0091074 | Time: 767ms
==> Save the model at epoch 032 with test loss 0.0091074
Epoch: 033 | Train Loss: 0.0095024 | Grad norm: 0.005744 | Time: 16s662ms
Epoch: 033 | Test Loss: 0.0090986 | Time: 624ms
==> Save the model at epoch 033 with test loss 0.0090986
Epoch: 034 | Train Loss: 0.0094768 | Grad norm: 0.005517 | Time: 16s943ms
Epoch: 034 | Test Loss: 0.0090856 | Time: 689ms
==> Save the model at epoch 034 with test loss 0.0090856
Epoch: 035 | Train Loss: 0.0094660 | Grad norm: 0.005432 | Time: 16s876ms
Epoch: 035 | Test Loss: 0.0090772 | Time: 613ms
==> Save the model at epoch 035 with test loss 0.0090772
Epoch: 036 | Train Loss: 0.0094506 | Grad norm: 0.005366 | Time: 16s924ms
Epoch: 036 | Test Loss: 0.0090781 | Time: 613ms
Epoch: 037 | Train Loss: 0.0094347 | Grad norm: 0.005223 | Time: 16s616ms
Epoch: 037 | Test Loss: 0.0090467 | Time: 613ms
==> Save the model at epoch 037 with test loss 0.0090467
Epoch: 038 | Train Loss: 0.0094261 | Grad norm: 0.005179 | Time: 16s880ms
Epoch: 038 | Test Loss: 0.0090436 | Time: 610ms
==> Save the model at epoch 038 with test loss 0.0090436
Epoch: 039 | Train Loss: 0.0094190 | Grad norm: 0.005143 | Time: 16s836ms
Epoch: 039 | Test Loss: 0.0090411 | Time: 612ms
==> Save the model at epoch 039 with test loss 0.0090411
Epoch: 040 | Train Loss: 0.0094132 | Grad norm: 0.005013 | Time: 16s992ms
Epoch: 040 | Test Loss: 0.0090384 | Time: 616ms
==> Save the model at epoch 040 with test loss 0.0090384
Total time: 11m35s
==> Saving trained model weights...
==> Input bias to be applied to the neural network (trained):
[0. 0. 0. 0.]
==> Input transform to be applied to the neural network (trained):
[0.7072636  0.72212595 0.6760411  0.67349136]
==> Output transform to be applied to the neural network (trained):
[0.2287 0.2871]
==> Saving training info...
==> Drawing training loss...
==> Drawing grad norm...
==> Drawing testing loss...
==> Process finished.
