==> torch device:  cuda:1
==> Test-Train split: test_ratio = 0.20
==> Test-Train split seed:  None
==> Further split: further_train_ratio = 0.50
==> Further split seed:  None
==> Input bias to be applied to the neural network:
[0. 0.]
==> Input transform to be applied to the neural network:
[0.48014596 0.48395684]
==> Ouput transform to be applied to the neural network:
[2.0663 2.0805]
==> Evaluating model...
==========================================================================================
Layer (type:depth-idx)                   Output Shape              Param #
==========================================================================================
NeuralNetwork                            [1, 2]                    6
├─Sequential: 1-1                        [1, 2]                    --
│    └─Linear: 2-1                       [1, 64]                   192
│    └─ReLU: 2-2                         [1, 64]                   --
│    └─Linear: 2-3                       [1, 64]                   4,160
│    └─ReLU: 2-4                         [1, 64]                   --
│    └─Linear: 2-5                       [1, 64]                   4,160
│    └─ReLU: 2-6                         [1, 64]                   --
│    └─Linear: 2-7                       [1, 64]                   4,160
│    └─ReLU: 2-8                         [1, 64]                   --
│    └─Linear: 2-9                       [1, 64]                   4,160
│    └─ReLU: 2-10                        [1, 64]                   --
│    └─Linear: 2-11                      [1, 64]                   4,160
│    └─ReLU: 2-12                        [1, 64]                   --
│    └─Linear: 2-13                      [1, 64]                   4,160
│    └─ReLU: 2-14                        [1, 64]                   --
│    └─Linear: 2-15                      [1, 2]                    130
├─Sequential: 1-2                        [1, 2]                    (recursive)
│    └─Linear: 2-16                      [1, 64]                   (recursive)
│    └─ReLU: 2-17                        [1, 64]                   --
│    └─Linear: 2-18                      [1, 64]                   (recursive)
│    └─ReLU: 2-19                        [1, 64]                   --
│    └─Linear: 2-20                      [1, 64]                   (recursive)
│    └─ReLU: 2-21                        [1, 64]                   --
│    └─Linear: 2-22                      [1, 64]                   (recursive)
│    └─ReLU: 2-23                        [1, 64]                   --
│    └─Linear: 2-24                      [1, 64]                   (recursive)
│    └─ReLU: 2-25                        [1, 64]                   --
│    └─Linear: 2-26                      [1, 64]                   (recursive)
│    └─ReLU: 2-27                        [1, 64]                   --
│    └─Linear: 2-28                      [1, 64]                   (recursive)
│    └─ReLU: 2-29                        [1, 64]                   --
│    └─Linear: 2-30                      [1, 2]                    (recursive)
==========================================================================================
Total params: 25,288
Trainable params: 25,282
Non-trainable params: 6
Total mult-adds (Units.MEGABYTES): 0.05
==========================================================================================
Input size (MB): 0.00
Forward/backward pass size (MB): 0.01
Params size (MB): 0.10
Estimated Total Size (MB): 0.11
==========================================================================================
==> Saving initial model weights...
==> Start training...
==> Number of param_groups in optimizer: 1
Epoch: 001 | Train Loss: 8.5882693 | Grad norm: 0.281811 | Time: 3s575ms
Epoch: 001 | Test Loss: 8.6106902 | Time: 776ms
==> Save the model at epoch 001 with test loss 8.6106902
Epoch: 002 | Train Loss: 2.5215918 | Grad norm: 1.727263 | Time: 3s429ms
Epoch: 002 | Test Loss: 0.0044837 | Time: 799ms
==> Save the model at epoch 002 with test loss 0.0044837
Epoch: 003 | Train Loss: 0.0023314 | Grad norm: 0.193472 | Time: 3s491ms
Epoch: 003 | Test Loss: 0.0014715 | Time: 891ms
==> Save the model at epoch 003 with test loss 0.0014715
Epoch: 004 | Train Loss: 0.0013350 | Grad norm: 0.201677 | Time: 3s535ms
Epoch: 004 | Test Loss: 0.0015084 | Time: 780ms
Epoch: 005 | Train Loss: 0.0011261 | Grad norm: 0.217067 | Time: 3s453ms
Epoch: 005 | Test Loss: 0.0012980 | Time: 789ms
==> Save the model at epoch 005 with test loss 0.0012980
Epoch: 006 | Train Loss: 0.0012192 | Grad norm: 0.287089 | Time: 3s410ms
Epoch: 006 | Test Loss: 0.0008535 | Time: 851ms
==> Save the model at epoch 006 with test loss 0.0008535
Epoch: 007 | Train Loss: 0.0011415 | Grad norm: 0.269313 | Time: 3s442ms
Epoch: 007 | Test Loss: 0.0008807 | Time: 779ms
Epoch: 008 | Train Loss: 0.0018995 | Grad norm: 0.385656 | Time: 3s532ms
Epoch: 008 | Test Loss: 0.0024582 | Time: 810ms
Epoch: 009 | Train Loss: 0.0015515 | Grad norm: 0.365368 | Time: 3s502ms
Epoch: 009 | Test Loss: 0.0013862 | Time: 791ms
Epoch: 010 | Train Loss: 0.0011251 | Grad norm: 0.252318 | Time: 3s499ms
Epoch: 010 | Test Loss: 0.0011597 | Time: 788ms
Epoch: 011 | Train Loss: 0.0011585 | Grad norm: 0.271330 | Time: 3s448ms
Epoch: 011 | Test Loss: 0.0008758 | Time: 864ms
Epoch: 012 | Train Loss: 0.0011437 | Grad norm: 0.269271 | Time: 3s280ms
Epoch: 012 | Test Loss: 0.0010839 | Time: 787ms
Epoch: 013 | Train Loss: 0.0011641 | Grad norm: 0.275889 | Time: 3s635ms
Epoch: 013 | Test Loss: 0.0021037 | Time: 789ms
Epoch: 014 | Train Loss: 0.0011035 | Grad norm: 0.250471 | Time: 3s481ms
Epoch: 014 | Test Loss: 0.0010309 | Time: 883ms
Epoch: 015 | Train Loss: 0.0010571 | Grad norm: 0.246711 | Time: 3s127ms
Epoch: 015 | Test Loss: 0.0006955 | Time: 778ms
==> Save the model at epoch 015 with test loss 0.0006955
Epoch: 016 | Train Loss: 0.0010071 | Grad norm: 0.235281 | Time: 3s255ms
Epoch: 016 | Test Loss: 0.0010153 | Time: 809ms
Epoch: 017 | Train Loss: 0.0009969 | Grad norm: 0.229200 | Time: 3s296ms
Epoch: 017 | Test Loss: 0.0008242 | Time: 787ms
Epoch: 018 | Train Loss: 0.0009912 | Grad norm: 0.229692 | Time: 3s605ms
Epoch: 018 | Test Loss: 0.0007333 | Time: 782ms
Epoch: 019 | Train Loss: 0.0009254 | Grad norm: 0.201524 | Time: 3s413ms
Epoch: 019 | Test Loss: 0.0009743 | Time: 851ms
Epoch: 020 | Train Loss: 0.0008777 | Grad norm: 0.191971 | Time: 3s411ms
Epoch: 020 | Test Loss: 0.0007301 | Time: 789ms
Epoch: 021 | Train Loss: 0.0008212 | Grad norm: 0.171099 | Time: 3s420ms
Epoch: 021 | Test Loss: 0.0009508 | Time: 793ms
Epoch: 022 | Train Loss: 0.0008958 | Grad norm: 0.196672 | Time: 3s319ms
Epoch: 022 | Test Loss: 0.0008773 | Time: 870ms
Epoch: 023 | Train Loss: 0.0007928 | Grad norm: 0.159048 | Time: 3s426ms
Epoch: 023 | Test Loss: 0.0007276 | Time: 792ms
Epoch: 024 | Train Loss: 0.0007686 | Grad norm: 0.150418 | Time: 3s592ms
Epoch: 024 | Test Loss: 0.0009269 | Time: 792ms
Epoch: 025 | Train Loss: 0.0007398 | Grad norm: 0.134014 | Time: 3s477ms
Epoch: 025 | Test Loss: 0.0008912 | Time: 773ms
Epoch: 026 | Train Loss: 0.0007641 | Grad norm: 0.150687 | Time: 3s385ms
Epoch: 026 | Test Loss: 0.0007726 | Time: 868ms
Epoch: 027 | Train Loss: 0.0007156 | Grad norm: 0.129877 | Time: 3s498ms
Epoch: 027 | Test Loss: 0.0008925 | Time: 785ms
Epoch: 028 | Train Loss: 0.0007413 | Grad norm: 0.145890 | Time: 3s379ms
Epoch: 028 | Test Loss: 0.0006702 | Time: 845ms
==> Save the model at epoch 028 with test loss 0.0006702
Epoch: 029 | Train Loss: 0.0006980 | Grad norm: 0.121340 | Time: 3s564ms
Epoch: 029 | Test Loss: 0.0006284 | Time: 779ms
==> Save the model at epoch 029 with test loss 0.0006284
Epoch: 030 | Train Loss: 0.0006706 | Grad norm: 0.103042 | Time: 3s554ms
Epoch: 030 | Test Loss: 0.0007380 | Time: 858ms
Epoch: 031 | Train Loss: 0.0006644 | Grad norm: 0.103957 | Time: 3s641ms
Epoch: 031 | Test Loss: 0.0007403 | Time: 802ms
Epoch: 032 | Train Loss: 0.0006363 | Grad norm: 0.081632 | Time: 3s327ms
Epoch: 032 | Test Loss: 0.0006069 | Time: 777ms
==> Save the model at epoch 032 with test loss 0.0006069
Epoch: 033 | Train Loss: 0.0006430 | Grad norm: 0.091225 | Time: 3s380ms
Epoch: 033 | Test Loss: 0.0006665 | Time: 771ms
Epoch: 034 | Train Loss: 0.0006212 | Grad norm: 0.072349 | Time: 3s462ms
Epoch: 034 | Test Loss: 0.0006221 | Time: 853ms
Epoch: 035 | Train Loss: 0.0006135 | Grad norm: 0.066286 | Time: 3s415ms
Epoch: 035 | Test Loss: 0.0006117 | Time: 802ms
Epoch: 036 | Train Loss: 0.0006012 | Grad norm: 0.053822 | Time: 3s281ms
Epoch: 036 | Test Loss: 0.0006161 | Time: 793ms
Epoch: 037 | Train Loss: 0.0005965 | Grad norm: 0.048927 | Time: 3s667ms
Epoch: 037 | Test Loss: 0.0005884 | Time: 771ms
==> Save the model at epoch 037 with test loss 0.0005884
Epoch: 038 | Train Loss: 0.0005918 | Grad norm: 0.043793 | Time: 3s607ms
Epoch: 038 | Test Loss: 0.0005876 | Time: 861ms
==> Save the model at epoch 038 with test loss 0.0005876
Epoch: 039 | Train Loss: 0.0005874 | Grad norm: 0.038661 | Time: 3s520ms
Epoch: 039 | Test Loss: 0.0005916 | Time: 776ms
Epoch: 040 | Train Loss: 0.0005850 | Grad norm: 0.033918 | Time: 3s434ms
Epoch: 040 | Test Loss: 0.0005858 | Time: 775ms
==> Save the model at epoch 040 with test loss 0.0005858
Total time: 2m50s
==> Saving trained model weights...
==> Input bias to be applied to the neural network (trained):
[0. 0.]
==> Input transform to be applied to the neural network (trained):
[0.48014596 0.48395684]
==> Output transform to be applied to the neural network (trained):
[2.0663 2.0805]
==> Saving training info...
==> Drawing training loss...
==> Drawing grad norm...
==> Drawing testing loss...
==> Process finished.
