==> torch device:  cuda:3
==> Test-Train split: test_ratio = 0.20
==> Test-Train split seed:  None
==> Further split: further_train_ratio = 0.50
==> Further split seed:  None
==> Input bias to be applied to the neural network:
[0. 0.]
==> Input transform to be applied to the neural network:
[0.5123476 0.5241365]
==> Ouput transform to be applied to the neural network:
[1.908  1.9349]
==> Evaluating model...
==========================================================================================
Layer (type:depth-idx)                   Output Shape              Param #
==========================================================================================
NeuralNetwork                            [1, 2]                    6
├─Sequential: 1-1                        [1, 2]                    --
│    └─Linear: 2-1                       [1, 64]                   192
│    └─ReLU: 2-2                         [1, 64]                   --
│    └─Linear: 2-3                       [1, 64]                   4,160
│    └─ReLU: 2-4                         [1, 64]                   --
│    └─Linear: 2-5                       [1, 64]                   4,160
│    └─ReLU: 2-6                         [1, 64]                   --
│    └─Linear: 2-7                       [1, 64]                   4,160
│    └─ReLU: 2-8                         [1, 64]                   --
│    └─Linear: 2-9                       [1, 64]                   4,160
│    └─ReLU: 2-10                        [1, 64]                   --
│    └─Linear: 2-11                      [1, 64]                   4,160
│    └─ReLU: 2-12                        [1, 64]                   --
│    └─Linear: 2-13                      [1, 64]                   4,160
│    └─ReLU: 2-14                        [1, 64]                   --
│    └─Linear: 2-15                      [1, 2]                    130
├─Sequential: 1-2                        [1, 2]                    (recursive)
│    └─Linear: 2-16                      [1, 64]                   (recursive)
│    └─ReLU: 2-17                        [1, 64]                   --
│    └─Linear: 2-18                      [1, 64]                   (recursive)
│    └─ReLU: 2-19                        [1, 64]                   --
│    └─Linear: 2-20                      [1, 64]                   (recursive)
│    └─ReLU: 2-21                        [1, 64]                   --
│    └─Linear: 2-22                      [1, 64]                   (recursive)
│    └─ReLU: 2-23                        [1, 64]                   --
│    └─Linear: 2-24                      [1, 64]                   (recursive)
│    └─ReLU: 2-25                        [1, 64]                   --
│    └─Linear: 2-26                      [1, 64]                   (recursive)
│    └─ReLU: 2-27                        [1, 64]                   --
│    └─Linear: 2-28                      [1, 64]                   (recursive)
│    └─ReLU: 2-29                        [1, 64]                   --
│    └─Linear: 2-30                      [1, 2]                    (recursive)
==========================================================================================
Total params: 25,288
Trainable params: 25,282
Non-trainable params: 6
Total mult-adds (Units.MEGABYTES): 0.05
==========================================================================================
Input size (MB): 0.00
Forward/backward pass size (MB): 0.01
Params size (MB): 0.10
Estimated Total Size (MB): 0.11
==========================================================================================
==> Saving initial model weights...
==> Start training...
==> Number of param_groups in optimizer: 1
Epoch: 001 | Train Loss: 7.3630570 | Grad norm: 0.204316 | Time: 2s456ms
Epoch: 001 | Test Loss: 7.4028972 | Time: 497ms
==> Save the model at epoch 001 with test loss 7.4028972
Epoch: 002 | Train Loss: 3.7179892 | Grad norm: 2.338880 | Time: 2s240ms
Epoch: 002 | Test Loss: 0.0693893 | Time: 577ms
==> Save the model at epoch 002 with test loss 0.0693893
Epoch: 003 | Train Loss: 0.0242202 | Grad norm: 0.561929 | Time: 2s261ms
Epoch: 003 | Test Loss: 0.0097038 | Time: 504ms
==> Save the model at epoch 003 with test loss 0.0097038
Epoch: 004 | Train Loss: 0.0062150 | Grad norm: 0.511148 | Time: 2s344ms
Epoch: 004 | Test Loss: 0.0035939 | Time: 724ms
==> Save the model at epoch 004 with test loss 0.0035939
Epoch: 005 | Train Loss: 0.0032548 | Grad norm: 0.530921 | Time: 2s501ms
Epoch: 005 | Test Loss: 0.0030230 | Time: 508ms
==> Save the model at epoch 005 with test loss 0.0030230
Epoch: 006 | Train Loss: 0.0025381 | Grad norm: 0.532404 | Time: 2s277ms
Epoch: 006 | Test Loss: 0.0024608 | Time: 515ms
==> Save the model at epoch 006 with test loss 0.0024608
Epoch: 007 | Train Loss: 0.0021868 | Grad norm: 0.518836 | Time: 2s306ms
Epoch: 007 | Test Loss: 0.0023266 | Time: 510ms
==> Save the model at epoch 007 with test loss 0.0023266
Epoch: 008 | Train Loss: 0.0033706 | Grad norm: 0.723042 | Time: 2s6ms
Epoch: 008 | Test Loss: 0.0012161 | Time: 524ms
==> Save the model at epoch 008 with test loss 0.0012161
Epoch: 009 | Train Loss: 0.0048872 | Grad norm: 0.842754 | Time: 2s194ms
Epoch: 009 | Test Loss: 0.0015905 | Time: 578ms
Epoch: 010 | Train Loss: 0.0017013 | Grad norm: 0.400273 | Time: 2s288ms
Epoch: 010 | Test Loss: 0.0010065 | Time: 504ms
==> Save the model at epoch 010 with test loss 0.0010065
Epoch: 011 | Train Loss: 0.0015652 | Grad norm: 0.390183 | Time: 2s142ms
Epoch: 011 | Test Loss: 0.0015857 | Time: 571ms
Epoch: 012 | Train Loss: 0.0014202 | Grad norm: 0.349824 | Time: 2s433ms
Epoch: 012 | Test Loss: 0.0010363 | Time: 506ms
Epoch: 013 | Train Loss: 0.0014825 | Grad norm: 0.375489 | Time: 2s205ms
Epoch: 013 | Test Loss: 0.0011004 | Time: 505ms
Epoch: 014 | Train Loss: 0.0024250 | Grad norm: 0.533095 | Time: 2s528ms
Epoch: 014 | Test Loss: 0.0009747 | Time: 517ms
==> Save the model at epoch 014 with test loss 0.0009747
Epoch: 015 | Train Loss: 0.0010783 | Grad norm: 0.229012 | Time: 2s201ms
Epoch: 015 | Test Loss: 0.0014502 | Time: 544ms
Epoch: 016 | Train Loss: 0.0012963 | Grad norm: 0.330494 | Time: 2s212ms
Epoch: 016 | Test Loss: 0.0012036 | Time: 589ms
Epoch: 017 | Train Loss: 0.0010976 | Grad norm: 0.256429 | Time: 2s172ms
Epoch: 017 | Test Loss: 0.0009757 | Time: 508ms
Epoch: 018 | Train Loss: 0.0011593 | Grad norm: 0.288206 | Time: 2s109ms
Epoch: 018 | Test Loss: 0.0008342 | Time: 504ms
==> Save the model at epoch 018 with test loss 0.0008342
Epoch: 019 | Train Loss: 0.0010842 | Grad norm: 0.259366 | Time: 2s430ms
Epoch: 019 | Test Loss: 0.0012334 | Time: 540ms
Epoch: 020 | Train Loss: 0.0010898 | Grad norm: 0.272521 | Time: 2s138ms
Epoch: 020 | Test Loss: 0.0009188 | Time: 499ms
Epoch: 021 | Train Loss: 0.0011142 | Grad norm: 0.275155 | Time: 2s461ms
Epoch: 021 | Test Loss: 0.0010546 | Time: 497ms
Epoch: 022 | Train Loss: 0.0011836 | Grad norm: 0.297008 | Time: 2s391ms
Epoch: 022 | Test Loss: 0.0026465 | Time: 501ms
Epoch: 023 | Train Loss: 0.0010721 | Grad norm: 0.257007 | Time: 2s387ms
Epoch: 023 | Test Loss: 0.0008532 | Time: 569ms
Epoch: 024 | Train Loss: 0.0009481 | Grad norm: 0.227705 | Time: 2s255ms
Epoch: 024 | Test Loss: 0.0009809 | Time: 536ms
Epoch: 025 | Train Loss: 0.0008516 | Grad norm: 0.179097 | Time: 2s138ms
Epoch: 025 | Test Loss: 0.0009833 | Time: 512ms
Epoch: 026 | Train Loss: 0.0008546 | Grad norm: 0.182747 | Time: 2s232ms
Epoch: 026 | Test Loss: 0.0007334 | Time: 498ms
==> Save the model at epoch 026 with test loss 0.0007334
Epoch: 027 | Train Loss: 0.0008268 | Grad norm: 0.172875 | Time: 2s200ms
Epoch: 027 | Test Loss: 0.0007769 | Time: 516ms
Epoch: 028 | Train Loss: 0.0008054 | Grad norm: 0.155793 | Time: 2s363ms
Epoch: 028 | Test Loss: 0.0007577 | Time: 572ms
Epoch: 029 | Train Loss: 0.0007905 | Grad norm: 0.159793 | Time: 2s258ms
Epoch: 029 | Test Loss: 0.0007190 | Time: 531ms
==> Save the model at epoch 029 with test loss 0.0007190
Epoch: 030 | Train Loss: 0.0007648 | Grad norm: 0.143024 | Time: 2s433ms
Epoch: 030 | Test Loss: 0.0006803 | Time: 523ms
==> Save the model at epoch 030 with test loss 0.0006803
Epoch: 031 | Train Loss: 0.0007275 | Grad norm: 0.119991 | Time: 2s436ms
Epoch: 031 | Test Loss: 0.0008442 | Time: 581ms
Epoch: 032 | Train Loss: 0.0007244 | Grad norm: 0.123174 | Time: 2s383ms
Epoch: 032 | Test Loss: 0.0008025 | Time: 505ms
Epoch: 033 | Train Loss: 0.0007145 | Grad norm: 0.118678 | Time: 2s249ms
Epoch: 033 | Test Loss: 0.0006903 | Time: 499ms
Epoch: 034 | Train Loss: 0.0006801 | Grad norm: 0.082814 | Time: 2s370ms
Epoch: 034 | Test Loss: 0.0007220 | Time: 517ms
Epoch: 035 | Train Loss: 0.0006774 | Grad norm: 0.085839 | Time: 2s346ms
Epoch: 035 | Test Loss: 0.0006784 | Time: 571ms
==> Save the model at epoch 035 with test loss 0.0006784
Epoch: 036 | Train Loss: 0.0006605 | Grad norm: 0.066954 | Time: 2s221ms
Epoch: 036 | Test Loss: 0.0006501 | Time: 507ms
==> Save the model at epoch 036 with test loss 0.0006501
Epoch: 037 | Train Loss: 0.0006558 | Grad norm: 0.064017 | Time: 2s344ms
Epoch: 037 | Test Loss: 0.0006489 | Time: 527ms
==> Save the model at epoch 037 with test loss 0.0006489
Epoch: 038 | Train Loss: 0.0006488 | Grad norm: 0.054415 | Time: 2s659ms
Epoch: 038 | Test Loss: 0.0006480 | Time: 497ms
==> Save the model at epoch 038 with test loss 0.0006480
Epoch: 039 | Train Loss: 0.0006437 | Grad norm: 0.047578 | Time: 2s297ms
Epoch: 039 | Test Loss: 0.0006419 | Time: 515ms
==> Save the model at epoch 039 with test loss 0.0006419
Epoch: 040 | Train Loss: 0.0006411 | Grad norm: 0.044819 | Time: 2s237ms
Epoch: 040 | Test Loss: 0.0006398 | Time: 552ms
==> Save the model at epoch 040 with test loss 0.0006398
Total time: 1m53s
==> Saving trained model weights...
==> Input bias to be applied to the neural network (trained):
[0. 0.]
==> Input transform to be applied to the neural network (trained):
[0.5123476 0.5241365]
==> Output transform to be applied to the neural network (trained):
[1.908  1.9349]
==> Saving training info...
==> Drawing training loss...
==> Drawing grad norm...
==> Drawing testing loss...
==> Process finished.
