==> torch device:  cuda:0
==> Test-Train split: test_ratio = 0.20
==> Test-Train split seed:  None
==> Further split: further_train_ratio = 0.50
==> Further split seed:  None
==> Lipschitz constant: 4.00
==> Input bias to be applied to the neural network:
[0. 0.]
==> Input transform to be applied to the neural network:
[0.5576312  0.56041247]
==> Ouput transform to be applied to the neural network:
[1.7847 1.7916]
==> Evaluating model...
==========================================================================================
Layer (type:depth-idx)                   Output Shape              Param #
==========================================================================================
NeuralNetwork                            [1, 2]                    6
├─Sequential: 1-1                        [1, 2]                    --
│    └─SandwichFc: 2-1                   [1, 64]                   4,353
│    └─SandwichFc: 2-2                   [1, 64]                   8,321
│    └─SandwichFc: 2-3                   [1, 64]                   8,321
│    └─SandwichFc: 2-4                   [1, 64]                   8,321
│    └─SandwichFc: 2-5                   [1, 64]                   8,321
│    └─SandwichFc: 2-6                   [1, 64]                   8,321
│    └─SandwichFc: 2-7                   [1, 64]                   8,321
│    └─SandwichLin: 2-8                  [1, 2]                    135
├─Sequential: 1-2                        [1, 2]                    (recursive)
│    └─SandwichFc: 2-9                   [1, 64]                   (recursive)
│    └─SandwichFc: 2-10                  [1, 64]                   (recursive)
│    └─SandwichFc: 2-11                  [1, 64]                   (recursive)
│    └─SandwichFc: 2-12                  [1, 64]                   (recursive)
│    └─SandwichFc: 2-13                  [1, 64]                   (recursive)
│    └─SandwichFc: 2-14                  [1, 64]                   (recursive)
│    └─SandwichFc: 2-15                  [1, 64]                   (recursive)
│    └─SandwichLin: 2-16                 [1, 2]                    (recursive)
==========================================================================================
Total params: 54,420
Trainable params: 54,414
Non-trainable params: 6
Total mult-adds (Units.MEGABYTES): 0.11
==========================================================================================
Input size (MB): 0.00
Forward/backward pass size (MB): 0.01
Params size (MB): 0.22
Estimated Total Size (MB): 0.22
==========================================================================================
==> Saving initial model weights...
==> Start training...
==> Number of param_groups in optimizer: 1
Epoch: 001 | Train Loss: 6.4060092 | Grad norm: 6.903167 | Time: 14s412ms
Epoch: 001 | Test Loss: 6.4140076 | Time: 923ms
==> Save the model at epoch 001 with test loss 6.4140076
Epoch: 002 | Train Loss: 0.4177238 | Grad norm: 1.643026 | Time: 13s915ms
Epoch: 002 | Test Loss: 0.0033879 | Time: 930ms
==> Save the model at epoch 002 with test loss 0.0033879
Epoch: 003 | Train Loss: 0.0054840 | Grad norm: 1.267944 | Time: 13s602ms
Epoch: 003 | Test Loss: 0.0038267 | Time: 1s8ms
Epoch: 004 | Train Loss: 0.0055506 | Grad norm: 1.251448 | Time: 13s800ms
Epoch: 004 | Test Loss: 0.0031870 | Time: 1s107ms
==> Save the model at epoch 004 with test loss 0.0031870
Epoch: 005 | Train Loss: 0.0091924 | Grad norm: 2.088636 | Time: 13s856ms
Epoch: 005 | Test Loss: 0.0075154 | Time: 929ms
Epoch: 006 | Train Loss: 0.0087910 | Grad norm: 2.069527 | Time: 14s123ms
Epoch: 006 | Test Loss: 0.0088874 | Time: 996ms
Epoch: 007 | Train Loss: 0.0096494 | Grad norm: 2.108480 | Time: 13s785ms
Epoch: 007 | Test Loss: 0.0093733 | Time: 916ms
Epoch: 008 | Train Loss: 0.0096806 | Grad norm: 1.926242 | Time: 13s737ms
Epoch: 008 | Test Loss: 0.0088454 | Time: 938ms
Epoch: 009 | Train Loss: 0.0108991 | Grad norm: 2.144599 | Time: 14s
Epoch: 009 | Test Loss: 0.0130856 | Time: 1s1ms
Epoch: 010 | Train Loss: 0.0095728 | Grad norm: 1.832542 | Time: 14s70ms
Epoch: 010 | Test Loss: 0.0082928 | Time: 940ms
Epoch: 011 | Train Loss: 0.0079789 | Grad norm: 1.646423 | Time: 13s977ms
Epoch: 011 | Test Loss: 0.0096952 | Time: 927ms
Epoch: 012 | Train Loss: 0.0082398 | Grad norm: 1.539520 | Time: 13s902ms
Epoch: 012 | Test Loss: 0.0079699 | Time: 946ms
Epoch: 013 | Train Loss: 0.0058538 | Grad norm: 1.076685 | Time: 13s892ms
Epoch: 013 | Test Loss: 0.0057579 | Time: 920ms
Epoch: 014 | Train Loss: 0.0058989 | Grad norm: 0.975098 | Time: 13s759ms
Epoch: 014 | Test Loss: 0.0069312 | Time: 1s5ms
Epoch: 015 | Train Loss: 0.0042301 | Grad norm: 0.602001 | Time: 13s691ms
Epoch: 015 | Test Loss: 0.0041250 | Time: 1s166ms
Epoch: 016 | Train Loss: 0.0057301 | Grad norm: 1.046150 | Time: 14s72ms
Epoch: 016 | Test Loss: 0.0031924 | Time: 925ms
Epoch: 017 | Train Loss: 0.0042979 | Grad norm: 0.665582 | Time: 14s124ms
Epoch: 017 | Test Loss: 0.0031026 | Time: 1s27ms
==> Save the model at epoch 017 with test loss 0.0031026
Epoch: 018 | Train Loss: 0.0035958 | Grad norm: 0.456920 | Time: 13s445ms
Epoch: 018 | Test Loss: 0.0031688 | Time: 940ms
Epoch: 019 | Train Loss: 0.0034509 | Grad norm: 0.398663 | Time: 13s827ms
Epoch: 019 | Test Loss: 0.0040762 | Time: 929ms
Epoch: 020 | Train Loss: 0.0037279 | Grad norm: 0.520399 | Time: 13s726ms
Epoch: 020 | Test Loss: 0.0035009 | Time: 1s15ms
Epoch: 021 | Train Loss: 0.0034509 | Grad norm: 0.427402 | Time: 13s732ms
Epoch: 021 | Test Loss: 0.0029780 | Time: 930ms
==> Save the model at epoch 021 with test loss 0.0029780
Epoch: 022 | Train Loss: 0.0038495 | Grad norm: 0.529501 | Time: 13s830ms
Epoch: 022 | Test Loss: 0.0036531 | Time: 946ms
Epoch: 023 | Train Loss: 0.0033809 | Grad norm: 0.391859 | Time: 14s143ms
Epoch: 023 | Test Loss: 0.0031039 | Time: 916ms
Epoch: 024 | Train Loss: 0.0032075 | Grad norm: 0.334261 | Time: 13s903ms
Epoch: 024 | Test Loss: 0.0031373 | Time: 934ms
Epoch: 025 | Train Loss: 0.0031371 | Grad norm: 0.314458 | Time: 13s855ms
Epoch: 025 | Test Loss: 0.0029661 | Time: 927ms
==> Save the model at epoch 025 with test loss 0.0029661
Epoch: 026 | Train Loss: 0.0032856 | Grad norm: 0.385459 | Time: 14s229ms
Epoch: 026 | Test Loss: 0.0031748 | Time: 934ms
Epoch: 027 | Train Loss: 0.0030622 | Grad norm: 0.292024 | Time: 13s924ms
Epoch: 027 | Test Loss: 0.0032063 | Time: 931ms
Epoch: 028 | Train Loss: 0.0030533 | Grad norm: 0.306382 | Time: 13s862ms
Epoch: 028 | Test Loss: 0.0029803 | Time: 999ms
Epoch: 029 | Train Loss: 0.0029434 | Grad norm: 0.224703 | Time: 13s709ms
Epoch: 029 | Test Loss: 0.0029720 | Time: 922ms
Epoch: 030 | Train Loss: 0.0029411 | Grad norm: 0.236733 | Time: 14s92ms
Epoch: 030 | Test Loss: 0.0029089 | Time: 921ms
==> Save the model at epoch 030 with test loss 0.0029089
Epoch: 031 | Train Loss: 0.0028789 | Grad norm: 0.204074 | Time: 14s172ms
Epoch: 031 | Test Loss: 0.0028715 | Time: 1s1ms
==> Save the model at epoch 031 with test loss 0.0028715
Epoch: 032 | Train Loss: 0.0028708 | Grad norm: 0.211147 | Time: 13s707ms
Epoch: 032 | Test Loss: 0.0028940 | Time: 933ms
Epoch: 033 | Train Loss: 0.0028190 | Grad norm: 0.190878 | Time: 13s852ms
Epoch: 033 | Test Loss: 0.0028386 | Time: 922ms
==> Save the model at epoch 033 with test loss 0.0028386
Epoch: 034 | Train Loss: 0.0027943 | Grad norm: 0.175948 | Time: 13s921ms
Epoch: 034 | Test Loss: 0.0028023 | Time: 929ms
==> Save the model at epoch 034 with test loss 0.0028023
Epoch: 035 | Train Loss: 0.0027590 | Grad norm: 0.157190 | Time: 13s928ms
Epoch: 035 | Test Loss: 0.0027849 | Time: 931ms
==> Save the model at epoch 035 with test loss 0.0027849
Epoch: 036 | Train Loss: 0.0027391 | Grad norm: 0.148149 | Time: 13s419ms
Epoch: 036 | Test Loss: 0.0029048 | Time: 938ms
Epoch: 037 | Train Loss: 0.0027184 | Grad norm: 0.135477 | Time: 13s452ms
Epoch: 037 | Test Loss: 0.0027632 | Time: 938ms
==> Save the model at epoch 037 with test loss 0.0027632
Epoch: 038 | Train Loss: 0.0026874 | Grad norm: 0.104790 | Time: 13s743ms
Epoch: 038 | Test Loss: 0.0027016 | Time: 933ms
==> Save the model at epoch 038 with test loss 0.0027016
Epoch: 039 | Train Loss: 0.0026732 | Grad norm: 0.092644 | Time: 14s137ms
Epoch: 039 | Test Loss: 0.0027054 | Time: 1s7ms
Epoch: 040 | Train Loss: 0.0026639 | Grad norm: 0.089249 | Time: 13s981ms
Epoch: 040 | Test Loss: 0.0026940 | Time: 944ms
==> Save the model at epoch 040 with test loss 0.0026940
Total time: 9m53s
==> Saving trained model weights...
==> Input bias to be applied to the neural network (trained):
[0. 0.]
==> Input transform to be applied to the neural network (trained):
[0.5576312  0.56041247]
==> Output transform to be applied to the neural network (trained):
[1.7847 1.7916]
==> Saving training info...
==> Drawing training loss...
==> Drawing grad norm...
==> Drawing testing loss...
==> Process finished.
