==> torch device:  cuda:0
==> Test-Train split: test_ratio = 0.20
==> Test-Train split seed:  None
==> Further split: further_train_ratio = 0.25
==> Further split seed:  None
==> Input bias to be applied to the neural network:
[0. 0.]
==> Input transform to be applied to the neural network:
[0.5576312  0.56041247]
==> Ouput transform to be applied to the neural network:
[1.7847 1.7916]
==> Evaluating model...
==========================================================================================
Layer (type:depth-idx)                   Output Shape              Param #
==========================================================================================
NeuralNetwork                            [1, 2]                    6
├─Sequential: 1-1                        [1, 2]                    --
│    └─Linear: 2-1                       [1, 64]                   192
│    └─ReLU: 2-2                         [1, 64]                   --
│    └─Linear: 2-3                       [1, 64]                   4,160
│    └─ReLU: 2-4                         [1, 64]                   --
│    └─Linear: 2-5                       [1, 64]                   4,160
│    └─ReLU: 2-6                         [1, 64]                   --
│    └─Linear: 2-7                       [1, 64]                   4,160
│    └─ReLU: 2-8                         [1, 64]                   --
│    └─Linear: 2-9                       [1, 64]                   4,160
│    └─ReLU: 2-10                        [1, 64]                   --
│    └─Linear: 2-11                      [1, 64]                   4,160
│    └─ReLU: 2-12                        [1, 64]                   --
│    └─Linear: 2-13                      [1, 64]                   4,160
│    └─ReLU: 2-14                        [1, 64]                   --
│    └─Linear: 2-15                      [1, 2]                    130
├─Sequential: 1-2                        [1, 2]                    (recursive)
│    └─Linear: 2-16                      [1, 64]                   (recursive)
│    └─ReLU: 2-17                        [1, 64]                   --
│    └─Linear: 2-18                      [1, 64]                   (recursive)
│    └─ReLU: 2-19                        [1, 64]                   --
│    └─Linear: 2-20                      [1, 64]                   (recursive)
│    └─ReLU: 2-21                        [1, 64]                   --
│    └─Linear: 2-22                      [1, 64]                   (recursive)
│    └─ReLU: 2-23                        [1, 64]                   --
│    └─Linear: 2-24                      [1, 64]                   (recursive)
│    └─ReLU: 2-25                        [1, 64]                   --
│    └─Linear: 2-26                      [1, 64]                   (recursive)
│    └─ReLU: 2-27                        [1, 64]                   --
│    └─Linear: 2-28                      [1, 64]                   (recursive)
│    └─ReLU: 2-29                        [1, 64]                   --
│    └─Linear: 2-30                      [1, 2]                    (recursive)
==========================================================================================
Total params: 25,288
Trainable params: 25,282
Non-trainable params: 6
Total mult-adds (Units.MEGABYTES): 0.05
==========================================================================================
Input size (MB): 0.00
Forward/backward pass size (MB): 0.01
Params size (MB): 0.10
Estimated Total Size (MB): 0.11
==========================================================================================
==> Saving initial model weights...
==> Start training...
==> Number of param_groups in optimizer: 1
Epoch: 001 | Train Loss: 6.3823069 | Grad norm: 0.265204 | Time: 1s952ms
Epoch: 001 | Test Loss: 6.3968825 | Time: 763ms
==> Save the model at epoch 001 with test loss 6.3968825
Epoch: 002 | Train Loss: 6.3708042 | Grad norm: 0.189824 | Time: 1s749ms
Epoch: 002 | Test Loss: 6.3560726 | Time: 828ms
==> Save the model at epoch 002 with test loss 6.3560726
Epoch: 003 | Train Loss: 4.7036206 | Grad norm: 1.423831 | Time: 1s648ms
Epoch: 003 | Test Loss: 3.1613960 | Time: 760ms
==> Save the model at epoch 003 with test loss 3.1613960
Epoch: 004 | Train Loss: 3.1651645 | Grad norm: 0.583551 | Time: 1s649ms
Epoch: 004 | Test Loss: 3.1526598 | Time: 746ms
==> Save the model at epoch 004 with test loss 3.1526598
Epoch: 005 | Train Loss: 3.1579760 | Grad norm: 0.537244 | Time: 1s771ms
Epoch: 005 | Test Loss: 3.1543764 | Time: 750ms
Epoch: 006 | Train Loss: 3.1569478 | Grad norm: 0.523377 | Time: 1s647ms
Epoch: 006 | Test Loss: 3.1480999 | Time: 755ms
==> Save the model at epoch 006 with test loss 3.1480999
Epoch: 007 | Train Loss: 3.1539099 | Grad norm: 0.509214 | Time: 1s695ms
Epoch: 007 | Test Loss: 3.1516477 | Time: 811ms
Epoch: 008 | Train Loss: 3.1520580 | Grad norm: 0.526256 | Time: 1s709ms
Epoch: 008 | Test Loss: 3.1482570 | Time: 860ms
Epoch: 009 | Train Loss: 3.1527124 | Grad norm: 0.518290 | Time: 1s763ms
Epoch: 009 | Test Loss: 3.1500618 | Time: 822ms
Epoch: 010 | Train Loss: 3.1515729 | Grad norm: 0.505381 | Time: 1s701ms
Epoch: 010 | Test Loss: 3.1513557 | Time: 742ms
Epoch: 011 | Train Loss: 3.1527009 | Grad norm: 0.502797 | Time: 1s616ms
Epoch: 011 | Test Loss: 3.1496908 | Time: 754ms
Epoch: 012 | Train Loss: 3.1575491 | Grad norm: 0.503646 | Time: 1s829ms
Epoch: 012 | Test Loss: 3.1518372 | Time: 745ms
Epoch: 013 | Train Loss: 3.1586324 | Grad norm: 0.572090 | Time: 1s735ms
Epoch: 013 | Test Loss: 3.1518816 | Time: 741ms
Epoch: 014 | Train Loss: 3.1542612 | Grad norm: 0.504530 | Time: 1s743ms
Epoch: 014 | Test Loss: 3.1528115 | Time: 813ms
Epoch: 015 | Train Loss: 3.1534999 | Grad norm: 0.510385 | Time: 1s663ms
Epoch: 015 | Test Loss: 3.1518461 | Time: 744ms
Epoch: 016 | Train Loss: 3.1523219 | Grad norm: 0.549472 | Time: 1s560ms
Epoch: 016 | Test Loss: 3.1495038 | Time: 745ms
Epoch: 017 | Train Loss: 3.1552936 | Grad norm: 0.556720 | Time: 1s858ms
Epoch: 017 | Test Loss: 3.1509001 | Time: 769ms
Epoch: 018 | Train Loss: 3.1555944 | Grad norm: 0.515431 | Time: 1s889ms
Epoch: 018 | Test Loss: 3.1551861 | Time: 763ms
Epoch: 019 | Train Loss: 3.1549773 | Grad norm: 0.561518 | Time: 1s740ms
Epoch: 019 | Test Loss: 3.1523245 | Time: 832ms
Epoch: 020 | Train Loss: 3.1598502 | Grad norm: 0.497400 | Time: 1s780ms
Epoch: 020 | Test Loss: 3.1509007 | Time: 745ms
Epoch: 021 | Train Loss: 3.1565010 | Grad norm: 0.516496 | Time: 1s584ms
Epoch: 021 | Test Loss: 3.1524696 | Time: 842ms
Epoch: 022 | Train Loss: 3.1548883 | Grad norm: 0.535824 | Time: 1s705ms
Epoch: 022 | Test Loss: 3.1494914 | Time: 749ms
Epoch: 023 | Train Loss: 3.1541340 | Grad norm: 0.507101 | Time: 1s765ms
Epoch: 023 | Test Loss: 3.1508078 | Time: 747ms
Epoch: 024 | Train Loss: 3.1581192 | Grad norm: 0.509126 | Time: 1s876ms
Epoch: 024 | Test Loss: 3.1496574 | Time: 764ms
Epoch: 025 | Train Loss: 3.1550498 | Grad norm: 0.529608 | Time: 1s829ms
Epoch: 025 | Test Loss: 3.1498926 | Time: 777ms
Epoch: 026 | Train Loss: 3.1547274 | Grad norm: 0.491736 | Time: 1s678ms
Epoch: 026 | Test Loss: 3.1500177 | Time: 814ms
Epoch: 027 | Train Loss: 3.1532108 | Grad norm: 0.503830 | Time: 1s672ms
Epoch: 027 | Test Loss: 3.1516222 | Time: 760ms
Epoch: 028 | Train Loss: 3.1528690 | Grad norm: 0.513532 | Time: 1s741ms
Epoch: 028 | Test Loss: 3.1500335 | Time: 768ms
Epoch: 029 | Train Loss: 3.1557567 | Grad norm: 0.500992 | Time: 1s746ms
Epoch: 029 | Test Loss: 3.1508033 | Time: 767ms
Epoch: 030 | Train Loss: 3.1550780 | Grad norm: 0.500671 | Time: 1s668ms
Epoch: 030 | Test Loss: 3.1514669 | Time: 769ms
Epoch: 031 | Train Loss: 3.1523090 | Grad norm: 0.492882 | Time: 1s763ms
Epoch: 031 | Test Loss: 3.1535896 | Time: 747ms
Epoch: 032 | Train Loss: 3.1535452 | Grad norm: 0.494736 | Time: 1s640ms
Epoch: 032 | Test Loss: 3.1501685 | Time: 763ms
Epoch: 033 | Train Loss: 3.1566885 | Grad norm: 0.469131 | Time: 1s763ms
Epoch: 033 | Test Loss: 3.1512062 | Time: 832ms
Epoch: 034 | Train Loss: 3.1525914 | Grad norm: 0.502782 | Time: 1s826ms
Epoch: 034 | Test Loss: 3.1500408 | Time: 749ms
Epoch: 035 | Train Loss: 3.1567574 | Grad norm: 0.460963 | Time: 1s796ms
Epoch: 035 | Test Loss: 3.1503517 | Time: 773ms
Epoch: 036 | Train Loss: 3.1546050 | Grad norm: 0.469617 | Time: 1s782ms
Epoch: 036 | Test Loss: 3.1522273 | Time: 743ms
Epoch: 037 | Train Loss: 3.1520479 | Grad norm: 0.481321 | Time: 1s659ms
Epoch: 037 | Test Loss: 3.1510360 | Time: 747ms
Epoch: 038 | Train Loss: 3.1507178 | Grad norm: 0.462043 | Time: 1s638ms
Epoch: 038 | Test Loss: 3.1511130 | Time: 814ms
Epoch: 039 | Train Loss: 3.1554017 | Grad norm: 0.468846 | Time: 1s720ms
Epoch: 039 | Test Loss: 3.1504419 | Time: 792ms
Epoch: 040 | Train Loss: 3.1544364 | Grad norm: 0.448728 | Time: 1s794ms
Epoch: 040 | Test Loss: 3.1508043 | Time: 815ms
Total time: 1m40s
==> Saving trained model weights...
==> Input bias to be applied to the neural network (trained):
[0. 0.]
==> Input transform to be applied to the neural network (trained):
[0.5576312  0.56041247]
==> Output transform to be applied to the neural network (trained):
[1.7847 1.7916]
==> Saving training info...
==> Drawing training loss...
==> Drawing grad norm...
==> Drawing testing loss...
==> Process finished.
