==> torch device:  cuda:1
==> Test-Train split: test_ratio = 0.20
==> Test-Train split seed:  None
==> Further split: further_train_ratio = 0.50
==> Further split seed:  None
==> Input bias to be applied to the neural network:
[0. 0.]
==> Input transform to be applied to the neural network:
[0.5090095 0.5090095]
==> Ouput transform to be applied to the neural network:
[3.9366 3.9363]
==> Evaluating model...
==========================================================================================
Layer (type:depth-idx)                   Output Shape              Param #
==========================================================================================
NeuralNetwork                            [1, 2]                    6
├─Sequential: 1-1                        [1, 2]                    --
│    └─Linear: 2-1                       [1, 64]                   192
│    └─ReLU: 2-2                         [1, 64]                   --
│    └─Linear: 2-3                       [1, 64]                   4,160
│    └─ReLU: 2-4                         [1, 64]                   --
│    └─Linear: 2-5                       [1, 64]                   4,160
│    └─ReLU: 2-6                         [1, 64]                   --
│    └─Linear: 2-7                       [1, 64]                   4,160
│    └─ReLU: 2-8                         [1, 64]                   --
│    └─Linear: 2-9                       [1, 64]                   4,160
│    └─ReLU: 2-10                        [1, 64]                   --
│    └─Linear: 2-11                      [1, 64]                   4,160
│    └─ReLU: 2-12                        [1, 64]                   --
│    └─Linear: 2-13                      [1, 64]                   4,160
│    └─ReLU: 2-14                        [1, 64]                   --
│    └─Linear: 2-15                      [1, 2]                    130
├─Sequential: 1-2                        [1, 2]                    (recursive)
│    └─Linear: 2-16                      [1, 64]                   (recursive)
│    └─ReLU: 2-17                        [1, 64]                   --
│    └─Linear: 2-18                      [1, 64]                   (recursive)
│    └─ReLU: 2-19                        [1, 64]                   --
│    └─Linear: 2-20                      [1, 64]                   (recursive)
│    └─ReLU: 2-21                        [1, 64]                   --
│    └─Linear: 2-22                      [1, 64]                   (recursive)
│    └─ReLU: 2-23                        [1, 64]                   --
│    └─Linear: 2-24                      [1, 64]                   (recursive)
│    └─ReLU: 2-25                        [1, 64]                   --
│    └─Linear: 2-26                      [1, 64]                   (recursive)
│    └─ReLU: 2-27                        [1, 64]                   --
│    └─Linear: 2-28                      [1, 64]                   (recursive)
│    └─ReLU: 2-29                        [1, 64]                   --
│    └─Linear: 2-30                      [1, 2]                    (recursive)
==========================================================================================
Total params: 25,288
Trainable params: 25,282
Non-trainable params: 6
Total mult-adds (M): 0.05
==========================================================================================
Input size (MB): 0.00
Forward/backward pass size (MB): 0.01
Params size (MB): 0.10
Estimated Total Size (MB): 0.11
==========================================================================================
==> Saving initial model weights...
==> Start training...
==> Number of param_groups in optimizer: 1
Epoch: 001 | Train Loss: 31.2415427 | Grad norm: 0.921907 | Time: 2s794ms
Epoch: 001 | Test Loss: 30.8013690 | Time: 694ms
==> Save the model at epoch 001 with test loss 30.8013690
Epoch: 002 | Train Loss: 20.4893363 | Grad norm: 12.312315 | Time: 2s351ms
Epoch: 002 | Test Loss: 0.4530140 | Time: 680ms
==> Save the model at epoch 002 with test loss 0.4530140
Epoch: 003 | Train Loss: 0.0369541 | Grad norm: 1.565117 | Time: 2s799ms
Epoch: 003 | Test Loss: 0.0110760 | Time: 632ms
==> Save the model at epoch 003 with test loss 0.0110760
Epoch: 004 | Train Loss: 0.0113930 | Grad norm: 1.352531 | Time: 2s167ms
Epoch: 004 | Test Loss: 0.0103972 | Time: 604ms
==> Save the model at epoch 004 with test loss 0.0103972
Epoch: 005 | Train Loss: 0.0106540 | Grad norm: 1.335924 | Time: 1s965ms
Epoch: 005 | Test Loss: 0.0111634 | Time: 655ms
Epoch: 006 | Train Loss: 0.0106874 | Grad norm: 1.377433 | Time: 1s977ms
Epoch: 006 | Test Loss: 0.0099728 | Time: 599ms
==> Save the model at epoch 006 with test loss 0.0099728
Epoch: 007 | Train Loss: 0.0126193 | Grad norm: 1.739255 | Time: 1s971ms
Epoch: 007 | Test Loss: 0.0108817 | Time: 602ms
Epoch: 008 | Train Loss: 0.0134346 | Grad norm: 1.838608 | Time: 2s26ms
Epoch: 008 | Test Loss: 0.0100711 | Time: 599ms
Epoch: 009 | Train Loss: 0.0137716 | Grad norm: 1.855465 | Time: 1s968ms
Epoch: 009 | Test Loss: 0.0119303 | Time: 594ms
Epoch: 010 | Train Loss: 0.0151727 | Grad norm: 1.960755 | Time: 2s563ms
Epoch: 010 | Test Loss: 0.0120452 | Time: 716ms
Epoch: 011 | Train Loss: 0.0128879 | Grad norm: 1.771141 | Time: 2s691ms
Epoch: 011 | Test Loss: 0.0122364 | Time: 658ms
Epoch: 012 | Train Loss: 0.0127819 | Grad norm: 1.681882 | Time: 2s485ms
Epoch: 012 | Test Loss: 0.0114650 | Time: 621ms
Epoch: 013 | Train Loss: 0.0115153 | Grad norm: 1.414530 | Time: 2s179ms
Epoch: 013 | Test Loss: 0.0162460 | Time: 606ms
Epoch: 014 | Train Loss: 0.0117923 | Grad norm: 1.522655 | Time: 2s233ms
Epoch: 014 | Test Loss: 0.0111046 | Time: 632ms
Epoch: 015 | Train Loss: 0.0117741 | Grad norm: 1.456434 | Time: 2s519ms
Epoch: 015 | Test Loss: 0.0113736 | Time: 675ms
Epoch: 016 | Train Loss: 0.0112279 | Grad norm: 1.376891 | Time: 1s961ms
Epoch: 016 | Test Loss: 0.0136201 | Time: 595ms
Epoch: 017 | Train Loss: 0.0105388 | Grad norm: 1.231996 | Time: 1s962ms
Epoch: 017 | Test Loss: 0.0089968 | Time: 597ms
==> Save the model at epoch 017 with test loss 0.0089968
Epoch: 018 | Train Loss: 0.0107430 | Grad norm: 1.273352 | Time: 2s25ms
Epoch: 018 | Test Loss: 0.0110644 | Time: 598ms
Epoch: 019 | Train Loss: 0.0112351 | Grad norm: 1.360772 | Time: 1s997ms
Epoch: 019 | Test Loss: 0.0120951 | Time: 599ms
Epoch: 020 | Train Loss: 0.0101773 | Grad norm: 1.158878 | Time: 2s551ms
Epoch: 020 | Test Loss: 0.0086564 | Time: 674ms
==> Save the model at epoch 020 with test loss 0.0086564
Epoch: 021 | Train Loss: 0.0095851 | Grad norm: 1.049310 | Time: 1s983ms
Epoch: 021 | Test Loss: 0.0093430 | Time: 605ms
Epoch: 022 | Train Loss: 0.0088593 | Grad norm: 0.852119 | Time: 1s972ms
Epoch: 022 | Test Loss: 0.0087037 | Time: 601ms
Epoch: 023 | Train Loss: 0.0093471 | Grad norm: 0.980164 | Time: 2s659ms
Epoch: 023 | Test Loss: 0.0096065 | Time: 615ms
Epoch: 024 | Train Loss: 0.0088053 | Grad norm: 0.845632 | Time: 2s598ms
Epoch: 024 | Test Loss: 0.0086667 | Time: 611ms
Epoch: 025 | Train Loss: 0.0085873 | Grad norm: 0.798288 | Time: 2s937ms
Epoch: 025 | Test Loss: 0.0103535 | Time: 682ms
Epoch: 026 | Train Loss: 0.0083748 | Grad norm: 0.739674 | Time: 2s227ms
Epoch: 026 | Test Loss: 0.0088699 | Time: 611ms
Epoch: 027 | Train Loss: 0.0081991 | Grad norm: 0.686711 | Time: 1s990ms
Epoch: 027 | Test Loss: 0.0086007 | Time: 597ms
==> Save the model at epoch 027 with test loss 0.0086007
Epoch: 028 | Train Loss: 0.0081137 | Grad norm: 0.658634 | Time: 2s43ms
Epoch: 028 | Test Loss: 0.0076304 | Time: 601ms
==> Save the model at epoch 028 with test loss 0.0076304
Epoch: 029 | Train Loss: 0.0078467 | Grad norm: 0.566476 | Time: 2s233ms
Epoch: 029 | Test Loss: 0.0081421 | Time: 638ms
Epoch: 030 | Train Loss: 0.0079269 | Grad norm: 0.588928 | Time: 2s670ms
Epoch: 030 | Test Loss: 0.0080718 | Time: 671ms
Epoch: 031 | Train Loss: 0.0076406 | Grad norm: 0.477803 | Time: 2s277ms
Epoch: 031 | Test Loss: 0.0076685 | Time: 629ms
Epoch: 032 | Train Loss: 0.0076807 | Grad norm: 0.516547 | Time: 2s621ms
Epoch: 032 | Test Loss: 0.0075412 | Time: 629ms
==> Save the model at epoch 032 with test loss 0.0075412
Epoch: 033 | Train Loss: 0.0075371 | Grad norm: 0.435570 | Time: 2s709ms
Epoch: 033 | Test Loss: 0.0075394 | Time: 611ms
==> Save the model at epoch 033 with test loss 0.0075394
Epoch: 034 | Train Loss: 0.0073833 | Grad norm: 0.349058 | Time: 2s181ms
Epoch: 034 | Test Loss: 0.0075928 | Time: 629ms
Epoch: 035 | Train Loss: 0.0074166 | Grad norm: 0.380622 | Time: 2s579ms
Epoch: 035 | Test Loss: 0.0071277 | Time: 676ms
==> Save the model at epoch 035 with test loss 0.0071277
Epoch: 036 | Train Loss: 0.0073135 | Grad norm: 0.319205 | Time: 2s687ms
Epoch: 036 | Test Loss: 0.0074121 | Time: 798ms
Epoch: 037 | Train Loss: 0.0072820 | Grad norm: 0.307816 | Time: 2s897ms
Epoch: 037 | Test Loss: 0.0071692 | Time: 638ms
Epoch: 038 | Train Loss: 0.0072406 | Grad norm: 0.262718 | Time: 2s669ms
Epoch: 038 | Test Loss: 0.0071230 | Time: 614ms
==> Save the model at epoch 038 with test loss 0.0071230
Epoch: 039 | Train Loss: 0.0072063 | Grad norm: 0.248844 | Time: 2s711ms
Epoch: 039 | Test Loss: 0.0070982 | Time: 629ms
==> Save the model at epoch 039 with test loss 0.0070982
Epoch: 040 | Train Loss: 0.0071771 | Grad norm: 0.225219 | Time: 2s256ms
Epoch: 040 | Test Loss: 0.0070840 | Time: 671ms
==> Save the model at epoch 040 with test loss 0.0070840
Total time: 1m59s
==> Saving trained model weights...
==> Input bias to be applied to the neural network (trained):
[0. 0.]
==> Input transform to be applied to the neural network (trained):
[0.5090095 0.5090095]
==> Output transform to be applied to the neural network (trained):
[3.9366 3.9363]
==> Saving training info...
==> Drawing training loss...
==> Drawing grad norm...
==> Drawing testing loss...
==> Process finished.
