==> torch device:  cuda:1
==> Test-Train split: test_ratio = 0.20
==> Test-Train split seed:  None
==> Further split: further_train_ratio = 0.25
==> Further split seed:  None
==> Input bias to be applied to the neural network:
[0. 0. 0. 0.]
==> Input transform to be applied to the neural network:
[1. 1. 1. 1.]
==> Ouput transform to be applied to the neural network:
[1. 1.]
==> Evaluating model...
==========================================================================================
Layer (type:depth-idx)                   Output Shape              Param #
==========================================================================================
NeuralNetwork                            [1, 2]                    10
├─Sequential: 1-1                        [1, 2]                    --
│    └─Linear: 2-1                       [1, 64]                   320
│    └─LeakyReLU: 2-2                    [1, 64]                   --
│    └─Linear: 2-3                       [1, 64]                   4,160
│    └─LeakyReLU: 2-4                    [1, 64]                   --
│    └─Linear: 2-5                       [1, 64]                   4,160
│    └─LeakyReLU: 2-6                    [1, 64]                   --
│    └─Linear: 2-7                       [1, 64]                   4,160
│    └─LeakyReLU: 2-8                    [1, 64]                   --
│    └─Linear: 2-9                       [1, 64]                   4,160
│    └─LeakyReLU: 2-10                   [1, 64]                   --
│    └─Linear: 2-11                      [1, 64]                   4,160
│    └─LeakyReLU: 2-12                   [1, 64]                   --
│    └─Linear: 2-13                      [1, 64]                   4,160
│    └─LeakyReLU: 2-14                   [1, 64]                   --
│    └─Linear: 2-15                      [1, 2]                    130
==========================================================================================
Total params: 25,420
Trainable params: 25,410
Non-trainable params: 10
Total mult-adds (Units.MEGABYTES): 0.03
==========================================================================================
Input size (MB): 0.00
Forward/backward pass size (MB): 0.00
Params size (MB): 0.10
Estimated Total Size (MB): 0.11
==========================================================================================
==> Saving initial model weights...
==> Start training...
Epoch: 001 | Loss: 0.0018429 | L2 loss: 0.0018429 | Lip loss: 0.0000001 | Grad norm: 0.035815 | Time: 8s705ms
Epoch: 001 | Test Loss: 0.0005306 | Time: 510ms
==> Save the model at epoch 001 with test loss 0.0005306
Epoch: 002 | Loss: 0.0003560 | L2 loss: 0.0003554 | Lip loss: 0.0000007 | Grad norm: 0.005470 | Time: 8s685ms
Epoch: 002 | Test Loss: 0.0003221 | Time: 575ms
==> Save the model at epoch 002 with test loss 0.0003221
Epoch: 003 | Loss: 0.0001982 | L2 loss: 0.0001974 | Lip loss: 0.0000008 | Grad norm: 0.005373 | Time: 8s577ms
Epoch: 003 | Test Loss: 0.0000877 | Time: 502ms
==> Save the model at epoch 003 with test loss 0.0000877
Epoch: 004 | Loss: 0.0000801 | L2 loss: 0.0000793 | Lip loss: 0.0000009 | Grad norm: 0.005113 | Time: 8s229ms
Epoch: 004 | Test Loss: 0.0000721 | Time: 492ms
==> Save the model at epoch 004 with test loss 0.0000721
Epoch: 005 | Loss: 0.0000752 | L2 loss: 0.0000743 | Lip loss: 0.0000009 | Grad norm: 0.004190 | Time: 8s485ms
Epoch: 005 | Test Loss: 0.0000729 | Time: 504ms
Epoch: 006 | Loss: 0.0000702 | L2 loss: 0.0000694 | Lip loss: 0.0000009 | Grad norm: 0.001683 | Time: 8s588ms
Epoch: 006 | Test Loss: 0.0000690 | Time: 509ms
==> Save the model at epoch 006 with test loss 0.0000690
Epoch: 007 | Loss: 0.0000700 | L2 loss: 0.0000690 | Lip loss: 0.0000009 | Grad norm: 0.001772 | Time: 8s545ms
Epoch: 007 | Test Loss: 0.0000692 | Time: 506ms
Epoch: 008 | Loss: 0.0000698 | L2 loss: 0.0000689 | Lip loss: 0.0000009 | Grad norm: 0.001714 | Time: 8s477ms
Epoch: 008 | Test Loss: 0.0000686 | Time: 504ms
==> Save the model at epoch 008 with test loss 0.0000686
Epoch: 009 | Loss: 0.0000698 | L2 loss: 0.0000689 | Lip loss: 0.0000010 | Grad norm: 0.001733 | Time: 8s531ms
Epoch: 009 | Test Loss: 0.0000691 | Time: 495ms
Epoch: 010 | Loss: 0.0000698 | L2 loss: 0.0000689 | Lip loss: 0.0000009 | Grad norm: 0.002048 | Time: 8s438ms
Epoch: 010 | Test Loss: 0.0000693 | Time: 495ms
Epoch: 011 | Loss: 0.0000692 | L2 loss: 0.0000683 | Lip loss: 0.0000010 | Grad norm: 0.001426 | Time: 8s482ms
Epoch: 011 | Test Loss: 0.0000684 | Time: 499ms
==> Save the model at epoch 011 with test loss 0.0000684
Epoch: 012 | Loss: 0.0000690 | L2 loss: 0.0000682 | Lip loss: 0.0000008 | Grad norm: 0.001462 | Time: 8s422ms
Epoch: 012 | Test Loss: 0.0000684 | Time: 498ms
Epoch: 013 | Loss: 0.0000690 | L2 loss: 0.0000682 | Lip loss: 0.0000008 | Grad norm: 0.001396 | Time: 8s433ms
Epoch: 013 | Test Loss: 0.0000685 | Time: 562ms
Epoch: 014 | Loss: 0.0000692 | L2 loss: 0.0000682 | Lip loss: 0.0000010 | Grad norm: 0.001377 | Time: 8s500ms
Epoch: 014 | Test Loss: 0.0000683 | Time: 510ms
==> Save the model at epoch 014 with test loss 0.0000683
Epoch: 015 | Loss: 0.0000691 | L2 loss: 0.0000681 | Lip loss: 0.0000009 | Grad norm: 0.001479 | Time: 8s535ms
Epoch: 015 | Test Loss: 0.0000684 | Time: 496ms
Epoch: 016 | Loss: 0.0000691 | L2 loss: 0.0000681 | Lip loss: 0.0000010 | Grad norm: 0.001376 | Time: 8s572ms
Epoch: 016 | Test Loss: 0.0000683 | Time: 567ms
==> Save the model at epoch 016 with test loss 0.0000683
Epoch: 017 | Loss: 0.0000690 | L2 loss: 0.0000681 | Lip loss: 0.0000009 | Grad norm: 0.001341 | Time: 8s528ms
Epoch: 017 | Test Loss: 0.0000683 | Time: 500ms
Epoch: 018 | Loss: 0.0000690 | L2 loss: 0.0000681 | Lip loss: 0.0000009 | Grad norm: 0.001429 | Time: 8s472ms
Epoch: 018 | Test Loss: 0.0000683 | Time: 495ms
==> Save the model at epoch 018 with test loss 0.0000683
Epoch: 019 | Loss: 0.0000690 | L2 loss: 0.0000681 | Lip loss: 0.0000009 | Grad norm: 0.001419 | Time: 8s435ms
Epoch: 019 | Test Loss: 0.0000683 | Time: 492ms
Epoch: 020 | Loss: 0.0000690 | L2 loss: 0.0000681 | Lip loss: 0.0000009 | Grad norm: 0.001255 | Time: 8s383ms
Epoch: 020 | Test Loss: 0.0000683 | Time: 501ms
==> Save the model at epoch 020 with test loss 0.0000683
Epoch: 021 | Loss: 0.0000690 | L2 loss: 0.0000681 | Lip loss: 0.0000009 | Grad norm: 0.001392 | Time: 8s530ms
Epoch: 021 | Test Loss: 0.0000683 | Time: 501ms
Epoch: 022 | Loss: 0.0000690 | L2 loss: 0.0000681 | Lip loss: 0.0000009 | Grad norm: 0.001432 | Time: 8s750ms
Epoch: 022 | Test Loss: 0.0000683 | Time: 504ms
Epoch: 023 | Loss: 0.0000690 | L2 loss: 0.0000681 | Lip loss: 0.0000009 | Grad norm: 0.001307 | Time: 8s590ms
Epoch: 023 | Test Loss: 0.0000683 | Time: 493ms
Epoch: 024 | Loss: 0.0000689 | L2 loss: 0.0000681 | Lip loss: 0.0000009 | Grad norm: 0.001348 | Time: 8s493ms
Epoch: 024 | Test Loss: 0.0000683 | Time: 578ms
Epoch: 025 | Loss: 0.0000690 | L2 loss: 0.0000681 | Lip loss: 0.0000010 | Grad norm: 0.001274 | Time: 8s695ms
Epoch: 025 | Test Loss: 0.0000683 | Time: 513ms
Epoch: 026 | Loss: 0.0000689 | L2 loss: 0.0000680 | Lip loss: 0.0000009 | Grad norm: 0.001455 | Time: 8s593ms
Epoch: 026 | Test Loss: 0.0000683 | Time: 496ms
Epoch: 027 | Loss: 0.0000690 | L2 loss: 0.0000681 | Lip loss: 0.0000009 | Grad norm: 0.001430 | Time: 8s593ms
Epoch: 027 | Test Loss: 0.0000683 | Time: 580ms
Epoch: 028 | Loss: 0.0000690 | L2 loss: 0.0000681 | Lip loss: 0.0000009 | Grad norm: 0.001404 | Time: 8s382ms
Epoch: 028 | Test Loss: 0.0000683 | Time: 502ms
Epoch: 029 | Loss: 0.0000690 | L2 loss: 0.0000681 | Lip loss: 0.0000009 | Grad norm: 0.001313 | Time: 8s485ms
Epoch: 029 | Test Loss: 0.0000683 | Time: 509ms
Epoch: 030 | Loss: 0.0000689 | L2 loss: 0.0000681 | Lip loss: 0.0000008 | Grad norm: 0.001345 | Time: 8s368ms
Epoch: 030 | Test Loss: 0.0000683 | Time: 506ms
Epoch: 031 | Loss: 0.0000691 | L2 loss: 0.0000681 | Lip loss: 0.0000011 | Grad norm: 0.001376 | Time: 8s344ms
Epoch: 031 | Test Loss: 0.0000683 | Time: 504ms
Epoch: 032 | Loss: 0.0000690 | L2 loss: 0.0000681 | Lip loss: 0.0000009 | Grad norm: 0.001283 | Time: 8s598ms
Epoch: 032 | Test Loss: 0.0000683 | Time: 497ms
Epoch: 033 | Loss: 0.0000690 | L2 loss: 0.0000681 | Lip loss: 0.0000009 | Grad norm: 0.001264 | Time: 8s253ms
Epoch: 033 | Test Loss: 0.0000683 | Time: 505ms
Epoch: 034 | Loss: 0.0000690 | L2 loss: 0.0000681 | Lip loss: 0.0000009 | Grad norm: 0.001305 | Time: 8s342ms
Epoch: 034 | Test Loss: 0.0000683 | Time: 516ms
Epoch: 035 | Loss: 0.0000689 | L2 loss: 0.0000681 | Lip loss: 0.0000009 | Grad norm: 0.001379 | Time: 8s473ms
Epoch: 035 | Test Loss: 0.0000683 | Time: 589ms
Epoch: 036 | Loss: 0.0000690 | L2 loss: 0.0000681 | Lip loss: 0.0000009 | Grad norm: 0.001323 | Time: 8s567ms
Epoch: 036 | Test Loss: 0.0000683 | Time: 497ms
Epoch: 037 | Loss: 0.0000690 | L2 loss: 0.0000681 | Lip loss: 0.0000009 | Grad norm: 0.001245 | Time: 8s652ms
Epoch: 037 | Test Loss: 0.0000683 | Time: 499ms
Epoch: 038 | Loss: 0.0000690 | L2 loss: 0.0000681 | Lip loss: 0.0000009 | Grad norm: 0.001291 | Time: 8s630ms
Epoch: 038 | Test Loss: 0.0000683 | Time: 573ms
Epoch: 039 | Loss: 0.0000690 | L2 loss: 0.0000681 | Lip loss: 0.0000010 | Grad norm: 0.001293 | Time: 8s727ms
Epoch: 039 | Test Loss: 0.0000683 | Time: 514ms
Epoch: 040 | Loss: 0.0000690 | L2 loss: 0.0000681 | Lip loss: 0.0000009 | Grad norm: 0.001301 | Time: 8s484ms
Epoch: 040 | Test Loss: 0.0000683 | Time: 510ms
Total time: 6m1s
==> Saving trained model weights...
==> Input bias to be applied to the neural network (trained):
[0. 0. 0. 0.]
==> Input transform to be applied to the neural network (trained):
[1. 1. 1. 1.]
==> Output transform to be applied to the neural network (trained):
[1. 1.]
==> Saving training info...
==> Drawing training loss...
==> Drawing grad norm...
==> Drawing testing loss...
==> Drawing l2 loss...
==> Drawing lip loss...
==> Process finished.
