==> torch device:  cuda:1
==> Test-Train split: test_ratio = 0.20
==> Test-Train split seed:  None
==> Further split: further_train_ratio = 0.25
==> Further split seed:  None
==> Input bias to be applied to the neural network:
[0. 0.]
==> Input transform to be applied to the neural network:
[0.5123476 0.5241365]
==> Ouput transform to be applied to the neural network:
[1.908  1.9349]
==> Evaluating model...
==========================================================================================
Layer (type:depth-idx)                   Output Shape              Param #
==========================================================================================
NeuralNetwork                            [1, 2]                    6
├─Sequential: 1-1                        [1, 2]                    --
│    └─Linear: 2-1                       [1, 64]                   192
│    └─ReLU: 2-2                         [1, 64]                   --
│    └─Linear: 2-3                       [1, 64]                   4,160
│    └─ReLU: 2-4                         [1, 64]                   --
│    └─Linear: 2-5                       [1, 64]                   4,160
│    └─ReLU: 2-6                         [1, 64]                   --
│    └─Linear: 2-7                       [1, 64]                   4,160
│    └─ReLU: 2-8                         [1, 64]                   --
│    └─Linear: 2-9                       [1, 64]                   4,160
│    └─ReLU: 2-10                        [1, 64]                   --
│    └─Linear: 2-11                      [1, 64]                   4,160
│    └─ReLU: 2-12                        [1, 64]                   --
│    └─Linear: 2-13                      [1, 64]                   4,160
│    └─ReLU: 2-14                        [1, 64]                   --
│    └─Linear: 2-15                      [1, 2]                    130
├─Sequential: 1-2                        [1, 2]                    (recursive)
│    └─Linear: 2-16                      [1, 64]                   (recursive)
│    └─ReLU: 2-17                        [1, 64]                   --
│    └─Linear: 2-18                      [1, 64]                   (recursive)
│    └─ReLU: 2-19                        [1, 64]                   --
│    └─Linear: 2-20                      [1, 64]                   (recursive)
│    └─ReLU: 2-21                        [1, 64]                   --
│    └─Linear: 2-22                      [1, 64]                   (recursive)
│    └─ReLU: 2-23                        [1, 64]                   --
│    └─Linear: 2-24                      [1, 64]                   (recursive)
│    └─ReLU: 2-25                        [1, 64]                   --
│    └─Linear: 2-26                      [1, 64]                   (recursive)
│    └─ReLU: 2-27                        [1, 64]                   --
│    └─Linear: 2-28                      [1, 64]                   (recursive)
│    └─ReLU: 2-29                        [1, 64]                   --
│    └─Linear: 2-30                      [1, 2]                    (recursive)
==========================================================================================
Total params: 25,288
Trainable params: 25,282
Non-trainable params: 6
Total mult-adds (Units.MEGABYTES): 0.05
==========================================================================================
Input size (MB): 0.00
Forward/backward pass size (MB): 0.01
Params size (MB): 0.10
Estimated Total Size (MB): 0.11
==========================================================================================
==> Saving initial model weights...
==> Start training...
==> Number of param_groups in optimizer: 1
Epoch: 001 | Train Loss: 7.3957938 | Grad norm: 0.195180 | Time: 1s364ms
Epoch: 001 | Test Loss: 7.4444615 | Time: 511ms
==> Save the model at epoch 001 with test loss 7.4444615
Epoch: 002 | Train Loss: 7.3877401 | Grad norm: 0.157794 | Time: 1s122ms
Epoch: 002 | Test Loss: 7.4276522 | Time: 507ms
==> Save the model at epoch 002 with test loss 7.4276522
Epoch: 003 | Train Loss: 7.0390254 | Grad norm: 1.101136 | Time: 1s226ms
Epoch: 003 | Test Loss: 5.9894869 | Time: 587ms
==> Save the model at epoch 003 with test loss 5.9894869
Epoch: 004 | Train Loss: 4.2445889 | Grad norm: 1.532467 | Time: 1s176ms
Epoch: 004 | Test Loss: 3.9312153 | Time: 549ms
==> Save the model at epoch 004 with test loss 3.9312153
Epoch: 005 | Train Loss: 3.8560171 | Grad norm: 0.672770 | Time: 1s156ms
Epoch: 005 | Test Loss: 3.8065421 | Time: 502ms
==> Save the model at epoch 005 with test loss 3.8065421
Epoch: 006 | Train Loss: 3.7112053 | Grad norm: 0.791472 | Time: 1s127ms
Epoch: 006 | Test Loss: 3.6162605 | Time: 530ms
==> Save the model at epoch 006 with test loss 3.6162605
Epoch: 007 | Train Loss: 3.5828721 | Grad norm: 0.737033 | Time: 1s198ms
Epoch: 007 | Test Loss: 3.5313930 | Time: 527ms
==> Save the model at epoch 007 with test loss 3.5313930
Epoch: 008 | Train Loss: 3.5447547 | Grad norm: 0.696636 | Time: 1s32ms
Epoch: 008 | Test Loss: 3.5331798 | Time: 515ms
Epoch: 009 | Train Loss: 3.5552720 | Grad norm: 0.669241 | Time: 1s112ms
Epoch: 009 | Test Loss: 3.5384564 | Time: 518ms
Epoch: 010 | Train Loss: 3.5527185 | Grad norm: 0.663665 | Time: 1s161ms
Epoch: 010 | Test Loss: 3.5448679 | Time: 598ms
Epoch: 011 | Train Loss: 3.5604807 | Grad norm: 0.636465 | Time: 1s166ms
Epoch: 011 | Test Loss: 3.5575374 | Time: 504ms
Epoch: 012 | Train Loss: 3.5609716 | Grad norm: 0.665100 | Time: 1s109ms
Epoch: 012 | Test Loss: 3.5520344 | Time: 508ms
Epoch: 013 | Train Loss: 3.5651315 | Grad norm: 0.740550 | Time: 1s136ms
Epoch: 013 | Test Loss: 3.5529805 | Time: 535ms
Epoch: 014 | Train Loss: 3.5666211 | Grad norm: 0.670357 | Time: 1s201ms
Epoch: 014 | Test Loss: 3.5595553 | Time: 506ms
Epoch: 015 | Train Loss: 3.5657231 | Grad norm: 0.645753 | Time: 1s154ms
Epoch: 015 | Test Loss: 3.5603765 | Time: 515ms
Epoch: 016 | Train Loss: 3.5714921 | Grad norm: 0.631974 | Time: 1s108ms
Epoch: 016 | Test Loss: 3.5667290 | Time: 503ms
Epoch: 017 | Train Loss: 3.5720886 | Grad norm: 0.601514 | Time: 1s199ms
Epoch: 017 | Test Loss: 3.5605350 | Time: 597ms
Epoch: 018 | Train Loss: 3.5678829 | Grad norm: 0.667584 | Time: 1s237ms
Epoch: 018 | Test Loss: 3.5657640 | Time: 569ms
Epoch: 019 | Train Loss: 3.5737384 | Grad norm: 0.682581 | Time: 1s146ms
Epoch: 019 | Test Loss: 3.5655897 | Time: 522ms
Epoch: 020 | Train Loss: 3.5729023 | Grad norm: 0.622172 | Time: 1s121ms
Epoch: 020 | Test Loss: 3.5660999 | Time: 508ms
Epoch: 021 | Train Loss: 3.5719783 | Grad norm: 0.602508 | Time: 1s257ms
Epoch: 021 | Test Loss: 3.5679833 | Time: 522ms
Epoch: 022 | Train Loss: 3.5750078 | Grad norm: 0.621588 | Time: 1s105ms
Epoch: 022 | Test Loss: 3.5643199 | Time: 512ms
Epoch: 023 | Train Loss: 3.5700268 | Grad norm: 0.640637 | Time: 1s95ms
Epoch: 023 | Test Loss: 3.5641584 | Time: 505ms
Epoch: 024 | Train Loss: 3.5730312 | Grad norm: 0.627171 | Time: 1s83ms
Epoch: 024 | Test Loss: 3.5650634 | Time: 593ms
Epoch: 025 | Train Loss: 3.5715412 | Grad norm: 0.552545 | Time: 1s5ms
Epoch: 025 | Test Loss: 3.5653507 | Time: 503ms
Epoch: 026 | Train Loss: 3.5714567 | Grad norm: 0.600866 | Time: 1s131ms
Epoch: 026 | Test Loss: 3.5662982 | Time: 504ms
Epoch: 027 | Train Loss: 3.5746911 | Grad norm: 0.593984 | Time: 1s146ms
Epoch: 027 | Test Loss: 3.5657226 | Time: 503ms
Epoch: 028 | Train Loss: 3.5729688 | Grad norm: 0.561029 | Time: 1s296ms
Epoch: 028 | Test Loss: 3.5726645 | Time: 514ms
Epoch: 029 | Train Loss: 3.5743693 | Grad norm: 0.614546 | Time: 993ms
Epoch: 029 | Test Loss: 3.5663945 | Time: 507ms
Epoch: 030 | Train Loss: 3.5727969 | Grad norm: 0.561981 | Time: 1s43ms
Epoch: 030 | Test Loss: 3.5674937 | Time: 524ms
Epoch: 031 | Train Loss: 3.5728915 | Grad norm: 0.535440 | Time: 1s176ms
Epoch: 031 | Test Loss: 3.5665830 | Time: 569ms
Epoch: 032 | Train Loss: 3.5742170 | Grad norm: 0.586382 | Time: 1s175ms
Epoch: 032 | Test Loss: 3.5659570 | Time: 503ms
Epoch: 033 | Train Loss: 3.5736392 | Grad norm: 0.597576 | Time: 1s135ms
Epoch: 033 | Test Loss: 3.5670147 | Time: 507ms
Epoch: 034 | Train Loss: 3.5736062 | Grad norm: 0.589426 | Time: 1s180ms
Epoch: 034 | Test Loss: 3.5669197 | Time: 575ms
Epoch: 035 | Train Loss: 3.5734237 | Grad norm: 0.576739 | Time: 1s298ms
Epoch: 035 | Test Loss: 3.5678591 | Time: 584ms
Epoch: 036 | Train Loss: 3.5740770 | Grad norm: 0.516347 | Time: 1s135ms
Epoch: 036 | Test Loss: 3.5661515 | Time: 522ms
Epoch: 037 | Train Loss: 3.5725657 | Grad norm: 0.563586 | Time: 1s183ms
Epoch: 037 | Test Loss: 3.5669911 | Time: 506ms
Epoch: 038 | Train Loss: 3.5719165 | Grad norm: 0.553290 | Time: 1s111ms
Epoch: 038 | Test Loss: 3.5669252 | Time: 504ms
Epoch: 039 | Train Loss: 3.5716113 | Grad norm: 0.543355 | Time: 1s198ms
Epoch: 039 | Test Loss: 3.5669877 | Time: 504ms
Epoch: 040 | Train Loss: 3.5725298 | Grad norm: 0.543204 | Time: 1s120ms
Epoch: 040 | Test Loss: 3.5667173 | Time: 514ms
Total time: 1m7s
==> Saving trained model weights...
==> Input bias to be applied to the neural network (trained):
[0. 0.]
==> Input transform to be applied to the neural network (trained):
[0.5123476 0.5241365]
==> Output transform to be applied to the neural network (trained):
[1.908  1.9349]
==> Saving training info...
==> Drawing training loss...
==> Drawing grad norm...
==> Drawing testing loss...
==> Process finished.
