==> torch device:  cuda:3
==> Test-Train split: test_ratio = 0.20
==> Test-Train split seed:  None
==> Further split: further_train_ratio = 0.25
==> Further split seed:  None
==> Lipschitz constant: 128.00
==> Input bias to be applied to the neural network:
[0. 0. 0. 0.]
==> Input transform to be applied to the neural network:
[0.708416   0.723275   0.67681897 0.67421794]
==> Ouput transform to be applied to the neural network:
[0.2339 0.2936]
==> Evaluating model...
==========================================================================================
Layer (type:depth-idx)                   Output Shape              Param #
==========================================================================================
NeuralNetwork                            [1, 2]                    10
├─Sequential: 1-1                        [1, 2]                    --
│    └─SandwichFc: 2-1                   [1, 64]                   4,481
│    └─SandwichFc: 2-2                   [1, 64]                   8,321
│    └─SandwichFc: 2-3                   [1, 64]                   8,321
│    └─SandwichFc: 2-4                   [1, 64]                   8,321
│    └─SandwichFc: 2-5                   [1, 64]                   8,321
│    └─SandwichFc: 2-6                   [1, 64]                   8,321
│    └─SandwichFc: 2-7                   [1, 64]                   8,321
│    └─SandwichLin: 2-8                  [1, 2]                    135
├─Sequential: 1-2                        [1, 2]                    (recursive)
│    └─SandwichFc: 2-9                   [1, 64]                   (recursive)
│    └─SandwichFc: 2-10                  [1, 64]                   (recursive)
│    └─SandwichFc: 2-11                  [1, 64]                   (recursive)
│    └─SandwichFc: 2-12                  [1, 64]                   (recursive)
│    └─SandwichFc: 2-13                  [1, 64]                   (recursive)
│    └─SandwichFc: 2-14                  [1, 64]                   (recursive)
│    └─SandwichFc: 2-15                  [1, 64]                   (recursive)
│    └─SandwichLin: 2-16                 [1, 2]                    (recursive)
==========================================================================================
Total params: 54,552
Trainable params: 54,542
Non-trainable params: 10
Total mult-adds (Units.MEGABYTES): 0.11
==========================================================================================
Input size (MB): 0.00
Forward/backward pass size (MB): 0.01
Params size (MB): 0.22
Estimated Total Size (MB): 0.23
==========================================================================================
==> Saving initial model weights...
==> Start training...
==> Number of param_groups in optimizer: 1
Epoch: 001 | Train Loss: 0.2955453 | Grad norm: 8.241863 | Time: 4s895ms
Epoch: 001 | Test Loss: 0.2935410 | Time: 614ms
==> Save the model at epoch 001 with test loss 0.2935410
Epoch: 002 | Train Loss: 0.0273697 | Grad norm: 0.973812 | Time: 4s283ms
Epoch: 002 | Test Loss: 0.0108904 | Time: 625ms
==> Save the model at epoch 002 with test loss 0.0108904
Epoch: 003 | Train Loss: 0.0116749 | Grad norm: 0.387482 | Time: 4s235ms
Epoch: 003 | Test Loss: 0.0102127 | Time: 692ms
==> Save the model at epoch 003 with test loss 0.0102127
Epoch: 004 | Train Loss: 0.0113903 | Grad norm: 0.303707 | Time: 4s265ms
Epoch: 004 | Test Loss: 0.0107345 | Time: 613ms
Epoch: 005 | Train Loss: 0.0115967 | Grad norm: 0.284752 | Time: 4s209ms
Epoch: 005 | Test Loss: 0.0104350 | Time: 610ms
Epoch: 006 | Train Loss: 0.0112808 | Grad norm: 0.231217 | Time: 4s310ms
Epoch: 006 | Test Loss: 0.0106036 | Time: 614ms
Epoch: 007 | Train Loss: 0.0110872 | Grad norm: 0.213792 | Time: 4s298ms
Epoch: 007 | Test Loss: 0.0105615 | Time: 678ms
Epoch: 008 | Train Loss: 0.0113914 | Grad norm: 0.227572 | Time: 4s279ms
Epoch: 008 | Test Loss: 0.0105524 | Time: 612ms
Epoch: 009 | Train Loss: 0.0112041 | Grad norm: 0.201653 | Time: 4s175ms
Epoch: 009 | Test Loss: 0.0100702 | Time: 616ms
==> Save the model at epoch 009 with test loss 0.0100702
Epoch: 010 | Train Loss: 0.0112025 | Grad norm: 0.206007 | Time: 4s296ms
Epoch: 010 | Test Loss: 0.0101871 | Time: 624ms
Epoch: 011 | Train Loss: 0.0109513 | Grad norm: 0.199983 | Time: 4s356ms
Epoch: 011 | Test Loss: 0.0098162 | Time: 682ms
==> Save the model at epoch 011 with test loss 0.0098162
Epoch: 012 | Train Loss: 0.0106928 | Grad norm: 0.181121 | Time: 4s272ms
Epoch: 012 | Test Loss: 0.0100328 | Time: 612ms
Epoch: 013 | Train Loss: 0.0105127 | Grad norm: 0.162565 | Time: 4s289ms
Epoch: 013 | Test Loss: 0.0100184 | Time: 623ms
Epoch: 014 | Train Loss: 0.0101898 | Grad norm: 0.147854 | Time: 4s2ms
Epoch: 014 | Test Loss: 0.0095014 | Time: 607ms
==> Save the model at epoch 014 with test loss 0.0095014
Epoch: 015 | Train Loss: 0.0102754 | Grad norm: 0.167704 | Time: 4s184ms
Epoch: 015 | Test Loss: 0.0099477 | Time: 682ms
Epoch: 016 | Train Loss: 0.0102346 | Grad norm: 0.168231 | Time: 4s89ms
Epoch: 016 | Test Loss: 0.0099775 | Time: 618ms
Epoch: 017 | Train Loss: 0.0099149 | Grad norm: 0.149360 | Time: 4s285ms
Epoch: 017 | Test Loss: 0.0095201 | Time: 629ms
Epoch: 018 | Train Loss: 0.0099364 | Grad norm: 0.155472 | Time: 4s273ms
Epoch: 018 | Test Loss: 0.0098679 | Time: 618ms
Epoch: 019 | Train Loss: 0.0099708 | Grad norm: 0.169951 | Time: 4s259ms
Epoch: 019 | Test Loss: 0.0091088 | Time: 611ms
==> Save the model at epoch 019 with test loss 0.0091088
Epoch: 020 | Train Loss: 0.0095585 | Grad norm: 0.151323 | Time: 4s341ms
Epoch: 020 | Test Loss: 0.0095247 | Time: 603ms
Epoch: 021 | Train Loss: 0.0094260 | Grad norm: 0.139692 | Time: 4s129ms
Epoch: 021 | Test Loss: 0.0091124 | Time: 626ms
Epoch: 022 | Train Loss: 0.0092699 | Grad norm: 0.154820 | Time: 4s410ms
Epoch: 022 | Test Loss: 0.0087068 | Time: 616ms
==> Save the model at epoch 022 with test loss 0.0087068
Epoch: 023 | Train Loss: 0.0093092 | Grad norm: 0.154967 | Time: 4s413ms
Epoch: 023 | Test Loss: 0.0092027 | Time: 618ms
Epoch: 024 | Train Loss: 0.0090206 | Grad norm: 0.142848 | Time: 4s34ms
Epoch: 024 | Test Loss: 0.0085964 | Time: 611ms
==> Save the model at epoch 024 with test loss 0.0085964
Epoch: 025 | Train Loss: 0.0087752 | Grad norm: 0.153391 | Time: 4s95ms
Epoch: 025 | Test Loss: 0.0087635 | Time: 612ms
Epoch: 026 | Train Loss: 0.0087086 | Grad norm: 0.140958 | Time: 4s36ms
Epoch: 026 | Test Loss: 0.0084912 | Time: 626ms
==> Save the model at epoch 026 with test loss 0.0084912
Epoch: 027 | Train Loss: 0.0084986 | Grad norm: 0.137362 | Time: 4s386ms
Epoch: 027 | Test Loss: 0.0081086 | Time: 641ms
==> Save the model at epoch 027 with test loss 0.0081086
Epoch: 028 | Train Loss: 0.0083984 | Grad norm: 0.136730 | Time: 4s94ms
Epoch: 028 | Test Loss: 0.0085961 | Time: 608ms
Epoch: 029 | Train Loss: 0.0081447 | Grad norm: 0.131657 | Time: 4s154ms
Epoch: 029 | Test Loss: 0.0079451 | Time: 610ms
==> Save the model at epoch 029 with test loss 0.0079451
Epoch: 030 | Train Loss: 0.0079773 | Grad norm: 0.131594 | Time: 4s83ms
Epoch: 030 | Test Loss: 0.0078859 | Time: 614ms
==> Save the model at epoch 030 with test loss 0.0078859
Epoch: 031 | Train Loss: 0.0079623 | Grad norm: 0.134015 | Time: 4s264ms
Epoch: 031 | Test Loss: 0.0079654 | Time: 619ms
Epoch: 032 | Train Loss: 0.0078656 | Grad norm: 0.128289 | Time: 4s208ms
Epoch: 032 | Test Loss: 0.0079525 | Time: 612ms
Epoch: 033 | Train Loss: 0.0077006 | Grad norm: 0.125835 | Time: 4s377ms
Epoch: 033 | Test Loss: 0.0077240 | Time: 619ms
==> Save the model at epoch 033 with test loss 0.0077240
Epoch: 034 | Train Loss: 0.0075649 | Grad norm: 0.122211 | Time: 4s397ms
Epoch: 034 | Test Loss: 0.0076004 | Time: 622ms
==> Save the model at epoch 034 with test loss 0.0076004
Epoch: 035 | Train Loss: 0.0074300 | Grad norm: 0.118813 | Time: 4s392ms
Epoch: 035 | Test Loss: 0.0075735 | Time: 620ms
==> Save the model at epoch 035 with test loss 0.0075735
Epoch: 036 | Train Loss: 0.0073690 | Grad norm: 0.118707 | Time: 4s283ms
Epoch: 036 | Test Loss: 0.0075372 | Time: 626ms
==> Save the model at epoch 036 with test loss 0.0075372
Epoch: 037 | Train Loss: 0.0072890 | Grad norm: 0.116476 | Time: 4s111ms
Epoch: 037 | Test Loss: 0.0074562 | Time: 606ms
==> Save the model at epoch 037 with test loss 0.0074562
Epoch: 038 | Train Loss: 0.0072326 | Grad norm: 0.113331 | Time: 4s182ms
Epoch: 038 | Test Loss: 0.0074075 | Time: 680ms
==> Save the model at epoch 038 with test loss 0.0074075
Epoch: 039 | Train Loss: 0.0071845 | Grad norm: 0.109958 | Time: 4s310ms
Epoch: 039 | Test Loss: 0.0073696 | Time: 615ms
==> Save the model at epoch 039 with test loss 0.0073696
Epoch: 040 | Train Loss: 0.0071496 | Grad norm: 0.111036 | Time: 4s178ms
Epoch: 040 | Test Loss: 0.0073639 | Time: 620ms
==> Save the model at epoch 040 with test loss 0.0073639
Total time: 3m15s
==> Saving trained model weights...
==> Input bias to be applied to the neural network (trained):
[0. 0. 0. 0.]
==> Input transform to be applied to the neural network (trained):
[0.708416   0.723275   0.67681897 0.67421794]
==> Output transform to be applied to the neural network (trained):
[0.2339 0.2936]
==> Saving training info...
==> Drawing training loss...
==> Drawing grad norm...
==> Drawing testing loss...
==> Process finished.
