==> torch device:  cuda:3
==> Test-Train split: test_ratio = 0.20
==> Test-Train split seed:  None
==> Further split: further_train_ratio = 1.00
==> Further split seed:  None
==> Input bias to be applied to the neural network:
[0. 0.]
==> Input transform to be applied to the neural network:
[0.496845   0.52004784]
==> Ouput transform to be applied to the neural network:
[1.9242 2.0182]
==> Evaluating model...
==========================================================================================
Layer (type:depth-idx)                   Output Shape              Param #
==========================================================================================
NeuralNetwork                            [1, 2]                    6
├─Sequential: 1-1                        [1, 2]                    --
│    └─Linear: 2-1                       [1, 64]                   192
│    └─ReLU: 2-2                         [1, 64]                   --
│    └─Linear: 2-3                       [1, 64]                   4,160
│    └─ReLU: 2-4                         [1, 64]                   --
│    └─Linear: 2-5                       [1, 64]                   4,160
│    └─ReLU: 2-6                         [1, 64]                   --
│    └─Linear: 2-7                       [1, 64]                   4,160
│    └─ReLU: 2-8                         [1, 64]                   --
│    └─Linear: 2-9                       [1, 64]                   4,160
│    └─ReLU: 2-10                        [1, 64]                   --
│    └─Linear: 2-11                      [1, 64]                   4,160
│    └─ReLU: 2-12                        [1, 64]                   --
│    └─Linear: 2-13                      [1, 64]                   4,160
│    └─ReLU: 2-14                        [1, 64]                   --
│    └─Linear: 2-15                      [1, 2]                    130
├─Sequential: 1-2                        [1, 2]                    (recursive)
│    └─Linear: 2-16                      [1, 64]                   (recursive)
│    └─ReLU: 2-17                        [1, 64]                   --
│    └─Linear: 2-18                      [1, 64]                   (recursive)
│    └─ReLU: 2-19                        [1, 64]                   --
│    └─Linear: 2-20                      [1, 64]                   (recursive)
│    └─ReLU: 2-21                        [1, 64]                   --
│    └─Linear: 2-22                      [1, 64]                   (recursive)
│    └─ReLU: 2-23                        [1, 64]                   --
│    └─Linear: 2-24                      [1, 64]                   (recursive)
│    └─ReLU: 2-25                        [1, 64]                   --
│    └─Linear: 2-26                      [1, 64]                   (recursive)
│    └─ReLU: 2-27                        [1, 64]                   --
│    └─Linear: 2-28                      [1, 64]                   (recursive)
│    └─ReLU: 2-29                        [1, 64]                   --
│    └─Linear: 2-30                      [1, 2]                    (recursive)
==========================================================================================
Total params: 25,288
Trainable params: 25,282
Non-trainable params: 6
Total mult-adds (Units.MEGABYTES): 0.05
==========================================================================================
Input size (MB): 0.00
Forward/backward pass size (MB): 0.01
Params size (MB): 0.10
Estimated Total Size (MB): 0.11
==========================================================================================
==> Saving initial model weights...
==> Start training...
==> Number of param_groups in optimizer: 1
Epoch: 001 | Train Loss: 7.7907105 | Grad norm: 0.244419 | Time: 4s412ms
Epoch: 001 | Test Loss: 7.7327431 | Time: 453ms
==> Save the model at epoch 001 with test loss 7.7327431
Epoch: 002 | Train Loss: 0.3998378 | Grad norm: 2.182951 | Time: 4s58ms
Epoch: 002 | Test Loss: 0.0150279 | Time: 483ms
==> Save the model at epoch 002 with test loss 0.0150279
Epoch: 003 | Train Loss: 0.0241191 | Grad norm: 1.603238 | Time: 4s169ms
Epoch: 003 | Test Loss: 0.0141689 | Time: 469ms
==> Save the model at epoch 003 with test loss 0.0141689
Epoch: 004 | Train Loss: 0.0311797 | Grad norm: 1.730309 | Time: 4s59ms
Epoch: 004 | Test Loss: 0.0247352 | Time: 490ms
Epoch: 005 | Train Loss: 0.0326444 | Grad norm: 1.731394 | Time: 4s211ms
Epoch: 005 | Test Loss: 0.0236530 | Time: 471ms
Epoch: 006 | Train Loss: 0.0388148 | Grad norm: 1.931187 | Time: 4s141ms
Epoch: 006 | Test Loss: 0.0252082 | Time: 518ms
Epoch: 007 | Train Loss: 0.0372650 | Grad norm: 1.798850 | Time: 4s102ms
Epoch: 007 | Test Loss: 0.0214332 | Time: 446ms
Epoch: 008 | Train Loss: 0.0375503 | Grad norm: 1.900646 | Time: 4s217ms
Epoch: 008 | Test Loss: 0.0207831 | Time: 504ms
Epoch: 009 | Train Loss: 0.0344681 | Grad norm: 1.713618 | Time: 4s504ms
Epoch: 009 | Test Loss: 0.0271933 | Time: 456ms
Epoch: 010 | Train Loss: 0.0323269 | Grad norm: 1.614099 | Time: 4s185ms
Epoch: 010 | Test Loss: 0.0270889 | Time: 452ms
Epoch: 011 | Train Loss: 0.0271805 | Grad norm: 1.402983 | Time: 4s688ms
Epoch: 011 | Test Loss: 0.0173761 | Time: 464ms
Epoch: 012 | Train Loss: 0.0204690 | Grad norm: 1.122058 | Time: 4s620ms
Epoch: 012 | Test Loss: 0.0223609 | Time: 470ms
Epoch: 013 | Train Loss: 0.0184416 | Grad norm: 1.093506 | Time: 4s689ms
Epoch: 013 | Test Loss: 0.0266638 | Time: 486ms
Epoch: 014 | Train Loss: 0.0172927 | Grad norm: 0.977788 | Time: 4s170ms
Epoch: 014 | Test Loss: 0.0438033 | Time: 519ms
Epoch: 015 | Train Loss: 0.0188576 | Grad norm: 1.087439 | Time: 4s317ms
Epoch: 015 | Test Loss: 0.0141992 | Time: 463ms
Epoch: 016 | Train Loss: 0.0151181 | Grad norm: 0.877587 | Time: 4s443ms
Epoch: 016 | Test Loss: 0.0130498 | Time: 445ms
==> Save the model at epoch 016 with test loss 0.0130498
Epoch: 017 | Train Loss: 0.0166026 | Grad norm: 0.873848 | Time: 3s999ms
Epoch: 017 | Test Loss: 0.0126473 | Time: 455ms
==> Save the model at epoch 017 with test loss 0.0126473
Epoch: 018 | Train Loss: 0.0125069 | Grad norm: 0.689986 | Time: 4s296ms
Epoch: 018 | Test Loss: 0.0102026 | Time: 476ms
==> Save the model at epoch 018 with test loss 0.0102026
Epoch: 019 | Train Loss: 0.0147474 | Grad norm: 0.777331 | Time: 4s545ms
Epoch: 019 | Test Loss: 0.0137883 | Time: 499ms
Epoch: 020 | Train Loss: 0.0116766 | Grad norm: 0.646748 | Time: 4s763ms
Epoch: 020 | Test Loss: 0.0181672 | Time: 480ms
Epoch: 021 | Train Loss: 0.0122322 | Grad norm: 0.665146 | Time: 4s590ms
Epoch: 021 | Test Loss: 0.0128794 | Time: 516ms
Epoch: 022 | Train Loss: 0.0117831 | Grad norm: 0.643951 | Time: 4s389ms
Epoch: 022 | Test Loss: 0.0093341 | Time: 602ms
==> Save the model at epoch 022 with test loss 0.0093341
Epoch: 023 | Train Loss: 0.0108811 | Grad norm: 0.580043 | Time: 4s250ms
Epoch: 023 | Test Loss: 0.0109049 | Time: 444ms
Epoch: 024 | Train Loss: 0.0104445 | Grad norm: 0.563698 | Time: 4s95ms
Epoch: 024 | Test Loss: 0.0122308 | Time: 457ms
Epoch: 025 | Train Loss: 0.0102240 | Grad norm: 0.531905 | Time: 3s987ms
Epoch: 025 | Test Loss: 0.0090473 | Time: 466ms
==> Save the model at epoch 025 with test loss 0.0090473
Epoch: 026 | Train Loss: 0.0093439 | Grad norm: 0.479396 | Time: 4s247ms
Epoch: 026 | Test Loss: 0.0134871 | Time: 460ms
Epoch: 027 | Train Loss: 0.0091846 | Grad norm: 0.457448 | Time: 4s414ms
Epoch: 027 | Test Loss: 0.0094378 | Time: 469ms
Epoch: 028 | Train Loss: 0.0087582 | Grad norm: 0.410786 | Time: 4s419ms
Epoch: 028 | Test Loss: 0.0083104 | Time: 540ms
==> Save the model at epoch 028 with test loss 0.0083104
Epoch: 029 | Train Loss: 0.0085426 | Grad norm: 0.387259 | Time: 4s661ms
Epoch: 029 | Test Loss: 0.0087405 | Time: 475ms
Epoch: 030 | Train Loss: 0.0083114 | Grad norm: 0.365483 | Time: 4s710ms
Epoch: 030 | Test Loss: 0.0085208 | Time: 498ms
Epoch: 031 | Train Loss: 0.0080003 | Grad norm: 0.329262 | Time: 4s248ms
Epoch: 031 | Test Loss: 0.0073906 | Time: 458ms
==> Save the model at epoch 031 with test loss 0.0073906
Epoch: 032 | Train Loss: 0.0078231 | Grad norm: 0.307814 | Time: 4s315ms
Epoch: 032 | Test Loss: 0.0079722 | Time: 462ms
Epoch: 033 | Train Loss: 0.0078260 | Grad norm: 0.305294 | Time: 4s109ms
Epoch: 033 | Test Loss: 0.0078699 | Time: 522ms
Epoch: 034 | Train Loss: 0.0075204 | Grad norm: 0.256082 | Time: 4s204ms
Epoch: 034 | Test Loss: 0.0070720 | Time: 452ms
==> Save the model at epoch 034 with test loss 0.0070720
Epoch: 035 | Train Loss: 0.0074257 | Grad norm: 0.242957 | Time: 4s24ms
Epoch: 035 | Test Loss: 0.0070707 | Time: 444ms
==> Save the model at epoch 035 with test loss 0.0070707
Epoch: 036 | Train Loss: 0.0072417 | Grad norm: 0.201047 | Time: 4s181ms
Epoch: 036 | Test Loss: 0.0069535 | Time: 499ms
==> Save the model at epoch 036 with test loss 0.0069535
Epoch: 037 | Train Loss: 0.0071999 | Grad norm: 0.203885 | Time: 4s61ms
Epoch: 037 | Test Loss: 0.0070888 | Time: 448ms
Epoch: 038 | Train Loss: 0.0070689 | Grad norm: 0.163048 | Time: 4s251ms
Epoch: 038 | Test Loss: 0.0069538 | Time: 455ms
Epoch: 039 | Train Loss: 0.0070237 | Grad norm: 0.148061 | Time: 4s36ms
Epoch: 039 | Test Loss: 0.0069103 | Time: 450ms
==> Save the model at epoch 039 with test loss 0.0069103
Epoch: 040 | Train Loss: 0.0069796 | Grad norm: 0.134365 | Time: 4s289ms
Epoch: 040 | Test Loss: 0.0068748 | Time: 445ms
==> Save the model at epoch 040 with test loss 0.0068748
Total time: 3m11s
==> Saving trained model weights...
==> Input bias to be applied to the neural network (trained):
[0. 0.]
==> Input transform to be applied to the neural network (trained):
[0.496845   0.52004784]
==> Output transform to be applied to the neural network (trained):
[1.9242 2.0182]
==> Saving training info...
==> Drawing training loss...
==> Drawing grad norm...
==> Drawing testing loss...
==> Process finished.
