==> torch device:  cuda:1
==> Test-Train split: test_ratio = 0.20
==> Test-Train split seed:  None
==> Further split: further_train_ratio = 0.25
==> Further split seed:  None
==> Lipschitz constant: 16.00
==> Input bias to be applied to the neural network:
[0. 0. 0. 0.]
==> Input transform to be applied to the neural network:
[0.7072636  0.72212595 0.6760411  0.67349136]
==> Ouput transform to be applied to the neural network:
[0.2287 0.2871]
==> Evaluating model...
==========================================================================================
Layer (type:depth-idx)                   Output Shape              Param #
==========================================================================================
NeuralNetwork                            [1, 2]                    10
├─Sequential: 1-1                        [1, 2]                    --
│    └─SandwichFc: 2-1                   [1, 64]                   4,481
│    └─SandwichFc: 2-2                   [1, 64]                   8,321
│    └─SandwichFc: 2-3                   [1, 64]                   8,321
│    └─SandwichFc: 2-4                   [1, 64]                   8,321
│    └─SandwichFc: 2-5                   [1, 64]                   8,321
│    └─SandwichFc: 2-6                   [1, 64]                   8,321
│    └─SandwichFc: 2-7                   [1, 64]                   8,321
│    └─SandwichLin: 2-8                  [1, 2]                    135
├─Sequential: 1-2                        [1, 2]                    (recursive)
│    └─SandwichFc: 2-9                   [1, 64]                   (recursive)
│    └─SandwichFc: 2-10                  [1, 64]                   (recursive)
│    └─SandwichFc: 2-11                  [1, 64]                   (recursive)
│    └─SandwichFc: 2-12                  [1, 64]                   (recursive)
│    └─SandwichFc: 2-13                  [1, 64]                   (recursive)
│    └─SandwichFc: 2-14                  [1, 64]                   (recursive)
│    └─SandwichFc: 2-15                  [1, 64]                   (recursive)
│    └─SandwichLin: 2-16                 [1, 2]                    (recursive)
==========================================================================================
Total params: 54,552
Trainable params: 54,542
Non-trainable params: 10
Total mult-adds (Units.MEGABYTES): 0.11
==========================================================================================
Input size (MB): 0.00
Forward/backward pass size (MB): 0.01
Params size (MB): 0.22
Estimated Total Size (MB): 0.23
==========================================================================================
==> Saving initial model weights...
==> Start training...
==> Number of param_groups in optimizer: 1
Epoch: 001 | Train Loss: 0.1265724 | Grad norm: 0.505534 | Time: 4s398ms
Epoch: 001 | Test Loss: 0.1267515 | Time: 627ms
==> Save the model at epoch 001 with test loss 0.1267515
Epoch: 002 | Train Loss: 0.0161965 | Grad norm: 0.250661 | Time: 4s328ms
Epoch: 002 | Test Loss: 0.0110740 | Time: 630ms
==> Save the model at epoch 002 with test loss 0.0110740
Epoch: 003 | Train Loss: 0.0121761 | Grad norm: 0.147543 | Time: 4s178ms
Epoch: 003 | Test Loss: 0.0117189 | Time: 683ms
Epoch: 004 | Train Loss: 0.0122506 | Grad norm: 0.134156 | Time: 4s288ms
Epoch: 004 | Test Loss: 0.0118988 | Time: 612ms
Epoch: 005 | Train Loss: 0.0123050 | Grad norm: 0.130318 | Time: 4s221ms
Epoch: 005 | Test Loss: 0.0105833 | Time: 635ms
==> Save the model at epoch 005 with test loss 0.0105833
Epoch: 006 | Train Loss: 0.0116555 | Grad norm: 0.094117 | Time: 4s171ms
Epoch: 006 | Test Loss: 0.0113687 | Time: 624ms
Epoch: 007 | Train Loss: 0.0118161 | Grad norm: 0.097298 | Time: 3s987ms
Epoch: 007 | Test Loss: 0.0109518 | Time: 690ms
Epoch: 008 | Train Loss: 0.0120517 | Grad norm: 0.096090 | Time: 4s2ms
Epoch: 008 | Test Loss: 0.0102622 | Time: 618ms
==> Save the model at epoch 008 with test loss 0.0102622
Epoch: 009 | Train Loss: 0.0113235 | Grad norm: 0.071428 | Time: 4s94ms
Epoch: 009 | Test Loss: 0.0110197 | Time: 624ms
Epoch: 010 | Train Loss: 0.0110239 | Grad norm: 0.066099 | Time: 4s17ms
Epoch: 010 | Test Loss: 0.0105904 | Time: 629ms
Epoch: 011 | Train Loss: 0.0107588 | Grad norm: 0.055708 | Time: 4s114ms
Epoch: 011 | Test Loss: 0.0104299 | Time: 677ms
Epoch: 012 | Train Loss: 0.0106986 | Grad norm: 0.052220 | Time: 3s911ms
Epoch: 012 | Test Loss: 0.0103161 | Time: 630ms
Epoch: 013 | Train Loss: 0.0105407 | Grad norm: 0.050167 | Time: 4s76ms
Epoch: 013 | Test Loss: 0.0097501 | Time: 626ms
==> Save the model at epoch 013 with test loss 0.0097501
Epoch: 014 | Train Loss: 0.0106495 | Grad norm: 0.054218 | Time: 4s142ms
Epoch: 014 | Test Loss: 0.0098924 | Time: 621ms
Epoch: 015 | Train Loss: 0.0104624 | Grad norm: 0.051434 | Time: 4s159ms
Epoch: 015 | Test Loss: 0.0098373 | Time: 696ms
Epoch: 016 | Train Loss: 0.0101972 | Grad norm: 0.046084 | Time: 4s128ms
Epoch: 016 | Test Loss: 0.0099808 | Time: 612ms
Epoch: 017 | Train Loss: 0.0102359 | Grad norm: 0.043536 | Time: 4s49ms
Epoch: 017 | Test Loss: 0.0097974 | Time: 624ms
Epoch: 018 | Train Loss: 0.0098772 | Grad norm: 0.039439 | Time: 4s224ms
Epoch: 018 | Test Loss: 0.0093252 | Time: 622ms
==> Save the model at epoch 018 with test loss 0.0093252
Epoch: 019 | Train Loss: 0.0098841 | Grad norm: 0.042846 | Time: 4s456ms
Epoch: 019 | Test Loss: 0.0095813 | Time: 617ms
Epoch: 020 | Train Loss: 0.0099176 | Grad norm: 0.044187 | Time: 4s275ms
Epoch: 020 | Test Loss: 0.0092772 | Time: 620ms
==> Save the model at epoch 020 with test loss 0.0092772
Epoch: 021 | Train Loss: 0.0097648 | Grad norm: 0.038569 | Time: 4s102ms
Epoch: 021 | Test Loss: 0.0091961 | Time: 639ms
==> Save the model at epoch 021 with test loss 0.0091961
Epoch: 022 | Train Loss: 0.0094912 | Grad norm: 0.037929 | Time: 3s954ms
Epoch: 022 | Test Loss: 0.0091061 | Time: 622ms
==> Save the model at epoch 022 with test loss 0.0091061
Epoch: 023 | Train Loss: 0.0094033 | Grad norm: 0.041917 | Time: 4s213ms
Epoch: 023 | Test Loss: 0.0089707 | Time: 616ms
==> Save the model at epoch 023 with test loss 0.0089707
Epoch: 024 | Train Loss: 0.0094846 | Grad norm: 0.043422 | Time: 4s296ms
Epoch: 024 | Test Loss: 0.0091357 | Time: 622ms
Epoch: 025 | Train Loss: 0.0092700 | Grad norm: 0.037173 | Time: 4s273ms
Epoch: 025 | Test Loss: 0.0088910 | Time: 616ms
==> Save the model at epoch 025 with test loss 0.0088910
Epoch: 026 | Train Loss: 0.0090777 | Grad norm: 0.039898 | Time: 4s190ms
Epoch: 026 | Test Loss: 0.0092310 | Time: 628ms
Epoch: 027 | Train Loss: 0.0090431 | Grad norm: 0.039253 | Time: 4s261ms
Epoch: 027 | Test Loss: 0.0089056 | Time: 617ms
Epoch: 028 | Train Loss: 0.0088782 | Grad norm: 0.035684 | Time: 4s147ms
Epoch: 028 | Test Loss: 0.0086906 | Time: 626ms
==> Save the model at epoch 028 with test loss 0.0086906
Epoch: 029 | Train Loss: 0.0088104 | Grad norm: 0.037299 | Time: 4s144ms
Epoch: 029 | Test Loss: 0.0085336 | Time: 615ms
==> Save the model at epoch 029 with test loss 0.0085336
Epoch: 030 | Train Loss: 0.0086861 | Grad norm: 0.036887 | Time: 3s949ms
Epoch: 030 | Test Loss: 0.0083837 | Time: 612ms
==> Save the model at epoch 030 with test loss 0.0083837
Epoch: 031 | Train Loss: 0.0084967 | Grad norm: 0.032106 | Time: 4s70ms
Epoch: 031 | Test Loss: 0.0083101 | Time: 613ms
==> Save the model at epoch 031 with test loss 0.0083101
Epoch: 032 | Train Loss: 0.0084700 | Grad norm: 0.033367 | Time: 4s379ms
Epoch: 032 | Test Loss: 0.0081857 | Time: 620ms
==> Save the model at epoch 032 with test loss 0.0081857
Epoch: 033 | Train Loss: 0.0083583 | Grad norm: 0.033114 | Time: 3s995ms
Epoch: 033 | Test Loss: 0.0082739 | Time: 610ms
Epoch: 034 | Train Loss: 0.0082389 | Grad norm: 0.032571 | Time: 4s135ms
Epoch: 034 | Test Loss: 0.0081829 | Time: 627ms
==> Save the model at epoch 034 with test loss 0.0081829
Epoch: 035 | Train Loss: 0.0081687 | Grad norm: 0.030876 | Time: 4s111ms
Epoch: 035 | Test Loss: 0.0080538 | Time: 631ms
==> Save the model at epoch 035 with test loss 0.0080538
Epoch: 036 | Train Loss: 0.0080415 | Grad norm: 0.029362 | Time: 4s120ms
Epoch: 036 | Test Loss: 0.0079333 | Time: 618ms
==> Save the model at epoch 036 with test loss 0.0079333
Epoch: 037 | Train Loss: 0.0080119 | Grad norm: 0.030034 | Time: 4s209ms
Epoch: 037 | Test Loss: 0.0078818 | Time: 623ms
==> Save the model at epoch 037 with test loss 0.0078818
Epoch: 038 | Train Loss: 0.0079540 | Grad norm: 0.029058 | Time: 4s52ms
Epoch: 038 | Test Loss: 0.0079149 | Time: 701ms
Epoch: 039 | Train Loss: 0.0079065 | Grad norm: 0.027818 | Time: 4s517ms
Epoch: 039 | Test Loss: 0.0078717 | Time: 703ms
==> Save the model at epoch 039 with test loss 0.0078717
Epoch: 040 | Train Loss: 0.0078756 | Grad norm: 0.028764 | Time: 4s464ms
Epoch: 040 | Test Loss: 0.0078606 | Time: 616ms
==> Save the model at epoch 040 with test loss 0.0078606
Total time: 3m12s
==> Saving trained model weights...
==> Input bias to be applied to the neural network (trained):
[0. 0. 0. 0.]
==> Input transform to be applied to the neural network (trained):
[0.7072636  0.72212595 0.6760411  0.67349136]
==> Output transform to be applied to the neural network (trained):
[0.2287 0.2871]
==> Saving training info...
==> Drawing training loss...
==> Drawing grad norm...
==> Drawing testing loss...
==> Process finished.
