==> torch device:  cuda:1
==> Test-Train split: test_ratio = 0.20
==> Test-Train split seed:  None
==> Further split: further_train_ratio = 1.00
==> Further split seed:  None
==> Input bias to be applied to the neural network:
[0. 0.]
==> Input transform to be applied to the neural network:
[1. 1.]
==> Ouput transform to be applied to the neural network:
[1. 1.]
==> Evaluating model...
==========================================================================================
Layer (type:depth-idx)                   Output Shape              Param #
==========================================================================================
NeuralNetwork                            [1, 2]                    6
├─Sequential: 1-1                        [1, 2]                    --
│    └─Linear: 2-1                       [1, 64]                   192
│    └─LeakyReLU: 2-2                    [1, 64]                   --
│    └─Linear: 2-3                       [1, 64]                   4,160
│    └─LeakyReLU: 2-4                    [1, 64]                   --
│    └─Linear: 2-5                       [1, 64]                   4,160
│    └─LeakyReLU: 2-6                    [1, 64]                   --
│    └─Linear: 2-7                       [1, 64]                   4,160
│    └─LeakyReLU: 2-8                    [1, 64]                   --
│    └─Linear: 2-9                       [1, 64]                   4,160
│    └─LeakyReLU: 2-10                   [1, 64]                   --
│    └─Linear: 2-11                      [1, 64]                   4,160
│    └─LeakyReLU: 2-12                   [1, 64]                   --
│    └─Linear: 2-13                      [1, 64]                   4,160
│    └─LeakyReLU: 2-14                   [1, 64]                   --
│    └─Linear: 2-15                      [1, 2]                    130
==========================================================================================
Total params: 25,288
Trainable params: 25,282
Non-trainable params: 6
Total mult-adds (Units.MEGABYTES): 0.03
==========================================================================================
Input size (MB): 0.00
Forward/backward pass size (MB): 0.00
Params size (MB): 0.10
Estimated Total Size (MB): 0.10
==========================================================================================
==> Saving initial model weights...
==> Start training...
Epoch: 001 | Loss: 8.3934477 | L2 loss: 8.3934477 | Lip loss: 0.0000000 | Grad norm: 4.578826 | Time: 33s893ms
Epoch: 001 | Test Loss: 0.0163269 | Time: 462ms
==> Save the model at epoch 001 with test loss 0.0163269
Epoch: 002 | Loss: 0.0094408 | L2 loss: 0.0094408 | Lip loss: 0.0000000 | Grad norm: 1.757677 | Time: 34s254ms
Epoch: 002 | Test Loss: 0.0078558 | Time: 441ms
==> Save the model at epoch 002 with test loss 0.0078558
Epoch: 003 | Loss: 0.0073741 | L2 loss: 0.0073740 | Lip loss: 0.0000000 | Grad norm: 1.460217 | Time: 33s950ms
Epoch: 003 | Test Loss: 0.0072989 | Time: 447ms
==> Save the model at epoch 003 with test loss 0.0072989
Epoch: 004 | Loss: 0.0067031 | L2 loss: 0.0067030 | Lip loss: 0.0000000 | Grad norm: 1.279404 | Time: 33s885ms
Epoch: 004 | Test Loss: 0.0063407 | Time: 439ms
==> Save the model at epoch 004 with test loss 0.0063407
Epoch: 005 | Loss: 0.0066133 | L2 loss: 0.0066132 | Lip loss: 0.0000000 | Grad norm: 1.366524 | Time: 34s24ms
Epoch: 005 | Test Loss: 0.0062090 | Time: 439ms
==> Save the model at epoch 005 with test loss 0.0062090
Epoch: 006 | Loss: 0.0059496 | L2 loss: 0.0059496 | Lip loss: 0.0000000 | Grad norm: 0.456338 | Time: 34s237ms
Epoch: 006 | Test Loss: 0.0059545 | Time: 512ms
==> Save the model at epoch 006 with test loss 0.0059545
Epoch: 007 | Loss: 0.0059254 | L2 loss: 0.0059254 | Lip loss: 0.0000000 | Grad norm: 0.431577 | Time: 34s293ms
Epoch: 007 | Test Loss: 0.0059548 | Time: 513ms
Epoch: 008 | Loss: 0.0059244 | L2 loss: 0.0059244 | Lip loss: 0.0000000 | Grad norm: 0.485454 | Time: 34s211ms
Epoch: 008 | Test Loss: 0.0059856 | Time: 445ms
Epoch: 009 | Loss: 0.0058999 | L2 loss: 0.0058999 | Lip loss: 0.0000000 | Grad norm: 0.454326 | Time: 33s492ms
Epoch: 009 | Test Loss: 0.0058967 | Time: 437ms
==> Save the model at epoch 009 with test loss 0.0058967
Epoch: 010 | Loss: 0.0058908 | L2 loss: 0.0058908 | Lip loss: 0.0000000 | Grad norm: 0.467404 | Time: 33s788ms
Epoch: 010 | Test Loss: 0.0058839 | Time: 443ms
==> Save the model at epoch 010 with test loss 0.0058839
Epoch: 011 | Loss: 0.0058354 | L2 loss: 0.0058354 | Lip loss: 0.0000000 | Grad norm: 0.316656 | Time: 33s947ms
Epoch: 011 | Test Loss: 0.0058684 | Time: 439ms
==> Save the model at epoch 011 with test loss 0.0058684
Epoch: 012 | Loss: 0.0058327 | L2 loss: 0.0058327 | Lip loss: 0.0000000 | Grad norm: 0.306969 | Time: 33s926ms
Epoch: 012 | Test Loss: 0.0058738 | Time: 437ms
Epoch: 013 | Loss: 0.0058344 | L2 loss: 0.0058344 | Lip loss: 0.0000000 | Grad norm: 0.326197 | Time: 34s259ms
Epoch: 013 | Test Loss: 0.0058654 | Time: 443ms
==> Save the model at epoch 013 with test loss 0.0058654
Epoch: 014 | Loss: 0.0058324 | L2 loss: 0.0058324 | Lip loss: 0.0000000 | Grad norm: 0.331956 | Time: 33s609ms
Epoch: 014 | Test Loss: 0.0058716 | Time: 436ms
Epoch: 015 | Loss: 0.0058307 | L2 loss: 0.0058306 | Lip loss: 0.0000000 | Grad norm: 0.338112 | Time: 33s639ms
Epoch: 015 | Test Loss: 0.0058633 | Time: 506ms
==> Save the model at epoch 015 with test loss 0.0058633
Epoch: 016 | Loss: 0.0058231 | L2 loss: 0.0058231 | Lip loss: 0.0000000 | Grad norm: 0.291975 | Time: 33s276ms
Epoch: 016 | Test Loss: 0.0058611 | Time: 518ms
==> Save the model at epoch 016 with test loss 0.0058611
Epoch: 017 | Loss: 0.0058226 | L2 loss: 0.0058226 | Lip loss: 0.0000000 | Grad norm: 0.292646 | Time: 33s607ms
Epoch: 017 | Test Loss: 0.0058595 | Time: 439ms
==> Save the model at epoch 017 with test loss 0.0058595
Epoch: 018 | Loss: 0.0058226 | L2 loss: 0.0058226 | Lip loss: 0.0000000 | Grad norm: 0.311038 | Time: 33s852ms
Epoch: 018 | Test Loss: 0.0058594 | Time: 456ms
==> Save the model at epoch 018 with test loss 0.0058594
Epoch: 019 | Loss: 0.0058223 | L2 loss: 0.0058222 | Lip loss: 0.0000000 | Grad norm: 0.302290 | Time: 34s365ms
Epoch: 019 | Test Loss: 0.0058595 | Time: 445ms
Epoch: 020 | Loss: 0.0058220 | L2 loss: 0.0058220 | Lip loss: 0.0000000 | Grad norm: 0.302236 | Time: 34s580ms
Epoch: 020 | Test Loss: 0.0058593 | Time: 437ms
==> Save the model at epoch 020 with test loss 0.0058593
Epoch: 021 | Loss: 0.0058212 | L2 loss: 0.0058212 | Lip loss: 0.0000000 | Grad norm: 0.292153 | Time: 34s26ms
Epoch: 021 | Test Loss: 0.0058591 | Time: 450ms
==> Save the model at epoch 021 with test loss 0.0058591
Epoch: 022 | Loss: 0.0058211 | L2 loss: 0.0058211 | Lip loss: 0.0000000 | Grad norm: 0.297640 | Time: 34s979ms
Epoch: 022 | Test Loss: 0.0058591 | Time: 439ms
==> Save the model at epoch 022 with test loss 0.0058591
Epoch: 023 | Loss: 0.0058211 | L2 loss: 0.0058211 | Lip loss: 0.0000000 | Grad norm: 0.293286 | Time: 34s9ms
Epoch: 023 | Test Loss: 0.0058590 | Time: 452ms
==> Save the model at epoch 023 with test loss 0.0058590
Epoch: 024 | Loss: 0.0058211 | L2 loss: 0.0058211 | Lip loss: 0.0000000 | Grad norm: 0.291664 | Time: 34s695ms
Epoch: 024 | Test Loss: 0.0058590 | Time: 512ms
Epoch: 025 | Loss: 0.0058211 | L2 loss: 0.0058211 | Lip loss: 0.0000000 | Grad norm: 0.307427 | Time: 34s144ms
Epoch: 025 | Test Loss: 0.0058590 | Time: 519ms
==> Save the model at epoch 025 with test loss 0.0058590
Epoch: 026 | Loss: 0.0058210 | L2 loss: 0.0058210 | Lip loss: 0.0000000 | Grad norm: 0.289790 | Time: 35s85ms
Epoch: 026 | Test Loss: 0.0058590 | Time: 466ms
Epoch: 027 | Loss: 0.0058210 | L2 loss: 0.0058210 | Lip loss: 0.0000000 | Grad norm: 0.304950 | Time: 33s961ms
Epoch: 027 | Test Loss: 0.0058590 | Time: 448ms
Epoch: 028 | Loss: 0.0058210 | L2 loss: 0.0058210 | Lip loss: 0.0000000 | Grad norm: 0.295933 | Time: 33s910ms
Epoch: 028 | Test Loss: 0.0058590 | Time: 502ms
Epoch: 029 | Loss: 0.0058210 | L2 loss: 0.0058210 | Lip loss: 0.0000000 | Grad norm: 0.301650 | Time: 34s90ms
Epoch: 029 | Test Loss: 0.0058590 | Time: 443ms
Epoch: 030 | Loss: 0.0058210 | L2 loss: 0.0058210 | Lip loss: 0.0000000 | Grad norm: 0.295962 | Time: 34s85ms
Epoch: 030 | Test Loss: 0.0058590 | Time: 438ms
Epoch: 031 | Loss: 0.0058210 | L2 loss: 0.0058210 | Lip loss: 0.0000000 | Grad norm: 0.299679 | Time: 33s757ms
Epoch: 031 | Test Loss: 0.0058590 | Time: 438ms
Epoch: 032 | Loss: 0.0058210 | L2 loss: 0.0058210 | Lip loss: 0.0000000 | Grad norm: 0.305125 | Time: 33s392ms
Epoch: 032 | Test Loss: 0.0058590 | Time: 516ms
Epoch: 033 | Loss: 0.0058210 | L2 loss: 0.0058210 | Lip loss: 0.0000000 | Grad norm: 0.299489 | Time: 33s268ms
Epoch: 033 | Test Loss: 0.0058590 | Time: 441ms
Epoch: 034 | Loss: 0.0058210 | L2 loss: 0.0058210 | Lip loss: 0.0000000 | Grad norm: 0.299958 | Time: 34s651ms
Epoch: 034 | Test Loss: 0.0058590 | Time: 510ms
Epoch: 035 | Loss: 0.0058210 | L2 loss: 0.0058210 | Lip loss: 0.0000000 | Grad norm: 0.309412 | Time: 33s917ms
Epoch: 035 | Test Loss: 0.0058590 | Time: 511ms
Epoch: 036 | Loss: 0.0058210 | L2 loss: 0.0058210 | Lip loss: 0.0000000 | Grad norm: 0.294855 | Time: 34s289ms
Epoch: 036 | Test Loss: 0.0058590 | Time: 445ms
Epoch: 037 | Loss: 0.0058210 | L2 loss: 0.0058210 | Lip loss: 0.0000000 | Grad norm: 0.297563 | Time: 34s953ms
Epoch: 037 | Test Loss: 0.0058590 | Time: 433ms
Epoch: 038 | Loss: 0.0058210 | L2 loss: 0.0058210 | Lip loss: 0.0000000 | Grad norm: 0.298322 | Time: 34s885ms
Epoch: 038 | Test Loss: 0.0058590 | Time: 435ms
Epoch: 039 | Loss: 0.0058210 | L2 loss: 0.0058210 | Lip loss: 0.0000000 | Grad norm: 0.281385 | Time: 33s676ms
Epoch: 039 | Test Loss: 0.0058590 | Time: 438ms
Epoch: 040 | Loss: 0.0058210 | L2 loss: 0.0058210 | Lip loss: 0.0000000 | Grad norm: 0.295738 | Time: 34s619ms
Epoch: 040 | Test Loss: 0.0058590 | Time: 439ms
Total time: 23m1s
==> Saving trained model weights...
==> Input bias to be applied to the neural network (trained):
[0. 0.]
==> Input transform to be applied to the neural network (trained):
[1. 1.]
==> Output transform to be applied to the neural network (trained):
[1. 1.]
==> Saving training info...
==> Drawing training loss...
==> Drawing grad norm...
==> Drawing testing loss...
==> Drawing l2 loss...
==> Drawing lip loss...
==> Process finished.
