==> torch device:  cuda:3
==> Test-Train split: test_ratio = 0.20
==> Test-Train split seed:  None
==> Further split: further_train_ratio = 0.25
==> Further split seed:  None
==> Input bias to be applied to the neural network:
[0. 0. 0. 0.]
==> Input transform to be applied to the neural network:
[1. 1. 1. 1.]
==> Ouput transform to be applied to the neural network:
[1. 1.]
==> Evaluating model...
==========================================================================================
Layer (type:depth-idx)                   Output Shape              Param #
==========================================================================================
NeuralNetwork                            [1, 2]                    10
├─Sequential: 1-1                        [1, 2]                    --
│    └─Linear: 2-1                       [1, 64]                   320
│    └─LeakyReLU: 2-2                    [1, 64]                   --
│    └─Linear: 2-3                       [1, 64]                   4,160
│    └─LeakyReLU: 2-4                    [1, 64]                   --
│    └─Linear: 2-5                       [1, 64]                   4,160
│    └─LeakyReLU: 2-6                    [1, 64]                   --
│    └─Linear: 2-7                       [1, 64]                   4,160
│    └─LeakyReLU: 2-8                    [1, 64]                   --
│    └─Linear: 2-9                       [1, 64]                   4,160
│    └─LeakyReLU: 2-10                   [1, 64]                   --
│    └─Linear: 2-11                      [1, 64]                   4,160
│    └─LeakyReLU: 2-12                   [1, 64]                   --
│    └─Linear: 2-13                      [1, 64]                   4,160
│    └─LeakyReLU: 2-14                   [1, 64]                   --
│    └─Linear: 2-15                      [1, 2]                    130
==========================================================================================
Total params: 25,420
Trainable params: 25,410
Non-trainable params: 10
Total mult-adds (Units.MEGABYTES): 0.03
==========================================================================================
Input size (MB): 0.00
Forward/backward pass size (MB): 0.00
Params size (MB): 0.10
Estimated Total Size (MB): 0.11
==========================================================================================
==> Saving initial model weights...
==> Start training...
Epoch: 001 | Loss: 0.0451169 | L2 loss: 0.0451167 | Lip loss: 0.0000001 | Grad norm: 0.110787 | Time: 8s492ms
Epoch: 001 | Test Loss: 0.0101557 | Time: 498ms
==> Save the model at epoch 001 with test loss 0.0101557
Epoch: 002 | Loss: 0.0108618 | L2 loss: 0.0108616 | Lip loss: 0.0000002 | Grad norm: 0.064445 | Time: 8s120ms
Epoch: 002 | Test Loss: 0.0100971 | Time: 552ms
==> Save the model at epoch 002 with test loss 0.0100971
Epoch: 003 | Loss: 0.0106503 | L2 loss: 0.0106502 | Lip loss: 0.0000002 | Grad norm: 0.055970 | Time: 8s64ms
Epoch: 003 | Test Loss: 0.0098451 | Time: 492ms
==> Save the model at epoch 003 with test loss 0.0098451
Epoch: 004 | Loss: 0.0105343 | L2 loss: 0.0105341 | Lip loss: 0.0000002 | Grad norm: 0.050131 | Time: 8s448ms
Epoch: 004 | Test Loss: 0.0098677 | Time: 537ms
Epoch: 005 | Loss: 0.0104998 | L2 loss: 0.0104996 | Lip loss: 0.0000002 | Grad norm: 0.054718 | Time: 7s890ms
Epoch: 005 | Test Loss: 0.0096945 | Time: 504ms
==> Save the model at epoch 005 with test loss 0.0096945
Epoch: 006 | Loss: 0.0102513 | L2 loss: 0.0102511 | Lip loss: 0.0000002 | Grad norm: 0.030593 | Time: 8s396ms
Epoch: 006 | Test Loss: 0.0095412 | Time: 511ms
==> Save the model at epoch 006 with test loss 0.0095412
Epoch: 007 | Loss: 0.0101869 | L2 loss: 0.0101867 | Lip loss: 0.0000002 | Grad norm: 0.029963 | Time: 8s336ms
Epoch: 007 | Test Loss: 0.0095424 | Time: 503ms
Epoch: 008 | Loss: 0.0101693 | L2 loss: 0.0101692 | Lip loss: 0.0000002 | Grad norm: 0.029682 | Time: 8s459ms
Epoch: 008 | Test Loss: 0.0095340 | Time: 502ms
==> Save the model at epoch 008 with test loss 0.0095340
Epoch: 009 | Loss: 0.0101837 | L2 loss: 0.0101835 | Lip loss: 0.0000002 | Grad norm: 0.033044 | Time: 8s265ms
Epoch: 009 | Test Loss: 0.0095388 | Time: 495ms
Epoch: 010 | Loss: 0.0101848 | L2 loss: 0.0101847 | Lip loss: 0.0000002 | Grad norm: 0.031712 | Time: 8s279ms
Epoch: 010 | Test Loss: 0.0095383 | Time: 499ms
Epoch: 011 | Loss: 0.0101339 | L2 loss: 0.0101337 | Lip loss: 0.0000002 | Grad norm: 0.028374 | Time: 8s368ms
Epoch: 011 | Test Loss: 0.0095092 | Time: 501ms
==> Save the model at epoch 011 with test loss 0.0095092
Epoch: 012 | Loss: 0.0101277 | L2 loss: 0.0101275 | Lip loss: 0.0000002 | Grad norm: 0.027845 | Time: 8s579ms
Epoch: 012 | Test Loss: 0.0095055 | Time: 497ms
==> Save the model at epoch 012 with test loss 0.0095055
Epoch: 013 | Loss: 0.0101252 | L2 loss: 0.0101251 | Lip loss: 0.0000002 | Grad norm: 0.026447 | Time: 8s181ms
Epoch: 013 | Test Loss: 0.0095093 | Time: 567ms
Epoch: 014 | Loss: 0.0101466 | L2 loss: 0.0101464 | Lip loss: 0.0000002 | Grad norm: 0.028519 | Time: 8s345ms
Epoch: 014 | Test Loss: 0.0095037 | Time: 499ms
==> Save the model at epoch 014 with test loss 0.0095037
Epoch: 015 | Loss: 0.0101482 | L2 loss: 0.0101480 | Lip loss: 0.0000002 | Grad norm: 0.026346 | Time: 8s722ms
Epoch: 015 | Test Loss: 0.0095038 | Time: 495ms
Epoch: 016 | Loss: 0.0101267 | L2 loss: 0.0101265 | Lip loss: 0.0000002 | Grad norm: 0.027512 | Time: 8s191ms
Epoch: 016 | Test Loss: 0.0095022 | Time: 559ms
==> Save the model at epoch 016 with test loss 0.0095022
Epoch: 017 | Loss: 0.0101207 | L2 loss: 0.0101206 | Lip loss: 0.0000002 | Grad norm: 0.028773 | Time: 8s53ms
Epoch: 017 | Test Loss: 0.0095020 | Time: 490ms
==> Save the model at epoch 017 with test loss 0.0095020
Epoch: 018 | Loss: 0.0101307 | L2 loss: 0.0101306 | Lip loss: 0.0000002 | Grad norm: 0.025926 | Time: 8s199ms
Epoch: 018 | Test Loss: 0.0095021 | Time: 491ms
Epoch: 019 | Loss: 0.0101256 | L2 loss: 0.0101254 | Lip loss: 0.0000002 | Grad norm: 0.027620 | Time: 8s377ms
Epoch: 019 | Test Loss: 0.0095017 | Time: 504ms
==> Save the model at epoch 019 with test loss 0.0095017
Epoch: 020 | Loss: 0.0101256 | L2 loss: 0.0101254 | Lip loss: 0.0000002 | Grad norm: 0.025473 | Time: 8s239ms
Epoch: 020 | Test Loss: 0.0095016 | Time: 499ms
==> Save the model at epoch 020 with test loss 0.0095016
Epoch: 021 | Loss: 0.0101193 | L2 loss: 0.0101191 | Lip loss: 0.0000002 | Grad norm: 0.027577 | Time: 8s110ms
Epoch: 021 | Test Loss: 0.0095016 | Time: 499ms
Epoch: 022 | Loss: 0.0101259 | L2 loss: 0.0101257 | Lip loss: 0.0000002 | Grad norm: 0.027478 | Time: 8s169ms
Epoch: 022 | Test Loss: 0.0095016 | Time: 497ms
Epoch: 023 | Loss: 0.0101201 | L2 loss: 0.0101199 | Lip loss: 0.0000002 | Grad norm: 0.027506 | Time: 8s326ms
Epoch: 023 | Test Loss: 0.0095016 | Time: 496ms
Epoch: 024 | Loss: 0.0101183 | L2 loss: 0.0101181 | Lip loss: 0.0000002 | Grad norm: 0.027587 | Time: 8s249ms
Epoch: 024 | Test Loss: 0.0095016 | Time: 561ms
Epoch: 025 | Loss: 0.0101183 | L2 loss: 0.0101181 | Lip loss: 0.0000002 | Grad norm: 0.026626 | Time: 8s273ms
Epoch: 025 | Test Loss: 0.0095016 | Time: 512ms
Epoch: 026 | Loss: 0.0101268 | L2 loss: 0.0101267 | Lip loss: 0.0000002 | Grad norm: 0.026491 | Time: 8s372ms
Epoch: 026 | Test Loss: 0.0095016 | Time: 509ms
Epoch: 027 | Loss: 0.0101257 | L2 loss: 0.0101255 | Lip loss: 0.0000002 | Grad norm: 0.027815 | Time: 8s423ms
Epoch: 027 | Test Loss: 0.0095016 | Time: 566ms
Epoch: 028 | Loss: 0.0101255 | L2 loss: 0.0101253 | Lip loss: 0.0000002 | Grad norm: 0.027012 | Time: 8s317ms
Epoch: 028 | Test Loss: 0.0095016 | Time: 495ms
Epoch: 029 | Loss: 0.0101210 | L2 loss: 0.0101208 | Lip loss: 0.0000002 | Grad norm: 0.026366 | Time: 8s123ms
Epoch: 029 | Test Loss: 0.0095016 | Time: 491ms
Epoch: 030 | Loss: 0.0101242 | L2 loss: 0.0101240 | Lip loss: 0.0000002 | Grad norm: 0.027221 | Time: 8s311ms
Epoch: 030 | Test Loss: 0.0095016 | Time: 509ms
Epoch: 031 | Loss: 0.0101177 | L2 loss: 0.0101175 | Lip loss: 0.0000002 | Grad norm: 0.025993 | Time: 8s161ms
Epoch: 031 | Test Loss: 0.0095016 | Time: 513ms
Epoch: 032 | Loss: 0.0101199 | L2 loss: 0.0101197 | Lip loss: 0.0000002 | Grad norm: 0.024827 | Time: 8s488ms
Epoch: 032 | Test Loss: 0.0095016 | Time: 505ms
Epoch: 033 | Loss: 0.0101210 | L2 loss: 0.0101208 | Lip loss: 0.0000002 | Grad norm: 0.027308 | Time: 8s296ms
Epoch: 033 | Test Loss: 0.0095016 | Time: 492ms
Epoch: 034 | Loss: 0.0101229 | L2 loss: 0.0101227 | Lip loss: 0.0000002 | Grad norm: 0.026704 | Time: 8s333ms
Epoch: 034 | Test Loss: 0.0095016 | Time: 490ms
Epoch: 035 | Loss: 0.0101207 | L2 loss: 0.0101206 | Lip loss: 0.0000002 | Grad norm: 0.027515 | Time: 8s574ms
Epoch: 035 | Test Loss: 0.0095016 | Time: 556ms
Epoch: 036 | Loss: 0.0101233 | L2 loss: 0.0101231 | Lip loss: 0.0000002 | Grad norm: 0.025282 | Time: 8s202ms
Epoch: 036 | Test Loss: 0.0095016 | Time: 511ms
Epoch: 037 | Loss: 0.0101214 | L2 loss: 0.0101212 | Lip loss: 0.0000002 | Grad norm: 0.027962 | Time: 8s339ms
Epoch: 037 | Test Loss: 0.0095016 | Time: 506ms
Epoch: 038 | Loss: 0.0101211 | L2 loss: 0.0101209 | Lip loss: 0.0000002 | Grad norm: 0.029069 | Time: 8s129ms
Epoch: 038 | Test Loss: 0.0095016 | Time: 558ms
Epoch: 039 | Loss: 0.0101325 | L2 loss: 0.0101323 | Lip loss: 0.0000002 | Grad norm: 0.027898 | Time: 8s400ms
Epoch: 039 | Test Loss: 0.0095016 | Time: 492ms
Epoch: 040 | Loss: 0.0101272 | L2 loss: 0.0101271 | Lip loss: 0.0000002 | Grad norm: 0.027610 | Time: 8s435ms
Epoch: 040 | Test Loss: 0.0095016 | Time: 495ms
Total time: 5m52s
==> Saving trained model weights...
==> Input bias to be applied to the neural network (trained):
[0. 0. 0. 0.]
==> Input transform to be applied to the neural network (trained):
[1. 1. 1. 1.]
==> Output transform to be applied to the neural network (trained):
[1. 1.]
==> Saving training info...
==> Drawing training loss...
==> Drawing grad norm...
==> Drawing testing loss...
==> Drawing l2 loss...
==> Drawing lip loss...
==> Process finished.
