==> torch device:  cuda:2
==> Test-Train split: test_ratio = 0.20
==> Test-Train split seed:  None
==> Further split: further_train_ratio = 0.25
==> Further split seed:  None
==> Input bias to be applied to the neural network:
[0. 0. 0. 0.]
==> Input transform to be applied to the neural network:
[1. 1. 1. 1.]
==> Ouput transform to be applied to the neural network:
[1. 1.]
==> Evaluating model...
==========================================================================================
Layer (type:depth-idx)                   Output Shape              Param #
==========================================================================================
NeuralNetwork                            [1, 2]                    10
├─Sequential: 1-1                        [1, 2]                    --
│    └─Linear: 2-1                       [1, 64]                   320
│    └─LeakyReLU: 2-2                    [1, 64]                   --
│    └─Linear: 2-3                       [1, 64]                   4,160
│    └─LeakyReLU: 2-4                    [1, 64]                   --
│    └─Linear: 2-5                       [1, 64]                   4,160
│    └─LeakyReLU: 2-6                    [1, 64]                   --
│    └─Linear: 2-7                       [1, 64]                   4,160
│    └─LeakyReLU: 2-8                    [1, 64]                   --
│    └─Linear: 2-9                       [1, 64]                   4,160
│    └─LeakyReLU: 2-10                   [1, 64]                   --
│    └─Linear: 2-11                      [1, 64]                   4,160
│    └─LeakyReLU: 2-12                   [1, 64]                   --
│    └─Linear: 2-13                      [1, 64]                   4,160
│    └─LeakyReLU: 2-14                   [1, 64]                   --
│    └─Linear: 2-15                      [1, 2]                    130
==========================================================================================
Total params: 25,420
Trainable params: 25,410
Non-trainable params: 10
Total mult-adds (Units.MEGABYTES): 0.03
==========================================================================================
Input size (MB): 0.00
Forward/backward pass size (MB): 0.00
Params size (MB): 0.10
Estimated Total Size (MB): 0.11
==========================================================================================
==> Saving initial model weights...
==> Start training...
Epoch: 001 | Loss: 0.0403027 | L2 loss: 0.0403027 | Lip loss: 0.0000000 | Grad norm: 0.104769 | Time: 9s82ms
Epoch: 001 | Test Loss: 0.0101701 | Time: 503ms
==> Save the model at epoch 001 with test loss 0.0101701
Epoch: 002 | Loss: 0.0107500 | L2 loss: 0.0107500 | Lip loss: 0.0000000 | Grad norm: 0.076663 | Time: 8s415ms
Epoch: 002 | Test Loss: 0.0097843 | Time: 586ms
==> Save the model at epoch 002 with test loss 0.0097843
Epoch: 003 | Loss: 0.0104056 | L2 loss: 0.0104056 | Lip loss: 0.0000000 | Grad norm: 0.052083 | Time: 8s256ms
Epoch: 003 | Test Loss: 0.0096385 | Time: 523ms
==> Save the model at epoch 003 with test loss 0.0096385
Epoch: 004 | Loss: 0.0103039 | L2 loss: 0.0103039 | Lip loss: 0.0000000 | Grad norm: 0.051401 | Time: 8s468ms
Epoch: 004 | Test Loss: 0.0097012 | Time: 519ms
Epoch: 005 | Loss: 0.0102937 | L2 loss: 0.0102937 | Lip loss: 0.0000000 | Grad norm: 0.058356 | Time: 8s430ms
Epoch: 005 | Test Loss: 0.0095984 | Time: 516ms
==> Save the model at epoch 005 with test loss 0.0095984
Epoch: 006 | Loss: 0.0099778 | L2 loss: 0.0099778 | Lip loss: 0.0000000 | Grad norm: 0.030053 | Time: 8s498ms
Epoch: 006 | Test Loss: 0.0094047 | Time: 518ms
==> Save the model at epoch 006 with test loss 0.0094047
Epoch: 007 | Loss: 0.0099451 | L2 loss: 0.0099451 | Lip loss: 0.0000000 | Grad norm: 0.030764 | Time: 8s657ms
Epoch: 007 | Test Loss: 0.0094013 | Time: 498ms
==> Save the model at epoch 007 with test loss 0.0094013
Epoch: 008 | Loss: 0.0099295 | L2 loss: 0.0099295 | Lip loss: 0.0000000 | Grad norm: 0.030813 | Time: 8s673ms
Epoch: 008 | Test Loss: 0.0093764 | Time: 511ms
==> Save the model at epoch 008 with test loss 0.0093764
Epoch: 009 | Loss: 0.0099368 | L2 loss: 0.0099367 | Lip loss: 0.0000000 | Grad norm: 0.030684 | Time: 8s398ms
Epoch: 009 | Test Loss: 0.0093774 | Time: 507ms
Epoch: 010 | Loss: 0.0099163 | L2 loss: 0.0099163 | Lip loss: 0.0000000 | Grad norm: 0.030444 | Time: 8s794ms
Epoch: 010 | Test Loss: 0.0093707 | Time: 501ms
==> Save the model at epoch 010 with test loss 0.0093707
Epoch: 011 | Loss: 0.0098875 | L2 loss: 0.0098875 | Lip loss: 0.0000000 | Grad norm: 0.028379 | Time: 8s564ms
Epoch: 011 | Test Loss: 0.0093609 | Time: 507ms
==> Save the model at epoch 011 with test loss 0.0093609
Epoch: 012 | Loss: 0.0098839 | L2 loss: 0.0098839 | Lip loss: 0.0000000 | Grad norm: 0.027398 | Time: 8s456ms
Epoch: 012 | Test Loss: 0.0093581 | Time: 498ms
==> Save the model at epoch 012 with test loss 0.0093581
Epoch: 013 | Loss: 0.0098768 | L2 loss: 0.0098768 | Lip loss: 0.0000000 | Grad norm: 0.027575 | Time: 8s863ms
Epoch: 013 | Test Loss: 0.0093587 | Time: 583ms
Epoch: 014 | Loss: 0.0098738 | L2 loss: 0.0098738 | Lip loss: 0.0000000 | Grad norm: 0.028508 | Time: 8s298ms
Epoch: 014 | Test Loss: 0.0093598 | Time: 496ms
Epoch: 015 | Loss: 0.0098766 | L2 loss: 0.0098766 | Lip loss: 0.0000000 | Grad norm: 0.027900 | Time: 8s692ms
Epoch: 015 | Test Loss: 0.0093605 | Time: 507ms
Epoch: 016 | Loss: 0.0098775 | L2 loss: 0.0098775 | Lip loss: 0.0000000 | Grad norm: 0.027147 | Time: 8s705ms
Epoch: 016 | Test Loss: 0.0093577 | Time: 581ms
==> Save the model at epoch 016 with test loss 0.0093577
Epoch: 017 | Loss: 0.0098696 | L2 loss: 0.0098696 | Lip loss: 0.0000000 | Grad norm: 0.027541 | Time: 8s397ms
Epoch: 017 | Test Loss: 0.0093570 | Time: 533ms
==> Save the model at epoch 017 with test loss 0.0093570
Epoch: 018 | Loss: 0.0098688 | L2 loss: 0.0098688 | Lip loss: 0.0000000 | Grad norm: 0.028205 | Time: 8s660ms
Epoch: 018 | Test Loss: 0.0093567 | Time: 503ms
==> Save the model at epoch 018 with test loss 0.0093567
Epoch: 019 | Loss: 0.0098769 | L2 loss: 0.0098769 | Lip loss: 0.0000000 | Grad norm: 0.026709 | Time: 8s552ms
Epoch: 019 | Test Loss: 0.0093565 | Time: 518ms
==> Save the model at epoch 019 with test loss 0.0093565
Epoch: 020 | Loss: 0.0098739 | L2 loss: 0.0098739 | Lip loss: 0.0000000 | Grad norm: 0.025906 | Time: 8s539ms
Epoch: 020 | Test Loss: 0.0093564 | Time: 506ms
==> Save the model at epoch 020 with test loss 0.0093564
Epoch: 021 | Loss: 0.0098746 | L2 loss: 0.0098746 | Lip loss: 0.0000000 | Grad norm: 0.026504 | Time: 8s286ms
Epoch: 021 | Test Loss: 0.0093564 | Time: 511ms
Epoch: 022 | Loss: 0.0098722 | L2 loss: 0.0098722 | Lip loss: 0.0000000 | Grad norm: 0.026430 | Time: 8s556ms
Epoch: 022 | Test Loss: 0.0093564 | Time: 507ms
Epoch: 023 | Loss: 0.0098693 | L2 loss: 0.0098693 | Lip loss: 0.0000000 | Grad norm: 0.026853 | Time: 8s635ms
Epoch: 023 | Test Loss: 0.0093564 | Time: 500ms
==> Save the model at epoch 023 with test loss 0.0093564
Epoch: 024 | Loss: 0.0098738 | L2 loss: 0.0098738 | Lip loss: 0.0000000 | Grad norm: 0.027154 | Time: 8s285ms
Epoch: 024 | Test Loss: 0.0093564 | Time: 584ms
Epoch: 025 | Loss: 0.0098695 | L2 loss: 0.0098695 | Lip loss: 0.0000000 | Grad norm: 0.026774 | Time: 8s302ms
Epoch: 025 | Test Loss: 0.0093564 | Time: 501ms
==> Save the model at epoch 025 with test loss 0.0093564
Epoch: 026 | Loss: 0.0098791 | L2 loss: 0.0098791 | Lip loss: 0.0000000 | Grad norm: 0.026247 | Time: 8s582ms
Epoch: 026 | Test Loss: 0.0093564 | Time: 505ms
==> Save the model at epoch 026 with test loss 0.0093564
Epoch: 027 | Loss: 0.0099129 | L2 loss: 0.0099129 | Lip loss: 0.0000000 | Grad norm: 0.026796 | Time: 8s262ms
Epoch: 027 | Test Loss: 0.0093564 | Time: 566ms
Epoch: 028 | Loss: 0.0098675 | L2 loss: 0.0098675 | Lip loss: 0.0000000 | Grad norm: 0.026851 | Time: 8s401ms
Epoch: 028 | Test Loss: 0.0093564 | Time: 496ms
==> Save the model at epoch 028 with test loss 0.0093564
Epoch: 029 | Loss: 0.0098815 | L2 loss: 0.0098815 | Lip loss: 0.0000000 | Grad norm: 0.025446 | Time: 8s540ms
Epoch: 029 | Test Loss: 0.0093564 | Time: 510ms
Epoch: 030 | Loss: 0.0098833 | L2 loss: 0.0098833 | Lip loss: 0.0000000 | Grad norm: 0.028575 | Time: 8s750ms
Epoch: 030 | Test Loss: 0.0093564 | Time: 509ms
Epoch: 031 | Loss: 0.0098720 | L2 loss: 0.0098720 | Lip loss: 0.0000000 | Grad norm: 0.027247 | Time: 8s608ms
Epoch: 031 | Test Loss: 0.0093564 | Time: 527ms
Epoch: 032 | Loss: 0.0098697 | L2 loss: 0.0098697 | Lip loss: 0.0000000 | Grad norm: 0.027570 | Time: 8s456ms
Epoch: 032 | Test Loss: 0.0093564 | Time: 516ms
Epoch: 033 | Loss: 0.0098687 | L2 loss: 0.0098687 | Lip loss: 0.0000000 | Grad norm: 0.027954 | Time: 8s853ms
Epoch: 033 | Test Loss: 0.0093564 | Time: 502ms
Epoch: 034 | Loss: 0.0098717 | L2 loss: 0.0098717 | Lip loss: 0.0000000 | Grad norm: 0.026100 | Time: 8s558ms
Epoch: 034 | Test Loss: 0.0093564 | Time: 509ms
Epoch: 035 | Loss: 0.0098715 | L2 loss: 0.0098715 | Lip loss: 0.0000000 | Grad norm: 0.025942 | Time: 8s483ms
Epoch: 035 | Test Loss: 0.0093564 | Time: 580ms
Epoch: 036 | Loss: 0.0098696 | L2 loss: 0.0098696 | Lip loss: 0.0000000 | Grad norm: 0.027267 | Time: 8s411ms
Epoch: 036 | Test Loss: 0.0093564 | Time: 512ms
Epoch: 037 | Loss: 0.0098672 | L2 loss: 0.0098672 | Lip loss: 0.0000000 | Grad norm: 0.028137 | Time: 8s743ms
Epoch: 037 | Test Loss: 0.0093564 | Time: 505ms
Epoch: 038 | Loss: 0.0098665 | L2 loss: 0.0098665 | Lip loss: 0.0000000 | Grad norm: 0.026112 | Time: 8s559ms
Epoch: 038 | Test Loss: 0.0093564 | Time: 585ms
Epoch: 039 | Loss: 0.0098784 | L2 loss: 0.0098784 | Lip loss: 0.0000000 | Grad norm: 0.026541 | Time: 8s414ms
Epoch: 039 | Test Loss: 0.0093564 | Time: 501ms
Epoch: 040 | Loss: 0.0098699 | L2 loss: 0.0098699 | Lip loss: 0.0000000 | Grad norm: 0.026594 | Time: 8s827ms
Epoch: 040 | Test Loss: 0.0093564 | Time: 515ms
Total time: 6m2s
==> Saving trained model weights...
==> Input bias to be applied to the neural network (trained):
[0. 0. 0. 0.]
==> Input transform to be applied to the neural network (trained):
[1. 1. 1. 1.]
==> Output transform to be applied to the neural network (trained):
[1. 1.]
==> Saving training info...
==> Drawing training loss...
==> Drawing grad norm...
==> Drawing testing loss...
==> Drawing l2 loss...
==> Drawing lip loss...
==> Process finished.
