==> torch device:  cuda:0
==> Test-Train split: test_ratio = 0.20
==> Test-Train split seed:  None
==> Further split: further_train_ratio = 1.00
==> Further split seed:  None
==> Input bias to be applied to the neural network:
[0. 0.]
==> Input transform to be applied to the neural network:
[1. 1.]
==> Ouput transform to be applied to the neural network:
[1. 1.]
==> Evaluating model...
==========================================================================================
Layer (type:depth-idx)                   Output Shape              Param #
==========================================================================================
NeuralNetwork                            [1, 2]                    6
├─Sequential: 1-1                        [1, 2]                    --
│    └─Linear: 2-1                       [1, 64]                   192
│    └─LeakyReLU: 2-2                    [1, 64]                   --
│    └─Linear: 2-3                       [1, 64]                   4,160
│    └─LeakyReLU: 2-4                    [1, 64]                   --
│    └─Linear: 2-5                       [1, 64]                   4,160
│    └─LeakyReLU: 2-6                    [1, 64]                   --
│    └─Linear: 2-7                       [1, 64]                   4,160
│    └─LeakyReLU: 2-8                    [1, 64]                   --
│    └─Linear: 2-9                       [1, 64]                   4,160
│    └─LeakyReLU: 2-10                   [1, 64]                   --
│    └─Linear: 2-11                      [1, 64]                   4,160
│    └─LeakyReLU: 2-12                   [1, 64]                   --
│    └─Linear: 2-13                      [1, 64]                   4,160
│    └─LeakyReLU: 2-14                   [1, 64]                   --
│    └─Linear: 2-15                      [1, 2]                    130
==========================================================================================
Total params: 25,288
Trainable params: 25,282
Non-trainable params: 6
Total mult-adds (M): 0.03
==========================================================================================
Input size (MB): 0.00
Forward/backward pass size (MB): 0.00
Params size (MB): 0.10
Estimated Total Size (MB): 0.10
==========================================================================================
==> Saving initial model weights...
==> Start training...
Epoch: 001 | Loss: 2.6639359 | L2 loss: 2.6438065 | Lip loss: 0.0201294 | Grad norm: 11.197552 | Time: 51s277ms
Epoch: 001 | Test Loss: 0.0204960 | Time: 546ms
==> Save the model at epoch 001 with test loss 0.0204960
Epoch: 002 | Loss: 0.0431005 | L2 loss: 0.0225953 | Lip loss: 0.0205052 | Grad norm: 4.267495 | Time: 46s614ms
Epoch: 002 | Test Loss: 0.0144832 | Time: 553ms
==> Save the model at epoch 002 with test loss 0.0144832
Epoch: 003 | Loss: 0.0394737 | L2 loss: 0.0190392 | Lip loss: 0.0204345 | Grad norm: 3.209994 | Time: 49s674ms
Epoch: 003 | Test Loss: 0.0231250 | Time: 559ms
Epoch: 004 | Loss: 0.0361932 | L2 loss: 0.0157914 | Lip loss: 0.0204017 | Grad norm: 2.513623 | Time: 49s478ms
Epoch: 004 | Test Loss: 0.0181381 | Time: 550ms
Epoch: 005 | Loss: 0.0360227 | L2 loss: 0.0156309 | Lip loss: 0.0203918 | Grad norm: 2.460973 | Time: 50s748ms
Epoch: 005 | Test Loss: 0.0097579 | Time: 557ms
==> Save the model at epoch 005 with test loss 0.0097579
Epoch: 006 | Loss: 0.0278524 | L2 loss: 0.0075875 | Lip loss: 0.0202649 | Grad norm: 0.481388 | Time: 50s217ms
Epoch: 006 | Test Loss: 0.0077012 | Time: 565ms
==> Save the model at epoch 006 with test loss 0.0077012
Epoch: 007 | Loss: 0.0277495 | L2 loss: 0.0075092 | Lip loss: 0.0202403 | Grad norm: 0.447165 | Time: 49s689ms
Epoch: 007 | Test Loss: 0.0075788 | Time: 546ms
==> Save the model at epoch 007 with test loss 0.0075788
Epoch: 008 | Loss: 0.0278246 | L2 loss: 0.0075837 | Lip loss: 0.0202408 | Grad norm: 0.521363 | Time: 50s162ms
Epoch: 008 | Test Loss: 0.0076096 | Time: 557ms
Epoch: 009 | Loss: 0.0278645 | L2 loss: 0.0076303 | Lip loss: 0.0202342 | Grad norm: 0.558957 | Time: 49s1ms
Epoch: 009 | Test Loss: 0.0076096 | Time: 612ms
Epoch: 010 | Loss: 0.0277963 | L2 loss: 0.0075662 | Lip loss: 0.0202301 | Grad norm: 0.518795 | Time: 49s243ms
Epoch: 010 | Test Loss: 0.0075719 | Time: 614ms
==> Save the model at epoch 010 with test loss 0.0075719
Epoch: 011 | Loss: 0.0274411 | L2 loss: 0.0072325 | Lip loss: 0.0202086 | Grad norm: 0.296579 | Time: 45s732ms
Epoch: 011 | Test Loss: 0.0072220 | Time: 609ms
==> Save the model at epoch 011 with test loss 0.0072220
Epoch: 012 | Loss: 0.0274351 | L2 loss: 0.0072260 | Lip loss: 0.0202091 | Grad norm: 0.300043 | Time: 45s634ms
Epoch: 012 | Test Loss: 0.0072435 | Time: 604ms
Epoch: 013 | Loss: 0.0274426 | L2 loss: 0.0072328 | Lip loss: 0.0202098 | Grad norm: 0.309337 | Time: 45s671ms
Epoch: 013 | Test Loss: 0.0072543 | Time: 549ms
Epoch: 014 | Loss: 0.0274278 | L2 loss: 0.0072281 | Lip loss: 0.0201997 | Grad norm: 0.312737 | Time: 46s389ms
Epoch: 014 | Test Loss: 0.0072899 | Time: 552ms
Epoch: 015 | Loss: 0.0274379 | L2 loss: 0.0072310 | Lip loss: 0.0202069 | Grad norm: 0.316765 | Time: 49s792ms
Epoch: 015 | Test Loss: 0.0072463 | Time: 553ms
Epoch: 016 | Loss: 0.0273882 | L2 loss: 0.0071915 | Lip loss: 0.0201968 | Grad norm: 0.279718 | Time: 46s611ms
Epoch: 016 | Test Loss: 0.0072123 | Time: 555ms
==> Save the model at epoch 016 with test loss 0.0072123
Epoch: 017 | Loss: 0.0273990 | L2 loss: 0.0071874 | Lip loss: 0.0202117 | Grad norm: 0.274067 | Time: 45s788ms
Epoch: 017 | Test Loss: 0.0072120 | Time: 612ms
==> Save the model at epoch 017 with test loss 0.0072120
Epoch: 018 | Loss: 0.0273872 | L2 loss: 0.0071883 | Lip loss: 0.0201990 | Grad norm: 0.279412 | Time: 45s761ms
Epoch: 018 | Test Loss: 0.0072225 | Time: 542ms
Epoch: 019 | Loss: 0.0273797 | L2 loss: 0.0071871 | Lip loss: 0.0201926 | Grad norm: 0.266988 | Time: 47s210ms
Epoch: 019 | Test Loss: 0.0072173 | Time: 551ms
Epoch: 020 | Loss: 0.0273962 | L2 loss: 0.0071883 | Lip loss: 0.0202079 | Grad norm: 0.271031 | Time: 48s241ms
Epoch: 020 | Test Loss: 0.0072143 | Time: 548ms
Epoch: 021 | Loss: 0.0273788 | L2 loss: 0.0071833 | Lip loss: 0.0201955 | Grad norm: 0.262613 | Time: 45s743ms
Epoch: 021 | Test Loss: 0.0072089 | Time: 549ms
==> Save the model at epoch 021 with test loss 0.0072089
Epoch: 022 | Loss: 0.0273744 | L2 loss: 0.0071821 | Lip loss: 0.0201923 | Grad norm: 0.267054 | Time: 48s148ms
Epoch: 022 | Test Loss: 0.0072085 | Time: 560ms
==> Save the model at epoch 022 with test loss 0.0072085
Epoch: 023 | Loss: 0.0273922 | L2 loss: 0.0071817 | Lip loss: 0.0202105 | Grad norm: 0.270631 | Time: 51s86ms
Epoch: 023 | Test Loss: 0.0072096 | Time: 625ms
Epoch: 024 | Loss: 0.0273859 | L2 loss: 0.0071818 | Lip loss: 0.0202041 | Grad norm: 0.260587 | Time: 50s101ms
Epoch: 024 | Test Loss: 0.0072099 | Time: 627ms
Epoch: 025 | Loss: 0.0273724 | L2 loss: 0.0071818 | Lip loss: 0.0201905 | Grad norm: 0.263335 | Time: 45s806ms
Epoch: 025 | Test Loss: 0.0072096 | Time: 546ms
Epoch: 026 | Loss: 0.0273930 | L2 loss: 0.0071817 | Lip loss: 0.0202114 | Grad norm: 0.260881 | Time: 45s792ms
Epoch: 026 | Test Loss: 0.0072094 | Time: 545ms
Epoch: 027 | Loss: 0.0273928 | L2 loss: 0.0071814 | Lip loss: 0.0202114 | Grad norm: 0.267458 | Time: 51s200ms
Epoch: 027 | Test Loss: 0.0072093 | Time: 555ms
Epoch: 028 | Loss: 0.0273754 | L2 loss: 0.0071812 | Lip loss: 0.0201942 | Grad norm: 0.262854 | Time: 45s395ms
Epoch: 028 | Test Loss: 0.0072093 | Time: 603ms
Epoch: 029 | Loss: 0.0273725 | L2 loss: 0.0071812 | Lip loss: 0.0201913 | Grad norm: 0.258810 | Time: 45s430ms
Epoch: 029 | Test Loss: 0.0072093 | Time: 604ms
Epoch: 030 | Loss: 0.0273835 | L2 loss: 0.0071811 | Lip loss: 0.0202025 | Grad norm: 0.272757 | Time: 48s600ms
Epoch: 030 | Test Loss: 0.0072092 | Time: 625ms
Epoch: 031 | Loss: 0.0273831 | L2 loss: 0.0071809 | Lip loss: 0.0202021 | Grad norm: 0.262770 | Time: 48s474ms
Epoch: 031 | Test Loss: 0.0072092 | Time: 546ms
Epoch: 032 | Loss: 0.0273888 | L2 loss: 0.0071809 | Lip loss: 0.0202078 | Grad norm: 0.267255 | Time: 48s409ms
Epoch: 032 | Test Loss: 0.0072092 | Time: 536ms
Epoch: 033 | Loss: 0.0273906 | L2 loss: 0.0071809 | Lip loss: 0.0202097 | Grad norm: 0.269102 | Time: 48s360ms
Epoch: 033 | Test Loss: 0.0072092 | Time: 538ms
Epoch: 034 | Loss: 0.0273791 | L2 loss: 0.0071809 | Lip loss: 0.0201981 | Grad norm: 0.269468 | Time: 48s260ms
Epoch: 034 | Test Loss: 0.0072092 | Time: 536ms
Epoch: 035 | Loss: 0.0273780 | L2 loss: 0.0071809 | Lip loss: 0.0201971 | Grad norm: 0.259829 | Time: 48s378ms
Epoch: 035 | Test Loss: 0.0072092 | Time: 606ms
Epoch: 036 | Loss: 0.0273713 | L2 loss: 0.0071809 | Lip loss: 0.0201904 | Grad norm: 0.268864 | Time: 48s264ms
Epoch: 036 | Test Loss: 0.0072092 | Time: 604ms
Epoch: 037 | Loss: 0.0273764 | L2 loss: 0.0071809 | Lip loss: 0.0201954 | Grad norm: 0.268197 | Time: 48s361ms
Epoch: 037 | Test Loss: 0.0072092 | Time: 546ms
Epoch: 038 | Loss: 0.0273704 | L2 loss: 0.0071809 | Lip loss: 0.0201895 | Grad norm: 0.262531 | Time: 48s411ms
Epoch: 038 | Test Loss: 0.0072092 | Time: 537ms
Epoch: 039 | Loss: 0.0273803 | L2 loss: 0.0071809 | Lip loss: 0.0201994 | Grad norm: 0.271494 | Time: 48s414ms
Epoch: 039 | Test Loss: 0.0072092 | Time: 536ms
Epoch: 040 | Loss: 0.0273913 | L2 loss: 0.0071809 | Lip loss: 0.0202104 | Grad norm: 0.267133 | Time: 48s386ms
Epoch: 040 | Test Loss: 0.0072092 | Time: 555ms
Total time: 32m26s
==> Saving trained model weights...
==> Input bias to be applied to the neural network (trained):
[0. 0.]
==> Input transform to be applied to the neural network (trained):
[1. 1.]
==> Output transform to be applied to the neural network (trained):
[1. 1.]
==> Saving training info...
==> Drawing training loss...
==> Drawing grad norm...
==> Drawing testing loss...
==> Drawing l2 loss...
==> Drawing lip loss...
==> Process finished.
