==> torch device:  cuda:0
==> Test-Train split: test_ratio = 0.20
==> Test-Train split seed:  None
==> Further split: further_train_ratio = 1.00
==> Further split seed:  None
==> Input bias to be applied to the neural network:
[0. 0. 0. 0.]
==> Input transform to be applied to the neural network:
[1. 1. 1. 1.]
==> Ouput transform to be applied to the neural network:
[1. 1.]
==> Evaluating model...
==========================================================================================
Layer (type:depth-idx)                   Output Shape              Param #
==========================================================================================
NeuralNetwork                            [1, 2]                    10
├─Sequential: 1-1                        [1, 2]                    --
│    └─Linear: 2-1                       [1, 64]                   320
│    └─LeakyReLU: 2-2                    [1, 64]                   --
│    └─Linear: 2-3                       [1, 64]                   4,160
│    └─LeakyReLU: 2-4                    [1, 64]                   --
│    └─Linear: 2-5                       [1, 64]                   4,160
│    └─LeakyReLU: 2-6                    [1, 64]                   --
│    └─Linear: 2-7                       [1, 64]                   4,160
│    └─LeakyReLU: 2-8                    [1, 64]                   --
│    └─Linear: 2-9                       [1, 64]                   4,160
│    └─LeakyReLU: 2-10                   [1, 64]                   --
│    └─Linear: 2-11                      [1, 64]                   4,160
│    └─LeakyReLU: 2-12                   [1, 64]                   --
│    └─Linear: 2-13                      [1, 64]                   4,160
│    └─LeakyReLU: 2-14                   [1, 64]                   --
│    └─Linear: 2-15                      [1, 2]                    130
==========================================================================================
Total params: 25,420
Trainable params: 25,410
Non-trainable params: 10
Total mult-adds (Units.MEGABYTES): 0.03
==========================================================================================
Input size (MB): 0.00
Forward/backward pass size (MB): 0.00
Params size (MB): 0.10
Estimated Total Size (MB): 0.11
==========================================================================================
==> Saving initial model weights...
==> Start training...
Epoch: 001 | Loss: 0.0010258 | L2 loss: 0.0009760 | Lip loss: 0.0000498 | Grad norm: 0.010888 | Time: 34s103ms
Epoch: 001 | Test Loss: 0.0005839 | Time: 503ms
==> Save the model at epoch 001 with test loss 0.0005839
Epoch: 002 | Loss: 0.0006632 | L2 loss: 0.0005790 | Lip loss: 0.0000843 | Grad norm: 0.006401 | Time: 34s456ms
Epoch: 002 | Test Loss: 0.0005686 | Time: 498ms
==> Save the model at epoch 002 with test loss 0.0005686
Epoch: 003 | Loss: 0.0006564 | L2 loss: 0.0005761 | Lip loss: 0.0000803 | Grad norm: 0.006607 | Time: 34s553ms
Epoch: 003 | Test Loss: 0.0005863 | Time: 489ms
Epoch: 004 | Loss: 0.0006579 | L2 loss: 0.0005751 | Lip loss: 0.0000829 | Grad norm: 0.006100 | Time: 34s716ms
Epoch: 004 | Test Loss: 0.0005667 | Time: 500ms
==> Save the model at epoch 004 with test loss 0.0005667
Epoch: 005 | Loss: 0.0006546 | L2 loss: 0.0005729 | Lip loss: 0.0000817 | Grad norm: 0.006233 | Time: 34s357ms
Epoch: 005 | Test Loss: 0.0005696 | Time: 499ms
Epoch: 006 | Loss: 0.0006471 | L2 loss: 0.0005607 | Lip loss: 0.0000864 | Grad norm: 0.003585 | Time: 35s724ms
Epoch: 006 | Test Loss: 0.0005594 | Time: 565ms
==> Save the model at epoch 006 with test loss 0.0005594
Epoch: 007 | Loss: 0.0006441 | L2 loss: 0.0005599 | Lip loss: 0.0000842 | Grad norm: 0.003848 | Time: 34s255ms
Epoch: 007 | Test Loss: 0.0005606 | Time: 564ms
Epoch: 008 | Loss: 0.0006454 | L2 loss: 0.0005594 | Lip loss: 0.0000860 | Grad norm: 0.003638 | Time: 34s702ms
Epoch: 008 | Test Loss: 0.0005605 | Time: 492ms
Epoch: 009 | Loss: 0.0006439 | L2 loss: 0.0005593 | Lip loss: 0.0000846 | Grad norm: 0.003705 | Time: 34s764ms
Epoch: 009 | Test Loss: 0.0005607 | Time: 494ms
Epoch: 010 | Loss: 0.0006455 | L2 loss: 0.0005596 | Lip loss: 0.0000859 | Grad norm: 0.003829 | Time: 34s590ms
Epoch: 010 | Test Loss: 0.0005583 | Time: 495ms
==> Save the model at epoch 010 with test loss 0.0005583
Epoch: 011 | Loss: 0.0006452 | L2 loss: 0.0005572 | Lip loss: 0.0000879 | Grad norm: 0.003399 | Time: 34s771ms
Epoch: 011 | Test Loss: 0.0005587 | Time: 488ms
Epoch: 012 | Loss: 0.0006432 | L2 loss: 0.0005575 | Lip loss: 0.0000857 | Grad norm: 0.003318 | Time: 34s66ms
Epoch: 012 | Test Loss: 0.0005589 | Time: 510ms
Epoch: 013 | Loss: 0.0006446 | L2 loss: 0.0005577 | Lip loss: 0.0000869 | Grad norm: 0.003307 | Time: 34s727ms
Epoch: 013 | Test Loss: 0.0005584 | Time: 491ms
Epoch: 014 | Loss: 0.0006449 | L2 loss: 0.0005575 | Lip loss: 0.0000874 | Grad norm: 0.003423 | Time: 34s584ms
Epoch: 014 | Test Loss: 0.0005585 | Time: 493ms
Epoch: 015 | Loss: 0.0006434 | L2 loss: 0.0005575 | Lip loss: 0.0000859 | Grad norm: 0.003355 | Time: 35s51ms
Epoch: 015 | Test Loss: 0.0005583 | Time: 556ms
Epoch: 016 | Loss: 0.0006466 | L2 loss: 0.0005572 | Lip loss: 0.0000894 | Grad norm: 0.003345 | Time: 34s96ms
Epoch: 016 | Test Loss: 0.0005583 | Time: 574ms
Epoch: 017 | Loss: 0.0006403 | L2 loss: 0.0005572 | Lip loss: 0.0000830 | Grad norm: 0.003373 | Time: 34s582ms
Epoch: 017 | Test Loss: 0.0005582 | Time: 500ms
==> Save the model at epoch 017 with test loss 0.0005582
Epoch: 018 | Loss: 0.0006439 | L2 loss: 0.0005572 | Lip loss: 0.0000867 | Grad norm: 0.003221 | Time: 34s145ms
Epoch: 018 | Test Loss: 0.0005582 | Time: 491ms
Epoch: 019 | Loss: 0.0006391 | L2 loss: 0.0005572 | Lip loss: 0.0000819 | Grad norm: 0.003189 | Time: 34s844ms
Epoch: 019 | Test Loss: 0.0005581 | Time: 489ms
==> Save the model at epoch 019 with test loss 0.0005581
Epoch: 020 | Loss: 0.0006430 | L2 loss: 0.0005571 | Lip loss: 0.0000859 | Grad norm: 0.003354 | Time: 34s722ms
Epoch: 020 | Test Loss: 0.0005581 | Time: 508ms
==> Save the model at epoch 020 with test loss 0.0005581
Epoch: 021 | Loss: 0.0006471 | L2 loss: 0.0005571 | Lip loss: 0.0000900 | Grad norm: 0.003233 | Time: 34s350ms
Epoch: 021 | Test Loss: 0.0005581 | Time: 496ms
Epoch: 022 | Loss: 0.0006439 | L2 loss: 0.0005571 | Lip loss: 0.0000868 | Grad norm: 0.003362 | Time: 34s968ms
Epoch: 022 | Test Loss: 0.0005581 | Time: 495ms
Epoch: 023 | Loss: 0.0006424 | L2 loss: 0.0005571 | Lip loss: 0.0000853 | Grad norm: 0.003346 | Time: 34s88ms
Epoch: 023 | Test Loss: 0.0005582 | Time: 500ms
Epoch: 024 | Loss: 0.0006437 | L2 loss: 0.0005571 | Lip loss: 0.0000866 | Grad norm: 0.003218 | Time: 35s30ms
Epoch: 024 | Test Loss: 0.0005582 | Time: 561ms
Epoch: 025 | Loss: 0.0006422 | L2 loss: 0.0005571 | Lip loss: 0.0000851 | Grad norm: 0.003251 | Time: 34s677ms
Epoch: 025 | Test Loss: 0.0005582 | Time: 565ms
Epoch: 026 | Loss: 0.0006444 | L2 loss: 0.0005571 | Lip loss: 0.0000873 | Grad norm: 0.003424 | Time: 34s279ms
Epoch: 026 | Test Loss: 0.0005582 | Time: 495ms
Epoch: 027 | Loss: 0.0006421 | L2 loss: 0.0005571 | Lip loss: 0.0000850 | Grad norm: 0.003239 | Time: 34s341ms
Epoch: 027 | Test Loss: 0.0005582 | Time: 487ms
Epoch: 028 | Loss: 0.0006468 | L2 loss: 0.0005571 | Lip loss: 0.0000897 | Grad norm: 0.003295 | Time: 33s859ms
Epoch: 028 | Test Loss: 0.0005582 | Time: 490ms
Epoch: 029 | Loss: 0.0006391 | L2 loss: 0.0005571 | Lip loss: 0.0000820 | Grad norm: 0.003293 | Time: 34s63ms
Epoch: 029 | Test Loss: 0.0005582 | Time: 491ms
Epoch: 030 | Loss: 0.0006449 | L2 loss: 0.0005571 | Lip loss: 0.0000878 | Grad norm: 0.003348 | Time: 34s360ms
Epoch: 030 | Test Loss: 0.0005582 | Time: 486ms
Epoch: 031 | Loss: 0.0006448 | L2 loss: 0.0005571 | Lip loss: 0.0000877 | Grad norm: 0.003266 | Time: 34s393ms
Epoch: 031 | Test Loss: 0.0005582 | Time: 492ms
Epoch: 032 | Loss: 0.0006471 | L2 loss: 0.0005571 | Lip loss: 0.0000900 | Grad norm: 0.003324 | Time: 34s612ms
Epoch: 032 | Test Loss: 0.0005582 | Time: 574ms
Epoch: 033 | Loss: 0.0006442 | L2 loss: 0.0005571 | Lip loss: 0.0000872 | Grad norm: 0.003276 | Time: 34s369ms
Epoch: 033 | Test Loss: 0.0005582 | Time: 496ms
Epoch: 034 | Loss: 0.0006394 | L2 loss: 0.0005571 | Lip loss: 0.0000823 | Grad norm: 0.003036 | Time: 34s389ms
Epoch: 034 | Test Loss: 0.0005582 | Time: 561ms
Epoch: 035 | Loss: 0.0006407 | L2 loss: 0.0005571 | Lip loss: 0.0000836 | Grad norm: 0.003150 | Time: 34s548ms
Epoch: 035 | Test Loss: 0.0005582 | Time: 569ms
Epoch: 036 | Loss: 0.0006437 | L2 loss: 0.0005571 | Lip loss: 0.0000867 | Grad norm: 0.003303 | Time: 33s893ms
Epoch: 036 | Test Loss: 0.0005582 | Time: 511ms
Epoch: 037 | Loss: 0.0006478 | L2 loss: 0.0005571 | Lip loss: 0.0000907 | Grad norm: 0.003373 | Time: 33s873ms
Epoch: 037 | Test Loss: 0.0005582 | Time: 494ms
Epoch: 038 | Loss: 0.0006449 | L2 loss: 0.0005571 | Lip loss: 0.0000878 | Grad norm: 0.003334 | Time: 34s464ms
Epoch: 038 | Test Loss: 0.0005582 | Time: 487ms
Epoch: 039 | Loss: 0.0006433 | L2 loss: 0.0005571 | Lip loss: 0.0000862 | Grad norm: 0.003313 | Time: 34s671ms
Epoch: 039 | Test Loss: 0.0005582 | Time: 492ms
Epoch: 040 | Loss: 0.0006458 | L2 loss: 0.0005571 | Lip loss: 0.0000887 | Grad norm: 0.003249 | Time: 34s506ms
Epoch: 040 | Test Loss: 0.0005582 | Time: 489ms
Total time: 23m20s
==> Saving trained model weights...
==> Input bias to be applied to the neural network (trained):
[0. 0. 0. 0.]
==> Input transform to be applied to the neural network (trained):
[1. 1. 1. 1.]
==> Output transform to be applied to the neural network (trained):
[1. 1.]
==> Saving training info...
==> Drawing training loss...
==> Drawing grad norm...
==> Drawing testing loss...
==> Drawing l2 loss...
==> Drawing lip loss...
==> Process finished.
