==> torch device:  cuda:2
==> Test-Train split: test_ratio = 0.20
==> Test-Train split seed:  None
==> Further split: further_train_ratio = 1.00
==> Further split seed:  None
==> Input bias to be applied to the neural network:
[0. 0.]
==> Input transform to be applied to the neural network:
[1. 1.]
==> Ouput transform to be applied to the neural network:
[1. 1.]
==> Evaluating model...
==========================================================================================
Layer (type:depth-idx)                   Output Shape              Param #
==========================================================================================
NeuralNetwork                            [1, 2]                    6
├─Sequential: 1-1                        [1, 2]                    --
│    └─Linear: 2-1                       [1, 64]                   192
│    └─LeakyReLU: 2-2                    [1, 64]                   --
│    └─Linear: 2-3                       [1, 64]                   4,160
│    └─LeakyReLU: 2-4                    [1, 64]                   --
│    └─Linear: 2-5                       [1, 64]                   4,160
│    └─LeakyReLU: 2-6                    [1, 64]                   --
│    └─Linear: 2-7                       [1, 64]                   4,160
│    └─LeakyReLU: 2-8                    [1, 64]                   --
│    └─Linear: 2-9                       [1, 64]                   4,160
│    └─LeakyReLU: 2-10                   [1, 64]                   --
│    └─Linear: 2-11                      [1, 64]                   4,160
│    └─LeakyReLU: 2-12                   [1, 64]                   --
│    └─Linear: 2-13                      [1, 64]                   4,160
│    └─LeakyReLU: 2-14                   [1, 64]                   --
│    └─Linear: 2-15                      [1, 2]                    130
==========================================================================================
Total params: 25,288
Trainable params: 25,282
Non-trainable params: 6
Total mult-adds (Units.MEGABYTES): 0.03
==========================================================================================
Input size (MB): 0.00
Forward/backward pass size (MB): 0.00
Params size (MB): 0.10
Estimated Total Size (MB): 0.10
==========================================================================================
==> Saving initial model weights...
==> Start training...
Epoch: 001 | Loss: 0.8266320 | L2 loss: 0.8266307 | Lip loss: 0.0000014 | Grad norm: 4.167774 | Time: 34s252ms
Epoch: 001 | Test Loss: 0.0542965 | Time: 436ms
==> Save the model at epoch 001 with test loss 0.0542965
Epoch: 002 | Loss: 0.0382031 | L2 loss: 0.0382016 | Lip loss: 0.0000015 | Grad norm: 3.895703 | Time: 34s93ms
Epoch: 002 | Test Loss: 0.0297678 | Time: 429ms
==> Save the model at epoch 002 with test loss 0.0297678
Epoch: 003 | Loss: 0.0211934 | L2 loss: 0.0211919 | Lip loss: 0.0000015 | Grad norm: 2.437738 | Time: 34s418ms
Epoch: 003 | Test Loss: 0.0167668 | Time: 453ms
==> Save the model at epoch 003 with test loss 0.0167668
Epoch: 004 | Loss: 0.0173785 | L2 loss: 0.0173771 | Lip loss: 0.0000015 | Grad norm: 2.194672 | Time: 34s405ms
Epoch: 004 | Test Loss: 0.0126393 | Time: 438ms
==> Save the model at epoch 004 with test loss 0.0126393
Epoch: 005 | Loss: 0.0164325 | L2 loss: 0.0164310 | Lip loss: 0.0000015 | Grad norm: 1.915043 | Time: 34s177ms
Epoch: 005 | Test Loss: 0.0154678 | Time: 436ms
Epoch: 006 | Loss: 0.0078143 | L2 loss: 0.0078128 | Lip loss: 0.0000015 | Grad norm: 0.417795 | Time: 34s644ms
Epoch: 006 | Test Loss: 0.0073487 | Time: 500ms
==> Save the model at epoch 006 with test loss 0.0073487
Epoch: 007 | Loss: 0.0074572 | L2 loss: 0.0074557 | Lip loss: 0.0000015 | Grad norm: 0.367100 | Time: 35s138ms
Epoch: 007 | Test Loss: 0.0073859 | Time: 515ms
Epoch: 008 | Loss: 0.0073692 | L2 loss: 0.0073677 | Lip loss: 0.0000015 | Grad norm: 0.368367 | Time: 35s283ms
Epoch: 008 | Test Loss: 0.0071864 | Time: 439ms
==> Save the model at epoch 008 with test loss 0.0071864
Epoch: 009 | Loss: 0.0073691 | L2 loss: 0.0073676 | Lip loss: 0.0000015 | Grad norm: 0.406842 | Time: 35s332ms
Epoch: 009 | Test Loss: 0.0071755 | Time: 432ms
==> Save the model at epoch 009 with test loss 0.0071755
Epoch: 010 | Loss: 0.0073007 | L2 loss: 0.0072993 | Lip loss: 0.0000015 | Grad norm: 0.387062 | Time: 35s290ms
Epoch: 010 | Test Loss: 0.0073175 | Time: 446ms
Epoch: 011 | Loss: 0.0070183 | L2 loss: 0.0070168 | Lip loss: 0.0000015 | Grad norm: 0.249340 | Time: 34s458ms
Epoch: 011 | Test Loss: 0.0069597 | Time: 431ms
==> Save the model at epoch 011 with test loss 0.0069597
Epoch: 012 | Loss: 0.0069915 | L2 loss: 0.0069901 | Lip loss: 0.0000014 | Grad norm: 0.244076 | Time: 34s126ms
Epoch: 012 | Test Loss: 0.0069043 | Time: 446ms
==> Save the model at epoch 012 with test loss 0.0069043
Epoch: 013 | Loss: 0.0069932 | L2 loss: 0.0069918 | Lip loss: 0.0000014 | Grad norm: 0.251405 | Time: 34s891ms
Epoch: 013 | Test Loss: 0.0068865 | Time: 428ms
==> Save the model at epoch 013 with test loss 0.0068865
Epoch: 014 | Loss: 0.0069909 | L2 loss: 0.0069894 | Lip loss: 0.0000015 | Grad norm: 0.249947 | Time: 35s251ms
Epoch: 014 | Test Loss: 0.0069029 | Time: 440ms
Epoch: 015 | Loss: 0.0069849 | L2 loss: 0.0069834 | Lip loss: 0.0000015 | Grad norm: 0.248076 | Time: 34s442ms
Epoch: 015 | Test Loss: 0.0069431 | Time: 524ms
Epoch: 016 | Loss: 0.0069456 | L2 loss: 0.0069441 | Lip loss: 0.0000015 | Grad norm: 0.225203 | Time: 34s653ms
Epoch: 016 | Test Loss: 0.0068574 | Time: 514ms
==> Save the model at epoch 016 with test loss 0.0068574
Epoch: 017 | Loss: 0.0069432 | L2 loss: 0.0069417 | Lip loss: 0.0000015 | Grad norm: 0.228491 | Time: 35s304ms
Epoch: 017 | Test Loss: 0.0068591 | Time: 438ms
Epoch: 018 | Loss: 0.0069420 | L2 loss: 0.0069405 | Lip loss: 0.0000015 | Grad norm: 0.226248 | Time: 34s661ms
Epoch: 018 | Test Loss: 0.0068575 | Time: 436ms
Epoch: 019 | Loss: 0.0069419 | L2 loss: 0.0069404 | Lip loss: 0.0000015 | Grad norm: 0.230742 | Time: 34s839ms
Epoch: 019 | Test Loss: 0.0068604 | Time: 435ms
Epoch: 020 | Loss: 0.0069412 | L2 loss: 0.0069398 | Lip loss: 0.0000014 | Grad norm: 0.223180 | Time: 34s940ms
Epoch: 020 | Test Loss: 0.0068564 | Time: 443ms
==> Save the model at epoch 020 with test loss 0.0068564
Epoch: 021 | Loss: 0.0069362 | L2 loss: 0.0069347 | Lip loss: 0.0000014 | Grad norm: 0.221727 | Time: 34s58ms
Epoch: 021 | Test Loss: 0.0068552 | Time: 444ms
==> Save the model at epoch 021 with test loss 0.0068552
Epoch: 022 | Loss: 0.0069358 | L2 loss: 0.0069344 | Lip loss: 0.0000015 | Grad norm: 0.221659 | Time: 34s338ms
Epoch: 022 | Test Loss: 0.0068550 | Time: 435ms
==> Save the model at epoch 022 with test loss 0.0068550
Epoch: 023 | Loss: 0.0069360 | L2 loss: 0.0069345 | Lip loss: 0.0000015 | Grad norm: 0.222930 | Time: 34s696ms
Epoch: 023 | Test Loss: 0.0068550 | Time: 444ms
==> Save the model at epoch 023 with test loss 0.0068550
Epoch: 024 | Loss: 0.0069356 | L2 loss: 0.0069342 | Lip loss: 0.0000014 | Grad norm: 0.226273 | Time: 34s926ms
Epoch: 024 | Test Loss: 0.0068553 | Time: 500ms
Epoch: 025 | Loss: 0.0069354 | L2 loss: 0.0069340 | Lip loss: 0.0000014 | Grad norm: 0.216318 | Time: 34s886ms
Epoch: 025 | Test Loss: 0.0068552 | Time: 503ms
Epoch: 026 | Loss: 0.0069347 | L2 loss: 0.0069332 | Lip loss: 0.0000014 | Grad norm: 0.219970 | Time: 34s600ms
Epoch: 026 | Test Loss: 0.0068552 | Time: 445ms
Epoch: 027 | Loss: 0.0069347 | L2 loss: 0.0069332 | Lip loss: 0.0000015 | Grad norm: 0.224013 | Time: 34s885ms
Epoch: 027 | Test Loss: 0.0068552 | Time: 443ms
Epoch: 028 | Loss: 0.0069347 | L2 loss: 0.0069332 | Lip loss: 0.0000015 | Grad norm: 0.224622 | Time: 34s528ms
Epoch: 028 | Test Loss: 0.0068552 | Time: 438ms
Epoch: 029 | Loss: 0.0069347 | L2 loss: 0.0069332 | Lip loss: 0.0000015 | Grad norm: 0.221729 | Time: 34s735ms
Epoch: 029 | Test Loss: 0.0068551 | Time: 448ms
Epoch: 030 | Loss: 0.0069347 | L2 loss: 0.0069332 | Lip loss: 0.0000015 | Grad norm: 0.223121 | Time: 34s52ms
Epoch: 030 | Test Loss: 0.0068551 | Time: 435ms
Epoch: 031 | Loss: 0.0069346 | L2 loss: 0.0069331 | Lip loss: 0.0000014 | Grad norm: 0.220861 | Time: 34s397ms
Epoch: 031 | Test Loss: 0.0068551 | Time: 450ms
Epoch: 032 | Loss: 0.0069346 | L2 loss: 0.0069331 | Lip loss: 0.0000015 | Grad norm: 0.221160 | Time: 34s836ms
Epoch: 032 | Test Loss: 0.0068551 | Time: 508ms
Epoch: 033 | Loss: 0.0069346 | L2 loss: 0.0069331 | Lip loss: 0.0000015 | Grad norm: 0.220313 | Time: 33s914ms
Epoch: 033 | Test Loss: 0.0068551 | Time: 431ms
Epoch: 034 | Loss: 0.0069346 | L2 loss: 0.0069331 | Lip loss: 0.0000015 | Grad norm: 0.224943 | Time: 33s577ms
Epoch: 034 | Test Loss: 0.0068551 | Time: 498ms
Epoch: 035 | Loss: 0.0069346 | L2 loss: 0.0069331 | Lip loss: 0.0000015 | Grad norm: 0.218694 | Time: 34s897ms
Epoch: 035 | Test Loss: 0.0068551 | Time: 507ms
Epoch: 036 | Loss: 0.0069346 | L2 loss: 0.0069331 | Lip loss: 0.0000015 | Grad norm: 0.223025 | Time: 35s40ms
Epoch: 036 | Test Loss: 0.0068551 | Time: 439ms
Epoch: 037 | Loss: 0.0069346 | L2 loss: 0.0069331 | Lip loss: 0.0000015 | Grad norm: 0.222490 | Time: 34s856ms
Epoch: 037 | Test Loss: 0.0068551 | Time: 432ms
Epoch: 038 | Loss: 0.0069346 | L2 loss: 0.0069331 | Lip loss: 0.0000014 | Grad norm: 0.221645 | Time: 34s506ms
Epoch: 038 | Test Loss: 0.0068551 | Time: 434ms
Epoch: 039 | Loss: 0.0069346 | L2 loss: 0.0069331 | Lip loss: 0.0000015 | Grad norm: 0.226031 | Time: 34s455ms
Epoch: 039 | Test Loss: 0.0068551 | Time: 432ms
Epoch: 040 | Loss: 0.0069346 | L2 loss: 0.0069331 | Lip loss: 0.0000015 | Grad norm: 0.217797 | Time: 34s582ms
Epoch: 040 | Test Loss: 0.0068551 | Time: 438ms
Total time: 23m23s
==> Saving trained model weights...
==> Input bias to be applied to the neural network (trained):
[0. 0.]
==> Input transform to be applied to the neural network (trained):
[1. 1.]
==> Output transform to be applied to the neural network (trained):
[1. 1.]
==> Saving training info...
==> Drawing training loss...
==> Drawing grad norm...
==> Drawing testing loss...
==> Drawing l2 loss...
==> Drawing lip loss...
==> Process finished.
