==> torch device:  cuda:2
==> Test-Train split: test_ratio = 0.20
==> Test-Train split seed:  None
==> Further split: further_train_ratio = 0.25
==> Further split seed:  None
==> Input bias to be applied to the neural network:
[0. 0. 0. 0.]
==> Input transform to be applied to the neural network:
[ 0.62900996  0.6288517  11.614402    9.487666  ]
==> Ouput transform to be applied to the neural network:
[0.0195 0.021 ]
==> Evaluating model...
==========================================================================================
Layer (type:depth-idx)                   Output Shape              Param #
==========================================================================================
NeuralNetwork                            [1, 2]                    10
├─Sequential: 1-1                        [1, 2]                    --
│    └─Linear: 2-1                       [1, 64]                   320
│    └─ReLU: 2-2                         [1, 64]                   --
│    └─Linear: 2-3                       [1, 64]                   4,160
│    └─ReLU: 2-4                         [1, 64]                   --
│    └─Linear: 2-5                       [1, 64]                   4,160
│    └─ReLU: 2-6                         [1, 64]                   --
│    └─Linear: 2-7                       [1, 64]                   4,160
│    └─ReLU: 2-8                         [1, 64]                   --
│    └─Linear: 2-9                       [1, 64]                   4,160
│    └─ReLU: 2-10                        [1, 64]                   --
│    └─Linear: 2-11                      [1, 64]                   4,160
│    └─ReLU: 2-12                        [1, 64]                   --
│    └─Linear: 2-13                      [1, 64]                   4,160
│    └─ReLU: 2-14                        [1, 64]                   --
│    └─Linear: 2-15                      [1, 2]                    130
├─Sequential: 1-2                        [1, 2]                    (recursive)
│    └─Linear: 2-16                      [1, 64]                   (recursive)
│    └─ReLU: 2-17                        [1, 64]                   --
│    └─Linear: 2-18                      [1, 64]                   (recursive)
│    └─ReLU: 2-19                        [1, 64]                   --
│    └─Linear: 2-20                      [1, 64]                   (recursive)
│    └─ReLU: 2-21                        [1, 64]                   --
│    └─Linear: 2-22                      [1, 64]                   (recursive)
│    └─ReLU: 2-23                        [1, 64]                   --
│    └─Linear: 2-24                      [1, 64]                   (recursive)
│    └─ReLU: 2-25                        [1, 64]                   --
│    └─Linear: 2-26                      [1, 64]                   (recursive)
│    └─ReLU: 2-27                        [1, 64]                   --
│    └─Linear: 2-28                      [1, 64]                   (recursive)
│    └─ReLU: 2-29                        [1, 64]                   --
│    └─Linear: 2-30                      [1, 2]                    (recursive)
==========================================================================================
Total params: 25,420
Trainable params: 25,410
Non-trainable params: 10
Total mult-adds (Units.MEGABYTES): 0.05
==========================================================================================
Input size (MB): 0.00
Forward/backward pass size (MB): 0.01
Params size (MB): 0.10
Estimated Total Size (MB): 0.11
==========================================================================================
==> Saving initial model weights...
==> Start training...
==> Number of param_groups in optimizer: 1
Epoch: 001 | Train Loss: 0.0008290 | Grad norm: 0.000016 | Time: 1s236ms
Epoch: 001 | Test Loss: 0.0008224 | Time: 503ms
==> Save the model at epoch 001 with test loss 0.0008224
Epoch: 002 | Train Loss: 0.0007714 | Grad norm: 0.000169 | Time: 1s100ms
Epoch: 002 | Test Loss: 0.0005819 | Time: 514ms
==> Save the model at epoch 002 with test loss 0.0005819
Epoch: 003 | Train Loss: 0.0002001 | Grad norm: 0.000311 | Time: 1s76ms
Epoch: 003 | Test Loss: 0.0000712 | Time: 582ms
==> Save the model at epoch 003 with test loss 0.0000712
Epoch: 004 | Train Loss: 0.0000706 | Grad norm: 0.000159 | Time: 1s109ms
Epoch: 004 | Test Loss: 0.0000682 | Time: 578ms
==> Save the model at epoch 004 with test loss 0.0000682
Epoch: 005 | Train Loss: 0.0000688 | Grad norm: 0.000163 | Time: 1s167ms
Epoch: 005 | Test Loss: 0.0000669 | Time: 529ms
==> Save the model at epoch 005 with test loss 0.0000669
Epoch: 006 | Train Loss: 0.0000683 | Grad norm: 0.000165 | Time: 1s43ms
Epoch: 006 | Test Loss: 0.0000663 | Time: 521ms
==> Save the model at epoch 006 with test loss 0.0000663
Epoch: 007 | Train Loss: 0.0000680 | Grad norm: 0.000160 | Time: 1s89ms
Epoch: 007 | Test Loss: 0.0000677 | Time: 574ms
Epoch: 008 | Train Loss: 0.0000685 | Grad norm: 0.000182 | Time: 1s82ms
Epoch: 008 | Test Loss: 0.0000666 | Time: 521ms
Epoch: 009 | Train Loss: 0.0000681 | Grad norm: 0.000166 | Time: 1s79ms
Epoch: 009 | Test Loss: 0.0000664 | Time: 506ms
Epoch: 010 | Train Loss: 0.0000680 | Grad norm: 0.000168 | Time: 1s20ms
Epoch: 010 | Test Loss: 0.0000676 | Time: 505ms
Epoch: 011 | Train Loss: 0.0000679 | Grad norm: 0.000166 | Time: 1s21ms
Epoch: 011 | Test Loss: 0.0000677 | Time: 582ms
Epoch: 012 | Train Loss: 0.0000675 | Grad norm: 0.000149 | Time: 1s107ms
Epoch: 012 | Test Loss: 0.0000672 | Time: 513ms
Epoch: 013 | Train Loss: 0.0000673 | Grad norm: 0.000149 | Time: 1s143ms
Epoch: 013 | Test Loss: 0.0000665 | Time: 518ms
Epoch: 014 | Train Loss: 0.0000674 | Grad norm: 0.000150 | Time: 1s94ms
Epoch: 014 | Test Loss: 0.0000661 | Time: 506ms
==> Save the model at epoch 014 with test loss 0.0000661
Epoch: 015 | Train Loss: 0.0000675 | Grad norm: 0.000154 | Time: 1s106ms
Epoch: 015 | Test Loss: 0.0000659 | Time: 574ms
==> Save the model at epoch 015 with test loss 0.0000659
Epoch: 016 | Train Loss: 0.0000673 | Grad norm: 0.000147 | Time: 1s79ms
Epoch: 016 | Test Loss: 0.0000662 | Time: 509ms
Epoch: 017 | Train Loss: 0.0000670 | Grad norm: 0.000136 | Time: 1s79ms
Epoch: 017 | Test Loss: 0.0000662 | Time: 517ms
Epoch: 018 | Train Loss: 0.0000668 | Grad norm: 0.000128 | Time: 1s101ms
Epoch: 018 | Test Loss: 0.0000659 | Time: 505ms
Epoch: 019 | Train Loss: 0.0000669 | Grad norm: 0.000138 | Time: 1s84ms
Epoch: 019 | Test Loss: 0.0000656 | Time: 575ms
==> Save the model at epoch 019 with test loss 0.0000656
Epoch: 020 | Train Loss: 0.0000667 | Grad norm: 0.000131 | Time: 1s30ms
Epoch: 020 | Test Loss: 0.0000656 | Time: 524ms
Epoch: 021 | Train Loss: 0.0000668 | Grad norm: 0.000141 | Time: 1s48ms
Epoch: 021 | Test Loss: 0.0000661 | Time: 518ms
Epoch: 022 | Train Loss: 0.0000668 | Grad norm: 0.000145 | Time: 1s92ms
Epoch: 022 | Test Loss: 0.0000655 | Time: 504ms
==> Save the model at epoch 022 with test loss 0.0000655
Epoch: 023 | Train Loss: 0.0000666 | Grad norm: 0.000136 | Time: 1s84ms
Epoch: 023 | Test Loss: 0.0000656 | Time: 574ms
Epoch: 024 | Train Loss: 0.0000665 | Grad norm: 0.000135 | Time: 1s43ms
Epoch: 024 | Test Loss: 0.0000662 | Time: 514ms
Epoch: 025 | Train Loss: 0.0000664 | Grad norm: 0.000125 | Time: 1s33ms
Epoch: 025 | Test Loss: 0.0000652 | Time: 504ms
==> Save the model at epoch 025 with test loss 0.0000652
Epoch: 026 | Train Loss: 0.0000662 | Grad norm: 0.000121 | Time: 1s68ms
Epoch: 026 | Test Loss: 0.0000651 | Time: 508ms
==> Save the model at epoch 026 with test loss 0.0000651
Epoch: 027 | Train Loss: 0.0000662 | Grad norm: 0.000124 | Time: 1s45ms
Epoch: 027 | Test Loss: 0.0000659 | Time: 578ms
Epoch: 028 | Train Loss: 0.0000661 | Grad norm: 0.000120 | Time: 1s6ms
Epoch: 028 | Test Loss: 0.0000651 | Time: 505ms
==> Save the model at epoch 028 with test loss 0.0000651
Epoch: 029 | Train Loss: 0.0000661 | Grad norm: 0.000119 | Time: 1s56ms
Epoch: 029 | Test Loss: 0.0000655 | Time: 507ms
Epoch: 030 | Train Loss: 0.0000659 | Grad norm: 0.000114 | Time: 1s45ms
Epoch: 030 | Test Loss: 0.0000655 | Time: 506ms
Epoch: 031 | Train Loss: 0.0000658 | Grad norm: 0.000113 | Time: 1s40ms
Epoch: 031 | Test Loss: 0.0000651 | Time: 575ms
Epoch: 032 | Train Loss: 0.0000657 | Grad norm: 0.000109 | Time: 1s80ms
Epoch: 032 | Test Loss: 0.0000650 | Time: 528ms
==> Save the model at epoch 032 with test loss 0.0000650
Epoch: 033 | Train Loss: 0.0000656 | Grad norm: 0.000108 | Time: 1s135ms
Epoch: 033 | Test Loss: 0.0000653 | Time: 509ms
Epoch: 034 | Train Loss: 0.0000656 | Grad norm: 0.000111 | Time: 1s47ms
Epoch: 034 | Test Loss: 0.0000650 | Time: 506ms
==> Save the model at epoch 034 with test loss 0.0000650
Epoch: 035 | Train Loss: 0.0000656 | Grad norm: 0.000108 | Time: 1s119ms
Epoch: 035 | Test Loss: 0.0000649 | Time: 576ms
==> Save the model at epoch 035 with test loss 0.0000649
Epoch: 036 | Train Loss: 0.0000655 | Grad norm: 0.000111 | Time: 1s17ms
Epoch: 036 | Test Loss: 0.0000649 | Time: 508ms
Epoch: 037 | Train Loss: 0.0000654 | Grad norm: 0.000101 | Time: 1s49ms
Epoch: 037 | Test Loss: 0.0000649 | Time: 506ms
Epoch: 038 | Train Loss: 0.0000654 | Grad norm: 0.000102 | Time: 1s59ms
Epoch: 038 | Test Loss: 0.0000649 | Time: 505ms
==> Save the model at epoch 038 with test loss 0.0000649
Epoch: 039 | Train Loss: 0.0000654 | Grad norm: 0.000105 | Time: 1s31ms
Epoch: 039 | Test Loss: 0.0000649 | Time: 576ms
==> Save the model at epoch 039 with test loss 0.0000649
Epoch: 040 | Train Loss: 0.0000654 | Grad norm: 0.000101 | Time: 1s38ms
Epoch: 040 | Test Loss: 0.0000649 | Time: 506ms
==> Save the model at epoch 040 with test loss 0.0000649
Total time: 1m4s
==> Saving trained model weights...
==> Input bias to be applied to the neural network (trained):
[0. 0. 0. 0.]
==> Input transform to be applied to the neural network (trained):
[ 0.62900996  0.6288517  11.614402    9.487666  ]
==> Output transform to be applied to the neural network (trained):
[0.0195 0.021 ]
==> Saving training info...
==> Drawing training loss...
==> Drawing grad norm...
==> Drawing testing loss...
==> Process finished.
