==> torch device:  cuda:3
==> Test-Train split: test_ratio = 0.20
==> Test-Train split seed:  None
==> Further split: further_train_ratio = 0.50
==> Further split seed:  None
==> Input bias to be applied to the neural network:
[0. 0. 0. 0.]
==> Input transform to be applied to the neural network:
[1. 1. 1. 1.]
==> Ouput transform to be applied to the neural network:
[1. 1.]
==> Evaluating model...
==========================================================================================
Layer (type:depth-idx)                   Output Shape              Param #
==========================================================================================
NeuralNetwork                            [1, 2]                    10
├─Sequential: 1-1                        [1, 2]                    --
│    └─Linear: 2-1                       [1, 64]                   320
│    └─LeakyReLU: 2-2                    [1, 64]                   --
│    └─Linear: 2-3                       [1, 64]                   4,160
│    └─LeakyReLU: 2-4                    [1, 64]                   --
│    └─Linear: 2-5                       [1, 64]                   4,160
│    └─LeakyReLU: 2-6                    [1, 64]                   --
│    └─Linear: 2-7                       [1, 64]                   4,160
│    └─LeakyReLU: 2-8                    [1, 64]                   --
│    └─Linear: 2-9                       [1, 64]                   4,160
│    └─LeakyReLU: 2-10                   [1, 64]                   --
│    └─Linear: 2-11                      [1, 64]                   4,160
│    └─LeakyReLU: 2-12                   [1, 64]                   --
│    └─Linear: 2-13                      [1, 64]                   4,160
│    └─LeakyReLU: 2-14                   [1, 64]                   --
│    └─Linear: 2-15                      [1, 2]                    130
==========================================================================================
Total params: 25,420
Trainable params: 25,410
Non-trainable params: 10
Total mult-adds (Units.MEGABYTES): 0.03
==========================================================================================
Input size (MB): 0.00
Forward/backward pass size (MB): 0.00
Params size (MB): 0.10
Estimated Total Size (MB): 0.11
==========================================================================================
==> Saving initial model weights...
==> Start training...
Epoch: 001 | Loss: 0.0275945 | L2 loss: 0.0275945 | Lip loss: 0.0000000 | Grad norm: 0.081442 | Time: 17s764ms
Epoch: 001 | Test Loss: 0.0102751 | Time: 521ms
==> Save the model at epoch 001 with test loss 0.0102751
Epoch: 002 | Loss: 0.0102219 | L2 loss: 0.0102219 | Lip loss: 0.0000000 | Grad norm: 0.057510 | Time: 17s583ms
Epoch: 002 | Test Loss: 0.0097891 | Time: 508ms
==> Save the model at epoch 002 with test loss 0.0097891
Epoch: 003 | Loss: 0.0101252 | L2 loss: 0.0101252 | Lip loss: 0.0000000 | Grad norm: 0.057068 | Time: 16s860ms
Epoch: 003 | Test Loss: 0.0098613 | Time: 570ms
Epoch: 004 | Loss: 0.0099888 | L2 loss: 0.0099888 | Lip loss: 0.0000000 | Grad norm: 0.050178 | Time: 17s703ms
Epoch: 004 | Test Loss: 0.0097882 | Time: 510ms
==> Save the model at epoch 004 with test loss 0.0097882
Epoch: 005 | Loss: 0.0099503 | L2 loss: 0.0099503 | Lip loss: 0.0000000 | Grad norm: 0.050569 | Time: 17s702ms
Epoch: 005 | Test Loss: 0.0096899 | Time: 497ms
==> Save the model at epoch 005 with test loss 0.0096899
Epoch: 006 | Loss: 0.0096807 | L2 loss: 0.0096807 | Lip loss: 0.0000000 | Grad norm: 0.027364 | Time: 17s320ms
Epoch: 006 | Test Loss: 0.0093842 | Time: 498ms
==> Save the model at epoch 006 with test loss 0.0093842
Epoch: 007 | Loss: 0.0096210 | L2 loss: 0.0096210 | Lip loss: 0.0000000 | Grad norm: 0.027945 | Time: 17s666ms
Epoch: 007 | Test Loss: 0.0093720 | Time: 503ms
==> Save the model at epoch 007 with test loss 0.0093720
Epoch: 008 | Loss: 0.0096304 | L2 loss: 0.0096303 | Lip loss: 0.0000000 | Grad norm: 0.029391 | Time: 17s749ms
Epoch: 008 | Test Loss: 0.0093893 | Time: 508ms
Epoch: 009 | Loss: 0.0096112 | L2 loss: 0.0096112 | Lip loss: 0.0000000 | Grad norm: 0.027035 | Time: 17s354ms
Epoch: 009 | Test Loss: 0.0093577 | Time: 495ms
==> Save the model at epoch 009 with test loss 0.0093577
Epoch: 010 | Loss: 0.0096010 | L2 loss: 0.0096010 | Lip loss: 0.0000000 | Grad norm: 0.029588 | Time: 17s289ms
Epoch: 010 | Test Loss: 0.0093495 | Time: 568ms
==> Save the model at epoch 010 with test loss 0.0093495
Epoch: 011 | Loss: 0.0095756 | L2 loss: 0.0095756 | Lip loss: 0.0000000 | Grad norm: 0.024873 | Time: 17s180ms
Epoch: 011 | Test Loss: 0.0093323 | Time: 504ms
==> Save the model at epoch 011 with test loss 0.0093323
Epoch: 012 | Loss: 0.0095614 | L2 loss: 0.0095614 | Lip loss: 0.0000000 | Grad norm: 0.025532 | Time: 18s102ms
Epoch: 012 | Test Loss: 0.0093309 | Time: 502ms
==> Save the model at epoch 012 with test loss 0.0093309
Epoch: 013 | Loss: 0.0095671 | L2 loss: 0.0095671 | Lip loss: 0.0000000 | Grad norm: 0.024469 | Time: 17s514ms
Epoch: 013 | Test Loss: 0.0093320 | Time: 495ms
Epoch: 014 | Loss: 0.0095724 | L2 loss: 0.0095724 | Lip loss: 0.0000000 | Grad norm: 0.025135 | Time: 17s424ms
Epoch: 014 | Test Loss: 0.0093323 | Time: 503ms
Epoch: 015 | Loss: 0.0095609 | L2 loss: 0.0095608 | Lip loss: 0.0000000 | Grad norm: 0.025470 | Time: 16s892ms
Epoch: 015 | Test Loss: 0.0093289 | Time: 505ms
==> Save the model at epoch 015 with test loss 0.0093289
Epoch: 016 | Loss: 0.0095527 | L2 loss: 0.0095527 | Lip loss: 0.0000000 | Grad norm: 0.025509 | Time: 17s
Epoch: 016 | Test Loss: 0.0093261 | Time: 509ms
==> Save the model at epoch 016 with test loss 0.0093261
Epoch: 017 | Loss: 0.0095531 | L2 loss: 0.0095530 | Lip loss: 0.0000000 | Grad norm: 0.025274 | Time: 17s375ms
Epoch: 017 | Test Loss: 0.0093263 | Time: 580ms
Epoch: 018 | Loss: 0.0095567 | L2 loss: 0.0095566 | Lip loss: 0.0000000 | Grad norm: 0.024915 | Time: 16s994ms
Epoch: 018 | Test Loss: 0.0093261 | Time: 503ms
Epoch: 019 | Loss: 0.0095576 | L2 loss: 0.0095575 | Lip loss: 0.0000000 | Grad norm: 0.023908 | Time: 17s360ms
Epoch: 019 | Test Loss: 0.0093258 | Time: 506ms
==> Save the model at epoch 019 with test loss 0.0093258
Epoch: 020 | Loss: 0.0095555 | L2 loss: 0.0095555 | Lip loss: 0.0000000 | Grad norm: 0.024158 | Time: 17s358ms
Epoch: 020 | Test Loss: 0.0093260 | Time: 508ms
Epoch: 021 | Loss: 0.0095489 | L2 loss: 0.0095488 | Lip loss: 0.0000000 | Grad norm: 0.024618 | Time: 16s884ms
Epoch: 021 | Test Loss: 0.0093259 | Time: 494ms
Epoch: 022 | Loss: 0.0095524 | L2 loss: 0.0095524 | Lip loss: 0.0000000 | Grad norm: 0.024982 | Time: 17s196ms
Epoch: 022 | Test Loss: 0.0093259 | Time: 498ms
Epoch: 023 | Loss: 0.0095516 | L2 loss: 0.0095516 | Lip loss: 0.0000000 | Grad norm: 0.024592 | Time: 17s18ms
Epoch: 023 | Test Loss: 0.0093258 | Time: 513ms
==> Save the model at epoch 023 with test loss 0.0093258
Epoch: 024 | Loss: 0.0095532 | L2 loss: 0.0095532 | Lip loss: 0.0000000 | Grad norm: 0.025070 | Time: 17s252ms
Epoch: 024 | Test Loss: 0.0093257 | Time: 579ms
==> Save the model at epoch 024 with test loss 0.0093257
Epoch: 025 | Loss: 0.0095496 | L2 loss: 0.0095496 | Lip loss: 0.0000000 | Grad norm: 0.024070 | Time: 16s898ms
Epoch: 025 | Test Loss: 0.0093257 | Time: 504ms
==> Save the model at epoch 025 with test loss 0.0093257
Epoch: 026 | Loss: 0.0095558 | L2 loss: 0.0095558 | Lip loss: 0.0000000 | Grad norm: 0.024134 | Time: 17s574ms
Epoch: 026 | Test Loss: 0.0093257 | Time: 508ms
==> Save the model at epoch 026 with test loss 0.0093257
Epoch: 027 | Loss: 0.0095562 | L2 loss: 0.0095562 | Lip loss: 0.0000000 | Grad norm: 0.024377 | Time: 17s435ms
Epoch: 027 | Test Loss: 0.0093257 | Time: 495ms
Epoch: 028 | Loss: 0.0095497 | L2 loss: 0.0095497 | Lip loss: 0.0000000 | Grad norm: 0.025028 | Time: 17s224ms
Epoch: 028 | Test Loss: 0.0093257 | Time: 505ms
==> Save the model at epoch 028 with test loss 0.0093257
Epoch: 029 | Loss: 0.0095495 | L2 loss: 0.0095495 | Lip loss: 0.0000000 | Grad norm: 0.025242 | Time: 17s640ms
Epoch: 029 | Test Loss: 0.0093257 | Time: 506ms
==> Save the model at epoch 029 with test loss 0.0093257
Epoch: 030 | Loss: 0.0095653 | L2 loss: 0.0095653 | Lip loss: 0.0000000 | Grad norm: 0.025540 | Time: 17s613ms
Epoch: 030 | Test Loss: 0.0093257 | Time: 501ms
==> Save the model at epoch 030 with test loss 0.0093257
Epoch: 031 | Loss: 0.0095767 | L2 loss: 0.0095767 | Lip loss: 0.0000000 | Grad norm: 0.025804 | Time: 17s313ms
Epoch: 031 | Test Loss: 0.0093257 | Time: 500ms
Epoch: 032 | Loss: 0.0095579 | L2 loss: 0.0095578 | Lip loss: 0.0000000 | Grad norm: 0.025557 | Time: 17s96ms
Epoch: 032 | Test Loss: 0.0093257 | Time: 498ms
Epoch: 033 | Loss: 0.0095574 | L2 loss: 0.0095574 | Lip loss: 0.0000000 | Grad norm: 0.024905 | Time: 17s181ms
Epoch: 033 | Test Loss: 0.0093257 | Time: 503ms
Epoch: 034 | Loss: 0.0095459 | L2 loss: 0.0095459 | Lip loss: 0.0000000 | Grad norm: 0.025076 | Time: 17s224ms
Epoch: 034 | Test Loss: 0.0093257 | Time: 513ms
Epoch: 035 | Loss: 0.0096412 | L2 loss: 0.0096412 | Lip loss: 0.0000000 | Grad norm: 0.025894 | Time: 16s841ms
Epoch: 035 | Test Loss: 0.0093257 | Time: 509ms
Epoch: 036 | Loss: 0.0095653 | L2 loss: 0.0095653 | Lip loss: 0.0000000 | Grad norm: 0.025051 | Time: 16s759ms
Epoch: 036 | Test Loss: 0.0093257 | Time: 566ms
Epoch: 037 | Loss: 0.0095638 | L2 loss: 0.0095638 | Lip loss: 0.0000000 | Grad norm: 0.024878 | Time: 16s918ms
Epoch: 037 | Test Loss: 0.0093257 | Time: 509ms
Epoch: 038 | Loss: 0.0095478 | L2 loss: 0.0095478 | Lip loss: 0.0000000 | Grad norm: 0.025324 | Time: 17s111ms
Epoch: 038 | Test Loss: 0.0093257 | Time: 501ms
Epoch: 039 | Loss: 0.0095555 | L2 loss: 0.0095555 | Lip loss: 0.0000000 | Grad norm: 0.025450 | Time: 16s998ms
Epoch: 039 | Test Loss: 0.0093257 | Time: 523ms
Epoch: 040 | Loss: 0.0095497 | L2 loss: 0.0095496 | Lip loss: 0.0000000 | Grad norm: 0.024628 | Time: 17s301ms
Epoch: 040 | Test Loss: 0.0093257 | Time: 510ms
Total time: 11m52s
==> Saving trained model weights...
==> Input bias to be applied to the neural network (trained):
[0. 0. 0. 0.]
==> Input transform to be applied to the neural network (trained):
[1. 1. 1. 1.]
==> Output transform to be applied to the neural network (trained):
[1. 1.]
==> Saving training info...
==> Drawing training loss...
==> Drawing grad norm...
==> Drawing testing loss...
==> Drawing l2 loss...
==> Drawing lip loss...
==> Process finished.
