==> torch device:  cuda:0
==> Test-Train split: test_ratio = 0.20
==> Test-Train split seed:  None
==> Further split: further_train_ratio = 0.25
==> Further split seed:  None
==> Input bias to be applied to the neural network:
[0. 0.]
==> Input transform to be applied to the neural network:
[1. 1.]
==> Ouput transform to be applied to the neural network:
[1. 1.]
==> Evaluating model...
==========================================================================================
Layer (type:depth-idx)                   Output Shape              Param #
==========================================================================================
NeuralNetwork                            [1, 2]                    6
├─Sequential: 1-1                        [1, 2]                    --
│    └─Linear: 2-1                       [1, 64]                   192
│    └─LeakyReLU: 2-2                    [1, 64]                   --
│    └─Linear: 2-3                       [1, 64]                   4,160
│    └─LeakyReLU: 2-4                    [1, 64]                   --
│    └─Linear: 2-5                       [1, 64]                   4,160
│    └─LeakyReLU: 2-6                    [1, 64]                   --
│    └─Linear: 2-7                       [1, 64]                   4,160
│    └─LeakyReLU: 2-8                    [1, 64]                   --
│    └─Linear: 2-9                       [1, 64]                   4,160
│    └─LeakyReLU: 2-10                   [1, 64]                   --
│    └─Linear: 2-11                      [1, 64]                   4,160
│    └─LeakyReLU: 2-12                   [1, 64]                   --
│    └─Linear: 2-13                      [1, 64]                   4,160
│    └─LeakyReLU: 2-14                   [1, 64]                   --
│    └─Linear: 2-15                      [1, 2]                    130
==========================================================================================
Total params: 25,288
Trainable params: 25,282
Non-trainable params: 6
Total mult-adds (Units.MEGABYTES): 0.03
==========================================================================================
Input size (MB): 0.00
Forward/backward pass size (MB): 0.00
Params size (MB): 0.10
Estimated Total Size (MB): 0.10
==========================================================================================
==> Saving initial model weights...
==> Start training...
Epoch: 001 | Loss: 1.4984455 | L2 loss: 1.4984445 | Lip loss: 0.0000010 | Grad norm: 2.702099 | Time: 13s957ms
Epoch: 001 | Test Loss: 0.0049487 | Time: 737ms
==> Save the model at epoch 001 with test loss 0.0049487
Epoch: 002 | Loss: 0.0047527 | L2 loss: 0.0047515 | Lip loss: 0.0000012 | Grad norm: 0.878556 | Time: 14s160ms
Epoch: 002 | Test Loss: 0.0123342 | Time: 734ms
Epoch: 003 | Loss: 0.0074282 | L2 loss: 0.0074271 | Lip loss: 0.0000012 | Grad norm: 1.313727 | Time: 14s602ms
Epoch: 003 | Test Loss: 0.0033129 | Time: 799ms
==> Save the model at epoch 003 with test loss 0.0033129
Epoch: 004 | Loss: 0.0102082 | L2 loss: 0.0102071 | Lip loss: 0.0000012 | Grad norm: 1.450446 | Time: 14s361ms
Epoch: 004 | Test Loss: 0.0014689 | Time: 734ms
==> Save the model at epoch 004 with test loss 0.0014689
Epoch: 005 | Loss: 0.0027111 | L2 loss: 0.0027099 | Lip loss: 0.0000012 | Grad norm: 0.656199 | Time: 14s351ms
Epoch: 005 | Test Loss: 0.0029909 | Time: 916ms
Epoch: 006 | Loss: 0.0011108 | L2 loss: 0.0011097 | Lip loss: 0.0000012 | Grad norm: 0.143253 | Time: 14s198ms
Epoch: 006 | Test Loss: 0.0009977 | Time: 729ms
==> Save the model at epoch 006 with test loss 0.0009977
Epoch: 007 | Loss: 0.0009895 | L2 loss: 0.0009883 | Lip loss: 0.0000012 | Grad norm: 0.101023 | Time: 14s102ms
Epoch: 007 | Test Loss: 0.0009718 | Time: 720ms
==> Save the model at epoch 007 with test loss 0.0009718
Epoch: 008 | Loss: 0.0009567 | L2 loss: 0.0009555 | Lip loss: 0.0000012 | Grad norm: 0.097898 | Time: 14s60ms
Epoch: 008 | Test Loss: 0.0009419 | Time: 747ms
==> Save the model at epoch 008 with test loss 0.0009419
Epoch: 009 | Loss: 0.0009390 | L2 loss: 0.0009378 | Lip loss: 0.0000012 | Grad norm: 0.100889 | Time: 14s169ms
Epoch: 009 | Test Loss: 0.0009375 | Time: 730ms
==> Save the model at epoch 009 with test loss 0.0009375
Epoch: 010 | Loss: 0.0009201 | L2 loss: 0.0009189 | Lip loss: 0.0000012 | Grad norm: 0.109760 | Time: 14s66ms
Epoch: 010 | Test Loss: 0.0008903 | Time: 799ms
==> Save the model at epoch 010 with test loss 0.0008903
Epoch: 011 | Loss: 0.0008808 | L2 loss: 0.0008796 | Lip loss: 0.0000012 | Grad norm: 0.063016 | Time: 14s109ms
Epoch: 011 | Test Loss: 0.0008826 | Time: 735ms
==> Save the model at epoch 011 with test loss 0.0008826
Epoch: 012 | Loss: 0.0008801 | L2 loss: 0.0008790 | Lip loss: 0.0000012 | Grad norm: 0.062196 | Time: 14s509ms
Epoch: 012 | Test Loss: 0.0008801 | Time: 731ms
==> Save the model at epoch 012 with test loss 0.0008801
Epoch: 013 | Loss: 0.0008776 | L2 loss: 0.0008764 | Lip loss: 0.0000012 | Grad norm: 0.063904 | Time: 14s507ms
Epoch: 013 | Test Loss: 0.0008793 | Time: 720ms
==> Save the model at epoch 013 with test loss 0.0008793
Epoch: 014 | Loss: 0.0008752 | L2 loss: 0.0008740 | Lip loss: 0.0000012 | Grad norm: 0.065351 | Time: 14s179ms
Epoch: 014 | Test Loss: 0.0008756 | Time: 719ms
==> Save the model at epoch 014 with test loss 0.0008756
Epoch: 015 | Loss: 0.0008733 | L2 loss: 0.0008721 | Lip loss: 0.0000012 | Grad norm: 0.066427 | Time: 13s839ms
Epoch: 015 | Test Loss: 0.0008744 | Time: 806ms
==> Save the model at epoch 015 with test loss 0.0008744
Epoch: 016 | Loss: 0.0008683 | L2 loss: 0.0008671 | Lip loss: 0.0000012 | Grad norm: 0.061623 | Time: 14s260ms
Epoch: 016 | Test Loss: 0.0008711 | Time: 744ms
==> Save the model at epoch 016 with test loss 0.0008711
Epoch: 017 | Loss: 0.0008677 | L2 loss: 0.0008665 | Lip loss: 0.0000012 | Grad norm: 0.063114 | Time: 13s909ms
Epoch: 017 | Test Loss: 0.0008706 | Time: 731ms
==> Save the model at epoch 017 with test loss 0.0008706
Epoch: 018 | Loss: 0.0008672 | L2 loss: 0.0008661 | Lip loss: 0.0000012 | Grad norm: 0.060309 | Time: 14s58ms
Epoch: 018 | Test Loss: 0.0008711 | Time: 718ms
Epoch: 019 | Loss: 0.0008683 | L2 loss: 0.0008671 | Lip loss: 0.0000012 | Grad norm: 0.060095 | Time: 13s932ms
Epoch: 019 | Test Loss: 0.0008705 | Time: 790ms
==> Save the model at epoch 019 with test loss 0.0008705
Epoch: 020 | Loss: 0.0008696 | L2 loss: 0.0008685 | Lip loss: 0.0000012 | Grad norm: 0.059142 | Time: 14s251ms
Epoch: 020 | Test Loss: 0.0008699 | Time: 729ms
==> Save the model at epoch 020 with test loss 0.0008699
Epoch: 021 | Loss: 0.0008771 | L2 loss: 0.0008760 | Lip loss: 0.0000012 | Grad norm: 0.058102 | Time: 14s288ms
Epoch: 021 | Test Loss: 0.0008696 | Time: 725ms
==> Save the model at epoch 021 with test loss 0.0008696
Epoch: 022 | Loss: 0.0008657 | L2 loss: 0.0008646 | Lip loss: 0.0000011 | Grad norm: 0.060644 | Time: 14s242ms
Epoch: 022 | Test Loss: 0.0008696 | Time: 797ms
==> Save the model at epoch 022 with test loss 0.0008696
Epoch: 023 | Loss: 0.0008663 | L2 loss: 0.0008651 | Lip loss: 0.0000012 | Grad norm: 0.057600 | Time: 14s404ms
Epoch: 023 | Test Loss: 0.0008695 | Time: 732ms
==> Save the model at epoch 023 with test loss 0.0008695
Epoch: 024 | Loss: 0.0008688 | L2 loss: 0.0008677 | Lip loss: 0.0000012 | Grad norm: 0.058435 | Time: 13s969ms
Epoch: 024 | Test Loss: 0.0008695 | Time: 740ms
==> Save the model at epoch 024 with test loss 0.0008695
Epoch: 025 | Loss: 0.0008675 | L2 loss: 0.0008663 | Lip loss: 0.0000012 | Grad norm: 0.060203 | Time: 14s176ms
Epoch: 025 | Test Loss: 0.0008695 | Time: 740ms
==> Save the model at epoch 025 with test loss 0.0008695
Epoch: 026 | Loss: 0.0008655 | L2 loss: 0.0008643 | Lip loss: 0.0000012 | Grad norm: 0.060350 | Time: 14s130ms
Epoch: 026 | Test Loss: 0.0008695 | Time: 729ms
==> Save the model at epoch 026 with test loss 0.0008695
Epoch: 027 | Loss: 0.0008653 | L2 loss: 0.0008641 | Lip loss: 0.0000012 | Grad norm: 0.058536 | Time: 14s124ms
Epoch: 027 | Test Loss: 0.0008695 | Time: 798ms
==> Save the model at epoch 027 with test loss 0.0008695
Epoch: 028 | Loss: 0.0008662 | L2 loss: 0.0008650 | Lip loss: 0.0000012 | Grad norm: 0.057349 | Time: 14s45ms
Epoch: 028 | Test Loss: 0.0008694 | Time: 730ms
==> Save the model at epoch 028 with test loss 0.0008694
Epoch: 029 | Loss: 0.0008667 | L2 loss: 0.0008656 | Lip loss: 0.0000012 | Grad norm: 0.057940 | Time: 14s186ms
Epoch: 029 | Test Loss: 0.0008694 | Time: 716ms
==> Save the model at epoch 029 with test loss 0.0008694
Epoch: 030 | Loss: 0.0008660 | L2 loss: 0.0008648 | Lip loss: 0.0000012 | Grad norm: 0.057878 | Time: 14s38ms
Epoch: 030 | Test Loss: 0.0008694 | Time: 743ms
==> Save the model at epoch 030 with test loss 0.0008694
Epoch: 031 | Loss: 0.0008757 | L2 loss: 0.0008745 | Lip loss: 0.0000012 | Grad norm: 0.058974 | Time: 14s46ms
Epoch: 031 | Test Loss: 0.0008694 | Time: 724ms
Epoch: 032 | Loss: 0.0008664 | L2 loss: 0.0008652 | Lip loss: 0.0000012 | Grad norm: 0.061965 | Time: 14s64ms
Epoch: 032 | Test Loss: 0.0008694 | Time: 750ms
==> Save the model at epoch 032 with test loss 0.0008694
Epoch: 033 | Loss: 0.0008696 | L2 loss: 0.0008684 | Lip loss: 0.0000012 | Grad norm: 0.058700 | Time: 14s27ms
Epoch: 033 | Test Loss: 0.0008694 | Time: 734ms
Epoch: 034 | Loss: 0.0008658 | L2 loss: 0.0008646 | Lip loss: 0.0000012 | Grad norm: 0.062592 | Time: 13s898ms
Epoch: 034 | Test Loss: 0.0008694 | Time: 808ms
Epoch: 035 | Loss: 0.0008693 | L2 loss: 0.0008682 | Lip loss: 0.0000012 | Grad norm: 0.058813 | Time: 14s230ms
Epoch: 035 | Test Loss: 0.0008694 | Time: 718ms
==> Save the model at epoch 035 with test loss 0.0008694
Epoch: 036 | Loss: 0.0008656 | L2 loss: 0.0008644 | Lip loss: 0.0000012 | Grad norm: 0.060138 | Time: 14s385ms
Epoch: 036 | Test Loss: 0.0008694 | Time: 736ms
Epoch: 037 | Loss: 0.0008660 | L2 loss: 0.0008648 | Lip loss: 0.0000012 | Grad norm: 0.060762 | Time: 14s83ms
Epoch: 037 | Test Loss: 0.0008694 | Time: 737ms
Epoch: 038 | Loss: 0.0008675 | L2 loss: 0.0008663 | Lip loss: 0.0000012 | Grad norm: 0.061376 | Time: 14s310ms
Epoch: 038 | Test Loss: 0.0008694 | Time: 732ms
Epoch: 039 | Loss: 0.0008660 | L2 loss: 0.0008648 | Lip loss: 0.0000012 | Grad norm: 0.060716 | Time: 14s252ms
Epoch: 039 | Test Loss: 0.0008694 | Time: 871ms
==> Save the model at epoch 039 with test loss 0.0008694
Epoch: 040 | Loss: 0.0008660 | L2 loss: 0.0008648 | Lip loss: 0.0000012 | Grad norm: 0.059054 | Time: 14s420ms
Epoch: 040 | Test Loss: 0.0008694 | Time: 730ms
==> Save the model at epoch 040 with test loss 0.0008694
Total time: 9m57s
==> Saving trained model weights...
==> Input bias to be applied to the neural network (trained):
[0. 0.]
==> Input transform to be applied to the neural network (trained):
[1. 1.]
==> Output transform to be applied to the neural network (trained):
[1. 1.]
==> Saving training info...
==> Drawing training loss...
==> Drawing grad norm...
==> Drawing testing loss...
==> Drawing l2 loss...
==> Drawing lip loss...
==> Process finished.
