==> torch device:  cuda:3
==> Test-Train split: test_ratio = 0.20
==> Test-Train split seed:  None
==> Further split: further_train_ratio = 1.00
==> Further split seed:  None
==> Input bias to be applied to the neural network:
[0. 0. 0. 0.]
==> Input transform to be applied to the neural network:
[ 0.62900996  0.6288517  11.614402    9.487666  ]
==> Ouput transform to be applied to the neural network:
[0.0251 0.0262]
==> Evaluating model...
==========================================================================================
Layer (type:depth-idx)                   Output Shape              Param #
==========================================================================================
NeuralNetwork                            [1, 2]                    10
├─Sequential: 1-1                        [1, 2]                    --
│    └─Linear: 2-1                       [1, 64]                   320
│    └─ReLU: 2-2                         [1, 64]                   --
│    └─Linear: 2-3                       [1, 64]                   4,160
│    └─ReLU: 2-4                         [1, 64]                   --
│    └─Linear: 2-5                       [1, 64]                   4,160
│    └─ReLU: 2-6                         [1, 64]                   --
│    └─Linear: 2-7                       [1, 64]                   4,160
│    └─ReLU: 2-8                         [1, 64]                   --
│    └─Linear: 2-9                       [1, 64]                   4,160
│    └─ReLU: 2-10                        [1, 64]                   --
│    └─Linear: 2-11                      [1, 64]                   4,160
│    └─ReLU: 2-12                        [1, 64]                   --
│    └─Linear: 2-13                      [1, 64]                   4,160
│    └─ReLU: 2-14                        [1, 64]                   --
│    └─Linear: 2-15                      [1, 2]                    130
├─Sequential: 1-2                        [1, 2]                    (recursive)
│    └─Linear: 2-16                      [1, 64]                   (recursive)
│    └─ReLU: 2-17                        [1, 64]                   --
│    └─Linear: 2-18                      [1, 64]                   (recursive)
│    └─ReLU: 2-19                        [1, 64]                   --
│    └─Linear: 2-20                      [1, 64]                   (recursive)
│    └─ReLU: 2-21                        [1, 64]                   --
│    └─Linear: 2-22                      [1, 64]                   (recursive)
│    └─ReLU: 2-23                        [1, 64]                   --
│    └─Linear: 2-24                      [1, 64]                   (recursive)
│    └─ReLU: 2-25                        [1, 64]                   --
│    └─Linear: 2-26                      [1, 64]                   (recursive)
│    └─ReLU: 2-27                        [1, 64]                   --
│    └─Linear: 2-28                      [1, 64]                   (recursive)
│    └─ReLU: 2-29                        [1, 64]                   --
│    └─Linear: 2-30                      [1, 2]                    (recursive)
==========================================================================================
Total params: 25,420
Trainable params: 25,410
Non-trainable params: 10
Total mult-adds (Units.MEGABYTES): 0.05
==========================================================================================
Input size (MB): 0.00
Forward/backward pass size (MB): 0.01
Params size (MB): 0.10
Estimated Total Size (MB): 0.11
==========================================================================================
==> Saving initial model weights...
==> Start training...
==> Number of param_groups in optimizer: 1
Epoch: 001 | Train Loss: 0.0013127 | Grad norm: 0.000032 | Time: 4s468ms
Epoch: 001 | Test Loss: 0.0013134 | Time: 514ms
==> Save the model at epoch 001 with test loss 0.0013134
Epoch: 002 | Train Loss: 0.0013120 | Grad norm: 0.000013 | Time: 4s443ms
Epoch: 002 | Test Loss: 0.0013125 | Time: 516ms
==> Save the model at epoch 002 with test loss 0.0013125
Epoch: 003 | Train Loss: 0.0013118 | Grad norm: 0.000002 | Time: 4s317ms
Epoch: 003 | Test Loss: 0.0013125 | Time: 508ms
==> Save the model at epoch 003 with test loss 0.0013125
Epoch: 004 | Train Loss: 0.0013118 | Grad norm: 0.000000 | Time: 4s177ms
Epoch: 004 | Test Loss: 0.0013125 | Time: 532ms
Epoch: 005 | Train Loss: 0.0013118 | Grad norm: 0.000000 | Time: 4s467ms
Epoch: 005 | Test Loss: 0.0013125 | Time: 508ms
Epoch: 006 | Train Loss: 0.0013118 | Grad norm: 0.000000 | Time: 4s409ms
Epoch: 006 | Test Loss: 0.0013125 | Time: 670ms
Epoch: 007 | Train Loss: 0.0013118 | Grad norm: 0.000000 | Time: 4s357ms
Epoch: 007 | Test Loss: 0.0013125 | Time: 510ms
Epoch: 008 | Train Loss: 0.0013118 | Grad norm: 0.000000 | Time: 4s361ms
Epoch: 008 | Test Loss: 0.0013125 | Time: 511ms
Epoch: 009 | Train Loss: 0.0013118 | Grad norm: 0.000000 | Time: 4s289ms
Epoch: 009 | Test Loss: 0.0013125 | Time: 513ms
Epoch: 010 | Train Loss: 0.0013118 | Grad norm: 0.000000 | Time: 4s311ms
Epoch: 010 | Test Loss: 0.0013125 | Time: 508ms
Epoch: 011 | Train Loss: 0.0013118 | Grad norm: 0.000000 | Time: 4s448ms
Epoch: 011 | Test Loss: 0.0013125 | Time: 515ms
Epoch: 012 | Train Loss: 0.0013118 | Grad norm: 0.000000 | Time: 4s336ms
Epoch: 012 | Test Loss: 0.0013125 | Time: 528ms
Epoch: 013 | Train Loss: 0.0013118 | Grad norm: 0.000000 | Time: 4s313ms
Epoch: 013 | Test Loss: 0.0013125 | Time: 510ms
Epoch: 014 | Train Loss: 0.0013118 | Grad norm: 0.000000 | Time: 4s455ms
Epoch: 014 | Test Loss: 0.0013125 | Time: 578ms
Epoch: 015 | Train Loss: 0.0013118 | Grad norm: 0.000000 | Time: 4s95ms
Epoch: 015 | Test Loss: 0.0013125 | Time: 513ms
Epoch: 016 | Train Loss: 0.0013118 | Grad norm: 0.000000 | Time: 4s242ms
Epoch: 016 | Test Loss: 0.0013125 | Time: 505ms
Epoch: 017 | Train Loss: 0.0013118 | Grad norm: 0.000000 | Time: 4s275ms
Epoch: 017 | Test Loss: 0.0013125 | Time: 524ms
Epoch: 018 | Train Loss: 0.0013118 | Grad norm: 0.000000 | Time: 4s366ms
Epoch: 018 | Test Loss: 0.0013125 | Time: 515ms
Epoch: 019 | Train Loss: 0.0013118 | Grad norm: 0.000000 | Time: 4s508ms
Epoch: 019 | Test Loss: 0.0013125 | Time: 520ms
Epoch: 020 | Train Loss: 0.0013118 | Grad norm: 0.000000 | Time: 4s292ms
Epoch: 020 | Test Loss: 0.0013125 | Time: 513ms
Epoch: 021 | Train Loss: 0.0013118 | Grad norm: 0.000000 | Time: 4s132ms
Epoch: 021 | Test Loss: 0.0013125 | Time: 515ms
Epoch: 022 | Train Loss: 0.0013118 | Grad norm: 0.000000 | Time: 4s394ms
Epoch: 022 | Test Loss: 0.0013125 | Time: 584ms
Epoch: 023 | Train Loss: 0.0013118 | Grad norm: 0.000000 | Time: 4s295ms
Epoch: 023 | Test Loss: 0.0013125 | Time: 511ms
Epoch: 024 | Train Loss: 0.0013118 | Grad norm: 0.000000 | Time: 4s295ms
Epoch: 024 | Test Loss: 0.0013125 | Time: 509ms
Epoch: 025 | Train Loss: 0.0013118 | Grad norm: 0.000000 | Time: 4s327ms
Epoch: 025 | Test Loss: 0.0013125 | Time: 515ms
Epoch: 026 | Train Loss: 0.0013118 | Grad norm: 0.000000 | Time: 4s295ms
Epoch: 026 | Test Loss: 0.0013125 | Time: 515ms
Epoch: 027 | Train Loss: 0.0013118 | Grad norm: 0.000000 | Time: 4s389ms
Epoch: 027 | Test Loss: 0.0013125 | Time: 634ms
Epoch: 028 | Train Loss: 0.0013118 | Grad norm: 0.000000 | Time: 4s241ms
Epoch: 028 | Test Loss: 0.0013125 | Time: 534ms
Epoch: 029 | Train Loss: 0.0013118 | Grad norm: 0.000000 | Time: 4s418ms
Epoch: 029 | Test Loss: 0.0013125 | Time: 511ms
Epoch: 030 | Train Loss: 0.0013118 | Grad norm: 0.000000 | Time: 4s236ms
Epoch: 030 | Test Loss: 0.0013125 | Time: 511ms
Epoch: 031 | Train Loss: 0.0013118 | Grad norm: 0.000000 | Time: 4s141ms
Epoch: 031 | Test Loss: 0.0013125 | Time: 513ms
Epoch: 032 | Train Loss: 0.0013118 | Grad norm: 0.000000 | Time: 4s295ms
Epoch: 032 | Test Loss: 0.0013125 | Time: 523ms
Epoch: 033 | Train Loss: 0.0013118 | Grad norm: 0.000000 | Time: 4s383ms
Epoch: 033 | Test Loss: 0.0013125 | Time: 596ms
Epoch: 034 | Train Loss: 0.0013118 | Grad norm: 0.000000 | Time: 4s273ms
Epoch: 034 | Test Loss: 0.0013125 | Time: 506ms
Epoch: 035 | Train Loss: 0.0013118 | Grad norm: 0.000000 | Time: 4s467ms
Epoch: 035 | Test Loss: 0.0013125 | Time: 505ms
Epoch: 036 | Train Loss: 0.0013118 | Grad norm: 0.000000 | Time: 4s136ms
Epoch: 036 | Test Loss: 0.0013125 | Time: 517ms
Epoch: 037 | Train Loss: 0.0013118 | Grad norm: 0.000000 | Time: 4s175ms
Epoch: 037 | Test Loss: 0.0013125 | Time: 511ms
Epoch: 038 | Train Loss: 0.0013118 | Grad norm: 0.000000 | Time: 4s329ms
Epoch: 038 | Test Loss: 0.0013125 | Time: 507ms
Epoch: 039 | Train Loss: 0.0013118 | Grad norm: 0.000000 | Time: 4s430ms
Epoch: 039 | Test Loss: 0.0013125 | Time: 524ms
Epoch: 040 | Train Loss: 0.0013118 | Grad norm: 0.000000 | Time: 4s565ms
Epoch: 040 | Test Loss: 0.0013125 | Time: 508ms
Total time: 3m14s
==> Saving trained model weights...
==> Input bias to be applied to the neural network (trained):
[0. 0. 0. 0.]
==> Input transform to be applied to the neural network (trained):
[ 0.62900996  0.6288517  11.614402    9.487666  ]
==> Output transform to be applied to the neural network (trained):
[0.0251 0.0262]
==> Saving training info...
==> Drawing training loss...
==> Drawing grad norm...
==> Drawing testing loss...
==> Process finished.
