==> torch device:  cuda:1
==> Test-Train split: test_ratio = 0.20
==> Test-Train split seed:  None
==> Further split: further_train_ratio = 0.50
==> Further split seed:  None
==> Input bias to be applied to the neural network:
[0. 0.]
==> Input transform to be applied to the neural network:
[0.70982397 0.70987433]
==> Ouput transform to be applied to the neural network:
[2.8319 2.8318]
==> Evaluating model...
==========================================================================================
Layer (type:depth-idx)                   Output Shape              Param #
==========================================================================================
NeuralNetwork                            [1, 2]                    6
├─Sequential: 1-1                        [1, 2]                    --
│    └─Linear: 2-1                       [1, 64]                   192
│    └─ReLU: 2-2                         [1, 64]                   --
│    └─Linear: 2-3                       [1, 64]                   4,160
│    └─ReLU: 2-4                         [1, 64]                   --
│    └─Linear: 2-5                       [1, 64]                   4,160
│    └─ReLU: 2-6                         [1, 64]                   --
│    └─Linear: 2-7                       [1, 64]                   4,160
│    └─ReLU: 2-8                         [1, 64]                   --
│    └─Linear: 2-9                       [1, 64]                   4,160
│    └─ReLU: 2-10                        [1, 64]                   --
│    └─Linear: 2-11                      [1, 64]                   4,160
│    └─ReLU: 2-12                        [1, 64]                   --
│    └─Linear: 2-13                      [1, 64]                   4,160
│    └─ReLU: 2-14                        [1, 64]                   --
│    └─Linear: 2-15                      [1, 2]                    130
├─Sequential: 1-2                        [1, 2]                    (recursive)
│    └─Linear: 2-16                      [1, 64]                   (recursive)
│    └─ReLU: 2-17                        [1, 64]                   --
│    └─Linear: 2-18                      [1, 64]                   (recursive)
│    └─ReLU: 2-19                        [1, 64]                   --
│    └─Linear: 2-20                      [1, 64]                   (recursive)
│    └─ReLU: 2-21                        [1, 64]                   --
│    └─Linear: 2-22                      [1, 64]                   (recursive)
│    └─ReLU: 2-23                        [1, 64]                   --
│    └─Linear: 2-24                      [1, 64]                   (recursive)
│    └─ReLU: 2-25                        [1, 64]                   --
│    └─Linear: 2-26                      [1, 64]                   (recursive)
│    └─ReLU: 2-27                        [1, 64]                   --
│    └─Linear: 2-28                      [1, 64]                   (recursive)
│    └─ReLU: 2-29                        [1, 64]                   --
│    └─Linear: 2-30                      [1, 2]                    (recursive)
==========================================================================================
Total params: 25,288
Trainable params: 25,282
Non-trainable params: 6
Total mult-adds (Units.MEGABYTES): 0.05
==========================================================================================
Input size (MB): 0.00
Forward/backward pass size (MB): 0.01
Params size (MB): 0.10
Estimated Total Size (MB): 0.11
==========================================================================================
==> Saving initial model weights...
==> Start training...
==> Number of param_groups in optimizer: 1
Epoch: 001 | Train Loss: 16.0497901 | Grad norm: 0.345571 | Time: 2s212ms
Epoch: 001 | Test Loss: 15.8376202 | Time: 545ms
==> Save the model at epoch 001 with test loss 15.8376202
Epoch: 002 | Train Loss: 1.6931557 | Grad norm: 6.171786 | Time: 2s80ms
Epoch: 002 | Test Loss: 0.0091112 | Time: 534ms
==> Save the model at epoch 002 with test loss 0.0091112
Epoch: 003 | Train Loss: 0.0261308 | Grad norm: 2.566516 | Time: 2s212ms
Epoch: 003 | Test Loss: 0.0156186 | Time: 453ms
Epoch: 004 | Train Loss: 0.0318822 | Grad norm: 2.906266 | Time: 2s33ms
Epoch: 004 | Test Loss: 0.0523324 | Time: 462ms
Epoch: 005 | Train Loss: 0.0495455 | Grad norm: 3.671446 | Time: 2s116ms
Epoch: 005 | Test Loss: 0.0168837 | Time: 448ms
Epoch: 006 | Train Loss: 0.0728225 | Grad norm: 4.303894 | Time: 1s984ms
Epoch: 006 | Test Loss: 0.0833184 | Time: 442ms
Epoch: 007 | Train Loss: 0.0809831 | Grad norm: 5.031074 | Time: 2s45ms
Epoch: 007 | Test Loss: 0.0718464 | Time: 473ms
Epoch: 008 | Train Loss: 0.0741576 | Grad norm: 4.538067 | Time: 2s72ms
Epoch: 008 | Test Loss: 0.1324784 | Time: 469ms
Epoch: 009 | Train Loss: 0.0785967 | Grad norm: 4.917983 | Time: 2s220ms
Epoch: 009 | Test Loss: 0.1406395 | Time: 445ms
Epoch: 010 | Train Loss: 0.0779935 | Grad norm: 4.853397 | Time: 2s103ms
Epoch: 010 | Test Loss: 0.0578040 | Time: 538ms
Epoch: 011 | Train Loss: 0.0440362 | Grad norm: 3.663972 | Time: 2s70ms
Epoch: 011 | Test Loss: 0.0397370 | Time: 444ms
Epoch: 012 | Train Loss: 0.0384811 | Grad norm: 3.441708 | Time: 2s100ms
Epoch: 012 | Test Loss: 0.0578216 | Time: 462ms
Epoch: 013 | Train Loss: 0.0416107 | Grad norm: 3.585400 | Time: 2s284ms
Epoch: 013 | Test Loss: 0.0115113 | Time: 444ms
Epoch: 014 | Train Loss: 0.0493340 | Grad norm: 3.834880 | Time: 1s937ms
Epoch: 014 | Test Loss: 0.0193704 | Time: 464ms
Epoch: 015 | Train Loss: 0.0325063 | Grad norm: 3.098359 | Time: 1s934ms
Epoch: 015 | Test Loss: 0.0287994 | Time: 446ms
Epoch: 016 | Train Loss: 0.0272275 | Grad norm: 2.776983 | Time: 2s15ms
Epoch: 016 | Test Loss: 0.0872657 | Time: 457ms
Epoch: 017 | Train Loss: 0.0273290 | Grad norm: 2.826827 | Time: 2s78ms
Epoch: 017 | Test Loss: 0.0105528 | Time: 458ms
Epoch: 018 | Train Loss: 0.0302846 | Grad norm: 2.955530 | Time: 1s978ms
Epoch: 018 | Test Loss: 0.0318135 | Time: 520ms
Epoch: 019 | Train Loss: 0.0186664 | Grad norm: 2.254938 | Time: 1s927ms
Epoch: 019 | Test Loss: 0.0142885 | Time: 483ms
Epoch: 020 | Train Loss: 0.0188956 | Grad norm: 2.129081 | Time: 2s86ms
Epoch: 020 | Test Loss: 0.0139259 | Time: 443ms
Epoch: 021 | Train Loss: 0.0154352 | Grad norm: 1.913063 | Time: 2s22ms
Epoch: 021 | Test Loss: 0.0204506 | Time: 454ms
Epoch: 022 | Train Loss: 0.0129382 | Grad norm: 1.760745 | Time: 1s962ms
Epoch: 022 | Test Loss: 0.0037706 | Time: 468ms
==> Save the model at epoch 022 with test loss 0.0037706
Epoch: 023 | Train Loss: 0.0081988 | Grad norm: 1.295639 | Time: 2s74ms
Epoch: 023 | Test Loss: 0.0080107 | Time: 552ms
Epoch: 024 | Train Loss: 0.0088800 | Grad norm: 1.315328 | Time: 2s226ms
Epoch: 024 | Test Loss: 0.0090722 | Time: 468ms
Epoch: 025 | Train Loss: 0.0056920 | Grad norm: 0.952650 | Time: 2s141ms
Epoch: 025 | Test Loss: 0.0046620 | Time: 475ms
Epoch: 026 | Train Loss: 0.0040695 | Grad norm: 0.645941 | Time: 2s61ms
Epoch: 026 | Test Loss: 0.0031396 | Time: 605ms
==> Save the model at epoch 026 with test loss 0.0031396
Epoch: 027 | Train Loss: 0.0036951 | Grad norm: 0.542978 | Time: 1s890ms
Epoch: 027 | Test Loss: 0.0040394 | Time: 448ms
Epoch: 028 | Train Loss: 0.0033639 | Grad norm: 0.457699 | Time: 1s892ms
Epoch: 028 | Test Loss: 0.0033871 | Time: 454ms
Epoch: 029 | Train Loss: 0.0033911 | Grad norm: 0.451483 | Time: 2s32ms
Epoch: 029 | Test Loss: 0.0050598 | Time: 449ms
Epoch: 030 | Train Loss: 0.0033981 | Grad norm: 0.450346 | Time: 2s99ms
Epoch: 030 | Test Loss: 0.0031211 | Time: 487ms
==> Save the model at epoch 030 with test loss 0.0031211
Epoch: 031 | Train Loss: 0.0031184 | Grad norm: 0.366135 | Time: 1s746ms
Epoch: 031 | Test Loss: 0.0038195 | Time: 468ms
Epoch: 032 | Train Loss: 0.0029561 | Grad norm: 0.285664 | Time: 2s64ms
Epoch: 032 | Test Loss: 0.0032058 | Time: 556ms
Epoch: 033 | Train Loss: 0.0029402 | Grad norm: 0.282674 | Time: 1s902ms
Epoch: 033 | Test Loss: 0.0030997 | Time: 510ms
==> Save the model at epoch 033 with test loss 0.0030997
Epoch: 034 | Train Loss: 0.0028357 | Grad norm: 0.215522 | Time: 2s57ms
Epoch: 034 | Test Loss: 0.0029420 | Time: 594ms
==> Save the model at epoch 034 with test loss 0.0029420
Epoch: 035 | Train Loss: 0.0027866 | Grad norm: 0.183481 | Time: 2s35ms
Epoch: 035 | Test Loss: 0.0028133 | Time: 454ms
==> Save the model at epoch 035 with test loss 0.0028133
Epoch: 036 | Train Loss: 0.0027600 | Grad norm: 0.155299 | Time: 2s219ms
Epoch: 036 | Test Loss: 0.0027430 | Time: 445ms
==> Save the model at epoch 036 with test loss 0.0027430
Epoch: 037 | Train Loss: 0.0027498 | Grad norm: 0.152994 | Time: 2s155ms
Epoch: 037 | Test Loss: 0.0027541 | Time: 456ms
Epoch: 038 | Train Loss: 0.0027235 | Grad norm: 0.125402 | Time: 2s22ms
Epoch: 038 | Test Loss: 0.0027422 | Time: 447ms
==> Save the model at epoch 038 with test loss 0.0027422
Epoch: 039 | Train Loss: 0.0027015 | Grad norm: 0.098641 | Time: 2s152ms
Epoch: 039 | Test Loss: 0.0027211 | Time: 450ms
==> Save the model at epoch 039 with test loss 0.0027211
Epoch: 040 | Train Loss: 0.0026963 | Grad norm: 0.092603 | Time: 2s288ms
Epoch: 040 | Test Loss: 0.0027153 | Time: 527ms
==> Save the model at epoch 040 with test loss 0.0027153
Total time: 1m41s
==> Saving trained model weights...
==> Input bias to be applied to the neural network (trained):
[0. 0.]
==> Input transform to be applied to the neural network (trained):
[0.70982397 0.70987433]
==> Output transform to be applied to the neural network (trained):
[2.8319 2.8318]
==> Saving training info...
==> Drawing training loss...
==> Drawing grad norm...
==> Drawing testing loss...
==> Process finished.
