==> torch device:  cuda:1
==> Test-Train split: test_ratio = 0.20
==> Test-Train split seed:  None
==> Further split: further_train_ratio = 0.50
==> Further split seed:  None
==> Input bias to be applied to the neural network:
[0. 0.]
==> Input transform to be applied to the neural network:
[0.6513385 0.6513385]
==> Ouput transform to be applied to the neural network:
[3.0861 3.0861]
==> Evaluating model...
==========================================================================================
Layer (type:depth-idx)                   Output Shape              Param #
==========================================================================================
NeuralNetwork                            [1, 2]                    6
├─Sequential: 1-1                        [1, 2]                    --
│    └─Linear: 2-1                       [1, 64]                   192
│    └─ReLU: 2-2                         [1, 64]                   --
│    └─Linear: 2-3                       [1, 64]                   4,160
│    └─ReLU: 2-4                         [1, 64]                   --
│    └─Linear: 2-5                       [1, 64]                   4,160
│    └─ReLU: 2-6                         [1, 64]                   --
│    └─Linear: 2-7                       [1, 64]                   4,160
│    └─ReLU: 2-8                         [1, 64]                   --
│    └─Linear: 2-9                       [1, 64]                   4,160
│    └─ReLU: 2-10                        [1, 64]                   --
│    └─Linear: 2-11                      [1, 64]                   4,160
│    └─ReLU: 2-12                        [1, 64]                   --
│    └─Linear: 2-13                      [1, 64]                   4,160
│    └─ReLU: 2-14                        [1, 64]                   --
│    └─Linear: 2-15                      [1, 2]                    130
├─Sequential: 1-2                        [1, 2]                    (recursive)
│    └─Linear: 2-16                      [1, 64]                   (recursive)
│    └─ReLU: 2-17                        [1, 64]                   --
│    └─Linear: 2-18                      [1, 64]                   (recursive)
│    └─ReLU: 2-19                        [1, 64]                   --
│    └─Linear: 2-20                      [1, 64]                   (recursive)
│    └─ReLU: 2-21                        [1, 64]                   --
│    └─Linear: 2-22                      [1, 64]                   (recursive)
│    └─ReLU: 2-23                        [1, 64]                   --
│    └─Linear: 2-24                      [1, 64]                   (recursive)
│    └─ReLU: 2-25                        [1, 64]                   --
│    └─Linear: 2-26                      [1, 64]                   (recursive)
│    └─ReLU: 2-27                        [1, 64]                   --
│    └─Linear: 2-28                      [1, 64]                   (recursive)
│    └─ReLU: 2-29                        [1, 64]                   --
│    └─Linear: 2-30                      [1, 2]                    (recursive)
==========================================================================================
Total params: 25,288
Trainable params: 25,282
Non-trainable params: 6
Total mult-adds (Units.MEGABYTES): 0.05
==========================================================================================
Input size (MB): 0.00
Forward/backward pass size (MB): 0.01
Params size (MB): 0.10
Estimated Total Size (MB): 0.11
==========================================================================================
==> Saving initial model weights...
==> Start training...
==> Number of param_groups in optimizer: 1
Epoch: 001 | Train Loss: 18.9976663 | Grad norm: 0.891222 | Time: 1s917ms
Epoch: 001 | Test Loss: 19.2749278 | Time: 381ms
==> Save the model at epoch 001 with test loss 19.2749278
Epoch: 002 | Train Loss: 2.3531879 | Grad norm: 6.920127 | Time: 1s727ms
Epoch: 002 | Test Loss: 0.0050401 | Time: 376ms
==> Save the model at epoch 002 with test loss 0.0050401
Epoch: 003 | Train Loss: 0.0242403 | Grad norm: 2.553675 | Time: 1s781ms
Epoch: 003 | Test Loss: 0.0176663 | Time: 432ms
Epoch: 004 | Train Loss: 0.0550722 | Grad norm: 3.720935 | Time: 1s714ms
Epoch: 004 | Test Loss: 0.0130189 | Time: 435ms
Epoch: 005 | Train Loss: 0.0432918 | Grad norm: 3.321434 | Time: 1s779ms
Epoch: 005 | Test Loss: 0.0287537 | Time: 440ms
Epoch: 006 | Train Loss: 0.0857095 | Grad norm: 4.692914 | Time: 1s642ms
Epoch: 006 | Test Loss: 0.0710142 | Time: 383ms
Epoch: 007 | Train Loss: 0.0970490 | Grad norm: 4.945757 | Time: 1s794ms
Epoch: 007 | Test Loss: 0.0465349 | Time: 385ms
Epoch: 008 | Train Loss: 0.0843520 | Grad norm: 4.685602 | Time: 1s701ms
Epoch: 008 | Test Loss: 0.0723200 | Time: 381ms
Epoch: 009 | Train Loss: 0.1675659 | Grad norm: 6.577292 | Time: 1s577ms
Epoch: 009 | Test Loss: 0.0383696 | Time: 460ms
Epoch: 010 | Train Loss: 0.1160021 | Grad norm: 5.424058 | Time: 1s760ms
Epoch: 010 | Test Loss: 0.1089558 | Time: 385ms
Epoch: 011 | Train Loss: 0.0961905 | Grad norm: 4.892856 | Time: 1s707ms
Epoch: 011 | Test Loss: 0.1355744 | Time: 399ms
Epoch: 012 | Train Loss: 0.0717798 | Grad norm: 4.401861 | Time: 1s672ms
Epoch: 012 | Test Loss: 0.1215662 | Time: 444ms
Epoch: 013 | Train Loss: 0.0584773 | Grad norm: 3.990652 | Time: 1s728ms
Epoch: 013 | Test Loss: 0.0285644 | Time: 389ms
Epoch: 014 | Train Loss: 0.0447456 | Grad norm: 3.500747 | Time: 1s663ms
Epoch: 014 | Test Loss: 0.0076779 | Time: 412ms
Epoch: 015 | Train Loss: 0.0619771 | Grad norm: 4.075527 | Time: 1s615ms
Epoch: 015 | Test Loss: 0.0293751 | Time: 375ms
Epoch: 016 | Train Loss: 0.0265200 | Grad norm: 2.748405 | Time: 1s708ms
Epoch: 016 | Test Loss: 0.0023215 | Time: 377ms
==> Save the model at epoch 016 with test loss 0.0023215
Epoch: 017 | Train Loss: 0.0432457 | Grad norm: 3.196107 | Time: 1s620ms
Epoch: 017 | Test Loss: 0.0124643 | Time: 400ms
Epoch: 018 | Train Loss: 0.0300422 | Grad norm: 2.831858 | Time: 1s761ms
Epoch: 018 | Test Loss: 0.0129700 | Time: 521ms
Epoch: 019 | Train Loss: 0.0158567 | Grad norm: 2.074499 | Time: 1s737ms
Epoch: 019 | Test Loss: 0.0161367 | Time: 377ms
Epoch: 020 | Train Loss: 0.0202830 | Grad norm: 2.324878 | Time: 1s672ms
Epoch: 020 | Test Loss: 0.0133351 | Time: 376ms
Epoch: 021 | Train Loss: 0.0096439 | Grad norm: 1.546758 | Time: 1s889ms
Epoch: 021 | Test Loss: 0.0169420 | Time: 397ms
Epoch: 022 | Train Loss: 0.0118482 | Grad norm: 1.898525 | Time: 1s861ms
Epoch: 022 | Test Loss: 0.0025339 | Time: 381ms
Epoch: 023 | Train Loss: 0.0072017 | Grad norm: 1.240294 | Time: 1s630ms
Epoch: 023 | Test Loss: 0.0016641 | Time: 407ms
==> Save the model at epoch 023 with test loss 0.0016641
Epoch: 024 | Train Loss: 0.0034782 | Grad norm: 0.890281 | Time: 1s618ms
Epoch: 024 | Test Loss: 0.0023152 | Time: 382ms
Epoch: 025 | Train Loss: 0.0025564 | Grad norm: 0.655021 | Time: 1s836ms
Epoch: 025 | Test Loss: 0.0017430 | Time: 464ms
Epoch: 026 | Train Loss: 0.0012327 | Grad norm: 0.413022 | Time: 1s720ms
Epoch: 026 | Test Loss: 0.0015932 | Time: 398ms
==> Save the model at epoch 026 with test loss 0.0015932
Epoch: 027 | Train Loss: 0.0009961 | Grad norm: 0.345382 | Time: 1s718ms
Epoch: 027 | Test Loss: 0.0007326 | Time: 372ms
==> Save the model at epoch 027 with test loss 0.0007326
Epoch: 028 | Train Loss: 0.0010910 | Grad norm: 0.358919 | Time: 1s560ms
Epoch: 028 | Test Loss: 0.0009629 | Time: 463ms
Epoch: 029 | Train Loss: 0.0009012 | Grad norm: 0.305036 | Time: 1s820ms
Epoch: 029 | Test Loss: 0.0008713 | Time: 380ms
Epoch: 030 | Train Loss: 0.0008180 | Grad norm: 0.258440 | Time: 1s571ms
Epoch: 030 | Test Loss: 0.0008553 | Time: 376ms
Epoch: 031 | Train Loss: 0.0007252 | Grad norm: 0.206009 | Time: 1s693ms
Epoch: 031 | Test Loss: 0.0014828 | Time: 377ms
Epoch: 032 | Train Loss: 0.0007852 | Grad norm: 0.255361 | Time: 1s692ms
Epoch: 032 | Test Loss: 0.0006111 | Time: 374ms
==> Save the model at epoch 032 with test loss 0.0006111
Epoch: 033 | Train Loss: 0.0006603 | Grad norm: 0.161864 | Time: 1s642ms
Epoch: 033 | Test Loss: 0.0005984 | Time: 378ms
==> Save the model at epoch 033 with test loss 0.0005984
Epoch: 034 | Train Loss: 0.0006621 | Grad norm: 0.166270 | Time: 1s746ms
Epoch: 034 | Test Loss: 0.0006423 | Time: 396ms
Epoch: 035 | Train Loss: 0.0006168 | Grad norm: 0.111837 | Time: 1s794ms
Epoch: 035 | Test Loss: 0.0006620 | Time: 399ms
Epoch: 036 | Train Loss: 0.0005921 | Grad norm: 0.094954 | Time: 1s760ms
Epoch: 036 | Test Loss: 0.0005768 | Time: 373ms
==> Save the model at epoch 036 with test loss 0.0005768
Epoch: 037 | Train Loss: 0.0005810 | Grad norm: 0.082784 | Time: 1s770ms
Epoch: 037 | Test Loss: 0.0005905 | Time: 377ms
Epoch: 038 | Train Loss: 0.0005746 | Grad norm: 0.068157 | Time: 1s757ms
Epoch: 038 | Test Loss: 0.0005764 | Time: 392ms
==> Save the model at epoch 038 with test loss 0.0005764
Epoch: 039 | Train Loss: 0.0005738 | Grad norm: 0.057856 | Time: 1s584ms
Epoch: 039 | Test Loss: 0.0005713 | Time: 403ms
==> Save the model at epoch 039 with test loss 0.0005713
Epoch: 040 | Train Loss: 0.0005673 | Grad norm: 0.049166 | Time: 1s596ms
Epoch: 040 | Test Loss: 0.0005694 | Time: 406ms
==> Save the model at epoch 040 with test loss 0.0005694
Total time: 1m24s
==> Saving trained model weights...
==> Input bias to be applied to the neural network (trained):
[0. 0.]
==> Input transform to be applied to the neural network (trained):
[0.6513385 0.6513385]
==> Output transform to be applied to the neural network (trained):
[3.0861 3.0861]
==> Saving training info...
==> Drawing training loss...
==> Drawing grad norm...
==> Drawing testing loss...
==> Process finished.
