==> torch device:  cuda:1
==> Test-Train split: test_ratio = 0.20
==> Test-Train split seed:  None
==> Further split: further_train_ratio = 0.25
==> Further split seed:  None
==> Lipschitz constant: 2.00
==> Input bias to be applied to the neural network:
[0. 0.]
==> Input transform to be applied to the neural network:
[0.5123476 0.5241365]
==> Ouput transform to be applied to the neural network:
[1.908  1.9349]
==> Evaluating model...
==========================================================================================
Layer (type:depth-idx)                   Output Shape              Param #
==========================================================================================
NeuralNetwork                            [1, 2]                    6
├─Sequential: 1-1                        [1, 2]                    --
│    └─SandwichFc: 2-1                   [1, 64]                   4,353
│    └─SandwichFc: 2-2                   [1, 64]                   8,321
│    └─SandwichFc: 2-3                   [1, 64]                   8,321
│    └─SandwichFc: 2-4                   [1, 64]                   8,321
│    └─SandwichFc: 2-5                   [1, 64]                   8,321
│    └─SandwichFc: 2-6                   [1, 64]                   8,321
│    └─SandwichFc: 2-7                   [1, 64]                   8,321
│    └─SandwichLin: 2-8                  [1, 2]                    135
├─Sequential: 1-2                        [1, 2]                    (recursive)
│    └─SandwichFc: 2-9                   [1, 64]                   (recursive)
│    └─SandwichFc: 2-10                  [1, 64]                   (recursive)
│    └─SandwichFc: 2-11                  [1, 64]                   (recursive)
│    └─SandwichFc: 2-12                  [1, 64]                   (recursive)
│    └─SandwichFc: 2-13                  [1, 64]                   (recursive)
│    └─SandwichFc: 2-14                  [1, 64]                   (recursive)
│    └─SandwichFc: 2-15                  [1, 64]                   (recursive)
│    └─SandwichLin: 2-16                 [1, 2]                    (recursive)
==========================================================================================
Total params: 54,420
Trainable params: 54,414
Non-trainable params: 6
Total mult-adds (Units.MEGABYTES): 0.11
==========================================================================================
Input size (MB): 0.00
Forward/backward pass size (MB): 0.01
Params size (MB): 0.22
Estimated Total Size (MB): 0.22
==========================================================================================
==> Saving initial model weights...
==> Start training...
==> Number of param_groups in optimizer: 1
Epoch: 001 | Train Loss: 7.3658260 | Grad norm: 6.769314 | Time: 4s947ms
Epoch: 001 | Test Loss: 7.4086012 | Time: 668ms
==> Save the model at epoch 001 with test loss 7.4086012
Epoch: 002 | Train Loss: 1.8961072 | Grad norm: 4.530522 | Time: 4s595ms
Epoch: 002 | Test Loss: 0.1070069 | Time: 653ms
==> Save the model at epoch 002 with test loss 0.1070069
Epoch: 003 | Train Loss: 0.0778798 | Grad norm: 1.868625 | Time: 4s703ms
Epoch: 003 | Test Loss: 0.0564105 | Time: 726ms
==> Save the model at epoch 003 with test loss 0.0564105
Epoch: 004 | Train Loss: 0.0520268 | Grad norm: 1.867326 | Time: 4s869ms
Epoch: 004 | Test Loss: 0.0399585 | Time: 656ms
==> Save the model at epoch 004 with test loss 0.0399585
Epoch: 005 | Train Loss: 0.0464722 | Grad norm: 2.900865 | Time: 4s877ms
Epoch: 005 | Test Loss: 0.0351804 | Time: 652ms
==> Save the model at epoch 005 with test loss 0.0351804
Epoch: 006 | Train Loss: 0.0355012 | Grad norm: 2.675291 | Time: 4s837ms
Epoch: 006 | Test Loss: 0.0315885 | Time: 675ms
==> Save the model at epoch 006 with test loss 0.0315885
Epoch: 007 | Train Loss: 0.0337267 | Grad norm: 3.105940 | Time: 4s647ms
Epoch: 007 | Test Loss: 0.0336820 | Time: 653ms
Epoch: 008 | Train Loss: 0.0444618 | Grad norm: 3.976351 | Time: 4s524ms
Epoch: 008 | Test Loss: 0.0377454 | Time: 660ms
Epoch: 009 | Train Loss: 0.0657958 | Grad norm: 6.412630 | Time: 4s699ms
Epoch: 009 | Test Loss: 0.0522091 | Time: 656ms
Epoch: 010 | Train Loss: 0.0597670 | Grad norm: 5.792467 | Time: 5s7ms
Epoch: 010 | Test Loss: 0.0806025 | Time: 731ms
Epoch: 011 | Train Loss: 0.0510117 | Grad norm: 5.231968 | Time: 4s572ms
Epoch: 011 | Test Loss: 0.0352434 | Time: 669ms
Epoch: 012 | Train Loss: 0.0465878 | Grad norm: 4.818856 | Time: 4s522ms
Epoch: 012 | Test Loss: 0.0441337 | Time: 652ms
Epoch: 013 | Train Loss: 0.0418586 | Grad norm: 4.504634 | Time: 4s663ms
Epoch: 013 | Test Loss: 0.0514534 | Time: 658ms
Epoch: 014 | Train Loss: 0.0381524 | Grad norm: 4.108895 | Time: 4s623ms
Epoch: 014 | Test Loss: 0.0249506 | Time: 654ms
==> Save the model at epoch 014 with test loss 0.0249506
Epoch: 015 | Train Loss: 0.0346283 | Grad norm: 3.867521 | Time: 4s869ms
Epoch: 015 | Test Loss: 0.0323239 | Time: 656ms
Epoch: 016 | Train Loss: 0.0314151 | Grad norm: 3.617293 | Time: 4s733ms
Epoch: 016 | Test Loss: 0.0438664 | Time: 671ms
Epoch: 017 | Train Loss: 0.0283704 | Grad norm: 3.319931 | Time: 4s593ms
Epoch: 017 | Test Loss: 0.0144741 | Time: 742ms
==> Save the model at epoch 017 with test loss 0.0144741
Epoch: 018 | Train Loss: 0.0221614 | Grad norm: 2.503566 | Time: 4s624ms
Epoch: 018 | Test Loss: 0.0125366 | Time: 650ms
==> Save the model at epoch 018 with test loss 0.0125366
Epoch: 019 | Train Loss: 0.0122116 | Grad norm: 1.041192 | Time: 4s626ms
Epoch: 019 | Test Loss: 0.0097417 | Time: 664ms
==> Save the model at epoch 019 with test loss 0.0097417
Epoch: 020 | Train Loss: 0.0130418 | Grad norm: 1.499759 | Time: 4s683ms
Epoch: 020 | Test Loss: 0.0140388 | Time: 673ms
Epoch: 021 | Train Loss: 0.0111698 | Grad norm: 1.206765 | Time: 4s684ms
Epoch: 021 | Test Loss: 0.0084605 | Time: 659ms
==> Save the model at epoch 021 with test loss 0.0084605
Epoch: 022 | Train Loss: 0.0103667 | Grad norm: 1.347015 | Time: 4s774ms
Epoch: 022 | Test Loss: 0.0077990 | Time: 654ms
==> Save the model at epoch 022 with test loss 0.0077990
Epoch: 023 | Train Loss: 0.0092469 | Grad norm: 1.210173 | Time: 4s630ms
Epoch: 023 | Test Loss: 0.0151667 | Time: 658ms
Epoch: 024 | Train Loss: 0.0083006 | Grad norm: 1.062235 | Time: 4s601ms
Epoch: 024 | Test Loss: 0.0068666 | Time: 720ms
==> Save the model at epoch 024 with test loss 0.0068666
Epoch: 025 | Train Loss: 0.0067718 | Grad norm: 0.695746 | Time: 4s842ms
Epoch: 025 | Test Loss: 0.0056312 | Time: 645ms
==> Save the model at epoch 025 with test loss 0.0056312
Epoch: 026 | Train Loss: 0.0065677 | Grad norm: 0.731294 | Time: 4s718ms
Epoch: 026 | Test Loss: 0.0047684 | Time: 651ms
==> Save the model at epoch 026 with test loss 0.0047684
Epoch: 027 | Train Loss: 0.0061007 | Grad norm: 0.607823 | Time: 4s915ms
Epoch: 027 | Test Loss: 0.0051273 | Time: 656ms
Epoch: 028 | Train Loss: 0.0056654 | Grad norm: 0.600045 | Time: 4s768ms
Epoch: 028 | Test Loss: 0.0061791 | Time: 656ms
Epoch: 029 | Train Loss: 0.0054984 | Grad norm: 0.542250 | Time: 4s679ms
Epoch: 029 | Test Loss: 0.0056905 | Time: 655ms
Epoch: 030 | Train Loss: 0.0051954 | Grad norm: 0.475168 | Time: 4s650ms
Epoch: 030 | Test Loss: 0.0044578 | Time: 648ms
==> Save the model at epoch 030 with test loss 0.0044578
Epoch: 031 | Train Loss: 0.0050435 | Grad norm: 0.451193 | Time: 4s630ms
Epoch: 031 | Test Loss: 0.0047606 | Time: 728ms
Epoch: 032 | Train Loss: 0.0047833 | Grad norm: 0.389680 | Time: 4s478ms
Epoch: 032 | Test Loss: 0.0040861 | Time: 653ms
==> Save the model at epoch 032 with test loss 0.0040861
Epoch: 033 | Train Loss: 0.0045907 | Grad norm: 0.349299 | Time: 4s552ms
Epoch: 033 | Test Loss: 0.0040706 | Time: 656ms
==> Save the model at epoch 033 with test loss 0.0040706
Epoch: 034 | Train Loss: 0.0044816 | Grad norm: 0.320242 | Time: 4s566ms
Epoch: 034 | Test Loss: 0.0039378 | Time: 652ms
==> Save the model at epoch 034 with test loss 0.0039378
Epoch: 035 | Train Loss: 0.0043440 | Grad norm: 0.282068 | Time: 4s638ms
Epoch: 035 | Test Loss: 0.0038729 | Time: 659ms
==> Save the model at epoch 035 with test loss 0.0038729
Epoch: 036 | Train Loss: 0.0043206 | Grad norm: 0.273045 | Time: 4s662ms
Epoch: 036 | Test Loss: 0.0038459 | Time: 656ms
==> Save the model at epoch 036 with test loss 0.0038459
Epoch: 037 | Train Loss: 0.0042243 | Grad norm: 0.257090 | Time: 4s495ms
Epoch: 037 | Test Loss: 0.0038520 | Time: 661ms
Epoch: 038 | Train Loss: 0.0042048 | Grad norm: 0.241150 | Time: 4s598ms
Epoch: 038 | Test Loss: 0.0037602 | Time: 722ms
==> Save the model at epoch 038 with test loss 0.0037602
Epoch: 039 | Train Loss: 0.0041438 | Grad norm: 0.220092 | Time: 4s514ms
Epoch: 039 | Test Loss: 0.0037646 | Time: 650ms
Epoch: 040 | Train Loss: 0.0041212 | Grad norm: 0.185513 | Time: 4s653ms
Epoch: 040 | Test Loss: 0.0037264 | Time: 725ms
==> Save the model at epoch 040 with test loss 0.0037264
Total time: 3m34s
==> Saving trained model weights...
==> Input bias to be applied to the neural network (trained):
[0. 0.]
==> Input transform to be applied to the neural network (trained):
[0.5123476 0.5241365]
==> Output transform to be applied to the neural network (trained):
[1.908  1.9349]
==> Saving training info...
==> Drawing training loss...
==> Drawing grad norm...
==> Drawing testing loss...
==> Process finished.
