==> torch device:  cuda:2
==> Test-Train split: test_ratio = 0.20
==> Test-Train split seed:  None
==> Further split: further_train_ratio = 0.50
==> Further split seed:  None
==> Input bias to be applied to the neural network:
[0. 0.]
==> Input transform to be applied to the neural network:
[0.5090095 0.5090095]
==> Ouput transform to be applied to the neural network:
[3.9366 3.9363]
==> Evaluating model...
==========================================================================================
Layer (type:depth-idx)                   Output Shape              Param #
==========================================================================================
NeuralNetwork                            [1, 2]                    6
├─Sequential: 1-1                        [1, 2]                    --
│    └─Linear: 2-1                       [1, 64]                   192
│    └─ReLU: 2-2                         [1, 64]                   --
│    └─Linear: 2-3                       [1, 64]                   4,160
│    └─ReLU: 2-4                         [1, 64]                   --
│    └─Linear: 2-5                       [1, 64]                   4,160
│    └─ReLU: 2-6                         [1, 64]                   --
│    └─Linear: 2-7                       [1, 64]                   4,160
│    └─ReLU: 2-8                         [1, 64]                   --
│    └─Linear: 2-9                       [1, 64]                   4,160
│    └─ReLU: 2-10                        [1, 64]                   --
│    └─Linear: 2-11                      [1, 64]                   4,160
│    └─ReLU: 2-12                        [1, 64]                   --
│    └─Linear: 2-13                      [1, 64]                   4,160
│    └─ReLU: 2-14                        [1, 64]                   --
│    └─Linear: 2-15                      [1, 2]                    130
├─Sequential: 1-2                        [1, 2]                    (recursive)
│    └─Linear: 2-16                      [1, 64]                   (recursive)
│    └─ReLU: 2-17                        [1, 64]                   --
│    └─Linear: 2-18                      [1, 64]                   (recursive)
│    └─ReLU: 2-19                        [1, 64]                   --
│    └─Linear: 2-20                      [1, 64]                   (recursive)
│    └─ReLU: 2-21                        [1, 64]                   --
│    └─Linear: 2-22                      [1, 64]                   (recursive)
│    └─ReLU: 2-23                        [1, 64]                   --
│    └─Linear: 2-24                      [1, 64]                   (recursive)
│    └─ReLU: 2-25                        [1, 64]                   --
│    └─Linear: 2-26                      [1, 64]                   (recursive)
│    └─ReLU: 2-27                        [1, 64]                   --
│    └─Linear: 2-28                      [1, 64]                   (recursive)
│    └─ReLU: 2-29                        [1, 64]                   --
│    └─Linear: 2-30                      [1, 2]                    (recursive)
==========================================================================================
Total params: 25,288
Trainable params: 25,282
Non-trainable params: 6
Total mult-adds (M): 0.05
==========================================================================================
Input size (MB): 0.00
Forward/backward pass size (MB): 0.01
Params size (MB): 0.10
Estimated Total Size (MB): 0.11
==========================================================================================
==> Saving initial model weights...
==> Start training...
==> Number of param_groups in optimizer: 1
Epoch: 001 | Train Loss: 31.0279644 | Grad norm: 0.764091 | Time: 2s634ms
Epoch: 001 | Test Loss: 30.7666147 | Time: 568ms
==> Save the model at epoch 001 with test loss 30.7666147
Epoch: 002 | Train Loss: 24.0386734 | Grad norm: 11.101671 | Time: 2s404ms
Epoch: 002 | Test Loss: 5.2792035 | Time: 579ms
==> Save the model at epoch 002 with test loss 5.2792035
Epoch: 003 | Train Loss: 0.3086019 | Grad norm: 3.061061 | Time: 2s549ms
Epoch: 003 | Test Loss: 0.0179031 | Time: 579ms
==> Save the model at epoch 003 with test loss 0.0179031
Epoch: 004 | Train Loss: 0.0168304 | Grad norm: 1.475406 | Time: 2s517ms
Epoch: 004 | Test Loss: 0.0146744 | Time: 579ms
==> Save the model at epoch 004 with test loss 0.0146744
Epoch: 005 | Train Loss: 0.0147590 | Grad norm: 1.434523 | Time: 1s994ms
Epoch: 005 | Test Loss: 0.0197984 | Time: 635ms
Epoch: 006 | Train Loss: 0.0152227 | Grad norm: 1.582236 | Time: 2s526ms
Epoch: 006 | Test Loss: 0.0132077 | Time: 597ms
==> Save the model at epoch 006 with test loss 0.0132077
Epoch: 007 | Train Loss: 0.0160518 | Grad norm: 1.721661 | Time: 2s50ms
Epoch: 007 | Test Loss: 0.0177171 | Time: 562ms
Epoch: 008 | Train Loss: 0.0178953 | Grad norm: 1.989061 | Time: 2s434ms
Epoch: 008 | Test Loss: 0.0162035 | Time: 579ms
Epoch: 009 | Train Loss: 0.0191720 | Grad norm: 2.064788 | Time: 2s321ms
Epoch: 009 | Test Loss: 0.0160996 | Time: 604ms
Epoch: 010 | Train Loss: 0.0161207 | Grad norm: 1.784639 | Time: 2s503ms
Epoch: 010 | Test Loss: 0.0224083 | Time: 645ms
Epoch: 011 | Train Loss: 0.0138034 | Grad norm: 1.535345 | Time: 2s437ms
Epoch: 011 | Test Loss: 0.0118760 | Time: 565ms
==> Save the model at epoch 011 with test loss 0.0118760
Epoch: 012 | Train Loss: 0.0136166 | Grad norm: 1.521949 | Time: 2s571ms
Epoch: 012 | Test Loss: 0.0208850 | Time: 581ms
Epoch: 013 | Train Loss: 0.0148288 | Grad norm: 1.687796 | Time: 2s707ms
Epoch: 013 | Test Loss: 0.0116133 | Time: 574ms
==> Save the model at epoch 013 with test loss 0.0116133
Epoch: 014 | Train Loss: 0.0116058 | Grad norm: 1.208235 | Time: 2s266ms
Epoch: 014 | Test Loss: 0.0139475 | Time: 575ms
Epoch: 015 | Train Loss: 0.0110115 | Grad norm: 1.157306 | Time: 2s107ms
Epoch: 015 | Test Loss: 0.0128897 | Time: 629ms
Epoch: 016 | Train Loss: 0.0106723 | Grad norm: 1.067820 | Time: 1s899ms
Epoch: 016 | Test Loss: 0.0091936 | Time: 597ms
==> Save the model at epoch 016 with test loss 0.0091936
Epoch: 017 | Train Loss: 0.0109173 | Grad norm: 1.113209 | Time: 1s902ms
Epoch: 017 | Test Loss: 0.0089846 | Time: 562ms
==> Save the model at epoch 017 with test loss 0.0089846
Epoch: 018 | Train Loss: 0.0099467 | Grad norm: 0.940236 | Time: 2s426ms
Epoch: 018 | Test Loss: 0.0103489 | Time: 579ms
Epoch: 019 | Train Loss: 0.0096912 | Grad norm: 0.909345 | Time: 2s175ms
Epoch: 019 | Test Loss: 0.0103951 | Time: 599ms
Epoch: 020 | Train Loss: 0.0098915 | Grad norm: 0.935445 | Time: 2s359ms
Epoch: 020 | Test Loss: 0.0100432 | Time: 652ms
Epoch: 021 | Train Loss: 0.0094368 | Grad norm: 0.833676 | Time: 2s643ms
Epoch: 021 | Test Loss: 0.0097226 | Time: 601ms
Epoch: 022 | Train Loss: 0.0093280 | Grad norm: 0.788488 | Time: 2s619ms
Epoch: 022 | Test Loss: 0.0091185 | Time: 576ms
Epoch: 023 | Train Loss: 0.0092873 | Grad norm: 0.828568 | Time: 2s487ms
Epoch: 023 | Test Loss: 0.0098785 | Time: 581ms
Epoch: 024 | Train Loss: 0.0090050 | Grad norm: 0.769414 | Time: 2s458ms
Epoch: 024 | Test Loss: 0.0091789 | Time: 598ms
Epoch: 025 | Train Loss: 0.0087791 | Grad norm: 0.687930 | Time: 2s441ms
Epoch: 025 | Test Loss: 0.0096623 | Time: 638ms
Epoch: 026 | Train Loss: 0.0087914 | Grad norm: 0.661441 | Time: 2s601ms
Epoch: 026 | Test Loss: 0.0092087 | Time: 583ms
Epoch: 027 | Train Loss: 0.0086563 | Grad norm: 0.668332 | Time: 2s569ms
Epoch: 027 | Test Loss: 0.0091399 | Time: 584ms
Epoch: 028 | Train Loss: 0.0086174 | Grad norm: 0.606122 | Time: 2s412ms
Epoch: 028 | Test Loss: 0.0084032 | Time: 591ms
==> Save the model at epoch 028 with test loss 0.0084032
Epoch: 029 | Train Loss: 0.0084446 | Grad norm: 0.571766 | Time: 2s259ms
Epoch: 029 | Test Loss: 0.0091296 | Time: 590ms
Epoch: 030 | Train Loss: 0.0081898 | Grad norm: 0.475574 | Time: 2s79ms
Epoch: 030 | Test Loss: 0.0085380 | Time: 619ms
Epoch: 031 | Train Loss: 0.0082005 | Grad norm: 0.467448 | Time: 2s284ms
Epoch: 031 | Test Loss: 0.0081476 | Time: 582ms
==> Save the model at epoch 031 with test loss 0.0081476
Epoch: 032 | Train Loss: 0.0081788 | Grad norm: 0.477073 | Time: 2s215ms
Epoch: 032 | Test Loss: 0.0085386 | Time: 579ms
Epoch: 033 | Train Loss: 0.0080748 | Grad norm: 0.456599 | Time: 2s365ms
Epoch: 033 | Test Loss: 0.0083959 | Time: 608ms
Epoch: 034 | Train Loss: 0.0080334 | Grad norm: 0.428528 | Time: 2s324ms
Epoch: 034 | Test Loss: 0.0084886 | Time: 616ms
Epoch: 035 | Train Loss: 0.0079340 | Grad norm: 0.385035 | Time: 1s971ms
Epoch: 035 | Test Loss: 0.0081087 | Time: 638ms
==> Save the model at epoch 035 with test loss 0.0081087
Epoch: 036 | Train Loss: 0.0078864 | Grad norm: 0.313594 | Time: 2s532ms
Epoch: 036 | Test Loss: 0.0080011 | Time: 631ms
==> Save the model at epoch 036 with test loss 0.0080011
Epoch: 037 | Train Loss: 0.0078726 | Grad norm: 0.300671 | Time: 2s592ms
Epoch: 037 | Test Loss: 0.0080493 | Time: 583ms
Epoch: 038 | Train Loss: 0.0077867 | Grad norm: 0.265820 | Time: 2s523ms
Epoch: 038 | Test Loss: 0.0079688 | Time: 755ms
==> Save the model at epoch 038 with test loss 0.0079688
Epoch: 039 | Train Loss: 0.0077638 | Grad norm: 0.244077 | Time: 2s395ms
Epoch: 039 | Test Loss: 0.0079353 | Time: 607ms
==> Save the model at epoch 039 with test loss 0.0079353
Epoch: 040 | Train Loss: 0.0077356 | Grad norm: 0.232808 | Time: 2s484ms
Epoch: 040 | Test Loss: 0.0079406 | Time: 636ms
Total time: 1m59s
==> Saving trained model weights...
==> Input bias to be applied to the neural network (trained):
[0. 0.]
==> Input transform to be applied to the neural network (trained):
[0.5090095 0.5090095]
==> Output transform to be applied to the neural network (trained):
[3.9366 3.9363]
==> Saving training info...
==> Drawing training loss...
==> Drawing grad norm...
==> Drawing testing loss...
==> Process finished.
