==> torch device:  cuda:3
==> Test-Train split: test_ratio = 0.20
==> Test-Train split seed:  None
==> Further split: further_train_ratio = 0.50
==> Further split seed:  None
==> Input bias to be applied to the neural network:
[0. 0.]
==> Input transform to be applied to the neural network:
[1. 1.]
==> Ouput transform to be applied to the neural network:
[1. 1.]
==> Evaluating model...
==========================================================================================
Layer (type:depth-idx)                   Output Shape              Param #
==========================================================================================
NeuralNetwork                            [1, 2]                    6
├─Sequential: 1-1                        [1, 2]                    --
│    └─Linear: 2-1                       [1, 64]                   192
│    └─LeakyReLU: 2-2                    [1, 64]                   --
│    └─Linear: 2-3                       [1, 64]                   4,160
│    └─LeakyReLU: 2-4                    [1, 64]                   --
│    └─Linear: 2-5                       [1, 64]                   4,160
│    └─LeakyReLU: 2-6                    [1, 64]                   --
│    └─Linear: 2-7                       [1, 64]                   4,160
│    └─LeakyReLU: 2-8                    [1, 64]                   --
│    └─Linear: 2-9                       [1, 64]                   4,160
│    └─LeakyReLU: 2-10                   [1, 64]                   --
│    └─Linear: 2-11                      [1, 64]                   4,160
│    └─LeakyReLU: 2-12                   [1, 64]                   --
│    └─Linear: 2-13                      [1, 64]                   4,160
│    └─LeakyReLU: 2-14                   [1, 64]                   --
│    └─Linear: 2-15                      [1, 2]                    130
==========================================================================================
Total params: 25,288
Trainable params: 25,282
Non-trainable params: 6
Total mult-adds (Units.MEGABYTES): 0.03
==========================================================================================
Input size (MB): 0.00
Forward/backward pass size (MB): 0.00
Params size (MB): 0.10
Estimated Total Size (MB): 0.10
==========================================================================================
==> Saving initial model weights...
==> Start training...
Epoch: 001 | Loss: 6.9084247 | L2 loss: 6.9083131 | Lip loss: 0.0001116 | Grad norm: 2.340844 | Time: 17s450ms
Epoch: 001 | Test Loss: 3.2630097 | Time: 447ms
==> Save the model at epoch 001 with test loss 3.2630097
Epoch: 002 | Loss: 0.6341266 | L2 loss: 0.6328741 | Lip loss: 0.0012524 | Grad norm: 3.085808 | Time: 17s325ms
Epoch: 002 | Test Loss: 0.2102571 | Time: 452ms
==> Save the model at epoch 002 with test loss 0.2102571
Epoch: 003 | Loss: 0.1999734 | L2 loss: 0.1985532 | Lip loss: 0.0014202 | Grad norm: 1.981074 | Time: 17s500ms
Epoch: 003 | Test Loss: 0.1483276 | Time: 519ms
==> Save the model at epoch 003 with test loss 0.1483276
Epoch: 004 | Loss: 0.1499648 | L2 loss: 0.1484906 | Lip loss: 0.0014742 | Grad norm: 2.082486 | Time: 17s54ms
Epoch: 004 | Test Loss: 0.1150757 | Time: 445ms
==> Save the model at epoch 004 with test loss 0.1150757
Epoch: 005 | Loss: 0.1169141 | L2 loss: 0.1154106 | Lip loss: 0.0015035 | Grad norm: 2.035762 | Time: 17s132ms
Epoch: 005 | Test Loss: 0.0906435 | Time: 438ms
==> Save the model at epoch 005 with test loss 0.0906435
Epoch: 006 | Loss: 0.1020753 | L2 loss: 0.1005457 | Lip loss: 0.0015297 | Grad norm: 1.524165 | Time: 17s820ms
Epoch: 006 | Test Loss: 0.0879544 | Time: 471ms
==> Save the model at epoch 006 with test loss 0.0879544
Epoch: 007 | Loss: 0.0996243 | L2 loss: 0.0980930 | Lip loss: 0.0015313 | Grad norm: 1.468501 | Time: 17s528ms
Epoch: 007 | Test Loss: 0.0852687 | Time: 449ms
==> Save the model at epoch 007 with test loss 0.0852687
Epoch: 008 | Loss: 0.0970637 | L2 loss: 0.0955366 | Lip loss: 0.0015271 | Grad norm: 1.430871 | Time: 17s538ms
Epoch: 008 | Test Loss: 0.0836524 | Time: 467ms
==> Save the model at epoch 008 with test loss 0.0836524
Epoch: 009 | Loss: 0.0948977 | L2 loss: 0.0933860 | Lip loss: 0.0015116 | Grad norm: 1.491866 | Time: 17s642ms
Epoch: 009 | Test Loss: 0.0814208 | Time: 457ms
==> Save the model at epoch 009 with test loss 0.0814208
Epoch: 010 | Loss: 0.0928546 | L2 loss: 0.0913031 | Lip loss: 0.0015515 | Grad norm: 1.549167 | Time: 17s651ms
Epoch: 010 | Test Loss: 0.0793205 | Time: 520ms
==> Save the model at epoch 010 with test loss 0.0793205
Epoch: 011 | Loss: 0.0910890 | L2 loss: 0.0895469 | Lip loss: 0.0015421 | Grad norm: 1.407165 | Time: 17s554ms
Epoch: 011 | Test Loss: 0.0789473 | Time: 445ms
==> Save the model at epoch 011 with test loss 0.0789473
Epoch: 012 | Loss: 0.0908639 | L2 loss: 0.0893354 | Lip loss: 0.0015285 | Grad norm: 1.357239 | Time: 17s186ms
Epoch: 012 | Test Loss: 0.0787081 | Time: 449ms
==> Save the model at epoch 012 with test loss 0.0787081
Epoch: 013 | Loss: 0.0906603 | L2 loss: 0.0891176 | Lip loss: 0.0015427 | Grad norm: 1.323356 | Time: 17s456ms
Epoch: 013 | Test Loss: 0.0785202 | Time: 463ms
==> Save the model at epoch 013 with test loss 0.0785202
Epoch: 014 | Loss: 0.0904202 | L2 loss: 0.0888685 | Lip loss: 0.0015517 | Grad norm: 1.364527 | Time: 17s366ms
Epoch: 014 | Test Loss: 0.0782619 | Time: 449ms
==> Save the model at epoch 014 with test loss 0.0782619
Epoch: 015 | Loss: 0.0910119 | L2 loss: 0.0894741 | Lip loss: 0.0015378 | Grad norm: 1.363695 | Time: 17s202ms
Epoch: 015 | Test Loss: 0.0780527 | Time: 445ms
==> Save the model at epoch 015 with test loss 0.0780527
Epoch: 016 | Loss: 0.0899673 | L2 loss: 0.0884249 | Lip loss: 0.0015425 | Grad norm: 1.306169 | Time: 17s380ms
Epoch: 016 | Test Loss: 0.0780370 | Time: 456ms
==> Save the model at epoch 016 with test loss 0.0780370
Epoch: 017 | Loss: 0.0902367 | L2 loss: 0.0887337 | Lip loss: 0.0015030 | Grad norm: 1.328277 | Time: 16s873ms
Epoch: 017 | Test Loss: 0.0780170 | Time: 511ms
==> Save the model at epoch 017 with test loss 0.0780170
Epoch: 018 | Loss: 0.0899533 | L2 loss: 0.0884201 | Lip loss: 0.0015332 | Grad norm: 1.333978 | Time: 17s300ms
Epoch: 018 | Test Loss: 0.0779928 | Time: 438ms
==> Save the model at epoch 018 with test loss 0.0779928
Epoch: 019 | Loss: 0.0899631 | L2 loss: 0.0884253 | Lip loss: 0.0015378 | Grad norm: 1.283120 | Time: 17s584ms
Epoch: 019 | Test Loss: 0.0779729 | Time: 441ms
==> Save the model at epoch 019 with test loss 0.0779729
Epoch: 020 | Loss: 0.0898978 | L2 loss: 0.0883431 | Lip loss: 0.0015547 | Grad norm: 1.334953 | Time: 17s118ms
Epoch: 020 | Test Loss: 0.0779505 | Time: 449ms
==> Save the model at epoch 020 with test loss 0.0779505
Epoch: 021 | Loss: 0.0898555 | L2 loss: 0.0883302 | Lip loss: 0.0015252 | Grad norm: 1.333269 | Time: 17s335ms
Epoch: 021 | Test Loss: 0.0779492 | Time: 459ms
==> Save the model at epoch 021 with test loss 0.0779492
Epoch: 022 | Loss: 0.0898632 | L2 loss: 0.0883356 | Lip loss: 0.0015276 | Grad norm: 1.354543 | Time: 17s175ms
Epoch: 022 | Test Loss: 0.0779483 | Time: 446ms
==> Save the model at epoch 022 with test loss 0.0779483
Epoch: 023 | Loss: 0.0898918 | L2 loss: 0.0883599 | Lip loss: 0.0015319 | Grad norm: 1.335447 | Time: 17s481ms
Epoch: 023 | Test Loss: 0.0779472 | Time: 455ms
==> Save the model at epoch 023 with test loss 0.0779472
Epoch: 024 | Loss: 0.0900875 | L2 loss: 0.0885679 | Lip loss: 0.0015196 | Grad norm: 1.310737 | Time: 16s849ms
Epoch: 024 | Test Loss: 0.0779463 | Time: 508ms
==> Save the model at epoch 024 with test loss 0.0779463
Epoch: 025 | Loss: 0.0898954 | L2 loss: 0.0883668 | Lip loss: 0.0015285 | Grad norm: 1.297233 | Time: 17s409ms
Epoch: 025 | Test Loss: 0.0779444 | Time: 453ms
==> Save the model at epoch 025 with test loss 0.0779444
Epoch: 026 | Loss: 0.0902226 | L2 loss: 0.0886989 | Lip loss: 0.0015237 | Grad norm: 1.295155 | Time: 17s329ms
Epoch: 026 | Test Loss: 0.0779444 | Time: 467ms
==> Save the model at epoch 026 with test loss 0.0779444
Epoch: 027 | Loss: 0.0909448 | L2 loss: 0.0894181 | Lip loss: 0.0015267 | Grad norm: 1.337031 | Time: 17s106ms
Epoch: 027 | Test Loss: 0.0779444 | Time: 445ms
==> Save the model at epoch 027 with test loss 0.0779444
Epoch: 028 | Loss: 0.0899469 | L2 loss: 0.0884031 | Lip loss: 0.0015438 | Grad norm: 1.399814 | Time: 17s619ms
Epoch: 028 | Test Loss: 0.0779443 | Time: 451ms
==> Save the model at epoch 028 with test loss 0.0779443
Epoch: 029 | Loss: 0.0899102 | L2 loss: 0.0883814 | Lip loss: 0.0015289 | Grad norm: 1.362041 | Time: 17s701ms
Epoch: 029 | Test Loss: 0.0779443 | Time: 443ms
==> Save the model at epoch 029 with test loss 0.0779443
Epoch: 030 | Loss: 0.0898684 | L2 loss: 0.0883363 | Lip loss: 0.0015321 | Grad norm: 1.337390 | Time: 17s677ms
Epoch: 030 | Test Loss: 0.0779443 | Time: 453ms
==> Save the model at epoch 030 with test loss 0.0779443
Epoch: 031 | Loss: 0.0898633 | L2 loss: 0.0883352 | Lip loss: 0.0015280 | Grad norm: 1.356573 | Time: 17s204ms
Epoch: 031 | Test Loss: 0.0779443 | Time: 434ms
Epoch: 032 | Loss: 0.0899248 | L2 loss: 0.0883691 | Lip loss: 0.0015557 | Grad norm: 1.338709 | Time: 17s317ms
Epoch: 032 | Test Loss: 0.0779443 | Time: 438ms
==> Save the model at epoch 032 with test loss 0.0779443
Epoch: 033 | Loss: 0.0898087 | L2 loss: 0.0883191 | Lip loss: 0.0014895 | Grad norm: 1.325956 | Time: 17s71ms
Epoch: 033 | Test Loss: 0.0779443 | Time: 439ms
==> Save the model at epoch 033 with test loss 0.0779443
Epoch: 034 | Loss: 0.0902085 | L2 loss: 0.0886470 | Lip loss: 0.0015615 | Grad norm: 1.360095 | Time: 17s408ms
Epoch: 034 | Test Loss: 0.0779443 | Time: 442ms
==> Save the model at epoch 034 with test loss 0.0779443
Epoch: 035 | Loss: 0.0898963 | L2 loss: 0.0883360 | Lip loss: 0.0015603 | Grad norm: 1.317509 | Time: 17s91ms
Epoch: 035 | Test Loss: 0.0779443 | Time: 439ms
Epoch: 036 | Loss: 0.0898595 | L2 loss: 0.0883183 | Lip loss: 0.0015412 | Grad norm: 1.360964 | Time: 17s196ms
Epoch: 036 | Test Loss: 0.0779443 | Time: 507ms
Epoch: 037 | Loss: 0.0899222 | L2 loss: 0.0883641 | Lip loss: 0.0015581 | Grad norm: 1.259158 | Time: 17s485ms
Epoch: 037 | Test Loss: 0.0779443 | Time: 513ms
Epoch: 038 | Loss: 0.0898297 | L2 loss: 0.0883275 | Lip loss: 0.0015022 | Grad norm: 1.310905 | Time: 17s128ms
Epoch: 038 | Test Loss: 0.0779443 | Time: 450ms
Epoch: 039 | Loss: 0.0900068 | L2 loss: 0.0884883 | Lip loss: 0.0015184 | Grad norm: 1.356295 | Time: 17s134ms
Epoch: 039 | Test Loss: 0.0779443 | Time: 450ms
Epoch: 040 | Loss: 0.0898322 | L2 loss: 0.0883311 | Lip loss: 0.0015011 | Grad norm: 1.355653 | Time: 17s438ms
Epoch: 040 | Test Loss: 0.0779443 | Time: 434ms
Total time: 11m52s
==> Saving trained model weights...
==> Input bias to be applied to the neural network (trained):
[0. 0.]
==> Input transform to be applied to the neural network (trained):
[1. 1.]
==> Output transform to be applied to the neural network (trained):
[1. 1.]
==> Saving training info...
==> Drawing training loss...
==> Drawing grad norm...
==> Drawing testing loss...
==> Drawing l2 loss...
==> Drawing lip loss...
==> Process finished.
