==> torch device:  cuda:1
==> Test-Train split: test_ratio = 0.20
==> Test-Train split seed:  None
==> Further split: further_train_ratio = 1.00
==> Further split seed:  None
==> Input bias to be applied to the neural network:
[0. 0.]
==> Input transform to be applied to the neural network:
[0.496845   0.52004784]
==> Ouput transform to be applied to the neural network:
[1.9242 2.0182]
==> Evaluating model...
==========================================================================================
Layer (type:depth-idx)                   Output Shape              Param #
==========================================================================================
NeuralNetwork                            [1, 2]                    6
├─Sequential: 1-1                        [1, 2]                    --
│    └─Linear: 2-1                       [1, 64]                   192
│    └─ReLU: 2-2                         [1, 64]                   --
│    └─Linear: 2-3                       [1, 64]                   4,160
│    └─ReLU: 2-4                         [1, 64]                   --
│    └─Linear: 2-5                       [1, 64]                   4,160
│    └─ReLU: 2-6                         [1, 64]                   --
│    └─Linear: 2-7                       [1, 64]                   4,160
│    └─ReLU: 2-8                         [1, 64]                   --
│    └─Linear: 2-9                       [1, 64]                   4,160
│    └─ReLU: 2-10                        [1, 64]                   --
│    └─Linear: 2-11                      [1, 64]                   4,160
│    └─ReLU: 2-12                        [1, 64]                   --
│    └─Linear: 2-13                      [1, 64]                   4,160
│    └─ReLU: 2-14                        [1, 64]                   --
│    └─Linear: 2-15                      [1, 2]                    130
├─Sequential: 1-2                        [1, 2]                    (recursive)
│    └─Linear: 2-16                      [1, 64]                   (recursive)
│    └─ReLU: 2-17                        [1, 64]                   --
│    └─Linear: 2-18                      [1, 64]                   (recursive)
│    └─ReLU: 2-19                        [1, 64]                   --
│    └─Linear: 2-20                      [1, 64]                   (recursive)
│    └─ReLU: 2-21                        [1, 64]                   --
│    └─Linear: 2-22                      [1, 64]                   (recursive)
│    └─ReLU: 2-23                        [1, 64]                   --
│    └─Linear: 2-24                      [1, 64]                   (recursive)
│    └─ReLU: 2-25                        [1, 64]                   --
│    └─Linear: 2-26                      [1, 64]                   (recursive)
│    └─ReLU: 2-27                        [1, 64]                   --
│    └─Linear: 2-28                      [1, 64]                   (recursive)
│    └─ReLU: 2-29                        [1, 64]                   --
│    └─Linear: 2-30                      [1, 2]                    (recursive)
==========================================================================================
Total params: 25,288
Trainable params: 25,282
Non-trainable params: 6
Total mult-adds (Units.MEGABYTES): 0.05
==========================================================================================
Input size (MB): 0.00
Forward/backward pass size (MB): 0.01
Params size (MB): 0.10
Estimated Total Size (MB): 0.11
==========================================================================================
==> Saving initial model weights...
==> Start training...
==> Number of param_groups in optimizer: 1
Epoch: 001 | Train Loss: 7.7863888 | Grad norm: 0.223131 | Time: 4s112ms
Epoch: 001 | Test Loss: 7.7301995 | Time: 440ms
==> Save the model at epoch 001 with test loss 7.7301995
Epoch: 002 | Train Loss: 1.9507999 | Grad norm: 1.905145 | Time: 4s234ms
Epoch: 002 | Test Loss: 0.0803334 | Time: 450ms
==> Save the model at epoch 002 with test loss 0.0803334
Epoch: 003 | Train Loss: 0.0446175 | Grad norm: 1.414835 | Time: 4s333ms
Epoch: 003 | Test Loss: 0.0236311 | Time: 462ms
==> Save the model at epoch 003 with test loss 0.0236311
Epoch: 004 | Train Loss: 0.0185726 | Grad norm: 1.450631 | Time: 4s69ms
Epoch: 004 | Test Loss: 0.0185624 | Time: 447ms
==> Save the model at epoch 004 with test loss 0.0185624
Epoch: 005 | Train Loss: 0.0129993 | Grad norm: 1.445660 | Time: 4s201ms
Epoch: 005 | Test Loss: 0.0103485 | Time: 451ms
==> Save the model at epoch 005 with test loss 0.0103485
Epoch: 006 | Train Loss: 0.0138541 | Grad norm: 1.682056 | Time: 4s229ms
Epoch: 006 | Test Loss: 0.0110190 | Time: 512ms
Epoch: 007 | Train Loss: 0.0139679 | Grad norm: 1.682093 | Time: 4s50ms
Epoch: 007 | Test Loss: 0.0109409 | Time: 447ms
Epoch: 008 | Train Loss: 0.0123981 | Grad norm: 1.266638 | Time: 4s315ms
Epoch: 008 | Test Loss: 0.0120580 | Time: 525ms
Epoch: 009 | Train Loss: 0.0118806 | Grad norm: 1.194995 | Time: 3s963ms
Epoch: 009 | Test Loss: 0.0096113 | Time: 461ms
==> Save the model at epoch 009 with test loss 0.0096113
Epoch: 010 | Train Loss: 0.0115227 | Grad norm: 1.051693 | Time: 4s51ms
Epoch: 010 | Test Loss: 0.0112416 | Time: 446ms
Epoch: 011 | Train Loss: 0.0105242 | Grad norm: 0.840446 | Time: 4s95ms
Epoch: 011 | Test Loss: 0.0113269 | Time: 449ms
Epoch: 012 | Train Loss: 0.0103377 | Grad norm: 0.837172 | Time: 4s21ms
Epoch: 012 | Test Loss: 0.0134193 | Time: 446ms
Epoch: 013 | Train Loss: 0.0097834 | Grad norm: 0.764122 | Time: 4s79ms
Epoch: 013 | Test Loss: 0.0082889 | Time: 444ms
==> Save the model at epoch 013 with test loss 0.0082889
Epoch: 014 | Train Loss: 0.0096577 | Grad norm: 0.720368 | Time: 3s948ms
Epoch: 014 | Test Loss: 0.0101836 | Time: 518ms
Epoch: 015 | Train Loss: 0.0096431 | Grad norm: 0.726043 | Time: 4s160ms
Epoch: 015 | Test Loss: 0.0141655 | Time: 468ms
Epoch: 016 | Train Loss: 0.0092157 | Grad norm: 0.660968 | Time: 4s84ms
Epoch: 016 | Test Loss: 0.0123767 | Time: 438ms
Epoch: 017 | Train Loss: 0.0088060 | Grad norm: 0.575213 | Time: 4s288ms
Epoch: 017 | Test Loss: 0.0086101 | Time: 442ms
Epoch: 018 | Train Loss: 0.0089698 | Grad norm: 0.610395 | Time: 4s243ms
Epoch: 018 | Test Loss: 0.0088540 | Time: 509ms
Epoch: 019 | Train Loss: 0.0089992 | Grad norm: 0.616907 | Time: 3s953ms
Epoch: 019 | Test Loss: 0.0078953 | Time: 446ms
==> Save the model at epoch 019 with test loss 0.0078953
Epoch: 020 | Train Loss: 0.0083023 | Grad norm: 0.504179 | Time: 4s14ms
Epoch: 020 | Test Loss: 0.0078957 | Time: 473ms
Epoch: 021 | Train Loss: 0.0083896 | Grad norm: 0.517037 | Time: 3s994ms
Epoch: 021 | Test Loss: 0.0075968 | Time: 444ms
==> Save the model at epoch 021 with test loss 0.0075968
Epoch: 022 | Train Loss: 0.0086033 | Grad norm: 0.573427 | Time: 4s45ms
Epoch: 022 | Test Loss: 0.0093426 | Time: 511ms
Epoch: 023 | Train Loss: 0.0081971 | Grad norm: 0.509025 | Time: 4s33ms
Epoch: 023 | Test Loss: 0.0091455 | Time: 452ms
Epoch: 024 | Train Loss: 0.0079299 | Grad norm: 0.457924 | Time: 4s86ms
Epoch: 024 | Test Loss: 0.0074157 | Time: 459ms
==> Save the model at epoch 024 with test loss 0.0074157
Epoch: 025 | Train Loss: 0.0079424 | Grad norm: 0.466061 | Time: 4s97ms
Epoch: 025 | Test Loss: 0.0083992 | Time: 447ms
Epoch: 026 | Train Loss: 0.0078729 | Grad norm: 0.454005 | Time: 4s99ms
Epoch: 026 | Test Loss: 0.0087934 | Time: 460ms
Epoch: 027 | Train Loss: 0.0077420 | Grad norm: 0.437888 | Time: 4s196ms
Epoch: 027 | Test Loss: 0.0070799 | Time: 446ms
==> Save the model at epoch 027 with test loss 0.0070799
Epoch: 028 | Train Loss: 0.0074663 | Grad norm: 0.365145 | Time: 4s36ms
Epoch: 028 | Test Loss: 0.0071769 | Time: 444ms
Epoch: 029 | Train Loss: 0.0073177 | Grad norm: 0.338935 | Time: 3s813ms
Epoch: 029 | Test Loss: 0.0075091 | Time: 510ms
Epoch: 030 | Train Loss: 0.0072780 | Grad norm: 0.347546 | Time: 4s115ms
Epoch: 030 | Test Loss: 0.0072599 | Time: 460ms
Epoch: 031 | Train Loss: 0.0072025 | Grad norm: 0.319585 | Time: 4s98ms
Epoch: 031 | Test Loss: 0.0071150 | Time: 442ms
Epoch: 032 | Train Loss: 0.0070833 | Grad norm: 0.303848 | Time: 4s194ms
Epoch: 032 | Test Loss: 0.0068880 | Time: 444ms
==> Save the model at epoch 032 with test loss 0.0068880
Epoch: 033 | Train Loss: 0.0069868 | Grad norm: 0.264616 | Time: 4s64ms
Epoch: 033 | Test Loss: 0.0069763 | Time: 510ms
Epoch: 034 | Train Loss: 0.0069327 | Grad norm: 0.257686 | Time: 4s152ms
Epoch: 034 | Test Loss: 0.0070482 | Time: 444ms
Epoch: 035 | Train Loss: 0.0068664 | Grad norm: 0.240287 | Time: 3s991ms
Epoch: 035 | Test Loss: 0.0068167 | Time: 447ms
==> Save the model at epoch 035 with test loss 0.0068167
Epoch: 036 | Train Loss: 0.0068276 | Grad norm: 0.232717 | Time: 4s93ms
Epoch: 036 | Test Loss: 0.0067197 | Time: 444ms
==> Save the model at epoch 036 with test loss 0.0067197
Epoch: 037 | Train Loss: 0.0067584 | Grad norm: 0.198416 | Time: 4s141ms
Epoch: 037 | Test Loss: 0.0067056 | Time: 454ms
==> Save the model at epoch 037 with test loss 0.0067056
Epoch: 038 | Train Loss: 0.0067119 | Grad norm: 0.181023 | Time: 3s793ms
Epoch: 038 | Test Loss: 0.0067087 | Time: 447ms
Epoch: 039 | Train Loss: 0.0066898 | Grad norm: 0.173591 | Time: 4s43ms
Epoch: 039 | Test Loss: 0.0066437 | Time: 526ms
==> Save the model at epoch 039 with test loss 0.0066437
Epoch: 040 | Train Loss: 0.0066614 | Grad norm: 0.161587 | Time: 3s913ms
Epoch: 040 | Test Loss: 0.0066486 | Time: 510ms
Total time: 3m2s
==> Saving trained model weights...
==> Input bias to be applied to the neural network (trained):
[0. 0.]
==> Input transform to be applied to the neural network (trained):
[0.496845   0.52004784]
==> Output transform to be applied to the neural network (trained):
[1.9242 2.0182]
==> Saving training info...
==> Drawing training loss...
==> Drawing grad norm...
==> Drawing testing loss...
==> Process finished.
