==> torch device:  cuda:2
==> Input bias to be applied to the neural network:
[0. 0.]
==> Input transform to be applied to the neural network:
[1. 1.]
==> Ouput transform to be applied to the neural network:
[1. 1.]
==> Evaluating model...
==========================================================================================
Layer (type:depth-idx)                   Output Shape              Param #
==========================================================================================
NeuralNetwork                            [1, 2]                    6
├─Sequential: 1-1                        [1, 2]                    --
│    └─Linear: 2-1                       [1, 64]                   192
│    └─LeakyReLU: 2-2                    [1, 64]                   --
│    └─Linear: 2-3                       [1, 64]                   4,160
│    └─LeakyReLU: 2-4                    [1, 64]                   --
│    └─Linear: 2-5                       [1, 64]                   4,160
│    └─LeakyReLU: 2-6                    [1, 64]                   --
│    └─Linear: 2-7                       [1, 64]                   4,160
│    └─LeakyReLU: 2-8                    [1, 64]                   --
│    └─Linear: 2-9                       [1, 64]                   4,160
│    └─LeakyReLU: 2-10                   [1, 64]                   --
│    └─Linear: 2-11                      [1, 64]                   4,160
│    └─LeakyReLU: 2-12                   [1, 64]                   --
│    └─Linear: 2-13                      [1, 64]                   4,160
│    └─LeakyReLU: 2-14                   [1, 64]                   --
│    └─Linear: 2-15                      [1, 2]                    130
==========================================================================================
Total params: 25,288
Trainable params: 25,282
Non-trainable params: 6
Total mult-adds (M): 0.03
==========================================================================================
Input size (MB): 0.00
Forward/backward pass size (MB): 0.00
Params size (MB): 0.10
Estimated Total Size (MB): 0.10
==========================================================================================
==> Saving initial model weights...
==> Test-Train split: test_ratio = 0.20
==> Further split: further_train_ratio = 1.00
==> Start training...
Epoch: 001 | Loss: 2.6436492 | L2 loss: 2.6237545 | Lip loss: 0.0198948 | Grad norm: 14.946759 | Time: 46s871ms
Epoch: 001 | Test Loss: 0.0197150 | Time: 549ms
==> Save the model at epoch 001 with test loss 0.0197150
Epoch: 002 | Loss: 0.0527927 | L2 loss: 0.0322227 | Lip loss: 0.0205700 | Grad norm: 6.292641 | Time: 45s915ms
Epoch: 002 | Test Loss: 0.0214554 | Time: 604ms
Epoch: 003 | Loss: 0.0428150 | L2 loss: 0.0223249 | Lip loss: 0.0204900 | Grad norm: 3.806140 | Time: 51s91ms
Epoch: 003 | Test Loss: 0.0765667 | Time: 591ms
Epoch: 004 | Loss: 0.0390840 | L2 loss: 0.0186557 | Lip loss: 0.0204283 | Grad norm: 3.121734 | Time: 45s564ms
Epoch: 004 | Test Loss: 0.0131806 | Time: 546ms
==> Save the model at epoch 004 with test loss 0.0131806
Epoch: 005 | Loss: 0.0356840 | L2 loss: 0.0152904 | Lip loss: 0.0203936 | Grad norm: 2.501460 | Time: 45s494ms
Epoch: 005 | Test Loss: 0.0130228 | Time: 541ms
==> Save the model at epoch 005 with test loss 0.0130228
Epoch: 006 | Loss: 0.0278684 | L2 loss: 0.0076062 | Lip loss: 0.0202622 | Grad norm: 0.472156 | Time: 45s410ms
Epoch: 006 | Test Loss: 0.0077652 | Time: 549ms
==> Save the model at epoch 006 with test loss 0.0077652
Epoch: 007 | Loss: 0.0277558 | L2 loss: 0.0075333 | Lip loss: 0.0202224 | Grad norm: 0.484484 | Time: 45s264ms
Epoch: 007 | Test Loss: 0.0075682 | Time: 548ms
==> Save the model at epoch 007 with test loss 0.0075682
Epoch: 008 | Loss: 0.0277831 | L2 loss: 0.0075575 | Lip loss: 0.0202257 | Grad norm: 0.509599 | Time: 45s378ms
Epoch: 008 | Test Loss: 0.0081505 | Time: 607ms
Epoch: 009 | Loss: 0.0277840 | L2 loss: 0.0075529 | Lip loss: 0.0202312 | Grad norm: 0.510896 | Time: 45s248ms
Epoch: 009 | Test Loss: 0.0076448 | Time: 607ms
Epoch: 010 | Loss: 0.0277500 | L2 loss: 0.0075432 | Lip loss: 0.0202068 | Grad norm: 0.519807 | Time: 45s458ms
Epoch: 010 | Test Loss: 0.0075481 | Time: 546ms
==> Save the model at epoch 010 with test loss 0.0075481
Epoch: 011 | Loss: 0.0274339 | L2 loss: 0.0072302 | Lip loss: 0.0202037 | Grad norm: 0.307979 | Time: 46s186ms
Epoch: 011 | Test Loss: 0.0073392 | Time: 555ms
==> Save the model at epoch 011 with test loss 0.0073392
Epoch: 012 | Loss: 0.0274224 | L2 loss: 0.0072235 | Lip loss: 0.0201989 | Grad norm: 0.307356 | Time: 45s599ms
Epoch: 012 | Test Loss: 0.0073697 | Time: 550ms
Epoch: 013 | Loss: 0.0274300 | L2 loss: 0.0072235 | Lip loss: 0.0202064 | Grad norm: 0.308968 | Time: 45s930ms
Epoch: 013 | Test Loss: 0.0073663 | Time: 555ms
Epoch: 014 | Loss: 0.0274125 | L2 loss: 0.0072259 | Lip loss: 0.0201866 | Grad norm: 0.309608 | Time: 45s253ms
Epoch: 014 | Test Loss: 0.0073967 | Time: 567ms
Epoch: 015 | Loss: 0.0274249 | L2 loss: 0.0072290 | Lip loss: 0.0201959 | Grad norm: 0.323155 | Time: 45s283ms
Epoch: 015 | Test Loss: 0.0074045 | Time: 549ms
Epoch: 016 | Loss: 0.0273616 | L2 loss: 0.0071835 | Lip loss: 0.0201780 | Grad norm: 0.274840 | Time: 47s215ms
Epoch: 016 | Test Loss: 0.0073310 | Time: 611ms
==> Save the model at epoch 016 with test loss 0.0073310
Epoch: 017 | Loss: 0.0273704 | L2 loss: 0.0071804 | Lip loss: 0.0201900 | Grad norm: 0.267134 | Time: 47s29ms
Epoch: 017 | Test Loss: 0.0073388 | Time: 560ms
Epoch: 018 | Loss: 0.0273603 | L2 loss: 0.0071807 | Lip loss: 0.0201796 | Grad norm: 0.274626 | Time: 50s224ms
Epoch: 018 | Test Loss: 0.0073308 | Time: 554ms
==> Save the model at epoch 018 with test loss 0.0073308
Epoch: 019 | Loss: 0.0273699 | L2 loss: 0.0071781 | Lip loss: 0.0201918 | Grad norm: 0.273656 | Time: 45s191ms
Epoch: 019 | Test Loss: 0.0073308 | Time: 545ms
Epoch: 020 | Loss: 0.0273564 | L2 loss: 0.0071809 | Lip loss: 0.0201755 | Grad norm: 0.273704 | Time: 45s181ms
Epoch: 020 | Test Loss: 0.0073262 | Time: 549ms
==> Save the model at epoch 020 with test loss 0.0073262
Epoch: 021 | Loss: 0.0273569 | L2 loss: 0.0071737 | Lip loss: 0.0201831 | Grad norm: 0.266822 | Time: 45s236ms
Epoch: 021 | Test Loss: 0.0073229 | Time: 545ms
==> Save the model at epoch 021 with test loss 0.0073229
Epoch: 022 | Loss: 0.0273607 | L2 loss: 0.0071736 | Lip loss: 0.0201870 | Grad norm: 0.265010 | Time: 45s281ms
Epoch: 022 | Test Loss: 0.0073242 | Time: 605ms
Epoch: 023 | Loss: 0.0273567 | L2 loss: 0.0071742 | Lip loss: 0.0201825 | Grad norm: 0.259465 | Time: 46s188ms
Epoch: 023 | Test Loss: 0.0073230 | Time: 605ms
Epoch: 024 | Loss: 0.0273767 | L2 loss: 0.0071735 | Lip loss: 0.0202032 | Grad norm: 0.269217 | Time: 49s811ms
Epoch: 024 | Test Loss: 0.0073238 | Time: 559ms
Epoch: 025 | Loss: 0.0273619 | L2 loss: 0.0071734 | Lip loss: 0.0201885 | Grad norm: 0.257449 | Time: 49s517ms
Epoch: 025 | Test Loss: 0.0073231 | Time: 556ms
Epoch: 026 | Loss: 0.0273472 | L2 loss: 0.0071730 | Lip loss: 0.0201742 | Grad norm: 0.275859 | Time: 49s750ms
Epoch: 026 | Test Loss: 0.0073232 | Time: 567ms
Epoch: 027 | Loss: 0.0273664 | L2 loss: 0.0071731 | Lip loss: 0.0201933 | Grad norm: 0.264385 | Time: 49s869ms
Epoch: 027 | Test Loss: 0.0073233 | Time: 552ms
Epoch: 028 | Loss: 0.0273513 | L2 loss: 0.0071730 | Lip loss: 0.0201783 | Grad norm: 0.265166 | Time: 49s709ms
Epoch: 028 | Test Loss: 0.0073233 | Time: 566ms
Epoch: 029 | Loss: 0.0273681 | L2 loss: 0.0071729 | Lip loss: 0.0201952 | Grad norm: 0.264750 | Time: 49s148ms
Epoch: 029 | Test Loss: 0.0073233 | Time: 556ms
Epoch: 030 | Loss: 0.0273700 | L2 loss: 0.0071729 | Lip loss: 0.0201971 | Grad norm: 0.270316 | Time: 48s532ms
Epoch: 030 | Test Loss: 0.0073233 | Time: 557ms
Epoch: 031 | Loss: 0.0273654 | L2 loss: 0.0071728 | Lip loss: 0.0201927 | Grad norm: 0.269542 | Time: 48s997ms
Epoch: 031 | Test Loss: 0.0073233 | Time: 556ms
Epoch: 032 | Loss: 0.0273453 | L2 loss: 0.0071728 | Lip loss: 0.0201725 | Grad norm: 0.265541 | Time: 47s247ms
Epoch: 032 | Test Loss: 0.0073233 | Time: 569ms
Epoch: 033 | Loss: 0.0273594 | L2 loss: 0.0071728 | Lip loss: 0.0201866 | Grad norm: 0.270109 | Time: 48s652ms
Epoch: 033 | Test Loss: 0.0073233 | Time: 552ms
Epoch: 034 | Loss: 0.0273637 | L2 loss: 0.0071728 | Lip loss: 0.0201909 | Grad norm: 0.265355 | Time: 48s729ms
Epoch: 034 | Test Loss: 0.0073233 | Time: 616ms
Epoch: 035 | Loss: 0.0273695 | L2 loss: 0.0071728 | Lip loss: 0.0201967 | Grad norm: 0.263986 | Time: 45s261ms
Epoch: 035 | Test Loss: 0.0073233 | Time: 609ms
Epoch: 036 | Loss: 0.0273604 | L2 loss: 0.0071728 | Lip loss: 0.0201876 | Grad norm: 0.263738 | Time: 45s366ms
Epoch: 036 | Test Loss: 0.0073233 | Time: 542ms
Epoch: 037 | Loss: 0.0273834 | L2 loss: 0.0071728 | Lip loss: 0.0202106 | Grad norm: 0.265807 | Time: 45s345ms
Epoch: 037 | Test Loss: 0.0073233 | Time: 546ms
Epoch: 038 | Loss: 0.0273555 | L2 loss: 0.0071728 | Lip loss: 0.0201827 | Grad norm: 0.264909 | Time: 45s320ms
Epoch: 038 | Test Loss: 0.0073233 | Time: 549ms
Epoch: 039 | Loss: 0.0273566 | L2 loss: 0.0071728 | Lip loss: 0.0201838 | Grad norm: 0.266679 | Time: 49s643ms
Epoch: 039 | Test Loss: 0.0073233 | Time: 558ms
Epoch: 040 | Loss: 0.0273592 | L2 loss: 0.0071728 | Lip loss: 0.0201865 | Grad norm: 0.257592 | Time: 45s679ms
Epoch: 040 | Test Loss: 0.0073233 | Time: 605ms
Total time: 31m40s
==> Saving trained model weights...
==> Input bias to be applied to the neural network (trained):
[0. 0.]
==> Input transform to be applied to the neural network (trained):
[1. 1.]
==> Output transform to be applied to the neural network (trained):
[1. 1.]
==> Saving training info...
==> Drawing training loss...
==> Drawing grad norm...
==> Drawing testing loss...
==> Drawing l2 loss...
==> Drawing lip loss...
==> Process finished.
