==> torch device:  cuda:1
==> Test-Train split: test_ratio = 0.20
==> Test-Train split seed:  None
==> Further split: further_train_ratio = 0.50
==> Further split seed:  None
==> Input bias to be applied to the neural network:
[0. 0. 0. 0.]
==> Input transform to be applied to the neural network:
[1. 1. 1. 1.]
==> Ouput transform to be applied to the neural network:
[1. 1.]
==> Evaluating model...
==========================================================================================
Layer (type:depth-idx)                   Output Shape              Param #
==========================================================================================
NeuralNetwork                            [1, 2]                    10
├─Sequential: 1-1                        [1, 2]                    --
│    └─Linear: 2-1                       [1, 64]                   320
│    └─LeakyReLU: 2-2                    [1, 64]                   --
│    └─Linear: 2-3                       [1, 64]                   4,160
│    └─LeakyReLU: 2-4                    [1, 64]                   --
│    └─Linear: 2-5                       [1, 64]                   4,160
│    └─LeakyReLU: 2-6                    [1, 64]                   --
│    └─Linear: 2-7                       [1, 64]                   4,160
│    └─LeakyReLU: 2-8                    [1, 64]                   --
│    └─Linear: 2-9                       [1, 64]                   4,160
│    └─LeakyReLU: 2-10                   [1, 64]                   --
│    └─Linear: 2-11                      [1, 64]                   4,160
│    └─LeakyReLU: 2-12                   [1, 64]                   --
│    └─Linear: 2-13                      [1, 64]                   4,160
│    └─LeakyReLU: 2-14                   [1, 64]                   --
│    └─Linear: 2-15                      [1, 2]                    130
==========================================================================================
Total params: 25,420
Trainable params: 25,410
Non-trainable params: 10
Total mult-adds (Units.MEGABYTES): 0.03
==========================================================================================
Input size (MB): 0.00
Forward/backward pass size (MB): 0.00
Params size (MB): 0.10
Estimated Total Size (MB): 0.11
==========================================================================================
==> Saving initial model weights...
==> Start training...
Epoch: 001 | Loss: 0.0010954 | L2 loss: 0.0010954 | Lip loss: 0.0000000 | Grad norm: 0.020472 | Time: 17s459ms
Epoch: 001 | Test Loss: 0.0003211 | Time: 647ms
==> Save the model at epoch 001 with test loss 0.0003211
Epoch: 002 | Loss: 0.0001311 | L2 loss: 0.0001310 | Lip loss: 0.0000001 | Grad norm: 0.005967 | Time: 17s56ms
Epoch: 002 | Test Loss: 0.0000763 | Time: 504ms
==> Save the model at epoch 002 with test loss 0.0000763
Epoch: 003 | Loss: 0.0000751 | L2 loss: 0.0000750 | Lip loss: 0.0000001 | Grad norm: 0.004348 | Time: 16s738ms
Epoch: 003 | Test Loss: 0.0000706 | Time: 575ms
==> Save the model at epoch 003 with test loss 0.0000706
Epoch: 004 | Loss: 0.0000721 | L2 loss: 0.0000720 | Lip loss: 0.0000001 | Grad norm: 0.003691 | Time: 17s204ms
Epoch: 004 | Test Loss: 0.0000716 | Time: 516ms
Epoch: 005 | Loss: 0.0000723 | L2 loss: 0.0000722 | Lip loss: 0.0000001 | Grad norm: 0.004181 | Time: 17s612ms
Epoch: 005 | Test Loss: 0.0000789 | Time: 512ms
Epoch: 006 | Loss: 0.0000679 | L2 loss: 0.0000678 | Lip loss: 0.0000001 | Grad norm: 0.001802 | Time: 17s175ms
Epoch: 006 | Test Loss: 0.0000673 | Time: 504ms
==> Save the model at epoch 006 with test loss 0.0000673
Epoch: 007 | Loss: 0.0000676 | L2 loss: 0.0000675 | Lip loss: 0.0000001 | Grad norm: 0.001730 | Time: 17s180ms
Epoch: 007 | Test Loss: 0.0000676 | Time: 533ms
Epoch: 008 | Loss: 0.0000676 | L2 loss: 0.0000675 | Lip loss: 0.0000001 | Grad norm: 0.001837 | Time: 17s666ms
Epoch: 008 | Test Loss: 0.0000677 | Time: 505ms
Epoch: 009 | Loss: 0.0000676 | L2 loss: 0.0000675 | Lip loss: 0.0000001 | Grad norm: 0.001787 | Time: 17s452ms
Epoch: 009 | Test Loss: 0.0000675 | Time: 529ms
Epoch: 010 | Loss: 0.0000675 | L2 loss: 0.0000674 | Lip loss: 0.0000001 | Grad norm: 0.001866 | Time: 16s921ms
Epoch: 010 | Test Loss: 0.0000670 | Time: 602ms
==> Save the model at epoch 010 with test loss 0.0000670
Epoch: 011 | Loss: 0.0000670 | L2 loss: 0.0000669 | Lip loss: 0.0000001 | Grad norm: 0.001406 | Time: 17s400ms
Epoch: 011 | Test Loss: 0.0000668 | Time: 501ms
==> Save the model at epoch 011 with test loss 0.0000668
Epoch: 012 | Loss: 0.0000669 | L2 loss: 0.0000668 | Lip loss: 0.0000001 | Grad norm: 0.001352 | Time: 17s66ms
Epoch: 012 | Test Loss: 0.0000668 | Time: 513ms
Epoch: 013 | Loss: 0.0000669 | L2 loss: 0.0000668 | Lip loss: 0.0000001 | Grad norm: 0.001380 | Time: 16s986ms
Epoch: 013 | Test Loss: 0.0000668 | Time: 510ms
Epoch: 014 | Loss: 0.0000669 | L2 loss: 0.0000668 | Lip loss: 0.0000001 | Grad norm: 0.001389 | Time: 17s154ms
Epoch: 014 | Test Loss: 0.0000669 | Time: 508ms
Epoch: 015 | Loss: 0.0000669 | L2 loss: 0.0000668 | Lip loss: 0.0000001 | Grad norm: 0.001398 | Time: 17s551ms
Epoch: 015 | Test Loss: 0.0000668 | Time: 515ms
==> Save the model at epoch 015 with test loss 0.0000668
Epoch: 016 | Loss: 0.0000668 | L2 loss: 0.0000668 | Lip loss: 0.0000001 | Grad norm: 0.001322 | Time: 17s136ms
Epoch: 016 | Test Loss: 0.0000668 | Time: 519ms
==> Save the model at epoch 016 with test loss 0.0000668
Epoch: 017 | Loss: 0.0000668 | L2 loss: 0.0000667 | Lip loss: 0.0000001 | Grad norm: 0.001386 | Time: 17s413ms
Epoch: 017 | Test Loss: 0.0000668 | Time: 580ms
==> Save the model at epoch 017 with test loss 0.0000668
Epoch: 018 | Loss: 0.0000668 | L2 loss: 0.0000667 | Lip loss: 0.0000001 | Grad norm: 0.001290 | Time: 17s268ms
Epoch: 018 | Test Loss: 0.0000668 | Time: 513ms
Epoch: 019 | Loss: 0.0000668 | L2 loss: 0.0000667 | Lip loss: 0.0000001 | Grad norm: 0.001333 | Time: 17s673ms
Epoch: 019 | Test Loss: 0.0000668 | Time: 595ms
Epoch: 020 | Loss: 0.0000668 | L2 loss: 0.0000667 | Lip loss: 0.0000001 | Grad norm: 0.001294 | Time: 17s41ms
Epoch: 020 | Test Loss: 0.0000668 | Time: 513ms
Epoch: 021 | Loss: 0.0000668 | L2 loss: 0.0000667 | Lip loss: 0.0000001 | Grad norm: 0.001307 | Time: 17s699ms
Epoch: 021 | Test Loss: 0.0000668 | Time: 530ms
Epoch: 022 | Loss: 0.0000668 | L2 loss: 0.0000667 | Lip loss: 0.0000001 | Grad norm: 0.001258 | Time: 16s945ms
Epoch: 022 | Test Loss: 0.0000668 | Time: 513ms
Epoch: 023 | Loss: 0.0000668 | L2 loss: 0.0000667 | Lip loss: 0.0000001 | Grad norm: 0.001339 | Time: 16s783ms
Epoch: 023 | Test Loss: 0.0000668 | Time: 514ms
Epoch: 024 | Loss: 0.0000668 | L2 loss: 0.0000667 | Lip loss: 0.0000001 | Grad norm: 0.001299 | Time: 17s240ms
Epoch: 024 | Test Loss: 0.0000668 | Time: 587ms
Epoch: 025 | Loss: 0.0000668 | L2 loss: 0.0000667 | Lip loss: 0.0000001 | Grad norm: 0.001270 | Time: 17s290ms
Epoch: 025 | Test Loss: 0.0000668 | Time: 508ms
Epoch: 026 | Loss: 0.0000668 | L2 loss: 0.0000667 | Lip loss: 0.0000001 | Grad norm: 0.001311 | Time: 17s699ms
Epoch: 026 | Test Loss: 0.0000668 | Time: 508ms
Epoch: 027 | Loss: 0.0000668 | L2 loss: 0.0000667 | Lip loss: 0.0000001 | Grad norm: 0.001222 | Time: 17s14ms
Epoch: 027 | Test Loss: 0.0000668 | Time: 525ms
Epoch: 028 | Loss: 0.0000668 | L2 loss: 0.0000667 | Lip loss: 0.0000001 | Grad norm: 0.001314 | Time: 16s378ms
Epoch: 028 | Test Loss: 0.0000668 | Time: 528ms
Epoch: 029 | Loss: 0.0000668 | L2 loss: 0.0000667 | Lip loss: 0.0000001 | Grad norm: 0.001300 | Time: 17s554ms
Epoch: 029 | Test Loss: 0.0000668 | Time: 527ms
Epoch: 030 | Loss: 0.0000668 | L2 loss: 0.0000667 | Lip loss: 0.0000001 | Grad norm: 0.001286 | Time: 17s449ms
Epoch: 030 | Test Loss: 0.0000668 | Time: 514ms
Epoch: 031 | Loss: 0.0000668 | L2 loss: 0.0000667 | Lip loss: 0.0000001 | Grad norm: 0.001305 | Time: 17s255ms
Epoch: 031 | Test Loss: 0.0000668 | Time: 512ms
Epoch: 032 | Loss: 0.0000668 | L2 loss: 0.0000667 | Lip loss: 0.0000001 | Grad norm: 0.001383 | Time: 16s932ms
Epoch: 032 | Test Loss: 0.0000668 | Time: 529ms
Epoch: 033 | Loss: 0.0000668 | L2 loss: 0.0000667 | Lip loss: 0.0000001 | Grad norm: 0.001312 | Time: 17s397ms
Epoch: 033 | Test Loss: 0.0000668 | Time: 512ms
Epoch: 034 | Loss: 0.0000668 | L2 loss: 0.0000667 | Lip loss: 0.0000001 | Grad norm: 0.001311 | Time: 18s23ms
Epoch: 034 | Test Loss: 0.0000668 | Time: 500ms
Epoch: 035 | Loss: 0.0000668 | L2 loss: 0.0000667 | Lip loss: 0.0000001 | Grad norm: 0.001192 | Time: 17s21ms
Epoch: 035 | Test Loss: 0.0000668 | Time: 513ms
Epoch: 036 | Loss: 0.0000668 | L2 loss: 0.0000667 | Lip loss: 0.0000001 | Grad norm: 0.001317 | Time: 17s90ms
Epoch: 036 | Test Loss: 0.0000668 | Time: 575ms
Epoch: 037 | Loss: 0.0000668 | L2 loss: 0.0000667 | Lip loss: 0.0000001 | Grad norm: 0.001286 | Time: 17s565ms
Epoch: 037 | Test Loss: 0.0000668 | Time: 506ms
Epoch: 038 | Loss: 0.0000668 | L2 loss: 0.0000667 | Lip loss: 0.0000001 | Grad norm: 0.001302 | Time: 17s376ms
Epoch: 038 | Test Loss: 0.0000668 | Time: 585ms
Epoch: 039 | Loss: 0.0000668 | L2 loss: 0.0000667 | Lip loss: 0.0000001 | Grad norm: 0.001328 | Time: 17s852ms
Epoch: 039 | Test Loss: 0.0000668 | Time: 520ms
Epoch: 040 | Loss: 0.0000668 | L2 loss: 0.0000667 | Lip loss: 0.0000001 | Grad norm: 0.001281 | Time: 17s443ms
Epoch: 040 | Test Loss: 0.0000668 | Time: 517ms
Total time: 11m52s
==> Saving trained model weights...
==> Input bias to be applied to the neural network (trained):
[0. 0. 0. 0.]
==> Input transform to be applied to the neural network (trained):
[1. 1. 1. 1.]
==> Output transform to be applied to the neural network (trained):
[1. 1.]
==> Saving training info...
==> Drawing training loss...
==> Drawing grad norm...
==> Drawing testing loss...
==> Drawing l2 loss...
==> Drawing lip loss...
==> Process finished.
