==> torch device:  cuda:3
==> Test-Train split: test_ratio = 0.20
==> Test-Train split seed:  None
==> Further split: further_train_ratio = 0.25
==> Further split seed:  None
==> Input bias to be applied to the neural network:
[0. 0.]
==> Input transform to be applied to the neural network:
[0.5576312  0.56041247]
==> Ouput transform to be applied to the neural network:
[1.7847 1.7916]
==> Evaluating model...
==========================================================================================
Layer (type:depth-idx)                   Output Shape              Param #
==========================================================================================
NeuralNetwork                            [1, 2]                    6
├─Sequential: 1-1                        [1, 2]                    --
│    └─Linear: 2-1                       [1, 64]                   192
│    └─ReLU: 2-2                         [1, 64]                   --
│    └─Linear: 2-3                       [1, 64]                   4,160
│    └─ReLU: 2-4                         [1, 64]                   --
│    └─Linear: 2-5                       [1, 64]                   4,160
│    └─ReLU: 2-6                         [1, 64]                   --
│    └─Linear: 2-7                       [1, 64]                   4,160
│    └─ReLU: 2-8                         [1, 64]                   --
│    └─Linear: 2-9                       [1, 64]                   4,160
│    └─ReLU: 2-10                        [1, 64]                   --
│    └─Linear: 2-11                      [1, 64]                   4,160
│    └─ReLU: 2-12                        [1, 64]                   --
│    └─Linear: 2-13                      [1, 64]                   4,160
│    └─ReLU: 2-14                        [1, 64]                   --
│    └─Linear: 2-15                      [1, 2]                    130
├─Sequential: 1-2                        [1, 2]                    (recursive)
│    └─Linear: 2-16                      [1, 64]                   (recursive)
│    └─ReLU: 2-17                        [1, 64]                   --
│    └─Linear: 2-18                      [1, 64]                   (recursive)
│    └─ReLU: 2-19                        [1, 64]                   --
│    └─Linear: 2-20                      [1, 64]                   (recursive)
│    └─ReLU: 2-21                        [1, 64]                   --
│    └─Linear: 2-22                      [1, 64]                   (recursive)
│    └─ReLU: 2-23                        [1, 64]                   --
│    └─Linear: 2-24                      [1, 64]                   (recursive)
│    └─ReLU: 2-25                        [1, 64]                   --
│    └─Linear: 2-26                      [1, 64]                   (recursive)
│    └─ReLU: 2-27                        [1, 64]                   --
│    └─Linear: 2-28                      [1, 64]                   (recursive)
│    └─ReLU: 2-29                        [1, 64]                   --
│    └─Linear: 2-30                      [1, 2]                    (recursive)
==========================================================================================
Total params: 25,288
Trainable params: 25,282
Non-trainable params: 6
Total mult-adds (Units.MEGABYTES): 0.05
==========================================================================================
Input size (MB): 0.00
Forward/backward pass size (MB): 0.01
Params size (MB): 0.10
Estimated Total Size (MB): 0.11
==========================================================================================
==> Saving initial model weights...
==> Start training...
==> Number of param_groups in optimizer: 1
Epoch: 001 | Train Loss: 6.4316531 | Grad norm: 0.220194 | Time: 1s959ms
Epoch: 001 | Test Loss: 6.3808825 | Time: 770ms
==> Save the model at epoch 001 with test loss 6.3808825
Epoch: 002 | Train Loss: 3.9069084 | Grad norm: 2.525274 | Time: 1s754ms
Epoch: 002 | Test Loss: 0.0528392 | Time: 810ms
==> Save the model at epoch 002 with test loss 0.0528392
Epoch: 003 | Train Loss: 0.0088686 | Grad norm: 0.320169 | Time: 1s651ms
Epoch: 003 | Test Loss: 0.0040150 | Time: 760ms
==> Save the model at epoch 003 with test loss 0.0040150
Epoch: 004 | Train Loss: 0.0038132 | Grad norm: 0.201925 | Time: 1s547ms
Epoch: 004 | Test Loss: 0.0039305 | Time: 771ms
==> Save the model at epoch 004 with test loss 0.0039305
Epoch: 005 | Train Loss: 0.0035932 | Grad norm: 0.236692 | Time: 1s725ms
Epoch: 005 | Test Loss: 0.0033057 | Time: 738ms
==> Save the model at epoch 005 with test loss 0.0033057
Epoch: 006 | Train Loss: 0.0036262 | Grad norm: 0.280875 | Time: 1s652ms
Epoch: 006 | Test Loss: 0.0048132 | Time: 767ms
Epoch: 007 | Train Loss: 0.0037176 | Grad norm: 0.318232 | Time: 1s600ms
Epoch: 007 | Test Loss: 0.0037161 | Time: 876ms
Epoch: 008 | Train Loss: 0.0040503 | Grad norm: 0.390309 | Time: 1s671ms
Epoch: 008 | Test Loss: 0.0046741 | Time: 746ms
Epoch: 009 | Train Loss: 0.0040013 | Grad norm: 0.378844 | Time: 1s732ms
Epoch: 009 | Test Loss: 0.0048574 | Time: 814ms
Epoch: 010 | Train Loss: 0.0036727 | Grad norm: 0.323229 | Time: 1s651ms
Epoch: 010 | Test Loss: 0.0034422 | Time: 743ms
Epoch: 011 | Train Loss: 0.0034658 | Grad norm: 0.281361 | Time: 1s670ms
Epoch: 011 | Test Loss: 0.0040912 | Time: 750ms
Epoch: 012 | Train Loss: 0.0035687 | Grad norm: 0.315266 | Time: 1s794ms
Epoch: 012 | Test Loss: 0.0043195 | Time: 749ms
Epoch: 013 | Train Loss: 0.0036482 | Grad norm: 0.321283 | Time: 1s625ms
Epoch: 013 | Test Loss: 0.0042592 | Time: 758ms
Epoch: 014 | Train Loss: 0.0036365 | Grad norm: 0.339374 | Time: 1s763ms
Epoch: 014 | Test Loss: 0.0032478 | Time: 818ms
==> Save the model at epoch 014 with test loss 0.0032478
Epoch: 015 | Train Loss: 0.0034312 | Grad norm: 0.279485 | Time: 1s861ms
Epoch: 015 | Test Loss: 0.0032217 | Time: 771ms
==> Save the model at epoch 015 with test loss 0.0032217
Epoch: 016 | Train Loss: 0.0033153 | Grad norm: 0.261253 | Time: 1s624ms
Epoch: 016 | Test Loss: 0.0035612 | Time: 757ms
Epoch: 017 | Train Loss: 0.0030926 | Grad norm: 0.207066 | Time: 1s860ms
Epoch: 017 | Test Loss: 0.0048550 | Time: 744ms
Epoch: 018 | Train Loss: 0.0032920 | Grad norm: 0.243749 | Time: 1s775ms
Epoch: 018 | Test Loss: 0.0034347 | Time: 760ms
Epoch: 019 | Train Loss: 0.0032274 | Grad norm: 0.246279 | Time: 1s698ms
Epoch: 019 | Test Loss: 0.0032635 | Time: 857ms
Epoch: 020 | Train Loss: 0.0032637 | Grad norm: 0.245321 | Time: 1s658ms
Epoch: 020 | Test Loss: 0.0036807 | Time: 763ms
Epoch: 021 | Train Loss: 0.0031669 | Grad norm: 0.225618 | Time: 1s769ms
Epoch: 021 | Test Loss: 0.0033988 | Time: 861ms
Epoch: 022 | Train Loss: 0.0030677 | Grad norm: 0.206104 | Time: 1s812ms
Epoch: 022 | Test Loss: 0.0033832 | Time: 800ms
Epoch: 023 | Train Loss: 0.0031110 | Grad norm: 0.220575 | Time: 1s719ms
Epoch: 023 | Test Loss: 0.0031327 | Time: 822ms
==> Save the model at epoch 023 with test loss 0.0031327
Epoch: 024 | Train Loss: 0.0030190 | Grad norm: 0.190867 | Time: 1s849ms
Epoch: 024 | Test Loss: 0.0033729 | Time: 770ms
Epoch: 025 | Train Loss: 0.0029899 | Grad norm: 0.180626 | Time: 1s696ms
Epoch: 025 | Test Loss: 0.0030081 | Time: 746ms
==> Save the model at epoch 025 with test loss 0.0030081
Epoch: 026 | Train Loss: 0.0029904 | Grad norm: 0.182051 | Time: 1s674ms
Epoch: 026 | Test Loss: 0.0033009 | Time: 823ms
Epoch: 027 | Train Loss: 0.0029415 | Grad norm: 0.172882 | Time: 1s664ms
Epoch: 027 | Test Loss: 0.0033980 | Time: 819ms
Epoch: 028 | Train Loss: 0.0029138 | Grad norm: 0.159714 | Time: 1s772ms
Epoch: 028 | Test Loss: 0.0031831 | Time: 753ms
Epoch: 029 | Train Loss: 0.0028571 | Grad norm: 0.138876 | Time: 1s757ms
Epoch: 029 | Test Loss: 0.0028560 | Time: 955ms
==> Save the model at epoch 029 with test loss 0.0028560
Epoch: 030 | Train Loss: 0.0028376 | Grad norm: 0.136955 | Time: 1s644ms
Epoch: 030 | Test Loss: 0.0029036 | Time: 761ms
Epoch: 031 | Train Loss: 0.0028027 | Grad norm: 0.123051 | Time: 1s470ms
Epoch: 031 | Test Loss: 0.0028211 | Time: 757ms
==> Save the model at epoch 031 with test loss 0.0028211
Epoch: 032 | Train Loss: 0.0027669 | Grad norm: 0.107982 | Time: 1s478ms
Epoch: 032 | Test Loss: 0.0027932 | Time: 741ms
==> Save the model at epoch 032 with test loss 0.0027932
Epoch: 033 | Train Loss: 0.0027711 | Grad norm: 0.114642 | Time: 1s836ms
Epoch: 033 | Test Loss: 0.0027459 | Time: 836ms
==> Save the model at epoch 033 with test loss 0.0027459
Epoch: 034 | Train Loss: 0.0027520 | Grad norm: 0.104879 | Time: 1s641ms
Epoch: 034 | Test Loss: 0.0028628 | Time: 761ms
Epoch: 035 | Train Loss: 0.0027445 | Grad norm: 0.101470 | Time: 1s798ms
Epoch: 035 | Test Loss: 0.0028172 | Time: 782ms
Epoch: 036 | Train Loss: 0.0027222 | Grad norm: 0.091369 | Time: 1s873ms
Epoch: 036 | Test Loss: 0.0027530 | Time: 759ms
Epoch: 037 | Train Loss: 0.0027083 | Grad norm: 0.078047 | Time: 1s623ms
Epoch: 037 | Test Loss: 0.0027400 | Time: 766ms
==> Save the model at epoch 037 with test loss 0.0027400
Epoch: 038 | Train Loss: 0.0026934 | Grad norm: 0.071848 | Time: 1s643ms
Epoch: 038 | Test Loss: 0.0027349 | Time: 817ms
==> Save the model at epoch 038 with test loss 0.0027349
Epoch: 039 | Train Loss: 0.0026876 | Grad norm: 0.067807 | Time: 1s756ms
Epoch: 039 | Test Loss: 0.0027223 | Time: 779ms
==> Save the model at epoch 039 with test loss 0.0027223
Epoch: 040 | Train Loss: 0.0026830 | Grad norm: 0.062741 | Time: 1s606ms
Epoch: 040 | Test Loss: 0.0027140 | Time: 898ms
==> Save the model at epoch 040 with test loss 0.0027140
Total time: 1m39s
==> Saving trained model weights...
==> Input bias to be applied to the neural network (trained):
[0. 0.]
==> Input transform to be applied to the neural network (trained):
[0.5576312  0.56041247]
==> Output transform to be applied to the neural network (trained):
[1.7847 1.7916]
==> Saving training info...
==> Drawing training loss...
==> Drawing grad norm...
==> Drawing testing loss...
==> Process finished.
