==> torch device:  cuda:1
==> Test-Train split: test_ratio = 0.20
==> Test-Train split seed:  None
==> Further split: further_train_ratio = 0.50
==> Further split seed:  None
==> Lipschitz constant: 4.00
==> Input bias to be applied to the neural network:
[0. 0.]
==> Input transform to be applied to the neural network:
[0.48014596 0.48395684]
==> Ouput transform to be applied to the neural network:
[2.0663 2.0805]
==> Evaluating model...
==========================================================================================
Layer (type:depth-idx)                   Output Shape              Param #
==========================================================================================
NeuralNetwork                            [1, 2]                    6
├─Sequential: 1-1                        [1, 2]                    --
│    └─SandwichFc: 2-1                   [1, 64]                   4,353
│    └─SandwichFc: 2-2                   [1, 64]                   8,321
│    └─SandwichFc: 2-3                   [1, 64]                   8,321
│    └─SandwichFc: 2-4                   [1, 64]                   8,321
│    └─SandwichFc: 2-5                   [1, 64]                   8,321
│    └─SandwichFc: 2-6                   [1, 64]                   8,321
│    └─SandwichFc: 2-7                   [1, 64]                   8,321
│    └─SandwichLin: 2-8                  [1, 2]                    135
├─Sequential: 1-2                        [1, 2]                    (recursive)
│    └─SandwichFc: 2-9                   [1, 64]                   (recursive)
│    └─SandwichFc: 2-10                  [1, 64]                   (recursive)
│    └─SandwichFc: 2-11                  [1, 64]                   (recursive)
│    └─SandwichFc: 2-12                  [1, 64]                   (recursive)
│    └─SandwichFc: 2-13                  [1, 64]                   (recursive)
│    └─SandwichFc: 2-14                  [1, 64]                   (recursive)
│    └─SandwichFc: 2-15                  [1, 64]                   (recursive)
│    └─SandwichLin: 2-16                 [1, 2]                    (recursive)
==========================================================================================
Total params: 54,420
Trainable params: 54,414
Non-trainable params: 6
Total mult-adds (Units.MEGABYTES): 0.11
==========================================================================================
Input size (MB): 0.00
Forward/backward pass size (MB): 0.01
Params size (MB): 0.22
Estimated Total Size (MB): 0.22
==========================================================================================
==> Saving initial model weights...
==> Start training...
==> Number of param_groups in optimizer: 1
Epoch: 001 | Train Loss: 8.5542190 | Grad norm: 9.884090 | Time: 14s234ms
Epoch: 001 | Test Loss: 8.5755757 | Time: 936ms
==> Save the model at epoch 001 with test loss 8.5755757
Epoch: 002 | Train Loss: 0.5114675 | Grad norm: 2.168320 | Time: 13s805ms
Epoch: 002 | Test Loss: 0.0017091 | Time: 945ms
==> Save the model at epoch 002 with test loss 0.0017091
Epoch: 003 | Train Loss: 0.0039519 | Grad norm: 1.727477 | Time: 13s478ms
Epoch: 003 | Test Loss: 0.0021664 | Time: 1s16ms
Epoch: 004 | Train Loss: 0.0060216 | Grad norm: 2.332500 | Time: 13s866ms
Epoch: 004 | Test Loss: 0.0096850 | Time: 941ms
Epoch: 005 | Train Loss: 0.0069619 | Grad norm: 2.582357 | Time: 13s791ms
Epoch: 005 | Test Loss: 0.0062715 | Time: 928ms
Epoch: 006 | Train Loss: 0.0080889 | Grad norm: 2.793808 | Time: 13s813ms
Epoch: 006 | Test Loss: 0.0048761 | Time: 1s8ms
Epoch: 007 | Train Loss: 0.0104790 | Grad norm: 2.884175 | Time: 13s917ms
Epoch: 007 | Test Loss: 0.0104272 | Time: 949ms
Epoch: 008 | Train Loss: 0.0101593 | Grad norm: 2.875435 | Time: 14s397ms
Epoch: 008 | Test Loss: 0.0086083 | Time: 961ms
Epoch: 009 | Train Loss: 0.0117439 | Grad norm: 2.789048 | Time: 13s786ms
Epoch: 009 | Test Loss: 0.0082394 | Time: 1s27ms
Epoch: 010 | Train Loss: 0.0084779 | Grad norm: 2.472693 | Time: 14s201ms
Epoch: 010 | Test Loss: 0.0068353 | Time: 948ms
Epoch: 011 | Train Loss: 0.0074497 | Grad norm: 2.181702 | Time: 14s75ms
Epoch: 011 | Test Loss: 0.0088077 | Time: 955ms
Epoch: 012 | Train Loss: 0.0063673 | Grad norm: 1.962213 | Time: 14s564ms
Epoch: 012 | Test Loss: 0.0064025 | Time: 947ms
Epoch: 013 | Train Loss: 0.0058060 | Grad norm: 1.792428 | Time: 13s870ms
Epoch: 013 | Test Loss: 0.0061069 | Time: 1s167ms
Epoch: 014 | Train Loss: 0.0051834 | Grad norm: 1.645081 | Time: 14s199ms
Epoch: 014 | Test Loss: 0.0046996 | Time: 1s20ms
Epoch: 015 | Train Loss: 0.0031896 | Grad norm: 1.045222 | Time: 13s988ms
Epoch: 015 | Test Loss: 0.0019302 | Time: 939ms
Epoch: 016 | Train Loss: 0.0022008 | Grad norm: 0.717892 | Time: 13s859ms
Epoch: 016 | Test Loss: 0.0059905 | Time: 939ms
Epoch: 017 | Train Loss: 0.0044250 | Grad norm: 1.495171 | Time: 13s899ms
Epoch: 017 | Test Loss: 0.0048697 | Time: 1s7ms
Epoch: 018 | Train Loss: 0.0024569 | Grad norm: 0.748033 | Time: 13s963ms
Epoch: 018 | Test Loss: 0.0008777 | Time: 927ms
==> Save the model at epoch 018 with test loss 0.0008777
Epoch: 019 | Train Loss: 0.0010091 | Grad norm: 0.342977 | Time: 14s264ms
Epoch: 019 | Test Loss: 0.0010975 | Time: 951ms
Epoch: 020 | Train Loss: 0.0009982 | Grad norm: 0.346815 | Time: 14s46ms
Epoch: 020 | Test Loss: 0.0008254 | Time: 1s10ms
==> Save the model at epoch 020 with test loss 0.0008254
Epoch: 021 | Train Loss: 0.0009551 | Grad norm: 0.332991 | Time: 14s172ms
Epoch: 021 | Test Loss: 0.0009616 | Time: 938ms
Epoch: 022 | Train Loss: 0.0011136 | Grad norm: 0.400894 | Time: 14s170ms
Epoch: 022 | Test Loss: 0.0019017 | Time: 930ms
Epoch: 023 | Train Loss: 0.0011085 | Grad norm: 0.423837 | Time: 13s998ms
Epoch: 023 | Test Loss: 0.0009564 | Time: 941ms
Epoch: 024 | Train Loss: 0.0009307 | Grad norm: 0.344719 | Time: 14s81ms
Epoch: 024 | Test Loss: 0.0007470 | Time: 941ms
==> Save the model at epoch 024 with test loss 0.0007470
Epoch: 025 | Train Loss: 0.0010168 | Grad norm: 0.387828 | Time: 13s690ms
Epoch: 025 | Test Loss: 0.0006249 | Time: 942ms
==> Save the model at epoch 025 with test loss 0.0006249
Epoch: 026 | Train Loss: 0.0008048 | Grad norm: 0.265686 | Time: 13s812ms
Epoch: 026 | Test Loss: 0.0006774 | Time: 949ms
Epoch: 027 | Train Loss: 0.0007861 | Grad norm: 0.277040 | Time: 14s75ms
Epoch: 027 | Test Loss: 0.0006762 | Time: 940ms
Epoch: 028 | Train Loss: 0.0007931 | Grad norm: 0.274630 | Time: 14s210ms
Epoch: 028 | Test Loss: 0.0008048 | Time: 1s22ms
Epoch: 029 | Train Loss: 0.0007103 | Grad norm: 0.212245 | Time: 14s220ms
Epoch: 029 | Test Loss: 0.0006234 | Time: 946ms
==> Save the model at epoch 029 with test loss 0.0006234
Epoch: 030 | Train Loss: 0.0006651 | Grad norm: 0.176291 | Time: 14s40ms
Epoch: 030 | Test Loss: 0.0006167 | Time: 985ms
==> Save the model at epoch 030 with test loss 0.0006167
Epoch: 031 | Train Loss: 0.0006595 | Grad norm: 0.186264 | Time: 14s409ms
Epoch: 031 | Test Loss: 0.0007751 | Time: 1s15ms
Epoch: 032 | Train Loss: 0.0006300 | Grad norm: 0.153573 | Time: 13s966ms
Epoch: 032 | Test Loss: 0.0005940 | Time: 941ms
==> Save the model at epoch 032 with test loss 0.0005940
Epoch: 033 | Train Loss: 0.0006193 | Grad norm: 0.151792 | Time: 14s320ms
Epoch: 033 | Test Loss: 0.0006070 | Time: 938ms
Epoch: 034 | Train Loss: 0.0005987 | Grad norm: 0.130144 | Time: 14s139ms
Epoch: 034 | Test Loss: 0.0005911 | Time: 931ms
==> Save the model at epoch 034 with test loss 0.0005911
Epoch: 035 | Train Loss: 0.0005856 | Grad norm: 0.108706 | Time: 14s724ms
Epoch: 035 | Test Loss: 0.0005996 | Time: 938ms
Epoch: 036 | Train Loss: 0.0005684 | Grad norm: 0.090561 | Time: 14s208ms
Epoch: 036 | Test Loss: 0.0005724 | Time: 937ms
==> Save the model at epoch 036 with test loss 0.0005724
Epoch: 037 | Train Loss: 0.0005595 | Grad norm: 0.085902 | Time: 13s733ms
Epoch: 037 | Test Loss: 0.0005543 | Time: 941ms
==> Save the model at epoch 037 with test loss 0.0005543
Epoch: 038 | Train Loss: 0.0005505 | Grad norm: 0.075207 | Time: 14s140ms
Epoch: 038 | Test Loss: 0.0005559 | Time: 954ms
Epoch: 039 | Train Loss: 0.0005423 | Grad norm: 0.058568 | Time: 14s90ms
Epoch: 039 | Test Loss: 0.0005461 | Time: 1s6ms
==> Save the model at epoch 039 with test loss 0.0005461
Epoch: 040 | Train Loss: 0.0005380 | Grad norm: 0.048443 | Time: 13s630ms
Epoch: 040 | Test Loss: 0.0005414 | Time: 954ms
==> Save the model at epoch 040 with test loss 0.0005414
Total time: 10m529ms
==> Saving trained model weights...
==> Input bias to be applied to the neural network (trained):
[0. 0.]
==> Input transform to be applied to the neural network (trained):
[0.48014596 0.48395684]
==> Output transform to be applied to the neural network (trained):
[2.0663 2.0805]
==> Saving training info...
==> Drawing training loss...
==> Drawing grad norm...
==> Drawing testing loss...
==> Process finished.
