==> torch device:  cuda:0
==> Test-Train split: test_ratio = 0.20
==> Test-Train split seed:  None
==> Further split: further_train_ratio = 1.00
==> Further split seed:  None
==> Input bias to be applied to the neural network:
[0. 0.]
==> Input transform to be applied to the neural network:
[0.70982397 0.70987433]
==> Ouput transform to be applied to the neural network:
[2.8322 2.832 ]
==> Evaluating model...
==========================================================================================
Layer (type:depth-idx)                   Output Shape              Param #
==========================================================================================
NeuralNetwork                            [1, 2]                    6
├─Sequential: 1-1                        [1, 2]                    --
│    └─Linear: 2-1                       [1, 64]                   192
│    └─ReLU: 2-2                         [1, 64]                   --
│    └─Linear: 2-3                       [1, 64]                   4,160
│    └─ReLU: 2-4                         [1, 64]                   --
│    └─Linear: 2-5                       [1, 64]                   4,160
│    └─ReLU: 2-6                         [1, 64]                   --
│    └─Linear: 2-7                       [1, 64]                   4,160
│    └─ReLU: 2-8                         [1, 64]                   --
│    └─Linear: 2-9                       [1, 64]                   4,160
│    └─ReLU: 2-10                        [1, 64]                   --
│    └─Linear: 2-11                      [1, 64]                   4,160
│    └─ReLU: 2-12                        [1, 64]                   --
│    └─Linear: 2-13                      [1, 64]                   4,160
│    └─ReLU: 2-14                        [1, 64]                   --
│    └─Linear: 2-15                      [1, 2]                    130
├─Sequential: 1-2                        [1, 2]                    (recursive)
│    └─Linear: 2-16                      [1, 64]                   (recursive)
│    └─ReLU: 2-17                        [1, 64]                   --
│    └─Linear: 2-18                      [1, 64]                   (recursive)
│    └─ReLU: 2-19                        [1, 64]                   --
│    └─Linear: 2-20                      [1, 64]                   (recursive)
│    └─ReLU: 2-21                        [1, 64]                   --
│    └─Linear: 2-22                      [1, 64]                   (recursive)
│    └─ReLU: 2-23                        [1, 64]                   --
│    └─Linear: 2-24                      [1, 64]                   (recursive)
│    └─ReLU: 2-25                        [1, 64]                   --
│    └─Linear: 2-26                      [1, 64]                   (recursive)
│    └─ReLU: 2-27                        [1, 64]                   --
│    └─Linear: 2-28                      [1, 64]                   (recursive)
│    └─ReLU: 2-29                        [1, 64]                   --
│    └─Linear: 2-30                      [1, 2]                    (recursive)
==========================================================================================
Total params: 25,288
Trainable params: 25,282
Non-trainable params: 6
Total mult-adds (Units.MEGABYTES): 0.05
==========================================================================================
Input size (MB): 0.00
Forward/backward pass size (MB): 0.01
Params size (MB): 0.10
Estimated Total Size (MB): 0.11
==========================================================================================
==> Saving initial model weights...
==> Start training...
==> Number of param_groups in optimizer: 1
Epoch: 001 | Train Loss: 15.9728118 | Grad norm: 0.475642 | Time: 4s372ms
Epoch: 001 | Test Loss: 16.3243695 | Time: 451ms
==> Save the model at epoch 001 with test loss 16.3243695
Epoch: 002 | Train Loss: 3.4263048 | Grad norm: 2.992393 | Time: 4s81ms
Epoch: 002 | Test Loss: 0.0424739 | Time: 445ms
==> Save the model at epoch 002 with test loss 0.0424739
Epoch: 003 | Train Loss: 0.0731716 | Grad norm: 2.167746 | Time: 4s381ms
Epoch: 003 | Test Loss: 0.0945445 | Time: 460ms
Epoch: 004 | Train Loss: 0.1228825 | Grad norm: 3.153050 | Time: 3s931ms
Epoch: 004 | Test Loss: 0.1316693 | Time: 441ms
Epoch: 005 | Train Loss: 0.1536131 | Grad norm: 3.612623 | Time: 4s249ms
Epoch: 005 | Test Loss: 0.0994483 | Time: 441ms
Epoch: 006 | Train Loss: 0.1713031 | Grad norm: 3.781344 | Time: 4s132ms
Epoch: 006 | Test Loss: 0.1667960 | Time: 514ms
Epoch: 007 | Train Loss: 0.1783926 | Grad norm: 3.863880 | Time: 4s78ms
Epoch: 007 | Test Loss: 0.1529488 | Time: 453ms
Epoch: 008 | Train Loss: 0.2023655 | Grad norm: 4.202513 | Time: 4s222ms
Epoch: 008 | Test Loss: 0.3409180 | Time: 514ms
Epoch: 009 | Train Loss: 0.1971148 | Grad norm: 4.048273 | Time: 4s413ms
Epoch: 009 | Test Loss: 0.4525341 | Time: 514ms
Epoch: 010 | Train Loss: 0.1748463 | Grad norm: 3.794325 | Time: 4s117ms
Epoch: 010 | Test Loss: 0.1072863 | Time: 448ms
Epoch: 011 | Train Loss: 0.1541372 | Grad norm: 3.463278 | Time: 4s124ms
Epoch: 011 | Test Loss: 0.1515815 | Time: 471ms
Epoch: 012 | Train Loss: 0.1445624 | Grad norm: 3.371362 | Time: 3s896ms
Epoch: 012 | Test Loss: 0.1838364 | Time: 463ms
Epoch: 013 | Train Loss: 0.1299348 | Grad norm: 3.187919 | Time: 4s241ms
Epoch: 013 | Test Loss: 0.1275205 | Time: 467ms
Epoch: 014 | Train Loss: 0.1047331 | Grad norm: 2.744193 | Time: 4s96ms
Epoch: 014 | Test Loss: 0.0981065 | Time: 519ms
Epoch: 015 | Train Loss: 0.0902415 | Grad norm: 2.505194 | Time: 4s265ms
Epoch: 015 | Test Loss: 0.0787383 | Time: 471ms
Epoch: 016 | Train Loss: 0.0893203 | Grad norm: 2.532688 | Time: 4s232ms
Epoch: 016 | Test Loss: 0.0943767 | Time: 447ms
Epoch: 017 | Train Loss: 0.0778134 | Grad norm: 2.258119 | Time: 4s106ms
Epoch: 017 | Test Loss: 0.0842602 | Time: 446ms
Epoch: 018 | Train Loss: 0.0737417 | Grad norm: 2.209099 | Time: 4s102ms
Epoch: 018 | Test Loss: 0.0939576 | Time: 465ms
Epoch: 019 | Train Loss: 0.0660429 | Grad norm: 2.011146 | Time: 3s974ms
Epoch: 019 | Test Loss: 0.0914460 | Time: 448ms
Epoch: 020 | Train Loss: 0.0689446 | Grad norm: 2.101598 | Time: 4s17ms
Epoch: 020 | Test Loss: 0.0598166 | Time: 449ms
Epoch: 021 | Train Loss: 0.0578435 | Grad norm: 1.818145 | Time: 4s189ms
Epoch: 021 | Test Loss: 0.0694014 | Time: 446ms
Epoch: 022 | Train Loss: 0.0543198 | Grad norm: 1.742206 | Time: 4s58ms
Epoch: 022 | Test Loss: 0.0451685 | Time: 515ms
Epoch: 023 | Train Loss: 0.0533259 | Grad norm: 1.715815 | Time: 4s216ms
Epoch: 023 | Test Loss: 0.0582374 | Time: 449ms
Epoch: 024 | Train Loss: 0.0478514 | Grad norm: 1.552935 | Time: 4s383ms
Epoch: 024 | Test Loss: 0.0334120 | Time: 454ms
==> Save the model at epoch 024 with test loss 0.0334120
Epoch: 025 | Train Loss: 0.0504831 | Grad norm: 1.645508 | Time: 4s8ms
Epoch: 025 | Test Loss: 0.0542098 | Time: 466ms
Epoch: 026 | Train Loss: 0.0423069 | Grad norm: 1.386729 | Time: 3s958ms
Epoch: 026 | Test Loss: 0.0331917 | Time: 448ms
==> Save the model at epoch 026 with test loss 0.0331917
Epoch: 027 | Train Loss: 0.0368006 | Grad norm: 1.224638 | Time: 4s267ms
Epoch: 027 | Test Loss: 0.0293017 | Time: 446ms
==> Save the model at epoch 027 with test loss 0.0293017
Epoch: 028 | Train Loss: 0.0361345 | Grad norm: 1.191020 | Time: 4s186ms
Epoch: 028 | Test Loss: 0.0285388 | Time: 454ms
==> Save the model at epoch 028 with test loss 0.0285388
Epoch: 029 | Train Loss: 0.0358446 | Grad norm: 1.193145 | Time: 4s157ms
Epoch: 029 | Test Loss: 0.0471789 | Time: 449ms
Epoch: 030 | Train Loss: 0.0334620 | Grad norm: 1.078023 | Time: 4s79ms
Epoch: 030 | Test Loss: 0.0322961 | Time: 455ms
Epoch: 031 | Train Loss: 0.0314555 | Grad norm: 1.002250 | Time: 4s11ms
Epoch: 031 | Test Loss: 0.0454923 | Time: 468ms
Epoch: 032 | Train Loss: 0.0308336 | Grad norm: 0.964402 | Time: 4s278ms
Epoch: 032 | Test Loss: 0.0314987 | Time: 470ms
Epoch: 033 | Train Loss: 0.0303769 | Grad norm: 0.937334 | Time: 4s48ms
Epoch: 033 | Test Loss: 0.0333178 | Time: 517ms
Epoch: 034 | Train Loss: 0.0286890 | Grad norm: 0.828918 | Time: 4s71ms
Epoch: 034 | Test Loss: 0.0307781 | Time: 451ms
Epoch: 035 | Train Loss: 0.0276562 | Grad norm: 0.780036 | Time: 4s213ms
Epoch: 035 | Test Loss: 0.0244397 | Time: 468ms
==> Save the model at epoch 035 with test loss 0.0244397
Epoch: 036 | Train Loss: 0.0265950 | Grad norm: 0.719800 | Time: 3s975ms
Epoch: 036 | Test Loss: 0.0269805 | Time: 447ms
Epoch: 037 | Train Loss: 0.0264424 | Grad norm: 0.700272 | Time: 4s304ms
Epoch: 037 | Test Loss: 0.0246174 | Time: 455ms
Epoch: 038 | Train Loss: 0.0257639 | Grad norm: 0.667267 | Time: 4s94ms
Epoch: 038 | Test Loss: 0.0245213 | Time: 455ms
Epoch: 039 | Train Loss: 0.0248959 | Grad norm: 0.619149 | Time: 4s113ms
Epoch: 039 | Test Loss: 0.0252277 | Time: 458ms
Epoch: 040 | Train Loss: 0.0253759 | Grad norm: 0.603787 | Time: 4s302ms
Epoch: 040 | Test Loss: 0.0245194 | Time: 459ms
Total time: 3m4s
==> Saving trained model weights...
==> Input bias to be applied to the neural network (trained):
[0. 0.]
==> Input transform to be applied to the neural network (trained):
[0.70982397 0.70987433]
==> Output transform to be applied to the neural network (trained):
[2.8322 2.832 ]
==> Saving training info...
==> Drawing training loss...
==> Drawing grad norm...
==> Drawing testing loss...
==> Process finished.
