==> torch device:  cuda:0
==> Test-Train split: test_ratio = 0.20
==> Test-Train split seed:  None
==> Further split: further_train_ratio = 0.50
==> Further split seed:  None
==> Input bias to be applied to the neural network:
[0. 0.]
==> Input transform to be applied to the neural network:
[1. 1.]
==> Ouput transform to be applied to the neural network:
[1. 1.]
==> Evaluating model...
==========================================================================================
Layer (type:depth-idx)                   Output Shape              Param #
==========================================================================================
NeuralNetwork                            [1, 2]                    6
├─Sequential: 1-1                        [1, 2]                    --
│    └─Linear: 2-1                       [1, 64]                   192
│    └─LeakyReLU: 2-2                    [1, 64]                   --
│    └─Linear: 2-3                       [1, 64]                   4,160
│    └─LeakyReLU: 2-4                    [1, 64]                   --
│    └─Linear: 2-5                       [1, 64]                   4,160
│    └─LeakyReLU: 2-6                    [1, 64]                   --
│    └─Linear: 2-7                       [1, 64]                   4,160
│    └─LeakyReLU: 2-8                    [1, 64]                   --
│    └─Linear: 2-9                       [1, 64]                   4,160
│    └─LeakyReLU: 2-10                   [1, 64]                   --
│    └─Linear: 2-11                      [1, 64]                   4,160
│    └─LeakyReLU: 2-12                   [1, 64]                   --
│    └─Linear: 2-13                      [1, 64]                   4,160
│    └─LeakyReLU: 2-14                   [1, 64]                   --
│    └─Linear: 2-15                      [1, 2]                    130
==========================================================================================
Total params: 25,288
Trainable params: 25,282
Non-trainable params: 6
Total mult-adds (Units.MEGABYTES): 0.03
==========================================================================================
Input size (MB): 0.00
Forward/backward pass size (MB): 0.00
Params size (MB): 0.10
Estimated Total Size (MB): 0.10
==========================================================================================
==> Saving initial model weights...
==> Start training...
Epoch: 001 | Loss: 0.7001356 | L2 loss: 0.5961542 | Lip loss: 0.1039815 | Grad norm: 1.907922 | Time: 27s155ms
Epoch: 001 | Test Loss: 0.0118469 | Time: 734ms
==> Save the model at epoch 001 with test loss 0.0118469
Epoch: 002 | Loss: 0.1173034 | L2 loss: 0.0103041 | Lip loss: 0.1069993 | Grad norm: 1.081096 | Time: 27s398ms
Epoch: 002 | Test Loss: 0.0135338 | Time: 799ms
Epoch: 003 | Loss: 0.1170850 | L2 loss: 0.0104881 | Lip loss: 0.1065970 | Grad norm: 1.099692 | Time: 28s199ms
Epoch: 003 | Test Loss: 0.0105471 | Time: 813ms
==> Save the model at epoch 003 with test loss 0.0105471
Epoch: 004 | Loss: 0.1166046 | L2 loss: 0.0095967 | Lip loss: 0.1070079 | Grad norm: 0.871735 | Time: 27s507ms
Epoch: 004 | Test Loss: 0.0088545 | Time: 868ms
==> Save the model at epoch 004 with test loss 0.0088545
Epoch: 005 | Loss: 0.1162076 | L2 loss: 0.0094800 | Lip loss: 0.1067277 | Grad norm: 0.906435 | Time: 26s821ms
Epoch: 005 | Test Loss: 0.0178105 | Time: 726ms
Epoch: 006 | Loss: 0.1114697 | L2 loss: 0.0056397 | Lip loss: 0.1058299 | Grad norm: 0.489950 | Time: 26s831ms
Epoch: 006 | Test Loss: 0.0053807 | Time: 734ms
==> Save the model at epoch 006 with test loss 0.0053807
Epoch: 007 | Loss: 0.1107871 | L2 loss: 0.0055863 | Lip loss: 0.1052008 | Grad norm: 0.445599 | Time: 26s854ms
Epoch: 007 | Test Loss: 0.0054689 | Time: 790ms
Epoch: 008 | Loss: 0.1106231 | L2 loss: 0.0054587 | Lip loss: 0.1051643 | Grad norm: 0.459307 | Time: 27s49ms
Epoch: 008 | Test Loss: 0.0052453 | Time: 808ms
==> Save the model at epoch 008 with test loss 0.0052453
Epoch: 009 | Loss: 0.1104801 | L2 loss: 0.0054251 | Lip loss: 0.1050551 | Grad norm: 0.475275 | Time: 27s188ms
Epoch: 009 | Test Loss: 0.0052653 | Time: 803ms
Epoch: 010 | Loss: 0.1104046 | L2 loss: 0.0053297 | Lip loss: 0.1050750 | Grad norm: 0.500290 | Time: 27s56ms
Epoch: 010 | Test Loss: 0.0058949 | Time: 794ms
Epoch: 011 | Loss: 0.1099041 | L2 loss: 0.0051916 | Lip loss: 0.1047126 | Grad norm: 0.397527 | Time: 27s620ms
Epoch: 011 | Test Loss: 0.0050330 | Time: 790ms
==> Save the model at epoch 011 with test loss 0.0050330
Epoch: 012 | Loss: 0.1101281 | L2 loss: 0.0049475 | Lip loss: 0.1051806 | Grad norm: 0.409241 | Time: 27s387ms
Epoch: 012 | Test Loss: 0.0050346 | Time: 735ms
Epoch: 013 | Loss: 0.1099454 | L2 loss: 0.0049864 | Lip loss: 0.1049590 | Grad norm: 0.405268 | Time: 28s502ms
Epoch: 013 | Test Loss: 0.0049697 | Time: 811ms
==> Save the model at epoch 013 with test loss 0.0049697
Epoch: 014 | Loss: 0.1096997 | L2 loss: 0.0050121 | Lip loss: 0.1046876 | Grad norm: 0.394850 | Time: 28s280ms
Epoch: 014 | Test Loss: 0.0051154 | Time: 804ms
Epoch: 015 | Loss: 0.1100550 | L2 loss: 0.0050887 | Lip loss: 0.1049663 | Grad norm: 0.409162 | Time: 28s421ms
Epoch: 015 | Test Loss: 0.0050969 | Time: 736ms
Epoch: 016 | Loss: 0.1096344 | L2 loss: 0.0050453 | Lip loss: 0.1045891 | Grad norm: 0.392435 | Time: 28s384ms
Epoch: 016 | Test Loss: 0.0050142 | Time: 797ms
Epoch: 017 | Loss: 0.1096905 | L2 loss: 0.0050219 | Lip loss: 0.1046685 | Grad norm: 0.386739 | Time: 27s599ms
Epoch: 017 | Test Loss: 0.0049891 | Time: 795ms
Epoch: 018 | Loss: 0.1096055 | L2 loss: 0.0049871 | Lip loss: 0.1046185 | Grad norm: 0.397930 | Time: 27s398ms
Epoch: 018 | Test Loss: 0.0049766 | Time: 819ms
Epoch: 019 | Loss: 0.1100407 | L2 loss: 0.0050196 | Lip loss: 0.1050211 | Grad norm: 0.397508 | Time: 27s562ms
Epoch: 019 | Test Loss: 0.0050117 | Time: 983ms
Epoch: 020 | Loss: 0.1098101 | L2 loss: 0.0050100 | Lip loss: 0.1048000 | Grad norm: 0.401151 | Time: 27s793ms
Epoch: 020 | Test Loss: 0.0050216 | Time: 809ms
Epoch: 021 | Loss: 0.1097861 | L2 loss: 0.0050189 | Lip loss: 0.1047672 | Grad norm: 0.387679 | Time: 28s427ms
Epoch: 021 | Test Loss: 0.0050240 | Time: 741ms
Epoch: 022 | Loss: 0.1098477 | L2 loss: 0.0050233 | Lip loss: 0.1048244 | Grad norm: 0.395091 | Time: 28s46ms
Epoch: 022 | Test Loss: 0.0050185 | Time: 801ms
Epoch: 023 | Loss: 0.1094395 | L2 loss: 0.0050116 | Lip loss: 0.1044279 | Grad norm: 0.381324 | Time: 28s266ms
Epoch: 023 | Test Loss: 0.0050144 | Time: 803ms
Epoch: 024 | Loss: 0.1092592 | L2 loss: 0.0050144 | Lip loss: 0.1042448 | Grad norm: 0.403877 | Time: 28s676ms
Epoch: 024 | Test Loss: 0.0050126 | Time: 732ms
Epoch: 025 | Loss: 0.1097890 | L2 loss: 0.0050115 | Lip loss: 0.1047775 | Grad norm: 0.400195 | Time: 28s471ms
Epoch: 025 | Test Loss: 0.0050134 | Time: 724ms
Epoch: 026 | Loss: 0.1099058 | L2 loss: 0.0050122 | Lip loss: 0.1048936 | Grad norm: 0.396923 | Time: 28s93ms
Epoch: 026 | Test Loss: 0.0050134 | Time: 806ms
Epoch: 027 | Loss: 0.1097278 | L2 loss: 0.0050111 | Lip loss: 0.1047166 | Grad norm: 0.411432 | Time: 28s311ms
Epoch: 027 | Test Loss: 0.0050137 | Time: 798ms
Epoch: 028 | Loss: 0.1097341 | L2 loss: 0.0050122 | Lip loss: 0.1047219 | Grad norm: 0.394475 | Time: 28s335ms
Epoch: 028 | Test Loss: 0.0050138 | Time: 807ms
Epoch: 029 | Loss: 0.1098896 | L2 loss: 0.0050179 | Lip loss: 0.1048717 | Grad norm: 0.390722 | Time: 27s401ms
Epoch: 029 | Test Loss: 0.0050143 | Time: 805ms
Epoch: 030 | Loss: 0.1100412 | L2 loss: 0.0050154 | Lip loss: 0.1050258 | Grad norm: 0.414116 | Time: 28s6ms
Epoch: 030 | Test Loss: 0.0050144 | Time: 729ms
Epoch: 031 | Loss: 0.1098606 | L2 loss: 0.0050134 | Lip loss: 0.1048471 | Grad norm: 0.396977 | Time: 28s16ms
Epoch: 031 | Test Loss: 0.0050144 | Time: 797ms
Epoch: 032 | Loss: 0.1101192 | L2 loss: 0.0050144 | Lip loss: 0.1051048 | Grad norm: 0.404872 | Time: 27s795ms
Epoch: 032 | Test Loss: 0.0050144 | Time: 795ms
Epoch: 033 | Loss: 0.1101197 | L2 loss: 0.0050137 | Lip loss: 0.1051060 | Grad norm: 0.400277 | Time: 28s100ms
Epoch: 033 | Test Loss: 0.0050144 | Time: 739ms
Epoch: 034 | Loss: 0.1097237 | L2 loss: 0.0050145 | Lip loss: 0.1047093 | Grad norm: 0.410576 | Time: 28s383ms
Epoch: 034 | Test Loss: 0.0050144 | Time: 726ms
Epoch: 035 | Loss: 0.1099312 | L2 loss: 0.0050185 | Lip loss: 0.1049128 | Grad norm: 0.391388 | Time: 28s206ms
Epoch: 035 | Test Loss: 0.0050144 | Time: 806ms
Epoch: 036 | Loss: 0.1099036 | L2 loss: 0.0050148 | Lip loss: 0.1048889 | Grad norm: 0.391950 | Time: 28s54ms
Epoch: 036 | Test Loss: 0.0050144 | Time: 804ms
Epoch: 037 | Loss: 0.1099603 | L2 loss: 0.0050119 | Lip loss: 0.1049485 | Grad norm: 0.390086 | Time: 28s78ms
Epoch: 037 | Test Loss: 0.0050144 | Time: 809ms
Epoch: 038 | Loss: 0.1098987 | L2 loss: 0.0050137 | Lip loss: 0.1048850 | Grad norm: 0.387133 | Time: 28s185ms
Epoch: 038 | Test Loss: 0.0050144 | Time: 796ms
Epoch: 039 | Loss: 0.1099304 | L2 loss: 0.0050136 | Lip loss: 0.1049167 | Grad norm: 0.386200 | Time: 27s777ms
Epoch: 039 | Test Loss: 0.0050144 | Time: 728ms
Epoch: 040 | Loss: 0.1098148 | L2 loss: 0.0050143 | Lip loss: 0.1048005 | Grad norm: 0.418382 | Time: 27s602ms
Epoch: 040 | Test Loss: 0.0050144 | Time: 801ms
Total time: 19m4s
==> Saving trained model weights...
==> Input bias to be applied to the neural network (trained):
[0. 0.]
==> Input transform to be applied to the neural network (trained):
[1. 1.]
==> Output transform to be applied to the neural network (trained):
[1. 1.]
==> Saving training info...
==> Drawing training loss...
==> Drawing grad norm...
==> Drawing testing loss...
==> Drawing l2 loss...
==> Drawing lip loss...
==> Process finished.
