==> torch device:  cuda:0
==> Test-Train split: test_ratio = 0.20
==> Test-Train split seed:  None
==> Further split: further_train_ratio = 0.50
==> Further split seed:  None
==> Input bias to be applied to the neural network:
[0. 0. 0. 0.]
==> Input transform to be applied to the neural network:
[0.7072636  0.72212595 0.6760411  0.67349136]
==> Ouput transform to be applied to the neural network:
[0.2287 0.2871]
==> Evaluating model...
==========================================================================================
Layer (type:depth-idx)                   Output Shape              Param #
==========================================================================================
NeuralNetwork                            [1, 2]                    10
├─Sequential: 1-1                        [1, 2]                    --
│    └─Linear: 2-1                       [1, 64]                   320
│    └─ReLU: 2-2                         [1, 64]                   --
│    └─Linear: 2-3                       [1, 64]                   4,160
│    └─ReLU: 2-4                         [1, 64]                   --
│    └─Linear: 2-5                       [1, 64]                   4,160
│    └─ReLU: 2-6                         [1, 64]                   --
│    └─Linear: 2-7                       [1, 64]                   4,160
│    └─ReLU: 2-8                         [1, 64]                   --
│    └─Linear: 2-9                       [1, 64]                   4,160
│    └─ReLU: 2-10                        [1, 64]                   --
│    └─Linear: 2-11                      [1, 64]                   4,160
│    └─ReLU: 2-12                        [1, 64]                   --
│    └─Linear: 2-13                      [1, 64]                   4,160
│    └─ReLU: 2-14                        [1, 64]                   --
│    └─Linear: 2-15                      [1, 2]                    130
├─Sequential: 1-2                        [1, 2]                    (recursive)
│    └─Linear: 2-16                      [1, 64]                   (recursive)
│    └─ReLU: 2-17                        [1, 64]                   --
│    └─Linear: 2-18                      [1, 64]                   (recursive)
│    └─ReLU: 2-19                        [1, 64]                   --
│    └─Linear: 2-20                      [1, 64]                   (recursive)
│    └─ReLU: 2-21                        [1, 64]                   --
│    └─Linear: 2-22                      [1, 64]                   (recursive)
│    └─ReLU: 2-23                        [1, 64]                   --
│    └─Linear: 2-24                      [1, 64]                   (recursive)
│    └─ReLU: 2-25                        [1, 64]                   --
│    └─Linear: 2-26                      [1, 64]                   (recursive)
│    └─ReLU: 2-27                        [1, 64]                   --
│    └─Linear: 2-28                      [1, 64]                   (recursive)
│    └─ReLU: 2-29                        [1, 64]                   --
│    └─Linear: 2-30                      [1, 2]                    (recursive)
==========================================================================================
Total params: 25,420
Trainable params: 25,410
Non-trainable params: 10
Total mult-adds (Units.MEGABYTES): 0.05
==========================================================================================
Input size (MB): 0.00
Forward/backward pass size (MB): 0.01
Params size (MB): 0.10
Estimated Total Size (MB): 0.11
==========================================================================================
==> Saving initial model weights...
==> Start training...
==> Number of param_groups in optimizer: 1
Epoch: 001 | Train Loss: 0.1342573 | Grad norm: 0.003998 | Time: 2s373ms
Epoch: 001 | Test Loss: 0.1351060 | Time: 528ms
==> Save the model at epoch 001 with test loss 0.1351060
Epoch: 002 | Train Loss: 0.0727860 | Grad norm: 0.021432 | Time: 2s238ms
Epoch: 002 | Test Loss: 0.0539198 | Time: 640ms
==> Save the model at epoch 002 with test loss 0.0539198
Epoch: 003 | Train Loss: 0.0535932 | Grad norm: 0.019556 | Time: 2s1ms
Epoch: 003 | Test Loss: 0.0541524 | Time: 519ms
Epoch: 004 | Train Loss: 0.0534317 | Grad norm: 0.020164 | Time: 2s47ms
Epoch: 004 | Test Loss: 0.0535509 | Time: 516ms
==> Save the model at epoch 004 with test loss 0.0535509
Epoch: 005 | Train Loss: 0.0534099 | Grad norm: 0.021256 | Time: 2s211ms
Epoch: 005 | Test Loss: 0.0537955 | Time: 512ms
Epoch: 006 | Train Loss: 0.0535070 | Grad norm: 0.024271 | Time: 1s998ms
Epoch: 006 | Test Loss: 0.0537575 | Time: 531ms
Epoch: 007 | Train Loss: 0.0535664 | Grad norm: 0.023270 | Time: 2s160ms
Epoch: 007 | Test Loss: 0.0541819 | Time: 521ms
Epoch: 008 | Train Loss: 0.0537475 | Grad norm: 0.027471 | Time: 2s193ms
Epoch: 008 | Test Loss: 0.0541177 | Time: 523ms
Epoch: 009 | Train Loss: 0.0536535 | Grad norm: 0.025701 | Time: 2s286ms
Epoch: 009 | Test Loss: 0.0538959 | Time: 514ms
Epoch: 010 | Train Loss: 0.0537291 | Grad norm: 0.028089 | Time: 2s198ms
Epoch: 010 | Test Loss: 0.0546072 | Time: 641ms
Epoch: 011 | Train Loss: 0.0538507 | Grad norm: 0.030700 | Time: 2s116ms
Epoch: 011 | Test Loss: 0.0537089 | Time: 552ms
Epoch: 012 | Train Loss: 0.0536237 | Grad norm: 0.024294 | Time: 2s213ms
Epoch: 012 | Test Loss: 0.0540964 | Time: 666ms
Epoch: 013 | Train Loss: 0.0536099 | Grad norm: 0.023355 | Time: 2s186ms
Epoch: 013 | Test Loss: 0.0539181 | Time: 519ms
Epoch: 014 | Train Loss: 0.0536477 | Grad norm: 0.026533 | Time: 2s151ms
Epoch: 014 | Test Loss: 0.0538617 | Time: 513ms
Epoch: 015 | Train Loss: 0.0535426 | Grad norm: 0.019684 | Time: 2s71ms
Epoch: 015 | Test Loss: 0.0540157 | Time: 513ms
Epoch: 016 | Train Loss: 0.0535409 | Grad norm: 0.021243 | Time: 2s431ms
Epoch: 016 | Test Loss: 0.0538663 | Time: 554ms
Epoch: 017 | Train Loss: 0.0534973 | Grad norm: 0.020823 | Time: 2s101ms
Epoch: 017 | Test Loss: 0.0538367 | Time: 555ms
Epoch: 018 | Train Loss: 0.0535391 | Grad norm: 0.021876 | Time: 2s113ms
Epoch: 018 | Test Loss: 0.0537154 | Time: 576ms
Epoch: 019 | Train Loss: 0.0535551 | Grad norm: 0.020455 | Time: 2s164ms
Epoch: 019 | Test Loss: 0.0539927 | Time: 510ms
Epoch: 020 | Train Loss: 0.0535439 | Grad norm: 0.021816 | Time: 2s137ms
Epoch: 020 | Test Loss: 0.0536830 | Time: 525ms
Epoch: 021 | Train Loss: 0.0535072 | Grad norm: 0.020851 | Time: 2s119ms
Epoch: 021 | Test Loss: 0.0540437 | Time: 522ms
Epoch: 022 | Train Loss: 0.0534675 | Grad norm: 0.020247 | Time: 2s156ms
Epoch: 022 | Test Loss: 0.0539086 | Time: 519ms
Epoch: 023 | Train Loss: 0.0534732 | Grad norm: 0.020382 | Time: 2s84ms
Epoch: 023 | Test Loss: 0.0536192 | Time: 521ms
Epoch: 024 | Train Loss: 0.0535080 | Grad norm: 0.021604 | Time: 2s336ms
Epoch: 024 | Test Loss: 0.0538907 | Time: 607ms
Epoch: 025 | Train Loss: 0.0534369 | Grad norm: 0.019123 | Time: 2s230ms
Epoch: 025 | Test Loss: 0.0537580 | Time: 557ms
Epoch: 026 | Train Loss: 0.0533962 | Grad norm: 0.017452 | Time: 2s110ms
Epoch: 026 | Test Loss: 0.0536494 | Time: 578ms
Epoch: 027 | Train Loss: 0.0533965 | Grad norm: 0.016825 | Time: 2s90ms
Epoch: 027 | Test Loss: 0.0538077 | Time: 525ms
Epoch: 028 | Train Loss: 0.0533656 | Grad norm: 0.016810 | Time: 1s899ms
Epoch: 028 | Test Loss: 0.0536529 | Time: 504ms
Epoch: 029 | Train Loss: 0.0533504 | Grad norm: 0.015930 | Time: 2s381ms
Epoch: 029 | Test Loss: 0.0535673 | Time: 571ms
Epoch: 030 | Train Loss: 0.0533678 | Grad norm: 0.016774 | Time: 2s275ms
Epoch: 030 | Test Loss: 0.0537356 | Time: 541ms
Epoch: 031 | Train Loss: 0.0533647 | Grad norm: 0.015830 | Time: 2s277ms
Epoch: 031 | Test Loss: 0.0536414 | Time: 511ms
Epoch: 032 | Train Loss: 0.0533788 | Grad norm: 0.015664 | Time: 2s12ms
Epoch: 032 | Test Loss: 0.0536016 | Time: 527ms
Epoch: 033 | Train Loss: 0.0533052 | Grad norm: 0.014562 | Time: 2s106ms
Epoch: 033 | Test Loss: 0.0535832 | Time: 549ms
Epoch: 034 | Train Loss: 0.0533168 | Grad norm: 0.015655 | Time: 2s36ms
Epoch: 034 | Test Loss: 0.0536792 | Time: 619ms
Epoch: 035 | Train Loss: 0.0533082 | Grad norm: 0.014731 | Time: 2s63ms
Epoch: 035 | Test Loss: 0.0536225 | Time: 511ms
Epoch: 036 | Train Loss: 0.0533386 | Grad norm: 0.014828 | Time: 2s7ms
Epoch: 036 | Test Loss: 0.0535681 | Time: 579ms
Epoch: 037 | Train Loss: 0.0533016 | Grad norm: 0.014123 | Time: 2s109ms
Epoch: 037 | Test Loss: 0.0535866 | Time: 507ms
Epoch: 038 | Train Loss: 0.0532783 | Grad norm: 0.014374 | Time: 2s116ms
Epoch: 038 | Test Loss: 0.0535731 | Time: 523ms
Epoch: 039 | Train Loss: 0.0533205 | Grad norm: 0.013626 | Time: 2s141ms
Epoch: 039 | Test Loss: 0.0535775 | Time: 515ms
Epoch: 040 | Train Loss: 0.0532671 | Grad norm: 0.013543 | Time: 2s212ms
Epoch: 040 | Test Loss: 0.0535775 | Time: 503ms
Total time: 1m47s
==> Saving trained model weights...
==> Input bias to be applied to the neural network (trained):
[0. 0. 0. 0.]
==> Input transform to be applied to the neural network (trained):
[0.7072636  0.72212595 0.6760411  0.67349136]
==> Output transform to be applied to the neural network (trained):
[0.2287 0.2871]
==> Saving training info...
==> Drawing training loss...
==> Drawing grad norm...
==> Drawing testing loss...
==> Process finished.
