==> torch device:  cuda:2
==> Test-Train split: test_ratio = 0.20
==> Test-Train split seed:  None
==> Further split: further_train_ratio = 0.50
==> Further split seed:  None
==> Input bias to be applied to the neural network:
[0. 0.]
==> Input transform to be applied to the neural network:
[0.48014596 0.48395684]
==> Ouput transform to be applied to the neural network:
[2.0663 2.0805]
==> Evaluating model...
==========================================================================================
Layer (type:depth-idx)                   Output Shape              Param #
==========================================================================================
NeuralNetwork                            [1, 2]                    6
├─Sequential: 1-1                        [1, 2]                    --
│    └─Linear: 2-1                       [1, 64]                   192
│    └─ReLU: 2-2                         [1, 64]                   --
│    └─Linear: 2-3                       [1, 64]                   4,160
│    └─ReLU: 2-4                         [1, 64]                   --
│    └─Linear: 2-5                       [1, 64]                   4,160
│    └─ReLU: 2-6                         [1, 64]                   --
│    └─Linear: 2-7                       [1, 64]                   4,160
│    └─ReLU: 2-8                         [1, 64]                   --
│    └─Linear: 2-9                       [1, 64]                   4,160
│    └─ReLU: 2-10                        [1, 64]                   --
│    └─Linear: 2-11                      [1, 64]                   4,160
│    └─ReLU: 2-12                        [1, 64]                   --
│    └─Linear: 2-13                      [1, 64]                   4,160
│    └─ReLU: 2-14                        [1, 64]                   --
│    └─Linear: 2-15                      [1, 2]                    130
├─Sequential: 1-2                        [1, 2]                    (recursive)
│    └─Linear: 2-16                      [1, 64]                   (recursive)
│    └─ReLU: 2-17                        [1, 64]                   --
│    └─Linear: 2-18                      [1, 64]                   (recursive)
│    └─ReLU: 2-19                        [1, 64]                   --
│    └─Linear: 2-20                      [1, 64]                   (recursive)
│    └─ReLU: 2-21                        [1, 64]                   --
│    └─Linear: 2-22                      [1, 64]                   (recursive)
│    └─ReLU: 2-23                        [1, 64]                   --
│    └─Linear: 2-24                      [1, 64]                   (recursive)
│    └─ReLU: 2-25                        [1, 64]                   --
│    └─Linear: 2-26                      [1, 64]                   (recursive)
│    └─ReLU: 2-27                        [1, 64]                   --
│    └─Linear: 2-28                      [1, 64]                   (recursive)
│    └─ReLU: 2-29                        [1, 64]                   --
│    └─Linear: 2-30                      [1, 2]                    (recursive)
==========================================================================================
Total params: 25,288
Trainable params: 25,282
Non-trainable params: 6
Total mult-adds (Units.MEGABYTES): 0.05
==========================================================================================
Input size (MB): 0.00
Forward/backward pass size (MB): 0.01
Params size (MB): 0.10
Estimated Total Size (MB): 0.11
==========================================================================================
==> Saving initial model weights...
==> Start training...
==> Number of param_groups in optimizer: 1
Epoch: 001 | Train Loss: 8.6021122 | Grad norm: 0.349925 | Time: 3s502ms
Epoch: 001 | Test Loss: 8.6200098 | Time: 786ms
==> Save the model at epoch 001 with test loss 8.6200098
Epoch: 002 | Train Loss: 7.4040132 | Grad norm: 2.014992 | Time: 3s584ms
Epoch: 002 | Test Loss: 4.3009666 | Time: 765ms
==> Save the model at epoch 002 with test loss 4.3009666
Epoch: 003 | Train Loss: 4.2080304 | Grad norm: 0.749646 | Time: 3s454ms
Epoch: 003 | Test Loss: 4.2055204 | Time: 845ms
==> Save the model at epoch 003 with test loss 4.2055204
Epoch: 004 | Train Loss: 4.1985340 | Grad norm: 0.606140 | Time: 3s507ms
Epoch: 004 | Test Loss: 4.2071047 | Time: 761ms
Epoch: 005 | Train Loss: 4.1984980 | Grad norm: 0.590010 | Time: 3s319ms
Epoch: 005 | Test Loss: 4.2092873 | Time: 773ms
Epoch: 006 | Train Loss: 4.2001623 | Grad norm: 0.579301 | Time: 3s367ms
Epoch: 006 | Test Loss: 4.2087177 | Time: 844ms
Epoch: 007 | Train Loss: 4.2038302 | Grad norm: 0.633668 | Time: 3s379ms
Epoch: 007 | Test Loss: 4.2139591 | Time: 769ms
Epoch: 008 | Train Loss: 4.2061922 | Grad norm: 0.610035 | Time: 3s500ms
Epoch: 008 | Test Loss: 4.2175087 | Time: 778ms
Epoch: 009 | Train Loss: 4.2076547 | Grad norm: 0.618468 | Time: 3s515ms
Epoch: 009 | Test Loss: 4.2176037 | Time: 767ms
Epoch: 010 | Train Loss: 4.2100360 | Grad norm: 0.593205 | Time: 3s354ms
Epoch: 010 | Test Loss: 4.2216080 | Time: 787ms
Epoch: 011 | Train Loss: 4.2106235 | Grad norm: 0.631833 | Time: 3s274ms
Epoch: 011 | Test Loss: 4.2185956 | Time: 841ms
Epoch: 012 | Train Loss: 4.2120237 | Grad norm: 0.627464 | Time: 3s299ms
Epoch: 012 | Test Loss: 4.2180767 | Time: 762ms
Epoch: 013 | Train Loss: 4.2107892 | Grad norm: 0.586882 | Time: 3s424ms
Epoch: 013 | Test Loss: 4.2180471 | Time: 792ms
Epoch: 014 | Train Loss: 4.2105071 | Grad norm: 0.639862 | Time: 3s472ms
Epoch: 014 | Test Loss: 4.2267014 | Time: 839ms
Epoch: 015 | Train Loss: 4.2112495 | Grad norm: 0.592288 | Time: 3s409ms
Epoch: 015 | Test Loss: 4.2193680 | Time: 767ms
Epoch: 016 | Train Loss: 4.2116362 | Grad norm: 0.590311 | Time: 3s528ms
Epoch: 016 | Test Loss: 4.2183420 | Time: 790ms
Epoch: 017 | Train Loss: 4.2123440 | Grad norm: 0.602098 | Time: 3s288ms
Epoch: 017 | Test Loss: 4.2188007 | Time: 796ms
Epoch: 018 | Train Loss: 4.2121423 | Grad norm: 0.613943 | Time: 3s368ms
Epoch: 018 | Test Loss: 4.2188852 | Time: 770ms
Epoch: 019 | Train Loss: 4.2116223 | Grad norm: 0.647112 | Time: 3s455ms
Epoch: 019 | Test Loss: 4.2182585 | Time: 854ms
Epoch: 020 | Train Loss: 4.2116586 | Grad norm: 0.571242 | Time: 3s174ms
Epoch: 020 | Test Loss: 4.2194812 | Time: 789ms
Epoch: 021 | Train Loss: 4.2110899 | Grad norm: 0.574112 | Time: 3s566ms
Epoch: 021 | Test Loss: 4.2186869 | Time: 772ms
Epoch: 022 | Train Loss: 4.2120145 | Grad norm: 0.579654 | Time: 3s441ms
Epoch: 022 | Test Loss: 4.2180547 | Time: 848ms
Epoch: 023 | Train Loss: 4.2113001 | Grad norm: 0.562196 | Time: 3s9ms
Epoch: 023 | Test Loss: 4.2182509 | Time: 786ms
Epoch: 024 | Train Loss: 4.2106733 | Grad norm: 0.573193 | Time: 3s391ms
Epoch: 024 | Test Loss: 4.2180842 | Time: 782ms
Epoch: 025 | Train Loss: 4.2100420 | Grad norm: 0.551632 | Time: 3s165ms
Epoch: 025 | Test Loss: 4.2171169 | Time: 764ms
Epoch: 026 | Train Loss: 4.2106596 | Grad norm: 0.601580 | Time: 3s479ms
Epoch: 026 | Test Loss: 4.2197932 | Time: 780ms
Epoch: 027 | Train Loss: 4.2103340 | Grad norm: 0.566094 | Time: 3s544ms
Epoch: 027 | Test Loss: 4.2204424 | Time: 759ms
Epoch: 028 | Train Loss: 4.2116646 | Grad norm: 0.555166 | Time: 3s406ms
Epoch: 028 | Test Loss: 4.2190294 | Time: 766ms
Epoch: 029 | Train Loss: 4.2098722 | Grad norm: 0.564808 | Time: 3s496ms
Epoch: 029 | Test Loss: 4.2194473 | Time: 822ms
Epoch: 030 | Train Loss: 4.2097486 | Grad norm: 0.546653 | Time: 3s296ms
Epoch: 030 | Test Loss: 4.2193981 | Time: 840ms
Epoch: 031 | Train Loss: 4.2096423 | Grad norm: 0.574081 | Time: 3s406ms
Epoch: 031 | Test Loss: 4.2193463 | Time: 781ms
Epoch: 032 | Train Loss: 4.2100950 | Grad norm: 0.548880 | Time: 3s421ms
Epoch: 032 | Test Loss: 4.2182996 | Time: 796ms
Epoch: 033 | Train Loss: 4.2095069 | Grad norm: 0.513370 | Time: 3s358ms
Epoch: 033 | Test Loss: 4.2189598 | Time: 769ms
Epoch: 034 | Train Loss: 4.2089796 | Grad norm: 0.544264 | Time: 3s456ms
Epoch: 034 | Test Loss: 4.2193188 | Time: 779ms
Epoch: 035 | Train Loss: 4.2102964 | Grad norm: 0.535093 | Time: 3s553ms
Epoch: 035 | Test Loss: 4.2175870 | Time: 777ms
Epoch: 036 | Train Loss: 4.2098119 | Grad norm: 0.530159 | Time: 3s581ms
Epoch: 036 | Test Loss: 4.2183236 | Time: 777ms
Epoch: 037 | Train Loss: 4.2090780 | Grad norm: 0.525696 | Time: 3s329ms
Epoch: 037 | Test Loss: 4.2180990 | Time: 784ms
Epoch: 038 | Train Loss: 4.2091373 | Grad norm: 0.517135 | Time: 3s450ms
Epoch: 038 | Test Loss: 4.2184113 | Time: 855ms
Epoch: 039 | Train Loss: 4.2088979 | Grad norm: 0.519696 | Time: 3s218ms
Epoch: 039 | Test Loss: 4.2181418 | Time: 769ms
Epoch: 040 | Train Loss: 4.2095434 | Grad norm: 0.524656 | Time: 3s515ms
Epoch: 040 | Test Loss: 4.2184116 | Time: 764ms
Total time: 2m47s
==> Saving trained model weights...
==> Input bias to be applied to the neural network (trained):
[0. 0.]
==> Input transform to be applied to the neural network (trained):
[0.48014596 0.48395684]
==> Output transform to be applied to the neural network (trained):
[2.0663 2.0805]
==> Saving training info...
==> Drawing training loss...
==> Drawing grad norm...
==> Drawing testing loss...
==> Process finished.
