==> torch device:  cuda:2
==> Test-Train split: test_ratio = 0.20
==> Test-Train split seed:  None
==> Further split: further_train_ratio = 0.50
==> Further split seed:  None
==> Input bias to be applied to the neural network:
[0. 0. 0. 0.]
==> Input transform to be applied to the neural network:
[ 0.62900996  0.6288517  11.614402    9.487666  ]
==> Ouput transform to be applied to the neural network:
[0.0251 0.0262]
==> Evaluating model...
==========================================================================================
Layer (type:depth-idx)                   Output Shape              Param #
==========================================================================================
NeuralNetwork                            [1, 2]                    10
├─Sequential: 1-1                        [1, 2]                    --
│    └─Linear: 2-1                       [1, 64]                   320
│    └─ReLU: 2-2                         [1, 64]                   --
│    └─Linear: 2-3                       [1, 64]                   4,160
│    └─ReLU: 2-4                         [1, 64]                   --
│    └─Linear: 2-5                       [1, 64]                   4,160
│    └─ReLU: 2-6                         [1, 64]                   --
│    └─Linear: 2-7                       [1, 64]                   4,160
│    └─ReLU: 2-8                         [1, 64]                   --
│    └─Linear: 2-9                       [1, 64]                   4,160
│    └─ReLU: 2-10                        [1, 64]                   --
│    └─Linear: 2-11                      [1, 64]                   4,160
│    └─ReLU: 2-12                        [1, 64]                   --
│    └─Linear: 2-13                      [1, 64]                   4,160
│    └─ReLU: 2-14                        [1, 64]                   --
│    └─Linear: 2-15                      [1, 2]                    130
├─Sequential: 1-2                        [1, 2]                    (recursive)
│    └─Linear: 2-16                      [1, 64]                   (recursive)
│    └─ReLU: 2-17                        [1, 64]                   --
│    └─Linear: 2-18                      [1, 64]                   (recursive)
│    └─ReLU: 2-19                        [1, 64]                   --
│    └─Linear: 2-20                      [1, 64]                   (recursive)
│    └─ReLU: 2-21                        [1, 64]                   --
│    └─Linear: 2-22                      [1, 64]                   (recursive)
│    └─ReLU: 2-23                        [1, 64]                   --
│    └─Linear: 2-24                      [1, 64]                   (recursive)
│    └─ReLU: 2-25                        [1, 64]                   --
│    └─Linear: 2-26                      [1, 64]                   (recursive)
│    └─ReLU: 2-27                        [1, 64]                   --
│    └─Linear: 2-28                      [1, 64]                   (recursive)
│    └─ReLU: 2-29                        [1, 64]                   --
│    └─Linear: 2-30                      [1, 2]                    (recursive)
==========================================================================================
Total params: 25,420
Trainable params: 25,410
Non-trainable params: 10
Total mult-adds (Units.MEGABYTES): 0.05
==========================================================================================
Input size (MB): 0.00
Forward/backward pass size (MB): 0.01
Params size (MB): 0.10
Estimated Total Size (MB): 0.11
==========================================================================================
==> Saving initial model weights...
==> Start training...
==> Number of param_groups in optimizer: 1
Epoch: 001 | Train Loss: 0.0013131 | Grad norm: 0.000020 | Time: 2s441ms
Epoch: 001 | Test Loss: 0.0013049 | Time: 538ms
==> Save the model at epoch 001 with test loss 0.0013049
Epoch: 002 | Train Loss: 0.0013127 | Grad norm: 0.000011 | Time: 2s268ms
Epoch: 002 | Test Loss: 0.0013053 | Time: 588ms
Epoch: 003 | Train Loss: 0.0013128 | Grad norm: 0.000003 | Time: 2s96ms
Epoch: 003 | Test Loss: 0.0013054 | Time: 544ms
Epoch: 004 | Train Loss: 0.0013130 | Grad norm: 0.000000 | Time: 2s220ms
Epoch: 004 | Test Loss: 0.0013054 | Time: 543ms
Epoch: 005 | Train Loss: 0.0013133 | Grad norm: 0.000000 | Time: 2s324ms
Epoch: 005 | Test Loss: 0.0013054 | Time: 542ms
Epoch: 006 | Train Loss: 0.0013135 | Grad norm: 0.000000 | Time: 2s124ms
Epoch: 006 | Test Loss: 0.0013054 | Time: 521ms
Epoch: 007 | Train Loss: 0.0013133 | Grad norm: 0.000000 | Time: 2s115ms
Epoch: 007 | Test Loss: 0.0013054 | Time: 581ms
Epoch: 008 | Train Loss: 0.0013133 | Grad norm: 0.000000 | Time: 2s323ms
Epoch: 008 | Test Loss: 0.0013054 | Time: 562ms
Epoch: 009 | Train Loss: 0.0013135 | Grad norm: 0.000000 | Time: 2s292ms
Epoch: 009 | Test Loss: 0.0013054 | Time: 533ms
Epoch: 010 | Train Loss: 0.0013136 | Grad norm: 0.000000 | Time: 2s356ms
Epoch: 010 | Test Loss: 0.0013054 | Time: 588ms
Epoch: 011 | Train Loss: 0.0013133 | Grad norm: 0.000000 | Time: 2s230ms
Epoch: 011 | Test Loss: 0.0013054 | Time: 515ms
Epoch: 012 | Train Loss: 0.0013132 | Grad norm: 0.000000 | Time: 1s984ms
Epoch: 012 | Test Loss: 0.0013054 | Time: 580ms
Epoch: 013 | Train Loss: 0.0013128 | Grad norm: 0.000000 | Time: 2s250ms
Epoch: 013 | Test Loss: 0.0013054 | Time: 524ms
Epoch: 014 | Train Loss: 0.0013130 | Grad norm: 0.000000 | Time: 2s160ms
Epoch: 014 | Test Loss: 0.0013054 | Time: 517ms
Epoch: 015 | Train Loss: 0.0013134 | Grad norm: 0.000000 | Time: 2s110ms
Epoch: 015 | Test Loss: 0.0013054 | Time: 560ms
Epoch: 016 | Train Loss: 0.0013132 | Grad norm: 0.000000 | Time: 2s259ms
Epoch: 016 | Test Loss: 0.0013054 | Time: 532ms
Epoch: 017 | Train Loss: 0.0013133 | Grad norm: 0.000000 | Time: 2s246ms
Epoch: 017 | Test Loss: 0.0013054 | Time: 536ms
Epoch: 018 | Train Loss: 0.0013133 | Grad norm: 0.000000 | Time: 2s74ms
Epoch: 018 | Test Loss: 0.0013054 | Time: 610ms
Epoch: 019 | Train Loss: 0.0013132 | Grad norm: 0.000000 | Time: 2s157ms
Epoch: 019 | Test Loss: 0.0013054 | Time: 526ms
Epoch: 020 | Train Loss: 0.0013135 | Grad norm: 0.000000 | Time: 2s234ms
Epoch: 020 | Test Loss: 0.0013054 | Time: 527ms
Epoch: 021 | Train Loss: 0.0013133 | Grad norm: 0.000000 | Time: 2s297ms
Epoch: 021 | Test Loss: 0.0013054 | Time: 526ms
Epoch: 022 | Train Loss: 0.0013129 | Grad norm: 0.000000 | Time: 2s172ms
Epoch: 022 | Test Loss: 0.0013054 | Time: 556ms
Epoch: 023 | Train Loss: 0.0013132 | Grad norm: 0.000000 | Time: 2s204ms
Epoch: 023 | Test Loss: 0.0013054 | Time: 549ms
Epoch: 024 | Train Loss: 0.0013136 | Grad norm: 0.000000 | Time: 2s282ms
Epoch: 024 | Test Loss: 0.0013054 | Time: 535ms
Epoch: 025 | Train Loss: 0.0013129 | Grad norm: 0.000000 | Time: 2s255ms
Epoch: 025 | Test Loss: 0.0013054 | Time: 527ms
Epoch: 026 | Train Loss: 0.0013137 | Grad norm: 0.000000 | Time: 2s192ms
Epoch: 026 | Test Loss: 0.0013054 | Time: 599ms
Epoch: 027 | Train Loss: 0.0013132 | Grad norm: 0.000000 | Time: 2s174ms
Epoch: 027 | Test Loss: 0.0013054 | Time: 545ms
Epoch: 028 | Train Loss: 0.0013130 | Grad norm: 0.000000 | Time: 2s168ms
Epoch: 028 | Test Loss: 0.0013054 | Time: 537ms
Epoch: 029 | Train Loss: 0.0013132 | Grad norm: 0.000000 | Time: 2s187ms
Epoch: 029 | Test Loss: 0.0013054 | Time: 519ms
Epoch: 030 | Train Loss: 0.0013136 | Grad norm: 0.000000 | Time: 2s153ms
Epoch: 030 | Test Loss: 0.0013054 | Time: 548ms
Epoch: 031 | Train Loss: 0.0013128 | Grad norm: 0.000000 | Time: 2s203ms
Epoch: 031 | Test Loss: 0.0013054 | Time: 634ms
Epoch: 032 | Train Loss: 0.0013131 | Grad norm: 0.000000 | Time: 2s224ms
Epoch: 032 | Test Loss: 0.0013054 | Time: 522ms
Epoch: 033 | Train Loss: 0.0013135 | Grad norm: 0.000000 | Time: 2s172ms
Epoch: 033 | Test Loss: 0.0013054 | Time: 544ms
Epoch: 034 | Train Loss: 0.0013133 | Grad norm: 0.000000 | Time: 2s84ms
Epoch: 034 | Test Loss: 0.0013054 | Time: 602ms
Epoch: 035 | Train Loss: 0.0013130 | Grad norm: 0.000000 | Time: 2s135ms
Epoch: 035 | Test Loss: 0.0013054 | Time: 544ms
Epoch: 036 | Train Loss: 0.0013133 | Grad norm: 0.000000 | Time: 2s132ms
Epoch: 036 | Test Loss: 0.0013054 | Time: 542ms
Epoch: 037 | Train Loss: 0.0013135 | Grad norm: 0.000000 | Time: 2s174ms
Epoch: 037 | Test Loss: 0.0013054 | Time: 522ms
Epoch: 038 | Train Loss: 0.0013130 | Grad norm: 0.000000 | Time: 2s156ms
Epoch: 038 | Test Loss: 0.0013054 | Time: 523ms
Epoch: 039 | Train Loss: 0.0013137 | Grad norm: 0.000000 | Time: 2s188ms
Epoch: 039 | Test Loss: 0.0013054 | Time: 637ms
Epoch: 040 | Train Loss: 0.0013132 | Grad norm: 0.000000 | Time: 2s162ms
Epoch: 040 | Test Loss: 0.0013054 | Time: 532ms
Total time: 1m50s
==> Saving trained model weights...
==> Input bias to be applied to the neural network (trained):
[0. 0. 0. 0.]
==> Input transform to be applied to the neural network (trained):
[ 0.62900996  0.6288517  11.614402    9.487666  ]
==> Output transform to be applied to the neural network (trained):
[0.0251 0.0262]
==> Saving training info...
==> Drawing training loss...
==> Drawing grad norm...
==> Drawing testing loss...
==> Process finished.
