==> torch device:  cuda:3
==> Test-Train split: test_ratio = 0.20
==> Test-Train split seed:  None
==> Further split: further_train_ratio = 1.00
==> Further split seed:  None
==> Input bias to be applied to the neural network:
[0. 0.]
==> Input transform to be applied to the neural network:
[0.5090095 0.5090095]
==> Ouput transform to be applied to the neural network:
[3.9366 3.9363]
==> Evaluating model...
==========================================================================================
Layer (type:depth-idx)                   Output Shape              Param #
==========================================================================================
NeuralNetwork                            [1, 2]                    6
├─Sequential: 1-1                        [1, 2]                    --
│    └─Linear: 2-1                       [1, 64]                   192
│    └─ReLU: 2-2                         [1, 64]                   --
│    └─Linear: 2-3                       [1, 64]                   4,160
│    └─ReLU: 2-4                         [1, 64]                   --
│    └─Linear: 2-5                       [1, 64]                   4,160
│    └─ReLU: 2-6                         [1, 64]                   --
│    └─Linear: 2-7                       [1, 64]                   4,160
│    └─ReLU: 2-8                         [1, 64]                   --
│    └─Linear: 2-9                       [1, 64]                   4,160
│    └─ReLU: 2-10                        [1, 64]                   --
│    └─Linear: 2-11                      [1, 64]                   4,160
│    └─ReLU: 2-12                        [1, 64]                   --
│    └─Linear: 2-13                      [1, 64]                   4,160
│    └─ReLU: 2-14                        [1, 64]                   --
│    └─Linear: 2-15                      [1, 2]                    130
├─Sequential: 1-2                        [1, 2]                    (recursive)
│    └─Linear: 2-16                      [1, 64]                   (recursive)
│    └─ReLU: 2-17                        [1, 64]                   --
│    └─Linear: 2-18                      [1, 64]                   (recursive)
│    └─ReLU: 2-19                        [1, 64]                   --
│    └─Linear: 2-20                      [1, 64]                   (recursive)
│    └─ReLU: 2-21                        [1, 64]                   --
│    └─Linear: 2-22                      [1, 64]                   (recursive)
│    └─ReLU: 2-23                        [1, 64]                   --
│    └─Linear: 2-24                      [1, 64]                   (recursive)
│    └─ReLU: 2-25                        [1, 64]                   --
│    └─Linear: 2-26                      [1, 64]                   (recursive)
│    └─ReLU: 2-27                        [1, 64]                   --
│    └─Linear: 2-28                      [1, 64]                   (recursive)
│    └─ReLU: 2-29                        [1, 64]                   --
│    └─Linear: 2-30                      [1, 2]                    (recursive)
==========================================================================================
Total params: 25,288
Trainable params: 25,282
Non-trainable params: 6
Total mult-adds (Units.MEGABYTES): 0.05
==========================================================================================
Input size (MB): 0.00
Forward/backward pass size (MB): 0.01
Params size (MB): 0.10
Estimated Total Size (MB): 0.11
==========================================================================================
==> Saving initial model weights...
==> Start training...
==> Number of param_groups in optimizer: 1
Epoch: 001 | Train Loss: 31.0545251 | Grad norm: 0.917928 | Time: 4s367ms
Epoch: 001 | Test Loss: 30.8013689 | Time: 470ms
==> Save the model at epoch 001 with test loss 30.8013689
Epoch: 002 | Train Loss: 1.6467794 | Grad norm: 4.936564 | Time: 4s392ms
Epoch: 002 | Test Loss: 0.0246189 | Time: 480ms
==> Save the model at epoch 002 with test loss 0.0246189
Epoch: 003 | Train Loss: 0.0463870 | Grad norm: 3.699317 | Time: 4s152ms
Epoch: 003 | Test Loss: 0.0373963 | Time: 455ms
Epoch: 004 | Train Loss: 0.0540700 | Grad norm: 4.176537 | Time: 4s75ms
Epoch: 004 | Test Loss: 0.0261048 | Time: 499ms
Epoch: 005 | Train Loss: 0.0673845 | Grad norm: 4.904708 | Time: 4s198ms
Epoch: 005 | Test Loss: 0.0673368 | Time: 456ms
Epoch: 006 | Train Loss: 0.1079406 | Grad norm: 6.538520 | Time: 4s29ms
Epoch: 006 | Test Loss: 0.0489919 | Time: 524ms
Epoch: 007 | Train Loss: 0.0876310 | Grad norm: 5.963355 | Time: 4s117ms
Epoch: 007 | Test Loss: 0.0488621 | Time: 454ms
Epoch: 008 | Train Loss: 0.1196497 | Grad norm: 7.122734 | Time: 4s43ms
Epoch: 008 | Test Loss: 0.1503973 | Time: 460ms
Epoch: 009 | Train Loss: 0.0972125 | Grad norm: 6.421253 | Time: 3s798ms
Epoch: 009 | Test Loss: 0.0525153 | Time: 486ms
Epoch: 010 | Train Loss: 0.0857585 | Grad norm: 5.994664 | Time: 4s214ms
Epoch: 010 | Test Loss: 0.0457743 | Time: 470ms
Epoch: 011 | Train Loss: 0.0749625 | Grad norm: 5.446261 | Time: 4s317ms
Epoch: 011 | Test Loss: 0.0386911 | Time: 469ms
Epoch: 012 | Train Loss: 0.0810246 | Grad norm: 5.689280 | Time: 4s69ms
Epoch: 012 | Test Loss: 0.0606218 | Time: 472ms
Epoch: 013 | Train Loss: 0.0744731 | Grad norm: 5.202838 | Time: 3s981ms
Epoch: 013 | Test Loss: 0.1123714 | Time: 458ms
Epoch: 014 | Train Loss: 0.0526671 | Grad norm: 4.555717 | Time: 4s162ms
Epoch: 014 | Test Loss: 0.0311807 | Time: 525ms
Epoch: 015 | Train Loss: 0.0602669 | Grad norm: 4.648810 | Time: 4s157ms
Epoch: 015 | Test Loss: 0.0848109 | Time: 456ms
Epoch: 016 | Train Loss: 0.0468543 | Grad norm: 4.048820 | Time: 4s328ms
Epoch: 016 | Test Loss: 0.0459634 | Time: 457ms
Epoch: 017 | Train Loss: 0.0405867 | Grad norm: 3.894063 | Time: 3s902ms
Epoch: 017 | Test Loss: 0.0766729 | Time: 454ms
Epoch: 018 | Train Loss: 0.0307808 | Grad norm: 3.219008 | Time: 4s230ms
Epoch: 018 | Test Loss: 0.0267383 | Time: 457ms
Epoch: 019 | Train Loss: 0.0325124 | Grad norm: 3.299829 | Time: 4s130ms
Epoch: 019 | Test Loss: 0.0308861 | Time: 453ms
Epoch: 020 | Train Loss: 0.0339998 | Grad norm: 3.352885 | Time: 4s34ms
Epoch: 020 | Test Loss: 0.0192161 | Time: 456ms
==> Save the model at epoch 020 with test loss 0.0192161
Epoch: 021 | Train Loss: 0.0211888 | Grad norm: 2.485067 | Time: 4s379ms
Epoch: 021 | Test Loss: 0.0298364 | Time: 499ms
Epoch: 022 | Train Loss: 0.0174964 | Grad norm: 2.141733 | Time: 4s257ms
Epoch: 022 | Test Loss: 0.0166168 | Time: 522ms
==> Save the model at epoch 022 with test loss 0.0166168
Epoch: 023 | Train Loss: 0.0211879 | Grad norm: 2.390309 | Time: 4s247ms
Epoch: 023 | Test Loss: 0.0176651 | Time: 495ms
Epoch: 024 | Train Loss: 0.0186820 | Grad norm: 2.175657 | Time: 4s75ms
Epoch: 024 | Test Loss: 0.0133717 | Time: 470ms
==> Save the model at epoch 024 with test loss 0.0133717
Epoch: 025 | Train Loss: 0.0132471 | Grad norm: 1.594410 | Time: 3s898ms
Epoch: 025 | Test Loss: 0.0100904 | Time: 454ms
==> Save the model at epoch 025 with test loss 0.0100904
Epoch: 026 | Train Loss: 0.0134312 | Grad norm: 1.628780 | Time: 4s170ms
Epoch: 026 | Test Loss: 0.0142365 | Time: 452ms
Epoch: 027 | Train Loss: 0.0119207 | Grad norm: 1.400287 | Time: 4s225ms
Epoch: 027 | Test Loss: 0.0099184 | Time: 451ms
==> Save the model at epoch 027 with test loss 0.0099184
Epoch: 028 | Train Loss: 0.0106118 | Grad norm: 1.147781 | Time: 4s56ms
Epoch: 028 | Test Loss: 0.0188013 | Time: 466ms
Epoch: 029 | Train Loss: 0.0102162 | Grad norm: 1.065683 | Time: 4s101ms
Epoch: 029 | Test Loss: 0.0103805 | Time: 475ms
Epoch: 030 | Train Loss: 0.0093117 | Grad norm: 0.873021 | Time: 4s338ms
Epoch: 030 | Test Loss: 0.0085409 | Time: 453ms
==> Save the model at epoch 030 with test loss 0.0085409
Epoch: 031 | Train Loss: 0.0092930 | Grad norm: 0.881748 | Time: 4s126ms
Epoch: 031 | Test Loss: 0.0090648 | Time: 458ms
Epoch: 032 | Train Loss: 0.0090562 | Grad norm: 0.834463 | Time: 4s107ms
Epoch: 032 | Test Loss: 0.0090116 | Time: 456ms
Epoch: 033 | Train Loss: 0.0087595 | Grad norm: 0.715684 | Time: 4s128ms
Epoch: 033 | Test Loss: 0.0082108 | Time: 528ms
==> Save the model at epoch 033 with test loss 0.0082108
Epoch: 034 | Train Loss: 0.0083296 | Grad norm: 0.564336 | Time: 4s112ms
Epoch: 034 | Test Loss: 0.0081661 | Time: 466ms
==> Save the model at epoch 034 with test loss 0.0081661
Epoch: 035 | Train Loss: 0.0082614 | Grad norm: 0.512049 | Time: 3s835ms
Epoch: 035 | Test Loss: 0.0077265 | Time: 459ms
==> Save the model at epoch 035 with test loss 0.0077265
Epoch: 036 | Train Loss: 0.0080721 | Grad norm: 0.454102 | Time: 4s103ms
Epoch: 036 | Test Loss: 0.0079124 | Time: 453ms
Epoch: 037 | Train Loss: 0.0080257 | Grad norm: 0.394178 | Time: 4s99ms
Epoch: 037 | Test Loss: 0.0080570 | Time: 455ms
Epoch: 038 | Train Loss: 0.0078437 | Grad norm: 0.338135 | Time: 4s328ms
Epoch: 038 | Test Loss: 0.0077197 | Time: 463ms
==> Save the model at epoch 038 with test loss 0.0077197
Epoch: 039 | Train Loss: 0.0079186 | Grad norm: 0.306229 | Time: 4s330ms
Epoch: 039 | Test Loss: 0.0076938 | Time: 464ms
==> Save the model at epoch 039 with test loss 0.0076938
Epoch: 040 | Train Loss: 0.0078288 | Grad norm: 0.253651 | Time: 4s192ms
Epoch: 040 | Test Loss: 0.0076546 | Time: 454ms
==> Save the model at epoch 040 with test loss 0.0076546
Total time: 3m4s
==> Saving trained model weights...
==> Input bias to be applied to the neural network (trained):
[0. 0.]
==> Input transform to be applied to the neural network (trained):
[0.5090095 0.5090095]
==> Output transform to be applied to the neural network (trained):
[3.9366 3.9363]
==> Saving training info...
==> Drawing training loss...
==> Drawing grad norm...
==> Drawing testing loss...
==> Process finished.
