==> torch device:  cuda:0
==> Test-Train split: test_ratio = 0.20
==> Test-Train split seed:  None
==> Further split: further_train_ratio = 1.00
==> Further split seed:  None
==> Input bias to be applied to the neural network:
[0. 0. 0. 0.]
==> Input transform to be applied to the neural network:
[1. 1. 1. 1.]
==> Ouput transform to be applied to the neural network:
[1. 1.]
==> Evaluating model...
==========================================================================================
Layer (type:depth-idx)                   Output Shape              Param #
==========================================================================================
NeuralNetwork                            [1, 2]                    10
├─Sequential: 1-1                        [1, 2]                    --
│    └─Linear: 2-1                       [1, 64]                   320
│    └─LeakyReLU: 2-2                    [1, 64]                   --
│    └─Linear: 2-3                       [1, 64]                   4,160
│    └─LeakyReLU: 2-4                    [1, 64]                   --
│    └─Linear: 2-5                       [1, 64]                   4,160
│    └─LeakyReLU: 2-6                    [1, 64]                   --
│    └─Linear: 2-7                       [1, 64]                   4,160
│    └─LeakyReLU: 2-8                    [1, 64]                   --
│    └─Linear: 2-9                       [1, 64]                   4,160
│    └─LeakyReLU: 2-10                   [1, 64]                   --
│    └─Linear: 2-11                      [1, 64]                   4,160
│    └─LeakyReLU: 2-12                   [1, 64]                   --
│    └─Linear: 2-13                      [1, 64]                   4,160
│    └─LeakyReLU: 2-14                   [1, 64]                   --
│    └─Linear: 2-15                      [1, 2]                    130
==========================================================================================
Total params: 25,420
Trainable params: 25,410
Non-trainable params: 10
Total mult-adds (Units.MEGABYTES): 0.03
==========================================================================================
Input size (MB): 0.00
Forward/backward pass size (MB): 0.00
Params size (MB): 0.10
Estimated Total Size (MB): 0.11
==========================================================================================
==> Saving initial model weights...
==> Start training...
Epoch: 001 | Loss: 0.0187890 | L2 loss: 0.0186161 | Lip loss: 0.0001729 | Grad norm: 0.101847 | Time: 34s815ms
Epoch: 001 | Test Loss: 0.0106773 | Time: 495ms
==> Save the model at epoch 001 with test loss 0.0106773
Epoch: 002 | Loss: 0.0102840 | L2 loss: 0.0101024 | Lip loss: 0.0001816 | Grad norm: 0.065754 | Time: 33s902ms
Epoch: 002 | Test Loss: 0.0107261 | Time: 494ms
Epoch: 003 | Loss: 0.0101247 | L2 loss: 0.0099426 | Lip loss: 0.0001821 | Grad norm: 0.058110 | Time: 35s53ms
Epoch: 003 | Test Loss: 0.0106674 | Time: 504ms
==> Save the model at epoch 003 with test loss 0.0106674
Epoch: 004 | Loss: 0.0100308 | L2 loss: 0.0098496 | Lip loss: 0.0001812 | Grad norm: 0.054965 | Time: 33s839ms
Epoch: 004 | Test Loss: 0.0107147 | Time: 514ms
Epoch: 005 | Loss: 0.0099313 | L2 loss: 0.0097495 | Lip loss: 0.0001818 | Grad norm: 0.051084 | Time: 34s692ms
Epoch: 005 | Test Loss: 0.0103717 | Time: 495ms
==> Save the model at epoch 005 with test loss 0.0103717
Epoch: 006 | Loss: 0.0095598 | L2 loss: 0.0093772 | Lip loss: 0.0001826 | Grad norm: 0.029451 | Time: 34s91ms
Epoch: 006 | Test Loss: 0.0100634 | Time: 575ms
==> Save the model at epoch 006 with test loss 0.0100634
Epoch: 007 | Loss: 0.0094992 | L2 loss: 0.0093170 | Lip loss: 0.0001822 | Grad norm: 0.027504 | Time: 32s963ms
Epoch: 007 | Test Loss: 0.0099935 | Time: 562ms
==> Save the model at epoch 007 with test loss 0.0099935
Epoch: 008 | Loss: 0.0094605 | L2 loss: 0.0092793 | Lip loss: 0.0001812 | Grad norm: 0.030063 | Time: 33s741ms
Epoch: 008 | Test Loss: 0.0099745 | Time: 498ms
==> Save the model at epoch 008 with test loss 0.0099745
Epoch: 009 | Loss: 0.0094013 | L2 loss: 0.0092201 | Lip loss: 0.0001812 | Grad norm: 0.030750 | Time: 34s156ms
Epoch: 009 | Test Loss: 0.0098804 | Time: 536ms
==> Save the model at epoch 009 with test loss 0.0098804
Epoch: 010 | Loss: 0.0093408 | L2 loss: 0.0091576 | Lip loss: 0.0001831 | Grad norm: 0.031218 | Time: 33s771ms
Epoch: 010 | Test Loss: 0.0098515 | Time: 498ms
==> Save the model at epoch 010 with test loss 0.0098515
Epoch: 011 | Loss: 0.0092648 | L2 loss: 0.0090806 | Lip loss: 0.0001842 | Grad norm: 0.027609 | Time: 32s919ms
Epoch: 011 | Test Loss: 0.0097744 | Time: 495ms
==> Save the model at epoch 011 with test loss 0.0097744
Epoch: 012 | Loss: 0.0092502 | L2 loss: 0.0090678 | Lip loss: 0.0001824 | Grad norm: 0.027130 | Time: 33s985ms
Epoch: 012 | Test Loss: 0.0097652 | Time: 494ms
==> Save the model at epoch 012 with test loss 0.0097652
Epoch: 013 | Loss: 0.0092412 | L2 loss: 0.0090602 | Lip loss: 0.0001810 | Grad norm: 0.027339 | Time: 33s797ms
Epoch: 013 | Test Loss: 0.0097480 | Time: 500ms
==> Save the model at epoch 013 with test loss 0.0097480
Epoch: 014 | Loss: 0.0092349 | L2 loss: 0.0090516 | Lip loss: 0.0001833 | Grad norm: 0.027979 | Time: 33s968ms
Epoch: 014 | Test Loss: 0.0097418 | Time: 493ms
==> Save the model at epoch 014 with test loss 0.0097418
Epoch: 015 | Loss: 0.0092271 | L2 loss: 0.0090441 | Lip loss: 0.0001831 | Grad norm: 0.027557 | Time: 33s688ms
Epoch: 015 | Test Loss: 0.0097352 | Time: 571ms
==> Save the model at epoch 015 with test loss 0.0097352
Epoch: 016 | Loss: 0.0092163 | L2 loss: 0.0090336 | Lip loss: 0.0001826 | Grad norm: 0.027125 | Time: 34s81ms
Epoch: 016 | Test Loss: 0.0097309 | Time: 571ms
==> Save the model at epoch 016 with test loss 0.0097309
Epoch: 017 | Loss: 0.0092149 | L2 loss: 0.0090322 | Lip loss: 0.0001827 | Grad norm: 0.027342 | Time: 34s109ms
Epoch: 017 | Test Loss: 0.0097303 | Time: 515ms
==> Save the model at epoch 017 with test loss 0.0097303
Epoch: 018 | Loss: 0.0092144 | L2 loss: 0.0090312 | Lip loss: 0.0001832 | Grad norm: 0.027295 | Time: 33s968ms
Epoch: 018 | Test Loss: 0.0097294 | Time: 503ms
==> Save the model at epoch 018 with test loss 0.0097294
Epoch: 019 | Loss: 0.0092144 | L2 loss: 0.0090305 | Lip loss: 0.0001839 | Grad norm: 0.027642 | Time: 34s30ms
Epoch: 019 | Test Loss: 0.0097274 | Time: 497ms
==> Save the model at epoch 019 with test loss 0.0097274
Epoch: 020 | Loss: 0.0092137 | L2 loss: 0.0090297 | Lip loss: 0.0001840 | Grad norm: 0.027633 | Time: 34s685ms
Epoch: 020 | Test Loss: 0.0097266 | Time: 579ms
==> Save the model at epoch 020 with test loss 0.0097266
Epoch: 021 | Loss: 0.0092131 | L2 loss: 0.0090284 | Lip loss: 0.0001847 | Grad norm: 0.028152 | Time: 33s789ms
Epoch: 021 | Test Loss: 0.0097263 | Time: 512ms
==> Save the model at epoch 021 with test loss 0.0097263
Epoch: 022 | Loss: 0.0092102 | L2 loss: 0.0090283 | Lip loss: 0.0001819 | Grad norm: 0.026881 | Time: 34s116ms
Epoch: 022 | Test Loss: 0.0097262 | Time: 503ms
==> Save the model at epoch 022 with test loss 0.0097262
Epoch: 023 | Loss: 0.0092099 | L2 loss: 0.0090281 | Lip loss: 0.0001817 | Grad norm: 0.027632 | Time: 34s15ms
Epoch: 023 | Test Loss: 0.0097260 | Time: 553ms
==> Save the model at epoch 023 with test loss 0.0097260
Epoch: 024 | Loss: 0.0092098 | L2 loss: 0.0090280 | Lip loss: 0.0001817 | Grad norm: 0.027319 | Time: 33s811ms
Epoch: 024 | Test Loss: 0.0097259 | Time: 573ms
==> Save the model at epoch 024 with test loss 0.0097259
Epoch: 025 | Loss: 0.0092128 | L2 loss: 0.0090279 | Lip loss: 0.0001849 | Grad norm: 0.026832 | Time: 34s36ms
Epoch: 025 | Test Loss: 0.0097258 | Time: 591ms
==> Save the model at epoch 025 with test loss 0.0097258
Epoch: 026 | Loss: 0.0092100 | L2 loss: 0.0090278 | Lip loss: 0.0001822 | Grad norm: 0.026975 | Time: 33s388ms
Epoch: 026 | Test Loss: 0.0097258 | Time: 493ms
==> Save the model at epoch 026 with test loss 0.0097258
Epoch: 027 | Loss: 0.0092104 | L2 loss: 0.0090278 | Lip loss: 0.0001826 | Grad norm: 0.027193 | Time: 33s153ms
Epoch: 027 | Test Loss: 0.0097258 | Time: 496ms
==> Save the model at epoch 027 with test loss 0.0097258
Epoch: 028 | Loss: 0.0092107 | L2 loss: 0.0090278 | Lip loss: 0.0001829 | Grad norm: 0.027155 | Time: 34s53ms
Epoch: 028 | Test Loss: 0.0097257 | Time: 496ms
==> Save the model at epoch 028 with test loss 0.0097257
Epoch: 029 | Loss: 0.0092108 | L2 loss: 0.0090278 | Lip loss: 0.0001830 | Grad norm: 0.027264 | Time: 33s698ms
Epoch: 029 | Test Loss: 0.0097257 | Time: 502ms
==> Save the model at epoch 029 with test loss 0.0097257
Epoch: 030 | Loss: 0.0092097 | L2 loss: 0.0090278 | Lip loss: 0.0001819 | Grad norm: 0.026772 | Time: 33s645ms
Epoch: 030 | Test Loss: 0.0097257 | Time: 497ms
==> Save the model at epoch 030 with test loss 0.0097257
Epoch: 031 | Loss: 0.0092107 | L2 loss: 0.0090278 | Lip loss: 0.0001829 | Grad norm: 0.027046 | Time: 34s126ms
Epoch: 031 | Test Loss: 0.0097257 | Time: 497ms
==> Save the model at epoch 031 with test loss 0.0097257
Epoch: 032 | Loss: 0.0092109 | L2 loss: 0.0090278 | Lip loss: 0.0001831 | Grad norm: 0.027118 | Time: 33s890ms
Epoch: 032 | Test Loss: 0.0097257 | Time: 565ms
==> Save the model at epoch 032 with test loss 0.0097257
Epoch: 033 | Loss: 0.0092118 | L2 loss: 0.0090278 | Lip loss: 0.0001840 | Grad norm: 0.028040 | Time: 34s430ms
Epoch: 033 | Test Loss: 0.0097257 | Time: 499ms
==> Save the model at epoch 033 with test loss 0.0097257
Epoch: 034 | Loss: 0.0092115 | L2 loss: 0.0090278 | Lip loss: 0.0001837 | Grad norm: 0.027069 | Time: 34s673ms
Epoch: 034 | Test Loss: 0.0097257 | Time: 562ms
Epoch: 035 | Loss: 0.0092110 | L2 loss: 0.0090278 | Lip loss: 0.0001833 | Grad norm: 0.027642 | Time: 34s134ms
Epoch: 035 | Test Loss: 0.0097257 | Time: 576ms
Epoch: 036 | Loss: 0.0092098 | L2 loss: 0.0090278 | Lip loss: 0.0001820 | Grad norm: 0.026123 | Time: 34s48ms
Epoch: 036 | Test Loss: 0.0097257 | Time: 504ms
Epoch: 037 | Loss: 0.0092099 | L2 loss: 0.0090278 | Lip loss: 0.0001822 | Grad norm: 0.026783 | Time: 33s684ms
Epoch: 037 | Test Loss: 0.0097257 | Time: 496ms
Epoch: 038 | Loss: 0.0092116 | L2 loss: 0.0090278 | Lip loss: 0.0001838 | Grad norm: 0.027065 | Time: 35s85ms
Epoch: 038 | Test Loss: 0.0097257 | Time: 503ms
Epoch: 039 | Loss: 0.0092104 | L2 loss: 0.0090278 | Lip loss: 0.0001826 | Grad norm: 0.027523 | Time: 34s268ms
Epoch: 039 | Test Loss: 0.0097257 | Time: 502ms
Epoch: 040 | Loss: 0.0092107 | L2 loss: 0.0090278 | Lip loss: 0.0001830 | Grad norm: 0.026882 | Time: 33s340ms
Epoch: 040 | Test Loss: 0.0097257 | Time: 515ms
Total time: 23m550ms
==> Saving trained model weights...
==> Input bias to be applied to the neural network (trained):
[0. 0. 0. 0.]
==> Input transform to be applied to the neural network (trained):
[1. 1. 1. 1.]
==> Output transform to be applied to the neural network (trained):
[1. 1.]
==> Saving training info...
==> Drawing training loss...
==> Drawing grad norm...
==> Drawing testing loss...
==> Drawing l2 loss...
==> Drawing lip loss...
==> Process finished.
