==> torch device:  cuda:1
==> Test-Train split: test_ratio = 0.20
==> Test-Train split seed:  None
==> Further split: further_train_ratio = 0.25
==> Further split seed:  None
==> Input bias to be applied to the neural network:
[0. 0.]
==> Input transform to be applied to the neural network:
[0.48014596 0.48395684]
==> Ouput transform to be applied to the neural network:
[2.0663 2.0805]
==> Evaluating model...
==========================================================================================
Layer (type:depth-idx)                   Output Shape              Param #
==========================================================================================
NeuralNetwork                            [1, 2]                    6
├─Sequential: 1-1                        [1, 2]                    --
│    └─Linear: 2-1                       [1, 64]                   192
│    └─ReLU: 2-2                         [1, 64]                   --
│    └─Linear: 2-3                       [1, 64]                   4,160
│    └─ReLU: 2-4                         [1, 64]                   --
│    └─Linear: 2-5                       [1, 64]                   4,160
│    └─ReLU: 2-6                         [1, 64]                   --
│    └─Linear: 2-7                       [1, 64]                   4,160
│    └─ReLU: 2-8                         [1, 64]                   --
│    └─Linear: 2-9                       [1, 64]                   4,160
│    └─ReLU: 2-10                        [1, 64]                   --
│    └─Linear: 2-11                      [1, 64]                   4,160
│    └─ReLU: 2-12                        [1, 64]                   --
│    └─Linear: 2-13                      [1, 64]                   4,160
│    └─ReLU: 2-14                        [1, 64]                   --
│    └─Linear: 2-15                      [1, 2]                    130
├─Sequential: 1-2                        [1, 2]                    (recursive)
│    └─Linear: 2-16                      [1, 64]                   (recursive)
│    └─ReLU: 2-17                        [1, 64]                   --
│    └─Linear: 2-18                      [1, 64]                   (recursive)
│    └─ReLU: 2-19                        [1, 64]                   --
│    └─Linear: 2-20                      [1, 64]                   (recursive)
│    └─ReLU: 2-21                        [1, 64]                   --
│    └─Linear: 2-22                      [1, 64]                   (recursive)
│    └─ReLU: 2-23                        [1, 64]                   --
│    └─Linear: 2-24                      [1, 64]                   (recursive)
│    └─ReLU: 2-25                        [1, 64]                   --
│    └─Linear: 2-26                      [1, 64]                   (recursive)
│    └─ReLU: 2-27                        [1, 64]                   --
│    └─Linear: 2-28                      [1, 64]                   (recursive)
│    └─ReLU: 2-29                        [1, 64]                   --
│    └─Linear: 2-30                      [1, 2]                    (recursive)
==========================================================================================
Total params: 25,288
Trainable params: 25,282
Non-trainable params: 6
Total mult-adds (Units.MEGABYTES): 0.05
==========================================================================================
Input size (MB): 0.00
Forward/backward pass size (MB): 0.01
Params size (MB): 0.10
Estimated Total Size (MB): 0.11
==========================================================================================
==> Saving initial model weights...
==> Start training...
==> Number of param_groups in optimizer: 1
Epoch: 001 | Train Loss: 8.5748582 | Grad norm: 0.282849 | Time: 1s921ms
Epoch: 001 | Test Loss: 8.6106902 | Time: 780ms
==> Save the model at epoch 001 with test loss 8.6106902
Epoch: 002 | Train Loss: 5.8112622 | Grad norm: 3.601291 | Time: 1s818ms
Epoch: 002 | Test Loss: 0.1011390 | Time: 871ms
==> Save the model at epoch 002 with test loss 0.1011390
Epoch: 003 | Train Loss: 0.0137162 | Grad norm: 0.447014 | Time: 1s810ms
Epoch: 003 | Test Loss: 0.0029871 | Time: 793ms
==> Save the model at epoch 003 with test loss 0.0029871
Epoch: 004 | Train Loss: 0.0022199 | Grad norm: 0.226604 | Time: 1s625ms
Epoch: 004 | Test Loss: 0.0021300 | Time: 784ms
==> Save the model at epoch 004 with test loss 0.0021300
Epoch: 005 | Train Loss: 0.0014820 | Grad norm: 0.211955 | Time: 1s824ms
Epoch: 005 | Test Loss: 0.0013067 | Time: 814ms
==> Save the model at epoch 005 with test loss 0.0013067
Epoch: 006 | Train Loss: 0.0012848 | Grad norm: 0.236122 | Time: 1s741ms
Epoch: 006 | Test Loss: 0.0018048 | Time: 781ms
Epoch: 007 | Train Loss: 0.0013882 | Grad norm: 0.314779 | Time: 1s714ms
Epoch: 007 | Test Loss: 0.0010856 | Time: 931ms
==> Save the model at epoch 007 with test loss 0.0010856
Epoch: 008 | Train Loss: 0.0015901 | Grad norm: 0.370481 | Time: 1s736ms
Epoch: 008 | Test Loss: 0.0018674 | Time: 787ms
Epoch: 009 | Train Loss: 0.0019021 | Grad norm: 0.446690 | Time: 1s860ms
Epoch: 009 | Test Loss: 0.0014161 | Time: 894ms
Epoch: 010 | Train Loss: 0.0014440 | Grad norm: 0.351969 | Time: 1s680ms
Epoch: 010 | Test Loss: 0.0013470 | Time: 809ms
Epoch: 011 | Train Loss: 0.0012779 | Grad norm: 0.309670 | Time: 1s628ms
Epoch: 011 | Test Loss: 0.0021409 | Time: 790ms
Epoch: 012 | Train Loss: 0.0012583 | Grad norm: 0.307241 | Time: 1s780ms
Epoch: 012 | Test Loss: 0.0018260 | Time: 782ms
Epoch: 013 | Train Loss: 0.0013005 | Grad norm: 0.315695 | Time: 1s812ms
Epoch: 013 | Test Loss: 0.0011975 | Time: 794ms
Epoch: 014 | Train Loss: 0.0009327 | Grad norm: 0.212192 | Time: 1s654ms
Epoch: 014 | Test Loss: 0.0012693 | Time: 893ms
Epoch: 015 | Train Loss: 0.0009580 | Grad norm: 0.230265 | Time: 1s682ms
Epoch: 015 | Test Loss: 0.0013637 | Time: 782ms
Epoch: 016 | Train Loss: 0.0010782 | Grad norm: 0.271334 | Time: 1s718ms
Epoch: 016 | Test Loss: 0.0010449 | Time: 864ms
==> Save the model at epoch 016 with test loss 0.0010449
Epoch: 017 | Train Loss: 0.0009658 | Grad norm: 0.235440 | Time: 1s765ms
Epoch: 017 | Test Loss: 0.0008899 | Time: 781ms
==> Save the model at epoch 017 with test loss 0.0008899
Epoch: 018 | Train Loss: 0.0009308 | Grad norm: 0.218918 | Time: 1s796ms
Epoch: 018 | Test Loss: 0.0015126 | Time: 822ms
Epoch: 019 | Train Loss: 0.0009380 | Grad norm: 0.225395 | Time: 1s794ms
Epoch: 019 | Test Loss: 0.0008905 | Time: 879ms
Epoch: 020 | Train Loss: 0.0008664 | Grad norm: 0.199070 | Time: 1s843ms
Epoch: 020 | Test Loss: 0.0009182 | Time: 818ms
Epoch: 021 | Train Loss: 0.0010603 | Grad norm: 0.262659 | Time: 1s829ms
Epoch: 021 | Test Loss: 0.0012179 | Time: 852ms
Epoch: 022 | Train Loss: 0.0008314 | Grad norm: 0.181790 | Time: 1s713ms
Epoch: 022 | Test Loss: 0.0008498 | Time: 799ms
==> Save the model at epoch 022 with test loss 0.0008498
Epoch: 023 | Train Loss: 0.0007743 | Grad norm: 0.165514 | Time: 1s685ms
Epoch: 023 | Test Loss: 0.0007897 | Time: 915ms
==> Save the model at epoch 023 with test loss 0.0007897
Epoch: 024 | Train Loss: 0.0007575 | Grad norm: 0.159754 | Time: 1s657ms
Epoch: 024 | Test Loss: 0.0007927 | Time: 781ms
Epoch: 025 | Train Loss: 0.0007371 | Grad norm: 0.146532 | Time: 1s688ms
Epoch: 025 | Test Loss: 0.0009680 | Time: 790ms
Epoch: 026 | Train Loss: 0.0007133 | Grad norm: 0.135579 | Time: 2s
Epoch: 026 | Test Loss: 0.0007536 | Time: 849ms
==> Save the model at epoch 026 with test loss 0.0007536
Epoch: 027 | Train Loss: 0.0007111 | Grad norm: 0.134242 | Time: 1s765ms
Epoch: 027 | Test Loss: 0.0007792 | Time: 783ms
Epoch: 028 | Train Loss: 0.0006763 | Grad norm: 0.117013 | Time: 1s749ms
Epoch: 028 | Test Loss: 0.0007181 | Time: 809ms
==> Save the model at epoch 028 with test loss 0.0007181
Epoch: 029 | Train Loss: 0.0006528 | Grad norm: 0.104437 | Time: 1s828ms
Epoch: 029 | Test Loss: 0.0006888 | Time: 802ms
==> Save the model at epoch 029 with test loss 0.0006888
Epoch: 030 | Train Loss: 0.0006497 | Grad norm: 0.099760 | Time: 1s836ms
Epoch: 030 | Test Loss: 0.0006728 | Time: 793ms
==> Save the model at epoch 030 with test loss 0.0006728
Epoch: 031 | Train Loss: 0.0006404 | Grad norm: 0.097331 | Time: 1s837ms
Epoch: 031 | Test Loss: 0.0006169 | Time: 802ms
==> Save the model at epoch 031 with test loss 0.0006169
Epoch: 032 | Train Loss: 0.0006332 | Grad norm: 0.091004 | Time: 1s657ms
Epoch: 032 | Test Loss: 0.0006111 | Time: 805ms
==> Save the model at epoch 032 with test loss 0.0006111
Epoch: 033 | Train Loss: 0.0006158 | Grad norm: 0.076497 | Time: 1s714ms
Epoch: 033 | Test Loss: 0.0006314 | Time: 858ms
Epoch: 034 | Train Loss: 0.0006151 | Grad norm: 0.076770 | Time: 1s551ms
Epoch: 034 | Test Loss: 0.0006274 | Time: 798ms
Epoch: 035 | Train Loss: 0.0006048 | Grad norm: 0.068615 | Time: 1s705ms
Epoch: 035 | Test Loss: 0.0006165 | Time: 790ms
Epoch: 036 | Train Loss: 0.0005967 | Grad norm: 0.057632 | Time: 1s545ms
Epoch: 036 | Test Loss: 0.0005957 | Time: 786ms
==> Save the model at epoch 036 with test loss 0.0005957
Epoch: 037 | Train Loss: 0.0005902 | Grad norm: 0.051211 | Time: 1s669ms
Epoch: 037 | Test Loss: 0.0006028 | Time: 792ms
Epoch: 038 | Train Loss: 0.0005854 | Grad norm: 0.042507 | Time: 1s824ms
Epoch: 038 | Test Loss: 0.0005999 | Time: 923ms
Epoch: 039 | Train Loss: 0.0005835 | Grad norm: 0.041753 | Time: 1s775ms
Epoch: 039 | Test Loss: 0.0005916 | Time: 802ms
==> Save the model at epoch 039 with test loss 0.0005916
Epoch: 040 | Train Loss: 0.0005802 | Grad norm: 0.037177 | Time: 1s738ms
Epoch: 040 | Test Loss: 0.0005905 | Time: 878ms
==> Save the model at epoch 040 with test loss 0.0005905
Total time: 1m42s
==> Saving trained model weights...
==> Input bias to be applied to the neural network (trained):
[0. 0.]
==> Input transform to be applied to the neural network (trained):
[0.48014596 0.48395684]
==> Output transform to be applied to the neural network (trained):
[2.0663 2.0805]
==> Saving training info...
==> Drawing training loss...
==> Drawing grad norm...
==> Drawing testing loss...
==> Process finished.
