==> torch device:  cuda:3
==> Test-Train split: test_ratio = 0.20
==> Test-Train split seed:  None
==> Further split: further_train_ratio = 0.25
==> Further split seed:  None
==> Input bias to be applied to the neural network:
[0. 0.]
==> Input transform to be applied to the neural network:
[1. 1.]
==> Ouput transform to be applied to the neural network:
[1. 1.]
==> Evaluating model...
==========================================================================================
Layer (type:depth-idx)                   Output Shape              Param #
==========================================================================================
NeuralNetwork                            [1, 2]                    6
├─Sequential: 1-1                        [1, 2]                    --
│    └─Linear: 2-1                       [1, 64]                   192
│    └─LeakyReLU: 2-2                    [1, 64]                   --
│    └─Linear: 2-3                       [1, 64]                   4,160
│    └─LeakyReLU: 2-4                    [1, 64]                   --
│    └─Linear: 2-5                       [1, 64]                   4,160
│    └─LeakyReLU: 2-6                    [1, 64]                   --
│    └─Linear: 2-7                       [1, 64]                   4,160
│    └─LeakyReLU: 2-8                    [1, 64]                   --
│    └─Linear: 2-9                       [1, 64]                   4,160
│    └─LeakyReLU: 2-10                   [1, 64]                   --
│    └─Linear: 2-11                      [1, 64]                   4,160
│    └─LeakyReLU: 2-12                   [1, 64]                   --
│    └─Linear: 2-13                      [1, 64]                   4,160
│    └─LeakyReLU: 2-14                   [1, 64]                   --
│    └─Linear: 2-15                      [1, 2]                    130
==========================================================================================
Total params: 25,288
Trainable params: 25,282
Non-trainable params: 6
Total mult-adds (Units.MEGABYTES): 0.03
==========================================================================================
Input size (MB): 0.00
Forward/backward pass size (MB): 0.00
Params size (MB): 0.10
Estimated Total Size (MB): 0.10
==========================================================================================
==> Saving initial model weights...
==> Start training...
Epoch: 001 | Loss: 1.5972330 | L2 loss: 1.4960977 | Lip loss: 0.1011353 | Grad norm: 4.267218 | Time: 14s743ms
Epoch: 001 | Test Loss: 0.0390795 | Time: 748ms
==> Save the model at epoch 001 with test loss 0.0390795
Epoch: 002 | Loss: 0.1335445 | L2 loss: 0.0218970 | Lip loss: 0.1116476 | Grad norm: 2.941489 | Time: 14s391ms
Epoch: 002 | Test Loss: 0.0110254 | Time: 739ms
==> Save the model at epoch 002 with test loss 0.0110254
Epoch: 003 | Loss: 0.1286138 | L2 loss: 0.0166306 | Lip loss: 0.1119832 | Grad norm: 2.293947 | Time: 14s79ms
Epoch: 003 | Test Loss: 0.0127338 | Time: 804ms
Epoch: 004 | Loss: 0.1321050 | L2 loss: 0.0202516 | Lip loss: 0.1118534 | Grad norm: 2.610528 | Time: 14s740ms
Epoch: 004 | Test Loss: 0.0135316 | Time: 744ms
Epoch: 005 | Loss: 0.1254503 | L2 loss: 0.0136667 | Lip loss: 0.1117836 | Grad norm: 1.774167 | Time: 14s509ms
Epoch: 005 | Test Loss: 0.0106179 | Time: 726ms
==> Save the model at epoch 005 with test loss 0.0106179
Epoch: 006 | Loss: 0.1184648 | L2 loss: 0.0064719 | Lip loss: 0.1119929 | Grad norm: 0.627970 | Time: 14s400ms
Epoch: 006 | Test Loss: 0.0063757 | Time: 746ms
==> Save the model at epoch 006 with test loss 0.0063757
Epoch: 007 | Loss: 0.1169655 | L2 loss: 0.0057573 | Lip loss: 0.1112083 | Grad norm: 0.569132 | Time: 14s435ms
Epoch: 007 | Test Loss: 0.0064316 | Time: 757ms
Epoch: 008 | Loss: 0.1173333 | L2 loss: 0.0055296 | Lip loss: 0.1118037 | Grad norm: 0.573528 | Time: 14s486ms
Epoch: 008 | Test Loss: 0.0062996 | Time: 743ms
==> Save the model at epoch 008 with test loss 0.0062996
Epoch: 009 | Loss: 0.1177921 | L2 loss: 0.0058936 | Lip loss: 0.1118986 | Grad norm: 0.576162 | Time: 14s292ms
Epoch: 009 | Test Loss: 0.0054906 | Time: 732ms
==> Save the model at epoch 009 with test loss 0.0054906
Epoch: 010 | Loss: 0.1162017 | L2 loss: 0.0055479 | Lip loss: 0.1106538 | Grad norm: 0.604065 | Time: 14s700ms
Epoch: 010 | Test Loss: 0.0056700 | Time: 814ms
Epoch: 011 | Loss: 0.1161202 | L2 loss: 0.0048068 | Lip loss: 0.1113134 | Grad norm: 0.454116 | Time: 14s71ms
Epoch: 011 | Test Loss: 0.0047590 | Time: 748ms
==> Save the model at epoch 011 with test loss 0.0047590
Epoch: 012 | Loss: 0.1156202 | L2 loss: 0.0047333 | Lip loss: 0.1108869 | Grad norm: 0.449175 | Time: 14s280ms
Epoch: 012 | Test Loss: 0.0045829 | Time: 743ms
==> Save the model at epoch 012 with test loss 0.0045829
Epoch: 013 | Loss: 0.1150012 | L2 loss: 0.0046468 | Lip loss: 0.1103544 | Grad norm: 0.454465 | Time: 14s251ms
Epoch: 013 | Test Loss: 0.0045958 | Time: 737ms
Epoch: 014 | Loss: 0.1157007 | L2 loss: 0.0045648 | Lip loss: 0.1111359 | Grad norm: 0.473608 | Time: 14s551ms
Epoch: 014 | Test Loss: 0.0044540 | Time: 719ms
==> Save the model at epoch 014 with test loss 0.0044540
Epoch: 015 | Loss: 0.1158589 | L2 loss: 0.0045560 | Lip loss: 0.1113030 | Grad norm: 0.460087 | Time: 13s883ms
Epoch: 015 | Test Loss: 0.0047025 | Time: 811ms
Epoch: 016 | Loss: 0.1158933 | L2 loss: 0.0046061 | Lip loss: 0.1112873 | Grad norm: 0.446563 | Time: 14s530ms
Epoch: 016 | Test Loss: 0.0045813 | Time: 750ms
Epoch: 017 | Loss: 0.1158964 | L2 loss: 0.0046319 | Lip loss: 0.1112645 | Grad norm: 0.449697 | Time: 14s468ms
Epoch: 017 | Test Loss: 0.0046152 | Time: 734ms
Epoch: 018 | Loss: 0.1147738 | L2 loss: 0.0045517 | Lip loss: 0.1102222 | Grad norm: 0.458213 | Time: 14s102ms
Epoch: 018 | Test Loss: 0.0045017 | Time: 730ms
Epoch: 019 | Loss: 0.1158412 | L2 loss: 0.0045510 | Lip loss: 0.1112903 | Grad norm: 0.465457 | Time: 14s374ms
Epoch: 019 | Test Loss: 0.0045177 | Time: 730ms
Epoch: 020 | Loss: 0.1162949 | L2 loss: 0.0045297 | Lip loss: 0.1117651 | Grad norm: 0.455113 | Time: 14s109ms
Epoch: 020 | Test Loss: 0.0045482 | Time: 757ms
Epoch: 021 | Loss: 0.1163334 | L2 loss: 0.0045996 | Lip loss: 0.1117338 | Grad norm: 0.454932 | Time: 14s235ms
Epoch: 021 | Test Loss: 0.0045467 | Time: 736ms
Epoch: 022 | Loss: 0.1150673 | L2 loss: 0.0045746 | Lip loss: 0.1104927 | Grad norm: 0.447102 | Time: 14s181ms
Epoch: 022 | Test Loss: 0.0045460 | Time: 823ms
Epoch: 023 | Loss: 0.1165054 | L2 loss: 0.0045525 | Lip loss: 0.1119529 | Grad norm: 0.466618 | Time: 14s147ms
Epoch: 023 | Test Loss: 0.0045447 | Time: 742ms
Epoch: 024 | Loss: 0.1155830 | L2 loss: 0.0045555 | Lip loss: 0.1110275 | Grad norm: 0.474239 | Time: 13s929ms
Epoch: 024 | Test Loss: 0.0045386 | Time: 733ms
Epoch: 025 | Loss: 0.1156831 | L2 loss: 0.0045528 | Lip loss: 0.1111303 | Grad norm: 0.441037 | Time: 14s309ms
Epoch: 025 | Test Loss: 0.0045356 | Time: 734ms
Epoch: 026 | Loss: 0.1159780 | L2 loss: 0.0045489 | Lip loss: 0.1114290 | Grad norm: 0.463715 | Time: 14s379ms
Epoch: 026 | Test Loss: 0.0045359 | Time: 723ms
Epoch: 027 | Loss: 0.1159984 | L2 loss: 0.0045527 | Lip loss: 0.1114457 | Grad norm: 0.430943 | Time: 13s829ms
Epoch: 027 | Test Loss: 0.0045364 | Time: 801ms
Epoch: 028 | Loss: 0.1158910 | L2 loss: 0.0045669 | Lip loss: 0.1113241 | Grad norm: 0.448138 | Time: 14s150ms
Epoch: 028 | Test Loss: 0.0045365 | Time: 741ms
Epoch: 029 | Loss: 0.1153963 | L2 loss: 0.0045598 | Lip loss: 0.1108365 | Grad norm: 0.425120 | Time: 14s184ms
Epoch: 029 | Test Loss: 0.0045367 | Time: 750ms
Epoch: 030 | Loss: 0.1155994 | L2 loss: 0.0045500 | Lip loss: 0.1110493 | Grad norm: 0.443330 | Time: 14s682ms
Epoch: 030 | Test Loss: 0.0045374 | Time: 737ms
Epoch: 031 | Loss: 0.1157060 | L2 loss: 0.0045665 | Lip loss: 0.1111395 | Grad norm: 0.446669 | Time: 14s842ms
Epoch: 031 | Test Loss: 0.0045374 | Time: 732ms
Epoch: 032 | Loss: 0.1158949 | L2 loss: 0.0045549 | Lip loss: 0.1113399 | Grad norm: 0.431433 | Time: 14s315ms
Epoch: 032 | Test Loss: 0.0045374 | Time: 735ms
Epoch: 033 | Loss: 0.1162119 | L2 loss: 0.0045467 | Lip loss: 0.1116652 | Grad norm: 0.445799 | Time: 14s395ms
Epoch: 033 | Test Loss: 0.0045374 | Time: 727ms
Epoch: 034 | Loss: 0.1159106 | L2 loss: 0.0045468 | Lip loss: 0.1113638 | Grad norm: 0.450570 | Time: 14s204ms
Epoch: 034 | Test Loss: 0.0045374 | Time: 813ms
Epoch: 035 | Loss: 0.1159841 | L2 loss: 0.0045479 | Lip loss: 0.1114362 | Grad norm: 0.476062 | Time: 14s1ms
Epoch: 035 | Test Loss: 0.0045374 | Time: 740ms
Epoch: 036 | Loss: 0.1153346 | L2 loss: 0.0045523 | Lip loss: 0.1107822 | Grad norm: 0.435295 | Time: 14s813ms
Epoch: 036 | Test Loss: 0.0045374 | Time: 742ms
Epoch: 037 | Loss: 0.1156438 | L2 loss: 0.0045497 | Lip loss: 0.1110940 | Grad norm: 0.463218 | Time: 14s922ms
Epoch: 037 | Test Loss: 0.0045374 | Time: 738ms
Epoch: 038 | Loss: 0.1158067 | L2 loss: 0.0045478 | Lip loss: 0.1112588 | Grad norm: 0.431877 | Time: 14s574ms
Epoch: 038 | Test Loss: 0.0045374 | Time: 742ms
Epoch: 039 | Loss: 0.1158818 | L2 loss: 0.0045454 | Lip loss: 0.1113364 | Grad norm: 0.453210 | Time: 14s210ms
Epoch: 039 | Test Loss: 0.0045374 | Time: 802ms
Epoch: 040 | Loss: 0.1161599 | L2 loss: 0.0045666 | Lip loss: 0.1115933 | Grad norm: 0.440959 | Time: 14s100ms
Epoch: 040 | Test Loss: 0.0045374 | Time: 735ms
Total time: 10m3s
==> Saving trained model weights...
==> Input bias to be applied to the neural network (trained):
[0. 0.]
==> Input transform to be applied to the neural network (trained):
[1. 1.]
==> Output transform to be applied to the neural network (trained):
[1. 1.]
==> Saving training info...
==> Drawing training loss...
==> Drawing grad norm...
==> Drawing testing loss...
==> Drawing l2 loss...
==> Drawing lip loss...
==> Process finished.
