==> torch device:  cuda:2
==> Test-Train split: test_ratio = 0.20
==> Test-Train split seed:  None
==> Further split: further_train_ratio = 1.00
==> Further split seed:  None
==> Input bias to be applied to the neural network:
[0. 0. 0. 0.]
==> Input transform to be applied to the neural network:
[ 0.62900996  0.6288517  11.614402    9.487666  ]
==> Ouput transform to be applied to the neural network:
[0.0251 0.0262]
==> Evaluating model...
==========================================================================================
Layer (type:depth-idx)                   Output Shape              Param #
==========================================================================================
NeuralNetwork                            [1, 2]                    10
├─Sequential: 1-1                        [1, 2]                    --
│    └─Linear: 2-1                       [1, 64]                   320
│    └─ReLU: 2-2                         [1, 64]                   --
│    └─Linear: 2-3                       [1, 64]                   4,160
│    └─ReLU: 2-4                         [1, 64]                   --
│    └─Linear: 2-5                       [1, 64]                   4,160
│    └─ReLU: 2-6                         [1, 64]                   --
│    └─Linear: 2-7                       [1, 64]                   4,160
│    └─ReLU: 2-8                         [1, 64]                   --
│    └─Linear: 2-9                       [1, 64]                   4,160
│    └─ReLU: 2-10                        [1, 64]                   --
│    └─Linear: 2-11                      [1, 64]                   4,160
│    └─ReLU: 2-12                        [1, 64]                   --
│    └─Linear: 2-13                      [1, 64]                   4,160
│    └─ReLU: 2-14                        [1, 64]                   --
│    └─Linear: 2-15                      [1, 2]                    130
├─Sequential: 1-2                        [1, 2]                    (recursive)
│    └─Linear: 2-16                      [1, 64]                   (recursive)
│    └─ReLU: 2-17                        [1, 64]                   --
│    └─Linear: 2-18                      [1, 64]                   (recursive)
│    └─ReLU: 2-19                        [1, 64]                   --
│    └─Linear: 2-20                      [1, 64]                   (recursive)
│    └─ReLU: 2-21                        [1, 64]                   --
│    └─Linear: 2-22                      [1, 64]                   (recursive)
│    └─ReLU: 2-23                        [1, 64]                   --
│    └─Linear: 2-24                      [1, 64]                   (recursive)
│    └─ReLU: 2-25                        [1, 64]                   --
│    └─Linear: 2-26                      [1, 64]                   (recursive)
│    └─ReLU: 2-27                        [1, 64]                   --
│    └─Linear: 2-28                      [1, 64]                   (recursive)
│    └─ReLU: 2-29                        [1, 64]                   --
│    └─Linear: 2-30                      [1, 2]                    (recursive)
==========================================================================================
Total params: 25,420
Trainable params: 25,410
Non-trainable params: 10
Total mult-adds (Units.MEGABYTES): 0.05
==========================================================================================
Input size (MB): 0.00
Forward/backward pass size (MB): 0.01
Params size (MB): 0.10
Estimated Total Size (MB): 0.11
==========================================================================================
==> Saving initial model weights...
==> Start training...
==> Number of param_groups in optimizer: 1
Epoch: 001 | Train Loss: 0.0013131 | Grad norm: 0.000020 | Time: 4s434ms
Epoch: 001 | Test Loss: 0.0013049 | Time: 500ms
==> Save the model at epoch 001 with test loss 0.0013049
Epoch: 002 | Train Loss: 0.0007357 | Grad norm: 0.000345 | Time: 4s261ms
Epoch: 002 | Test Loss: 0.0005544 | Time: 519ms
==> Save the model at epoch 002 with test loss 0.0005544
Epoch: 003 | Train Loss: 0.0005603 | Grad norm: 0.000377 | Time: 4s332ms
Epoch: 003 | Test Loss: 0.0005517 | Time: 499ms
==> Save the model at epoch 003 with test loss 0.0005517
Epoch: 004 | Train Loss: 0.0005593 | Grad norm: 0.000385 | Time: 4s552ms
Epoch: 004 | Test Loss: 0.0005522 | Time: 503ms
Epoch: 005 | Train Loss: 0.0005592 | Grad norm: 0.000385 | Time: 4s223ms
Epoch: 005 | Test Loss: 0.0005522 | Time: 531ms
Epoch: 006 | Train Loss: 0.0005592 | Grad norm: 0.000381 | Time: 4s124ms
Epoch: 006 | Test Loss: 0.0005521 | Time: 592ms
Epoch: 007 | Train Loss: 0.0005596 | Grad norm: 0.000383 | Time: 4s372ms
Epoch: 007 | Test Loss: 0.0005515 | Time: 502ms
==> Save the model at epoch 007 with test loss 0.0005515
Epoch: 008 | Train Loss: 0.0005592 | Grad norm: 0.000370 | Time: 4s361ms
Epoch: 008 | Test Loss: 0.0005526 | Time: 505ms
Epoch: 009 | Train Loss: 0.0005590 | Grad norm: 0.000365 | Time: 4s337ms
Epoch: 009 | Test Loss: 0.0005513 | Time: 501ms
==> Save the model at epoch 009 with test loss 0.0005513
Epoch: 010 | Train Loss: 0.0005587 | Grad norm: 0.000364 | Time: 4s224ms
Epoch: 010 | Test Loss: 0.0005518 | Time: 514ms
Epoch: 011 | Train Loss: 0.0005581 | Grad norm: 0.000358 | Time: 4s202ms
Epoch: 011 | Test Loss: 0.0005510 | Time: 508ms
==> Save the model at epoch 011 with test loss 0.0005510
Epoch: 012 | Train Loss: 0.0005577 | Grad norm: 0.000359 | Time: 4s47ms
Epoch: 012 | Test Loss: 0.0005507 | Time: 504ms
==> Save the model at epoch 012 with test loss 0.0005507
Epoch: 013 | Train Loss: 0.0005568 | Grad norm: 0.000349 | Time: 4s395ms
Epoch: 013 | Test Loss: 0.0005506 | Time: 508ms
==> Save the model at epoch 013 with test loss 0.0005506
Epoch: 014 | Train Loss: 0.0005570 | Grad norm: 0.000359 | Time: 4s412ms
Epoch: 014 | Test Loss: 0.0005530 | Time: 589ms
Epoch: 015 | Train Loss: 0.0005559 | Grad norm: 0.000347 | Time: 4s119ms
Epoch: 015 | Test Loss: 0.0005503 | Time: 504ms
==> Save the model at epoch 015 with test loss 0.0005503
Epoch: 016 | Train Loss: 0.0005563 | Grad norm: 0.000359 | Time: 4s418ms
Epoch: 016 | Test Loss: 0.0005526 | Time: 523ms
Epoch: 017 | Train Loss: 0.0005551 | Grad norm: 0.000343 | Time: 4s419ms
Epoch: 017 | Test Loss: 0.0005508 | Time: 501ms
Epoch: 018 | Train Loss: 0.0005548 | Grad norm: 0.000353 | Time: 4s133ms
Epoch: 018 | Test Loss: 0.0005494 | Time: 500ms
==> Save the model at epoch 018 with test loss 0.0005494
Epoch: 019 | Train Loss: 0.0005541 | Grad norm: 0.000359 | Time: 4s241ms
Epoch: 019 | Test Loss: 0.0005511 | Time: 525ms
Epoch: 020 | Train Loss: 0.0005538 | Grad norm: 0.000353 | Time: 4s270ms
Epoch: 020 | Test Loss: 0.0005498 | Time: 502ms
Epoch: 021 | Train Loss: 0.0005529 | Grad norm: 0.000343 | Time: 4s283ms
Epoch: 021 | Test Loss: 0.0005531 | Time: 503ms
Epoch: 022 | Train Loss: 0.0005526 | Grad norm: 0.000349 | Time: 4s319ms
Epoch: 022 | Test Loss: 0.0005510 | Time: 578ms
Epoch: 023 | Train Loss: 0.0005523 | Grad norm: 0.000355 | Time: 4s320ms
Epoch: 023 | Test Loss: 0.0005501 | Time: 518ms
Epoch: 024 | Train Loss: 0.0005519 | Grad norm: 0.000361 | Time: 4s179ms
Epoch: 024 | Test Loss: 0.0005516 | Time: 505ms
Epoch: 025 | Train Loss: 0.0005513 | Grad norm: 0.000354 | Time: 4s79ms
Epoch: 025 | Test Loss: 0.0005471 | Time: 510ms
==> Save the model at epoch 025 with test loss 0.0005471
Epoch: 026 | Train Loss: 0.0005504 | Grad norm: 0.000347 | Time: 4s245ms
Epoch: 026 | Test Loss: 0.0005457 | Time: 529ms
==> Save the model at epoch 026 with test loss 0.0005457
Epoch: 027 | Train Loss: 0.0005497 | Grad norm: 0.000356 | Time: 4s330ms
Epoch: 027 | Test Loss: 0.0005458 | Time: 524ms
Epoch: 028 | Train Loss: 0.0005492 | Grad norm: 0.000355 | Time: 4s183ms
Epoch: 028 | Test Loss: 0.0005468 | Time: 506ms
Epoch: 029 | Train Loss: 0.0005487 | Grad norm: 0.000359 | Time: 4s362ms
Epoch: 029 | Test Loss: 0.0005470 | Time: 508ms
Epoch: 030 | Train Loss: 0.0005482 | Grad norm: 0.000361 | Time: 4s425ms
Epoch: 030 | Test Loss: 0.0005469 | Time: 505ms
Epoch: 031 | Train Loss: 0.0005478 | Grad norm: 0.000364 | Time: 4s327ms
Epoch: 031 | Test Loss: 0.0005457 | Time: 499ms
Epoch: 032 | Train Loss: 0.0005473 | Grad norm: 0.000358 | Time: 4s208ms
Epoch: 032 | Test Loss: 0.0005449 | Time: 506ms
==> Save the model at epoch 032 with test loss 0.0005449
Epoch: 033 | Train Loss: 0.0005466 | Grad norm: 0.000361 | Time: 4s165ms
Epoch: 033 | Test Loss: 0.0005446 | Time: 582ms
==> Save the model at epoch 033 with test loss 0.0005446
Epoch: 034 | Train Loss: 0.0005465 | Grad norm: 0.000370 | Time: 4s360ms
Epoch: 034 | Test Loss: 0.0005442 | Time: 502ms
==> Save the model at epoch 034 with test loss 0.0005442
Epoch: 035 | Train Loss: 0.0005460 | Grad norm: 0.000370 | Time: 4s367ms
Epoch: 035 | Test Loss: 0.0005441 | Time: 499ms
==> Save the model at epoch 035 with test loss 0.0005441
Epoch: 036 | Train Loss: 0.0005457 | Grad norm: 0.000368 | Time: 4s368ms
Epoch: 036 | Test Loss: 0.0005438 | Time: 538ms
==> Save the model at epoch 036 with test loss 0.0005438
Epoch: 037 | Train Loss: 0.0005455 | Grad norm: 0.000363 | Time: 4s452ms
Epoch: 037 | Test Loss: 0.0005440 | Time: 502ms
Epoch: 038 | Train Loss: 0.0005453 | Grad norm: 0.000368 | Time: 4s302ms
Epoch: 038 | Test Loss: 0.0005438 | Time: 520ms
==> Save the model at epoch 038 with test loss 0.0005438
Epoch: 039 | Train Loss: 0.0005451 | Grad norm: 0.000363 | Time: 4s263ms
Epoch: 039 | Test Loss: 0.0005437 | Time: 525ms
==> Save the model at epoch 039 with test loss 0.0005437
Epoch: 040 | Train Loss: 0.0005451 | Grad norm: 0.000364 | Time: 4s99ms
Epoch: 040 | Test Loss: 0.0005437 | Time: 507ms
==> Save the model at epoch 040 with test loss 0.0005437
Total time: 3m12s
==> Saving trained model weights...
==> Input bias to be applied to the neural network (trained):
[0. 0. 0. 0.]
==> Input transform to be applied to the neural network (trained):
[ 0.62900996  0.6288517  11.614402    9.487666  ]
==> Output transform to be applied to the neural network (trained):
[0.0251 0.0262]
==> Saving training info...
==> Drawing training loss...
==> Drawing grad norm...
==> Drawing testing loss...
==> Process finished.
