==> torch device:  cuda:3
==> Test-Train split: test_ratio = 0.20
==> Test-Train split seed:  None
==> Further split: further_train_ratio = 0.25
==> Further split seed:  None
==> Input bias to be applied to the neural network:
[0. 0.]
==> Input transform to be applied to the neural network:
[0.48014596 0.48395684]
==> Ouput transform to be applied to the neural network:
[2.0663 2.0805]
==> Evaluating model...
==========================================================================================
Layer (type:depth-idx)                   Output Shape              Param #
==========================================================================================
NeuralNetwork                            [1, 2]                    6
├─Sequential: 1-1                        [1, 2]                    --
│    └─Linear: 2-1                       [1, 64]                   192
│    └─ReLU: 2-2                         [1, 64]                   --
│    └─Linear: 2-3                       [1, 64]                   4,160
│    └─ReLU: 2-4                         [1, 64]                   --
│    └─Linear: 2-5                       [1, 64]                   4,160
│    └─ReLU: 2-6                         [1, 64]                   --
│    └─Linear: 2-7                       [1, 64]                   4,160
│    └─ReLU: 2-8                         [1, 64]                   --
│    └─Linear: 2-9                       [1, 64]                   4,160
│    └─ReLU: 2-10                        [1, 64]                   --
│    └─Linear: 2-11                      [1, 64]                   4,160
│    └─ReLU: 2-12                        [1, 64]                   --
│    └─Linear: 2-13                      [1, 64]                   4,160
│    └─ReLU: 2-14                        [1, 64]                   --
│    └─Linear: 2-15                      [1, 2]                    130
├─Sequential: 1-2                        [1, 2]                    (recursive)
│    └─Linear: 2-16                      [1, 64]                   (recursive)
│    └─ReLU: 2-17                        [1, 64]                   --
│    └─Linear: 2-18                      [1, 64]                   (recursive)
│    └─ReLU: 2-19                        [1, 64]                   --
│    └─Linear: 2-20                      [1, 64]                   (recursive)
│    └─ReLU: 2-21                        [1, 64]                   --
│    └─Linear: 2-22                      [1, 64]                   (recursive)
│    └─ReLU: 2-23                        [1, 64]                   --
│    └─Linear: 2-24                      [1, 64]                   (recursive)
│    └─ReLU: 2-25                        [1, 64]                   --
│    └─Linear: 2-26                      [1, 64]                   (recursive)
│    └─ReLU: 2-27                        [1, 64]                   --
│    └─Linear: 2-28                      [1, 64]                   (recursive)
│    └─ReLU: 2-29                        [1, 64]                   --
│    └─Linear: 2-30                      [1, 2]                    (recursive)
==========================================================================================
Total params: 25,288
Trainable params: 25,282
Non-trainable params: 6
Total mult-adds (Units.MEGABYTES): 0.05
==========================================================================================
Input size (MB): 0.00
Forward/backward pass size (MB): 0.01
Params size (MB): 0.10
Estimated Total Size (MB): 0.11
==========================================================================================
==> Saving initial model weights...
==> Start training...
==> Number of param_groups in optimizer: 1
Epoch: 001 | Train Loss: 8.6334031 | Grad norm: 0.315555 | Time: 1s827ms
Epoch: 001 | Test Loss: 8.5932008 | Time: 798ms
==> Save the model at epoch 001 with test loss 8.5932008
Epoch: 002 | Train Loss: 5.4622952 | Grad norm: 3.566594 | Time: 1s796ms
Epoch: 002 | Test Loss: 0.0857003 | Time: 867ms
==> Save the model at epoch 002 with test loss 0.0857003
Epoch: 003 | Train Loss: 0.0119006 | Grad norm: 0.347491 | Time: 1s706ms
Epoch: 003 | Test Loss: 0.0026679 | Time: 774ms
==> Save the model at epoch 003 with test loss 0.0026679
Epoch: 004 | Train Loss: 0.0020854 | Grad norm: 0.230658 | Time: 1s889ms
Epoch: 004 | Test Loss: 0.0016748 | Time: 762ms
==> Save the model at epoch 004 with test loss 0.0016748
Epoch: 005 | Train Loss: 0.0015729 | Grad norm: 0.246599 | Time: 1s811ms
Epoch: 005 | Test Loss: 0.0013677 | Time: 771ms
==> Save the model at epoch 005 with test loss 0.0013677
Epoch: 006 | Train Loss: 0.0013664 | Grad norm: 0.255705 | Time: 1s659ms
Epoch: 006 | Test Loss: 0.0012230 | Time: 765ms
==> Save the model at epoch 006 with test loss 0.0012230
Epoch: 007 | Train Loss: 0.0016733 | Grad norm: 0.392464 | Time: 1s743ms
Epoch: 007 | Test Loss: 0.0011567 | Time: 836ms
==> Save the model at epoch 007 with test loss 0.0011567
Epoch: 008 | Train Loss: 0.0013688 | Grad norm: 0.304022 | Time: 1s684ms
Epoch: 008 | Test Loss: 0.0025217 | Time: 769ms
Epoch: 009 | Train Loss: 0.0013058 | Grad norm: 0.302604 | Time: 1s639ms
Epoch: 009 | Test Loss: 0.0024670 | Time: 839ms
Epoch: 010 | Train Loss: 0.0014457 | Grad norm: 0.351774 | Time: 1s782ms
Epoch: 010 | Test Loss: 0.0039278 | Time: 781ms
Epoch: 011 | Train Loss: 0.0014221 | Grad norm: 0.326282 | Time: 1s662ms
Epoch: 011 | Test Loss: 0.0016375 | Time: 769ms
Epoch: 012 | Train Loss: 0.0011965 | Grad norm: 0.278867 | Time: 1s735ms
Epoch: 012 | Test Loss: 0.0009687 | Time: 840ms
==> Save the model at epoch 012 with test loss 0.0009687
Epoch: 013 | Train Loss: 0.0011525 | Grad norm: 0.269916 | Time: 1s848ms
Epoch: 013 | Test Loss: 0.0014292 | Time: 778ms
Epoch: 014 | Train Loss: 0.0011145 | Grad norm: 0.271305 | Time: 1s757ms
Epoch: 014 | Test Loss: 0.0013737 | Time: 856ms
Epoch: 015 | Train Loss: 0.0010725 | Grad norm: 0.263123 | Time: 1s507ms
Epoch: 015 | Test Loss: 0.0010049 | Time: 760ms
Epoch: 016 | Train Loss: 0.0010774 | Grad norm: 0.261888 | Time: 1s747ms
Epoch: 016 | Test Loss: 0.0012168 | Time: 767ms
Epoch: 017 | Train Loss: 0.0010467 | Grad norm: 0.257386 | Time: 1s674ms
Epoch: 017 | Test Loss: 0.0015848 | Time: 770ms
Epoch: 018 | Train Loss: 0.0009314 | Grad norm: 0.212493 | Time: 1s616ms
Epoch: 018 | Test Loss: 0.0009337 | Time: 854ms
==> Save the model at epoch 018 with test loss 0.0009337
Epoch: 019 | Train Loss: 0.0009112 | Grad norm: 0.216655 | Time: 1s735ms
Epoch: 019 | Test Loss: 0.0007325 | Time: 851ms
==> Save the model at epoch 019 with test loss 0.0007325
Epoch: 020 | Train Loss: 0.0008948 | Grad norm: 0.205583 | Time: 1s538ms
Epoch: 020 | Test Loss: 0.0010799 | Time: 769ms
Epoch: 021 | Train Loss: 0.0008745 | Grad norm: 0.206793 | Time: 1s791ms
Epoch: 021 | Test Loss: 0.0008847 | Time: 838ms
Epoch: 022 | Train Loss: 0.0008579 | Grad norm: 0.197830 | Time: 1s747ms
Epoch: 022 | Test Loss: 0.0009242 | Time: 807ms
Epoch: 023 | Train Loss: 0.0008353 | Grad norm: 0.190842 | Time: 1s758ms
Epoch: 023 | Test Loss: 0.0008264 | Time: 762ms
Epoch: 024 | Train Loss: 0.0007366 | Grad norm: 0.141968 | Time: 1s906ms
Epoch: 024 | Test Loss: 0.0009893 | Time: 798ms
Epoch: 025 | Train Loss: 0.0007879 | Grad norm: 0.173666 | Time: 1s820ms
Epoch: 025 | Test Loss: 0.0010296 | Time: 834ms
Epoch: 026 | Train Loss: 0.0007503 | Grad norm: 0.152573 | Time: 1s750ms
Epoch: 026 | Test Loss: 0.0007271 | Time: 848ms
==> Save the model at epoch 026 with test loss 0.0007271
Epoch: 027 | Train Loss: 0.0006922 | Grad norm: 0.120486 | Time: 1s694ms
Epoch: 027 | Test Loss: 0.0009811 | Time: 766ms
Epoch: 028 | Train Loss: 0.0006845 | Grad norm: 0.117845 | Time: 1s716ms
Epoch: 028 | Test Loss: 0.0007894 | Time: 796ms
Epoch: 029 | Train Loss: 0.0006555 | Grad norm: 0.100822 | Time: 1s772ms
Epoch: 029 | Test Loss: 0.0007135 | Time: 766ms
==> Save the model at epoch 029 with test loss 0.0007135
Epoch: 030 | Train Loss: 0.0006577 | Grad norm: 0.107829 | Time: 1s510ms
Epoch: 030 | Test Loss: 0.0008004 | Time: 784ms
Epoch: 031 | Train Loss: 0.0006392 | Grad norm: 0.091909 | Time: 1s712ms
Epoch: 031 | Test Loss: 0.0006872 | Time: 768ms
==> Save the model at epoch 031 with test loss 0.0006872
Epoch: 032 | Train Loss: 0.0006308 | Grad norm: 0.088941 | Time: 1s751ms
Epoch: 032 | Test Loss: 0.0007031 | Time: 822ms
Epoch: 033 | Train Loss: 0.0006245 | Grad norm: 0.082010 | Time: 1s539ms
Epoch: 033 | Test Loss: 0.0006331 | Time: 834ms
==> Save the model at epoch 033 with test loss 0.0006331
Epoch: 034 | Train Loss: 0.0006171 | Grad norm: 0.077631 | Time: 1s541ms
Epoch: 034 | Test Loss: 0.0006412 | Time: 781ms
Epoch: 035 | Train Loss: 0.0006030 | Grad norm: 0.059585 | Time: 1s698ms
Epoch: 035 | Test Loss: 0.0006158 | Time: 763ms
==> Save the model at epoch 035 with test loss 0.0006158
Epoch: 036 | Train Loss: 0.0006031 | Grad norm: 0.063485 | Time: 1s888ms
Epoch: 036 | Test Loss: 0.0006011 | Time: 774ms
==> Save the model at epoch 036 with test loss 0.0006011
Epoch: 037 | Train Loss: 0.0005950 | Grad norm: 0.052620 | Time: 1s605ms
Epoch: 037 | Test Loss: 0.0005987 | Time: 775ms
==> Save the model at epoch 037 with test loss 0.0005987
Epoch: 038 | Train Loss: 0.0005886 | Grad norm: 0.044667 | Time: 1s607ms
Epoch: 038 | Test Loss: 0.0005967 | Time: 850ms
==> Save the model at epoch 038 with test loss 0.0005967
Epoch: 039 | Train Loss: 0.0005852 | Grad norm: 0.039382 | Time: 1s656ms
Epoch: 039 | Test Loss: 0.0005966 | Time: 768ms
==> Save the model at epoch 039 with test loss 0.0005966
Epoch: 040 | Train Loss: 0.0005836 | Grad norm: 0.035803 | Time: 1s800ms
Epoch: 040 | Test Loss: 0.0005934 | Time: 831ms
==> Save the model at epoch 040 with test loss 0.0005934
Total time: 1m40s
==> Saving trained model weights...
==> Input bias to be applied to the neural network (trained):
[0. 0.]
==> Input transform to be applied to the neural network (trained):
[0.48014596 0.48395684]
==> Output transform to be applied to the neural network (trained):
[2.0663 2.0805]
==> Saving training info...
==> Drawing training loss...
==> Drawing grad norm...
==> Drawing testing loss...
==> Process finished.
