==> torch device:  cuda:3
==> Test-Train split: test_ratio = 0.20
==> Test-Train split seed:  None
==> Further split: further_train_ratio = 1.00
==> Further split seed:  None
==> Input bias to be applied to the neural network:
[0. 0.]
==> Input transform to be applied to the neural network:
[0.70982397 0.70987433]
==> Ouput transform to be applied to the neural network:
[2.8322 2.832 ]
==> Evaluating model...
==========================================================================================
Layer (type:depth-idx)                   Output Shape              Param #
==========================================================================================
NeuralNetwork                            [1, 2]                    6
├─Sequential: 1-1                        [1, 2]                    --
│    └─Linear: 2-1                       [1, 64]                   192
│    └─ReLU: 2-2                         [1, 64]                   --
│    └─Linear: 2-3                       [1, 64]                   4,160
│    └─ReLU: 2-4                         [1, 64]                   --
│    └─Linear: 2-5                       [1, 64]                   4,160
│    └─ReLU: 2-6                         [1, 64]                   --
│    └─Linear: 2-7                       [1, 64]                   4,160
│    └─ReLU: 2-8                         [1, 64]                   --
│    └─Linear: 2-9                       [1, 64]                   4,160
│    └─ReLU: 2-10                        [1, 64]                   --
│    └─Linear: 2-11                      [1, 64]                   4,160
│    └─ReLU: 2-12                        [1, 64]                   --
│    └─Linear: 2-13                      [1, 64]                   4,160
│    └─ReLU: 2-14                        [1, 64]                   --
│    └─Linear: 2-15                      [1, 2]                    130
├─Sequential: 1-2                        [1, 2]                    (recursive)
│    └─Linear: 2-16                      [1, 64]                   (recursive)
│    └─ReLU: 2-17                        [1, 64]                   --
│    └─Linear: 2-18                      [1, 64]                   (recursive)
│    └─ReLU: 2-19                        [1, 64]                   --
│    └─Linear: 2-20                      [1, 64]                   (recursive)
│    └─ReLU: 2-21                        [1, 64]                   --
│    └─Linear: 2-22                      [1, 64]                   (recursive)
│    └─ReLU: 2-23                        [1, 64]                   --
│    └─Linear: 2-24                      [1, 64]                   (recursive)
│    └─ReLU: 2-25                        [1, 64]                   --
│    └─Linear: 2-26                      [1, 64]                   (recursive)
│    └─ReLU: 2-27                        [1, 64]                   --
│    └─Linear: 2-28                      [1, 64]                   (recursive)
│    └─ReLU: 2-29                        [1, 64]                   --
│    └─Linear: 2-30                      [1, 2]                    (recursive)
==========================================================================================
Total params: 25,288
Trainable params: 25,282
Non-trainable params: 6
Total mult-adds (Units.MEGABYTES): 0.05
==========================================================================================
Input size (MB): 0.00
Forward/backward pass size (MB): 0.01
Params size (MB): 0.10
Estimated Total Size (MB): 0.11
==========================================================================================
==> Saving initial model weights...
==> Start training...
==> Number of param_groups in optimizer: 1
Epoch: 001 | Train Loss: 16.0928047 | Grad norm: 0.416929 | Time: 4s467ms
Epoch: 001 | Test Loss: 15.8663945 | Time: 456ms
==> Save the model at epoch 001 with test loss 15.8663945
Epoch: 002 | Train Loss: 0.7808835 | Grad norm: 3.702862 | Time: 4s46ms
Epoch: 002 | Test Loss: 0.0090958 | Time: 452ms
==> Save the model at epoch 002 with test loss 0.0090958
Epoch: 003 | Train Loss: 0.0204246 | Grad norm: 1.957671 | Time: 3s977ms
Epoch: 003 | Test Loss: 0.0207347 | Time: 452ms
Epoch: 004 | Train Loss: 0.0353428 | Grad norm: 2.715299 | Time: 4s36ms
Epoch: 004 | Test Loss: 0.0609242 | Time: 455ms
Epoch: 005 | Train Loss: 0.0472688 | Grad norm: 3.191272 | Time: 3s936ms
Epoch: 005 | Test Loss: 0.0683318 | Time: 471ms
Epoch: 006 | Train Loss: 0.0410899 | Grad norm: 2.938047 | Time: 4s127ms
Epoch: 006 | Test Loss: 0.0268857 | Time: 523ms
Epoch: 007 | Train Loss: 0.0564852 | Grad norm: 3.534468 | Time: 4s133ms
Epoch: 007 | Test Loss: 0.0216214 | Time: 475ms
Epoch: 008 | Train Loss: 0.0676975 | Grad norm: 3.898712 | Time: 4s67ms
Epoch: 008 | Test Loss: 0.1386581 | Time: 454ms
Epoch: 009 | Train Loss: 0.0687640 | Grad norm: 3.964193 | Time: 4s50ms
Epoch: 009 | Test Loss: 0.0469588 | Time: 456ms
Epoch: 010 | Train Loss: 0.0410298 | Grad norm: 3.064492 | Time: 4s40ms
Epoch: 010 | Test Loss: 0.0589020 | Time: 491ms
Epoch: 011 | Train Loss: 0.0417580 | Grad norm: 3.094661 | Time: 4s132ms
Epoch: 011 | Test Loss: 0.0252674 | Time: 452ms
Epoch: 012 | Train Loss: 0.0378440 | Grad norm: 2.786398 | Time: 4s9ms
Epoch: 012 | Test Loss: 0.0273333 | Time: 448ms
Epoch: 013 | Train Loss: 0.0371451 | Grad norm: 2.843903 | Time: 3s999ms
Epoch: 013 | Test Loss: 0.0174946 | Time: 455ms
Epoch: 014 | Train Loss: 0.0264689 | Grad norm: 2.242563 | Time: 3s988ms
Epoch: 014 | Test Loss: 0.0440725 | Time: 653ms
Epoch: 015 | Train Loss: 0.0227468 | Grad norm: 2.089209 | Time: 3s925ms
Epoch: 015 | Test Loss: 0.0098824 | Time: 457ms
Epoch: 016 | Train Loss: 0.0188510 | Grad norm: 1.850049 | Time: 4s77ms
Epoch: 016 | Test Loss: 0.0167137 | Time: 458ms
Epoch: 017 | Train Loss: 0.0161277 | Grad norm: 1.667375 | Time: 4s51ms
Epoch: 017 | Test Loss: 0.0214171 | Time: 589ms
Epoch: 018 | Train Loss: 0.0141566 | Grad norm: 1.472469 | Time: 4s157ms
Epoch: 018 | Test Loss: 0.0139945 | Time: 484ms
Epoch: 019 | Train Loss: 0.0125660 | Grad norm: 1.360955 | Time: 4s62ms
Epoch: 019 | Test Loss: 0.0143637 | Time: 471ms
Epoch: 020 | Train Loss: 0.0117256 | Grad norm: 1.249159 | Time: 4s118ms
Epoch: 020 | Test Loss: 0.0639395 | Time: 475ms
Epoch: 021 | Train Loss: 0.0099671 | Grad norm: 1.079577 | Time: 4s176ms
Epoch: 021 | Test Loss: 0.0068156 | Time: 456ms
==> Save the model at epoch 021 with test loss 0.0068156
Epoch: 022 | Train Loss: 0.0090443 | Grad norm: 0.909616 | Time: 3s822ms
Epoch: 022 | Test Loss: 0.0072821 | Time: 518ms
Epoch: 023 | Train Loss: 0.0077930 | Grad norm: 0.750926 | Time: 3s824ms
Epoch: 023 | Test Loss: 0.0074252 | Time: 451ms
Epoch: 024 | Train Loss: 0.0077193 | Grad norm: 0.773756 | Time: 4s9ms
Epoch: 024 | Test Loss: 0.0067955 | Time: 450ms
==> Save the model at epoch 024 with test loss 0.0067955
Epoch: 025 | Train Loss: 0.0066535 | Grad norm: 0.570611 | Time: 4s214ms
Epoch: 025 | Test Loss: 0.0058402 | Time: 455ms
==> Save the model at epoch 025 with test loss 0.0058402
Epoch: 026 | Train Loss: 0.0070777 | Grad norm: 0.639426 | Time: 4s239ms
Epoch: 026 | Test Loss: 0.0063545 | Time: 453ms
Epoch: 027 | Train Loss: 0.0067569 | Grad norm: 0.583240 | Time: 4s42ms
Epoch: 027 | Test Loss: 0.0058044 | Time: 458ms
==> Save the model at epoch 027 with test loss 0.0058044
Epoch: 028 | Train Loss: 0.0063597 | Grad norm: 0.499977 | Time: 4s140ms
Epoch: 028 | Test Loss: 0.0062964 | Time: 449ms
Epoch: 029 | Train Loss: 0.0061058 | Grad norm: 0.433588 | Time: 4s100ms
Epoch: 029 | Test Loss: 0.0067833 | Time: 460ms
Epoch: 030 | Train Loss: 0.0060895 | Grad norm: 0.427845 | Time: 3s989ms
Epoch: 030 | Test Loss: 0.0056260 | Time: 454ms
==> Save the model at epoch 030 with test loss 0.0056260
Epoch: 031 | Train Loss: 0.0060059 | Grad norm: 0.403603 | Time: 4s164ms
Epoch: 031 | Test Loss: 0.0055049 | Time: 460ms
==> Save the model at epoch 031 with test loss 0.0055049
Epoch: 032 | Train Loss: 0.0058595 | Grad norm: 0.351839 | Time: 4s315ms
Epoch: 032 | Test Loss: 0.0057278 | Time: 457ms
Epoch: 033 | Train Loss: 0.0058741 | Grad norm: 0.360422 | Time: 4s34ms
Epoch: 033 | Test Loss: 0.0060814 | Time: 520ms
Epoch: 034 | Train Loss: 0.0057095 | Grad norm: 0.296843 | Time: 3s943ms
Epoch: 034 | Test Loss: 0.0059996 | Time: 531ms
Epoch: 035 | Train Loss: 0.0055916 | Grad norm: 0.235783 | Time: 4s409ms
Epoch: 035 | Test Loss: 0.0055095 | Time: 460ms
Epoch: 036 | Train Loss: 0.0055668 | Grad norm: 0.222531 | Time: 4s101ms
Epoch: 036 | Test Loss: 0.0054014 | Time: 451ms
==> Save the model at epoch 036 with test loss 0.0054014
Epoch: 037 | Train Loss: 0.0055319 | Grad norm: 0.204212 | Time: 4s116ms
Epoch: 037 | Test Loss: 0.0053936 | Time: 454ms
==> Save the model at epoch 037 with test loss 0.0053936
Epoch: 038 | Train Loss: 0.0054692 | Grad norm: 0.161330 | Time: 4s162ms
Epoch: 038 | Test Loss: 0.0053899 | Time: 463ms
==> Save the model at epoch 038 with test loss 0.0053899
Epoch: 039 | Train Loss: 0.0054498 | Grad norm: 0.142602 | Time: 4s28ms
Epoch: 039 | Test Loss: 0.0053762 | Time: 458ms
==> Save the model at epoch 039 with test loss 0.0053762
Epoch: 040 | Train Loss: 0.0054271 | Grad norm: 0.118092 | Time: 4s91ms
Epoch: 040 | Test Loss: 0.0053716 | Time: 460ms
==> Save the model at epoch 040 with test loss 0.0053716
Total time: 3m2s
==> Saving trained model weights...
==> Input bias to be applied to the neural network (trained):
[0. 0.]
==> Input transform to be applied to the neural network (trained):
[0.70982397 0.70987433]
==> Output transform to be applied to the neural network (trained):
[2.8322 2.832 ]
==> Saving training info...
==> Drawing training loss...
==> Drawing grad norm...
==> Drawing testing loss...
==> Process finished.
