==> torch device:  cuda:2
==> Test-Train split: test_ratio = 0.20
==> Test-Train split seed:  None
==> Further split: further_train_ratio = 0.50
==> Further split seed:  None
==> Input bias to be applied to the neural network:
[0. 0.]
==> Input transform to be applied to the neural network:
[1. 1.]
==> Ouput transform to be applied to the neural network:
[1. 1.]
==> Evaluating model...
==========================================================================================
Layer (type:depth-idx)                   Output Shape              Param #
==========================================================================================
NeuralNetwork                            [1, 2]                    6
├─Sequential: 1-1                        [1, 2]                    --
│    └─Linear: 2-1                       [1, 64]                   192
│    └─LeakyReLU: 2-2                    [1, 64]                   --
│    └─Linear: 2-3                       [1, 64]                   4,160
│    └─LeakyReLU: 2-4                    [1, 64]                   --
│    └─Linear: 2-5                       [1, 64]                   4,160
│    └─LeakyReLU: 2-6                    [1, 64]                   --
│    └─Linear: 2-7                       [1, 64]                   4,160
│    └─LeakyReLU: 2-8                    [1, 64]                   --
│    └─Linear: 2-9                       [1, 64]                   4,160
│    └─LeakyReLU: 2-10                   [1, 64]                   --
│    └─Linear: 2-11                      [1, 64]                   4,160
│    └─LeakyReLU: 2-12                   [1, 64]                   --
│    └─Linear: 2-13                      [1, 64]                   4,160
│    └─LeakyReLU: 2-14                   [1, 64]                   --
│    └─Linear: 2-15                      [1, 2]                    130
==========================================================================================
Total params: 25,288
Trainable params: 25,282
Non-trainable params: 6
Total mult-adds (Units.MEGABYTES): 0.03
==========================================================================================
Input size (MB): 0.00
Forward/backward pass size (MB): 0.00
Params size (MB): 0.10
Estimated Total Size (MB): 0.10
==========================================================================================
==> Saving initial model weights...
==> Start training...
Epoch: 001 | Loss: 6.8979577 | L2 loss: 6.8979345 | Lip loss: 0.0000233 | Grad norm: 1.913713 | Time: 17s519ms
Epoch: 001 | Test Loss: 4.5940336 | Time: 441ms
==> Save the model at epoch 001 with test loss 4.5940336
Epoch: 002 | Loss: 1.3954136 | L2 loss: 1.3952946 | Lip loss: 0.0001191 | Grad norm: 3.350179 | Time: 17s422ms
Epoch: 002 | Test Loss: 0.2691156 | Time: 441ms
==> Save the model at epoch 002 with test loss 0.2691156
Epoch: 003 | Loss: 0.2273719 | L2 loss: 0.2272295 | Lip loss: 0.0001424 | Grad norm: 2.407612 | Time: 17s779ms
Epoch: 003 | Test Loss: 0.1903114 | Time: 523ms
==> Save the model at epoch 003 with test loss 0.1903114
Epoch: 004 | Loss: 0.1706096 | L2 loss: 0.1704641 | Lip loss: 0.0001455 | Grad norm: 2.664627 | Time: 17s368ms
Epoch: 004 | Test Loss: 0.1371408 | Time: 449ms
==> Save the model at epoch 004 with test loss 0.1371408
Epoch: 005 | Loss: 0.1215327 | L2 loss: 0.1213829 | Lip loss: 0.0001499 | Grad norm: 2.524991 | Time: 17s764ms
Epoch: 005 | Test Loss: 0.0961190 | Time: 455ms
==> Save the model at epoch 005 with test loss 0.0961190
Epoch: 006 | Loss: 0.0982008 | L2 loss: 0.0980519 | Lip loss: 0.0001489 | Grad norm: 1.632491 | Time: 17s154ms
Epoch: 006 | Test Loss: 0.0932811 | Time: 454ms
==> Save the model at epoch 006 with test loss 0.0932811
Epoch: 007 | Loss: 0.0948767 | L2 loss: 0.0947251 | Lip loss: 0.0001516 | Grad norm: 1.682500 | Time: 17s905ms
Epoch: 007 | Test Loss: 0.0892386 | Time: 448ms
==> Save the model at epoch 007 with test loss 0.0892386
Epoch: 008 | Loss: 0.0919003 | L2 loss: 0.0917513 | Lip loss: 0.0001490 | Grad norm: 1.707602 | Time: 17s397ms
Epoch: 008 | Test Loss: 0.0861481 | Time: 436ms
==> Save the model at epoch 008 with test loss 0.0861481
Epoch: 009 | Loss: 0.0888371 | L2 loss: 0.0886863 | Lip loss: 0.0001508 | Grad norm: 1.670576 | Time: 17s717ms
Epoch: 009 | Test Loss: 0.0831029 | Time: 440ms
==> Save the model at epoch 009 with test loss 0.0831029
Epoch: 010 | Loss: 0.0858943 | L2 loss: 0.0857461 | Lip loss: 0.0001483 | Grad norm: 1.713882 | Time: 17s353ms
Epoch: 010 | Test Loss: 0.0805674 | Time: 528ms
==> Save the model at epoch 010 with test loss 0.0805674
Epoch: 011 | Loss: 0.0842548 | L2 loss: 0.0841045 | Lip loss: 0.0001503 | Grad norm: 1.515980 | Time: 17s575ms
Epoch: 011 | Test Loss: 0.0801829 | Time: 450ms
==> Save the model at epoch 011 with test loss 0.0801829
Epoch: 012 | Loss: 0.0837361 | L2 loss: 0.0835835 | Lip loss: 0.0001526 | Grad norm: 1.474115 | Time: 17s582ms
Epoch: 012 | Test Loss: 0.0798398 | Time: 434ms
==> Save the model at epoch 012 with test loss 0.0798398
Epoch: 013 | Loss: 0.0834361 | L2 loss: 0.0832832 | Lip loss: 0.0001530 | Grad norm: 1.500879 | Time: 17s103ms
Epoch: 013 | Test Loss: 0.0795994 | Time: 445ms
==> Save the model at epoch 013 with test loss 0.0795994
Epoch: 014 | Loss: 0.0833286 | L2 loss: 0.0831752 | Lip loss: 0.0001534 | Grad norm: 1.509041 | Time: 17s594ms
Epoch: 014 | Test Loss: 0.0792636 | Time: 442ms
==> Save the model at epoch 014 with test loss 0.0792636
Epoch: 015 | Loss: 0.0832480 | L2 loss: 0.0830947 | Lip loss: 0.0001532 | Grad norm: 1.485364 | Time: 17s49ms
Epoch: 015 | Test Loss: 0.0789970 | Time: 448ms
==> Save the model at epoch 015 with test loss 0.0789970
Epoch: 016 | Loss: 0.0832141 | L2 loss: 0.0830611 | Lip loss: 0.0001530 | Grad norm: 1.456575 | Time: 17s302ms
Epoch: 016 | Test Loss: 0.0789691 | Time: 449ms
==> Save the model at epoch 016 with test loss 0.0789691
Epoch: 017 | Loss: 0.0836968 | L2 loss: 0.0835422 | Lip loss: 0.0001546 | Grad norm: 1.503616 | Time: 17s45ms
Epoch: 017 | Test Loss: 0.0789316 | Time: 514ms
==> Save the model at epoch 017 with test loss 0.0789316
Epoch: 018 | Loss: 0.0826732 | L2 loss: 0.0825200 | Lip loss: 0.0001532 | Grad norm: 1.445237 | Time: 16s798ms
Epoch: 018 | Test Loss: 0.0789131 | Time: 449ms
==> Save the model at epoch 018 with test loss 0.0789131
Epoch: 019 | Loss: 0.0827469 | L2 loss: 0.0825904 | Lip loss: 0.0001564 | Grad norm: 1.506381 | Time: 17s940ms
Epoch: 019 | Test Loss: 0.0788990 | Time: 457ms
==> Save the model at epoch 019 with test loss 0.0788990
Epoch: 020 | Loss: 0.0825717 | L2 loss: 0.0824239 | Lip loss: 0.0001478 | Grad norm: 1.492349 | Time: 17s534ms
Epoch: 020 | Test Loss: 0.0788567 | Time: 452ms
==> Save the model at epoch 020 with test loss 0.0788567
Epoch: 021 | Loss: 0.0825866 | L2 loss: 0.0824357 | Lip loss: 0.0001509 | Grad norm: 1.481345 | Time: 17s418ms
Epoch: 021 | Test Loss: 0.0788538 | Time: 467ms
==> Save the model at epoch 021 with test loss 0.0788538
Epoch: 022 | Loss: 0.0825619 | L2 loss: 0.0824112 | Lip loss: 0.0001507 | Grad norm: 1.362371 | Time: 17s170ms
Epoch: 022 | Test Loss: 0.0788520 | Time: 445ms
==> Save the model at epoch 022 with test loss 0.0788520
Epoch: 023 | Loss: 0.0826842 | L2 loss: 0.0825336 | Lip loss: 0.0001506 | Grad norm: 1.493793 | Time: 17s51ms
Epoch: 023 | Test Loss: 0.0788494 | Time: 447ms
==> Save the model at epoch 023 with test loss 0.0788494
Epoch: 024 | Loss: 0.0825670 | L2 loss: 0.0824144 | Lip loss: 0.0001526 | Grad norm: 1.511061 | Time: 17s328ms
Epoch: 024 | Test Loss: 0.0788451 | Time: 514ms
==> Save the model at epoch 024 with test loss 0.0788451
Epoch: 025 | Loss: 0.0825469 | L2 loss: 0.0823919 | Lip loss: 0.0001550 | Grad norm: 1.396283 | Time: 17s276ms
Epoch: 025 | Test Loss: 0.0788437 | Time: 441ms
==> Save the model at epoch 025 with test loss 0.0788437
Epoch: 026 | Loss: 0.0826028 | L2 loss: 0.0824526 | Lip loss: 0.0001502 | Grad norm: 1.492652 | Time: 17s277ms
Epoch: 026 | Test Loss: 0.0788437 | Time: 451ms
==> Save the model at epoch 026 with test loss 0.0788437
Epoch: 027 | Loss: 0.0826243 | L2 loss: 0.0824698 | Lip loss: 0.0001546 | Grad norm: 1.418338 | Time: 17s835ms
Epoch: 027 | Test Loss: 0.0788436 | Time: 445ms
==> Save the model at epoch 027 with test loss 0.0788436
Epoch: 028 | Loss: 0.0833635 | L2 loss: 0.0832120 | Lip loss: 0.0001515 | Grad norm: 1.443350 | Time: 17s406ms
Epoch: 028 | Test Loss: 0.0788436 | Time: 446ms
==> Save the model at epoch 028 with test loss 0.0788436
Epoch: 029 | Loss: 0.0828474 | L2 loss: 0.0826948 | Lip loss: 0.0001527 | Grad norm: 1.470292 | Time: 18s163ms
Epoch: 029 | Test Loss: 0.0788436 | Time: 501ms
==> Save the model at epoch 029 with test loss 0.0788436
Epoch: 030 | Loss: 0.0826167 | L2 loss: 0.0824624 | Lip loss: 0.0001543 | Grad norm: 1.433764 | Time: 17s556ms
Epoch: 030 | Test Loss: 0.0788435 | Time: 443ms
==> Save the model at epoch 030 with test loss 0.0788435
Epoch: 031 | Loss: 0.0837028 | L2 loss: 0.0835515 | Lip loss: 0.0001513 | Grad norm: 1.512269 | Time: 17s919ms
Epoch: 031 | Test Loss: 0.0788435 | Time: 446ms
==> Save the model at epoch 031 with test loss 0.0788435
Epoch: 032 | Loss: 0.0825830 | L2 loss: 0.0824305 | Lip loss: 0.0001525 | Grad norm: 1.405435 | Time: 17s514ms
Epoch: 032 | Test Loss: 0.0788435 | Time: 458ms
==> Save the model at epoch 032 with test loss 0.0788435
Epoch: 033 | Loss: 0.0829089 | L2 loss: 0.0827562 | Lip loss: 0.0001526 | Grad norm: 1.451228 | Time: 17s409ms
Epoch: 033 | Test Loss: 0.0788435 | Time: 511ms
Epoch: 034 | Loss: 0.0826038 | L2 loss: 0.0824519 | Lip loss: 0.0001519 | Grad norm: 1.513101 | Time: 17s255ms
Epoch: 034 | Test Loss: 0.0788435 | Time: 439ms
Epoch: 035 | Loss: 0.0827293 | L2 loss: 0.0825801 | Lip loss: 0.0001493 | Grad norm: 1.415747 | Time: 17s459ms
Epoch: 035 | Test Loss: 0.0788435 | Time: 437ms
Epoch: 036 | Loss: 0.0825927 | L2 loss: 0.0824400 | Lip loss: 0.0001527 | Grad norm: 1.489545 | Time: 17s808ms
Epoch: 036 | Test Loss: 0.0788435 | Time: 508ms
Epoch: 037 | Loss: 0.0826233 | L2 loss: 0.0824729 | Lip loss: 0.0001505 | Grad norm: 1.479183 | Time: 17s413ms
Epoch: 037 | Test Loss: 0.0788435 | Time: 442ms
Epoch: 038 | Loss: 0.0825527 | L2 loss: 0.0823985 | Lip loss: 0.0001542 | Grad norm: 1.436636 | Time: 17s199ms
Epoch: 038 | Test Loss: 0.0788435 | Time: 436ms
Epoch: 039 | Loss: 0.0825568 | L2 loss: 0.0824046 | Lip loss: 0.0001522 | Grad norm: 1.482584 | Time: 17s95ms
Epoch: 039 | Test Loss: 0.0788435 | Time: 455ms
Epoch: 040 | Loss: 0.0825590 | L2 loss: 0.0824084 | Lip loss: 0.0001506 | Grad norm: 1.471911 | Time: 17s154ms
Epoch: 040 | Test Loss: 0.0788435 | Time: 457ms
Total time: 11m56s
==> Saving trained model weights...
==> Input bias to be applied to the neural network (trained):
[0. 0.]
==> Input transform to be applied to the neural network (trained):
[1. 1.]
==> Output transform to be applied to the neural network (trained):
[1. 1.]
==> Saving training info...
==> Drawing training loss...
==> Drawing grad norm...
==> Drawing testing loss...
==> Drawing l2 loss...
==> Drawing lip loss...
==> Process finished.
