==> torch device:  cuda:1
==> Test-Train split: test_ratio = 0.20
==> Test-Train split seed:  None
==> Further split: further_train_ratio = 0.50
==> Further split seed:  None
==> Input bias to be applied to the neural network:
[0. 0. 0. 0.]
==> Input transform to be applied to the neural network:
[ 0.62900996  0.6288517  11.614402    9.487666  ]
==> Ouput transform to be applied to the neural network:
[0.0195 0.021 ]
==> Evaluating model...
==========================================================================================
Layer (type:depth-idx)                   Output Shape              Param #
==========================================================================================
NeuralNetwork                            [1, 2]                    10
├─Sequential: 1-1                        [1, 2]                    --
│    └─Linear: 2-1                       [1, 64]                   320
│    └─ReLU: 2-2                         [1, 64]                   --
│    └─Linear: 2-3                       [1, 64]                   4,160
│    └─ReLU: 2-4                         [1, 64]                   --
│    └─Linear: 2-5                       [1, 64]                   4,160
│    └─ReLU: 2-6                         [1, 64]                   --
│    └─Linear: 2-7                       [1, 64]                   4,160
│    └─ReLU: 2-8                         [1, 64]                   --
│    └─Linear: 2-9                       [1, 64]                   4,160
│    └─ReLU: 2-10                        [1, 64]                   --
│    └─Linear: 2-11                      [1, 64]                   4,160
│    └─ReLU: 2-12                        [1, 64]                   --
│    └─Linear: 2-13                      [1, 64]                   4,160
│    └─ReLU: 2-14                        [1, 64]                   --
│    └─Linear: 2-15                      [1, 2]                    130
├─Sequential: 1-2                        [1, 2]                    (recursive)
│    └─Linear: 2-16                      [1, 64]                   (recursive)
│    └─ReLU: 2-17                        [1, 64]                   --
│    └─Linear: 2-18                      [1, 64]                   (recursive)
│    └─ReLU: 2-19                        [1, 64]                   --
│    └─Linear: 2-20                      [1, 64]                   (recursive)
│    └─ReLU: 2-21                        [1, 64]                   --
│    └─Linear: 2-22                      [1, 64]                   (recursive)
│    └─ReLU: 2-23                        [1, 64]                   --
│    └─Linear: 2-24                      [1, 64]                   (recursive)
│    └─ReLU: 2-25                        [1, 64]                   --
│    └─Linear: 2-26                      [1, 64]                   (recursive)
│    └─ReLU: 2-27                        [1, 64]                   --
│    └─Linear: 2-28                      [1, 64]                   (recursive)
│    └─ReLU: 2-29                        [1, 64]                   --
│    └─Linear: 2-30                      [1, 2]                    (recursive)
==========================================================================================
Total params: 25,420
Trainable params: 25,410
Non-trainable params: 10
Total mult-adds (Units.MEGABYTES): 0.05
==========================================================================================
Input size (MB): 0.00
Forward/backward pass size (MB): 0.01
Params size (MB): 0.10
Estimated Total Size (MB): 0.11
==========================================================================================
==> Saving initial model weights...
==> Start training...
==> Number of param_groups in optimizer: 1
Epoch: 001 | Train Loss: 0.0008206 | Grad norm: 0.000029 | Time: 2s361ms
Epoch: 001 | Test Loss: 0.0008246 | Time: 513ms
==> Save the model at epoch 001 with test loss 0.0008246
Epoch: 002 | Train Loss: 0.0008207 | Grad norm: 0.000019 | Time: 2s133ms
Epoch: 002 | Test Loss: 0.0008251 | Time: 565ms
Epoch: 003 | Train Loss: 0.0008212 | Grad norm: 0.000002 | Time: 2s276ms
Epoch: 003 | Test Loss: 0.0008251 | Time: 503ms
Epoch: 004 | Train Loss: 0.0008210 | Grad norm: 0.000001 | Time: 2s67ms
Epoch: 004 | Test Loss: 0.0008251 | Time: 497ms
Epoch: 005 | Train Loss: 0.0008208 | Grad norm: 0.000000 | Time: 2s200ms
Epoch: 005 | Test Loss: 0.0008251 | Time: 563ms
Epoch: 006 | Train Loss: 0.0008212 | Grad norm: 0.000000 | Time: 2s30ms
Epoch: 006 | Test Loss: 0.0008251 | Time: 509ms
Epoch: 007 | Train Loss: 0.0008212 | Grad norm: 0.000000 | Time: 2s138ms
Epoch: 007 | Test Loss: 0.0008251 | Time: 537ms
Epoch: 008 | Train Loss: 0.0008214 | Grad norm: 0.000000 | Time: 2s66ms
Epoch: 008 | Test Loss: 0.0008251 | Time: 505ms
Epoch: 009 | Train Loss: 0.0008214 | Grad norm: 0.000000 | Time: 2s223ms
Epoch: 009 | Test Loss: 0.0008251 | Time: 561ms
Epoch: 010 | Train Loss: 0.0008212 | Grad norm: 0.000000 | Time: 2s196ms
Epoch: 010 | Test Loss: 0.0008251 | Time: 564ms
Epoch: 011 | Train Loss: 0.0008213 | Grad norm: 0.000000 | Time: 2s62ms
Epoch: 011 | Test Loss: 0.0008251 | Time: 499ms
Epoch: 012 | Train Loss: 0.0008210 | Grad norm: 0.000000 | Time: 2s43ms
Epoch: 012 | Test Loss: 0.0008251 | Time: 532ms
Epoch: 013 | Train Loss: 0.0008211 | Grad norm: 0.000000 | Time: 2s151ms
Epoch: 013 | Test Loss: 0.0008251 | Time: 535ms
Epoch: 014 | Train Loss: 0.0008211 | Grad norm: 0.000000 | Time: 2s226ms
Epoch: 014 | Test Loss: 0.0008251 | Time: 526ms
Epoch: 015 | Train Loss: 0.0008209 | Grad norm: 0.000000 | Time: 2s43ms
Epoch: 015 | Test Loss: 0.0008251 | Time: 495ms
Epoch: 016 | Train Loss: 0.0008212 | Grad norm: 0.000000 | Time: 2s47ms
Epoch: 016 | Test Loss: 0.0008251 | Time: 494ms
Epoch: 017 | Train Loss: 0.0008210 | Grad norm: 0.000000 | Time: 2s47ms
Epoch: 017 | Test Loss: 0.0008251 | Time: 528ms
Epoch: 018 | Train Loss: 0.0008213 | Grad norm: 0.000000 | Time: 2s63ms
Epoch: 018 | Test Loss: 0.0008251 | Time: 586ms
Epoch: 019 | Train Loss: 0.0008209 | Grad norm: 0.000000 | Time: 2s36ms
Epoch: 019 | Test Loss: 0.0008251 | Time: 497ms
Epoch: 020 | Train Loss: 0.0008211 | Grad norm: 0.000000 | Time: 2s81ms
Epoch: 020 | Test Loss: 0.0008251 | Time: 502ms
Epoch: 021 | Train Loss: 0.0008212 | Grad norm: 0.000000 | Time: 2s88ms
Epoch: 021 | Test Loss: 0.0008251 | Time: 497ms
Epoch: 022 | Train Loss: 0.0008212 | Grad norm: 0.000000 | Time: 2s140ms
Epoch: 022 | Test Loss: 0.0008251 | Time: 498ms
Epoch: 023 | Train Loss: 0.0008214 | Grad norm: 0.000000 | Time: 2s66ms
Epoch: 023 | Test Loss: 0.0008251 | Time: 522ms
Epoch: 024 | Train Loss: 0.0008210 | Grad norm: 0.000000 | Time: 2s143ms
Epoch: 024 | Test Loss: 0.0008251 | Time: 507ms
Epoch: 025 | Train Loss: 0.0008212 | Grad norm: 0.000000 | Time: 2s270ms
Epoch: 025 | Test Loss: 0.0008251 | Time: 513ms
Epoch: 026 | Train Loss: 0.0008210 | Grad norm: 0.000000 | Time: 2s
Epoch: 026 | Test Loss: 0.0008251 | Time: 567ms
Epoch: 027 | Train Loss: 0.0008212 | Grad norm: 0.000000 | Time: 2s194ms
Epoch: 027 | Test Loss: 0.0008251 | Time: 503ms
Epoch: 028 | Train Loss: 0.0008212 | Grad norm: 0.000000 | Time: 2s156ms
Epoch: 028 | Test Loss: 0.0008251 | Time: 498ms
Epoch: 029 | Train Loss: 0.0008214 | Grad norm: 0.000000 | Time: 2s42ms
Epoch: 029 | Test Loss: 0.0008251 | Time: 516ms
Epoch: 030 | Train Loss: 0.0008208 | Grad norm: 0.000000 | Time: 2s48ms
Epoch: 030 | Test Loss: 0.0008251 | Time: 503ms
Epoch: 031 | Train Loss: 0.0008211 | Grad norm: 0.000000 | Time: 2s64ms
Epoch: 031 | Test Loss: 0.0008251 | Time: 516ms
Epoch: 032 | Train Loss: 0.0008211 | Grad norm: 0.000000 | Time: 2s161ms
Epoch: 032 | Test Loss: 0.0008251 | Time: 500ms
Epoch: 033 | Train Loss: 0.0008209 | Grad norm: 0.000000 | Time: 2s255ms
Epoch: 033 | Test Loss: 0.0008251 | Time: 493ms
Epoch: 034 | Train Loss: 0.0008211 | Grad norm: 0.000000 | Time: 2s70ms
Epoch: 034 | Test Loss: 0.0008251 | Time: 579ms
Epoch: 035 | Train Loss: 0.0008212 | Grad norm: 0.000000 | Time: 2s143ms
Epoch: 035 | Test Loss: 0.0008251 | Time: 502ms
Epoch: 036 | Train Loss: 0.0008212 | Grad norm: 0.000000 | Time: 2s98ms
Epoch: 036 | Test Loss: 0.0008251 | Time: 606ms
Epoch: 037 | Train Loss: 0.0008212 | Grad norm: 0.000000 | Time: 2s155ms
Epoch: 037 | Test Loss: 0.0008251 | Time: 498ms
Epoch: 038 | Train Loss: 0.0008210 | Grad norm: 0.000000 | Time: 2s124ms
Epoch: 038 | Test Loss: 0.0008251 | Time: 502ms
Epoch: 039 | Train Loss: 0.0008213 | Grad norm: 0.000000 | Time: 2s121ms
Epoch: 039 | Test Loss: 0.0008251 | Time: 520ms
Epoch: 040 | Train Loss: 0.0008208 | Grad norm: 0.000000 | Time: 2s57ms
Epoch: 040 | Test Loss: 0.0008251 | Time: 526ms
Total time: 1m45s
==> Saving trained model weights...
==> Input bias to be applied to the neural network (trained):
[0. 0. 0. 0.]
==> Input transform to be applied to the neural network (trained):
[ 0.62900996  0.6288517  11.614402    9.487666  ]
==> Output transform to be applied to the neural network (trained):
[0.0195 0.021 ]
==> Saving training info...
==> Drawing training loss...
==> Drawing grad norm...
==> Drawing testing loss...
==> Process finished.
