==> torch device:  cuda:3
==> Test-Train split: test_ratio = 0.20
==> Test-Train split seed:  None
==> Further split: further_train_ratio = 1.00
==> Further split seed:  None
==> Input bias to be applied to the neural network:
[0. 0. 0. 0.]
==> Input transform to be applied to the neural network:
[0.7072636  0.72212595 0.6760411  0.67349136]
==> Ouput transform to be applied to the neural network:
[0.2287 0.2871]
==> Evaluating model...
==========================================================================================
Layer (type:depth-idx)                   Output Shape              Param #
==========================================================================================
NeuralNetwork                            [1, 2]                    10
├─Sequential: 1-1                        [1, 2]                    --
│    └─Linear: 2-1                       [1, 64]                   320
│    └─ReLU: 2-2                         [1, 64]                   --
│    └─Linear: 2-3                       [1, 64]                   4,160
│    └─ReLU: 2-4                         [1, 64]                   --
│    └─Linear: 2-5                       [1, 64]                   4,160
│    └─ReLU: 2-6                         [1, 64]                   --
│    └─Linear: 2-7                       [1, 64]                   4,160
│    └─ReLU: 2-8                         [1, 64]                   --
│    └─Linear: 2-9                       [1, 64]                   4,160
│    └─ReLU: 2-10                        [1, 64]                   --
│    └─Linear: 2-11                      [1, 64]                   4,160
│    └─ReLU: 2-12                        [1, 64]                   --
│    └─Linear: 2-13                      [1, 64]                   4,160
│    └─ReLU: 2-14                        [1, 64]                   --
│    └─Linear: 2-15                      [1, 2]                    130
├─Sequential: 1-2                        [1, 2]                    (recursive)
│    └─Linear: 2-16                      [1, 64]                   (recursive)
│    └─ReLU: 2-17                        [1, 64]                   --
│    └─Linear: 2-18                      [1, 64]                   (recursive)
│    └─ReLU: 2-19                        [1, 64]                   --
│    └─Linear: 2-20                      [1, 64]                   (recursive)
│    └─ReLU: 2-21                        [1, 64]                   --
│    └─Linear: 2-22                      [1, 64]                   (recursive)
│    └─ReLU: 2-23                        [1, 64]                   --
│    └─Linear: 2-24                      [1, 64]                   (recursive)
│    └─ReLU: 2-25                        [1, 64]                   --
│    └─Linear: 2-26                      [1, 64]                   (recursive)
│    └─ReLU: 2-27                        [1, 64]                   --
│    └─Linear: 2-28                      [1, 64]                   (recursive)
│    └─ReLU: 2-29                        [1, 64]                   --
│    └─Linear: 2-30                      [1, 2]                    (recursive)
==========================================================================================
Total params: 25,420
Trainable params: 25,410
Non-trainable params: 10
Total mult-adds (Units.MEGABYTES): 0.05
==========================================================================================
Input size (MB): 0.00
Forward/backward pass size (MB): 0.01
Params size (MB): 0.10
Estimated Total Size (MB): 0.11
==========================================================================================
==> Saving initial model weights...
==> Start training...
==> Number of param_groups in optimizer: 1
Epoch: 001 | Train Loss: 0.1349381 | Grad norm: 0.005042 | Time: 4s507ms
Epoch: 001 | Test Loss: 0.1345248 | Time: 507ms
==> Save the model at epoch 001 with test loss 0.1345248
Epoch: 002 | Train Loss: 0.0167075 | Grad norm: 0.033404 | Time: 4s349ms
Epoch: 002 | Test Loss: 0.0098375 | Time: 510ms
==> Save the model at epoch 002 with test loss 0.0098375
Epoch: 003 | Train Loss: 0.0104321 | Grad norm: 0.029324 | Time: 4s360ms
Epoch: 003 | Test Loss: 0.0098634 | Time: 507ms
Epoch: 004 | Train Loss: 0.0104140 | Grad norm: 0.029921 | Time: 4s225ms
Epoch: 004 | Test Loss: 0.0097951 | Time: 507ms
==> Save the model at epoch 004 with test loss 0.0097951
Epoch: 005 | Train Loss: 0.0102631 | Grad norm: 0.033316 | Time: 4s342ms
Epoch: 005 | Test Loss: 0.0094655 | Time: 531ms
==> Save the model at epoch 005 with test loss 0.0094655
Epoch: 006 | Train Loss: 0.0096764 | Grad norm: 0.031131 | Time: 4s256ms
Epoch: 006 | Test Loss: 0.0088620 | Time: 795ms
==> Save the model at epoch 006 with test loss 0.0088620
Epoch: 007 | Train Loss: 0.0093447 | Grad norm: 0.032731 | Time: 4s207ms
Epoch: 007 | Test Loss: 0.0087296 | Time: 537ms
==> Save the model at epoch 007 with test loss 0.0087296
Epoch: 008 | Train Loss: 0.0091523 | Grad norm: 0.033549 | Time: 4s289ms
Epoch: 008 | Test Loss: 0.0087954 | Time: 504ms
Epoch: 009 | Train Loss: 0.0089822 | Grad norm: 0.033217 | Time: 4s92ms
Epoch: 009 | Test Loss: 0.0083516 | Time: 500ms
==> Save the model at epoch 009 with test loss 0.0083516
Epoch: 010 | Train Loss: 0.0087522 | Grad norm: 0.032293 | Time: 4s405ms
Epoch: 010 | Test Loss: 0.0082847 | Time: 501ms
==> Save the model at epoch 010 with test loss 0.0082847
Epoch: 011 | Train Loss: 0.0085990 | Grad norm: 0.029790 | Time: 4s135ms
Epoch: 011 | Test Loss: 0.0081614 | Time: 516ms
==> Save the model at epoch 011 with test loss 0.0081614
Epoch: 012 | Train Loss: 0.0083875 | Grad norm: 0.027798 | Time: 4s331ms
Epoch: 012 | Test Loss: 0.0084272 | Time: 510ms
Epoch: 013 | Train Loss: 0.0084035 | Grad norm: 0.029043 | Time: 4s271ms
Epoch: 013 | Test Loss: 0.0079262 | Time: 511ms
==> Save the model at epoch 013 with test loss 0.0079262
Epoch: 014 | Train Loss: 0.0082532 | Grad norm: 0.027199 | Time: 4s237ms
Epoch: 014 | Test Loss: 0.0078817 | Time: 572ms
==> Save the model at epoch 014 with test loss 0.0078817
Epoch: 015 | Train Loss: 0.0082107 | Grad norm: 0.027532 | Time: 4s308ms
Epoch: 015 | Test Loss: 0.0079051 | Time: 503ms
Epoch: 016 | Train Loss: 0.0081406 | Grad norm: 0.025938 | Time: 4s210ms
Epoch: 016 | Test Loss: 0.0080209 | Time: 504ms
Epoch: 017 | Train Loss: 0.0081051 | Grad norm: 0.025529 | Time: 4s213ms
Epoch: 017 | Test Loss: 0.0078892 | Time: 505ms
Epoch: 018 | Train Loss: 0.0080546 | Grad norm: 0.025082 | Time: 4s246ms
Epoch: 018 | Test Loss: 0.0078212 | Time: 619ms
==> Save the model at epoch 018 with test loss 0.0078212
Epoch: 019 | Train Loss: 0.0079986 | Grad norm: 0.025159 | Time: 4s362ms
Epoch: 019 | Test Loss: 0.0076006 | Time: 523ms
==> Save the model at epoch 019 with test loss 0.0076006
Epoch: 020 | Train Loss: 0.0079520 | Grad norm: 0.024016 | Time: 4s400ms
Epoch: 020 | Test Loss: 0.0076886 | Time: 522ms
Epoch: 021 | Train Loss: 0.0078858 | Grad norm: 0.022883 | Time: 4s226ms
Epoch: 021 | Test Loss: 0.0076750 | Time: 508ms
Epoch: 022 | Train Loss: 0.0078741 | Grad norm: 0.023814 | Time: 4s340ms
Epoch: 022 | Test Loss: 0.0081025 | Time: 579ms
Epoch: 023 | Train Loss: 0.0078316 | Grad norm: 0.022454 | Time: 4s379ms
Epoch: 023 | Test Loss: 0.0074491 | Time: 501ms
==> Save the model at epoch 023 with test loss 0.0074491
Epoch: 024 | Train Loss: 0.0077485 | Grad norm: 0.023143 | Time: 4s267ms
Epoch: 024 | Test Loss: 0.0076873 | Time: 519ms
Epoch: 025 | Train Loss: 0.0076640 | Grad norm: 0.020968 | Time: 4s387ms
Epoch: 025 | Test Loss: 0.0074487 | Time: 506ms
==> Save the model at epoch 025 with test loss 0.0074487
Epoch: 026 | Train Loss: 0.0075826 | Grad norm: 0.019658 | Time: 4s138ms
Epoch: 026 | Test Loss: 0.0075471 | Time: 501ms
Epoch: 027 | Train Loss: 0.0075381 | Grad norm: 0.019540 | Time: 4s495ms
Epoch: 027 | Test Loss: 0.0073990 | Time: 504ms
==> Save the model at epoch 027 with test loss 0.0073990
Epoch: 028 | Train Loss: 0.0075408 | Grad norm: 0.019603 | Time: 4s107ms
Epoch: 028 | Test Loss: 0.0075332 | Time: 503ms
Epoch: 029 | Train Loss: 0.0074576 | Grad norm: 0.018874 | Time: 4s324ms
Epoch: 029 | Test Loss: 0.0073238 | Time: 501ms
==> Save the model at epoch 029 with test loss 0.0073238
Epoch: 030 | Train Loss: 0.0074025 | Grad norm: 0.018631 | Time: 4s324ms
Epoch: 030 | Test Loss: 0.0073156 | Time: 512ms
==> Save the model at epoch 030 with test loss 0.0073156
Epoch: 031 | Train Loss: 0.0073679 | Grad norm: 0.018429 | Time: 4s207ms
Epoch: 031 | Test Loss: 0.0072637 | Time: 516ms
==> Save the model at epoch 031 with test loss 0.0072637
Epoch: 032 | Train Loss: 0.0073066 | Grad norm: 0.017815 | Time: 4s543ms
Epoch: 032 | Test Loss: 0.0072824 | Time: 506ms
Epoch: 033 | Train Loss: 0.0072477 | Grad norm: 0.017125 | Time: 4s47ms
Epoch: 033 | Test Loss: 0.0071915 | Time: 569ms
==> Save the model at epoch 033 with test loss 0.0071915
Epoch: 034 | Train Loss: 0.0071894 | Grad norm: 0.016160 | Time: 4s142ms
Epoch: 034 | Test Loss: 0.0071820 | Time: 499ms
==> Save the model at epoch 034 with test loss 0.0071820
Epoch: 035 | Train Loss: 0.0071583 | Grad norm: 0.015896 | Time: 4s325ms
Epoch: 035 | Test Loss: 0.0071592 | Time: 507ms
==> Save the model at epoch 035 with test loss 0.0071592
Epoch: 036 | Train Loss: 0.0071235 | Grad norm: 0.015720 | Time: 4s314ms
Epoch: 036 | Test Loss: 0.0071378 | Time: 505ms
==> Save the model at epoch 036 with test loss 0.0071378
Epoch: 037 | Train Loss: 0.0070889 | Grad norm: 0.015412 | Time: 4s501ms
Epoch: 037 | Test Loss: 0.0071027 | Time: 502ms
==> Save the model at epoch 037 with test loss 0.0071027
Epoch: 038 | Train Loss: 0.0070622 | Grad norm: 0.014829 | Time: 4s356ms
Epoch: 038 | Test Loss: 0.0070705 | Time: 522ms
==> Save the model at epoch 038 with test loss 0.0070705
Epoch: 039 | Train Loss: 0.0070456 | Grad norm: 0.014463 | Time: 4s324ms
Epoch: 039 | Test Loss: 0.0070642 | Time: 501ms
==> Save the model at epoch 039 with test loss 0.0070642
Epoch: 040 | Train Loss: 0.0070337 | Grad norm: 0.014334 | Time: 4s341ms
Epoch: 040 | Test Loss: 0.0070588 | Time: 509ms
==> Save the model at epoch 040 with test loss 0.0070588
Total time: 3m12s
==> Saving trained model weights...
==> Input bias to be applied to the neural network (trained):
[0. 0. 0. 0.]
==> Input transform to be applied to the neural network (trained):
[0.7072636  0.72212595 0.6760411  0.67349136]
==> Output transform to be applied to the neural network (trained):
[0.2287 0.2871]
==> Saving training info...
==> Drawing training loss...
==> Drawing grad norm...
==> Drawing testing loss...
==> Process finished.
