==> torch device:  cuda:2
==> Test-Train split: test_ratio = 0.20
==> Test-Train split seed:  None
==> Further split: further_train_ratio = 1.00
==> Further split seed:  None
==> Lipschitz constant: 2.00
==> Input bias to be applied to the neural network:
[0. 0. 0. 0.]
==> Input transform to be applied to the neural network:
[0.628575   0.62818015 5.878895   4.8146367 ]
==> Ouput transform to be applied to the neural network:
[0.0726 0.0841]
==> Evaluating model...
==========================================================================================
Layer (type:depth-idx)                   Output Shape              Param #
==========================================================================================
NeuralNetwork                            [1, 2]                    10
├─Sequential: 1-1                        [1, 2]                    --
│    └─SandwichFc: 2-1                   [1, 64]                   4,481
│    └─SandwichFc: 2-2                   [1, 64]                   8,321
│    └─SandwichFc: 2-3                   [1, 64]                   8,321
│    └─SandwichFc: 2-4                   [1, 64]                   8,321
│    └─SandwichFc: 2-5                   [1, 64]                   8,321
│    └─SandwichFc: 2-6                   [1, 64]                   8,321
│    └─SandwichFc: 2-7                   [1, 64]                   8,321
│    └─SandwichLin: 2-8                  [1, 2]                    135
├─Sequential: 1-2                        [1, 2]                    (recursive)
│    └─SandwichFc: 2-9                   [1, 64]                   (recursive)
│    └─SandwichFc: 2-10                  [1, 64]                   (recursive)
│    └─SandwichFc: 2-11                  [1, 64]                   (recursive)
│    └─SandwichFc: 2-12                  [1, 64]                   (recursive)
│    └─SandwichFc: 2-13                  [1, 64]                   (recursive)
│    └─SandwichFc: 2-14                  [1, 64]                   (recursive)
│    └─SandwichFc: 2-15                  [1, 64]                   (recursive)
│    └─SandwichLin: 2-16                 [1, 2]                    (recursive)
==========================================================================================
Total params: 54,552
Trainable params: 54,542
Non-trainable params: 10
Total mult-adds (Units.MEGABYTES): 0.11
==========================================================================================
Input size (MB): 0.00
Forward/backward pass size (MB): 0.01
Params size (MB): 0.22
Estimated Total Size (MB): 0.23
==========================================================================================
==> Saving initial model weights...
==> Start training...
==> Number of param_groups in optimizer: 1
Epoch: 001 | Train Loss: 0.0123706 | Grad norm: 0.007940 | Time: 17s773ms
Epoch: 001 | Test Loss: 0.0123498 | Time: 619ms
==> Save the model at epoch 001 with test loss 0.0123498
Epoch: 002 | Train Loss: 0.0023976 | Grad norm: 0.006276 | Time: 16s851ms
Epoch: 002 | Test Loss: 0.0016840 | Time: 619ms
==> Save the model at epoch 002 with test loss 0.0016840
Epoch: 003 | Train Loss: 0.0017132 | Grad norm: 0.006126 | Time: 17s95ms
Epoch: 003 | Test Loss: 0.0016873 | Time: 617ms
Epoch: 004 | Train Loss: 0.0017142 | Grad norm: 0.006040 | Time: 17s72ms
Epoch: 004 | Test Loss: 0.0016884 | Time: 613ms
Epoch: 005 | Train Loss: 0.0017217 | Grad norm: 0.006253 | Time: 16s721ms
Epoch: 005 | Test Loss: 0.0016869 | Time: 613ms
Epoch: 006 | Train Loss: 0.0017218 | Grad norm: 0.005918 | Time: 16s685ms
Epoch: 006 | Test Loss: 0.0016721 | Time: 695ms
==> Save the model at epoch 006 with test loss 0.0016721
Epoch: 007 | Train Loss: 0.0017289 | Grad norm: 0.005881 | Time: 17s107ms
Epoch: 007 | Test Loss: 0.0016876 | Time: 614ms
Epoch: 008 | Train Loss: 0.0017113 | Grad norm: 0.004716 | Time: 16s950ms
Epoch: 008 | Test Loss: 0.0016737 | Time: 612ms
Epoch: 009 | Train Loss: 0.0017208 | Grad norm: 0.005043 | Time: 17s900ms
Epoch: 009 | Test Loss: 0.0016877 | Time: 699ms
Epoch: 010 | Train Loss: 0.0017138 | Grad norm: 0.004509 | Time: 17s725ms
Epoch: 010 | Test Loss: 0.0017055 | Time: 621ms
Epoch: 011 | Train Loss: 0.0017108 | Grad norm: 0.004563 | Time: 16s817ms
Epoch: 011 | Test Loss: 0.0018390 | Time: 610ms
Epoch: 012 | Train Loss: 0.0017076 | Grad norm: 0.004045 | Time: 16s721ms
Epoch: 012 | Test Loss: 0.0016822 | Time: 752ms
Epoch: 013 | Train Loss: 0.0017054 | Grad norm: 0.004041 | Time: 17s530ms
Epoch: 013 | Test Loss: 0.0017067 | Time: 604ms
Epoch: 014 | Train Loss: 0.0017025 | Grad norm: 0.003869 | Time: 16s950ms
Epoch: 014 | Test Loss: 0.0017018 | Time: 625ms
Epoch: 015 | Train Loss: 0.0016967 | Grad norm: 0.003510 | Time: 17s550ms
Epoch: 015 | Test Loss: 0.0016940 | Time: 614ms
Epoch: 016 | Train Loss: 0.0016991 | Grad norm: 0.003700 | Time: 17s705ms
Epoch: 016 | Test Loss: 0.0016776 | Time: 609ms
Epoch: 017 | Train Loss: 0.0016928 | Grad norm: 0.003337 | Time: 16s923ms
Epoch: 017 | Test Loss: 0.0016671 | Time: 609ms
==> Save the model at epoch 017 with test loss 0.0016671
Epoch: 018 | Train Loss: 0.0016908 | Grad norm: 0.003144 | Time: 16s917ms
Epoch: 018 | Test Loss: 0.0016731 | Time: 632ms
Epoch: 019 | Train Loss: 0.0016896 | Grad norm: 0.003028 | Time: 17s493ms
Epoch: 019 | Test Loss: 0.0017097 | Time: 606ms
Epoch: 020 | Train Loss: 0.0016905 | Grad norm: 0.003199 | Time: 16s782ms
Epoch: 020 | Test Loss: 0.0016686 | Time: 683ms
Epoch: 021 | Train Loss: 0.0016888 | Grad norm: 0.003048 | Time: 17s417ms
Epoch: 021 | Test Loss: 0.0016583 | Time: 619ms
==> Save the model at epoch 021 with test loss 0.0016583
Epoch: 022 | Train Loss: 0.0016875 | Grad norm: 0.003111 | Time: 17s272ms
Epoch: 022 | Test Loss: 0.0016662 | Time: 614ms
Epoch: 023 | Train Loss: 0.0016848 | Grad norm: 0.002886 | Time: 17s396ms
Epoch: 023 | Test Loss: 0.0016702 | Time: 637ms
Epoch: 024 | Train Loss: 0.0016845 | Grad norm: 0.002917 | Time: 18s187ms
Epoch: 024 | Test Loss: 0.0016615 | Time: 674ms
Epoch: 025 | Train Loss: 0.0016800 | Grad norm: 0.002701 | Time: 17s792ms
Epoch: 025 | Test Loss: 0.0016574 | Time: 651ms
==> Save the model at epoch 025 with test loss 0.0016574
Epoch: 026 | Train Loss: 0.0016779 | Grad norm: 0.002590 | Time: 17s556ms
Epoch: 026 | Test Loss: 0.0016625 | Time: 639ms
Epoch: 027 | Train Loss: 0.0016751 | Grad norm: 0.002586 | Time: 18s78ms
Epoch: 027 | Test Loss: 0.0016539 | Time: 654ms
==> Save the model at epoch 027 with test loss 0.0016539
Epoch: 028 | Train Loss: 0.0016741 | Grad norm: 0.002579 | Time: 17s949ms
Epoch: 028 | Test Loss: 0.0016528 | Time: 641ms
==> Save the model at epoch 028 with test loss 0.0016528
Epoch: 029 | Train Loss: 0.0016721 | Grad norm: 0.002466 | Time: 17s633ms
Epoch: 029 | Test Loss: 0.0016557 | Time: 628ms
Epoch: 030 | Train Loss: 0.0016703 | Grad norm: 0.002534 | Time: 17s723ms
Epoch: 030 | Test Loss: 0.0016650 | Time: 646ms
Epoch: 031 | Train Loss: 0.0016681 | Grad norm: 0.002430 | Time: 17s359ms
Epoch: 031 | Test Loss: 0.0016544 | Time: 745ms
Epoch: 032 | Train Loss: 0.0016657 | Grad norm: 0.002323 | Time: 17s810ms
Epoch: 032 | Test Loss: 0.0016539 | Time: 651ms
Epoch: 033 | Train Loss: 0.0016640 | Grad norm: 0.002313 | Time: 17s884ms
Epoch: 033 | Test Loss: 0.0016542 | Time: 692ms
Epoch: 034 | Train Loss: 0.0016628 | Grad norm: 0.002285 | Time: 17s505ms
Epoch: 034 | Test Loss: 0.0016505 | Time: 701ms
==> Save the model at epoch 034 with test loss 0.0016505
Epoch: 035 | Train Loss: 0.0016609 | Grad norm: 0.002272 | Time: 17s255ms
Epoch: 035 | Test Loss: 0.0016484 | Time: 611ms
==> Save the model at epoch 035 with test loss 0.0016484
Epoch: 036 | Train Loss: 0.0016600 | Grad norm: 0.002266 | Time: 17s76ms
Epoch: 036 | Test Loss: 0.0016487 | Time: 607ms
Epoch: 037 | Train Loss: 0.0016584 | Grad norm: 0.002255 | Time: 17s382ms
Epoch: 037 | Test Loss: 0.0016467 | Time: 636ms
==> Save the model at epoch 037 with test loss 0.0016467
Epoch: 038 | Train Loss: 0.0016574 | Grad norm: 0.002212 | Time: 17s264ms
Epoch: 038 | Test Loss: 0.0016463 | Time: 671ms
==> Save the model at epoch 038 with test loss 0.0016463
Epoch: 039 | Train Loss: 0.0016567 | Grad norm: 0.002165 | Time: 17s342ms
Epoch: 039 | Test Loss: 0.0016459 | Time: 629ms
==> Save the model at epoch 039 with test loss 0.0016459
Epoch: 040 | Train Loss: 0.0016561 | Grad norm: 0.002109 | Time: 17s41ms
Epoch: 040 | Test Loss: 0.0016459 | Time: 615ms
Total time: 11m59s
==> Saving trained model weights...
==> Input bias to be applied to the neural network (trained):
[0. 0. 0. 0.]
==> Input transform to be applied to the neural network (trained):
[0.628575   0.62818015 5.878895   4.8146367 ]
==> Output transform to be applied to the neural network (trained):
[0.0726 0.0841]
==> Saving training info...
==> Drawing training loss...
==> Drawing grad norm...
==> Drawing testing loss...
==> Process finished.
