==> torch device:  cuda:3
==> Test-Train split: test_ratio = 0.20
==> Test-Train split seed:  None
==> Further split: further_train_ratio = 1.00
==> Further split seed:  None
==> Input bias to be applied to the neural network:
[0. 0. 0. 0.]
==> Input transform to be applied to the neural network:
[1. 1. 1. 1.]
==> Ouput transform to be applied to the neural network:
[1. 1.]
==> Evaluating model...
==========================================================================================
Layer (type:depth-idx)                   Output Shape              Param #
==========================================================================================
NeuralNetwork                            [1, 2]                    10
├─Sequential: 1-1                        [1, 2]                    --
│    └─Linear: 2-1                       [1, 64]                   320
│    └─LeakyReLU: 2-2                    [1, 64]                   --
│    └─Linear: 2-3                       [1, 64]                   4,160
│    └─LeakyReLU: 2-4                    [1, 64]                   --
│    └─Linear: 2-5                       [1, 64]                   4,160
│    └─LeakyReLU: 2-6                    [1, 64]                   --
│    └─Linear: 2-7                       [1, 64]                   4,160
│    └─LeakyReLU: 2-8                    [1, 64]                   --
│    └─Linear: 2-9                       [1, 64]                   4,160
│    └─LeakyReLU: 2-10                   [1, 64]                   --
│    └─Linear: 2-11                      [1, 64]                   4,160
│    └─LeakyReLU: 2-12                   [1, 64]                   --
│    └─Linear: 2-13                      [1, 64]                   4,160
│    └─LeakyReLU: 2-14                   [1, 64]                   --
│    └─Linear: 2-15                      [1, 2]                    130
==========================================================================================
Total params: 25,420
Trainable params: 25,410
Non-trainable params: 10
Total mult-adds (Units.MEGABYTES): 0.03
==========================================================================================
Input size (MB): 0.00
Forward/backward pass size (MB): 0.00
Params size (MB): 0.10
Estimated Total Size (MB): 0.11
==========================================================================================
==> Saving initial model weights...
==> Start training...
Epoch: 001 | Loss: 0.0192403 | L2 loss: 0.0192224 | Lip loss: 0.0000179 | Grad norm: 0.076436 | Time: 35s72ms
Epoch: 001 | Test Loss: 0.0099120 | Time: 551ms
==> Save the model at epoch 001 with test loss 0.0099120
Epoch: 002 | Loss: 0.0102078 | L2 loss: 0.0101891 | Lip loss: 0.0000187 | Grad norm: 0.050567 | Time: 35s626ms
Epoch: 002 | Test Loss: 0.0098291 | Time: 516ms
==> Save the model at epoch 002 with test loss 0.0098291
Epoch: 003 | Loss: 0.0100732 | L2 loss: 0.0100545 | Lip loss: 0.0000187 | Grad norm: 0.047999 | Time: 35s94ms
Epoch: 003 | Test Loss: 0.0095121 | Time: 534ms
==> Save the model at epoch 003 with test loss 0.0095121
Epoch: 004 | Loss: 0.0099722 | L2 loss: 0.0099535 | Lip loss: 0.0000187 | Grad norm: 0.044781 | Time: 35s360ms
Epoch: 004 | Test Loss: 0.0095649 | Time: 509ms
Epoch: 005 | Loss: 0.0099002 | L2 loss: 0.0098815 | Lip loss: 0.0000187 | Grad norm: 0.042962 | Time: 34s968ms
Epoch: 005 | Test Loss: 0.0095625 | Time: 517ms
Epoch: 006 | Loss: 0.0095977 | L2 loss: 0.0095790 | Lip loss: 0.0000186 | Grad norm: 0.026007 | Time: 34s489ms
Epoch: 006 | Test Loss: 0.0091717 | Time: 588ms
==> Save the model at epoch 006 with test loss 0.0091717
Epoch: 007 | Loss: 0.0095596 | L2 loss: 0.0095410 | Lip loss: 0.0000186 | Grad norm: 0.025680 | Time: 34s585ms
Epoch: 007 | Test Loss: 0.0091694 | Time: 587ms
==> Save the model at epoch 007 with test loss 0.0091694
Epoch: 008 | Loss: 0.0095323 | L2 loss: 0.0095137 | Lip loss: 0.0000186 | Grad norm: 0.027349 | Time: 34s752ms
Epoch: 008 | Test Loss: 0.0091091 | Time: 508ms
==> Save the model at epoch 008 with test loss 0.0091091
Epoch: 009 | Loss: 0.0094886 | L2 loss: 0.0094700 | Lip loss: 0.0000186 | Grad norm: 0.027420 | Time: 35s80ms
Epoch: 009 | Test Loss: 0.0090544 | Time: 513ms
==> Save the model at epoch 009 with test loss 0.0090544
Epoch: 010 | Loss: 0.0094263 | L2 loss: 0.0094075 | Lip loss: 0.0000188 | Grad norm: 0.028975 | Time: 34s999ms
Epoch: 010 | Test Loss: 0.0090101 | Time: 512ms
==> Save the model at epoch 010 with test loss 0.0090101
Epoch: 011 | Loss: 0.0093362 | L2 loss: 0.0093175 | Lip loss: 0.0000188 | Grad norm: 0.026452 | Time: 34s903ms
Epoch: 011 | Test Loss: 0.0089404 | Time: 506ms
==> Save the model at epoch 011 with test loss 0.0089404
Epoch: 012 | Loss: 0.0093166 | L2 loss: 0.0092977 | Lip loss: 0.0000189 | Grad norm: 0.026172 | Time: 35s311ms
Epoch: 012 | Test Loss: 0.0089234 | Time: 512ms
==> Save the model at epoch 012 with test loss 0.0089234
Epoch: 013 | Loss: 0.0093030 | L2 loss: 0.0092842 | Lip loss: 0.0000188 | Grad norm: 0.026362 | Time: 35s725ms
Epoch: 013 | Test Loss: 0.0089084 | Time: 514ms
==> Save the model at epoch 013 with test loss 0.0089084
Epoch: 014 | Loss: 0.0092873 | L2 loss: 0.0092686 | Lip loss: 0.0000187 | Grad norm: 0.026221 | Time: 35s212ms
Epoch: 014 | Test Loss: 0.0088940 | Time: 514ms
==> Save the model at epoch 014 with test loss 0.0088940
Epoch: 015 | Loss: 0.0092715 | L2 loss: 0.0092525 | Lip loss: 0.0000190 | Grad norm: 0.026659 | Time: 35s996ms
Epoch: 015 | Test Loss: 0.0088856 | Time: 586ms
==> Save the model at epoch 015 with test loss 0.0088856
Epoch: 016 | Loss: 0.0092577 | L2 loss: 0.0092389 | Lip loss: 0.0000188 | Grad norm: 0.025811 | Time: 35s510ms
Epoch: 016 | Test Loss: 0.0088806 | Time: 584ms
==> Save the model at epoch 016 with test loss 0.0088806
Epoch: 017 | Loss: 0.0092553 | L2 loss: 0.0092366 | Lip loss: 0.0000187 | Grad norm: 0.026521 | Time: 34s695ms
Epoch: 017 | Test Loss: 0.0088776 | Time: 510ms
==> Save the model at epoch 017 with test loss 0.0088776
Epoch: 018 | Loss: 0.0092537 | L2 loss: 0.0092350 | Lip loss: 0.0000188 | Grad norm: 0.026322 | Time: 35s96ms
Epoch: 018 | Test Loss: 0.0088759 | Time: 506ms
==> Save the model at epoch 018 with test loss 0.0088759
Epoch: 019 | Loss: 0.0092521 | L2 loss: 0.0092333 | Lip loss: 0.0000188 | Grad norm: 0.026219 | Time: 35s614ms
Epoch: 019 | Test Loss: 0.0088743 | Time: 508ms
==> Save the model at epoch 019 with test loss 0.0088743
Epoch: 020 | Loss: 0.0092504 | L2 loss: 0.0092317 | Lip loss: 0.0000187 | Grad norm: 0.025991 | Time: 34s998ms
Epoch: 020 | Test Loss: 0.0088727 | Time: 513ms
==> Save the model at epoch 020 with test loss 0.0088727
Epoch: 021 | Loss: 0.0092488 | L2 loss: 0.0092301 | Lip loss: 0.0000187 | Grad norm: 0.026542 | Time: 36s45ms
Epoch: 021 | Test Loss: 0.0088725 | Time: 521ms
==> Save the model at epoch 021 with test loss 0.0088725
Epoch: 022 | Loss: 0.0092487 | L2 loss: 0.0092299 | Lip loss: 0.0000188 | Grad norm: 0.026595 | Time: 35s473ms
Epoch: 022 | Test Loss: 0.0088724 | Time: 518ms
==> Save the model at epoch 022 with test loss 0.0088724
Epoch: 023 | Loss: 0.0092485 | L2 loss: 0.0092298 | Lip loss: 0.0000188 | Grad norm: 0.026510 | Time: 35s136ms
Epoch: 023 | Test Loss: 0.0088722 | Time: 509ms
==> Save the model at epoch 023 with test loss 0.0088722
Epoch: 024 | Loss: 0.0092483 | L2 loss: 0.0092296 | Lip loss: 0.0000187 | Grad norm: 0.026329 | Time: 33s666ms
Epoch: 024 | Test Loss: 0.0088721 | Time: 586ms
==> Save the model at epoch 024 with test loss 0.0088721
Epoch: 025 | Loss: 0.0092482 | L2 loss: 0.0092294 | Lip loss: 0.0000188 | Grad norm: 0.026626 | Time: 34s776ms
Epoch: 025 | Test Loss: 0.0088719 | Time: 584ms
==> Save the model at epoch 025 with test loss 0.0088719
Epoch: 026 | Loss: 0.0092481 | L2 loss: 0.0092292 | Lip loss: 0.0000188 | Grad norm: 0.026312 | Time: 34s654ms
Epoch: 026 | Test Loss: 0.0088719 | Time: 513ms
==> Save the model at epoch 026 with test loss 0.0088719
Epoch: 027 | Loss: 0.0092480 | L2 loss: 0.0092292 | Lip loss: 0.0000187 | Grad norm: 0.026470 | Time: 34s571ms
Epoch: 027 | Test Loss: 0.0088719 | Time: 515ms
==> Save the model at epoch 027 with test loss 0.0088719
Epoch: 028 | Loss: 0.0092481 | L2 loss: 0.0092292 | Lip loss: 0.0000189 | Grad norm: 0.026757 | Time: 34s831ms
Epoch: 028 | Test Loss: 0.0088719 | Time: 507ms
==> Save the model at epoch 028 with test loss 0.0088719
Epoch: 029 | Loss: 0.0092480 | L2 loss: 0.0092292 | Lip loss: 0.0000188 | Grad norm: 0.026393 | Time: 34s966ms
Epoch: 029 | Test Loss: 0.0088718 | Time: 518ms
==> Save the model at epoch 029 with test loss 0.0088718
Epoch: 030 | Loss: 0.0092481 | L2 loss: 0.0092292 | Lip loss: 0.0000189 | Grad norm: 0.026414 | Time: 34s995ms
Epoch: 030 | Test Loss: 0.0088718 | Time: 513ms
==> Save the model at epoch 030 with test loss 0.0088718
Epoch: 031 | Loss: 0.0092480 | L2 loss: 0.0092292 | Lip loss: 0.0000188 | Grad norm: 0.026250 | Time: 35s790ms
Epoch: 031 | Test Loss: 0.0088718 | Time: 510ms
==> Save the model at epoch 031 with test loss 0.0088718
Epoch: 032 | Loss: 0.0092479 | L2 loss: 0.0092292 | Lip loss: 0.0000187 | Grad norm: 0.026058 | Time: 35s205ms
Epoch: 032 | Test Loss: 0.0088718 | Time: 574ms
==> Save the model at epoch 032 with test loss 0.0088718
Epoch: 033 | Loss: 0.0092480 | L2 loss: 0.0092292 | Lip loss: 0.0000188 | Grad norm: 0.025879 | Time: 33s629ms
Epoch: 033 | Test Loss: 0.0088718 | Time: 512ms
==> Save the model at epoch 033 with test loss 0.0088718
Epoch: 034 | Loss: 0.0092479 | L2 loss: 0.0092292 | Lip loss: 0.0000187 | Grad norm: 0.027036 | Time: 34s459ms
Epoch: 034 | Test Loss: 0.0088718 | Time: 589ms
==> Save the model at epoch 034 with test loss 0.0088718
Epoch: 035 | Loss: 0.0092479 | L2 loss: 0.0092292 | Lip loss: 0.0000187 | Grad norm: 0.026318 | Time: 34s781ms
Epoch: 035 | Test Loss: 0.0088718 | Time: 580ms
==> Save the model at epoch 035 with test loss 0.0088718
Epoch: 036 | Loss: 0.0092479 | L2 loss: 0.0092292 | Lip loss: 0.0000187 | Grad norm: 0.026627 | Time: 34s711ms
Epoch: 036 | Test Loss: 0.0088718 | Time: 509ms
Epoch: 037 | Loss: 0.0092480 | L2 loss: 0.0092292 | Lip loss: 0.0000188 | Grad norm: 0.026287 | Time: 35s600ms
Epoch: 037 | Test Loss: 0.0088718 | Time: 517ms
Epoch: 038 | Loss: 0.0092479 | L2 loss: 0.0092292 | Lip loss: 0.0000187 | Grad norm: 0.026435 | Time: 34s347ms
Epoch: 038 | Test Loss: 0.0088718 | Time: 518ms
Epoch: 039 | Loss: 0.0092480 | L2 loss: 0.0092292 | Lip loss: 0.0000188 | Grad norm: 0.026449 | Time: 34s895ms
Epoch: 039 | Test Loss: 0.0088718 | Time: 512ms
Epoch: 040 | Loss: 0.0092480 | L2 loss: 0.0092292 | Lip loss: 0.0000188 | Grad norm: 0.026347 | Time: 35s54ms
Epoch: 040 | Test Loss: 0.0088718 | Time: 523ms
Total time: 23m41s
==> Saving trained model weights...
==> Input bias to be applied to the neural network (trained):
[0. 0. 0. 0.]
==> Input transform to be applied to the neural network (trained):
[1. 1. 1. 1.]
==> Output transform to be applied to the neural network (trained):
[1. 1.]
==> Saving training info...
==> Drawing training loss...
==> Drawing grad norm...
==> Drawing testing loss...
==> Drawing l2 loss...
==> Drawing lip loss...
==> Process finished.
