==> torch device:  cuda:2
==> Test-Train split: test_ratio = 0.20
==> Test-Train split seed:  None
==> Further split: further_train_ratio = 0.25
==> Further split seed:  None
==> Input bias to be applied to the neural network:
[0. 0. 0. 0.]
==> Input transform to be applied to the neural network:
[0.7072636  0.72212595 0.6760411  0.67349136]
==> Ouput transform to be applied to the neural network:
[0.2287 0.2871]
==> Evaluating model...
==========================================================================================
Layer (type:depth-idx)                   Output Shape              Param #
==========================================================================================
NeuralNetwork                            [1, 2]                    10
├─Sequential: 1-1                        [1, 2]                    --
│    └─Linear: 2-1                       [1, 64]                   320
│    └─ReLU: 2-2                         [1, 64]                   --
│    └─Linear: 2-3                       [1, 64]                   4,160
│    └─ReLU: 2-4                         [1, 64]                   --
│    └─Linear: 2-5                       [1, 64]                   4,160
│    └─ReLU: 2-6                         [1, 64]                   --
│    └─Linear: 2-7                       [1, 64]                   4,160
│    └─ReLU: 2-8                         [1, 64]                   --
│    └─Linear: 2-9                       [1, 64]                   4,160
│    └─ReLU: 2-10                        [1, 64]                   --
│    └─Linear: 2-11                      [1, 64]                   4,160
│    └─ReLU: 2-12                        [1, 64]                   --
│    └─Linear: 2-13                      [1, 64]                   4,160
│    └─ReLU: 2-14                        [1, 64]                   --
│    └─Linear: 2-15                      [1, 2]                    130
├─Sequential: 1-2                        [1, 2]                    (recursive)
│    └─Linear: 2-16                      [1, 64]                   (recursive)
│    └─ReLU: 2-17                        [1, 64]                   --
│    └─Linear: 2-18                      [1, 64]                   (recursive)
│    └─ReLU: 2-19                        [1, 64]                   --
│    └─Linear: 2-20                      [1, 64]                   (recursive)
│    └─ReLU: 2-21                        [1, 64]                   --
│    └─Linear: 2-22                      [1, 64]                   (recursive)
│    └─ReLU: 2-23                        [1, 64]                   --
│    └─Linear: 2-24                      [1, 64]                   (recursive)
│    └─ReLU: 2-25                        [1, 64]                   --
│    └─Linear: 2-26                      [1, 64]                   (recursive)
│    └─ReLU: 2-27                        [1, 64]                   --
│    └─Linear: 2-28                      [1, 64]                   (recursive)
│    └─ReLU: 2-29                        [1, 64]                   --
│    └─Linear: 2-30                      [1, 2]                    (recursive)
==========================================================================================
Total params: 25,420
Trainable params: 25,410
Non-trainable params: 10
Total mult-adds (Units.MEGABYTES): 0.05
==========================================================================================
Input size (MB): 0.00
Forward/backward pass size (MB): 0.01
Params size (MB): 0.10
Estimated Total Size (MB): 0.11
==========================================================================================
==> Saving initial model weights...
==> Start training...
==> Number of param_groups in optimizer: 1
Epoch: 001 | Train Loss: 0.1336968 | Grad norm: 0.002592 | Time: 1s386ms
Epoch: 001 | Test Loss: 0.1344060 | Time: 569ms
==> Save the model at epoch 001 with test loss 0.1344060
Epoch: 002 | Train Loss: 0.0364948 | Grad norm: 0.053338 | Time: 1s107ms
Epoch: 002 | Test Loss: 0.0104334 | Time: 510ms
==> Save the model at epoch 002 with test loss 0.0104334
Epoch: 003 | Train Loss: 0.0109391 | Grad norm: 0.034390 | Time: 1s100ms
Epoch: 003 | Test Loss: 0.0099755 | Time: 577ms
==> Save the model at epoch 003 with test loss 0.0099755
Epoch: 004 | Train Loss: 0.0110028 | Grad norm: 0.035852 | Time: 1s137ms
Epoch: 004 | Test Loss: 0.0108295 | Time: 559ms
Epoch: 005 | Train Loss: 0.0111482 | Grad norm: 0.038608 | Time: 1s87ms
Epoch: 005 | Test Loss: 0.0102417 | Time: 510ms
Epoch: 006 | Train Loss: 0.0108641 | Grad norm: 0.032253 | Time: 1s113ms
Epoch: 006 | Test Loss: 0.0104509 | Time: 506ms
Epoch: 007 | Train Loss: 0.0111007 | Grad norm: 0.038257 | Time: 1s121ms
Epoch: 007 | Test Loss: 0.0101730 | Time: 593ms
Epoch: 008 | Train Loss: 0.0112009 | Grad norm: 0.039510 | Time: 1s118ms
Epoch: 008 | Test Loss: 0.0103678 | Time: 527ms
Epoch: 009 | Train Loss: 0.0107907 | Grad norm: 0.034906 | Time: 1s191ms
Epoch: 009 | Test Loss: 0.0099590 | Time: 511ms
==> Save the model at epoch 009 with test loss 0.0099590
Epoch: 010 | Train Loss: 0.0105871 | Grad norm: 0.033280 | Time: 1s15ms
Epoch: 010 | Test Loss: 0.0102353 | Time: 520ms
Epoch: 011 | Train Loss: 0.0107019 | Grad norm: 0.035449 | Time: 1s3ms
Epoch: 011 | Test Loss: 0.0109652 | Time: 574ms
Epoch: 012 | Train Loss: 0.0104951 | Grad norm: 0.032217 | Time: 1s95ms
Epoch: 012 | Test Loss: 0.0102997 | Time: 504ms
Epoch: 013 | Train Loss: 0.0103054 | Grad norm: 0.031621 | Time: 1s14ms
Epoch: 013 | Test Loss: 0.0093693 | Time: 507ms
==> Save the model at epoch 013 with test loss 0.0093693
Epoch: 014 | Train Loss: 0.0100766 | Grad norm: 0.031197 | Time: 1s83ms
Epoch: 014 | Test Loss: 0.0097085 | Time: 527ms
Epoch: 015 | Train Loss: 0.0099734 | Grad norm: 0.031300 | Time: 1s37ms
Epoch: 015 | Test Loss: 0.0093846 | Time: 579ms
Epoch: 016 | Train Loss: 0.0098777 | Grad norm: 0.031833 | Time: 1s26ms
Epoch: 016 | Test Loss: 0.0088814 | Time: 504ms
==> Save the model at epoch 016 with test loss 0.0088814
Epoch: 017 | Train Loss: 0.0098093 | Grad norm: 0.033515 | Time: 1s44ms
Epoch: 017 | Test Loss: 0.0091016 | Time: 512ms
Epoch: 018 | Train Loss: 0.0093824 | Grad norm: 0.029288 | Time: 989ms
Epoch: 018 | Test Loss: 0.0093275 | Time: 501ms
Epoch: 019 | Train Loss: 0.0093639 | Grad norm: 0.030222 | Time: 992ms
Epoch: 019 | Test Loss: 0.0090880 | Time: 589ms
Epoch: 020 | Train Loss: 0.0092295 | Grad norm: 0.029912 | Time: 1s97ms
Epoch: 020 | Test Loss: 0.0086716 | Time: 543ms
==> Save the model at epoch 020 with test loss 0.0086716
Epoch: 021 | Train Loss: 0.0089747 | Grad norm: 0.027335 | Time: 1s32ms
Epoch: 021 | Test Loss: 0.0088320 | Time: 506ms
Epoch: 022 | Train Loss: 0.0087597 | Grad norm: 0.026615 | Time: 1s17ms
Epoch: 022 | Test Loss: 0.0083395 | Time: 514ms
==> Save the model at epoch 022 with test loss 0.0083395
Epoch: 023 | Train Loss: 0.0086967 | Grad norm: 0.027699 | Time: 1s31ms
Epoch: 023 | Test Loss: 0.0082821 | Time: 571ms
==> Save the model at epoch 023 with test loss 0.0082821
Epoch: 024 | Train Loss: 0.0085862 | Grad norm: 0.027238 | Time: 1s107ms
Epoch: 024 | Test Loss: 0.0081442 | Time: 522ms
==> Save the model at epoch 024 with test loss 0.0081442
Epoch: 025 | Train Loss: 0.0083655 | Grad norm: 0.025480 | Time: 1s39ms
Epoch: 025 | Test Loss: 0.0080989 | Time: 503ms
==> Save the model at epoch 025 with test loss 0.0080989
Epoch: 026 | Train Loss: 0.0082310 | Grad norm: 0.026129 | Time: 1s72ms
Epoch: 026 | Test Loss: 0.0081656 | Time: 513ms
Epoch: 027 | Train Loss: 0.0080666 | Grad norm: 0.023986 | Time: 993ms
Epoch: 027 | Test Loss: 0.0080448 | Time: 580ms
==> Save the model at epoch 027 with test loss 0.0080448
Epoch: 028 | Train Loss: 0.0079489 | Grad norm: 0.025541 | Time: 1s30ms
Epoch: 028 | Test Loss: 0.0076173 | Time: 503ms
==> Save the model at epoch 028 with test loss 0.0076173
Epoch: 029 | Train Loss: 0.0078060 | Grad norm: 0.022724 | Time: 1s151ms
Epoch: 029 | Test Loss: 0.0078667 | Time: 522ms
Epoch: 030 | Train Loss: 0.0077481 | Grad norm: 0.023653 | Time: 1s178ms
Epoch: 030 | Test Loss: 0.0076275 | Time: 505ms
Epoch: 031 | Train Loss: 0.0076682 | Grad norm: 0.021879 | Time: 1s156ms
Epoch: 031 | Test Loss: 0.0075884 | Time: 575ms
==> Save the model at epoch 031 with test loss 0.0075884
Epoch: 032 | Train Loss: 0.0075176 | Grad norm: 0.021539 | Time: 1s74ms
Epoch: 032 | Test Loss: 0.0076256 | Time: 506ms
Epoch: 033 | Train Loss: 0.0074551 | Grad norm: 0.021479 | Time: 1s82ms
Epoch: 033 | Test Loss: 0.0076067 | Time: 504ms
Epoch: 034 | Train Loss: 0.0073749 | Grad norm: 0.019443 | Time: 1s85ms
Epoch: 034 | Test Loss: 0.0074302 | Time: 508ms
==> Save the model at epoch 034 with test loss 0.0074302
Epoch: 035 | Train Loss: 0.0073187 | Grad norm: 0.019153 | Time: 1s59ms
Epoch: 035 | Test Loss: 0.0074427 | Time: 594ms
Epoch: 036 | Train Loss: 0.0072475 | Grad norm: 0.018355 | Time: 1s41ms
Epoch: 036 | Test Loss: 0.0074300 | Time: 506ms
==> Save the model at epoch 036 with test loss 0.0074300
Epoch: 037 | Train Loss: 0.0072000 | Grad norm: 0.018418 | Time: 1s54ms
Epoch: 037 | Test Loss: 0.0074276 | Time: 508ms
==> Save the model at epoch 037 with test loss 0.0074276
Epoch: 038 | Train Loss: 0.0071766 | Grad norm: 0.017370 | Time: 1s15ms
Epoch: 038 | Test Loss: 0.0073748 | Time: 506ms
==> Save the model at epoch 038 with test loss 0.0073748
Epoch: 039 | Train Loss: 0.0071498 | Grad norm: 0.017117 | Time: 1s89ms
Epoch: 039 | Test Loss: 0.0073695 | Time: 591ms
==> Save the model at epoch 039 with test loss 0.0073695
Epoch: 040 | Train Loss: 0.0071389 | Grad norm: 0.016942 | Time: 1s26ms
Epoch: 040 | Test Loss: 0.0073672 | Time: 507ms
==> Save the model at epoch 040 with test loss 0.0073672
Total time: 1m4s
==> Saving trained model weights...
==> Input bias to be applied to the neural network (trained):
[0. 0. 0. 0.]
==> Input transform to be applied to the neural network (trained):
[0.7072636  0.72212595 0.6760411  0.67349136]
==> Output transform to be applied to the neural network (trained):
[0.2287 0.2871]
==> Saving training info...
==> Drawing training loss...
==> Drawing grad norm...
==> Drawing testing loss...
==> Process finished.
