==> torch device:  cuda:2
==> Test-Train split: test_ratio = 0.20
==> Test-Train split seed:  None
==> Further split: further_train_ratio = 1.00
==> Further split seed:  None
==> Input bias to be applied to the neural network:
[0. 0.]
==> Input transform to be applied to the neural network:
[1. 1.]
==> Ouput transform to be applied to the neural network:
[1. 1.]
==> Evaluating model...
==========================================================================================
Layer (type:depth-idx)                   Output Shape              Param #
==========================================================================================
NeuralNetwork                            [1, 2]                    6
├─Sequential: 1-1                        [1, 2]                    --
│    └─Linear: 2-1                       [1, 64]                   192
│    └─LeakyReLU: 2-2                    [1, 64]                   --
│    └─Linear: 2-3                       [1, 64]                   4,160
│    └─LeakyReLU: 2-4                    [1, 64]                   --
│    └─Linear: 2-5                       [1, 64]                   4,160
│    └─LeakyReLU: 2-6                    [1, 64]                   --
│    └─Linear: 2-7                       [1, 64]                   4,160
│    └─LeakyReLU: 2-8                    [1, 64]                   --
│    └─Linear: 2-9                       [1, 64]                   4,160
│    └─LeakyReLU: 2-10                   [1, 64]                   --
│    └─Linear: 2-11                      [1, 64]                   4,160
│    └─LeakyReLU: 2-12                   [1, 64]                   --
│    └─Linear: 2-13                      [1, 64]                   4,160
│    └─LeakyReLU: 2-14                   [1, 64]                   --
│    └─Linear: 2-15                      [1, 2]                    130
==========================================================================================
Total params: 25,288
Trainable params: 25,282
Non-trainable params: 6
Total mult-adds (Units.MEGABYTES): 0.03
==========================================================================================
Input size (MB): 0.00
Forward/backward pass size (MB): 0.00
Params size (MB): 0.10
Estimated Total Size (MB): 0.10
==========================================================================================
==> Saving initial model weights...
==> Start training...
Epoch: 001 | Loss: 0.8179888 | L2 loss: 0.8178531 | Lip loss: 0.0001357 | Grad norm: 3.346826 | Time: 34s5ms
Epoch: 001 | Test Loss: 0.0338068 | Time: 443ms
==> Save the model at epoch 001 with test loss 0.0338068
Epoch: 002 | Loss: 0.0432286 | L2 loss: 0.0430826 | Lip loss: 0.0001459 | Grad norm: 4.959931 | Time: 34s652ms
Epoch: 002 | Test Loss: 0.0249453 | Time: 435ms
==> Save the model at epoch 002 with test loss 0.0249453
Epoch: 003 | Loss: 0.0204227 | L2 loss: 0.0202788 | Lip loss: 0.0001439 | Grad norm: 2.324517 | Time: 35s37ms
Epoch: 003 | Test Loss: 0.0194337 | Time: 440ms
==> Save the model at epoch 003 with test loss 0.0194337
Epoch: 004 | Loss: 0.0184374 | L2 loss: 0.0182923 | Lip loss: 0.0001451 | Grad norm: 2.195252 | Time: 34s590ms
Epoch: 004 | Test Loss: 0.0146314 | Time: 443ms
==> Save the model at epoch 004 with test loss 0.0146314
Epoch: 005 | Loss: 0.0167881 | L2 loss: 0.0166429 | Lip loss: 0.0001452 | Grad norm: 1.703550 | Time: 34s202ms
Epoch: 005 | Test Loss: 0.0092241 | Time: 433ms
==> Save the model at epoch 005 with test loss 0.0092241
Epoch: 006 | Loss: 0.0077894 | L2 loss: 0.0076455 | Lip loss: 0.0001439 | Grad norm: 0.372697 | Time: 33s642ms
Epoch: 006 | Test Loss: 0.0074115 | Time: 512ms
==> Save the model at epoch 006 with test loss 0.0074115
Epoch: 007 | Loss: 0.0076720 | L2 loss: 0.0075273 | Lip loss: 0.0001447 | Grad norm: 0.378467 | Time: 33s928ms
Epoch: 007 | Test Loss: 0.0074770 | Time: 508ms
Epoch: 008 | Loss: 0.0075789 | L2 loss: 0.0074315 | Lip loss: 0.0001474 | Grad norm: 0.375579 | Time: 34s158ms
Epoch: 008 | Test Loss: 0.0071893 | Time: 440ms
==> Save the model at epoch 008 with test loss 0.0071893
Epoch: 009 | Loss: 0.0075843 | L2 loss: 0.0074373 | Lip loss: 0.0001469 | Grad norm: 0.414896 | Time: 33s244ms
Epoch: 009 | Test Loss: 0.0072360 | Time: 445ms
Epoch: 010 | Loss: 0.0074905 | L2 loss: 0.0073429 | Lip loss: 0.0001476 | Grad norm: 0.384970 | Time: 34s109ms
Epoch: 010 | Test Loss: 0.0073743 | Time: 435ms
Epoch: 011 | Loss: 0.0072086 | L2 loss: 0.0070608 | Lip loss: 0.0001478 | Grad norm: 0.256092 | Time: 33s917ms
Epoch: 011 | Test Loss: 0.0070180 | Time: 448ms
==> Save the model at epoch 011 with test loss 0.0070180
Epoch: 012 | Loss: 0.0071811 | L2 loss: 0.0070356 | Lip loss: 0.0001456 | Grad norm: 0.250066 | Time: 33s851ms
Epoch: 012 | Test Loss: 0.0069719 | Time: 435ms
==> Save the model at epoch 012 with test loss 0.0069719
Epoch: 013 | Loss: 0.0071882 | L2 loss: 0.0070390 | Lip loss: 0.0001492 | Grad norm: 0.257457 | Time: 34s555ms
Epoch: 013 | Test Loss: 0.0069786 | Time: 461ms
Epoch: 014 | Loss: 0.0071806 | L2 loss: 0.0070357 | Lip loss: 0.0001448 | Grad norm: 0.256824 | Time: 34s424ms
Epoch: 014 | Test Loss: 0.0069752 | Time: 440ms
Epoch: 015 | Loss: 0.0071764 | L2 loss: 0.0070312 | Lip loss: 0.0001452 | Grad norm: 0.256171 | Time: 35s361ms
Epoch: 015 | Test Loss: 0.0070341 | Time: 506ms
Epoch: 016 | Loss: 0.0071334 | L2 loss: 0.0069862 | Lip loss: 0.0001472 | Grad norm: 0.227823 | Time: 34s283ms
Epoch: 016 | Test Loss: 0.0069249 | Time: 507ms
==> Save the model at epoch 016 with test loss 0.0069249
Epoch: 017 | Loss: 0.0071307 | L2 loss: 0.0069833 | Lip loss: 0.0001474 | Grad norm: 0.231685 | Time: 34s695ms
Epoch: 017 | Test Loss: 0.0069256 | Time: 436ms
Epoch: 018 | Loss: 0.0071320 | L2 loss: 0.0069825 | Lip loss: 0.0001495 | Grad norm: 0.230386 | Time: 34s912ms
Epoch: 018 | Test Loss: 0.0069230 | Time: 438ms
==> Save the model at epoch 018 with test loss 0.0069230
Epoch: 019 | Loss: 0.0071284 | L2 loss: 0.0069821 | Lip loss: 0.0001463 | Grad norm: 0.236359 | Time: 34s819ms
Epoch: 019 | Test Loss: 0.0069257 | Time: 443ms
Epoch: 020 | Loss: 0.0071252 | L2 loss: 0.0069812 | Lip loss: 0.0001440 | Grad norm: 0.228364 | Time: 34s656ms
Epoch: 020 | Test Loss: 0.0069220 | Time: 435ms
==> Save the model at epoch 020 with test loss 0.0069220
Epoch: 021 | Loss: 0.0071249 | L2 loss: 0.0069758 | Lip loss: 0.0001491 | Grad norm: 0.224662 | Time: 34s374ms
Epoch: 021 | Test Loss: 0.0069212 | Time: 440ms
==> Save the model at epoch 021 with test loss 0.0069212
Epoch: 022 | Loss: 0.0071188 | L2 loss: 0.0069755 | Lip loss: 0.0001432 | Grad norm: 0.226154 | Time: 34s481ms
Epoch: 022 | Test Loss: 0.0069211 | Time: 444ms
==> Save the model at epoch 022 with test loss 0.0069211
Epoch: 023 | Loss: 0.0071222 | L2 loss: 0.0069757 | Lip loss: 0.0001464 | Grad norm: 0.226195 | Time: 34s368ms
Epoch: 023 | Test Loss: 0.0069210 | Time: 448ms
==> Save the model at epoch 023 with test loss 0.0069210
Epoch: 024 | Loss: 0.0071207 | L2 loss: 0.0069754 | Lip loss: 0.0001453 | Grad norm: 0.229555 | Time: 34s593ms
Epoch: 024 | Test Loss: 0.0069216 | Time: 512ms
Epoch: 025 | Loss: 0.0071193 | L2 loss: 0.0069753 | Lip loss: 0.0001440 | Grad norm: 0.219678 | Time: 34s518ms
Epoch: 025 | Test Loss: 0.0069213 | Time: 512ms
Epoch: 026 | Loss: 0.0071194 | L2 loss: 0.0069744 | Lip loss: 0.0001450 | Grad norm: 0.224089 | Time: 34s764ms
Epoch: 026 | Test Loss: 0.0069212 | Time: 446ms
Epoch: 027 | Loss: 0.0071232 | L2 loss: 0.0069744 | Lip loss: 0.0001487 | Grad norm: 0.228696 | Time: 34s468ms
Epoch: 027 | Test Loss: 0.0069212 | Time: 446ms
Epoch: 028 | Loss: 0.0071189 | L2 loss: 0.0069744 | Lip loss: 0.0001445 | Grad norm: 0.227231 | Time: 35s116ms
Epoch: 028 | Test Loss: 0.0069212 | Time: 442ms
Epoch: 029 | Loss: 0.0071202 | L2 loss: 0.0069744 | Lip loss: 0.0001458 | Grad norm: 0.224291 | Time: 34s880ms
Epoch: 029 | Test Loss: 0.0069212 | Time: 437ms
Epoch: 030 | Loss: 0.0071176 | L2 loss: 0.0069744 | Lip loss: 0.0001432 | Grad norm: 0.228048 | Time: 34s734ms
Epoch: 030 | Test Loss: 0.0069212 | Time: 436ms
Epoch: 031 | Loss: 0.0071203 | L2 loss: 0.0069743 | Lip loss: 0.0001459 | Grad norm: 0.224626 | Time: 34s714ms
Epoch: 031 | Test Loss: 0.0069212 | Time: 441ms
Epoch: 032 | Loss: 0.0071204 | L2 loss: 0.0069743 | Lip loss: 0.0001461 | Grad norm: 0.224466 | Time: 34s717ms
Epoch: 032 | Test Loss: 0.0069212 | Time: 505ms
Epoch: 033 | Loss: 0.0071182 | L2 loss: 0.0069743 | Lip loss: 0.0001439 | Grad norm: 0.223452 | Time: 35s559ms
Epoch: 033 | Test Loss: 0.0069212 | Time: 443ms
Epoch: 034 | Loss: 0.0071228 | L2 loss: 0.0069743 | Lip loss: 0.0001485 | Grad norm: 0.229123 | Time: 34s568ms
Epoch: 034 | Test Loss: 0.0069212 | Time: 512ms
Epoch: 035 | Loss: 0.0071193 | L2 loss: 0.0069743 | Lip loss: 0.0001449 | Grad norm: 0.223017 | Time: 34s449ms
Epoch: 035 | Test Loss: 0.0069212 | Time: 508ms
Epoch: 036 | Loss: 0.0071214 | L2 loss: 0.0069743 | Lip loss: 0.0001471 | Grad norm: 0.226602 | Time: 34s836ms
Epoch: 036 | Test Loss: 0.0069212 | Time: 436ms
Epoch: 037 | Loss: 0.0071180 | L2 loss: 0.0069743 | Lip loss: 0.0001436 | Grad norm: 0.227647 | Time: 35s100ms
Epoch: 037 | Test Loss: 0.0069212 | Time: 445ms
Epoch: 038 | Loss: 0.0071191 | L2 loss: 0.0069743 | Lip loss: 0.0001448 | Grad norm: 0.224282 | Time: 33s609ms
Epoch: 038 | Test Loss: 0.0069212 | Time: 443ms
Epoch: 039 | Loss: 0.0071230 | L2 loss: 0.0069743 | Lip loss: 0.0001487 | Grad norm: 0.230581 | Time: 34s72ms
Epoch: 039 | Test Loss: 0.0069212 | Time: 444ms
Epoch: 040 | Loss: 0.0071211 | L2 loss: 0.0069743 | Lip loss: 0.0001468 | Grad norm: 0.222460 | Time: 34s512ms
Epoch: 040 | Test Loss: 0.0069212 | Time: 442ms
Total time: 23m17s
==> Saving trained model weights...
==> Input bias to be applied to the neural network (trained):
[0. 0.]
==> Input transform to be applied to the neural network (trained):
[1. 1.]
==> Output transform to be applied to the neural network (trained):
[1. 1.]
==> Saving training info...
==> Drawing training loss...
==> Drawing grad norm...
==> Drawing testing loss...
==> Drawing l2 loss...
==> Drawing lip loss...
==> Process finished.
