==> torch device:  cuda:3
==> Test-Train split: test_ratio = 0.20
==> Test-Train split seed:  None
==> Further split: further_train_ratio = 0.25
==> Further split seed:  None
==> Input bias to be applied to the neural network:
[0. 0.]
==> Input transform to be applied to the neural network:
[0.5090095 0.5090095]
==> Ouput transform to be applied to the neural network:
[3.9366 3.9363]
==> Evaluating model...
==========================================================================================
Layer (type:depth-idx)                   Output Shape              Param #
==========================================================================================
NeuralNetwork                            [1, 2]                    6
├─Sequential: 1-1                        [1, 2]                    --
│    └─Linear: 2-1                       [1, 64]                   192
│    └─ReLU: 2-2                         [1, 64]                   --
│    └─Linear: 2-3                       [1, 64]                   4,160
│    └─ReLU: 2-4                         [1, 64]                   --
│    └─Linear: 2-5                       [1, 64]                   4,160
│    └─ReLU: 2-6                         [1, 64]                   --
│    └─Linear: 2-7                       [1, 64]                   4,160
│    └─ReLU: 2-8                         [1, 64]                   --
│    └─Linear: 2-9                       [1, 64]                   4,160
│    └─ReLU: 2-10                        [1, 64]                   --
│    └─Linear: 2-11                      [1, 64]                   4,160
│    └─ReLU: 2-12                        [1, 64]                   --
│    └─Linear: 2-13                      [1, 64]                   4,160
│    └─ReLU: 2-14                        [1, 64]                   --
│    └─Linear: 2-15                      [1, 2]                    130
├─Sequential: 1-2                        [1, 2]                    (recursive)
│    └─Linear: 2-16                      [1, 64]                   (recursive)
│    └─ReLU: 2-17                        [1, 64]                   --
│    └─Linear: 2-18                      [1, 64]                   (recursive)
│    └─ReLU: 2-19                        [1, 64]                   --
│    └─Linear: 2-20                      [1, 64]                   (recursive)
│    └─ReLU: 2-21                        [1, 64]                   --
│    └─Linear: 2-22                      [1, 64]                   (recursive)
│    └─ReLU: 2-23                        [1, 64]                   --
│    └─Linear: 2-24                      [1, 64]                   (recursive)
│    └─ReLU: 2-25                        [1, 64]                   --
│    └─Linear: 2-26                      [1, 64]                   (recursive)
│    └─ReLU: 2-27                        [1, 64]                   --
│    └─Linear: 2-28                      [1, 64]                   (recursive)
│    └─ReLU: 2-29                        [1, 64]                   --
│    └─Linear: 2-30                      [1, 2]                    (recursive)
==========================================================================================
Total params: 25,288
Trainable params: 25,282
Non-trainable params: 6
Total mult-adds (Units.MEGABYTES): 0.05
==========================================================================================
Input size (MB): 0.00
Forward/backward pass size (MB): 0.01
Params size (MB): 0.10
Estimated Total Size (MB): 0.11
==========================================================================================
==> Saving initial model weights...
==> Start training...
==> Number of param_groups in optimizer: 1
Epoch: 001 | Train Loss: 31.2759065 | Grad norm: 0.926050 | Time: 1s231ms
Epoch: 001 | Test Loss: 30.8013689 | Time: 441ms
==> Save the model at epoch 001 with test loss 30.8013689
Epoch: 002 | Train Loss: 7.0099795 | Grad norm: 12.520618 | Time: 1s34ms
Epoch: 002 | Test Loss: 0.0557820 | Time: 450ms
==> Save the model at epoch 002 with test loss 0.0557820
Epoch: 003 | Train Loss: 0.0539357 | Grad norm: 5.416935 | Time: 998ms
Epoch: 003 | Test Loss: 0.0351319 | Time: 512ms
==> Save the model at epoch 003 with test loss 0.0351319
Epoch: 004 | Train Loss: 0.0740079 | Grad norm: 6.050544 | Time: 1s146ms
Epoch: 004 | Test Loss: 0.0182550 | Time: 461ms
==> Save the model at epoch 004 with test loss 0.0182550
Epoch: 005 | Train Loss: 0.1185131 | Grad norm: 7.289465 | Time: 1s47ms
Epoch: 005 | Test Loss: 0.0791599 | Time: 461ms
Epoch: 006 | Train Loss: 0.1227823 | Grad norm: 7.226807 | Time: 1s12ms
Epoch: 006 | Test Loss: 0.0609795 | Time: 437ms
Epoch: 007 | Train Loss: 0.1967085 | Grad norm: 9.426585 | Time: 1s31ms
Epoch: 007 | Test Loss: 0.0937622 | Time: 507ms
Epoch: 008 | Train Loss: 0.2884535 | Grad norm: 12.196971 | Time: 976ms
Epoch: 008 | Test Loss: 0.1436172 | Time: 442ms
Epoch: 009 | Train Loss: 0.3086626 | Grad norm: 12.397272 | Time: 1s92ms
Epoch: 009 | Test Loss: 0.1001584 | Time: 444ms
Epoch: 010 | Train Loss: 0.3547413 | Grad norm: 12.351019 | Time: 1s35ms
Epoch: 010 | Test Loss: 0.3505920 | Time: 439ms
Epoch: 011 | Train Loss: 0.4998751 | Grad norm: 16.984731 | Time: 1s8ms
Epoch: 011 | Test Loss: 0.2720862 | Time: 518ms
Epoch: 012 | Train Loss: 0.2251871 | Grad norm: 10.429012 | Time: 971ms
Epoch: 012 | Test Loss: 0.2006522 | Time: 457ms
Epoch: 013 | Train Loss: 0.1201745 | Grad norm: 7.967413 | Time: 990ms
Epoch: 013 | Test Loss: 0.0319467 | Time: 460ms
Epoch: 014 | Train Loss: 0.1332114 | Grad norm: 8.230795 | Time: 1s23ms
Epoch: 014 | Test Loss: 0.0983359 | Time: 440ms
Epoch: 015 | Train Loss: 0.1705483 | Grad norm: 8.742119 | Time: 1s48ms
Epoch: 015 | Test Loss: 0.1491076 | Time: 506ms
Epoch: 016 | Train Loss: 0.1050004 | Grad norm: 6.938906 | Time: 968ms
Epoch: 016 | Test Loss: 0.0558726 | Time: 439ms
Epoch: 017 | Train Loss: 0.1042746 | Grad norm: 6.784071 | Time: 999ms
Epoch: 017 | Test Loss: 0.0340025 | Time: 465ms
Epoch: 018 | Train Loss: 0.0795783 | Grad norm: 6.249009 | Time: 1s66ms
Epoch: 018 | Test Loss: 0.0652263 | Time: 435ms
Epoch: 019 | Train Loss: 0.1246985 | Grad norm: 6.946334 | Time: 973ms
Epoch: 019 | Test Loss: 0.0414403 | Time: 517ms
Epoch: 020 | Train Loss: 0.0688754 | Grad norm: 6.141462 | Time: 1s6ms
Epoch: 020 | Test Loss: 0.0349143 | Time: 439ms
Epoch: 021 | Train Loss: 0.0375094 | Grad norm: 3.920808 | Time: 1s46ms
Epoch: 021 | Test Loss: 0.0433707 | Time: 453ms
Epoch: 022 | Train Loss: 0.0515259 | Grad norm: 4.538977 | Time: 980ms
Epoch: 022 | Test Loss: 0.0381987 | Time: 439ms
Epoch: 023 | Train Loss: 0.0422562 | Grad norm: 3.936942 | Time: 1s7ms
Epoch: 023 | Test Loss: 0.0572343 | Time: 525ms
Epoch: 024 | Train Loss: 0.0898959 | Grad norm: 6.773647 | Time: 992ms
Epoch: 024 | Test Loss: 0.1675103 | Time: 450ms
Epoch: 025 | Train Loss: 0.0289383 | Grad norm: 3.379045 | Time: 997ms
Epoch: 025 | Test Loss: 0.0200654 | Time: 440ms
Epoch: 026 | Train Loss: 0.0194582 | Grad norm: 2.589107 | Time: 1s45ms
Epoch: 026 | Test Loss: 0.0141549 | Time: 458ms
==> Save the model at epoch 026 with test loss 0.0141549
Epoch: 027 | Train Loss: 0.0275395 | Grad norm: 3.117126 | Time: 1s42ms
Epoch: 027 | Test Loss: 0.0443902 | Time: 505ms
Epoch: 028 | Train Loss: 0.0211790 | Grad norm: 2.537631 | Time: 977ms
Epoch: 028 | Test Loss: 0.0527433 | Time: 441ms
Epoch: 029 | Train Loss: 0.0161719 | Grad norm: 2.104860 | Time: 990ms
Epoch: 029 | Test Loss: 0.0161631 | Time: 438ms
Epoch: 030 | Train Loss: 0.0120664 | Grad norm: 1.610284 | Time: 1s32ms
Epoch: 030 | Test Loss: 0.0099861 | Time: 463ms
==> Save the model at epoch 030 with test loss 0.0099861
Epoch: 031 | Train Loss: 0.0107915 | Grad norm: 1.369029 | Time: 1s53ms
Epoch: 031 | Test Loss: 0.0094468 | Time: 524ms
==> Save the model at epoch 031 with test loss 0.0094468
Epoch: 032 | Train Loss: 0.0092673 | Grad norm: 1.050081 | Time: 1s65ms
Epoch: 032 | Test Loss: 0.0091084 | Time: 442ms
==> Save the model at epoch 032 with test loss 0.0091084
Epoch: 033 | Train Loss: 0.0082083 | Grad norm: 0.730902 | Time: 1s79ms
Epoch: 033 | Test Loss: 0.0082572 | Time: 439ms
==> Save the model at epoch 033 with test loss 0.0082572
Epoch: 034 | Train Loss: 0.0077879 | Grad norm: 0.597172 | Time: 974ms
Epoch: 034 | Test Loss: 0.0088474 | Time: 449ms
Epoch: 035 | Train Loss: 0.0076981 | Grad norm: 0.557717 | Time: 1s7ms
Epoch: 035 | Test Loss: 0.0081669 | Time: 509ms
==> Save the model at epoch 035 with test loss 0.0081669
Epoch: 036 | Train Loss: 0.0076808 | Grad norm: 0.557630 | Time: 1s15ms
Epoch: 036 | Test Loss: 0.0072149 | Time: 444ms
==> Save the model at epoch 036 with test loss 0.0072149
Epoch: 037 | Train Loss: 0.0072621 | Grad norm: 0.353050 | Time: 1s28ms
Epoch: 037 | Test Loss: 0.0071340 | Time: 456ms
==> Save the model at epoch 037 with test loss 0.0071340
Epoch: 038 | Train Loss: 0.0072048 | Grad norm: 0.308886 | Time: 1s37ms
Epoch: 038 | Test Loss: 0.0072070 | Time: 443ms
Epoch: 039 | Train Loss: 0.0071308 | Grad norm: 0.255508 | Time: 1s57ms
Epoch: 039 | Test Loss: 0.0070888 | Time: 508ms
==> Save the model at epoch 039 with test loss 0.0070888
Epoch: 040 | Train Loss: 0.0070738 | Grad norm: 0.216918 | Time: 1s130ms
Epoch: 040 | Test Loss: 0.0070773 | Time: 448ms
==> Save the model at epoch 040 with test loss 0.0070773
Total time: 59s821ms
==> Saving trained model weights...
==> Input bias to be applied to the neural network (trained):
[0. 0.]
==> Input transform to be applied to the neural network (trained):
[0.5090095 0.5090095]
==> Output transform to be applied to the neural network (trained):
[3.9366 3.9363]
==> Saving training info...
==> Drawing training loss...
==> Drawing grad norm...
==> Drawing testing loss...
==> Process finished.
