==> torch device:  cuda:2
==> Test-Train split: test_ratio = 0.20
==> Test-Train split seed:  None
==> Further split: further_train_ratio = 1.00
==> Further split seed:  None
==> Input bias to be applied to the neural network:
[0. 0.]
==> Input transform to be applied to the neural network:
[0.5090095 0.5090095]
==> Ouput transform to be applied to the neural network:
[3.9366 3.9363]
==> Evaluating model...
==========================================================================================
Layer (type:depth-idx)                   Output Shape              Param #
==========================================================================================
NeuralNetwork                            [1, 2]                    6
├─Sequential: 1-1                        [1, 2]                    --
│    └─Linear: 2-1                       [1, 64]                   192
│    └─ReLU: 2-2                         [1, 64]                   --
│    └─Linear: 2-3                       [1, 64]                   4,160
│    └─ReLU: 2-4                         [1, 64]                   --
│    └─Linear: 2-5                       [1, 64]                   4,160
│    └─ReLU: 2-6                         [1, 64]                   --
│    └─Linear: 2-7                       [1, 64]                   4,160
│    └─ReLU: 2-8                         [1, 64]                   --
│    └─Linear: 2-9                       [1, 64]                   4,160
│    └─ReLU: 2-10                        [1, 64]                   --
│    └─Linear: 2-11                      [1, 64]                   4,160
│    └─ReLU: 2-12                        [1, 64]                   --
│    └─Linear: 2-13                      [1, 64]                   4,160
│    └─ReLU: 2-14                        [1, 64]                   --
│    └─Linear: 2-15                      [1, 2]                    130
├─Sequential: 1-2                        [1, 2]                    (recursive)
│    └─Linear: 2-16                      [1, 64]                   (recursive)
│    └─ReLU: 2-17                        [1, 64]                   --
│    └─Linear: 2-18                      [1, 64]                   (recursive)
│    └─ReLU: 2-19                        [1, 64]                   --
│    └─Linear: 2-20                      [1, 64]                   (recursive)
│    └─ReLU: 2-21                        [1, 64]                   --
│    └─Linear: 2-22                      [1, 64]                   (recursive)
│    └─ReLU: 2-23                        [1, 64]                   --
│    └─Linear: 2-24                      [1, 64]                   (recursive)
│    └─ReLU: 2-25                        [1, 64]                   --
│    └─Linear: 2-26                      [1, 64]                   (recursive)
│    └─ReLU: 2-27                        [1, 64]                   --
│    └─Linear: 2-28                      [1, 64]                   (recursive)
│    └─ReLU: 2-29                        [1, 64]                   --
│    └─Linear: 2-30                      [1, 2]                    (recursive)
==========================================================================================
Total params: 25,288
Trainable params: 25,282
Non-trainable params: 6
Total mult-adds (Units.MEGABYTES): 0.05
==========================================================================================
Input size (MB): 0.00
Forward/backward pass size (MB): 0.01
Params size (MB): 0.10
Estimated Total Size (MB): 0.11
==========================================================================================
==> Saving initial model weights...
==> Start training...
==> Number of param_groups in optimizer: 1
Epoch: 001 | Train Loss: 31.0672160 | Grad norm: 1.222149 | Time: 4s514ms
Epoch: 001 | Test Loss: 30.8346523 | Time: 451ms
==> Save the model at epoch 001 with test loss 30.8346523
Epoch: 002 | Train Loss: 1.7424990 | Grad norm: 4.785547 | Time: 4s159ms
Epoch: 002 | Test Loss: 0.0246139 | Time: 447ms
==> Save the model at epoch 002 with test loss 0.0246139
Epoch: 003 | Train Loss: 0.0341503 | Grad norm: 3.170218 | Time: 4s37ms
Epoch: 003 | Test Loss: 0.0315030 | Time: 449ms
Epoch: 004 | Train Loss: 0.0484017 | Grad norm: 3.885193 | Time: 4s37ms
Epoch: 004 | Test Loss: 0.0596438 | Time: 458ms
Epoch: 005 | Train Loss: 0.0759094 | Grad norm: 5.286264 | Time: 4s73ms
Epoch: 005 | Test Loss: 0.0244332 | Time: 456ms
==> Save the model at epoch 005 with test loss 0.0244332
Epoch: 006 | Train Loss: 0.0891398 | Grad norm: 5.784353 | Time: 4s119ms
Epoch: 006 | Test Loss: 0.0434798 | Time: 542ms
Epoch: 007 | Train Loss: 0.0582738 | Grad norm: 4.759027 | Time: 4s64ms
Epoch: 007 | Test Loss: 0.0463873 | Time: 453ms
Epoch: 008 | Train Loss: 0.0905388 | Grad norm: 6.025450 | Time: 4s48ms
Epoch: 008 | Test Loss: 0.0599230 | Time: 448ms
Epoch: 009 | Train Loss: 0.0953414 | Grad norm: 6.177622 | Time: 4s138ms
Epoch: 009 | Test Loss: 0.0179194 | Time: 449ms
==> Save the model at epoch 009 with test loss 0.0179194
Epoch: 010 | Train Loss: 0.0721837 | Grad norm: 5.327509 | Time: 3s999ms
Epoch: 010 | Test Loss: 0.0512952 | Time: 454ms
Epoch: 011 | Train Loss: 0.0706315 | Grad norm: 5.320829 | Time: 3s996ms
Epoch: 011 | Test Loss: 0.0327711 | Time: 452ms
Epoch: 012 | Train Loss: 0.0566395 | Grad norm: 4.747812 | Time: 3s941ms
Epoch: 012 | Test Loss: 0.0277036 | Time: 452ms
Epoch: 013 | Train Loss: 0.0567052 | Grad norm: 4.650913 | Time: 4s189ms
Epoch: 013 | Test Loss: 0.0596865 | Time: 449ms
Epoch: 014 | Train Loss: 0.0440599 | Grad norm: 4.087584 | Time: 4s12ms
Epoch: 014 | Test Loss: 0.0153146 | Time: 519ms
==> Save the model at epoch 014 with test loss 0.0153146
Epoch: 015 | Train Loss: 0.0443637 | Grad norm: 4.025838 | Time: 4s67ms
Epoch: 015 | Test Loss: 0.0203055 | Time: 448ms
Epoch: 016 | Train Loss: 0.0422229 | Grad norm: 3.933100 | Time: 4s109ms
Epoch: 016 | Test Loss: 0.0264422 | Time: 449ms
Epoch: 017 | Train Loss: 0.0352344 | Grad norm: 3.502170 | Time: 4s145ms
Epoch: 017 | Test Loss: 0.0364669 | Time: 471ms
Epoch: 018 | Train Loss: 0.0256536 | Grad norm: 2.904271 | Time: 3s961ms
Epoch: 018 | Test Loss: 0.0280256 | Time: 452ms
Epoch: 019 | Train Loss: 0.0275782 | Grad norm: 2.930539 | Time: 3s969ms
Epoch: 019 | Test Loss: 0.0203365 | Time: 446ms
Epoch: 020 | Train Loss: 0.0263569 | Grad norm: 2.840840 | Time: 3s923ms
Epoch: 020 | Test Loss: 0.0332764 | Time: 450ms
Epoch: 021 | Train Loss: 0.0220311 | Grad norm: 2.488457 | Time: 4s108ms
Epoch: 021 | Test Loss: 0.0176761 | Time: 449ms
Epoch: 022 | Train Loss: 0.0203926 | Grad norm: 2.320143 | Time: 4s5ms
Epoch: 022 | Test Loss: 0.0172926 | Time: 529ms
Epoch: 023 | Train Loss: 0.0185400 | Grad norm: 2.175436 | Time: 4s111ms
Epoch: 023 | Test Loss: 0.0106111 | Time: 483ms
==> Save the model at epoch 023 with test loss 0.0106111
Epoch: 024 | Train Loss: 0.0167954 | Grad norm: 2.021314 | Time: 4s30ms
Epoch: 024 | Test Loss: 0.0117841 | Time: 446ms
Epoch: 025 | Train Loss: 0.0141179 | Grad norm: 1.724921 | Time: 4s74ms
Epoch: 025 | Test Loss: 0.0107817 | Time: 529ms
Epoch: 026 | Train Loss: 0.0114596 | Grad norm: 1.317554 | Time: 4s240ms
Epoch: 026 | Test Loss: 0.0098211 | Time: 448ms
==> Save the model at epoch 026 with test loss 0.0098211
Epoch: 027 | Train Loss: 0.0126375 | Grad norm: 1.390127 | Time: 4s159ms
Epoch: 027 | Test Loss: 0.0198205 | Time: 513ms
Epoch: 028 | Train Loss: 0.0105653 | Grad norm: 1.196138 | Time: 4s143ms
Epoch: 028 | Test Loss: 0.0082241 | Time: 448ms
==> Save the model at epoch 028 with test loss 0.0082241
Epoch: 029 | Train Loss: 0.0101649 | Grad norm: 1.065037 | Time: 4s291ms
Epoch: 029 | Test Loss: 0.0079038 | Time: 446ms
==> Save the model at epoch 029 with test loss 0.0079038
Epoch: 030 | Train Loss: 0.0093754 | Grad norm: 0.922736 | Time: 4s275ms
Epoch: 030 | Test Loss: 0.0106444 | Time: 461ms
Epoch: 031 | Train Loss: 0.0090322 | Grad norm: 0.813943 | Time: 3s989ms
Epoch: 031 | Test Loss: 0.0081412 | Time: 448ms
Epoch: 032 | Train Loss: 0.0087055 | Grad norm: 0.736329 | Time: 4s100ms
Epoch: 032 | Test Loss: 0.0076687 | Time: 454ms
==> Save the model at epoch 032 with test loss 0.0076687
Epoch: 033 | Train Loss: 0.0084773 | Grad norm: 0.618739 | Time: 3s856ms
Epoch: 033 | Test Loss: 0.0077738 | Time: 516ms
Epoch: 034 | Train Loss: 0.0083137 | Grad norm: 0.543852 | Time: 4s145ms
Epoch: 034 | Test Loss: 0.0072803 | Time: 454ms
==> Save the model at epoch 034 with test loss 0.0072803
Epoch: 035 | Train Loss: 0.0082553 | Grad norm: 0.530983 | Time: 4s77ms
Epoch: 035 | Test Loss: 0.0074321 | Time: 444ms
Epoch: 036 | Train Loss: 0.0081429 | Grad norm: 0.467289 | Time: 4s50ms
Epoch: 036 | Test Loss: 0.0077662 | Time: 473ms
Epoch: 037 | Train Loss: 0.0080160 | Grad norm: 0.399387 | Time: 4s104ms
Epoch: 037 | Test Loss: 0.0072726 | Time: 521ms
==> Save the model at epoch 037 with test loss 0.0072726
Epoch: 038 | Train Loss: 0.0079620 | Grad norm: 0.341240 | Time: 4s296ms
Epoch: 038 | Test Loss: 0.0073739 | Time: 451ms
Epoch: 039 | Train Loss: 0.0078179 | Grad norm: 0.300559 | Time: 3s850ms
Epoch: 039 | Test Loss: 0.0072920 | Time: 457ms
Epoch: 040 | Train Loss: 0.0078126 | Grad norm: 0.251447 | Time: 4s85ms
Epoch: 040 | Test Loss: 0.0072589 | Time: 448ms
==> Save the model at epoch 040 with test loss 0.0072589
Total time: 3m2s
==> Saving trained model weights...
==> Input bias to be applied to the neural network (trained):
[0. 0.]
==> Input transform to be applied to the neural network (trained):
[0.5090095 0.5090095]
==> Output transform to be applied to the neural network (trained):
[3.9366 3.9363]
==> Saving training info...
==> Drawing training loss...
==> Drawing grad norm...
==> Drawing testing loss...
==> Process finished.
