==> torch device:  cuda:0
==> Test-Train split: test_ratio = 0.20
==> Test-Train split seed:  None
==> Further split: further_train_ratio = 0.50
==> Further split seed:  None
==> Input bias to be applied to the neural network:
[0. 0. 0. 0.]
==> Input transform to be applied to the neural network:
[0.7072636  0.72212595 0.6760411  0.67349136]
==> Ouput transform to be applied to the neural network:
[0.2287 0.2871]
==> Evaluating model...
==========================================================================================
Layer (type:depth-idx)                   Output Shape              Param #
==========================================================================================
NeuralNetwork                            [1, 2]                    10
├─Sequential: 1-1                        [1, 2]                    --
│    └─Linear: 2-1                       [1, 64]                   320
│    └─ReLU: 2-2                         [1, 64]                   --
│    └─Linear: 2-3                       [1, 64]                   4,160
│    └─ReLU: 2-4                         [1, 64]                   --
│    └─Linear: 2-5                       [1, 64]                   4,160
│    └─ReLU: 2-6                         [1, 64]                   --
│    └─Linear: 2-7                       [1, 64]                   4,160
│    └─ReLU: 2-8                         [1, 64]                   --
│    └─Linear: 2-9                       [1, 64]                   4,160
│    └─ReLU: 2-10                        [1, 64]                   --
│    └─Linear: 2-11                      [1, 64]                   4,160
│    └─ReLU: 2-12                        [1, 64]                   --
│    └─Linear: 2-13                      [1, 64]                   4,160
│    └─ReLU: 2-14                        [1, 64]                   --
│    └─Linear: 2-15                      [1, 2]                    130
├─Sequential: 1-2                        [1, 2]                    (recursive)
│    └─Linear: 2-16                      [1, 64]                   (recursive)
│    └─ReLU: 2-17                        [1, 64]                   --
│    └─Linear: 2-18                      [1, 64]                   (recursive)
│    └─ReLU: 2-19                        [1, 64]                   --
│    └─Linear: 2-20                      [1, 64]                   (recursive)
│    └─ReLU: 2-21                        [1, 64]                   --
│    └─Linear: 2-22                      [1, 64]                   (recursive)
│    └─ReLU: 2-23                        [1, 64]                   --
│    └─Linear: 2-24                      [1, 64]                   (recursive)
│    └─ReLU: 2-25                        [1, 64]                   --
│    └─Linear: 2-26                      [1, 64]                   (recursive)
│    └─ReLU: 2-27                        [1, 64]                   --
│    └─Linear: 2-28                      [1, 64]                   (recursive)
│    └─ReLU: 2-29                        [1, 64]                   --
│    └─Linear: 2-30                      [1, 2]                    (recursive)
==========================================================================================
Total params: 25,420
Trainable params: 25,410
Non-trainable params: 10
Total mult-adds (Units.MEGABYTES): 0.05
==========================================================================================
Input size (MB): 0.00
Forward/backward pass size (MB): 0.01
Params size (MB): 0.10
Estimated Total Size (MB): 0.11
==========================================================================================
==> Saving initial model weights...
==> Start training...
==> Number of param_groups in optimizer: 1
Epoch: 001 | Train Loss: 0.1342573 | Grad norm: 0.003998 | Time: 2s452ms
Epoch: 001 | Test Loss: 0.1351060 | Time: 603ms
==> Save the model at epoch 001 with test loss 0.1351060
Epoch: 002 | Train Loss: 0.1342523 | Grad norm: 0.000221 | Time: 2s91ms
Epoch: 002 | Test Loss: 0.1350945 | Time: 588ms
==> Save the model at epoch 002 with test loss 0.1350945
Epoch: 003 | Train Loss: 0.1343304 | Grad norm: 0.000000 | Time: 2s196ms
Epoch: 003 | Test Loss: 0.1350945 | Time: 531ms
Epoch: 004 | Train Loss: 0.1342664 | Grad norm: 0.000000 | Time: 2s195ms
Epoch: 004 | Test Loss: 0.1350945 | Time: 512ms
Epoch: 005 | Train Loss: 0.1342078 | Grad norm: 0.000000 | Time: 2s136ms
Epoch: 005 | Test Loss: 0.1350945 | Time: 523ms
Epoch: 006 | Train Loss: 0.1343058 | Grad norm: 0.000000 | Time: 2s256ms
Epoch: 006 | Test Loss: 0.1350945 | Time: 521ms
Epoch: 007 | Train Loss: 0.1342521 | Grad norm: 0.000000 | Time: 2s121ms
Epoch: 007 | Test Loss: 0.1350945 | Time: 545ms
Epoch: 008 | Train Loss: 0.1342985 | Grad norm: 0.000000 | Time: 2s219ms
Epoch: 008 | Test Loss: 0.1350945 | Time: 557ms
Epoch: 009 | Train Loss: 0.1341717 | Grad norm: 0.000000 | Time: 2s183ms
Epoch: 009 | Test Loss: 0.1350945 | Time: 566ms
Epoch: 010 | Train Loss: 0.1342622 | Grad norm: 0.000000 | Time: 2s177ms
Epoch: 010 | Test Loss: 0.1350945 | Time: 642ms
Epoch: 011 | Train Loss: 0.1342581 | Grad norm: 0.000000 | Time: 2s199ms
Epoch: 011 | Test Loss: 0.1350945 | Time: 535ms
Epoch: 012 | Train Loss: 0.1342569 | Grad norm: 0.000000 | Time: 2s100ms
Epoch: 012 | Test Loss: 0.1350945 | Time: 513ms
Epoch: 013 | Train Loss: 0.1342007 | Grad norm: 0.000000 | Time: 2s134ms
Epoch: 013 | Test Loss: 0.1350945 | Time: 528ms
Epoch: 014 | Train Loss: 0.1342680 | Grad norm: 0.000000 | Time: 1s925ms
Epoch: 014 | Test Loss: 0.1350945 | Time: 540ms
Epoch: 015 | Train Loss: 0.1342773 | Grad norm: 0.000000 | Time: 2s65ms
Epoch: 015 | Test Loss: 0.1350945 | Time: 534ms
Epoch: 016 | Train Loss: 0.1342688 | Grad norm: 0.000000 | Time: 2s288ms
Epoch: 016 | Test Loss: 0.1350945 | Time: 519ms
Epoch: 017 | Train Loss: 0.1341989 | Grad norm: 0.000000 | Time: 2s127ms
Epoch: 017 | Test Loss: 0.1350945 | Time: 548ms
Epoch: 018 | Train Loss: 0.1342454 | Grad norm: 0.000000 | Time: 2s147ms
Epoch: 018 | Test Loss: 0.1350945 | Time: 614ms
Epoch: 019 | Train Loss: 0.1342778 | Grad norm: 0.000000 | Time: 2s175ms
Epoch: 019 | Test Loss: 0.1350945 | Time: 530ms
Epoch: 020 | Train Loss: 0.1342487 | Grad norm: 0.000000 | Time: 2s132ms
Epoch: 020 | Test Loss: 0.1350945 | Time: 514ms
Epoch: 021 | Train Loss: 0.1342669 | Grad norm: 0.000000 | Time: 2s176ms
Epoch: 021 | Test Loss: 0.1350945 | Time: 519ms
Epoch: 022 | Train Loss: 0.1342337 | Grad norm: 0.000000 | Time: 2s216ms
Epoch: 022 | Test Loss: 0.1350945 | Time: 537ms
Epoch: 023 | Train Loss: 0.1342606 | Grad norm: 0.000000 | Time: 2s99ms
Epoch: 023 | Test Loss: 0.1350945 | Time: 517ms
Epoch: 024 | Train Loss: 0.1342149 | Grad norm: 0.000000 | Time: 2s315ms
Epoch: 024 | Test Loss: 0.1350945 | Time: 592ms
Epoch: 025 | Train Loss: 0.1342229 | Grad norm: 0.000000 | Time: 2s188ms
Epoch: 025 | Test Loss: 0.1350945 | Time: 517ms
Epoch: 026 | Train Loss: 0.1342131 | Grad norm: 0.000000 | Time: 2s319ms
Epoch: 026 | Test Loss: 0.1350945 | Time: 605ms
Epoch: 027 | Train Loss: 0.1342801 | Grad norm: 0.000000 | Time: 2s23ms
Epoch: 027 | Test Loss: 0.1350945 | Time: 512ms
Epoch: 028 | Train Loss: 0.1342294 | Grad norm: 0.000000 | Time: 2s8ms
Epoch: 028 | Test Loss: 0.1350945 | Time: 514ms
Epoch: 029 | Train Loss: 0.1342545 | Grad norm: 0.000000 | Time: 2s377ms
Epoch: 029 | Test Loss: 0.1350945 | Time: 581ms
Epoch: 030 | Train Loss: 0.1342677 | Grad norm: 0.000000 | Time: 2s131ms
Epoch: 030 | Test Loss: 0.1350945 | Time: 598ms
Epoch: 031 | Train Loss: 0.1342588 | Grad norm: 0.000000 | Time: 1s977ms
Epoch: 031 | Test Loss: 0.1350945 | Time: 519ms
Epoch: 032 | Train Loss: 0.1342876 | Grad norm: 0.000000 | Time: 2s84ms
Epoch: 032 | Test Loss: 0.1350945 | Time: 541ms
Epoch: 033 | Train Loss: 0.1342177 | Grad norm: 0.000000 | Time: 2s109ms
Epoch: 033 | Test Loss: 0.1350945 | Time: 510ms
Epoch: 034 | Train Loss: 0.1342543 | Grad norm: 0.000000 | Time: 2s112ms
Epoch: 034 | Test Loss: 0.1350945 | Time: 594ms
Epoch: 035 | Train Loss: 0.1342335 | Grad norm: 0.000000 | Time: 2s198ms
Epoch: 035 | Test Loss: 0.1350945 | Time: 539ms
Epoch: 036 | Train Loss: 0.1342394 | Grad norm: 0.000000 | Time: 2s226ms
Epoch: 036 | Test Loss: 0.1350945 | Time: 516ms
Epoch: 037 | Train Loss: 0.1342445 | Grad norm: 0.000000 | Time: 2s255ms
Epoch: 037 | Test Loss: 0.1350945 | Time: 535ms
Epoch: 038 | Train Loss: 0.1342456 | Grad norm: 0.000000 | Time: 2s94ms
Epoch: 038 | Test Loss: 0.1350945 | Time: 591ms
Epoch: 039 | Train Loss: 0.1343185 | Grad norm: 0.000000 | Time: 2s319ms
Epoch: 039 | Test Loss: 0.1350945 | Time: 529ms
Epoch: 040 | Train Loss: 0.1342351 | Grad norm: 0.000000 | Time: 2s217ms
Epoch: 040 | Test Loss: 0.1350945 | Time: 515ms
Total time: 1m48s
==> Saving trained model weights...
==> Input bias to be applied to the neural network (trained):
[0. 0. 0. 0.]
==> Input transform to be applied to the neural network (trained):
[0.7072636  0.72212595 0.6760411  0.67349136]
==> Output transform to be applied to the neural network (trained):
[0.2287 0.2871]
==> Saving training info...
==> Drawing training loss...
==> Drawing grad norm...
==> Drawing testing loss...
==> Process finished.
