==> torch device:  cuda:3
==> Test-Train split: test_ratio = 0.20
==> Test-Train split seed:  None
==> Further split: further_train_ratio = 0.50
==> Further split seed:  None
==> Lipschitz constant: 4.00
==> Input bias to be applied to the neural network:
[0. 0. 0. 0.]
==> Input transform to be applied to the neural network:
[ 0.62900996  0.6288517  11.614402    9.487666  ]
==> Ouput transform to be applied to the neural network:
[0.0195 0.021 ]
==> Evaluating model...
==========================================================================================
Layer (type:depth-idx)                   Output Shape              Param #
==========================================================================================
NeuralNetwork                            [1, 2]                    10
├─Sequential: 1-1                        [1, 2]                    --
│    └─SandwichFc: 2-1                   [1, 64]                   4,481
│    └─SandwichFc: 2-2                   [1, 64]                   8,321
│    └─SandwichFc: 2-3                   [1, 64]                   8,321
│    └─SandwichFc: 2-4                   [1, 64]                   8,321
│    └─SandwichFc: 2-5                   [1, 64]                   8,321
│    └─SandwichFc: 2-6                   [1, 64]                   8,321
│    └─SandwichFc: 2-7                   [1, 64]                   8,321
│    └─SandwichLin: 2-8                  [1, 2]                    135
├─Sequential: 1-2                        [1, 2]                    (recursive)
│    └─SandwichFc: 2-9                   [1, 64]                   (recursive)
│    └─SandwichFc: 2-10                  [1, 64]                   (recursive)
│    └─SandwichFc: 2-11                  [1, 64]                   (recursive)
│    └─SandwichFc: 2-12                  [1, 64]                   (recursive)
│    └─SandwichFc: 2-13                  [1, 64]                   (recursive)
│    └─SandwichFc: 2-14                  [1, 64]                   (recursive)
│    └─SandwichFc: 2-15                  [1, 64]                   (recursive)
│    └─SandwichLin: 2-16                 [1, 2]                    (recursive)
==========================================================================================
Total params: 54,552
Trainable params: 54,542
Non-trainable params: 10
Total mult-adds (Units.MEGABYTES): 0.11
==========================================================================================
Input size (MB): 0.00
Forward/backward pass size (MB): 0.01
Params size (MB): 0.22
Estimated Total Size (MB): 0.23
==========================================================================================
==> Saving initial model weights...
==> Start training...
==> Number of param_groups in optimizer: 1
Epoch: 001 | Train Loss: 0.0008257 | Grad norm: 0.000884 | Time: 9s89ms
Epoch: 001 | Test Loss: 0.0008345 | Time: 683ms
==> Save the model at epoch 001 with test loss 0.0008345
Epoch: 002 | Train Loss: 0.0001461 | Grad norm: 0.000595 | Time: 8s372ms
Epoch: 002 | Test Loss: 0.0000678 | Time: 683ms
==> Save the model at epoch 002 with test loss 0.0000678
Epoch: 003 | Train Loss: 0.0000678 | Grad norm: 0.000472 | Time: 8s218ms
Epoch: 003 | Test Loss: 0.0000664 | Time: 613ms
==> Save the model at epoch 003 with test loss 0.0000664
Epoch: 004 | Train Loss: 0.0000685 | Grad norm: 0.000504 | Time: 8s255ms
Epoch: 004 | Test Loss: 0.0000672 | Time: 612ms
Epoch: 005 | Train Loss: 0.0000689 | Grad norm: 0.000493 | Time: 8s357ms
Epoch: 005 | Test Loss: 0.0000683 | Time: 613ms
Epoch: 006 | Train Loss: 0.0000691 | Grad norm: 0.000463 | Time: 8s602ms
Epoch: 006 | Test Loss: 0.0000717 | Time: 609ms
Epoch: 007 | Train Loss: 0.0000692 | Grad norm: 0.000442 | Time: 8s606ms
Epoch: 007 | Test Loss: 0.0000693 | Time: 623ms
Epoch: 008 | Train Loss: 0.0000695 | Grad norm: 0.000447 | Time: 8s694ms
Epoch: 008 | Test Loss: 0.0000677 | Time: 621ms
Epoch: 009 | Train Loss: 0.0000694 | Grad norm: 0.000424 | Time: 8s406ms
Epoch: 009 | Test Loss: 0.0000669 | Time: 614ms
Epoch: 010 | Train Loss: 0.0000689 | Grad norm: 0.000393 | Time: 8s340ms
Epoch: 010 | Test Loss: 0.0000689 | Time: 683ms
Epoch: 011 | Train Loss: 0.0000686 | Grad norm: 0.000363 | Time: 8s638ms
Epoch: 011 | Test Loss: 0.0000675 | Time: 612ms
Epoch: 012 | Train Loss: 0.0000678 | Grad norm: 0.000315 | Time: 8s27ms
Epoch: 012 | Test Loss: 0.0000676 | Time: 615ms
Epoch: 013 | Train Loss: 0.0000682 | Grad norm: 0.000335 | Time: 8s402ms
Epoch: 013 | Test Loss: 0.0000665 | Time: 607ms
Epoch: 014 | Train Loss: 0.0000677 | Grad norm: 0.000313 | Time: 8s542ms
Epoch: 014 | Test Loss: 0.0000670 | Time: 621ms
Epoch: 015 | Train Loss: 0.0000672 | Grad norm: 0.000276 | Time: 8s461ms
Epoch: 015 | Test Loss: 0.0000662 | Time: 684ms
==> Save the model at epoch 015 with test loss 0.0000662
Epoch: 016 | Train Loss: 0.0000674 | Grad norm: 0.000294 | Time: 8s699ms
Epoch: 016 | Test Loss: 0.0000684 | Time: 620ms
Epoch: 017 | Train Loss: 0.0000674 | Grad norm: 0.000283 | Time: 8s366ms
Epoch: 017 | Test Loss: 0.0000670 | Time: 623ms
Epoch: 018 | Train Loss: 0.0000672 | Grad norm: 0.000292 | Time: 8s667ms
Epoch: 018 | Test Loss: 0.0000677 | Time: 603ms
Epoch: 019 | Train Loss: 0.0000675 | Grad norm: 0.000308 | Time: 8s382ms
Epoch: 019 | Test Loss: 0.0000699 | Time: 607ms
Epoch: 020 | Train Loss: 0.0000670 | Grad norm: 0.000290 | Time: 8s464ms
Epoch: 020 | Test Loss: 0.0000668 | Time: 611ms
Epoch: 021 | Train Loss: 0.0000668 | Grad norm: 0.000262 | Time: 8s451ms
Epoch: 021 | Test Loss: 0.0000659 | Time: 613ms
==> Save the model at epoch 021 with test loss 0.0000659
Epoch: 022 | Train Loss: 0.0000663 | Grad norm: 0.000249 | Time: 8s299ms
Epoch: 022 | Test Loss: 0.0000662 | Time: 616ms
Epoch: 023 | Train Loss: 0.0000663 | Grad norm: 0.000244 | Time: 8s677ms
Epoch: 023 | Test Loss: 0.0000664 | Time: 680ms
Epoch: 024 | Train Loss: 0.0000662 | Grad norm: 0.000233 | Time: 8s391ms
Epoch: 024 | Test Loss: 0.0000660 | Time: 624ms
Epoch: 025 | Train Loss: 0.0000660 | Grad norm: 0.000239 | Time: 8s372ms
Epoch: 025 | Test Loss: 0.0000660 | Time: 610ms
Epoch: 026 | Train Loss: 0.0000657 | Grad norm: 0.000217 | Time: 8s845ms
Epoch: 026 | Test Loss: 0.0000654 | Time: 621ms
==> Save the model at epoch 026 with test loss 0.0000654
Epoch: 027 | Train Loss: 0.0000655 | Grad norm: 0.000220 | Time: 8s587ms
Epoch: 027 | Test Loss: 0.0000654 | Time: 610ms
==> Save the model at epoch 027 with test loss 0.0000654
Epoch: 028 | Train Loss: 0.0000655 | Grad norm: 0.000225 | Time: 8s449ms
Epoch: 028 | Test Loss: 0.0000661 | Time: 696ms
Epoch: 029 | Train Loss: 0.0000652 | Grad norm: 0.000217 | Time: 8s522ms
Epoch: 029 | Test Loss: 0.0000654 | Time: 752ms
Epoch: 030 | Train Loss: 0.0000652 | Grad norm: 0.000217 | Time: 8s161ms
Epoch: 030 | Test Loss: 0.0000652 | Time: 604ms
==> Save the model at epoch 030 with test loss 0.0000652
Epoch: 031 | Train Loss: 0.0000649 | Grad norm: 0.000209 | Time: 8s389ms
Epoch: 031 | Test Loss: 0.0000659 | Time: 619ms
Epoch: 032 | Train Loss: 0.0000647 | Grad norm: 0.000206 | Time: 8s96ms
Epoch: 032 | Test Loss: 0.0000649 | Time: 628ms
==> Save the model at epoch 032 with test loss 0.0000649
Epoch: 033 | Train Loss: 0.0000645 | Grad norm: 0.000193 | Time: 8s566ms
Epoch: 033 | Test Loss: 0.0000649 | Time: 617ms
==> Save the model at epoch 033 with test loss 0.0000649
Epoch: 034 | Train Loss: 0.0000643 | Grad norm: 0.000191 | Time: 8s496ms
Epoch: 034 | Test Loss: 0.0000648 | Time: 614ms
==> Save the model at epoch 034 with test loss 0.0000648
Epoch: 035 | Train Loss: 0.0000642 | Grad norm: 0.000188 | Time: 8s585ms
Epoch: 035 | Test Loss: 0.0000646 | Time: 615ms
==> Save the model at epoch 035 with test loss 0.0000646
Epoch: 036 | Train Loss: 0.0000640 | Grad norm: 0.000187 | Time: 8s238ms
Epoch: 036 | Test Loss: 0.0000645 | Time: 677ms
==> Save the model at epoch 036 with test loss 0.0000645
Epoch: 037 | Train Loss: 0.0000639 | Grad norm: 0.000191 | Time: 8s585ms
Epoch: 037 | Test Loss: 0.0000647 | Time: 608ms
Epoch: 038 | Train Loss: 0.0000638 | Grad norm: 0.000181 | Time: 8s433ms
Epoch: 038 | Test Loss: 0.0000644 | Time: 612ms
==> Save the model at epoch 038 with test loss 0.0000644
Epoch: 039 | Train Loss: 0.0000637 | Grad norm: 0.000184 | Time: 8s558ms
Epoch: 039 | Test Loss: 0.0000643 | Time: 619ms
==> Save the model at epoch 039 with test loss 0.0000643
Epoch: 040 | Train Loss: 0.0000637 | Grad norm: 0.000182 | Time: 8s633ms
Epoch: 040 | Test Loss: 0.0000643 | Time: 625ms
==> Save the model at epoch 040 with test loss 0.0000643
Total time: 6m4s
==> Saving trained model weights...
==> Input bias to be applied to the neural network (trained):
[0. 0. 0. 0.]
==> Input transform to be applied to the neural network (trained):
[ 0.62900996  0.6288517  11.614402    9.487666  ]
==> Output transform to be applied to the neural network (trained):
[0.0195 0.021 ]
==> Saving training info...
==> Drawing training loss...
==> Drawing grad norm...
==> Drawing testing loss...
==> Process finished.
