==> torch device:  cuda:0
==> Test-Train split: test_ratio = 0.20
==> Test-Train split seed:  None
==> Further split: further_train_ratio = 0.25
==> Further split seed:  None
==> Lipschitz constant: 16.00
==> Input bias to be applied to the neural network:
[0. 0. 0. 0.]
==> Input transform to be applied to the neural network:
[0.7072636  0.72212595 0.6760411  0.67349136]
==> Ouput transform to be applied to the neural network:
[0.2287 0.2871]
==> Evaluating model...
==========================================================================================
Layer (type:depth-idx)                   Output Shape              Param #
==========================================================================================
NeuralNetwork                            [1, 2]                    10
├─Sequential: 1-1                        [1, 2]                    --
│    └─SandwichFc: 2-1                   [1, 64]                   4,481
│    └─SandwichFc: 2-2                   [1, 64]                   8,321
│    └─SandwichFc: 2-3                   [1, 64]                   8,321
│    └─SandwichFc: 2-4                   [1, 64]                   8,321
│    └─SandwichFc: 2-5                   [1, 64]                   8,321
│    └─SandwichFc: 2-6                   [1, 64]                   8,321
│    └─SandwichFc: 2-7                   [1, 64]                   8,321
│    └─SandwichLin: 2-8                  [1, 2]                    135
├─Sequential: 1-2                        [1, 2]                    (recursive)
│    └─SandwichFc: 2-9                   [1, 64]                   (recursive)
│    └─SandwichFc: 2-10                  [1, 64]                   (recursive)
│    └─SandwichFc: 2-11                  [1, 64]                   (recursive)
│    └─SandwichFc: 2-12                  [1, 64]                   (recursive)
│    └─SandwichFc: 2-13                  [1, 64]                   (recursive)
│    └─SandwichFc: 2-14                  [1, 64]                   (recursive)
│    └─SandwichFc: 2-15                  [1, 64]                   (recursive)
│    └─SandwichLin: 2-16                 [1, 2]                    (recursive)
==========================================================================================
Total params: 54,552
Trainable params: 54,542
Non-trainable params: 10
Total mult-adds (Units.MEGABYTES): 0.11
==========================================================================================
Input size (MB): 0.00
Forward/backward pass size (MB): 0.01
Params size (MB): 0.22
Estimated Total Size (MB): 0.23
==========================================================================================
==> Saving initial model weights...
==> Start training...
==> Number of param_groups in optimizer: 1
Epoch: 001 | Train Loss: 0.1377422 | Grad norm: 0.567909 | Time: 4s265ms
Epoch: 001 | Test Loss: 0.1403907 | Time: 667ms
==> Save the model at epoch 001 with test loss 0.1403907
Epoch: 002 | Train Loss: 0.0175390 | Grad norm: 0.236630 | Time: 4s323ms
Epoch: 002 | Test Loss: 0.0113170 | Time: 609ms
==> Save the model at epoch 002 with test loss 0.0113170
Epoch: 003 | Train Loss: 0.0113347 | Grad norm: 0.132257 | Time: 4s194ms
Epoch: 003 | Test Loss: 0.0113788 | Time: 692ms
Epoch: 004 | Train Loss: 0.0113607 | Grad norm: 0.121256 | Time: 4s127ms
Epoch: 004 | Test Loss: 0.0119248 | Time: 617ms
Epoch: 005 | Train Loss: 0.0128779 | Grad norm: 0.165120 | Time: 4s195ms
Epoch: 005 | Test Loss: 0.0116744 | Time: 613ms
Epoch: 006 | Train Loss: 0.0113165 | Grad norm: 0.101283 | Time: 4s109ms
Epoch: 006 | Test Loss: 0.0114620 | Time: 606ms
Epoch: 007 | Train Loss: 0.0114564 | Grad norm: 0.105884 | Time: 4s164ms
Epoch: 007 | Test Loss: 0.0112609 | Time: 694ms
==> Save the model at epoch 007 with test loss 0.0112609
Epoch: 008 | Train Loss: 0.0108325 | Grad norm: 0.075908 | Time: 4s157ms
Epoch: 008 | Test Loss: 0.0108713 | Time: 610ms
==> Save the model at epoch 008 with test loss 0.0108713
Epoch: 009 | Train Loss: 0.0109503 | Grad norm: 0.080525 | Time: 3s953ms
Epoch: 009 | Test Loss: 0.0129230 | Time: 622ms
Epoch: 010 | Train Loss: 0.0107614 | Grad norm: 0.068595 | Time: 4s174ms
Epoch: 010 | Test Loss: 0.0107889 | Time: 611ms
==> Save the model at epoch 010 with test loss 0.0107889
Epoch: 011 | Train Loss: 0.0109569 | Grad norm: 0.074902 | Time: 4s20ms
Epoch: 011 | Test Loss: 0.0110377 | Time: 696ms
Epoch: 012 | Train Loss: 0.0103816 | Grad norm: 0.055954 | Time: 4s27ms
Epoch: 012 | Test Loss: 0.0103640 | Time: 603ms
==> Save the model at epoch 012 with test loss 0.0103640
Epoch: 013 | Train Loss: 0.0101805 | Grad norm: 0.049947 | Time: 4s5ms
Epoch: 013 | Test Loss: 0.0106499 | Time: 612ms
Epoch: 014 | Train Loss: 0.0102036 | Grad norm: 0.052531 | Time: 4s145ms
Epoch: 014 | Test Loss: 0.0113259 | Time: 613ms
Epoch: 015 | Train Loss: 0.0099961 | Grad norm: 0.044607 | Time: 3s958ms
Epoch: 015 | Test Loss: 0.0109518 | Time: 680ms
Epoch: 016 | Train Loss: 0.0098589 | Grad norm: 0.043058 | Time: 4s98ms
Epoch: 016 | Test Loss: 0.0102878 | Time: 611ms
==> Save the model at epoch 016 with test loss 0.0102878
Epoch: 017 | Train Loss: 0.0097968 | Grad norm: 0.042220 | Time: 4s39ms
Epoch: 017 | Test Loss: 0.0104407 | Time: 601ms
Epoch: 018 | Train Loss: 0.0098312 | Grad norm: 0.043890 | Time: 4s93ms
Epoch: 018 | Test Loss: 0.0107605 | Time: 616ms
Epoch: 019 | Train Loss: 0.0097104 | Grad norm: 0.042199 | Time: 4s360ms
Epoch: 019 | Test Loss: 0.0101969 | Time: 605ms
==> Save the model at epoch 019 with test loss 0.0101969
Epoch: 020 | Train Loss: 0.0096690 | Grad norm: 0.044434 | Time: 4s225ms
Epoch: 020 | Test Loss: 0.0102556 | Time: 613ms
Epoch: 021 | Train Loss: 0.0095036 | Grad norm: 0.040166 | Time: 4s144ms
Epoch: 021 | Test Loss: 0.0101005 | Time: 600ms
==> Save the model at epoch 021 with test loss 0.0101005
Epoch: 022 | Train Loss: 0.0095049 | Grad norm: 0.040234 | Time: 4s200ms
Epoch: 022 | Test Loss: 0.0102080 | Time: 619ms
Epoch: 023 | Train Loss: 0.0092711 | Grad norm: 0.036397 | Time: 4s173ms
Epoch: 023 | Test Loss: 0.0097870 | Time: 620ms
==> Save the model at epoch 023 with test loss 0.0097870
Epoch: 024 | Train Loss: 0.0093156 | Grad norm: 0.038015 | Time: 3s913ms
Epoch: 024 | Test Loss: 0.0100824 | Time: 613ms
Epoch: 025 | Train Loss: 0.0092706 | Grad norm: 0.039301 | Time: 4s95ms
Epoch: 025 | Test Loss: 0.0100744 | Time: 620ms
Epoch: 026 | Train Loss: 0.0091016 | Grad norm: 0.037872 | Time: 4s435ms
Epoch: 026 | Test Loss: 0.0096050 | Time: 604ms
==> Save the model at epoch 026 with test loss 0.0096050
Epoch: 027 | Train Loss: 0.0089046 | Grad norm: 0.034693 | Time: 4s166ms
Epoch: 027 | Test Loss: 0.0095690 | Time: 605ms
==> Save the model at epoch 027 with test loss 0.0095690
Epoch: 028 | Train Loss: 0.0089184 | Grad norm: 0.037281 | Time: 3s950ms
Epoch: 028 | Test Loss: 0.0093109 | Time: 607ms
==> Save the model at epoch 028 with test loss 0.0093109
Epoch: 029 | Train Loss: 0.0086806 | Grad norm: 0.034630 | Time: 4s85ms
Epoch: 029 | Test Loss: 0.0092998 | Time: 612ms
==> Save the model at epoch 029 with test loss 0.0092998
Epoch: 030 | Train Loss: 0.0085892 | Grad norm: 0.034847 | Time: 4s131ms
Epoch: 030 | Test Loss: 0.0089002 | Time: 616ms
==> Save the model at epoch 030 with test loss 0.0089002
Epoch: 031 | Train Loss: 0.0084865 | Grad norm: 0.033914 | Time: 4s
Epoch: 031 | Test Loss: 0.0087836 | Time: 611ms
==> Save the model at epoch 031 with test loss 0.0087836
Epoch: 032 | Train Loss: 0.0083585 | Grad norm: 0.033072 | Time: 3s994ms
Epoch: 032 | Test Loss: 0.0087000 | Time: 609ms
==> Save the model at epoch 032 with test loss 0.0087000
Epoch: 033 | Train Loss: 0.0082461 | Grad norm: 0.033307 | Time: 4s96ms
Epoch: 033 | Test Loss: 0.0087364 | Time: 606ms
Epoch: 034 | Train Loss: 0.0081372 | Grad norm: 0.032958 | Time: 3s989ms
Epoch: 034 | Test Loss: 0.0086241 | Time: 608ms
==> Save the model at epoch 034 with test loss 0.0086241
Epoch: 035 | Train Loss: 0.0080665 | Grad norm: 0.032851 | Time: 4s25ms
Epoch: 035 | Test Loss: 0.0085617 | Time: 616ms
==> Save the model at epoch 035 with test loss 0.0085617
Epoch: 036 | Train Loss: 0.0079836 | Grad norm: 0.031781 | Time: 3s994ms
Epoch: 036 | Test Loss: 0.0084300 | Time: 606ms
==> Save the model at epoch 036 with test loss 0.0084300
Epoch: 037 | Train Loss: 0.0079176 | Grad norm: 0.030053 | Time: 3s909ms
Epoch: 037 | Test Loss: 0.0084469 | Time: 621ms
Epoch: 038 | Train Loss: 0.0078666 | Grad norm: 0.030504 | Time: 4s64ms
Epoch: 038 | Test Loss: 0.0083539 | Time: 681ms
==> Save the model at epoch 038 with test loss 0.0083539
Epoch: 039 | Train Loss: 0.0078080 | Grad norm: 0.028525 | Time: 3s911ms
Epoch: 039 | Test Loss: 0.0083234 | Time: 621ms
==> Save the model at epoch 039 with test loss 0.0083234
Epoch: 040 | Train Loss: 0.0077741 | Grad norm: 0.027970 | Time: 4s8ms
Epoch: 040 | Test Loss: 0.0083152 | Time: 622ms
==> Save the model at epoch 040 with test loss 0.0083152
Total time: 3m8s
==> Saving trained model weights...
==> Input bias to be applied to the neural network (trained):
[0. 0. 0. 0.]
==> Input transform to be applied to the neural network (trained):
[0.7072636  0.72212595 0.6760411  0.67349136]
==> Output transform to be applied to the neural network (trained):
[0.2287 0.2871]
==> Saving training info...
==> Drawing training loss...
==> Drawing grad norm...
==> Drawing testing loss...
==> Process finished.
