==> torch device:  cuda:0
==> Test-Train split: test_ratio = 0.20
==> Test-Train split seed:  None
==> Further split: further_train_ratio = 1.00
==> Further split seed:  None
==> Input bias to be applied to the neural network:
[0. 0.]
==> Input transform to be applied to the neural network:
[0.5123476 0.5241365]
==> Ouput transform to be applied to the neural network:
[1.908  1.9349]
==> Evaluating model...
==========================================================================================
Layer (type:depth-idx)                   Output Shape              Param #
==========================================================================================
NeuralNetwork                            [1, 2]                    6
├─Sequential: 1-1                        [1, 2]                    --
│    └─Linear: 2-1                       [1, 64]                   192
│    └─ReLU: 2-2                         [1, 64]                   --
│    └─Linear: 2-3                       [1, 64]                   4,160
│    └─ReLU: 2-4                         [1, 64]                   --
│    └─Linear: 2-5                       [1, 64]                   4,160
│    └─ReLU: 2-6                         [1, 64]                   --
│    └─Linear: 2-7                       [1, 64]                   4,160
│    └─ReLU: 2-8                         [1, 64]                   --
│    └─Linear: 2-9                       [1, 64]                   4,160
│    └─ReLU: 2-10                        [1, 64]                   --
│    └─Linear: 2-11                      [1, 64]                   4,160
│    └─ReLU: 2-12                        [1, 64]                   --
│    └─Linear: 2-13                      [1, 64]                   4,160
│    └─ReLU: 2-14                        [1, 64]                   --
│    └─Linear: 2-15                      [1, 2]                    130
├─Sequential: 1-2                        [1, 2]                    (recursive)
│    └─Linear: 2-16                      [1, 64]                   (recursive)
│    └─ReLU: 2-17                        [1, 64]                   --
│    └─Linear: 2-18                      [1, 64]                   (recursive)
│    └─ReLU: 2-19                        [1, 64]                   --
│    └─Linear: 2-20                      [1, 64]                   (recursive)
│    └─ReLU: 2-21                        [1, 64]                   --
│    └─Linear: 2-22                      [1, 64]                   (recursive)
│    └─ReLU: 2-23                        [1, 64]                   --
│    └─Linear: 2-24                      [1, 64]                   (recursive)
│    └─ReLU: 2-25                        [1, 64]                   --
│    └─Linear: 2-26                      [1, 64]                   (recursive)
│    └─ReLU: 2-27                        [1, 64]                   --
│    └─Linear: 2-28                      [1, 64]                   (recursive)
│    └─ReLU: 2-29                        [1, 64]                   --
│    └─Linear: 2-30                      [1, 2]                    (recursive)
==========================================================================================
Total params: 25,288
Trainable params: 25,282
Non-trainable params: 6
Total mult-adds (Units.MEGABYTES): 0.05
==========================================================================================
Input size (MB): 0.00
Forward/backward pass size (MB): 0.01
Params size (MB): 0.10
Estimated Total Size (MB): 0.11
==========================================================================================
==> Saving initial model weights...
==> Start training...
==> Number of param_groups in optimizer: 1
Epoch: 001 | Train Loss: 7.3886258 | Grad norm: 0.237037 | Time: 4s813ms
Epoch: 001 | Test Loss: 7.3647462 | Time: 529ms
==> Save the model at epoch 001 with test loss 7.3647462
Epoch: 002 | Train Loss: 1.5444417 | Grad norm: 1.299546 | Time: 4s741ms
Epoch: 002 | Test Loss: 0.0171822 | Time: 522ms
==> Save the model at epoch 002 with test loss 0.0171822
Epoch: 003 | Train Loss: 0.0066289 | Grad norm: 0.398439 | Time: 4s965ms
Epoch: 003 | Test Loss: 0.0024980 | Time: 522ms
==> Save the model at epoch 003 with test loss 0.0024980
Epoch: 004 | Train Loss: 0.0022516 | Grad norm: 0.479326 | Time: 4s632ms
Epoch: 004 | Test Loss: 0.0015641 | Time: 590ms
==> Save the model at epoch 004 with test loss 0.0015641
Epoch: 005 | Train Loss: 0.0016743 | Grad norm: 0.438103 | Time: 4s435ms
Epoch: 005 | Test Loss: 0.0014343 | Time: 519ms
==> Save the model at epoch 005 with test loss 0.0014343
Epoch: 006 | Train Loss: 0.0019417 | Grad norm: 0.515202 | Time: 4s890ms
Epoch: 006 | Test Loss: 0.0018404 | Time: 529ms
Epoch: 007 | Train Loss: 0.0017383 | Grad norm: 0.452597 | Time: 4s723ms
Epoch: 007 | Test Loss: 0.0011529 | Time: 529ms
==> Save the model at epoch 007 with test loss 0.0011529
Epoch: 008 | Train Loss: 0.0020985 | Grad norm: 0.511639 | Time: 4s491ms
Epoch: 008 | Test Loss: 0.0014882 | Time: 528ms
Epoch: 009 | Train Loss: 0.0019974 | Grad norm: 0.469254 | Time: 4s956ms
Epoch: 009 | Test Loss: 0.0020736 | Time: 525ms
Epoch: 010 | Train Loss: 0.0015271 | Grad norm: 0.369813 | Time: 5s84ms
Epoch: 010 | Test Loss: 0.0014054 | Time: 511ms
Epoch: 011 | Train Loss: 0.0015348 | Grad norm: 0.375456 | Time: 4s672ms
Epoch: 011 | Test Loss: 0.0017586 | Time: 609ms
Epoch: 012 | Train Loss: 0.0014796 | Grad norm: 0.359829 | Time: 4s457ms
Epoch: 012 | Test Loss: 0.0020038 | Time: 528ms
Epoch: 013 | Train Loss: 0.0016700 | Grad norm: 0.386323 | Time: 5s34ms
Epoch: 013 | Test Loss: 0.0012080 | Time: 527ms
Epoch: 014 | Train Loss: 0.0013628 | Grad norm: 0.320916 | Time: 4s904ms
Epoch: 014 | Test Loss: 0.0014285 | Time: 526ms
Epoch: 015 | Train Loss: 0.0012921 | Grad norm: 0.299888 | Time: 4s653ms
Epoch: 015 | Test Loss: 0.0011487 | Time: 528ms
==> Save the model at epoch 015 with test loss 0.0011487
Epoch: 016 | Train Loss: 0.0013719 | Grad norm: 0.327765 | Time: 4s774ms
Epoch: 016 | Test Loss: 0.0010184 | Time: 531ms
==> Save the model at epoch 016 with test loss 0.0010184
Epoch: 017 | Train Loss: 0.0012979 | Grad norm: 0.305189 | Time: 4s549ms
Epoch: 017 | Test Loss: 0.0012111 | Time: 508ms
Epoch: 018 | Train Loss: 0.0012537 | Grad norm: 0.300035 | Time: 4s868ms
Epoch: 018 | Test Loss: 0.0011491 | Time: 553ms
Epoch: 019 | Train Loss: 0.0011889 | Grad norm: 0.274795 | Time: 4s705ms
Epoch: 019 | Test Loss: 0.0015147 | Time: 530ms
Epoch: 020 | Train Loss: 0.0012057 | Grad norm: 0.282400 | Time: 4s806ms
Epoch: 020 | Test Loss: 0.0010681 | Time: 516ms
Epoch: 021 | Train Loss: 0.0010539 | Grad norm: 0.241513 | Time: 4s615ms
Epoch: 021 | Test Loss: 0.0011704 | Time: 598ms
Epoch: 022 | Train Loss: 0.0010357 | Grad norm: 0.235067 | Time: 4s641ms
Epoch: 022 | Test Loss: 0.0008650 | Time: 519ms
==> Save the model at epoch 022 with test loss 0.0008650
Epoch: 023 | Train Loss: 0.0010266 | Grad norm: 0.233727 | Time: 4s737ms
Epoch: 023 | Test Loss: 0.0008816 | Time: 547ms
Epoch: 024 | Train Loss: 0.0009850 | Grad norm: 0.223926 | Time: 4s577ms
Epoch: 024 | Test Loss: 0.0008219 | Time: 510ms
==> Save the model at epoch 024 with test loss 0.0008219
Epoch: 025 | Train Loss: 0.0009170 | Grad norm: 0.193321 | Time: 4s598ms
Epoch: 025 | Test Loss: 0.0009222 | Time: 552ms
Epoch: 026 | Train Loss: 0.0008998 | Grad norm: 0.187060 | Time: 4s870ms
Epoch: 026 | Test Loss: 0.0012077 | Time: 519ms
Epoch: 027 | Train Loss: 0.0009367 | Grad norm: 0.210274 | Time: 4s982ms
Epoch: 027 | Test Loss: 0.0009611 | Time: 581ms
Epoch: 028 | Train Loss: 0.0008250 | Grad norm: 0.158634 | Time: 4s846ms
Epoch: 028 | Test Loss: 0.0008047 | Time: 592ms
==> Save the model at epoch 028 with test loss 0.0008047
Epoch: 029 | Train Loss: 0.0008424 | Grad norm: 0.173369 | Time: 4s624ms
Epoch: 029 | Test Loss: 0.0007492 | Time: 520ms
==> Save the model at epoch 029 with test loss 0.0007492
Epoch: 030 | Train Loss: 0.0008337 | Grad norm: 0.169581 | Time: 4s600ms
Epoch: 030 | Test Loss: 0.0009774 | Time: 522ms
Epoch: 031 | Train Loss: 0.0007657 | Grad norm: 0.132289 | Time: 4s703ms
Epoch: 031 | Test Loss: 0.0009323 | Time: 543ms
Epoch: 032 | Train Loss: 0.0007571 | Grad norm: 0.128685 | Time: 4s805ms
Epoch: 032 | Test Loss: 0.0007588 | Time: 532ms
Epoch: 033 | Train Loss: 0.0007358 | Grad norm: 0.113843 | Time: 4s777ms
Epoch: 033 | Test Loss: 0.0007489 | Time: 546ms
==> Save the model at epoch 033 with test loss 0.0007489
Epoch: 034 | Train Loss: 0.0007177 | Grad norm: 0.101004 | Time: 4s780ms
Epoch: 034 | Test Loss: 0.0007103 | Time: 519ms
==> Save the model at epoch 034 with test loss 0.0007103
Epoch: 035 | Train Loss: 0.0007097 | Grad norm: 0.099425 | Time: 4s819ms
Epoch: 035 | Test Loss: 0.0007056 | Time: 598ms
==> Save the model at epoch 035 with test loss 0.0007056
Epoch: 036 | Train Loss: 0.0006930 | Grad norm: 0.081696 | Time: 4s687ms
Epoch: 036 | Test Loss: 0.0007328 | Time: 611ms
Epoch: 037 | Train Loss: 0.0006820 | Grad norm: 0.071490 | Time: 4s691ms
Epoch: 037 | Test Loss: 0.0006854 | Time: 515ms
==> Save the model at epoch 037 with test loss 0.0006854
Epoch: 038 | Train Loss: 0.0006756 | Grad norm: 0.064204 | Time: 4s807ms
Epoch: 038 | Test Loss: 0.0006824 | Time: 631ms
==> Save the model at epoch 038 with test loss 0.0006824
Epoch: 039 | Train Loss: 0.0006684 | Grad norm: 0.054255 | Time: 4s666ms
Epoch: 039 | Test Loss: 0.0006772 | Time: 524ms
==> Save the model at epoch 039 with test loss 0.0006772
Epoch: 040 | Train Loss: 0.0006632 | Grad norm: 0.046665 | Time: 4s659ms
Epoch: 040 | Test Loss: 0.0006764 | Time: 531ms
==> Save the model at epoch 040 with test loss 0.0006764
Total time: 3m31s
==> Saving trained model weights...
==> Input bias to be applied to the neural network (trained):
[0. 0.]
==> Input transform to be applied to the neural network (trained):
[0.5123476 0.5241365]
==> Output transform to be applied to the neural network (trained):
[1.908  1.9349]
==> Saving training info...
==> Drawing training loss...
==> Drawing grad norm...
==> Drawing testing loss...
==> Process finished.
