==> torch device:  cuda:3
==> Test-Train split: test_ratio = 0.20
==> Test-Train split seed:  None
==> Further split: further_train_ratio = 1.00
==> Further split seed:  None
==> Input bias to be applied to the neural network:
[0. 0. 0. 0.]
==> Input transform to be applied to the neural network:
[1. 1. 1. 1.]
==> Ouput transform to be applied to the neural network:
[1. 1.]
==> Evaluating model...
==========================================================================================
Layer (type:depth-idx)                   Output Shape              Param #
==========================================================================================
NeuralNetwork                            [1, 2]                    10
├─Sequential: 1-1                        [1, 2]                    --
│    └─Linear: 2-1                       [1, 64]                   320
│    └─LeakyReLU: 2-2                    [1, 64]                   --
│    └─Linear: 2-3                       [1, 64]                   4,160
│    └─LeakyReLU: 2-4                    [1, 64]                   --
│    └─Linear: 2-5                       [1, 64]                   4,160
│    └─LeakyReLU: 2-6                    [1, 64]                   --
│    └─Linear: 2-7                       [1, 64]                   4,160
│    └─LeakyReLU: 2-8                    [1, 64]                   --
│    └─Linear: 2-9                       [1, 64]                   4,160
│    └─LeakyReLU: 2-10                   [1, 64]                   --
│    └─Linear: 2-11                      [1, 64]                   4,160
│    └─LeakyReLU: 2-12                   [1, 64]                   --
│    └─Linear: 2-13                      [1, 64]                   4,160
│    └─LeakyReLU: 2-14                   [1, 64]                   --
│    └─Linear: 2-15                      [1, 2]                    130
==========================================================================================
Total params: 25,420
Trainable params: 25,410
Non-trainable params: 10
Total mult-adds (Units.MEGABYTES): 0.03
==========================================================================================
Input size (MB): 0.00
Forward/backward pass size (MB): 0.00
Params size (MB): 0.10
Estimated Total Size (MB): 0.11
==========================================================================================
==> Saving initial model weights...
==> Start training...
Epoch: 001 | Loss: 0.0039628 | L2 loss: 0.0039502 | Lip loss: 0.0000126 | Grad norm: 0.022250 | Time: 33s660ms
Epoch: 001 | Test Loss: 0.0027904 | Time: 496ms
==> Save the model at epoch 001 with test loss 0.0027904
Epoch: 002 | Loss: 0.0028130 | L2 loss: 0.0027956 | Lip loss: 0.0000174 | Grad norm: 0.015054 | Time: 33s547ms
Epoch: 002 | Test Loss: 0.0027712 | Time: 500ms
==> Save the model at epoch 002 with test loss 0.0027712
Epoch: 003 | Loss: 0.0028074 | L2 loss: 0.0027899 | Lip loss: 0.0000175 | Grad norm: 0.015284 | Time: 33s965ms
Epoch: 003 | Test Loss: 0.0027750 | Time: 498ms
Epoch: 004 | Loss: 0.0027965 | L2 loss: 0.0027790 | Lip loss: 0.0000175 | Grad norm: 0.014044 | Time: 34s330ms
Epoch: 004 | Test Loss: 0.0027556 | Time: 493ms
==> Save the model at epoch 004 with test loss 0.0027556
Epoch: 005 | Loss: 0.0027922 | L2 loss: 0.0027744 | Lip loss: 0.0000178 | Grad norm: 0.014072 | Time: 33s776ms
Epoch: 005 | Test Loss: 0.0027801 | Time: 499ms
Epoch: 006 | Loss: 0.0027489 | L2 loss: 0.0027313 | Lip loss: 0.0000176 | Grad norm: 0.009154 | Time: 33s727ms
Epoch: 006 | Test Loss: 0.0027266 | Time: 577ms
==> Save the model at epoch 006 with test loss 0.0027266
Epoch: 007 | Loss: 0.0027429 | L2 loss: 0.0027261 | Lip loss: 0.0000169 | Grad norm: 0.008621 | Time: 34s522ms
Epoch: 007 | Test Loss: 0.0027332 | Time: 582ms
Epoch: 008 | Loss: 0.0027433 | L2 loss: 0.0027259 | Lip loss: 0.0000174 | Grad norm: 0.009078 | Time: 34s786ms
Epoch: 008 | Test Loss: 0.0027271 | Time: 491ms
Epoch: 009 | Loss: 0.0027429 | L2 loss: 0.0027248 | Lip loss: 0.0000181 | Grad norm: 0.008974 | Time: 34s331ms
Epoch: 009 | Test Loss: 0.0027327 | Time: 493ms
Epoch: 010 | Loss: 0.0027422 | L2 loss: 0.0027245 | Lip loss: 0.0000177 | Grad norm: 0.009062 | Time: 33s415ms
Epoch: 010 | Test Loss: 0.0027263 | Time: 498ms
==> Save the model at epoch 010 with test loss 0.0027263
Epoch: 011 | Loss: 0.0027360 | L2 loss: 0.0027185 | Lip loss: 0.0000175 | Grad norm: 0.008008 | Time: 34s500ms
Epoch: 011 | Test Loss: 0.0027231 | Time: 499ms
==> Save the model at epoch 011 with test loss 0.0027231
Epoch: 012 | Loss: 0.0027360 | L2 loss: 0.0027178 | Lip loss: 0.0000181 | Grad norm: 0.008244 | Time: 33s246ms
Epoch: 012 | Test Loss: 0.0027230 | Time: 504ms
==> Save the model at epoch 012 with test loss 0.0027230
Epoch: 013 | Loss: 0.0027357 | L2 loss: 0.0027180 | Lip loss: 0.0000178 | Grad norm: 0.008212 | Time: 33s189ms
Epoch: 013 | Test Loss: 0.0027231 | Time: 493ms
Epoch: 014 | Loss: 0.0027368 | L2 loss: 0.0027179 | Lip loss: 0.0000189 | Grad norm: 0.008270 | Time: 33s865ms
Epoch: 014 | Test Loss: 0.0027234 | Time: 488ms
Epoch: 015 | Loss: 0.0027346 | L2 loss: 0.0027177 | Lip loss: 0.0000169 | Grad norm: 0.008466 | Time: 33s402ms
Epoch: 015 | Test Loss: 0.0027227 | Time: 568ms
==> Save the model at epoch 015 with test loss 0.0027227
Epoch: 016 | Loss: 0.0027353 | L2 loss: 0.0027168 | Lip loss: 0.0000185 | Grad norm: 0.008328 | Time: 34s229ms
Epoch: 016 | Test Loss: 0.0027227 | Time: 589ms
Epoch: 017 | Loss: 0.0027341 | L2 loss: 0.0027167 | Lip loss: 0.0000174 | Grad norm: 0.007801 | Time: 34s462ms
Epoch: 017 | Test Loss: 0.0027228 | Time: 491ms
Epoch: 018 | Loss: 0.0027350 | L2 loss: 0.0027167 | Lip loss: 0.0000183 | Grad norm: 0.008141 | Time: 34s292ms
Epoch: 018 | Test Loss: 0.0027227 | Time: 500ms
Epoch: 019 | Loss: 0.0027344 | L2 loss: 0.0027167 | Lip loss: 0.0000177 | Grad norm: 0.007858 | Time: 33s570ms
Epoch: 019 | Test Loss: 0.0027227 | Time: 506ms
Epoch: 020 | Loss: 0.0027349 | L2 loss: 0.0027167 | Lip loss: 0.0000182 | Grad norm: 0.008102 | Time: 34s258ms
Epoch: 020 | Test Loss: 0.0027227 | Time: 497ms
Epoch: 021 | Loss: 0.0027348 | L2 loss: 0.0027166 | Lip loss: 0.0000182 | Grad norm: 0.007967 | Time: 33s786ms
Epoch: 021 | Test Loss: 0.0027227 | Time: 500ms
Epoch: 022 | Loss: 0.0027343 | L2 loss: 0.0027166 | Lip loss: 0.0000177 | Grad norm: 0.008061 | Time: 33s983ms
Epoch: 022 | Test Loss: 0.0027227 | Time: 489ms
Epoch: 023 | Loss: 0.0027341 | L2 loss: 0.0027166 | Lip loss: 0.0000175 | Grad norm: 0.008047 | Time: 33s523ms
Epoch: 023 | Test Loss: 0.0027227 | Time: 489ms
Epoch: 024 | Loss: 0.0027340 | L2 loss: 0.0027166 | Lip loss: 0.0000174 | Grad norm: 0.008002 | Time: 33s636ms
Epoch: 024 | Test Loss: 0.0027227 | Time: 561ms
Epoch: 025 | Loss: 0.0027341 | L2 loss: 0.0027166 | Lip loss: 0.0000175 | Grad norm: 0.008417 | Time: 34s12ms
Epoch: 025 | Test Loss: 0.0027227 | Time: 568ms
==> Save the model at epoch 025 with test loss 0.0027227
Epoch: 026 | Loss: 0.0027344 | L2 loss: 0.0027166 | Lip loss: 0.0000179 | Grad norm: 0.007948 | Time: 33s590ms
Epoch: 026 | Test Loss: 0.0027227 | Time: 494ms
==> Save the model at epoch 026 with test loss 0.0027227
Epoch: 027 | Loss: 0.0027343 | L2 loss: 0.0027166 | Lip loss: 0.0000178 | Grad norm: 0.008214 | Time: 34s282ms
Epoch: 027 | Test Loss: 0.0027227 | Time: 510ms
Epoch: 028 | Loss: 0.0027338 | L2 loss: 0.0027166 | Lip loss: 0.0000172 | Grad norm: 0.008351 | Time: 33s816ms
Epoch: 028 | Test Loss: 0.0027227 | Time: 494ms
Epoch: 029 | Loss: 0.0027343 | L2 loss: 0.0027166 | Lip loss: 0.0000177 | Grad norm: 0.008315 | Time: 33s393ms
Epoch: 029 | Test Loss: 0.0027227 | Time: 499ms
==> Save the model at epoch 029 with test loss 0.0027227
Epoch: 030 | Loss: 0.0027347 | L2 loss: 0.0027166 | Lip loss: 0.0000182 | Grad norm: 0.008392 | Time: 33s684ms
Epoch: 030 | Test Loss: 0.0027227 | Time: 505ms
==> Save the model at epoch 030 with test loss 0.0027227
Epoch: 031 | Loss: 0.0027339 | L2 loss: 0.0027166 | Lip loss: 0.0000174 | Grad norm: 0.008163 | Time: 34s118ms
Epoch: 031 | Test Loss: 0.0027227 | Time: 489ms
==> Save the model at epoch 031 with test loss 0.0027227
Epoch: 032 | Loss: 0.0027337 | L2 loss: 0.0027166 | Lip loss: 0.0000171 | Grad norm: 0.008217 | Time: 34s56ms
Epoch: 032 | Test Loss: 0.0027227 | Time: 577ms
==> Save the model at epoch 032 with test loss 0.0027227
Epoch: 033 | Loss: 0.0027346 | L2 loss: 0.0027166 | Lip loss: 0.0000180 | Grad norm: 0.008071 | Time: 34s549ms
Epoch: 033 | Test Loss: 0.0027227 | Time: 490ms
Epoch: 034 | Loss: 0.0027347 | L2 loss: 0.0027166 | Lip loss: 0.0000182 | Grad norm: 0.008157 | Time: 33s732ms
Epoch: 034 | Test Loss: 0.0027227 | Time: 574ms
==> Save the model at epoch 034 with test loss 0.0027227
Epoch: 035 | Loss: 0.0027341 | L2 loss: 0.0027166 | Lip loss: 0.0000176 | Grad norm: 0.008140 | Time: 34s598ms
Epoch: 035 | Test Loss: 0.0027227 | Time: 571ms
Epoch: 036 | Loss: 0.0027350 | L2 loss: 0.0027166 | Lip loss: 0.0000184 | Grad norm: 0.007977 | Time: 33s831ms
Epoch: 036 | Test Loss: 0.0027227 | Time: 491ms
Epoch: 037 | Loss: 0.0027350 | L2 loss: 0.0027166 | Lip loss: 0.0000185 | Grad norm: 0.008059 | Time: 33s792ms
Epoch: 037 | Test Loss: 0.0027227 | Time: 493ms
Epoch: 038 | Loss: 0.0027344 | L2 loss: 0.0027166 | Lip loss: 0.0000178 | Grad norm: 0.008528 | Time: 33s962ms
Epoch: 038 | Test Loss: 0.0027227 | Time: 507ms
Epoch: 039 | Loss: 0.0027344 | L2 loss: 0.0027166 | Lip loss: 0.0000178 | Grad norm: 0.008288 | Time: 34s183ms
Epoch: 039 | Test Loss: 0.0027227 | Time: 489ms
Epoch: 040 | Loss: 0.0027345 | L2 loss: 0.0027166 | Lip loss: 0.0000180 | Grad norm: 0.007892 | Time: 35s127ms
Epoch: 040 | Test Loss: 0.0027227 | Time: 528ms
Total time: 22m59s
==> Saving trained model weights...
==> Input bias to be applied to the neural network (trained):
[0. 0. 0. 0.]
==> Input transform to be applied to the neural network (trained):
[1. 1. 1. 1.]
==> Output transform to be applied to the neural network (trained):
[1. 1.]
==> Saving training info...
==> Drawing training loss...
==> Drawing grad norm...
==> Drawing testing loss...
==> Drawing l2 loss...
==> Drawing lip loss...
==> Process finished.
