==> torch device:  cuda:3
==> Test-Train split: test_ratio = 0.20
==> Test-Train split seed:  None
==> Further split: further_train_ratio = 0.25
==> Further split seed:  None
==> Input bias to be applied to the neural network:
[0. 0.]
==> Input transform to be applied to the neural network:
[1. 1.]
==> Ouput transform to be applied to the neural network:
[1. 1.]
==> Evaluating model...
==========================================================================================
Layer (type:depth-idx)                   Output Shape              Param #
==========================================================================================
NeuralNetwork                            [1, 2]                    6
├─Sequential: 1-1                        [1, 2]                    --
│    └─Linear: 2-1                       [1, 64]                   192
│    └─LeakyReLU: 2-2                    [1, 64]                   --
│    └─Linear: 2-3                       [1, 64]                   4,160
│    └─LeakyReLU: 2-4                    [1, 64]                   --
│    └─Linear: 2-5                       [1, 64]                   4,160
│    └─LeakyReLU: 2-6                    [1, 64]                   --
│    └─Linear: 2-7                       [1, 64]                   4,160
│    └─LeakyReLU: 2-8                    [1, 64]                   --
│    └─Linear: 2-9                       [1, 64]                   4,160
│    └─LeakyReLU: 2-10                   [1, 64]                   --
│    └─Linear: 2-11                      [1, 64]                   4,160
│    └─LeakyReLU: 2-12                   [1, 64]                   --
│    └─Linear: 2-13                      [1, 64]                   4,160
│    └─LeakyReLU: 2-14                   [1, 64]                   --
│    └─Linear: 2-15                      [1, 2]                    130
==========================================================================================
Total params: 25,288
Trainable params: 25,282
Non-trainable params: 6
Total mult-adds (Units.MEGABYTES): 0.03
==========================================================================================
Input size (MB): 0.00
Forward/backward pass size (MB): 0.00
Params size (MB): 0.10
Estimated Total Size (MB): 0.10
==========================================================================================
==> Saving initial model weights...
==> Start training...
Epoch: 001 | Loss: 2.5794360 | L2 loss: 2.5794349 | Lip loss: 0.0000010 | Grad norm: 4.378740 | Time: 8s778ms
Epoch: 001 | Test Loss: 0.1921947 | Time: 445ms
==> Save the model at epoch 001 with test loss 0.1921947
Epoch: 002 | Loss: 0.1753172 | L2 loss: 0.1753157 | Lip loss: 0.0000015 | Grad norm: 4.598645 | Time: 8s790ms
Epoch: 002 | Test Loss: 0.1110197 | Time: 514ms
==> Save the model at epoch 002 with test loss 0.1110197
Epoch: 003 | Loss: 0.1205511 | L2 loss: 0.1205496 | Lip loss: 0.0000015 | Grad norm: 6.167595 | Time: 8s774ms
Epoch: 003 | Test Loss: 0.0901232 | Time: 450ms
==> Save the model at epoch 003 with test loss 0.0901232
Epoch: 004 | Loss: 0.0739834 | L2 loss: 0.0739819 | Lip loss: 0.0000015 | Grad norm: 4.275357 | Time: 8s625ms
Epoch: 004 | Test Loss: 0.0480779 | Time: 431ms
==> Save the model at epoch 004 with test loss 0.0480779
Epoch: 005 | Loss: 0.0499134 | L2 loss: 0.0499119 | Lip loss: 0.0000015 | Grad norm: 4.503232 | Time: 8s288ms
Epoch: 005 | Test Loss: 0.0325185 | Time: 443ms
==> Save the model at epoch 005 with test loss 0.0325185
Epoch: 006 | Loss: 0.0226924 | L2 loss: 0.0226909 | Lip loss: 0.0000015 | Grad norm: 1.435656 | Time: 8s659ms
Epoch: 006 | Test Loss: 0.0193944 | Time: 446ms
==> Save the model at epoch 006 with test loss 0.0193944
Epoch: 007 | Loss: 0.0196619 | L2 loss: 0.0196605 | Lip loss: 0.0000015 | Grad norm: 1.364270 | Time: 8s375ms
Epoch: 007 | Test Loss: 0.0165043 | Time: 441ms
==> Save the model at epoch 007 with test loss 0.0165043
Epoch: 008 | Loss: 0.0175095 | L2 loss: 0.0175079 | Lip loss: 0.0000016 | Grad norm: 1.331931 | Time: 8s761ms
Epoch: 008 | Test Loss: 0.0158727 | Time: 439ms
==> Save the model at epoch 008 with test loss 0.0158727
Epoch: 009 | Loss: 0.0174164 | L2 loss: 0.0174150 | Lip loss: 0.0000014 | Grad norm: 1.935606 | Time: 8s598ms
Epoch: 009 | Test Loss: 0.0145219 | Time: 452ms
==> Save the model at epoch 009 with test loss 0.0145219
Epoch: 010 | Loss: 0.0149578 | L2 loss: 0.0149564 | Lip loss: 0.0000014 | Grad norm: 1.170627 | Time: 8s712ms
Epoch: 010 | Test Loss: 0.0136624 | Time: 451ms
==> Save the model at epoch 010 with test loss 0.0136624
Epoch: 011 | Loss: 0.0135604 | L2 loss: 0.0135590 | Lip loss: 0.0000014 | Grad norm: 0.703709 | Time: 8s713ms
Epoch: 011 | Test Loss: 0.0126527 | Time: 444ms
==> Save the model at epoch 011 with test loss 0.0126527
Epoch: 012 | Loss: 0.0133572 | L2 loss: 0.0133558 | Lip loss: 0.0000015 | Grad norm: 0.661060 | Time: 8s349ms
Epoch: 012 | Test Loss: 0.0126404 | Time: 448ms
==> Save the model at epoch 012 with test loss 0.0126404
Epoch: 013 | Loss: 0.0132255 | L2 loss: 0.0132240 | Lip loss: 0.0000015 | Grad norm: 0.646829 | Time: 8s655ms
Epoch: 013 | Test Loss: 0.0125206 | Time: 519ms
==> Save the model at epoch 013 with test loss 0.0125206
Epoch: 014 | Loss: 0.0130988 | L2 loss: 0.0130972 | Lip loss: 0.0000015 | Grad norm: 0.656681 | Time: 8s712ms
Epoch: 014 | Test Loss: 0.0123410 | Time: 435ms
==> Save the model at epoch 014 with test loss 0.0123410
Epoch: 015 | Loss: 0.0129882 | L2 loss: 0.0129867 | Lip loss: 0.0000015 | Grad norm: 0.644452 | Time: 8s397ms
Epoch: 015 | Test Loss: 0.0123147 | Time: 450ms
==> Save the model at epoch 015 with test loss 0.0123147
Epoch: 016 | Loss: 0.0128603 | L2 loss: 0.0128589 | Lip loss: 0.0000014 | Grad norm: 0.598888 | Time: 8s536ms
Epoch: 016 | Test Loss: 0.0122242 | Time: 533ms
==> Save the model at epoch 016 with test loss 0.0122242
Epoch: 017 | Loss: 0.0128331 | L2 loss: 0.0128317 | Lip loss: 0.0000015 | Grad norm: 0.566821 | Time: 8s588ms
Epoch: 017 | Test Loss: 0.0122096 | Time: 450ms
==> Save the model at epoch 017 with test loss 0.0122096
Epoch: 018 | Loss: 0.0129545 | L2 loss: 0.0129530 | Lip loss: 0.0000015 | Grad norm: 0.573714 | Time: 8s266ms
Epoch: 018 | Test Loss: 0.0122126 | Time: 437ms
Epoch: 019 | Loss: 0.0128185 | L2 loss: 0.0128170 | Lip loss: 0.0000014 | Grad norm: 0.591461 | Time: 8s208ms
Epoch: 019 | Test Loss: 0.0121943 | Time: 440ms
==> Save the model at epoch 019 with test loss 0.0121943
Epoch: 020 | Loss: 0.0128013 | L2 loss: 0.0127999 | Lip loss: 0.0000015 | Grad norm: 0.571643 | Time: 8s351ms
Epoch: 020 | Test Loss: 0.0121852 | Time: 437ms
==> Save the model at epoch 020 with test loss 0.0121852
Epoch: 021 | Loss: 0.0127826 | L2 loss: 0.0127811 | Lip loss: 0.0000015 | Grad norm: 0.573386 | Time: 8s363ms
Epoch: 021 | Test Loss: 0.0121808 | Time: 453ms
==> Save the model at epoch 021 with test loss 0.0121808
Epoch: 022 | Loss: 0.0127742 | L2 loss: 0.0127727 | Lip loss: 0.0000015 | Grad norm: 0.587473 | Time: 8s478ms
Epoch: 022 | Test Loss: 0.0121797 | Time: 457ms
==> Save the model at epoch 022 with test loss 0.0121797
Epoch: 023 | Loss: 0.0127783 | L2 loss: 0.0127768 | Lip loss: 0.0000015 | Grad norm: 0.593643 | Time: 8s478ms
Epoch: 023 | Test Loss: 0.0121790 | Time: 449ms
==> Save the model at epoch 023 with test loss 0.0121790
Epoch: 024 | Loss: 0.0127717 | L2 loss: 0.0127702 | Lip loss: 0.0000015 | Grad norm: 0.576210 | Time: 8s181ms
Epoch: 024 | Test Loss: 0.0121776 | Time: 519ms
==> Save the model at epoch 024 with test loss 0.0121776
Epoch: 025 | Loss: 0.0127728 | L2 loss: 0.0127713 | Lip loss: 0.0000015 | Grad norm: 0.566540 | Time: 8s134ms
Epoch: 025 | Test Loss: 0.0121768 | Time: 453ms
==> Save the model at epoch 025 with test loss 0.0121768
Epoch: 026 | Loss: 0.0127724 | L2 loss: 0.0127709 | Lip loss: 0.0000015 | Grad norm: 0.549187 | Time: 8s313ms
Epoch: 026 | Test Loss: 0.0121767 | Time: 451ms
==> Save the model at epoch 026 with test loss 0.0121767
Epoch: 027 | Loss: 0.0127653 | L2 loss: 0.0127639 | Lip loss: 0.0000014 | Grad norm: 0.574743 | Time: 8s169ms
Epoch: 027 | Test Loss: 0.0121767 | Time: 501ms
==> Save the model at epoch 027 with test loss 0.0121767
Epoch: 028 | Loss: 0.0127682 | L2 loss: 0.0127667 | Lip loss: 0.0000015 | Grad norm: 0.549687 | Time: 8s586ms
Epoch: 028 | Test Loss: 0.0121766 | Time: 431ms
==> Save the model at epoch 028 with test loss 0.0121766
Epoch: 029 | Loss: 0.0127718 | L2 loss: 0.0127703 | Lip loss: 0.0000015 | Grad norm: 0.575679 | Time: 8s94ms
Epoch: 029 | Test Loss: 0.0121765 | Time: 445ms
==> Save the model at epoch 029 with test loss 0.0121765
Epoch: 030 | Loss: 0.0127714 | L2 loss: 0.0127699 | Lip loss: 0.0000015 | Grad norm: 0.601774 | Time: 8s772ms
Epoch: 030 | Test Loss: 0.0121765 | Time: 453ms
==> Save the model at epoch 030 with test loss 0.0121765
Epoch: 031 | Loss: 0.0127654 | L2 loss: 0.0127639 | Lip loss: 0.0000015 | Grad norm: 0.557247 | Time: 8s506ms
Epoch: 031 | Test Loss: 0.0121765 | Time: 431ms
Epoch: 032 | Loss: 0.0127757 | L2 loss: 0.0127742 | Lip loss: 0.0000015 | Grad norm: 0.588779 | Time: 8s468ms
Epoch: 032 | Test Loss: 0.0121765 | Time: 434ms
==> Save the model at epoch 032 with test loss 0.0121765
Epoch: 033 | Loss: 0.0127657 | L2 loss: 0.0127642 | Lip loss: 0.0000015 | Grad norm: 0.574608 | Time: 8s877ms
Epoch: 033 | Test Loss: 0.0121765 | Time: 455ms
Epoch: 034 | Loss: 0.0127710 | L2 loss: 0.0127695 | Lip loss: 0.0000015 | Grad norm: 0.571137 | Time: 8s306ms
Epoch: 034 | Test Loss: 0.0121765 | Time: 448ms
==> Save the model at epoch 034 with test loss 0.0121765
Epoch: 035 | Loss: 0.0127700 | L2 loss: 0.0127685 | Lip loss: 0.0000015 | Grad norm: 0.528358 | Time: 8s571ms
Epoch: 035 | Test Loss: 0.0121765 | Time: 520ms
Epoch: 036 | Loss: 0.0128758 | L2 loss: 0.0128743 | Lip loss: 0.0000015 | Grad norm: 0.574785 | Time: 8s386ms
Epoch: 036 | Test Loss: 0.0121765 | Time: 437ms
Epoch: 037 | Loss: 0.0127683 | L2 loss: 0.0127669 | Lip loss: 0.0000014 | Grad norm: 0.570725 | Time: 8s743ms
Epoch: 037 | Test Loss: 0.0121765 | Time: 448ms
Epoch: 038 | Loss: 0.0127819 | L2 loss: 0.0127804 | Lip loss: 0.0000014 | Grad norm: 0.568205 | Time: 8s505ms
Epoch: 038 | Test Loss: 0.0121765 | Time: 515ms
Epoch: 039 | Loss: 0.0128261 | L2 loss: 0.0128246 | Lip loss: 0.0000014 | Grad norm: 0.556410 | Time: 8s793ms
Epoch: 039 | Test Loss: 0.0121765 | Time: 443ms
Epoch: 040 | Loss: 0.0127682 | L2 loss: 0.0127668 | Lip loss: 0.0000014 | Grad norm: 0.569641 | Time: 9s158ms
Epoch: 040 | Test Loss: 0.0121765 | Time: 448ms
Total time: 5m59s
==> Saving trained model weights...
==> Input bias to be applied to the neural network (trained):
[0. 0.]
==> Input transform to be applied to the neural network (trained):
[1. 1.]
==> Output transform to be applied to the neural network (trained):
[1. 1.]
==> Saving training info...
==> Drawing training loss...
==> Drawing grad norm...
==> Drawing testing loss...
==> Drawing l2 loss...
==> Drawing lip loss...
==> Process finished.
