==> torch device:  cuda:2
==> Test-Train split: test_ratio = 0.20
==> Test-Train split seed:  None
==> Further split: further_train_ratio = 0.25
==> Further split seed:  None
==> Input bias to be applied to the neural network:
[0. 0. 0. 0.]
==> Input transform to be applied to the neural network:
[1. 1. 1. 1.]
==> Ouput transform to be applied to the neural network:
[1. 1.]
==> Evaluating model...
==========================================================================================
Layer (type:depth-idx)                   Output Shape              Param #
==========================================================================================
NeuralNetwork                            [1, 2]                    10
├─Sequential: 1-1                        [1, 2]                    --
│    └─Linear: 2-1                       [1, 64]                   320
│    └─LeakyReLU: 2-2                    [1, 64]                   --
│    └─Linear: 2-3                       [1, 64]                   4,160
│    └─LeakyReLU: 2-4                    [1, 64]                   --
│    └─Linear: 2-5                       [1, 64]                   4,160
│    └─LeakyReLU: 2-6                    [1, 64]                   --
│    └─Linear: 2-7                       [1, 64]                   4,160
│    └─LeakyReLU: 2-8                    [1, 64]                   --
│    └─Linear: 2-9                       [1, 64]                   4,160
│    └─LeakyReLU: 2-10                   [1, 64]                   --
│    └─Linear: 2-11                      [1, 64]                   4,160
│    └─LeakyReLU: 2-12                   [1, 64]                   --
│    └─Linear: 2-13                      [1, 64]                   4,160
│    └─LeakyReLU: 2-14                   [1, 64]                   --
│    └─Linear: 2-15                      [1, 2]                    130
==========================================================================================
Total params: 25,420
Trainable params: 25,410
Non-trainable params: 10
Total mult-adds (Units.MEGABYTES): 0.03
==========================================================================================
Input size (MB): 0.00
Forward/backward pass size (MB): 0.00
Params size (MB): 0.10
Estimated Total Size (MB): 0.11
==========================================================================================
==> Saving initial model weights...
==> Start training...
Epoch: 001 | Loss: 0.0568568 | L2 loss: 0.0430353 | Lip loss: 0.0138215 | Grad norm: 0.128377 | Time: 8s590ms
Epoch: 001 | Test Loss: 0.0118354 | Time: 530ms
==> Save the model at epoch 001 with test loss 0.0118354
Epoch: 002 | Loss: 0.0291974 | L2 loss: 0.0122863 | Lip loss: 0.0169111 | Grad norm: 0.106203 | Time: 8s824ms
Epoch: 002 | Test Loss: 0.0115352 | Time: 580ms
==> Save the model at epoch 002 with test loss 0.0115352
Epoch: 003 | Loss: 0.0288939 | L2 loss: 0.0120914 | Lip loss: 0.0168025 | Grad norm: 0.099407 | Time: 8s794ms
Epoch: 003 | Test Loss: 0.0112995 | Time: 534ms
==> Save the model at epoch 003 with test loss 0.0112995
Epoch: 004 | Loss: 0.0288085 | L2 loss: 0.0117852 | Lip loss: 0.0170232 | Grad norm: 0.084819 | Time: 8s866ms
Epoch: 004 | Test Loss: 0.0122552 | Time: 529ms
Epoch: 005 | Loss: 0.0287451 | L2 loss: 0.0118954 | Lip loss: 0.0168497 | Grad norm: 0.095560 | Time: 8s422ms
Epoch: 005 | Test Loss: 0.0110245 | Time: 510ms
==> Save the model at epoch 005 with test loss 0.0110245
Epoch: 006 | Loss: 0.0279359 | L2 loss: 0.0111780 | Lip loss: 0.0167579 | Grad norm: 0.069410 | Time: 8s668ms
Epoch: 006 | Test Loss: 0.0105262 | Time: 515ms
==> Save the model at epoch 006 with test loss 0.0105262
Epoch: 007 | Loss: 0.0280646 | L2 loss: 0.0111791 | Lip loss: 0.0168856 | Grad norm: 0.062422 | Time: 8s764ms
Epoch: 007 | Test Loss: 0.0103913 | Time: 516ms
==> Save the model at epoch 007 with test loss 0.0103913
Epoch: 008 | Loss: 0.0277443 | L2 loss: 0.0110340 | Lip loss: 0.0167103 | Grad norm: 0.065275 | Time: 8s620ms
Epoch: 008 | Test Loss: 0.0101758 | Time: 517ms
==> Save the model at epoch 008 with test loss 0.0101758
Epoch: 009 | Loss: 0.0278207 | L2 loss: 0.0110639 | Lip loss: 0.0167568 | Grad norm: 0.064850 | Time: 8s612ms
Epoch: 009 | Test Loss: 0.0102845 | Time: 541ms
Epoch: 010 | Loss: 0.0277252 | L2 loss: 0.0111050 | Lip loss: 0.0166202 | Grad norm: 0.063131 | Time: 8s686ms
Epoch: 010 | Test Loss: 0.0103646 | Time: 528ms
Epoch: 011 | Loss: 0.0279479 | L2 loss: 0.0109793 | Lip loss: 0.0169685 | Grad norm: 0.058336 | Time: 8s606ms
Epoch: 011 | Test Loss: 0.0104289 | Time: 509ms
Epoch: 012 | Loss: 0.0276611 | L2 loss: 0.0110304 | Lip loss: 0.0166308 | Grad norm: 0.058797 | Time: 8s546ms
Epoch: 012 | Test Loss: 0.0104016 | Time: 520ms
Epoch: 013 | Loss: 0.0278307 | L2 loss: 0.0110320 | Lip loss: 0.0167987 | Grad norm: 0.059353 | Time: 8s447ms
Epoch: 013 | Test Loss: 0.0104293 | Time: 593ms
Epoch: 014 | Loss: 0.0276853 | L2 loss: 0.0110020 | Lip loss: 0.0166833 | Grad norm: 0.058907 | Time: 8s495ms
Epoch: 014 | Test Loss: 0.0104074 | Time: 512ms
Epoch: 015 | Loss: 0.0276253 | L2 loss: 0.0110224 | Lip loss: 0.0166029 | Grad norm: 0.062399 | Time: 8s763ms
Epoch: 015 | Test Loss: 0.0103820 | Time: 525ms
Epoch: 016 | Loss: 0.0278356 | L2 loss: 0.0109926 | Lip loss: 0.0168429 | Grad norm: 0.062813 | Time: 8s664ms
Epoch: 016 | Test Loss: 0.0103795 | Time: 588ms
Epoch: 017 | Loss: 0.0278181 | L2 loss: 0.0109837 | Lip loss: 0.0168344 | Grad norm: 0.061876 | Time: 8s750ms
Epoch: 017 | Test Loss: 0.0103765 | Time: 528ms
Epoch: 018 | Loss: 0.0277350 | L2 loss: 0.0109740 | Lip loss: 0.0167610 | Grad norm: 0.058461 | Time: 8s748ms
Epoch: 018 | Test Loss: 0.0103724 | Time: 529ms
Epoch: 019 | Loss: 0.0277591 | L2 loss: 0.0109853 | Lip loss: 0.0167738 | Grad norm: 0.061616 | Time: 8s992ms
Epoch: 019 | Test Loss: 0.0103692 | Time: 539ms
Epoch: 020 | Loss: 0.0278217 | L2 loss: 0.0109768 | Lip loss: 0.0168449 | Grad norm: 0.063014 | Time: 8s781ms
Epoch: 020 | Test Loss: 0.0103686 | Time: 531ms
Epoch: 021 | Loss: 0.0276816 | L2 loss: 0.0109778 | Lip loss: 0.0167038 | Grad norm: 0.058782 | Time: 8s458ms
Epoch: 021 | Test Loss: 0.0103694 | Time: 515ms
Epoch: 022 | Loss: 0.0276249 | L2 loss: 0.0109763 | Lip loss: 0.0166486 | Grad norm: 0.059622 | Time: 8s844ms
Epoch: 022 | Test Loss: 0.0103702 | Time: 530ms
Epoch: 023 | Loss: 0.0277566 | L2 loss: 0.0109734 | Lip loss: 0.0167833 | Grad norm: 0.059861 | Time: 8s693ms
Epoch: 023 | Test Loss: 0.0103706 | Time: 518ms
Epoch: 024 | Loss: 0.0276743 | L2 loss: 0.0109778 | Lip loss: 0.0166965 | Grad norm: 0.063330 | Time: 8s407ms
Epoch: 024 | Test Loss: 0.0103709 | Time: 593ms
Epoch: 025 | Loss: 0.0276606 | L2 loss: 0.0109758 | Lip loss: 0.0166848 | Grad norm: 0.063578 | Time: 8s284ms
Epoch: 025 | Test Loss: 0.0103715 | Time: 515ms
Epoch: 026 | Loss: 0.0276505 | L2 loss: 0.0109839 | Lip loss: 0.0166665 | Grad norm: 0.060773 | Time: 8s693ms
Epoch: 026 | Test Loss: 0.0103715 | Time: 530ms
Epoch: 027 | Loss: 0.0277240 | L2 loss: 0.0110186 | Lip loss: 0.0167054 | Grad norm: 0.063348 | Time: 8s683ms
Epoch: 027 | Test Loss: 0.0103716 | Time: 592ms
Epoch: 028 | Loss: 0.0276162 | L2 loss: 0.0109728 | Lip loss: 0.0166433 | Grad norm: 0.065246 | Time: 8s638ms
Epoch: 028 | Test Loss: 0.0103716 | Time: 532ms
Epoch: 029 | Loss: 0.0278022 | L2 loss: 0.0109872 | Lip loss: 0.0168150 | Grad norm: 0.058429 | Time: 8s621ms
Epoch: 029 | Test Loss: 0.0103717 | Time: 513ms
Epoch: 030 | Loss: 0.0277008 | L2 loss: 0.0109895 | Lip loss: 0.0167113 | Grad norm: 0.062334 | Time: 8s609ms
Epoch: 030 | Test Loss: 0.0103717 | Time: 537ms
Epoch: 031 | Loss: 0.0278964 | L2 loss: 0.0109786 | Lip loss: 0.0169178 | Grad norm: 0.061032 | Time: 8s737ms
Epoch: 031 | Test Loss: 0.0103717 | Time: 515ms
Epoch: 032 | Loss: 0.0275936 | L2 loss: 0.0109754 | Lip loss: 0.0166182 | Grad norm: 0.061680 | Time: 8s956ms
Epoch: 032 | Test Loss: 0.0103717 | Time: 510ms
Epoch: 033 | Loss: 0.0274439 | L2 loss: 0.0109752 | Lip loss: 0.0164687 | Grad norm: 0.060990 | Time: 8s762ms
Epoch: 033 | Test Loss: 0.0103717 | Time: 519ms
Epoch: 034 | Loss: 0.0277345 | L2 loss: 0.0109786 | Lip loss: 0.0167559 | Grad norm: 0.060603 | Time: 8s922ms
Epoch: 034 | Test Loss: 0.0103717 | Time: 529ms
Epoch: 035 | Loss: 0.0277071 | L2 loss: 0.0109767 | Lip loss: 0.0167304 | Grad norm: 0.059114 | Time: 8s822ms
Epoch: 035 | Test Loss: 0.0103717 | Time: 582ms
Epoch: 036 | Loss: 0.0278435 | L2 loss: 0.0109753 | Lip loss: 0.0168682 | Grad norm: 0.062073 | Time: 8s813ms
Epoch: 036 | Test Loss: 0.0103717 | Time: 529ms
Epoch: 037 | Loss: 0.0279032 | L2 loss: 0.0109720 | Lip loss: 0.0169312 | Grad norm: 0.061332 | Time: 8s799ms
Epoch: 037 | Test Loss: 0.0103717 | Time: 513ms
Epoch: 038 | Loss: 0.0277276 | L2 loss: 0.0109723 | Lip loss: 0.0167552 | Grad norm: 0.059941 | Time: 8s349ms
Epoch: 038 | Test Loss: 0.0103717 | Time: 590ms
Epoch: 039 | Loss: 0.0278345 | L2 loss: 0.0109845 | Lip loss: 0.0168500 | Grad norm: 0.057607 | Time: 8s711ms
Epoch: 039 | Test Loss: 0.0103717 | Time: 510ms
Epoch: 040 | Loss: 0.0277320 | L2 loss: 0.0109758 | Lip loss: 0.0167562 | Grad norm: 0.059805 | Time: 8s687ms
Epoch: 040 | Test Loss: 0.0103717 | Time: 586ms
Total time: 6m8s
==> Saving trained model weights...
==> Input bias to be applied to the neural network (trained):
[0. 0. 0. 0.]
==> Input transform to be applied to the neural network (trained):
[1. 1. 1. 1.]
==> Output transform to be applied to the neural network (trained):
[1. 1.]
==> Saving training info...
==> Drawing training loss...
==> Drawing grad norm...
==> Drawing testing loss...
==> Drawing l2 loss...
==> Drawing lip loss...
==> Process finished.
