==> torch device:  cuda:2
==> Test-Train split: test_ratio = 0.20
==> Test-Train split seed:  None
==> Further split: further_train_ratio = 0.50
==> Further split seed:  None
==> Input bias to be applied to the neural network:
[0. 0.]
==> Input transform to be applied to the neural network:
[0.496845   0.52004784]
==> Ouput transform to be applied to the neural network:
[1.9242 2.0182]
==> Evaluating model...
==========================================================================================
Layer (type:depth-idx)                   Output Shape              Param #
==========================================================================================
NeuralNetwork                            [1, 2]                    6
├─Sequential: 1-1                        [1, 2]                    --
│    └─Linear: 2-1                       [1, 64]                   192
│    └─ReLU: 2-2                         [1, 64]                   --
│    └─Linear: 2-3                       [1, 64]                   4,160
│    └─ReLU: 2-4                         [1, 64]                   --
│    └─Linear: 2-5                       [1, 64]                   4,160
│    └─ReLU: 2-6                         [1, 64]                   --
│    └─Linear: 2-7                       [1, 64]                   4,160
│    └─ReLU: 2-8                         [1, 64]                   --
│    └─Linear: 2-9                       [1, 64]                   4,160
│    └─ReLU: 2-10                        [1, 64]                   --
│    └─Linear: 2-11                      [1, 64]                   4,160
│    └─ReLU: 2-12                        [1, 64]                   --
│    └─Linear: 2-13                      [1, 64]                   4,160
│    └─ReLU: 2-14                        [1, 64]                   --
│    └─Linear: 2-15                      [1, 2]                    130
├─Sequential: 1-2                        [1, 2]                    (recursive)
│    └─Linear: 2-16                      [1, 64]                   (recursive)
│    └─ReLU: 2-17                        [1, 64]                   --
│    └─Linear: 2-18                      [1, 64]                   (recursive)
│    └─ReLU: 2-19                        [1, 64]                   --
│    └─Linear: 2-20                      [1, 64]                   (recursive)
│    └─ReLU: 2-21                        [1, 64]                   --
│    └─Linear: 2-22                      [1, 64]                   (recursive)
│    └─ReLU: 2-23                        [1, 64]                   --
│    └─Linear: 2-24                      [1, 64]                   (recursive)
│    └─ReLU: 2-25                        [1, 64]                   --
│    └─Linear: 2-26                      [1, 64]                   (recursive)
│    └─ReLU: 2-27                        [1, 64]                   --
│    └─Linear: 2-28                      [1, 64]                   (recursive)
│    └─ReLU: 2-29                        [1, 64]                   --
│    └─Linear: 2-30                      [1, 2]                    (recursive)
==========================================================================================
Total params: 25,288
Trainable params: 25,282
Non-trainable params: 6
Total mult-adds (Units.MEGABYTES): 0.05
==========================================================================================
Input size (MB): 0.00
Forward/backward pass size (MB): 0.01
Params size (MB): 0.10
Estimated Total Size (MB): 0.11
==========================================================================================
==> Saving initial model weights...
==> Start training...
==> Number of param_groups in optimizer: 1
Epoch: 001 | Train Loss: 7.8065188 | Grad norm: 0.316332 | Time: 2s356ms
Epoch: 001 | Test Loss: 7.7941080 | Time: 456ms
==> Save the model at epoch 001 with test loss 7.7941080
Epoch: 002 | Train Loss: 4.7790230 | Grad norm: 2.696074 | Time: 2s53ms
Epoch: 002 | Test Loss: 0.3217772 | Time: 528ms
==> Save the model at epoch 002 with test loss 0.3217772
Epoch: 003 | Train Loss: 0.1178150 | Grad norm: 1.515020 | Time: 2s51ms
Epoch: 003 | Test Loss: 0.0469863 | Time: 457ms
==> Save the model at epoch 003 with test loss 0.0469863
Epoch: 004 | Train Loss: 0.0322315 | Grad norm: 1.633484 | Time: 1s987ms
Epoch: 004 | Test Loss: 0.0258407 | Time: 442ms
==> Save the model at epoch 004 with test loss 0.0258407
Epoch: 005 | Train Loss: 0.0173892 | Grad norm: 1.430801 | Time: 2s52ms
Epoch: 005 | Test Loss: 0.0156511 | Time: 441ms
==> Save the model at epoch 005 with test loss 0.0156511
Epoch: 006 | Train Loss: 0.0159529 | Grad norm: 1.739155 | Time: 1s871ms
Epoch: 006 | Test Loss: 0.0139394 | Time: 450ms
==> Save the model at epoch 006 with test loss 0.0139394
Epoch: 007 | Train Loss: 0.0173958 | Grad norm: 2.053513 | Time: 1s964ms
Epoch: 007 | Test Loss: 0.0193949 | Time: 466ms
Epoch: 008 | Train Loss: 0.0145917 | Grad norm: 1.500392 | Time: 2s27ms
Epoch: 008 | Test Loss: 0.0105705 | Time: 502ms
==> Save the model at epoch 008 with test loss 0.0105705
Epoch: 009 | Train Loss: 0.0130347 | Grad norm: 1.384971 | Time: 2s128ms
Epoch: 009 | Test Loss: 0.0102769 | Time: 471ms
==> Save the model at epoch 009 with test loss 0.0102769
Epoch: 010 | Train Loss: 0.0139678 | Grad norm: 1.545595 | Time: 2s126ms
Epoch: 010 | Test Loss: 0.0121490 | Time: 509ms
Epoch: 011 | Train Loss: 0.0124470 | Grad norm: 1.182288 | Time: 2s9ms
Epoch: 011 | Test Loss: 0.0112780 | Time: 463ms
Epoch: 012 | Train Loss: 0.0107705 | Grad norm: 0.998671 | Time: 2s19ms
Epoch: 012 | Test Loss: 0.0093105 | Time: 438ms
==> Save the model at epoch 012 with test loss 0.0093105
Epoch: 013 | Train Loss: 0.0106954 | Grad norm: 1.048343 | Time: 2s142ms
Epoch: 013 | Test Loss: 0.0086466 | Time: 598ms
==> Save the model at epoch 013 with test loss 0.0086466
Epoch: 014 | Train Loss: 0.0099591 | Grad norm: 0.865346 | Time: 1s955ms
Epoch: 014 | Test Loss: 0.0101217 | Time: 446ms
Epoch: 015 | Train Loss: 0.0099515 | Grad norm: 0.915341 | Time: 1s925ms
Epoch: 015 | Test Loss: 0.0106422 | Time: 551ms
Epoch: 016 | Train Loss: 0.0105325 | Grad norm: 1.006150 | Time: 1s974ms
Epoch: 016 | Test Loss: 0.0097415 | Time: 442ms
Epoch: 017 | Train Loss: 0.0091605 | Grad norm: 0.745251 | Time: 2s51ms
Epoch: 017 | Test Loss: 0.0153807 | Time: 448ms
Epoch: 018 | Train Loss: 0.0094418 | Grad norm: 0.784851 | Time: 1s920ms
Epoch: 018 | Test Loss: 0.0083310 | Time: 523ms
==> Save the model at epoch 018 with test loss 0.0083310
Epoch: 019 | Train Loss: 0.0085290 | Grad norm: 0.632908 | Time: 2s49ms
Epoch: 019 | Test Loss: 0.0116112 | Time: 442ms
Epoch: 020 | Train Loss: 0.0088454 | Grad norm: 0.724847 | Time: 2s170ms
Epoch: 020 | Test Loss: 0.0085352 | Time: 442ms
Epoch: 021 | Train Loss: 0.0085886 | Grad norm: 0.644323 | Time: 1s870ms
Epoch: 021 | Test Loss: 0.0092524 | Time: 446ms
Epoch: 022 | Train Loss: 0.0082224 | Grad norm: 0.585235 | Time: 2s87ms
Epoch: 022 | Test Loss: 0.0085931 | Time: 441ms
Epoch: 023 | Train Loss: 0.0082504 | Grad norm: 0.603796 | Time: 1s921ms
Epoch: 023 | Test Loss: 0.0077889 | Time: 447ms
==> Save the model at epoch 023 with test loss 0.0077889
Epoch: 024 | Train Loss: 0.0080450 | Grad norm: 0.573195 | Time: 2s226ms
Epoch: 024 | Test Loss: 0.0093420 | Time: 460ms
Epoch: 025 | Train Loss: 0.0076801 | Grad norm: 0.449552 | Time: 2s96ms
Epoch: 025 | Test Loss: 0.0076119 | Time: 454ms
==> Save the model at epoch 025 with test loss 0.0076119
Epoch: 026 | Train Loss: 0.0078743 | Grad norm: 0.529797 | Time: 1s936ms
Epoch: 026 | Test Loss: 0.0074671 | Time: 524ms
==> Save the model at epoch 026 with test loss 0.0074671
Epoch: 027 | Train Loss: 0.0073955 | Grad norm: 0.400184 | Time: 2s151ms
Epoch: 027 | Test Loss: 0.0079449 | Time: 444ms
Epoch: 028 | Train Loss: 0.0074436 | Grad norm: 0.428522 | Time: 2s38ms
Epoch: 028 | Test Loss: 0.0070211 | Time: 497ms
==> Save the model at epoch 028 with test loss 0.0070211
Epoch: 029 | Train Loss: 0.0074009 | Grad norm: 0.411429 | Time: 2s172ms
Epoch: 029 | Test Loss: 0.0077584 | Time: 448ms
Epoch: 030 | Train Loss: 0.0072521 | Grad norm: 0.392960 | Time: 1s960ms
Epoch: 030 | Test Loss: 0.0072051 | Time: 440ms
Epoch: 031 | Train Loss: 0.0071638 | Grad norm: 0.352185 | Time: 1s969ms
Epoch: 031 | Test Loss: 0.0069772 | Time: 447ms
==> Save the model at epoch 031 with test loss 0.0069772
Epoch: 032 | Train Loss: 0.0069981 | Grad norm: 0.305268 | Time: 2s86ms
Epoch: 032 | Test Loss: 0.0070627 | Time: 465ms
Epoch: 033 | Train Loss: 0.0069779 | Grad norm: 0.295517 | Time: 2s90ms
Epoch: 033 | Test Loss: 0.0071662 | Time: 488ms
Epoch: 034 | Train Loss: 0.0069066 | Grad norm: 0.276378 | Time: 2s14ms
Epoch: 034 | Test Loss: 0.0069248 | Time: 511ms
==> Save the model at epoch 034 with test loss 0.0069248
Epoch: 035 | Train Loss: 0.0068547 | Grad norm: 0.274535 | Time: 2s38ms
Epoch: 035 | Test Loss: 0.0068497 | Time: 517ms
==> Save the model at epoch 035 with test loss 0.0068497
Epoch: 036 | Train Loss: 0.0067818 | Grad norm: 0.234882 | Time: 2s11ms
Epoch: 036 | Test Loss: 0.0067504 | Time: 438ms
==> Save the model at epoch 036 with test loss 0.0067504
Epoch: 037 | Train Loss: 0.0067437 | Grad norm: 0.218808 | Time: 2s57ms
Epoch: 037 | Test Loss: 0.0067874 | Time: 439ms
Epoch: 038 | Train Loss: 0.0067205 | Grad norm: 0.209096 | Time: 1s947ms
Epoch: 038 | Test Loss: 0.0066844 | Time: 475ms
==> Save the model at epoch 038 with test loss 0.0066844
Epoch: 039 | Train Loss: 0.0066810 | Grad norm: 0.191085 | Time: 2s34ms
Epoch: 039 | Test Loss: 0.0066879 | Time: 443ms
Epoch: 040 | Train Loss: 0.0066581 | Grad norm: 0.177418 | Time: 2s71ms
Epoch: 040 | Test Loss: 0.0066736 | Time: 446ms
==> Save the model at epoch 040 with test loss 0.0066736
Total time: 1m40s
==> Saving trained model weights...
==> Input bias to be applied to the neural network (trained):
[0. 0.]
==> Input transform to be applied to the neural network (trained):
[0.496845   0.52004784]
==> Output transform to be applied to the neural network (trained):
[1.9242 2.0182]
==> Saving training info...
==> Drawing training loss...
==> Drawing grad norm...
==> Drawing testing loss...
==> Process finished.
