==> torch device:  cuda:2
==> Test-Train split: test_ratio = 0.20
==> Test-Train split seed:  None
==> Further split: further_train_ratio = 0.50
==> Further split seed:  None
==> Input bias to be applied to the neural network:
[0. 0.]
==> Input transform to be applied to the neural network:
[0.5123476 0.5241365]
==> Ouput transform to be applied to the neural network:
[1.908  1.9349]
==> Evaluating model...
==========================================================================================
Layer (type:depth-idx)                   Output Shape              Param #
==========================================================================================
NeuralNetwork                            [1, 2]                    6
├─Sequential: 1-1                        [1, 2]                    --
│    └─Linear: 2-1                       [1, 64]                   192
│    └─ReLU: 2-2                         [1, 64]                   --
│    └─Linear: 2-3                       [1, 64]                   4,160
│    └─ReLU: 2-4                         [1, 64]                   --
│    └─Linear: 2-5                       [1, 64]                   4,160
│    └─ReLU: 2-6                         [1, 64]                   --
│    └─Linear: 2-7                       [1, 64]                   4,160
│    └─ReLU: 2-8                         [1, 64]                   --
│    └─Linear: 2-9                       [1, 64]                   4,160
│    └─ReLU: 2-10                        [1, 64]                   --
│    └─Linear: 2-11                      [1, 64]                   4,160
│    └─ReLU: 2-12                        [1, 64]                   --
│    └─Linear: 2-13                      [1, 64]                   4,160
│    └─ReLU: 2-14                        [1, 64]                   --
│    └─Linear: 2-15                      [1, 2]                    130
├─Sequential: 1-2                        [1, 2]                    (recursive)
│    └─Linear: 2-16                      [1, 64]                   (recursive)
│    └─ReLU: 2-17                        [1, 64]                   --
│    └─Linear: 2-18                      [1, 64]                   (recursive)
│    └─ReLU: 2-19                        [1, 64]                   --
│    └─Linear: 2-20                      [1, 64]                   (recursive)
│    └─ReLU: 2-21                        [1, 64]                   --
│    └─Linear: 2-22                      [1, 64]                   (recursive)
│    └─ReLU: 2-23                        [1, 64]                   --
│    └─Linear: 2-24                      [1, 64]                   (recursive)
│    └─ReLU: 2-25                        [1, 64]                   --
│    └─Linear: 2-26                      [1, 64]                   (recursive)
│    └─ReLU: 2-27                        [1, 64]                   --
│    └─Linear: 2-28                      [1, 64]                   (recursive)
│    └─ReLU: 2-29                        [1, 64]                   --
│    └─Linear: 2-30                      [1, 2]                    (recursive)
==========================================================================================
Total params: 25,288
Trainable params: 25,282
Non-trainable params: 6
Total mult-adds (Units.MEGABYTES): 0.05
==========================================================================================
Input size (MB): 0.00
Forward/backward pass size (MB): 0.01
Params size (MB): 0.10
Estimated Total Size (MB): 0.11
==========================================================================================
==> Saving initial model weights...
==> Start training...
==> Number of param_groups in optimizer: 1
Epoch: 001 | Train Loss: 7.4102228 | Grad norm: 0.265154 | Time: 2s486ms
Epoch: 001 | Test Loss: 7.3896739 | Time: 520ms
==> Save the model at epoch 001 with test loss 7.3896739
Epoch: 002 | Train Loss: 3.8436817 | Grad norm: 2.441466 | Time: 2s270ms
Epoch: 002 | Test Loss: 0.0860047 | Time: 593ms
==> Save the model at epoch 002 with test loss 0.0860047
Epoch: 003 | Train Loss: 0.0296302 | Grad norm: 0.588683 | Time: 2s259ms
Epoch: 003 | Test Loss: 0.0125107 | Time: 511ms
==> Save the model at epoch 003 with test loss 0.0125107
Epoch: 004 | Train Loss: 0.0085625 | Grad norm: 0.423328 | Time: 2s97ms
Epoch: 004 | Test Loss: 0.0051297 | Time: 522ms
==> Save the model at epoch 004 with test loss 0.0051297
Epoch: 005 | Train Loss: 0.0044091 | Grad norm: 0.440695 | Time: 2s392ms
Epoch: 005 | Test Loss: 0.0030093 | Time: 516ms
==> Save the model at epoch 005 with test loss 0.0030093
Epoch: 006 | Train Loss: 0.0033917 | Grad norm: 0.498222 | Time: 2s231ms
Epoch: 006 | Test Loss: 0.0025343 | Time: 524ms
==> Save the model at epoch 006 with test loss 0.0025343
Epoch: 007 | Train Loss: 0.0029301 | Grad norm: 0.457491 | Time: 2s354ms
Epoch: 007 | Test Loss: 0.0020670 | Time: 527ms
==> Save the model at epoch 007 with test loss 0.0020670
Epoch: 008 | Train Loss: 0.0028109 | Grad norm: 0.452489 | Time: 2s257ms
Epoch: 008 | Test Loss: 0.0031897 | Time: 524ms
Epoch: 009 | Train Loss: 0.0033075 | Grad norm: 0.577978 | Time: 2s331ms
Epoch: 009 | Test Loss: 0.0042141 | Time: 594ms
Epoch: 010 | Train Loss: 0.0042132 | Grad norm: 0.656723 | Time: 2s283ms
Epoch: 010 | Test Loss: 0.0017727 | Time: 507ms
==> Save the model at epoch 010 with test loss 0.0017727
Epoch: 011 | Train Loss: 0.0024266 | Grad norm: 0.402193 | Time: 2s274ms
Epoch: 011 | Test Loss: 0.0020978 | Time: 534ms
Epoch: 012 | Train Loss: 0.0026632 | Grad norm: 0.432262 | Time: 2s327ms
Epoch: 012 | Test Loss: 0.0032243 | Time: 567ms
Epoch: 013 | Train Loss: 0.0025453 | Grad norm: 0.444950 | Time: 2s226ms
Epoch: 013 | Test Loss: 0.0017780 | Time: 510ms
Epoch: 014 | Train Loss: 0.0022146 | Grad norm: 0.348753 | Time: 2s408ms
Epoch: 014 | Test Loss: 0.0018180 | Time: 525ms
Epoch: 015 | Train Loss: 0.0023614 | Grad norm: 0.418604 | Time: 2s176ms
Epoch: 015 | Test Loss: 0.0017238 | Time: 514ms
==> Save the model at epoch 015 with test loss 0.0017238
Epoch: 016 | Train Loss: 0.0023015 | Grad norm: 0.405308 | Time: 2s293ms
Epoch: 016 | Test Loss: 0.0017084 | Time: 576ms
==> Save the model at epoch 016 with test loss 0.0017084
Epoch: 017 | Train Loss: 0.0022458 | Grad norm: 0.382306 | Time: 2s210ms
Epoch: 017 | Test Loss: 0.0020565 | Time: 512ms
Epoch: 018 | Train Loss: 0.0019567 | Grad norm: 0.338156 | Time: 2s314ms
Epoch: 018 | Test Loss: 0.0023716 | Time: 527ms
Epoch: 019 | Train Loss: 0.0021763 | Grad norm: 0.407948 | Time: 2s394ms
Epoch: 019 | Test Loss: 0.0020025 | Time: 511ms
Epoch: 020 | Train Loss: 0.0018912 | Grad norm: 0.327363 | Time: 2s225ms
Epoch: 020 | Test Loss: 0.0015890 | Time: 514ms
==> Save the model at epoch 020 with test loss 0.0015890
Epoch: 021 | Train Loss: 0.0020042 | Grad norm: 0.357978 | Time: 2s372ms
Epoch: 021 | Test Loss: 0.0013508 | Time: 552ms
==> Save the model at epoch 021 with test loss 0.0013508
Epoch: 022 | Train Loss: 0.0018313 | Grad norm: 0.303386 | Time: 2s381ms
Epoch: 022 | Test Loss: 0.0019423 | Time: 526ms
Epoch: 023 | Train Loss: 0.0016569 | Grad norm: 0.269060 | Time: 2s131ms
Epoch: 023 | Test Loss: 0.0013986 | Time: 579ms
Epoch: 024 | Train Loss: 0.0017125 | Grad norm: 0.280887 | Time: 2s147ms
Epoch: 024 | Test Loss: 0.0013910 | Time: 519ms
Epoch: 025 | Train Loss: 0.0015844 | Grad norm: 0.258416 | Time: 2s497ms
Epoch: 025 | Test Loss: 0.0015241 | Time: 584ms
Epoch: 026 | Train Loss: 0.0016895 | Grad norm: 0.290749 | Time: 2s362ms
Epoch: 026 | Test Loss: 0.0013934 | Time: 529ms
Epoch: 027 | Train Loss: 0.0015434 | Grad norm: 0.243873 | Time: 2s318ms
Epoch: 027 | Test Loss: 0.0014378 | Time: 649ms
Epoch: 028 | Train Loss: 0.0014513 | Grad norm: 0.221199 | Time: 2s108ms
Epoch: 028 | Test Loss: 0.0013356 | Time: 691ms
==> Save the model at epoch 028 with test loss 0.0013356
Epoch: 029 | Train Loss: 0.0014606 | Grad norm: 0.226629 | Time: 2s346ms
Epoch: 029 | Test Loss: 0.0014730 | Time: 538ms
Epoch: 030 | Train Loss: 0.0013748 | Grad norm: 0.190059 | Time: 2s391ms
Epoch: 030 | Test Loss: 0.0013773 | Time: 506ms
Epoch: 031 | Train Loss: 0.0013500 | Grad norm: 0.177241 | Time: 2s251ms
Epoch: 031 | Test Loss: 0.0016673 | Time: 528ms
Epoch: 032 | Train Loss: 0.0013453 | Grad norm: 0.193962 | Time: 2s315ms
Epoch: 032 | Test Loss: 0.0011705 | Time: 517ms
==> Save the model at epoch 032 with test loss 0.0011705
Epoch: 033 | Train Loss: 0.0012601 | Grad norm: 0.145319 | Time: 2s335ms
Epoch: 033 | Test Loss: 0.0012162 | Time: 513ms
Epoch: 034 | Train Loss: 0.0012669 | Grad norm: 0.146194 | Time: 2s310ms
Epoch: 034 | Test Loss: 0.0011571 | Time: 510ms
==> Save the model at epoch 034 with test loss 0.0011571
Epoch: 035 | Train Loss: 0.0012430 | Grad norm: 0.157370 | Time: 2s345ms
Epoch: 035 | Test Loss: 0.0011275 | Time: 589ms
==> Save the model at epoch 035 with test loss 0.0011275
Epoch: 036 | Train Loss: 0.0012191 | Grad norm: 0.113097 | Time: 2s208ms
Epoch: 036 | Test Loss: 0.0012706 | Time: 521ms
Epoch: 037 | Train Loss: 0.0011902 | Grad norm: 0.108360 | Time: 2s452ms
Epoch: 037 | Test Loss: 0.0011147 | Time: 512ms
==> Save the model at epoch 037 with test loss 0.0011147
Epoch: 038 | Train Loss: 0.0011747 | Grad norm: 0.093739 | Time: 2s372ms
Epoch: 038 | Test Loss: 0.0010946 | Time: 504ms
==> Save the model at epoch 038 with test loss 0.0010946
Epoch: 039 | Train Loss: 0.0011631 | Grad norm: 0.080492 | Time: 2s543ms
Epoch: 039 | Test Loss: 0.0010989 | Time: 522ms
Epoch: 040 | Train Loss: 0.0011570 | Grad norm: 0.073976 | Time: 2s404ms
Epoch: 040 | Test Loss: 0.0010919 | Time: 583ms
==> Save the model at epoch 040 with test loss 0.0010919
Total time: 1m54s
==> Saving trained model weights...
==> Input bias to be applied to the neural network (trained):
[0. 0.]
==> Input transform to be applied to the neural network (trained):
[0.5123476 0.5241365]
==> Output transform to be applied to the neural network (trained):
[1.908  1.9349]
==> Saving training info...
==> Drawing training loss...
==> Drawing grad norm...
==> Drawing testing loss...
==> Process finished.
