==> torch device:  cuda:2
==> Test-Train split: test_ratio = 0.20
==> Test-Train split seed:  None
==> Further split: further_train_ratio = 1.00
==> Further split seed:  None
==> Input bias to be applied to the neural network:
[0. 0. 0. 0.]
==> Input transform to be applied to the neural network:
[0.7072636  0.72212595 0.6760411  0.67349136]
==> Ouput transform to be applied to the neural network:
[0.2287 0.2871]
==> Evaluating model...
==========================================================================================
Layer (type:depth-idx)                   Output Shape              Param #
==========================================================================================
NeuralNetwork                            [1, 2]                    10
├─Sequential: 1-1                        [1, 2]                    --
│    └─Linear: 2-1                       [1, 64]                   320
│    └─ReLU: 2-2                         [1, 64]                   --
│    └─Linear: 2-3                       [1, 64]                   4,160
│    └─ReLU: 2-4                         [1, 64]                   --
│    └─Linear: 2-5                       [1, 64]                   4,160
│    └─ReLU: 2-6                         [1, 64]                   --
│    └─Linear: 2-7                       [1, 64]                   4,160
│    └─ReLU: 2-8                         [1, 64]                   --
│    └─Linear: 2-9                       [1, 64]                   4,160
│    └─ReLU: 2-10                        [1, 64]                   --
│    └─Linear: 2-11                      [1, 64]                   4,160
│    └─ReLU: 2-12                        [1, 64]                   --
│    └─Linear: 2-13                      [1, 64]                   4,160
│    └─ReLU: 2-14                        [1, 64]                   --
│    └─Linear: 2-15                      [1, 2]                    130
├─Sequential: 1-2                        [1, 2]                    (recursive)
│    └─Linear: 2-16                      [1, 64]                   (recursive)
│    └─ReLU: 2-17                        [1, 64]                   --
│    └─Linear: 2-18                      [1, 64]                   (recursive)
│    └─ReLU: 2-19                        [1, 64]                   --
│    └─Linear: 2-20                      [1, 64]                   (recursive)
│    └─ReLU: 2-21                        [1, 64]                   --
│    └─Linear: 2-22                      [1, 64]                   (recursive)
│    └─ReLU: 2-23                        [1, 64]                   --
│    └─Linear: 2-24                      [1, 64]                   (recursive)
│    └─ReLU: 2-25                        [1, 64]                   --
│    └─Linear: 2-26                      [1, 64]                   (recursive)
│    └─ReLU: 2-27                        [1, 64]                   --
│    └─Linear: 2-28                      [1, 64]                   (recursive)
│    └─ReLU: 2-29                        [1, 64]                   --
│    └─Linear: 2-30                      [1, 2]                    (recursive)
==========================================================================================
Total params: 25,420
Trainable params: 25,410
Non-trainable params: 10
Total mult-adds (Units.MEGABYTES): 0.05
==========================================================================================
Input size (MB): 0.00
Forward/backward pass size (MB): 0.01
Params size (MB): 0.10
Estimated Total Size (MB): 0.11
==========================================================================================
==> Saving initial model weights...
==> Start training...
==> Number of param_groups in optimizer: 1
Epoch: 001 | Train Loss: 0.1347344 | Grad norm: 0.002616 | Time: 4s552ms
Epoch: 001 | Test Loss: 0.1344060 | Time: 515ms
==> Save the model at epoch 001 with test loss 0.1344060
Epoch: 002 | Train Loss: 0.0170138 | Grad norm: 0.027844 | Time: 4s569ms
Epoch: 002 | Test Loss: 0.0098852 | Time: 545ms
==> Save the model at epoch 002 with test loss 0.0098852
Epoch: 003 | Train Loss: 0.0105733 | Grad norm: 0.023748 | Time: 4s456ms
Epoch: 003 | Test Loss: 0.0100433 | Time: 530ms
Epoch: 004 | Train Loss: 0.0105485 | Grad norm: 0.024528 | Time: 4s256ms
Epoch: 004 | Test Loss: 0.0100260 | Time: 516ms
Epoch: 005 | Train Loss: 0.0105507 | Grad norm: 0.027889 | Time: 4s340ms
Epoch: 005 | Test Loss: 0.0098237 | Time: 523ms
==> Save the model at epoch 005 with test loss 0.0098237
Epoch: 006 | Train Loss: 0.0105828 | Grad norm: 0.031349 | Time: 4s307ms
Epoch: 006 | Test Loss: 0.0098806 | Time: 585ms
Epoch: 007 | Train Loss: 0.0105464 | Grad norm: 0.031072 | Time: 4s226ms
Epoch: 007 | Test Loss: 0.0097550 | Time: 515ms
==> Save the model at epoch 007 with test loss 0.0097550
Epoch: 008 | Train Loss: 0.0104195 | Grad norm: 0.029112 | Time: 4s495ms
Epoch: 008 | Test Loss: 0.0096490 | Time: 515ms
==> Save the model at epoch 008 with test loss 0.0096490
Epoch: 009 | Train Loss: 0.0104254 | Grad norm: 0.029164 | Time: 4s320ms
Epoch: 009 | Test Loss: 0.0104791 | Time: 517ms
Epoch: 010 | Train Loss: 0.0103872 | Grad norm: 0.029798 | Time: 4s397ms
Epoch: 010 | Test Loss: 0.0098937 | Time: 516ms
Epoch: 011 | Train Loss: 0.0102851 | Grad norm: 0.027055 | Time: 4s380ms
Epoch: 011 | Test Loss: 0.0098915 | Time: 522ms
Epoch: 012 | Train Loss: 0.0102533 | Grad norm: 0.027487 | Time: 4s299ms
Epoch: 012 | Test Loss: 0.0100051 | Time: 522ms
Epoch: 013 | Train Loss: 0.0102292 | Grad norm: 0.027262 | Time: 4s328ms
Epoch: 013 | Test Loss: 0.0093703 | Time: 514ms
==> Save the model at epoch 013 with test loss 0.0093703
Epoch: 014 | Train Loss: 0.0101371 | Grad norm: 0.024963 | Time: 4s313ms
Epoch: 014 | Test Loss: 0.0095210 | Time: 593ms
Epoch: 015 | Train Loss: 0.0101611 | Grad norm: 0.026207 | Time: 4s363ms
Epoch: 015 | Test Loss: 0.0098178 | Time: 517ms
Epoch: 016 | Train Loss: 0.0100949 | Grad norm: 0.024594 | Time: 4s443ms
Epoch: 016 | Test Loss: 0.0097846 | Time: 555ms
Epoch: 017 | Train Loss: 0.0100820 | Grad norm: 0.024785 | Time: 4s308ms
Epoch: 017 | Test Loss: 0.0095385 | Time: 519ms
Epoch: 018 | Train Loss: 0.0100050 | Grad norm: 0.023459 | Time: 4s335ms
Epoch: 018 | Test Loss: 0.0097524 | Time: 526ms
Epoch: 019 | Train Loss: 0.0099979 | Grad norm: 0.023701 | Time: 4s303ms
Epoch: 019 | Test Loss: 0.0095366 | Time: 531ms
Epoch: 020 | Train Loss: 0.0099634 | Grad norm: 0.023947 | Time: 4s311ms
Epoch: 020 | Test Loss: 0.0095024 | Time: 527ms
Epoch: 021 | Train Loss: 0.0099485 | Grad norm: 0.024091 | Time: 4s396ms
Epoch: 021 | Test Loss: 0.0096421 | Time: 537ms
Epoch: 022 | Train Loss: 0.0099141 | Grad norm: 0.024072 | Time: 4s403ms
Epoch: 022 | Test Loss: 0.0093692 | Time: 612ms
==> Save the model at epoch 022 with test loss 0.0093692
Epoch: 023 | Train Loss: 0.0098774 | Grad norm: 0.023769 | Time: 4s314ms
Epoch: 023 | Test Loss: 0.0092907 | Time: 520ms
==> Save the model at epoch 023 with test loss 0.0092907
Epoch: 024 | Train Loss: 0.0098629 | Grad norm: 0.023261 | Time: 4s393ms
Epoch: 024 | Test Loss: 0.0094376 | Time: 524ms
Epoch: 025 | Train Loss: 0.0098351 | Grad norm: 0.023827 | Time: 4s494ms
Epoch: 025 | Test Loss: 0.0093908 | Time: 518ms
Epoch: 026 | Train Loss: 0.0097865 | Grad norm: 0.023130 | Time: 4s642ms
Epoch: 026 | Test Loss: 0.0091470 | Time: 525ms
==> Save the model at epoch 026 with test loss 0.0091470
Epoch: 027 | Train Loss: 0.0097264 | Grad norm: 0.022964 | Time: 4s571ms
Epoch: 027 | Test Loss: 0.0092234 | Time: 521ms
Epoch: 028 | Train Loss: 0.0097117 | Grad norm: 0.022913 | Time: 4s501ms
Epoch: 028 | Test Loss: 0.0091222 | Time: 571ms
==> Save the model at epoch 028 with test loss 0.0091222
Epoch: 029 | Train Loss: 0.0096966 | Grad norm: 0.023825 | Time: 4s550ms
Epoch: 029 | Test Loss: 0.0091268 | Time: 585ms
Epoch: 030 | Train Loss: 0.0096604 | Grad norm: 0.023797 | Time: 4s351ms
Epoch: 030 | Test Loss: 0.0091076 | Time: 520ms
==> Save the model at epoch 030 with test loss 0.0091076
Epoch: 031 | Train Loss: 0.0096178 | Grad norm: 0.022436 | Time: 4s308ms
Epoch: 031 | Test Loss: 0.0090241 | Time: 589ms
==> Save the model at epoch 031 with test loss 0.0090241
Epoch: 032 | Train Loss: 0.0095730 | Grad norm: 0.022459 | Time: 4s366ms
Epoch: 032 | Test Loss: 0.0090053 | Time: 516ms
==> Save the model at epoch 032 with test loss 0.0090053
Epoch: 033 | Train Loss: 0.0095487 | Grad norm: 0.022293 | Time: 4s302ms
Epoch: 033 | Test Loss: 0.0089966 | Time: 583ms
==> Save the model at epoch 033 with test loss 0.0089966
Epoch: 034 | Train Loss: 0.0095193 | Grad norm: 0.022327 | Time: 4s384ms
Epoch: 034 | Test Loss: 0.0089681 | Time: 531ms
==> Save the model at epoch 034 with test loss 0.0089681
Epoch: 035 | Train Loss: 0.0094933 | Grad norm: 0.022182 | Time: 4s425ms
Epoch: 035 | Test Loss: 0.0089574 | Time: 513ms
==> Save the model at epoch 035 with test loss 0.0089574
Epoch: 036 | Train Loss: 0.0094715 | Grad norm: 0.021503 | Time: 4s242ms
Epoch: 036 | Test Loss: 0.0089273 | Time: 540ms
==> Save the model at epoch 036 with test loss 0.0089273
Epoch: 037 | Train Loss: 0.0094474 | Grad norm: 0.021471 | Time: 4s448ms
Epoch: 037 | Test Loss: 0.0089175 | Time: 526ms
==> Save the model at epoch 037 with test loss 0.0089175
Epoch: 038 | Train Loss: 0.0094307 | Grad norm: 0.021113 | Time: 4s336ms
Epoch: 038 | Test Loss: 0.0088989 | Time: 530ms
==> Save the model at epoch 038 with test loss 0.0088989
Epoch: 039 | Train Loss: 0.0094173 | Grad norm: 0.020378 | Time: 4s460ms
Epoch: 039 | Test Loss: 0.0088938 | Time: 531ms
==> Save the model at epoch 039 with test loss 0.0088938
Epoch: 040 | Train Loss: 0.0094103 | Grad norm: 0.020611 | Time: 4s648ms
Epoch: 040 | Test Loss: 0.0088895 | Time: 513ms
==> Save the model at epoch 040 with test loss 0.0088895
Total time: 3m17s
==> Saving trained model weights...
==> Input bias to be applied to the neural network (trained):
[0. 0. 0. 0.]
==> Input transform to be applied to the neural network (trained):
[0.7072636  0.72212595 0.6760411  0.67349136]
==> Output transform to be applied to the neural network (trained):
[0.2287 0.2871]
==> Saving training info...
==> Drawing training loss...
==> Drawing grad norm...
==> Drawing testing loss...
==> Process finished.
