==> torch device:  cuda:0
==> Test-Train split: test_ratio = 0.20
==> Test-Train split seed:  None
==> Further split: further_train_ratio = 1.00
==> Further split seed:  None
==> Input bias to be applied to the neural network:
[0. 0.]
==> Input transform to be applied to the neural network:
[0.5090095 0.5090095]
==> Ouput transform to be applied to the neural network:
[3.9366 3.9363]
==> Evaluating model...
==========================================================================================
Layer (type:depth-idx)                   Output Shape              Param #
==========================================================================================
NeuralNetwork                            [1, 2]                    6
├─Sequential: 1-1                        [1, 2]                    --
│    └─Linear: 2-1                       [1, 64]                   192
│    └─ReLU: 2-2                         [1, 64]                   --
│    └─Linear: 2-3                       [1, 64]                   4,160
│    └─ReLU: 2-4                         [1, 64]                   --
│    └─Linear: 2-5                       [1, 64]                   4,160
│    └─ReLU: 2-6                         [1, 64]                   --
│    └─Linear: 2-7                       [1, 64]                   4,160
│    └─ReLU: 2-8                         [1, 64]                   --
│    └─Linear: 2-9                       [1, 64]                   4,160
│    └─ReLU: 2-10                        [1, 64]                   --
│    └─Linear: 2-11                      [1, 64]                   4,160
│    └─ReLU: 2-12                        [1, 64]                   --
│    └─Linear: 2-13                      [1, 64]                   4,160
│    └─ReLU: 2-14                        [1, 64]                   --
│    └─Linear: 2-15                      [1, 2]                    130
├─Sequential: 1-2                        [1, 2]                    (recursive)
│    └─Linear: 2-16                      [1, 64]                   (recursive)
│    └─ReLU: 2-17                        [1, 64]                   --
│    └─Linear: 2-18                      [1, 64]                   (recursive)
│    └─ReLU: 2-19                        [1, 64]                   --
│    └─Linear: 2-20                      [1, 64]                   (recursive)
│    └─ReLU: 2-21                        [1, 64]                   --
│    └─Linear: 2-22                      [1, 64]                   (recursive)
│    └─ReLU: 2-23                        [1, 64]                   --
│    └─Linear: 2-24                      [1, 64]                   (recursive)
│    └─ReLU: 2-25                        [1, 64]                   --
│    └─Linear: 2-26                      [1, 64]                   (recursive)
│    └─ReLU: 2-27                        [1, 64]                   --
│    └─Linear: 2-28                      [1, 64]                   (recursive)
│    └─ReLU: 2-29                        [1, 64]                   --
│    └─Linear: 2-30                      [1, 2]                    (recursive)
==========================================================================================
Total params: 25,288
Trainable params: 25,282
Non-trainable params: 6
Total mult-adds (Units.MEGABYTES): 0.05
==========================================================================================
Input size (MB): 0.00
Forward/backward pass size (MB): 0.01
Params size (MB): 0.10
Estimated Total Size (MB): 0.11
==========================================================================================
==> Saving initial model weights...
==> Start training...
==> Number of param_groups in optimizer: 1
Epoch: 001 | Train Loss: 30.9188835 | Grad norm: 1.031293 | Time: 4s612ms
Epoch: 001 | Test Loss: 31.2815891 | Time: 522ms
==> Save the model at epoch 001 with test loss 31.2815891
Epoch: 002 | Train Loss: 1.7479704 | Grad norm: 4.595510 | Time: 4s424ms
Epoch: 002 | Test Loss: 0.0152262 | Time: 457ms
==> Save the model at epoch 002 with test loss 0.0152262
Epoch: 003 | Train Loss: 0.0424866 | Grad norm: 3.203604 | Time: 4s293ms
Epoch: 003 | Test Loss: 0.0253932 | Time: 488ms
Epoch: 004 | Train Loss: 0.0545456 | Grad norm: 3.900265 | Time: 4s392ms
Epoch: 004 | Test Loss: 0.0328332 | Time: 531ms
Epoch: 005 | Train Loss: 0.0753252 | Grad norm: 4.892201 | Time: 4s667ms
Epoch: 005 | Test Loss: 0.1529029 | Time: 493ms
Epoch: 006 | Train Loss: 0.0912980 | Grad norm: 5.605220 | Time: 4s798ms
Epoch: 006 | Test Loss: 0.0684805 | Time: 610ms
Epoch: 007 | Train Loss: 0.1058254 | Grad norm: 6.222879 | Time: 5s19ms
Epoch: 007 | Test Loss: 0.1920701 | Time: 523ms
Epoch: 008 | Train Loss: 0.0942987 | Grad norm: 6.011831 | Time: 5s15ms
Epoch: 008 | Test Loss: 0.0445665 | Time: 483ms
Epoch: 009 | Train Loss: 0.0974516 | Grad norm: 6.251398 | Time: 4s582ms
Epoch: 009 | Test Loss: 0.0446868 | Time: 456ms
Epoch: 010 | Train Loss: 0.0904941 | Grad norm: 6.099643 | Time: 4s326ms
Epoch: 010 | Test Loss: 0.0368365 | Time: 494ms
Epoch: 011 | Train Loss: 0.0760511 | Grad norm: 5.407146 | Time: 4s660ms
Epoch: 011 | Test Loss: 0.0507032 | Time: 610ms
Epoch: 012 | Train Loss: 0.0611783 | Grad norm: 4.811112 | Time: 4s946ms
Epoch: 012 | Test Loss: 0.0413843 | Time: 486ms
Epoch: 013 | Train Loss: 0.0512970 | Grad norm: 4.489955 | Time: 4s952ms
Epoch: 013 | Test Loss: 0.0382883 | Time: 469ms
Epoch: 014 | Train Loss: 0.0639470 | Grad norm: 4.720689 | Time: 4s513ms
Epoch: 014 | Test Loss: 0.0608514 | Time: 540ms
Epoch: 015 | Train Loss: 0.0504462 | Grad norm: 4.434195 | Time: 4s571ms
Epoch: 015 | Test Loss: 0.0268210 | Time: 521ms
Epoch: 016 | Train Loss: 0.0420931 | Grad norm: 3.854423 | Time: 4s742ms
Epoch: 016 | Test Loss: 0.0407605 | Time: 496ms
Epoch: 017 | Train Loss: 0.0330507 | Grad norm: 3.364930 | Time: 4s585ms
Epoch: 017 | Test Loss: 0.0193437 | Time: 480ms
Epoch: 018 | Train Loss: 0.0332543 | Grad norm: 3.309612 | Time: 4s655ms
Epoch: 018 | Test Loss: 0.0211796 | Time: 462ms
Epoch: 019 | Train Loss: 0.0240953 | Grad norm: 2.721538 | Time: 4s636ms
Epoch: 019 | Test Loss: 0.0153731 | Time: 463ms
Epoch: 020 | Train Loss: 0.0217076 | Grad norm: 2.502977 | Time: 4s207ms
Epoch: 020 | Test Loss: 0.0116745 | Time: 465ms
==> Save the model at epoch 020 with test loss 0.0116745
Epoch: 021 | Train Loss: 0.0204393 | Grad norm: 2.371165 | Time: 4s467ms
Epoch: 021 | Test Loss: 0.0159842 | Time: 466ms
Epoch: 022 | Train Loss: 0.0236304 | Grad norm: 2.550669 | Time: 4s841ms
Epoch: 022 | Test Loss: 0.0159770 | Time: 615ms
Epoch: 023 | Train Loss: 0.0189615 | Grad norm: 2.218236 | Time: 4s862ms
Epoch: 023 | Test Loss: 0.0283334 | Time: 603ms
Epoch: 024 | Train Loss: 0.0142116 | Grad norm: 1.681751 | Time: 5s50ms
Epoch: 024 | Test Loss: 0.0156565 | Time: 477ms
Epoch: 025 | Train Loss: 0.0115055 | Grad norm: 1.359853 | Time: 5s14ms
Epoch: 025 | Test Loss: 0.0120267 | Time: 462ms
Epoch: 026 | Train Loss: 0.0122732 | Grad norm: 1.419069 | Time: 4s473ms
Epoch: 026 | Test Loss: 0.0106039 | Time: 522ms
==> Save the model at epoch 026 with test loss 0.0106039
Epoch: 027 | Train Loss: 0.0102166 | Grad norm: 1.091406 | Time: 4s908ms
Epoch: 027 | Test Loss: 0.0085688 | Time: 479ms
==> Save the model at epoch 027 with test loss 0.0085688
Epoch: 028 | Train Loss: 0.0097779 | Grad norm: 1.021024 | Time: 4s658ms
Epoch: 028 | Test Loss: 0.0100900 | Time: 492ms
Epoch: 029 | Train Loss: 0.0094868 | Grad norm: 0.937393 | Time: 4s643ms
Epoch: 029 | Test Loss: 0.0085442 | Time: 497ms
==> Save the model at epoch 029 with test loss 0.0085442
Epoch: 030 | Train Loss: 0.0090880 | Grad norm: 0.848691 | Time: 4s657ms
Epoch: 030 | Test Loss: 0.0090006 | Time: 494ms
Epoch: 031 | Train Loss: 0.0085682 | Grad norm: 0.676864 | Time: 4s624ms
Epoch: 031 | Test Loss: 0.0085878 | Time: 476ms
Epoch: 032 | Train Loss: 0.0084898 | Grad norm: 0.647906 | Time: 4s447ms
Epoch: 032 | Test Loss: 0.0088652 | Time: 469ms
Epoch: 033 | Train Loss: 0.0083801 | Grad norm: 0.620920 | Time: 4s606ms
Epoch: 033 | Test Loss: 0.0093124 | Time: 569ms
Epoch: 034 | Train Loss: 0.0082302 | Grad norm: 0.552163 | Time: 4s586ms
Epoch: 034 | Test Loss: 0.0076454 | Time: 470ms
==> Save the model at epoch 034 with test loss 0.0076454
Epoch: 035 | Train Loss: 0.0080142 | Grad norm: 0.490490 | Time: 4s567ms
Epoch: 035 | Test Loss: 0.0086366 | Time: 491ms
Epoch: 036 | Train Loss: 0.0079605 | Grad norm: 0.438313 | Time: 4s807ms
Epoch: 036 | Test Loss: 0.0078747 | Time: 461ms
Epoch: 037 | Train Loss: 0.0078558 | Grad norm: 0.363363 | Time: 4s530ms
Epoch: 037 | Test Loss: 0.0079324 | Time: 465ms
Epoch: 038 | Train Loss: 0.0078130 | Grad norm: 0.323167 | Time: 4s382ms
Epoch: 038 | Test Loss: 0.0077966 | Time: 464ms
Epoch: 039 | Train Loss: 0.0077547 | Grad norm: 0.295992 | Time: 4s490ms
Epoch: 039 | Test Loss: 0.0078129 | Time: 460ms
Epoch: 040 | Train Loss: 0.0077033 | Grad norm: 0.248049 | Time: 4s339ms
Epoch: 040 | Test Loss: 0.0077558 | Time: 457ms
Total time: 3m25s
==> Saving trained model weights...
==> Input bias to be applied to the neural network (trained):
[0. 0.]
==> Input transform to be applied to the neural network (trained):
[0.5090095 0.5090095]
==> Output transform to be applied to the neural network (trained):
[3.9366 3.9363]
==> Saving training info...
==> Drawing training loss...
==> Drawing grad norm...
==> Drawing testing loss...
==> Process finished.
