==> torch device:  cuda:0
==> Input bias to be applied to the neural network:
[0. 0.]
==> Input transform to be applied to the neural network:
[1. 1.]
==> Ouput transform to be applied to the neural network:
[1. 1.]
==> Evaluating model...
==========================================================================================
Layer (type:depth-idx)                   Output Shape              Param #
==========================================================================================
NeuralNetwork                            [1, 2]                    6
├─Sequential: 1-1                        [1, 2]                    --
│    └─Linear: 2-1                       [1, 64]                   192
│    └─LeakyReLU: 2-2                    [1, 64]                   --
│    └─Linear: 2-3                       [1, 64]                   4,160
│    └─LeakyReLU: 2-4                    [1, 64]                   --
│    └─Linear: 2-5                       [1, 64]                   4,160
│    └─LeakyReLU: 2-6                    [1, 64]                   --
│    └─Linear: 2-7                       [1, 64]                   4,160
│    └─LeakyReLU: 2-8                    [1, 64]                   --
│    └─Linear: 2-9                       [1, 64]                   4,160
│    └─LeakyReLU: 2-10                   [1, 64]                   --
│    └─Linear: 2-11                      [1, 64]                   4,160
│    └─LeakyReLU: 2-12                   [1, 64]                   --
│    └─Linear: 2-13                      [1, 64]                   4,160
│    └─LeakyReLU: 2-14                   [1, 64]                   --
│    └─Linear: 2-15                      [1, 2]                    130
==========================================================================================
Total params: 25,288
Trainable params: 25,282
Non-trainable params: 6
Total mult-adds (M): 0.03
==========================================================================================
Input size (MB): 0.00
Forward/backward pass size (MB): 0.00
Params size (MB): 0.10
Estimated Total Size (MB): 0.10
==========================================================================================
==> Saving initial model weights...
==> Test-Train split: test_ratio = 0.20
==> Further split: further_train_ratio = 0.25
==> Start training...
Epoch: 001 | Loss: 10.2300526 | L2 loss: 10.2300525 | Lip loss: 0.0000000 | Grad norm: 22.650917 | Time: 11s841ms
Epoch: 001 | Test Loss: 0.1293678 | Time: 551ms
==> Save the model at epoch 001 with test loss 0.1293678
Epoch: 002 | Loss: 0.1000948 | L2 loss: 0.1000948 | Lip loss: 0.0000000 | Grad norm: 18.763955 | Time: 12s82ms
Epoch: 002 | Test Loss: 0.0765585 | Time: 552ms
==> Save the model at epoch 002 with test loss 0.0765585
Epoch: 003 | Loss: 0.1027195 | L2 loss: 0.1027194 | Lip loss: 0.0000000 | Grad norm: 15.279592 | Time: 13s714ms
Epoch: 003 | Test Loss: 0.0250828 | Time: 549ms
==> Save the model at epoch 003 with test loss 0.0250828
Epoch: 004 | Loss: 0.0282772 | L2 loss: 0.0282772 | Lip loss: 0.0000000 | Grad norm: 6.859970 | Time: 12s314ms
Epoch: 004 | Test Loss: 0.0261467 | Time: 616ms
Epoch: 005 | Loss: 0.0313201 | L2 loss: 0.0313201 | Lip loss: 0.0000000 | Grad norm: 6.187787 | Time: 13s26ms
Epoch: 005 | Test Loss: 0.0184774 | Time: 550ms
==> Save the model at epoch 005 with test loss 0.0184774
Epoch: 006 | Loss: 0.0091320 | L2 loss: 0.0091319 | Lip loss: 0.0000000 | Grad norm: 0.918337 | Time: 12s87ms
Epoch: 006 | Test Loss: 0.0084145 | Time: 547ms
==> Save the model at epoch 006 with test loss 0.0084145
Epoch: 007 | Loss: 0.0082454 | L2 loss: 0.0082454 | Lip loss: 0.0000000 | Grad norm: 0.714641 | Time: 11s405ms
Epoch: 007 | Test Loss: 0.0083307 | Time: 549ms
==> Save the model at epoch 007 with test loss 0.0083307
Epoch: 008 | Loss: 0.0081973 | L2 loss: 0.0081973 | Lip loss: 0.0000000 | Grad norm: 0.827900 | Time: 11s198ms
Epoch: 008 | Test Loss: 0.0083729 | Time: 603ms
Epoch: 009 | Loss: 0.0082047 | L2 loss: 0.0082047 | Lip loss: 0.0000000 | Grad norm: 0.908995 | Time: 11s206ms
Epoch: 009 | Test Loss: 0.0102942 | Time: 540ms
Epoch: 010 | Loss: 0.0081004 | L2 loss: 0.0081003 | Lip loss: 0.0000000 | Grad norm: 0.836855 | Time: 11s225ms
Epoch: 010 | Test Loss: 0.0081878 | Time: 542ms
==> Save the model at epoch 010 with test loss 0.0081878
Epoch: 011 | Loss: 0.0076782 | L2 loss: 0.0076782 | Lip loss: 0.0000000 | Grad norm: 0.436546 | Time: 11s283ms
Epoch: 011 | Test Loss: 0.0078744 | Time: 542ms
==> Save the model at epoch 011 with test loss 0.0078744
Epoch: 012 | Loss: 0.0076210 | L2 loss: 0.0076210 | Lip loss: 0.0000000 | Grad norm: 0.367435 | Time: 11s211ms
Epoch: 012 | Test Loss: 0.0079438 | Time: 538ms
Epoch: 013 | Loss: 0.0075941 | L2 loss: 0.0075941 | Lip loss: 0.0000000 | Grad norm: 0.345166 | Time: 11s194ms
Epoch: 013 | Test Loss: 0.0078751 | Time: 544ms
Epoch: 014 | Loss: 0.0076202 | L2 loss: 0.0076202 | Lip loss: 0.0000000 | Grad norm: 0.399570 | Time: 11s267ms
Epoch: 014 | Test Loss: 0.0078520 | Time: 539ms
==> Save the model at epoch 014 with test loss 0.0078520
Epoch: 015 | Loss: 0.0075931 | L2 loss: 0.0075931 | Lip loss: 0.0000000 | Grad norm: 0.376824 | Time: 11s186ms
Epoch: 015 | Test Loss: 0.0078407 | Time: 545ms
==> Save the model at epoch 015 with test loss 0.0078407
Epoch: 016 | Loss: 0.0075568 | L2 loss: 0.0075567 | Lip loss: 0.0000000 | Grad norm: 0.351195 | Time: 11s183ms
Epoch: 016 | Test Loss: 0.0078263 | Time: 603ms
==> Save the model at epoch 016 with test loss 0.0078263
Epoch: 017 | Loss: 0.0075550 | L2 loss: 0.0075550 | Lip loss: 0.0000000 | Grad norm: 0.304758 | Time: 11s223ms
Epoch: 017 | Test Loss: 0.0078224 | Time: 541ms
==> Save the model at epoch 017 with test loss 0.0078224
Epoch: 018 | Loss: 0.0075547 | L2 loss: 0.0075547 | Lip loss: 0.0000000 | Grad norm: 0.329528 | Time: 11s211ms
Epoch: 018 | Test Loss: 0.0078228 | Time: 545ms
Epoch: 019 | Loss: 0.0075608 | L2 loss: 0.0075608 | Lip loss: 0.0000000 | Grad norm: 0.360511 | Time: 11s204ms
Epoch: 019 | Test Loss: 0.0078223 | Time: 596ms
==> Save the model at epoch 019 with test loss 0.0078223
Epoch: 020 | Loss: 0.0075569 | L2 loss: 0.0075569 | Lip loss: 0.0000000 | Grad norm: 0.321027 | Time: 11s192ms
Epoch: 020 | Test Loss: 0.0078214 | Time: 543ms
==> Save the model at epoch 020 with test loss 0.0078214
Epoch: 021 | Loss: 0.0075537 | L2 loss: 0.0075537 | Lip loss: 0.0000000 | Grad norm: 0.325007 | Time: 11s196ms
Epoch: 021 | Test Loss: 0.0078201 | Time: 541ms
==> Save the model at epoch 021 with test loss 0.0078201
Epoch: 022 | Loss: 0.0075455 | L2 loss: 0.0075454 | Lip loss: 0.0000000 | Grad norm: 0.309777 | Time: 11s242ms
Epoch: 022 | Test Loss: 0.0078196 | Time: 542ms
==> Save the model at epoch 022 with test loss 0.0078196
Epoch: 023 | Loss: 0.0075497 | L2 loss: 0.0075497 | Lip loss: 0.0000000 | Grad norm: 0.333311 | Time: 11s191ms
Epoch: 023 | Test Loss: 0.0078193 | Time: 543ms
==> Save the model at epoch 023 with test loss 0.0078193
Epoch: 024 | Loss: 0.0075478 | L2 loss: 0.0075478 | Lip loss: 0.0000000 | Grad norm: 0.313836 | Time: 11s190ms
Epoch: 024 | Test Loss: 0.0078194 | Time: 537ms
Epoch: 025 | Loss: 0.0075479 | L2 loss: 0.0075479 | Lip loss: 0.0000000 | Grad norm: 0.319288 | Time: 11s266ms
Epoch: 025 | Test Loss: 0.0078191 | Time: 544ms
==> Save the model at epoch 025 with test loss 0.0078191
Epoch: 026 | Loss: 0.0075488 | L2 loss: 0.0075488 | Lip loss: 0.0000000 | Grad norm: 0.321498 | Time: 11s207ms
Epoch: 026 | Test Loss: 0.0078190 | Time: 540ms
==> Save the model at epoch 026 with test loss 0.0078190
Epoch: 027 | Loss: 0.0075464 | L2 loss: 0.0075464 | Lip loss: 0.0000000 | Grad norm: 0.328703 | Time: 11s205ms
Epoch: 027 | Test Loss: 0.0078190 | Time: 541ms
==> Save the model at epoch 027 with test loss 0.0078190
Epoch: 028 | Loss: 0.0075470 | L2 loss: 0.0075470 | Lip loss: 0.0000000 | Grad norm: 0.288804 | Time: 11s271ms
Epoch: 028 | Test Loss: 0.0078191 | Time: 541ms
Epoch: 029 | Loss: 0.0075487 | L2 loss: 0.0075487 | Lip loss: 0.0000000 | Grad norm: 0.317160 | Time: 11s212ms
Epoch: 029 | Test Loss: 0.0078190 | Time: 539ms
Epoch: 030 | Loss: 0.0075606 | L2 loss: 0.0075606 | Lip loss: 0.0000000 | Grad norm: 0.326105 | Time: 11s213ms
Epoch: 030 | Test Loss: 0.0078190 | Time: 604ms
==> Save the model at epoch 030 with test loss 0.0078190
Epoch: 031 | Loss: 0.0075582 | L2 loss: 0.0075582 | Lip loss: 0.0000000 | Grad norm: 0.326018 | Time: 11s230ms
Epoch: 031 | Test Loss: 0.0078190 | Time: 541ms
Epoch: 032 | Loss: 0.0075448 | L2 loss: 0.0075448 | Lip loss: 0.0000000 | Grad norm: 0.307516 | Time: 11s224ms
Epoch: 032 | Test Loss: 0.0078190 | Time: 542ms
==> Save the model at epoch 032 with test loss 0.0078190
Epoch: 033 | Loss: 0.0075492 | L2 loss: 0.0075492 | Lip loss: 0.0000000 | Grad norm: 0.308193 | Time: 11s275ms
Epoch: 033 | Test Loss: 0.0078190 | Time: 542ms
Epoch: 034 | Loss: 0.0075506 | L2 loss: 0.0075506 | Lip loss: 0.0000000 | Grad norm: 0.331546 | Time: 11s209ms
Epoch: 034 | Test Loss: 0.0078190 | Time: 537ms
Epoch: 035 | Loss: 0.0075470 | L2 loss: 0.0075469 | Lip loss: 0.0000000 | Grad norm: 0.302200 | Time: 11s201ms
Epoch: 035 | Test Loss: 0.0078190 | Time: 603ms
Epoch: 036 | Loss: 0.0075536 | L2 loss: 0.0075536 | Lip loss: 0.0000000 | Grad norm: 0.308965 | Time: 11s204ms
Epoch: 036 | Test Loss: 0.0078190 | Time: 541ms
Epoch: 037 | Loss: 0.0075557 | L2 loss: 0.0075557 | Lip loss: 0.0000000 | Grad norm: 0.335025 | Time: 11s222ms
Epoch: 037 | Test Loss: 0.0078190 | Time: 541ms
Epoch: 038 | Loss: 0.0075471 | L2 loss: 0.0075471 | Lip loss: 0.0000000 | Grad norm: 0.300981 | Time: 11s272ms
Epoch: 038 | Test Loss: 0.0078190 | Time: 542ms
Epoch: 039 | Loss: 0.0075492 | L2 loss: 0.0075492 | Lip loss: 0.0000000 | Grad norm: 0.313278 | Time: 11s201ms
Epoch: 039 | Test Loss: 0.0078190 | Time: 537ms
Epoch: 040 | Loss: 0.0075474 | L2 loss: 0.0075474 | Lip loss: 0.0000000 | Grad norm: 0.325066 | Time: 11s197ms
Epoch: 040 | Test Loss: 0.0078190 | Time: 544ms
Total time: 7m58s
==> Saving trained model weights...
==> Input bias to be applied to the neural network (trained):
[0. 0.]
==> Input transform to be applied to the neural network (trained):
[1. 1.]
==> Output transform to be applied to the neural network (trained):
[1. 1.]
==> Saving training info...
==> Drawing training loss...
==> Drawing grad norm...
==> Drawing testing loss...
==> Drawing l2 loss...
==> Drawing lip loss...
==> Process finished.
