==> torch device:  cuda:3
==> Test-Train split: test_ratio = 0.20
==> Test-Train split seed:  None
==> Further split: further_train_ratio = 0.50
==> Further split seed:  None
==> Lipschitz constant: 1.00
==> Input bias to be applied to the neural network:
[0. 0.]
==> Input transform to be applied to the neural network:
[0.5576312  0.56041247]
==> Ouput transform to be applied to the neural network:
[1.7847 1.7916]
==> Evaluating model...
==========================================================================================
Layer (type:depth-idx)                   Output Shape              Param #
==========================================================================================
NeuralNetwork                            [1, 2]                    6
├─Sequential: 1-1                        [1, 2]                    --
│    └─SandwichFc: 2-1                   [1, 64]                   4,353
│    └─SandwichFc: 2-2                   [1, 64]                   8,321
│    └─SandwichFc: 2-3                   [1, 64]                   8,321
│    └─SandwichFc: 2-4                   [1, 64]                   8,321
│    └─SandwichFc: 2-5                   [1, 64]                   8,321
│    └─SandwichFc: 2-6                   [1, 64]                   8,321
│    └─SandwichFc: 2-7                   [1, 64]                   8,321
│    └─SandwichLin: 2-8                  [1, 2]                    135
├─Sequential: 1-2                        [1, 2]                    (recursive)
│    └─SandwichFc: 2-9                   [1, 64]                   (recursive)
│    └─SandwichFc: 2-10                  [1, 64]                   (recursive)
│    └─SandwichFc: 2-11                  [1, 64]                   (recursive)
│    └─SandwichFc: 2-12                  [1, 64]                   (recursive)
│    └─SandwichFc: 2-13                  [1, 64]                   (recursive)
│    └─SandwichFc: 2-14                  [1, 64]                   (recursive)
│    └─SandwichFc: 2-15                  [1, 64]                   (recursive)
│    └─SandwichLin: 2-16                 [1, 2]                    (recursive)
==========================================================================================
Total params: 54,420
Trainable params: 54,414
Non-trainable params: 6
Total mult-adds (Units.MEGABYTES): 0.11
==========================================================================================
Input size (MB): 0.00
Forward/backward pass size (MB): 0.01
Params size (MB): 0.22
Estimated Total Size (MB): 0.22
==========================================================================================
==> Saving initial model weights...
==> Start training...
==> Number of param_groups in optimizer: 1
Epoch: 001 | Train Loss: 6.4259453 | Grad norm: 1.947499 | Time: 14s719ms
Epoch: 001 | Test Loss: 6.3799255 | Time: 1s35ms
==> Save the model at epoch 001 with test loss 6.3799255
Epoch: 002 | Train Loss: 1.5010792 | Grad norm: 2.588953 | Time: 14s451ms
Epoch: 002 | Test Loss: 0.6295111 | Time: 1s33ms
==> Save the model at epoch 002 with test loss 0.6295111
Epoch: 003 | Train Loss: 0.3454228 | Grad norm: 1.248243 | Time: 14s687ms
Epoch: 003 | Test Loss: 0.1581063 | Time: 1s76ms
==> Save the model at epoch 003 with test loss 0.1581063
Epoch: 004 | Train Loss: 0.0957988 | Grad norm: 1.464501 | Time: 14s922ms
Epoch: 004 | Test Loss: 0.0554747 | Time: 1s86ms
==> Save the model at epoch 004 with test loss 0.0554747
Epoch: 005 | Train Loss: 0.0435279 | Grad norm: 1.706045 | Time: 15s165ms
Epoch: 005 | Test Loss: 0.0327096 | Time: 1s6ms
==> Save the model at epoch 005 with test loss 0.0327096
Epoch: 006 | Train Loss: 0.0302885 | Grad norm: 1.866734 | Time: 14s919ms
Epoch: 006 | Test Loss: 0.0271334 | Time: 1s94ms
==> Save the model at epoch 006 with test loss 0.0271334
Epoch: 007 | Train Loss: 0.0263865 | Grad norm: 1.984591 | Time: 14s213ms
Epoch: 007 | Test Loss: 0.0236541 | Time: 1s28ms
==> Save the model at epoch 007 with test loss 0.0236541
Epoch: 008 | Train Loss: 0.0246398 | Grad norm: 2.030955 | Time: 14s479ms
Epoch: 008 | Test Loss: 0.0230412 | Time: 994ms
==> Save the model at epoch 008 with test loss 0.0230412
Epoch: 009 | Train Loss: 0.0236214 | Grad norm: 2.051251 | Time: 14s505ms
Epoch: 009 | Test Loss: 0.0212823 | Time: 1s115ms
==> Save the model at epoch 009 with test loss 0.0212823
Epoch: 010 | Train Loss: 0.0216456 | Grad norm: 1.831015 | Time: 14s868ms
Epoch: 010 | Test Loss: 0.0238303 | Time: 1s30ms
Epoch: 011 | Train Loss: 0.0202806 | Grad norm: 1.658254 | Time: 14s212ms
Epoch: 011 | Test Loss: 0.0201691 | Time: 937ms
==> Save the model at epoch 011 with test loss 0.0201691
Epoch: 012 | Train Loss: 0.0187495 | Grad norm: 1.376931 | Time: 14s319ms
Epoch: 012 | Test Loss: 0.0153676 | Time: 1s57ms
==> Save the model at epoch 012 with test loss 0.0153676
Epoch: 013 | Train Loss: 0.0190954 | Grad norm: 1.197224 | Time: 14s712ms
Epoch: 013 | Test Loss: 0.0244157 | Time: 1s28ms
Epoch: 014 | Train Loss: 0.0171452 | Grad norm: 0.890947 | Time: 14s62ms
Epoch: 014 | Test Loss: 0.0152468 | Time: 1s69ms
==> Save the model at epoch 014 with test loss 0.0152468
Epoch: 015 | Train Loss: 0.0176812 | Grad norm: 1.013334 | Time: 13s874ms
Epoch: 015 | Test Loss: 0.0152672 | Time: 1s7ms
Epoch: 016 | Train Loss: 0.0164252 | Grad norm: 0.820826 | Time: 14s130ms
Epoch: 016 | Test Loss: 0.0149565 | Time: 1s9ms
==> Save the model at epoch 016 with test loss 0.0149565
Epoch: 017 | Train Loss: 0.0160079 | Grad norm: 0.679591 | Time: 14s446ms
Epoch: 017 | Test Loss: 0.0151691 | Time: 1s56ms
Epoch: 018 | Train Loss: 0.0161485 | Grad norm: 0.743180 | Time: 14s224ms
Epoch: 018 | Test Loss: 0.0153867 | Time: 998ms
Epoch: 019 | Train Loss: 0.0168058 | Grad norm: 0.830720 | Time: 14s989ms
Epoch: 019 | Test Loss: 0.0199400 | Time: 972ms
Epoch: 020 | Train Loss: 0.0166485 | Grad norm: 0.774504 | Time: 14s270ms
Epoch: 020 | Test Loss: 0.0158761 | Time: 1s77ms
Epoch: 021 | Train Loss: 0.0153456 | Grad norm: 0.540503 | Time: 14s612ms
Epoch: 021 | Test Loss: 0.0152896 | Time: 970ms
Epoch: 022 | Train Loss: 0.0153842 | Grad norm: 0.531461 | Time: 15s523ms
Epoch: 022 | Test Loss: 0.0144576 | Time: 962ms
==> Save the model at epoch 022 with test loss 0.0144576
Epoch: 023 | Train Loss: 0.0152842 | Grad norm: 0.480312 | Time: 14s742ms
Epoch: 023 | Test Loss: 0.0148262 | Time: 1s43ms
Epoch: 024 | Train Loss: 0.0148885 | Grad norm: 0.327948 | Time: 14s642ms
Epoch: 024 | Test Loss: 0.0144768 | Time: 979ms
Epoch: 025 | Train Loss: 0.0152587 | Grad norm: 0.474411 | Time: 15s635ms
Epoch: 025 | Test Loss: 0.0147420 | Time: 972ms
Epoch: 026 | Train Loss: 0.0149804 | Grad norm: 0.337467 | Time: 14s587ms
Epoch: 026 | Test Loss: 0.0143370 | Time: 985ms
==> Save the model at epoch 026 with test loss 0.0143370
Epoch: 027 | Train Loss: 0.0150768 | Grad norm: 0.401001 | Time: 14s422ms
Epoch: 027 | Test Loss: 0.0142181 | Time: 1s20ms
==> Save the model at epoch 027 with test loss 0.0142181
Epoch: 028 | Train Loss: 0.0149348 | Grad norm: 0.349155 | Time: 14s904ms
Epoch: 028 | Test Loss: 0.0147817 | Time: 1s30ms
Epoch: 029 | Train Loss: 0.0147793 | Grad norm: 0.282767 | Time: 14s314ms
Epoch: 029 | Test Loss: 0.0152233 | Time: 923ms
Epoch: 030 | Train Loss: 0.0147150 | Grad norm: 0.236703 | Time: 14s138ms
Epoch: 030 | Test Loss: 0.0144446 | Time: 919ms
Epoch: 031 | Train Loss: 0.0149489 | Grad norm: 0.359620 | Time: 14s364ms
Epoch: 031 | Test Loss: 0.0142400 | Time: 1s103ms
Epoch: 032 | Train Loss: 0.0147452 | Grad norm: 0.272575 | Time: 14s28ms
Epoch: 032 | Test Loss: 0.0144247 | Time: 916ms
Epoch: 033 | Train Loss: 0.0146424 | Grad norm: 0.204504 | Time: 13s788ms
Epoch: 033 | Test Loss: 0.0142325 | Time: 924ms
Epoch: 034 | Train Loss: 0.0146220 | Grad norm: 0.193935 | Time: 13s907ms
Epoch: 034 | Test Loss: 0.0142153 | Time: 911ms
==> Save the model at epoch 034 with test loss 0.0142153
Epoch: 035 | Train Loss: 0.0146185 | Grad norm: 0.205906 | Time: 13s731ms
Epoch: 035 | Test Loss: 0.0142247 | Time: 931ms
Epoch: 036 | Train Loss: 0.0145928 | Grad norm: 0.179653 | Time: 13s800ms
Epoch: 036 | Test Loss: 0.0141989 | Time: 915ms
==> Save the model at epoch 036 with test loss 0.0141989
Epoch: 037 | Train Loss: 0.0145667 | Grad norm: 0.162733 | Time: 14s119ms
Epoch: 037 | Test Loss: 0.0142183 | Time: 934ms
Epoch: 038 | Train Loss: 0.0145595 | Grad norm: 0.155992 | Time: 14s225ms
Epoch: 038 | Test Loss: 0.0142425 | Time: 917ms
Epoch: 039 | Train Loss: 0.0145390 | Grad norm: 0.132668 | Time: 14s154ms
Epoch: 039 | Test Loss: 0.0141932 | Time: 996ms
==> Save the model at epoch 039 with test loss 0.0141932
Epoch: 040 | Train Loss: 0.0145152 | Grad norm: 0.115870 | Time: 14s43ms
Epoch: 040 | Test Loss: 0.0141912 | Time: 985ms
==> Save the model at epoch 040 with test loss 0.0141912
Total time: 10m17s
==> Saving trained model weights...
==> Input bias to be applied to the neural network (trained):
[0. 0.]
==> Input transform to be applied to the neural network (trained):
[0.5576312  0.56041247]
==> Output transform to be applied to the neural network (trained):
[1.7847 1.7916]
==> Saving training info...
==> Drawing training loss...
==> Drawing grad norm...
==> Drawing testing loss...
==> Process finished.
