==> torch device:  cuda:3
==> Test-Train split: test_ratio = 0.20
==> Test-Train split seed:  None
==> Further split: further_train_ratio = 0.50
==> Further split seed:  None
==> Lipschitz constant: 1.00
==> Input bias to be applied to the neural network:
[0. 0.]
==> Input transform to be applied to the neural network:
[0.70982397 0.70987433]
==> Ouput transform to be applied to the neural network:
[2.8319 2.8318]
==> Evaluating model...
==========================================================================================
Layer (type:depth-idx)                   Output Shape              Param #
==========================================================================================
NeuralNetwork                            [1, 2]                    6
├─Sequential: 1-1                        [1, 2]                    --
│    └─SandwichFc: 2-1                   [1, 64]                   4,353
│    └─SandwichFc: 2-2                   [1, 64]                   8,321
│    └─SandwichFc: 2-3                   [1, 64]                   8,321
│    └─SandwichFc: 2-4                   [1, 64]                   8,321
│    └─SandwichFc: 2-5                   [1, 64]                   8,321
│    └─SandwichFc: 2-6                   [1, 64]                   8,321
│    └─SandwichFc: 2-7                   [1, 64]                   8,321
│    └─SandwichLin: 2-8                  [1, 2]                    135
├─Sequential: 1-2                        [1, 2]                    (recursive)
│    └─SandwichFc: 2-9                   [1, 64]                   (recursive)
│    └─SandwichFc: 2-10                  [1, 64]                   (recursive)
│    └─SandwichFc: 2-11                  [1, 64]                   (recursive)
│    └─SandwichFc: 2-12                  [1, 64]                   (recursive)
│    └─SandwichFc: 2-13                  [1, 64]                   (recursive)
│    └─SandwichFc: 2-14                  [1, 64]                   (recursive)
│    └─SandwichFc: 2-15                  [1, 64]                   (recursive)
│    └─SandwichLin: 2-16                 [1, 2]                    (recursive)
==========================================================================================
Total params: 54,420
Trainable params: 54,414
Non-trainable params: 6
Total mult-adds (Units.MEGABYTES): 0.11
==========================================================================================
Input size (MB): 0.00
Forward/backward pass size (MB): 0.01
Params size (MB): 0.22
Estimated Total Size (MB): 0.22
==========================================================================================
==> Saving initial model weights...
==> Start training...
==> Number of param_groups in optimizer: 1
Epoch: 001 | Train Loss: 16.2264266 | Grad norm: 2.945976 | Time: 8s535ms
Epoch: 001 | Test Loss: 15.8350764 | Time: 557ms
==> Save the model at epoch 001 with test loss 15.8350764
Epoch: 002 | Train Loss: 6.6080325 | Grad norm: 8.808510 | Time: 8s196ms
Epoch: 002 | Test Loss: 3.1998017 | Time: 621ms
==> Save the model at epoch 002 with test loss 3.1998017
Epoch: 003 | Train Loss: 2.5717123 | Grad norm: 6.948088 | Time: 8s403ms
Epoch: 003 | Test Loss: 1.8717252 | Time: 550ms
==> Save the model at epoch 003 with test loss 1.8717252
Epoch: 004 | Train Loss: 1.3215921 | Grad norm: 4.623840 | Time: 8s148ms
Epoch: 004 | Test Loss: 0.7921478 | Time: 550ms
==> Save the model at epoch 004 with test loss 0.7921478
Epoch: 005 | Train Loss: 0.4808480 | Grad norm: 3.813466 | Time: 8s246ms
Epoch: 005 | Test Loss: 0.2364472 | Time: 549ms
==> Save the model at epoch 005 with test loss 0.2364472
Epoch: 006 | Train Loss: 0.2329420 | Grad norm: 9.062352 | Time: 7s989ms
Epoch: 006 | Test Loss: 0.1437971 | Time: 548ms
==> Save the model at epoch 006 with test loss 0.1437971
Epoch: 007 | Train Loss: 0.1624756 | Grad norm: 10.209470 | Time: 8s355ms
Epoch: 007 | Test Loss: 0.1069715 | Time: 576ms
==> Save the model at epoch 007 with test loss 0.1069715
Epoch: 008 | Train Loss: 0.1340224 | Grad norm: 10.207779 | Time: 8s249ms
Epoch: 008 | Test Loss: 0.1551441 | Time: 547ms
Epoch: 009 | Train Loss: 0.1141309 | Grad norm: 10.157851 | Time: 8s360ms
Epoch: 009 | Test Loss: 0.0800743 | Time: 559ms
==> Save the model at epoch 009 with test loss 0.0800743
Epoch: 010 | Train Loss: 0.0868372 | Grad norm: 8.972356 | Time: 8s403ms
Epoch: 010 | Test Loss: 0.0468776 | Time: 617ms
==> Save the model at epoch 010 with test loss 0.0468776
Epoch: 011 | Train Loss: 0.0676376 | Grad norm: 8.035132 | Time: 8s60ms
Epoch: 011 | Test Loss: 0.0913336 | Time: 548ms
Epoch: 012 | Train Loss: 0.0538860 | Grad norm: 7.230953 | Time: 8s410ms
Epoch: 012 | Test Loss: 0.0395954 | Time: 552ms
==> Save the model at epoch 012 with test loss 0.0395954
Epoch: 013 | Train Loss: 0.0445633 | Grad norm: 6.591351 | Time: 8s430ms
Epoch: 013 | Test Loss: 0.0228389 | Time: 543ms
==> Save the model at epoch 013 with test loss 0.0228389
Epoch: 014 | Train Loss: 0.0372573 | Grad norm: 6.018402 | Time: 8s270ms
Epoch: 014 | Test Loss: 0.0570866 | Time: 672ms
Epoch: 015 | Train Loss: 0.0315644 | Grad norm: 5.488681 | Time: 8s496ms
Epoch: 015 | Test Loss: 0.0219899 | Time: 613ms
==> Save the model at epoch 015 with test loss 0.0219899
Epoch: 016 | Train Loss: 0.0269862 | Grad norm: 5.040393 | Time: 8s293ms
Epoch: 016 | Test Loss: 0.0132204 | Time: 567ms
==> Save the model at epoch 016 with test loss 0.0132204
Epoch: 017 | Train Loss: 0.0231643 | Grad norm: 4.600199 | Time: 8s722ms
Epoch: 017 | Test Loss: 0.0377455 | Time: 658ms
Epoch: 018 | Train Loss: 0.0202240 | Grad norm: 4.228358 | Time: 8s363ms
Epoch: 018 | Test Loss: 0.0142655 | Time: 562ms
Epoch: 019 | Train Loss: 0.0172990 | Grad norm: 3.872416 | Time: 7s889ms
Epoch: 019 | Test Loss: 0.0087486 | Time: 559ms
==> Save the model at epoch 019 with test loss 0.0087486
Epoch: 020 | Train Loss: 0.0151822 | Grad norm: 3.556567 | Time: 8s289ms
Epoch: 020 | Test Loss: 0.0234702 | Time: 705ms
Epoch: 021 | Train Loss: 0.0130679 | Grad norm: 3.230193 | Time: 8s531ms
Epoch: 021 | Test Loss: 0.0090988 | Time: 555ms
Epoch: 022 | Train Loss: 0.0112866 | Grad norm: 2.941502 | Time: 8s150ms
Epoch: 022 | Test Loss: 0.0063506 | Time: 558ms
==> Save the model at epoch 022 with test loss 0.0063506
Epoch: 023 | Train Loss: 0.0099302 | Grad norm: 2.684370 | Time: 8s254ms
Epoch: 023 | Test Loss: 0.0157003 | Time: 648ms
Epoch: 024 | Train Loss: 0.0085812 | Grad norm: 2.395684 | Time: 8s448ms
Epoch: 024 | Test Loss: 0.0059248 | Time: 550ms
==> Save the model at epoch 024 with test loss 0.0059248
Epoch: 025 | Train Loss: 0.0074372 | Grad norm: 2.162678 | Time: 8s300ms
Epoch: 025 | Test Loss: 0.0048894 | Time: 551ms
==> Save the model at epoch 025 with test loss 0.0048894
Epoch: 026 | Train Loss: 0.0062485 | Grad norm: 1.825415 | Time: 8s345ms
Epoch: 026 | Test Loss: 0.0029697 | Time: 545ms
==> Save the model at epoch 026 with test loss 0.0029697
Epoch: 027 | Train Loss: 0.0029026 | Grad norm: 0.208288 | Time: 8s110ms
Epoch: 027 | Test Loss: 0.0028525 | Time: 568ms
==> Save the model at epoch 027 with test loss 0.0028525
Epoch: 028 | Train Loss: 0.0029201 | Grad norm: 0.296053 | Time: 8s334ms
Epoch: 028 | Test Loss: 0.0032050 | Time: 623ms
Epoch: 029 | Train Loss: 0.0029353 | Grad norm: 0.368081 | Time: 8s196ms
Epoch: 029 | Test Loss: 0.0027445 | Time: 550ms
==> Save the model at epoch 029 with test loss 0.0027445
Epoch: 030 | Train Loss: 0.0028474 | Grad norm: 0.245879 | Time: 8s352ms
Epoch: 030 | Test Loss: 0.0027762 | Time: 575ms
Epoch: 031 | Train Loss: 0.0028349 | Grad norm: 0.248991 | Time: 8s577ms
Epoch: 031 | Test Loss: 0.0027188 | Time: 552ms
==> Save the model at epoch 031 with test loss 0.0027188
Epoch: 032 | Train Loss: 0.0028056 | Grad norm: 0.210062 | Time: 8s489ms
Epoch: 032 | Test Loss: 0.0027216 | Time: 547ms
Epoch: 033 | Train Loss: 0.0027792 | Grad norm: 0.170741 | Time: 8s586ms
Epoch: 033 | Test Loss: 0.0027242 | Time: 561ms
Epoch: 034 | Train Loss: 0.0027704 | Grad norm: 0.154741 | Time: 8s534ms
Epoch: 034 | Test Loss: 0.0027670 | Time: 567ms
Epoch: 035 | Train Loss: 0.0027494 | Grad norm: 0.107839 | Time: 8s332ms
Epoch: 035 | Test Loss: 0.0027731 | Time: 552ms
Epoch: 036 | Train Loss: 0.0027579 | Grad norm: 0.137712 | Time: 8s345ms
Epoch: 036 | Test Loss: 0.0027030 | Time: 620ms
==> Save the model at epoch 036 with test loss 0.0027030
Epoch: 037 | Train Loss: 0.0027469 | Grad norm: 0.107750 | Time: 8s119ms
Epoch: 037 | Test Loss: 0.0027019 | Time: 546ms
==> Save the model at epoch 037 with test loss 0.0027019
Epoch: 038 | Train Loss: 0.0027435 | Grad norm: 0.100262 | Time: 8s205ms
Epoch: 038 | Test Loss: 0.0027028 | Time: 561ms
Epoch: 039 | Train Loss: 0.0027398 | Grad norm: 0.094427 | Time: 8s636ms
Epoch: 039 | Test Loss: 0.0027029 | Time: 627ms
Epoch: 040 | Train Loss: 0.0027328 | Grad norm: 0.062684 | Time: 8s318ms
Epoch: 040 | Test Loss: 0.0026993 | Time: 626ms
==> Save the model at epoch 040 with test loss 0.0026993
Total time: 5m56s
==> Saving trained model weights...
==> Input bias to be applied to the neural network (trained):
[0. 0.]
==> Input transform to be applied to the neural network (trained):
[0.70982397 0.70987433]
==> Output transform to be applied to the neural network (trained):
[2.8319 2.8318]
==> Saving training info...
==> Drawing training loss...
==> Drawing grad norm...
==> Drawing testing loss...
==> Process finished.
