==> torch device:  cuda:2
==> Test-Train split: test_ratio = 0.20
==> Test-Train split seed:  None
==> Further split: further_train_ratio = 1.00
==> Further split seed:  None
==> Lipschitz constant: 2.00
==> Input bias to be applied to the neural network:
[0. 0. 0. 0.]
==> Input transform to be applied to the neural network:
[ 0.62900996  0.6288517  11.614402    9.487666  ]
==> Ouput transform to be applied to the neural network:
[0.0195 0.021 ]
==> Evaluating model...
==========================================================================================
Layer (type:depth-idx)                   Output Shape              Param #
==========================================================================================
NeuralNetwork                            [1, 2]                    10
├─Sequential: 1-1                        [1, 2]                    --
│    └─SandwichFc: 2-1                   [1, 64]                   4,481
│    └─SandwichFc: 2-2                   [1, 64]                   8,321
│    └─SandwichFc: 2-3                   [1, 64]                   8,321
│    └─SandwichFc: 2-4                   [1, 64]                   8,321
│    └─SandwichFc: 2-5                   [1, 64]                   8,321
│    └─SandwichFc: 2-6                   [1, 64]                   8,321
│    └─SandwichFc: 2-7                   [1, 64]                   8,321
│    └─SandwichLin: 2-8                  [1, 2]                    135
├─Sequential: 1-2                        [1, 2]                    (recursive)
│    └─SandwichFc: 2-9                   [1, 64]                   (recursive)
│    └─SandwichFc: 2-10                  [1, 64]                   (recursive)
│    └─SandwichFc: 2-11                  [1, 64]                   (recursive)
│    └─SandwichFc: 2-12                  [1, 64]                   (recursive)
│    └─SandwichFc: 2-13                  [1, 64]                   (recursive)
│    └─SandwichFc: 2-14                  [1, 64]                   (recursive)
│    └─SandwichFc: 2-15                  [1, 64]                   (recursive)
│    └─SandwichLin: 2-16                 [1, 2]                    (recursive)
==========================================================================================
Total params: 54,552
Trainable params: 54,542
Non-trainable params: 10
Total mult-adds (Units.MEGABYTES): 0.11
==========================================================================================
Input size (MB): 0.00
Forward/backward pass size (MB): 0.01
Params size (MB): 0.22
Estimated Total Size (MB): 0.23
==========================================================================================
==> Saving initial model weights...
==> Start training...
==> Number of param_groups in optimizer: 1
Epoch: 001 | Train Loss: 0.0008254 | Grad norm: 0.000535 | Time: 17s8ms
Epoch: 001 | Test Loss: 0.0008245 | Time: 623ms
==> Save the model at epoch 001 with test loss 0.0008245
Epoch: 002 | Train Loss: 0.0001178 | Grad norm: 0.000365 | Time: 17s89ms
Epoch: 002 | Test Loss: 0.0000666 | Time: 621ms
==> Save the model at epoch 002 with test loss 0.0000666
Epoch: 003 | Train Loss: 0.0000680 | Grad norm: 0.000346 | Time: 16s725ms
Epoch: 003 | Test Loss: 0.0000672 | Time: 630ms
Epoch: 004 | Train Loss: 0.0000681 | Grad norm: 0.000351 | Time: 16s908ms
Epoch: 004 | Test Loss: 0.0000664 | Time: 611ms
==> Save the model at epoch 004 with test loss 0.0000664
Epoch: 005 | Train Loss: 0.0000681 | Grad norm: 0.000339 | Time: 16s705ms
Epoch: 005 | Test Loss: 0.0000669 | Time: 620ms
Epoch: 006 | Train Loss: 0.0000687 | Grad norm: 0.000371 | Time: 16s390ms
Epoch: 006 | Test Loss: 0.0000676 | Time: 697ms
Epoch: 007 | Train Loss: 0.0000686 | Grad norm: 0.000331 | Time: 16s931ms
Epoch: 007 | Test Loss: 0.0000669 | Time: 630ms
Epoch: 008 | Train Loss: 0.0000684 | Grad norm: 0.000320 | Time: 16s553ms
Epoch: 008 | Test Loss: 0.0000655 | Time: 629ms
==> Save the model at epoch 008 with test loss 0.0000655
Epoch: 009 | Train Loss: 0.0000685 | Grad norm: 0.000317 | Time: 16s447ms
Epoch: 009 | Test Loss: 0.0000679 | Time: 699ms
Epoch: 010 | Train Loss: 0.0000681 | Grad norm: 0.000274 | Time: 16s322ms
Epoch: 010 | Test Loss: 0.0000668 | Time: 614ms
Epoch: 011 | Train Loss: 0.0000676 | Grad norm: 0.000250 | Time: 16s965ms
Epoch: 011 | Test Loss: 0.0000672 | Time: 618ms
Epoch: 012 | Train Loss: 0.0000678 | Grad norm: 0.000253 | Time: 16s969ms
Epoch: 012 | Test Loss: 0.0000657 | Time: 629ms
Epoch: 013 | Train Loss: 0.0000676 | Grad norm: 0.000248 | Time: 17s12ms
Epoch: 013 | Test Loss: 0.0000657 | Time: 618ms
Epoch: 014 | Train Loss: 0.0000673 | Grad norm: 0.000222 | Time: 16s678ms
Epoch: 014 | Test Loss: 0.0000661 | Time: 702ms
Epoch: 015 | Train Loss: 0.0000672 | Grad norm: 0.000217 | Time: 17s221ms
Epoch: 015 | Test Loss: 0.0000655 | Time: 616ms
==> Save the model at epoch 015 with test loss 0.0000655
Epoch: 016 | Train Loss: 0.0000674 | Grad norm: 0.000236 | Time: 17s8ms
Epoch: 016 | Test Loss: 0.0000663 | Time: 619ms
Epoch: 017 | Train Loss: 0.0000671 | Grad norm: 0.000210 | Time: 16s973ms
Epoch: 017 | Test Loss: 0.0000653 | Time: 633ms
==> Save the model at epoch 017 with test loss 0.0000653
Epoch: 018 | Train Loss: 0.0000669 | Grad norm: 0.000183 | Time: 16s415ms
Epoch: 018 | Test Loss: 0.0000660 | Time: 619ms
Epoch: 019 | Train Loss: 0.0000668 | Grad norm: 0.000183 | Time: 16s273ms
Epoch: 019 | Test Loss: 0.0000678 | Time: 736ms
Epoch: 020 | Train Loss: 0.0000668 | Grad norm: 0.000187 | Time: 16s910ms
Epoch: 020 | Test Loss: 0.0000655 | Time: 690ms
Epoch: 021 | Train Loss: 0.0000668 | Grad norm: 0.000188 | Time: 16s171ms
Epoch: 021 | Test Loss: 0.0000653 | Time: 621ms
==> Save the model at epoch 021 with test loss 0.0000653
Epoch: 022 | Train Loss: 0.0000666 | Grad norm: 0.000175 | Time: 17s483ms
Epoch: 022 | Test Loss: 0.0000656 | Time: 638ms
Epoch: 023 | Train Loss: 0.0000665 | Grad norm: 0.000166 | Time: 16s799ms
Epoch: 023 | Test Loss: 0.0000656 | Time: 617ms
Epoch: 024 | Train Loss: 0.0000665 | Grad norm: 0.000169 | Time: 17s7ms
Epoch: 024 | Test Loss: 0.0000656 | Time: 615ms
Epoch: 025 | Train Loss: 0.0000663 | Grad norm: 0.000159 | Time: 16s738ms
Epoch: 025 | Test Loss: 0.0000649 | Time: 621ms
==> Save the model at epoch 025 with test loss 0.0000649
Epoch: 026 | Train Loss: 0.0000662 | Grad norm: 0.000155 | Time: 17s116ms
Epoch: 026 | Test Loss: 0.0000650 | Time: 632ms
Epoch: 027 | Train Loss: 0.0000661 | Grad norm: 0.000157 | Time: 16s991ms
Epoch: 027 | Test Loss: 0.0000650 | Time: 728ms
Epoch: 028 | Train Loss: 0.0000661 | Grad norm: 0.000156 | Time: 16s495ms
Epoch: 028 | Test Loss: 0.0000648 | Time: 624ms
==> Save the model at epoch 028 with test loss 0.0000648
Epoch: 029 | Train Loss: 0.0000659 | Grad norm: 0.000140 | Time: 17s21ms
Epoch: 029 | Test Loss: 0.0000647 | Time: 619ms
==> Save the model at epoch 029 with test loss 0.0000647
Epoch: 030 | Train Loss: 0.0000659 | Grad norm: 0.000154 | Time: 17s845ms
Epoch: 030 | Test Loss: 0.0000647 | Time: 620ms
==> Save the model at epoch 030 with test loss 0.0000647
Epoch: 031 | Train Loss: 0.0000657 | Grad norm: 0.000138 | Time: 16s623ms
Epoch: 031 | Test Loss: 0.0000648 | Time: 705ms
Epoch: 032 | Train Loss: 0.0000656 | Grad norm: 0.000133 | Time: 16s534ms
Epoch: 032 | Test Loss: 0.0000649 | Time: 625ms
Epoch: 033 | Train Loss: 0.0000655 | Grad norm: 0.000131 | Time: 16s776ms
Epoch: 033 | Test Loss: 0.0000647 | Time: 618ms
Epoch: 034 | Train Loss: 0.0000655 | Grad norm: 0.000129 | Time: 16s770ms
Epoch: 034 | Test Loss: 0.0000646 | Time: 689ms
==> Save the model at epoch 034 with test loss 0.0000646
Epoch: 035 | Train Loss: 0.0000654 | Grad norm: 0.000127 | Time: 17s16ms
Epoch: 035 | Test Loss: 0.0000645 | Time: 618ms
==> Save the model at epoch 035 with test loss 0.0000645
Epoch: 036 | Train Loss: 0.0000653 | Grad norm: 0.000124 | Time: 16s711ms
Epoch: 036 | Test Loss: 0.0000644 | Time: 614ms
==> Save the model at epoch 036 with test loss 0.0000644
Epoch: 037 | Train Loss: 0.0000652 | Grad norm: 0.000123 | Time: 17s297ms
Epoch: 037 | Test Loss: 0.0000644 | Time: 624ms
==> Save the model at epoch 037 with test loss 0.0000644
Epoch: 038 | Train Loss: 0.0000652 | Grad norm: 0.000121 | Time: 17s170ms
Epoch: 038 | Test Loss: 0.0000644 | Time: 620ms
==> Save the model at epoch 038 with test loss 0.0000644
Epoch: 039 | Train Loss: 0.0000652 | Grad norm: 0.000118 | Time: 16s566ms
Epoch: 039 | Test Loss: 0.0000644 | Time: 619ms
==> Save the model at epoch 039 with test loss 0.0000644
Epoch: 040 | Train Loss: 0.0000651 | Grad norm: 0.000114 | Time: 17s100ms
Epoch: 040 | Test Loss: 0.0000644 | Time: 617ms
==> Save the model at epoch 040 with test loss 0.0000644
Total time: 11m39s
==> Saving trained model weights...
==> Input bias to be applied to the neural network (trained):
[0. 0. 0. 0.]
==> Input transform to be applied to the neural network (trained):
[ 0.62900996  0.6288517  11.614402    9.487666  ]
==> Output transform to be applied to the neural network (trained):
[0.0195 0.021 ]
==> Saving training info...
==> Drawing training loss...
==> Drawing grad norm...
==> Drawing testing loss...
==> Process finished.
