==> torch device:  cuda:2
==> Test-Train split: test_ratio = 0.20
==> Test-Train split seed:  None
==> Further split: further_train_ratio = 0.50
==> Further split seed:  None
==> Input bias to be applied to the neural network:
[0. 0.]
==> Input transform to be applied to the neural network:
[0.70987433 0.70987433]
==> Ouput transform to be applied to the neural network:
[2.8317 2.8316]
==> Evaluating model...
==========================================================================================
Layer (type:depth-idx)                   Output Shape              Param #
==========================================================================================
NeuralNetwork                            [1, 2]                    6
├─Sequential: 1-1                        [1, 2]                    --
│    └─Linear: 2-1                       [1, 64]                   192
│    └─ReLU: 2-2                         [1, 64]                   --
│    └─Linear: 2-3                       [1, 64]                   4,160
│    └─ReLU: 2-4                         [1, 64]                   --
│    └─Linear: 2-5                       [1, 64]                   4,160
│    └─ReLU: 2-6                         [1, 64]                   --
│    └─Linear: 2-7                       [1, 64]                   4,160
│    └─ReLU: 2-8                         [1, 64]                   --
│    └─Linear: 2-9                       [1, 64]                   4,160
│    └─ReLU: 2-10                        [1, 64]                   --
│    └─Linear: 2-11                      [1, 64]                   4,160
│    └─ReLU: 2-12                        [1, 64]                   --
│    └─Linear: 2-13                      [1, 64]                   4,160
│    └─ReLU: 2-14                        [1, 64]                   --
│    └─Linear: 2-15                      [1, 2]                    130
├─Sequential: 1-2                        [1, 2]                    (recursive)
│    └─Linear: 2-16                      [1, 64]                   (recursive)
│    └─ReLU: 2-17                        [1, 64]                   --
│    └─Linear: 2-18                      [1, 64]                   (recursive)
│    └─ReLU: 2-19                        [1, 64]                   --
│    └─Linear: 2-20                      [1, 64]                   (recursive)
│    └─ReLU: 2-21                        [1, 64]                   --
│    └─Linear: 2-22                      [1, 64]                   (recursive)
│    └─ReLU: 2-23                        [1, 64]                   --
│    └─Linear: 2-24                      [1, 64]                   (recursive)
│    └─ReLU: 2-25                        [1, 64]                   --
│    └─Linear: 2-26                      [1, 64]                   (recursive)
│    └─ReLU: 2-27                        [1, 64]                   --
│    └─Linear: 2-28                      [1, 64]                   (recursive)
│    └─ReLU: 2-29                        [1, 64]                   --
│    └─Linear: 2-30                      [1, 2]                    (recursive)
==========================================================================================
Total params: 25,288
Trainable params: 25,282
Non-trainable params: 6
Total mult-adds (Units.MEGABYTES): 0.05
==========================================================================================
Input size (MB): 0.00
Forward/backward pass size (MB): 0.01
Params size (MB): 0.10
Estimated Total Size (MB): 0.11
==========================================================================================
==> Saving initial model weights...
==> Start training...
==> Number of param_groups in optimizer: 1
Epoch: 001 | Train Loss: 16.1696180 | Grad norm: 0.584401 | Time: 2s271ms
Epoch: 001 | Test Loss: 15.9506225 | Time: 485ms
==> Save the model at epoch 001 with test loss 15.9506225
Epoch: 002 | Train Loss: 1.7100062 | Grad norm: 4.569282 | Time: 2s148ms
Epoch: 002 | Test Loss: 0.0033425 | Time: 517ms
==> Save the model at epoch 002 with test loss 0.0033425
Epoch: 003 | Train Loss: 0.0286739 | Grad norm: 2.722359 | Time: 2s63ms
Epoch: 003 | Test Loss: 0.0127253 | Time: 468ms
Epoch: 004 | Train Loss: 0.0271231 | Grad norm: 2.601985 | Time: 1s983ms
Epoch: 004 | Test Loss: 0.0295189 | Time: 459ms
Epoch: 005 | Train Loss: 0.0611019 | Grad norm: 3.691925 | Time: 2s93ms
Epoch: 005 | Test Loss: 0.0551416 | Time: 493ms
Epoch: 006 | Train Loss: 0.0449396 | Grad norm: 3.146049 | Time: 2s76ms
Epoch: 006 | Test Loss: 0.0408902 | Time: 452ms
Epoch: 007 | Train Loss: 0.0589136 | Grad norm: 3.589264 | Time: 2s84ms
Epoch: 007 | Test Loss: 0.0218999 | Time: 459ms
Epoch: 008 | Train Loss: 0.1058633 | Grad norm: 5.050802 | Time: 2s106ms
Epoch: 008 | Test Loss: 0.0272809 | Time: 493ms
Epoch: 009 | Train Loss: 0.0967044 | Grad norm: 4.726894 | Time: 2s84ms
Epoch: 009 | Test Loss: 0.0354883 | Time: 458ms
Epoch: 010 | Train Loss: 0.1060006 | Grad norm: 4.961605 | Time: 2s112ms
Epoch: 010 | Test Loss: 0.1395384 | Time: 567ms
Epoch: 011 | Train Loss: 0.0644798 | Grad norm: 4.099745 | Time: 2s128ms
Epoch: 011 | Test Loss: 0.1103616 | Time: 452ms
Epoch: 012 | Train Loss: 0.0491561 | Grad norm: 3.580442 | Time: 2s28ms
Epoch: 012 | Test Loss: 0.0341923 | Time: 466ms
Epoch: 013 | Train Loss: 0.0636932 | Grad norm: 3.847914 | Time: 2s153ms
Epoch: 013 | Test Loss: 0.0229374 | Time: 453ms
Epoch: 014 | Train Loss: 0.0407688 | Grad norm: 3.207276 | Time: 2s19ms
Epoch: 014 | Test Loss: 0.0242786 | Time: 474ms
Epoch: 015 | Train Loss: 0.0268904 | Grad norm: 2.631450 | Time: 1s991ms
Epoch: 015 | Test Loss: 0.0094422 | Time: 504ms
Epoch: 016 | Train Loss: 0.0313640 | Grad norm: 2.687493 | Time: 2s27ms
Epoch: 016 | Test Loss: 0.0033964 | Time: 480ms
Epoch: 017 | Train Loss: 0.0191293 | Grad norm: 2.168351 | Time: 2s82ms
Epoch: 017 | Test Loss: 0.0199389 | Time: 474ms
Epoch: 018 | Train Loss: 0.0229115 | Grad norm: 2.303932 | Time: 1s958ms
Epoch: 018 | Test Loss: 0.0129931 | Time: 537ms
Epoch: 019 | Train Loss: 0.0180288 | Grad norm: 2.084586 | Time: 2s78ms
Epoch: 019 | Test Loss: 0.0270640 | Time: 453ms
Epoch: 020 | Train Loss: 0.0108520 | Grad norm: 1.605540 | Time: 2s131ms
Epoch: 020 | Test Loss: 0.0121265 | Time: 463ms
Epoch: 021 | Train Loss: 0.0068256 | Grad norm: 1.175320 | Time: 1s965ms
Epoch: 021 | Test Loss: 0.0076965 | Time: 495ms
Epoch: 022 | Train Loss: 0.0066153 | Grad norm: 1.200448 | Time: 2s129ms
Epoch: 022 | Test Loss: 0.0112906 | Time: 498ms
Epoch: 023 | Train Loss: 0.0039982 | Grad norm: 0.808581 | Time: 1s838ms
Epoch: 023 | Test Loss: 0.0086710 | Time: 456ms
Epoch: 024 | Train Loss: 0.0041724 | Grad norm: 0.848785 | Time: 2s54ms
Epoch: 024 | Test Loss: 0.0053319 | Time: 471ms
Epoch: 025 | Train Loss: 0.0031886 | Grad norm: 0.765185 | Time: 2s61ms
Epoch: 025 | Test Loss: 0.0008910 | Time: 472ms
==> Save the model at epoch 025 with test loss 0.0008910
Epoch: 026 | Train Loss: 0.0008419 | Grad norm: 0.269249 | Time: 1s930ms
Epoch: 026 | Test Loss: 0.0007659 | Time: 526ms
==> Save the model at epoch 026 with test loss 0.0007659
Epoch: 027 | Train Loss: 0.0007523 | Grad norm: 0.219547 | Time: 2s43ms
Epoch: 027 | Test Loss: 0.0006741 | Time: 472ms
==> Save the model at epoch 027 with test loss 0.0006741
Epoch: 028 | Train Loss: 0.0007744 | Grad norm: 0.231730 | Time: 2s137ms
Epoch: 028 | Test Loss: 0.0014905 | Time: 465ms
Epoch: 029 | Train Loss: 0.0007682 | Grad norm: 0.224510 | Time: 2s312ms
Epoch: 029 | Test Loss: 0.0007552 | Time: 469ms
Epoch: 030 | Train Loss: 0.0006969 | Grad norm: 0.181221 | Time: 2s156ms
Epoch: 030 | Test Loss: 0.0005988 | Time: 446ms
==> Save the model at epoch 030 with test loss 0.0005988
Epoch: 031 | Train Loss: 0.0006323 | Grad norm: 0.145248 | Time: 1s917ms
Epoch: 031 | Test Loss: 0.0007769 | Time: 452ms
Epoch: 032 | Train Loss: 0.0006330 | Grad norm: 0.151606 | Time: 2s40ms
Epoch: 032 | Test Loss: 0.0006267 | Time: 493ms
Epoch: 033 | Train Loss: 0.0006111 | Grad norm: 0.131104 | Time: 2s330ms
Epoch: 033 | Test Loss: 0.0006282 | Time: 484ms
Epoch: 034 | Train Loss: 0.0005847 | Grad norm: 0.102204 | Time: 1s962ms
Epoch: 034 | Test Loss: 0.0005853 | Time: 535ms
==> Save the model at epoch 034 with test loss 0.0005853
Epoch: 035 | Train Loss: 0.0005782 | Grad norm: 0.096599 | Time: 2s181ms
Epoch: 035 | Test Loss: 0.0005789 | Time: 451ms
==> Save the model at epoch 035 with test loss 0.0005789
Epoch: 036 | Train Loss: 0.0005617 | Grad norm: 0.074802 | Time: 1s956ms
Epoch: 036 | Test Loss: 0.0005763 | Time: 447ms
==> Save the model at epoch 036 with test loss 0.0005763
Epoch: 037 | Train Loss: 0.0005582 | Grad norm: 0.072917 | Time: 2s20ms
Epoch: 037 | Test Loss: 0.0005641 | Time: 453ms
==> Save the model at epoch 037 with test loss 0.0005641
Epoch: 038 | Train Loss: 0.0005479 | Grad norm: 0.051732 | Time: 2s138ms
Epoch: 038 | Test Loss: 0.0005593 | Time: 456ms
==> Save the model at epoch 038 with test loss 0.0005593
Epoch: 039 | Train Loss: 0.0005453 | Grad norm: 0.047550 | Time: 1s949ms
Epoch: 039 | Test Loss: 0.0005569 | Time: 447ms
==> Save the model at epoch 039 with test loss 0.0005569
Epoch: 040 | Train Loss: 0.0005422 | Grad norm: 0.038322 | Time: 2s46ms
Epoch: 040 | Test Loss: 0.0005523 | Time: 450ms
==> Save the model at epoch 040 with test loss 0.0005523
Total time: 1m41s
==> Saving trained model weights...
==> Input bias to be applied to the neural network (trained):
[0. 0.]
==> Input transform to be applied to the neural network (trained):
[0.70987433 0.70987433]
==> Output transform to be applied to the neural network (trained):
[2.8317 2.8316]
==> Saving training info...
==> Drawing training loss...
==> Drawing grad norm...
==> Drawing testing loss...
==> Process finished.
