==> torch device:  cuda:1
==> Test-Train split: test_ratio = 0.20
==> Test-Train split seed:  None
==> Further split: further_train_ratio = 1.00
==> Further split seed:  None
==> Input bias to be applied to the neural network:
[0. 0. 0. 0.]
==> Input transform to be applied to the neural network:
[ 0.62900996  0.6288517  11.614402    9.487666  ]
==> Ouput transform to be applied to the neural network:
[0.0251 0.0262]
==> Evaluating model...
==========================================================================================
Layer (type:depth-idx)                   Output Shape              Param #
==========================================================================================
NeuralNetwork                            [1, 2]                    10
├─Sequential: 1-1                        [1, 2]                    --
│    └─Linear: 2-1                       [1, 64]                   320
│    └─ReLU: 2-2                         [1, 64]                   --
│    └─Linear: 2-3                       [1, 64]                   4,160
│    └─ReLU: 2-4                         [1, 64]                   --
│    └─Linear: 2-5                       [1, 64]                   4,160
│    └─ReLU: 2-6                         [1, 64]                   --
│    └─Linear: 2-7                       [1, 64]                   4,160
│    └─ReLU: 2-8                         [1, 64]                   --
│    └─Linear: 2-9                       [1, 64]                   4,160
│    └─ReLU: 2-10                        [1, 64]                   --
│    └─Linear: 2-11                      [1, 64]                   4,160
│    └─ReLU: 2-12                        [1, 64]                   --
│    └─Linear: 2-13                      [1, 64]                   4,160
│    └─ReLU: 2-14                        [1, 64]                   --
│    └─Linear: 2-15                      [1, 2]                    130
├─Sequential: 1-2                        [1, 2]                    (recursive)
│    └─Linear: 2-16                      [1, 64]                   (recursive)
│    └─ReLU: 2-17                        [1, 64]                   --
│    └─Linear: 2-18                      [1, 64]                   (recursive)
│    └─ReLU: 2-19                        [1, 64]                   --
│    └─Linear: 2-20                      [1, 64]                   (recursive)
│    └─ReLU: 2-21                        [1, 64]                   --
│    └─Linear: 2-22                      [1, 64]                   (recursive)
│    └─ReLU: 2-23                        [1, 64]                   --
│    └─Linear: 2-24                      [1, 64]                   (recursive)
│    └─ReLU: 2-25                        [1, 64]                   --
│    └─Linear: 2-26                      [1, 64]                   (recursive)
│    └─ReLU: 2-27                        [1, 64]                   --
│    └─Linear: 2-28                      [1, 64]                   (recursive)
│    └─ReLU: 2-29                        [1, 64]                   --
│    └─Linear: 2-30                      [1, 2]                    (recursive)
==========================================================================================
Total params: 25,420
Trainable params: 25,410
Non-trainable params: 10
Total mult-adds (Units.MEGABYTES): 0.05
==========================================================================================
Input size (MB): 0.00
Forward/backward pass size (MB): 0.01
Params size (MB): 0.10
Estimated Total Size (MB): 0.11
==========================================================================================
==> Saving initial model weights...
==> Start training...
==> Number of param_groups in optimizer: 1
Epoch: 001 | Train Loss: 0.0013116 | Grad norm: 0.000037 | Time: 4s719ms
Epoch: 001 | Test Loss: 0.0013102 | Time: 522ms
==> Save the model at epoch 001 with test loss 0.0013102
Epoch: 002 | Train Loss: 0.0007249 | Grad norm: 0.000361 | Time: 4s261ms
Epoch: 002 | Test Loss: 0.0005592 | Time: 507ms
==> Save the model at epoch 002 with test loss 0.0005592
Epoch: 003 | Train Loss: 0.0005604 | Grad norm: 0.000382 | Time: 4s291ms
Epoch: 003 | Test Loss: 0.0005561 | Time: 529ms
==> Save the model at epoch 003 with test loss 0.0005561
Epoch: 004 | Train Loss: 0.0005597 | Grad norm: 0.000394 | Time: 4s262ms
Epoch: 004 | Test Loss: 0.0005549 | Time: 499ms
==> Save the model at epoch 004 with test loss 0.0005549
Epoch: 005 | Train Loss: 0.0005595 | Grad norm: 0.000393 | Time: 4s220ms
Epoch: 005 | Test Loss: 0.0005577 | Time: 519ms
Epoch: 006 | Train Loss: 0.0005591 | Grad norm: 0.000380 | Time: 4s203ms
Epoch: 006 | Test Loss: 0.0005545 | Time: 584ms
==> Save the model at epoch 006 with test loss 0.0005545
Epoch: 007 | Train Loss: 0.0005591 | Grad norm: 0.000382 | Time: 4s289ms
Epoch: 007 | Test Loss: 0.0005538 | Time: 504ms
==> Save the model at epoch 007 with test loss 0.0005538
Epoch: 008 | Train Loss: 0.0005594 | Grad norm: 0.000387 | Time: 4s305ms
Epoch: 008 | Test Loss: 0.0005573 | Time: 503ms
Epoch: 009 | Train Loss: 0.0005592 | Grad norm: 0.000377 | Time: 4s74ms
Epoch: 009 | Test Loss: 0.0005553 | Time: 506ms
Epoch: 010 | Train Loss: 0.0005580 | Grad norm: 0.000365 | Time: 4s338ms
Epoch: 010 | Test Loss: 0.0005521 | Time: 506ms
==> Save the model at epoch 010 with test loss 0.0005521
Epoch: 011 | Train Loss: 0.0005573 | Grad norm: 0.000360 | Time: 4s408ms
Epoch: 011 | Test Loss: 0.0005548 | Time: 531ms
Epoch: 012 | Train Loss: 0.0005566 | Grad norm: 0.000360 | Time: 4s232ms
Epoch: 012 | Test Loss: 0.0005519 | Time: 495ms
==> Save the model at epoch 012 with test loss 0.0005519
Epoch: 013 | Train Loss: 0.0005563 | Grad norm: 0.000361 | Time: 4s417ms
Epoch: 013 | Test Loss: 0.0005559 | Time: 508ms
Epoch: 014 | Train Loss: 0.0005556 | Grad norm: 0.000356 | Time: 4s214ms
Epoch: 014 | Test Loss: 0.0005553 | Time: 578ms
Epoch: 015 | Train Loss: 0.0005553 | Grad norm: 0.000359 | Time: 4s273ms
Epoch: 015 | Test Loss: 0.0005526 | Time: 507ms
Epoch: 016 | Train Loss: 0.0005554 | Grad norm: 0.000363 | Time: 4s335ms
Epoch: 016 | Test Loss: 0.0005503 | Time: 504ms
==> Save the model at epoch 016 with test loss 0.0005503
Epoch: 017 | Train Loss: 0.0005540 | Grad norm: 0.000360 | Time: 4s326ms
Epoch: 017 | Test Loss: 0.0005520 | Time: 534ms
Epoch: 018 | Train Loss: 0.0005535 | Grad norm: 0.000351 | Time: 4s398ms
Epoch: 018 | Test Loss: 0.0005491 | Time: 526ms
==> Save the model at epoch 018 with test loss 0.0005491
Epoch: 019 | Train Loss: 0.0005530 | Grad norm: 0.000353 | Time: 4s259ms
Epoch: 019 | Test Loss: 0.0005504 | Time: 504ms
Epoch: 020 | Train Loss: 0.0005527 | Grad norm: 0.000352 | Time: 4s237ms
Epoch: 020 | Test Loss: 0.0005483 | Time: 518ms
==> Save the model at epoch 020 with test loss 0.0005483
Epoch: 021 | Train Loss: 0.0005524 | Grad norm: 0.000354 | Time: 4s66ms
Epoch: 021 | Test Loss: 0.0005508 | Time: 497ms
Epoch: 022 | Train Loss: 0.0005516 | Grad norm: 0.000349 | Time: 4s385ms
Epoch: 022 | Test Loss: 0.0005511 | Time: 606ms
Epoch: 023 | Train Loss: 0.0005514 | Grad norm: 0.000354 | Time: 3s926ms
Epoch: 023 | Test Loss: 0.0005484 | Time: 512ms
Epoch: 024 | Train Loss: 0.0005507 | Grad norm: 0.000356 | Time: 4s552ms
Epoch: 024 | Test Loss: 0.0005491 | Time: 499ms
Epoch: 025 | Train Loss: 0.0005500 | Grad norm: 0.000348 | Time: 4s244ms
Epoch: 025 | Test Loss: 0.0005477 | Time: 581ms
==> Save the model at epoch 025 with test loss 0.0005477
Epoch: 026 | Train Loss: 0.0005499 | Grad norm: 0.000362 | Time: 4s368ms
Epoch: 026 | Test Loss: 0.0005475 | Time: 511ms
==> Save the model at epoch 026 with test loss 0.0005475
Epoch: 027 | Train Loss: 0.0005491 | Grad norm: 0.000354 | Time: 4s483ms
Epoch: 027 | Test Loss: 0.0005479 | Time: 516ms
Epoch: 028 | Train Loss: 0.0005486 | Grad norm: 0.000361 | Time: 4s283ms
Epoch: 028 | Test Loss: 0.0005475 | Time: 500ms
Epoch: 029 | Train Loss: 0.0005480 | Grad norm: 0.000355 | Time: 4s436ms
Epoch: 029 | Test Loss: 0.0005485 | Time: 505ms
Epoch: 030 | Train Loss: 0.0005475 | Grad norm: 0.000359 | Time: 3s607ms
Epoch: 030 | Test Loss: 0.0005476 | Time: 495ms
Epoch: 031 | Train Loss: 0.0005470 | Grad norm: 0.000364 | Time: 4s276ms
Epoch: 031 | Test Loss: 0.0005463 | Time: 500ms
==> Save the model at epoch 031 with test loss 0.0005463
Epoch: 032 | Train Loss: 0.0005465 | Grad norm: 0.000363 | Time: 4s233ms
Epoch: 032 | Test Loss: 0.0005463 | Time: 503ms
Epoch: 033 | Train Loss: 0.0005461 | Grad norm: 0.000365 | Time: 4s315ms
Epoch: 033 | Test Loss: 0.0005458 | Time: 585ms
==> Save the model at epoch 033 with test loss 0.0005458
Epoch: 034 | Train Loss: 0.0005458 | Grad norm: 0.000365 | Time: 4s140ms
Epoch: 034 | Test Loss: 0.0005457 | Time: 525ms
==> Save the model at epoch 034 with test loss 0.0005457
Epoch: 035 | Train Loss: 0.0005454 | Grad norm: 0.000363 | Time: 4s411ms
Epoch: 035 | Test Loss: 0.0005455 | Time: 497ms
==> Save the model at epoch 035 with test loss 0.0005455
Epoch: 036 | Train Loss: 0.0005451 | Grad norm: 0.000359 | Time: 4s252ms
Epoch: 036 | Test Loss: 0.0005456 | Time: 504ms
Epoch: 037 | Train Loss: 0.0005449 | Grad norm: 0.000360 | Time: 4s409ms
Epoch: 037 | Test Loss: 0.0005453 | Time: 506ms
==> Save the model at epoch 037 with test loss 0.0005453
Epoch: 038 | Train Loss: 0.0005447 | Grad norm: 0.000359 | Time: 4s567ms
Epoch: 038 | Test Loss: 0.0005453 | Time: 512ms
==> Save the model at epoch 038 with test loss 0.0005453
Epoch: 039 | Train Loss: 0.0005445 | Grad norm: 0.000364 | Time: 4s204ms
Epoch: 039 | Test Loss: 0.0005454 | Time: 501ms
Epoch: 040 | Train Loss: 0.0005444 | Grad norm: 0.000355 | Time: 4s275ms
Epoch: 040 | Test Loss: 0.0005453 | Time: 528ms
Total time: 3m12s
==> Saving trained model weights...
==> Input bias to be applied to the neural network (trained):
[0. 0. 0. 0.]
==> Input transform to be applied to the neural network (trained):
[ 0.62900996  0.6288517  11.614402    9.487666  ]
==> Output transform to be applied to the neural network (trained):
[0.0251 0.0262]
==> Saving training info...
==> Drawing training loss...
==> Drawing grad norm...
==> Drawing testing loss...
==> Process finished.
