==> torch device:  cuda:0
==> Test-Train split: test_ratio = 0.20
==> Test-Train split seed:  None
==> Further split: further_train_ratio = 0.25
==> Further split seed:  None
==> Lipschitz constant: 0.50
==> Input bias to be applied to the neural network:
[0. 0.]
==> Input transform to be applied to the neural network:
[0.5090095 0.5090095]
==> Ouput transform to be applied to the neural network:
[3.9366 3.9363]
==> Evaluating model...
==========================================================================================
Layer (type:depth-idx)                   Output Shape              Param #
==========================================================================================
NeuralNetwork                            [1, 2]                    6
├─Sequential: 1-1                        [1, 2]                    --
│    └─SandwichFc: 2-1                   [1, 64]                   4,353
│    └─SandwichFc: 2-2                   [1, 64]                   8,321
│    └─SandwichFc: 2-3                   [1, 64]                   8,321
│    └─SandwichFc: 2-4                   [1, 64]                   8,321
│    └─SandwichFc: 2-5                   [1, 64]                   8,321
│    └─SandwichFc: 2-6                   [1, 64]                   8,321
│    └─SandwichFc: 2-7                   [1, 64]                   8,321
│    └─SandwichLin: 2-8                  [1, 2]                    135
├─Sequential: 1-2                        [1, 2]                    (recursive)
│    └─SandwichFc: 2-9                   [1, 64]                   (recursive)
│    └─SandwichFc: 2-10                  [1, 64]                   (recursive)
│    └─SandwichFc: 2-11                  [1, 64]                   (recursive)
│    └─SandwichFc: 2-12                  [1, 64]                   (recursive)
│    └─SandwichFc: 2-13                  [1, 64]                   (recursive)
│    └─SandwichFc: 2-14                  [1, 64]                   (recursive)
│    └─SandwichFc: 2-15                  [1, 64]                   (recursive)
│    └─SandwichLin: 2-16                 [1, 2]                    (recursive)
==========================================================================================
Total params: 54,420
Trainable params: 54,414
Non-trainable params: 6
Total mult-adds (M): 0.11
==========================================================================================
Input size (MB): 0.00
Forward/backward pass size (MB): 0.01
Params size (MB): 0.22
Estimated Total Size (MB): 0.22
==========================================================================================
==> Saving initial model weights...
==> Start training...
==> Number of param_groups in optimizer: 1
Epoch: 001 | Train Loss: 30.8092212 | Grad norm: 4.257953 | Time: 5s234ms
Epoch: 001 | Test Loss: 31.2312768 | Time: 767ms
==> Save the model at epoch 001 with test loss 31.2312768
Epoch: 002 | Train Loss: 22.6411056 | Grad norm: 11.691635 | Time: 5s373ms
Epoch: 002 | Test Loss: 16.8184062 | Time: 804ms
==> Save the model at epoch 002 with test loss 16.8184062
Epoch: 003 | Train Loss: 15.1507019 | Grad norm: 10.572752 | Time: 4s894ms
Epoch: 003 | Test Loss: 14.3606136 | Time: 778ms
==> Save the model at epoch 003 with test loss 14.3606136
Epoch: 004 | Train Loss: 13.1654770 | Grad norm: 9.142833 | Time: 4s956ms
Epoch: 004 | Test Loss: 12.4481951 | Time: 751ms
==> Save the model at epoch 004 with test loss 12.4481951
Epoch: 005 | Train Loss: 11.2929704 | Grad norm: 7.551113 | Time: 4s948ms
Epoch: 005 | Test Loss: 10.6207425 | Time: 756ms
==> Save the model at epoch 005 with test loss 10.6207425
Epoch: 006 | Train Loss: 9.6977601 | Grad norm: 5.967517 | Time: 4s816ms
Epoch: 006 | Test Loss: 9.2028415 | Time: 754ms
==> Save the model at epoch 006 with test loss 9.2028415
Epoch: 007 | Train Loss: 8.6271016 | Grad norm: 5.088198 | Time: 4s914ms
Epoch: 007 | Test Loss: 8.4300303 | Time: 819ms
==> Save the model at epoch 007 with test loss 8.4300303
Epoch: 008 | Train Loss: 8.1326527 | Grad norm: 5.330526 | Time: 4s732ms
Epoch: 008 | Test Loss: 8.0976073 | Time: 765ms
==> Save the model at epoch 008 with test loss 8.0976073
Epoch: 009 | Train Loss: 7.9708777 | Grad norm: 9.863763 | Time: 4s780ms
Epoch: 009 | Test Loss: 8.0438237 | Time: 765ms
==> Save the model at epoch 009 with test loss 8.0438237
Epoch: 010 | Train Loss: 7.8845023 | Grad norm: 8.436849 | Time: 5s6ms
Epoch: 010 | Test Loss: 7.9754311 | Time: 789ms
==> Save the model at epoch 010 with test loss 7.9754311
Epoch: 011 | Train Loss: 7.8297525 | Grad norm: 7.476005 | Time: 5s213ms
Epoch: 011 | Test Loss: 7.9229691 | Time: 817ms
==> Save the model at epoch 011 with test loss 7.9229691
Epoch: 012 | Train Loss: 7.7900778 | Grad norm: 6.740036 | Time: 5s50ms
Epoch: 012 | Test Loss: 7.8931680 | Time: 754ms
==> Save the model at epoch 012 with test loss 7.8931680
Epoch: 013 | Train Loss: 7.7685328 | Grad norm: 6.169471 | Time: 4s440ms
Epoch: 013 | Test Loss: 7.8711861 | Time: 752ms
==> Save the model at epoch 013 with test loss 7.8711861
Epoch: 014 | Train Loss: 7.7538591 | Grad norm: 5.660037 | Time: 4s182ms
Epoch: 014 | Test Loss: 7.8676983 | Time: 747ms
==> Save the model at epoch 014 with test loss 7.8676983
Epoch: 015 | Train Loss: 7.7451331 | Grad norm: 5.206339 | Time: 4s278ms
Epoch: 015 | Test Loss: 7.8443712 | Time: 745ms
==> Save the model at epoch 015 with test loss 7.8443712
Epoch: 016 | Train Loss: 7.7389826 | Grad norm: 4.837532 | Time: 4s27ms
Epoch: 016 | Test Loss: 7.8453229 | Time: 750ms
Epoch: 017 | Train Loss: 7.7323836 | Grad norm: 4.453643 | Time: 4s20ms
Epoch: 017 | Test Loss: 7.8392566 | Time: 756ms
==> Save the model at epoch 017 with test loss 7.8392566
Epoch: 018 | Train Loss: 7.7326300 | Grad norm: 4.147102 | Time: 4s50ms
Epoch: 018 | Test Loss: 7.8337679 | Time: 748ms
==> Save the model at epoch 018 with test loss 7.8337679
Epoch: 019 | Train Loss: 7.7346274 | Grad norm: 3.784385 | Time: 4s191ms
Epoch: 019 | Test Loss: 7.8411174 | Time: 749ms
Epoch: 020 | Train Loss: 7.7283198 | Grad norm: 3.562422 | Time: 4s104ms
Epoch: 020 | Test Loss: 7.8369492 | Time: 751ms
Epoch: 021 | Train Loss: 7.7284843 | Grad norm: 3.243023 | Time: 4s44ms
Epoch: 021 | Test Loss: 7.8372601 | Time: 769ms
Epoch: 022 | Train Loss: 7.7270214 | Grad norm: 2.979946 | Time: 4s92ms
Epoch: 022 | Test Loss: 7.8315895 | Time: 840ms
==> Save the model at epoch 022 with test loss 7.8315895
Epoch: 023 | Train Loss: 7.7243406 | Grad norm: 2.697212 | Time: 5s177ms
Epoch: 023 | Test Loss: 7.8318712 | Time: 763ms
Epoch: 024 | Train Loss: 7.7243729 | Grad norm: 2.455982 | Time: 4s972ms
Epoch: 024 | Test Loss: 7.8285147 | Time: 764ms
==> Save the model at epoch 024 with test loss 7.8285147
Epoch: 025 | Train Loss: 7.7208148 | Grad norm: 2.187439 | Time: 4s730ms
Epoch: 025 | Test Loss: 7.8279584 | Time: 767ms
==> Save the model at epoch 025 with test loss 7.8279584
Epoch: 026 | Train Loss: 7.7213011 | Grad norm: 1.961553 | Time: 4s826ms
Epoch: 026 | Test Loss: 7.8274697 | Time: 761ms
==> Save the model at epoch 026 with test loss 7.8274697
Epoch: 027 | Train Loss: 7.7228394 | Grad norm: 1.736288 | Time: 4s909ms
Epoch: 027 | Test Loss: 7.8274771 | Time: 794ms
Epoch: 028 | Train Loss: 7.7235674 | Grad norm: 1.542033 | Time: 5s123ms
Epoch: 028 | Test Loss: 7.8263086 | Time: 782ms
==> Save the model at epoch 028 with test loss 7.8263086
Epoch: 029 | Train Loss: 7.7210554 | Grad norm: 0.771067 | Time: 5s363ms
Epoch: 029 | Test Loss: 7.8250494 | Time: 787ms
==> Save the model at epoch 029 with test loss 7.8250494
Epoch: 030 | Train Loss: 7.7180106 | Grad norm: 0.375696 | Time: 4s960ms
Epoch: 030 | Test Loss: 7.8250582 | Time: 764ms
Epoch: 031 | Train Loss: 7.7200031 | Grad norm: 0.348551 | Time: 4s870ms
Epoch: 031 | Test Loss: 7.8250198 | Time: 763ms
==> Save the model at epoch 031 with test loss 7.8250198
Epoch: 032 | Train Loss: 7.7179233 | Grad norm: 0.432293 | Time: 4s825ms
Epoch: 032 | Test Loss: 7.8252868 | Time: 756ms
Epoch: 033 | Train Loss: 7.7192384 | Grad norm: 0.300650 | Time: 4s865ms
Epoch: 033 | Test Loss: 7.8250149 | Time: 823ms
==> Save the model at epoch 033 with test loss 7.8250149
Epoch: 034 | Train Loss: 7.7199464 | Grad norm: 0.289785 | Time: 5s169ms
Epoch: 034 | Test Loss: 7.8250383 | Time: 753ms
Epoch: 035 | Train Loss: 7.7203249 | Grad norm: 0.285697 | Time: 4s995ms
Epoch: 035 | Test Loss: 7.8250151 | Time: 782ms
Epoch: 036 | Train Loss: 7.7189652 | Grad norm: 0.143846 | Time: 4s292ms
Epoch: 036 | Test Loss: 7.8250317 | Time: 763ms
Epoch: 037 | Train Loss: 7.7184735 | Grad norm: 0.181463 | Time: 4s947ms
Epoch: 037 | Test Loss: 7.8250148 | Time: 834ms
==> Save the model at epoch 037 with test loss 7.8250148
Epoch: 038 | Train Loss: 7.7167668 | Grad norm: 0.119469 | Time: 5s225ms
Epoch: 038 | Test Loss: 7.8250064 | Time: 800ms
==> Save the model at epoch 038 with test loss 7.8250064
Epoch: 039 | Train Loss: 7.7194210 | Grad norm: 0.117574 | Time: 5s265ms
Epoch: 039 | Test Loss: 7.8250450 | Time: 793ms
Epoch: 040 | Train Loss: 7.7168831 | Grad norm: 0.107584 | Time: 4s472ms
Epoch: 040 | Test Loss: 7.8250164 | Time: 754ms
Total time: 3m41s
==> Saving trained model weights...
==> Input bias to be applied to the neural network (trained):
[0. 0.]
==> Input transform to be applied to the neural network (trained):
[0.5090095 0.5090095]
==> Output transform to be applied to the neural network (trained):
[3.9366 3.9363]
==> Saving training info...
==> Drawing training loss...
==> Drawing grad norm...
==> Drawing testing loss...
==> Process finished.
