==> torch device:  cuda:1
==> Test-Train split: test_ratio = 0.20
==> Test-Train split seed:  None
==> Further split: further_train_ratio = 1.00
==> Further split seed:  None
==> Input bias to be applied to the neural network:
[0. 0.]
==> Input transform to be applied to the neural network:
[0.5576312  0.56041247]
==> Ouput transform to be applied to the neural network:
[1.7847 1.7916]
==> Evaluating model...
==========================================================================================
Layer (type:depth-idx)                   Output Shape              Param #
==========================================================================================
NeuralNetwork                            [1, 2]                    6
├─Sequential: 1-1                        [1, 2]                    --
│    └─Linear: 2-1                       [1, 64]                   192
│    └─ReLU: 2-2                         [1, 64]                   --
│    └─Linear: 2-3                       [1, 64]                   4,160
│    └─ReLU: 2-4                         [1, 64]                   --
│    └─Linear: 2-5                       [1, 64]                   4,160
│    └─ReLU: 2-6                         [1, 64]                   --
│    └─Linear: 2-7                       [1, 64]                   4,160
│    └─ReLU: 2-8                         [1, 64]                   --
│    └─Linear: 2-9                       [1, 64]                   4,160
│    └─ReLU: 2-10                        [1, 64]                   --
│    └─Linear: 2-11                      [1, 64]                   4,160
│    └─ReLU: 2-12                        [1, 64]                   --
│    └─Linear: 2-13                      [1, 64]                   4,160
│    └─ReLU: 2-14                        [1, 64]                   --
│    └─Linear: 2-15                      [1, 2]                    130
├─Sequential: 1-2                        [1, 2]                    (recursive)
│    └─Linear: 2-16                      [1, 64]                   (recursive)
│    └─ReLU: 2-17                        [1, 64]                   --
│    └─Linear: 2-18                      [1, 64]                   (recursive)
│    └─ReLU: 2-19                        [1, 64]                   --
│    └─Linear: 2-20                      [1, 64]                   (recursive)
│    └─ReLU: 2-21                        [1, 64]                   --
│    └─Linear: 2-22                      [1, 64]                   (recursive)
│    └─ReLU: 2-23                        [1, 64]                   --
│    └─Linear: 2-24                      [1, 64]                   (recursive)
│    └─ReLU: 2-25                        [1, 64]                   --
│    └─Linear: 2-26                      [1, 64]                   (recursive)
│    └─ReLU: 2-27                        [1, 64]                   --
│    └─Linear: 2-28                      [1, 64]                   (recursive)
│    └─ReLU: 2-29                        [1, 64]                   --
│    └─Linear: 2-30                      [1, 2]                    (recursive)
==========================================================================================
Total params: 25,288
Trainable params: 25,282
Non-trainable params: 6
Total mult-adds (Units.MEGABYTES): 0.05
==========================================================================================
Input size (MB): 0.00
Forward/backward pass size (MB): 0.01
Params size (MB): 0.10
Estimated Total Size (MB): 0.11
==========================================================================================
==> Saving initial model weights...
==> Start training...
==> Number of param_groups in optimizer: 1
Epoch: 001 | Train Loss: 6.3936257 | Grad norm: 0.215930 | Time: 7s2ms
Epoch: 001 | Test Loss: 6.4077490 | Time: 768ms
==> Save the model at epoch 001 with test loss 6.4077490
Epoch: 002 | Train Loss: 0.7831018 | Grad norm: 0.619542 | Time: 6s861ms
Epoch: 002 | Test Loss: 0.0035400 | Time: 781ms
==> Save the model at epoch 002 with test loss 0.0035400
Epoch: 003 | Train Loss: 0.0033473 | Grad norm: 0.199199 | Time: 6s774ms
Epoch: 003 | Test Loss: 0.0031055 | Time: 764ms
==> Save the model at epoch 003 with test loss 0.0031055
Epoch: 004 | Train Loss: 0.0032218 | Grad norm: 0.225327 | Time: 6s933ms
Epoch: 004 | Test Loss: 0.0030794 | Time: 755ms
==> Save the model at epoch 004 with test loss 0.0030794
Epoch: 005 | Train Loss: 0.0032468 | Grad norm: 0.245444 | Time: 6s859ms
Epoch: 005 | Test Loss: 0.0036178 | Time: 782ms
Epoch: 006 | Train Loss: 0.0032863 | Grad norm: 0.248978 | Time: 6s952ms
Epoch: 006 | Test Loss: 0.0032034 | Time: 759ms
Epoch: 007 | Train Loss: 0.0033743 | Grad norm: 0.275463 | Time: 6s841ms
Epoch: 007 | Test Loss: 0.0033531 | Time: 790ms
Epoch: 008 | Train Loss: 0.0033881 | Grad norm: 0.274337 | Time: 6s836ms
Epoch: 008 | Test Loss: 0.0037509 | Time: 762ms
Epoch: 009 | Train Loss: 0.0034951 | Grad norm: 0.290661 | Time: 6s828ms
Epoch: 009 | Test Loss: 0.0028921 | Time: 763ms
==> Save the model at epoch 009 with test loss 0.0028921
Epoch: 010 | Train Loss: 0.0033882 | Grad norm: 0.264928 | Time: 6s956ms
Epoch: 010 | Test Loss: 0.0028472 | Time: 755ms
==> Save the model at epoch 010 with test loss 0.0028472
Epoch: 011 | Train Loss: 0.0033650 | Grad norm: 0.261126 | Time: 6s775ms
Epoch: 011 | Test Loss: 0.0035704 | Time: 760ms
Epoch: 012 | Train Loss: 0.0033045 | Grad norm: 0.252985 | Time: 6s856ms
Epoch: 012 | Test Loss: 0.0031939 | Time: 752ms
Epoch: 013 | Train Loss: 0.0032609 | Grad norm: 0.240629 | Time: 6s469ms
Epoch: 013 | Test Loss: 0.0033902 | Time: 758ms
Epoch: 014 | Train Loss: 0.0032757 | Grad norm: 0.240831 | Time: 6s871ms
Epoch: 014 | Test Loss: 0.0029331 | Time: 757ms
Epoch: 015 | Train Loss: 0.0032588 | Grad norm: 0.244236 | Time: 6s941ms
Epoch: 015 | Test Loss: 0.0030991 | Time: 759ms
Epoch: 016 | Train Loss: 0.0031803 | Grad norm: 0.220030 | Time: 6s838ms
Epoch: 016 | Test Loss: 0.0031586 | Time: 901ms
Epoch: 017 | Train Loss: 0.0032791 | Grad norm: 0.240323 | Time: 6s882ms
Epoch: 017 | Test Loss: 0.0028412 | Time: 827ms
==> Save the model at epoch 017 with test loss 0.0028412
Epoch: 018 | Train Loss: 0.0031261 | Grad norm: 0.209038 | Time: 7s86ms
Epoch: 018 | Test Loss: 0.0030790 | Time: 907ms
Epoch: 019 | Train Loss: 0.0030984 | Grad norm: 0.204791 | Time: 6s976ms
Epoch: 019 | Test Loss: 0.0034247 | Time: 849ms
Epoch: 020 | Train Loss: 0.0030756 | Grad norm: 0.198000 | Time: 6s877ms
Epoch: 020 | Test Loss: 0.0030638 | Time: 777ms
Epoch: 021 | Train Loss: 0.0030420 | Grad norm: 0.192575 | Time: 6s793ms
Epoch: 021 | Test Loss: 0.0030261 | Time: 753ms
Epoch: 022 | Train Loss: 0.0030492 | Grad norm: 0.192095 | Time: 6s852ms
Epoch: 022 | Test Loss: 0.0030906 | Time: 764ms
Epoch: 023 | Train Loss: 0.0029719 | Grad norm: 0.170726 | Time: 6s677ms
Epoch: 023 | Test Loss: 0.0030893 | Time: 760ms
Epoch: 024 | Train Loss: 0.0030351 | Grad norm: 0.192536 | Time: 6s958ms
Epoch: 024 | Test Loss: 0.0030692 | Time: 760ms
Epoch: 025 | Train Loss: 0.0029542 | Grad norm: 0.166345 | Time: 6s956ms
Epoch: 025 | Test Loss: 0.0027728 | Time: 758ms
==> Save the model at epoch 025 with test loss 0.0027728
Epoch: 026 | Train Loss: 0.0029028 | Grad norm: 0.152972 | Time: 6s854ms
Epoch: 026 | Test Loss: 0.0030099 | Time: 766ms
Epoch: 027 | Train Loss: 0.0029195 | Grad norm: 0.160246 | Time: 6s946ms
Epoch: 027 | Test Loss: 0.0032367 | Time: 787ms
Epoch: 028 | Train Loss: 0.0028489 | Grad norm: 0.137866 | Time: 6s935ms
Epoch: 028 | Test Loss: 0.0029315 | Time: 764ms
Epoch: 029 | Train Loss: 0.0028529 | Grad norm: 0.142408 | Time: 6s643ms
Epoch: 029 | Test Loss: 0.0027272 | Time: 762ms
==> Save the model at epoch 029 with test loss 0.0027272
Epoch: 030 | Train Loss: 0.0028215 | Grad norm: 0.130201 | Time: 6s828ms
Epoch: 030 | Test Loss: 0.0028393 | Time: 786ms
Epoch: 031 | Train Loss: 0.0027931 | Grad norm: 0.117099 | Time: 6s661ms
Epoch: 031 | Test Loss: 0.0028088 | Time: 772ms
Epoch: 032 | Train Loss: 0.0027733 | Grad norm: 0.112723 | Time: 6s959ms
Epoch: 032 | Test Loss: 0.0027772 | Time: 763ms
Epoch: 033 | Train Loss: 0.0027602 | Grad norm: 0.108118 | Time: 7s122ms
Epoch: 033 | Test Loss: 0.0028684 | Time: 824ms
Epoch: 034 | Train Loss: 0.0027371 | Grad norm: 0.097475 | Time: 6s828ms
Epoch: 034 | Test Loss: 0.0027207 | Time: 768ms
==> Save the model at epoch 034 with test loss 0.0027207
Epoch: 035 | Train Loss: 0.0027182 | Grad norm: 0.087268 | Time: 6s689ms
Epoch: 035 | Test Loss: 0.0027415 | Time: 763ms
Epoch: 036 | Train Loss: 0.0027063 | Grad norm: 0.081760 | Time: 7s23ms
Epoch: 036 | Test Loss: 0.0027290 | Time: 898ms
Epoch: 037 | Train Loss: 0.0026889 | Grad norm: 0.070545 | Time: 6s838ms
Epoch: 037 | Test Loss: 0.0027081 | Time: 868ms
==> Save the model at epoch 037 with test loss 0.0027081
Epoch: 038 | Train Loss: 0.0026781 | Grad norm: 0.064848 | Time: 6s643ms
Epoch: 038 | Test Loss: 0.0027334 | Time: 828ms
Epoch: 039 | Train Loss: 0.0026696 | Grad norm: 0.059321 | Time: 6s742ms
Epoch: 039 | Test Loss: 0.0026730 | Time: 828ms
==> Save the model at epoch 039 with test loss 0.0026730
Epoch: 040 | Train Loss: 0.0026643 | Grad norm: 0.055258 | Time: 6s892ms
Epoch: 040 | Test Loss: 0.0026719 | Time: 832ms
==> Save the model at epoch 040 with test loss 0.0026719
Total time: 5m5s
==> Saving trained model weights...
==> Input bias to be applied to the neural network (trained):
[0. 0.]
==> Input transform to be applied to the neural network (trained):
[0.5576312  0.56041247]
==> Output transform to be applied to the neural network (trained):
[1.7847 1.7916]
==> Saving training info...
==> Drawing training loss...
==> Drawing grad norm...
==> Drawing testing loss...
==> Process finished.
