==> torch device:  cuda:0
==> Test-Train split: test_ratio = 0.20
==> Test-Train split seed:  None
==> Further split: further_train_ratio = 0.25
==> Further split seed:  None
==> Input bias to be applied to the neural network:
[0. 0.]
==> Input transform to be applied to the neural network:
[0.5123476 0.5241365]
==> Ouput transform to be applied to the neural network:
[1.908  1.9349]
==> Evaluating model...
==========================================================================================
Layer (type:depth-idx)                   Output Shape              Param #
==========================================================================================
NeuralNetwork                            [1, 2]                    6
├─Sequential: 1-1                        [1, 2]                    --
│    └─Linear: 2-1                       [1, 64]                   192
│    └─ReLU: 2-2                         [1, 64]                   --
│    └─Linear: 2-3                       [1, 64]                   4,160
│    └─ReLU: 2-4                         [1, 64]                   --
│    └─Linear: 2-5                       [1, 64]                   4,160
│    └─ReLU: 2-6                         [1, 64]                   --
│    └─Linear: 2-7                       [1, 64]                   4,160
│    └─ReLU: 2-8                         [1, 64]                   --
│    └─Linear: 2-9                       [1, 64]                   4,160
│    └─ReLU: 2-10                        [1, 64]                   --
│    └─Linear: 2-11                      [1, 64]                   4,160
│    └─ReLU: 2-12                        [1, 64]                   --
│    └─Linear: 2-13                      [1, 64]                   4,160
│    └─ReLU: 2-14                        [1, 64]                   --
│    └─Linear: 2-15                      [1, 2]                    130
├─Sequential: 1-2                        [1, 2]                    (recursive)
│    └─Linear: 2-16                      [1, 64]                   (recursive)
│    └─ReLU: 2-17                        [1, 64]                   --
│    └─Linear: 2-18                      [1, 64]                   (recursive)
│    └─ReLU: 2-19                        [1, 64]                   --
│    └─Linear: 2-20                      [1, 64]                   (recursive)
│    └─ReLU: 2-21                        [1, 64]                   --
│    └─Linear: 2-22                      [1, 64]                   (recursive)
│    └─ReLU: 2-23                        [1, 64]                   --
│    └─Linear: 2-24                      [1, 64]                   (recursive)
│    └─ReLU: 2-25                        [1, 64]                   --
│    └─Linear: 2-26                      [1, 64]                   (recursive)
│    └─ReLU: 2-27                        [1, 64]                   --
│    └─Linear: 2-28                      [1, 64]                   (recursive)
│    └─ReLU: 2-29                        [1, 64]                   --
│    └─Linear: 2-30                      [1, 2]                    (recursive)
==========================================================================================
Total params: 25,288
Trainable params: 25,282
Non-trainable params: 6
Total mult-adds (Units.MEGABYTES): 0.05
==========================================================================================
Input size (MB): 0.00
Forward/backward pass size (MB): 0.01
Params size (MB): 0.10
Estimated Total Size (MB): 0.11
==========================================================================================
==> Saving initial model weights...
==> Start training...
==> Number of param_groups in optimizer: 1
Epoch: 001 | Train Loss: 7.3795757 | Grad norm: 0.237811 | Time: 1s360ms
Epoch: 001 | Test Loss: 7.3647462 | Time: 498ms
==> Save the model at epoch 001 with test loss 7.3647462
Epoch: 002 | Train Loss: 6.6327097 | Grad norm: 2.013671 | Time: 1s111ms
Epoch: 002 | Test Loss: 4.7813878 | Time: 514ms
==> Save the model at epoch 002 with test loss 4.7813878
Epoch: 003 | Train Loss: 0.8209654 | Grad norm: 2.222497 | Time: 1s67ms
Epoch: 003 | Test Loss: 0.0370086 | Time: 578ms
==> Save the model at epoch 003 with test loss 0.0370086
Epoch: 004 | Train Loss: 0.0244303 | Grad norm: 0.628886 | Time: 1s144ms
Epoch: 004 | Test Loss: 0.0140639 | Time: 498ms
==> Save the model at epoch 004 with test loss 0.0140639
Epoch: 005 | Train Loss: 0.0100828 | Grad norm: 0.580619 | Time: 1s180ms
Epoch: 005 | Test Loss: 0.0056682 | Time: 504ms
==> Save the model at epoch 005 with test loss 0.0056682
Epoch: 006 | Train Loss: 0.0053681 | Grad norm: 0.632530 | Time: 1s102ms
Epoch: 006 | Test Loss: 0.0032218 | Time: 509ms
==> Save the model at epoch 006 with test loss 0.0032218
Epoch: 007 | Train Loss: 0.0039895 | Grad norm: 0.652442 | Time: 1s217ms
Epoch: 007 | Test Loss: 0.0044000 | Time: 518ms
Epoch: 008 | Train Loss: 0.0027010 | Grad norm: 0.488809 | Time: 1s172ms
Epoch: 008 | Test Loss: 0.0017927 | Time: 507ms
==> Save the model at epoch 008 with test loss 0.0017927
Epoch: 009 | Train Loss: 0.0048984 | Grad norm: 0.895028 | Time: 1s166ms
Epoch: 009 | Test Loss: 0.0036914 | Time: 499ms
Epoch: 010 | Train Loss: 0.0022224 | Grad norm: 0.461628 | Time: 1s153ms
Epoch: 010 | Test Loss: 0.0017581 | Time: 570ms
==> Save the model at epoch 010 with test loss 0.0017581
Epoch: 011 | Train Loss: 0.0020655 | Grad norm: 0.444687 | Time: 1s159ms
Epoch: 011 | Test Loss: 0.0014854 | Time: 508ms
==> Save the model at epoch 011 with test loss 0.0014854
Epoch: 012 | Train Loss: 0.0019141 | Grad norm: 0.413683 | Time: 1s116ms
Epoch: 012 | Test Loss: 0.0013795 | Time: 504ms
==> Save the model at epoch 012 with test loss 0.0013795
Epoch: 013 | Train Loss: 0.0026367 | Grad norm: 0.542348 | Time: 1s157ms
Epoch: 013 | Test Loss: 0.0018305 | Time: 498ms
Epoch: 014 | Train Loss: 0.0019017 | Grad norm: 0.434594 | Time: 1s304ms
Epoch: 014 | Test Loss: 0.0015018 | Time: 496ms
Epoch: 015 | Train Loss: 0.0016586 | Grad norm: 0.362980 | Time: 1s120ms
Epoch: 015 | Test Loss: 0.0013308 | Time: 530ms
==> Save the model at epoch 015 with test loss 0.0013308
Epoch: 016 | Train Loss: 0.0015862 | Grad norm: 0.353627 | Time: 1s200ms
Epoch: 016 | Test Loss: 0.0013919 | Time: 588ms
Epoch: 017 | Train Loss: 0.0014862 | Grad norm: 0.330263 | Time: 1s250ms
Epoch: 017 | Test Loss: 0.0013649 | Time: 580ms
Epoch: 018 | Train Loss: 0.0014031 | Grad norm: 0.306275 | Time: 1s152ms
Epoch: 018 | Test Loss: 0.0013974 | Time: 511ms
Epoch: 019 | Train Loss: 0.0012682 | Grad norm: 0.270636 | Time: 1s172ms
Epoch: 019 | Test Loss: 0.0011589 | Time: 512ms
==> Save the model at epoch 019 with test loss 0.0011589
Epoch: 020 | Train Loss: 0.0012847 | Grad norm: 0.294457 | Time: 1s281ms
Epoch: 020 | Test Loss: 0.0009961 | Time: 517ms
==> Save the model at epoch 020 with test loss 0.0009961
Epoch: 021 | Train Loss: 0.0012109 | Grad norm: 0.259634 | Time: 1s275ms
Epoch: 021 | Test Loss: 0.0010000 | Time: 497ms
Epoch: 022 | Train Loss: 0.0013885 | Grad norm: 0.320131 | Time: 1s259ms
Epoch: 022 | Test Loss: 0.0011947 | Time: 502ms
Epoch: 023 | Train Loss: 0.0011383 | Grad norm: 0.235090 | Time: 1s288ms
Epoch: 023 | Test Loss: 0.0011608 | Time: 567ms
Epoch: 024 | Train Loss: 0.0010635 | Grad norm: 0.221936 | Time: 996ms
Epoch: 024 | Test Loss: 0.0009498 | Time: 586ms
==> Save the model at epoch 024 with test loss 0.0009498
Epoch: 025 | Train Loss: 0.0010358 | Grad norm: 0.188210 | Time: 1s168ms
Epoch: 025 | Test Loss: 0.0011831 | Time: 502ms
Epoch: 026 | Train Loss: 0.0010743 | Grad norm: 0.221765 | Time: 1s164ms
Epoch: 026 | Test Loss: 0.0010131 | Time: 522ms
Epoch: 027 | Train Loss: 0.0010028 | Grad norm: 0.200730 | Time: 1s147ms
Epoch: 027 | Test Loss: 0.0009792 | Time: 516ms
Epoch: 028 | Train Loss: 0.0010123 | Grad norm: 0.210810 | Time: 1s297ms
Epoch: 028 | Test Loss: 0.0010241 | Time: 501ms
Epoch: 029 | Train Loss: 0.0009575 | Grad norm: 0.185635 | Time: 1s165ms
Epoch: 029 | Test Loss: 0.0009007 | Time: 505ms
==> Save the model at epoch 029 with test loss 0.0009007
Epoch: 030 | Train Loss: 0.0008741 | Grad norm: 0.126992 | Time: 1s112ms
Epoch: 030 | Test Loss: 0.0009036 | Time: 498ms
Epoch: 031 | Train Loss: 0.0008851 | Grad norm: 0.146850 | Time: 1s139ms
Epoch: 031 | Test Loss: 0.0008644 | Time: 514ms
==> Save the model at epoch 031 with test loss 0.0008644
Epoch: 032 | Train Loss: 0.0008671 | Grad norm: 0.133326 | Time: 1s215ms
Epoch: 032 | Test Loss: 0.0009052 | Time: 505ms
Epoch: 033 | Train Loss: 0.0008351 | Grad norm: 0.113537 | Time: 1s73ms
Epoch: 033 | Test Loss: 0.0008316 | Time: 516ms
==> Save the model at epoch 033 with test loss 0.0008316
Epoch: 034 | Train Loss: 0.0008160 | Grad norm: 0.095585 | Time: 1s112ms
Epoch: 034 | Test Loss: 0.0008119 | Time: 500ms
==> Save the model at epoch 034 with test loss 0.0008119
Epoch: 035 | Train Loss: 0.0007964 | Grad norm: 0.082819 | Time: 1s70ms
Epoch: 035 | Test Loss: 0.0008403 | Time: 570ms
Epoch: 036 | Train Loss: 0.0008022 | Grad norm: 0.087893 | Time: 1s139ms
Epoch: 036 | Test Loss: 0.0008226 | Time: 514ms
Epoch: 037 | Train Loss: 0.0007932 | Grad norm: 0.085099 | Time: 1s122ms
Epoch: 037 | Test Loss: 0.0007986 | Time: 503ms
==> Save the model at epoch 037 with test loss 0.0007986
Epoch: 038 | Train Loss: 0.0007824 | Grad norm: 0.072888 | Time: 1s156ms
Epoch: 038 | Test Loss: 0.0007966 | Time: 517ms
==> Save the model at epoch 038 with test loss 0.0007966
Epoch: 039 | Train Loss: 0.0007761 | Grad norm: 0.064416 | Time: 1s131ms
Epoch: 039 | Test Loss: 0.0007934 | Time: 498ms
==> Save the model at epoch 039 with test loss 0.0007934
Epoch: 040 | Train Loss: 0.0007712 | Grad norm: 0.057924 | Time: 1s123ms
Epoch: 040 | Test Loss: 0.0007915 | Time: 516ms
==> Save the model at epoch 040 with test loss 0.0007915
Total time: 1m7s
==> Saving trained model weights...
==> Input bias to be applied to the neural network (trained):
[0. 0.]
==> Input transform to be applied to the neural network (trained):
[0.5123476 0.5241365]
==> Output transform to be applied to the neural network (trained):
[1.908  1.9349]
==> Saving training info...
==> Drawing training loss...
==> Drawing grad norm...
==> Drawing testing loss...
==> Process finished.
