==> torch device:  cuda:1
==> Test-Train split: test_ratio = 0.20
==> Test-Train split seed:  None
==> Further split: further_train_ratio = 0.25
==> Further split seed:  None
==> Input bias to be applied to the neural network:
[0. 0.]
==> Input transform to be applied to the neural network:
[1. 1.]
==> Ouput transform to be applied to the neural network:
[1. 1.]
==> Evaluating model...
==========================================================================================
Layer (type:depth-idx)                   Output Shape              Param #
==========================================================================================
NeuralNetwork                            [1, 2]                    6
├─Sequential: 1-1                        [1, 2]                    --
│    └─Linear: 2-1                       [1, 64]                   192
│    └─LeakyReLU: 2-2                    [1, 64]                   --
│    └─Linear: 2-3                       [1, 64]                   4,160
│    └─LeakyReLU: 2-4                    [1, 64]                   --
│    └─Linear: 2-5                       [1, 64]                   4,160
│    └─LeakyReLU: 2-6                    [1, 64]                   --
│    └─Linear: 2-7                       [1, 64]                   4,160
│    └─LeakyReLU: 2-8                    [1, 64]                   --
│    └─Linear: 2-9                       [1, 64]                   4,160
│    └─LeakyReLU: 2-10                   [1, 64]                   --
│    └─Linear: 2-11                      [1, 64]                   4,160
│    └─LeakyReLU: 2-12                   [1, 64]                   --
│    └─Linear: 2-13                      [1, 64]                   4,160
│    └─LeakyReLU: 2-14                   [1, 64]                   --
│    └─Linear: 2-15                      [1, 2]                    130
==========================================================================================
Total params: 25,288
Trainable params: 25,282
Non-trainable params: 6
Total mult-adds (Units.MEGABYTES): 0.03
==========================================================================================
Input size (MB): 0.00
Forward/backward pass size (MB): 0.00
Params size (MB): 0.10
Estimated Total Size (MB): 0.10
==========================================================================================
==> Saving initial model weights...
==> Start training...
Epoch: 001 | Loss: 18.9189915 | L2 loss: 18.9189915 | Lip loss: 0.0000000 | Grad norm: 0.869334 | Time: 7s458ms
Epoch: 001 | Test Loss: 18.9444759 | Time: 441ms
==> Save the model at epoch 001 with test loss 18.9444759
Epoch: 002 | Loss: 17.5464923 | L2 loss: 17.5464923 | Lip loss: 0.0000000 | Grad norm: 4.331251 | Time: 7s244ms
Epoch: 002 | Test Loss: 15.1920300 | Time: 365ms
==> Save the model at epoch 002 with test loss 15.1920300
Epoch: 003 | Loss: 9.7460672 | L2 loss: 9.7460672 | Lip loss: 0.0000000 | Grad norm: 12.259427 | Time: 7s15ms
Epoch: 003 | Test Loss: 3.6363326 | Time: 374ms
==> Save the model at epoch 003 with test loss 3.6363326
Epoch: 004 | Loss: 0.7290933 | L2 loss: 0.7290933 | Lip loss: 0.0000000 | Grad norm: 5.644882 | Time: 6s914ms
Epoch: 004 | Test Loss: 0.0271164 | Time: 373ms
==> Save the model at epoch 004 with test loss 0.0271164
Epoch: 005 | Loss: 0.0115017 | L2 loss: 0.0115016 | Lip loss: 0.0000000 | Grad norm: 2.068915 | Time: 6s871ms
Epoch: 005 | Test Loss: 0.0057070 | Time: 365ms
==> Save the model at epoch 005 with test loss 0.0057070
Epoch: 006 | Loss: 0.0052257 | L2 loss: 0.0052257 | Lip loss: 0.0000000 | Grad norm: 0.526322 | Time: 6s919ms
Epoch: 006 | Test Loss: 0.0050795 | Time: 439ms
==> Save the model at epoch 006 with test loss 0.0050795
Epoch: 007 | Loss: 0.0048157 | L2 loss: 0.0048157 | Lip loss: 0.0000000 | Grad norm: 0.475156 | Time: 6s823ms
Epoch: 007 | Test Loss: 0.0046645 | Time: 369ms
==> Save the model at epoch 007 with test loss 0.0046645
Epoch: 008 | Loss: 0.0044259 | L2 loss: 0.0044258 | Lip loss: 0.0000000 | Grad norm: 0.408473 | Time: 6s898ms
Epoch: 008 | Test Loss: 0.0043444 | Time: 369ms
==> Save the model at epoch 008 with test loss 0.0043444
Epoch: 009 | Loss: 0.0041330 | L2 loss: 0.0041330 | Lip loss: 0.0000000 | Grad norm: 0.419983 | Time: 6s959ms
Epoch: 009 | Test Loss: 0.0040265 | Time: 377ms
==> Save the model at epoch 009 with test loss 0.0040265
Epoch: 010 | Loss: 0.0038725 | L2 loss: 0.0038725 | Lip loss: 0.0000000 | Grad norm: 0.467859 | Time: 7s109ms
Epoch: 010 | Test Loss: 0.0037899 | Time: 369ms
==> Save the model at epoch 010 with test loss 0.0037899
Epoch: 011 | Loss: 0.0036940 | L2 loss: 0.0036939 | Lip loss: 0.0000000 | Grad norm: 0.315014 | Time: 6s927ms
Epoch: 011 | Test Loss: 0.0037400 | Time: 377ms
==> Save the model at epoch 011 with test loss 0.0037400
Epoch: 012 | Loss: 0.0036773 | L2 loss: 0.0036772 | Lip loss: 0.0000000 | Grad norm: 0.338617 | Time: 6s956ms
Epoch: 012 | Test Loss: 0.0037271 | Time: 379ms
==> Save the model at epoch 012 with test loss 0.0037271
Epoch: 013 | Loss: 0.0036405 | L2 loss: 0.0036405 | Lip loss: 0.0000000 | Grad norm: 0.338965 | Time: 7s106ms
Epoch: 013 | Test Loss: 0.0036898 | Time: 446ms
==> Save the model at epoch 013 with test loss 0.0036898
Epoch: 014 | Loss: 0.0036094 | L2 loss: 0.0036094 | Lip loss: 0.0000000 | Grad norm: 0.352887 | Time: 6s871ms
Epoch: 014 | Test Loss: 0.0036672 | Time: 387ms
==> Save the model at epoch 014 with test loss 0.0036672
Epoch: 015 | Loss: 0.0035860 | L2 loss: 0.0035860 | Lip loss: 0.0000000 | Grad norm: 0.321657 | Time: 6s871ms
Epoch: 015 | Test Loss: 0.0036418 | Time: 375ms
==> Save the model at epoch 015 with test loss 0.0036418
Epoch: 016 | Loss: 0.0035872 | L2 loss: 0.0035871 | Lip loss: 0.0000000 | Grad norm: 0.292658 | Time: 7s145ms
Epoch: 016 | Test Loss: 0.0036354 | Time: 374ms
==> Save the model at epoch 016 with test loss 0.0036354
Epoch: 017 | Loss: 0.0035635 | L2 loss: 0.0035635 | Lip loss: 0.0000000 | Grad norm: 0.286720 | Time: 7s2ms
Epoch: 017 | Test Loss: 0.0036333 | Time: 394ms
==> Save the model at epoch 017 with test loss 0.0036333
Epoch: 018 | Loss: 0.0035599 | L2 loss: 0.0035599 | Lip loss: 0.0000000 | Grad norm: 0.286516 | Time: 6s866ms
Epoch: 018 | Test Loss: 0.0036311 | Time: 371ms
==> Save the model at epoch 018 with test loss 0.0036311
Epoch: 019 | Loss: 0.0035676 | L2 loss: 0.0035676 | Lip loss: 0.0000000 | Grad norm: 0.293117 | Time: 6s985ms
Epoch: 019 | Test Loss: 0.0036273 | Time: 381ms
==> Save the model at epoch 019 with test loss 0.0036273
Epoch: 020 | Loss: 0.0035818 | L2 loss: 0.0035818 | Lip loss: 0.0000000 | Grad norm: 0.302158 | Time: 7s111ms
Epoch: 020 | Test Loss: 0.0036258 | Time: 378ms
==> Save the model at epoch 020 with test loss 0.0036258
Epoch: 021 | Loss: 0.0035692 | L2 loss: 0.0035691 | Lip loss: 0.0000000 | Grad norm: 0.313311 | Time: 7s139ms
Epoch: 021 | Test Loss: 0.0036254 | Time: 371ms
==> Save the model at epoch 021 with test loss 0.0036254
Epoch: 022 | Loss: 0.0035720 | L2 loss: 0.0035720 | Lip loss: 0.0000000 | Grad norm: 0.290414 | Time: 7s12ms
Epoch: 022 | Test Loss: 0.0036251 | Time: 379ms
==> Save the model at epoch 022 with test loss 0.0036251
Epoch: 023 | Loss: 0.0035466 | L2 loss: 0.0035466 | Lip loss: 0.0000000 | Grad norm: 0.282091 | Time: 7s16ms
Epoch: 023 | Test Loss: 0.0036249 | Time: 440ms
==> Save the model at epoch 023 with test loss 0.0036249
Epoch: 024 | Loss: 0.0035705 | L2 loss: 0.0035704 | Lip loss: 0.0000000 | Grad norm: 0.299943 | Time: 6s962ms
Epoch: 024 | Test Loss: 0.0036246 | Time: 375ms
==> Save the model at epoch 024 with test loss 0.0036246
Epoch: 025 | Loss: 0.0035593 | L2 loss: 0.0035593 | Lip loss: 0.0000000 | Grad norm: 0.293457 | Time: 6s961ms
Epoch: 025 | Test Loss: 0.0036242 | Time: 385ms
==> Save the model at epoch 025 with test loss 0.0036242
Epoch: 026 | Loss: 0.0035685 | L2 loss: 0.0035685 | Lip loss: 0.0000000 | Grad norm: 0.284453 | Time: 6s803ms
Epoch: 026 | Test Loss: 0.0036242 | Time: 364ms
==> Save the model at epoch 026 with test loss 0.0036242
Epoch: 027 | Loss: 0.0035547 | L2 loss: 0.0035546 | Lip loss: 0.0000000 | Grad norm: 0.285953 | Time: 6s963ms
Epoch: 027 | Test Loss: 0.0036242 | Time: 369ms
==> Save the model at epoch 027 with test loss 0.0036242
Epoch: 028 | Loss: 0.0035443 | L2 loss: 0.0035443 | Lip loss: 0.0000000 | Grad norm: 0.297079 | Time: 6s928ms
Epoch: 028 | Test Loss: 0.0036242 | Time: 401ms
==> Save the model at epoch 028 with test loss 0.0036242
Epoch: 029 | Loss: 0.0035763 | L2 loss: 0.0035762 | Lip loss: 0.0000000 | Grad norm: 0.313707 | Time: 6s863ms
Epoch: 029 | Test Loss: 0.0036242 | Time: 365ms
==> Save the model at epoch 029 with test loss 0.0036242
Epoch: 030 | Loss: 0.0035724 | L2 loss: 0.0035724 | Lip loss: 0.0000000 | Grad norm: 0.293481 | Time: 7s83ms
Epoch: 030 | Test Loss: 0.0036242 | Time: 439ms
==> Save the model at epoch 030 with test loss 0.0036242
Epoch: 031 | Loss: 0.0035642 | L2 loss: 0.0035641 | Lip loss: 0.0000000 | Grad norm: 0.307842 | Time: 7s31ms
Epoch: 031 | Test Loss: 0.0036242 | Time: 376ms
==> Save the model at epoch 031 with test loss 0.0036242
Epoch: 032 | Loss: 0.0035772 | L2 loss: 0.0035771 | Lip loss: 0.0000000 | Grad norm: 0.305123 | Time: 7s23ms
Epoch: 032 | Test Loss: 0.0036242 | Time: 373ms
Epoch: 033 | Loss: 0.0035595 | L2 loss: 0.0035595 | Lip loss: 0.0000000 | Grad norm: 0.282809 | Time: 6s991ms
Epoch: 033 | Test Loss: 0.0036242 | Time: 379ms
Epoch: 034 | Loss: 0.0035567 | L2 loss: 0.0035566 | Lip loss: 0.0000000 | Grad norm: 0.315311 | Time: 7s
Epoch: 034 | Test Loss: 0.0036242 | Time: 380ms
Epoch: 035 | Loss: 0.0035658 | L2 loss: 0.0035658 | Lip loss: 0.0000000 | Grad norm: 0.287946 | Time: 6s939ms
Epoch: 035 | Test Loss: 0.0036242 | Time: 367ms
==> Save the model at epoch 035 with test loss 0.0036242
Epoch: 036 | Loss: 0.0035552 | L2 loss: 0.0035551 | Lip loss: 0.0000000 | Grad norm: 0.299310 | Time: 6s979ms
Epoch: 036 | Test Loss: 0.0036242 | Time: 382ms
Epoch: 037 | Loss: 0.0035561 | L2 loss: 0.0035561 | Lip loss: 0.0000000 | Grad norm: 0.293244 | Time: 7s546ms
Epoch: 037 | Test Loss: 0.0036242 | Time: 376ms
Epoch: 038 | Loss: 0.0035767 | L2 loss: 0.0035767 | Lip loss: 0.0000000 | Grad norm: 0.277013 | Time: 7s93ms
Epoch: 038 | Test Loss: 0.0036242 | Time: 381ms
==> Save the model at epoch 038 with test loss 0.0036242
Epoch: 039 | Loss: 0.0035600 | L2 loss: 0.0035600 | Lip loss: 0.0000000 | Grad norm: 0.309757 | Time: 6s918ms
Epoch: 039 | Test Loss: 0.0036242 | Time: 379ms
Epoch: 040 | Loss: 0.0035629 | L2 loss: 0.0035629 | Lip loss: 0.0000000 | Grad norm: 0.300431 | Time: 6s944ms
Epoch: 040 | Test Loss: 0.0036242 | Time: 371ms
Total time: 4m55s
==> Saving trained model weights...
==> Input bias to be applied to the neural network (trained):
[0. 0.]
==> Input transform to be applied to the neural network (trained):
[1. 1.]
==> Output transform to be applied to the neural network (trained):
[1. 1.]
==> Saving training info...
==> Drawing training loss...
==> Drawing grad norm...
==> Drawing testing loss...
==> Drawing l2 loss...
==> Drawing lip loss...
==> Process finished.
