==> torch device:  cuda:2
==> Test-Train split: test_ratio = 0.20
==> Test-Train split seed:  None
==> Further split: further_train_ratio = 1.00
==> Further split seed:  None
==> Lipschitz constant: 64.00
==> Input bias to be applied to the neural network:
[0. 0.]
==> Input transform to be applied to the neural network:
[0.496845   0.52004784]
==> Ouput transform to be applied to the neural network:
[1.9242 2.0182]
==> Evaluating model...
==========================================================================================
Layer (type:depth-idx)                   Output Shape              Param #
==========================================================================================
NeuralNetwork                            [1, 2]                    6
├─Sequential: 1-1                        [1, 2]                    --
│    └─SandwichFc: 2-1                   [1, 64]                   4,353
│    └─SandwichFc: 2-2                   [1, 64]                   8,321
│    └─SandwichFc: 2-3                   [1, 64]                   8,321
│    └─SandwichFc: 2-4                   [1, 64]                   8,321
│    └─SandwichFc: 2-5                   [1, 64]                   8,321
│    └─SandwichFc: 2-6                   [1, 64]                   8,321
│    └─SandwichFc: 2-7                   [1, 64]                   8,321
│    └─SandwichLin: 2-8                  [1, 2]                    135
├─Sequential: 1-2                        [1, 2]                    (recursive)
│    └─SandwichFc: 2-9                   [1, 64]                   (recursive)
│    └─SandwichFc: 2-10                  [1, 64]                   (recursive)
│    └─SandwichFc: 2-11                  [1, 64]                   (recursive)
│    └─SandwichFc: 2-12                  [1, 64]                   (recursive)
│    └─SandwichFc: 2-13                  [1, 64]                   (recursive)
│    └─SandwichFc: 2-14                  [1, 64]                   (recursive)
│    └─SandwichFc: 2-15                  [1, 64]                   (recursive)
│    └─SandwichLin: 2-16                 [1, 2]                    (recursive)
==========================================================================================
Total params: 54,420
Trainable params: 54,414
Non-trainable params: 6
Total mult-adds (Units.MEGABYTES): 0.11
==========================================================================================
Input size (MB): 0.00
Forward/backward pass size (MB): 0.01
Params size (MB): 0.22
Estimated Total Size (MB): 0.22
==========================================================================================
==> Saving initial model weights...
==> Start training...
==> Number of param_groups in optimizer: 1
Epoch: 001 | Train Loss: 8.4847547 | Grad norm: 145.961304 | Time: 18s717ms
Epoch: 001 | Test Loss: 8.4590175 | Time: 608ms
==> Save the model at epoch 001 with test loss 8.4590175
Epoch: 002 | Train Loss: 0.1386259 | Grad norm: 11.079512 | Time: 17s705ms
Epoch: 002 | Test Loss: 0.0131130 | Time: 593ms
==> Save the model at epoch 002 with test loss 0.0131130
Epoch: 003 | Train Loss: 0.0216871 | Grad norm: 6.254120 | Time: 17s386ms
Epoch: 003 | Test Loss: 0.0176973 | Time: 589ms
Epoch: 004 | Train Loss: 0.0262548 | Grad norm: 6.068000 | Time: 17s392ms
Epoch: 004 | Test Loss: 0.0240939 | Time: 608ms
Epoch: 005 | Train Loss: 0.0297512 | Grad norm: 6.159603 | Time: 17s381ms
Epoch: 005 | Test Loss: 0.0350695 | Time: 599ms
Epoch: 006 | Train Loss: 0.0338900 | Grad norm: 6.371175 | Time: 17s490ms
Epoch: 006 | Test Loss: 0.0216560 | Time: 717ms
Epoch: 007 | Train Loss: 0.0416994 | Grad norm: 6.995194 | Time: 18s758ms
Epoch: 007 | Test Loss: 0.0323938 | Time: 682ms
Epoch: 008 | Train Loss: 0.0397532 | Grad norm: 6.223211 | Time: 18s537ms
Epoch: 008 | Test Loss: 0.0279395 | Time: 600ms
Epoch: 009 | Train Loss: 0.0352342 | Grad norm: 5.934707 | Time: 17s398ms
Epoch: 009 | Test Loss: 0.0291840 | Time: 674ms
Epoch: 010 | Train Loss: 0.0342639 | Grad norm: 5.180279 | Time: 18s55ms
Epoch: 010 | Test Loss: 0.0272647 | Time: 571ms
Epoch: 011 | Train Loss: 0.0280247 | Grad norm: 4.546138 | Time: 17s434ms
Epoch: 011 | Test Loss: 0.0138401 | Time: 602ms
Epoch: 012 | Train Loss: 0.0239686 | Grad norm: 4.067129 | Time: 17s332ms
Epoch: 012 | Test Loss: 0.0253612 | Time: 634ms
Epoch: 013 | Train Loss: 0.0213164 | Grad norm: 3.669439 | Time: 17s127ms
Epoch: 013 | Test Loss: 0.0206744 | Time: 605ms
Epoch: 014 | Train Loss: 0.0189483 | Grad norm: 3.211324 | Time: 17s335ms
Epoch: 014 | Test Loss: 0.0264098 | Time: 619ms
Epoch: 015 | Train Loss: 0.0180154 | Grad norm: 3.033810 | Time: 17s503ms
Epoch: 015 | Test Loss: 0.0208277 | Time: 584ms
Epoch: 016 | Train Loss: 0.0154865 | Grad norm: 2.786185 | Time: 18s76ms
Epoch: 016 | Test Loss: 0.0118306 | Time: 674ms
==> Save the model at epoch 016 with test loss 0.0118306
Epoch: 017 | Train Loss: 0.0161796 | Grad norm: 2.646841 | Time: 18s40ms
Epoch: 017 | Test Loss: 0.0105269 | Time: 614ms
==> Save the model at epoch 017 with test loss 0.0105269
Epoch: 018 | Train Loss: 0.0145184 | Grad norm: 2.411056 | Time: 17s818ms
Epoch: 018 | Test Loss: 0.0111736 | Time: 602ms
Epoch: 019 | Train Loss: 0.0135778 | Grad norm: 2.206362 | Time: 17s697ms
Epoch: 019 | Test Loss: 0.0102190 | Time: 618ms
==> Save the model at epoch 019 with test loss 0.0102190
Epoch: 020 | Train Loss: 0.0122616 | Grad norm: 1.948491 | Time: 17s512ms
Epoch: 020 | Test Loss: 0.0125591 | Time: 698ms
Epoch: 021 | Train Loss: 0.0119754 | Grad norm: 2.037403 | Time: 17s518ms
Epoch: 021 | Test Loss: 0.0132346 | Time: 661ms
Epoch: 022 | Train Loss: 0.0109250 | Grad norm: 1.716621 | Time: 18s130ms
Epoch: 022 | Test Loss: 0.0127191 | Time: 603ms
Epoch: 023 | Train Loss: 0.0106492 | Grad norm: 1.696455 | Time: 17s513ms
Epoch: 023 | Test Loss: 0.0110887 | Time: 608ms
Epoch: 024 | Train Loss: 0.0120324 | Grad norm: 1.887099 | Time: 18s39ms
Epoch: 024 | Test Loss: 0.0113965 | Time: 584ms
Epoch: 025 | Train Loss: 0.0100281 | Grad norm: 1.502582 | Time: 18s131ms
Epoch: 025 | Test Loss: 0.0098639 | Time: 594ms
==> Save the model at epoch 025 with test loss 0.0098639
Epoch: 026 | Train Loss: 0.0093335 | Grad norm: 1.354221 | Time: 17s491ms
Epoch: 026 | Test Loss: 0.0088646 | Time: 577ms
==> Save the model at epoch 026 with test loss 0.0088646
Epoch: 027 | Train Loss: 0.0086259 | Grad norm: 1.132869 | Time: 17s723ms
Epoch: 027 | Test Loss: 0.0098611 | Time: 607ms
Epoch: 028 | Train Loss: 0.0085264 | Grad norm: 1.096899 | Time: 17s57ms
Epoch: 028 | Test Loss: 0.0091922 | Time: 595ms
Epoch: 029 | Train Loss: 0.0079554 | Grad norm: 0.921484 | Time: 17s558ms
Epoch: 029 | Test Loss: 0.0079960 | Time: 636ms
==> Save the model at epoch 029 with test loss 0.0079960
Epoch: 030 | Train Loss: 0.0076293 | Grad norm: 0.816959 | Time: 17s840ms
Epoch: 030 | Test Loss: 0.0077331 | Time: 595ms
==> Save the model at epoch 030 with test loss 0.0077331
Epoch: 031 | Train Loss: 0.0074771 | Grad norm: 0.772202 | Time: 17s998ms
Epoch: 031 | Test Loss: 0.0071825 | Time: 697ms
==> Save the model at epoch 031 with test loss 0.0071825
Epoch: 032 | Train Loss: 0.0072479 | Grad norm: 0.687759 | Time: 17s712ms
Epoch: 032 | Test Loss: 0.0069328 | Time: 583ms
==> Save the model at epoch 032 with test loss 0.0069328
Epoch: 033 | Train Loss: 0.0070912 | Grad norm: 0.648975 | Time: 18s463ms
Epoch: 033 | Test Loss: 0.0067071 | Time: 662ms
==> Save the model at epoch 033 with test loss 0.0067071
Epoch: 034 | Train Loss: 0.0069281 | Grad norm: 0.572366 | Time: 17s503ms
Epoch: 034 | Test Loss: 0.0065237 | Time: 669ms
==> Save the model at epoch 034 with test loss 0.0065237
Epoch: 035 | Train Loss: 0.0068199 | Grad norm: 0.522847 | Time: 17s297ms
Epoch: 035 | Test Loss: 0.0070558 | Time: 623ms
Epoch: 036 | Train Loss: 0.0067325 | Grad norm: 0.473973 | Time: 17s348ms
Epoch: 036 | Test Loss: 0.0067860 | Time: 589ms
Epoch: 037 | Train Loss: 0.0066412 | Grad norm: 0.448033 | Time: 17s48ms
Epoch: 037 | Test Loss: 0.0065820 | Time: 580ms
Epoch: 038 | Train Loss: 0.0065713 | Grad norm: 0.383031 | Time: 17s321ms
Epoch: 038 | Test Loss: 0.0063833 | Time: 584ms
==> Save the model at epoch 038 with test loss 0.0063833
Epoch: 039 | Train Loss: 0.0065032 | Grad norm: 0.336025 | Time: 17s918ms
Epoch: 039 | Test Loss: 0.0063827 | Time: 671ms
==> Save the model at epoch 039 with test loss 0.0063827
Epoch: 040 | Train Loss: 0.0064690 | Grad norm: 0.304069 | Time: 17s832ms
Epoch: 040 | Test Loss: 0.0063628 | Time: 659ms
==> Save the model at epoch 040 with test loss 0.0063628
Total time: 12m13s
==> Saving trained model weights...
==> Input bias to be applied to the neural network (trained):
[0. 0.]
==> Input transform to be applied to the neural network (trained):
[0.496845   0.52004784]
==> Output transform to be applied to the neural network (trained):
[1.9242 2.0182]
==> Saving training info...
==> Drawing training loss...
==> Drawing grad norm...
==> Drawing testing loss...
==> Process finished.
