==> torch device:  cuda:3
==> Test-Train split: test_ratio = 0.20
==> Test-Train split seed:  None
==> Further split: further_train_ratio = 1.00
==> Further split seed:  None
==> Lipschitz constant: 128.00
==> Input bias to be applied to the neural network:
[0. 0. 0. 0.]
==> Input transform to be applied to the neural network:
[0.708416   0.723275   0.67681897 0.67421794]
==> Ouput transform to be applied to the neural network:
[0.2339 0.2936]
==> Evaluating model...
==========================================================================================
Layer (type:depth-idx)                   Output Shape              Param #
==========================================================================================
NeuralNetwork                            [1, 2]                    10
├─Sequential: 1-1                        [1, 2]                    --
│    └─SandwichFc: 2-1                   [1, 64]                   4,481
│    └─SandwichFc: 2-2                   [1, 64]                   8,321
│    └─SandwichFc: 2-3                   [1, 64]                   8,321
│    └─SandwichFc: 2-4                   [1, 64]                   8,321
│    └─SandwichFc: 2-5                   [1, 64]                   8,321
│    └─SandwichFc: 2-6                   [1, 64]                   8,321
│    └─SandwichFc: 2-7                   [1, 64]                   8,321
│    └─SandwichLin: 2-8                  [1, 2]                    135
├─Sequential: 1-2                        [1, 2]                    (recursive)
│    └─SandwichFc: 2-9                   [1, 64]                   (recursive)
│    └─SandwichFc: 2-10                  [1, 64]                   (recursive)
│    └─SandwichFc: 2-11                  [1, 64]                   (recursive)
│    └─SandwichFc: 2-12                  [1, 64]                   (recursive)
│    └─SandwichFc: 2-13                  [1, 64]                   (recursive)
│    └─SandwichFc: 2-14                  [1, 64]                   (recursive)
│    └─SandwichFc: 2-15                  [1, 64]                   (recursive)
│    └─SandwichLin: 2-16                 [1, 2]                    (recursive)
==========================================================================================
Total params: 54,552
Trainable params: 54,542
Non-trainable params: 10
Total mult-adds (Units.MEGABYTES): 0.11
==========================================================================================
Input size (MB): 0.00
Forward/backward pass size (MB): 0.01
Params size (MB): 0.22
Estimated Total Size (MB): 0.23
==========================================================================================
==> Saving initial model weights...
==> Start training...
==> Number of param_groups in optimizer: 1
Epoch: 001 | Train Loss: 0.2935252 | Grad norm: 8.097570 | Time: 17s762ms
Epoch: 001 | Test Loss: 0.2935410 | Time: 635ms
==> Save the model at epoch 001 with test loss 0.2935410
Epoch: 002 | Train Loss: 0.0145447 | Grad norm: 0.446313 | Time: 16s920ms
Epoch: 002 | Test Loss: 0.0100390 | Time: 621ms
==> Save the model at epoch 002 with test loss 0.0100390
Epoch: 003 | Train Loss: 0.0105989 | Grad norm: 0.253786 | Time: 16s894ms
Epoch: 003 | Test Loss: 0.0104798 | Time: 613ms
Epoch: 004 | Train Loss: 0.0104351 | Grad norm: 0.205855 | Time: 17s48ms
Epoch: 004 | Test Loss: 0.0096017 | Time: 616ms
==> Save the model at epoch 004 with test loss 0.0096017
Epoch: 005 | Train Loss: 0.0103770 | Grad norm: 0.184687 | Time: 16s992ms
Epoch: 005 | Test Loss: 0.0096743 | Time: 620ms
Epoch: 006 | Train Loss: 0.0103393 | Grad norm: 0.184526 | Time: 17s31ms
Epoch: 006 | Test Loss: 0.0103213 | Time: 706ms
Epoch: 007 | Train Loss: 0.0103233 | Grad norm: 0.181804 | Time: 16s757ms
Epoch: 007 | Test Loss: 0.0098916 | Time: 633ms
Epoch: 008 | Train Loss: 0.0100600 | Grad norm: 0.166470 | Time: 17s283ms
Epoch: 008 | Test Loss: 0.0096457 | Time: 628ms
Epoch: 009 | Train Loss: 0.0099605 | Grad norm: 0.168446 | Time: 17s65ms
Epoch: 009 | Test Loss: 0.0098613 | Time: 784ms
Epoch: 010 | Train Loss: 0.0095835 | Grad norm: 0.156085 | Time: 16s976ms
Epoch: 010 | Test Loss: 0.0092370 | Time: 622ms
==> Save the model at epoch 010 with test loss 0.0092370
Epoch: 011 | Train Loss: 0.0092442 | Grad norm: 0.145243 | Time: 16s700ms
Epoch: 011 | Test Loss: 0.0085592 | Time: 626ms
==> Save the model at epoch 011 with test loss 0.0085592
Epoch: 012 | Train Loss: 0.0089799 | Grad norm: 0.142359 | Time: 16s526ms
Epoch: 012 | Test Loss: 0.0086575 | Time: 630ms
Epoch: 013 | Train Loss: 0.0087741 | Grad norm: 0.131056 | Time: 17s28ms
Epoch: 013 | Test Loss: 0.0086379 | Time: 617ms
Epoch: 014 | Train Loss: 0.0086511 | Grad norm: 0.128592 | Time: 17s306ms
Epoch: 014 | Test Loss: 0.0083359 | Time: 614ms
==> Save the model at epoch 014 with test loss 0.0083359
Epoch: 015 | Train Loss: 0.0085259 | Grad norm: 0.127902 | Time: 17s518ms
Epoch: 015 | Test Loss: 0.0084162 | Time: 619ms
Epoch: 016 | Train Loss: 0.0084481 | Grad norm: 0.121094 | Time: 17s45ms
Epoch: 016 | Test Loss: 0.0077636 | Time: 616ms
==> Save the model at epoch 016 with test loss 0.0077636
Epoch: 017 | Train Loss: 0.0083584 | Grad norm: 0.120244 | Time: 17s515ms
Epoch: 017 | Test Loss: 0.0081970 | Time: 624ms
Epoch: 018 | Train Loss: 0.0082988 | Grad norm: 0.116537 | Time: 17s374ms
Epoch: 018 | Test Loss: 0.0076317 | Time: 621ms
==> Save the model at epoch 018 with test loss 0.0076317
Epoch: 019 | Train Loss: 0.0081529 | Grad norm: 0.111407 | Time: 17s305ms
Epoch: 019 | Test Loss: 0.0079500 | Time: 640ms
Epoch: 020 | Train Loss: 0.0081065 | Grad norm: 0.104894 | Time: 17s663ms
Epoch: 020 | Test Loss: 0.0077568 | Time: 693ms
Epoch: 021 | Train Loss: 0.0080269 | Grad norm: 0.102317 | Time: 17s255ms
Epoch: 021 | Test Loss: 0.0078121 | Time: 629ms
Epoch: 022 | Train Loss: 0.0079884 | Grad norm: 0.100086 | Time: 17s147ms
Epoch: 022 | Test Loss: 0.0076860 | Time: 639ms
Epoch: 023 | Train Loss: 0.0079267 | Grad norm: 0.101400 | Time: 17s417ms
Epoch: 023 | Test Loss: 0.0077037 | Time: 620ms
Epoch: 024 | Train Loss: 0.0078610 | Grad norm: 0.099477 | Time: 17s509ms
Epoch: 024 | Test Loss: 0.0074625 | Time: 628ms
==> Save the model at epoch 024 with test loss 0.0074625
Epoch: 025 | Train Loss: 0.0078199 | Grad norm: 0.100726 | Time: 17s750ms
Epoch: 025 | Test Loss: 0.0077101 | Time: 624ms
Epoch: 026 | Train Loss: 0.0077891 | Grad norm: 0.098792 | Time: 17s373ms
Epoch: 026 | Test Loss: 0.0075302 | Time: 625ms
Epoch: 027 | Train Loss: 0.0076824 | Grad norm: 0.093395 | Time: 17s457ms
Epoch: 027 | Test Loss: 0.0075907 | Time: 628ms
Epoch: 028 | Train Loss: 0.0076376 | Grad norm: 0.094249 | Time: 17s92ms
Epoch: 028 | Test Loss: 0.0076381 | Time: 624ms
Epoch: 029 | Train Loss: 0.0075634 | Grad norm: 0.089623 | Time: 17s156ms
Epoch: 029 | Test Loss: 0.0075073 | Time: 618ms
Epoch: 030 | Train Loss: 0.0075228 | Grad norm: 0.091844 | Time: 17s376ms
Epoch: 030 | Test Loss: 0.0072606 | Time: 624ms
==> Save the model at epoch 030 with test loss 0.0072606
Epoch: 031 | Train Loss: 0.0074508 | Grad norm: 0.088084 | Time: 16s854ms
Epoch: 031 | Test Loss: 0.0073066 | Time: 690ms
Epoch: 032 | Train Loss: 0.0073825 | Grad norm: 0.084946 | Time: 17s471ms
Epoch: 032 | Test Loss: 0.0072126 | Time: 620ms
==> Save the model at epoch 032 with test loss 0.0072126
Epoch: 033 | Train Loss: 0.0073370 | Grad norm: 0.084518 | Time: 17s529ms
Epoch: 033 | Test Loss: 0.0073053 | Time: 654ms
Epoch: 034 | Train Loss: 0.0072893 | Grad norm: 0.084146 | Time: 17s189ms
Epoch: 034 | Test Loss: 0.0072156 | Time: 700ms
Epoch: 035 | Train Loss: 0.0072396 | Grad norm: 0.082830 | Time: 17s486ms
Epoch: 035 | Test Loss: 0.0071343 | Time: 626ms
==> Save the model at epoch 035 with test loss 0.0071343
Epoch: 036 | Train Loss: 0.0072034 | Grad norm: 0.082151 | Time: 17s262ms
Epoch: 036 | Test Loss: 0.0071044 | Time: 631ms
==> Save the model at epoch 036 with test loss 0.0071044
Epoch: 037 | Train Loss: 0.0071522 | Grad norm: 0.081019 | Time: 17s121ms
Epoch: 037 | Test Loss: 0.0070848 | Time: 624ms
==> Save the model at epoch 037 with test loss 0.0070848
Epoch: 038 | Train Loss: 0.0071233 | Grad norm: 0.079118 | Time: 17s690ms
Epoch: 038 | Test Loss: 0.0070670 | Time: 629ms
==> Save the model at epoch 038 with test loss 0.0070670
Epoch: 039 | Train Loss: 0.0071033 | Grad norm: 0.079601 | Time: 17s440ms
Epoch: 039 | Test Loss: 0.0070546 | Time: 624ms
==> Save the model at epoch 039 with test loss 0.0070546
Epoch: 040 | Train Loss: 0.0070872 | Grad norm: 0.079880 | Time: 17s276ms
Epoch: 040 | Test Loss: 0.0070485 | Time: 677ms
==> Save the model at epoch 040 with test loss 0.0070485
Total time: 11m55s
==> Saving trained model weights...
==> Input bias to be applied to the neural network (trained):
[0. 0. 0. 0.]
==> Input transform to be applied to the neural network (trained):
[0.708416   0.723275   0.67681897 0.67421794]
==> Output transform to be applied to the neural network (trained):
[0.2339 0.2936]
==> Saving training info...
==> Drawing training loss...
==> Drawing grad norm...
==> Drawing testing loss...
==> Process finished.
