==> torch device:  cuda:3
==> Test-Train split: test_ratio = 0.20
==> Test-Train split seed:  None
==> Further split: further_train_ratio = 1.00
==> Further split seed:  None
==> Input bias to be applied to the neural network:
[0. 0.]
==> Input transform to be applied to the neural network:
[0.496845   0.52004784]
==> Ouput transform to be applied to the neural network:
[1.9242 2.0182]
==> Evaluating model...
==========================================================================================
Layer (type:depth-idx)                   Output Shape              Param #
==========================================================================================
NeuralNetwork                            [1, 2]                    6
├─Sequential: 1-1                        [1, 2]                    --
│    └─Linear: 2-1                       [1, 64]                   192
│    └─ReLU: 2-2                         [1, 64]                   --
│    └─Linear: 2-3                       [1, 64]                   4,160
│    └─ReLU: 2-4                         [1, 64]                   --
│    └─Linear: 2-5                       [1, 64]                   4,160
│    └─ReLU: 2-6                         [1, 64]                   --
│    └─Linear: 2-7                       [1, 64]                   4,160
│    └─ReLU: 2-8                         [1, 64]                   --
│    └─Linear: 2-9                       [1, 64]                   4,160
│    └─ReLU: 2-10                        [1, 64]                   --
│    └─Linear: 2-11                      [1, 64]                   4,160
│    └─ReLU: 2-12                        [1, 64]                   --
│    └─Linear: 2-13                      [1, 64]                   4,160
│    └─ReLU: 2-14                        [1, 64]                   --
│    └─Linear: 2-15                      [1, 2]                    130
├─Sequential: 1-2                        [1, 2]                    (recursive)
│    └─Linear: 2-16                      [1, 64]                   (recursive)
│    └─ReLU: 2-17                        [1, 64]                   --
│    └─Linear: 2-18                      [1, 64]                   (recursive)
│    └─ReLU: 2-19                        [1, 64]                   --
│    └─Linear: 2-20                      [1, 64]                   (recursive)
│    └─ReLU: 2-21                        [1, 64]                   --
│    └─Linear: 2-22                      [1, 64]                   (recursive)
│    └─ReLU: 2-23                        [1, 64]                   --
│    └─Linear: 2-24                      [1, 64]                   (recursive)
│    └─ReLU: 2-25                        [1, 64]                   --
│    └─Linear: 2-26                      [1, 64]                   (recursive)
│    └─ReLU: 2-27                        [1, 64]                   --
│    └─Linear: 2-28                      [1, 64]                   (recursive)
│    └─ReLU: 2-29                        [1, 64]                   --
│    └─Linear: 2-30                      [1, 2]                    (recursive)
==========================================================================================
Total params: 25,288
Trainable params: 25,282
Non-trainable params: 6
Total mult-adds (Units.MEGABYTES): 0.05
==========================================================================================
Input size (MB): 0.00
Forward/backward pass size (MB): 0.01
Params size (MB): 0.10
Estimated Total Size (MB): 0.11
==========================================================================================
==> Saving initial model weights...
==> Start training...
==> Number of param_groups in optimizer: 1
Epoch: 001 | Train Loss: 7.7907105 | Grad norm: 0.244419 | Time: 4s451ms
Epoch: 001 | Test Loss: 7.7327431 | Time: 448ms
==> Save the model at epoch 001 with test loss 7.7327431
Epoch: 002 | Train Loss: 1.9192794 | Grad norm: 1.921496 | Time: 4s238ms
Epoch: 002 | Test Loss: 0.0824651 | Time: 447ms
==> Save the model at epoch 002 with test loss 0.0824651
Epoch: 003 | Train Loss: 0.0435974 | Grad norm: 1.561067 | Time: 4s70ms
Epoch: 003 | Test Loss: 0.0196853 | Time: 465ms
==> Save the model at epoch 003 with test loss 0.0196853
Epoch: 004 | Train Loss: 0.0193774 | Grad norm: 1.764162 | Time: 4s102ms
Epoch: 004 | Test Loss: 0.0174422 | Time: 464ms
==> Save the model at epoch 004 with test loss 0.0174422
Epoch: 005 | Train Loss: 0.0176954 | Grad norm: 2.077959 | Time: 4s95ms
Epoch: 005 | Test Loss: 0.0126407 | Time: 445ms
==> Save the model at epoch 005 with test loss 0.0126407
Epoch: 006 | Train Loss: 0.0172811 | Grad norm: 2.068283 | Time: 3s898ms
Epoch: 006 | Test Loss: 0.0141379 | Time: 633ms
Epoch: 007 | Train Loss: 0.0167699 | Grad norm: 1.899210 | Time: 3s881ms
Epoch: 007 | Test Loss: 0.0114285 | Time: 446ms
==> Save the model at epoch 007 with test loss 0.0114285
Epoch: 008 | Train Loss: 0.0168613 | Grad norm: 1.885002 | Time: 4s241ms
Epoch: 008 | Test Loss: 0.0127867 | Time: 465ms
Epoch: 009 | Train Loss: 0.0168702 | Grad norm: 1.827987 | Time: 4s93ms
Epoch: 009 | Test Loss: 0.0174769 | Time: 452ms
Epoch: 010 | Train Loss: 0.0140052 | Grad norm: 1.385033 | Time: 4s86ms
Epoch: 010 | Test Loss: 0.0145720 | Time: 448ms
Epoch: 011 | Train Loss: 0.0140094 | Grad norm: 1.460240 | Time: 4s13ms
Epoch: 011 | Test Loss: 0.0131406 | Time: 449ms
Epoch: 012 | Train Loss: 0.0135960 | Grad norm: 1.322412 | Time: 3s934ms
Epoch: 012 | Test Loss: 0.0127571 | Time: 471ms
Epoch: 013 | Train Loss: 0.0125466 | Grad norm: 1.227427 | Time: 4s170ms
Epoch: 013 | Test Loss: 0.0103131 | Time: 449ms
==> Save the model at epoch 013 with test loss 0.0103131
Epoch: 014 | Train Loss: 0.0118979 | Grad norm: 1.172435 | Time: 4s81ms
Epoch: 014 | Test Loss: 0.0105535 | Time: 529ms
Epoch: 015 | Train Loss: 0.0111451 | Grad norm: 1.063506 | Time: 3s843ms
Epoch: 015 | Test Loss: 0.0118979 | Time: 449ms
Epoch: 016 | Train Loss: 0.0115985 | Grad norm: 1.113295 | Time: 4s172ms
Epoch: 016 | Test Loss: 0.0097184 | Time: 447ms
==> Save the model at epoch 016 with test loss 0.0097184
Epoch: 017 | Train Loss: 0.0111956 | Grad norm: 1.099531 | Time: 3s918ms
Epoch: 017 | Test Loss: 0.0095723 | Time: 486ms
==> Save the model at epoch 017 with test loss 0.0095723
Epoch: 018 | Train Loss: 0.0107069 | Grad norm: 0.986996 | Time: 4s157ms
Epoch: 018 | Test Loss: 0.0114834 | Time: 482ms
Epoch: 019 | Train Loss: 0.0106640 | Grad norm: 1.041787 | Time: 4s113ms
Epoch: 019 | Test Loss: 0.0133343 | Time: 452ms
Epoch: 020 | Train Loss: 0.0103053 | Grad norm: 0.940718 | Time: 4s50ms
Epoch: 020 | Test Loss: 0.0103306 | Time: 586ms
Epoch: 021 | Train Loss: 0.0100118 | Grad norm: 0.927909 | Time: 4s82ms
Epoch: 021 | Test Loss: 0.0096107 | Time: 484ms
Epoch: 022 | Train Loss: 0.0097231 | Grad norm: 0.915564 | Time: 4s94ms
Epoch: 022 | Test Loss: 0.0087699 | Time: 512ms
==> Save the model at epoch 022 with test loss 0.0087699
Epoch: 023 | Train Loss: 0.0094341 | Grad norm: 0.826658 | Time: 4s5ms
Epoch: 023 | Test Loss: 0.0092045 | Time: 450ms
Epoch: 024 | Train Loss: 0.0090750 | Grad norm: 0.764412 | Time: 4s56ms
Epoch: 024 | Test Loss: 0.0083028 | Time: 466ms
==> Save the model at epoch 024 with test loss 0.0083028
Epoch: 025 | Train Loss: 0.0090723 | Grad norm: 0.791898 | Time: 4s310ms
Epoch: 025 | Test Loss: 0.0133509 | Time: 487ms
Epoch: 026 | Train Loss: 0.0089601 | Grad norm: 0.748782 | Time: 4s144ms
Epoch: 026 | Test Loss: 0.0094072 | Time: 487ms
Epoch: 027 | Train Loss: 0.0086678 | Grad norm: 0.729639 | Time: 4s4ms
Epoch: 027 | Test Loss: 0.0084776 | Time: 466ms
Epoch: 028 | Train Loss: 0.0084639 | Grad norm: 0.692518 | Time: 3s857ms
Epoch: 028 | Test Loss: 0.0081437 | Time: 448ms
==> Save the model at epoch 028 with test loss 0.0081437
Epoch: 029 | Train Loss: 0.0081874 | Grad norm: 0.614795 | Time: 4s215ms
Epoch: 029 | Test Loss: 0.0083524 | Time: 551ms
Epoch: 030 | Train Loss: 0.0080817 | Grad norm: 0.616497 | Time: 4s51ms
Epoch: 030 | Test Loss: 0.0077281 | Time: 443ms
==> Save the model at epoch 030 with test loss 0.0077281
Epoch: 031 | Train Loss: 0.0078945 | Grad norm: 0.526944 | Time: 4s24ms
Epoch: 031 | Test Loss: 0.0075520 | Time: 488ms
==> Save the model at epoch 031 with test loss 0.0075520
Epoch: 032 | Train Loss: 0.0078348 | Grad norm: 0.530184 | Time: 4s75ms
Epoch: 032 | Test Loss: 0.0075258 | Time: 455ms
==> Save the model at epoch 032 with test loss 0.0075258
Epoch: 033 | Train Loss: 0.0077175 | Grad norm: 0.466102 | Time: 4s163ms
Epoch: 033 | Test Loss: 0.0074196 | Time: 518ms
==> Save the model at epoch 033 with test loss 0.0074196
Epoch: 034 | Train Loss: 0.0076218 | Grad norm: 0.471568 | Time: 4s79ms
Epoch: 034 | Test Loss: 0.0075911 | Time: 457ms
Epoch: 035 | Train Loss: 0.0075045 | Grad norm: 0.414904 | Time: 4s46ms
Epoch: 035 | Test Loss: 0.0072838 | Time: 446ms
==> Save the model at epoch 035 with test loss 0.0072838
Epoch: 036 | Train Loss: 0.0074101 | Grad norm: 0.375129 | Time: 4s39ms
Epoch: 036 | Test Loss: 0.0073312 | Time: 477ms
Epoch: 037 | Train Loss: 0.0073555 | Grad norm: 0.355438 | Time: 4s305ms
Epoch: 037 | Test Loss: 0.0072044 | Time: 461ms
==> Save the model at epoch 037 with test loss 0.0072044
Epoch: 038 | Train Loss: 0.0072671 | Grad norm: 0.293841 | Time: 4s221ms
Epoch: 038 | Test Loss: 0.0071699 | Time: 452ms
==> Save the model at epoch 038 with test loss 0.0071699
Epoch: 039 | Train Loss: 0.0072386 | Grad norm: 0.275584 | Time: 4s312ms
Epoch: 039 | Test Loss: 0.0070884 | Time: 448ms
==> Save the model at epoch 039 with test loss 0.0070884
Epoch: 040 | Train Loss: 0.0072147 | Grad norm: 0.270346 | Time: 4s22ms
Epoch: 040 | Test Loss: 0.0070912 | Time: 445ms
Total time: 3m2s
==> Saving trained model weights...
==> Input bias to be applied to the neural network (trained):
[0. 0.]
==> Input transform to be applied to the neural network (trained):
[0.496845   0.52004784]
==> Output transform to be applied to the neural network (trained):
[1.9242 2.0182]
==> Saving training info...
==> Drawing training loss...
==> Drawing grad norm...
==> Drawing testing loss...
==> Process finished.
