==> torch device:  cuda:2
==> Test-Train split: test_ratio = 0.20
==> Test-Train split seed:  None
==> Further split: further_train_ratio = 1.00
==> Further split seed:  None
==> Input bias to be applied to the neural network:
[0. 0.]
==> Input transform to be applied to the neural network:
[0.496845   0.52004784]
==> Ouput transform to be applied to the neural network:
[1.9242 2.0182]
==> Evaluating model...
==========================================================================================
Layer (type:depth-idx)                   Output Shape              Param #
==========================================================================================
NeuralNetwork                            [1, 2]                    6
├─Sequential: 1-1                        [1, 2]                    --
│    └─Linear: 2-1                       [1, 64]                   192
│    └─ReLU: 2-2                         [1, 64]                   --
│    └─Linear: 2-3                       [1, 64]                   4,160
│    └─ReLU: 2-4                         [1, 64]                   --
│    └─Linear: 2-5                       [1, 64]                   4,160
│    └─ReLU: 2-6                         [1, 64]                   --
│    └─Linear: 2-7                       [1, 64]                   4,160
│    └─ReLU: 2-8                         [1, 64]                   --
│    └─Linear: 2-9                       [1, 64]                   4,160
│    └─ReLU: 2-10                        [1, 64]                   --
│    └─Linear: 2-11                      [1, 64]                   4,160
│    └─ReLU: 2-12                        [1, 64]                   --
│    └─Linear: 2-13                      [1, 64]                   4,160
│    └─ReLU: 2-14                        [1, 64]                   --
│    └─Linear: 2-15                      [1, 2]                    130
├─Sequential: 1-2                        [1, 2]                    (recursive)
│    └─Linear: 2-16                      [1, 64]                   (recursive)
│    └─ReLU: 2-17                        [1, 64]                   --
│    └─Linear: 2-18                      [1, 64]                   (recursive)
│    └─ReLU: 2-19                        [1, 64]                   --
│    └─Linear: 2-20                      [1, 64]                   (recursive)
│    └─ReLU: 2-21                        [1, 64]                   --
│    └─Linear: 2-22                      [1, 64]                   (recursive)
│    └─ReLU: 2-23                        [1, 64]                   --
│    └─Linear: 2-24                      [1, 64]                   (recursive)
│    └─ReLU: 2-25                        [1, 64]                   --
│    └─Linear: 2-26                      [1, 64]                   (recursive)
│    └─ReLU: 2-27                        [1, 64]                   --
│    └─Linear: 2-28                      [1, 64]                   (recursive)
│    └─ReLU: 2-29                        [1, 64]                   --
│    └─Linear: 2-30                      [1, 2]                    (recursive)
==========================================================================================
Total params: 25,288
Trainable params: 25,282
Non-trainable params: 6
Total mult-adds (Units.MEGABYTES): 0.05
==========================================================================================
Input size (MB): 0.00
Forward/backward pass size (MB): 0.01
Params size (MB): 0.10
Estimated Total Size (MB): 0.11
==========================================================================================
==> Saving initial model weights...
==> Start training...
==> Number of param_groups in optimizer: 1
Epoch: 001 | Train Loss: 7.7799468 | Grad norm: 0.315841 | Time: 4s584ms
Epoch: 001 | Test Loss: 7.7941080 | Time: 445ms
==> Save the model at epoch 001 with test loss 7.7941080
Epoch: 002 | Train Loss: 2.3057137 | Grad norm: 1.901921 | Time: 4s365ms
Epoch: 002 | Test Loss: 0.0814882 | Time: 442ms
==> Save the model at epoch 002 with test loss 0.0814882
Epoch: 003 | Train Loss: 0.0366606 | Grad norm: 1.324899 | Time: 4s78ms
Epoch: 003 | Test Loss: 0.0204937 | Time: 512ms
==> Save the model at epoch 003 with test loss 0.0204937
Epoch: 004 | Train Loss: 0.0170892 | Grad norm: 1.365664 | Time: 3s943ms
Epoch: 004 | Test Loss: 0.0146030 | Time: 444ms
==> Save the model at epoch 004 with test loss 0.0146030
Epoch: 005 | Train Loss: 0.0151515 | Grad norm: 1.565894 | Time: 4s103ms
Epoch: 005 | Test Loss: 0.0122152 | Time: 458ms
==> Save the model at epoch 005 with test loss 0.0122152
Epoch: 006 | Train Loss: 0.0148260 | Grad norm: 1.622235 | Time: 3s802ms
Epoch: 006 | Test Loss: 0.0161448 | Time: 513ms
Epoch: 007 | Train Loss: 0.0143252 | Grad norm: 1.640443 | Time: 4s18ms
Epoch: 007 | Test Loss: 0.0184869 | Time: 439ms
Epoch: 008 | Train Loss: 0.0146703 | Grad norm: 1.576197 | Time: 3s954ms
Epoch: 008 | Test Loss: 0.0173837 | Time: 440ms
Epoch: 009 | Train Loss: 0.0155863 | Grad norm: 1.683605 | Time: 4s111ms
Epoch: 009 | Test Loss: 0.0186297 | Time: 437ms
Epoch: 010 | Train Loss: 0.0143456 | Grad norm: 1.503075 | Time: 4s254ms
Epoch: 010 | Test Loss: 0.0135438 | Time: 447ms
Epoch: 011 | Train Loss: 0.0138279 | Grad norm: 1.399157 | Time: 3s932ms
Epoch: 011 | Test Loss: 0.0200480 | Time: 447ms
Epoch: 012 | Train Loss: 0.0129084 | Grad norm: 1.351650 | Time: 4s145ms
Epoch: 012 | Test Loss: 0.0152918 | Time: 508ms
Epoch: 013 | Train Loss: 0.0118192 | Grad norm: 1.144057 | Time: 3s988ms
Epoch: 013 | Test Loss: 0.0109557 | Time: 449ms
==> Save the model at epoch 013 with test loss 0.0109557
Epoch: 014 | Train Loss: 0.0123680 | Grad norm: 1.317556 | Time: 4s63ms
Epoch: 014 | Test Loss: 0.0107978 | Time: 510ms
==> Save the model at epoch 014 with test loss 0.0107978
Epoch: 015 | Train Loss: 0.0120997 | Grad norm: 1.271234 | Time: 4s89ms
Epoch: 015 | Test Loss: 0.0118235 | Time: 449ms
Epoch: 016 | Train Loss: 0.0114594 | Grad norm: 1.153750 | Time: 3s815ms
Epoch: 016 | Test Loss: 0.0099011 | Time: 439ms
==> Save the model at epoch 016 with test loss 0.0099011
Epoch: 017 | Train Loss: 0.0102955 | Grad norm: 1.003798 | Time: 4s71ms
Epoch: 017 | Test Loss: 0.0093409 | Time: 483ms
==> Save the model at epoch 017 with test loss 0.0093409
Epoch: 018 | Train Loss: 0.0104545 | Grad norm: 1.058531 | Time: 3s885ms
Epoch: 018 | Test Loss: 0.0085352 | Time: 439ms
==> Save the model at epoch 018 with test loss 0.0085352
Epoch: 019 | Train Loss: 0.0100088 | Grad norm: 0.958205 | Time: 4s66ms
Epoch: 019 | Test Loss: 0.0090114 | Time: 436ms
Epoch: 020 | Train Loss: 0.0098518 | Grad norm: 0.982914 | Time: 4s85ms
Epoch: 020 | Test Loss: 0.0091501 | Time: 458ms
Epoch: 021 | Train Loss: 0.0100541 | Grad norm: 1.021089 | Time: 3s997ms
Epoch: 021 | Test Loss: 0.0105739 | Time: 443ms
Epoch: 022 | Train Loss: 0.0099795 | Grad norm: 1.032312 | Time: 3s885ms
Epoch: 022 | Test Loss: 0.0094316 | Time: 509ms
Epoch: 023 | Train Loss: 0.0093070 | Grad norm: 0.884065 | Time: 4s27ms
Epoch: 023 | Test Loss: 0.0086760 | Time: 440ms
Epoch: 024 | Train Loss: 0.0091202 | Grad norm: 0.833546 | Time: 4s200ms
Epoch: 024 | Test Loss: 0.0095668 | Time: 457ms
Epoch: 025 | Train Loss: 0.0085791 | Grad norm: 0.771716 | Time: 4s11ms
Epoch: 025 | Test Loss: 0.0079079 | Time: 458ms
==> Save the model at epoch 025 with test loss 0.0079079
Epoch: 026 | Train Loss: 0.0086691 | Grad norm: 0.808240 | Time: 4s181ms
Epoch: 026 | Test Loss: 0.0088754 | Time: 441ms
Epoch: 027 | Train Loss: 0.0083925 | Grad norm: 0.761565 | Time: 3s937ms
Epoch: 027 | Test Loss: 0.0080939 | Time: 438ms
Epoch: 028 | Train Loss: 0.0082504 | Grad norm: 0.690095 | Time: 4s19ms
Epoch: 028 | Test Loss: 0.0093597 | Time: 446ms
Epoch: 029 | Train Loss: 0.0081764 | Grad norm: 0.724158 | Time: 3s973ms
Epoch: 029 | Test Loss: 0.0089851 | Time: 439ms
Epoch: 030 | Train Loss: 0.0078885 | Grad norm: 0.608973 | Time: 3s825ms
Epoch: 030 | Test Loss: 0.0081498 | Time: 439ms
Epoch: 031 | Train Loss: 0.0077401 | Grad norm: 0.568912 | Time: 3s987ms
Epoch: 031 | Test Loss: 0.0076469 | Time: 439ms
==> Save the model at epoch 031 with test loss 0.0076469
Epoch: 032 | Train Loss: 0.0075888 | Grad norm: 0.512442 | Time: 4s214ms
Epoch: 032 | Test Loss: 0.0076331 | Time: 457ms
==> Save the model at epoch 032 with test loss 0.0076331
Epoch: 033 | Train Loss: 0.0075864 | Grad norm: 0.530632 | Time: 3s943ms
Epoch: 033 | Test Loss: 0.0072761 | Time: 505ms
==> Save the model at epoch 033 with test loss 0.0072761
Epoch: 034 | Train Loss: 0.0074148 | Grad norm: 0.432804 | Time: 3s952ms
Epoch: 034 | Test Loss: 0.0075960 | Time: 441ms
Epoch: 035 | Train Loss: 0.0073939 | Grad norm: 0.447312 | Time: 4s107ms
Epoch: 035 | Test Loss: 0.0072424 | Time: 459ms
==> Save the model at epoch 035 with test loss 0.0072424
Epoch: 036 | Train Loss: 0.0072895 | Grad norm: 0.403313 | Time: 3s777ms
Epoch: 036 | Test Loss: 0.0071866 | Time: 441ms
==> Save the model at epoch 036 with test loss 0.0071866
Epoch: 037 | Train Loss: 0.0072083 | Grad norm: 0.347279 | Time: 4s38ms
Epoch: 037 | Test Loss: 0.0071096 | Time: 462ms
==> Save the model at epoch 037 with test loss 0.0071096
Epoch: 038 | Train Loss: 0.0071753 | Grad norm: 0.330362 | Time: 4s124ms
Epoch: 038 | Test Loss: 0.0073063 | Time: 441ms
Epoch: 039 | Train Loss: 0.0071221 | Grad norm: 0.287678 | Time: 3s832ms
Epoch: 039 | Test Loss: 0.0070246 | Time: 446ms
==> Save the model at epoch 039 with test loss 0.0070246
Epoch: 040 | Train Loss: 0.0070939 | Grad norm: 0.252742 | Time: 4s132ms
Epoch: 040 | Test Loss: 0.0070097 | Time: 474ms
==> Save the model at epoch 040 with test loss 0.0070097
Total time: 2m59s
==> Saving trained model weights...
==> Input bias to be applied to the neural network (trained):
[0. 0.]
==> Input transform to be applied to the neural network (trained):
[0.496845   0.52004784]
==> Output transform to be applied to the neural network (trained):
[1.9242 2.0182]
==> Saving training info...
==> Drawing training loss...
==> Drawing grad norm...
==> Drawing testing loss...
==> Process finished.
