==> torch device:  cuda:3
==> Test-Train split: test_ratio = 0.20
==> Test-Train split seed:  None
==> Further split: further_train_ratio = 0.25
==> Further split seed:  None
==> Input bias to be applied to the neural network:
[0. 0.]
==> Input transform to be applied to the neural network:
[0.5090095 0.5090095]
==> Ouput transform to be applied to the neural network:
[3.9366 3.9363]
==> Evaluating model...
==========================================================================================
Layer (type:depth-idx)                   Output Shape              Param #
==========================================================================================
NeuralNetwork                            [1, 2]                    6
├─Sequential: 1-1                        [1, 2]                    --
│    └─Linear: 2-1                       [1, 64]                   192
│    └─ReLU: 2-2                         [1, 64]                   --
│    └─Linear: 2-3                       [1, 64]                   4,160
│    └─ReLU: 2-4                         [1, 64]                   --
│    └─Linear: 2-5                       [1, 64]                   4,160
│    └─ReLU: 2-6                         [1, 64]                   --
│    └─Linear: 2-7                       [1, 64]                   4,160
│    └─ReLU: 2-8                         [1, 64]                   --
│    └─Linear: 2-9                       [1, 64]                   4,160
│    └─ReLU: 2-10                        [1, 64]                   --
│    └─Linear: 2-11                      [1, 64]                   4,160
│    └─ReLU: 2-12                        [1, 64]                   --
│    └─Linear: 2-13                      [1, 64]                   4,160
│    └─ReLU: 2-14                        [1, 64]                   --
│    └─Linear: 2-15                      [1, 2]                    130
├─Sequential: 1-2                        [1, 2]                    (recursive)
│    └─Linear: 2-16                      [1, 64]                   (recursive)
│    └─ReLU: 2-17                        [1, 64]                   --
│    └─Linear: 2-18                      [1, 64]                   (recursive)
│    └─ReLU: 2-19                        [1, 64]                   --
│    └─Linear: 2-20                      [1, 64]                   (recursive)
│    └─ReLU: 2-21                        [1, 64]                   --
│    └─Linear: 2-22                      [1, 64]                   (recursive)
│    └─ReLU: 2-23                        [1, 64]                   --
│    └─Linear: 2-24                      [1, 64]                   (recursive)
│    └─ReLU: 2-25                        [1, 64]                   --
│    └─Linear: 2-26                      [1, 64]                   (recursive)
│    └─ReLU: 2-27                        [1, 64]                   --
│    └─Linear: 2-28                      [1, 64]                   (recursive)
│    └─ReLU: 2-29                        [1, 64]                   --
│    └─Linear: 2-30                      [1, 2]                    (recursive)
==========================================================================================
Total params: 25,288
Trainable params: 25,282
Non-trainable params: 6
Total mult-adds (Units.MEGABYTES): 0.05
==========================================================================================
Input size (MB): 0.00
Forward/backward pass size (MB): 0.01
Params size (MB): 0.10
Estimated Total Size (MB): 0.11
==========================================================================================
==> Saving initial model weights...
==> Start training...
==> Number of param_groups in optimizer: 1
Epoch: 001 | Train Loss: 31.2759065 | Grad norm: 0.926050 | Time: 1s284ms
Epoch: 001 | Test Loss: 30.8013689 | Time: 470ms
==> Save the model at epoch 001 with test loss 30.8013689
Epoch: 002 | Train Loss: 7.0424418 | Grad norm: 11.872108 | Time: 1s66ms
Epoch: 002 | Test Loss: 0.0199701 | Time: 467ms
==> Save the model at epoch 002 with test loss 0.0199701
Epoch: 003 | Train Loss: 0.0611077 | Grad norm: 5.741520 | Time: 1s40ms
Epoch: 003 | Test Loss: 0.0227275 | Time: 530ms
Epoch: 004 | Train Loss: 0.0873989 | Grad norm: 5.892767 | Time: 948ms
Epoch: 004 | Test Loss: 0.0626136 | Time: 446ms
Epoch: 005 | Train Loss: 0.1344844 | Grad norm: 7.660213 | Time: 998ms
Epoch: 005 | Test Loss: 0.0760350 | Time: 451ms
Epoch: 006 | Train Loss: 0.1286857 | Grad norm: 7.688430 | Time: 1s7ms
Epoch: 006 | Test Loss: 0.1432659 | Time: 447ms
Epoch: 007 | Train Loss: 0.1783356 | Grad norm: 9.048150 | Time: 1s10ms
Epoch: 007 | Test Loss: 0.1043328 | Time: 538ms
Epoch: 008 | Train Loss: 0.3478765 | Grad norm: 13.035008 | Time: 1s116ms
Epoch: 008 | Test Loss: 0.0966114 | Time: 464ms
Epoch: 009 | Train Loss: 0.3694634 | Grad norm: 13.655244 | Time: 943ms
Epoch: 009 | Test Loss: 0.3705081 | Time: 451ms
Epoch: 010 | Train Loss: 0.2066935 | Grad norm: 10.106540 | Time: 930ms
Epoch: 010 | Test Loss: 0.0755453 | Time: 451ms
Epoch: 011 | Train Loss: 0.3758424 | Grad norm: 13.900280 | Time: 1s25ms
Epoch: 011 | Test Loss: 0.0693272 | Time: 543ms
Epoch: 012 | Train Loss: 0.2200827 | Grad norm: 10.621335 | Time: 1s92ms
Epoch: 012 | Test Loss: 0.0611837 | Time: 465ms
Epoch: 013 | Train Loss: 0.1846957 | Grad norm: 9.584549 | Time: 1s26ms
Epoch: 013 | Test Loss: 0.1021327 | Time: 462ms
Epoch: 014 | Train Loss: 0.1804291 | Grad norm: 9.334179 | Time: 950ms
Epoch: 014 | Test Loss: 0.1045338 | Time: 446ms
Epoch: 015 | Train Loss: 0.1229753 | Grad norm: 8.075518 | Time: 985ms
Epoch: 015 | Test Loss: 0.0896209 | Time: 532ms
Epoch: 016 | Train Loss: 0.1462635 | Grad norm: 8.553041 | Time: 1s85ms
Epoch: 016 | Test Loss: 0.0968953 | Time: 447ms
Epoch: 017 | Train Loss: 0.1137924 | Grad norm: 7.540360 | Time: 953ms
Epoch: 017 | Test Loss: 0.0626690 | Time: 460ms
Epoch: 018 | Train Loss: 0.0813393 | Grad norm: 6.004671 | Time: 999ms
Epoch: 018 | Test Loss: 0.0809699 | Time: 446ms
Epoch: 019 | Train Loss: 0.0975531 | Grad norm: 6.860148 | Time: 1s80ms
Epoch: 019 | Test Loss: 0.1088978 | Time: 526ms
Epoch: 020 | Train Loss: 0.0655475 | Grad norm: 5.181901 | Time: 960ms
Epoch: 020 | Test Loss: 0.0749649 | Time: 445ms
Epoch: 021 | Train Loss: 0.0527294 | Grad norm: 4.645755 | Time: 969ms
Epoch: 021 | Test Loss: 0.0709157 | Time: 445ms
Epoch: 022 | Train Loss: 0.0830491 | Grad norm: 6.074785 | Time: 977ms
Epoch: 022 | Test Loss: 0.0351432 | Time: 454ms
Epoch: 023 | Train Loss: 0.0376793 | Grad norm: 4.033244 | Time: 994ms
Epoch: 023 | Test Loss: 0.0410206 | Time: 516ms
Epoch: 024 | Train Loss: 0.0270136 | Grad norm: 3.321182 | Time: 987ms
Epoch: 024 | Test Loss: 0.0658013 | Time: 454ms
Epoch: 025 | Train Loss: 0.0333291 | Grad norm: 3.602061 | Time: 1s13ms
Epoch: 025 | Test Loss: 0.0172583 | Time: 450ms
==> Save the model at epoch 025 with test loss 0.0172583
Epoch: 026 | Train Loss: 0.0187757 | Grad norm: 2.430389 | Time: 1s34ms
Epoch: 026 | Test Loss: 0.0221822 | Time: 447ms
Epoch: 027 | Train Loss: 0.0206361 | Grad norm: 2.597865 | Time: 994ms
Epoch: 027 | Test Loss: 0.0162226 | Time: 515ms
==> Save the model at epoch 027 with test loss 0.0162226
Epoch: 028 | Train Loss: 0.0230433 | Grad norm: 2.828178 | Time: 971ms
Epoch: 028 | Test Loss: 0.0191384 | Time: 453ms
Epoch: 029 | Train Loss: 0.0131628 | Grad norm: 1.795650 | Time: 959ms
Epoch: 029 | Test Loss: 0.0105454 | Time: 448ms
==> Save the model at epoch 029 with test loss 0.0105454
Epoch: 030 | Train Loss: 0.0124728 | Grad norm: 1.579474 | Time: 1s69ms
Epoch: 030 | Test Loss: 0.0085006 | Time: 447ms
==> Save the model at epoch 030 with test loss 0.0085006
Epoch: 031 | Train Loss: 0.0109632 | Grad norm: 1.359369 | Time: 978ms
Epoch: 031 | Test Loss: 0.0108594 | Time: 543ms
Epoch: 032 | Train Loss: 0.0095540 | Grad norm: 1.116026 | Time: 1s4ms
Epoch: 032 | Test Loss: 0.0084354 | Time: 447ms
==> Save the model at epoch 032 with test loss 0.0084354
Epoch: 033 | Train Loss: 0.0082104 | Grad norm: 0.733315 | Time: 1s20ms
Epoch: 033 | Test Loss: 0.0076456 | Time: 463ms
==> Save the model at epoch 033 with test loss 0.0076456
Epoch: 034 | Train Loss: 0.0080316 | Grad norm: 0.720800 | Time: 1s46ms
Epoch: 034 | Test Loss: 0.0087205 | Time: 460ms
Epoch: 035 | Train Loss: 0.0077988 | Grad norm: 0.621745 | Time: 1s24ms
Epoch: 035 | Test Loss: 0.0077763 | Time: 536ms
Epoch: 036 | Train Loss: 0.0076990 | Grad norm: 0.555932 | Time: 1s22ms
Epoch: 036 | Test Loss: 0.0072408 | Time: 463ms
==> Save the model at epoch 036 with test loss 0.0072408
Epoch: 037 | Train Loss: 0.0072424 | Grad norm: 0.348847 | Time: 994ms
Epoch: 037 | Test Loss: 0.0071378 | Time: 446ms
==> Save the model at epoch 037 with test loss 0.0071378
Epoch: 038 | Train Loss: 0.0071806 | Grad norm: 0.308434 | Time: 996ms
Epoch: 038 | Test Loss: 0.0073015 | Time: 448ms
Epoch: 039 | Train Loss: 0.0071053 | Grad norm: 0.255871 | Time: 1s53ms
Epoch: 039 | Test Loss: 0.0071089 | Time: 531ms
==> Save the model at epoch 039 with test loss 0.0071089
Epoch: 040 | Train Loss: 0.0070498 | Grad norm: 0.214439 | Time: 1s78ms
Epoch: 040 | Test Loss: 0.0070987 | Time: 460ms
==> Save the model at epoch 040 with test loss 0.0070987
Total time: 59s658ms
==> Saving trained model weights...
==> Input bias to be applied to the neural network (trained):
[0. 0.]
==> Input transform to be applied to the neural network (trained):
[0.5090095 0.5090095]
==> Output transform to be applied to the neural network (trained):
[3.9366 3.9363]
==> Saving training info...
==> Drawing training loss...
==> Drawing grad norm...
==> Drawing testing loss...
==> Process finished.
