==> torch device:  cuda:0
==> Test-Train split: test_ratio = 0.20
==> Test-Train split seed:  None
==> Further split: further_train_ratio = 0.25
==> Further split seed:  None
==> Input bias to be applied to the neural network:
[0. 0.]
==> Input transform to be applied to the neural network:
[0.496845   0.52004784]
==> Ouput transform to be applied to the neural network:
[1.9242 2.0182]
==> Evaluating model...
==========================================================================================
Layer (type:depth-idx)                   Output Shape              Param #
==========================================================================================
NeuralNetwork                            [1, 2]                    6
├─Sequential: 1-1                        [1, 2]                    --
│    └─Linear: 2-1                       [1, 64]                   192
│    └─ReLU: 2-2                         [1, 64]                   --
│    └─Linear: 2-3                       [1, 64]                   4,160
│    └─ReLU: 2-4                         [1, 64]                   --
│    └─Linear: 2-5                       [1, 64]                   4,160
│    └─ReLU: 2-6                         [1, 64]                   --
│    └─Linear: 2-7                       [1, 64]                   4,160
│    └─ReLU: 2-8                         [1, 64]                   --
│    └─Linear: 2-9                       [1, 64]                   4,160
│    └─ReLU: 2-10                        [1, 64]                   --
│    └─Linear: 2-11                      [1, 64]                   4,160
│    └─ReLU: 2-12                        [1, 64]                   --
│    └─Linear: 2-13                      [1, 64]                   4,160
│    └─ReLU: 2-14                        [1, 64]                   --
│    └─Linear: 2-15                      [1, 2]                    130
├─Sequential: 1-2                        [1, 2]                    (recursive)
│    └─Linear: 2-16                      [1, 64]                   (recursive)
│    └─ReLU: 2-17                        [1, 64]                   --
│    └─Linear: 2-18                      [1, 64]                   (recursive)
│    └─ReLU: 2-19                        [1, 64]                   --
│    └─Linear: 2-20                      [1, 64]                   (recursive)
│    └─ReLU: 2-21                        [1, 64]                   --
│    └─Linear: 2-22                      [1, 64]                   (recursive)
│    └─ReLU: 2-23                        [1, 64]                   --
│    └─Linear: 2-24                      [1, 64]                   (recursive)
│    └─ReLU: 2-25                        [1, 64]                   --
│    └─Linear: 2-26                      [1, 64]                   (recursive)
│    └─ReLU: 2-27                        [1, 64]                   --
│    └─Linear: 2-28                      [1, 64]                   (recursive)
│    └─ReLU: 2-29                        [1, 64]                   --
│    └─Linear: 2-30                      [1, 2]                    (recursive)
==========================================================================================
Total params: 25,288
Trainable params: 25,282
Non-trainable params: 6
Total mult-adds (Units.MEGABYTES): 0.05
==========================================================================================
Input size (MB): 0.00
Forward/backward pass size (MB): 0.01
Params size (MB): 0.10
Estimated Total Size (MB): 0.11
==========================================================================================
==> Saving initial model weights...
==> Start training...
==> Number of param_groups in optimizer: 1
Epoch: 001 | Train Loss: 7.7641213 | Grad norm: 0.267228 | Time: 1s209ms
Epoch: 001 | Test Loss: 7.8142421 | Time: 443ms
==> Save the model at epoch 001 with test loss 7.8142421
Epoch: 002 | Train Loss: 7.2957168 | Grad norm: 1.502967 | Time: 1s7ms
Epoch: 002 | Test Loss: 6.0388714 | Time: 454ms
==> Save the model at epoch 002 with test loss 6.0388714
Epoch: 003 | Train Loss: 1.3474462 | Grad norm: 3.435295 | Time: 1s31ms
Epoch: 003 | Test Loss: 0.1847517 | Time: 514ms
==> Save the model at epoch 003 with test loss 0.1847517
Epoch: 004 | Train Loss: 0.1232146 | Grad norm: 1.814532 | Time: 940ms
Epoch: 004 | Test Loss: 0.0898178 | Time: 459ms
==> Save the model at epoch 004 with test loss 0.0898178
Epoch: 005 | Train Loss: 0.0651345 | Grad norm: 1.585415 | Time: 1s90ms
Epoch: 005 | Test Loss: 0.0602282 | Time: 444ms
==> Save the model at epoch 005 with test loss 0.0602282
Epoch: 006 | Train Loss: 0.0442176 | Grad norm: 1.840864 | Time: 958ms
Epoch: 006 | Test Loss: 0.0331625 | Time: 443ms
==> Save the model at epoch 006 with test loss 0.0331625
Epoch: 007 | Train Loss: 0.0302014 | Grad norm: 1.645187 | Time: 1s59ms
Epoch: 007 | Test Loss: 0.0258182 | Time: 529ms
==> Save the model at epoch 007 with test loss 0.0258182
Epoch: 008 | Train Loss: 0.0262542 | Grad norm: 2.193002 | Time: 1s77ms
Epoch: 008 | Test Loss: 0.0225565 | Time: 462ms
==> Save the model at epoch 008 with test loss 0.0225565
Epoch: 009 | Train Loss: 0.0206737 | Grad norm: 1.662681 | Time: 990ms
Epoch: 009 | Test Loss: 0.0288442 | Time: 450ms
Epoch: 010 | Train Loss: 0.0221266 | Grad norm: 1.943030 | Time: 964ms
Epoch: 010 | Test Loss: 0.0140241 | Time: 459ms
==> Save the model at epoch 010 with test loss 0.0140241
Epoch: 011 | Train Loss: 0.0172634 | Grad norm: 1.492589 | Time: 967ms
Epoch: 011 | Test Loss: 0.0153418 | Time: 513ms
Epoch: 012 | Train Loss: 0.0171236 | Grad norm: 1.378172 | Time: 971ms
Epoch: 012 | Test Loss: 0.0154340 | Time: 445ms
Epoch: 013 | Train Loss: 0.0147010 | Grad norm: 1.212520 | Time: 1s23ms
Epoch: 013 | Test Loss: 0.0149289 | Time: 445ms
Epoch: 014 | Train Loss: 0.0122902 | Grad norm: 0.985522 | Time: 945ms
Epoch: 014 | Test Loss: 0.0104729 | Time: 443ms
==> Save the model at epoch 014 with test loss 0.0104729
Epoch: 015 | Train Loss: 0.0115500 | Grad norm: 0.976744 | Time: 973ms
Epoch: 015 | Test Loss: 0.0163504 | Time: 518ms
Epoch: 016 | Train Loss: 0.0112822 | Grad norm: 0.926049 | Time: 941ms
Epoch: 016 | Test Loss: 0.0095363 | Time: 444ms
==> Save the model at epoch 016 with test loss 0.0095363
Epoch: 017 | Train Loss: 0.0109780 | Grad norm: 0.977032 | Time: 1s26ms
Epoch: 017 | Test Loss: 0.0144559 | Time: 448ms
Epoch: 018 | Train Loss: 0.0114898 | Grad norm: 0.976526 | Time: 1s28ms
Epoch: 018 | Test Loss: 0.0091312 | Time: 445ms
==> Save the model at epoch 018 with test loss 0.0091312
Epoch: 019 | Train Loss: 0.0103176 | Grad norm: 0.866419 | Time: 977ms
Epoch: 019 | Test Loss: 0.0105661 | Time: 517ms
Epoch: 020 | Train Loss: 0.0095281 | Grad norm: 0.724286 | Time: 988ms
Epoch: 020 | Test Loss: 0.0093644 | Time: 460ms
Epoch: 021 | Train Loss: 0.0092243 | Grad norm: 0.641536 | Time: 1s16ms
Epoch: 021 | Test Loss: 0.0133513 | Time: 445ms
Epoch: 022 | Train Loss: 0.0090086 | Grad norm: 0.635814 | Time: 997ms
Epoch: 022 | Test Loss: 0.0106919 | Time: 443ms
Epoch: 023 | Train Loss: 0.0084567 | Grad norm: 0.539913 | Time: 983ms
Epoch: 023 | Test Loss: 0.0099463 | Time: 512ms
Epoch: 024 | Train Loss: 0.0089934 | Grad norm: 0.647068 | Time: 968ms
Epoch: 024 | Test Loss: 0.0090227 | Time: 445ms
==> Save the model at epoch 024 with test loss 0.0090227
Epoch: 025 | Train Loss: 0.0085228 | Grad norm: 0.598346 | Time: 1s93ms
Epoch: 025 | Test Loss: 0.0085363 | Time: 453ms
==> Save the model at epoch 025 with test loss 0.0085363
Epoch: 026 | Train Loss: 0.0082903 | Grad norm: 0.576502 | Time: 1s69ms
Epoch: 026 | Test Loss: 0.0090179 | Time: 445ms
Epoch: 027 | Train Loss: 0.0084457 | Grad norm: 0.582718 | Time: 1s53ms
Epoch: 027 | Test Loss: 0.0085808 | Time: 517ms
Epoch: 028 | Train Loss: 0.0080643 | Grad norm: 0.500651 | Time: 944ms
Epoch: 028 | Test Loss: 0.0076502 | Time: 449ms
==> Save the model at epoch 028 with test loss 0.0076502
Epoch: 029 | Train Loss: 0.0078812 | Grad norm: 0.520282 | Time: 958ms
Epoch: 029 | Test Loss: 0.0081630 | Time: 446ms
Epoch: 030 | Train Loss: 0.0076521 | Grad norm: 0.458222 | Time: 1s11ms
Epoch: 030 | Test Loss: 0.0076402 | Time: 446ms
==> Save the model at epoch 030 with test loss 0.0076402
Epoch: 031 | Train Loss: 0.0072969 | Grad norm: 0.358188 | Time: 996ms
Epoch: 031 | Test Loss: 0.0072964 | Time: 516ms
==> Save the model at epoch 031 with test loss 0.0072964
Epoch: 032 | Train Loss: 0.0072778 | Grad norm: 0.350019 | Time: 998ms
Epoch: 032 | Test Loss: 0.0073629 | Time: 450ms
Epoch: 033 | Train Loss: 0.0072239 | Grad norm: 0.346944 | Time: 1s33ms
Epoch: 033 | Test Loss: 0.0072092 | Time: 450ms
==> Save the model at epoch 033 with test loss 0.0072092
Epoch: 034 | Train Loss: 0.0070693 | Grad norm: 0.299915 | Time: 1s11ms
Epoch: 034 | Test Loss: 0.0073708 | Time: 463ms
Epoch: 035 | Train Loss: 0.0069776 | Grad norm: 0.249125 | Time: 1s37ms
Epoch: 035 | Test Loss: 0.0071024 | Time: 516ms
==> Save the model at epoch 035 with test loss 0.0071024
Epoch: 036 | Train Loss: 0.0069293 | Grad norm: 0.244924 | Time: 983ms
Epoch: 036 | Test Loss: 0.0071404 | Time: 454ms
Epoch: 037 | Train Loss: 0.0068847 | Grad norm: 0.234142 | Time: 995ms
Epoch: 037 | Test Loss: 0.0071040 | Time: 444ms
Epoch: 038 | Train Loss: 0.0068502 | Grad norm: 0.222429 | Time: 981ms
Epoch: 038 | Test Loss: 0.0071136 | Time: 445ms
Epoch: 039 | Train Loss: 0.0068269 | Grad norm: 0.220486 | Time: 1s91ms
Epoch: 039 | Test Loss: 0.0070779 | Time: 516ms
==> Save the model at epoch 039 with test loss 0.0070779
Epoch: 040 | Train Loss: 0.0068009 | Grad norm: 0.195787 | Time: 1s62ms
Epoch: 040 | Test Loss: 0.0070461 | Time: 447ms
==> Save the model at epoch 040 with test loss 0.0070461
Total time: 59s158ms
==> Saving trained model weights...
==> Input bias to be applied to the neural network (trained):
[0. 0.]
==> Input transform to be applied to the neural network (trained):
[0.496845   0.52004784]
==> Output transform to be applied to the neural network (trained):
[1.9242 2.0182]
==> Saving training info...
==> Drawing training loss...
==> Drawing grad norm...
==> Drawing testing loss...
==> Process finished.
