==> torch device:  cuda:2
==> Test-Train split: test_ratio = 0.20
==> Test-Train split seed:  None
==> Further split: further_train_ratio = 0.25
==> Further split seed:  None
==> Input bias to be applied to the neural network:
[0. 0. 0. 0.]
==> Input transform to be applied to the neural network:
[0.708416   0.723275   0.67681897 0.67421794]
==> Ouput transform to be applied to the neural network:
[0.2339 0.2936]
==> Evaluating model...
==========================================================================================
Layer (type:depth-idx)                   Output Shape              Param #
==========================================================================================
NeuralNetwork                            [1, 2]                    10
├─Sequential: 1-1                        [1, 2]                    --
│    └─Linear: 2-1                       [1, 64]                   320
│    └─ReLU: 2-2                         [1, 64]                   --
│    └─Linear: 2-3                       [1, 64]                   4,160
│    └─ReLU: 2-4                         [1, 64]                   --
│    └─Linear: 2-5                       [1, 64]                   4,160
│    └─ReLU: 2-6                         [1, 64]                   --
│    └─Linear: 2-7                       [1, 64]                   4,160
│    └─ReLU: 2-8                         [1, 64]                   --
│    └─Linear: 2-9                       [1, 64]                   4,160
│    └─ReLU: 2-10                        [1, 64]                   --
│    └─Linear: 2-11                      [1, 64]                   4,160
│    └─ReLU: 2-12                        [1, 64]                   --
│    └─Linear: 2-13                      [1, 64]                   4,160
│    └─ReLU: 2-14                        [1, 64]                   --
│    └─Linear: 2-15                      [1, 2]                    130
├─Sequential: 1-2                        [1, 2]                    (recursive)
│    └─Linear: 2-16                      [1, 64]                   (recursive)
│    └─ReLU: 2-17                        [1, 64]                   --
│    └─Linear: 2-18                      [1, 64]                   (recursive)
│    └─ReLU: 2-19                        [1, 64]                   --
│    └─Linear: 2-20                      [1, 64]                   (recursive)
│    └─ReLU: 2-21                        [1, 64]                   --
│    └─Linear: 2-22                      [1, 64]                   (recursive)
│    └─ReLU: 2-23                        [1, 64]                   --
│    └─Linear: 2-24                      [1, 64]                   (recursive)
│    └─ReLU: 2-25                        [1, 64]                   --
│    └─Linear: 2-26                      [1, 64]                   (recursive)
│    └─ReLU: 2-27                        [1, 64]                   --
│    └─Linear: 2-28                      [1, 64]                   (recursive)
│    └─ReLU: 2-29                        [1, 64]                   --
│    └─Linear: 2-30                      [1, 2]                    (recursive)
==========================================================================================
Total params: 25,420
Trainable params: 25,410
Non-trainable params: 10
Total mult-adds (Units.MEGABYTES): 0.05
==========================================================================================
Input size (MB): 0.00
Forward/backward pass size (MB): 0.01
Params size (MB): 0.10
Estimated Total Size (MB): 0.11
==========================================================================================
==> Saving initial model weights...
==> Start training...
==> Number of param_groups in optimizer: 1
Epoch: 001 | Train Loss: 0.1398444 | Grad norm: 0.002734 | Time: 1s463ms
Epoch: 001 | Test Loss: 0.1406074 | Time: 538ms
==> Save the model at epoch 001 with test loss 0.1406074
Epoch: 002 | Train Loss: 0.1398278 | Grad norm: 0.002039 | Time: 1s67ms
Epoch: 002 | Test Loss: 0.1406241 | Time: 519ms
Epoch: 003 | Train Loss: 0.1398680 | Grad norm: 0.000640 | Time: 1s3ms
Epoch: 003 | Test Loss: 0.1406561 | Time: 569ms
Epoch: 004 | Train Loss: 0.1398731 | Grad norm: 0.000225 | Time: 1s37ms
Epoch: 004 | Test Loss: 0.1406588 | Time: 511ms
Epoch: 005 | Train Loss: 0.1399068 | Grad norm: 0.000032 | Time: 1s65ms
Epoch: 005 | Test Loss: 0.1406588 | Time: 518ms
Epoch: 006 | Train Loss: 0.1398826 | Grad norm: 0.000002 | Time: 1s133ms
Epoch: 006 | Test Loss: 0.1406588 | Time: 604ms
Epoch: 007 | Train Loss: 0.1398637 | Grad norm: 0.000000 | Time: 1s71ms
Epoch: 007 | Test Loss: 0.1406588 | Time: 591ms
Epoch: 008 | Train Loss: 0.1399142 | Grad norm: 0.000000 | Time: 1s63ms
Epoch: 008 | Test Loss: 0.1406588 | Time: 516ms
Epoch: 009 | Train Loss: 0.1398831 | Grad norm: 0.000000 | Time: 1s108ms
Epoch: 009 | Test Loss: 0.1406588 | Time: 508ms
Epoch: 010 | Train Loss: 0.1398265 | Grad norm: 0.000000 | Time: 1s185ms
Epoch: 010 | Test Loss: 0.1406588 | Time: 506ms
Epoch: 011 | Train Loss: 0.1398454 | Grad norm: 0.000000 | Time: 1s112ms
Epoch: 011 | Test Loss: 0.1406588 | Time: 571ms
Epoch: 012 | Train Loss: 0.1399144 | Grad norm: 0.000000 | Time: 1s33ms
Epoch: 012 | Test Loss: 0.1406588 | Time: 505ms
Epoch: 013 | Train Loss: 0.1398480 | Grad norm: 0.000000 | Time: 1s108ms
Epoch: 013 | Test Loss: 0.1406588 | Time: 521ms
Epoch: 014 | Train Loss: 0.1398530 | Grad norm: 0.000000 | Time: 1s37ms
Epoch: 014 | Test Loss: 0.1406588 | Time: 506ms
Epoch: 015 | Train Loss: 0.1399075 | Grad norm: 0.000000 | Time: 1s137ms
Epoch: 015 | Test Loss: 0.1406588 | Time: 574ms
Epoch: 016 | Train Loss: 0.1398941 | Grad norm: 0.000000 | Time: 996ms
Epoch: 016 | Test Loss: 0.1406588 | Time: 501ms
Epoch: 017 | Train Loss: 0.1399405 | Grad norm: 0.000000 | Time: 1s89ms
Epoch: 017 | Test Loss: 0.1406588 | Time: 514ms
Epoch: 018 | Train Loss: 0.1398492 | Grad norm: 0.000000 | Time: 1s78ms
Epoch: 018 | Test Loss: 0.1406588 | Time: 500ms
Epoch: 019 | Train Loss: 0.1399033 | Grad norm: 0.000000 | Time: 1s18ms
Epoch: 019 | Test Loss: 0.1406588 | Time: 596ms
Epoch: 020 | Train Loss: 0.1398523 | Grad norm: 0.000000 | Time: 1s73ms
Epoch: 020 | Test Loss: 0.1406588 | Time: 515ms
Epoch: 021 | Train Loss: 0.1398749 | Grad norm: 0.000000 | Time: 1s88ms
Epoch: 021 | Test Loss: 0.1406588 | Time: 498ms
Epoch: 022 | Train Loss: 0.1399159 | Grad norm: 0.000000 | Time: 1s112ms
Epoch: 022 | Test Loss: 0.1406588 | Time: 510ms
Epoch: 023 | Train Loss: 0.1398884 | Grad norm: 0.000000 | Time: 1s48ms
Epoch: 023 | Test Loss: 0.1406588 | Time: 573ms
Epoch: 024 | Train Loss: 0.1398529 | Grad norm: 0.000000 | Time: 1s79ms
Epoch: 024 | Test Loss: 0.1406588 | Time: 520ms
Epoch: 025 | Train Loss: 0.1399345 | Grad norm: 0.000000 | Time: 1s64ms
Epoch: 025 | Test Loss: 0.1406588 | Time: 504ms
Epoch: 026 | Train Loss: 0.1398615 | Grad norm: 0.000000 | Time: 1s45ms
Epoch: 026 | Test Loss: 0.1406588 | Time: 500ms
Epoch: 027 | Train Loss: 0.1398624 | Grad norm: 0.000000 | Time: 1s87ms
Epoch: 027 | Test Loss: 0.1406588 | Time: 588ms
Epoch: 028 | Train Loss: 0.1398808 | Grad norm: 0.000000 | Time: 1s116ms
Epoch: 028 | Test Loss: 0.1406588 | Time: 521ms
Epoch: 029 | Train Loss: 0.1398430 | Grad norm: 0.000000 | Time: 1s29ms
Epoch: 029 | Test Loss: 0.1406588 | Time: 532ms
Epoch: 030 | Train Loss: 0.1398915 | Grad norm: 0.000000 | Time: 1s
Epoch: 030 | Test Loss: 0.1406588 | Time: 524ms
Epoch: 031 | Train Loss: 0.1398426 | Grad norm: 0.000000 | Time: 1s136ms
Epoch: 031 | Test Loss: 0.1406588 | Time: 571ms
Epoch: 032 | Train Loss: 0.1398561 | Grad norm: 0.000000 | Time: 1s72ms
Epoch: 032 | Test Loss: 0.1406588 | Time: 503ms
Epoch: 033 | Train Loss: 0.1398662 | Grad norm: 0.000000 | Time: 1s64ms
Epoch: 033 | Test Loss: 0.1406588 | Time: 515ms
Epoch: 034 | Train Loss: 0.1399127 | Grad norm: 0.000000 | Time: 1s32ms
Epoch: 034 | Test Loss: 0.1406588 | Time: 507ms
Epoch: 035 | Train Loss: 0.1398720 | Grad norm: 0.000000 | Time: 1s99ms
Epoch: 035 | Test Loss: 0.1406588 | Time: 575ms
Epoch: 036 | Train Loss: 0.1399665 | Grad norm: 0.000000 | Time: 1s55ms
Epoch: 036 | Test Loss: 0.1406588 | Time: 502ms
Epoch: 037 | Train Loss: 0.1399073 | Grad norm: 0.000000 | Time: 1s81ms
Epoch: 037 | Test Loss: 0.1406588 | Time: 521ms
Epoch: 038 | Train Loss: 0.1398626 | Grad norm: 0.000000 | Time: 1s115ms
Epoch: 038 | Test Loss: 0.1406588 | Time: 502ms
Epoch: 039 | Train Loss: 0.1398992 | Grad norm: 0.000000 | Time: 1s89ms
Epoch: 039 | Test Loss: 0.1406588 | Time: 574ms
Epoch: 040 | Train Loss: 0.1398891 | Grad norm: 0.000000 | Time: 1s27ms
Epoch: 040 | Test Loss: 0.1406588 | Time: 503ms
Total time: 1m4s
==> Saving trained model weights...
==> Input bias to be applied to the neural network (trained):
[0. 0. 0. 0.]
==> Input transform to be applied to the neural network (trained):
[0.708416   0.723275   0.67681897 0.67421794]
==> Output transform to be applied to the neural network (trained):
[0.2339 0.2936]
==> Saving training info...
==> Drawing training loss...
==> Drawing grad norm...
==> Drawing testing loss...
==> Process finished.
