==> torch device:  cuda:2
==> Test-Train split: test_ratio = 0.20
==> Test-Train split seed:  None
==> Further split: further_train_ratio = 1.00
==> Further split seed:  None
==> Input bias to be applied to the neural network:
[0. 0.]
==> Input transform to be applied to the neural network:
[1. 1.]
==> Ouput transform to be applied to the neural network:
[1. 1.]
==> Evaluating model...
==========================================================================================
Layer (type:depth-idx)                   Output Shape              Param #
==========================================================================================
NeuralNetwork                            [1, 2]                    6
├─Sequential: 1-1                        [1, 2]                    --
│    └─Linear: 2-1                       [1, 64]                   192
│    └─LeakyReLU: 2-2                    [1, 64]                   --
│    └─Linear: 2-3                       [1, 64]                   4,160
│    └─LeakyReLU: 2-4                    [1, 64]                   --
│    └─Linear: 2-5                       [1, 64]                   4,160
│    └─LeakyReLU: 2-6                    [1, 64]                   --
│    └─Linear: 2-7                       [1, 64]                   4,160
│    └─LeakyReLU: 2-8                    [1, 64]                   --
│    └─Linear: 2-9                       [1, 64]                   4,160
│    └─LeakyReLU: 2-10                   [1, 64]                   --
│    └─Linear: 2-11                      [1, 64]                   4,160
│    └─LeakyReLU: 2-12                   [1, 64]                   --
│    └─Linear: 2-13                      [1, 64]                   4,160
│    └─LeakyReLU: 2-14                   [1, 64]                   --
│    └─Linear: 2-15                      [1, 2]                    130
==========================================================================================
Total params: 25,288
Trainable params: 25,282
Non-trainable params: 6
Total mult-adds (Units.MEGABYTES): 0.03
==========================================================================================
Input size (MB): 0.00
Forward/backward pass size (MB): 0.00
Params size (MB): 0.10
Estimated Total Size (MB): 0.10
==========================================================================================
==> Saving initial model weights...
==> Start training...
Epoch: 001 | Loss: 4.1106683 | L2 loss: 4.1099592 | Lip loss: 0.0007092 | Grad norm: 2.651747 | Time: 33s791ms
Epoch: 001 | Test Loss: 0.2637126 | Time: 446ms
==> Save the model at epoch 001 with test loss 0.2637126
Epoch: 002 | Loss: 0.1972397 | L2 loss: 0.1958046 | Lip loss: 0.0014351 | Grad norm: 2.550216 | Time: 34s220ms
Epoch: 002 | Test Loss: 0.1351215 | Time: 441ms
==> Save the model at epoch 002 with test loss 0.1351215
Epoch: 003 | Loss: 0.1034985 | L2 loss: 0.1020165 | Lip loss: 0.0014820 | Grad norm: 2.405297 | Time: 33s775ms
Epoch: 003 | Test Loss: 0.0755481 | Time: 446ms
==> Save the model at epoch 003 with test loss 0.0755481
Epoch: 004 | Loss: 0.0636934 | L2 loss: 0.0621919 | Lip loss: 0.0015015 | Grad norm: 2.658929 | Time: 34s86ms
Epoch: 004 | Test Loss: 0.0506464 | Time: 440ms
==> Save the model at epoch 004 with test loss 0.0506464
Epoch: 005 | Loss: 0.0452766 | L2 loss: 0.0437864 | Lip loss: 0.0014902 | Grad norm: 3.689723 | Time: 34s236ms
Epoch: 005 | Test Loss: 0.0386651 | Time: 436ms
==> Save the model at epoch 005 with test loss 0.0386651
Epoch: 006 | Loss: 0.0345887 | L2 loss: 0.0330963 | Lip loss: 0.0014923 | Grad norm: 1.574311 | Time: 34s954ms
Epoch: 006 | Test Loss: 0.0319687 | Time: 505ms
==> Save the model at epoch 006 with test loss 0.0319687
Epoch: 007 | Loss: 0.0328784 | L2 loss: 0.0314173 | Lip loss: 0.0014611 | Grad norm: 1.527290 | Time: 35s224ms
Epoch: 007 | Test Loss: 0.0298663 | Time: 511ms
==> Save the model at epoch 007 with test loss 0.0298663
Epoch: 008 | Loss: 0.0314991 | L2 loss: 0.0299892 | Lip loss: 0.0015098 | Grad norm: 1.421472 | Time: 35s177ms
Epoch: 008 | Test Loss: 0.0284875 | Time: 435ms
==> Save the model at epoch 008 with test loss 0.0284875
Epoch: 009 | Loss: 0.0301323 | L2 loss: 0.0286626 | Lip loss: 0.0014697 | Grad norm: 1.465490 | Time: 34s905ms
Epoch: 009 | Test Loss: 0.0271182 | Time: 435ms
==> Save the model at epoch 009 with test loss 0.0271182
Epoch: 010 | Loss: 0.0290060 | L2 loss: 0.0275223 | Lip loss: 0.0014837 | Grad norm: 1.604636 | Time: 34s316ms
Epoch: 010 | Test Loss: 0.0268858 | Time: 443ms
==> Save the model at epoch 010 with test loss 0.0268858
Epoch: 011 | Loss: 0.0280398 | L2 loss: 0.0265779 | Lip loss: 0.0014619 | Grad norm: 1.241322 | Time: 34s359ms
Epoch: 011 | Test Loss: 0.0257977 | Time: 442ms
==> Save the model at epoch 011 with test loss 0.0257977
Epoch: 012 | Loss: 0.0278734 | L2 loss: 0.0264175 | Lip loss: 0.0014559 | Grad norm: 1.181503 | Time: 34s970ms
Epoch: 012 | Test Loss: 0.0257119 | Time: 446ms
==> Save the model at epoch 012 with test loss 0.0257119
Epoch: 013 | Loss: 0.0277997 | L2 loss: 0.0263090 | Lip loss: 0.0014907 | Grad norm: 1.188291 | Time: 34s727ms
Epoch: 013 | Test Loss: 0.0256190 | Time: 445ms
==> Save the model at epoch 013 with test loss 0.0256190
Epoch: 014 | Loss: 0.0276620 | L2 loss: 0.0261771 | Lip loss: 0.0014850 | Grad norm: 1.208495 | Time: 34s732ms
Epoch: 014 | Test Loss: 0.0254430 | Time: 440ms
==> Save the model at epoch 014 with test loss 0.0254430
Epoch: 015 | Loss: 0.0275432 | L2 loss: 0.0260589 | Lip loss: 0.0014843 | Grad norm: 1.219184 | Time: 34s515ms
Epoch: 015 | Test Loss: 0.0253688 | Time: 515ms
==> Save the model at epoch 015 with test loss 0.0253688
Epoch: 016 | Loss: 0.0274477 | L2 loss: 0.0259466 | Lip loss: 0.0015011 | Grad norm: 1.183691 | Time: 34s897ms
Epoch: 016 | Test Loss: 0.0253127 | Time: 504ms
==> Save the model at epoch 016 with test loss 0.0253127
Epoch: 017 | Loss: 0.0274126 | L2 loss: 0.0259331 | Lip loss: 0.0014795 | Grad norm: 1.135680 | Time: 34s87ms
Epoch: 017 | Test Loss: 0.0253073 | Time: 465ms
==> Save the model at epoch 017 with test loss 0.0253073
Epoch: 018 | Loss: 0.0273887 | L2 loss: 0.0259205 | Lip loss: 0.0014682 | Grad norm: 1.204473 | Time: 34s572ms
Epoch: 018 | Test Loss: 0.0252824 | Time: 439ms
==> Save the model at epoch 018 with test loss 0.0252824
Epoch: 019 | Loss: 0.0273705 | L2 loss: 0.0259055 | Lip loss: 0.0014650 | Grad norm: 1.203670 | Time: 35s68ms
Epoch: 019 | Test Loss: 0.0252826 | Time: 438ms
Epoch: 020 | Loss: 0.0273834 | L2 loss: 0.0259009 | Lip loss: 0.0014825 | Grad norm: 1.175068 | Time: 34s771ms
Epoch: 020 | Test Loss: 0.0252758 | Time: 436ms
==> Save the model at epoch 020 with test loss 0.0252758
Epoch: 021 | Loss: 0.0274032 | L2 loss: 0.0258870 | Lip loss: 0.0015163 | Grad norm: 1.172787 | Time: 34s426ms
Epoch: 021 | Test Loss: 0.0252688 | Time: 439ms
==> Save the model at epoch 021 with test loss 0.0252688
Epoch: 022 | Loss: 0.0273679 | L2 loss: 0.0258855 | Lip loss: 0.0014824 | Grad norm: 1.172579 | Time: 34s551ms
Epoch: 022 | Test Loss: 0.0252650 | Time: 436ms
==> Save the model at epoch 022 with test loss 0.0252650
Epoch: 023 | Loss: 0.0273681 | L2 loss: 0.0258839 | Lip loss: 0.0014841 | Grad norm: 1.178747 | Time: 33s972ms
Epoch: 023 | Test Loss: 0.0252617 | Time: 439ms
==> Save the model at epoch 023 with test loss 0.0252617
Epoch: 024 | Loss: 0.0273797 | L2 loss: 0.0258827 | Lip loss: 0.0014970 | Grad norm: 1.178847 | Time: 34s94ms
Epoch: 024 | Test Loss: 0.0252602 | Time: 513ms
==> Save the model at epoch 024 with test loss 0.0252602
Epoch: 025 | Loss: 0.0273909 | L2 loss: 0.0258813 | Lip loss: 0.0015095 | Grad norm: 1.156493 | Time: 33s913ms
Epoch: 025 | Test Loss: 0.0252587 | Time: 529ms
==> Save the model at epoch 025 with test loss 0.0252587
Epoch: 026 | Loss: 0.0273593 | L2 loss: 0.0258804 | Lip loss: 0.0014789 | Grad norm: 1.193078 | Time: 33s858ms
Epoch: 026 | Test Loss: 0.0252587 | Time: 433ms
Epoch: 027 | Loss: 0.0273731 | L2 loss: 0.0258804 | Lip loss: 0.0014927 | Grad norm: 1.162666 | Time: 33s366ms
Epoch: 027 | Test Loss: 0.0252587 | Time: 433ms
==> Save the model at epoch 027 with test loss 0.0252587
Epoch: 028 | Loss: 0.0273355 | L2 loss: 0.0258804 | Lip loss: 0.0014551 | Grad norm: 1.174452 | Time: 33s553ms
Epoch: 028 | Test Loss: 0.0252587 | Time: 435ms
Epoch: 029 | Loss: 0.0273256 | L2 loss: 0.0258804 | Lip loss: 0.0014452 | Grad norm: 1.117622 | Time: 35s242ms
Epoch: 029 | Test Loss: 0.0252587 | Time: 438ms
==> Save the model at epoch 029 with test loss 0.0252587
Epoch: 030 | Loss: 0.0273511 | L2 loss: 0.0258804 | Lip loss: 0.0014707 | Grad norm: 1.169777 | Time: 34s578ms
Epoch: 030 | Test Loss: 0.0252587 | Time: 434ms
==> Save the model at epoch 030 with test loss 0.0252587
Epoch: 031 | Loss: 0.0273656 | L2 loss: 0.0258804 | Lip loss: 0.0014852 | Grad norm: 1.183943 | Time: 34s264ms
Epoch: 031 | Test Loss: 0.0252587 | Time: 439ms
==> Save the model at epoch 031 with test loss 0.0252587
Epoch: 032 | Loss: 0.0273688 | L2 loss: 0.0258804 | Lip loss: 0.0014884 | Grad norm: 1.175911 | Time: 34s612ms
Epoch: 032 | Test Loss: 0.0252587 | Time: 517ms
Epoch: 033 | Loss: 0.0273540 | L2 loss: 0.0258804 | Lip loss: 0.0014736 | Grad norm: 1.163277 | Time: 34s967ms
Epoch: 033 | Test Loss: 0.0252587 | Time: 437ms
Epoch: 034 | Loss: 0.0273579 | L2 loss: 0.0258804 | Lip loss: 0.0014775 | Grad norm: 1.174858 | Time: 35s89ms
Epoch: 034 | Test Loss: 0.0252587 | Time: 514ms
Epoch: 035 | Loss: 0.0273526 | L2 loss: 0.0258804 | Lip loss: 0.0014722 | Grad norm: 1.154187 | Time: 34s887ms
Epoch: 035 | Test Loss: 0.0252587 | Time: 506ms
Epoch: 036 | Loss: 0.0273613 | L2 loss: 0.0258804 | Lip loss: 0.0014810 | Grad norm: 1.185930 | Time: 34s283ms
Epoch: 036 | Test Loss: 0.0252587 | Time: 435ms
Epoch: 037 | Loss: 0.0273705 | L2 loss: 0.0258804 | Lip loss: 0.0014902 | Grad norm: 1.166764 | Time: 34s421ms
Epoch: 037 | Test Loss: 0.0252587 | Time: 445ms
Epoch: 038 | Loss: 0.0273455 | L2 loss: 0.0258804 | Lip loss: 0.0014652 | Grad norm: 1.138003 | Time: 34s334ms
Epoch: 038 | Test Loss: 0.0252587 | Time: 443ms
Epoch: 039 | Loss: 0.0273648 | L2 loss: 0.0258804 | Lip loss: 0.0014844 | Grad norm: 1.167614 | Time: 34s518ms
Epoch: 039 | Test Loss: 0.0252587 | Time: 433ms
Epoch: 040 | Loss: 0.0273681 | L2 loss: 0.0258804 | Lip loss: 0.0014878 | Grad norm: 1.143265 | Time: 34s119ms
Epoch: 040 | Test Loss: 0.0252587 | Time: 439ms
Total time: 23m16s
==> Saving trained model weights...
==> Input bias to be applied to the neural network (trained):
[0. 0.]
==> Input transform to be applied to the neural network (trained):
[1. 1.]
==> Output transform to be applied to the neural network (trained):
[1. 1.]
==> Saving training info...
==> Drawing training loss...
==> Drawing grad norm...
==> Drawing testing loss...
==> Drawing l2 loss...
==> Drawing lip loss...
==> Process finished.
