==> torch device:  cuda:3
==> Test-Train split: test_ratio = 0.20
==> Test-Train split seed:  None
==> Further split: further_train_ratio = 1.00
==> Further split seed:  None
==> Input bias to be applied to the neural network:
[0. 0.]
==> Input transform to be applied to the neural network:
[1. 1.]
==> Ouput transform to be applied to the neural network:
[1. 1.]
==> Evaluating model...
==========================================================================================
Layer (type:depth-idx)                   Output Shape              Param #
==========================================================================================
NeuralNetwork                            [1, 2]                    6
├─Sequential: 1-1                        [1, 2]                    --
│    └─Linear: 2-1                       [1, 64]                   192
│    └─LeakyReLU: 2-2                    [1, 64]                   --
│    └─Linear: 2-3                       [1, 64]                   4,160
│    └─LeakyReLU: 2-4                    [1, 64]                   --
│    └─Linear: 2-5                       [1, 64]                   4,160
│    └─LeakyReLU: 2-6                    [1, 64]                   --
│    └─Linear: 2-7                       [1, 64]                   4,160
│    └─LeakyReLU: 2-8                    [1, 64]                   --
│    └─Linear: 2-9                       [1, 64]                   4,160
│    └─LeakyReLU: 2-10                   [1, 64]                   --
│    └─Linear: 2-11                      [1, 64]                   4,160
│    └─LeakyReLU: 2-12                   [1, 64]                   --
│    └─Linear: 2-13                      [1, 64]                   4,160
│    └─LeakyReLU: 2-14                   [1, 64]                   --
│    └─Linear: 2-15                      [1, 2]                    130
==========================================================================================
Total params: 25,288
Trainable params: 25,282
Non-trainable params: 6
Total mult-adds (Units.MEGABYTES): 0.03
==========================================================================================
Input size (MB): 0.00
Forward/backward pass size (MB): 0.00
Params size (MB): 0.10
Estimated Total Size (MB): 0.10
==========================================================================================
==> Saving initial model weights...
==> Start training...
Epoch: 001 | Loss: 3.8359192 | L2 loss: 3.7702818 | Lip loss: 0.0656374 | Grad norm: 2.777405 | Time: 34s403ms
Epoch: 001 | Test Loss: 0.2169028 | Time: 467ms
==> Save the model at epoch 001 with test loss 0.2169028
Epoch: 002 | Loss: 0.3278039 | L2 loss: 0.1894021 | Lip loss: 0.1384018 | Grad norm: 2.297573 | Time: 34s423ms
Epoch: 002 | Test Loss: 0.1380310 | Time: 444ms
==> Save the model at epoch 002 with test loss 0.1380310
Epoch: 003 | Loss: 0.2703394 | L2 loss: 0.1274106 | Lip loss: 0.1429288 | Grad norm: 2.243950 | Time: 34s812ms
Epoch: 003 | Test Loss: 0.0950896 | Time: 443ms
==> Save the model at epoch 003 with test loss 0.0950896
Epoch: 004 | Loss: 0.2352498 | L2 loss: 0.0915309 | Lip loss: 0.1437189 | Grad norm: 2.625599 | Time: 34s345ms
Epoch: 004 | Test Loss: 0.0679506 | Time: 442ms
==> Save the model at epoch 004 with test loss 0.0679506
Epoch: 005 | Loss: 0.2123423 | L2 loss: 0.0691274 | Lip loss: 0.1432149 | Grad norm: 2.383290 | Time: 34s820ms
Epoch: 005 | Test Loss: 0.0607382 | Time: 438ms
==> Save the model at epoch 005 with test loss 0.0607382
Epoch: 006 | Loss: 0.2001249 | L2 loss: 0.0579354 | Lip loss: 0.1421895 | Grad norm: 1.776779 | Time: 34s405ms
Epoch: 006 | Test Loss: 0.0497405 | Time: 523ms
==> Save the model at epoch 006 with test loss 0.0497405
Epoch: 007 | Loss: 0.1982125 | L2 loss: 0.0549767 | Lip loss: 0.1432359 | Grad norm: 1.814610 | Time: 34s770ms
Epoch: 007 | Test Loss: 0.0475357 | Time: 522ms
==> Save the model at epoch 007 with test loss 0.0475357
Epoch: 008 | Loss: 0.1979493 | L2 loss: 0.0535890 | Lip loss: 0.1443603 | Grad norm: 1.793657 | Time: 34s351ms
Epoch: 008 | Test Loss: 0.0471611 | Time: 456ms
==> Save the model at epoch 008 with test loss 0.0471611
Epoch: 009 | Loss: 0.1944982 | L2 loss: 0.0518904 | Lip loss: 0.1426078 | Grad norm: 1.760198 | Time: 34s373ms
Epoch: 009 | Test Loss: 0.0453332 | Time: 434ms
==> Save the model at epoch 009 with test loss 0.0453332
Epoch: 010 | Loss: 0.1937719 | L2 loss: 0.0501748 | Lip loss: 0.1435971 | Grad norm: 1.877698 | Time: 33s327ms
Epoch: 010 | Test Loss: 0.0434040 | Time: 436ms
==> Save the model at epoch 010 with test loss 0.0434040
Epoch: 011 | Loss: 0.1915893 | L2 loss: 0.0489823 | Lip loss: 0.1426070 | Grad norm: 1.716840 | Time: 34s541ms
Epoch: 011 | Test Loss: 0.0431181 | Time: 440ms
==> Save the model at epoch 011 with test loss 0.0431181
Epoch: 012 | Loss: 0.1916478 | L2 loss: 0.0487124 | Lip loss: 0.1429354 | Grad norm: 1.684676 | Time: 34s335ms
Epoch: 012 | Test Loss: 0.0430783 | Time: 536ms
==> Save the model at epoch 012 with test loss 0.0430783
Epoch: 013 | Loss: 0.1931867 | L2 loss: 0.0486026 | Lip loss: 0.1445841 | Grad norm: 1.612106 | Time: 33s879ms
Epoch: 013 | Test Loss: 0.0428703 | Time: 439ms
==> Save the model at epoch 013 with test loss 0.0428703
Epoch: 014 | Loss: 0.1928311 | L2 loss: 0.0484175 | Lip loss: 0.1444136 | Grad norm: 1.599160 | Time: 34s855ms
Epoch: 014 | Test Loss: 0.0429397 | Time: 439ms
Epoch: 015 | Loss: 0.1915611 | L2 loss: 0.0482761 | Lip loss: 0.1432850 | Grad norm: 1.630613 | Time: 34s209ms
Epoch: 015 | Test Loss: 0.0426985 | Time: 518ms
==> Save the model at epoch 015 with test loss 0.0426985
Epoch: 016 | Loss: 0.1905823 | L2 loss: 0.0481680 | Lip loss: 0.1424143 | Grad norm: 1.643819 | Time: 34s779ms
Epoch: 016 | Test Loss: 0.0425837 | Time: 512ms
==> Save the model at epoch 016 with test loss 0.0425837
Epoch: 017 | Loss: 0.1925573 | L2 loss: 0.0481399 | Lip loss: 0.1444174 | Grad norm: 1.669607 | Time: 34s473ms
Epoch: 017 | Test Loss: 0.0425967 | Time: 443ms
Epoch: 018 | Loss: 0.1908986 | L2 loss: 0.0481310 | Lip loss: 0.1427676 | Grad norm: 1.670819 | Time: 34s787ms
Epoch: 018 | Test Loss: 0.0425978 | Time: 441ms
Epoch: 019 | Loss: 0.1927215 | L2 loss: 0.0481040 | Lip loss: 0.1446175 | Grad norm: 1.670994 | Time: 34s285ms
Epoch: 019 | Test Loss: 0.0425490 | Time: 444ms
==> Save the model at epoch 019 with test loss 0.0425490
Epoch: 020 | Loss: 0.1937538 | L2 loss: 0.0481096 | Lip loss: 0.1456442 | Grad norm: 1.670245 | Time: 34s307ms
Epoch: 020 | Test Loss: 0.0425865 | Time: 438ms
Epoch: 021 | Loss: 0.1898749 | L2 loss: 0.0481266 | Lip loss: 0.1417483 | Grad norm: 1.687247 | Time: 33s841ms
Epoch: 021 | Test Loss: 0.0425816 | Time: 435ms
Epoch: 022 | Loss: 0.1926399 | L2 loss: 0.0481251 | Lip loss: 0.1445148 | Grad norm: 1.659574 | Time: 34s872ms
Epoch: 022 | Test Loss: 0.0425786 | Time: 438ms
Epoch: 023 | Loss: 0.1933258 | L2 loss: 0.0481243 | Lip loss: 0.1452015 | Grad norm: 1.726274 | Time: 34s22ms
Epoch: 023 | Test Loss: 0.0425765 | Time: 447ms
Epoch: 024 | Loss: 0.1912046 | L2 loss: 0.0481237 | Lip loss: 0.1430809 | Grad norm: 1.627918 | Time: 34s784ms
Epoch: 024 | Test Loss: 0.0425758 | Time: 515ms
Epoch: 025 | Loss: 0.1927652 | L2 loss: 0.0481210 | Lip loss: 0.1446441 | Grad norm: 1.708305 | Time: 33s854ms
Epoch: 025 | Test Loss: 0.0425736 | Time: 509ms
Epoch: 026 | Loss: 0.1928308 | L2 loss: 0.0481202 | Lip loss: 0.1447107 | Grad norm: 1.656671 | Time: 33s775ms
Epoch: 026 | Test Loss: 0.0425736 | Time: 437ms
Epoch: 027 | Loss: 0.1914290 | L2 loss: 0.0481201 | Lip loss: 0.1433088 | Grad norm: 1.643048 | Time: 34s149ms
Epoch: 027 | Test Loss: 0.0425735 | Time: 442ms
Epoch: 028 | Loss: 0.1933839 | L2 loss: 0.0481201 | Lip loss: 0.1452638 | Grad norm: 1.658131 | Time: 34s959ms
Epoch: 028 | Test Loss: 0.0425735 | Time: 439ms
Epoch: 029 | Loss: 0.1902819 | L2 loss: 0.0481201 | Lip loss: 0.1421618 | Grad norm: 1.636576 | Time: 34s385ms
Epoch: 029 | Test Loss: 0.0425735 | Time: 446ms
Epoch: 030 | Loss: 0.1902789 | L2 loss: 0.0481201 | Lip loss: 0.1421588 | Grad norm: 1.607955 | Time: 34s658ms
Epoch: 030 | Test Loss: 0.0425735 | Time: 449ms
Epoch: 031 | Loss: 0.1903380 | L2 loss: 0.0481201 | Lip loss: 0.1422179 | Grad norm: 1.672010 | Time: 34s386ms
Epoch: 031 | Test Loss: 0.0425735 | Time: 450ms
Epoch: 032 | Loss: 0.1928036 | L2 loss: 0.0481201 | Lip loss: 0.1446836 | Grad norm: 1.664228 | Time: 33s728ms
Epoch: 032 | Test Loss: 0.0425735 | Time: 505ms
Epoch: 033 | Loss: 0.1922732 | L2 loss: 0.0481201 | Lip loss: 0.1441531 | Grad norm: 1.675244 | Time: 34s205ms
Epoch: 033 | Test Loss: 0.0425735 | Time: 435ms
Epoch: 034 | Loss: 0.1930507 | L2 loss: 0.0481201 | Lip loss: 0.1449306 | Grad norm: 1.678588 | Time: 33s779ms
Epoch: 034 | Test Loss: 0.0425735 | Time: 508ms
Epoch: 035 | Loss: 0.1893996 | L2 loss: 0.0481201 | Lip loss: 0.1412795 | Grad norm: 1.692774 | Time: 34s842ms
Epoch: 035 | Test Loss: 0.0425735 | Time: 511ms
Epoch: 036 | Loss: 0.1919787 | L2 loss: 0.0481201 | Lip loss: 0.1438587 | Grad norm: 1.602488 | Time: 34s594ms
Epoch: 036 | Test Loss: 0.0425735 | Time: 444ms
Epoch: 037 | Loss: 0.1887210 | L2 loss: 0.0481201 | Lip loss: 0.1406009 | Grad norm: 1.642754 | Time: 34s441ms
Epoch: 037 | Test Loss: 0.0425735 | Time: 445ms
Epoch: 038 | Loss: 0.1902127 | L2 loss: 0.0481201 | Lip loss: 0.1420927 | Grad norm: 1.631853 | Time: 34s194ms
Epoch: 038 | Test Loss: 0.0425735 | Time: 420ms
Epoch: 039 | Loss: 0.1896690 | L2 loss: 0.0481201 | Lip loss: 0.1415490 | Grad norm: 1.666514 | Time: 33s395ms
Epoch: 039 | Test Loss: 0.0425735 | Time: 428ms
Epoch: 040 | Loss: 0.1887916 | L2 loss: 0.0481201 | Lip loss: 0.1406716 | Grad norm: 1.623600 | Time: 32s127ms
Epoch: 040 | Test Loss: 0.0425735 | Time: 407ms
Total time: 23m9s
==> Saving trained model weights...
==> Input bias to be applied to the neural network (trained):
[0. 0.]
==> Input transform to be applied to the neural network (trained):
[1. 1.]
==> Output transform to be applied to the neural network (trained):
[1. 1.]
==> Saving training info...
==> Drawing training loss...
==> Drawing grad norm...
==> Drawing testing loss...
==> Drawing l2 loss...
==> Drawing lip loss...
==> Process finished.
