==> torch device:  cuda:1
==> Test-Train split: test_ratio = 0.20
==> Test-Train split seed:  None
==> Further split: further_train_ratio = 0.50
==> Further split seed:  None
==> Input bias to be applied to the neural network:
[0. 0. 0. 0.]
==> Input transform to be applied to the neural network:
[1. 1. 1. 1.]
==> Ouput transform to be applied to the neural network:
[1. 1.]
==> Evaluating model...
==========================================================================================
Layer (type:depth-idx)                   Output Shape              Param #
==========================================================================================
NeuralNetwork                            [1, 2]                    10
├─Sequential: 1-1                        [1, 2]                    --
│    └─Linear: 2-1                       [1, 64]                   320
│    └─LeakyReLU: 2-2                    [1, 64]                   --
│    └─Linear: 2-3                       [1, 64]                   4,160
│    └─LeakyReLU: 2-4                    [1, 64]                   --
│    └─Linear: 2-5                       [1, 64]                   4,160
│    └─LeakyReLU: 2-6                    [1, 64]                   --
│    └─Linear: 2-7                       [1, 64]                   4,160
│    └─LeakyReLU: 2-8                    [1, 64]                   --
│    └─Linear: 2-9                       [1, 64]                   4,160
│    └─LeakyReLU: 2-10                   [1, 64]                   --
│    └─Linear: 2-11                      [1, 64]                   4,160
│    └─LeakyReLU: 2-12                   [1, 64]                   --
│    └─Linear: 2-13                      [1, 64]                   4,160
│    └─LeakyReLU: 2-14                   [1, 64]                   --
│    └─Linear: 2-15                      [1, 2]                    130
==========================================================================================
Total params: 25,420
Trainable params: 25,410
Non-trainable params: 10
Total mult-adds (Units.MEGABYTES): 0.03
==========================================================================================
Input size (MB): 0.00
Forward/backward pass size (MB): 0.00
Params size (MB): 0.10
Estimated Total Size (MB): 0.11
==========================================================================================
==> Saving initial model weights...
==> Start training...
Epoch: 001 | Loss: 0.0050737 | L2 loss: 0.0050737 | Lip loss: 0.0000000 | Grad norm: 0.030790 | Time: 17s361ms
Epoch: 001 | Test Loss: 0.0037214 | Time: 490ms
==> Save the model at epoch 001 with test loss 0.0037214
Epoch: 002 | Loss: 0.0032454 | L2 loss: 0.0032454 | Lip loss: 0.0000000 | Grad norm: 0.019775 | Time: 17s394ms
Epoch: 002 | Test Loss: 0.0028579 | Time: 498ms
==> Save the model at epoch 002 with test loss 0.0028579
Epoch: 003 | Loss: 0.0028209 | L2 loss: 0.0028209 | Lip loss: 0.0000000 | Grad norm: 0.018804 | Time: 16s915ms
Epoch: 003 | Test Loss: 0.0027964 | Time: 563ms
==> Save the model at epoch 003 with test loss 0.0027964
Epoch: 004 | Loss: 0.0028047 | L2 loss: 0.0028047 | Lip loss: 0.0000000 | Grad norm: 0.016859 | Time: 16s899ms
Epoch: 004 | Test Loss: 0.0027597 | Time: 497ms
==> Save the model at epoch 004 with test loss 0.0027597
Epoch: 005 | Loss: 0.0028017 | L2 loss: 0.0028017 | Lip loss: 0.0000000 | Grad norm: 0.016800 | Time: 17s94ms
Epoch: 005 | Test Loss: 0.0027693 | Time: 512ms
Epoch: 006 | Loss: 0.0027426 | L2 loss: 0.0027426 | Lip loss: 0.0000000 | Grad norm: 0.009904 | Time: 17s451ms
Epoch: 006 | Test Loss: 0.0027229 | Time: 495ms
==> Save the model at epoch 006 with test loss 0.0027229
Epoch: 007 | Loss: 0.0027388 | L2 loss: 0.0027388 | Lip loss: 0.0000000 | Grad norm: 0.010451 | Time: 17s409ms
Epoch: 007 | Test Loss: 0.0027185 | Time: 492ms
==> Save the model at epoch 007 with test loss 0.0027185
Epoch: 008 | Loss: 0.0027384 | L2 loss: 0.0027384 | Lip loss: 0.0000000 | Grad norm: 0.010873 | Time: 17s703ms
Epoch: 008 | Test Loss: 0.0027220 | Time: 494ms
Epoch: 009 | Loss: 0.0027346 | L2 loss: 0.0027346 | Lip loss: 0.0000000 | Grad norm: 0.010131 | Time: 17s571ms
Epoch: 009 | Test Loss: 0.0027206 | Time: 508ms
Epoch: 010 | Loss: 0.0027346 | L2 loss: 0.0027346 | Lip loss: 0.0000000 | Grad norm: 0.010308 | Time: 16s850ms
Epoch: 010 | Test Loss: 0.0027158 | Time: 574ms
==> Save the model at epoch 010 with test loss 0.0027158
Epoch: 011 | Loss: 0.0027274 | L2 loss: 0.0027274 | Lip loss: 0.0000000 | Grad norm: 0.009404 | Time: 17s34ms
Epoch: 011 | Test Loss: 0.0027139 | Time: 496ms
==> Save the model at epoch 011 with test loss 0.0027139
Epoch: 012 | Loss: 0.0027268 | L2 loss: 0.0027268 | Lip loss: 0.0000000 | Grad norm: 0.009391 | Time: 17s358ms
Epoch: 012 | Test Loss: 0.0027137 | Time: 530ms
==> Save the model at epoch 012 with test loss 0.0027137
Epoch: 013 | Loss: 0.0027267 | L2 loss: 0.0027267 | Lip loss: 0.0000000 | Grad norm: 0.009493 | Time: 16s857ms
Epoch: 013 | Test Loss: 0.0027141 | Time: 493ms
Epoch: 014 | Loss: 0.0027263 | L2 loss: 0.0027263 | Lip loss: 0.0000000 | Grad norm: 0.009440 | Time: 17s214ms
Epoch: 014 | Test Loss: 0.0027148 | Time: 512ms
Epoch: 015 | Loss: 0.0027263 | L2 loss: 0.0027263 | Lip loss: 0.0000000 | Grad norm: 0.009739 | Time: 17s37ms
Epoch: 015 | Test Loss: 0.0027143 | Time: 498ms
Epoch: 016 | Loss: 0.0027256 | L2 loss: 0.0027256 | Lip loss: 0.0000000 | Grad norm: 0.009182 | Time: 17s70ms
Epoch: 016 | Test Loss: 0.0027136 | Time: 506ms
==> Save the model at epoch 016 with test loss 0.0027136
Epoch: 017 | Loss: 0.0027257 | L2 loss: 0.0027256 | Lip loss: 0.0000000 | Grad norm: 0.009923 | Time: 16s784ms
Epoch: 017 | Test Loss: 0.0027136 | Time: 565ms
==> Save the model at epoch 017 with test loss 0.0027136
Epoch: 018 | Loss: 0.0027259 | L2 loss: 0.0027259 | Lip loss: 0.0000000 | Grad norm: 0.009334 | Time: 16s743ms
Epoch: 018 | Test Loss: 0.0027135 | Time: 496ms
==> Save the model at epoch 018 with test loss 0.0027135
Epoch: 019 | Loss: 0.0027248 | L2 loss: 0.0027248 | Lip loss: 0.0000000 | Grad norm: 0.009265 | Time: 17s647ms
Epoch: 019 | Test Loss: 0.0027134 | Time: 487ms
==> Save the model at epoch 019 with test loss 0.0027134
Epoch: 020 | Loss: 0.0027234 | L2 loss: 0.0027233 | Lip loss: 0.0000000 | Grad norm: 0.009347 | Time: 17s80ms
Epoch: 020 | Test Loss: 0.0027135 | Time: 492ms
Epoch: 021 | Loss: 0.0027251 | L2 loss: 0.0027251 | Lip loss: 0.0000000 | Grad norm: 0.009410 | Time: 16s918ms
Epoch: 021 | Test Loss: 0.0027135 | Time: 492ms
Epoch: 022 | Loss: 0.0027251 | L2 loss: 0.0027251 | Lip loss: 0.0000000 | Grad norm: 0.008990 | Time: 17s271ms
Epoch: 022 | Test Loss: 0.0027135 | Time: 492ms
Epoch: 023 | Loss: 0.0027249 | L2 loss: 0.0027249 | Lip loss: 0.0000000 | Grad norm: 0.009343 | Time: 17s698ms
Epoch: 023 | Test Loss: 0.0027134 | Time: 500ms
Epoch: 024 | Loss: 0.0027256 | L2 loss: 0.0027256 | Lip loss: 0.0000000 | Grad norm: 0.009177 | Time: 17s109ms
Epoch: 024 | Test Loss: 0.0027134 | Time: 568ms
Epoch: 025 | Loss: 0.0027254 | L2 loss: 0.0027254 | Lip loss: 0.0000000 | Grad norm: 0.009091 | Time: 16s841ms
Epoch: 025 | Test Loss: 0.0027134 | Time: 498ms
Epoch: 026 | Loss: 0.0027247 | L2 loss: 0.0027247 | Lip loss: 0.0000000 | Grad norm: 0.009186 | Time: 17s100ms
Epoch: 026 | Test Loss: 0.0027134 | Time: 489ms
Epoch: 027 | Loss: 0.0027243 | L2 loss: 0.0027243 | Lip loss: 0.0000000 | Grad norm: 0.008974 | Time: 17s669ms
Epoch: 027 | Test Loss: 0.0027134 | Time: 501ms
Epoch: 028 | Loss: 0.0027255 | L2 loss: 0.0027255 | Lip loss: 0.0000000 | Grad norm: 0.009319 | Time: 18s321ms
Epoch: 028 | Test Loss: 0.0027134 | Time: 510ms
Epoch: 029 | Loss: 0.0027247 | L2 loss: 0.0027246 | Lip loss: 0.0000000 | Grad norm: 0.009113 | Time: 17s365ms
Epoch: 029 | Test Loss: 0.0027134 | Time: 503ms
Epoch: 030 | Loss: 0.0027245 | L2 loss: 0.0027244 | Lip loss: 0.0000000 | Grad norm: 0.009312 | Time: 16s919ms
Epoch: 030 | Test Loss: 0.0027134 | Time: 520ms
Epoch: 031 | Loss: 0.0027243 | L2 loss: 0.0027243 | Lip loss: 0.0000000 | Grad norm: 0.009136 | Time: 17s155ms
Epoch: 031 | Test Loss: 0.0027134 | Time: 490ms
Epoch: 032 | Loss: 0.0027243 | L2 loss: 0.0027243 | Lip loss: 0.0000000 | Grad norm: 0.009692 | Time: 17s321ms
Epoch: 032 | Test Loss: 0.0027134 | Time: 493ms
Epoch: 033 | Loss: 0.0027245 | L2 loss: 0.0027245 | Lip loss: 0.0000000 | Grad norm: 0.009152 | Time: 17s333ms
Epoch: 033 | Test Loss: 0.0027134 | Time: 495ms
Epoch: 034 | Loss: 0.0027249 | L2 loss: 0.0027249 | Lip loss: 0.0000000 | Grad norm: 0.009552 | Time: 17s79ms
Epoch: 034 | Test Loss: 0.0027134 | Time: 508ms
Epoch: 035 | Loss: 0.0027247 | L2 loss: 0.0027247 | Lip loss: 0.0000000 | Grad norm: 0.008565 | Time: 17s144ms
Epoch: 035 | Test Loss: 0.0027134 | Time: 500ms
Epoch: 036 | Loss: 0.0027248 | L2 loss: 0.0027247 | Lip loss: 0.0000000 | Grad norm: 0.009419 | Time: 17s140ms
Epoch: 036 | Test Loss: 0.0027134 | Time: 597ms
Epoch: 037 | Loss: 0.0027252 | L2 loss: 0.0027252 | Lip loss: 0.0000000 | Grad norm: 0.009285 | Time: 17s112ms
Epoch: 037 | Test Loss: 0.0027134 | Time: 489ms
Epoch: 038 | Loss: 0.0027253 | L2 loss: 0.0027253 | Lip loss: 0.0000000 | Grad norm: 0.009228 | Time: 16s867ms
Epoch: 038 | Test Loss: 0.0027134 | Time: 487ms
Epoch: 039 | Loss: 0.0027242 | L2 loss: 0.0027242 | Lip loss: 0.0000000 | Grad norm: 0.009419 | Time: 17s82ms
Epoch: 039 | Test Loss: 0.0027134 | Time: 496ms
Epoch: 040 | Loss: 0.0027236 | L2 loss: 0.0027236 | Lip loss: 0.0000000 | Grad norm: 0.008934 | Time: 17s439ms
Epoch: 040 | Test Loss: 0.0027134 | Time: 504ms
Total time: 11m48s
==> Saving trained model weights...
==> Input bias to be applied to the neural network (trained):
[0. 0. 0. 0.]
==> Input transform to be applied to the neural network (trained):
[1. 1. 1. 1.]
==> Output transform to be applied to the neural network (trained):
[1. 1.]
==> Saving training info...
==> Drawing training loss...
==> Drawing grad norm...
==> Drawing testing loss...
==> Drawing l2 loss...
==> Drawing lip loss...
==> Process finished.
