==> torch device:  cuda:1
==> Test-Train split: test_ratio = 0.20
==> Test-Train split seed:  None
==> Further split: further_train_ratio = 1.00
==> Further split seed:  None
==> Input bias to be applied to the neural network:
[0. 0. 0. 0.]
==> Input transform to be applied to the neural network:
[1. 1. 1. 1.]
==> Ouput transform to be applied to the neural network:
[1. 1.]
==> Evaluating model...
==========================================================================================
Layer (type:depth-idx)                   Output Shape              Param #
==========================================================================================
NeuralNetwork                            [1, 2]                    10
├─Sequential: 1-1                        [1, 2]                    --
│    └─Linear: 2-1                       [1, 64]                   320
│    └─LeakyReLU: 2-2                    [1, 64]                   --
│    └─Linear: 2-3                       [1, 64]                   4,160
│    └─LeakyReLU: 2-4                    [1, 64]                   --
│    └─Linear: 2-5                       [1, 64]                   4,160
│    └─LeakyReLU: 2-6                    [1, 64]                   --
│    └─Linear: 2-7                       [1, 64]                   4,160
│    └─LeakyReLU: 2-8                    [1, 64]                   --
│    └─Linear: 2-9                       [1, 64]                   4,160
│    └─LeakyReLU: 2-10                   [1, 64]                   --
│    └─Linear: 2-11                      [1, 64]                   4,160
│    └─LeakyReLU: 2-12                   [1, 64]                   --
│    └─Linear: 2-13                      [1, 64]                   4,160
│    └─LeakyReLU: 2-14                   [1, 64]                   --
│    └─Linear: 2-15                      [1, 2]                    130
==========================================================================================
Total params: 25,420
Trainable params: 25,410
Non-trainable params: 10
Total mult-adds (Units.MEGABYTES): 0.03
==========================================================================================
Input size (MB): 0.00
Forward/backward pass size (MB): 0.00
Params size (MB): 0.10
Estimated Total Size (MB): 0.11
==========================================================================================
==> Saving initial model weights...
==> Start training...
Epoch: 001 | Loss: 0.0006206 | L2 loss: 0.0006200 | Lip loss: 0.0000006 | Grad norm: 0.013189 | Time: 33s807ms
Epoch: 001 | Test Loss: 0.0000738 | Time: 485ms
==> Save the model at epoch 001 with test loss 0.0000738
Epoch: 002 | Loss: 0.0000741 | L2 loss: 0.0000732 | Lip loss: 0.0000009 | Grad norm: 0.003946 | Time: 33s817ms
Epoch: 002 | Test Loss: 0.0000688 | Time: 539ms
==> Save the model at epoch 002 with test loss 0.0000688
Epoch: 003 | Loss: 0.0000729 | L2 loss: 0.0000720 | Lip loss: 0.0000009 | Grad norm: 0.003889 | Time: 35s23ms
Epoch: 003 | Test Loss: 0.0000697 | Time: 492ms
Epoch: 004 | Loss: 0.0000717 | L2 loss: 0.0000708 | Lip loss: 0.0000009 | Grad norm: 0.003618 | Time: 34s937ms
Epoch: 004 | Test Loss: 0.0000694 | Time: 494ms
Epoch: 005 | Loss: 0.0000717 | L2 loss: 0.0000708 | Lip loss: 0.0000009 | Grad norm: 0.003756 | Time: 34s51ms
Epoch: 005 | Test Loss: 0.0000691 | Time: 500ms
Epoch: 006 | Loss: 0.0000674 | L2 loss: 0.0000665 | Lip loss: 0.0000009 | Grad norm: 0.001570 | Time: 34s388ms
Epoch: 006 | Test Loss: 0.0000663 | Time: 558ms
==> Save the model at epoch 006 with test loss 0.0000663
Epoch: 007 | Loss: 0.0000672 | L2 loss: 0.0000663 | Lip loss: 0.0000009 | Grad norm: 0.001574 | Time: 35s40ms
Epoch: 007 | Test Loss: 0.0000663 | Time: 570ms
Epoch: 008 | Loss: 0.0000672 | L2 loss: 0.0000663 | Lip loss: 0.0000009 | Grad norm: 0.001622 | Time: 34s206ms
Epoch: 008 | Test Loss: 0.0000668 | Time: 506ms
Epoch: 009 | Loss: 0.0000675 | L2 loss: 0.0000666 | Lip loss: 0.0000009 | Grad norm: 0.002001 | Time: 33s570ms
Epoch: 009 | Test Loss: 0.0000665 | Time: 492ms
Epoch: 010 | Loss: 0.0000673 | L2 loss: 0.0000664 | Lip loss: 0.0000009 | Grad norm: 0.001811 | Time: 34s577ms
Epoch: 010 | Test Loss: 0.0000663 | Time: 496ms
==> Save the model at epoch 010 with test loss 0.0000663
Epoch: 011 | Loss: 0.0000667 | L2 loss: 0.0000658 | Lip loss: 0.0000009 | Grad norm: 0.001239 | Time: 34s402ms
Epoch: 011 | Test Loss: 0.0000660 | Time: 495ms
==> Save the model at epoch 011 with test loss 0.0000660
Epoch: 012 | Loss: 0.0000667 | L2 loss: 0.0000658 | Lip loss: 0.0000009 | Grad norm: 0.001266 | Time: 34s115ms
Epoch: 012 | Test Loss: 0.0000660 | Time: 509ms
Epoch: 013 | Loss: 0.0000666 | L2 loss: 0.0000657 | Lip loss: 0.0000009 | Grad norm: 0.001293 | Time: 34s592ms
Epoch: 013 | Test Loss: 0.0000659 | Time: 491ms
==> Save the model at epoch 013 with test loss 0.0000659
Epoch: 014 | Loss: 0.0000667 | L2 loss: 0.0000657 | Lip loss: 0.0000009 | Grad norm: 0.001342 | Time: 34s528ms
Epoch: 014 | Test Loss: 0.0000659 | Time: 491ms
==> Save the model at epoch 014 with test loss 0.0000659
Epoch: 015 | Loss: 0.0000667 | L2 loss: 0.0000657 | Lip loss: 0.0000009 | Grad norm: 0.001279 | Time: 34s825ms
Epoch: 015 | Test Loss: 0.0000660 | Time: 565ms
Epoch: 016 | Loss: 0.0000666 | L2 loss: 0.0000657 | Lip loss: 0.0000009 | Grad norm: 0.001218 | Time: 34s132ms
Epoch: 016 | Test Loss: 0.0000659 | Time: 584ms
==> Save the model at epoch 016 with test loss 0.0000659
Epoch: 017 | Loss: 0.0000666 | L2 loss: 0.0000657 | Lip loss: 0.0000009 | Grad norm: 0.001258 | Time: 34s89ms
Epoch: 017 | Test Loss: 0.0000659 | Time: 493ms
==> Save the model at epoch 017 with test loss 0.0000659
Epoch: 018 | Loss: 0.0000666 | L2 loss: 0.0000657 | Lip loss: 0.0000009 | Grad norm: 0.001226 | Time: 34s863ms
Epoch: 018 | Test Loss: 0.0000659 | Time: 504ms
==> Save the model at epoch 018 with test loss 0.0000659
Epoch: 019 | Loss: 0.0000666 | L2 loss: 0.0000656 | Lip loss: 0.0000009 | Grad norm: 0.001191 | Time: 34s578ms
Epoch: 019 | Test Loss: 0.0000659 | Time: 506ms
Epoch: 020 | Loss: 0.0000666 | L2 loss: 0.0000657 | Lip loss: 0.0000009 | Grad norm: 0.001193 | Time: 34s678ms
Epoch: 020 | Test Loss: 0.0000659 | Time: 506ms
Epoch: 021 | Loss: 0.0000666 | L2 loss: 0.0000656 | Lip loss: 0.0000009 | Grad norm: 0.001224 | Time: 34s991ms
Epoch: 021 | Test Loss: 0.0000659 | Time: 491ms
==> Save the model at epoch 021 with test loss 0.0000659
Epoch: 022 | Loss: 0.0000666 | L2 loss: 0.0000656 | Lip loss: 0.0000009 | Grad norm: 0.001232 | Time: 34s529ms
Epoch: 022 | Test Loss: 0.0000659 | Time: 492ms
==> Save the model at epoch 022 with test loss 0.0000659
Epoch: 023 | Loss: 0.0000665 | L2 loss: 0.0000656 | Lip loss: 0.0000009 | Grad norm: 0.001209 | Time: 34s650ms
Epoch: 023 | Test Loss: 0.0000659 | Time: 491ms
==> Save the model at epoch 023 with test loss 0.0000659
Epoch: 024 | Loss: 0.0000665 | L2 loss: 0.0000656 | Lip loss: 0.0000009 | Grad norm: 0.001201 | Time: 34s680ms
Epoch: 024 | Test Loss: 0.0000659 | Time: 564ms
Epoch: 025 | Loss: 0.0000666 | L2 loss: 0.0000656 | Lip loss: 0.0000010 | Grad norm: 0.001204 | Time: 34s139ms
Epoch: 025 | Test Loss: 0.0000659 | Time: 567ms
Epoch: 026 | Loss: 0.0000665 | L2 loss: 0.0000656 | Lip loss: 0.0000009 | Grad norm: 0.001164 | Time: 34s209ms
Epoch: 026 | Test Loss: 0.0000659 | Time: 493ms
Epoch: 027 | Loss: 0.0000665 | L2 loss: 0.0000656 | Lip loss: 0.0000009 | Grad norm: 0.001155 | Time: 33s869ms
Epoch: 027 | Test Loss: 0.0000659 | Time: 496ms
Epoch: 028 | Loss: 0.0000665 | L2 loss: 0.0000656 | Lip loss: 0.0000009 | Grad norm: 0.001246 | Time: 34s208ms
Epoch: 028 | Test Loss: 0.0000659 | Time: 487ms
Epoch: 029 | Loss: 0.0000665 | L2 loss: 0.0000656 | Lip loss: 0.0000009 | Grad norm: 0.001198 | Time: 34s163ms
Epoch: 029 | Test Loss: 0.0000659 | Time: 496ms
Epoch: 030 | Loss: 0.0000666 | L2 loss: 0.0000656 | Lip loss: 0.0000009 | Grad norm: 0.001243 | Time: 34s885ms
Epoch: 030 | Test Loss: 0.0000659 | Time: 497ms
Epoch: 031 | Loss: 0.0000665 | L2 loss: 0.0000656 | Lip loss: 0.0000009 | Grad norm: 0.001216 | Time: 34s811ms
Epoch: 031 | Test Loss: 0.0000659 | Time: 486ms
Epoch: 032 | Loss: 0.0000666 | L2 loss: 0.0000656 | Lip loss: 0.0000009 | Grad norm: 0.001226 | Time: 34s38ms
Epoch: 032 | Test Loss: 0.0000659 | Time: 559ms
Epoch: 033 | Loss: 0.0000666 | L2 loss: 0.0000656 | Lip loss: 0.0000009 | Grad norm: 0.001176 | Time: 34s416ms
Epoch: 033 | Test Loss: 0.0000659 | Time: 491ms
Epoch: 034 | Loss: 0.0000666 | L2 loss: 0.0000656 | Lip loss: 0.0000009 | Grad norm: 0.001262 | Time: 34s73ms
Epoch: 034 | Test Loss: 0.0000659 | Time: 560ms
Epoch: 035 | Loss: 0.0000665 | L2 loss: 0.0000656 | Lip loss: 0.0000009 | Grad norm: 0.001220 | Time: 34s534ms
Epoch: 035 | Test Loss: 0.0000659 | Time: 563ms
Epoch: 036 | Loss: 0.0000666 | L2 loss: 0.0000656 | Lip loss: 0.0000009 | Grad norm: 0.001216 | Time: 34s126ms
Epoch: 036 | Test Loss: 0.0000659 | Time: 512ms
Epoch: 037 | Loss: 0.0000665 | L2 loss: 0.0000656 | Lip loss: 0.0000009 | Grad norm: 0.001206 | Time: 33s574ms
Epoch: 037 | Test Loss: 0.0000659 | Time: 487ms
Epoch: 038 | Loss: 0.0000665 | L2 loss: 0.0000656 | Lip loss: 0.0000009 | Grad norm: 0.001237 | Time: 34s282ms
Epoch: 038 | Test Loss: 0.0000659 | Time: 494ms
Epoch: 039 | Loss: 0.0000665 | L2 loss: 0.0000656 | Lip loss: 0.0000009 | Grad norm: 0.001251 | Time: 34s552ms
Epoch: 039 | Test Loss: 0.0000659 | Time: 494ms
Epoch: 040 | Loss: 0.0000665 | L2 loss: 0.0000656 | Lip loss: 0.0000009 | Grad norm: 0.001196 | Time: 34s398ms
Epoch: 040 | Test Loss: 0.0000659 | Time: 491ms
Total time: 23m15s
==> Saving trained model weights...
==> Input bias to be applied to the neural network (trained):
[0. 0. 0. 0.]
==> Input transform to be applied to the neural network (trained):
[1. 1. 1. 1.]
==> Output transform to be applied to the neural network (trained):
[1. 1.]
==> Saving training info...
==> Drawing training loss...
==> Drawing grad norm...
==> Drawing testing loss...
==> Drawing l2 loss...
==> Drawing lip loss...
==> Process finished.
