==> torch device:  cuda:1
==> Test-Train split: test_ratio = 0.20
==> Test-Train split seed:  None
==> Further split: further_train_ratio = 0.50
==> Further split seed:  None
==> Input bias to be applied to the neural network:
[0. 0. 0. 0.]
==> Input transform to be applied to the neural network:
[1. 1. 1. 1.]
==> Ouput transform to be applied to the neural network:
[1. 1.]
==> Evaluating model...
==========================================================================================
Layer (type:depth-idx)                   Output Shape              Param #
==========================================================================================
NeuralNetwork                            [1, 2]                    10
├─Sequential: 1-1                        [1, 2]                    --
│    └─Linear: 2-1                       [1, 64]                   320
│    └─LeakyReLU: 2-2                    [1, 64]                   --
│    └─Linear: 2-3                       [1, 64]                   4,160
│    └─LeakyReLU: 2-4                    [1, 64]                   --
│    └─Linear: 2-5                       [1, 64]                   4,160
│    └─LeakyReLU: 2-6                    [1, 64]                   --
│    └─Linear: 2-7                       [1, 64]                   4,160
│    └─LeakyReLU: 2-8                    [1, 64]                   --
│    └─Linear: 2-9                       [1, 64]                   4,160
│    └─LeakyReLU: 2-10                   [1, 64]                   --
│    └─Linear: 2-11                      [1, 64]                   4,160
│    └─LeakyReLU: 2-12                   [1, 64]                   --
│    └─Linear: 2-13                      [1, 64]                   4,160
│    └─LeakyReLU: 2-14                   [1, 64]                   --
│    └─Linear: 2-15                      [1, 2]                    130
==========================================================================================
Total params: 25,420
Trainable params: 25,410
Non-trainable params: 10
Total mult-adds (Units.MEGABYTES): 0.03
==========================================================================================
Input size (MB): 0.00
Forward/backward pass size (MB): 0.00
Params size (MB): 0.10
Estimated Total Size (MB): 0.11
==========================================================================================
==> Saving initial model weights...
==> Start training...
Epoch: 001 | Loss: 0.0444832 | L2 loss: 0.0290500 | Lip loss: 0.0154331 | Grad norm: 0.150064 | Time: 17s572ms
Epoch: 001 | Test Loss: 0.0115410 | Time: 498ms
==> Save the model at epoch 001 with test loss 0.0115410
Epoch: 002 | Loss: 0.0290446 | L2 loss: 0.0122203 | Lip loss: 0.0168244 | Grad norm: 0.104556 | Time: 17s442ms
Epoch: 002 | Test Loss: 0.0117002 | Time: 503ms
Epoch: 003 | Loss: 0.0290479 | L2 loss: 0.0122387 | Lip loss: 0.0168091 | Grad norm: 0.100230 | Time: 17s945ms
Epoch: 003 | Test Loss: 0.0113563 | Time: 568ms
==> Save the model at epoch 003 with test loss 0.0113563
Epoch: 004 | Loss: 0.0289682 | L2 loss: 0.0120413 | Lip loss: 0.0169269 | Grad norm: 0.092101 | Time: 17s318ms
Epoch: 004 | Test Loss: 0.0123193 | Time: 487ms
Epoch: 005 | Loss: 0.0290970 | L2 loss: 0.0122263 | Lip loss: 0.0168707 | Grad norm: 0.101238 | Time: 17s170ms
Epoch: 005 | Test Loss: 0.0114866 | Time: 507ms
Epoch: 006 | Loss: 0.0280547 | L2 loss: 0.0113420 | Lip loss: 0.0167126 | Grad norm: 0.064682 | Time: 17s322ms
Epoch: 006 | Test Loss: 0.0110917 | Time: 503ms
==> Save the model at epoch 006 with test loss 0.0110917
Epoch: 007 | Loss: 0.0280543 | L2 loss: 0.0113228 | Lip loss: 0.0167316 | Grad norm: 0.063629 | Time: 17s231ms
Epoch: 007 | Test Loss: 0.0109643 | Time: 493ms
==> Save the model at epoch 007 with test loss 0.0109643
Epoch: 008 | Loss: 0.0280388 | L2 loss: 0.0112466 | Lip loss: 0.0167922 | Grad norm: 0.065098 | Time: 17s94ms
Epoch: 008 | Test Loss: 0.0109564 | Time: 491ms
==> Save the model at epoch 008 with test loss 0.0109564
Epoch: 009 | Loss: 0.0279940 | L2 loss: 0.0112344 | Lip loss: 0.0167596 | Grad norm: 0.065239 | Time: 16s982ms
Epoch: 009 | Test Loss: 0.0108585 | Time: 488ms
==> Save the model at epoch 009 with test loss 0.0108585
Epoch: 010 | Loss: 0.0278947 | L2 loss: 0.0111689 | Lip loss: 0.0167258 | Grad norm: 0.064947 | Time: 17s282ms
Epoch: 010 | Test Loss: 0.0108969 | Time: 563ms
Epoch: 011 | Loss: 0.0279345 | L2 loss: 0.0111854 | Lip loss: 0.0167492 | Grad norm: 0.059697 | Time: 17s282ms
Epoch: 011 | Test Loss: 0.0108681 | Time: 503ms
Epoch: 012 | Loss: 0.0277723 | L2 loss: 0.0111542 | Lip loss: 0.0166181 | Grad norm: 0.059809 | Time: 17s276ms
Epoch: 012 | Test Loss: 0.0107495 | Time: 491ms
==> Save the model at epoch 012 with test loss 0.0107495
Epoch: 013 | Loss: 0.0278823 | L2 loss: 0.0111633 | Lip loss: 0.0167190 | Grad norm: 0.059534 | Time: 17s227ms
Epoch: 013 | Test Loss: 0.0108358 | Time: 497ms
Epoch: 014 | Loss: 0.0278988 | L2 loss: 0.0111765 | Lip loss: 0.0167223 | Grad norm: 0.061882 | Time: 17s328ms
Epoch: 014 | Test Loss: 0.0107788 | Time: 494ms
Epoch: 015 | Loss: 0.0278609 | L2 loss: 0.0111500 | Lip loss: 0.0167109 | Grad norm: 0.061179 | Time: 17s397ms
Epoch: 015 | Test Loss: 0.0108203 | Time: 503ms
Epoch: 016 | Loss: 0.0278491 | L2 loss: 0.0111647 | Lip loss: 0.0166844 | Grad norm: 0.058541 | Time: 17s478ms
Epoch: 016 | Test Loss: 0.0108137 | Time: 486ms
Epoch: 017 | Loss: 0.0278352 | L2 loss: 0.0111503 | Lip loss: 0.0166849 | Grad norm: 0.060275 | Time: 17s440ms
Epoch: 017 | Test Loss: 0.0108026 | Time: 586ms
Epoch: 018 | Loss: 0.0277633 | L2 loss: 0.0111356 | Lip loss: 0.0166277 | Grad norm: 0.059969 | Time: 17s488ms
Epoch: 018 | Test Loss: 0.0107982 | Time: 503ms
Epoch: 019 | Loss: 0.0278958 | L2 loss: 0.0111541 | Lip loss: 0.0167417 | Grad norm: 0.060861 | Time: 18s260ms
Epoch: 019 | Test Loss: 0.0108057 | Time: 494ms
Epoch: 020 | Loss: 0.0279144 | L2 loss: 0.0111493 | Lip loss: 0.0167651 | Grad norm: 0.059255 | Time: 17s890ms
Epoch: 020 | Test Loss: 0.0108048 | Time: 501ms
Epoch: 021 | Loss: 0.0278139 | L2 loss: 0.0111294 | Lip loss: 0.0166846 | Grad norm: 0.060391 | Time: 17s361ms
Epoch: 021 | Test Loss: 0.0108037 | Time: 506ms
Epoch: 022 | Loss: 0.0278641 | L2 loss: 0.0111568 | Lip loss: 0.0167073 | Grad norm: 0.059363 | Time: 17s433ms
Epoch: 022 | Test Loss: 0.0108030 | Time: 483ms
Epoch: 023 | Loss: 0.0279856 | L2 loss: 0.0111445 | Lip loss: 0.0168412 | Grad norm: 0.057780 | Time: 17s574ms
Epoch: 023 | Test Loss: 0.0108043 | Time: 491ms
Epoch: 024 | Loss: 0.0278478 | L2 loss: 0.0111563 | Lip loss: 0.0166914 | Grad norm: 0.059709 | Time: 18s66ms
Epoch: 024 | Test Loss: 0.0108038 | Time: 572ms
Epoch: 025 | Loss: 0.0278017 | L2 loss: 0.0111339 | Lip loss: 0.0166678 | Grad norm: 0.058124 | Time: 17s896ms
Epoch: 025 | Test Loss: 0.0108031 | Time: 501ms
Epoch: 026 | Loss: 0.0279705 | L2 loss: 0.0111677 | Lip loss: 0.0168028 | Grad norm: 0.059938 | Time: 18s169ms
Epoch: 026 | Test Loss: 0.0108032 | Time: 504ms
Epoch: 027 | Loss: 0.0278246 | L2 loss: 0.0111487 | Lip loss: 0.0166759 | Grad norm: 0.058511 | Time: 17s828ms
Epoch: 027 | Test Loss: 0.0108031 | Time: 487ms
Epoch: 028 | Loss: 0.0277562 | L2 loss: 0.0111501 | Lip loss: 0.0166061 | Grad norm: 0.059377 | Time: 17s427ms
Epoch: 028 | Test Loss: 0.0108031 | Time: 497ms
Epoch: 029 | Loss: 0.0277739 | L2 loss: 0.0111261 | Lip loss: 0.0166479 | Grad norm: 0.062418 | Time: 17s202ms
Epoch: 029 | Test Loss: 0.0108031 | Time: 497ms
Epoch: 030 | Loss: 0.0278561 | L2 loss: 0.0111355 | Lip loss: 0.0167206 | Grad norm: 0.058494 | Time: 17s253ms
Epoch: 030 | Test Loss: 0.0108030 | Time: 486ms
Epoch: 031 | Loss: 0.0279013 | L2 loss: 0.0111308 | Lip loss: 0.0167705 | Grad norm: 0.060287 | Time: 17s595ms
Epoch: 031 | Test Loss: 0.0108030 | Time: 524ms
Epoch: 032 | Loss: 0.0278638 | L2 loss: 0.0111258 | Lip loss: 0.0167380 | Grad norm: 0.059890 | Time: 17s968ms
Epoch: 032 | Test Loss: 0.0108030 | Time: 505ms
Epoch: 033 | Loss: 0.0279337 | L2 loss: 0.0111596 | Lip loss: 0.0167742 | Grad norm: 0.059153 | Time: 18s19ms
Epoch: 033 | Test Loss: 0.0108030 | Time: 505ms
Epoch: 034 | Loss: 0.0278585 | L2 loss: 0.0111280 | Lip loss: 0.0167305 | Grad norm: 0.059530 | Time: 17s627ms
Epoch: 034 | Test Loss: 0.0108030 | Time: 489ms
Epoch: 035 | Loss: 0.0278961 | L2 loss: 0.0111345 | Lip loss: 0.0167616 | Grad norm: 0.059811 | Time: 17s396ms
Epoch: 035 | Test Loss: 0.0108030 | Time: 486ms
Epoch: 036 | Loss: 0.0278748 | L2 loss: 0.0111263 | Lip loss: 0.0167485 | Grad norm: 0.057480 | Time: 17s20ms
Epoch: 036 | Test Loss: 0.0108030 | Time: 562ms
Epoch: 037 | Loss: 0.0278701 | L2 loss: 0.0111331 | Lip loss: 0.0167370 | Grad norm: 0.060451 | Time: 16s982ms
Epoch: 037 | Test Loss: 0.0108030 | Time: 490ms
Epoch: 038 | Loss: 0.0278913 | L2 loss: 0.0111338 | Lip loss: 0.0167574 | Grad norm: 0.062070 | Time: 17s524ms
Epoch: 038 | Test Loss: 0.0108030 | Time: 506ms
Epoch: 039 | Loss: 0.0278603 | L2 loss: 0.0111320 | Lip loss: 0.0167284 | Grad norm: 0.060807 | Time: 17s191ms
Epoch: 039 | Test Loss: 0.0108030 | Time: 492ms
Epoch: 040 | Loss: 0.0278575 | L2 loss: 0.0111357 | Lip loss: 0.0167218 | Grad norm: 0.058544 | Time: 17s863ms
Epoch: 040 | Test Loss: 0.0108030 | Time: 486ms
Total time: 12m110ms
==> Saving trained model weights...
==> Input bias to be applied to the neural network (trained):
[0. 0. 0. 0.]
==> Input transform to be applied to the neural network (trained):
[1. 1. 1. 1.]
==> Output transform to be applied to the neural network (trained):
[1. 1.]
==> Saving training info...
==> Drawing training loss...
==> Drawing grad norm...
==> Drawing testing loss...
==> Drawing l2 loss...
==> Drawing lip loss...
==> Process finished.
