==> torch device:  cuda:1
==> Test-Train split: test_ratio = 0.20
==> Test-Train split seed:  None
==> Further split: further_train_ratio = 1.00
==> Further split seed:  None
==> Input bias to be applied to the neural network:
[0. 0. 0. 0.]
==> Input transform to be applied to the neural network:
[1. 1. 1. 1.]
==> Ouput transform to be applied to the neural network:
[1. 1.]
==> Evaluating model...
==========================================================================================
Layer (type:depth-idx)                   Output Shape              Param #
==========================================================================================
NeuralNetwork                            [1, 2]                    10
├─Sequential: 1-1                        [1, 2]                    --
│    └─Linear: 2-1                       [1, 64]                   320
│    └─LeakyReLU: 2-2                    [1, 64]                   --
│    └─Linear: 2-3                       [1, 64]                   4,160
│    └─LeakyReLU: 2-4                    [1, 64]                   --
│    └─Linear: 2-5                       [1, 64]                   4,160
│    └─LeakyReLU: 2-6                    [1, 64]                   --
│    └─Linear: 2-7                       [1, 64]                   4,160
│    └─LeakyReLU: 2-8                    [1, 64]                   --
│    └─Linear: 2-9                       [1, 64]                   4,160
│    └─LeakyReLU: 2-10                   [1, 64]                   --
│    └─Linear: 2-11                      [1, 64]                   4,160
│    └─LeakyReLU: 2-12                   [1, 64]                   --
│    └─Linear: 2-13                      [1, 64]                   4,160
│    └─LeakyReLU: 2-14                   [1, 64]                   --
│    └─Linear: 2-15                      [1, 2]                    130
==========================================================================================
Total params: 25,420
Trainable params: 25,410
Non-trainable params: 10
Total mult-adds (Units.MEGABYTES): 0.03
==========================================================================================
Input size (MB): 0.00
Forward/backward pass size (MB): 0.00
Params size (MB): 0.10
Estimated Total Size (MB): 0.11
==========================================================================================
==> Saving initial model weights...
==> Start training...
Epoch: 001 | Loss: 0.0189647 | L2 loss: 0.0189468 | Lip loss: 0.0000179 | Grad norm: 0.094531 | Time: 34s897ms
Epoch: 001 | Test Loss: 0.0100406 | Time: 516ms
==> Save the model at epoch 001 with test loss 0.0100406
Epoch: 002 | Loss: 0.0102334 | L2 loss: 0.0102149 | Lip loss: 0.0000185 | Grad norm: 0.062721 | Time: 35s240ms
Epoch: 002 | Test Loss: 0.0099464 | Time: 505ms
==> Save the model at epoch 002 with test loss 0.0099464
Epoch: 003 | Loss: 0.0100657 | L2 loss: 0.0100470 | Lip loss: 0.0000187 | Grad norm: 0.055346 | Time: 35s633ms
Epoch: 003 | Test Loss: 0.0097444 | Time: 508ms
==> Save the model at epoch 003 with test loss 0.0097444
Epoch: 004 | Loss: 0.0099052 | L2 loss: 0.0098864 | Lip loss: 0.0000188 | Grad norm: 0.049791 | Time: 34s455ms
Epoch: 004 | Test Loss: 0.0095757 | Time: 501ms
==> Save the model at epoch 004 with test loss 0.0095757
Epoch: 005 | Loss: 0.0096954 | L2 loss: 0.0096767 | Lip loss: 0.0000187 | Grad norm: 0.048717 | Time: 35s108ms
Epoch: 005 | Test Loss: 0.0093386 | Time: 506ms
==> Save the model at epoch 005 with test loss 0.0093386
Epoch: 006 | Loss: 0.0091296 | L2 loss: 0.0091109 | Lip loss: 0.0000188 | Grad norm: 0.031148 | Time: 34s465ms
Epoch: 006 | Test Loss: 0.0089914 | Time: 573ms
==> Save the model at epoch 006 with test loss 0.0089914
Epoch: 007 | Loss: 0.0089883 | L2 loss: 0.0089695 | Lip loss: 0.0000188 | Grad norm: 0.032876 | Time: 35s303ms
Epoch: 007 | Test Loss: 0.0088518 | Time: 579ms
==> Save the model at epoch 007 with test loss 0.0088518
Epoch: 008 | Loss: 0.0088680 | L2 loss: 0.0088491 | Lip loss: 0.0000189 | Grad norm: 0.035229 | Time: 34s442ms
Epoch: 008 | Test Loss: 0.0087626 | Time: 505ms
==> Save the model at epoch 008 with test loss 0.0087626
Epoch: 009 | Loss: 0.0087543 | L2 loss: 0.0087354 | Lip loss: 0.0000189 | Grad norm: 0.035802 | Time: 35s315ms
Epoch: 009 | Test Loss: 0.0086186 | Time: 500ms
==> Save the model at epoch 009 with test loss 0.0086186
Epoch: 010 | Loss: 0.0086345 | L2 loss: 0.0086154 | Lip loss: 0.0000190 | Grad norm: 0.038761 | Time: 34s883ms
Epoch: 010 | Test Loss: 0.0085085 | Time: 502ms
==> Save the model at epoch 010 with test loss 0.0085085
Epoch: 011 | Loss: 0.0085092 | L2 loss: 0.0084902 | Lip loss: 0.0000190 | Grad norm: 0.034947 | Time: 34s818ms
Epoch: 011 | Test Loss: 0.0084272 | Time: 504ms
==> Save the model at epoch 011 with test loss 0.0084272
Epoch: 012 | Loss: 0.0084899 | L2 loss: 0.0084707 | Lip loss: 0.0000193 | Grad norm: 0.034462 | Time: 36s83ms
Epoch: 012 | Test Loss: 0.0084151 | Time: 626ms
==> Save the model at epoch 012 with test loss 0.0084151
Epoch: 013 | Loss: 0.0084771 | L2 loss: 0.0084580 | Lip loss: 0.0000191 | Grad norm: 0.034719 | Time: 34s933ms
Epoch: 013 | Test Loss: 0.0084051 | Time: 502ms
==> Save the model at epoch 013 with test loss 0.0084051
Epoch: 014 | Loss: 0.0084633 | L2 loss: 0.0084442 | Lip loss: 0.0000191 | Grad norm: 0.035325 | Time: 35s691ms
Epoch: 014 | Test Loss: 0.0083943 | Time: 508ms
==> Save the model at epoch 014 with test loss 0.0083943
Epoch: 015 | Loss: 0.0084519 | L2 loss: 0.0084326 | Lip loss: 0.0000192 | Grad norm: 0.035654 | Time: 35s871ms
Epoch: 015 | Test Loss: 0.0083775 | Time: 578ms
==> Save the model at epoch 015 with test loss 0.0083775
Epoch: 016 | Loss: 0.0084364 | L2 loss: 0.0084175 | Lip loss: 0.0000189 | Grad norm: 0.034709 | Time: 34s895ms
Epoch: 016 | Test Loss: 0.0083755 | Time: 573ms
==> Save the model at epoch 016 with test loss 0.0083755
Epoch: 017 | Loss: 0.0084344 | L2 loss: 0.0084152 | Lip loss: 0.0000192 | Grad norm: 0.034153 | Time: 35s952ms
Epoch: 017 | Test Loss: 0.0083749 | Time: 502ms
==> Save the model at epoch 017 with test loss 0.0083749
Epoch: 018 | Loss: 0.0084331 | L2 loss: 0.0084138 | Lip loss: 0.0000193 | Grad norm: 0.034729 | Time: 35s955ms
Epoch: 018 | Test Loss: 0.0083736 | Time: 501ms
==> Save the model at epoch 018 with test loss 0.0083736
Epoch: 019 | Loss: 0.0084317 | L2 loss: 0.0084125 | Lip loss: 0.0000192 | Grad norm: 0.034928 | Time: 35s449ms
Epoch: 019 | Test Loss: 0.0083732 | Time: 501ms
==> Save the model at epoch 019 with test loss 0.0083732
Epoch: 020 | Loss: 0.0084303 | L2 loss: 0.0084112 | Lip loss: 0.0000191 | Grad norm: 0.035142 | Time: 35s495ms
Epoch: 020 | Test Loss: 0.0083717 | Time: 507ms
==> Save the model at epoch 020 with test loss 0.0083717
Epoch: 021 | Loss: 0.0084286 | L2 loss: 0.0084094 | Lip loss: 0.0000192 | Grad norm: 0.034885 | Time: 35s697ms
Epoch: 021 | Test Loss: 0.0083716 | Time: 501ms
==> Save the model at epoch 021 with test loss 0.0083716
Epoch: 022 | Loss: 0.0084285 | L2 loss: 0.0084093 | Lip loss: 0.0000193 | Grad norm: 0.034348 | Time: 35s579ms
Epoch: 022 | Test Loss: 0.0083714 | Time: 500ms
==> Save the model at epoch 022 with test loss 0.0083714
Epoch: 023 | Loss: 0.0084283 | L2 loss: 0.0084091 | Lip loss: 0.0000192 | Grad norm: 0.034474 | Time: 34s187ms
Epoch: 023 | Test Loss: 0.0083713 | Time: 498ms
==> Save the model at epoch 023 with test loss 0.0083713
Epoch: 024 | Loss: 0.0084280 | L2 loss: 0.0084090 | Lip loss: 0.0000191 | Grad norm: 0.034565 | Time: 34s608ms
Epoch: 024 | Test Loss: 0.0083712 | Time: 568ms
==> Save the model at epoch 024 with test loss 0.0083712
Epoch: 025 | Loss: 0.0084280 | L2 loss: 0.0084088 | Lip loss: 0.0000191 | Grad norm: 0.034363 | Time: 34s745ms
Epoch: 025 | Test Loss: 0.0083711 | Time: 580ms
==> Save the model at epoch 025 with test loss 0.0083711
Epoch: 026 | Loss: 0.0084277 | L2 loss: 0.0084086 | Lip loss: 0.0000191 | Grad norm: 0.034167 | Time: 34s478ms
Epoch: 026 | Test Loss: 0.0083711 | Time: 502ms
==> Save the model at epoch 026 with test loss 0.0083711
Epoch: 027 | Loss: 0.0084278 | L2 loss: 0.0084086 | Lip loss: 0.0000192 | Grad norm: 0.034622 | Time: 35s80ms
Epoch: 027 | Test Loss: 0.0083711 | Time: 500ms
==> Save the model at epoch 027 with test loss 0.0083711
Epoch: 028 | Loss: 0.0084277 | L2 loss: 0.0084086 | Lip loss: 0.0000191 | Grad norm: 0.034991 | Time: 34s515ms
Epoch: 028 | Test Loss: 0.0083711 | Time: 501ms
==> Save the model at epoch 028 with test loss 0.0083711
Epoch: 029 | Loss: 0.0084275 | L2 loss: 0.0084086 | Lip loss: 0.0000189 | Grad norm: 0.034971 | Time: 35s368ms
Epoch: 029 | Test Loss: 0.0083711 | Time: 508ms
==> Save the model at epoch 029 with test loss 0.0083711
Epoch: 030 | Loss: 0.0084277 | L2 loss: 0.0084086 | Lip loss: 0.0000191 | Grad norm: 0.034830 | Time: 34s876ms
Epoch: 030 | Test Loss: 0.0083711 | Time: 508ms
==> Save the model at epoch 030 with test loss 0.0083711
Epoch: 031 | Loss: 0.0084277 | L2 loss: 0.0084086 | Lip loss: 0.0000191 | Grad norm: 0.035040 | Time: 34s966ms
Epoch: 031 | Test Loss: 0.0083711 | Time: 505ms
==> Save the model at epoch 031 with test loss 0.0083711
Epoch: 032 | Loss: 0.0084280 | L2 loss: 0.0084086 | Lip loss: 0.0000194 | Grad norm: 0.035126 | Time: 34s320ms
Epoch: 032 | Test Loss: 0.0083711 | Time: 567ms
==> Save the model at epoch 032 with test loss 0.0083711
Epoch: 033 | Loss: 0.0084280 | L2 loss: 0.0084086 | Lip loss: 0.0000195 | Grad norm: 0.035019 | Time: 35s282ms
Epoch: 033 | Test Loss: 0.0083711 | Time: 510ms
Epoch: 034 | Loss: 0.0084278 | L2 loss: 0.0084086 | Lip loss: 0.0000192 | Grad norm: 0.034511 | Time: 34s968ms
Epoch: 034 | Test Loss: 0.0083711 | Time: 573ms
==> Save the model at epoch 034 with test loss 0.0083711
Epoch: 035 | Loss: 0.0084277 | L2 loss: 0.0084086 | Lip loss: 0.0000191 | Grad norm: 0.034610 | Time: 35s630ms
Epoch: 035 | Test Loss: 0.0083711 | Time: 572ms
==> Save the model at epoch 035 with test loss 0.0083711
Epoch: 036 | Loss: 0.0084276 | L2 loss: 0.0084086 | Lip loss: 0.0000191 | Grad norm: 0.034803 | Time: 35s382ms
Epoch: 036 | Test Loss: 0.0083711 | Time: 502ms
Epoch: 037 | Loss: 0.0084279 | L2 loss: 0.0084086 | Lip loss: 0.0000194 | Grad norm: 0.035509 | Time: 34s260ms
Epoch: 037 | Test Loss: 0.0083711 | Time: 509ms
Epoch: 038 | Loss: 0.0084275 | L2 loss: 0.0084086 | Lip loss: 0.0000190 | Grad norm: 0.034707 | Time: 35s58ms
Epoch: 038 | Test Loss: 0.0083711 | Time: 500ms
Epoch: 039 | Loss: 0.0084277 | L2 loss: 0.0084086 | Lip loss: 0.0000191 | Grad norm: 0.034763 | Time: 35s378ms
Epoch: 039 | Test Loss: 0.0083711 | Time: 501ms
Epoch: 040 | Loss: 0.0084277 | L2 loss: 0.0084086 | Lip loss: 0.0000192 | Grad norm: 0.034997 | Time: 34s782ms
Epoch: 040 | Test Loss: 0.0083711 | Time: 505ms
Total time: 23m45s
==> Saving trained model weights...
==> Input bias to be applied to the neural network (trained):
[0. 0. 0. 0.]
==> Input transform to be applied to the neural network (trained):
[1. 1. 1. 1.]
==> Output transform to be applied to the neural network (trained):
[1. 1.]
==> Saving training info...
==> Drawing training loss...
==> Drawing grad norm...
==> Drawing testing loss...
==> Drawing l2 loss...
==> Drawing lip loss...
==> Process finished.
