==> torch device:  cuda:3
==> Test-Train split: test_ratio = 0.20
==> Test-Train split seed:  None
==> Further split: further_train_ratio = 0.25
==> Further split seed:  None
==> Input bias to be applied to the neural network:
[0. 0.]
==> Input transform to be applied to the neural network:
[0.5090095 0.5090095]
==> Ouput transform to be applied to the neural network:
[3.9366 3.9363]
==> Evaluating model...
==========================================================================================
Layer (type:depth-idx)                   Output Shape              Param #
==========================================================================================
NeuralNetwork                            [1, 2]                    6
├─Sequential: 1-1                        [1, 2]                    --
│    └─Linear: 2-1                       [1, 64]                   192
│    └─ReLU: 2-2                         [1, 64]                   --
│    └─Linear: 2-3                       [1, 64]                   4,160
│    └─ReLU: 2-4                         [1, 64]                   --
│    └─Linear: 2-5                       [1, 64]                   4,160
│    └─ReLU: 2-6                         [1, 64]                   --
│    └─Linear: 2-7                       [1, 64]                   4,160
│    └─ReLU: 2-8                         [1, 64]                   --
│    └─Linear: 2-9                       [1, 64]                   4,160
│    └─ReLU: 2-10                        [1, 64]                   --
│    └─Linear: 2-11                      [1, 64]                   4,160
│    └─ReLU: 2-12                        [1, 64]                   --
│    └─Linear: 2-13                      [1, 64]                   4,160
│    └─ReLU: 2-14                        [1, 64]                   --
│    └─Linear: 2-15                      [1, 2]                    130
├─Sequential: 1-2                        [1, 2]                    (recursive)
│    └─Linear: 2-16                      [1, 64]                   (recursive)
│    └─ReLU: 2-17                        [1, 64]                   --
│    └─Linear: 2-18                      [1, 64]                   (recursive)
│    └─ReLU: 2-19                        [1, 64]                   --
│    └─Linear: 2-20                      [1, 64]                   (recursive)
│    └─ReLU: 2-21                        [1, 64]                   --
│    └─Linear: 2-22                      [1, 64]                   (recursive)
│    └─ReLU: 2-23                        [1, 64]                   --
│    └─Linear: 2-24                      [1, 64]                   (recursive)
│    └─ReLU: 2-25                        [1, 64]                   --
│    └─Linear: 2-26                      [1, 64]                   (recursive)
│    └─ReLU: 2-27                        [1, 64]                   --
│    └─Linear: 2-28                      [1, 64]                   (recursive)
│    └─ReLU: 2-29                        [1, 64]                   --
│    └─Linear: 2-30                      [1, 2]                    (recursive)
==========================================================================================
Total params: 25,288
Trainable params: 25,282
Non-trainable params: 6
Total mult-adds (M): 0.05
==========================================================================================
Input size (MB): 0.00
Forward/backward pass size (MB): 0.01
Params size (MB): 0.10
Estimated Total Size (MB): 0.11
==========================================================================================
==> Saving initial model weights...
==> Start training...
==> Number of param_groups in optimizer: 1
Epoch: 001 | Train Loss: 30.8641060 | Grad norm: 1.021864 | Time: 1s181ms
Epoch: 001 | Test Loss: 31.2815891 | Time: 604ms
==> Save the model at epoch 001 with test loss 31.2815891
Epoch: 002 | Train Loss: 29.6969313 | Grad norm: 4.421471 | Time: 1s177ms
Epoch: 002 | Test Loss: 27.3741886 | Time: 594ms
==> Save the model at epoch 002 with test loss 27.3741886
Epoch: 003 | Train Loss: 9.1204668 | Grad norm: 14.760959 | Time: 1s196ms
Epoch: 003 | Test Loss: 0.0481107 | Time: 595ms
==> Save the model at epoch 003 with test loss 0.0481107
Epoch: 004 | Train Loss: 0.0202329 | Grad norm: 2.365375 | Time: 1s230ms
Epoch: 004 | Test Loss: 0.0144784 | Time: 654ms
==> Save the model at epoch 004 with test loss 0.0144784
Epoch: 005 | Train Loss: 0.0149106 | Grad norm: 2.206168 | Time: 1s382ms
Epoch: 005 | Test Loss: 0.0124920 | Time: 585ms
==> Save the model at epoch 005 with test loss 0.0124920
Epoch: 006 | Train Loss: 0.0142568 | Grad norm: 2.052158 | Time: 1s305ms
Epoch: 006 | Test Loss: 0.0114046 | Time: 601ms
==> Save the model at epoch 006 with test loss 0.0114046
Epoch: 007 | Train Loss: 0.0142243 | Grad norm: 2.194966 | Time: 1s215ms
Epoch: 007 | Test Loss: 0.0119373 | Time: 688ms
Epoch: 008 | Train Loss: 0.0142330 | Grad norm: 2.142840 | Time: 1s205ms
Epoch: 008 | Test Loss: 0.0164039 | Time: 611ms
Epoch: 009 | Train Loss: 0.0144273 | Grad norm: 2.047880 | Time: 1s248ms
Epoch: 009 | Test Loss: 0.0130395 | Time: 621ms
Epoch: 010 | Train Loss: 0.0154587 | Grad norm: 2.022886 | Time: 1s224ms
Epoch: 010 | Test Loss: 0.0194027 | Time: 615ms
Epoch: 011 | Train Loss: 0.0137946 | Grad norm: 1.779126 | Time: 1s242ms
Epoch: 011 | Test Loss: 0.0148383 | Time: 694ms
Epoch: 012 | Train Loss: 0.0143164 | Grad norm: 1.782537 | Time: 1s310ms
Epoch: 012 | Test Loss: 0.0176474 | Time: 626ms
Epoch: 013 | Train Loss: 0.0130021 | Grad norm: 1.594884 | Time: 1s264ms
Epoch: 013 | Test Loss: 0.0136428 | Time: 611ms
Epoch: 014 | Train Loss: 0.0129364 | Grad norm: 1.565899 | Time: 1s338ms
Epoch: 014 | Test Loss: 0.0093600 | Time: 621ms
==> Save the model at epoch 014 with test loss 0.0093600
Epoch: 015 | Train Loss: 0.0116427 | Grad norm: 1.409288 | Time: 1s298ms
Epoch: 015 | Test Loss: 0.0085676 | Time: 690ms
==> Save the model at epoch 015 with test loss 0.0085676
Epoch: 016 | Train Loss: 0.0119155 | Grad norm: 1.423427 | Time: 1s313ms
Epoch: 016 | Test Loss: 0.0091909 | Time: 600ms
Epoch: 017 | Train Loss: 0.0113736 | Grad norm: 1.362910 | Time: 1s381ms
Epoch: 017 | Test Loss: 0.0115361 | Time: 600ms
Epoch: 018 | Train Loss: 0.0112174 | Grad norm: 1.371693 | Time: 1s310ms
Epoch: 018 | Test Loss: 0.0094479 | Time: 622ms
Epoch: 019 | Train Loss: 0.0119986 | Grad norm: 1.430801 | Time: 1s488ms
Epoch: 019 | Test Loss: 0.0103940 | Time: 619ms
Epoch: 020 | Train Loss: 0.0104692 | Grad norm: 1.157823 | Time: 1s295ms
Epoch: 020 | Test Loss: 0.0118681 | Time: 599ms
Epoch: 021 | Train Loss: 0.0097860 | Grad norm: 1.061783 | Time: 1s232ms
Epoch: 021 | Test Loss: 0.0089917 | Time: 623ms
Epoch: 022 | Train Loss: 0.0089723 | Grad norm: 0.837189 | Time: 1s255ms
Epoch: 022 | Test Loss: 0.0098079 | Time: 623ms
Epoch: 023 | Train Loss: 0.0089776 | Grad norm: 0.841154 | Time: 1s130ms
Epoch: 023 | Test Loss: 0.0094891 | Time: 580ms
Epoch: 024 | Train Loss: 0.0090862 | Grad norm: 0.923727 | Time: 1s271ms
Epoch: 024 | Test Loss: 0.0094342 | Time: 621ms
Epoch: 025 | Train Loss: 0.0094093 | Grad norm: 1.000746 | Time: 1s234ms
Epoch: 025 | Test Loss: 0.0097207 | Time: 595ms
Epoch: 026 | Train Loss: 0.0087869 | Grad norm: 0.836471 | Time: 1s166ms
Epoch: 026 | Test Loss: 0.0103831 | Time: 666ms
Epoch: 027 | Train Loss: 0.0082978 | Grad norm: 0.701484 | Time: 1s165ms
Epoch: 027 | Test Loss: 0.0081347 | Time: 607ms
==> Save the model at epoch 027 with test loss 0.0081347
Epoch: 028 | Train Loss: 0.0081041 | Grad norm: 0.630348 | Time: 1s158ms
Epoch: 028 | Test Loss: 0.0098937 | Time: 606ms
Epoch: 029 | Train Loss: 0.0081940 | Grad norm: 0.668610 | Time: 1s162ms
Epoch: 029 | Test Loss: 0.0077211 | Time: 595ms
==> Save the model at epoch 029 with test loss 0.0077211
Epoch: 030 | Train Loss: 0.0079418 | Grad norm: 0.558820 | Time: 1s226ms
Epoch: 030 | Test Loss: 0.0080741 | Time: 658ms
Epoch: 031 | Train Loss: 0.0079026 | Grad norm: 0.554264 | Time: 1s164ms
Epoch: 031 | Test Loss: 0.0082742 | Time: 601ms
Epoch: 032 | Train Loss: 0.0077168 | Grad norm: 0.491206 | Time: 1s73ms
Epoch: 032 | Test Loss: 0.0077442 | Time: 587ms
Epoch: 033 | Train Loss: 0.0076869 | Grad norm: 0.476839 | Time: 954ms
Epoch: 033 | Test Loss: 0.0075672 | Time: 580ms
==> Save the model at epoch 033 with test loss 0.0075672
Epoch: 034 | Train Loss: 0.0075443 | Grad norm: 0.406915 | Time: 1s16ms
Epoch: 034 | Test Loss: 0.0078045 | Time: 580ms
Epoch: 035 | Train Loss: 0.0075941 | Grad norm: 0.443561 | Time: 956ms
Epoch: 035 | Test Loss: 0.0076453 | Time: 579ms
Epoch: 036 | Train Loss: 0.0074537 | Grad norm: 0.367608 | Time: 958ms
Epoch: 036 | Test Loss: 0.0074795 | Time: 580ms
==> Save the model at epoch 036 with test loss 0.0074795
Epoch: 037 | Train Loss: 0.0073674 | Grad norm: 0.318168 | Time: 962ms
Epoch: 037 | Test Loss: 0.0075260 | Time: 579ms
Epoch: 038 | Train Loss: 0.0073265 | Grad norm: 0.269408 | Time: 1s18ms
Epoch: 038 | Test Loss: 0.0073757 | Time: 585ms
==> Save the model at epoch 038 with test loss 0.0073757
Epoch: 039 | Train Loss: 0.0073039 | Grad norm: 0.251445 | Time: 957ms
Epoch: 039 | Test Loss: 0.0073611 | Time: 584ms
==> Save the model at epoch 039 with test loss 0.0073611
Epoch: 040 | Train Loss: 0.0072747 | Grad norm: 0.240080 | Time: 958ms
Epoch: 040 | Test Loss: 0.0073580 | Time: 583ms
==> Save the model at epoch 040 with test loss 0.0073580
Total time: 1m12s
==> Saving trained model weights...
==> Input bias to be applied to the neural network (trained):
[0. 0.]
==> Input transform to be applied to the neural network (trained):
[0.5090095 0.5090095]
==> Output transform to be applied to the neural network (trained):
[3.9366 3.9363]
==> Saving training info...
==> Drawing training loss...
==> Drawing grad norm...
==> Drawing testing loss...
==> Process finished.
