==> torch device:  cuda:2
==> Test-Train split: test_ratio = 0.20
==> Test-Train split seed:  None
==> Further split: further_train_ratio = 0.50
==> Further split seed:  None
==> Input bias to be applied to the neural network:
[0. 0. 0. 0.]
==> Input transform to be applied to the neural network:
[0.7072636  0.72212595 0.6760411  0.67349136]
==> Ouput transform to be applied to the neural network:
[0.2287 0.2871]
==> Evaluating model...
==========================================================================================
Layer (type:depth-idx)                   Output Shape              Param #
==========================================================================================
NeuralNetwork                            [1, 2]                    10
├─Sequential: 1-1                        [1, 2]                    --
│    └─Linear: 2-1                       [1, 64]                   320
│    └─ReLU: 2-2                         [1, 64]                   --
│    └─Linear: 2-3                       [1, 64]                   4,160
│    └─ReLU: 2-4                         [1, 64]                   --
│    └─Linear: 2-5                       [1, 64]                   4,160
│    └─ReLU: 2-6                         [1, 64]                   --
│    └─Linear: 2-7                       [1, 64]                   4,160
│    └─ReLU: 2-8                         [1, 64]                   --
│    └─Linear: 2-9                       [1, 64]                   4,160
│    └─ReLU: 2-10                        [1, 64]                   --
│    └─Linear: 2-11                      [1, 64]                   4,160
│    └─ReLU: 2-12                        [1, 64]                   --
│    └─Linear: 2-13                      [1, 64]                   4,160
│    └─ReLU: 2-14                        [1, 64]                   --
│    └─Linear: 2-15                      [1, 2]                    130
├─Sequential: 1-2                        [1, 2]                    (recursive)
│    └─Linear: 2-16                      [1, 64]                   (recursive)
│    └─ReLU: 2-17                        [1, 64]                   --
│    └─Linear: 2-18                      [1, 64]                   (recursive)
│    └─ReLU: 2-19                        [1, 64]                   --
│    └─Linear: 2-20                      [1, 64]                   (recursive)
│    └─ReLU: 2-21                        [1, 64]                   --
│    └─Linear: 2-22                      [1, 64]                   (recursive)
│    └─ReLU: 2-23                        [1, 64]                   --
│    └─Linear: 2-24                      [1, 64]                   (recursive)
│    └─ReLU: 2-25                        [1, 64]                   --
│    └─Linear: 2-26                      [1, 64]                   (recursive)
│    └─ReLU: 2-27                        [1, 64]                   --
│    └─Linear: 2-28                      [1, 64]                   (recursive)
│    └─ReLU: 2-29                        [1, 64]                   --
│    └─Linear: 2-30                      [1, 2]                    (recursive)
==========================================================================================
Total params: 25,420
Trainable params: 25,410
Non-trainable params: 10
Total mult-adds (Units.MEGABYTES): 0.05
==========================================================================================
Input size (MB): 0.00
Forward/backward pass size (MB): 0.01
Params size (MB): 0.10
Estimated Total Size (MB): 0.11
==========================================================================================
==> Saving initial model weights...
==> Start training...
==> Number of param_groups in optimizer: 1
Epoch: 001 | Train Loss: 0.1347517 | Grad norm: 0.002610 | Time: 2s505ms
Epoch: 001 | Test Loss: 0.1344060 | Time: 525ms
==> Save the model at epoch 001 with test loss 0.1344060
Epoch: 002 | Train Loss: 0.1348197 | Grad norm: 0.000255 | Time: 2s122ms
Epoch: 002 | Test Loss: 0.1344551 | Time: 624ms
Epoch: 003 | Train Loss: 0.1347925 | Grad norm: 0.000000 | Time: 2s113ms
Epoch: 003 | Test Loss: 0.1344551 | Time: 530ms
Epoch: 004 | Train Loss: 0.1347858 | Grad norm: 0.000000 | Time: 2s232ms
Epoch: 004 | Test Loss: 0.1344551 | Time: 512ms
Epoch: 005 | Train Loss: 0.1348422 | Grad norm: 0.000000 | Time: 2s157ms
Epoch: 005 | Test Loss: 0.1344551 | Time: 526ms
Epoch: 006 | Train Loss: 0.1347666 | Grad norm: 0.000000 | Time: 2s316ms
Epoch: 006 | Test Loss: 0.1344551 | Time: 538ms
Epoch: 007 | Train Loss: 0.1348249 | Grad norm: 0.000000 | Time: 2s61ms
Epoch: 007 | Test Loss: 0.1344551 | Time: 516ms
Epoch: 008 | Train Loss: 0.1348290 | Grad norm: 0.000000 | Time: 2s284ms
Epoch: 008 | Test Loss: 0.1344551 | Time: 532ms
Epoch: 009 | Train Loss: 0.1348109 | Grad norm: 0.000000 | Time: 2s202ms
Epoch: 009 | Test Loss: 0.1344551 | Time: 516ms
Epoch: 010 | Train Loss: 0.1348490 | Grad norm: 0.000000 | Time: 2s119ms
Epoch: 010 | Test Loss: 0.1344551 | Time: 712ms
Epoch: 011 | Train Loss: 0.1347919 | Grad norm: 0.000000 | Time: 2s155ms
Epoch: 011 | Test Loss: 0.1344551 | Time: 517ms
Epoch: 012 | Train Loss: 0.1347537 | Grad norm: 0.000000 | Time: 2s82ms
Epoch: 012 | Test Loss: 0.1344551 | Time: 620ms
Epoch: 013 | Train Loss: 0.1347626 | Grad norm: 0.000000 | Time: 2s371ms
Epoch: 013 | Test Loss: 0.1344551 | Time: 525ms
Epoch: 014 | Train Loss: 0.1348018 | Grad norm: 0.000000 | Time: 2s148ms
Epoch: 014 | Test Loss: 0.1344551 | Time: 594ms
Epoch: 015 | Train Loss: 0.1348557 | Grad norm: 0.000000 | Time: 2s312ms
Epoch: 015 | Test Loss: 0.1344551 | Time: 695ms
Epoch: 016 | Train Loss: 0.1347853 | Grad norm: 0.000000 | Time: 2s350ms
Epoch: 016 | Test Loss: 0.1344551 | Time: 528ms
Epoch: 017 | Train Loss: 0.1348082 | Grad norm: 0.000000 | Time: 2s273ms
Epoch: 017 | Test Loss: 0.1344551 | Time: 518ms
Epoch: 018 | Train Loss: 0.1348053 | Grad norm: 0.000000 | Time: 2s216ms
Epoch: 018 | Test Loss: 0.1344551 | Time: 592ms
Epoch: 019 | Train Loss: 0.1347604 | Grad norm: 0.000000 | Time: 2s66ms
Epoch: 019 | Test Loss: 0.1344551 | Time: 550ms
Epoch: 020 | Train Loss: 0.1349083 | Grad norm: 0.000000 | Time: 2s201ms
Epoch: 020 | Test Loss: 0.1344551 | Time: 515ms
Epoch: 021 | Train Loss: 0.1348491 | Grad norm: 0.000000 | Time: 2s217ms
Epoch: 021 | Test Loss: 0.1344551 | Time: 521ms
Epoch: 022 | Train Loss: 0.1347830 | Grad norm: 0.000000 | Time: 2s182ms
Epoch: 022 | Test Loss: 0.1344551 | Time: 535ms
Epoch: 023 | Train Loss: 0.1347838 | Grad norm: 0.000000 | Time: 2s196ms
Epoch: 023 | Test Loss: 0.1344551 | Time: 545ms
Epoch: 024 | Train Loss: 0.1348287 | Grad norm: 0.000000 | Time: 2s58ms
Epoch: 024 | Test Loss: 0.1344551 | Time: 514ms
Epoch: 025 | Train Loss: 0.1347926 | Grad norm: 0.000000 | Time: 2s204ms
Epoch: 025 | Test Loss: 0.1344551 | Time: 524ms
Epoch: 026 | Train Loss: 0.1348006 | Grad norm: 0.000000 | Time: 2s155ms
Epoch: 026 | Test Loss: 0.1344551 | Time: 604ms
Epoch: 027 | Train Loss: 0.1347865 | Grad norm: 0.000000 | Time: 2s249ms
Epoch: 027 | Test Loss: 0.1344551 | Time: 519ms
Epoch: 028 | Train Loss: 0.1347899 | Grad norm: 0.000000 | Time: 2s223ms
Epoch: 028 | Test Loss: 0.1344551 | Time: 513ms
Epoch: 029 | Train Loss: 0.1348512 | Grad norm: 0.000000 | Time: 2s331ms
Epoch: 029 | Test Loss: 0.1344551 | Time: 538ms
Epoch: 030 | Train Loss: 0.1347654 | Grad norm: 0.000000 | Time: 1s989ms
Epoch: 030 | Test Loss: 0.1344551 | Time: 545ms
Epoch: 031 | Train Loss: 0.1347854 | Grad norm: 0.000000 | Time: 2s220ms
Epoch: 031 | Test Loss: 0.1344551 | Time: 532ms
Epoch: 032 | Train Loss: 0.1347861 | Grad norm: 0.000000 | Time: 2s131ms
Epoch: 032 | Test Loss: 0.1344551 | Time: 545ms
Epoch: 033 | Train Loss: 0.1347452 | Grad norm: 0.000000 | Time: 2s44ms
Epoch: 033 | Test Loss: 0.1344551 | Time: 515ms
Epoch: 034 | Train Loss: 0.1347927 | Grad norm: 0.000000 | Time: 2s173ms
Epoch: 034 | Test Loss: 0.1344551 | Time: 632ms
Epoch: 035 | Train Loss: 0.1348215 | Grad norm: 0.000000 | Time: 2s14ms
Epoch: 035 | Test Loss: 0.1344551 | Time: 528ms
Epoch: 036 | Train Loss: 0.1348242 | Grad norm: 0.000000 | Time: 2s151ms
Epoch: 036 | Test Loss: 0.1344551 | Time: 525ms
Epoch: 037 | Train Loss: 0.1347370 | Grad norm: 0.000000 | Time: 2s212ms
Epoch: 037 | Test Loss: 0.1344551 | Time: 521ms
Epoch: 038 | Train Loss: 0.1348143 | Grad norm: 0.000000 | Time: 2s103ms
Epoch: 038 | Test Loss: 0.1344551 | Time: 517ms
Epoch: 039 | Train Loss: 0.1348243 | Grad norm: 0.000000 | Time: 2s156ms
Epoch: 039 | Test Loss: 0.1344551 | Time: 518ms
Epoch: 040 | Train Loss: 0.1348229 | Grad norm: 0.000000 | Time: 2s133ms
Epoch: 040 | Test Loss: 0.1344551 | Time: 515ms
Total time: 1m49s
==> Saving trained model weights...
==> Input bias to be applied to the neural network (trained):
[0. 0. 0. 0.]
==> Input transform to be applied to the neural network (trained):
[0.7072636  0.72212595 0.6760411  0.67349136]
==> Output transform to be applied to the neural network (trained):
[0.2287 0.2871]
==> Saving training info...
==> Drawing training loss...
==> Drawing grad norm...
==> Drawing testing loss...
==> Process finished.
