==> torch device:  cuda:1
==> Test-Train split: test_ratio = 0.20
==> Test-Train split seed:  None
==> Further split: further_train_ratio = 1.00
==> Further split seed:  None
==> Input bias to be applied to the neural network:
[0. 0.]
==> Input transform to be applied to the neural network:
[0.496845   0.52004784]
==> Ouput transform to be applied to the neural network:
[1.9242 2.0182]
==> Evaluating model...
==========================================================================================
Layer (type:depth-idx)                   Output Shape              Param #
==========================================================================================
NeuralNetwork                            [1, 2]                    6
├─Sequential: 1-1                        [1, 2]                    --
│    └─Linear: 2-1                       [1, 64]                   192
│    └─ReLU: 2-2                         [1, 64]                   --
│    └─Linear: 2-3                       [1, 64]                   4,160
│    └─ReLU: 2-4                         [1, 64]                   --
│    └─Linear: 2-5                       [1, 64]                   4,160
│    └─ReLU: 2-6                         [1, 64]                   --
│    └─Linear: 2-7                       [1, 64]                   4,160
│    └─ReLU: 2-8                         [1, 64]                   --
│    └─Linear: 2-9                       [1, 64]                   4,160
│    └─ReLU: 2-10                        [1, 64]                   --
│    └─Linear: 2-11                      [1, 64]                   4,160
│    └─ReLU: 2-12                        [1, 64]                   --
│    └─Linear: 2-13                      [1, 64]                   4,160
│    └─ReLU: 2-14                        [1, 64]                   --
│    └─Linear: 2-15                      [1, 2]                    130
├─Sequential: 1-2                        [1, 2]                    (recursive)
│    └─Linear: 2-16                      [1, 64]                   (recursive)
│    └─ReLU: 2-17                        [1, 64]                   --
│    └─Linear: 2-18                      [1, 64]                   (recursive)
│    └─ReLU: 2-19                        [1, 64]                   --
│    └─Linear: 2-20                      [1, 64]                   (recursive)
│    └─ReLU: 2-21                        [1, 64]                   --
│    └─Linear: 2-22                      [1, 64]                   (recursive)
│    └─ReLU: 2-23                        [1, 64]                   --
│    └─Linear: 2-24                      [1, 64]                   (recursive)
│    └─ReLU: 2-25                        [1, 64]                   --
│    └─Linear: 2-26                      [1, 64]                   (recursive)
│    └─ReLU: 2-27                        [1, 64]                   --
│    └─Linear: 2-28                      [1, 64]                   (recursive)
│    └─ReLU: 2-29                        [1, 64]                   --
│    └─Linear: 2-30                      [1, 2]                    (recursive)
==========================================================================================
Total params: 25,288
Trainable params: 25,282
Non-trainable params: 6
Total mult-adds (Units.MEGABYTES): 0.05
==========================================================================================
Input size (MB): 0.00
Forward/backward pass size (MB): 0.01
Params size (MB): 0.10
Estimated Total Size (MB): 0.11
==========================================================================================
==> Saving initial model weights...
==> Start training...
==> Number of param_groups in optimizer: 1
Epoch: 001 | Train Loss: 7.7863888 | Grad norm: 0.223131 | Time: 4s318ms
Epoch: 001 | Test Loss: 7.7301995 | Time: 451ms
==> Save the model at epoch 001 with test loss 7.7301995
Epoch: 002 | Train Loss: 2.4617996 | Grad norm: 1.917663 | Time: 4s176ms
Epoch: 002 | Test Loss: 0.1200750 | Time: 463ms
==> Save the model at epoch 002 with test loss 0.1200750
Epoch: 003 | Train Loss: 0.0777787 | Grad norm: 1.126037 | Time: 3s984ms
Epoch: 003 | Test Loss: 0.0518448 | Time: 527ms
==> Save the model at epoch 003 with test loss 0.0518448
Epoch: 004 | Train Loss: 0.0402147 | Grad norm: 1.214596 | Time: 4s160ms
Epoch: 004 | Test Loss: 0.0300624 | Time: 455ms
==> Save the model at epoch 004 with test loss 0.0300624
Epoch: 005 | Train Loss: 0.0312123 | Grad norm: 1.372538 | Time: 4s129ms
Epoch: 005 | Test Loss: 0.0271842 | Time: 503ms
==> Save the model at epoch 005 with test loss 0.0271842
Epoch: 006 | Train Loss: 0.0325937 | Grad norm: 1.652563 | Time: 4s76ms
Epoch: 006 | Test Loss: 0.0283735 | Time: 523ms
Epoch: 007 | Train Loss: 0.0301614 | Grad norm: 1.645508 | Time: 4s163ms
Epoch: 007 | Test Loss: 0.0346082 | Time: 453ms
Epoch: 008 | Train Loss: 0.0297626 | Grad norm: 1.731939 | Time: 4s81ms
Epoch: 008 | Test Loss: 0.0272732 | Time: 466ms
Epoch: 009 | Train Loss: 0.0320637 | Grad norm: 1.854253 | Time: 4s109ms
Epoch: 009 | Test Loss: 0.0304531 | Time: 473ms
Epoch: 010 | Train Loss: 0.0293103 | Grad norm: 1.730137 | Time: 4s189ms
Epoch: 010 | Test Loss: 0.0307024 | Time: 464ms
Epoch: 011 | Train Loss: 0.0291189 | Grad norm: 1.807458 | Time: 4s222ms
Epoch: 011 | Test Loss: 0.0264505 | Time: 510ms
==> Save the model at epoch 011 with test loss 0.0264505
Epoch: 012 | Train Loss: 0.0287103 | Grad norm: 1.769840 | Time: 4s104ms
Epoch: 012 | Test Loss: 0.0226180 | Time: 454ms
==> Save the model at epoch 012 with test loss 0.0226180
Epoch: 013 | Train Loss: 0.0282800 | Grad norm: 1.894454 | Time: 4s126ms
Epoch: 013 | Test Loss: 0.0317104 | Time: 452ms
Epoch: 014 | Train Loss: 0.0258383 | Grad norm: 1.585772 | Time: 3s925ms
Epoch: 014 | Test Loss: 0.0518832 | Time: 544ms
Epoch: 015 | Train Loss: 0.0276363 | Grad norm: 1.726176 | Time: 4s195ms
Epoch: 015 | Test Loss: 0.0276678 | Time: 455ms
Epoch: 016 | Train Loss: 0.0233762 | Grad norm: 1.503200 | Time: 3s975ms
Epoch: 016 | Test Loss: 0.0176182 | Time: 454ms
==> Save the model at epoch 016 with test loss 0.0176182
Epoch: 017 | Train Loss: 0.0251109 | Grad norm: 1.739097 | Time: 4s228ms
Epoch: 017 | Test Loss: 0.0245204 | Time: 452ms
Epoch: 018 | Train Loss: 0.0247181 | Grad norm: 1.699730 | Time: 4s195ms
Epoch: 018 | Test Loss: 0.0220157 | Time: 454ms
Epoch: 019 | Train Loss: 0.0219186 | Grad norm: 1.413984 | Time: 4s119ms
Epoch: 019 | Test Loss: 0.0216597 | Time: 463ms
Epoch: 020 | Train Loss: 0.0220052 | Grad norm: 1.482946 | Time: 4s222ms
Epoch: 020 | Test Loss: 0.0203258 | Time: 453ms
Epoch: 021 | Train Loss: 0.0213337 | Grad norm: 1.462634 | Time: 4s200ms
Epoch: 021 | Test Loss: 0.0202533 | Time: 495ms
Epoch: 022 | Train Loss: 0.0208240 | Grad norm: 1.376879 | Time: 4s20ms
Epoch: 022 | Test Loss: 0.0192483 | Time: 524ms
Epoch: 023 | Train Loss: 0.0218000 | Grad norm: 1.499866 | Time: 4s163ms
Epoch: 023 | Test Loss: 0.0191018 | Time: 454ms
Epoch: 024 | Train Loss: 0.0192458 | Grad norm: 1.223662 | Time: 4s219ms
Epoch: 024 | Test Loss: 0.0155069 | Time: 479ms
==> Save the model at epoch 024 with test loss 0.0155069
Epoch: 025 | Train Loss: 0.0190375 | Grad norm: 1.270344 | Time: 4s252ms
Epoch: 025 | Test Loss: 0.0162827 | Time: 478ms
Epoch: 026 | Train Loss: 0.0190280 | Grad norm: 1.265958 | Time: 4s357ms
Epoch: 026 | Test Loss: 0.0167052 | Time: 449ms
Epoch: 027 | Train Loss: 0.0177667 | Grad norm: 1.102080 | Time: 4s81ms
Epoch: 027 | Test Loss: 0.0155046 | Time: 451ms
==> Save the model at epoch 027 with test loss 0.0155046
Epoch: 028 | Train Loss: 0.0171283 | Grad norm: 0.978287 | Time: 4s145ms
Epoch: 028 | Test Loss: 0.0161148 | Time: 452ms
Epoch: 029 | Train Loss: 0.0160879 | Grad norm: 0.960443 | Time: 4s258ms
Epoch: 029 | Test Loss: 0.0142861 | Time: 458ms
==> Save the model at epoch 029 with test loss 0.0142861
Epoch: 030 | Train Loss: 0.0165921 | Grad norm: 1.051068 | Time: 4s78ms
Epoch: 030 | Test Loss: 0.0158382 | Time: 470ms
Epoch: 031 | Train Loss: 0.0159844 | Grad norm: 0.873541 | Time: 4s187ms
Epoch: 031 | Test Loss: 0.0139341 | Time: 474ms
==> Save the model at epoch 031 with test loss 0.0139341
Epoch: 032 | Train Loss: 0.0153027 | Grad norm: 0.823318 | Time: 4s181ms
Epoch: 032 | Test Loss: 0.0138711 | Time: 452ms
==> Save the model at epoch 032 with test loss 0.0138711
Epoch: 033 | Train Loss: 0.0151770 | Grad norm: 0.810670 | Time: 4s245ms
Epoch: 033 | Test Loss: 0.0138925 | Time: 526ms
Epoch: 034 | Train Loss: 0.0147654 | Grad norm: 0.764139 | Time: 4s190ms
Epoch: 034 | Test Loss: 0.0143224 | Time: 461ms
Epoch: 035 | Train Loss: 0.0143798 | Grad norm: 0.679327 | Time: 4s158ms
Epoch: 035 | Test Loss: 0.0136248 | Time: 453ms
==> Save the model at epoch 035 with test loss 0.0136248
Epoch: 036 | Train Loss: 0.0142005 | Grad norm: 0.620566 | Time: 3s973ms
Epoch: 036 | Test Loss: 0.0133595 | Time: 451ms
==> Save the model at epoch 036 with test loss 0.0133595
Epoch: 037 | Train Loss: 0.0141052 | Grad norm: 0.617943 | Time: 4s265ms
Epoch: 037 | Test Loss: 0.0129918 | Time: 454ms
==> Save the model at epoch 037 with test loss 0.0129918
Epoch: 038 | Train Loss: 0.0139209 | Grad norm: 0.547881 | Time: 3s985ms
Epoch: 038 | Test Loss: 0.0132163 | Time: 456ms
Epoch: 039 | Train Loss: 0.0138159 | Grad norm: 0.523656 | Time: 4s110ms
Epoch: 039 | Test Loss: 0.0130661 | Time: 454ms
Epoch: 040 | Train Loss: 0.0137593 | Grad norm: 0.493339 | Time: 4s182ms
Epoch: 040 | Test Loss: 0.0130105 | Time: 462ms
Total time: 3m4s
==> Saving trained model weights...
==> Input bias to be applied to the neural network (trained):
[0. 0.]
==> Input transform to be applied to the neural network (trained):
[0.496845   0.52004784]
==> Output transform to be applied to the neural network (trained):
[1.9242 2.0182]
==> Saving training info...
==> Drawing training loss...
==> Drawing grad norm...
==> Drawing testing loss...
==> Process finished.
