==> torch device:  cuda:2
==> Test-Train split: test_ratio = 0.20
==> Test-Train split seed:  None
==> Further split: further_train_ratio = 0.50
==> Further split seed:  None
==> Lipschitz constant: 16.00
==> Input bias to be applied to the neural network:
[0. 0. 0. 0.]
==> Input transform to be applied to the neural network:
[0.7072636  0.72212595 0.6760411  0.67349136]
==> Ouput transform to be applied to the neural network:
[0.2287 0.2871]
==> Evaluating model...
==========================================================================================
Layer (type:depth-idx)                   Output Shape              Param #
==========================================================================================
NeuralNetwork                            [1, 2]                    10
├─Sequential: 1-1                        [1, 2]                    --
│    └─SandwichFc: 2-1                   [1, 64]                   4,481
│    └─SandwichFc: 2-2                   [1, 64]                   8,321
│    └─SandwichFc: 2-3                   [1, 64]                   8,321
│    └─SandwichFc: 2-4                   [1, 64]                   8,321
│    └─SandwichFc: 2-5                   [1, 64]                   8,321
│    └─SandwichFc: 2-6                   [1, 64]                   8,321
│    └─SandwichFc: 2-7                   [1, 64]                   8,321
│    └─SandwichLin: 2-8                  [1, 2]                    135
├─Sequential: 1-2                        [1, 2]                    (recursive)
│    └─SandwichFc: 2-9                   [1, 64]                   (recursive)
│    └─SandwichFc: 2-10                  [1, 64]                   (recursive)
│    └─SandwichFc: 2-11                  [1, 64]                   (recursive)
│    └─SandwichFc: 2-12                  [1, 64]                   (recursive)
│    └─SandwichFc: 2-13                  [1, 64]                   (recursive)
│    └─SandwichFc: 2-14                  [1, 64]                   (recursive)
│    └─SandwichFc: 2-15                  [1, 64]                   (recursive)
│    └─SandwichLin: 2-16                 [1, 2]                    (recursive)
==========================================================================================
Total params: 54,552
Trainable params: 54,542
Non-trainable params: 10
Total mult-adds (Units.MEGABYTES): 0.11
==========================================================================================
Input size (MB): 0.00
Forward/backward pass size (MB): 0.01
Params size (MB): 0.22
Estimated Total Size (MB): 0.23
==========================================================================================
==> Saving initial model weights...
==> Start training...
==> Number of param_groups in optimizer: 1
Epoch: 001 | Train Loss: 0.1372254 | Grad norm: 0.753310 | Time: 8s911ms
Epoch: 001 | Test Loss: 0.1367859 | Time: 611ms
==> Save the model at epoch 001 with test loss 0.1367859
Epoch: 002 | Train Loss: 0.0139451 | Grad norm: 0.167620 | Time: 8s565ms
Epoch: 002 | Test Loss: 0.0102041 | Time: 685ms
==> Save the model at epoch 002 with test loss 0.0102041
Epoch: 003 | Train Loss: 0.0113463 | Grad norm: 0.118744 | Time: 8s830ms
Epoch: 003 | Test Loss: 0.0099527 | Time: 602ms
==> Save the model at epoch 003 with test loss 0.0099527
Epoch: 004 | Train Loss: 0.0116978 | Grad norm: 0.127482 | Time: 8s503ms
Epoch: 004 | Test Loss: 0.0109065 | Time: 603ms
Epoch: 005 | Train Loss: 0.0113369 | Grad norm: 0.101098 | Time: 9s74ms
Epoch: 005 | Test Loss: 0.0098191 | Time: 610ms
==> Save the model at epoch 005 with test loss 0.0098191
Epoch: 006 | Train Loss: 0.0112596 | Grad norm: 0.093768 | Time: 8s536ms
Epoch: 006 | Test Loss: 0.0101254 | Time: 611ms
Epoch: 007 | Train Loss: 0.0109684 | Grad norm: 0.076072 | Time: 8s406ms
Epoch: 007 | Test Loss: 0.0104601 | Time: 605ms
Epoch: 008 | Train Loss: 0.0107095 | Grad norm: 0.066948 | Time: 8s454ms
Epoch: 008 | Test Loss: 0.0100089 | Time: 610ms
Epoch: 009 | Train Loss: 0.0106578 | Grad norm: 0.062608 | Time: 8s152ms
Epoch: 009 | Test Loss: 0.0107920 | Time: 607ms
Epoch: 010 | Train Loss: 0.0102358 | Grad norm: 0.051121 | Time: 7s916ms
Epoch: 010 | Test Loss: 0.0094087 | Time: 684ms
==> Save the model at epoch 010 with test loss 0.0094087
Epoch: 011 | Train Loss: 0.0101463 | Grad norm: 0.045273 | Time: 8s436ms
Epoch: 011 | Test Loss: 0.0097590 | Time: 615ms
Epoch: 012 | Train Loss: 0.0104629 | Grad norm: 0.056343 | Time: 8s732ms
Epoch: 012 | Test Loss: 0.0095258 | Time: 607ms
Epoch: 013 | Train Loss: 0.0100021 | Grad norm: 0.043572 | Time: 8s470ms
Epoch: 013 | Test Loss: 0.0094665 | Time: 607ms
Epoch: 014 | Train Loss: 0.0098923 | Grad norm: 0.041723 | Time: 8s677ms
Epoch: 014 | Test Loss: 0.0093551 | Time: 617ms
==> Save the model at epoch 014 with test loss 0.0093551
Epoch: 015 | Train Loss: 0.0097995 | Grad norm: 0.038834 | Time: 8s364ms
Epoch: 015 | Test Loss: 0.0090734 | Time: 681ms
==> Save the model at epoch 015 with test loss 0.0090734
Epoch: 016 | Train Loss: 0.0095567 | Grad norm: 0.034688 | Time: 8s452ms
Epoch: 016 | Test Loss: 0.0096969 | Time: 610ms
Epoch: 017 | Train Loss: 0.0095110 | Grad norm: 0.038379 | Time: 8s352ms
Epoch: 017 | Test Loss: 0.0087839 | Time: 607ms
==> Save the model at epoch 017 with test loss 0.0087839
Epoch: 018 | Train Loss: 0.0094164 | Grad norm: 0.037499 | Time: 8s555ms
Epoch: 018 | Test Loss: 0.0085177 | Time: 613ms
==> Save the model at epoch 018 with test loss 0.0085177
Epoch: 019 | Train Loss: 0.0094622 | Grad norm: 0.036748 | Time: 8s395ms
Epoch: 019 | Test Loss: 0.0084596 | Time: 622ms
==> Save the model at epoch 019 with test loss 0.0084596
Epoch: 020 | Train Loss: 0.0091570 | Grad norm: 0.034251 | Time: 8s402ms
Epoch: 020 | Test Loss: 0.0087498 | Time: 610ms
Epoch: 021 | Train Loss: 0.0090320 | Grad norm: 0.033510 | Time: 8s589ms
Epoch: 021 | Test Loss: 0.0089381 | Time: 606ms
Epoch: 022 | Train Loss: 0.0091083 | Grad norm: 0.037580 | Time: 8s536ms
Epoch: 022 | Test Loss: 0.0088438 | Time: 622ms
Epoch: 023 | Train Loss: 0.0088658 | Grad norm: 0.033058 | Time: 8s830ms
Epoch: 023 | Test Loss: 0.0083939 | Time: 693ms
==> Save the model at epoch 023 with test loss 0.0083939
Epoch: 024 | Train Loss: 0.0086279 | Grad norm: 0.028691 | Time: 8s624ms
Epoch: 024 | Test Loss: 0.0081687 | Time: 606ms
==> Save the model at epoch 024 with test loss 0.0081687
Epoch: 025 | Train Loss: 0.0085385 | Grad norm: 0.029636 | Time: 8s381ms
Epoch: 025 | Test Loss: 0.0083029 | Time: 603ms
Epoch: 026 | Train Loss: 0.0085247 | Grad norm: 0.031553 | Time: 8s633ms
Epoch: 026 | Test Loss: 0.0080801 | Time: 613ms
==> Save the model at epoch 026 with test loss 0.0080801
Epoch: 027 | Train Loss: 0.0083338 | Grad norm: 0.029479 | Time: 8s697ms
Epoch: 027 | Test Loss: 0.0080545 | Time: 606ms
==> Save the model at epoch 027 with test loss 0.0080545
Epoch: 028 | Train Loss: 0.0082617 | Grad norm: 0.028206 | Time: 8s534ms
Epoch: 028 | Test Loss: 0.0079301 | Time: 681ms
==> Save the model at epoch 028 with test loss 0.0079301
Epoch: 029 | Train Loss: 0.0081602 | Grad norm: 0.028942 | Time: 8s462ms
Epoch: 029 | Test Loss: 0.0079741 | Time: 607ms
Epoch: 030 | Train Loss: 0.0080853 | Grad norm: 0.028166 | Time: 8s286ms
Epoch: 030 | Test Loss: 0.0079306 | Time: 612ms
Epoch: 031 | Train Loss: 0.0079683 | Grad norm: 0.026218 | Time: 8s331ms
Epoch: 031 | Test Loss: 0.0078609 | Time: 607ms
==> Save the model at epoch 031 with test loss 0.0078609
Epoch: 032 | Train Loss: 0.0079012 | Grad norm: 0.026110 | Time: 8s462ms
Epoch: 032 | Test Loss: 0.0076575 | Time: 608ms
==> Save the model at epoch 032 with test loss 0.0076575
Epoch: 033 | Train Loss: 0.0078722 | Grad norm: 0.026079 | Time: 7s983ms
Epoch: 033 | Test Loss: 0.0075759 | Time: 623ms
==> Save the model at epoch 033 with test loss 0.0075759
Epoch: 034 | Train Loss: 0.0077393 | Grad norm: 0.024820 | Time: 8s445ms
Epoch: 034 | Test Loss: 0.0074859 | Time: 613ms
==> Save the model at epoch 034 with test loss 0.0074859
Epoch: 035 | Train Loss: 0.0076863 | Grad norm: 0.023796 | Time: 8s350ms
Epoch: 035 | Test Loss: 0.0075451 | Time: 613ms
Epoch: 036 | Train Loss: 0.0076271 | Grad norm: 0.023218 | Time: 8s197ms
Epoch: 036 | Test Loss: 0.0074264 | Time: 681ms
==> Save the model at epoch 036 with test loss 0.0074264
Epoch: 037 | Train Loss: 0.0075854 | Grad norm: 0.023373 | Time: 8s252ms
Epoch: 037 | Test Loss: 0.0073896 | Time: 627ms
==> Save the model at epoch 037 with test loss 0.0073896
Epoch: 038 | Train Loss: 0.0075268 | Grad norm: 0.022022 | Time: 8s308ms
Epoch: 038 | Test Loss: 0.0073658 | Time: 678ms
==> Save the model at epoch 038 with test loss 0.0073658
Epoch: 039 | Train Loss: 0.0074933 | Grad norm: 0.021938 | Time: 8s452ms
Epoch: 039 | Test Loss: 0.0073475 | Time: 609ms
==> Save the model at epoch 039 with test loss 0.0073475
Epoch: 040 | Train Loss: 0.0074633 | Grad norm: 0.021466 | Time: 8s460ms
Epoch: 040 | Test Loss: 0.0073443 | Time: 611ms
==> Save the model at epoch 040 with test loss 0.0073443
Total time: 6m4s
==> Saving trained model weights...
==> Input bias to be applied to the neural network (trained):
[0. 0. 0. 0.]
==> Input transform to be applied to the neural network (trained):
[0.7072636  0.72212595 0.6760411  0.67349136]
==> Output transform to be applied to the neural network (trained):
[0.2287 0.2871]
==> Saving training info...
==> Drawing training loss...
==> Drawing grad norm...
==> Drawing testing loss...
==> Process finished.
