==> torch device:  cuda:0
==> Test-Train split: test_ratio = 0.20
==> Test-Train split seed:  None
==> Further split: further_train_ratio = 1.00
==> Further split seed:  None
==> Input bias to be applied to the neural network:
[0. 0. 0. 0.]
==> Input transform to be applied to the neural network:
[1. 1. 1. 1.]
==> Ouput transform to be applied to the neural network:
[1. 1.]
==> Evaluating model...
==========================================================================================
Layer (type:depth-idx)                   Output Shape              Param #
==========================================================================================
NeuralNetwork                            [1, 2]                    10
├─Sequential: 1-1                        [1, 2]                    --
│    └─Linear: 2-1                       [1, 64]                   320
│    └─LeakyReLU: 2-2                    [1, 64]                   --
│    └─Linear: 2-3                       [1, 64]                   4,160
│    └─LeakyReLU: 2-4                    [1, 64]                   --
│    └─Linear: 2-5                       [1, 64]                   4,160
│    └─LeakyReLU: 2-6                    [1, 64]                   --
│    └─Linear: 2-7                       [1, 64]                   4,160
│    └─LeakyReLU: 2-8                    [1, 64]                   --
│    └─Linear: 2-9                       [1, 64]                   4,160
│    └─LeakyReLU: 2-10                   [1, 64]                   --
│    └─Linear: 2-11                      [1, 64]                   4,160
│    └─LeakyReLU: 2-12                   [1, 64]                   --
│    └─Linear: 2-13                      [1, 64]                   4,160
│    └─LeakyReLU: 2-14                   [1, 64]                   --
│    └─Linear: 2-15                      [1, 2]                    130
==========================================================================================
Total params: 25,420
Trainable params: 25,410
Non-trainable params: 10
Total mult-adds (Units.MEGABYTES): 0.03
==========================================================================================
Input size (MB): 0.00
Forward/backward pass size (MB): 0.00
Params size (MB): 0.10
Estimated Total Size (MB): 0.11
==========================================================================================
==> Saving initial model weights...
==> Start training...
Epoch: 001 | Loss: 0.0186234 | L2 loss: 0.0186234 | Lip loss: 0.0000000 | Grad norm: 0.102807 | Time: 34s171ms
Epoch: 001 | Test Loss: 0.0106902 | Time: 491ms
==> Save the model at epoch 001 with test loss 0.0106902
Epoch: 002 | Loss: 0.0100974 | L2 loss: 0.0100974 | Lip loss: 0.0000000 | Grad norm: 0.065967 | Time: 33s905ms
Epoch: 002 | Test Loss: 0.0107538 | Time: 501ms
Epoch: 003 | Loss: 0.0099414 | L2 loss: 0.0099414 | Lip loss: 0.0000000 | Grad norm: 0.058364 | Time: 33s747ms
Epoch: 003 | Test Loss: 0.0106480 | Time: 516ms
==> Save the model at epoch 003 with test loss 0.0106480
Epoch: 004 | Loss: 0.0098468 | L2 loss: 0.0098468 | Lip loss: 0.0000000 | Grad norm: 0.055260 | Time: 33s490ms
Epoch: 004 | Test Loss: 0.0106738 | Time: 494ms
Epoch: 005 | Loss: 0.0097445 | L2 loss: 0.0097445 | Lip loss: 0.0000000 | Grad norm: 0.051759 | Time: 33s848ms
Epoch: 005 | Test Loss: 0.0103431 | Time: 490ms
==> Save the model at epoch 005 with test loss 0.0103431
Epoch: 006 | Loss: 0.0093695 | L2 loss: 0.0093695 | Lip loss: 0.0000000 | Grad norm: 0.029416 | Time: 33s417ms
Epoch: 006 | Test Loss: 0.0100622 | Time: 574ms
==> Save the model at epoch 006 with test loss 0.0100622
Epoch: 007 | Loss: 0.0093138 | L2 loss: 0.0093138 | Lip loss: 0.0000000 | Grad norm: 0.027714 | Time: 33s319ms
Epoch: 007 | Test Loss: 0.0099930 | Time: 566ms
==> Save the model at epoch 007 with test loss 0.0099930
Epoch: 008 | Loss: 0.0092803 | L2 loss: 0.0092803 | Lip loss: 0.0000000 | Grad norm: 0.030363 | Time: 33s712ms
Epoch: 008 | Test Loss: 0.0099876 | Time: 514ms
==> Save the model at epoch 008 with test loss 0.0099876
Epoch: 009 | Loss: 0.0092284 | L2 loss: 0.0092284 | Lip loss: 0.0000000 | Grad norm: 0.031081 | Time: 33s810ms
Epoch: 009 | Test Loss: 0.0098924 | Time: 498ms
==> Save the model at epoch 009 with test loss 0.0098924
Epoch: 010 | Loss: 0.0091718 | L2 loss: 0.0091718 | Lip loss: 0.0000000 | Grad norm: 0.031687 | Time: 32s641ms
Epoch: 010 | Test Loss: 0.0098671 | Time: 511ms
==> Save the model at epoch 010 with test loss 0.0098671
Epoch: 011 | Loss: 0.0090947 | L2 loss: 0.0090947 | Lip loss: 0.0000000 | Grad norm: 0.027826 | Time: 33s933ms
Epoch: 011 | Test Loss: 0.0097972 | Time: 494ms
==> Save the model at epoch 011 with test loss 0.0097972
Epoch: 012 | Loss: 0.0090821 | L2 loss: 0.0090821 | Lip loss: 0.0000000 | Grad norm: 0.027299 | Time: 33s740ms
Epoch: 012 | Test Loss: 0.0097882 | Time: 499ms
==> Save the model at epoch 012 with test loss 0.0097882
Epoch: 013 | Loss: 0.0090745 | L2 loss: 0.0090745 | Lip loss: 0.0000000 | Grad norm: 0.027479 | Time: 33s241ms
Epoch: 013 | Test Loss: 0.0097722 | Time: 492ms
==> Save the model at epoch 013 with test loss 0.0097722
Epoch: 014 | Loss: 0.0090658 | L2 loss: 0.0090658 | Lip loss: 0.0000000 | Grad norm: 0.028190 | Time: 32s880ms
Epoch: 014 | Test Loss: 0.0097656 | Time: 499ms
==> Save the model at epoch 014 with test loss 0.0097656
Epoch: 015 | Loss: 0.0090577 | L2 loss: 0.0090577 | Lip loss: 0.0000000 | Grad norm: 0.027736 | Time: 33s698ms
Epoch: 015 | Test Loss: 0.0097597 | Time: 567ms
==> Save the model at epoch 015 with test loss 0.0097597
Epoch: 016 | Loss: 0.0090480 | L2 loss: 0.0090480 | Lip loss: 0.0000000 | Grad norm: 0.027250 | Time: 33s981ms
Epoch: 016 | Test Loss: 0.0097536 | Time: 569ms
==> Save the model at epoch 016 with test loss 0.0097536
Epoch: 017 | Loss: 0.0090462 | L2 loss: 0.0090462 | Lip loss: 0.0000000 | Grad norm: 0.027508 | Time: 33s957ms
Epoch: 017 | Test Loss: 0.0097530 | Time: 491ms
==> Save the model at epoch 017 with test loss 0.0097530
Epoch: 018 | Loss: 0.0090451 | L2 loss: 0.0090451 | Lip loss: 0.0000000 | Grad norm: 0.027531 | Time: 34s15ms
Epoch: 018 | Test Loss: 0.0097520 | Time: 508ms
==> Save the model at epoch 018 with test loss 0.0097520
Epoch: 019 | Loss: 0.0090444 | L2 loss: 0.0090444 | Lip loss: 0.0000000 | Grad norm: 0.027843 | Time: 33s71ms
Epoch: 019 | Test Loss: 0.0097497 | Time: 491ms
==> Save the model at epoch 019 with test loss 0.0097497
Epoch: 020 | Loss: 0.0090435 | L2 loss: 0.0090435 | Lip loss: 0.0000000 | Grad norm: 0.027887 | Time: 33s391ms
Epoch: 020 | Test Loss: 0.0097490 | Time: 510ms
==> Save the model at epoch 020 with test loss 0.0097490
Epoch: 021 | Loss: 0.0090421 | L2 loss: 0.0090421 | Lip loss: 0.0000000 | Grad norm: 0.028409 | Time: 33s240ms
Epoch: 021 | Test Loss: 0.0097486 | Time: 489ms
==> Save the model at epoch 021 with test loss 0.0097486
Epoch: 022 | Loss: 0.0090420 | L2 loss: 0.0090420 | Lip loss: 0.0000000 | Grad norm: 0.027084 | Time: 33s226ms
Epoch: 022 | Test Loss: 0.0097485 | Time: 496ms
==> Save the model at epoch 022 with test loss 0.0097485
Epoch: 023 | Loss: 0.0090419 | L2 loss: 0.0090419 | Lip loss: 0.0000000 | Grad norm: 0.027883 | Time: 33s230ms
Epoch: 023 | Test Loss: 0.0097483 | Time: 505ms
==> Save the model at epoch 023 with test loss 0.0097483
Epoch: 024 | Loss: 0.0090418 | L2 loss: 0.0090418 | Lip loss: 0.0000000 | Grad norm: 0.027657 | Time: 33s649ms
Epoch: 024 | Test Loss: 0.0097482 | Time: 564ms
==> Save the model at epoch 024 with test loss 0.0097482
Epoch: 025 | Loss: 0.0090417 | L2 loss: 0.0090417 | Lip loss: 0.0000000 | Grad norm: 0.027116 | Time: 34s828ms
Epoch: 025 | Test Loss: 0.0097481 | Time: 562ms
==> Save the model at epoch 025 with test loss 0.0097481
Epoch: 026 | Loss: 0.0090416 | L2 loss: 0.0090415 | Lip loss: 0.0000000 | Grad norm: 0.027160 | Time: 33s478ms
Epoch: 026 | Test Loss: 0.0097481 | Time: 491ms
==> Save the model at epoch 026 with test loss 0.0097481
Epoch: 027 | Loss: 0.0090415 | L2 loss: 0.0090415 | Lip loss: 0.0000000 | Grad norm: 0.027410 | Time: 34s246ms
Epoch: 027 | Test Loss: 0.0097481 | Time: 506ms
==> Save the model at epoch 027 with test loss 0.0097481
Epoch: 028 | Loss: 0.0090415 | L2 loss: 0.0090415 | Lip loss: 0.0000000 | Grad norm: 0.027324 | Time: 32s500ms
Epoch: 028 | Test Loss: 0.0097481 | Time: 503ms
==> Save the model at epoch 028 with test loss 0.0097481
Epoch: 029 | Loss: 0.0090415 | L2 loss: 0.0090415 | Lip loss: 0.0000000 | Grad norm: 0.027532 | Time: 33s454ms
Epoch: 029 | Test Loss: 0.0097481 | Time: 499ms
==> Save the model at epoch 029 with test loss 0.0097481
Epoch: 030 | Loss: 0.0090415 | L2 loss: 0.0090415 | Lip loss: 0.0000000 | Grad norm: 0.026961 | Time: 33s734ms
Epoch: 030 | Test Loss: 0.0097480 | Time: 498ms
==> Save the model at epoch 030 with test loss 0.0097480
Epoch: 031 | Loss: 0.0090415 | L2 loss: 0.0090415 | Lip loss: 0.0000000 | Grad norm: 0.027192 | Time: 33s742ms
Epoch: 031 | Test Loss: 0.0097480 | Time: 505ms
==> Save the model at epoch 031 with test loss 0.0097480
Epoch: 032 | Loss: 0.0090415 | L2 loss: 0.0090415 | Lip loss: 0.0000000 | Grad norm: 0.027280 | Time: 33s746ms
Epoch: 032 | Test Loss: 0.0097480 | Time: 562ms
Epoch: 033 | Loss: 0.0090415 | L2 loss: 0.0090415 | Lip loss: 0.0000000 | Grad norm: 0.028287 | Time: 33s739ms
Epoch: 033 | Test Loss: 0.0097480 | Time: 491ms
==> Save the model at epoch 033 with test loss 0.0097480
Epoch: 034 | Loss: 0.0090415 | L2 loss: 0.0090415 | Lip loss: 0.0000000 | Grad norm: 0.027337 | Time: 33s358ms
Epoch: 034 | Test Loss: 0.0097480 | Time: 568ms
Epoch: 035 | Loss: 0.0090415 | L2 loss: 0.0090415 | Lip loss: 0.0000000 | Grad norm: 0.027766 | Time: 32s989ms
Epoch: 035 | Test Loss: 0.0097480 | Time: 565ms
==> Save the model at epoch 035 with test loss 0.0097480
Epoch: 036 | Loss: 0.0090415 | L2 loss: 0.0090415 | Lip loss: 0.0000000 | Grad norm: 0.026256 | Time: 33s437ms
Epoch: 036 | Test Loss: 0.0097480 | Time: 506ms
Epoch: 037 | Loss: 0.0090415 | L2 loss: 0.0090415 | Lip loss: 0.0000000 | Grad norm: 0.026971 | Time: 34s854ms
Epoch: 037 | Test Loss: 0.0097480 | Time: 488ms
Epoch: 038 | Loss: 0.0090415 | L2 loss: 0.0090415 | Lip loss: 0.0000000 | Grad norm: 0.027333 | Time: 34s379ms
Epoch: 038 | Test Loss: 0.0097480 | Time: 499ms
Epoch: 039 | Loss: 0.0090415 | L2 loss: 0.0090415 | Lip loss: 0.0000000 | Grad norm: 0.027717 | Time: 33s771ms
Epoch: 039 | Test Loss: 0.0097480 | Time: 628ms
Epoch: 040 | Loss: 0.0090415 | L2 loss: 0.0090415 | Lip loss: 0.0000000 | Grad norm: 0.027198 | Time: 34s671ms
Epoch: 040 | Test Loss: 0.0097480 | Time: 494ms
Total time: 22m47s
==> Saving trained model weights...
==> Input bias to be applied to the neural network (trained):
[0. 0. 0. 0.]
==> Input transform to be applied to the neural network (trained):
[1. 1. 1. 1.]
==> Output transform to be applied to the neural network (trained):
[1. 1.]
==> Saving training info...
==> Drawing training loss...
==> Drawing grad norm...
==> Drawing testing loss...
==> Drawing l2 loss...
==> Drawing lip loss...
==> Process finished.
