==> torch device:  cuda:1
==> Test-Train split: test_ratio = 0.20
==> Test-Train split seed:  None
==> Further split: further_train_ratio = 1.00
==> Further split seed:  None
==> Input bias to be applied to the neural network:
[0. 0. 0. 0.]
==> Input transform to be applied to the neural network:
[0.7072636  0.72212595 0.6760411  0.67349136]
==> Ouput transform to be applied to the neural network:
[0.2287 0.2871]
==> Evaluating model...
==========================================================================================
Layer (type:depth-idx)                   Output Shape              Param #
==========================================================================================
NeuralNetwork                            [1, 2]                    10
├─Sequential: 1-1                        [1, 2]                    --
│    └─Linear: 2-1                       [1, 64]                   320
│    └─ReLU: 2-2                         [1, 64]                   --
│    └─Linear: 2-3                       [1, 64]                   4,160
│    └─ReLU: 2-4                         [1, 64]                   --
│    └─Linear: 2-5                       [1, 64]                   4,160
│    └─ReLU: 2-6                         [1, 64]                   --
│    └─Linear: 2-7                       [1, 64]                   4,160
│    └─ReLU: 2-8                         [1, 64]                   --
│    └─Linear: 2-9                       [1, 64]                   4,160
│    └─ReLU: 2-10                        [1, 64]                   --
│    └─Linear: 2-11                      [1, 64]                   4,160
│    └─ReLU: 2-12                        [1, 64]                   --
│    └─Linear: 2-13                      [1, 64]                   4,160
│    └─ReLU: 2-14                        [1, 64]                   --
│    └─Linear: 2-15                      [1, 2]                    130
├─Sequential: 1-2                        [1, 2]                    (recursive)
│    └─Linear: 2-16                      [1, 64]                   (recursive)
│    └─ReLU: 2-17                        [1, 64]                   --
│    └─Linear: 2-18                      [1, 64]                   (recursive)
│    └─ReLU: 2-19                        [1, 64]                   --
│    └─Linear: 2-20                      [1, 64]                   (recursive)
│    └─ReLU: 2-21                        [1, 64]                   --
│    └─Linear: 2-22                      [1, 64]                   (recursive)
│    └─ReLU: 2-23                        [1, 64]                   --
│    └─Linear: 2-24                      [1, 64]                   (recursive)
│    └─ReLU: 2-25                        [1, 64]                   --
│    └─Linear: 2-26                      [1, 64]                   (recursive)
│    └─ReLU: 2-27                        [1, 64]                   --
│    └─Linear: 2-28                      [1, 64]                   (recursive)
│    └─ReLU: 2-29                        [1, 64]                   --
│    └─Linear: 2-30                      [1, 2]                    (recursive)
==========================================================================================
Total params: 25,420
Trainable params: 25,410
Non-trainable params: 10
Total mult-adds (Units.MEGABYTES): 0.05
==========================================================================================
Input size (MB): 0.00
Forward/backward pass size (MB): 0.01
Params size (MB): 0.10
Estimated Total Size (MB): 0.11
==========================================================================================
==> Saving initial model weights...
==> Start training...
==> Number of param_groups in optimizer: 1
Epoch: 001 | Train Loss: 0.1344609 | Grad norm: 0.004816 | Time: 4s937ms
Epoch: 001 | Test Loss: 0.1353488 | Time: 510ms
==> Save the model at epoch 001 with test loss 0.1353488
Epoch: 002 | Train Loss: 0.1345333 | Grad norm: 0.000225 | Time: 4s568ms
Epoch: 002 | Test Loss: 0.1354207 | Time: 517ms
Epoch: 003 | Train Loss: 0.1345359 | Grad norm: 0.000000 | Time: 4s436ms
Epoch: 003 | Test Loss: 0.1354207 | Time: 515ms
Epoch: 004 | Train Loss: 0.1345359 | Grad norm: 0.000000 | Time: 4s387ms
Epoch: 004 | Test Loss: 0.1354207 | Time: 557ms
Epoch: 005 | Train Loss: 0.1345359 | Grad norm: 0.000000 | Time: 4s318ms
Epoch: 005 | Test Loss: 0.1354207 | Time: 517ms
Epoch: 006 | Train Loss: 0.1345359 | Grad norm: 0.000000 | Time: 4s199ms
Epoch: 006 | Test Loss: 0.1354207 | Time: 587ms
Epoch: 007 | Train Loss: 0.1345359 | Grad norm: 0.000000 | Time: 4s234ms
Epoch: 007 | Test Loss: 0.1354207 | Time: 515ms
Epoch: 008 | Train Loss: 0.1345359 | Grad norm: 0.000000 | Time: 4s311ms
Epoch: 008 | Test Loss: 0.1354207 | Time: 510ms
Epoch: 009 | Train Loss: 0.1345359 | Grad norm: 0.000000 | Time: 4s434ms
Epoch: 009 | Test Loss: 0.1354207 | Time: 536ms
Epoch: 010 | Train Loss: 0.1345359 | Grad norm: 0.000000 | Time: 4s337ms
Epoch: 010 | Test Loss: 0.1354207 | Time: 529ms
Epoch: 011 | Train Loss: 0.1345359 | Grad norm: 0.000000 | Time: 4s441ms
Epoch: 011 | Test Loss: 0.1354207 | Time: 519ms
Epoch: 012 | Train Loss: 0.1345359 | Grad norm: 0.000000 | Time: 4s282ms
Epoch: 012 | Test Loss: 0.1354207 | Time: 517ms
Epoch: 013 | Train Loss: 0.1345359 | Grad norm: 0.000000 | Time: 4s391ms
Epoch: 013 | Test Loss: 0.1354207 | Time: 527ms
Epoch: 014 | Train Loss: 0.1345359 | Grad norm: 0.000000 | Time: 4s159ms
Epoch: 014 | Test Loss: 0.1354207 | Time: 583ms
Epoch: 015 | Train Loss: 0.1345359 | Grad norm: 0.000000 | Time: 4s2ms
Epoch: 015 | Test Loss: 0.1354207 | Time: 515ms
Epoch: 016 | Train Loss: 0.1345359 | Grad norm: 0.000000 | Time: 4s387ms
Epoch: 016 | Test Loss: 0.1354207 | Time: 510ms
Epoch: 017 | Train Loss: 0.1345359 | Grad norm: 0.000000 | Time: 4s34ms
Epoch: 017 | Test Loss: 0.1354207 | Time: 515ms
Epoch: 018 | Train Loss: 0.1345359 | Grad norm: 0.000000 | Time: 4s297ms
Epoch: 018 | Test Loss: 0.1354207 | Time: 531ms
Epoch: 019 | Train Loss: 0.1345359 | Grad norm: 0.000000 | Time: 4s325ms
Epoch: 019 | Test Loss: 0.1354207 | Time: 512ms
Epoch: 020 | Train Loss: 0.1345359 | Grad norm: 0.000000 | Time: 4s251ms
Epoch: 020 | Test Loss: 0.1354207 | Time: 533ms
Epoch: 021 | Train Loss: 0.1345359 | Grad norm: 0.000000 | Time: 4s215ms
Epoch: 021 | Test Loss: 0.1354207 | Time: 512ms
Epoch: 022 | Train Loss: 0.1345359 | Grad norm: 0.000000 | Time: 4s344ms
Epoch: 022 | Test Loss: 0.1354207 | Time: 672ms
Epoch: 023 | Train Loss: 0.1345359 | Grad norm: 0.000000 | Time: 4s426ms
Epoch: 023 | Test Loss: 0.1354207 | Time: 509ms
Epoch: 024 | Train Loss: 0.1345359 | Grad norm: 0.000000 | Time: 4s476ms
Epoch: 024 | Test Loss: 0.1354207 | Time: 514ms
Epoch: 025 | Train Loss: 0.1345359 | Grad norm: 0.000000 | Time: 4s307ms
Epoch: 025 | Test Loss: 0.1354207 | Time: 508ms
Epoch: 026 | Train Loss: 0.1345359 | Grad norm: 0.000000 | Time: 4s457ms
Epoch: 026 | Test Loss: 0.1354207 | Time: 528ms
Epoch: 027 | Train Loss: 0.1345359 | Grad norm: 0.000000 | Time: 4s420ms
Epoch: 027 | Test Loss: 0.1354207 | Time: 515ms
Epoch: 028 | Train Loss: 0.1345359 | Grad norm: 0.000000 | Time: 4s440ms
Epoch: 028 | Test Loss: 0.1354207 | Time: 527ms
Epoch: 029 | Train Loss: 0.1345359 | Grad norm: 0.000000 | Time: 4s359ms
Epoch: 029 | Test Loss: 0.1354207 | Time: 551ms
Epoch: 030 | Train Loss: 0.1345359 | Grad norm: 0.000000 | Time: 4s241ms
Epoch: 030 | Test Loss: 0.1354207 | Time: 523ms
Epoch: 031 | Train Loss: 0.1345359 | Grad norm: 0.000000 | Time: 4s522ms
Epoch: 031 | Test Loss: 0.1354207 | Time: 513ms
Epoch: 032 | Train Loss: 0.1345359 | Grad norm: 0.000000 | Time: 4s401ms
Epoch: 032 | Test Loss: 0.1354207 | Time: 549ms
Epoch: 033 | Train Loss: 0.1345359 | Grad norm: 0.000000 | Time: 4s293ms
Epoch: 033 | Test Loss: 0.1354207 | Time: 583ms
Epoch: 034 | Train Loss: 0.1345359 | Grad norm: 0.000000 | Time: 4s402ms
Epoch: 034 | Test Loss: 0.1354207 | Time: 521ms
Epoch: 035 | Train Loss: 0.1345359 | Grad norm: 0.000000 | Time: 4s530ms
Epoch: 035 | Test Loss: 0.1354207 | Time: 524ms
Epoch: 036 | Train Loss: 0.1345359 | Grad norm: 0.000000 | Time: 4s175ms
Epoch: 036 | Test Loss: 0.1354207 | Time: 511ms
Epoch: 037 | Train Loss: 0.1345359 | Grad norm: 0.000000 | Time: 4s232ms
Epoch: 037 | Test Loss: 0.1354207 | Time: 531ms
Epoch: 038 | Train Loss: 0.1345359 | Grad norm: 0.000000 | Time: 4s458ms
Epoch: 038 | Test Loss: 0.1354207 | Time: 581ms
Epoch: 039 | Train Loss: 0.1345359 | Grad norm: 0.000000 | Time: 4s360ms
Epoch: 039 | Test Loss: 0.1354207 | Time: 524ms
Epoch: 040 | Train Loss: 0.1345359 | Grad norm: 0.000000 | Time: 4s551ms
Epoch: 040 | Test Loss: 0.1354207 | Time: 521ms
Total time: 3m15s
==> Saving trained model weights...
==> Input bias to be applied to the neural network (trained):
[0. 0. 0. 0.]
==> Input transform to be applied to the neural network (trained):
[0.7072636  0.72212595 0.6760411  0.67349136]
==> Output transform to be applied to the neural network (trained):
[0.2287 0.2871]
==> Saving training info...
==> Drawing training loss...
==> Drawing grad norm...
==> Drawing testing loss...
==> Process finished.
