==> torch device:  cuda:2
==> Test-Train split: test_ratio = 0.20
==> Test-Train split seed:  None
==> Further split: further_train_ratio = 0.25
==> Further split seed:  None
==> Input bias to be applied to the neural network:
[0. 0.]
==> Input transform to be applied to the neural network:
[1. 1.]
==> Ouput transform to be applied to the neural network:
[1. 1.]
==> Evaluating model...
==========================================================================================
Layer (type:depth-idx)                   Output Shape              Param #
==========================================================================================
NeuralNetwork                            [1, 2]                    6
├─Sequential: 1-1                        [1, 2]                    --
│    └─Linear: 2-1                       [1, 64]                   192
│    └─LeakyReLU: 2-2                    [1, 64]                   --
│    └─Linear: 2-3                       [1, 64]                   4,160
│    └─LeakyReLU: 2-4                    [1, 64]                   --
│    └─Linear: 2-5                       [1, 64]                   4,160
│    └─LeakyReLU: 2-6                    [1, 64]                   --
│    └─Linear: 2-7                       [1, 64]                   4,160
│    └─LeakyReLU: 2-8                    [1, 64]                   --
│    └─Linear: 2-9                       [1, 64]                   4,160
│    └─LeakyReLU: 2-10                   [1, 64]                   --
│    └─Linear: 2-11                      [1, 64]                   4,160
│    └─LeakyReLU: 2-12                   [1, 64]                   --
│    └─Linear: 2-13                      [1, 64]                   4,160
│    └─LeakyReLU: 2-14                   [1, 64]                   --
│    └─Linear: 2-15                      [1, 2]                    130
==========================================================================================
Total params: 25,288
Trainable params: 25,282
Non-trainable params: 6
Total mult-adds (Units.MEGABYTES): 0.03
==========================================================================================
Input size (MB): 0.00
Forward/backward pass size (MB): 0.00
Params size (MB): 0.10
Estimated Total Size (MB): 0.10
==========================================================================================
==> Saving initial model weights...
==> Start training...
Epoch: 001 | Loss: 1.5824234 | L2 loss: 1.5823223 | Lip loss: 0.0001010 | Grad norm: 4.043954 | Time: 14s202ms
Epoch: 001 | Test Loss: 0.0103877 | Time: 728ms
==> Save the model at epoch 001 with test loss 0.0103877
Epoch: 002 | Loss: 0.0222861 | L2 loss: 0.0221691 | Lip loss: 0.0001169 | Grad norm: 2.994939 | Time: 14s699ms
Epoch: 002 | Test Loss: 0.0490063 | Time: 727ms
Epoch: 003 | Loss: 0.0098008 | L2 loss: 0.0096856 | Lip loss: 0.0001152 | Grad norm: 1.695619 | Time: 14s117ms
Epoch: 003 | Test Loss: 0.0034696 | Time: 793ms
==> Save the model at epoch 003 with test loss 0.0034696
Epoch: 004 | Loss: 0.0111370 | L2 loss: 0.0110203 | Lip loss: 0.0001167 | Grad norm: 1.844083 | Time: 14s20ms
Epoch: 004 | Test Loss: 0.0060199 | Time: 715ms
Epoch: 005 | Loss: 0.0067015 | L2 loss: 0.0065856 | Lip loss: 0.0001159 | Grad norm: 1.382644 | Time: 14s217ms
Epoch: 005 | Test Loss: 0.0025825 | Time: 730ms
==> Save the model at epoch 005 with test loss 0.0025825
Epoch: 006 | Loss: 0.0017298 | L2 loss: 0.0016136 | Lip loss: 0.0001162 | Grad norm: 0.148190 | Time: 14s557ms
Epoch: 006 | Test Loss: 0.0015861 | Time: 715ms
==> Save the model at epoch 006 with test loss 0.0015861
Epoch: 007 | Loss: 0.0016195 | L2 loss: 0.0015032 | Lip loss: 0.0001163 | Grad norm: 0.133770 | Time: 14s212ms
Epoch: 007 | Test Loss: 0.0015239 | Time: 749ms
==> Save the model at epoch 007 with test loss 0.0015239
Epoch: 008 | Loss: 0.0015382 | L2 loss: 0.0014213 | Lip loss: 0.0001169 | Grad norm: 0.113930 | Time: 13s999ms
Epoch: 008 | Test Loss: 0.0014668 | Time: 782ms
==> Save the model at epoch 008 with test loss 0.0014668
Epoch: 009 | Loss: 0.0014783 | L2 loss: 0.0013614 | Lip loss: 0.0001169 | Grad norm: 0.138758 | Time: 14s162ms
Epoch: 009 | Test Loss: 0.0013775 | Time: 732ms
==> Save the model at epoch 009 with test loss 0.0013775
Epoch: 010 | Loss: 0.0014139 | L2 loss: 0.0012957 | Lip loss: 0.0001182 | Grad norm: 0.126616 | Time: 13s765ms
Epoch: 010 | Test Loss: 0.0013241 | Time: 834ms
==> Save the model at epoch 010 with test loss 0.0013241
Epoch: 011 | Loss: 0.0013463 | L2 loss: 0.0012289 | Lip loss: 0.0001174 | Grad norm: 0.087346 | Time: 13s624ms
Epoch: 011 | Test Loss: 0.0012864 | Time: 731ms
==> Save the model at epoch 011 with test loss 0.0012864
Epoch: 012 | Loss: 0.0013415 | L2 loss: 0.0012247 | Lip loss: 0.0001168 | Grad norm: 0.080440 | Time: 13s866ms
Epoch: 012 | Test Loss: 0.0012766 | Time: 721ms
==> Save the model at epoch 012 with test loss 0.0012766
Epoch: 013 | Loss: 0.0013323 | L2 loss: 0.0012168 | Lip loss: 0.0001155 | Grad norm: 0.085104 | Time: 13s923ms
Epoch: 013 | Test Loss: 0.0012713 | Time: 723ms
==> Save the model at epoch 013 with test loss 0.0012713
Epoch: 014 | Loss: 0.0013254 | L2 loss: 0.0012083 | Lip loss: 0.0001170 | Grad norm: 0.082759 | Time: 14s152ms
Epoch: 014 | Test Loss: 0.0012626 | Time: 742ms
==> Save the model at epoch 014 with test loss 0.0012626
Epoch: 015 | Loss: 0.0013216 | L2 loss: 0.0012060 | Lip loss: 0.0001156 | Grad norm: 0.082655 | Time: 13s911ms
Epoch: 015 | Test Loss: 0.0012535 | Time: 803ms
==> Save the model at epoch 015 with test loss 0.0012535
Epoch: 016 | Loss: 0.0013115 | L2 loss: 0.0011953 | Lip loss: 0.0001162 | Grad norm: 0.076484 | Time: 13s739ms
Epoch: 016 | Test Loss: 0.0012515 | Time: 742ms
==> Save the model at epoch 016 with test loss 0.0012515
Epoch: 017 | Loss: 0.0013108 | L2 loss: 0.0011936 | Lip loss: 0.0001172 | Grad norm: 0.074486 | Time: 14s456ms
Epoch: 017 | Test Loss: 0.0012509 | Time: 733ms
==> Save the model at epoch 017 with test loss 0.0012509
Epoch: 018 | Loss: 0.0013135 | L2 loss: 0.0011955 | Lip loss: 0.0001180 | Grad norm: 0.076660 | Time: 13s908ms
Epoch: 018 | Test Loss: 0.0012492 | Time: 741ms
==> Save the model at epoch 018 with test loss 0.0012492
Epoch: 019 | Loss: 0.0013071 | L2 loss: 0.0011908 | Lip loss: 0.0001164 | Grad norm: 0.076992 | Time: 14s448ms
Epoch: 019 | Test Loss: 0.0012483 | Time: 722ms
==> Save the model at epoch 019 with test loss 0.0012483
Epoch: 020 | Loss: 0.0013053 | L2 loss: 0.0011899 | Lip loss: 0.0001153 | Grad norm: 0.076875 | Time: 14s293ms
Epoch: 020 | Test Loss: 0.0012472 | Time: 732ms
==> Save the model at epoch 020 with test loss 0.0012472
Epoch: 021 | Loss: 0.0013050 | L2 loss: 0.0011883 | Lip loss: 0.0001167 | Grad norm: 0.076603 | Time: 14s356ms
Epoch: 021 | Test Loss: 0.0012469 | Time: 741ms
==> Save the model at epoch 021 with test loss 0.0012469
Epoch: 022 | Loss: 0.0013056 | L2 loss: 0.0011886 | Lip loss: 0.0001171 | Grad norm: 0.074295 | Time: 14s149ms
Epoch: 022 | Test Loss: 0.0012467 | Time: 808ms
==> Save the model at epoch 022 with test loss 0.0012467
Epoch: 023 | Loss: 0.0013069 | L2 loss: 0.0011900 | Lip loss: 0.0001170 | Grad norm: 0.068677 | Time: 14s22ms
Epoch: 023 | Test Loss: 0.0012466 | Time: 733ms
==> Save the model at epoch 023 with test loss 0.0012466
Epoch: 024 | Loss: 0.0013066 | L2 loss: 0.0011886 | Lip loss: 0.0001179 | Grad norm: 0.076541 | Time: 14s107ms
Epoch: 024 | Test Loss: 0.0012465 | Time: 742ms
==> Save the model at epoch 024 with test loss 0.0012465
Epoch: 025 | Loss: 0.0013028 | L2 loss: 0.0011866 | Lip loss: 0.0001162 | Grad norm: 0.074788 | Time: 14s231ms
Epoch: 025 | Test Loss: 0.0012463 | Time: 722ms
==> Save the model at epoch 025 with test loss 0.0012463
Epoch: 026 | Loss: 0.0013097 | L2 loss: 0.0011926 | Lip loss: 0.0001171 | Grad norm: 0.072878 | Time: 14s580ms
Epoch: 026 | Test Loss: 0.0012463 | Time: 739ms
==> Save the model at epoch 026 with test loss 0.0012463
Epoch: 027 | Loss: 0.0013046 | L2 loss: 0.0011894 | Lip loss: 0.0001152 | Grad norm: 0.075318 | Time: 13s962ms
Epoch: 027 | Test Loss: 0.0012463 | Time: 802ms
==> Save the model at epoch 027 with test loss 0.0012463
Epoch: 028 | Loss: 0.0013051 | L2 loss: 0.0011882 | Lip loss: 0.0001168 | Grad norm: 0.072795 | Time: 13s953ms
Epoch: 028 | Test Loss: 0.0012463 | Time: 744ms
==> Save the model at epoch 028 with test loss 0.0012463
Epoch: 029 | Loss: 0.0013039 | L2 loss: 0.0011878 | Lip loss: 0.0001161 | Grad norm: 0.075686 | Time: 14s17ms
Epoch: 029 | Test Loss: 0.0012463 | Time: 741ms
==> Save the model at epoch 029 with test loss 0.0012463
Epoch: 030 | Loss: 0.0013057 | L2 loss: 0.0011885 | Lip loss: 0.0001173 | Grad norm: 0.070971 | Time: 14s79ms
Epoch: 030 | Test Loss: 0.0012463 | Time: 726ms
==> Save the model at epoch 030 with test loss 0.0012463
Epoch: 031 | Loss: 0.0013063 | L2 loss: 0.0011887 | Lip loss: 0.0001176 | Grad norm: 0.072937 | Time: 14s441ms
Epoch: 031 | Test Loss: 0.0012463 | Time: 729ms
==> Save the model at epoch 031 with test loss 0.0012463
Epoch: 032 | Loss: 0.0013068 | L2 loss: 0.0011898 | Lip loss: 0.0001170 | Grad norm: 0.074241 | Time: 14s244ms
Epoch: 032 | Test Loss: 0.0012463 | Time: 748ms
==> Save the model at epoch 032 with test loss 0.0012463
Epoch: 033 | Loss: 0.0013037 | L2 loss: 0.0011873 | Lip loss: 0.0001164 | Grad norm: 0.074311 | Time: 14s413ms
Epoch: 033 | Test Loss: 0.0012463 | Time: 741ms
==> Save the model at epoch 033 with test loss 0.0012463
Epoch: 034 | Loss: 0.0013052 | L2 loss: 0.0011878 | Lip loss: 0.0001174 | Grad norm: 0.075945 | Time: 14s49ms
Epoch: 034 | Test Loss: 0.0012463 | Time: 800ms
==> Save the model at epoch 034 with test loss 0.0012463
Epoch: 035 | Loss: 0.0013052 | L2 loss: 0.0011887 | Lip loss: 0.0001165 | Grad norm: 0.075349 | Time: 14s148ms
Epoch: 035 | Test Loss: 0.0012463 | Time: 731ms
==> Save the model at epoch 035 with test loss 0.0012463
Epoch: 036 | Loss: 0.0013057 | L2 loss: 0.0011877 | Lip loss: 0.0001180 | Grad norm: 0.072437 | Time: 14s367ms
Epoch: 036 | Test Loss: 0.0012463 | Time: 734ms
Epoch: 037 | Loss: 0.0013075 | L2 loss: 0.0011924 | Lip loss: 0.0001151 | Grad norm: 0.076210 | Time: 14s389ms
Epoch: 037 | Test Loss: 0.0012463 | Time: 723ms
Epoch: 038 | Loss: 0.0013082 | L2 loss: 0.0011906 | Lip loss: 0.0001176 | Grad norm: 0.075840 | Time: 14s383ms
Epoch: 038 | Test Loss: 0.0012463 | Time: 728ms
==> Save the model at epoch 038 with test loss 0.0012463
Epoch: 039 | Loss: 0.0013041 | L2 loss: 0.0011872 | Lip loss: 0.0001169 | Grad norm: 0.074592 | Time: 14s14ms
Epoch: 039 | Test Loss: 0.0012463 | Time: 794ms
==> Save the model at epoch 039 with test loss 0.0012463
Epoch: 040 | Loss: 0.0013046 | L2 loss: 0.0011883 | Lip loss: 0.0001163 | Grad norm: 0.073390 | Time: 14s583ms
Epoch: 040 | Test Loss: 0.0012463 | Time: 725ms
Total time: 9m56s
==> Saving trained model weights...
==> Input bias to be applied to the neural network (trained):
[0. 0.]
==> Input transform to be applied to the neural network (trained):
[1. 1.]
==> Output transform to be applied to the neural network (trained):
[1. 1.]
==> Saving training info...
==> Drawing training loss...
==> Drawing grad norm...
==> Drawing testing loss...
==> Drawing l2 loss...
==> Drawing lip loss...
==> Process finished.
