==> torch device:  cuda:1
==> Test-Train split: test_ratio = 0.20
==> Test-Train split seed:  None
==> Further split: further_train_ratio = 0.25
==> Further split seed:  None
==> Input bias to be applied to the neural network:
[0. 0. 0. 0.]
==> Input transform to be applied to the neural network:
[1. 1. 1. 1.]
==> Ouput transform to be applied to the neural network:
[1. 1.]
==> Evaluating model...
==========================================================================================
Layer (type:depth-idx)                   Output Shape              Param #
==========================================================================================
NeuralNetwork                            [1, 2]                    10
├─Sequential: 1-1                        [1, 2]                    --
│    └─Linear: 2-1                       [1, 64]                   320
│    └─LeakyReLU: 2-2                    [1, 64]                   --
│    └─Linear: 2-3                       [1, 64]                   4,160
│    └─LeakyReLU: 2-4                    [1, 64]                   --
│    └─Linear: 2-5                       [1, 64]                   4,160
│    └─LeakyReLU: 2-6                    [1, 64]                   --
│    └─Linear: 2-7                       [1, 64]                   4,160
│    └─LeakyReLU: 2-8                    [1, 64]                   --
│    └─Linear: 2-9                       [1, 64]                   4,160
│    └─LeakyReLU: 2-10                   [1, 64]                   --
│    └─Linear: 2-11                      [1, 64]                   4,160
│    └─LeakyReLU: 2-12                   [1, 64]                   --
│    └─Linear: 2-13                      [1, 64]                   4,160
│    └─LeakyReLU: 2-14                   [1, 64]                   --
│    └─Linear: 2-15                      [1, 2]                    130
==========================================================================================
Total params: 25,420
Trainable params: 25,410
Non-trainable params: 10
Total mult-adds (Units.MEGABYTES): 0.03
==========================================================================================
Input size (MB): 0.00
Forward/backward pass size (MB): 0.00
Params size (MB): 0.10
Estimated Total Size (MB): 0.11
==========================================================================================
==> Saving initial model weights...
==> Start training...
Epoch: 001 | Loss: 0.0066400 | L2 loss: 0.0065925 | Lip loss: 0.0000475 | Grad norm: 0.038975 | Time: 8s343ms
Epoch: 001 | Test Loss: 0.0052071 | Time: 496ms
==> Save the model at epoch 001 with test loss 0.0052071
Epoch: 002 | Loss: 0.0050655 | L2 loss: 0.0043682 | Lip loss: 0.0006972 | Grad norm: 0.018399 | Time: 8s171ms
Epoch: 002 | Test Loss: 0.0044773 | Time: 567ms
==> Save the model at epoch 002 with test loss 0.0044773
Epoch: 003 | Loss: 0.0049790 | L2 loss: 0.0041872 | Lip loss: 0.0007918 | Grad norm: 0.019136 | Time: 8s295ms
Epoch: 003 | Test Loss: 0.0040541 | Time: 499ms
==> Save the model at epoch 003 with test loss 0.0040541
Epoch: 004 | Loss: 0.0046495 | L2 loss: 0.0037928 | Lip loss: 0.0008567 | Grad norm: 0.020041 | Time: 8s138ms
Epoch: 004 | Test Loss: 0.0034641 | Time: 491ms
==> Save the model at epoch 004 with test loss 0.0034641
Epoch: 005 | Loss: 0.0045396 | L2 loss: 0.0034273 | Lip loss: 0.0011123 | Grad norm: 0.023569 | Time: 8s307ms
Epoch: 005 | Test Loss: 0.0033321 | Time: 493ms
==> Save the model at epoch 005 with test loss 0.0033321
Epoch: 006 | Loss: 0.0044584 | L2 loss: 0.0032585 | Lip loss: 0.0011999 | Grad norm: 0.016572 | Time: 8s569ms
Epoch: 006 | Test Loss: 0.0031812 | Time: 515ms
==> Save the model at epoch 006 with test loss 0.0031812
Epoch: 007 | Loss: 0.0041910 | L2 loss: 0.0031323 | Lip loss: 0.0010587 | Grad norm: 0.014801 | Time: 8s268ms
Epoch: 007 | Test Loss: 0.0030658 | Time: 497ms
==> Save the model at epoch 007 with test loss 0.0030658
Epoch: 008 | Loss: 0.0041877 | L2 loss: 0.0030559 | Lip loss: 0.0011318 | Grad norm: 0.015465 | Time: 8s200ms
Epoch: 008 | Test Loss: 0.0030469 | Time: 512ms
==> Save the model at epoch 008 with test loss 0.0030469
Epoch: 009 | Loss: 0.0042862 | L2 loss: 0.0030813 | Lip loss: 0.0012048 | Grad norm: 0.014368 | Time: 8s277ms
Epoch: 009 | Test Loss: 0.0030290 | Time: 514ms
==> Save the model at epoch 009 with test loss 0.0030290
Epoch: 010 | Loss: 0.0042931 | L2 loss: 0.0030569 | Lip loss: 0.0012362 | Grad norm: 0.013584 | Time: 8s185ms
Epoch: 010 | Test Loss: 0.0030613 | Time: 497ms
Epoch: 011 | Loss: 0.0044183 | L2 loss: 0.0030635 | Lip loss: 0.0013548 | Grad norm: 0.015256 | Time: 8s397ms
Epoch: 011 | Test Loss: 0.0030645 | Time: 492ms
Epoch: 012 | Loss: 0.0043400 | L2 loss: 0.0030686 | Lip loss: 0.0012714 | Grad norm: 0.014770 | Time: 8s440ms
Epoch: 012 | Test Loss: 0.0030646 | Time: 503ms
Epoch: 013 | Loss: 0.0042571 | L2 loss: 0.0030642 | Lip loss: 0.0011929 | Grad norm: 0.013805 | Time: 8s801ms
Epoch: 013 | Test Loss: 0.0030578 | Time: 564ms
Epoch: 014 | Loss: 0.0043653 | L2 loss: 0.0030609 | Lip loss: 0.0013044 | Grad norm: 0.014867 | Time: 8s260ms
Epoch: 014 | Test Loss: 0.0030619 | Time: 497ms
Epoch: 015 | Loss: 0.0043489 | L2 loss: 0.0030626 | Lip loss: 0.0012863 | Grad norm: 0.014141 | Time: 8s401ms
Epoch: 015 | Test Loss: 0.0030632 | Time: 496ms
Epoch: 016 | Loss: 0.0043180 | L2 loss: 0.0030649 | Lip loss: 0.0012531 | Grad norm: 0.013596 | Time: 8s529ms
Epoch: 016 | Test Loss: 0.0030624 | Time: 569ms
Epoch: 017 | Loss: 0.0042909 | L2 loss: 0.0030644 | Lip loss: 0.0012265 | Grad norm: 0.012921 | Time: 8s569ms
Epoch: 017 | Test Loss: 0.0030617 | Time: 493ms
Epoch: 018 | Loss: 0.0042001 | L2 loss: 0.0030638 | Lip loss: 0.0011364 | Grad norm: 0.013723 | Time: 8s368ms
Epoch: 018 | Test Loss: 0.0030605 | Time: 509ms
Epoch: 019 | Loss: 0.0043172 | L2 loss: 0.0030618 | Lip loss: 0.0012554 | Grad norm: 0.013850 | Time: 8s433ms
Epoch: 019 | Test Loss: 0.0030603 | Time: 518ms
Epoch: 020 | Loss: 0.0042755 | L2 loss: 0.0030631 | Lip loss: 0.0012124 | Grad norm: 0.014838 | Time: 8s221ms
Epoch: 020 | Test Loss: 0.0030595 | Time: 508ms
Epoch: 021 | Loss: 0.0042359 | L2 loss: 0.0030626 | Lip loss: 0.0011732 | Grad norm: 0.013344 | Time: 8s371ms
Epoch: 021 | Test Loss: 0.0030594 | Time: 514ms
Epoch: 022 | Loss: 0.0042611 | L2 loss: 0.0030638 | Lip loss: 0.0011974 | Grad norm: 0.014329 | Time: 8s301ms
Epoch: 022 | Test Loss: 0.0030593 | Time: 500ms
Epoch: 023 | Loss: 0.0043339 | L2 loss: 0.0030621 | Lip loss: 0.0012718 | Grad norm: 0.013599 | Time: 8s199ms
Epoch: 023 | Test Loss: 0.0030592 | Time: 502ms
Epoch: 024 | Loss: 0.0042913 | L2 loss: 0.0030621 | Lip loss: 0.0012292 | Grad norm: 0.015285 | Time: 8s249ms
Epoch: 024 | Test Loss: 0.0030592 | Time: 570ms
Epoch: 025 | Loss: 0.0042747 | L2 loss: 0.0030607 | Lip loss: 0.0012141 | Grad norm: 0.013469 | Time: 8s306ms
Epoch: 025 | Test Loss: 0.0030591 | Time: 509ms
Epoch: 026 | Loss: 0.0042358 | L2 loss: 0.0030615 | Lip loss: 0.0011743 | Grad norm: 0.013726 | Time: 8s92ms
Epoch: 026 | Test Loss: 0.0030591 | Time: 494ms
Epoch: 027 | Loss: 0.0042471 | L2 loss: 0.0030626 | Lip loss: 0.0011845 | Grad norm: 0.014090 | Time: 8s228ms
Epoch: 027 | Test Loss: 0.0030591 | Time: 568ms
Epoch: 028 | Loss: 0.0043382 | L2 loss: 0.0030615 | Lip loss: 0.0012767 | Grad norm: 0.015060 | Time: 8s75ms
Epoch: 028 | Test Loss: 0.0030591 | Time: 499ms
Epoch: 029 | Loss: 0.0042496 | L2 loss: 0.0030620 | Lip loss: 0.0011876 | Grad norm: 0.013089 | Time: 8s340ms
Epoch: 029 | Test Loss: 0.0030591 | Time: 494ms
Epoch: 030 | Loss: 0.0042114 | L2 loss: 0.0030628 | Lip loss: 0.0011486 | Grad norm: 0.013977 | Time: 8s353ms
Epoch: 030 | Test Loss: 0.0030591 | Time: 501ms
Epoch: 031 | Loss: 0.0042673 | L2 loss: 0.0030617 | Lip loss: 0.0012055 | Grad norm: 0.013615 | Time: 8s133ms
Epoch: 031 | Test Loss: 0.0030591 | Time: 495ms
Epoch: 032 | Loss: 0.0042623 | L2 loss: 0.0030615 | Lip loss: 0.0012008 | Grad norm: 0.013817 | Time: 8s250ms
Epoch: 032 | Test Loss: 0.0030591 | Time: 554ms
Epoch: 033 | Loss: 0.0042895 | L2 loss: 0.0030615 | Lip loss: 0.0012280 | Grad norm: 0.013263 | Time: 8s256ms
Epoch: 033 | Test Loss: 0.0030591 | Time: 508ms
Epoch: 034 | Loss: 0.0042179 | L2 loss: 0.0030612 | Lip loss: 0.0011567 | Grad norm: 0.013171 | Time: 8s226ms
Epoch: 034 | Test Loss: 0.0030591 | Time: 503ms
Epoch: 035 | Loss: 0.0043349 | L2 loss: 0.0030615 | Lip loss: 0.0012733 | Grad norm: 0.014294 | Time: 8s116ms
Epoch: 035 | Test Loss: 0.0030591 | Time: 568ms
Epoch: 036 | Loss: 0.0041566 | L2 loss: 0.0030626 | Lip loss: 0.0010940 | Grad norm: 0.012405 | Time: 8s243ms
Epoch: 036 | Test Loss: 0.0030591 | Time: 500ms
Epoch: 037 | Loss: 0.0042386 | L2 loss: 0.0030618 | Lip loss: 0.0011769 | Grad norm: 0.013145 | Time: 8s397ms
Epoch: 037 | Test Loss: 0.0030591 | Time: 491ms
Epoch: 038 | Loss: 0.0043079 | L2 loss: 0.0030619 | Lip loss: 0.0012460 | Grad norm: 0.013398 | Time: 8s398ms
Epoch: 038 | Test Loss: 0.0030591 | Time: 571ms
Epoch: 039 | Loss: 0.0042632 | L2 loss: 0.0030608 | Lip loss: 0.0012024 | Grad norm: 0.013895 | Time: 8s280ms
Epoch: 039 | Test Loss: 0.0030591 | Time: 502ms
Epoch: 040 | Loss: 0.0041644 | L2 loss: 0.0030615 | Lip loss: 0.0011029 | Grad norm: 0.012687 | Time: 8s607ms
Epoch: 040 | Test Loss: 0.0030591 | Time: 511ms
Total time: 5m53s
==> Saving trained model weights...
==> Input bias to be applied to the neural network (trained):
[0. 0. 0. 0.]
==> Input transform to be applied to the neural network (trained):
[1. 1. 1. 1.]
==> Output transform to be applied to the neural network (trained):
[1. 1.]
==> Saving training info...
==> Drawing training loss...
==> Drawing grad norm...
==> Drawing testing loss...
==> Drawing l2 loss...
==> Drawing lip loss...
==> Process finished.
