==> torch device:  cuda:0
==> Test-Train split: test_ratio = 0.20
==> Test-Train split seed:  None
==> Further split: further_train_ratio = 1.00
==> Further split seed:  None
==> Input bias to be applied to the neural network:
[0. 0.]
==> Input transform to be applied to the neural network:
[0.496845   0.52004784]
==> Ouput transform to be applied to the neural network:
[1.9242 2.0182]
==> Evaluating model...
==========================================================================================
Layer (type:depth-idx)                   Output Shape              Param #
==========================================================================================
NeuralNetwork                            [1, 2]                    6
├─Sequential: 1-1                        [1, 2]                    --
│    └─Linear: 2-1                       [1, 64]                   192
│    └─ReLU: 2-2                         [1, 64]                   --
│    └─Linear: 2-3                       [1, 64]                   4,160
│    └─ReLU: 2-4                         [1, 64]                   --
│    └─Linear: 2-5                       [1, 64]                   4,160
│    └─ReLU: 2-6                         [1, 64]                   --
│    └─Linear: 2-7                       [1, 64]                   4,160
│    └─ReLU: 2-8                         [1, 64]                   --
│    └─Linear: 2-9                       [1, 64]                   4,160
│    └─ReLU: 2-10                        [1, 64]                   --
│    └─Linear: 2-11                      [1, 64]                   4,160
│    └─ReLU: 2-12                        [1, 64]                   --
│    └─Linear: 2-13                      [1, 64]                   4,160
│    └─ReLU: 2-14                        [1, 64]                   --
│    └─Linear: 2-15                      [1, 2]                    130
├─Sequential: 1-2                        [1, 2]                    (recursive)
│    └─Linear: 2-16                      [1, 64]                   (recursive)
│    └─ReLU: 2-17                        [1, 64]                   --
│    └─Linear: 2-18                      [1, 64]                   (recursive)
│    └─ReLU: 2-19                        [1, 64]                   --
│    └─Linear: 2-20                      [1, 64]                   (recursive)
│    └─ReLU: 2-21                        [1, 64]                   --
│    └─Linear: 2-22                      [1, 64]                   (recursive)
│    └─ReLU: 2-23                        [1, 64]                   --
│    └─Linear: 2-24                      [1, 64]                   (recursive)
│    └─ReLU: 2-25                        [1, 64]                   --
│    └─Linear: 2-26                      [1, 64]                   (recursive)
│    └─ReLU: 2-27                        [1, 64]                   --
│    └─Linear: 2-28                      [1, 64]                   (recursive)
│    └─ReLU: 2-29                        [1, 64]                   --
│    └─Linear: 2-30                      [1, 2]                    (recursive)
==========================================================================================
Total params: 25,288
Trainable params: 25,282
Non-trainable params: 6
Total mult-adds (Units.MEGABYTES): 0.05
==========================================================================================
Input size (MB): 0.00
Forward/backward pass size (MB): 0.01
Params size (MB): 0.10
Estimated Total Size (MB): 0.11
==========================================================================================
==> Saving initial model weights...
==> Start training...
==> Number of param_groups in optimizer: 1
Epoch: 001 | Train Loss: 7.7655784 | Grad norm: 0.268941 | Time: 4s418ms
Epoch: 001 | Test Loss: 7.8142421 | Time: 444ms
==> Save the model at epoch 001 with test loss 7.8142421
Epoch: 002 | Train Loss: 1.9882508 | Grad norm: 1.962083 | Time: 4s180ms
Epoch: 002 | Test Loss: 0.1041668 | Time: 456ms
==> Save the model at epoch 002 with test loss 0.1041668
Epoch: 003 | Train Loss: 0.0554925 | Grad norm: 1.299924 | Time: 4s216ms
Epoch: 003 | Test Loss: 0.0355025 | Time: 446ms
==> Save the model at epoch 003 with test loss 0.0355025
Epoch: 004 | Train Loss: 0.0206084 | Grad norm: 1.283640 | Time: 4s113ms
Epoch: 004 | Test Loss: 0.0134878 | Time: 561ms
==> Save the model at epoch 004 with test loss 0.0134878
Epoch: 005 | Train Loss: 0.0139806 | Grad norm: 1.292040 | Time: 4s265ms
Epoch: 005 | Test Loss: 0.0111103 | Time: 447ms
==> Save the model at epoch 005 with test loss 0.0111103
Epoch: 006 | Train Loss: 0.0140956 | Grad norm: 1.435040 | Time: 4s193ms
Epoch: 006 | Test Loss: 0.0136585 | Time: 569ms
Epoch: 007 | Train Loss: 0.0134973 | Grad norm: 1.378354 | Time: 4s91ms
Epoch: 007 | Test Loss: 0.0126836 | Time: 445ms
Epoch: 008 | Train Loss: 0.0136023 | Grad norm: 1.305057 | Time: 4s66ms
Epoch: 008 | Test Loss: 0.0135465 | Time: 474ms
Epoch: 009 | Train Loss: 0.0134110 | Grad norm: 1.225721 | Time: 4s254ms
Epoch: 009 | Test Loss: 0.0164271 | Time: 453ms
Epoch: 010 | Train Loss: 0.0123699 | Grad norm: 1.112526 | Time: 3s894ms
Epoch: 010 | Test Loss: 0.0152386 | Time: 461ms
Epoch: 011 | Train Loss: 0.0123400 | Grad norm: 1.077507 | Time: 4s118ms
Epoch: 011 | Test Loss: 0.0116387 | Time: 455ms
Epoch: 012 | Train Loss: 0.0119595 | Grad norm: 0.971099 | Time: 4s26ms
Epoch: 012 | Test Loss: 0.0107364 | Time: 444ms
==> Save the model at epoch 012 with test loss 0.0107364
Epoch: 013 | Train Loss: 0.0109337 | Grad norm: 0.917038 | Time: 3s970ms
Epoch: 013 | Test Loss: 0.0100562 | Time: 446ms
==> Save the model at epoch 013 with test loss 0.0100562
Epoch: 014 | Train Loss: 0.0111413 | Grad norm: 0.943316 | Time: 3s886ms
Epoch: 014 | Test Loss: 0.0091335 | Time: 518ms
==> Save the model at epoch 014 with test loss 0.0091335
Epoch: 015 | Train Loss: 0.0113347 | Grad norm: 0.931165 | Time: 3s913ms
Epoch: 015 | Test Loss: 0.0108651 | Time: 451ms
Epoch: 016 | Train Loss: 0.0104194 | Grad norm: 0.812116 | Time: 4s84ms
Epoch: 016 | Test Loss: 0.0109916 | Time: 457ms
Epoch: 017 | Train Loss: 0.0101948 | Grad norm: 0.802190 | Time: 3s996ms
Epoch: 017 | Test Loss: 0.0114762 | Time: 451ms
Epoch: 018 | Train Loss: 0.0097187 | Grad norm: 0.690156 | Time: 3s955ms
Epoch: 018 | Test Loss: 0.0107956 | Time: 519ms
Epoch: 019 | Train Loss: 0.0096329 | Grad norm: 0.734268 | Time: 4s32ms
Epoch: 019 | Test Loss: 0.0110266 | Time: 454ms
Epoch: 020 | Train Loss: 0.0101233 | Grad norm: 0.843240 | Time: 3s950ms
Epoch: 020 | Test Loss: 0.0102111 | Time: 475ms
Epoch: 021 | Train Loss: 0.0095119 | Grad norm: 0.742963 | Time: 4s92ms
Epoch: 021 | Test Loss: 0.0094908 | Time: 451ms
Epoch: 022 | Train Loss: 0.0090112 | Grad norm: 0.644012 | Time: 3s958ms
Epoch: 022 | Test Loss: 0.0089629 | Time: 517ms
==> Save the model at epoch 022 with test loss 0.0089629
Epoch: 023 | Train Loss: 0.0089397 | Grad norm: 0.665488 | Time: 4s398ms
Epoch: 023 | Test Loss: 0.0139490 | Time: 448ms
Epoch: 024 | Train Loss: 0.0088958 | Grad norm: 0.684386 | Time: 4s46ms
Epoch: 024 | Test Loss: 0.0096660 | Time: 447ms
Epoch: 025 | Train Loss: 0.0088412 | Grad norm: 0.715069 | Time: 4s20ms
Epoch: 025 | Test Loss: 0.0104315 | Time: 481ms
Epoch: 026 | Train Loss: 0.0088090 | Grad norm: 0.690315 | Time: 4s118ms
Epoch: 026 | Test Loss: 0.0086298 | Time: 444ms
==> Save the model at epoch 026 with test loss 0.0086298
Epoch: 027 | Train Loss: 0.0082562 | Grad norm: 0.581754 | Time: 4s14ms
Epoch: 027 | Test Loss: 0.0085121 | Time: 449ms
==> Save the model at epoch 027 with test loss 0.0085121
Epoch: 028 | Train Loss: 0.0082408 | Grad norm: 0.562226 | Time: 4s38ms
Epoch: 028 | Test Loss: 0.0081441 | Time: 446ms
==> Save the model at epoch 028 with test loss 0.0081441
Epoch: 029 | Train Loss: 0.0080749 | Grad norm: 0.571663 | Time: 3s969ms
Epoch: 029 | Test Loss: 0.0078249 | Time: 449ms
==> Save the model at epoch 029 with test loss 0.0078249
Epoch: 030 | Train Loss: 0.0078628 | Grad norm: 0.497585 | Time: 3s972ms
Epoch: 030 | Test Loss: 0.0079290 | Time: 452ms
Epoch: 031 | Train Loss: 0.0078657 | Grad norm: 0.523548 | Time: 4s124ms
Epoch: 031 | Test Loss: 0.0086260 | Time: 448ms
Epoch: 032 | Train Loss: 0.0076990 | Grad norm: 0.458501 | Time: 4s86ms
Epoch: 032 | Test Loss: 0.0077468 | Time: 450ms
==> Save the model at epoch 032 with test loss 0.0077468
Epoch: 033 | Train Loss: 0.0075913 | Grad norm: 0.413511 | Time: 3s912ms
Epoch: 033 | Test Loss: 0.0079807 | Time: 535ms
Epoch: 034 | Train Loss: 0.0075116 | Grad norm: 0.387906 | Time: 4s47ms
Epoch: 034 | Test Loss: 0.0079324 | Time: 462ms
Epoch: 035 | Train Loss: 0.0074422 | Grad norm: 0.396491 | Time: 3s996ms
Epoch: 035 | Test Loss: 0.0075238 | Time: 447ms
==> Save the model at epoch 035 with test loss 0.0075238
Epoch: 036 | Train Loss: 0.0073439 | Grad norm: 0.343012 | Time: 4s79ms
Epoch: 036 | Test Loss: 0.0076942 | Time: 468ms
Epoch: 037 | Train Loss: 0.0072690 | Grad norm: 0.320150 | Time: 4s181ms
Epoch: 037 | Test Loss: 0.0074620 | Time: 458ms
==> Save the model at epoch 037 with test loss 0.0074620
Epoch: 038 | Train Loss: 0.0072144 | Grad norm: 0.273468 | Time: 4s239ms
Epoch: 038 | Test Loss: 0.0074769 | Time: 446ms
Epoch: 039 | Train Loss: 0.0071693 | Grad norm: 0.260525 | Time: 3s909ms
Epoch: 039 | Test Loss: 0.0074236 | Time: 455ms
==> Save the model at epoch 039 with test loss 0.0074236
Epoch: 040 | Train Loss: 0.0071442 | Grad norm: 0.240730 | Time: 4s157ms
Epoch: 040 | Test Loss: 0.0073929 | Time: 450ms
==> Save the model at epoch 040 with test loss 0.0073929
Total time: 3m1s
==> Saving trained model weights...
==> Input bias to be applied to the neural network (trained):
[0. 0.]
==> Input transform to be applied to the neural network (trained):
[0.496845   0.52004784]
==> Output transform to be applied to the neural network (trained):
[1.9242 2.0182]
==> Saving training info...
==> Drawing training loss...
==> Drawing grad norm...
==> Drawing testing loss...
==> Process finished.
