==> torch device:  cuda:2
==> Test-Train split: test_ratio = 0.20
==> Test-Train split seed:  None
==> Further split: further_train_ratio = 0.25
==> Further split seed:  None
==> Input bias to be applied to the neural network:
[0. 0. 0. 0.]
==> Input transform to be applied to the neural network:
[0.708416   0.723275   0.67681897 0.67421794]
==> Ouput transform to be applied to the neural network:
[0.2339 0.2936]
==> Evaluating model...
==========================================================================================
Layer (type:depth-idx)                   Output Shape              Param #
==========================================================================================
NeuralNetwork                            [1, 2]                    10
├─Sequential: 1-1                        [1, 2]                    --
│    └─Linear: 2-1                       [1, 64]                   320
│    └─ReLU: 2-2                         [1, 64]                   --
│    └─Linear: 2-3                       [1, 64]                   4,160
│    └─ReLU: 2-4                         [1, 64]                   --
│    └─Linear: 2-5                       [1, 64]                   4,160
│    └─ReLU: 2-6                         [1, 64]                   --
│    └─Linear: 2-7                       [1, 64]                   4,160
│    └─ReLU: 2-8                         [1, 64]                   --
│    └─Linear: 2-9                       [1, 64]                   4,160
│    └─ReLU: 2-10                        [1, 64]                   --
│    └─Linear: 2-11                      [1, 64]                   4,160
│    └─ReLU: 2-12                        [1, 64]                   --
│    └─Linear: 2-13                      [1, 64]                   4,160
│    └─ReLU: 2-14                        [1, 64]                   --
│    └─Linear: 2-15                      [1, 2]                    130
├─Sequential: 1-2                        [1, 2]                    (recursive)
│    └─Linear: 2-16                      [1, 64]                   (recursive)
│    └─ReLU: 2-17                        [1, 64]                   --
│    └─Linear: 2-18                      [1, 64]                   (recursive)
│    └─ReLU: 2-19                        [1, 64]                   --
│    └─Linear: 2-20                      [1, 64]                   (recursive)
│    └─ReLU: 2-21                        [1, 64]                   --
│    └─Linear: 2-22                      [1, 64]                   (recursive)
│    └─ReLU: 2-23                        [1, 64]                   --
│    └─Linear: 2-24                      [1, 64]                   (recursive)
│    └─ReLU: 2-25                        [1, 64]                   --
│    └─Linear: 2-26                      [1, 64]                   (recursive)
│    └─ReLU: 2-27                        [1, 64]                   --
│    └─Linear: 2-28                      [1, 64]                   (recursive)
│    └─ReLU: 2-29                        [1, 64]                   --
│    └─Linear: 2-30                      [1, 2]                    (recursive)
==========================================================================================
Total params: 25,420
Trainable params: 25,410
Non-trainable params: 10
Total mult-adds (Units.MEGABYTES): 0.05
==========================================================================================
Input size (MB): 0.00
Forward/backward pass size (MB): 0.01
Params size (MB): 0.10
Estimated Total Size (MB): 0.11
==========================================================================================
==> Saving initial model weights...
==> Start training...
==> Number of param_groups in optimizer: 1
Epoch: 001 | Train Loss: 0.1398444 | Grad norm: 0.002734 | Time: 1s429ms
Epoch: 001 | Test Loss: 0.1406074 | Time: 507ms
==> Save the model at epoch 001 with test loss 0.1406074
Epoch: 002 | Train Loss: 0.1288816 | Grad norm: 0.030880 | Time: 1s47ms
Epoch: 002 | Test Loss: 0.0936991 | Time: 512ms
==> Save the model at epoch 002 with test loss 0.0936991
Epoch: 003 | Train Loss: 0.0320874 | Grad norm: 0.047351 | Time: 1s90ms
Epoch: 003 | Test Loss: 0.0108448 | Time: 575ms
==> Save the model at epoch 003 with test loss 0.0108448
Epoch: 004 | Train Loss: 0.0110726 | Grad norm: 0.029293 | Time: 941ms
Epoch: 004 | Test Loss: 0.0101560 | Time: 519ms
==> Save the model at epoch 004 with test loss 0.0101560
Epoch: 005 | Train Loss: 0.0106647 | Grad norm: 0.026380 | Time: 1s38ms
Epoch: 005 | Test Loss: 0.0100335 | Time: 504ms
==> Save the model at epoch 005 with test loss 0.0100335
Epoch: 006 | Train Loss: 0.0106142 | Grad norm: 0.030521 | Time: 1s92ms
Epoch: 006 | Test Loss: 0.0098104 | Time: 529ms
==> Save the model at epoch 006 with test loss 0.0098104
Epoch: 007 | Train Loss: 0.0105012 | Grad norm: 0.029567 | Time: 1s204ms
Epoch: 007 | Test Loss: 0.0098427 | Time: 583ms
Epoch: 008 | Train Loss: 0.0104945 | Grad norm: 0.030402 | Time: 1s50ms
Epoch: 008 | Test Loss: 0.0097682 | Time: 503ms
==> Save the model at epoch 008 with test loss 0.0097682
Epoch: 009 | Train Loss: 0.0104387 | Grad norm: 0.028028 | Time: 1s183ms
Epoch: 009 | Test Loss: 0.0097892 | Time: 531ms
Epoch: 010 | Train Loss: 0.0103816 | Grad norm: 0.028394 | Time: 1s90ms
Epoch: 010 | Test Loss: 0.0097657 | Time: 565ms
==> Save the model at epoch 010 with test loss 0.0097657
Epoch: 011 | Train Loss: 0.0103647 | Grad norm: 0.029144 | Time: 1s88ms
Epoch: 011 | Test Loss: 0.0096946 | Time: 572ms
==> Save the model at epoch 011 with test loss 0.0096946
Epoch: 012 | Train Loss: 0.0102695 | Grad norm: 0.026587 | Time: 1s48ms
Epoch: 012 | Test Loss: 0.0095275 | Time: 509ms
==> Save the model at epoch 012 with test loss 0.0095275
Epoch: 013 | Train Loss: 0.0102064 | Grad norm: 0.025227 | Time: 1s39ms
Epoch: 013 | Test Loss: 0.0096722 | Time: 518ms
Epoch: 014 | Train Loss: 0.0101879 | Grad norm: 0.025775 | Time: 1s121ms
Epoch: 014 | Test Loss: 0.0097000 | Time: 520ms
Epoch: 015 | Train Loss: 0.0101614 | Grad norm: 0.026803 | Time: 1s106ms
Epoch: 015 | Test Loss: 0.0095656 | Time: 581ms
Epoch: 016 | Train Loss: 0.0100973 | Grad norm: 0.023166 | Time: 1s29ms
Epoch: 016 | Test Loss: 0.0093900 | Time: 501ms
==> Save the model at epoch 016 with test loss 0.0093900
Epoch: 017 | Train Loss: 0.0101059 | Grad norm: 0.026734 | Time: 1s11ms
Epoch: 017 | Test Loss: 0.0096275 | Time: 508ms
Epoch: 018 | Train Loss: 0.0100514 | Grad norm: 0.024616 | Time: 977ms
Epoch: 018 | Test Loss: 0.0097081 | Time: 504ms
Epoch: 019 | Train Loss: 0.0100300 | Grad norm: 0.024626 | Time: 994ms
Epoch: 019 | Test Loss: 0.0094509 | Time: 578ms
Epoch: 020 | Train Loss: 0.0099601 | Grad norm: 0.022270 | Time: 1s19ms
Epoch: 020 | Test Loss: 0.0093948 | Time: 503ms
Epoch: 021 | Train Loss: 0.0099206 | Grad norm: 0.022471 | Time: 1s50ms
Epoch: 021 | Test Loss: 0.0095515 | Time: 503ms
Epoch: 022 | Train Loss: 0.0099522 | Grad norm: 0.024468 | Time: 1s27ms
Epoch: 022 | Test Loss: 0.0093342 | Time: 521ms
==> Save the model at epoch 022 with test loss 0.0093342
Epoch: 023 | Train Loss: 0.0098845 | Grad norm: 0.022768 | Time: 1s93ms
Epoch: 023 | Test Loss: 0.0094978 | Time: 576ms
Epoch: 024 | Train Loss: 0.0098660 | Grad norm: 0.023116 | Time: 1s108ms
Epoch: 024 | Test Loss: 0.0093397 | Time: 547ms
Epoch: 025 | Train Loss: 0.0098298 | Grad norm: 0.022782 | Time: 1s38ms
Epoch: 025 | Test Loss: 0.0094393 | Time: 502ms
Epoch: 026 | Train Loss: 0.0098070 | Grad norm: 0.022040 | Time: 1s88ms
Epoch: 026 | Test Loss: 0.0092280 | Time: 507ms
==> Save the model at epoch 026 with test loss 0.0092280
Epoch: 027 | Train Loss: 0.0098058 | Grad norm: 0.022840 | Time: 1s43ms
Epoch: 027 | Test Loss: 0.0093442 | Time: 577ms
Epoch: 028 | Train Loss: 0.0097367 | Grad norm: 0.023007 | Time: 1s76ms
Epoch: 028 | Test Loss: 0.0093123 | Time: 504ms
Epoch: 029 | Train Loss: 0.0097249 | Grad norm: 0.021961 | Time: 1s43ms
Epoch: 029 | Test Loss: 0.0091854 | Time: 517ms
==> Save the model at epoch 029 with test loss 0.0091854
Epoch: 030 | Train Loss: 0.0097161 | Grad norm: 0.024413 | Time: 1s63ms
Epoch: 030 | Test Loss: 0.0091866 | Time: 502ms
Epoch: 031 | Train Loss: 0.0096783 | Grad norm: 0.024104 | Time: 1s89ms
Epoch: 031 | Test Loss: 0.0091749 | Time: 591ms
==> Save the model at epoch 031 with test loss 0.0091749
Epoch: 032 | Train Loss: 0.0096261 | Grad norm: 0.021584 | Time: 1s10ms
Epoch: 032 | Test Loss: 0.0091533 | Time: 504ms
==> Save the model at epoch 032 with test loss 0.0091533
Epoch: 033 | Train Loss: 0.0095944 | Grad norm: 0.021375 | Time: 1s101ms
Epoch: 033 | Test Loss: 0.0091228 | Time: 502ms
==> Save the model at epoch 033 with test loss 0.0091228
Epoch: 034 | Train Loss: 0.0095685 | Grad norm: 0.020080 | Time: 1s75ms
Epoch: 034 | Test Loss: 0.0090962 | Time: 523ms
==> Save the model at epoch 034 with test loss 0.0090962
Epoch: 035 | Train Loss: 0.0095618 | Grad norm: 0.020196 | Time: 1s99ms
Epoch: 035 | Test Loss: 0.0090827 | Time: 588ms
==> Save the model at epoch 035 with test loss 0.0090827
Epoch: 036 | Train Loss: 0.0095410 | Grad norm: 0.020084 | Time: 1s149ms
Epoch: 036 | Test Loss: 0.0090795 | Time: 522ms
==> Save the model at epoch 036 with test loss 0.0090795
Epoch: 037 | Train Loss: 0.0095224 | Grad norm: 0.020783 | Time: 1s50ms
Epoch: 037 | Test Loss: 0.0090836 | Time: 504ms
Epoch: 038 | Train Loss: 0.0095151 | Grad norm: 0.019348 | Time: 1s48ms
Epoch: 038 | Test Loss: 0.0090629 | Time: 501ms
==> Save the model at epoch 038 with test loss 0.0090629
Epoch: 039 | Train Loss: 0.0095160 | Grad norm: 0.018590 | Time: 989ms
Epoch: 039 | Test Loss: 0.0090582 | Time: 579ms
==> Save the model at epoch 039 with test loss 0.0090582
Epoch: 040 | Train Loss: 0.0095037 | Grad norm: 0.018579 | Time: 1s86ms
Epoch: 040 | Test Loss: 0.0090595 | Time: 520ms
Total time: 1m4s
==> Saving trained model weights...
==> Input bias to be applied to the neural network (trained):
[0. 0. 0. 0.]
==> Input transform to be applied to the neural network (trained):
[0.708416   0.723275   0.67681897 0.67421794]
==> Output transform to be applied to the neural network (trained):
[0.2339 0.2936]
==> Saving training info...
==> Drawing training loss...
==> Drawing grad norm...
==> Drawing testing loss...
==> Process finished.
