==> torch device:  cuda:0
==> Test-Train split: test_ratio = 0.20
==> Test-Train split seed:  None
==> Further split: further_train_ratio = 0.50
==> Further split seed:  None
==> Input bias to be applied to the neural network:
[0. 0.]
==> Input transform to be applied to the neural network:
[0.5090095 0.5090095]
==> Ouput transform to be applied to the neural network:
[3.9366 3.9363]
==> Evaluating model...
==========================================================================================
Layer (type:depth-idx)                   Output Shape              Param #
==========================================================================================
NeuralNetwork                            [1, 2]                    6
├─Sequential: 1-1                        [1, 2]                    --
│    └─Linear: 2-1                       [1, 64]                   192
│    └─ReLU: 2-2                         [1, 64]                   --
│    └─Linear: 2-3                       [1, 64]                   4,160
│    └─ReLU: 2-4                         [1, 64]                   --
│    └─Linear: 2-5                       [1, 64]                   4,160
│    └─ReLU: 2-6                         [1, 64]                   --
│    └─Linear: 2-7                       [1, 64]                   4,160
│    └─ReLU: 2-8                         [1, 64]                   --
│    └─Linear: 2-9                       [1, 64]                   4,160
│    └─ReLU: 2-10                        [1, 64]                   --
│    └─Linear: 2-11                      [1, 64]                   4,160
│    └─ReLU: 2-12                        [1, 64]                   --
│    └─Linear: 2-13                      [1, 64]                   4,160
│    └─ReLU: 2-14                        [1, 64]                   --
│    └─Linear: 2-15                      [1, 2]                    130
├─Sequential: 1-2                        [1, 2]                    (recursive)
│    └─Linear: 2-16                      [1, 64]                   (recursive)
│    └─ReLU: 2-17                        [1, 64]                   --
│    └─Linear: 2-18                      [1, 64]                   (recursive)
│    └─ReLU: 2-19                        [1, 64]                   --
│    └─Linear: 2-20                      [1, 64]                   (recursive)
│    └─ReLU: 2-21                        [1, 64]                   --
│    └─Linear: 2-22                      [1, 64]                   (recursive)
│    └─ReLU: 2-23                        [1, 64]                   --
│    └─Linear: 2-24                      [1, 64]                   (recursive)
│    └─ReLU: 2-25                        [1, 64]                   --
│    └─Linear: 2-26                      [1, 64]                   (recursive)
│    └─ReLU: 2-27                        [1, 64]                   --
│    └─Linear: 2-28                      [1, 64]                   (recursive)
│    └─ReLU: 2-29                        [1, 64]                   --
│    └─Linear: 2-30                      [1, 2]                    (recursive)
==========================================================================================
Total params: 25,288
Trainable params: 25,282
Non-trainable params: 6
Total mult-adds (Units.MEGABYTES): 0.05
==========================================================================================
Input size (MB): 0.00
Forward/backward pass size (MB): 0.01
Params size (MB): 0.10
Estimated Total Size (MB): 0.11
==========================================================================================
==> Saving initial model weights...
==> Start training...
==> Number of param_groups in optimizer: 1
Epoch: 001 | Train Loss: 30.9174545 | Grad norm: 1.029782 | Time: 2s505ms
Epoch: 001 | Test Loss: 31.2815891 | Time: 462ms
==> Save the model at epoch 001 with test loss 31.2815891
Epoch: 002 | Train Loss: 3.7224241 | Grad norm: 7.018533 | Time: 2s76ms
Epoch: 002 | Test Loss: 0.0251954 | Time: 602ms
==> Save the model at epoch 002 with test loss 0.0251954
Epoch: 003 | Train Loss: 0.0377079 | Grad norm: 3.294011 | Time: 2s204ms
Epoch: 003 | Test Loss: 0.0210532 | Time: 478ms
==> Save the model at epoch 003 with test loss 0.0210532
Epoch: 004 | Train Loss: 0.0774462 | Grad norm: 4.471542 | Time: 2s64ms
Epoch: 004 | Test Loss: 0.0488100 | Time: 551ms
Epoch: 005 | Train Loss: 0.0761750 | Grad norm: 4.869955 | Time: 2s126ms
Epoch: 005 | Test Loss: 0.0788916 | Time: 480ms
Epoch: 006 | Train Loss: 0.1402366 | Grad norm: 6.546265 | Time: 1s937ms
Epoch: 006 | Test Loss: 0.3056793 | Time: 558ms
Epoch: 007 | Train Loss: 0.1580023 | Grad norm: 7.551028 | Time: 1s995ms
Epoch: 007 | Test Loss: 0.0965499 | Time: 464ms
Epoch: 008 | Train Loss: 0.1764111 | Grad norm: 7.904112 | Time: 2s145ms
Epoch: 008 | Test Loss: 0.2062142 | Time: 456ms
Epoch: 009 | Train Loss: 0.1846625 | Grad norm: 8.307497 | Time: 1s974ms
Epoch: 009 | Test Loss: 0.0756656 | Time: 457ms
Epoch: 010 | Train Loss: 0.1215502 | Grad norm: 6.956754 | Time: 2s178ms
Epoch: 010 | Test Loss: 0.0813467 | Time: 555ms
Epoch: 011 | Train Loss: 0.0836123 | Grad norm: 5.844411 | Time: 2s52ms
Epoch: 011 | Test Loss: 0.0384371 | Time: 457ms
Epoch: 012 | Train Loss: 0.1260376 | Grad norm: 7.165041 | Time: 1s984ms
Epoch: 012 | Test Loss: 0.0261389 | Time: 451ms
Epoch: 013 | Train Loss: 0.1099110 | Grad norm: 6.608448 | Time: 2s1ms
Epoch: 013 | Test Loss: 0.2972522 | Time: 450ms
Epoch: 014 | Train Loss: 0.0986727 | Grad norm: 6.401109 | Time: 2s270ms
Epoch: 014 | Test Loss: 0.0734829 | Time: 459ms
Epoch: 015 | Train Loss: 0.0681530 | Grad norm: 5.320573 | Time: 2s69ms
Epoch: 015 | Test Loss: 0.0263472 | Time: 454ms
Epoch: 016 | Train Loss: 0.0582965 | Grad norm: 4.615352 | Time: 2s135ms
Epoch: 016 | Test Loss: 0.1441912 | Time: 470ms
Epoch: 017 | Train Loss: 0.0472643 | Grad norm: 4.240083 | Time: 1s993ms
Epoch: 017 | Test Loss: 0.0701908 | Time: 452ms
Epoch: 018 | Train Loss: 0.0429960 | Grad norm: 4.088014 | Time: 2s115ms
Epoch: 018 | Test Loss: 0.0349611 | Time: 571ms
Epoch: 019 | Train Loss: 0.0448188 | Grad norm: 4.088921 | Time: 2s79ms
Epoch: 019 | Test Loss: 0.0333046 | Time: 449ms
Epoch: 020 | Train Loss: 0.0314226 | Grad norm: 3.400214 | Time: 1s836ms
Epoch: 020 | Test Loss: 0.0323129 | Time: 467ms
Epoch: 021 | Train Loss: 0.0426224 | Grad norm: 3.869530 | Time: 2s182ms
Epoch: 021 | Test Loss: 0.0393705 | Time: 460ms
Epoch: 022 | Train Loss: 0.0362226 | Grad norm: 3.715786 | Time: 2s20ms
Epoch: 022 | Test Loss: 0.0679426 | Time: 513ms
Epoch: 023 | Train Loss: 0.0444953 | Grad norm: 4.034702 | Time: 2s131ms
Epoch: 023 | Test Loss: 0.0636458 | Time: 455ms
Epoch: 024 | Train Loss: 0.0256256 | Grad norm: 2.825890 | Time: 2s11ms
Epoch: 024 | Test Loss: 0.0182954 | Time: 455ms
==> Save the model at epoch 024 with test loss 0.0182954
Epoch: 025 | Train Loss: 0.0221942 | Grad norm: 2.404463 | Time: 1s815ms
Epoch: 025 | Test Loss: 0.0186852 | Time: 452ms
Epoch: 026 | Train Loss: 0.0192741 | Grad norm: 2.335055 | Time: 1s975ms
Epoch: 026 | Test Loss: 0.0348302 | Time: 548ms
Epoch: 027 | Train Loss: 0.0146220 | Grad norm: 1.819542 | Time: 2s74ms
Epoch: 027 | Test Loss: 0.0118792 | Time: 455ms
==> Save the model at epoch 027 with test loss 0.0118792
Epoch: 028 | Train Loss: 0.0148412 | Grad norm: 1.866293 | Time: 1s976ms
Epoch: 028 | Test Loss: 0.0113833 | Time: 478ms
==> Save the model at epoch 028 with test loss 0.0113833
Epoch: 029 | Train Loss: 0.0129370 | Grad norm: 1.648021 | Time: 1s983ms
Epoch: 029 | Test Loss: 0.0165080 | Time: 447ms
Epoch: 030 | Train Loss: 0.0114648 | Grad norm: 1.347926 | Time: 2s83ms
Epoch: 030 | Test Loss: 0.0110723 | Time: 475ms
==> Save the model at epoch 030 with test loss 0.0110723
Epoch: 031 | Train Loss: 0.0099296 | Grad norm: 1.046040 | Time: 2s17ms
Epoch: 031 | Test Loss: 0.0093355 | Time: 451ms
==> Save the model at epoch 031 with test loss 0.0093355
Epoch: 032 | Train Loss: 0.0087137 | Grad norm: 0.720605 | Time: 2s174ms
Epoch: 032 | Test Loss: 0.0096891 | Time: 466ms
Epoch: 033 | Train Loss: 0.0085739 | Grad norm: 0.711647 | Time: 2s61ms
Epoch: 033 | Test Loss: 0.0087056 | Time: 455ms
==> Save the model at epoch 033 with test loss 0.0087056
Epoch: 034 | Train Loss: 0.0084100 | Grad norm: 0.647766 | Time: 1s916ms
Epoch: 034 | Test Loss: 0.0086705 | Time: 532ms
==> Save the model at epoch 034 with test loss 0.0086705
Epoch: 035 | Train Loss: 0.0082301 | Grad norm: 0.566549 | Time: 2s112ms
Epoch: 035 | Test Loss: 0.0088707 | Time: 492ms
Epoch: 036 | Train Loss: 0.0080254 | Grad norm: 0.464119 | Time: 2s54ms
Epoch: 036 | Test Loss: 0.0090280 | Time: 460ms
Epoch: 037 | Train Loss: 0.0078717 | Grad norm: 0.370670 | Time: 1s990ms
Epoch: 037 | Test Loss: 0.0087585 | Time: 456ms
Epoch: 038 | Train Loss: 0.0078126 | Grad norm: 0.356389 | Time: 2s118ms
Epoch: 038 | Test Loss: 0.0084043 | Time: 534ms
==> Save the model at epoch 038 with test loss 0.0084043
Epoch: 039 | Train Loss: 0.0077184 | Grad norm: 0.280640 | Time: 2s103ms
Epoch: 039 | Test Loss: 0.0082904 | Time: 454ms
==> Save the model at epoch 039 with test loss 0.0082904
Epoch: 040 | Train Loss: 0.0076908 | Grad norm: 0.246442 | Time: 2s159ms
Epoch: 040 | Test Loss: 0.0082928 | Time: 457ms
Total time: 1m42s
==> Saving trained model weights...
==> Input bias to be applied to the neural network (trained):
[0. 0.]
==> Input transform to be applied to the neural network (trained):
[0.5090095 0.5090095]
==> Output transform to be applied to the neural network (trained):
[3.9366 3.9363]
==> Saving training info...
==> Drawing training loss...
==> Drawing grad norm...
==> Drawing testing loss...
==> Process finished.
