==> torch device:  cuda:3
==> Test-Train split: test_ratio = 0.20
==> Test-Train split seed:  None
==> Further split: further_train_ratio = 1.00
==> Further split seed:  None
==> Lipschitz constant: 16.00
==> Input bias to be applied to the neural network:
[0. 0.]
==> Input transform to be applied to the neural network:
[0.7649939 0.7649939]
==> Ouput transform to be applied to the neural network:
[2.6276 2.6276]
==> Evaluating model...
==========================================================================================
Layer (type:depth-idx)                   Output Shape              Param #
==========================================================================================
NeuralNetwork                            [1, 2]                    6
├─Sequential: 1-1                        [1, 2]                    --
│    └─SandwichFc: 2-1                   [1, 64]                   4,353
│    └─SandwichFc: 2-2                   [1, 64]                   8,321
│    └─SandwichFc: 2-3                   [1, 64]                   8,321
│    └─SandwichFc: 2-4                   [1, 64]                   8,321
│    └─SandwichFc: 2-5                   [1, 64]                   8,321
│    └─SandwichFc: 2-6                   [1, 64]                   8,321
│    └─SandwichFc: 2-7                   [1, 64]                   8,321
│    └─SandwichLin: 2-8                  [1, 2]                    135
├─Sequential: 1-2                        [1, 2]                    (recursive)
│    └─SandwichFc: 2-9                   [1, 64]                   (recursive)
│    └─SandwichFc: 2-10                  [1, 64]                   (recursive)
│    └─SandwichFc: 2-11                  [1, 64]                   (recursive)
│    └─SandwichFc: 2-12                  [1, 64]                   (recursive)
│    └─SandwichFc: 2-13                  [1, 64]                   (recursive)
│    └─SandwichFc: 2-14                  [1, 64]                   (recursive)
│    └─SandwichFc: 2-15                  [1, 64]                   (recursive)
│    └─SandwichLin: 2-16                 [1, 2]                    (recursive)
==========================================================================================
Total params: 54,420
Trainable params: 54,414
Non-trainable params: 6
Total mult-adds (Units.MEGABYTES): 0.11
==========================================================================================
Input size (MB): 0.00
Forward/backward pass size (MB): 0.01
Params size (MB): 0.22
Estimated Total Size (MB): 0.22
==========================================================================================
==> Saving initial model weights...
==> Start training...
==> Number of param_groups in optimizer: 1
Epoch: 001 | Train Loss: 14.1415900 | Grad norm: 53.395497 | Time: 19s465ms
Epoch: 001 | Test Loss: 14.0111883 | Time: 660ms
==> Save the model at epoch 001 with test loss 14.0111883
Epoch: 002 | Train Loss: 0.3548390 | Grad norm: 6.101336 | Time: 19s597ms
Epoch: 002 | Test Loss: 0.0032650 | Time: 655ms
==> Save the model at epoch 002 with test loss 0.0032650
Epoch: 003 | Train Loss: 0.0077292 | Grad norm: 3.917069 | Time: 19s241ms
Epoch: 003 | Test Loss: 0.0055748 | Time: 670ms
Epoch: 004 | Train Loss: 0.0117533 | Grad norm: 4.449289 | Time: 19s625ms
Epoch: 004 | Test Loss: 0.0093119 | Time: 653ms
Epoch: 005 | Train Loss: 0.0163457 | Grad norm: 4.899225 | Time: 19s85ms
Epoch: 005 | Test Loss: 0.0141085 | Time: 649ms
Epoch: 006 | Train Loss: 0.0198368 | Grad norm: 5.356407 | Time: 18s984ms
Epoch: 006 | Test Loss: 0.0103074 | Time: 654ms
Epoch: 007 | Train Loss: 0.0242167 | Grad norm: 5.751010 | Time: 18s893ms
Epoch: 007 | Test Loss: 0.0184814 | Time: 661ms
Epoch: 008 | Train Loss: 0.0236559 | Grad norm: 5.611780 | Time: 19s146ms
Epoch: 008 | Test Loss: 0.0235627 | Time: 663ms
Epoch: 009 | Train Loss: 0.0242138 | Grad norm: 5.640081 | Time: 19s295ms
Epoch: 009 | Test Loss: 0.0299991 | Time: 663ms
Epoch: 010 | Train Loss: 0.0210886 | Grad norm: 4.781807 | Time: 19s66ms
Epoch: 010 | Test Loss: 0.0188339 | Time: 649ms
Epoch: 011 | Train Loss: 0.0164847 | Grad norm: 4.455354 | Time: 19s405ms
Epoch: 011 | Test Loss: 0.0144725 | Time: 662ms
Epoch: 012 | Train Loss: 0.0138890 | Grad norm: 3.956871 | Time: 19s366ms
Epoch: 012 | Test Loss: 0.0071887 | Time: 789ms
Epoch: 013 | Train Loss: 0.0107972 | Grad norm: 3.604488 | Time: 19s622ms
Epoch: 013 | Test Loss: 0.0110343 | Time: 656ms
Epoch: 014 | Train Loss: 0.0104340 | Grad norm: 3.221538 | Time: 19s463ms
Epoch: 014 | Test Loss: 0.0073696 | Time: 650ms
Epoch: 015 | Train Loss: 0.0085968 | Grad norm: 2.970174 | Time: 19s457ms
Epoch: 015 | Test Loss: 0.0057091 | Time: 649ms
Epoch: 016 | Train Loss: 0.0081133 | Grad norm: 2.926204 | Time: 20s7ms
Epoch: 016 | Test Loss: 0.0075698 | Time: 646ms
Epoch: 017 | Train Loss: 0.0070376 | Grad norm: 2.707364 | Time: 18s816ms
Epoch: 017 | Test Loss: 0.0065381 | Time: 670ms
Epoch: 018 | Train Loss: 0.0057245 | Grad norm: 2.449852 | Time: 19s155ms
Epoch: 018 | Test Loss: 0.0055952 | Time: 653ms
Epoch: 019 | Train Loss: 0.0055477 | Grad norm: 2.365647 | Time: 19s249ms
Epoch: 019 | Test Loss: 0.0061129 | Time: 655ms
Epoch: 020 | Train Loss: 0.0044127 | Grad norm: 2.079103 | Time: 19s726ms
Epoch: 020 | Test Loss: 0.0036876 | Time: 650ms
Epoch: 021 | Train Loss: 0.0040371 | Grad norm: 1.979344 | Time: 19s159ms
Epoch: 021 | Test Loss: 0.0024292 | Time: 648ms
==> Save the model at epoch 021 with test loss 0.0024292
Epoch: 022 | Train Loss: 0.0033817 | Grad norm: 1.760623 | Time: 19s507ms
Epoch: 022 | Test Loss: 0.0028385 | Time: 673ms
Epoch: 023 | Train Loss: 0.0028846 | Grad norm: 1.651208 | Time: 19s332ms
Epoch: 023 | Test Loss: 0.0023292 | Time: 656ms
==> Save the model at epoch 023 with test loss 0.0023292
Epoch: 024 | Train Loss: 0.0017427 | Grad norm: 0.967190 | Time: 19s647ms
Epoch: 024 | Test Loss: 0.0024701 | Time: 788ms
Epoch: 025 | Train Loss: 0.0018752 | Grad norm: 1.165159 | Time: 19s445ms
Epoch: 025 | Test Loss: 0.0013561 | Time: 663ms
==> Save the model at epoch 025 with test loss 0.0013561
Epoch: 026 | Train Loss: 0.0014038 | Grad norm: 0.860449 | Time: 19s101ms
Epoch: 026 | Test Loss: 0.0018554 | Time: 652ms
Epoch: 027 | Train Loss: 0.0013068 | Grad norm: 0.828417 | Time: 18s934ms
Epoch: 027 | Test Loss: 0.0008439 | Time: 655ms
==> Save the model at epoch 027 with test loss 0.0008439
Epoch: 028 | Train Loss: 0.0008005 | Grad norm: 0.431102 | Time: 19s391ms
Epoch: 028 | Test Loss: 0.0007555 | Time: 728ms
==> Save the model at epoch 028 with test loss 0.0007555
Epoch: 029 | Train Loss: 0.0008080 | Grad norm: 0.436320 | Time: 19s253ms
Epoch: 029 | Test Loss: 0.0006070 | Time: 651ms
==> Save the model at epoch 029 with test loss 0.0006070
Epoch: 030 | Train Loss: 0.0008153 | Grad norm: 0.467019 | Time: 19s572ms
Epoch: 030 | Test Loss: 0.0007033 | Time: 647ms
Epoch: 031 | Train Loss: 0.0006899 | Grad norm: 0.336755 | Time: 18s981ms
Epoch: 031 | Test Loss: 0.0006035 | Time: 666ms
==> Save the model at epoch 031 with test loss 0.0006035
Epoch: 032 | Train Loss: 0.0007089 | Grad norm: 0.356117 | Time: 19s740ms
Epoch: 032 | Test Loss: 0.0006423 | Time: 723ms
Epoch: 033 | Train Loss: 0.0006356 | Grad norm: 0.262566 | Time: 19s351ms
Epoch: 033 | Test Loss: 0.0007089 | Time: 650ms
Epoch: 034 | Train Loss: 0.0006210 | Grad norm: 0.252254 | Time: 19s99ms
Epoch: 034 | Test Loss: 0.0006175 | Time: 678ms
Epoch: 035 | Train Loss: 0.0005978 | Grad norm: 0.201600 | Time: 19s592ms
Epoch: 035 | Test Loss: 0.0006416 | Time: 646ms
Epoch: 036 | Train Loss: 0.0005866 | Grad norm: 0.180480 | Time: 19s295ms
Epoch: 036 | Test Loss: 0.0005612 | Time: 733ms
==> Save the model at epoch 036 with test loss 0.0005612
Epoch: 037 | Train Loss: 0.0005710 | Grad norm: 0.145851 | Time: 18s569ms
Epoch: 037 | Test Loss: 0.0005591 | Time: 646ms
==> Save the model at epoch 037 with test loss 0.0005591
Epoch: 038 | Train Loss: 0.0005622 | Grad norm: 0.121465 | Time: 19s325ms
Epoch: 038 | Test Loss: 0.0005507 | Time: 654ms
==> Save the model at epoch 038 with test loss 0.0005507
Epoch: 039 | Train Loss: 0.0005543 | Grad norm: 0.095427 | Time: 19s969ms
Epoch: 039 | Test Loss: 0.0005488 | Time: 653ms
==> Save the model at epoch 039 with test loss 0.0005488
Epoch: 040 | Train Loss: 0.0005505 | Grad norm: 0.080131 | Time: 20s244ms
Epoch: 040 | Test Loss: 0.0005457 | Time: 726ms
==> Save the model at epoch 040 with test loss 0.0005457
Total time: 13m21s
==> Saving trained model weights...
==> Input bias to be applied to the neural network (trained):
[0. 0.]
==> Input transform to be applied to the neural network (trained):
[0.7649939 0.7649939]
==> Output transform to be applied to the neural network (trained):
[2.6276 2.6276]
==> Saving training info...
==> Drawing training loss...
==> Drawing grad norm...
==> Drawing testing loss...
==> Process finished.
