==> torch device:  cuda:0
==> Test-Train split: test_ratio = 0.20
==> Test-Train split seed:  None
==> Further split: further_train_ratio = 0.25
==> Further split seed:  None
==> Input bias to be applied to the neural network:
[0. 0.]
==> Input transform to be applied to the neural network:
[0.6513385 0.6513385]
==> Ouput transform to be applied to the neural network:
[3.0861 3.0861]
==> Evaluating model...
==========================================================================================
Layer (type:depth-idx)                   Output Shape              Param #
==========================================================================================
NeuralNetwork                            [1, 2]                    6
├─Sequential: 1-1                        [1, 2]                    --
│    └─Linear: 2-1                       [1, 64]                   192
│    └─ReLU: 2-2                         [1, 64]                   --
│    └─Linear: 2-3                       [1, 64]                   4,160
│    └─ReLU: 2-4                         [1, 64]                   --
│    └─Linear: 2-5                       [1, 64]                   4,160
│    └─ReLU: 2-6                         [1, 64]                   --
│    └─Linear: 2-7                       [1, 64]                   4,160
│    └─ReLU: 2-8                         [1, 64]                   --
│    └─Linear: 2-9                       [1, 64]                   4,160
│    └─ReLU: 2-10                        [1, 64]                   --
│    └─Linear: 2-11                      [1, 64]                   4,160
│    └─ReLU: 2-12                        [1, 64]                   --
│    └─Linear: 2-13                      [1, 64]                   4,160
│    └─ReLU: 2-14                        [1, 64]                   --
│    └─Linear: 2-15                      [1, 2]                    130
├─Sequential: 1-2                        [1, 2]                    (recursive)
│    └─Linear: 2-16                      [1, 64]                   (recursive)
│    └─ReLU: 2-17                        [1, 64]                   --
│    └─Linear: 2-18                      [1, 64]                   (recursive)
│    └─ReLU: 2-19                        [1, 64]                   --
│    └─Linear: 2-20                      [1, 64]                   (recursive)
│    └─ReLU: 2-21                        [1, 64]                   --
│    └─Linear: 2-22                      [1, 64]                   (recursive)
│    └─ReLU: 2-23                        [1, 64]                   --
│    └─Linear: 2-24                      [1, 64]                   (recursive)
│    └─ReLU: 2-25                        [1, 64]                   --
│    └─Linear: 2-26                      [1, 64]                   (recursive)
│    └─ReLU: 2-27                        [1, 64]                   --
│    └─Linear: 2-28                      [1, 64]                   (recursive)
│    └─ReLU: 2-29                        [1, 64]                   --
│    └─Linear: 2-30                      [1, 2]                    (recursive)
==========================================================================================
Total params: 25,288
Trainable params: 25,282
Non-trainable params: 6
Total mult-adds (Units.MEGABYTES): 0.05
==========================================================================================
Input size (MB): 0.00
Forward/backward pass size (MB): 0.01
Params size (MB): 0.10
Estimated Total Size (MB): 0.11
==========================================================================================
==> Saving initial model weights...
==> Start training...
==> Number of param_groups in optimizer: 1
Epoch: 001 | Train Loss: 18.9647810 | Grad norm: 0.495964 | Time: 934ms
Epoch: 001 | Test Loss: 18.9367618 | Time: 373ms
==> Save the model at epoch 001 with test loss 18.9367618
Epoch: 002 | Train Loss: 5.1173157 | Grad norm: 9.069105 | Time: 833ms
Epoch: 002 | Test Loss: 0.0183138 | Time: 384ms
==> Save the model at epoch 002 with test loss 0.0183138
Epoch: 003 | Train Loss: 0.0319362 | Grad norm: 3.325897 | Time: 830ms
Epoch: 003 | Test Loss: 0.0553520 | Time: 367ms
Epoch: 004 | Train Loss: 0.0622466 | Grad norm: 4.189245 | Time: 798ms
Epoch: 004 | Test Loss: 0.0822488 | Time: 434ms
Epoch: 005 | Train Loss: 0.0544600 | Grad norm: 4.113333 | Time: 760ms
Epoch: 005 | Test Loss: 0.1299600 | Time: 368ms
Epoch: 006 | Train Loss: 0.1044253 | Grad norm: 5.496841 | Time: 807ms
Epoch: 006 | Test Loss: 0.0807243 | Time: 368ms
Epoch: 007 | Train Loss: 0.0912583 | Grad norm: 5.061900 | Time: 776ms
Epoch: 007 | Test Loss: 0.1391352 | Time: 368ms
Epoch: 008 | Train Loss: 0.1439586 | Grad norm: 6.853477 | Time: 811ms
Epoch: 008 | Test Loss: 0.1390783 | Time: 368ms
Epoch: 009 | Train Loss: 0.1553550 | Grad norm: 6.953868 | Time: 874ms
Epoch: 009 | Test Loss: 0.1812462 | Time: 387ms
Epoch: 010 | Train Loss: 0.1358418 | Grad norm: 6.231173 | Time: 822ms
Epoch: 010 | Test Loss: 0.0711249 | Time: 367ms
Epoch: 011 | Train Loss: 0.1578817 | Grad norm: 7.174788 | Time: 811ms
Epoch: 011 | Test Loss: 0.0924838 | Time: 369ms
Epoch: 012 | Train Loss: 0.1174689 | Grad norm: 6.263444 | Time: 765ms
Epoch: 012 | Test Loss: 0.1470073 | Time: 369ms
Epoch: 013 | Train Loss: 0.1318292 | Grad norm: 6.468741 | Time: 814ms
Epoch: 013 | Test Loss: 0.0975353 | Time: 369ms
Epoch: 014 | Train Loss: 0.0689537 | Grad norm: 4.794514 | Time: 863ms
Epoch: 014 | Test Loss: 0.0153817 | Time: 369ms
==> Save the model at epoch 014 with test loss 0.0153817
Epoch: 015 | Train Loss: 0.1057019 | Grad norm: 6.183558 | Time: 783ms
Epoch: 015 | Test Loss: 0.1191344 | Time: 375ms
Epoch: 016 | Train Loss: 0.0869510 | Grad norm: 5.407524 | Time: 896ms
Epoch: 016 | Test Loss: 0.1017487 | Time: 504ms
Epoch: 017 | Train Loss: 0.0474589 | Grad norm: 4.103259 | Time: 883ms
Epoch: 017 | Test Loss: 0.0596853 | Time: 375ms
Epoch: 018 | Train Loss: 0.0314432 | Grad norm: 3.111701 | Time: 921ms
Epoch: 018 | Test Loss: 0.0463046 | Time: 438ms
Epoch: 019 | Train Loss: 0.0280880 | Grad norm: 2.919025 | Time: 812ms
Epoch: 019 | Test Loss: 0.0288558 | Time: 366ms
Epoch: 020 | Train Loss: 0.0230848 | Grad norm: 2.752368 | Time: 836ms
Epoch: 020 | Test Loss: 0.0122977 | Time: 366ms
==> Save the model at epoch 020 with test loss 0.0122977
Epoch: 021 | Train Loss: 0.0341331 | Grad norm: 3.217591 | Time: 816ms
Epoch: 021 | Test Loss: 0.0342950 | Time: 430ms
Epoch: 022 | Train Loss: 0.0364324 | Grad norm: 3.268887 | Time: 899ms
Epoch: 022 | Test Loss: 0.0137936 | Time: 367ms
Epoch: 023 | Train Loss: 0.0217908 | Grad norm: 2.877630 | Time: 840ms
Epoch: 023 | Test Loss: 0.0104231 | Time: 506ms
==> Save the model at epoch 023 with test loss 0.0104231
Epoch: 024 | Train Loss: 0.0140310 | Grad norm: 2.055013 | Time: 906ms
Epoch: 024 | Test Loss: 0.0074502 | Time: 371ms
==> Save the model at epoch 024 with test loss 0.0074502
Epoch: 025 | Train Loss: 0.0129243 | Grad norm: 1.934494 | Time: 865ms
Epoch: 025 | Test Loss: 0.0314512 | Time: 366ms
Epoch: 026 | Train Loss: 0.0096126 | Grad norm: 1.865598 | Time: 926ms
Epoch: 026 | Test Loss: 0.0032052 | Time: 367ms
==> Save the model at epoch 026 with test loss 0.0032052
Epoch: 027 | Train Loss: 0.0038124 | Grad norm: 0.953453 | Time: 835ms
Epoch: 027 | Test Loss: 0.0026854 | Time: 368ms
==> Save the model at epoch 027 with test loss 0.0026854
Epoch: 028 | Train Loss: 0.0023298 | Grad norm: 0.686486 | Time: 948ms
Epoch: 028 | Test Loss: 0.0011344 | Time: 368ms
==> Save the model at epoch 028 with test loss 0.0011344
Epoch: 029 | Train Loss: 0.0012258 | Grad norm: 0.399500 | Time: 770ms
Epoch: 029 | Test Loss: 0.0014865 | Time: 378ms
Epoch: 030 | Train Loss: 0.0013395 | Grad norm: 0.475147 | Time: 788ms
Epoch: 030 | Test Loss: 0.0022190 | Time: 368ms
Epoch: 031 | Train Loss: 0.0010379 | Grad norm: 0.350260 | Time: 820ms
Epoch: 031 | Test Loss: 0.0010238 | Time: 368ms
==> Save the model at epoch 031 with test loss 0.0010238
Epoch: 032 | Train Loss: 0.0007623 | Grad norm: 0.209356 | Time: 843ms
Epoch: 032 | Test Loss: 0.0008349 | Time: 367ms
==> Save the model at epoch 032 with test loss 0.0008349
Epoch: 033 | Train Loss: 0.0006919 | Grad norm: 0.161956 | Time: 871ms
Epoch: 033 | Test Loss: 0.0009350 | Time: 370ms
Epoch: 034 | Train Loss: 0.0006897 | Grad norm: 0.151963 | Time: 887ms
Epoch: 034 | Test Loss: 0.0007628 | Time: 367ms
==> Save the model at epoch 034 with test loss 0.0007628
Epoch: 035 | Train Loss: 0.0006532 | Grad norm: 0.128772 | Time: 865ms
Epoch: 035 | Test Loss: 0.0006400 | Time: 369ms
==> Save the model at epoch 035 with test loss 0.0006400
Epoch: 036 | Train Loss: 0.0006300 | Grad norm: 0.094422 | Time: 808ms
Epoch: 036 | Test Loss: 0.0006471 | Time: 366ms
Epoch: 037 | Train Loss: 0.0006174 | Grad norm: 0.078111 | Time: 804ms
Epoch: 037 | Test Loss: 0.0006216 | Time: 375ms
==> Save the model at epoch 037 with test loss 0.0006216
Epoch: 038 | Train Loss: 0.0006097 | Grad norm: 0.065588 | Time: 978ms
Epoch: 038 | Test Loss: 0.0006129 | Time: 370ms
==> Save the model at epoch 038 with test loss 0.0006129
Epoch: 039 | Train Loss: 0.0006029 | Grad norm: 0.053751 | Time: 849ms
Epoch: 039 | Test Loss: 0.0006115 | Time: 366ms
==> Save the model at epoch 039 with test loss 0.0006115
Epoch: 040 | Train Loss: 0.0006028 | Grad norm: 0.045826 | Time: 799ms
Epoch: 040 | Test Loss: 0.0006082 | Time: 366ms
==> Save the model at epoch 040 with test loss 0.0006082
Total time: 49s83ms
==> Saving trained model weights...
==> Input bias to be applied to the neural network (trained):
[0. 0.]
==> Input transform to be applied to the neural network (trained):
[0.6513385 0.6513385]
==> Output transform to be applied to the neural network (trained):
[3.0861 3.0861]
==> Saving training info...
==> Drawing training loss...
==> Drawing grad norm...
==> Drawing testing loss...
==> Process finished.
