==> torch device:  cuda:1
==> Test-Train split: test_ratio = 0.20
==> Test-Train split seed:  None
==> Further split: further_train_ratio = 0.25
==> Further split seed:  None
==> Input bias to be applied to the neural network:
[0. 0.]
==> Input transform to be applied to the neural network:
[0.496845   0.52004784]
==> Ouput transform to be applied to the neural network:
[1.9242 2.0182]
==> Evaluating model...
==========================================================================================
Layer (type:depth-idx)                   Output Shape              Param #
==========================================================================================
NeuralNetwork                            [1, 2]                    6
├─Sequential: 1-1                        [1, 2]                    --
│    └─Linear: 2-1                       [1, 64]                   192
│    └─ReLU: 2-2                         [1, 64]                   --
│    └─Linear: 2-3                       [1, 64]                   4,160
│    └─ReLU: 2-4                         [1, 64]                   --
│    └─Linear: 2-5                       [1, 64]                   4,160
│    └─ReLU: 2-6                         [1, 64]                   --
│    └─Linear: 2-7                       [1, 64]                   4,160
│    └─ReLU: 2-8                         [1, 64]                   --
│    └─Linear: 2-9                       [1, 64]                   4,160
│    └─ReLU: 2-10                        [1, 64]                   --
│    └─Linear: 2-11                      [1, 64]                   4,160
│    └─ReLU: 2-12                        [1, 64]                   --
│    └─Linear: 2-13                      [1, 64]                   4,160
│    └─ReLU: 2-14                        [1, 64]                   --
│    └─Linear: 2-15                      [1, 2]                    130
├─Sequential: 1-2                        [1, 2]                    (recursive)
│    └─Linear: 2-16                      [1, 64]                   (recursive)
│    └─ReLU: 2-17                        [1, 64]                   --
│    └─Linear: 2-18                      [1, 64]                   (recursive)
│    └─ReLU: 2-19                        [1, 64]                   --
│    └─Linear: 2-20                      [1, 64]                   (recursive)
│    └─ReLU: 2-21                        [1, 64]                   --
│    └─Linear: 2-22                      [1, 64]                   (recursive)
│    └─ReLU: 2-23                        [1, 64]                   --
│    └─Linear: 2-24                      [1, 64]                   (recursive)
│    └─ReLU: 2-25                        [1, 64]                   --
│    └─Linear: 2-26                      [1, 64]                   (recursive)
│    └─ReLU: 2-27                        [1, 64]                   --
│    └─Linear: 2-28                      [1, 64]                   (recursive)
│    └─ReLU: 2-29                        [1, 64]                   --
│    └─Linear: 2-30                      [1, 2]                    (recursive)
==========================================================================================
Total params: 25,288
Trainable params: 25,282
Non-trainable params: 6
Total mult-adds (Units.MEGABYTES): 0.05
==========================================================================================
Input size (MB): 0.00
Forward/backward pass size (MB): 0.01
Params size (MB): 0.10
Estimated Total Size (MB): 0.11
==========================================================================================
==> Saving initial model weights...
==> Start training...
==> Number of param_groups in optimizer: 1
Epoch: 001 | Train Loss: 7.7016466 | Grad norm: 0.222798 | Time: 1s253ms
Epoch: 001 | Test Loss: 7.7301995 | Time: 461ms
==> Save the model at epoch 001 with test loss 7.7301995
Epoch: 002 | Train Loss: 7.3308224 | Grad norm: 1.260452 | Time: 1s9ms
Epoch: 002 | Test Loss: 6.1674761 | Time: 443ms
==> Save the model at epoch 002 with test loss 6.1674761
Epoch: 003 | Train Loss: 1.3702814 | Grad norm: 3.432124 | Time: 999ms
Epoch: 003 | Test Loss: 0.1688053 | Time: 529ms
==> Save the model at epoch 003 with test loss 0.1688053
Epoch: 004 | Train Loss: 0.1120758 | Grad norm: 1.639378 | Time: 1s3ms
Epoch: 004 | Test Loss: 0.0697583 | Time: 442ms
==> Save the model at epoch 004 with test loss 0.0697583
Epoch: 005 | Train Loss: 0.0563014 | Grad norm: 1.785706 | Time: 1s42ms
Epoch: 005 | Test Loss: 0.0388617 | Time: 470ms
==> Save the model at epoch 005 with test loss 0.0388617
Epoch: 006 | Train Loss: 0.0331985 | Grad norm: 1.651732 | Time: 1s14ms
Epoch: 006 | Test Loss: 0.0244479 | Time: 462ms
==> Save the model at epoch 006 with test loss 0.0244479
Epoch: 007 | Train Loss: 0.0249335 | Grad norm: 1.987239 | Time: 935ms
Epoch: 007 | Test Loss: 0.0304418 | Time: 513ms
Epoch: 008 | Train Loss: 0.0248464 | Grad norm: 2.448310 | Time: 1s22ms
Epoch: 008 | Test Loss: 0.0179843 | Time: 441ms
==> Save the model at epoch 008 with test loss 0.0179843
Epoch: 009 | Train Loss: 0.0206646 | Grad norm: 1.993873 | Time: 1s18ms
Epoch: 009 | Test Loss: 0.0188350 | Time: 445ms
Epoch: 010 | Train Loss: 0.0222506 | Grad norm: 2.511259 | Time: 1s41ms
Epoch: 010 | Test Loss: 0.0155869 | Time: 444ms
==> Save the model at epoch 010 with test loss 0.0155869
Epoch: 011 | Train Loss: 0.0181146 | Grad norm: 1.753321 | Time: 940ms
Epoch: 011 | Test Loss: 0.0203528 | Time: 514ms
Epoch: 012 | Train Loss: 0.0145820 | Grad norm: 1.339806 | Time: 999ms
Epoch: 012 | Test Loss: 0.0114784 | Time: 462ms
==> Save the model at epoch 012 with test loss 0.0114784
Epoch: 013 | Train Loss: 0.0155550 | Grad norm: 1.613182 | Time: 1s19ms
Epoch: 013 | Test Loss: 0.0181708 | Time: 446ms
Epoch: 014 | Train Loss: 0.0135022 | Grad norm: 1.259704 | Time: 1s116ms
Epoch: 014 | Test Loss: 0.0170201 | Time: 443ms
Epoch: 015 | Train Loss: 0.0127519 | Grad norm: 1.240418 | Time: 1s18ms
Epoch: 015 | Test Loss: 0.0090543 | Time: 510ms
==> Save the model at epoch 015 with test loss 0.0090543
Epoch: 016 | Train Loss: 0.0121717 | Grad norm: 1.183557 | Time: 972ms
Epoch: 016 | Test Loss: 0.0114445 | Time: 445ms
Epoch: 017 | Train Loss: 0.0118514 | Grad norm: 1.034349 | Time: 1s31ms
Epoch: 017 | Test Loss: 0.0127062 | Time: 443ms
Epoch: 018 | Train Loss: 0.0105807 | Grad norm: 0.843599 | Time: 966ms
Epoch: 018 | Test Loss: 0.0090666 | Time: 462ms
Epoch: 019 | Train Loss: 0.0106741 | Grad norm: 0.931075 | Time: 1s12ms
Epoch: 019 | Test Loss: 0.0098054 | Time: 512ms
Epoch: 020 | Train Loss: 0.0096393 | Grad norm: 0.747273 | Time: 1s34ms
Epoch: 020 | Test Loss: 0.0089396 | Time: 449ms
==> Save the model at epoch 020 with test loss 0.0089396
Epoch: 021 | Train Loss: 0.0098969 | Grad norm: 0.842314 | Time: 1s8ms
Epoch: 021 | Test Loss: 0.0088148 | Time: 440ms
==> Save the model at epoch 021 with test loss 0.0088148
Epoch: 022 | Train Loss: 0.0090566 | Grad norm: 0.699250 | Time: 989ms
Epoch: 022 | Test Loss: 0.0099392 | Time: 445ms
Epoch: 023 | Train Loss: 0.0092395 | Grad norm: 0.698418 | Time: 1s57ms
Epoch: 023 | Test Loss: 0.0084370 | Time: 510ms
==> Save the model at epoch 023 with test loss 0.0084370
Epoch: 024 | Train Loss: 0.0093328 | Grad norm: 0.706614 | Time: 996ms
Epoch: 024 | Test Loss: 0.0087554 | Time: 442ms
Epoch: 025 | Train Loss: 0.0082309 | Grad norm: 0.551340 | Time: 1s64ms
Epoch: 025 | Test Loss: 0.0081016 | Time: 444ms
==> Save the model at epoch 025 with test loss 0.0081016
Epoch: 026 | Train Loss: 0.0079829 | Grad norm: 0.483006 | Time: 1s66ms
Epoch: 026 | Test Loss: 0.0079265 | Time: 443ms
==> Save the model at epoch 026 with test loss 0.0079265
Epoch: 027 | Train Loss: 0.0079011 | Grad norm: 0.432683 | Time: 1s29ms
Epoch: 027 | Test Loss: 0.0079019 | Time: 511ms
==> Save the model at epoch 027 with test loss 0.0079019
Epoch: 028 | Train Loss: 0.0076714 | Grad norm: 0.418821 | Time: 1s85ms
Epoch: 028 | Test Loss: 0.0076595 | Time: 443ms
==> Save the model at epoch 028 with test loss 0.0076595
Epoch: 029 | Train Loss: 0.0074718 | Grad norm: 0.344428 | Time: 981ms
Epoch: 029 | Test Loss: 0.0081206 | Time: 461ms
Epoch: 030 | Train Loss: 0.0076414 | Grad norm: 0.406849 | Time: 1s47ms
Epoch: 030 | Test Loss: 0.0077862 | Time: 460ms
Epoch: 031 | Train Loss: 0.0075239 | Grad norm: 0.390687 | Time: 971ms
Epoch: 031 | Test Loss: 0.0077377 | Time: 515ms
Epoch: 032 | Train Loss: 0.0074621 | Grad norm: 0.384042 | Time: 1s47ms
Epoch: 032 | Test Loss: 0.0076610 | Time: 444ms
Epoch: 033 | Train Loss: 0.0073279 | Grad norm: 0.326568 | Time: 1s44ms
Epoch: 033 | Test Loss: 0.0074760 | Time: 471ms
==> Save the model at epoch 033 with test loss 0.0074760
Epoch: 034 | Train Loss: 0.0071721 | Grad norm: 0.278551 | Time: 970ms
Epoch: 034 | Test Loss: 0.0075323 | Time: 460ms
Epoch: 035 | Train Loss: 0.0071940 | Grad norm: 0.301538 | Time: 971ms
Epoch: 035 | Test Loss: 0.0073198 | Time: 530ms
==> Save the model at epoch 035 with test loss 0.0073198
Epoch: 036 | Train Loss: 0.0071017 | Grad norm: 0.254092 | Time: 1s20ms
Epoch: 036 | Test Loss: 0.0073546 | Time: 443ms
Epoch: 037 | Train Loss: 0.0070413 | Grad norm: 0.233240 | Time: 994ms
Epoch: 037 | Test Loss: 0.0073283 | Time: 468ms
Epoch: 038 | Train Loss: 0.0069839 | Grad norm: 0.198556 | Time: 958ms
Epoch: 038 | Test Loss: 0.0072559 | Time: 445ms
==> Save the model at epoch 038 with test loss 0.0072559
Epoch: 039 | Train Loss: 0.0069655 | Grad norm: 0.197620 | Time: 998ms
Epoch: 039 | Test Loss: 0.0072412 | Time: 519ms
==> Save the model at epoch 039 with test loss 0.0072412
Epoch: 040 | Train Loss: 0.0069466 | Grad norm: 0.193074 | Time: 1s123ms
Epoch: 040 | Test Loss: 0.0072358 | Time: 457ms
==> Save the model at epoch 040 with test loss 0.0072358
Total time: 59s628ms
==> Saving trained model weights...
==> Input bias to be applied to the neural network (trained):
[0. 0.]
==> Input transform to be applied to the neural network (trained):
[0.496845   0.52004784]
==> Output transform to be applied to the neural network (trained):
[1.9242 2.0182]
==> Saving training info...
==> Drawing training loss...
==> Drawing grad norm...
==> Drawing testing loss...
==> Process finished.
