==> torch device:  cuda:2
==> Test-Train split: test_ratio = 0.20
==> Test-Train split seed:  None
==> Further split: further_train_ratio = 1.00
==> Further split seed:  None
==> Input bias to be applied to the neural network:
[0. 0.]
==> Input transform to be applied to the neural network:
[0.48014596 0.48395684]
==> Ouput transform to be applied to the neural network:
[2.0663 2.0805]
==> Evaluating model...
==========================================================================================
Layer (type:depth-idx)                   Output Shape              Param #
==========================================================================================
NeuralNetwork                            [1, 2]                    6
├─Sequential: 1-1                        [1, 2]                    --
│    └─Linear: 2-1                       [1, 64]                   192
│    └─ReLU: 2-2                         [1, 64]                   --
│    └─Linear: 2-3                       [1, 64]                   4,160
│    └─ReLU: 2-4                         [1, 64]                   --
│    └─Linear: 2-5                       [1, 64]                   4,160
│    └─ReLU: 2-6                         [1, 64]                   --
│    └─Linear: 2-7                       [1, 64]                   4,160
│    └─ReLU: 2-8                         [1, 64]                   --
│    └─Linear: 2-9                       [1, 64]                   4,160
│    └─ReLU: 2-10                        [1, 64]                   --
│    └─Linear: 2-11                      [1, 64]                   4,160
│    └─ReLU: 2-12                        [1, 64]                   --
│    └─Linear: 2-13                      [1, 64]                   4,160
│    └─ReLU: 2-14                        [1, 64]                   --
│    └─Linear: 2-15                      [1, 2]                    130
├─Sequential: 1-2                        [1, 2]                    (recursive)
│    └─Linear: 2-16                      [1, 64]                   (recursive)
│    └─ReLU: 2-17                        [1, 64]                   --
│    └─Linear: 2-18                      [1, 64]                   (recursive)
│    └─ReLU: 2-19                        [1, 64]                   --
│    └─Linear: 2-20                      [1, 64]                   (recursive)
│    └─ReLU: 2-21                        [1, 64]                   --
│    └─Linear: 2-22                      [1, 64]                   (recursive)
│    └─ReLU: 2-23                        [1, 64]                   --
│    └─Linear: 2-24                      [1, 64]                   (recursive)
│    └─ReLU: 2-25                        [1, 64]                   --
│    └─Linear: 2-26                      [1, 64]                   (recursive)
│    └─ReLU: 2-27                        [1, 64]                   --
│    └─Linear: 2-28                      [1, 64]                   (recursive)
│    └─ReLU: 2-29                        [1, 64]                   --
│    └─Linear: 2-30                      [1, 2]                    (recursive)
==========================================================================================
Total params: 25,288
Trainable params: 25,282
Non-trainable params: 6
Total mult-adds (Units.MEGABYTES): 0.05
==========================================================================================
Input size (MB): 0.00
Forward/backward pass size (MB): 0.01
Params size (MB): 0.10
Estimated Total Size (MB): 0.11
==========================================================================================
==> Saving initial model weights...
==> Start training...
==> Number of param_groups in optimizer: 1
Epoch: 001 | Train Loss: 8.5968020 | Grad norm: 0.282135 | Time: 6s875ms
Epoch: 001 | Test Loss: 8.6106902 | Time: 735ms
==> Save the model at epoch 001 with test loss 8.6106902
Epoch: 002 | Train Loss: 5.3920980 | Grad norm: 1.876447 | Time: 6s950ms
Epoch: 002 | Test Loss: 0.0570684 | Time: 736ms
==> Save the model at epoch 002 with test loss 0.0570684
Epoch: 003 | Train Loss: 0.0342809 | Grad norm: 0.591147 | Time: 7s20ms
Epoch: 003 | Test Loss: 0.0264556 | Time: 731ms
==> Save the model at epoch 003 with test loss 0.0264556
Epoch: 004 | Train Loss: 0.0293688 | Grad norm: 0.555905 | Time: 6s812ms
Epoch: 004 | Test Loss: 0.0332095 | Time: 730ms
Epoch: 005 | Train Loss: 0.0305088 | Grad norm: 0.589988 | Time: 6s747ms
Epoch: 005 | Test Loss: 0.0314727 | Time: 744ms
Epoch: 006 | Train Loss: 0.0327814 | Grad norm: 0.618359 | Time: 6s804ms
Epoch: 006 | Test Loss: 0.0368532 | Time: 734ms
Epoch: 007 | Train Loss: 0.0366429 | Grad norm: 0.676333 | Time: 6s808ms
Epoch: 007 | Test Loss: 0.0380546 | Time: 777ms
Epoch: 008 | Train Loss: 0.0388586 | Grad norm: 0.693413 | Time: 6s860ms
Epoch: 008 | Test Loss: 0.0349690 | Time: 732ms
Epoch: 009 | Train Loss: 0.0406741 | Grad norm: 0.741514 | Time: 6s812ms
Epoch: 009 | Test Loss: 0.0429568 | Time: 747ms
Epoch: 010 | Train Loss: 0.0413948 | Grad norm: 0.741380 | Time: 7s131ms
Epoch: 010 | Test Loss: 0.0396711 | Time: 760ms
Epoch: 011 | Train Loss: 0.0411336 | Grad norm: 0.721797 | Time: 6s998ms
Epoch: 011 | Test Loss: 0.0404656 | Time: 737ms
Epoch: 012 | Train Loss: 0.0411919 | Grad norm: 0.715204 | Time: 6s813ms
Epoch: 012 | Test Loss: 0.0370127 | Time: 734ms
Epoch: 013 | Train Loss: 0.0413015 | Grad norm: 0.714116 | Time: 6s961ms
Epoch: 013 | Test Loss: 0.0384093 | Time: 736ms
Epoch: 014 | Train Loss: 0.0413407 | Grad norm: 0.725799 | Time: 6s791ms
Epoch: 014 | Test Loss: 0.0406632 | Time: 737ms
Epoch: 015 | Train Loss: 0.0410107 | Grad norm: 0.698852 | Time: 6s645ms
Epoch: 015 | Test Loss: 0.0401397 | Time: 755ms
Epoch: 016 | Train Loss: 0.0404746 | Grad norm: 0.667671 | Time: 6s866ms
Epoch: 016 | Test Loss: 0.0380726 | Time: 807ms
Epoch: 017 | Train Loss: 0.0408706 | Grad norm: 0.691101 | Time: 6s993ms
Epoch: 017 | Test Loss: 0.0399884 | Time: 810ms
Epoch: 018 | Train Loss: 0.0404033 | Grad norm: 0.663031 | Time: 6s577ms
Epoch: 018 | Test Loss: 0.0372701 | Time: 818ms
Epoch: 019 | Train Loss: 0.0402238 | Grad norm: 0.643638 | Time: 6s644ms
Epoch: 019 | Test Loss: 0.0367649 | Time: 824ms
Epoch: 020 | Train Loss: 0.0401724 | Grad norm: 0.641945 | Time: 6s832ms
Epoch: 020 | Test Loss: 0.0372062 | Time: 731ms
Epoch: 021 | Train Loss: 0.0404918 | Grad norm: 0.665063 | Time: 6s654ms
Epoch: 021 | Test Loss: 0.0385370 | Time: 785ms
Epoch: 022 | Train Loss: 0.0398753 | Grad norm: 0.624924 | Time: 6s768ms
Epoch: 022 | Test Loss: 0.0385949 | Time: 751ms
Epoch: 023 | Train Loss: 0.0397812 | Grad norm: 0.617854 | Time: 6s983ms
Epoch: 023 | Test Loss: 0.0400168 | Time: 750ms
Epoch: 024 | Train Loss: 0.0398011 | Grad norm: 0.616520 | Time: 6s825ms
Epoch: 024 | Test Loss: 0.0412844 | Time: 771ms
Epoch: 025 | Train Loss: 0.0397380 | Grad norm: 0.611348 | Time: 6s832ms
Epoch: 025 | Test Loss: 0.0416961 | Time: 734ms
Epoch: 026 | Train Loss: 0.0394941 | Grad norm: 0.596268 | Time: 6s729ms
Epoch: 026 | Test Loss: 0.0376930 | Time: 737ms
Epoch: 027 | Train Loss: 0.0393365 | Grad norm: 0.582456 | Time: 6s632ms
Epoch: 027 | Test Loss: 0.0371441 | Time: 738ms
Epoch: 028 | Train Loss: 0.0393496 | Grad norm: 0.582344 | Time: 6s433ms
Epoch: 028 | Test Loss: 0.0376921 | Time: 742ms
Epoch: 029 | Train Loss: 0.0391852 | Grad norm: 0.581478 | Time: 7s91ms
Epoch: 029 | Test Loss: 0.0416562 | Time: 741ms
Epoch: 030 | Train Loss: 0.0390856 | Grad norm: 0.556939 | Time: 6s818ms
Epoch: 030 | Test Loss: 0.0362233 | Time: 761ms
Epoch: 031 | Train Loss: 0.0389196 | Grad norm: 0.541831 | Time: 6s786ms
Epoch: 031 | Test Loss: 0.0359780 | Time: 737ms
Epoch: 032 | Train Loss: 0.0387723 | Grad norm: 0.541540 | Time: 6s594ms
Epoch: 032 | Test Loss: 0.0374295 | Time: 734ms
Epoch: 033 | Train Loss: 0.0386631 | Grad norm: 0.526303 | Time: 6s543ms
Epoch: 033 | Test Loss: 0.0380812 | Time: 753ms
Epoch: 034 | Train Loss: 0.0387781 | Grad norm: 0.523830 | Time: 6s767ms
Epoch: 034 | Test Loss: 0.0366057 | Time: 826ms
Epoch: 035 | Train Loss: 0.0385356 | Grad norm: 0.520553 | Time: 6s582ms
Epoch: 035 | Test Loss: 0.0379285 | Time: 738ms
Epoch: 036 | Train Loss: 0.0385754 | Grad norm: 0.510409 | Time: 6s988ms
Epoch: 036 | Test Loss: 0.0370205 | Time: 737ms
Epoch: 037 | Train Loss: 0.0384709 | Grad norm: 0.505505 | Time: 6s590ms
Epoch: 037 | Test Loss: 0.0367440 | Time: 821ms
Epoch: 038 | Train Loss: 0.0383173 | Grad norm: 0.498259 | Time: 6s755ms
Epoch: 038 | Test Loss: 0.0377053 | Time: 820ms
Epoch: 039 | Train Loss: 0.0383440 | Grad norm: 0.489653 | Time: 7s2ms
Epoch: 039 | Test Loss: 0.0378298 | Time: 810ms
Epoch: 040 | Train Loss: 0.0382985 | Grad norm: 0.493792 | Time: 6s463ms
Epoch: 040 | Test Loss: 0.0375052 | Time: 801ms
Total time: 5m2s
==> Saving trained model weights...
==> Input bias to be applied to the neural network (trained):
[0. 0.]
==> Input transform to be applied to the neural network (trained):
[0.48014596 0.48395684]
==> Output transform to be applied to the neural network (trained):
[2.0663 2.0805]
==> Saving training info...
==> Drawing training loss...
==> Drawing grad norm...
==> Drawing testing loss...
==> Process finished.
