==> torch device:  cuda:2
==> Test-Train split: test_ratio = 0.20
==> Test-Train split seed:  None
==> Further split: further_train_ratio = 0.50
==> Further split seed:  None
==> Input bias to be applied to the neural network:
[0. 0.]
==> Input transform to be applied to the neural network:
[0.48014596 0.48395684]
==> Ouput transform to be applied to the neural network:
[2.0663 2.0805]
==> Evaluating model...
==========================================================================================
Layer (type:depth-idx)                   Output Shape              Param #
==========================================================================================
NeuralNetwork                            [1, 2]                    6
├─Sequential: 1-1                        [1, 2]                    --
│    └─Linear: 2-1                       [1, 64]                   192
│    └─ReLU: 2-2                         [1, 64]                   --
│    └─Linear: 2-3                       [1, 64]                   4,160
│    └─ReLU: 2-4                         [1, 64]                   --
│    └─Linear: 2-5                       [1, 64]                   4,160
│    └─ReLU: 2-6                         [1, 64]                   --
│    └─Linear: 2-7                       [1, 64]                   4,160
│    └─ReLU: 2-8                         [1, 64]                   --
│    └─Linear: 2-9                       [1, 64]                   4,160
│    └─ReLU: 2-10                        [1, 64]                   --
│    └─Linear: 2-11                      [1, 64]                   4,160
│    └─ReLU: 2-12                        [1, 64]                   --
│    └─Linear: 2-13                      [1, 64]                   4,160
│    └─ReLU: 2-14                        [1, 64]                   --
│    └─Linear: 2-15                      [1, 2]                    130
├─Sequential: 1-2                        [1, 2]                    (recursive)
│    └─Linear: 2-16                      [1, 64]                   (recursive)
│    └─ReLU: 2-17                        [1, 64]                   --
│    └─Linear: 2-18                      [1, 64]                   (recursive)
│    └─ReLU: 2-19                        [1, 64]                   --
│    └─Linear: 2-20                      [1, 64]                   (recursive)
│    └─ReLU: 2-21                        [1, 64]                   --
│    └─Linear: 2-22                      [1, 64]                   (recursive)
│    └─ReLU: 2-23                        [1, 64]                   --
│    └─Linear: 2-24                      [1, 64]                   (recursive)
│    └─ReLU: 2-25                        [1, 64]                   --
│    └─Linear: 2-26                      [1, 64]                   (recursive)
│    └─ReLU: 2-27                        [1, 64]                   --
│    └─Linear: 2-28                      [1, 64]                   (recursive)
│    └─ReLU: 2-29                        [1, 64]                   --
│    └─Linear: 2-30                      [1, 2]                    (recursive)
==========================================================================================
Total params: 25,288
Trainable params: 25,282
Non-trainable params: 6
Total mult-adds (Units.MEGABYTES): 0.05
==========================================================================================
Input size (MB): 0.00
Forward/backward pass size (MB): 0.01
Params size (MB): 0.10
Estimated Total Size (MB): 0.11
==========================================================================================
==> Saving initial model weights...
==> Start training...
==> Number of param_groups in optimizer: 1
Epoch: 001 | Train Loss: 8.6021122 | Grad norm: 0.349925 | Time: 3s686ms
Epoch: 001 | Test Loss: 8.6200098 | Time: 781ms
==> Save the model at epoch 001 with test loss 8.6200098
Epoch: 002 | Train Loss: 3.0091220 | Grad norm: 1.977939 | Time: 3s439ms
Epoch: 002 | Test Loss: 0.0113629 | Time: 861ms
==> Save the model at epoch 002 with test loss 0.0113629
Epoch: 003 | Train Loss: 0.0065187 | Grad norm: 0.249122 | Time: 3s401ms
Epoch: 003 | Test Loss: 0.0053203 | Time: 841ms
==> Save the model at epoch 003 with test loss 0.0053203
Epoch: 004 | Train Loss: 0.0046968 | Grad norm: 0.252419 | Time: 3s468ms
Epoch: 004 | Test Loss: 0.0048970 | Time: 762ms
==> Save the model at epoch 004 with test loss 0.0048970
Epoch: 005 | Train Loss: 0.0042170 | Grad norm: 0.255684 | Time: 3s319ms
Epoch: 005 | Test Loss: 0.0042375 | Time: 758ms
==> Save the model at epoch 005 with test loss 0.0042375
Epoch: 006 | Train Loss: 0.0041666 | Grad norm: 0.287715 | Time: 3s502ms
Epoch: 006 | Test Loss: 0.0038323 | Time: 840ms
==> Save the model at epoch 006 with test loss 0.0038323
Epoch: 007 | Train Loss: 0.0042439 | Grad norm: 0.323484 | Time: 3s662ms
Epoch: 007 | Test Loss: 0.0062598 | Time: 784ms
Epoch: 008 | Train Loss: 0.0043272 | Grad norm: 0.321474 | Time: 3s203ms
Epoch: 008 | Test Loss: 0.0038808 | Time: 788ms
Epoch: 009 | Train Loss: 0.0045833 | Grad norm: 0.380783 | Time: 3s348ms
Epoch: 009 | Test Loss: 0.0060395 | Time: 831ms
Epoch: 010 | Train Loss: 0.0043242 | Grad norm: 0.328405 | Time: 3s690ms
Epoch: 010 | Test Loss: 0.0044921 | Time: 843ms
Epoch: 011 | Train Loss: 0.0043404 | Grad norm: 0.368533 | Time: 3s421ms
Epoch: 011 | Test Loss: 0.0054409 | Time: 858ms
Epoch: 012 | Train Loss: 0.0045986 | Grad norm: 0.406581 | Time: 3s403ms
Epoch: 012 | Test Loss: 0.0050936 | Time: 799ms
Epoch: 013 | Train Loss: 0.0040606 | Grad norm: 0.316110 | Time: 3s322ms
Epoch: 013 | Test Loss: 0.0040329 | Time: 771ms
Epoch: 014 | Train Loss: 0.0041480 | Grad norm: 0.337079 | Time: 3s350ms
Epoch: 014 | Test Loss: 0.0061944 | Time: 829ms
Epoch: 015 | Train Loss: 0.0041150 | Grad norm: 0.324902 | Time: 3s111ms
Epoch: 015 | Test Loss: 0.0055389 | Time: 755ms
Epoch: 016 | Train Loss: 0.0041407 | Grad norm: 0.342691 | Time: 3s540ms
Epoch: 016 | Test Loss: 0.0042227 | Time: 780ms
Epoch: 017 | Train Loss: 0.0040684 | Grad norm: 0.316105 | Time: 3s468ms
Epoch: 017 | Test Loss: 0.0039855 | Time: 765ms
Epoch: 018 | Train Loss: 0.0039701 | Grad norm: 0.296021 | Time: 3s493ms
Epoch: 018 | Test Loss: 0.0042985 | Time: 856ms
Epoch: 019 | Train Loss: 0.0040818 | Grad norm: 0.342743 | Time: 3s321ms
Epoch: 019 | Test Loss: 0.0047041 | Time: 827ms
Epoch: 020 | Train Loss: 0.0039778 | Grad norm: 0.305329 | Time: 3s441ms
Epoch: 020 | Test Loss: 0.0041295 | Time: 803ms
Epoch: 021 | Train Loss: 0.0038789 | Grad norm: 0.285171 | Time: 3s445ms
Epoch: 021 | Test Loss: 0.0054125 | Time: 760ms
Epoch: 022 | Train Loss: 0.0038215 | Grad norm: 0.257260 | Time: 3s370ms
Epoch: 022 | Test Loss: 0.0044577 | Time: 889ms
Epoch: 023 | Train Loss: 0.0037661 | Grad norm: 0.248260 | Time: 3s327ms
Epoch: 023 | Test Loss: 0.0034624 | Time: 772ms
==> Save the model at epoch 023 with test loss 0.0034624
Epoch: 024 | Train Loss: 0.0039203 | Grad norm: 0.297303 | Time: 3s597ms
Epoch: 024 | Test Loss: 0.0038072 | Time: 817ms
Epoch: 025 | Train Loss: 0.0037948 | Grad norm: 0.259679 | Time: 3s319ms
Epoch: 025 | Test Loss: 0.0037156 | Time: 804ms
Epoch: 026 | Train Loss: 0.0037143 | Grad norm: 0.243212 | Time: 3s492ms
Epoch: 026 | Test Loss: 0.0037414 | Time: 776ms
Epoch: 027 | Train Loss: 0.0037785 | Grad norm: 0.248152 | Time: 3s492ms
Epoch: 027 | Test Loss: 0.0038443 | Time: 834ms
Epoch: 028 | Train Loss: 0.0036696 | Grad norm: 0.214287 | Time: 3s470ms
Epoch: 028 | Test Loss: 0.0040962 | Time: 819ms
Epoch: 029 | Train Loss: 0.0036076 | Grad norm: 0.219968 | Time: 3s515ms
Epoch: 029 | Test Loss: 0.0036044 | Time: 775ms
Epoch: 030 | Train Loss: 0.0036607 | Grad norm: 0.200767 | Time: 3s406ms
Epoch: 030 | Test Loss: 0.0034763 | Time: 827ms
Epoch: 031 | Train Loss: 0.0035713 | Grad norm: 0.199300 | Time: 3s366ms
Epoch: 031 | Test Loss: 0.0038384 | Time: 777ms
Epoch: 032 | Train Loss: 0.0035574 | Grad norm: 0.183098 | Time: 3s313ms
Epoch: 032 | Test Loss: 0.0035137 | Time: 758ms
Epoch: 033 | Train Loss: 0.0035337 | Grad norm: 0.175480 | Time: 3s398ms
Epoch: 033 | Test Loss: 0.0036090 | Time: 762ms
Epoch: 034 | Train Loss: 0.0035157 | Grad norm: 0.180800 | Time: 3s519ms
Epoch: 034 | Test Loss: 0.0038461 | Time: 764ms
Epoch: 035 | Train Loss: 0.0034969 | Grad norm: 0.149064 | Time: 3s485ms
Epoch: 035 | Test Loss: 0.0034214 | Time: 769ms
==> Save the model at epoch 035 with test loss 0.0034214
Epoch: 036 | Train Loss: 0.0034279 | Grad norm: 0.139771 | Time: 3s448ms
Epoch: 036 | Test Loss: 0.0034747 | Time: 787ms
Epoch: 037 | Train Loss: 0.0034548 | Grad norm: 0.131965 | Time: 3s361ms
Epoch: 037 | Test Loss: 0.0034232 | Time: 801ms
Epoch: 038 | Train Loss: 0.0034166 | Grad norm: 0.127555 | Time: 3s419ms
Epoch: 038 | Test Loss: 0.0034327 | Time: 836ms
Epoch: 039 | Train Loss: 0.0033991 | Grad norm: 0.111177 | Time: 3s415ms
Epoch: 039 | Test Loss: 0.0033996 | Time: 780ms
==> Save the model at epoch 039 with test loss 0.0033996
Epoch: 040 | Train Loss: 0.0033919 | Grad norm: 0.106040 | Time: 3s408ms
Epoch: 040 | Test Loss: 0.0034010 | Time: 778ms
Total time: 2m49s
==> Saving trained model weights...
==> Input bias to be applied to the neural network (trained):
[0. 0.]
==> Input transform to be applied to the neural network (trained):
[0.48014596 0.48395684]
==> Output transform to be applied to the neural network (trained):
[2.0663 2.0805]
==> Saving training info...
==> Drawing training loss...
==> Drawing grad norm...
==> Drawing testing loss...
==> Process finished.
