==> torch device:  cuda:2
==> Test-Train split: test_ratio = 0.20
==> Test-Train split seed:  None
==> Further split: further_train_ratio = 0.50
==> Further split seed:  None
==> Input bias to be applied to the neural network:
[0. 0.]
==> Input transform to be applied to the neural network:
[0.5576312  0.56041247]
==> Ouput transform to be applied to the neural network:
[1.7847 1.7916]
==> Evaluating model...
==========================================================================================
Layer (type:depth-idx)                   Output Shape              Param #
==========================================================================================
NeuralNetwork                            [1, 2]                    6
├─Sequential: 1-1                        [1, 2]                    --
│    └─Linear: 2-1                       [1, 64]                   192
│    └─ReLU: 2-2                         [1, 64]                   --
│    └─Linear: 2-3                       [1, 64]                   4,160
│    └─ReLU: 2-4                         [1, 64]                   --
│    └─Linear: 2-5                       [1, 64]                   4,160
│    └─ReLU: 2-6                         [1, 64]                   --
│    └─Linear: 2-7                       [1, 64]                   4,160
│    └─ReLU: 2-8                         [1, 64]                   --
│    └─Linear: 2-9                       [1, 64]                   4,160
│    └─ReLU: 2-10                        [1, 64]                   --
│    └─Linear: 2-11                      [1, 64]                   4,160
│    └─ReLU: 2-12                        [1, 64]                   --
│    └─Linear: 2-13                      [1, 64]                   4,160
│    └─ReLU: 2-14                        [1, 64]                   --
│    └─Linear: 2-15                      [1, 2]                    130
├─Sequential: 1-2                        [1, 2]                    (recursive)
│    └─Linear: 2-16                      [1, 64]                   (recursive)
│    └─ReLU: 2-17                        [1, 64]                   --
│    └─Linear: 2-18                      [1, 64]                   (recursive)
│    └─ReLU: 2-19                        [1, 64]                   --
│    └─Linear: 2-20                      [1, 64]                   (recursive)
│    └─ReLU: 2-21                        [1, 64]                   --
│    └─Linear: 2-22                      [1, 64]                   (recursive)
│    └─ReLU: 2-23                        [1, 64]                   --
│    └─Linear: 2-24                      [1, 64]                   (recursive)
│    └─ReLU: 2-25                        [1, 64]                   --
│    └─Linear: 2-26                      [1, 64]                   (recursive)
│    └─ReLU: 2-27                        [1, 64]                   --
│    └─Linear: 2-28                      [1, 64]                   (recursive)
│    └─ReLU: 2-29                        [1, 64]                   --
│    └─Linear: 2-30                      [1, 2]                    (recursive)
==========================================================================================
Total params: 25,288
Trainable params: 25,282
Non-trainable params: 6
Total mult-adds (Units.MEGABYTES): 0.05
==========================================================================================
Input size (MB): 0.00
Forward/backward pass size (MB): 0.01
Params size (MB): 0.10
Estimated Total Size (MB): 0.11
==========================================================================================
==> Saving initial model weights...
==> Start training...
==> Number of param_groups in optimizer: 1
Epoch: 001 | Train Loss: 6.4013776 | Grad norm: 0.234207 | Time: 3s671ms
Epoch: 001 | Test Loss: 6.4006406 | Time: 741ms
==> Save the model at epoch 001 with test loss 6.4006406
Epoch: 002 | Train Loss: 1.8217490 | Grad norm: 1.255199 | Time: 3s309ms
Epoch: 002 | Test Loss: 0.0061309 | Time: 746ms
==> Save the model at epoch 002 with test loss 0.0061309
Epoch: 003 | Train Loss: 0.0042522 | Grad norm: 0.195411 | Time: 3s446ms
Epoch: 003 | Test Loss: 0.0037916 | Time: 814ms
==> Save the model at epoch 003 with test loss 0.0037916
Epoch: 004 | Train Loss: 0.0036498 | Grad norm: 0.204817 | Time: 3s609ms
Epoch: 004 | Test Loss: 0.0035166 | Time: 763ms
==> Save the model at epoch 004 with test loss 0.0035166
Epoch: 005 | Train Loss: 0.0036373 | Grad norm: 0.235048 | Time: 3s505ms
Epoch: 005 | Test Loss: 0.0036227 | Time: 742ms
Epoch: 006 | Train Loss: 0.0036798 | Grad norm: 0.252421 | Time: 3s512ms
Epoch: 006 | Test Loss: 0.0040400 | Time: 853ms
Epoch: 007 | Train Loss: 0.0038325 | Grad norm: 0.285384 | Time: 3s448ms
Epoch: 007 | Test Loss: 0.0036444 | Time: 754ms
Epoch: 008 | Train Loss: 0.0038575 | Grad norm: 0.284715 | Time: 3s410ms
Epoch: 008 | Test Loss: 0.0034369 | Time: 743ms
==> Save the model at epoch 008 with test loss 0.0034369
Epoch: 009 | Train Loss: 0.0038086 | Grad norm: 0.267768 | Time: 3s373ms
Epoch: 009 | Test Loss: 0.0034703 | Time: 739ms
Epoch: 010 | Train Loss: 0.0038193 | Grad norm: 0.267428 | Time: 3s373ms
Epoch: 010 | Test Loss: 0.0045080 | Time: 755ms
Epoch: 011 | Train Loss: 0.0038212 | Grad norm: 0.263311 | Time: 3s407ms
Epoch: 011 | Test Loss: 0.0033193 | Time: 828ms
==> Save the model at epoch 011 with test loss 0.0033193
Epoch: 012 | Train Loss: 0.0035896 | Grad norm: 0.231615 | Time: 3s322ms
Epoch: 012 | Test Loss: 0.0032598 | Time: 759ms
==> Save the model at epoch 012 with test loss 0.0032598
Epoch: 013 | Train Loss: 0.0035917 | Grad norm: 0.233227 | Time: 3s504ms
Epoch: 013 | Test Loss: 0.0036095 | Time: 739ms
Epoch: 014 | Train Loss: 0.0037538 | Grad norm: 0.263458 | Time: 3s176ms
Epoch: 014 | Test Loss: 0.0031782 | Time: 830ms
==> Save the model at epoch 014 with test loss 0.0031782
Epoch: 015 | Train Loss: 0.0036062 | Grad norm: 0.236479 | Time: 3s357ms
Epoch: 015 | Test Loss: 0.0034085 | Time: 826ms
Epoch: 016 | Train Loss: 0.0035411 | Grad norm: 0.224855 | Time: 3s325ms
Epoch: 016 | Test Loss: 0.0037424 | Time: 742ms
Epoch: 017 | Train Loss: 0.0034995 | Grad norm: 0.219157 | Time: 3s454ms
Epoch: 017 | Test Loss: 0.0041403 | Time: 749ms
Epoch: 018 | Train Loss: 0.0036113 | Grad norm: 0.248574 | Time: 3s463ms
Epoch: 018 | Test Loss: 0.0037427 | Time: 747ms
Epoch: 019 | Train Loss: 0.0034204 | Grad norm: 0.207314 | Time: 3s397ms
Epoch: 019 | Test Loss: 0.0035119 | Time: 823ms
Epoch: 020 | Train Loss: 0.0034165 | Grad norm: 0.208979 | Time: 3s525ms
Epoch: 020 | Test Loss: 0.0038979 | Time: 744ms
Epoch: 021 | Train Loss: 0.0033958 | Grad norm: 0.203971 | Time: 3s547ms
Epoch: 021 | Test Loss: 0.0032127 | Time: 771ms
Epoch: 022 | Train Loss: 0.0032373 | Grad norm: 0.163838 | Time: 3s210ms
Epoch: 022 | Test Loss: 0.0035033 | Time: 817ms
Epoch: 023 | Train Loss: 0.0033161 | Grad norm: 0.189456 | Time: 3s330ms
Epoch: 023 | Test Loss: 0.0037230 | Time: 755ms
Epoch: 024 | Train Loss: 0.0033162 | Grad norm: 0.193120 | Time: 3s451ms
Epoch: 024 | Test Loss: 0.0035461 | Time: 745ms
Epoch: 025 | Train Loss: 0.0032434 | Grad norm: 0.176806 | Time: 3s369ms
Epoch: 025 | Test Loss: 0.0034678 | Time: 775ms
Epoch: 026 | Train Loss: 0.0032255 | Grad norm: 0.171301 | Time: 3s474ms
Epoch: 026 | Test Loss: 0.0036147 | Time: 759ms
Epoch: 027 | Train Loss: 0.0031708 | Grad norm: 0.157013 | Time: 3s570ms
Epoch: 027 | Test Loss: 0.0031054 | Time: 788ms
==> Save the model at epoch 027 with test loss 0.0031054
Epoch: 028 | Train Loss: 0.0031146 | Grad norm: 0.138334 | Time: 3s337ms
Epoch: 028 | Test Loss: 0.0031200 | Time: 743ms
Epoch: 029 | Train Loss: 0.0030531 | Grad norm: 0.128319 | Time: 3s472ms
Epoch: 029 | Test Loss: 0.0031509 | Time: 749ms
Epoch: 030 | Train Loss: 0.0030787 | Grad norm: 0.134237 | Time: 3s563ms
Epoch: 030 | Test Loss: 0.0032218 | Time: 824ms
Epoch: 031 | Train Loss: 0.0030272 | Grad norm: 0.118433 | Time: 3s286ms
Epoch: 031 | Test Loss: 0.0031310 | Time: 742ms
Epoch: 032 | Train Loss: 0.0030132 | Grad norm: 0.113064 | Time: 3s288ms
Epoch: 032 | Test Loss: 0.0030135 | Time: 742ms
==> Save the model at epoch 032 with test loss 0.0030135
Epoch: 033 | Train Loss: 0.0029849 | Grad norm: 0.105948 | Time: 3s367ms
Epoch: 033 | Test Loss: 0.0030734 | Time: 744ms
Epoch: 034 | Train Loss: 0.0029639 | Grad norm: 0.099524 | Time: 3s423ms
Epoch: 034 | Test Loss: 0.0031248 | Time: 753ms
Epoch: 035 | Train Loss: 0.0029519 | Grad norm: 0.090496 | Time: 3s431ms
Epoch: 035 | Test Loss: 0.0030259 | Time: 772ms
Epoch: 036 | Train Loss: 0.0029324 | Grad norm: 0.084629 | Time: 3s457ms
Epoch: 036 | Test Loss: 0.0029706 | Time: 745ms
==> Save the model at epoch 036 with test loss 0.0029706
Epoch: 037 | Train Loss: 0.0029191 | Grad norm: 0.077837 | Time: 3s416ms
Epoch: 037 | Test Loss: 0.0029883 | Time: 745ms
Epoch: 038 | Train Loss: 0.0029087 | Grad norm: 0.075235 | Time: 3s203ms
Epoch: 038 | Test Loss: 0.0029888 | Time: 813ms
Epoch: 039 | Train Loss: 0.0028969 | Grad norm: 0.064217 | Time: 3s303ms
Epoch: 039 | Test Loss: 0.0029626 | Time: 748ms
==> Save the model at epoch 039 with test loss 0.0029626
Epoch: 040 | Train Loss: 0.0028903 | Grad norm: 0.061660 | Time: 3s621ms
Epoch: 040 | Test Loss: 0.0029623 | Time: 755ms
==> Save the model at epoch 040 with test loss 0.0029623
Total time: 2m47s
==> Saving trained model weights...
==> Input bias to be applied to the neural network (trained):
[0. 0.]
==> Input transform to be applied to the neural network (trained):
[0.5576312  0.56041247]
==> Output transform to be applied to the neural network (trained):
[1.7847 1.7916]
==> Saving training info...
==> Drawing training loss...
==> Drawing grad norm...
==> Drawing testing loss...
==> Process finished.
