==> torch device:  cuda:2
==> Test-Train split: test_ratio = 0.20
==> Test-Train split seed:  None
==> Further split: further_train_ratio = 0.50
==> Further split seed:  None
==> Input bias to be applied to the neural network:
[0. 0. 0. 0.]
==> Input transform to be applied to the neural network:
[1. 1. 1. 1.]
==> Ouput transform to be applied to the neural network:
[1. 1.]
==> Evaluating model...
==========================================================================================
Layer (type:depth-idx)                   Output Shape              Param #
==========================================================================================
NeuralNetwork                            [1, 2]                    10
├─Sequential: 1-1                        [1, 2]                    --
│    └─Linear: 2-1                       [1, 64]                   320
│    └─LeakyReLU: 2-2                    [1, 64]                   --
│    └─Linear: 2-3                       [1, 64]                   4,160
│    └─LeakyReLU: 2-4                    [1, 64]                   --
│    └─Linear: 2-5                       [1, 64]                   4,160
│    └─LeakyReLU: 2-6                    [1, 64]                   --
│    └─Linear: 2-7                       [1, 64]                   4,160
│    └─LeakyReLU: 2-8                    [1, 64]                   --
│    └─Linear: 2-9                       [1, 64]                   4,160
│    └─LeakyReLU: 2-10                   [1, 64]                   --
│    └─Linear: 2-11                      [1, 64]                   4,160
│    └─LeakyReLU: 2-12                   [1, 64]                   --
│    └─Linear: 2-13                      [1, 64]                   4,160
│    └─LeakyReLU: 2-14                   [1, 64]                   --
│    └─Linear: 2-15                      [1, 2]                    130
==========================================================================================
Total params: 25,420
Trainable params: 25,410
Non-trainable params: 10
Total mult-adds (Units.MEGABYTES): 0.03
==========================================================================================
Input size (MB): 0.00
Forward/backward pass size (MB): 0.00
Params size (MB): 0.10
Estimated Total Size (MB): 0.11
==========================================================================================
==> Saving initial model weights...
==> Start training...
Epoch: 001 | Loss: 0.0430516 | L2 loss: 0.0276337 | Lip loss: 0.0154179 | Grad norm: 0.110138 | Time: 18s138ms
Epoch: 001 | Test Loss: 0.0110183 | Time: 503ms
==> Save the model at epoch 001 with test loss 0.0110183
Epoch: 002 | Loss: 0.0290755 | L2 loss: 0.0120216 | Lip loss: 0.0170539 | Grad norm: 0.096319 | Time: 17s420ms
Epoch: 002 | Test Loss: 0.0116758 | Time: 502ms
Epoch: 003 | Loss: 0.0288391 | L2 loss: 0.0118622 | Lip loss: 0.0169769 | Grad norm: 0.093857 | Time: 17s640ms
Epoch: 003 | Test Loss: 0.0117282 | Time: 575ms
Epoch: 004 | Loss: 0.0285017 | L2 loss: 0.0118257 | Lip loss: 0.0166761 | Grad norm: 0.087216 | Time: 17s297ms
Epoch: 004 | Test Loss: 0.0111573 | Time: 501ms
Epoch: 005 | Loss: 0.0288056 | L2 loss: 0.0118354 | Lip loss: 0.0169701 | Grad norm: 0.090748 | Time: 16s997ms
Epoch: 005 | Test Loss: 0.0114981 | Time: 509ms
Epoch: 006 | Loss: 0.0278768 | L2 loss: 0.0110706 | Lip loss: 0.0168062 | Grad norm: 0.065146 | Time: 16s984ms
Epoch: 006 | Test Loss: 0.0105379 | Time: 493ms
==> Save the model at epoch 006 with test loss 0.0105379
Epoch: 007 | Loss: 0.0277965 | L2 loss: 0.0110303 | Lip loss: 0.0167662 | Grad norm: 0.062254 | Time: 17s35ms
Epoch: 007 | Test Loss: 0.0104912 | Time: 515ms
==> Save the model at epoch 007 with test loss 0.0104912
Epoch: 008 | Loss: 0.0277950 | L2 loss: 0.0110333 | Lip loss: 0.0167617 | Grad norm: 0.061730 | Time: 17s409ms
Epoch: 008 | Test Loss: 0.0105007 | Time: 515ms
Epoch: 009 | Loss: 0.0278717 | L2 loss: 0.0110293 | Lip loss: 0.0168424 | Grad norm: 0.062612 | Time: 17s56ms
Epoch: 009 | Test Loss: 0.0102673 | Time: 491ms
==> Save the model at epoch 009 with test loss 0.0102673
Epoch: 010 | Loss: 0.0277944 | L2 loss: 0.0109944 | Lip loss: 0.0168000 | Grad norm: 0.060536 | Time: 17s418ms
Epoch: 010 | Test Loss: 0.0104744 | Time: 573ms
Epoch: 011 | Loss: 0.0276116 | L2 loss: 0.0109591 | Lip loss: 0.0166525 | Grad norm: 0.059887 | Time: 17s606ms
Epoch: 011 | Test Loss: 0.0102810 | Time: 501ms
Epoch: 012 | Loss: 0.0277021 | L2 loss: 0.0108973 | Lip loss: 0.0168048 | Grad norm: 0.060901 | Time: 17s161ms
Epoch: 012 | Test Loss: 0.0103018 | Time: 570ms
Epoch: 013 | Loss: 0.0276904 | L2 loss: 0.0109063 | Lip loss: 0.0167841 | Grad norm: 0.060609 | Time: 17s155ms
Epoch: 013 | Test Loss: 0.0103028 | Time: 509ms
Epoch: 014 | Loss: 0.0276891 | L2 loss: 0.0109073 | Lip loss: 0.0167818 | Grad norm: 0.057593 | Time: 17s415ms
Epoch: 014 | Test Loss: 0.0103137 | Time: 496ms
Epoch: 015 | Loss: 0.0277515 | L2 loss: 0.0108993 | Lip loss: 0.0168522 | Grad norm: 0.059623 | Time: 17s297ms
Epoch: 015 | Test Loss: 0.0102905 | Time: 533ms
Epoch: 016 | Loss: 0.0277013 | L2 loss: 0.0108995 | Lip loss: 0.0168018 | Grad norm: 0.060739 | Time: 17s433ms
Epoch: 016 | Test Loss: 0.0102845 | Time: 498ms
Epoch: 017 | Loss: 0.0275795 | L2 loss: 0.0109055 | Lip loss: 0.0166740 | Grad norm: 0.060587 | Time: 17s929ms
Epoch: 017 | Test Loss: 0.0102756 | Time: 567ms
Epoch: 018 | Loss: 0.0276126 | L2 loss: 0.0108831 | Lip loss: 0.0167295 | Grad norm: 0.060205 | Time: 17s574ms
Epoch: 018 | Test Loss: 0.0102669 | Time: 505ms
==> Save the model at epoch 018 with test loss 0.0102669
Epoch: 019 | Loss: 0.0277108 | L2 loss: 0.0108839 | Lip loss: 0.0168268 | Grad norm: 0.059114 | Time: 17s162ms
Epoch: 019 | Test Loss: 0.0102749 | Time: 514ms
Epoch: 020 | Loss: 0.0276141 | L2 loss: 0.0108850 | Lip loss: 0.0167291 | Grad norm: 0.058638 | Time: 17s453ms
Epoch: 020 | Test Loss: 0.0102730 | Time: 504ms
Epoch: 021 | Loss: 0.0276529 | L2 loss: 0.0108853 | Lip loss: 0.0167676 | Grad norm: 0.055127 | Time: 17s754ms
Epoch: 021 | Test Loss: 0.0102738 | Time: 506ms
Epoch: 022 | Loss: 0.0276853 | L2 loss: 0.0108865 | Lip loss: 0.0167988 | Grad norm: 0.060250 | Time: 17s312ms
Epoch: 022 | Test Loss: 0.0102746 | Time: 500ms
Epoch: 023 | Loss: 0.0276209 | L2 loss: 0.0108806 | Lip loss: 0.0167402 | Grad norm: 0.059192 | Time: 17s792ms
Epoch: 023 | Test Loss: 0.0102744 | Time: 516ms
Epoch: 024 | Loss: 0.0277404 | L2 loss: 0.0109051 | Lip loss: 0.0168353 | Grad norm: 0.059356 | Time: 17s342ms
Epoch: 024 | Test Loss: 0.0102752 | Time: 570ms
Epoch: 025 | Loss: 0.0275907 | L2 loss: 0.0109130 | Lip loss: 0.0166778 | Grad norm: 0.061465 | Time: 17s768ms
Epoch: 025 | Test Loss: 0.0102747 | Time: 521ms
Epoch: 026 | Loss: 0.0275921 | L2 loss: 0.0108834 | Lip loss: 0.0167087 | Grad norm: 0.058839 | Time: 17s485ms
Epoch: 026 | Test Loss: 0.0102747 | Time: 489ms
Epoch: 027 | Loss: 0.0275732 | L2 loss: 0.0108847 | Lip loss: 0.0166885 | Grad norm: 0.056499 | Time: 17s675ms
Epoch: 027 | Test Loss: 0.0102747 | Time: 535ms
Epoch: 028 | Loss: 0.0276537 | L2 loss: 0.0108925 | Lip loss: 0.0167612 | Grad norm: 0.057939 | Time: 17s600ms
Epoch: 028 | Test Loss: 0.0102747 | Time: 506ms
Epoch: 029 | Loss: 0.0275566 | L2 loss: 0.0108884 | Lip loss: 0.0166682 | Grad norm: 0.056685 | Time: 17s573ms
Epoch: 029 | Test Loss: 0.0102748 | Time: 503ms
Epoch: 030 | Loss: 0.0276566 | L2 loss: 0.0108858 | Lip loss: 0.0167708 | Grad norm: 0.059534 | Time: 17s660ms
Epoch: 030 | Test Loss: 0.0102748 | Time: 514ms
Epoch: 031 | Loss: 0.0275713 | L2 loss: 0.0108940 | Lip loss: 0.0166773 | Grad norm: 0.058845 | Time: 17s529ms
Epoch: 031 | Test Loss: 0.0102748 | Time: 495ms
Epoch: 032 | Loss: 0.0276585 | L2 loss: 0.0108948 | Lip loss: 0.0167636 | Grad norm: 0.057840 | Time: 17s951ms
Epoch: 032 | Test Loss: 0.0102748 | Time: 504ms
Epoch: 033 | Loss: 0.0275628 | L2 loss: 0.0108821 | Lip loss: 0.0166807 | Grad norm: 0.059269 | Time: 17s400ms
Epoch: 033 | Test Loss: 0.0102748 | Time: 510ms
Epoch: 034 | Loss: 0.0275565 | L2 loss: 0.0108893 | Lip loss: 0.0166672 | Grad norm: 0.060366 | Time: 17s331ms
Epoch: 034 | Test Loss: 0.0102748 | Time: 514ms
Epoch: 035 | Loss: 0.0275876 | L2 loss: 0.0108913 | Lip loss: 0.0166963 | Grad norm: 0.059510 | Time: 17s82ms
Epoch: 035 | Test Loss: 0.0102748 | Time: 516ms
Epoch: 036 | Loss: 0.0276853 | L2 loss: 0.0108916 | Lip loss: 0.0167938 | Grad norm: 0.057224 | Time: 17s171ms
Epoch: 036 | Test Loss: 0.0102748 | Time: 572ms
Epoch: 037 | Loss: 0.0276221 | L2 loss: 0.0108814 | Lip loss: 0.0167407 | Grad norm: 0.056847 | Time: 17s282ms
Epoch: 037 | Test Loss: 0.0102748 | Time: 509ms
Epoch: 038 | Loss: 0.0276268 | L2 loss: 0.0108801 | Lip loss: 0.0167467 | Grad norm: 0.061051 | Time: 17s620ms
Epoch: 038 | Test Loss: 0.0102748 | Time: 514ms
Epoch: 039 | Loss: 0.0275310 | L2 loss: 0.0108802 | Lip loss: 0.0166508 | Grad norm: 0.058461 | Time: 17s90ms
Epoch: 039 | Test Loss: 0.0102748 | Time: 497ms
Epoch: 040 | Loss: 0.0277194 | L2 loss: 0.0108846 | Lip loss: 0.0168348 | Grad norm: 0.055618 | Time: 17s476ms
Epoch: 040 | Test Loss: 0.0102748 | Time: 561ms
Total time: 11m58s
==> Saving trained model weights...
==> Input bias to be applied to the neural network (trained):
[0. 0. 0. 0.]
==> Input transform to be applied to the neural network (trained):
[1. 1. 1. 1.]
==> Output transform to be applied to the neural network (trained):
[1. 1.]
==> Saving training info...
==> Drawing training loss...
==> Drawing grad norm...
==> Drawing testing loss...
==> Drawing l2 loss...
==> Drawing lip loss...
==> Process finished.
