==> torch device:  cuda:0
==> Test-Train split: test_ratio = 0.20
==> Test-Train split seed:  None
==> Further split: further_train_ratio = 0.50
==> Further split seed:  None
==> Input bias to be applied to the neural network:
[0. 0.]
==> Input transform to be applied to the neural network:
[0.5576312  0.56041247]
==> Ouput transform to be applied to the neural network:
[1.7847 1.7916]
==> Evaluating model...
==========================================================================================
Layer (type:depth-idx)                   Output Shape              Param #
==========================================================================================
NeuralNetwork                            [1, 2]                    6
├─Sequential: 1-1                        [1, 2]                    --
│    └─Linear: 2-1                       [1, 64]                   192
│    └─ReLU: 2-2                         [1, 64]                   --
│    └─Linear: 2-3                       [1, 64]                   4,160
│    └─ReLU: 2-4                         [1, 64]                   --
│    └─Linear: 2-5                       [1, 64]                   4,160
│    └─ReLU: 2-6                         [1, 64]                   --
│    └─Linear: 2-7                       [1, 64]                   4,160
│    └─ReLU: 2-8                         [1, 64]                   --
│    └─Linear: 2-9                       [1, 64]                   4,160
│    └─ReLU: 2-10                        [1, 64]                   --
│    └─Linear: 2-11                      [1, 64]                   4,160
│    └─ReLU: 2-12                        [1, 64]                   --
│    └─Linear: 2-13                      [1, 64]                   4,160
│    └─ReLU: 2-14                        [1, 64]                   --
│    └─Linear: 2-15                      [1, 2]                    130
├─Sequential: 1-2                        [1, 2]                    (recursive)
│    └─Linear: 2-16                      [1, 64]                   (recursive)
│    └─ReLU: 2-17                        [1, 64]                   --
│    └─Linear: 2-18                      [1, 64]                   (recursive)
│    └─ReLU: 2-19                        [1, 64]                   --
│    └─Linear: 2-20                      [1, 64]                   (recursive)
│    └─ReLU: 2-21                        [1, 64]                   --
│    └─Linear: 2-22                      [1, 64]                   (recursive)
│    └─ReLU: 2-23                        [1, 64]                   --
│    └─Linear: 2-24                      [1, 64]                   (recursive)
│    └─ReLU: 2-25                        [1, 64]                   --
│    └─Linear: 2-26                      [1, 64]                   (recursive)
│    └─ReLU: 2-27                        [1, 64]                   --
│    └─Linear: 2-28                      [1, 64]                   (recursive)
│    └─ReLU: 2-29                        [1, 64]                   --
│    └─Linear: 2-30                      [1, 2]                    (recursive)
==========================================================================================
Total params: 25,288
Trainable params: 25,282
Non-trainable params: 6
Total mult-adds (Units.MEGABYTES): 0.05
==========================================================================================
Input size (MB): 0.00
Forward/backward pass size (MB): 0.01
Params size (MB): 0.10
Estimated Total Size (MB): 0.11
==========================================================================================
==> Saving initial model weights...
==> Start training...
==> Number of param_groups in optimizer: 1
Epoch: 001 | Train Loss: 6.3897663 | Grad norm: 0.265348 | Time: 3s516ms
Epoch: 001 | Test Loss: 6.3968825 | Time: 756ms
==> Save the model at epoch 001 with test loss 6.3968825
Epoch: 002 | Train Loss: 6.0348097 | Grad norm: 0.909254 | Time: 3s562ms
Epoch: 002 | Test Loss: 4.2322284 | Time: 779ms
==> Save the model at epoch 002 with test loss 4.2322284
Epoch: 003 | Train Loss: 3.2051008 | Grad norm: 0.798820 | Time: 3s432ms
Epoch: 003 | Test Loss: 3.1505429 | Time: 846ms
==> Save the model at epoch 003 with test loss 3.1505429
Epoch: 004 | Train Loss: 3.1548650 | Grad norm: 0.533391 | Time: 3s364ms
Epoch: 004 | Test Loss: 3.1513301 | Time: 796ms
Epoch: 005 | Train Loss: 3.1531602 | Grad norm: 0.510760 | Time: 3s205ms
Epoch: 005 | Test Loss: 3.1502077 | Time: 769ms
==> Save the model at epoch 005 with test loss 3.1502077
Epoch: 006 | Train Loss: 3.1518261 | Grad norm: 0.492050 | Time: 3s340ms
Epoch: 006 | Test Loss: 3.1465879 | Time: 823ms
==> Save the model at epoch 006 with test loss 3.1465879
Epoch: 007 | Train Loss: 3.1523305 | Grad norm: 0.515385 | Time: 3s379ms
Epoch: 007 | Test Loss: 3.1490636 | Time: 818ms
Epoch: 008 | Train Loss: 3.1518033 | Grad norm: 0.539886 | Time: 3s498ms
Epoch: 008 | Test Loss: 3.1514055 | Time: 756ms
Epoch: 009 | Train Loss: 3.1532891 | Grad norm: 0.580681 | Time: 3s392ms
Epoch: 009 | Test Loss: 3.1498459 | Time: 767ms
Epoch: 010 | Train Loss: 3.1525761 | Grad norm: 0.531547 | Time: 3s540ms
Epoch: 010 | Test Loss: 3.1497897 | Time: 749ms
Epoch: 011 | Train Loss: 3.1536876 | Grad norm: 0.556389 | Time: 3s372ms
Epoch: 011 | Test Loss: 3.1489192 | Time: 822ms
Epoch: 012 | Train Loss: 3.1535834 | Grad norm: 0.537714 | Time: 3s353ms
Epoch: 012 | Test Loss: 3.1511687 | Time: 751ms
Epoch: 013 | Train Loss: 3.1535203 | Grad norm: 0.517387 | Time: 3s451ms
Epoch: 013 | Test Loss: 3.1492999 | Time: 750ms
Epoch: 014 | Train Loss: 3.1536535 | Grad norm: 0.520236 | Time: 3s517ms
Epoch: 014 | Test Loss: 3.1508121 | Time: 956ms
Epoch: 015 | Train Loss: 3.1535955 | Grad norm: 0.556319 | Time: 3s328ms
Epoch: 015 | Test Loss: 3.1478036 | Time: 840ms
Epoch: 016 | Train Loss: 3.1535329 | Grad norm: 0.536096 | Time: 3s330ms
Epoch: 016 | Test Loss: 3.1536163 | Time: 747ms
Epoch: 017 | Train Loss: 3.1531743 | Grad norm: 0.505483 | Time: 3s315ms
Epoch: 017 | Test Loss: 3.1496799 | Time: 749ms
Epoch: 018 | Train Loss: 3.1531659 | Grad norm: 0.543971 | Time: 3s171ms
Epoch: 018 | Test Loss: 3.1480452 | Time: 809ms
Epoch: 019 | Train Loss: 3.1525164 | Grad norm: 0.504286 | Time: 3s221ms
Epoch: 019 | Test Loss: 3.1552975 | Time: 834ms
Epoch: 020 | Train Loss: 3.1536499 | Grad norm: 0.515233 | Time: 3s792ms
Epoch: 020 | Test Loss: 3.1494966 | Time: 759ms
Epoch: 021 | Train Loss: 3.1525494 | Grad norm: 0.530888 | Time: 3s259ms
Epoch: 021 | Test Loss: 3.1533700 | Time: 752ms
Epoch: 022 | Train Loss: 3.1524961 | Grad norm: 0.516165 | Time: 3s255ms
Epoch: 022 | Test Loss: 3.1476271 | Time: 856ms
Epoch: 023 | Train Loss: 3.1540051 | Grad norm: 0.507642 | Time: 3s233ms
Epoch: 023 | Test Loss: 3.1512354 | Time: 766ms
Epoch: 024 | Train Loss: 3.1522443 | Grad norm: 0.496721 | Time: 3s396ms
Epoch: 024 | Test Loss: 3.1485019 | Time: 860ms
Epoch: 025 | Train Loss: 3.1537370 | Grad norm: 0.522229 | Time: 3s254ms
Epoch: 025 | Test Loss: 3.1499931 | Time: 751ms
Epoch: 026 | Train Loss: 3.1514815 | Grad norm: 0.487531 | Time: 3s332ms
Epoch: 026 | Test Loss: 3.1492007 | Time: 758ms
Epoch: 027 | Train Loss: 3.1523061 | Grad norm: 0.489276 | Time: 3s538ms
Epoch: 027 | Test Loss: 3.1498867 | Time: 767ms
Epoch: 028 | Train Loss: 3.1525979 | Grad norm: 0.490043 | Time: 3s350ms
Epoch: 028 | Test Loss: 3.1497102 | Time: 753ms
Epoch: 029 | Train Loss: 3.1514807 | Grad norm: 0.486490 | Time: 3s424ms
Epoch: 029 | Test Loss: 3.1501099 | Time: 756ms
Epoch: 030 | Train Loss: 3.1533533 | Grad norm: 0.475643 | Time: 3s645ms
Epoch: 030 | Test Loss: 3.1481425 | Time: 825ms
Epoch: 031 | Train Loss: 3.1517190 | Grad norm: 0.470079 | Time: 3s479ms
Epoch: 031 | Test Loss: 3.1496907 | Time: 755ms
Epoch: 032 | Train Loss: 3.1514171 | Grad norm: 0.481091 | Time: 3s440ms
Epoch: 032 | Test Loss: 3.1498575 | Time: 754ms
Epoch: 033 | Train Loss: 3.1510728 | Grad norm: 0.461403 | Time: 3s298ms
Epoch: 033 | Test Loss: 3.1484134 | Time: 752ms
Epoch: 034 | Train Loss: 3.1529973 | Grad norm: 0.482536 | Time: 3s407ms
Epoch: 034 | Test Loss: 3.1494184 | Time: 827ms
Epoch: 035 | Train Loss: 3.1510628 | Grad norm: 0.473132 | Time: 3s656ms
Epoch: 035 | Test Loss: 3.1493551 | Time: 783ms
Epoch: 036 | Train Loss: 3.1518057 | Grad norm: 0.455575 | Time: 3s361ms
Epoch: 036 | Test Loss: 3.1495268 | Time: 771ms
Epoch: 037 | Train Loss: 3.1509286 | Grad norm: 0.471700 | Time: 3s449ms
Epoch: 037 | Test Loss: 3.1490837 | Time: 753ms
Epoch: 038 | Train Loss: 3.1511472 | Grad norm: 0.459087 | Time: 3s216ms
Epoch: 038 | Test Loss: 3.1489713 | Time: 836ms
Epoch: 039 | Train Loss: 3.1517400 | Grad norm: 0.460166 | Time: 3s501ms
Epoch: 039 | Test Loss: 3.1494568 | Time: 776ms
Epoch: 040 | Train Loss: 3.1516299 | Grad norm: 0.456815 | Time: 3s468ms
Epoch: 040 | Test Loss: 3.1493043 | Time: 767ms
Total time: 2m47s
==> Saving trained model weights...
==> Input bias to be applied to the neural network (trained):
[0. 0.]
==> Input transform to be applied to the neural network (trained):
[0.5576312  0.56041247]
==> Output transform to be applied to the neural network (trained):
[1.7847 1.7916]
==> Saving training info...
==> Drawing training loss...
==> Drawing grad norm...
==> Drawing testing loss...
==> Process finished.
