==> torch device:  cuda:0
==> Test-Train split: test_ratio = 0.20
==> Test-Train split seed:  None
==> Further split: further_train_ratio = 1.00
==> Further split seed:  None
==> Lipschitz constant: 16.00
==> Input bias to be applied to the neural network:
[0. 0.]
==> Input transform to be applied to the neural network:
[0.48014596 0.48395684]
==> Ouput transform to be applied to the neural network:
[2.0663 2.0805]
==> Evaluating model...
==========================================================================================
Layer (type:depth-idx)                   Output Shape              Param #
==========================================================================================
NeuralNetwork                            [1, 2]                    6
├─Sequential: 1-1                        [1, 2]                    --
│    └─SandwichFc: 2-1                   [1, 64]                   4,353
│    └─SandwichFc: 2-2                   [1, 64]                   8,321
│    └─SandwichFc: 2-3                   [1, 64]                   8,321
│    └─SandwichFc: 2-4                   [1, 64]                   8,321
│    └─SandwichFc: 2-5                   [1, 64]                   8,321
│    └─SandwichFc: 2-6                   [1, 64]                   8,321
│    └─SandwichFc: 2-7                   [1, 64]                   8,321
│    └─SandwichLin: 2-8                  [1, 2]                    135
├─Sequential: 1-2                        [1, 2]                    (recursive)
│    └─SandwichFc: 2-9                   [1, 64]                   (recursive)
│    └─SandwichFc: 2-10                  [1, 64]                   (recursive)
│    └─SandwichFc: 2-11                  [1, 64]                   (recursive)
│    └─SandwichFc: 2-12                  [1, 64]                   (recursive)
│    └─SandwichFc: 2-13                  [1, 64]                   (recursive)
│    └─SandwichFc: 2-14                  [1, 64]                   (recursive)
│    └─SandwichFc: 2-15                  [1, 64]                   (recursive)
│    └─SandwichLin: 2-16                 [1, 2]                    (recursive)
==========================================================================================
Total params: 54,420
Trainable params: 54,414
Non-trainable params: 6
Total mult-adds (Units.MEGABYTES): 0.11
==========================================================================================
Input size (MB): 0.00
Forward/backward pass size (MB): 0.01
Params size (MB): 0.22
Estimated Total Size (MB): 0.22
==========================================================================================
==> Saving initial model weights...
==> Start training...
==> Number of param_groups in optimizer: 1
Epoch: 001 | Train Loss: 8.7699485 | Grad norm: 39.630220 | Time: 28s629ms
Epoch: 001 | Test Loss: 8.7873390 | Time: 915ms
==> Save the model at epoch 001 with test loss 8.7873390
Epoch: 002 | Train Loss: 0.1351782 | Grad norm: 2.846967 | Time: 28s212ms
Epoch: 002 | Test Loss: 0.0015172 | Time: 911ms
==> Save the model at epoch 002 with test loss 0.0015172
Epoch: 003 | Train Loss: 0.0038309 | Grad norm: 2.218814 | Time: 27s480ms
Epoch: 003 | Test Loss: 0.0023247 | Time: 928ms
Epoch: 004 | Train Loss: 0.0060880 | Grad norm: 2.656654 | Time: 27s825ms
Epoch: 004 | Test Loss: 0.0035614 | Time: 905ms
Epoch: 005 | Train Loss: 0.0077882 | Grad norm: 2.987527 | Time: 27s643ms
Epoch: 005 | Test Loss: 0.0047917 | Time: 903ms
Epoch: 006 | Train Loss: 0.0089641 | Grad norm: 3.071198 | Time: 27s756ms
Epoch: 006 | Test Loss: 0.0044676 | Time: 926ms
Epoch: 007 | Train Loss: 0.0104541 | Grad norm: 3.034967 | Time: 27s565ms
Epoch: 007 | Test Loss: 0.0052789 | Time: 911ms
Epoch: 008 | Train Loss: 0.0099488 | Grad norm: 2.871260 | Time: 27s768ms
Epoch: 008 | Test Loss: 0.0108592 | Time: 909ms
Epoch: 009 | Train Loss: 0.0101843 | Grad norm: 2.739480 | Time: 28s177ms
Epoch: 009 | Test Loss: 0.0083668 | Time: 922ms
Epoch: 010 | Train Loss: 0.0078385 | Grad norm: 2.378315 | Time: 27s675ms
Epoch: 010 | Test Loss: 0.0083310 | Time: 910ms
Epoch: 011 | Train Loss: 0.0069031 | Grad norm: 1.956222 | Time: 27s776ms
Epoch: 011 | Test Loss: 0.0038295 | Time: 929ms
Epoch: 012 | Train Loss: 0.0055121 | Grad norm: 1.869491 | Time: 27s669ms
Epoch: 012 | Test Loss: 0.0063308 | Time: 997ms
Epoch: 013 | Train Loss: 0.0045249 | Grad norm: 1.582838 | Time: 27s739ms
Epoch: 013 | Test Loss: 0.0031015 | Time: 981ms
Epoch: 014 | Train Loss: 0.0029696 | Grad norm: 1.166468 | Time: 27s908ms
Epoch: 014 | Test Loss: 0.0036623 | Time: 987ms
Epoch: 015 | Train Loss: 0.0026961 | Grad norm: 1.078613 | Time: 27s759ms
Epoch: 015 | Test Loss: 0.0019175 | Time: 910ms
Epoch: 016 | Train Loss: 0.0028431 | Grad norm: 1.109194 | Time: 27s251ms
Epoch: 016 | Test Loss: 0.0015367 | Time: 922ms
Epoch: 017 | Train Loss: 0.0013212 | Grad norm: 0.560764 | Time: 28s240ms
Epoch: 017 | Test Loss: 0.0012977 | Time: 930ms
==> Save the model at epoch 017 with test loss 0.0012977
Epoch: 018 | Train Loss: 0.0022064 | Grad norm: 0.915353 | Time: 27s723ms
Epoch: 018 | Test Loss: 0.0046291 | Time: 915ms
Epoch: 019 | Train Loss: 0.0016039 | Grad norm: 0.672457 | Time: 27s429ms
Epoch: 019 | Test Loss: 0.0009501 | Time: 937ms
==> Save the model at epoch 019 with test loss 0.0009501
Epoch: 020 | Train Loss: 0.0018847 | Grad norm: 0.800698 | Time: 27s737ms
Epoch: 020 | Test Loss: 0.0028739 | Time: 908ms
Epoch: 021 | Train Loss: 0.0010779 | Grad norm: 0.451873 | Time: 27s477ms
Epoch: 021 | Test Loss: 0.0012194 | Time: 931ms
Epoch: 022 | Train Loss: 0.0012511 | Grad norm: 0.513117 | Time: 27s570ms
Epoch: 022 | Test Loss: 0.0010083 | Time: 914ms
Epoch: 023 | Train Loss: 0.0010341 | Grad norm: 0.456901 | Time: 27s746ms
Epoch: 023 | Test Loss: 0.0015473 | Time: 918ms
Epoch: 024 | Train Loss: 0.0009538 | Grad norm: 0.411073 | Time: 28s847ms
Epoch: 024 | Test Loss: 0.0013172 | Time: 911ms
Epoch: 025 | Train Loss: 0.0008627 | Grad norm: 0.373340 | Time: 28s242ms
Epoch: 025 | Test Loss: 0.0010806 | Time: 907ms
Epoch: 026 | Train Loss: 0.0010340 | Grad norm: 0.434012 | Time: 27s670ms
Epoch: 026 | Test Loss: 0.0007234 | Time: 923ms
==> Save the model at epoch 026 with test loss 0.0007234
Epoch: 027 | Train Loss: 0.0007737 | Grad norm: 0.301416 | Time: 28s86ms
Epoch: 027 | Test Loss: 0.0007061 | Time: 993ms
==> Save the model at epoch 027 with test loss 0.0007061
Epoch: 028 | Train Loss: 0.0007292 | Grad norm: 0.277777 | Time: 28s576ms
Epoch: 028 | Test Loss: 0.0006032 | Time: 972ms
==> Save the model at epoch 028 with test loss 0.0006032
Epoch: 029 | Train Loss: 0.0007187 | Grad norm: 0.272322 | Time: 27s458ms
Epoch: 029 | Test Loss: 0.0007030 | Time: 979ms
Epoch: 030 | Train Loss: 0.0006846 | Grad norm: 0.243694 | Time: 27s661ms
Epoch: 030 | Test Loss: 0.0006338 | Time: 919ms
Epoch: 031 | Train Loss: 0.0006628 | Grad norm: 0.226840 | Time: 28s205ms
Epoch: 031 | Test Loss: 0.0006709 | Time: 911ms
Epoch: 032 | Train Loss: 0.0006431 | Grad norm: 0.211895 | Time: 27s885ms
Epoch: 032 | Test Loss: 0.0006415 | Time: 910ms
Epoch: 033 | Train Loss: 0.0006094 | Grad norm: 0.173916 | Time: 28s82ms
Epoch: 033 | Test Loss: 0.0006316 | Time: 911ms
Epoch: 034 | Train Loss: 0.0005989 | Grad norm: 0.165189 | Time: 27s380ms
Epoch: 034 | Test Loss: 0.0006165 | Time: 914ms
Epoch: 035 | Train Loss: 0.0005853 | Grad norm: 0.146473 | Time: 27s879ms
Epoch: 035 | Test Loss: 0.0006325 | Time: 916ms
Epoch: 036 | Train Loss: 0.0005674 | Grad norm: 0.122228 | Time: 27s668ms
Epoch: 036 | Test Loss: 0.0005710 | Time: 914ms
==> Save the model at epoch 036 with test loss 0.0005710
Epoch: 037 | Train Loss: 0.0005569 | Grad norm: 0.108577 | Time: 27s71ms
Epoch: 037 | Test Loss: 0.0005542 | Time: 912ms
==> Save the model at epoch 037 with test loss 0.0005542
Epoch: 038 | Train Loss: 0.0005440 | Grad norm: 0.085564 | Time: 27s515ms
Epoch: 038 | Test Loss: 0.0005512 | Time: 1s79ms
==> Save the model at epoch 038 with test loss 0.0005512
Epoch: 039 | Train Loss: 0.0005377 | Grad norm: 0.073072 | Time: 27s351ms
Epoch: 039 | Test Loss: 0.0005461 | Time: 909ms
==> Save the model at epoch 039 with test loss 0.0005461
Epoch: 040 | Train Loss: 0.0005324 | Grad norm: 0.061836 | Time: 27s597ms
Epoch: 040 | Test Loss: 0.0005418 | Time: 911ms
==> Save the model at epoch 040 with test loss 0.0005418
Total time: 19m9s
==> Saving trained model weights...
==> Input bias to be applied to the neural network (trained):
[0. 0.]
==> Input transform to be applied to the neural network (trained):
[0.48014596 0.48395684]
==> Output transform to be applied to the neural network (trained):
[2.0663 2.0805]
==> Saving training info...
==> Drawing training loss...
==> Drawing grad norm...
==> Drawing testing loss...
==> Process finished.
