==> torch device:  cuda:1
==> Test-Train split: test_ratio = 0.20
==> Test-Train split seed:  None
==> Further split: further_train_ratio = 0.25
==> Further split seed:  None
==> Input bias to be applied to the neural network:
[0. 0.]
==> Input transform to be applied to the neural network:
[0.5090095 0.5090095]
==> Ouput transform to be applied to the neural network:
[3.9366 3.9363]
==> Evaluating model...
==========================================================================================
Layer (type:depth-idx)                   Output Shape              Param #
==========================================================================================
NeuralNetwork                            [1, 2]                    6
├─Sequential: 1-1                        [1, 2]                    --
│    └─Linear: 2-1                       [1, 64]                   192
│    └─ReLU: 2-2                         [1, 64]                   --
│    └─Linear: 2-3                       [1, 64]                   4,160
│    └─ReLU: 2-4                         [1, 64]                   --
│    └─Linear: 2-5                       [1, 64]                   4,160
│    └─ReLU: 2-6                         [1, 64]                   --
│    └─Linear: 2-7                       [1, 64]                   4,160
│    └─ReLU: 2-8                         [1, 64]                   --
│    └─Linear: 2-9                       [1, 64]                   4,160
│    └─ReLU: 2-10                        [1, 64]                   --
│    └─Linear: 2-11                      [1, 64]                   4,160
│    └─ReLU: 2-12                        [1, 64]                   --
│    └─Linear: 2-13                      [1, 64]                   4,160
│    └─ReLU: 2-14                        [1, 64]                   --
│    └─Linear: 2-15                      [1, 2]                    130
├─Sequential: 1-2                        [1, 2]                    (recursive)
│    └─Linear: 2-16                      [1, 64]                   (recursive)
│    └─ReLU: 2-17                        [1, 64]                   --
│    └─Linear: 2-18                      [1, 64]                   (recursive)
│    └─ReLU: 2-19                        [1, 64]                   --
│    └─Linear: 2-20                      [1, 64]                   (recursive)
│    └─ReLU: 2-21                        [1, 64]                   --
│    └─Linear: 2-22                      [1, 64]                   (recursive)
│    └─ReLU: 2-23                        [1, 64]                   --
│    └─Linear: 2-24                      [1, 64]                   (recursive)
│    └─ReLU: 2-25                        [1, 64]                   --
│    └─Linear: 2-26                      [1, 64]                   (recursive)
│    └─ReLU: 2-27                        [1, 64]                   --
│    └─Linear: 2-28                      [1, 64]                   (recursive)
│    └─ReLU: 2-29                        [1, 64]                   --
│    └─Linear: 2-30                      [1, 2]                    (recursive)
==========================================================================================
Total params: 25,288
Trainable params: 25,282
Non-trainable params: 6
Total mult-adds (Units.MEGABYTES): 0.05
==========================================================================================
Input size (MB): 0.00
Forward/backward pass size (MB): 0.01
Params size (MB): 0.10
Estimated Total Size (MB): 0.11
==========================================================================================
==> Saving initial model weights...
==> Start training...
==> Number of param_groups in optimizer: 1
Epoch: 001 | Train Loss: 30.8557851 | Grad norm: 0.756042 | Time: 1s268ms
Epoch: 001 | Test Loss: 30.7666147 | Time: 472ms
==> Save the model at epoch 001 with test loss 30.7666147
Epoch: 002 | Train Loss: 7.0711408 | Grad norm: 17.656834 | Time: 1s15ms
Epoch: 002 | Test Loss: 0.0327277 | Time: 455ms
==> Save the model at epoch 002 with test loss 0.0327277
Epoch: 003 | Train Loss: 0.0732099 | Grad norm: 6.351152 | Time: 1s97ms
Epoch: 003 | Test Loss: 0.1204487 | Time: 527ms
Epoch: 004 | Train Loss: 0.0968829 | Grad norm: 7.429394 | Time: 995ms
Epoch: 004 | Test Loss: 0.0463642 | Time: 455ms
Epoch: 005 | Train Loss: 0.1197431 | Grad norm: 7.981454 | Time: 1s39ms
Epoch: 005 | Test Loss: 0.2731484 | Time: 461ms
Epoch: 006 | Train Loss: 0.1493717 | Grad norm: 8.982850 | Time: 1s29ms
Epoch: 006 | Test Loss: 0.1259871 | Time: 470ms
Epoch: 007 | Train Loss: 0.2665520 | Grad norm: 12.769053 | Time: 984ms
Epoch: 007 | Test Loss: 0.1214572 | Time: 522ms
Epoch: 008 | Train Loss: 0.2039338 | Grad norm: 10.993986 | Time: 1s36ms
Epoch: 008 | Test Loss: 0.1421930 | Time: 461ms
Epoch: 009 | Train Loss: 0.1829579 | Grad norm: 10.477148 | Time: 1s58ms
Epoch: 009 | Test Loss: 0.1375616 | Time: 457ms
Epoch: 010 | Train Loss: 0.1420196 | Grad norm: 8.867856 | Time: 1s25ms
Epoch: 010 | Test Loss: 0.1297225 | Time: 454ms
Epoch: 011 | Train Loss: 0.2019263 | Grad norm: 11.043410 | Time: 987ms
Epoch: 011 | Test Loss: 0.1077071 | Time: 526ms
Epoch: 012 | Train Loss: 0.1541568 | Grad norm: 9.356682 | Time: 997ms
Epoch: 012 | Test Loss: 0.0862205 | Time: 456ms
Epoch: 013 | Train Loss: 0.1369016 | Grad norm: 8.477822 | Time: 996ms
Epoch: 013 | Test Loss: 0.1371878 | Time: 464ms
Epoch: 014 | Train Loss: 0.1861859 | Grad norm: 9.938749 | Time: 1s80ms
Epoch: 014 | Test Loss: 0.1248603 | Time: 453ms
Epoch: 015 | Train Loss: 0.0827038 | Grad norm: 6.851446 | Time: 1s25ms
Epoch: 015 | Test Loss: 0.0268903 | Time: 528ms
==> Save the model at epoch 015 with test loss 0.0268903
Epoch: 016 | Train Loss: 0.0913368 | Grad norm: 6.991881 | Time: 1s32ms
Epoch: 016 | Test Loss: 0.1024616 | Time: 455ms
Epoch: 017 | Train Loss: 0.1196550 | Grad norm: 8.300056 | Time: 1s51ms
Epoch: 017 | Test Loss: 0.0494614 | Time: 455ms
Epoch: 018 | Train Loss: 0.0621146 | Grad norm: 5.749890 | Time: 1s37ms
Epoch: 018 | Test Loss: 0.0824597 | Time: 455ms
Epoch: 019 | Train Loss: 0.0510445 | Grad norm: 5.165612 | Time: 1s9ms
Epoch: 019 | Test Loss: 0.0358479 | Time: 540ms
Epoch: 020 | Train Loss: 0.1195168 | Grad norm: 7.410213 | Time: 992ms
Epoch: 020 | Test Loss: 0.1217023 | Time: 454ms
Epoch: 021 | Train Loss: 0.0616629 | Grad norm: 6.221952 | Time: 989ms
Epoch: 021 | Test Loss: 0.0215430 | Time: 459ms
==> Save the model at epoch 021 with test loss 0.0215430
Epoch: 022 | Train Loss: 0.0567188 | Grad norm: 4.936963 | Time: 978ms
Epoch: 022 | Test Loss: 0.0371107 | Time: 454ms
Epoch: 023 | Train Loss: 0.0326188 | Grad norm: 3.914726 | Time: 1s106ms
Epoch: 023 | Test Loss: 0.0384141 | Time: 526ms
Epoch: 024 | Train Loss: 0.0314538 | Grad norm: 3.606881 | Time: 967ms
Epoch: 024 | Test Loss: 0.0347185 | Time: 460ms
Epoch: 025 | Train Loss: 0.0310692 | Grad norm: 3.761021 | Time: 1s103ms
Epoch: 025 | Test Loss: 0.0145124 | Time: 454ms
==> Save the model at epoch 025 with test loss 0.0145124
Epoch: 026 | Train Loss: 0.0299380 | Grad norm: 3.393682 | Time: 1s78ms
Epoch: 026 | Test Loss: 0.0417625 | Time: 466ms
Epoch: 027 | Train Loss: 0.0251174 | Grad norm: 3.060946 | Time: 1s15ms
Epoch: 027 | Test Loss: 0.0369026 | Time: 531ms
Epoch: 028 | Train Loss: 0.0196683 | Grad norm: 2.838314 | Time: 1s43ms
Epoch: 028 | Test Loss: 0.0240660 | Time: 465ms
Epoch: 029 | Train Loss: 0.0137999 | Grad norm: 1.807040 | Time: 1s75ms
Epoch: 029 | Test Loss: 0.0136531 | Time: 456ms
==> Save the model at epoch 029 with test loss 0.0136531
Epoch: 030 | Train Loss: 0.0127293 | Grad norm: 1.879271 | Time: 986ms
Epoch: 030 | Test Loss: 0.0095867 | Time: 454ms
==> Save the model at epoch 030 with test loss 0.0095867
Epoch: 031 | Train Loss: 0.0112629 | Grad norm: 1.465471 | Time: 966ms
Epoch: 031 | Test Loss: 0.0082565 | Time: 528ms
==> Save the model at epoch 031 with test loss 0.0082565
Epoch: 032 | Train Loss: 0.0089641 | Grad norm: 0.973943 | Time: 1s37ms
Epoch: 032 | Test Loss: 0.0107970 | Time: 456ms
Epoch: 033 | Train Loss: 0.0087730 | Grad norm: 0.912542 | Time: 1s67ms
Epoch: 033 | Test Loss: 0.0089912 | Time: 472ms
Epoch: 034 | Train Loss: 0.0080413 | Grad norm: 0.686489 | Time: 1s48ms
Epoch: 034 | Test Loss: 0.0075493 | Time: 477ms
==> Save the model at epoch 034 with test loss 0.0075493
Epoch: 035 | Train Loss: 0.0076776 | Grad norm: 0.501153 | Time: 1s16ms
Epoch: 035 | Test Loss: 0.0076593 | Time: 535ms
Epoch: 036 | Train Loss: 0.0076397 | Grad norm: 0.487782 | Time: 1s8ms
Epoch: 036 | Test Loss: 0.0073970 | Time: 453ms
==> Save the model at epoch 036 with test loss 0.0073970
Epoch: 037 | Train Loss: 0.0074260 | Grad norm: 0.366696 | Time: 1s86ms
Epoch: 037 | Test Loss: 0.0073487 | Time: 455ms
==> Save the model at epoch 037 with test loss 0.0073487
Epoch: 038 | Train Loss: 0.0073414 | Grad norm: 0.327534 | Time: 1s88ms
Epoch: 038 | Test Loss: 0.0073334 | Time: 527ms
==> Save the model at epoch 038 with test loss 0.0073334
Epoch: 039 | Train Loss: 0.0072873 | Grad norm: 0.281205 | Time: 999ms
Epoch: 039 | Test Loss: 0.0071775 | Time: 537ms
==> Save the model at epoch 039 with test loss 0.0071775
Epoch: 040 | Train Loss: 0.0072395 | Grad norm: 0.225351 | Time: 1s156ms
Epoch: 040 | Test Loss: 0.0071518 | Time: 554ms
==> Save the model at epoch 040 with test loss 0.0071518
Total time: 1m873ms
==> Saving trained model weights...
==> Input bias to be applied to the neural network (trained):
[0. 0.]
==> Input transform to be applied to the neural network (trained):
[0.5090095 0.5090095]
==> Output transform to be applied to the neural network (trained):
[3.9366 3.9363]
==> Saving training info...
==> Drawing training loss...
==> Drawing grad norm...
==> Drawing testing loss...
==> Process finished.
