==> torch device:  cuda:0
==> Test-Train split: test_ratio = 0.20
==> Test-Train split seed:  None
==> Further split: further_train_ratio = 0.25
==> Further split seed:  None
==> Input bias to be applied to the neural network:
[0. 0.]
==> Input transform to be applied to the neural network:
[0.496845   0.52004784]
==> Ouput transform to be applied to the neural network:
[1.9242 2.0182]
==> Evaluating model...
==========================================================================================
Layer (type:depth-idx)                   Output Shape              Param #
==========================================================================================
NeuralNetwork                            [1, 2]                    6
├─Sequential: 1-1                        [1, 2]                    --
│    └─Linear: 2-1                       [1, 64]                   192
│    └─ReLU: 2-2                         [1, 64]                   --
│    └─Linear: 2-3                       [1, 64]                   4,160
│    └─ReLU: 2-4                         [1, 64]                   --
│    └─Linear: 2-5                       [1, 64]                   4,160
│    └─ReLU: 2-6                         [1, 64]                   --
│    └─Linear: 2-7                       [1, 64]                   4,160
│    └─ReLU: 2-8                         [1, 64]                   --
│    └─Linear: 2-9                       [1, 64]                   4,160
│    └─ReLU: 2-10                        [1, 64]                   --
│    └─Linear: 2-11                      [1, 64]                   4,160
│    └─ReLU: 2-12                        [1, 64]                   --
│    └─Linear: 2-13                      [1, 64]                   4,160
│    └─ReLU: 2-14                        [1, 64]                   --
│    └─Linear: 2-15                      [1, 2]                    130
├─Sequential: 1-2                        [1, 2]                    (recursive)
│    └─Linear: 2-16                      [1, 64]                   (recursive)
│    └─ReLU: 2-17                        [1, 64]                   --
│    └─Linear: 2-18                      [1, 64]                   (recursive)
│    └─ReLU: 2-19                        [1, 64]                   --
│    └─Linear: 2-20                      [1, 64]                   (recursive)
│    └─ReLU: 2-21                        [1, 64]                   --
│    └─Linear: 2-22                      [1, 64]                   (recursive)
│    └─ReLU: 2-23                        [1, 64]                   --
│    └─Linear: 2-24                      [1, 64]                   (recursive)
│    └─ReLU: 2-25                        [1, 64]                   --
│    └─Linear: 2-26                      [1, 64]                   (recursive)
│    └─ReLU: 2-27                        [1, 64]                   --
│    └─Linear: 2-28                      [1, 64]                   (recursive)
│    └─ReLU: 2-29                        [1, 64]                   --
│    └─Linear: 2-30                      [1, 2]                    (recursive)
==========================================================================================
Total params: 25,288
Trainable params: 25,282
Non-trainable params: 6
Total mult-adds (Units.MEGABYTES): 0.05
==========================================================================================
Input size (MB): 0.00
Forward/backward pass size (MB): 0.01
Params size (MB): 0.10
Estimated Total Size (MB): 0.11
==========================================================================================
==> Saving initial model weights...
==> Start training...
==> Number of param_groups in optimizer: 1
Epoch: 001 | Train Loss: 7.7641213 | Grad norm: 0.267228 | Time: 1s314ms
Epoch: 001 | Test Loss: 7.8142421 | Time: 440ms
==> Save the model at epoch 001 with test loss 7.8142421
Epoch: 002 | Train Loss: 7.2999720 | Grad norm: 1.492100 | Time: 1s95ms
Epoch: 002 | Test Loss: 6.0665242 | Time: 464ms
==> Save the model at epoch 002 with test loss 6.0665242
Epoch: 003 | Train Loss: 1.3675837 | Grad norm: 3.482260 | Time: 1s28ms
Epoch: 003 | Test Loss: 0.1881722 | Time: 525ms
==> Save the model at epoch 003 with test loss 0.1881722
Epoch: 004 | Train Loss: 0.1261399 | Grad norm: 1.805449 | Time: 986ms
Epoch: 004 | Test Loss: 0.0989634 | Time: 440ms
==> Save the model at epoch 004 with test loss 0.0989634
Epoch: 005 | Train Loss: 0.0696689 | Grad norm: 1.693565 | Time: 1s41ms
Epoch: 005 | Test Loss: 0.0621261 | Time: 441ms
==> Save the model at epoch 005 with test loss 0.0621261
Epoch: 006 | Train Loss: 0.0460670 | Grad norm: 1.817164 | Time: 984ms
Epoch: 006 | Test Loss: 0.0398136 | Time: 441ms
==> Save the model at epoch 006 with test loss 0.0398136
Epoch: 007 | Train Loss: 0.0322795 | Grad norm: 1.747216 | Time: 951ms
Epoch: 007 | Test Loss: 0.0305480 | Time: 515ms
==> Save the model at epoch 007 with test loss 0.0305480
Epoch: 008 | Train Loss: 0.0270240 | Grad norm: 2.136609 | Time: 974ms
Epoch: 008 | Test Loss: 0.0276133 | Time: 457ms
==> Save the model at epoch 008 with test loss 0.0276133
Epoch: 009 | Train Loss: 0.0262582 | Grad norm: 2.268528 | Time: 975ms
Epoch: 009 | Test Loss: 0.0241149 | Time: 457ms
==> Save the model at epoch 009 with test loss 0.0241149
Epoch: 010 | Train Loss: 0.0209001 | Grad norm: 1.734585 | Time: 981ms
Epoch: 010 | Test Loss: 0.0161291 | Time: 440ms
==> Save the model at epoch 010 with test loss 0.0161291
Epoch: 011 | Train Loss: 0.0186095 | Grad norm: 1.602230 | Time: 950ms
Epoch: 011 | Test Loss: 0.0142855 | Time: 511ms
==> Save the model at epoch 011 with test loss 0.0142855
Epoch: 012 | Train Loss: 0.0167651 | Grad norm: 1.409520 | Time: 1s43ms
Epoch: 012 | Test Loss: 0.0216176 | Time: 441ms
Epoch: 013 | Train Loss: 0.0164982 | Grad norm: 1.528393 | Time: 1s11ms
Epoch: 013 | Test Loss: 0.0280755 | Time: 460ms
Epoch: 014 | Train Loss: 0.0133434 | Grad norm: 1.233400 | Time: 966ms
Epoch: 014 | Test Loss: 0.0112659 | Time: 441ms
==> Save the model at epoch 014 with test loss 0.0112659
Epoch: 015 | Train Loss: 0.0117306 | Grad norm: 1.047806 | Time: 972ms
Epoch: 015 | Test Loss: 0.0092033 | Time: 511ms
==> Save the model at epoch 015 with test loss 0.0092033
Epoch: 016 | Train Loss: 0.0110963 | Grad norm: 0.916503 | Time: 1s31ms
Epoch: 016 | Test Loss: 0.0111333 | Time: 459ms
Epoch: 017 | Train Loss: 0.0106264 | Grad norm: 0.931050 | Time: 1s19ms
Epoch: 017 | Test Loss: 0.0114790 | Time: 452ms
Epoch: 018 | Train Loss: 0.0120388 | Grad norm: 1.183746 | Time: 951ms
Epoch: 018 | Test Loss: 0.0091176 | Time: 443ms
==> Save the model at epoch 018 with test loss 0.0091176
Epoch: 019 | Train Loss: 0.0095317 | Grad norm: 0.763579 | Time: 921ms
Epoch: 019 | Test Loss: 0.0109702 | Time: 509ms
Epoch: 020 | Train Loss: 0.0102071 | Grad norm: 0.851659 | Time: 970ms
Epoch: 020 | Test Loss: 0.0112033 | Time: 442ms
Epoch: 021 | Train Loss: 0.0090465 | Grad norm: 0.662831 | Time: 1s2ms
Epoch: 021 | Test Loss: 0.0125648 | Time: 441ms
Epoch: 022 | Train Loss: 0.0092464 | Grad norm: 0.713213 | Time: 1s59ms
Epoch: 022 | Test Loss: 0.0090601 | Time: 440ms
==> Save the model at epoch 022 with test loss 0.0090601
Epoch: 023 | Train Loss: 0.0084032 | Grad norm: 0.554405 | Time: 953ms
Epoch: 023 | Test Loss: 0.0103755 | Time: 526ms
Epoch: 024 | Train Loss: 0.0090610 | Grad norm: 0.732536 | Time: 1s15ms
Epoch: 024 | Test Loss: 0.0085330 | Time: 459ms
==> Save the model at epoch 024 with test loss 0.0085330
Epoch: 025 | Train Loss: 0.0084271 | Grad norm: 0.610493 | Time: 1s13ms
Epoch: 025 | Test Loss: 0.0096519 | Time: 440ms
Epoch: 026 | Train Loss: 0.0084111 | Grad norm: 0.608016 | Time: 988ms
Epoch: 026 | Test Loss: 0.0091567 | Time: 440ms
Epoch: 027 | Train Loss: 0.0082233 | Grad norm: 0.588150 | Time: 985ms
Epoch: 027 | Test Loss: 0.0083841 | Time: 526ms
==> Save the model at epoch 027 with test loss 0.0083841
Epoch: 028 | Train Loss: 0.0081038 | Grad norm: 0.539696 | Time: 1s29ms
Epoch: 028 | Test Loss: 0.0075858 | Time: 444ms
==> Save the model at epoch 028 with test loss 0.0075858
Epoch: 029 | Train Loss: 0.0076898 | Grad norm: 0.490628 | Time: 962ms
Epoch: 029 | Test Loss: 0.0076468 | Time: 446ms
Epoch: 030 | Train Loss: 0.0074703 | Grad norm: 0.417072 | Time: 1s49ms
Epoch: 030 | Test Loss: 0.0073832 | Time: 442ms
==> Save the model at epoch 030 with test loss 0.0073832
Epoch: 031 | Train Loss: 0.0072542 | Grad norm: 0.359704 | Time: 1s12ms
Epoch: 031 | Test Loss: 0.0074595 | Time: 530ms
Epoch: 032 | Train Loss: 0.0072480 | Grad norm: 0.363157 | Time: 1s33ms
Epoch: 032 | Test Loss: 0.0073763 | Time: 463ms
==> Save the model at epoch 032 with test loss 0.0073763
Epoch: 033 | Train Loss: 0.0072096 | Grad norm: 0.366690 | Time: 1s5ms
Epoch: 033 | Test Loss: 0.0072689 | Time: 459ms
==> Save the model at epoch 033 with test loss 0.0072689
Epoch: 034 | Train Loss: 0.0070432 | Grad norm: 0.307886 | Time: 981ms
Epoch: 034 | Test Loss: 0.0073574 | Time: 444ms
Epoch: 035 | Train Loss: 0.0069720 | Grad norm: 0.263931 | Time: 1s101ms
Epoch: 035 | Test Loss: 0.0070879 | Time: 511ms
==> Save the model at epoch 035 with test loss 0.0070879
Epoch: 036 | Train Loss: 0.0069235 | Grad norm: 0.261465 | Time: 1s24ms
Epoch: 036 | Test Loss: 0.0070780 | Time: 441ms
==> Save the model at epoch 036 with test loss 0.0070780
Epoch: 037 | Train Loss: 0.0068715 | Grad norm: 0.236143 | Time: 1s39ms
Epoch: 037 | Test Loss: 0.0070560 | Time: 449ms
==> Save the model at epoch 037 with test loss 0.0070560
Epoch: 038 | Train Loss: 0.0068419 | Grad norm: 0.225003 | Time: 1s15ms
Epoch: 038 | Test Loss: 0.0070652 | Time: 442ms
Epoch: 039 | Train Loss: 0.0068143 | Grad norm: 0.223323 | Time: 1s52ms
Epoch: 039 | Test Loss: 0.0070393 | Time: 508ms
==> Save the model at epoch 039 with test loss 0.0070393
Epoch: 040 | Train Loss: 0.0067901 | Grad norm: 0.193375 | Time: 960ms
Epoch: 040 | Test Loss: 0.0070033 | Time: 442ms
==> Save the model at epoch 040 with test loss 0.0070033
Total time: 59s111ms
==> Saving trained model weights...
==> Input bias to be applied to the neural network (trained):
[0. 0.]
==> Input transform to be applied to the neural network (trained):
[0.496845   0.52004784]
==> Output transform to be applied to the neural network (trained):
[1.9242 2.0182]
==> Saving training info...
==> Drawing training loss...
==> Drawing grad norm...
==> Drawing testing loss...
==> Process finished.
