==> torch device:  cuda:0
==> Test-Train split: test_ratio = 0.20
==> Test-Train split seed:  None
==> Further split: further_train_ratio = 0.25
==> Further split seed:  None
==> Lipschitz constant: 4.00
==> Input bias to be applied to the neural network:
[0. 0.]
==> Input transform to be applied to the neural network:
[0.7649939 0.7649939]
==> Ouput transform to be applied to the neural network:
[2.6276 2.6276]
==> Evaluating model...
==========================================================================================
Layer (type:depth-idx)                   Output Shape              Param #
==========================================================================================
NeuralNetwork                            [1, 2]                    6
├─Sequential: 1-1                        [1, 2]                    --
│    └─SandwichFc: 2-1                   [1, 64]                   4,353
│    └─SandwichFc: 2-2                   [1, 64]                   8,321
│    └─SandwichFc: 2-3                   [1, 64]                   8,321
│    └─SandwichFc: 2-4                   [1, 64]                   8,321
│    └─SandwichFc: 2-5                   [1, 64]                   8,321
│    └─SandwichFc: 2-6                   [1, 64]                   8,321
│    └─SandwichFc: 2-7                   [1, 64]                   8,321
│    └─SandwichLin: 2-8                  [1, 2]                    135
├─Sequential: 1-2                        [1, 2]                    (recursive)
│    └─SandwichFc: 2-9                   [1, 64]                   (recursive)
│    └─SandwichFc: 2-10                  [1, 64]                   (recursive)
│    └─SandwichFc: 2-11                  [1, 64]                   (recursive)
│    └─SandwichFc: 2-12                  [1, 64]                   (recursive)
│    └─SandwichFc: 2-13                  [1, 64]                   (recursive)
│    └─SandwichFc: 2-14                  [1, 64]                   (recursive)
│    └─SandwichFc: 2-15                  [1, 64]                   (recursive)
│    └─SandwichLin: 2-16                 [1, 2]                    (recursive)
==========================================================================================
Total params: 54,420
Trainable params: 54,414
Non-trainable params: 6
Total mult-adds (Units.MEGABYTES): 0.11
==========================================================================================
Input size (MB): 0.00
Forward/backward pass size (MB): 0.01
Params size (MB): 0.22
Estimated Total Size (MB): 0.22
==========================================================================================
==> Saving initial model weights...
==> Start training...
==> Number of param_groups in optimizer: 1
Epoch: 001 | Train Loss: 13.5999075 | Grad norm: 14.701249 | Time: 5s406ms
Epoch: 001 | Test Loss: 13.7237910 | Time: 669ms
==> Save the model at epoch 001 with test loss 13.7237910
Epoch: 002 | Train Loss: 2.5385108 | Grad norm: 8.422983 | Time: 4s669ms
Epoch: 002 | Test Loss: 0.0026910 | Time: 641ms
==> Save the model at epoch 002 with test loss 0.0026910
Epoch: 003 | Train Loss: 0.0073409 | Grad norm: 3.510478 | Time: 4s685ms
Epoch: 003 | Test Loss: 0.0202001 | Time: 714ms
Epoch: 004 | Train Loss: 0.0136424 | Grad norm: 4.585134 | Time: 4s814ms
Epoch: 004 | Test Loss: 0.0097970 | Time: 658ms
Epoch: 005 | Train Loss: 0.0223106 | Grad norm: 5.221244 | Time: 4s976ms
Epoch: 005 | Test Loss: 0.0054713 | Time: 642ms
Epoch: 006 | Train Loss: 0.0243298 | Grad norm: 5.086319 | Time: 4s865ms
Epoch: 006 | Test Loss: 0.0248096 | Time: 742ms
Epoch: 007 | Train Loss: 0.0288508 | Grad norm: 5.881083 | Time: 4s898ms
Epoch: 007 | Test Loss: 0.0126966 | Time: 648ms
Epoch: 008 | Train Loss: 0.0319249 | Grad norm: 6.449073 | Time: 4s794ms
Epoch: 008 | Test Loss: 0.0356662 | Time: 657ms
Epoch: 009 | Train Loss: 0.0338809 | Grad norm: 5.829737 | Time: 4s741ms
Epoch: 009 | Test Loss: 0.0394405 | Time: 650ms
Epoch: 010 | Train Loss: 0.0307705 | Grad norm: 6.535311 | Time: 4s806ms
Epoch: 010 | Test Loss: 0.0151418 | Time: 648ms
Epoch: 011 | Train Loss: 0.0282415 | Grad norm: 5.918400 | Time: 4s764ms
Epoch: 011 | Test Loss: 0.0178138 | Time: 659ms
Epoch: 012 | Train Loss: 0.0237263 | Grad norm: 5.553889 | Time: 4s692ms
Epoch: 012 | Test Loss: 0.0138999 | Time: 656ms
Epoch: 013 | Train Loss: 0.0201781 | Grad norm: 5.007646 | Time: 4s804ms
Epoch: 013 | Test Loss: 0.0119678 | Time: 716ms
Epoch: 014 | Train Loss: 0.0199026 | Grad norm: 4.576617 | Time: 4s898ms
Epoch: 014 | Test Loss: 0.0330918 | Time: 646ms
Epoch: 015 | Train Loss: 0.0191170 | Grad norm: 4.323085 | Time: 4s737ms
Epoch: 015 | Test Loss: 0.0194481 | Time: 656ms
Epoch: 016 | Train Loss: 0.0173158 | Grad norm: 3.835940 | Time: 5s103ms
Epoch: 016 | Test Loss: 0.0142900 | Time: 717ms
Epoch: 017 | Train Loss: 0.0142422 | Grad norm: 3.941816 | Time: 4s828ms
Epoch: 017 | Test Loss: 0.0126043 | Time: 645ms
Epoch: 018 | Train Loss: 0.0137819 | Grad norm: 3.410216 | Time: 4s811ms
Epoch: 018 | Test Loss: 0.0115826 | Time: 643ms
Epoch: 019 | Train Loss: 0.0111900 | Grad norm: 3.430997 | Time: 4s707ms
Epoch: 019 | Test Loss: 0.0100564 | Time: 658ms
Epoch: 020 | Train Loss: 0.0093728 | Grad norm: 3.146803 | Time: 4s748ms
Epoch: 020 | Test Loss: 0.0106017 | Time: 653ms
Epoch: 021 | Train Loss: 0.0110481 | Grad norm: 2.976603 | Time: 4s870ms
Epoch: 021 | Test Loss: 0.0065101 | Time: 655ms
Epoch: 022 | Train Loss: 0.0188154 | Grad norm: 4.550028 | Time: 4s919ms
Epoch: 022 | Test Loss: 0.0303465 | Time: 659ms
Epoch: 023 | Train Loss: 0.0158762 | Grad norm: 4.243516 | Time: 4s703ms
Epoch: 023 | Test Loss: 0.0097609 | Time: 719ms
Epoch: 024 | Train Loss: 0.0130586 | Grad norm: 3.812897 | Time: 5s24ms
Epoch: 024 | Test Loss: 0.0092076 | Time: 663ms
Epoch: 025 | Train Loss: 0.0107404 | Grad norm: 3.418643 | Time: 4s718ms
Epoch: 025 | Test Loss: 0.0137240 | Time: 650ms
Epoch: 026 | Train Loss: 0.0081297 | Grad norm: 2.842109 | Time: 4s797ms
Epoch: 026 | Test Loss: 0.0028251 | Time: 642ms
Epoch: 027 | Train Loss: 0.0027169 | Grad norm: 1.125764 | Time: 4s892ms
Epoch: 027 | Test Loss: 0.0033000 | Time: 637ms
Epoch: 028 | Train Loss: 0.0014729 | Grad norm: 0.731492 | Time: 4s796ms
Epoch: 028 | Test Loss: 0.0011045 | Time: 652ms
==> Save the model at epoch 028 with test loss 0.0011045
Epoch: 029 | Train Loss: 0.0009793 | Grad norm: 0.472411 | Time: 4s633ms
Epoch: 029 | Test Loss: 0.0007421 | Time: 642ms
==> Save the model at epoch 029 with test loss 0.0007421
Epoch: 030 | Train Loss: 0.0007866 | Grad norm: 0.332404 | Time: 4s807ms
Epoch: 030 | Test Loss: 0.0008683 | Time: 657ms
Epoch: 031 | Train Loss: 0.0007508 | Grad norm: 0.301299 | Time: 4s649ms
Epoch: 031 | Test Loss: 0.0007000 | Time: 649ms
==> Save the model at epoch 031 with test loss 0.0007000
Epoch: 032 | Train Loss: 0.0006740 | Grad norm: 0.196756 | Time: 4s936ms
Epoch: 032 | Test Loss: 0.0007079 | Time: 653ms
Epoch: 033 | Train Loss: 0.0006554 | Grad norm: 0.207074 | Time: 4s874ms
Epoch: 033 | Test Loss: 0.0006911 | Time: 718ms
==> Save the model at epoch 033 with test loss 0.0006911
Epoch: 034 | Train Loss: 0.0006442 | Grad norm: 0.191618 | Time: 4s993ms
Epoch: 034 | Test Loss: 0.0006611 | Time: 643ms
==> Save the model at epoch 034 with test loss 0.0006611
Epoch: 035 | Train Loss: 0.0006110 | Grad norm: 0.131321 | Time: 4s884ms
Epoch: 035 | Test Loss: 0.0006087 | Time: 662ms
==> Save the model at epoch 035 with test loss 0.0006087
Epoch: 036 | Train Loss: 0.0006037 | Grad norm: 0.137746 | Time: 4s861ms
Epoch: 036 | Test Loss: 0.0006065 | Time: 654ms
==> Save the model at epoch 036 with test loss 0.0006065
Epoch: 037 | Train Loss: 0.0005918 | Grad norm: 0.112186 | Time: 5s6ms
Epoch: 037 | Test Loss: 0.0005992 | Time: 673ms
==> Save the model at epoch 037 with test loss 0.0005992
Epoch: 038 | Train Loss: 0.0005851 | Grad norm: 0.106377 | Time: 4s728ms
Epoch: 038 | Test Loss: 0.0005963 | Time: 656ms
==> Save the model at epoch 038 with test loss 0.0005963
Epoch: 039 | Train Loss: 0.0005798 | Grad norm: 0.081944 | Time: 4s671ms
Epoch: 039 | Test Loss: 0.0005906 | Time: 657ms
==> Save the model at epoch 039 with test loss 0.0005906
Epoch: 040 | Train Loss: 0.0005760 | Grad norm: 0.069229 | Time: 4s767ms
Epoch: 040 | Test Loss: 0.0005895 | Time: 645ms
==> Save the model at epoch 040 with test loss 0.0005895
Total time: 3m39s
==> Saving trained model weights...
==> Input bias to be applied to the neural network (trained):
[0. 0.]
==> Input transform to be applied to the neural network (trained):
[0.7649939 0.7649939]
==> Output transform to be applied to the neural network (trained):
[2.6276 2.6276]
==> Saving training info...
==> Drawing training loss...
==> Drawing grad norm...
==> Drawing testing loss...
==> Process finished.
