==> torch device:  cuda:2
==> Test-Train split: test_ratio = 0.20
==> Test-Train split seed:  None
==> Further split: further_train_ratio = 1.00
==> Further split seed:  None
==> Input bias to be applied to the neural network:
[0. 0.]
==> Input transform to be applied to the neural network:
[1. 1.]
==> Ouput transform to be applied to the neural network:
[1. 1.]
==> Evaluating model...
==========================================================================================
Layer (type:depth-idx)                   Output Shape              Param #
==========================================================================================
NeuralNetwork                            [1, 2]                    6
├─Sequential: 1-1                        [1, 2]                    --
│    └─Linear: 2-1                       [1, 64]                   192
│    └─LeakyReLU: 2-2                    [1, 64]                   --
│    └─Linear: 2-3                       [1, 64]                   4,160
│    └─LeakyReLU: 2-4                    [1, 64]                   --
│    └─Linear: 2-5                       [1, 64]                   4,160
│    └─LeakyReLU: 2-6                    [1, 64]                   --
│    └─Linear: 2-7                       [1, 64]                   4,160
│    └─LeakyReLU: 2-8                    [1, 64]                   --
│    └─Linear: 2-9                       [1, 64]                   4,160
│    └─LeakyReLU: 2-10                   [1, 64]                   --
│    └─Linear: 2-11                      [1, 64]                   4,160
│    └─LeakyReLU: 2-12                   [1, 64]                   --
│    └─Linear: 2-13                      [1, 64]                   4,160
│    └─LeakyReLU: 2-14                   [1, 64]                   --
│    └─Linear: 2-15                      [1, 2]                    130
==========================================================================================
Total params: 25,288
Trainable params: 25,282
Non-trainable params: 6
Total mult-adds (Units.MEGABYTES): 0.03
==========================================================================================
Input size (MB): 0.00
Forward/backward pass size (MB): 0.00
Params size (MB): 0.10
Estimated Total Size (MB): 0.10
==========================================================================================
==> Saving initial model weights...
==> Start training...
Epoch: 001 | Loss: 0.9633649 | L2 loss: 0.8320795 | Lip loss: 0.1312854 | Grad norm: 3.636456 | Time: 34s819ms
Epoch: 001 | Test Loss: 0.0598860 | Time: 437ms
==> Save the model at epoch 001 with test loss 0.0598860
Epoch: 002 | Loss: 0.1965739 | L2 loss: 0.0587832 | Lip loss: 0.1377907 | Grad norm: 4.383237 | Time: 33s674ms
Epoch: 002 | Test Loss: 0.0338733 | Time: 437ms
==> Save the model at epoch 002 with test loss 0.0338733
Epoch: 003 | Loss: 0.1781627 | L2 loss: 0.0383777 | Lip loss: 0.1397849 | Grad norm: 3.389229 | Time: 34s287ms
Epoch: 003 | Test Loss: 0.0355006 | Time: 442ms
Epoch: 004 | Loss: 0.1680291 | L2 loss: 0.0298034 | Lip loss: 0.1382258 | Grad norm: 2.718911 | Time: 33s942ms
Epoch: 004 | Test Loss: 0.0294722 | Time: 447ms
==> Save the model at epoch 004 with test loss 0.0294722
Epoch: 005 | Loss: 0.1672268 | L2 loss: 0.0303007 | Lip loss: 0.1369261 | Grad norm: 2.617643 | Time: 33s855ms
Epoch: 005 | Test Loss: 0.0225049 | Time: 438ms
==> Save the model at epoch 005 with test loss 0.0225049
Epoch: 006 | Loss: 0.1508866 | L2 loss: 0.0139040 | Lip loss: 0.1369826 | Grad norm: 1.097462 | Time: 34s283ms
Epoch: 006 | Test Loss: 0.0136674 | Time: 508ms
==> Save the model at epoch 006 with test loss 0.0136674
Epoch: 007 | Loss: 0.1533235 | L2 loss: 0.0133695 | Lip loss: 0.1399539 | Grad norm: 1.136224 | Time: 33s842ms
Epoch: 007 | Test Loss: 0.0131894 | Time: 505ms
==> Save the model at epoch 007 with test loss 0.0131894
Epoch: 008 | Loss: 0.1490299 | L2 loss: 0.0130290 | Lip loss: 0.1360008 | Grad norm: 1.061298 | Time: 34s80ms
Epoch: 008 | Test Loss: 0.0150682 | Time: 450ms
Epoch: 009 | Loss: 0.1491920 | L2 loss: 0.0134884 | Lip loss: 0.1357036 | Grad norm: 1.089672 | Time: 34s853ms
Epoch: 009 | Test Loss: 0.0132503 | Time: 439ms
Epoch: 010 | Loss: 0.1504405 | L2 loss: 0.0128698 | Lip loss: 0.1375707 | Grad norm: 1.116350 | Time: 35s273ms
Epoch: 010 | Test Loss: 0.0129183 | Time: 443ms
==> Save the model at epoch 010 with test loss 0.0129183
Epoch: 011 | Loss: 0.1486142 | L2 loss: 0.0117342 | Lip loss: 0.1368801 | Grad norm: 0.888996 | Time: 34s412ms
Epoch: 011 | Test Loss: 0.0114167 | Time: 438ms
==> Save the model at epoch 011 with test loss 0.0114167
Epoch: 012 | Loss: 0.1481183 | L2 loss: 0.0116233 | Lip loss: 0.1364950 | Grad norm: 0.929059 | Time: 34s239ms
Epoch: 012 | Test Loss: 0.0116706 | Time: 453ms
Epoch: 013 | Loss: 0.1476032 | L2 loss: 0.0117441 | Lip loss: 0.1358590 | Grad norm: 0.925801 | Time: 34s359ms
Epoch: 013 | Test Loss: 0.0116742 | Time: 440ms
Epoch: 014 | Loss: 0.1482892 | L2 loss: 0.0117173 | Lip loss: 0.1365719 | Grad norm: 0.887678 | Time: 34s425ms
Epoch: 014 | Test Loss: 0.0116195 | Time: 442ms
Epoch: 015 | Loss: 0.1488067 | L2 loss: 0.0117228 | Lip loss: 0.1370839 | Grad norm: 0.905457 | Time: 34s448ms
Epoch: 015 | Test Loss: 0.0115719 | Time: 512ms
Epoch: 016 | Loss: 0.1498886 | L2 loss: 0.0115106 | Lip loss: 0.1383780 | Grad norm: 0.904851 | Time: 34s622ms
Epoch: 016 | Test Loss: 0.0115442 | Time: 507ms
Epoch: 017 | Loss: 0.1494793 | L2 loss: 0.0115610 | Lip loss: 0.1379183 | Grad norm: 0.908030 | Time: 34s881ms
Epoch: 017 | Test Loss: 0.0115176 | Time: 439ms
Epoch: 018 | Loss: 0.1507300 | L2 loss: 0.0115733 | Lip loss: 0.1391566 | Grad norm: 0.866203 | Time: 34s699ms
Epoch: 018 | Test Loss: 0.0116480 | Time: 439ms
Epoch: 019 | Loss: 0.1485164 | L2 loss: 0.0116208 | Lip loss: 0.1368956 | Grad norm: 0.876567 | Time: 34s370ms
Epoch: 019 | Test Loss: 0.0115517 | Time: 442ms
Epoch: 020 | Loss: 0.1523430 | L2 loss: 0.0116399 | Lip loss: 0.1407030 | Grad norm: 0.927573 | Time: 34s531ms
Epoch: 020 | Test Loss: 0.0116052 | Time: 439ms
Epoch: 021 | Loss: 0.1464344 | L2 loss: 0.0116066 | Lip loss: 0.1348278 | Grad norm: 0.852621 | Time: 34s366ms
Epoch: 021 | Test Loss: 0.0115701 | Time: 442ms
Epoch: 022 | Loss: 0.1504290 | L2 loss: 0.0116081 | Lip loss: 0.1388209 | Grad norm: 0.906113 | Time: 34s180ms
Epoch: 022 | Test Loss: 0.0115961 | Time: 435ms
Epoch: 023 | Loss: 0.1477514 | L2 loss: 0.0116235 | Lip loss: 0.1361279 | Grad norm: 0.881937 | Time: 33s581ms
Epoch: 023 | Test Loss: 0.0115905 | Time: 437ms
Epoch: 024 | Loss: 0.1463678 | L2 loss: 0.0116021 | Lip loss: 0.1347657 | Grad norm: 0.831102 | Time: 34s538ms
Epoch: 024 | Test Loss: 0.0115650 | Time: 504ms
Epoch: 025 | Loss: 0.1482894 | L2 loss: 0.0115846 | Lip loss: 0.1367048 | Grad norm: 0.858141 | Time: 34s912ms
Epoch: 025 | Test Loss: 0.0115530 | Time: 625ms
Epoch: 026 | Loss: 0.1478936 | L2 loss: 0.0115778 | Lip loss: 0.1363158 | Grad norm: 0.891914 | Time: 34s157ms
Epoch: 026 | Test Loss: 0.0115538 | Time: 436ms
Epoch: 027 | Loss: 0.1476114 | L2 loss: 0.0115779 | Lip loss: 0.1360335 | Grad norm: 0.840153 | Time: 34s374ms
Epoch: 027 | Test Loss: 0.0115542 | Time: 479ms
Epoch: 028 | Loss: 0.1473682 | L2 loss: 0.0115791 | Lip loss: 0.1357891 | Grad norm: 0.888836 | Time: 34s778ms
Epoch: 028 | Test Loss: 0.0115545 | Time: 438ms
Epoch: 029 | Loss: 0.1477614 | L2 loss: 0.0115785 | Lip loss: 0.1361829 | Grad norm: 0.867424 | Time: 34s852ms
Epoch: 029 | Test Loss: 0.0115547 | Time: 438ms
Epoch: 030 | Loss: 0.1491655 | L2 loss: 0.0115801 | Lip loss: 0.1375854 | Grad norm: 0.883218 | Time: 34s75ms
Epoch: 030 | Test Loss: 0.0115561 | Time: 446ms
Epoch: 031 | Loss: 0.1483894 | L2 loss: 0.0115805 | Lip loss: 0.1368090 | Grad norm: 0.876645 | Time: 34s303ms
Epoch: 031 | Test Loss: 0.0115561 | Time: 459ms
Epoch: 032 | Loss: 0.1515686 | L2 loss: 0.0115805 | Lip loss: 0.1399882 | Grad norm: 0.932442 | Time: 34s426ms
Epoch: 032 | Test Loss: 0.0115561 | Time: 510ms
Epoch: 033 | Loss: 0.1496772 | L2 loss: 0.0115805 | Lip loss: 0.1380967 | Grad norm: 0.876705 | Time: 34s404ms
Epoch: 033 | Test Loss: 0.0115562 | Time: 433ms
Epoch: 034 | Loss: 0.1493420 | L2 loss: 0.0115805 | Lip loss: 0.1377614 | Grad norm: 0.907237 | Time: 34s238ms
Epoch: 034 | Test Loss: 0.0115562 | Time: 532ms
Epoch: 035 | Loss: 0.1481329 | L2 loss: 0.0115805 | Lip loss: 0.1365524 | Grad norm: 0.882267 | Time: 34s169ms
Epoch: 035 | Test Loss: 0.0115562 | Time: 506ms
Epoch: 036 | Loss: 0.1507490 | L2 loss: 0.0115805 | Lip loss: 0.1391685 | Grad norm: 0.905336 | Time: 33s690ms
Epoch: 036 | Test Loss: 0.0115562 | Time: 434ms
Epoch: 037 | Loss: 0.1479664 | L2 loss: 0.0115805 | Lip loss: 0.1363858 | Grad norm: 0.881660 | Time: 34s292ms
Epoch: 037 | Test Loss: 0.0115562 | Time: 432ms
Epoch: 038 | Loss: 0.1500178 | L2 loss: 0.0115805 | Lip loss: 0.1384373 | Grad norm: 0.914164 | Time: 33s162ms
Epoch: 038 | Test Loss: 0.0115562 | Time: 431ms
Epoch: 039 | Loss: 0.1489737 | L2 loss: 0.0115805 | Lip loss: 0.1373932 | Grad norm: 0.875089 | Time: 33s334ms
Epoch: 039 | Test Loss: 0.0115562 | Time: 435ms
Epoch: 040 | Loss: 0.1478657 | L2 loss: 0.0115805 | Lip loss: 0.1362852 | Grad norm: 0.903688 | Time: 33s794ms
Epoch: 040 | Test Loss: 0.0115562 | Time: 422ms
Total time: 23m9s
==> Saving trained model weights...
==> Input bias to be applied to the neural network (trained):
[0. 0.]
==> Input transform to be applied to the neural network (trained):
[1. 1.]
==> Output transform to be applied to the neural network (trained):
[1. 1.]
==> Saving training info...
==> Drawing training loss...
==> Drawing grad norm...
==> Drawing testing loss...
==> Drawing l2 loss...
==> Drawing lip loss...
==> Process finished.
