==> torch device:  cuda:3
==> Test-Train split: test_ratio = 0.20
==> Test-Train split seed:  None
==> Further split: further_train_ratio = 1.00
==> Further split seed:  None
==> Lipschitz constant: 16.00
==> Input bias to be applied to the neural network:
[0. 0. 0. 0.]
==> Input transform to be applied to the neural network:
[ 0.62900996  0.6288912  11.792453    9.624639  ]
==> Ouput transform to be applied to the neural network:
[0.0521 0.054 ]
==> Evaluating model...
==========================================================================================
Layer (type:depth-idx)                   Output Shape              Param #
==========================================================================================
NeuralNetwork                            [1, 2]                    10
├─Sequential: 1-1                        [1, 2]                    --
│    └─SandwichFc: 2-1                   [1, 64]                   4,481
│    └─SandwichFc: 2-2                   [1, 64]                   8,321
│    └─SandwichFc: 2-3                   [1, 64]                   8,321
│    └─SandwichFc: 2-4                   [1, 64]                   8,321
│    └─SandwichFc: 2-5                   [1, 64]                   8,321
│    └─SandwichFc: 2-6                   [1, 64]                   8,321
│    └─SandwichFc: 2-7                   [1, 64]                   8,321
│    └─SandwichLin: 2-8                  [1, 2]                    135
├─Sequential: 1-2                        [1, 2]                    (recursive)
│    └─SandwichFc: 2-9                   [1, 64]                   (recursive)
│    └─SandwichFc: 2-10                  [1, 64]                   (recursive)
│    └─SandwichFc: 2-11                  [1, 64]                   (recursive)
│    └─SandwichFc: 2-12                  [1, 64]                   (recursive)
│    └─SandwichFc: 2-13                  [1, 64]                   (recursive)
│    └─SandwichFc: 2-14                  [1, 64]                   (recursive)
│    └─SandwichFc: 2-15                  [1, 64]                   (recursive)
│    └─SandwichLin: 2-16                 [1, 2]                    (recursive)
==========================================================================================
Total params: 54,552
Trainable params: 54,542
Non-trainable params: 10
Total mult-adds (Units.MEGABYTES): 0.11
==========================================================================================
Input size (MB): 0.00
Forward/backward pass size (MB): 0.01
Params size (MB): 0.22
Estimated Total Size (MB): 0.23
==========================================================================================
==> Saving initial model weights...
==> Start training...
==> Number of param_groups in optimizer: 1
Epoch: 001 | Train Loss: 0.0058036 | Grad norm: 0.018802 | Time: 16s571ms
Epoch: 001 | Test Loss: 0.0057991 | Time: 631ms
==> Save the model at epoch 001 with test loss 0.0057991
Epoch: 002 | Train Loss: 0.0028506 | Grad norm: 0.009258 | Time: 16s643ms
Epoch: 002 | Test Loss: 0.0027311 | Time: 613ms
==> Save the model at epoch 002 with test loss 0.0027311
Epoch: 003 | Train Loss: 0.0027580 | Grad norm: 0.007554 | Time: 16s587ms
Epoch: 003 | Test Loss: 0.0027367 | Time: 660ms
Epoch: 004 | Train Loss: 0.0027651 | Grad norm: 0.006810 | Time: 16s417ms
Epoch: 004 | Test Loss: 0.0027638 | Time: 622ms
Epoch: 005 | Train Loss: 0.0027697 | Grad norm: 0.006118 | Time: 16s905ms
Epoch: 005 | Test Loss: 0.0027318 | Time: 620ms
Epoch: 006 | Train Loss: 0.0027783 | Grad norm: 0.005974 | Time: 16s603ms
Epoch: 006 | Test Loss: 0.0027867 | Time: 682ms
Epoch: 007 | Train Loss: 0.0027804 | Grad norm: 0.005465 | Time: 16s732ms
Epoch: 007 | Test Loss: 0.0027635 | Time: 626ms
Epoch: 008 | Train Loss: 0.0027686 | Grad norm: 0.004970 | Time: 16s669ms
Epoch: 008 | Test Loss: 0.0027518 | Time: 620ms
Epoch: 009 | Train Loss: 0.0027737 | Grad norm: 0.004715 | Time: 16s415ms
Epoch: 009 | Test Loss: 0.0027360 | Time: 689ms
Epoch: 010 | Train Loss: 0.0027639 | Grad norm: 0.004382 | Time: 17s445ms
Epoch: 010 | Test Loss: 0.0027871 | Time: 624ms
Epoch: 011 | Train Loss: 0.0027616 | Grad norm: 0.004119 | Time: 16s959ms
Epoch: 011 | Test Loss: 0.0027630 | Time: 617ms
Epoch: 012 | Train Loss: 0.0027527 | Grad norm: 0.003841 | Time: 16s987ms
Epoch: 012 | Test Loss: 0.0027737 | Time: 621ms
Epoch: 013 | Train Loss: 0.0027492 | Grad norm: 0.003765 | Time: 16s961ms
Epoch: 013 | Test Loss: 0.0027567 | Time: 612ms
Epoch: 014 | Train Loss: 0.0027432 | Grad norm: 0.003544 | Time: 16s843ms
Epoch: 014 | Test Loss: 0.0027293 | Time: 616ms
==> Save the model at epoch 014 with test loss 0.0027293
Epoch: 015 | Train Loss: 0.0027472 | Grad norm: 0.003653 | Time: 16s857ms
Epoch: 015 | Test Loss: 0.0027953 | Time: 614ms
Epoch: 016 | Train Loss: 0.0027409 | Grad norm: 0.003492 | Time: 16s881ms
Epoch: 016 | Test Loss: 0.0027476 | Time: 657ms
Epoch: 017 | Train Loss: 0.0027345 | Grad norm: 0.003216 | Time: 16s650ms
Epoch: 017 | Test Loss: 0.0027354 | Time: 623ms
Epoch: 018 | Train Loss: 0.0027325 | Grad norm: 0.003261 | Time: 16s958ms
Epoch: 018 | Test Loss: 0.0027239 | Time: 619ms
==> Save the model at epoch 018 with test loss 0.0027239
Epoch: 019 | Train Loss: 0.0027279 | Grad norm: 0.003212 | Time: 16s980ms
Epoch: 019 | Test Loss: 0.0027238 | Time: 614ms
==> Save the model at epoch 019 with test loss 0.0027238
Epoch: 020 | Train Loss: 0.0027263 | Grad norm: 0.003158 | Time: 16s732ms
Epoch: 020 | Test Loss: 0.0027370 | Time: 681ms
Epoch: 021 | Train Loss: 0.0027230 | Grad norm: 0.003109 | Time: 16s924ms
Epoch: 021 | Test Loss: 0.0027268 | Time: 612ms
Epoch: 022 | Train Loss: 0.0027183 | Grad norm: 0.003097 | Time: 16s917ms
Epoch: 022 | Test Loss: 0.0027106 | Time: 613ms
==> Save the model at epoch 022 with test loss 0.0027106
Epoch: 023 | Train Loss: 0.0027133 | Grad norm: 0.003032 | Time: 16s949ms
Epoch: 023 | Test Loss: 0.0027243 | Time: 624ms
Epoch: 024 | Train Loss: 0.0027101 | Grad norm: 0.003026 | Time: 17s1ms
Epoch: 024 | Test Loss: 0.0027142 | Time: 630ms
Epoch: 025 | Train Loss: 0.0027039 | Grad norm: 0.003013 | Time: 16s689ms
Epoch: 025 | Test Loss: 0.0027195 | Time: 627ms
Epoch: 026 | Train Loss: 0.0026985 | Grad norm: 0.003019 | Time: 16s155ms
Epoch: 026 | Test Loss: 0.0027033 | Time: 632ms
==> Save the model at epoch 026 with test loss 0.0027033
Epoch: 027 | Train Loss: 0.0026961 | Grad norm: 0.003136 | Time: 17s237ms
Epoch: 027 | Test Loss: 0.0026976 | Time: 608ms
==> Save the model at epoch 027 with test loss 0.0026976
Epoch: 028 | Train Loss: 0.0026869 | Grad norm: 0.003096 | Time: 17s430ms
Epoch: 028 | Test Loss: 0.0027056 | Time: 619ms
Epoch: 029 | Train Loss: 0.0026821 | Grad norm: 0.003205 | Time: 17s139ms
Epoch: 029 | Test Loss: 0.0026955 | Time: 608ms
==> Save the model at epoch 029 with test loss 0.0026955
Epoch: 030 | Train Loss: 0.0026740 | Grad norm: 0.003220 | Time: 17s193ms
Epoch: 030 | Test Loss: 0.0026914 | Time: 628ms
==> Save the model at epoch 030 with test loss 0.0026914
Epoch: 031 | Train Loss: 0.0026680 | Grad norm: 0.003336 | Time: 16s848ms
Epoch: 031 | Test Loss: 0.0026908 | Time: 693ms
==> Save the model at epoch 031 with test loss 0.0026908
Epoch: 032 | Train Loss: 0.0026606 | Grad norm: 0.003414 | Time: 16s443ms
Epoch: 032 | Test Loss: 0.0026849 | Time: 608ms
==> Save the model at epoch 032 with test loss 0.0026849
Epoch: 033 | Train Loss: 0.0026541 | Grad norm: 0.003484 | Time: 16s945ms
Epoch: 033 | Test Loss: 0.0026811 | Time: 636ms
==> Save the model at epoch 033 with test loss 0.0026811
Epoch: 034 | Train Loss: 0.0026464 | Grad norm: 0.003609 | Time: 16s680ms
Epoch: 034 | Test Loss: 0.0026700 | Time: 684ms
==> Save the model at epoch 034 with test loss 0.0026700
Epoch: 035 | Train Loss: 0.0026401 | Grad norm: 0.003719 | Time: 16s765ms
Epoch: 035 | Test Loss: 0.0026672 | Time: 627ms
==> Save the model at epoch 035 with test loss 0.0026672
Epoch: 036 | Train Loss: 0.0026345 | Grad norm: 0.003832 | Time: 16s989ms
Epoch: 036 | Test Loss: 0.0026695 | Time: 609ms
Epoch: 037 | Train Loss: 0.0026301 | Grad norm: 0.003878 | Time: 16s748ms
Epoch: 037 | Test Loss: 0.0026618 | Time: 621ms
==> Save the model at epoch 037 with test loss 0.0026618
Epoch: 038 | Train Loss: 0.0026262 | Grad norm: 0.003940 | Time: 17s834ms
Epoch: 038 | Test Loss: 0.0026599 | Time: 627ms
==> Save the model at epoch 038 with test loss 0.0026599
Epoch: 039 | Train Loss: 0.0026233 | Grad norm: 0.003989 | Time: 17s236ms
Epoch: 039 | Test Loss: 0.0026600 | Time: 629ms
Epoch: 040 | Train Loss: 0.0026216 | Grad norm: 0.003988 | Time: 17s228ms
Epoch: 040 | Test Loss: 0.0026598 | Time: 662ms
==> Save the model at epoch 040 with test loss 0.0026598
Total time: 11m40s
==> Saving trained model weights...
==> Input bias to be applied to the neural network (trained):
[0. 0. 0. 0.]
==> Input transform to be applied to the neural network (trained):
[ 0.62900996  0.6288912  11.792453    9.624639  ]
==> Output transform to be applied to the neural network (trained):
[0.0521 0.054 ]
==> Saving training info...
==> Drawing training loss...
==> Drawing grad norm...
==> Drawing testing loss...
==> Process finished.
