==> torch device:  cuda:2
==> Test-Train split: test_ratio = 0.20
==> Test-Train split seed:  None
==> Further split: further_train_ratio = 1.00
==> Further split seed:  None
==> Input bias to be applied to the neural network:
[0. 0.]
==> Input transform to be applied to the neural network:
[1. 1.]
==> Ouput transform to be applied to the neural network:
[1. 1.]
==> Evaluating model...
==========================================================================================
Layer (type:depth-idx)                   Output Shape              Param #
==========================================================================================
NeuralNetwork                            [1, 2]                    6
├─Sequential: 1-1                        [1, 2]                    --
│    └─Linear: 2-1                       [1, 64]                   192
│    └─LeakyReLU: 2-2                    [1, 64]                   --
│    └─Linear: 2-3                       [1, 64]                   4,160
│    └─LeakyReLU: 2-4                    [1, 64]                   --
│    └─Linear: 2-5                       [1, 64]                   4,160
│    └─LeakyReLU: 2-6                    [1, 64]                   --
│    └─Linear: 2-7                       [1, 64]                   4,160
│    └─LeakyReLU: 2-8                    [1, 64]                   --
│    └─Linear: 2-9                       [1, 64]                   4,160
│    └─LeakyReLU: 2-10                   [1, 64]                   --
│    └─Linear: 2-11                      [1, 64]                   4,160
│    └─LeakyReLU: 2-12                   [1, 64]                   --
│    └─Linear: 2-13                      [1, 64]                   4,160
│    └─LeakyReLU: 2-14                   [1, 64]                   --
│    └─Linear: 2-15                      [1, 2]                    130
==========================================================================================
Total params: 25,288
Trainable params: 25,282
Non-trainable params: 6
Total mult-adds (Units.MEGABYTES): 0.03
==========================================================================================
Input size (MB): 0.00
Forward/backward pass size (MB): 0.00
Params size (MB): 0.10
Estimated Total Size (MB): 0.10
==========================================================================================
==> Saving initial model weights...
==> Start training...
Epoch: 001 | Loss: 9.2051863 | L2 loss: 9.0737969 | Lip loss: 0.1313894 | Grad norm: 5.392228 | Time: 41s590ms
Epoch: 001 | Test Loss: 0.0113113 | Time: 546ms
==> Save the model at epoch 001 with test loss 0.0113113
Epoch: 002 | Loss: 0.2127335 | L2 loss: 0.0072232 | Lip loss: 0.2055104 | Grad norm: 2.479926 | Time: 40s650ms
Epoch: 002 | Test Loss: 0.0052352 | Time: 539ms
==> Save the model at epoch 002 with test loss 0.0052352
Epoch: 003 | Loss: 0.2099496 | L2 loss: 0.0058301 | Lip loss: 0.2041196 | Grad norm: 2.218055 | Time: 41s115ms
Epoch: 003 | Test Loss: 0.0042659 | Time: 532ms
==> Save the model at epoch 003 with test loss 0.0042659
Epoch: 004 | Loss: 0.2087597 | L2 loss: 0.0052204 | Lip loss: 0.2035394 | Grad norm: 2.011563 | Time: 40s551ms
Epoch: 004 | Test Loss: 0.0046799 | Time: 545ms
Epoch: 005 | Loss: 0.2079913 | L2 loss: 0.0050104 | Lip loss: 0.2029810 | Grad norm: 1.955099 | Time: 40s315ms
Epoch: 005 | Test Loss: 0.0050026 | Time: 555ms
Epoch: 006 | Loss: 0.2064561 | L2 loss: 0.0038451 | Lip loss: 0.2026110 | Grad norm: 1.177267 | Time: 40s634ms
Epoch: 006 | Test Loss: 0.0036988 | Time: 625ms
==> Save the model at epoch 006 with test loss 0.0036988
Epoch: 007 | Loss: 0.2062547 | L2 loss: 0.0038164 | Lip loss: 0.2024382 | Grad norm: 1.141680 | Time: 40s523ms
Epoch: 007 | Test Loss: 0.0038134 | Time: 529ms
Epoch: 008 | Loss: 0.2061362 | L2 loss: 0.0037696 | Lip loss: 0.2023666 | Grad norm: 1.151978 | Time: 40s502ms
Epoch: 008 | Test Loss: 0.0037385 | Time: 542ms
Epoch: 009 | Loss: 0.2060650 | L2 loss: 0.0037800 | Lip loss: 0.2022850 | Grad norm: 1.152827 | Time: 40s706ms
Epoch: 009 | Test Loss: 0.0036796 | Time: 539ms
==> Save the model at epoch 009 with test loss 0.0036796
Epoch: 010 | Loss: 0.2059736 | L2 loss: 0.0037334 | Lip loss: 0.2022403 | Grad norm: 1.119044 | Time: 40s928ms
Epoch: 010 | Test Loss: 0.0037418 | Time: 546ms
Epoch: 011 | Loss: 0.2057841 | L2 loss: 0.0036318 | Lip loss: 0.2021523 | Grad norm: 0.976978 | Time: 40s949ms
Epoch: 011 | Test Loss: 0.0036505 | Time: 543ms
==> Save the model at epoch 011 with test loss 0.0036505
Epoch: 012 | Loss: 0.2058301 | L2 loss: 0.0036219 | Lip loss: 0.2022082 | Grad norm: 0.964501 | Time: 41s181ms
Epoch: 012 | Test Loss: 0.0036204 | Time: 545ms
==> Save the model at epoch 012 with test loss 0.0036204
Epoch: 013 | Loss: 0.2057906 | L2 loss: 0.0036253 | Lip loss: 0.2021653 | Grad norm: 0.977708 | Time: 41s621ms
Epoch: 013 | Test Loss: 0.0036225 | Time: 612ms
Epoch: 014 | Loss: 0.2058235 | L2 loss: 0.0036165 | Lip loss: 0.2022069 | Grad norm: 0.985669 | Time: 41s194ms
Epoch: 014 | Test Loss: 0.0036509 | Time: 534ms
Epoch: 015 | Loss: 0.2056274 | L2 loss: 0.0036106 | Lip loss: 0.2020168 | Grad norm: 0.978701 | Time: 41s29ms
Epoch: 015 | Test Loss: 0.0036115 | Time: 528ms
==> Save the model at epoch 015 with test loss 0.0036115
Epoch: 016 | Loss: 0.2056857 | L2 loss: 0.0035943 | Lip loss: 0.2020913 | Grad norm: 0.976331 | Time: 40s581ms
Epoch: 016 | Test Loss: 0.0036094 | Time: 610ms
==> Save the model at epoch 016 with test loss 0.0036094
Epoch: 017 | Loss: 0.2057449 | L2 loss: 0.0035905 | Lip loss: 0.2021544 | Grad norm: 0.930090 | Time: 41s576ms
Epoch: 017 | Test Loss: 0.0036158 | Time: 538ms
Epoch: 018 | Loss: 0.2057293 | L2 loss: 0.0035945 | Lip loss: 0.2021348 | Grad norm: 0.952740 | Time: 40s930ms
Epoch: 018 | Test Loss: 0.0036100 | Time: 557ms
Epoch: 019 | Loss: 0.2060139 | L2 loss: 0.0035934 | Lip loss: 0.2024205 | Grad norm: 0.950038 | Time: 40s527ms
Epoch: 019 | Test Loss: 0.0036152 | Time: 528ms
Epoch: 020 | Loss: 0.2057385 | L2 loss: 0.0035981 | Lip loss: 0.2021403 | Grad norm: 0.940913 | Time: 41s208ms
Epoch: 020 | Test Loss: 0.0036076 | Time: 526ms
==> Save the model at epoch 020 with test loss 0.0036076
Epoch: 021 | Loss: 0.2057524 | L2 loss: 0.0035908 | Lip loss: 0.2021616 | Grad norm: 0.965085 | Time: 40s991ms
Epoch: 021 | Test Loss: 0.0036087 | Time: 526ms
Epoch: 022 | Loss: 0.2057083 | L2 loss: 0.0035920 | Lip loss: 0.2021163 | Grad norm: 0.942297 | Time: 41s502ms
Epoch: 022 | Test Loss: 0.0036102 | Time: 534ms
Epoch: 023 | Loss: 0.2056290 | L2 loss: 0.0035934 | Lip loss: 0.2020356 | Grad norm: 0.948864 | Time: 41s59ms
Epoch: 023 | Test Loss: 0.0036107 | Time: 608ms
Epoch: 024 | Loss: 0.2058416 | L2 loss: 0.0035937 | Lip loss: 0.2022479 | Grad norm: 0.947721 | Time: 41s559ms
Epoch: 024 | Test Loss: 0.0036112 | Time: 535ms
Epoch: 025 | Loss: 0.2056981 | L2 loss: 0.0035946 | Lip loss: 0.2021035 | Grad norm: 0.953494 | Time: 41s52ms
Epoch: 025 | Test Loss: 0.0036121 | Time: 535ms
Epoch: 026 | Loss: 0.2056458 | L2 loss: 0.0035949 | Lip loss: 0.2020509 | Grad norm: 0.946028 | Time: 40s952ms
Epoch: 026 | Test Loss: 0.0036121 | Time: 532ms
Epoch: 027 | Loss: 0.2057635 | L2 loss: 0.0035950 | Lip loss: 0.2021685 | Grad norm: 0.935093 | Time: 41s473ms
Epoch: 027 | Test Loss: 0.0036121 | Time: 549ms
Epoch: 028 | Loss: 0.2057275 | L2 loss: 0.0035951 | Lip loss: 0.2021324 | Grad norm: 0.933903 | Time: 41s548ms
Epoch: 028 | Test Loss: 0.0036121 | Time: 533ms
Epoch: 029 | Loss: 0.2058419 | L2 loss: 0.0035951 | Lip loss: 0.2022469 | Grad norm: 0.954740 | Time: 41s4ms
Epoch: 029 | Test Loss: 0.0036121 | Time: 543ms
Epoch: 030 | Loss: 0.2058752 | L2 loss: 0.0035954 | Lip loss: 0.2022798 | Grad norm: 0.925128 | Time: 41s503ms
Epoch: 030 | Test Loss: 0.0036121 | Time: 530ms
Epoch: 031 | Loss: 0.2057020 | L2 loss: 0.0035949 | Lip loss: 0.2021070 | Grad norm: 0.975215 | Time: 41s951ms
Epoch: 031 | Test Loss: 0.0036121 | Time: 542ms
Epoch: 032 | Loss: 0.2058032 | L2 loss: 0.0035949 | Lip loss: 0.2022083 | Grad norm: 0.947505 | Time: 40s358ms
Epoch: 032 | Test Loss: 0.0036121 | Time: 539ms
Epoch: 033 | Loss: 0.2058118 | L2 loss: 0.0035953 | Lip loss: 0.2022164 | Grad norm: 0.945073 | Time: 41s260ms
Epoch: 033 | Test Loss: 0.0036121 | Time: 539ms
Epoch: 034 | Loss: 0.2057071 | L2 loss: 0.0035950 | Lip loss: 0.2021121 | Grad norm: 0.944625 | Time: 41s723ms
Epoch: 034 | Test Loss: 0.0036121 | Time: 536ms
Epoch: 035 | Loss: 0.2058031 | L2 loss: 0.0035948 | Lip loss: 0.2022083 | Grad norm: 0.968729 | Time: 41s219ms
Epoch: 035 | Test Loss: 0.0036121 | Time: 534ms
Epoch: 036 | Loss: 0.2058318 | L2 loss: 0.0035951 | Lip loss: 0.2022367 | Grad norm: 0.962734 | Time: 41s249ms
Epoch: 036 | Test Loss: 0.0036121 | Time: 535ms
Epoch: 037 | Loss: 0.2058274 | L2 loss: 0.0035953 | Lip loss: 0.2022321 | Grad norm: 0.960894 | Time: 40s470ms
Epoch: 037 | Test Loss: 0.0036121 | Time: 602ms
Epoch: 038 | Loss: 0.2057759 | L2 loss: 0.0035949 | Lip loss: 0.2021810 | Grad norm: 0.943245 | Time: 40s639ms
Epoch: 038 | Test Loss: 0.0036121 | Time: 528ms
Epoch: 039 | Loss: 0.2058392 | L2 loss: 0.0035949 | Lip loss: 0.2022443 | Grad norm: 0.961120 | Time: 41s290ms
Epoch: 039 | Test Loss: 0.0036121 | Time: 539ms
Epoch: 040 | Loss: 0.2056859 | L2 loss: 0.0035948 | Lip loss: 0.2020911 | Grad norm: 0.969228 | Time: 41s693ms
Epoch: 040 | Test Loss: 0.0036121 | Time: 548ms
Total time: 27m44s
==> Saving trained model weights...
==> Input bias to be applied to the neural network (trained):
[0. 0.]
==> Input transform to be applied to the neural network (trained):
[1. 1.]
==> Output transform to be applied to the neural network (trained):
[1. 1.]
==> Saving training info...
==> Drawing training loss...
==> Drawing grad norm...
==> Drawing testing loss...
==> Drawing l2 loss...
==> Drawing lip loss...
==> Process finished.
