==> torch device:  cuda:2
==> Test-Train split: test_ratio = 0.20
==> Test-Train split seed:  None
==> Further split: further_train_ratio = 0.25
==> Further split seed:  None
==> Input bias to be applied to the neural network:
[0. 0. 0. 0.]
==> Input transform to be applied to the neural network:
[1. 1. 1. 1.]
==> Ouput transform to be applied to the neural network:
[1. 1.]
==> Evaluating model...
==========================================================================================
Layer (type:depth-idx)                   Output Shape              Param #
==========================================================================================
NeuralNetwork                            [1, 2]                    10
├─Sequential: 1-1                        [1, 2]                    --
│    └─Linear: 2-1                       [1, 64]                   320
│    └─LeakyReLU: 2-2                    [1, 64]                   --
│    └─Linear: 2-3                       [1, 64]                   4,160
│    └─LeakyReLU: 2-4                    [1, 64]                   --
│    └─Linear: 2-5                       [1, 64]                   4,160
│    └─LeakyReLU: 2-6                    [1, 64]                   --
│    └─Linear: 2-7                       [1, 64]                   4,160
│    └─LeakyReLU: 2-8                    [1, 64]                   --
│    └─Linear: 2-9                       [1, 64]                   4,160
│    └─LeakyReLU: 2-10                   [1, 64]                   --
│    └─Linear: 2-11                      [1, 64]                   4,160
│    └─LeakyReLU: 2-12                   [1, 64]                   --
│    └─Linear: 2-13                      [1, 64]                   4,160
│    └─LeakyReLU: 2-14                   [1, 64]                   --
│    └─Linear: 2-15                      [1, 2]                    130
==========================================================================================
Total params: 25,420
Trainable params: 25,410
Non-trainable params: 10
Total mult-adds (Units.MEGABYTES): 0.03
==========================================================================================
Input size (MB): 0.00
Forward/backward pass size (MB): 0.00
Params size (MB): 0.10
Estimated Total Size (MB): 0.11
==========================================================================================
==> Saving initial model weights...
==> Start training...
Epoch: 001 | Loss: 0.0012753 | L2 loss: 0.0012753 | Lip loss: 0.0000000 | Grad norm: 0.026461 | Time: 8s979ms
Epoch: 001 | Test Loss: 0.0007042 | Time: 511ms
==> Save the model at epoch 001 with test loss 0.0007042
Epoch: 002 | Loss: 0.0003870 | L2 loss: 0.0003870 | Lip loss: 0.0000000 | Grad norm: 0.006563 | Time: 8s631ms
Epoch: 002 | Test Loss: 0.0003051 | Time: 606ms
==> Save the model at epoch 002 with test loss 0.0003051
Epoch: 003 | Loss: 0.0001325 | L2 loss: 0.0001325 | Lip loss: 0.0000000 | Grad norm: 0.006015 | Time: 8s728ms
Epoch: 003 | Test Loss: 0.0000769 | Time: 501ms
==> Save the model at epoch 003 with test loss 0.0000769
Epoch: 004 | Loss: 0.0000756 | L2 loss: 0.0000756 | Lip loss: 0.0000000 | Grad norm: 0.004189 | Time: 8s438ms
Epoch: 004 | Test Loss: 0.0000743 | Time: 505ms
==> Save the model at epoch 004 with test loss 0.0000743
Epoch: 005 | Loss: 0.0000758 | L2 loss: 0.0000758 | Lip loss: 0.0000000 | Grad norm: 0.005183 | Time: 8s382ms
Epoch: 005 | Test Loss: 0.0000758 | Time: 494ms
Epoch: 006 | Loss: 0.0000693 | L2 loss: 0.0000693 | Lip loss: 0.0000000 | Grad norm: 0.001922 | Time: 8s349ms
Epoch: 006 | Test Loss: 0.0000684 | Time: 502ms
==> Save the model at epoch 006 with test loss 0.0000684
Epoch: 007 | Loss: 0.0000687 | L2 loss: 0.0000687 | Lip loss: 0.0000000 | Grad norm: 0.001760 | Time: 8s68ms
Epoch: 007 | Test Loss: 0.0000680 | Time: 502ms
==> Save the model at epoch 007 with test loss 0.0000680
Epoch: 008 | Loss: 0.0000686 | L2 loss: 0.0000686 | Lip loss: 0.0000000 | Grad norm: 0.001896 | Time: 8s189ms
Epoch: 008 | Test Loss: 0.0000680 | Time: 499ms
Epoch: 009 | Loss: 0.0000684 | L2 loss: 0.0000684 | Lip loss: 0.0000000 | Grad norm: 0.001730 | Time: 8s286ms
Epoch: 009 | Test Loss: 0.0000677 | Time: 508ms
==> Save the model at epoch 009 with test loss 0.0000677
Epoch: 010 | Loss: 0.0000682 | L2 loss: 0.0000682 | Lip loss: 0.0000000 | Grad norm: 0.001581 | Time: 8s522ms
Epoch: 010 | Test Loss: 0.0000680 | Time: 527ms
Epoch: 011 | Loss: 0.0000679 | L2 loss: 0.0000679 | Lip loss: 0.0000000 | Grad norm: 0.001510 | Time: 8s494ms
Epoch: 011 | Test Loss: 0.0000674 | Time: 504ms
==> Save the model at epoch 011 with test loss 0.0000674
Epoch: 012 | Loss: 0.0000678 | L2 loss: 0.0000678 | Lip loss: 0.0000000 | Grad norm: 0.001276 | Time: 8s257ms
Epoch: 012 | Test Loss: 0.0000674 | Time: 529ms
==> Save the model at epoch 012 with test loss 0.0000674
Epoch: 013 | Loss: 0.0000677 | L2 loss: 0.0000677 | Lip loss: 0.0000000 | Grad norm: 0.001283 | Time: 8s302ms
Epoch: 013 | Test Loss: 0.0000674 | Time: 582ms
Epoch: 014 | Loss: 0.0000677 | L2 loss: 0.0000677 | Lip loss: 0.0000000 | Grad norm: 0.001309 | Time: 8s122ms
Epoch: 014 | Test Loss: 0.0000674 | Time: 516ms
==> Save the model at epoch 014 with test loss 0.0000674
Epoch: 015 | Loss: 0.0000677 | L2 loss: 0.0000677 | Lip loss: 0.0000000 | Grad norm: 0.001413 | Time: 8s273ms
Epoch: 015 | Test Loss: 0.0000675 | Time: 507ms
Epoch: 016 | Loss: 0.0000678 | L2 loss: 0.0000677 | Lip loss: 0.0000000 | Grad norm: 0.001383 | Time: 8s160ms
Epoch: 016 | Test Loss: 0.0000674 | Time: 578ms
==> Save the model at epoch 016 with test loss 0.0000674
Epoch: 017 | Loss: 0.0000677 | L2 loss: 0.0000677 | Lip loss: 0.0000000 | Grad norm: 0.001215 | Time: 8s241ms
Epoch: 017 | Test Loss: 0.0000674 | Time: 495ms
==> Save the model at epoch 017 with test loss 0.0000674
Epoch: 018 | Loss: 0.0000677 | L2 loss: 0.0000677 | Lip loss: 0.0000000 | Grad norm: 0.001284 | Time: 8s196ms
Epoch: 018 | Test Loss: 0.0000674 | Time: 500ms
Epoch: 019 | Loss: 0.0000677 | L2 loss: 0.0000677 | Lip loss: 0.0000000 | Grad norm: 0.001297 | Time: 8s389ms
Epoch: 019 | Test Loss: 0.0000674 | Time: 510ms
Epoch: 020 | Loss: 0.0000677 | L2 loss: 0.0000677 | Lip loss: 0.0000000 | Grad norm: 0.001270 | Time: 8s71ms
Epoch: 020 | Test Loss: 0.0000674 | Time: 517ms
Epoch: 021 | Loss: 0.0000677 | L2 loss: 0.0000677 | Lip loss: 0.0000000 | Grad norm: 0.001235 | Time: 8s35ms
Epoch: 021 | Test Loss: 0.0000674 | Time: 503ms
Epoch: 022 | Loss: 0.0000676 | L2 loss: 0.0000676 | Lip loss: 0.0000000 | Grad norm: 0.001204 | Time: 8s204ms
Epoch: 022 | Test Loss: 0.0000674 | Time: 500ms
Epoch: 023 | Loss: 0.0000677 | L2 loss: 0.0000677 | Lip loss: 0.0000000 | Grad norm: 0.001342 | Time: 8s5ms
Epoch: 023 | Test Loss: 0.0000674 | Time: 493ms
Epoch: 024 | Loss: 0.0000676 | L2 loss: 0.0000676 | Lip loss: 0.0000000 | Grad norm: 0.001266 | Time: 8s25ms
Epoch: 024 | Test Loss: 0.0000674 | Time: 567ms
Epoch: 025 | Loss: 0.0000677 | L2 loss: 0.0000677 | Lip loss: 0.0000000 | Grad norm: 0.001260 | Time: 8s140ms
Epoch: 025 | Test Loss: 0.0000674 | Time: 508ms
Epoch: 026 | Loss: 0.0000676 | L2 loss: 0.0000676 | Lip loss: 0.0000000 | Grad norm: 0.001300 | Time: 8s492ms
Epoch: 026 | Test Loss: 0.0000674 | Time: 499ms
Epoch: 027 | Loss: 0.0000676 | L2 loss: 0.0000676 | Lip loss: 0.0000000 | Grad norm: 0.001290 | Time: 8s174ms
Epoch: 027 | Test Loss: 0.0000674 | Time: 575ms
Epoch: 028 | Loss: 0.0000676 | L2 loss: 0.0000676 | Lip loss: 0.0000000 | Grad norm: 0.001346 | Time: 8s265ms
Epoch: 028 | Test Loss: 0.0000674 | Time: 515ms
Epoch: 029 | Loss: 0.0000677 | L2 loss: 0.0000677 | Lip loss: 0.0000000 | Grad norm: 0.001318 | Time: 8s98ms
Epoch: 029 | Test Loss: 0.0000674 | Time: 516ms
Epoch: 030 | Loss: 0.0000676 | L2 loss: 0.0000676 | Lip loss: 0.0000000 | Grad norm: 0.001217 | Time: 8s182ms
Epoch: 030 | Test Loss: 0.0000674 | Time: 499ms
Epoch: 031 | Loss: 0.0000676 | L2 loss: 0.0000676 | Lip loss: 0.0000000 | Grad norm: 0.001344 | Time: 8s123ms
Epoch: 031 | Test Loss: 0.0000674 | Time: 502ms
Epoch: 032 | Loss: 0.0000676 | L2 loss: 0.0000676 | Lip loss: 0.0000000 | Grad norm: 0.001265 | Time: 8s218ms
Epoch: 032 | Test Loss: 0.0000674 | Time: 510ms
Epoch: 033 | Loss: 0.0000676 | L2 loss: 0.0000676 | Lip loss: 0.0000000 | Grad norm: 0.001154 | Time: 8s313ms
Epoch: 033 | Test Loss: 0.0000674 | Time: 497ms
Epoch: 034 | Loss: 0.0000676 | L2 loss: 0.0000676 | Lip loss: 0.0000000 | Grad norm: 0.001307 | Time: 8s748ms
Epoch: 034 | Test Loss: 0.0000674 | Time: 520ms
Epoch: 035 | Loss: 0.0000677 | L2 loss: 0.0000677 | Lip loss: 0.0000000 | Grad norm: 0.001233 | Time: 8s375ms
Epoch: 035 | Test Loss: 0.0000674 | Time: 573ms
Epoch: 036 | Loss: 0.0000677 | L2 loss: 0.0000677 | Lip loss: 0.0000000 | Grad norm: 0.001328 | Time: 8s279ms
Epoch: 036 | Test Loss: 0.0000674 | Time: 498ms
Epoch: 037 | Loss: 0.0000676 | L2 loss: 0.0000676 | Lip loss: 0.0000000 | Grad norm: 0.001280 | Time: 8s596ms
Epoch: 037 | Test Loss: 0.0000674 | Time: 505ms
Epoch: 038 | Loss: 0.0000676 | L2 loss: 0.0000676 | Lip loss: 0.0000000 | Grad norm: 0.001141 | Time: 8s441ms
Epoch: 038 | Test Loss: 0.0000674 | Time: 584ms
Epoch: 039 | Loss: 0.0000677 | L2 loss: 0.0000677 | Lip loss: 0.0000000 | Grad norm: 0.001396 | Time: 8s726ms
Epoch: 039 | Test Loss: 0.0000674 | Time: 534ms
Epoch: 040 | Loss: 0.0000676 | L2 loss: 0.0000676 | Lip loss: 0.0000000 | Grad norm: 0.001296 | Time: 8s333ms
Epoch: 040 | Test Loss: 0.0000674 | Time: 514ms
Total time: 5m53s
==> Saving trained model weights...
==> Input bias to be applied to the neural network (trained):
[0. 0. 0. 0.]
==> Input transform to be applied to the neural network (trained):
[1. 1. 1. 1.]
==> Output transform to be applied to the neural network (trained):
[1. 1.]
==> Saving training info...
==> Drawing training loss...
==> Drawing grad norm...
==> Drawing testing loss...
==> Drawing l2 loss...
==> Drawing lip loss...
==> Process finished.
