==> torch device:  cuda:0
==> Test-Train split: test_ratio = 0.20
==> Test-Train split seed:  None
==> Further split: further_train_ratio = 0.25
==> Further split seed:  None
==> Input bias to be applied to the neural network:
[0. 0. 0. 0.]
==> Input transform to be applied to the neural network:
[0.7072636  0.72212595 0.6760411  0.67349136]
==> Ouput transform to be applied to the neural network:
[0.2287 0.2871]
==> Evaluating model...
==========================================================================================
Layer (type:depth-idx)                   Output Shape              Param #
==========================================================================================
NeuralNetwork                            [1, 2]                    10
├─Sequential: 1-1                        [1, 2]                    --
│    └─Linear: 2-1                       [1, 64]                   320
│    └─ReLU: 2-2                         [1, 64]                   --
│    └─Linear: 2-3                       [1, 64]                   4,160
│    └─ReLU: 2-4                         [1, 64]                   --
│    └─Linear: 2-5                       [1, 64]                   4,160
│    └─ReLU: 2-6                         [1, 64]                   --
│    └─Linear: 2-7                       [1, 64]                   4,160
│    └─ReLU: 2-8                         [1, 64]                   --
│    └─Linear: 2-9                       [1, 64]                   4,160
│    └─ReLU: 2-10                        [1, 64]                   --
│    └─Linear: 2-11                      [1, 64]                   4,160
│    └─ReLU: 2-12                        [1, 64]                   --
│    └─Linear: 2-13                      [1, 64]                   4,160
│    └─ReLU: 2-14                        [1, 64]                   --
│    └─Linear: 2-15                      [1, 2]                    130
├─Sequential: 1-2                        [1, 2]                    (recursive)
│    └─Linear: 2-16                      [1, 64]                   (recursive)
│    └─ReLU: 2-17                        [1, 64]                   --
│    └─Linear: 2-18                      [1, 64]                   (recursive)
│    └─ReLU: 2-19                        [1, 64]                   --
│    └─Linear: 2-20                      [1, 64]                   (recursive)
│    └─ReLU: 2-21                        [1, 64]                   --
│    └─Linear: 2-22                      [1, 64]                   (recursive)
│    └─ReLU: 2-23                        [1, 64]                   --
│    └─Linear: 2-24                      [1, 64]                   (recursive)
│    └─ReLU: 2-25                        [1, 64]                   --
│    └─Linear: 2-26                      [1, 64]                   (recursive)
│    └─ReLU: 2-27                        [1, 64]                   --
│    └─Linear: 2-28                      [1, 64]                   (recursive)
│    └─ReLU: 2-29                        [1, 64]                   --
│    └─Linear: 2-30                      [1, 2]                    (recursive)
==========================================================================================
Total params: 25,420
Trainable params: 25,410
Non-trainable params: 10
Total mult-adds (Units.MEGABYTES): 0.05
==========================================================================================
Input size (MB): 0.00
Forward/backward pass size (MB): 0.01
Params size (MB): 0.10
Estimated Total Size (MB): 0.11
==========================================================================================
==> Saving initial model weights...
==> Start training...
==> Number of param_groups in optimizer: 1
Epoch: 001 | Train Loss: 0.1327456 | Grad norm: 0.004000 | Time: 1s271ms
Epoch: 001 | Test Loss: 0.1351060 | Time: 515ms
==> Save the model at epoch 001 with test loss 0.1351060
Epoch: 002 | Train Loss: 0.0358020 | Grad norm: 0.080019 | Time: 1s70ms
Epoch: 002 | Test Loss: 0.0113167 | Time: 495ms
==> Save the model at epoch 002 with test loss 0.0113167
Epoch: 003 | Train Loss: 0.0107229 | Grad norm: 0.048469 | Time: 1s33ms
Epoch: 003 | Test Loss: 0.0116262 | Time: 580ms
Epoch: 004 | Train Loss: 0.0106775 | Grad norm: 0.036082 | Time: 1s135ms
Epoch: 004 | Test Loss: 0.0111132 | Time: 589ms
==> Save the model at epoch 004 with test loss 0.0111132
Epoch: 005 | Train Loss: 0.0106510 | Grad norm: 0.033522 | Time: 1s183ms
Epoch: 005 | Test Loss: 0.0111563 | Time: 499ms
Epoch: 006 | Train Loss: 0.0107094 | Grad norm: 0.036927 | Time: 1s42ms
Epoch: 006 | Test Loss: 0.0111854 | Time: 495ms
Epoch: 007 | Train Loss: 0.0107273 | Grad norm: 0.038555 | Time: 1s48ms
Epoch: 007 | Test Loss: 0.0128362 | Time: 583ms
Epoch: 008 | Train Loss: 0.0106482 | Grad norm: 0.036611 | Time: 1s135ms
Epoch: 008 | Test Loss: 0.0112699 | Time: 515ms
Epoch: 009 | Train Loss: 0.0112686 | Grad norm: 0.053002 | Time: 1s93ms
Epoch: 009 | Test Loss: 0.0113554 | Time: 506ms
Epoch: 010 | Train Loss: 0.0105196 | Grad norm: 0.038802 | Time: 1s82ms
Epoch: 010 | Test Loss: 0.0105796 | Time: 500ms
==> Save the model at epoch 010 with test loss 0.0105796
Epoch: 011 | Train Loss: 0.0103192 | Grad norm: 0.037589 | Time: 1s148ms
Epoch: 011 | Test Loss: 0.0111514 | Time: 568ms
Epoch: 012 | Train Loss: 0.0102182 | Grad norm: 0.034404 | Time: 1s55ms
Epoch: 012 | Test Loss: 0.0106807 | Time: 497ms
Epoch: 013 | Train Loss: 0.0101285 | Grad norm: 0.034183 | Time: 1s80ms
Epoch: 013 | Test Loss: 0.0106180 | Time: 496ms
Epoch: 014 | Train Loss: 0.0100597 | Grad norm: 0.034386 | Time: 1s90ms
Epoch: 014 | Test Loss: 0.0104564 | Time: 509ms
==> Save the model at epoch 014 with test loss 0.0104564
Epoch: 015 | Train Loss: 0.0101044 | Grad norm: 0.039383 | Time: 1s76ms
Epoch: 015 | Test Loss: 0.0108393 | Time: 564ms
Epoch: 016 | Train Loss: 0.0099171 | Grad norm: 0.034100 | Time: 1s67ms
Epoch: 016 | Test Loss: 0.0103469 | Time: 524ms
==> Save the model at epoch 016 with test loss 0.0103469
Epoch: 017 | Train Loss: 0.0095882 | Grad norm: 0.025678 | Time: 1s62ms
Epoch: 017 | Test Loss: 0.0104966 | Time: 499ms
Epoch: 018 | Train Loss: 0.0096451 | Grad norm: 0.030096 | Time: 1s56ms
Epoch: 018 | Test Loss: 0.0103899 | Time: 496ms
Epoch: 019 | Train Loss: 0.0095920 | Grad norm: 0.032588 | Time: 1s69ms
Epoch: 019 | Test Loss: 0.0103447 | Time: 569ms
==> Save the model at epoch 019 with test loss 0.0103447
Epoch: 020 | Train Loss: 0.0097815 | Grad norm: 0.037341 | Time: 1s76ms
Epoch: 020 | Test Loss: 0.0100748 | Time: 513ms
==> Save the model at epoch 020 with test loss 0.0100748
Epoch: 021 | Train Loss: 0.0093688 | Grad norm: 0.025067 | Time: 1s82ms
Epoch: 021 | Test Loss: 0.0097658 | Time: 498ms
==> Save the model at epoch 021 with test loss 0.0097658
Epoch: 022 | Train Loss: 0.0092967 | Grad norm: 0.027945 | Time: 1s66ms
Epoch: 022 | Test Loss: 0.0097530 | Time: 508ms
==> Save the model at epoch 022 with test loss 0.0097530
Epoch: 023 | Train Loss: 0.0093183 | Grad norm: 0.030336 | Time: 1s52ms
Epoch: 023 | Test Loss: 0.0099764 | Time: 579ms
Epoch: 024 | Train Loss: 0.0091234 | Grad norm: 0.028481 | Time: 1s41ms
Epoch: 024 | Test Loss: 0.0097094 | Time: 503ms
==> Save the model at epoch 024 with test loss 0.0097094
Epoch: 025 | Train Loss: 0.0089628 | Grad norm: 0.025456 | Time: 959ms
Epoch: 025 | Test Loss: 0.0095271 | Time: 515ms
==> Save the model at epoch 025 with test loss 0.0095271
Epoch: 026 | Train Loss: 0.0088517 | Grad norm: 0.024944 | Time: 1s150ms
Epoch: 026 | Test Loss: 0.0095907 | Time: 501ms
Epoch: 027 | Train Loss: 0.0086646 | Grad norm: 0.025476 | Time: 1s45ms
Epoch: 027 | Test Loss: 0.0091793 | Time: 566ms
==> Save the model at epoch 027 with test loss 0.0091793
Epoch: 028 | Train Loss: 0.0084635 | Grad norm: 0.023588 | Time: 1s63ms
Epoch: 028 | Test Loss: 0.0090281 | Time: 506ms
==> Save the model at epoch 028 with test loss 0.0090281
Epoch: 029 | Train Loss: 0.0083826 | Grad norm: 0.023285 | Time: 1s99ms
Epoch: 029 | Test Loss: 0.0088687 | Time: 498ms
==> Save the model at epoch 029 with test loss 0.0088687
Epoch: 030 | Train Loss: 0.0082381 | Grad norm: 0.022009 | Time: 1s86ms
Epoch: 030 | Test Loss: 0.0090305 | Time: 497ms
Epoch: 031 | Train Loss: 0.0082051 | Grad norm: 0.024015 | Time: 1s53ms
Epoch: 031 | Test Loss: 0.0085990 | Time: 592ms
==> Save the model at epoch 031 with test loss 0.0085990
Epoch: 032 | Train Loss: 0.0080337 | Grad norm: 0.021247 | Time: 1s124ms
Epoch: 032 | Test Loss: 0.0085199 | Time: 517ms
==> Save the model at epoch 032 with test loss 0.0085199
Epoch: 033 | Train Loss: 0.0079960 | Grad norm: 0.021245 | Time: 1s52ms
Epoch: 033 | Test Loss: 0.0084656 | Time: 533ms
==> Save the model at epoch 033 with test loss 0.0084656
Epoch: 034 | Train Loss: 0.0078707 | Grad norm: 0.020184 | Time: 1s80ms
Epoch: 034 | Test Loss: 0.0084126 | Time: 504ms
==> Save the model at epoch 034 with test loss 0.0084126
Epoch: 035 | Train Loss: 0.0078116 | Grad norm: 0.019481 | Time: 1s53ms
Epoch: 035 | Test Loss: 0.0083735 | Time: 567ms
==> Save the model at epoch 035 with test loss 0.0083735
Epoch: 036 | Train Loss: 0.0077844 | Grad norm: 0.020817 | Time: 1s61ms
Epoch: 036 | Test Loss: 0.0082869 | Time: 524ms
==> Save the model at epoch 036 with test loss 0.0082869
Epoch: 037 | Train Loss: 0.0077050 | Grad norm: 0.019312 | Time: 1s129ms
Epoch: 037 | Test Loss: 0.0082456 | Time: 565ms
==> Save the model at epoch 037 with test loss 0.0082456
Epoch: 038 | Train Loss: 0.0076680 | Grad norm: 0.019481 | Time: 1s121ms
Epoch: 038 | Test Loss: 0.0082149 | Time: 563ms
==> Save the model at epoch 038 with test loss 0.0082149
Epoch: 039 | Train Loss: 0.0076436 | Grad norm: 0.018776 | Time: 1s96ms
Epoch: 039 | Test Loss: 0.0082005 | Time: 589ms
==> Save the model at epoch 039 with test loss 0.0082005
Epoch: 040 | Train Loss: 0.0076073 | Grad norm: 0.018583 | Time: 1s77ms
Epoch: 040 | Test Loss: 0.0081980 | Time: 497ms
==> Save the model at epoch 040 with test loss 0.0081980
Total time: 1m4s
==> Saving trained model weights...
==> Input bias to be applied to the neural network (trained):
[0. 0. 0. 0.]
==> Input transform to be applied to the neural network (trained):
[0.7072636  0.72212595 0.6760411  0.67349136]
==> Output transform to be applied to the neural network (trained):
[0.2287 0.2871]
==> Saving training info...
==> Drawing training loss...
==> Drawing grad norm...
==> Drawing testing loss...
==> Process finished.
