==> torch device:  cuda:1
==> Test-Train split: test_ratio = 0.20
==> Test-Train split seed:  None
==> Further split: further_train_ratio = 1.00
==> Further split seed:  None
==> Input bias to be applied to the neural network:
[0. 0.]
==> Input transform to be applied to the neural network:
[0.5576312  0.56041247]
==> Ouput transform to be applied to the neural network:
[1.7847 1.7916]
==> Evaluating model...
==========================================================================================
Layer (type:depth-idx)                   Output Shape              Param #
==========================================================================================
NeuralNetwork                            [1, 2]                    6
├─Sequential: 1-1                        [1, 2]                    --
│    └─Linear: 2-1                       [1, 64]                   192
│    └─ReLU: 2-2                         [1, 64]                   --
│    └─Linear: 2-3                       [1, 64]                   4,160
│    └─ReLU: 2-4                         [1, 64]                   --
│    └─Linear: 2-5                       [1, 64]                   4,160
│    └─ReLU: 2-6                         [1, 64]                   --
│    └─Linear: 2-7                       [1, 64]                   4,160
│    └─ReLU: 2-8                         [1, 64]                   --
│    └─Linear: 2-9                       [1, 64]                   4,160
│    └─ReLU: 2-10                        [1, 64]                   --
│    └─Linear: 2-11                      [1, 64]                   4,160
│    └─ReLU: 2-12                        [1, 64]                   --
│    └─Linear: 2-13                      [1, 64]                   4,160
│    └─ReLU: 2-14                        [1, 64]                   --
│    └─Linear: 2-15                      [1, 2]                    130
├─Sequential: 1-2                        [1, 2]                    (recursive)
│    └─Linear: 2-16                      [1, 64]                   (recursive)
│    └─ReLU: 2-17                        [1, 64]                   --
│    └─Linear: 2-18                      [1, 64]                   (recursive)
│    └─ReLU: 2-19                        [1, 64]                   --
│    └─Linear: 2-20                      [1, 64]                   (recursive)
│    └─ReLU: 2-21                        [1, 64]                   --
│    └─Linear: 2-22                      [1, 64]                   (recursive)
│    └─ReLU: 2-23                        [1, 64]                   --
│    └─Linear: 2-24                      [1, 64]                   (recursive)
│    └─ReLU: 2-25                        [1, 64]                   --
│    └─Linear: 2-26                      [1, 64]                   (recursive)
│    └─ReLU: 2-27                        [1, 64]                   --
│    └─Linear: 2-28                      [1, 64]                   (recursive)
│    └─ReLU: 2-29                        [1, 64]                   --
│    └─Linear: 2-30                      [1, 2]                    (recursive)
==========================================================================================
Total params: 25,288
Trainable params: 25,282
Non-trainable params: 6
Total mult-adds (Units.MEGABYTES): 0.05
==========================================================================================
Input size (MB): 0.00
Forward/backward pass size (MB): 0.01
Params size (MB): 0.10
Estimated Total Size (MB): 0.11
==========================================================================================
==> Saving initial model weights...
==> Start training...
==> Number of param_groups in optimizer: 1
Epoch: 001 | Train Loss: 6.3936257 | Grad norm: 0.215930 | Time: 7s106ms
Epoch: 001 | Test Loss: 6.4077490 | Time: 742ms
==> Save the model at epoch 001 with test loss 6.4077490
Epoch: 002 | Train Loss: 0.7823767 | Grad norm: 0.623974 | Time: 6s706ms
Epoch: 002 | Test Loss: 0.0035124 | Time: 742ms
==> Save the model at epoch 002 with test loss 0.0035124
Epoch: 003 | Train Loss: 0.0033517 | Grad norm: 0.204783 | Time: 6s757ms
Epoch: 003 | Test Loss: 0.0031921 | Time: 740ms
==> Save the model at epoch 003 with test loss 0.0031921
Epoch: 004 | Train Loss: 0.0032363 | Grad norm: 0.233399 | Time: 6s970ms
Epoch: 004 | Test Loss: 0.0030300 | Time: 740ms
==> Save the model at epoch 004 with test loss 0.0030300
Epoch: 005 | Train Loss: 0.0032461 | Grad norm: 0.248892 | Time: 6s655ms
Epoch: 005 | Test Loss: 0.0036500 | Time: 745ms
Epoch: 006 | Train Loss: 0.0033247 | Grad norm: 0.262173 | Time: 6s492ms
Epoch: 006 | Test Loss: 0.0033200 | Time: 743ms
Epoch: 007 | Train Loss: 0.0033657 | Grad norm: 0.276141 | Time: 7s148ms
Epoch: 007 | Test Loss: 0.0031732 | Time: 744ms
Epoch: 008 | Train Loss: 0.0034303 | Grad norm: 0.284334 | Time: 6s602ms
Epoch: 008 | Test Loss: 0.0034693 | Time: 739ms
Epoch: 009 | Train Loss: 0.0035678 | Grad norm: 0.307882 | Time: 6s576ms
Epoch: 009 | Test Loss: 0.0028738 | Time: 738ms
==> Save the model at epoch 009 with test loss 0.0028738
Epoch: 010 | Train Loss: 0.0033828 | Grad norm: 0.265065 | Time: 6s640ms
Epoch: 010 | Test Loss: 0.0029490 | Time: 762ms
Epoch: 011 | Train Loss: 0.0033234 | Grad norm: 0.252660 | Time: 6s722ms
Epoch: 011 | Test Loss: 0.0033112 | Time: 742ms
Epoch: 012 | Train Loss: 0.0033393 | Grad norm: 0.260438 | Time: 6s698ms
Epoch: 012 | Test Loss: 0.0032948 | Time: 737ms
Epoch: 013 | Train Loss: 0.0032703 | Grad norm: 0.241731 | Time: 6s611ms
Epoch: 013 | Test Loss: 0.0031079 | Time: 743ms
Epoch: 014 | Train Loss: 0.0033022 | Grad norm: 0.247381 | Time: 6s519ms
Epoch: 014 | Test Loss: 0.0029048 | Time: 747ms
Epoch: 015 | Train Loss: 0.0032363 | Grad norm: 0.242572 | Time: 6s638ms
Epoch: 015 | Test Loss: 0.0030577 | Time: 765ms
Epoch: 016 | Train Loss: 0.0032248 | Grad norm: 0.232393 | Time: 6s858ms
Epoch: 016 | Test Loss: 0.0032817 | Time: 828ms
Epoch: 017 | Train Loss: 0.0032570 | Grad norm: 0.240690 | Time: 6s785ms
Epoch: 017 | Test Loss: 0.0028809 | Time: 812ms
Epoch: 018 | Train Loss: 0.0031404 | Grad norm: 0.212578 | Time: 6s786ms
Epoch: 018 | Test Loss: 0.0029848 | Time: 812ms
Epoch: 019 | Train Loss: 0.0030832 | Grad norm: 0.202984 | Time: 6s737ms
Epoch: 019 | Test Loss: 0.0035776 | Time: 815ms
Epoch: 020 | Train Loss: 0.0030545 | Grad norm: 0.193635 | Time: 7s135ms
Epoch: 020 | Test Loss: 0.0031125 | Time: 744ms
Epoch: 021 | Train Loss: 0.0030550 | Grad norm: 0.197986 | Time: 6s757ms
Epoch: 021 | Test Loss: 0.0030850 | Time: 759ms
Epoch: 022 | Train Loss: 0.0030457 | Grad norm: 0.192648 | Time: 6s794ms
Epoch: 022 | Test Loss: 0.0031874 | Time: 748ms
Epoch: 023 | Train Loss: 0.0029840 | Grad norm: 0.176253 | Time: 6s765ms
Epoch: 023 | Test Loss: 0.0032181 | Time: 747ms
Epoch: 024 | Train Loss: 0.0030442 | Grad norm: 0.196646 | Time: 6s571ms
Epoch: 024 | Test Loss: 0.0029969 | Time: 744ms
Epoch: 025 | Train Loss: 0.0029504 | Grad norm: 0.166972 | Time: 6s690ms
Epoch: 025 | Test Loss: 0.0027650 | Time: 745ms
==> Save the model at epoch 025 with test loss 0.0027650
Epoch: 026 | Train Loss: 0.0028921 | Grad norm: 0.150490 | Time: 6s740ms
Epoch: 026 | Test Loss: 0.0029729 | Time: 745ms
Epoch: 027 | Train Loss: 0.0029154 | Grad norm: 0.160161 | Time: 6s544ms
Epoch: 027 | Test Loss: 0.0032483 | Time: 762ms
Epoch: 028 | Train Loss: 0.0028472 | Grad norm: 0.138587 | Time: 6s771ms
Epoch: 028 | Test Loss: 0.0029058 | Time: 764ms
Epoch: 029 | Train Loss: 0.0028526 | Grad norm: 0.144965 | Time: 6s737ms
Epoch: 029 | Test Loss: 0.0027244 | Time: 756ms
==> Save the model at epoch 029 with test loss 0.0027244
Epoch: 030 | Train Loss: 0.0028231 | Grad norm: 0.132390 | Time: 6s645ms
Epoch: 030 | Test Loss: 0.0028987 | Time: 743ms
Epoch: 031 | Train Loss: 0.0027929 | Grad norm: 0.118985 | Time: 6s708ms
Epoch: 031 | Test Loss: 0.0027972 | Time: 759ms
Epoch: 032 | Train Loss: 0.0027735 | Grad norm: 0.114538 | Time: 6s620ms
Epoch: 032 | Test Loss: 0.0027836 | Time: 745ms
Epoch: 033 | Train Loss: 0.0027581 | Grad norm: 0.108766 | Time: 6s819ms
Epoch: 033 | Test Loss: 0.0028711 | Time: 743ms
Epoch: 034 | Train Loss: 0.0027371 | Grad norm: 0.099045 | Time: 6s802ms
Epoch: 034 | Test Loss: 0.0027104 | Time: 743ms
==> Save the model at epoch 034 with test loss 0.0027104
Epoch: 035 | Train Loss: 0.0027178 | Grad norm: 0.088585 | Time: 6s830ms
Epoch: 035 | Test Loss: 0.0027448 | Time: 745ms
Epoch: 036 | Train Loss: 0.0027050 | Grad norm: 0.082814 | Time: 6s720ms
Epoch: 036 | Test Loss: 0.0027347 | Time: 763ms
Epoch: 037 | Train Loss: 0.0026881 | Grad norm: 0.071216 | Time: 6s776ms
Epoch: 037 | Test Loss: 0.0027144 | Time: 864ms
Epoch: 038 | Train Loss: 0.0026769 | Grad norm: 0.065289 | Time: 6s655ms
Epoch: 038 | Test Loss: 0.0027313 | Time: 889ms
Epoch: 039 | Train Loss: 0.0026683 | Grad norm: 0.060081 | Time: 6s529ms
Epoch: 039 | Test Loss: 0.0026698 | Time: 819ms
==> Save the model at epoch 039 with test loss 0.0026698
Epoch: 040 | Train Loss: 0.0026630 | Grad norm: 0.055590 | Time: 6s753ms
Epoch: 040 | Test Loss: 0.0026684 | Time: 833ms
==> Save the model at epoch 040 with test loss 0.0026684
Total time: 5m29ms
==> Saving trained model weights...
==> Input bias to be applied to the neural network (trained):
[0. 0.]
==> Input transform to be applied to the neural network (trained):
[0.5576312  0.56041247]
==> Output transform to be applied to the neural network (trained):
[1.7847 1.7916]
==> Saving training info...
==> Drawing training loss...
==> Drawing grad norm...
==> Drawing testing loss...
==> Process finished.
