==> torch device:  cuda:1
==> Test-Train split: test_ratio = 0.20
==> Test-Train split seed:  None
==> Further split: further_train_ratio = 0.50
==> Further split seed:  None
==> Input bias to be applied to the neural network:
[0. 0. 0. 0.]
==> Input transform to be applied to the neural network:
[0.7072636  0.72212595 0.6760411  0.67349136]
==> Ouput transform to be applied to the neural network:
[0.2287 0.2871]
==> Evaluating model...
==========================================================================================
Layer (type:depth-idx)                   Output Shape              Param #
==========================================================================================
NeuralNetwork                            [1, 2]                    10
├─Sequential: 1-1                        [1, 2]                    --
│    └─Linear: 2-1                       [1, 64]                   320
│    └─ReLU: 2-2                         [1, 64]                   --
│    └─Linear: 2-3                       [1, 64]                   4,160
│    └─ReLU: 2-4                         [1, 64]                   --
│    └─Linear: 2-5                       [1, 64]                   4,160
│    └─ReLU: 2-6                         [1, 64]                   --
│    └─Linear: 2-7                       [1, 64]                   4,160
│    └─ReLU: 2-8                         [1, 64]                   --
│    └─Linear: 2-9                       [1, 64]                   4,160
│    └─ReLU: 2-10                        [1, 64]                   --
│    └─Linear: 2-11                      [1, 64]                   4,160
│    └─ReLU: 2-12                        [1, 64]                   --
│    └─Linear: 2-13                      [1, 64]                   4,160
│    └─ReLU: 2-14                        [1, 64]                   --
│    └─Linear: 2-15                      [1, 2]                    130
├─Sequential: 1-2                        [1, 2]                    (recursive)
│    └─Linear: 2-16                      [1, 64]                   (recursive)
│    └─ReLU: 2-17                        [1, 64]                   --
│    └─Linear: 2-18                      [1, 64]                   (recursive)
│    └─ReLU: 2-19                        [1, 64]                   --
│    └─Linear: 2-20                      [1, 64]                   (recursive)
│    └─ReLU: 2-21                        [1, 64]                   --
│    └─Linear: 2-22                      [1, 64]                   (recursive)
│    └─ReLU: 2-23                        [1, 64]                   --
│    └─Linear: 2-24                      [1, 64]                   (recursive)
│    └─ReLU: 2-25                        [1, 64]                   --
│    └─Linear: 2-26                      [1, 64]                   (recursive)
│    └─ReLU: 2-27                        [1, 64]                   --
│    └─Linear: 2-28                      [1, 64]                   (recursive)
│    └─ReLU: 2-29                        [1, 64]                   --
│    └─Linear: 2-30                      [1, 2]                    (recursive)
==========================================================================================
Total params: 25,420
Trainable params: 25,410
Non-trainable params: 10
Total mult-adds (Units.MEGABYTES): 0.05
==========================================================================================
Input size (MB): 0.00
Forward/backward pass size (MB): 0.01
Params size (MB): 0.10
Estimated Total Size (MB): 0.11
==========================================================================================
==> Saving initial model weights...
==> Start training...
==> Number of param_groups in optimizer: 1
Epoch: 001 | Train Loss: 0.1350810 | Grad norm: 0.004852 | Time: 2s338ms
Epoch: 001 | Test Loss: 0.1353488 | Time: 546ms
==> Save the model at epoch 001 with test loss 0.1353488
Epoch: 002 | Train Loss: 0.1352546 | Grad norm: 0.000459 | Time: 2s5ms
Epoch: 002 | Test Loss: 0.1354207 | Time: 582ms
Epoch: 003 | Train Loss: 0.1351950 | Grad norm: 0.000000 | Time: 2s170ms
Epoch: 003 | Test Loss: 0.1354207 | Time: 519ms
Epoch: 004 | Train Loss: 0.1352167 | Grad norm: 0.000000 | Time: 2s133ms
Epoch: 004 | Test Loss: 0.1354207 | Time: 498ms
Epoch: 005 | Train Loss: 0.1351602 | Grad norm: 0.000000 | Time: 2s243ms
Epoch: 005 | Test Loss: 0.1354207 | Time: 562ms
Epoch: 006 | Train Loss: 0.1351472 | Grad norm: 0.000000 | Time: 2s25ms
Epoch: 006 | Test Loss: 0.1354207 | Time: 500ms
Epoch: 007 | Train Loss: 0.1351677 | Grad norm: 0.000000 | Time: 2s55ms
Epoch: 007 | Test Loss: 0.1354207 | Time: 526ms
Epoch: 008 | Train Loss: 0.1351982 | Grad norm: 0.000000 | Time: 2s205ms
Epoch: 008 | Test Loss: 0.1354207 | Time: 502ms
Epoch: 009 | Train Loss: 0.1351843 | Grad norm: 0.000000 | Time: 2s112ms
Epoch: 009 | Test Loss: 0.1354207 | Time: 508ms
Epoch: 010 | Train Loss: 0.1351960 | Grad norm: 0.000000 | Time: 2s164ms
Epoch: 010 | Test Loss: 0.1354207 | Time: 585ms
Epoch: 011 | Train Loss: 0.1351882 | Grad norm: 0.000000 | Time: 2s181ms
Epoch: 011 | Test Loss: 0.1354207 | Time: 514ms
Epoch: 012 | Train Loss: 0.1351390 | Grad norm: 0.000000 | Time: 2s135ms
Epoch: 012 | Test Loss: 0.1354207 | Time: 509ms
Epoch: 013 | Train Loss: 0.1351611 | Grad norm: 0.000000 | Time: 2s116ms
Epoch: 013 | Test Loss: 0.1354207 | Time: 499ms
Epoch: 014 | Train Loss: 0.1352036 | Grad norm: 0.000000 | Time: 2s241ms
Epoch: 014 | Test Loss: 0.1354207 | Time: 523ms
Epoch: 015 | Train Loss: 0.1351769 | Grad norm: 0.000000 | Time: 2s128ms
Epoch: 015 | Test Loss: 0.1354207 | Time: 497ms
Epoch: 016 | Train Loss: 0.1352020 | Grad norm: 0.000000 | Time: 2s154ms
Epoch: 016 | Test Loss: 0.1354207 | Time: 499ms
Epoch: 017 | Train Loss: 0.1352128 | Grad norm: 0.000000 | Time: 2s91ms
Epoch: 017 | Test Loss: 0.1354207 | Time: 523ms
Epoch: 018 | Train Loss: 0.1351498 | Grad norm: 0.000000 | Time: 2s372ms
Epoch: 018 | Test Loss: 0.1354207 | Time: 573ms
Epoch: 019 | Train Loss: 0.1352195 | Grad norm: 0.000000 | Time: 2s169ms
Epoch: 019 | Test Loss: 0.1354207 | Time: 574ms
Epoch: 020 | Train Loss: 0.1352137 | Grad norm: 0.000000 | Time: 2s63ms
Epoch: 020 | Test Loss: 0.1354207 | Time: 520ms
Epoch: 021 | Train Loss: 0.1351726 | Grad norm: 0.000000 | Time: 2s170ms
Epoch: 021 | Test Loss: 0.1354207 | Time: 508ms
Epoch: 022 | Train Loss: 0.1351771 | Grad norm: 0.000000 | Time: 2s146ms
Epoch: 022 | Test Loss: 0.1354207 | Time: 504ms
Epoch: 023 | Train Loss: 0.1351938 | Grad norm: 0.000000 | Time: 2s180ms
Epoch: 023 | Test Loss: 0.1354207 | Time: 515ms
Epoch: 024 | Train Loss: 0.1352590 | Grad norm: 0.000000 | Time: 2s231ms
Epoch: 024 | Test Loss: 0.1354207 | Time: 503ms
Epoch: 025 | Train Loss: 0.1351497 | Grad norm: 0.000000 | Time: 2s93ms
Epoch: 025 | Test Loss: 0.1354207 | Time: 525ms
Epoch: 026 | Train Loss: 0.1352205 | Grad norm: 0.000000 | Time: 2s102ms
Epoch: 026 | Test Loss: 0.1354207 | Time: 582ms
Epoch: 027 | Train Loss: 0.1352218 | Grad norm: 0.000000 | Time: 2s99ms
Epoch: 027 | Test Loss: 0.1354207 | Time: 549ms
Epoch: 028 | Train Loss: 0.1351481 | Grad norm: 0.000000 | Time: 2s38ms
Epoch: 028 | Test Loss: 0.1354207 | Time: 520ms
Epoch: 029 | Train Loss: 0.1351711 | Grad norm: 0.000000 | Time: 2s349ms
Epoch: 029 | Test Loss: 0.1354207 | Time: 529ms
Epoch: 030 | Train Loss: 0.1351729 | Grad norm: 0.000000 | Time: 2s248ms
Epoch: 030 | Test Loss: 0.1354207 | Time: 515ms
Epoch: 031 | Train Loss: 0.1351378 | Grad norm: 0.000000 | Time: 2s210ms
Epoch: 031 | Test Loss: 0.1354207 | Time: 517ms
Epoch: 032 | Train Loss: 0.1351404 | Grad norm: 0.000000 | Time: 2s222ms
Epoch: 032 | Test Loss: 0.1354207 | Time: 498ms
Epoch: 033 | Train Loss: 0.1351805 | Grad norm: 0.000000 | Time: 2s258ms
Epoch: 033 | Test Loss: 0.1354207 | Time: 541ms
Epoch: 034 | Train Loss: 0.1351493 | Grad norm: 0.000000 | Time: 2s45ms
Epoch: 034 | Test Loss: 0.1354207 | Time: 591ms
Epoch: 035 | Train Loss: 0.1352374 | Grad norm: 0.000000 | Time: 2s157ms
Epoch: 035 | Test Loss: 0.1354207 | Time: 511ms
Epoch: 036 | Train Loss: 0.1351618 | Grad norm: 0.000000 | Time: 2s223ms
Epoch: 036 | Test Loss: 0.1354207 | Time: 497ms
Epoch: 037 | Train Loss: 0.1351361 | Grad norm: 0.000000 | Time: 2s171ms
Epoch: 037 | Test Loss: 0.1354207 | Time: 498ms
Epoch: 038 | Train Loss: 0.1351960 | Grad norm: 0.000000 | Time: 2s58ms
Epoch: 038 | Test Loss: 0.1354207 | Time: 496ms
Epoch: 039 | Train Loss: 0.1351477 | Grad norm: 0.000000 | Time: 2s157ms
Epoch: 039 | Test Loss: 0.1354207 | Time: 497ms
Epoch: 040 | Train Loss: 0.1352352 | Grad norm: 0.000000 | Time: 2s173ms
Epoch: 040 | Test Loss: 0.1354207 | Time: 506ms
Total time: 1m47s
==> Saving trained model weights...
==> Input bias to be applied to the neural network (trained):
[0. 0. 0. 0.]
==> Input transform to be applied to the neural network (trained):
[0.7072636  0.72212595 0.6760411  0.67349136]
==> Output transform to be applied to the neural network (trained):
[0.2287 0.2871]
==> Saving training info...
==> Drawing training loss...
==> Drawing grad norm...
==> Drawing testing loss...
==> Process finished.
