==> torch device:  cuda:1
==> Test-Train split: test_ratio = 0.20
==> Test-Train split seed:  None
==> Further split: further_train_ratio = 1.00
==> Further split seed:  None
==> Input bias to be applied to the neural network:
[0. 0. 0. 0.]
==> Input transform to be applied to the neural network:
[1. 1. 1. 1.]
==> Ouput transform to be applied to the neural network:
[1. 1.]
==> Evaluating model...
==========================================================================================
Layer (type:depth-idx)                   Output Shape              Param #
==========================================================================================
NeuralNetwork                            [1, 2]                    10
├─Sequential: 1-1                        [1, 2]                    --
│    └─Linear: 2-1                       [1, 64]                   320
│    └─LeakyReLU: 2-2                    [1, 64]                   --
│    └─Linear: 2-3                       [1, 64]                   4,160
│    └─LeakyReLU: 2-4                    [1, 64]                   --
│    └─Linear: 2-5                       [1, 64]                   4,160
│    └─LeakyReLU: 2-6                    [1, 64]                   --
│    └─Linear: 2-7                       [1, 64]                   4,160
│    └─LeakyReLU: 2-8                    [1, 64]                   --
│    └─Linear: 2-9                       [1, 64]                   4,160
│    └─LeakyReLU: 2-10                   [1, 64]                   --
│    └─Linear: 2-11                      [1, 64]                   4,160
│    └─LeakyReLU: 2-12                   [1, 64]                   --
│    └─Linear: 2-13                      [1, 64]                   4,160
│    └─LeakyReLU: 2-14                   [1, 64]                   --
│    └─Linear: 2-15                      [1, 2]                    130
==========================================================================================
Total params: 25,420
Trainable params: 25,410
Non-trainable params: 10
Total mult-adds (Units.MEGABYTES): 0.03
==========================================================================================
Input size (MB): 0.00
Forward/backward pass size (MB): 0.00
Params size (MB): 0.10
Estimated Total Size (MB): 0.11
==========================================================================================
==> Saving initial model weights...
==> Start training...
Epoch: 001 | Loss: 0.0185654 | L2 loss: 0.0185637 | Lip loss: 0.0000017 | Grad norm: 0.094433 | Time: 34s338ms
Epoch: 001 | Test Loss: 0.0100371 | Time: 488ms
==> Save the model at epoch 001 with test loss 0.0100371
Epoch: 002 | Loss: 0.0102026 | L2 loss: 0.0102008 | Lip loss: 0.0000018 | Grad norm: 0.060527 | Time: 34s287ms
Epoch: 002 | Test Loss: 0.0099206 | Time: 495ms
==> Save the model at epoch 002 with test loss 0.0099206
Epoch: 003 | Loss: 0.0100342 | L2 loss: 0.0100323 | Lip loss: 0.0000018 | Grad norm: 0.054512 | Time: 33s127ms
Epoch: 003 | Test Loss: 0.0097272 | Time: 491ms
==> Save the model at epoch 003 with test loss 0.0097272
Epoch: 004 | Loss: 0.0098489 | L2 loss: 0.0098470 | Lip loss: 0.0000018 | Grad norm: 0.048192 | Time: 33s472ms
Epoch: 004 | Test Loss: 0.0095072 | Time: 510ms
==> Save the model at epoch 004 with test loss 0.0095072
Epoch: 005 | Loss: 0.0096268 | L2 loss: 0.0096250 | Lip loss: 0.0000018 | Grad norm: 0.049392 | Time: 34s685ms
Epoch: 005 | Test Loss: 0.0092903 | Time: 499ms
==> Save the model at epoch 005 with test loss 0.0092903
Epoch: 006 | Loss: 0.0090081 | L2 loss: 0.0090063 | Lip loss: 0.0000018 | Grad norm: 0.031460 | Time: 34s661ms
Epoch: 006 | Test Loss: 0.0088790 | Time: 584ms
==> Save the model at epoch 006 with test loss 0.0088790
Epoch: 007 | Loss: 0.0088476 | L2 loss: 0.0088457 | Lip loss: 0.0000018 | Grad norm: 0.033557 | Time: 34s321ms
Epoch: 007 | Test Loss: 0.0087293 | Time: 566ms
==> Save the model at epoch 007 with test loss 0.0087293
Epoch: 008 | Loss: 0.0087235 | L2 loss: 0.0087217 | Lip loss: 0.0000018 | Grad norm: 0.035863 | Time: 34s135ms
Epoch: 008 | Test Loss: 0.0086461 | Time: 501ms
==> Save the model at epoch 008 with test loss 0.0086461
Epoch: 009 | Loss: 0.0086179 | L2 loss: 0.0086161 | Lip loss: 0.0000018 | Grad norm: 0.036532 | Time: 34s402ms
Epoch: 009 | Test Loss: 0.0085179 | Time: 497ms
==> Save the model at epoch 009 with test loss 0.0085179
Epoch: 010 | Loss: 0.0085134 | L2 loss: 0.0085115 | Lip loss: 0.0000019 | Grad norm: 0.039208 | Time: 34s363ms
Epoch: 010 | Test Loss: 0.0084186 | Time: 496ms
==> Save the model at epoch 010 with test loss 0.0084186
Epoch: 011 | Loss: 0.0083972 | L2 loss: 0.0083953 | Lip loss: 0.0000019 | Grad norm: 0.035178 | Time: 33s754ms
Epoch: 011 | Test Loss: 0.0083435 | Time: 506ms
==> Save the model at epoch 011 with test loss 0.0083435
Epoch: 012 | Loss: 0.0083788 | L2 loss: 0.0083769 | Lip loss: 0.0000019 | Grad norm: 0.034946 | Time: 33s264ms
Epoch: 012 | Test Loss: 0.0083338 | Time: 507ms
==> Save the model at epoch 012 with test loss 0.0083338
Epoch: 013 | Loss: 0.0083673 | L2 loss: 0.0083654 | Lip loss: 0.0000018 | Grad norm: 0.035024 | Time: 33s674ms
Epoch: 013 | Test Loss: 0.0083260 | Time: 505ms
==> Save the model at epoch 013 with test loss 0.0083260
Epoch: 014 | Loss: 0.0083552 | L2 loss: 0.0083533 | Lip loss: 0.0000019 | Grad norm: 0.035722 | Time: 34s702ms
Epoch: 014 | Test Loss: 0.0083172 | Time: 506ms
==> Save the model at epoch 014 with test loss 0.0083172
Epoch: 015 | Loss: 0.0083446 | L2 loss: 0.0083428 | Lip loss: 0.0000019 | Grad norm: 0.035985 | Time: 33s781ms
Epoch: 015 | Test Loss: 0.0083017 | Time: 568ms
==> Save the model at epoch 015 with test loss 0.0083017
Epoch: 016 | Loss: 0.0083300 | L2 loss: 0.0083282 | Lip loss: 0.0000019 | Grad norm: 0.035308 | Time: 34s149ms
Epoch: 016 | Test Loss: 0.0082990 | Time: 566ms
==> Save the model at epoch 016 with test loss 0.0082990
Epoch: 017 | Loss: 0.0083279 | L2 loss: 0.0083261 | Lip loss: 0.0000019 | Grad norm: 0.034588 | Time: 34s136ms
Epoch: 017 | Test Loss: 0.0082984 | Time: 500ms
==> Save the model at epoch 017 with test loss 0.0082984
Epoch: 018 | Loss: 0.0083266 | L2 loss: 0.0083248 | Lip loss: 0.0000018 | Grad norm: 0.035021 | Time: 34s286ms
Epoch: 018 | Test Loss: 0.0082972 | Time: 488ms
==> Save the model at epoch 018 with test loss 0.0082972
Epoch: 019 | Loss: 0.0083255 | L2 loss: 0.0083236 | Lip loss: 0.0000019 | Grad norm: 0.035334 | Time: 34s541ms
Epoch: 019 | Test Loss: 0.0082967 | Time: 510ms
==> Save the model at epoch 019 with test loss 0.0082967
Epoch: 020 | Loss: 0.0083243 | L2 loss: 0.0083224 | Lip loss: 0.0000019 | Grad norm: 0.035661 | Time: 35s534ms
Epoch: 020 | Test Loss: 0.0082953 | Time: 497ms
==> Save the model at epoch 020 with test loss 0.0082953
Epoch: 021 | Loss: 0.0083225 | L2 loss: 0.0083206 | Lip loss: 0.0000019 | Grad norm: 0.035107 | Time: 34s559ms
Epoch: 021 | Test Loss: 0.0082952 | Time: 505ms
==> Save the model at epoch 021 with test loss 0.0082952
Epoch: 022 | Loss: 0.0083223 | L2 loss: 0.0083205 | Lip loss: 0.0000019 | Grad norm: 0.034970 | Time: 34s681ms
Epoch: 022 | Test Loss: 0.0082950 | Time: 508ms
==> Save the model at epoch 022 with test loss 0.0082950
Epoch: 023 | Loss: 0.0083222 | L2 loss: 0.0083203 | Lip loss: 0.0000019 | Grad norm: 0.034809 | Time: 34s481ms
Epoch: 023 | Test Loss: 0.0082949 | Time: 514ms
==> Save the model at epoch 023 with test loss 0.0082949
Epoch: 024 | Loss: 0.0083221 | L2 loss: 0.0083202 | Lip loss: 0.0000019 | Grad norm: 0.034939 | Time: 35s118ms
Epoch: 024 | Test Loss: 0.0082948 | Time: 704ms
==> Save the model at epoch 024 with test loss 0.0082948
Epoch: 025 | Loss: 0.0083219 | L2 loss: 0.0083201 | Lip loss: 0.0000019 | Grad norm: 0.034742 | Time: 34s299ms
Epoch: 025 | Test Loss: 0.0082947 | Time: 571ms
==> Save the model at epoch 025 with test loss 0.0082947
Epoch: 026 | Loss: 0.0083217 | L2 loss: 0.0083199 | Lip loss: 0.0000019 | Grad norm: 0.034573 | Time: 33s877ms
Epoch: 026 | Test Loss: 0.0082947 | Time: 513ms
==> Save the model at epoch 026 with test loss 0.0082947
Epoch: 027 | Loss: 0.0083217 | L2 loss: 0.0083199 | Lip loss: 0.0000019 | Grad norm: 0.035088 | Time: 34s545ms
Epoch: 027 | Test Loss: 0.0082947 | Time: 504ms
==> Save the model at epoch 027 with test loss 0.0082947
Epoch: 028 | Loss: 0.0083217 | L2 loss: 0.0083199 | Lip loss: 0.0000018 | Grad norm: 0.035370 | Time: 33s948ms
Epoch: 028 | Test Loss: 0.0082947 | Time: 490ms
==> Save the model at epoch 028 with test loss 0.0082947
Epoch: 029 | Loss: 0.0083217 | L2 loss: 0.0083198 | Lip loss: 0.0000018 | Grad norm: 0.035388 | Time: 33s620ms
Epoch: 029 | Test Loss: 0.0082947 | Time: 495ms
==> Save the model at epoch 029 with test loss 0.0082947
Epoch: 030 | Loss: 0.0083217 | L2 loss: 0.0083198 | Lip loss: 0.0000019 | Grad norm: 0.035164 | Time: 34s194ms
Epoch: 030 | Test Loss: 0.0082946 | Time: 516ms
==> Save the model at epoch 030 with test loss 0.0082946
Epoch: 031 | Loss: 0.0083217 | L2 loss: 0.0083198 | Lip loss: 0.0000018 | Grad norm: 0.035340 | Time: 33s882ms
Epoch: 031 | Test Loss: 0.0082946 | Time: 509ms
==> Save the model at epoch 031 with test loss 0.0082946
Epoch: 032 | Loss: 0.0083217 | L2 loss: 0.0083198 | Lip loss: 0.0000019 | Grad norm: 0.035581 | Time: 34s340ms
Epoch: 032 | Test Loss: 0.0082946 | Time: 568ms
==> Save the model at epoch 032 with test loss 0.0082946
Epoch: 033 | Loss: 0.0083217 | L2 loss: 0.0083198 | Lip loss: 0.0000019 | Grad norm: 0.035397 | Time: 34s243ms
Epoch: 033 | Test Loss: 0.0082946 | Time: 495ms
==> Save the model at epoch 033 with test loss 0.0082946
Epoch: 034 | Loss: 0.0083217 | L2 loss: 0.0083198 | Lip loss: 0.0000019 | Grad norm: 0.034797 | Time: 34s310ms
Epoch: 034 | Test Loss: 0.0082946 | Time: 564ms
Epoch: 035 | Loss: 0.0083217 | L2 loss: 0.0083198 | Lip loss: 0.0000019 | Grad norm: 0.035036 | Time: 34s805ms
Epoch: 035 | Test Loss: 0.0082946 | Time: 568ms
==> Save the model at epoch 035 with test loss 0.0082946
Epoch: 036 | Loss: 0.0083217 | L2 loss: 0.0083198 | Lip loss: 0.0000018 | Grad norm: 0.035236 | Time: 35s535ms
Epoch: 036 | Test Loss: 0.0082946 | Time: 503ms
Epoch: 037 | Loss: 0.0083217 | L2 loss: 0.0083198 | Lip loss: 0.0000018 | Grad norm: 0.035890 | Time: 34s332ms
Epoch: 037 | Test Loss: 0.0082946 | Time: 494ms
Epoch: 038 | Loss: 0.0083217 | L2 loss: 0.0083198 | Lip loss: 0.0000019 | Grad norm: 0.035169 | Time: 34s459ms
Epoch: 038 | Test Loss: 0.0082946 | Time: 521ms
Epoch: 039 | Loss: 0.0083217 | L2 loss: 0.0083198 | Lip loss: 0.0000019 | Grad norm: 0.034982 | Time: 34s131ms
Epoch: 039 | Test Loss: 0.0082946 | Time: 503ms
==> Save the model at epoch 039 with test loss 0.0082946
Epoch: 040 | Loss: 0.0083217 | L2 loss: 0.0083198 | Lip loss: 0.0000019 | Grad norm: 0.035390 | Time: 34s380ms
Epoch: 040 | Test Loss: 0.0082946 | Time: 492ms
Total time: 23m12s
==> Saving trained model weights...
==> Input bias to be applied to the neural network (trained):
[0. 0. 0. 0.]
==> Input transform to be applied to the neural network (trained):
[1. 1. 1. 1.]
==> Output transform to be applied to the neural network (trained):
[1. 1.]
==> Saving training info...
==> Drawing training loss...
==> Drawing grad norm...
==> Drawing testing loss...
==> Drawing l2 loss...
==> Drawing lip loss...
==> Process finished.
