==> torch device:  cuda:1
==> Test-Train split: test_ratio = 0.20
==> Test-Train split seed:  None
==> Further split: further_train_ratio = 1.00
==> Further split seed:  None
==> Lipschitz constant: 2.00
==> Input bias to be applied to the neural network:
[0. 0. 0. 0.]
==> Input transform to be applied to the neural network:
[ 0.63000065  0.628496   11.72333     9.643202  ]
==> Ouput transform to be applied to the neural network:
[0.0226 0.0252]
==> Evaluating model...
==========================================================================================
Layer (type:depth-idx)                   Output Shape              Param #
==========================================================================================
NeuralNetwork                            [1, 2]                    10
├─Sequential: 1-1                        [1, 2]                    --
│    └─SandwichFc: 2-1                   [1, 64]                   4,481
│    └─SandwichFc: 2-2                   [1, 64]                   8,321
│    └─SandwichFc: 2-3                   [1, 64]                   8,321
│    └─SandwichFc: 2-4                   [1, 64]                   8,321
│    └─SandwichFc: 2-5                   [1, 64]                   8,321
│    └─SandwichFc: 2-6                   [1, 64]                   8,321
│    └─SandwichFc: 2-7                   [1, 64]                   8,321
│    └─SandwichLin: 2-8                  [1, 2]                    135
├─Sequential: 1-2                        [1, 2]                    (recursive)
│    └─SandwichFc: 2-9                   [1, 64]                   (recursive)
│    └─SandwichFc: 2-10                  [1, 64]                   (recursive)
│    └─SandwichFc: 2-11                  [1, 64]                   (recursive)
│    └─SandwichFc: 2-12                  [1, 64]                   (recursive)
│    └─SandwichFc: 2-13                  [1, 64]                   (recursive)
│    └─SandwichFc: 2-14                  [1, 64]                   (recursive)
│    └─SandwichFc: 2-15                  [1, 64]                   (recursive)
│    └─SandwichLin: 2-16                 [1, 2]                    (recursive)
==========================================================================================
Total params: 54,552
Trainable params: 54,542
Non-trainable params: 10
Total mult-adds (Units.MEGABYTES): 0.11
==========================================================================================
Input size (MB): 0.00
Forward/backward pass size (MB): 0.01
Params size (MB): 0.22
Estimated Total Size (MB): 0.23
==========================================================================================
==> Saving initial model weights...
==> Start training...
==> Number of param_groups in optimizer: 1
Epoch: 001 | Train Loss: 0.0011380 | Grad norm: 0.000417 | Time: 17s90ms
Epoch: 001 | Test Loss: 0.0011390 | Time: 608ms
==> Save the model at epoch 001 with test loss 0.0011390
Epoch: 002 | Train Loss: 0.0004641 | Grad norm: 0.000709 | Time: 17s343ms
Epoch: 002 | Test Loss: 0.0004252 | Time: 623ms
==> Save the model at epoch 002 with test loss 0.0004252
Epoch: 003 | Train Loss: 0.0004247 | Grad norm: 0.000695 | Time: 17s365ms
Epoch: 003 | Test Loss: 0.0004236 | Time: 615ms
==> Save the model at epoch 003 with test loss 0.0004236
Epoch: 004 | Train Loss: 0.0004247 | Grad norm: 0.000635 | Time: 16s680ms
Epoch: 004 | Test Loss: 0.0004239 | Time: 628ms
Epoch: 005 | Train Loss: 0.0004245 | Grad norm: 0.000600 | Time: 17s86ms
Epoch: 005 | Test Loss: 0.0004285 | Time: 624ms
Epoch: 006 | Train Loss: 0.0004246 | Grad norm: 0.000555 | Time: 17s158ms
Epoch: 006 | Test Loss: 0.0004238 | Time: 686ms
Epoch: 007 | Train Loss: 0.0004257 | Grad norm: 0.000576 | Time: 16s773ms
Epoch: 007 | Test Loss: 0.0004244 | Time: 613ms
Epoch: 008 | Train Loss: 0.0004243 | Grad norm: 0.000496 | Time: 16s830ms
Epoch: 008 | Test Loss: 0.0004238 | Time: 611ms
Epoch: 009 | Train Loss: 0.0004252 | Grad norm: 0.000502 | Time: 17s34ms
Epoch: 009 | Test Loss: 0.0004308 | Time: 684ms
Epoch: 010 | Train Loss: 0.0004238 | Grad norm: 0.000452 | Time: 17s70ms
Epoch: 010 | Test Loss: 0.0004273 | Time: 615ms
Epoch: 011 | Train Loss: 0.0004232 | Grad norm: 0.000415 | Time: 17s275ms
Epoch: 011 | Test Loss: 0.0004247 | Time: 613ms
Epoch: 012 | Train Loss: 0.0004227 | Grad norm: 0.000393 | Time: 16s992ms
Epoch: 012 | Test Loss: 0.0004227 | Time: 617ms
==> Save the model at epoch 012 with test loss 0.0004227
Epoch: 013 | Train Loss: 0.0004224 | Grad norm: 0.000359 | Time: 16s613ms
Epoch: 013 | Test Loss: 0.0004237 | Time: 612ms
Epoch: 014 | Train Loss: 0.0004224 | Grad norm: 0.000369 | Time: 16s815ms
Epoch: 014 | Test Loss: 0.0004225 | Time: 616ms
==> Save the model at epoch 014 with test loss 0.0004225
Epoch: 015 | Train Loss: 0.0004218 | Grad norm: 0.000335 | Time: 16s978ms
Epoch: 015 | Test Loss: 0.0004219 | Time: 612ms
==> Save the model at epoch 015 with test loss 0.0004219
Epoch: 016 | Train Loss: 0.0004219 | Grad norm: 0.000344 | Time: 17s82ms
Epoch: 016 | Test Loss: 0.0004246 | Time: 632ms
Epoch: 017 | Train Loss: 0.0004217 | Grad norm: 0.000331 | Time: 16s637ms
Epoch: 017 | Test Loss: 0.0004221 | Time: 612ms
Epoch: 018 | Train Loss: 0.0004218 | Grad norm: 0.000326 | Time: 17s56ms
Epoch: 018 | Test Loss: 0.0004225 | Time: 672ms
Epoch: 019 | Train Loss: 0.0004216 | Grad norm: 0.000317 | Time: 16s738ms
Epoch: 019 | Test Loss: 0.0004224 | Time: 610ms
Epoch: 020 | Train Loss: 0.0004209 | Grad norm: 0.000294 | Time: 16s428ms
Epoch: 020 | Test Loss: 0.0004237 | Time: 677ms
Epoch: 021 | Train Loss: 0.0004208 | Grad norm: 0.000291 | Time: 17s126ms
Epoch: 021 | Test Loss: 0.0004211 | Time: 624ms
==> Save the model at epoch 021 with test loss 0.0004211
Epoch: 022 | Train Loss: 0.0004205 | Grad norm: 0.000287 | Time: 16s979ms
Epoch: 022 | Test Loss: 0.0004234 | Time: 611ms
Epoch: 023 | Train Loss: 0.0004205 | Grad norm: 0.000291 | Time: 17s314ms
Epoch: 023 | Test Loss: 0.0004228 | Time: 612ms
Epoch: 024 | Train Loss: 0.0004203 | Grad norm: 0.000281 | Time: 17s53ms
Epoch: 024 | Test Loss: 0.0004212 | Time: 616ms
Epoch: 025 | Train Loss: 0.0004200 | Grad norm: 0.000269 | Time: 16s703ms
Epoch: 025 | Test Loss: 0.0004213 | Time: 618ms
Epoch: 026 | Train Loss: 0.0004197 | Grad norm: 0.000266 | Time: 16s556ms
Epoch: 026 | Test Loss: 0.0004213 | Time: 610ms
Epoch: 027 | Train Loss: 0.0004195 | Grad norm: 0.000266 | Time: 17s303ms
Epoch: 027 | Test Loss: 0.0004211 | Time: 616ms
==> Save the model at epoch 027 with test loss 0.0004211
Epoch: 028 | Train Loss: 0.0004193 | Grad norm: 0.000259 | Time: 16s836ms
Epoch: 028 | Test Loss: 0.0004210 | Time: 610ms
==> Save the model at epoch 028 with test loss 0.0004210
Epoch: 029 | Train Loss: 0.0004191 | Grad norm: 0.000257 | Time: 16s787ms
Epoch: 029 | Test Loss: 0.0004210 | Time: 617ms
Epoch: 030 | Train Loss: 0.0004189 | Grad norm: 0.000257 | Time: 16s410ms
Epoch: 030 | Test Loss: 0.0004209 | Time: 626ms
==> Save the model at epoch 030 with test loss 0.0004209
Epoch: 031 | Train Loss: 0.0004188 | Grad norm: 0.000260 | Time: 16s646ms
Epoch: 031 | Test Loss: 0.0004211 | Time: 680ms
Epoch: 032 | Train Loss: 0.0004185 | Grad norm: 0.000256 | Time: 17s343ms
Epoch: 032 | Test Loss: 0.0004207 | Time: 621ms
==> Save the model at epoch 032 with test loss 0.0004207
Epoch: 033 | Train Loss: 0.0004184 | Grad norm: 0.000250 | Time: 16s574ms
Epoch: 033 | Test Loss: 0.0004202 | Time: 613ms
==> Save the model at epoch 033 with test loss 0.0004202
Epoch: 034 | Train Loss: 0.0004182 | Grad norm: 0.000258 | Time: 16s801ms
Epoch: 034 | Test Loss: 0.0004204 | Time: 687ms
Epoch: 035 | Train Loss: 0.0004180 | Grad norm: 0.000249 | Time: 16s927ms
Epoch: 035 | Test Loss: 0.0004206 | Time: 612ms
Epoch: 036 | Train Loss: 0.0004178 | Grad norm: 0.000245 | Time: 16s821ms
Epoch: 036 | Test Loss: 0.0004202 | Time: 626ms
==> Save the model at epoch 036 with test loss 0.0004202
Epoch: 037 | Train Loss: 0.0004177 | Grad norm: 0.000242 | Time: 16s411ms
Epoch: 037 | Test Loss: 0.0004200 | Time: 621ms
==> Save the model at epoch 037 with test loss 0.0004200
Epoch: 038 | Train Loss: 0.0004176 | Grad norm: 0.000245 | Time: 17s199ms
Epoch: 038 | Test Loss: 0.0004200 | Time: 609ms
==> Save the model at epoch 038 with test loss 0.0004200
Epoch: 039 | Train Loss: 0.0004176 | Grad norm: 0.000245 | Time: 16s825ms
Epoch: 039 | Test Loss: 0.0004199 | Time: 615ms
==> Save the model at epoch 039 with test loss 0.0004199
Epoch: 040 | Train Loss: 0.0004175 | Grad norm: 0.000243 | Time: 17s48ms
Epoch: 040 | Test Loss: 0.0004199 | Time: 689ms
==> Save the model at epoch 040 with test loss 0.0004199
Total time: 11m41s
==> Saving trained model weights...
==> Input bias to be applied to the neural network (trained):
[0. 0. 0. 0.]
==> Input transform to be applied to the neural network (trained):
[ 0.63000065  0.628496   11.72333     9.643202  ]
==> Output transform to be applied to the neural network (trained):
[0.0226 0.0252]
==> Saving training info...
==> Drawing training loss...
==> Drawing grad norm...
==> Drawing testing loss...
==> Process finished.
