==> torch device:  cuda:3
==> Test-Train split: test_ratio = 0.20
==> Test-Train split seed:  None
==> Further split: further_train_ratio = 0.25
==> Further split seed:  None
==> Input bias to be applied to the neural network:
[0. 0. 0. 0.]
==> Input transform to be applied to the neural network:
[1. 1. 1. 1.]
==> Ouput transform to be applied to the neural network:
[1. 1.]
==> Evaluating model...
==========================================================================================
Layer (type:depth-idx)                   Output Shape              Param #
==========================================================================================
NeuralNetwork                            [1, 2]                    10
├─Sequential: 1-1                        [1, 2]                    --
│    └─Linear: 2-1                       [1, 64]                   320
│    └─LeakyReLU: 2-2                    [1, 64]                   --
│    └─Linear: 2-3                       [1, 64]                   4,160
│    └─LeakyReLU: 2-4                    [1, 64]                   --
│    └─Linear: 2-5                       [1, 64]                   4,160
│    └─LeakyReLU: 2-6                    [1, 64]                   --
│    └─Linear: 2-7                       [1, 64]                   4,160
│    └─LeakyReLU: 2-8                    [1, 64]                   --
│    └─Linear: 2-9                       [1, 64]                   4,160
│    └─LeakyReLU: 2-10                   [1, 64]                   --
│    └─Linear: 2-11                      [1, 64]                   4,160
│    └─LeakyReLU: 2-12                   [1, 64]                   --
│    └─Linear: 2-13                      [1, 64]                   4,160
│    └─LeakyReLU: 2-14                   [1, 64]                   --
│    └─Linear: 2-15                      [1, 2]                    130
==========================================================================================
Total params: 25,420
Trainable params: 25,410
Non-trainable params: 10
Total mult-adds (Units.MEGABYTES): 0.03
==========================================================================================
Input size (MB): 0.00
Forward/backward pass size (MB): 0.00
Params size (MB): 0.10
Estimated Total Size (MB): 0.11
==========================================================================================
==> Saving initial model weights...
==> Start training...
Epoch: 001 | Loss: 0.0468189 | L2 loss: 0.0466742 | Lip loss: 0.0001447 | Grad norm: 0.113569 | Time: 9s11ms
Epoch: 001 | Test Loss: 0.0101670 | Time: 615ms
==> Save the model at epoch 001 with test loss 0.0101670
Epoch: 002 | Loss: 0.0110831 | L2 loss: 0.0108936 | Lip loss: 0.0001895 | Grad norm: 0.067341 | Time: 8s774ms
Epoch: 002 | Test Loss: 0.0100021 | Time: 595ms
==> Save the model at epoch 002 with test loss 0.0100021
Epoch: 003 | Loss: 0.0108913 | L2 loss: 0.0107030 | Lip loss: 0.0001882 | Grad norm: 0.059922 | Time: 8s961ms
Epoch: 003 | Test Loss: 0.0098747 | Time: 525ms
==> Save the model at epoch 003 with test loss 0.0098747
Epoch: 004 | Loss: 0.0107502 | L2 loss: 0.0105629 | Lip loss: 0.0001873 | Grad norm: 0.050899 | Time: 8s770ms
Epoch: 004 | Test Loss: 0.0099271 | Time: 531ms
Epoch: 005 | Loss: 0.0107418 | L2 loss: 0.0105536 | Lip loss: 0.0001882 | Grad norm: 0.058454 | Time: 8s625ms
Epoch: 005 | Test Loss: 0.0097012 | Time: 527ms
==> Save the model at epoch 005 with test loss 0.0097012
Epoch: 006 | Loss: 0.0104681 | L2 loss: 0.0102815 | Lip loss: 0.0001866 | Grad norm: 0.031678 | Time: 8s446ms
Epoch: 006 | Test Loss: 0.0095586 | Time: 529ms
==> Save the model at epoch 006 with test loss 0.0095586
Epoch: 007 | Loss: 0.0104060 | L2 loss: 0.0102181 | Lip loss: 0.0001878 | Grad norm: 0.030915 | Time: 8s695ms
Epoch: 007 | Test Loss: 0.0095633 | Time: 526ms
Epoch: 008 | Loss: 0.0103911 | L2 loss: 0.0102009 | Lip loss: 0.0001902 | Grad norm: 0.030986 | Time: 8s603ms
Epoch: 008 | Test Loss: 0.0095488 | Time: 532ms
==> Save the model at epoch 008 with test loss 0.0095488
Epoch: 009 | Loss: 0.0103999 | L2 loss: 0.0102146 | Lip loss: 0.0001852 | Grad norm: 0.034178 | Time: 8s404ms
Epoch: 009 | Test Loss: 0.0095579 | Time: 526ms
Epoch: 010 | Loss: 0.0104040 | L2 loss: 0.0102173 | Lip loss: 0.0001866 | Grad norm: 0.033135 | Time: 8s513ms
Epoch: 010 | Test Loss: 0.0095623 | Time: 528ms
Epoch: 011 | Loss: 0.0103507 | L2 loss: 0.0101645 | Lip loss: 0.0001862 | Grad norm: 0.029324 | Time: 8s594ms
Epoch: 011 | Test Loss: 0.0095261 | Time: 523ms
==> Save the model at epoch 011 with test loss 0.0095261
Epoch: 012 | Loss: 0.0103416 | L2 loss: 0.0101571 | Lip loss: 0.0001845 | Grad norm: 0.028605 | Time: 8s352ms
Epoch: 012 | Test Loss: 0.0095221 | Time: 514ms
==> Save the model at epoch 012 with test loss 0.0095221
Epoch: 013 | Loss: 0.0103397 | L2 loss: 0.0101546 | Lip loss: 0.0001851 | Grad norm: 0.027185 | Time: 8s541ms
Epoch: 013 | Test Loss: 0.0095258 | Time: 582ms
Epoch: 014 | Loss: 0.0103617 | L2 loss: 0.0101762 | Lip loss: 0.0001856 | Grad norm: 0.029424 | Time: 8s750ms
Epoch: 014 | Test Loss: 0.0095202 | Time: 521ms
==> Save the model at epoch 014 with test loss 0.0095202
Epoch: 015 | Loss: 0.0103654 | L2 loss: 0.0101782 | Lip loss: 0.0001872 | Grad norm: 0.027176 | Time: 8s579ms
Epoch: 015 | Test Loss: 0.0095200 | Time: 517ms
==> Save the model at epoch 015 with test loss 0.0095200
Epoch: 016 | Loss: 0.0103406 | L2 loss: 0.0101560 | Lip loss: 0.0001846 | Grad norm: 0.028389 | Time: 8s782ms
Epoch: 016 | Test Loss: 0.0095185 | Time: 600ms
==> Save the model at epoch 016 with test loss 0.0095185
Epoch: 017 | Loss: 0.0103355 | L2 loss: 0.0101498 | Lip loss: 0.0001857 | Grad norm: 0.029672 | Time: 8s640ms
Epoch: 017 | Test Loss: 0.0095183 | Time: 535ms
==> Save the model at epoch 017 with test loss 0.0095183
Epoch: 018 | Loss: 0.0103453 | L2 loss: 0.0101600 | Lip loss: 0.0001853 | Grad norm: 0.026768 | Time: 8s448ms
Epoch: 018 | Test Loss: 0.0095185 | Time: 519ms
Epoch: 019 | Loss: 0.0103399 | L2 loss: 0.0101550 | Lip loss: 0.0001848 | Grad norm: 0.028337 | Time: 8s889ms
Epoch: 019 | Test Loss: 0.0095180 | Time: 527ms
==> Save the model at epoch 019 with test loss 0.0095180
Epoch: 020 | Loss: 0.0103445 | L2 loss: 0.0101550 | Lip loss: 0.0001895 | Grad norm: 0.026150 | Time: 8s748ms
Epoch: 020 | Test Loss: 0.0095179 | Time: 528ms
==> Save the model at epoch 020 with test loss 0.0095179
Epoch: 021 | Loss: 0.0103321 | L2 loss: 0.0101487 | Lip loss: 0.0001834 | Grad norm: 0.028336 | Time: 8s771ms
Epoch: 021 | Test Loss: 0.0095179 | Time: 531ms
Epoch: 022 | Loss: 0.0103419 | L2 loss: 0.0101553 | Lip loss: 0.0001866 | Grad norm: 0.028257 | Time: 8s720ms
Epoch: 022 | Test Loss: 0.0095179 | Time: 517ms
Epoch: 023 | Loss: 0.0103354 | L2 loss: 0.0101494 | Lip loss: 0.0001860 | Grad norm: 0.028320 | Time: 8s622ms
Epoch: 023 | Test Loss: 0.0095179 | Time: 525ms
Epoch: 024 | Loss: 0.0103340 | L2 loss: 0.0101475 | Lip loss: 0.0001864 | Grad norm: 0.028404 | Time: 8s552ms
Epoch: 024 | Test Loss: 0.0095179 | Time: 597ms
Epoch: 025 | Loss: 0.0103339 | L2 loss: 0.0101475 | Lip loss: 0.0001863 | Grad norm: 0.027454 | Time: 8s602ms
Epoch: 025 | Test Loss: 0.0095179 | Time: 519ms
Epoch: 026 | Loss: 0.0103437 | L2 loss: 0.0101561 | Lip loss: 0.0001876 | Grad norm: 0.027219 | Time: 8s723ms
Epoch: 026 | Test Loss: 0.0095179 | Time: 535ms
Epoch: 027 | Loss: 0.0103427 | L2 loss: 0.0101550 | Lip loss: 0.0001877 | Grad norm: 0.028684 | Time: 8s774ms
Epoch: 027 | Test Loss: 0.0095179 | Time: 591ms
Epoch: 028 | Loss: 0.0103429 | L2 loss: 0.0101550 | Lip loss: 0.0001879 | Grad norm: 0.027713 | Time: 8s916ms
Epoch: 028 | Test Loss: 0.0095179 | Time: 535ms
Epoch: 029 | Loss: 0.0103367 | L2 loss: 0.0101503 | Lip loss: 0.0001864 | Grad norm: 0.027114 | Time: 8s504ms
Epoch: 029 | Test Loss: 0.0095179 | Time: 535ms
Epoch: 030 | Loss: 0.0103389 | L2 loss: 0.0101535 | Lip loss: 0.0001855 | Grad norm: 0.027980 | Time: 8s859ms
Epoch: 030 | Test Loss: 0.0095179 | Time: 532ms
Epoch: 031 | Loss: 0.0103338 | L2 loss: 0.0101467 | Lip loss: 0.0001871 | Grad norm: 0.026728 | Time: 8s741ms
Epoch: 031 | Test Loss: 0.0095179 | Time: 520ms
Epoch: 032 | Loss: 0.0103348 | L2 loss: 0.0101491 | Lip loss: 0.0001856 | Grad norm: 0.025526 | Time: 8s589ms
Epoch: 032 | Test Loss: 0.0095179 | Time: 524ms
Epoch: 033 | Loss: 0.0103366 | L2 loss: 0.0101502 | Lip loss: 0.0001864 | Grad norm: 0.028127 | Time: 8s971ms
Epoch: 033 | Test Loss: 0.0095179 | Time: 527ms
Epoch: 034 | Loss: 0.0103359 | L2 loss: 0.0101523 | Lip loss: 0.0001835 | Grad norm: 0.027434 | Time: 8s764ms
Epoch: 034 | Test Loss: 0.0095179 | Time: 532ms
Epoch: 035 | Loss: 0.0103352 | L2 loss: 0.0101499 | Lip loss: 0.0001853 | Grad norm: 0.028412 | Time: 8s466ms
Epoch: 035 | Test Loss: 0.0095179 | Time: 602ms
Epoch: 036 | Loss: 0.0103385 | L2 loss: 0.0101525 | Lip loss: 0.0001860 | Grad norm: 0.026060 | Time: 8s154ms
Epoch: 036 | Test Loss: 0.0095179 | Time: 533ms
Epoch: 037 | Loss: 0.0103385 | L2 loss: 0.0101507 | Lip loss: 0.0001878 | Grad norm: 0.028814 | Time: 8s521ms
Epoch: 037 | Test Loss: 0.0095179 | Time: 539ms
Epoch: 038 | Loss: 0.0103384 | L2 loss: 0.0101504 | Lip loss: 0.0001880 | Grad norm: 0.029979 | Time: 8s288ms
Epoch: 038 | Test Loss: 0.0095179 | Time: 602ms
Epoch: 039 | Loss: 0.0103511 | L2 loss: 0.0101618 | Lip loss: 0.0001893 | Grad norm: 0.028742 | Time: 8s473ms
Epoch: 039 | Test Loss: 0.0095179 | Time: 522ms
Epoch: 040 | Loss: 0.0103418 | L2 loss: 0.0101568 | Lip loss: 0.0001851 | Grad norm: 0.028363 | Time: 8s427ms
Epoch: 040 | Test Loss: 0.0095179 | Time: 530ms
Total time: 6m7s
==> Saving trained model weights...
==> Input bias to be applied to the neural network (trained):
[0. 0. 0. 0.]
==> Input transform to be applied to the neural network (trained):
[1. 1. 1. 1.]
==> Output transform to be applied to the neural network (trained):
[1. 1.]
==> Saving training info...
==> Drawing training loss...
==> Drawing grad norm...
==> Drawing testing loss...
==> Drawing l2 loss...
==> Drawing lip loss...
==> Process finished.
