==> torch device:  cuda:0
==> Test-Train split: test_ratio = 0.20
==> Test-Train split seed:  None
==> Further split: further_train_ratio = 0.50
==> Further split seed:  None
==> Lipschitz constant: 4.00
==> Input bias to be applied to the neural network:
[0. 0.]
==> Input transform to be applied to the neural network:
[0.6219679 0.6219679]
==> Ouput transform to be applied to the neural network:
[3.225  3.2249]
==> Evaluating model...
==========================================================================================
Layer (type:depth-idx)                   Output Shape              Param #
==========================================================================================
NeuralNetwork                            [1, 2]                    6
├─Sequential: 1-1                        [1, 2]                    --
│    └─SandwichFc: 2-1                   [1, 64]                   4,353
│    └─SandwichFc: 2-2                   [1, 64]                   8,321
│    └─SandwichFc: 2-3                   [1, 64]                   8,321
│    └─SandwichFc: 2-4                   [1, 64]                   8,321
│    └─SandwichFc: 2-5                   [1, 64]                   8,321
│    └─SandwichFc: 2-6                   [1, 64]                   8,321
│    └─SandwichFc: 2-7                   [1, 64]                   8,321
│    └─SandwichLin: 2-8                  [1, 2]                    135
├─Sequential: 1-2                        [1, 2]                    (recursive)
│    └─SandwichFc: 2-9                   [1, 64]                   (recursive)
│    └─SandwichFc: 2-10                  [1, 64]                   (recursive)
│    └─SandwichFc: 2-11                  [1, 64]                   (recursive)
│    └─SandwichFc: 2-12                  [1, 64]                   (recursive)
│    └─SandwichFc: 2-13                  [1, 64]                   (recursive)
│    └─SandwichFc: 2-14                  [1, 64]                   (recursive)
│    └─SandwichFc: 2-15                  [1, 64]                   (recursive)
│    └─SandwichLin: 2-16                 [1, 2]                    (recursive)
==========================================================================================
Total params: 54,420
Trainable params: 54,414
Non-trainable params: 6
Total mult-adds (Units.MEGABYTES): 0.11
==========================================================================================
Input size (MB): 0.00
Forward/backward pass size (MB): 0.01
Params size (MB): 0.22
Estimated Total Size (MB): 0.22
==========================================================================================
==> Saving initial model weights...
==> Start training...
==> Number of param_groups in optimizer: 1
Epoch: 001 | Train Loss: 20.9933707 | Grad norm: 24.357903 | Time: 10s302ms
Epoch: 001 | Test Loss: 20.8291673 | Time: 665ms
==> Save the model at epoch 001 with test loss 20.8291673
Epoch: 002 | Train Loss: 1.9738900 | Grad norm: 7.903421 | Time: 10s924ms
Epoch: 002 | Test Loss: 0.0059687 | Time: 669ms
==> Save the model at epoch 002 with test loss 0.0059687
Epoch: 003 | Train Loss: 0.0134933 | Grad norm: 4.856957 | Time: 9s765ms
Epoch: 003 | Test Loss: 0.0108004 | Time: 665ms
Epoch: 004 | Train Loss: 0.0203833 | Grad norm: 5.829197 | Time: 10s159ms
Epoch: 004 | Test Loss: 0.0116637 | Time: 916ms
Epoch: 005 | Train Loss: 0.0255862 | Grad norm: 6.781741 | Time: 10s168ms
Epoch: 005 | Test Loss: 0.0132927 | Time: 660ms
Epoch: 006 | Train Loss: 0.0275384 | Grad norm: 6.872420 | Time: 10s65ms
Epoch: 006 | Test Loss: 0.0207747 | Time: 738ms
Epoch: 007 | Train Loss: 0.0293928 | Grad norm: 7.506148 | Time: 9s948ms
Epoch: 007 | Test Loss: 0.0219083 | Time: 673ms
Epoch: 008 | Train Loss: 0.0327390 | Grad norm: 7.870962 | Time: 9s833ms
Epoch: 008 | Test Loss: 0.0350103 | Time: 664ms
Epoch: 009 | Train Loss: 0.0340620 | Grad norm: 7.908582 | Time: 10s112ms
Epoch: 009 | Test Loss: 0.0274280 | Time: 677ms
Epoch: 010 | Train Loss: 0.0299169 | Grad norm: 7.044323 | Time: 10s357ms
Epoch: 010 | Test Loss: 0.0262362 | Time: 824ms
Epoch: 011 | Train Loss: 0.0286878 | Grad norm: 6.455003 | Time: 10s14ms
Epoch: 011 | Test Loss: 0.0262785 | Time: 666ms
Epoch: 012 | Train Loss: 0.0230265 | Grad norm: 5.910768 | Time: 9s919ms
Epoch: 012 | Test Loss: 0.0207242 | Time: 658ms
Epoch: 013 | Train Loss: 0.0206411 | Grad norm: 5.276520 | Time: 10s9ms
Epoch: 013 | Test Loss: 0.0269058 | Time: 679ms
Epoch: 014 | Train Loss: 0.0232477 | Grad norm: 4.987475 | Time: 9s956ms
Epoch: 014 | Test Loss: 0.0177880 | Time: 700ms
Epoch: 015 | Train Loss: 0.0156639 | Grad norm: 4.753265 | Time: 10s194ms
Epoch: 015 | Test Loss: 0.0177415 | Time: 664ms
Epoch: 016 | Train Loss: 0.0142220 | Grad norm: 4.389141 | Time: 10s39ms
Epoch: 016 | Test Loss: 0.0137331 | Time: 668ms
Epoch: 017 | Train Loss: 0.0142279 | Grad norm: 4.081400 | Time: 9s804ms
Epoch: 017 | Test Loss: 0.0155014 | Time: 733ms
Epoch: 018 | Train Loss: 0.0116809 | Grad norm: 3.774894 | Time: 9s828ms
Epoch: 018 | Test Loss: 0.0097049 | Time: 664ms
Epoch: 019 | Train Loss: 0.0104399 | Grad norm: 3.476440 | Time: 10s46ms
Epoch: 019 | Test Loss: 0.0102624 | Time: 746ms
Epoch: 020 | Train Loss: 0.0092129 | Grad norm: 3.198239 | Time: 9s814ms
Epoch: 020 | Test Loss: 0.0095283 | Time: 660ms
Epoch: 021 | Train Loss: 0.0085199 | Grad norm: 2.940853 | Time: 10s55ms
Epoch: 021 | Test Loss: 0.0099501 | Time: 730ms
Epoch: 022 | Train Loss: 0.0083257 | Grad norm: 2.693057 | Time: 10s76ms
Epoch: 022 | Test Loss: 0.0080917 | Time: 744ms
Epoch: 023 | Train Loss: 0.0072710 | Grad norm: 2.488086 | Time: 9s777ms
Epoch: 023 | Test Loss: 0.0082349 | Time: 657ms
Epoch: 024 | Train Loss: 0.0066221 | Grad norm: 2.225853 | Time: 10s159ms
Epoch: 024 | Test Loss: 0.0074206 | Time: 664ms
Epoch: 025 | Train Loss: 0.0063799 | Grad norm: 2.085518 | Time: 9s795ms
Epoch: 025 | Test Loss: 0.0058217 | Time: 665ms
==> Save the model at epoch 025 with test loss 0.0058217
Epoch: 026 | Train Loss: 0.0052041 | Grad norm: 1.566716 | Time: 9s982ms
Epoch: 026 | Test Loss: 0.0062962 | Time: 661ms
Epoch: 027 | Train Loss: 0.0046822 | Grad norm: 1.663334 | Time: 10s145ms
Epoch: 027 | Test Loss: 0.0049513 | Time: 664ms
==> Save the model at epoch 027 with test loss 0.0049513
Epoch: 028 | Train Loss: 0.0061239 | Grad norm: 2.136940 | Time: 10s81ms
Epoch: 028 | Test Loss: 0.0062250 | Time: 669ms
Epoch: 029 | Train Loss: 0.0048900 | Grad norm: 1.669418 | Time: 10s42ms
Epoch: 029 | Test Loss: 0.0031604 | Time: 669ms
==> Save the model at epoch 029 with test loss 0.0031604
Epoch: 030 | Train Loss: 0.0033896 | Grad norm: 0.729554 | Time: 10s145ms
Epoch: 030 | Test Loss: 0.0049872 | Time: 680ms
Epoch: 031 | Train Loss: 0.0033882 | Grad norm: 0.744169 | Time: 9s628ms
Epoch: 031 | Test Loss: 0.0031404 | Time: 666ms
==> Save the model at epoch 031 with test loss 0.0031404
Epoch: 032 | Train Loss: 0.0030758 | Grad norm: 0.549548 | Time: 9s826ms
Epoch: 032 | Test Loss: 0.0032242 | Time: 734ms
Epoch: 033 | Train Loss: 0.0029565 | Grad norm: 0.406296 | Time: 10s86ms
Epoch: 033 | Test Loss: 0.0029495 | Time: 660ms
==> Save the model at epoch 033 with test loss 0.0029495
Epoch: 034 | Train Loss: 0.0029249 | Grad norm: 0.403046 | Time: 10s22ms
Epoch: 034 | Test Loss: 0.0029094 | Time: 741ms
==> Save the model at epoch 034 with test loss 0.0029094
Epoch: 035 | Train Loss: 0.0028541 | Grad norm: 0.330271 | Time: 10s59ms
Epoch: 035 | Test Loss: 0.0028775 | Time: 675ms
==> Save the model at epoch 035 with test loss 0.0028775
Epoch: 036 | Train Loss: 0.0027988 | Grad norm: 0.294783 | Time: 10s240ms
Epoch: 036 | Test Loss: 0.0028000 | Time: 680ms
==> Save the model at epoch 036 with test loss 0.0028000
Epoch: 037 | Train Loss: 0.0027660 | Grad norm: 0.252766 | Time: 10s4ms
Epoch: 037 | Test Loss: 0.0027975 | Time: 677ms
==> Save the model at epoch 037 with test loss 0.0027975
Epoch: 038 | Train Loss: 0.0027349 | Grad norm: 0.199997 | Time: 9s895ms
Epoch: 038 | Test Loss: 0.0028077 | Time: 671ms
Epoch: 039 | Train Loss: 0.0027158 | Grad norm: 0.183063 | Time: 10s37ms
Epoch: 039 | Test Loss: 0.0027382 | Time: 665ms
==> Save the model at epoch 039 with test loss 0.0027382
Epoch: 040 | Train Loss: 0.0027046 | Grad norm: 0.162133 | Time: 9s968ms
Epoch: 040 | Test Loss: 0.0027211 | Time: 665ms
==> Save the model at epoch 040 with test loss 0.0027211
Total time: 7m9s
==> Saving trained model weights...
==> Input bias to be applied to the neural network (trained):
[0. 0.]
==> Input transform to be applied to the neural network (trained):
[0.6219679 0.6219679]
==> Output transform to be applied to the neural network (trained):
[3.225  3.2249]
==> Saving training info...
==> Drawing training loss...
==> Drawing grad norm...
==> Drawing testing loss...
==> Process finished.
