==> torch device:  cuda:0
==> Test-Train split: test_ratio = 0.20
==> Test-Train split seed:  None
==> Further split: further_train_ratio = 1.00
==> Further split seed:  None
==> Lipschitz constant: 16.00
==> Input bias to be applied to the neural network:
[0. 0.]
==> Input transform to be applied to the neural network:
[0.5090095 0.5090095]
==> Ouput transform to be applied to the neural network:
[3.9366 3.9363]
==> Evaluating model...
==========================================================================================
Layer (type:depth-idx)                   Output Shape              Param #
==========================================================================================
NeuralNetwork                            [1, 2]                    6
├─Sequential: 1-1                        [1, 2]                    --
│    └─SandwichFc: 2-1                   [1, 64]                   4,353
│    └─SandwichFc: 2-2                   [1, 64]                   8,321
│    └─SandwichFc: 2-3                   [1, 64]                   8,321
│    └─SandwichFc: 2-4                   [1, 64]                   8,321
│    └─SandwichFc: 2-5                   [1, 64]                   8,321
│    └─SandwichFc: 2-6                   [1, 64]                   8,321
│    └─SandwichFc: 2-7                   [1, 64]                   8,321
│    └─SandwichLin: 2-8                  [1, 2]                    135
├─Sequential: 1-2                        [1, 2]                    (recursive)
│    └─SandwichFc: 2-9                   [1, 64]                   (recursive)
│    └─SandwichFc: 2-10                  [1, 64]                   (recursive)
│    └─SandwichFc: 2-11                  [1, 64]                   (recursive)
│    └─SandwichFc: 2-12                  [1, 64]                   (recursive)
│    └─SandwichFc: 2-13                  [1, 64]                   (recursive)
│    └─SandwichFc: 2-14                  [1, 64]                   (recursive)
│    └─SandwichFc: 2-15                  [1, 64]                   (recursive)
│    └─SandwichLin: 2-16                 [1, 2]                    (recursive)
==========================================================================================
Total params: 54,420
Trainable params: 54,414
Non-trainable params: 6
Total mult-adds (M): 0.11
==========================================================================================
Input size (MB): 0.00
Forward/backward pass size (MB): 0.01
Params size (MB): 0.22
Estimated Total Size (MB): 0.22
==========================================================================================
==> Saving initial model weights...
==> Start training...
==> Number of param_groups in optimizer: 1
Epoch: 001 | Train Loss: 31.4108720 | Grad norm: 126.874471 | Time: 22s22ms
Epoch: 001 | Test Loss: 31.1530841 | Time: 784ms
==> Save the model at epoch 001 with test loss 31.1530841
Epoch: 002 | Train Loss: 0.8145347 | Grad norm: 16.090596 | Time: 21s419ms
Epoch: 002 | Test Loss: 0.0158188 | Time: 764ms
==> Save the model at epoch 002 with test loss 0.0158188
Epoch: 003 | Train Loss: 0.0255859 | Grad norm: 10.089349 | Time: 18s160ms
Epoch: 003 | Test Loss: 0.0166636 | Time: 761ms
Epoch: 004 | Train Loss: 0.0334733 | Grad norm: 11.476407 | Time: 17s802ms
Epoch: 004 | Test Loss: 0.0254948 | Time: 769ms
Epoch: 005 | Train Loss: 0.0439813 | Grad norm: 12.997214 | Time: 17s575ms
Epoch: 005 | Test Loss: 0.1352660 | Time: 765ms
Epoch: 006 | Train Loss: 0.0512315 | Grad norm: 13.809950 | Time: 17s638ms
Epoch: 006 | Test Loss: 0.0289579 | Time: 770ms
Epoch: 007 | Train Loss: 0.0578505 | Grad norm: 14.066131 | Time: 17s792ms
Epoch: 007 | Test Loss: 0.0693529 | Time: 772ms
Epoch: 008 | Train Loss: 0.0609669 | Grad norm: 13.662506 | Time: 21s590ms
Epoch: 008 | Test Loss: 0.0538965 | Time: 869ms
Epoch: 009 | Train Loss: 0.0774497 | Grad norm: 14.118623 | Time: 22s71ms
Epoch: 009 | Test Loss: 0.0551873 | Time: 771ms
Epoch: 010 | Train Loss: 0.0563163 | Grad norm: 12.758089 | Time: 21s864ms
Epoch: 010 | Test Loss: 0.0426331 | Time: 801ms
Epoch: 011 | Train Loss: 0.0453490 | Grad norm: 10.728087 | Time: 19s809ms
Epoch: 011 | Test Loss: 0.0458597 | Time: 750ms
Epoch: 012 | Train Loss: 0.0415255 | Grad norm: 9.443905 | Time: 20s970ms
Epoch: 012 | Test Loss: 0.0379549 | Time: 773ms
Epoch: 013 | Train Loss: 0.0401740 | Grad norm: 8.619981 | Time: 21s162ms
Epoch: 013 | Test Loss: 0.0254876 | Time: 785ms
Epoch: 014 | Train Loss: 0.0334164 | Grad norm: 8.494372 | Time: 20s248ms
Epoch: 014 | Test Loss: 0.0269264 | Time: 798ms
Epoch: 015 | Train Loss: 0.0276143 | Grad norm: 7.457904 | Time: 20s946ms
Epoch: 015 | Test Loss: 0.0323637 | Time: 794ms
Epoch: 016 | Train Loss: 0.0241001 | Grad norm: 6.834147 | Time: 20s626ms
Epoch: 016 | Test Loss: 0.0262670 | Time: 793ms
Epoch: 017 | Train Loss: 0.0231839 | Grad norm: 6.307147 | Time: 21s16ms
Epoch: 017 | Test Loss: 0.0187734 | Time: 791ms
Epoch: 018 | Train Loss: 0.0234346 | Grad norm: 5.982153 | Time: 19s139ms
Epoch: 018 | Test Loss: 0.0229642 | Time: 795ms
Epoch: 019 | Train Loss: 0.0203257 | Grad norm: 5.564284 | Time: 17s504ms
Epoch: 019 | Test Loss: 0.0137735 | Time: 798ms
==> Save the model at epoch 019 with test loss 0.0137735
Epoch: 020 | Train Loss: 0.0166111 | Grad norm: 5.092869 | Time: 17s599ms
Epoch: 020 | Test Loss: 0.0176727 | Time: 800ms
Epoch: 021 | Train Loss: 0.0159678 | Grad norm: 4.674669 | Time: 17s684ms
Epoch: 021 | Test Loss: 0.0210944 | Time: 799ms
Epoch: 022 | Train Loss: 0.0149253 | Grad norm: 4.213923 | Time: 17s533ms
Epoch: 022 | Test Loss: 0.0141636 | Time: 792ms
Epoch: 023 | Train Loss: 0.0140150 | Grad norm: 3.891886 | Time: 17s658ms
Epoch: 023 | Test Loss: 0.0109773 | Time: 761ms
==> Save the model at epoch 023 with test loss 0.0109773
Epoch: 024 | Train Loss: 0.0140781 | Grad norm: 3.694682 | Time: 17s777ms
Epoch: 024 | Test Loss: 0.0097800 | Time: 798ms
==> Save the model at epoch 024 with test loss 0.0097800
Epoch: 025 | Train Loss: 0.0125022 | Grad norm: 3.345896 | Time: 19s142ms
Epoch: 025 | Test Loss: 0.0136341 | Time: 803ms
Epoch: 026 | Train Loss: 0.0113192 | Grad norm: 2.901279 | Time: 20s322ms
Epoch: 026 | Test Loss: 0.0122982 | Time: 802ms
Epoch: 027 | Train Loss: 0.0113565 | Grad norm: 3.015811 | Time: 20s45ms
Epoch: 027 | Test Loss: 0.0128006 | Time: 772ms
Epoch: 028 | Train Loss: 0.0107502 | Grad norm: 2.715497 | Time: 20s127ms
Epoch: 028 | Test Loss: 0.0114470 | Time: 784ms
Epoch: 029 | Train Loss: 0.0095140 | Grad norm: 1.927902 | Time: 20s57ms
Epoch: 029 | Test Loss: 0.0082883 | Time: 767ms
==> Save the model at epoch 029 with test loss 0.0082883
Epoch: 030 | Train Loss: 0.0093694 | Grad norm: 2.069422 | Time: 20s295ms
Epoch: 030 | Test Loss: 0.0092357 | Time: 794ms
Epoch: 031 | Train Loss: 0.0090764 | Grad norm: 2.066153 | Time: 20s127ms
Epoch: 031 | Test Loss: 0.0082045 | Time: 855ms
==> Save the model at epoch 031 with test loss 0.0082045
Epoch: 032 | Train Loss: 0.0082592 | Grad norm: 1.387313 | Time: 20s291ms
Epoch: 032 | Test Loss: 0.0072913 | Time: 801ms
==> Save the model at epoch 032 with test loss 0.0072913
Epoch: 033 | Train Loss: 0.0080882 | Grad norm: 1.309655 | Time: 20s78ms
Epoch: 033 | Test Loss: 0.0079060 | Time: 800ms
Epoch: 034 | Train Loss: 0.0077459 | Grad norm: 1.010736 | Time: 20s202ms
Epoch: 034 | Test Loss: 0.0069512 | Time: 863ms
==> Save the model at epoch 034 with test loss 0.0069512
Epoch: 035 | Train Loss: 0.0076911 | Grad norm: 1.046588 | Time: 20s297ms
Epoch: 035 | Test Loss: 0.0072651 | Time: 802ms
Epoch: 036 | Train Loss: 0.0074509 | Grad norm: 0.818581 | Time: 20s395ms
Epoch: 036 | Test Loss: 0.0069541 | Time: 785ms
Epoch: 037 | Train Loss: 0.0073556 | Grad norm: 0.705261 | Time: 20s39ms
Epoch: 037 | Test Loss: 0.0068848 | Time: 824ms
==> Save the model at epoch 037 with test loss 0.0068848
Epoch: 038 | Train Loss: 0.0072419 | Grad norm: 0.595502 | Time: 20s244ms
Epoch: 038 | Test Loss: 0.0068835 | Time: 788ms
==> Save the model at epoch 038 with test loss 0.0068835
Epoch: 039 | Train Loss: 0.0071829 | Grad norm: 0.546965 | Time: 20s403ms
Epoch: 039 | Test Loss: 0.0068817 | Time: 800ms
==> Save the model at epoch 039 with test loss 0.0068817
Epoch: 040 | Train Loss: 0.0071292 | Grad norm: 0.461782 | Time: 20s342ms
Epoch: 040 | Test Loss: 0.0068074 | Time: 842ms
==> Save the model at epoch 040 with test loss 0.0068074
Total time: 13m41s
==> Saving trained model weights...
==> Input bias to be applied to the neural network (trained):
[0. 0.]
==> Input transform to be applied to the neural network (trained):
[0.5090095 0.5090095]
==> Output transform to be applied to the neural network (trained):
[3.9366 3.9363]
==> Saving training info...
==> Drawing training loss...
==> Drawing grad norm...
==> Drawing testing loss...
==> Process finished.
