==> torch device:  cuda:3
==> Test-Train split: test_ratio = 0.20
==> Test-Train split seed:  None
==> Further split: further_train_ratio = 1.00
==> Further split seed:  None
==> Input bias to be applied to the neural network:
[0. 0.]
==> Input transform to be applied to the neural network:
[0.5090095 0.5090095]
==> Ouput transform to be applied to the neural network:
[3.9366 3.9363]
==> Evaluating model...
==========================================================================================
Layer (type:depth-idx)                   Output Shape              Param #
==========================================================================================
NeuralNetwork                            [1, 2]                    6
├─Sequential: 1-1                        [1, 2]                    --
│    └─Linear: 2-1                       [1, 64]                   192
│    └─ReLU: 2-2                         [1, 64]                   --
│    └─Linear: 2-3                       [1, 64]                   4,160
│    └─ReLU: 2-4                         [1, 64]                   --
│    └─Linear: 2-5                       [1, 64]                   4,160
│    └─ReLU: 2-6                         [1, 64]                   --
│    └─Linear: 2-7                       [1, 64]                   4,160
│    └─ReLU: 2-8                         [1, 64]                   --
│    └─Linear: 2-9                       [1, 64]                   4,160
│    └─ReLU: 2-10                        [1, 64]                   --
│    └─Linear: 2-11                      [1, 64]                   4,160
│    └─ReLU: 2-12                        [1, 64]                   --
│    └─Linear: 2-13                      [1, 64]                   4,160
│    └─ReLU: 2-14                        [1, 64]                   --
│    └─Linear: 2-15                      [1, 2]                    130
├─Sequential: 1-2                        [1, 2]                    (recursive)
│    └─Linear: 2-16                      [1, 64]                   (recursive)
│    └─ReLU: 2-17                        [1, 64]                   --
│    └─Linear: 2-18                      [1, 64]                   (recursive)
│    └─ReLU: 2-19                        [1, 64]                   --
│    └─Linear: 2-20                      [1, 64]                   (recursive)
│    └─ReLU: 2-21                        [1, 64]                   --
│    └─Linear: 2-22                      [1, 64]                   (recursive)
│    └─ReLU: 2-23                        [1, 64]                   --
│    └─Linear: 2-24                      [1, 64]                   (recursive)
│    └─ReLU: 2-25                        [1, 64]                   --
│    └─Linear: 2-26                      [1, 64]                   (recursive)
│    └─ReLU: 2-27                        [1, 64]                   --
│    └─Linear: 2-28                      [1, 64]                   (recursive)
│    └─ReLU: 2-29                        [1, 64]                   --
│    └─Linear: 2-30                      [1, 2]                    (recursive)
==========================================================================================
Total params: 25,288
Trainable params: 25,282
Non-trainable params: 6
Total mult-adds (M): 0.05
==========================================================================================
Input size (MB): 0.00
Forward/backward pass size (MB): 0.01
Params size (MB): 0.10
Estimated Total Size (MB): 0.11
==========================================================================================
==> Saving initial model weights...
==> Start training...
==> Number of param_groups in optimizer: 1
Epoch: 001 | Train Loss: 31.0545251 | Grad norm: 0.917923 | Time: 5s289ms
Epoch: 001 | Test Loss: 30.8013690 | Time: 608ms
==> Save the model at epoch 001 with test loss 30.8013690
Epoch: 002 | Train Loss: 8.7132076 | Grad norm: 5.923187 | Time: 4s422ms
Epoch: 002 | Test Loss: 0.0100598 | Time: 589ms
==> Save the model at epoch 002 with test loss 0.0100598
Epoch: 003 | Train Loss: 0.0102637 | Grad norm: 1.090471 | Time: 3s918ms
Epoch: 003 | Test Loss: 0.0086436 | Time: 605ms
==> Save the model at epoch 003 with test loss 0.0086436
Epoch: 004 | Train Loss: 0.0098026 | Grad norm: 1.176584 | Time: 4s41ms
Epoch: 004 | Test Loss: 0.0088903 | Time: 603ms
Epoch: 005 | Train Loss: 0.0100195 | Grad norm: 1.298969 | Time: 3s901ms
Epoch: 005 | Test Loss: 0.0110316 | Time: 586ms
Epoch: 006 | Train Loss: 0.0110001 | Grad norm: 1.532378 | Time: 4s679ms
Epoch: 006 | Test Loss: 0.0096867 | Time: 604ms
Epoch: 007 | Train Loss: 0.0120589 | Grad norm: 1.734434 | Time: 5s349ms
Epoch: 007 | Test Loss: 0.0104979 | Time: 687ms
Epoch: 008 | Train Loss: 0.0121933 | Grad norm: 1.722540 | Time: 5s251ms
Epoch: 008 | Test Loss: 0.0093666 | Time: 601ms
Epoch: 009 | Train Loss: 0.0130219 | Grad norm: 1.851142 | Time: 5s86ms
Epoch: 009 | Test Loss: 0.0176609 | Time: 700ms
Epoch: 010 | Train Loss: 0.0127465 | Grad norm: 1.779384 | Time: 5s47ms
Epoch: 010 | Test Loss: 0.0123005 | Time: 609ms
Epoch: 011 | Train Loss: 0.0136349 | Grad norm: 1.864263 | Time: 4s911ms
Epoch: 011 | Test Loss: 0.0387227 | Time: 609ms
Epoch: 012 | Train Loss: 0.0129809 | Grad norm: 1.729710 | Time: 4s48ms
Epoch: 012 | Test Loss: 0.0112236 | Time: 664ms
Epoch: 013 | Train Loss: 0.0120370 | Grad norm: 1.638534 | Time: 4s549ms
Epoch: 013 | Test Loss: 0.0107196 | Time: 591ms
Epoch: 014 | Train Loss: 0.0115579 | Grad norm: 1.499416 | Time: 4s988ms
Epoch: 014 | Test Loss: 0.0098081 | Time: 614ms
Epoch: 015 | Train Loss: 0.0115290 | Grad norm: 1.490717 | Time: 5s58ms
Epoch: 015 | Test Loss: 0.0083359 | Time: 663ms
==> Save the model at epoch 015 with test loss 0.0083359
Epoch: 016 | Train Loss: 0.0117581 | Grad norm: 1.510737 | Time: 4s928ms
Epoch: 016 | Test Loss: 0.0097156 | Time: 609ms
Epoch: 017 | Train Loss: 0.0106268 | Grad norm: 1.344863 | Time: 4s974ms
Epoch: 017 | Test Loss: 0.0104273 | Time: 606ms
Epoch: 018 | Train Loss: 0.0104058 | Grad norm: 1.276751 | Time: 4s937ms
Epoch: 018 | Test Loss: 0.0085829 | Time: 671ms
Epoch: 019 | Train Loss: 0.0097141 | Grad norm: 1.149631 | Time: 4s721ms
Epoch: 019 | Test Loss: 0.0084660 | Time: 613ms
Epoch: 020 | Train Loss: 0.0094025 | Grad norm: 1.062557 | Time: 4s282ms
Epoch: 020 | Test Loss: 0.0090444 | Time: 622ms
Epoch: 021 | Train Loss: 0.0090649 | Grad norm: 0.980395 | Time: 4s662ms
Epoch: 021 | Test Loss: 0.0098366 | Time: 697ms
Epoch: 022 | Train Loss: 0.0092082 | Grad norm: 1.025458 | Time: 5s624ms
Epoch: 022 | Test Loss: 0.0076504 | Time: 628ms
==> Save the model at epoch 022 with test loss 0.0076504
Epoch: 023 | Train Loss: 0.0088865 | Grad norm: 0.918716 | Time: 5s472ms
Epoch: 023 | Test Loss: 0.0090459 | Time: 626ms
Epoch: 024 | Train Loss: 0.0087219 | Grad norm: 0.882650 | Time: 5s501ms
Epoch: 024 | Test Loss: 0.0074594 | Time: 695ms
==> Save the model at epoch 024 with test loss 0.0074594
Epoch: 025 | Train Loss: 0.0085422 | Grad norm: 0.833099 | Time: 4s749ms
Epoch: 025 | Test Loss: 0.0075927 | Time: 593ms
Epoch: 026 | Train Loss: 0.0083352 | Grad norm: 0.778510 | Time: 3s894ms
Epoch: 026 | Test Loss: 0.0079106 | Time: 595ms
Epoch: 027 | Train Loss: 0.0081635 | Grad norm: 0.712472 | Time: 4s514ms
Epoch: 027 | Test Loss: 0.0071479 | Time: 666ms
==> Save the model at epoch 027 with test loss 0.0071479
Epoch: 028 | Train Loss: 0.0080128 | Grad norm: 0.658331 | Time: 4s836ms
Epoch: 028 | Test Loss: 0.0083874 | Time: 588ms
Epoch: 029 | Train Loss: 0.0079012 | Grad norm: 0.644249 | Time: 4s243ms
Epoch: 029 | Test Loss: 0.0079830 | Time: 601ms
Epoch: 030 | Train Loss: 0.0078264 | Grad norm: 0.596878 | Time: 4s904ms
Epoch: 030 | Test Loss: 0.0072653 | Time: 666ms
Epoch: 031 | Train Loss: 0.0076699 | Grad norm: 0.538111 | Time: 4s820ms
Epoch: 031 | Test Loss: 0.0078359 | Time: 629ms
Epoch: 032 | Train Loss: 0.0075946 | Grad norm: 0.503601 | Time: 4s310ms
Epoch: 032 | Test Loss: 0.0072221 | Time: 593ms
Epoch: 033 | Train Loss: 0.0074582 | Grad norm: 0.434178 | Time: 4s785ms
Epoch: 033 | Test Loss: 0.0072314 | Time: 716ms
Epoch: 034 | Train Loss: 0.0073677 | Grad norm: 0.389064 | Time: 5s153ms
Epoch: 034 | Test Loss: 0.0072679 | Time: 657ms
Epoch: 035 | Train Loss: 0.0073203 | Grad norm: 0.365249 | Time: 4s102ms
Epoch: 035 | Test Loss: 0.0072767 | Time: 590ms
Epoch: 036 | Train Loss: 0.0072735 | Grad norm: 0.346237 | Time: 3s843ms
Epoch: 036 | Test Loss: 0.0072702 | Time: 589ms
Epoch: 037 | Train Loss: 0.0072411 | Grad norm: 0.319116 | Time: 4s675ms
Epoch: 037 | Test Loss: 0.0070893 | Time: 588ms
==> Save the model at epoch 037 with test loss 0.0070893
Epoch: 038 | Train Loss: 0.0071731 | Grad norm: 0.271842 | Time: 4s344ms
Epoch: 038 | Test Loss: 0.0070577 | Time: 610ms
==> Save the model at epoch 038 with test loss 0.0070577
Epoch: 039 | Train Loss: 0.0071552 | Grad norm: 0.266555 | Time: 4s861ms
Epoch: 039 | Test Loss: 0.0070103 | Time: 611ms
==> Save the model at epoch 039 with test loss 0.0070103
Epoch: 040 | Train Loss: 0.0071232 | Grad norm: 0.227310 | Time: 5s67ms
Epoch: 040 | Test Loss: 0.0069947 | Time: 625ms
==> Save the model at epoch 040 with test loss 0.0069947
Total time: 3m33s
==> Saving trained model weights...
==> Input bias to be applied to the neural network (trained):
[0. 0.]
==> Input transform to be applied to the neural network (trained):
[0.5090095 0.5090095]
==> Output transform to be applied to the neural network (trained):
[3.9366 3.9363]
==> Saving training info...
==> Drawing training loss...
==> Drawing grad norm...
==> Drawing testing loss...
==> Process finished.
