==> torch device:  cuda:0
==> Test-Train split: test_ratio = 0.20
==> Test-Train split seed:  None
==> Further split: further_train_ratio = 1.00
==> Further split seed:  None
==> Lipschitz constant: 128.00
==> Input bias to be applied to the neural network:
[0. 0. 0. 0.]
==> Input transform to be applied to the neural network:
[0.7072636  0.72212595 0.6760411  0.67349136]
==> Ouput transform to be applied to the neural network:
[0.2287 0.2871]
==> Evaluating model...
==========================================================================================
Layer (type:depth-idx)                   Output Shape              Param #
==========================================================================================
NeuralNetwork                            [1, 2]                    10
├─Sequential: 1-1                        [1, 2]                    --
│    └─SandwichFc: 2-1                   [1, 64]                   4,481
│    └─SandwichFc: 2-2                   [1, 64]                   8,321
│    └─SandwichFc: 2-3                   [1, 64]                   8,321
│    └─SandwichFc: 2-4                   [1, 64]                   8,321
│    └─SandwichFc: 2-5                   [1, 64]                   8,321
│    └─SandwichFc: 2-6                   [1, 64]                   8,321
│    └─SandwichFc: 2-7                   [1, 64]                   8,321
│    └─SandwichLin: 2-8                  [1, 2]                    135
├─Sequential: 1-2                        [1, 2]                    (recursive)
│    └─SandwichFc: 2-9                   [1, 64]                   (recursive)
│    └─SandwichFc: 2-10                  [1, 64]                   (recursive)
│    └─SandwichFc: 2-11                  [1, 64]                   (recursive)
│    └─SandwichFc: 2-12                  [1, 64]                   (recursive)
│    └─SandwichFc: 2-13                  [1, 64]                   (recursive)
│    └─SandwichFc: 2-14                  [1, 64]                   (recursive)
│    └─SandwichFc: 2-15                  [1, 64]                   (recursive)
│    └─SandwichLin: 2-16                 [1, 2]                    (recursive)
==========================================================================================
Total params: 54,552
Trainable params: 54,542
Non-trainable params: 10
Total mult-adds (Units.MEGABYTES): 0.11
==========================================================================================
Input size (MB): 0.00
Forward/backward pass size (MB): 0.01
Params size (MB): 0.22
Estimated Total Size (MB): 0.23
==========================================================================================
==> Saving initial model weights...
==> Start training...
==> Number of param_groups in optimizer: 1
Epoch: 001 | Train Loss: 0.3281679 | Grad norm: 17.245107 | Time: 17s29ms
Epoch: 001 | Test Loss: 0.3268440 | Time: 604ms
==> Save the model at epoch 001 with test loss 0.3268440
Epoch: 002 | Train Loss: 0.0202549 | Grad norm: 0.660736 | Time: 17s89ms
Epoch: 002 | Test Loss: 0.0108472 | Time: 603ms
==> Save the model at epoch 002 with test loss 0.0108472
Epoch: 003 | Train Loss: 0.0111421 | Grad norm: 0.188138 | Time: 16s897ms
Epoch: 003 | Test Loss: 0.0110580 | Time: 675ms
Epoch: 004 | Train Loss: 0.0111804 | Grad norm: 0.168024 | Time: 17s321ms
Epoch: 004 | Test Loss: 0.0119023 | Time: 605ms
Epoch: 005 | Train Loss: 0.0107171 | Grad norm: 0.133243 | Time: 16s934ms
Epoch: 005 | Test Loss: 0.0107409 | Time: 602ms
==> Save the model at epoch 005 with test loss 0.0107409
Epoch: 006 | Train Loss: 0.0103490 | Grad norm: 0.109414 | Time: 16s728ms
Epoch: 006 | Test Loss: 0.0105681 | Time: 675ms
==> Save the model at epoch 006 with test loss 0.0105681
Epoch: 007 | Train Loss: 0.0102124 | Grad norm: 0.095328 | Time: 16s767ms
Epoch: 007 | Test Loss: 0.0099721 | Time: 607ms
==> Save the model at epoch 007 with test loss 0.0099721
Epoch: 008 | Train Loss: 0.0099094 | Grad norm: 0.078591 | Time: 16s908ms
Epoch: 008 | Test Loss: 0.0101911 | Time: 602ms
Epoch: 009 | Train Loss: 0.0098549 | Grad norm: 0.073962 | Time: 16s708ms
Epoch: 009 | Test Loss: 0.0100908 | Time: 670ms
Epoch: 010 | Train Loss: 0.0129198 | Grad norm: 0.094500 | Time: 16s284ms
Epoch: 010 | Test Loss: 0.0106750 | Time: 611ms
Epoch: 011 | Train Loss: 0.0097113 | Grad norm: 0.053904 | Time: 17s77ms
Epoch: 011 | Test Loss: 0.0102344 | Time: 598ms
Epoch: 012 | Train Loss: 0.0094242 | Grad norm: 0.054450 | Time: 17s85ms
Epoch: 012 | Test Loss: 0.0098864 | Time: 606ms
==> Save the model at epoch 012 with test loss 0.0098864
Epoch: 013 | Train Loss: 0.0091484 | Grad norm: 0.049673 | Time: 16s647ms
Epoch: 013 | Test Loss: 0.0102799 | Time: 619ms
Epoch: 014 | Train Loss: 0.0090400 | Grad norm: 0.047699 | Time: 17s32ms
Epoch: 014 | Test Loss: 0.0092344 | Time: 603ms
==> Save the model at epoch 014 with test loss 0.0092344
Epoch: 015 | Train Loss: 0.0088577 | Grad norm: 0.043355 | Time: 16s645ms
Epoch: 015 | Test Loss: 0.0089245 | Time: 603ms
==> Save the model at epoch 015 with test loss 0.0089245
Epoch: 016 | Train Loss: 0.0087203 | Grad norm: 0.045204 | Time: 16s914ms
Epoch: 016 | Test Loss: 0.0090627 | Time: 600ms
Epoch: 017 | Train Loss: 0.0085632 | Grad norm: 0.044730 | Time: 17s356ms
Epoch: 017 | Test Loss: 0.0090962 | Time: 608ms
Epoch: 018 | Train Loss: 0.0084917 | Grad norm: 0.041012 | Time: 16s528ms
Epoch: 018 | Test Loss: 0.0087997 | Time: 596ms
==> Save the model at epoch 018 with test loss 0.0087997
Epoch: 019 | Train Loss: 0.0083039 | Grad norm: 0.034391 | Time: 16s627ms
Epoch: 019 | Test Loss: 0.0085135 | Time: 604ms
==> Save the model at epoch 019 with test loss 0.0085135
Epoch: 020 | Train Loss: 0.0083216 | Grad norm: 0.035334 | Time: 17s287ms
Epoch: 020 | Test Loss: 0.0084552 | Time: 675ms
==> Save the model at epoch 020 with test loss 0.0084552
Epoch: 021 | Train Loss: 0.0081286 | Grad norm: 0.030172 | Time: 16s593ms
Epoch: 021 | Test Loss: 0.0083543 | Time: 606ms
==> Save the model at epoch 021 with test loss 0.0083543
Epoch: 022 | Train Loss: 0.0080559 | Grad norm: 0.028155 | Time: 16s990ms
Epoch: 022 | Test Loss: 0.0087677 | Time: 610ms
Epoch: 023 | Train Loss: 0.0079556 | Grad norm: 0.027495 | Time: 17s210ms
Epoch: 023 | Test Loss: 0.0081450 | Time: 608ms
==> Save the model at epoch 023 with test loss 0.0081450
Epoch: 024 | Train Loss: 0.0079100 | Grad norm: 0.027440 | Time: 16s672ms
Epoch: 024 | Test Loss: 0.0081590 | Time: 603ms
Epoch: 025 | Train Loss: 0.0078909 | Grad norm: 0.026211 | Time: 16s634ms
Epoch: 025 | Test Loss: 0.0084347 | Time: 601ms
Epoch: 026 | Train Loss: 0.0077797 | Grad norm: 0.024439 | Time: 16s695ms
Epoch: 026 | Test Loss: 0.0081481 | Time: 604ms
Epoch: 027 | Train Loss: 0.0077382 | Grad norm: 0.022543 | Time: 16s702ms
Epoch: 027 | Test Loss: 0.0079162 | Time: 613ms
==> Save the model at epoch 027 with test loss 0.0079162
Epoch: 028 | Train Loss: 0.0076859 | Grad norm: 0.021943 | Time: 16s706ms
Epoch: 028 | Test Loss: 0.0078911 | Time: 634ms
==> Save the model at epoch 028 with test loss 0.0078911
Epoch: 029 | Train Loss: 0.0076136 | Grad norm: 0.021256 | Time: 17s67ms
Epoch: 029 | Test Loss: 0.0079880 | Time: 601ms
Epoch: 030 | Train Loss: 0.0076034 | Grad norm: 0.020326 | Time: 17s35ms
Epoch: 030 | Test Loss: 0.0078570 | Time: 615ms
==> Save the model at epoch 030 with test loss 0.0078570
Epoch: 031 | Train Loss: 0.0075135 | Grad norm: 0.019318 | Time: 16s545ms
Epoch: 031 | Test Loss: 0.0078220 | Time: 674ms
==> Save the model at epoch 031 with test loss 0.0078220
Epoch: 032 | Train Loss: 0.0074621 | Grad norm: 0.019110 | Time: 17s23ms
Epoch: 032 | Test Loss: 0.0076586 | Time: 603ms
==> Save the model at epoch 032 with test loss 0.0076586
Epoch: 033 | Train Loss: 0.0074196 | Grad norm: 0.019227 | Time: 17s63ms
Epoch: 033 | Test Loss: 0.0076452 | Time: 596ms
==> Save the model at epoch 033 with test loss 0.0076452
Epoch: 034 | Train Loss: 0.0073929 | Grad norm: 0.018879 | Time: 16s590ms
Epoch: 034 | Test Loss: 0.0076475 | Time: 683ms
Epoch: 035 | Train Loss: 0.0073455 | Grad norm: 0.017555 | Time: 16s742ms
Epoch: 035 | Test Loss: 0.0076170 | Time: 614ms
==> Save the model at epoch 035 with test loss 0.0076170
Epoch: 036 | Train Loss: 0.0073102 | Grad norm: 0.017725 | Time: 16s913ms
Epoch: 036 | Test Loss: 0.0075627 | Time: 603ms
==> Save the model at epoch 036 with test loss 0.0075627
Epoch: 037 | Train Loss: 0.0072753 | Grad norm: 0.016896 | Time: 16s758ms
Epoch: 037 | Test Loss: 0.0075234 | Time: 602ms
==> Save the model at epoch 037 with test loss 0.0075234
Epoch: 038 | Train Loss: 0.0072509 | Grad norm: 0.016766 | Time: 16s645ms
Epoch: 038 | Test Loss: 0.0075598 | Time: 602ms
Epoch: 039 | Train Loss: 0.0072288 | Grad norm: 0.016328 | Time: 17s266ms
Epoch: 039 | Test Loss: 0.0075320 | Time: 602ms
Epoch: 040 | Train Loss: 0.0072149 | Grad norm: 0.015974 | Time: 17s10ms
Epoch: 040 | Test Loss: 0.0075206 | Time: 601ms
==> Save the model at epoch 040 with test loss 0.0075206
Total time: 11m39s
==> Saving trained model weights...
==> Input bias to be applied to the neural network (trained):
[0. 0. 0. 0.]
==> Input transform to be applied to the neural network (trained):
[0.7072636  0.72212595 0.6760411  0.67349136]
==> Output transform to be applied to the neural network (trained):
[0.2287 0.2871]
==> Saving training info...
==> Drawing training loss...
==> Drawing grad norm...
==> Drawing testing loss...
==> Process finished.
