==> torch device:  cuda:0
==> Test-Train split: test_ratio = 0.20
==> Test-Train split seed:  None
==> Further split: further_train_ratio = 1.00
==> Further split seed:  None
==> Input bias to be applied to the neural network:
[0. 0.]
==> Input transform to be applied to the neural network:
[0.5090095 0.5090095]
==> Ouput transform to be applied to the neural network:
[3.9366 3.9363]
==> Evaluating model...
==========================================================================================
Layer (type:depth-idx)                   Output Shape              Param #
==========================================================================================
NeuralNetwork                            [1, 2]                    6
├─Sequential: 1-1                        [1, 2]                    --
│    └─Linear: 2-1                       [1, 64]                   192
│    └─ReLU: 2-2                         [1, 64]                   --
│    └─Linear: 2-3                       [1, 64]                   4,160
│    └─ReLU: 2-4                         [1, 64]                   --
│    └─Linear: 2-5                       [1, 64]                   4,160
│    └─ReLU: 2-6                         [1, 64]                   --
│    └─Linear: 2-7                       [1, 64]                   4,160
│    └─ReLU: 2-8                         [1, 64]                   --
│    └─Linear: 2-9                       [1, 64]                   4,160
│    └─ReLU: 2-10                        [1, 64]                   --
│    └─Linear: 2-11                      [1, 64]                   4,160
│    └─ReLU: 2-12                        [1, 64]                   --
│    └─Linear: 2-13                      [1, 64]                   4,160
│    └─ReLU: 2-14                        [1, 64]                   --
│    └─Linear: 2-15                      [1, 2]                    130
├─Sequential: 1-2                        [1, 2]                    (recursive)
│    └─Linear: 2-16                      [1, 64]                   (recursive)
│    └─ReLU: 2-17                        [1, 64]                   --
│    └─Linear: 2-18                      [1, 64]                   (recursive)
│    └─ReLU: 2-19                        [1, 64]                   --
│    └─Linear: 2-20                      [1, 64]                   (recursive)
│    └─ReLU: 2-21                        [1, 64]                   --
│    └─Linear: 2-22                      [1, 64]                   (recursive)
│    └─ReLU: 2-23                        [1, 64]                   --
│    └─Linear: 2-24                      [1, 64]                   (recursive)
│    └─ReLU: 2-25                        [1, 64]                   --
│    └─Linear: 2-26                      [1, 64]                   (recursive)
│    └─ReLU: 2-27                        [1, 64]                   --
│    └─Linear: 2-28                      [1, 64]                   (recursive)
│    └─ReLU: 2-29                        [1, 64]                   --
│    └─Linear: 2-30                      [1, 2]                    (recursive)
==========================================================================================
Total params: 25,288
Trainable params: 25,282
Non-trainable params: 6
Total mult-adds (Units.MEGABYTES): 0.05
==========================================================================================
Input size (MB): 0.00
Forward/backward pass size (MB): 0.01
Params size (MB): 0.10
Estimated Total Size (MB): 0.11
==========================================================================================
==> Saving initial model weights...
==> Start training...
==> Number of param_groups in optimizer: 1
Epoch: 001 | Train Loss: 30.9188835 | Grad norm: 1.031293 | Time: 4s554ms
Epoch: 001 | Test Loss: 31.2815891 | Time: 471ms
==> Save the model at epoch 001 with test loss 31.2815891
Epoch: 002 | Train Loss: 1.6047576 | Grad norm: 6.111624 | Time: 4s444ms
Epoch: 002 | Test Loss: 0.0157197 | Time: 515ms
==> Save the model at epoch 002 with test loss 0.0157197
Epoch: 003 | Train Loss: 0.0307664 | Grad norm: 3.412154 | Time: 4s517ms
Epoch: 003 | Test Loss: 0.0203265 | Time: 529ms
Epoch: 004 | Train Loss: 0.0474663 | Grad norm: 4.239444 | Time: 4s518ms
Epoch: 004 | Test Loss: 0.0532840 | Time: 473ms
Epoch: 005 | Train Loss: 0.0564557 | Grad norm: 4.616164 | Time: 4s745ms
Epoch: 005 | Test Loss: 0.0248472 | Time: 492ms
Epoch: 006 | Train Loss: 0.0957741 | Grad norm: 5.943526 | Time: 4s209ms
Epoch: 006 | Test Loss: 0.0536414 | Time: 562ms
Epoch: 007 | Train Loss: 0.0953708 | Grad norm: 6.035952 | Time: 4s487ms
Epoch: 007 | Test Loss: 0.0470957 | Time: 528ms
Epoch: 008 | Train Loss: 0.0944370 | Grad norm: 5.972972 | Time: 4s363ms
Epoch: 008 | Test Loss: 0.0915760 | Time: 479ms
Epoch: 009 | Train Loss: 0.1200783 | Grad norm: 7.015703 | Time: 4s216ms
Epoch: 009 | Test Loss: 0.0782570 | Time: 476ms
Epoch: 010 | Train Loss: 0.0836639 | Grad norm: 5.689091 | Time: 4s256ms
Epoch: 010 | Test Loss: 0.0950647 | Time: 474ms
Epoch: 011 | Train Loss: 0.0858456 | Grad norm: 5.547256 | Time: 4s602ms
Epoch: 011 | Test Loss: 0.0603053 | Time: 495ms
Epoch: 012 | Train Loss: 0.0646456 | Grad norm: 4.767851 | Time: 4s322ms
Epoch: 012 | Test Loss: 0.0385791 | Time: 519ms
Epoch: 013 | Train Loss: 0.0640309 | Grad norm: 4.757415 | Time: 4s411ms
Epoch: 013 | Test Loss: 0.0228843 | Time: 469ms
Epoch: 014 | Train Loss: 0.0655502 | Grad norm: 4.721250 | Time: 4s367ms
Epoch: 014 | Test Loss: 0.0459620 | Time: 548ms
Epoch: 015 | Train Loss: 0.0489734 | Grad norm: 4.106595 | Time: 4s370ms
Epoch: 015 | Test Loss: 0.0334231 | Time: 495ms
Epoch: 016 | Train Loss: 0.0414979 | Grad norm: 3.730880 | Time: 4s460ms
Epoch: 016 | Test Loss: 0.0175871 | Time: 490ms
Epoch: 017 | Train Loss: 0.0376405 | Grad norm: 3.581007 | Time: 4s337ms
Epoch: 017 | Test Loss: 0.0396351 | Time: 472ms
Epoch: 018 | Train Loss: 0.0353944 | Grad norm: 3.381366 | Time: 4s515ms
Epoch: 018 | Test Loss: 0.0233718 | Time: 481ms
Epoch: 019 | Train Loss: 0.0292328 | Grad norm: 2.979008 | Time: 4s421ms
Epoch: 019 | Test Loss: 0.0175150 | Time: 495ms
Epoch: 020 | Train Loss: 0.0276048 | Grad norm: 2.972558 | Time: 4s389ms
Epoch: 020 | Test Loss: 0.0286668 | Time: 486ms
Epoch: 021 | Train Loss: 0.0210505 | Grad norm: 2.369693 | Time: 4s404ms
Epoch: 021 | Test Loss: 0.0156667 | Time: 468ms
==> Save the model at epoch 021 with test loss 0.0156667
Epoch: 022 | Train Loss: 0.0182035 | Grad norm: 2.136766 | Time: 4s242ms
Epoch: 022 | Test Loss: 0.0168755 | Time: 550ms
Epoch: 023 | Train Loss: 0.0161882 | Grad norm: 1.937916 | Time: 4s378ms
Epoch: 023 | Test Loss: 0.0200349 | Time: 482ms
Epoch: 024 | Train Loss: 0.0142567 | Grad norm: 1.748387 | Time: 4s432ms
Epoch: 024 | Test Loss: 0.0118009 | Time: 478ms
==> Save the model at epoch 024 with test loss 0.0118009
Epoch: 025 | Train Loss: 0.0123322 | Grad norm: 1.475204 | Time: 4s409ms
Epoch: 025 | Test Loss: 0.0114690 | Time: 483ms
==> Save the model at epoch 025 with test loss 0.0114690
Epoch: 026 | Train Loss: 0.0114102 | Grad norm: 1.388810 | Time: 4s621ms
Epoch: 026 | Test Loss: 0.0215151 | Time: 475ms
Epoch: 027 | Train Loss: 0.0102417 | Grad norm: 1.144615 | Time: 4s442ms
Epoch: 027 | Test Loss: 0.0099030 | Time: 493ms
==> Save the model at epoch 027 with test loss 0.0099030
Epoch: 028 | Train Loss: 0.0095990 | Grad norm: 1.045796 | Time: 4s516ms
Epoch: 028 | Test Loss: 0.0078611 | Time: 488ms
==> Save the model at epoch 028 with test loss 0.0078611
Epoch: 029 | Train Loss: 0.0084729 | Grad norm: 0.745922 | Time: 4s633ms
Epoch: 029 | Test Loss: 0.0082617 | Time: 516ms
Epoch: 030 | Train Loss: 0.0086396 | Grad norm: 0.811292 | Time: 4s552ms
Epoch: 030 | Test Loss: 0.0077754 | Time: 493ms
==> Save the model at epoch 030 with test loss 0.0077754
Epoch: 031 | Train Loss: 0.0079669 | Grad norm: 0.593831 | Time: 4s503ms
Epoch: 031 | Test Loss: 0.0077426 | Time: 479ms
==> Save the model at epoch 031 with test loss 0.0077426
Epoch: 032 | Train Loss: 0.0079338 | Grad norm: 0.599930 | Time: 4s465ms
Epoch: 032 | Test Loss: 0.0081070 | Time: 467ms
Epoch: 033 | Train Loss: 0.0077997 | Grad norm: 0.558102 | Time: 4s404ms
Epoch: 033 | Test Loss: 0.0089862 | Time: 586ms
Epoch: 034 | Train Loss: 0.0075492 | Grad norm: 0.461789 | Time: 4s271ms
Epoch: 034 | Test Loss: 0.0077441 | Time: 482ms
Epoch: 035 | Train Loss: 0.0074837 | Grad norm: 0.429200 | Time: 4s420ms
Epoch: 035 | Test Loss: 0.0074836 | Time: 478ms
==> Save the model at epoch 035 with test loss 0.0074836
Epoch: 036 | Train Loss: 0.0073582 | Grad norm: 0.370279 | Time: 4s545ms
Epoch: 036 | Test Loss: 0.0073625 | Time: 501ms
==> Save the model at epoch 036 with test loss 0.0073625
Epoch: 037 | Train Loss: 0.0072510 | Grad norm: 0.308822 | Time: 4s419ms
Epoch: 037 | Test Loss: 0.0073482 | Time: 484ms
==> Save the model at epoch 037 with test loss 0.0073482
Epoch: 038 | Train Loss: 0.0072074 | Grad norm: 0.286903 | Time: 4s572ms
Epoch: 038 | Test Loss: 0.0071736 | Time: 466ms
==> Save the model at epoch 038 with test loss 0.0071736
Epoch: 039 | Train Loss: 0.0071392 | Grad norm: 0.240255 | Time: 4s219ms
Epoch: 039 | Test Loss: 0.0071192 | Time: 477ms
==> Save the model at epoch 039 with test loss 0.0071192
Epoch: 040 | Train Loss: 0.0070924 | Grad norm: 0.195769 | Time: 4s538ms
Epoch: 040 | Test Loss: 0.0071031 | Time: 467ms
==> Save the model at epoch 040 with test loss 0.0071031
Total time: 3m17s
==> Saving trained model weights...
==> Input bias to be applied to the neural network (trained):
[0. 0.]
==> Input transform to be applied to the neural network (trained):
[0.5090095 0.5090095]
==> Output transform to be applied to the neural network (trained):
[3.9366 3.9363]
==> Saving training info...
==> Drawing training loss...
==> Drawing grad norm...
==> Drawing testing loss...
==> Process finished.
