==> torch device:  cuda:2
==> Test-Train split: test_ratio = 0.20
==> Test-Train split seed:  None
==> Further split: further_train_ratio = 1.00
==> Further split seed:  None
==> Input bias to be applied to the neural network:
[0. 0.]
==> Input transform to be applied to the neural network:
[0.496845   0.52004784]
==> Ouput transform to be applied to the neural network:
[1.9242 2.0182]
==> Evaluating model...
==========================================================================================
Layer (type:depth-idx)                   Output Shape              Param #
==========================================================================================
NeuralNetwork                            [1, 2]                    6
├─Sequential: 1-1                        [1, 2]                    --
│    └─Linear: 2-1                       [1, 64]                   192
│    └─ReLU: 2-2                         [1, 64]                   --
│    └─Linear: 2-3                       [1, 64]                   4,160
│    └─ReLU: 2-4                         [1, 64]                   --
│    └─Linear: 2-5                       [1, 64]                   4,160
│    └─ReLU: 2-6                         [1, 64]                   --
│    └─Linear: 2-7                       [1, 64]                   4,160
│    └─ReLU: 2-8                         [1, 64]                   --
│    └─Linear: 2-9                       [1, 64]                   4,160
│    └─ReLU: 2-10                        [1, 64]                   --
│    └─Linear: 2-11                      [1, 64]                   4,160
│    └─ReLU: 2-12                        [1, 64]                   --
│    └─Linear: 2-13                      [1, 64]                   4,160
│    └─ReLU: 2-14                        [1, 64]                   --
│    └─Linear: 2-15                      [1, 2]                    130
├─Sequential: 1-2                        [1, 2]                    (recursive)
│    └─Linear: 2-16                      [1, 64]                   (recursive)
│    └─ReLU: 2-17                        [1, 64]                   --
│    └─Linear: 2-18                      [1, 64]                   (recursive)
│    └─ReLU: 2-19                        [1, 64]                   --
│    └─Linear: 2-20                      [1, 64]                   (recursive)
│    └─ReLU: 2-21                        [1, 64]                   --
│    └─Linear: 2-22                      [1, 64]                   (recursive)
│    └─ReLU: 2-23                        [1, 64]                   --
│    └─Linear: 2-24                      [1, 64]                   (recursive)
│    └─ReLU: 2-25                        [1, 64]                   --
│    └─Linear: 2-26                      [1, 64]                   (recursive)
│    └─ReLU: 2-27                        [1, 64]                   --
│    └─Linear: 2-28                      [1, 64]                   (recursive)
│    └─ReLU: 2-29                        [1, 64]                   --
│    └─Linear: 2-30                      [1, 2]                    (recursive)
==========================================================================================
Total params: 25,288
Trainable params: 25,282
Non-trainable params: 6
Total mult-adds (Units.MEGABYTES): 0.05
==========================================================================================
Input size (MB): 0.00
Forward/backward pass size (MB): 0.01
Params size (MB): 0.10
Estimated Total Size (MB): 0.11
==========================================================================================
==> Saving initial model weights...
==> Start training...
==> Number of param_groups in optimizer: 1
Epoch: 001 | Train Loss: 7.7799468 | Grad norm: 0.315841 | Time: 4s466ms
Epoch: 001 | Test Loss: 7.7941080 | Time: 442ms
==> Save the model at epoch 001 with test loss 7.7941080
Epoch: 002 | Train Loss: 2.1850942 | Grad norm: 1.892998 | Time: 4s316ms
Epoch: 002 | Test Loss: 0.0693500 | Time: 447ms
==> Save the model at epoch 002 with test loss 0.0693500
Epoch: 003 | Train Loss: 0.0297594 | Grad norm: 1.213725 | Time: 4s226ms
Epoch: 003 | Test Loss: 0.0158123 | Time: 525ms
==> Save the model at epoch 003 with test loss 0.0158123
Epoch: 004 | Train Loss: 0.0140432 | Grad norm: 1.330198 | Time: 3s811ms
Epoch: 004 | Test Loss: 0.0118795 | Time: 496ms
==> Save the model at epoch 004 with test loss 0.0118795
Epoch: 005 | Train Loss: 0.0113493 | Grad norm: 1.246419 | Time: 4s109ms
Epoch: 005 | Test Loss: 0.0090262 | Time: 442ms
==> Save the model at epoch 005 with test loss 0.0090262
Epoch: 006 | Train Loss: 0.0119425 | Grad norm: 1.474428 | Time: 3s786ms
Epoch: 006 | Test Loss: 0.0123594 | Time: 517ms
Epoch: 007 | Train Loss: 0.0123167 | Grad norm: 1.449952 | Time: 4s113ms
Epoch: 007 | Test Loss: 0.0104606 | Time: 456ms
Epoch: 008 | Train Loss: 0.0119325 | Grad norm: 1.285718 | Time: 4s365ms
Epoch: 008 | Test Loss: 0.0109466 | Time: 437ms
Epoch: 009 | Train Loss: 0.0117970 | Grad norm: 1.133960 | Time: 4s36ms
Epoch: 009 | Test Loss: 0.0108730 | Time: 480ms
Epoch: 010 | Train Loss: 0.0108331 | Grad norm: 0.986844 | Time: 4s180ms
Epoch: 010 | Test Loss: 0.0143962 | Time: 466ms
Epoch: 011 | Train Loss: 0.0109318 | Grad norm: 0.944057 | Time: 4s263ms
Epoch: 011 | Test Loss: 0.0109756 | Time: 450ms
Epoch: 012 | Train Loss: 0.0099637 | Grad norm: 0.804115 | Time: 4s202ms
Epoch: 012 | Test Loss: 0.0081975 | Time: 446ms
==> Save the model at epoch 012 with test loss 0.0081975
Epoch: 013 | Train Loss: 0.0093370 | Grad norm: 0.692230 | Time: 4s150ms
Epoch: 013 | Test Loss: 0.0073834 | Time: 442ms
==> Save the model at epoch 013 with test loss 0.0073834
Epoch: 014 | Train Loss: 0.0094131 | Grad norm: 0.690915 | Time: 4s35ms
Epoch: 014 | Test Loss: 0.0077130 | Time: 514ms
Epoch: 015 | Train Loss: 0.0091733 | Grad norm: 0.622067 | Time: 3s964ms
Epoch: 015 | Test Loss: 0.0082635 | Time: 461ms
Epoch: 016 | Train Loss: 0.0086860 | Grad norm: 0.588747 | Time: 3s912ms
Epoch: 016 | Test Loss: 0.0078411 | Time: 440ms
Epoch: 017 | Train Loss: 0.0087642 | Grad norm: 0.573616 | Time: 3s989ms
Epoch: 017 | Test Loss: 0.0081361 | Time: 443ms
Epoch: 018 | Train Loss: 0.0088943 | Grad norm: 0.588329 | Time: 3s948ms
Epoch: 018 | Test Loss: 0.0083574 | Time: 441ms
Epoch: 019 | Train Loss: 0.0084928 | Grad norm: 0.542868 | Time: 4s136ms
Epoch: 019 | Test Loss: 0.0070255 | Time: 459ms
==> Save the model at epoch 019 with test loss 0.0070255
Epoch: 020 | Train Loss: 0.0083076 | Grad norm: 0.537034 | Time: 4s22ms
Epoch: 020 | Test Loss: 0.0080456 | Time: 438ms
Epoch: 021 | Train Loss: 0.0080615 | Grad norm: 0.461431 | Time: 3s882ms
Epoch: 021 | Test Loss: 0.0086402 | Time: 546ms
Epoch: 022 | Train Loss: 0.0084099 | Grad norm: 0.532838 | Time: 3s993ms
Epoch: 022 | Test Loss: 0.0101575 | Time: 511ms
Epoch: 023 | Train Loss: 0.0080826 | Grad norm: 0.470975 | Time: 4s89ms
Epoch: 023 | Test Loss: 0.0075006 | Time: 507ms
Epoch: 024 | Train Loss: 0.0077516 | Grad norm: 0.417123 | Time: 4s176ms
Epoch: 024 | Test Loss: 0.0070167 | Time: 441ms
==> Save the model at epoch 024 with test loss 0.0070167
Epoch: 025 | Train Loss: 0.0076811 | Grad norm: 0.411525 | Time: 4s52ms
Epoch: 025 | Test Loss: 0.0097195 | Time: 474ms
Epoch: 026 | Train Loss: 0.0077496 | Grad norm: 0.416922 | Time: 3s990ms
Epoch: 026 | Test Loss: 0.0070312 | Time: 440ms
Epoch: 027 | Train Loss: 0.0073257 | Grad norm: 0.347404 | Time: 4s10ms
Epoch: 027 | Test Loss: 0.0076925 | Time: 453ms
Epoch: 028 | Train Loss: 0.0072509 | Grad norm: 0.322976 | Time: 3s973ms
Epoch: 028 | Test Loss: 0.0070985 | Time: 439ms
Epoch: 029 | Train Loss: 0.0072803 | Grad norm: 0.344738 | Time: 4s134ms
Epoch: 029 | Test Loss: 0.0070879 | Time: 451ms
Epoch: 030 | Train Loss: 0.0070661 | Grad norm: 0.296318 | Time: 4s313ms
Epoch: 030 | Test Loss: 0.0070726 | Time: 437ms
Epoch: 031 | Train Loss: 0.0070619 | Grad norm: 0.287700 | Time: 3s931ms
Epoch: 031 | Test Loss: 0.0070114 | Time: 443ms
==> Save the model at epoch 031 with test loss 0.0070114
Epoch: 032 | Train Loss: 0.0069459 | Grad norm: 0.266498 | Time: 4s73ms
Epoch: 032 | Test Loss: 0.0069773 | Time: 439ms
==> Save the model at epoch 032 with test loss 0.0069773
Epoch: 033 | Train Loss: 0.0069355 | Grad norm: 0.260803 | Time: 3s899ms
Epoch: 033 | Test Loss: 0.0068099 | Time: 523ms
==> Save the model at epoch 033 with test loss 0.0068099
Epoch: 034 | Train Loss: 0.0068014 | Grad norm: 0.224286 | Time: 4s54ms
Epoch: 034 | Test Loss: 0.0066863 | Time: 456ms
==> Save the model at epoch 034 with test loss 0.0066863
Epoch: 035 | Train Loss: 0.0067305 | Grad norm: 0.203032 | Time: 4s342ms
Epoch: 035 | Test Loss: 0.0066654 | Time: 447ms
==> Save the model at epoch 035 with test loss 0.0066654
Epoch: 036 | Train Loss: 0.0066930 | Grad norm: 0.193973 | Time: 4s88ms
Epoch: 036 | Test Loss: 0.0066339 | Time: 444ms
==> Save the model at epoch 036 with test loss 0.0066339
Epoch: 037 | Train Loss: 0.0066499 | Grad norm: 0.182000 | Time: 4s51ms
Epoch: 037 | Test Loss: 0.0065754 | Time: 443ms
==> Save the model at epoch 037 with test loss 0.0065754
Epoch: 038 | Train Loss: 0.0066227 | Grad norm: 0.172862 | Time: 3s992ms
Epoch: 038 | Test Loss: 0.0066192 | Time: 442ms
Epoch: 039 | Train Loss: 0.0065854 | Grad norm: 0.155264 | Time: 4s62ms
Epoch: 039 | Test Loss: 0.0064993 | Time: 446ms
==> Save the model at epoch 039 with test loss 0.0064993
Epoch: 040 | Train Loss: 0.0065678 | Grad norm: 0.144758 | Time: 4s215ms
Epoch: 040 | Test Loss: 0.0064744 | Time: 441ms
==> Save the model at epoch 040 with test loss 0.0064744
Total time: 3m1s
==> Saving trained model weights...
==> Input bias to be applied to the neural network (trained):
[0. 0.]
==> Input transform to be applied to the neural network (trained):
[0.496845   0.52004784]
==> Output transform to be applied to the neural network (trained):
[1.9242 2.0182]
==> Saving training info...
==> Drawing training loss...
==> Drawing grad norm...
==> Drawing testing loss...
==> Process finished.
