==> torch device:  cuda:2
==> Test-Train split: test_ratio = 0.20
==> Test-Train split seed:  None
==> Further split: further_train_ratio = 0.25
==> Further split seed:  None
==> Input bias to be applied to the neural network:
[0. 0. 0. 0.]
==> Input transform to be applied to the neural network:
[ 0.62900996  0.6288517  11.614402    9.487666  ]
==> Ouput transform to be applied to the neural network:
[0.0195 0.021 ]
==> Evaluating model...
==========================================================================================
Layer (type:depth-idx)                   Output Shape              Param #
==========================================================================================
NeuralNetwork                            [1, 2]                    10
├─Sequential: 1-1                        [1, 2]                    --
│    └─Linear: 2-1                       [1, 64]                   320
│    └─ReLU: 2-2                         [1, 64]                   --
│    └─Linear: 2-3                       [1, 64]                   4,160
│    └─ReLU: 2-4                         [1, 64]                   --
│    └─Linear: 2-5                       [1, 64]                   4,160
│    └─ReLU: 2-6                         [1, 64]                   --
│    └─Linear: 2-7                       [1, 64]                   4,160
│    └─ReLU: 2-8                         [1, 64]                   --
│    └─Linear: 2-9                       [1, 64]                   4,160
│    └─ReLU: 2-10                        [1, 64]                   --
│    └─Linear: 2-11                      [1, 64]                   4,160
│    └─ReLU: 2-12                        [1, 64]                   --
│    └─Linear: 2-13                      [1, 64]                   4,160
│    └─ReLU: 2-14                        [1, 64]                   --
│    └─Linear: 2-15                      [1, 2]                    130
├─Sequential: 1-2                        [1, 2]                    (recursive)
│    └─Linear: 2-16                      [1, 64]                   (recursive)
│    └─ReLU: 2-17                        [1, 64]                   --
│    └─Linear: 2-18                      [1, 64]                   (recursive)
│    └─ReLU: 2-19                        [1, 64]                   --
│    └─Linear: 2-20                      [1, 64]                   (recursive)
│    └─ReLU: 2-21                        [1, 64]                   --
│    └─Linear: 2-22                      [1, 64]                   (recursive)
│    └─ReLU: 2-23                        [1, 64]                   --
│    └─Linear: 2-24                      [1, 64]                   (recursive)
│    └─ReLU: 2-25                        [1, 64]                   --
│    └─Linear: 2-26                      [1, 64]                   (recursive)
│    └─ReLU: 2-27                        [1, 64]                   --
│    └─Linear: 2-28                      [1, 64]                   (recursive)
│    └─ReLU: 2-29                        [1, 64]                   --
│    └─Linear: 2-30                      [1, 2]                    (recursive)
==========================================================================================
Total params: 25,420
Trainable params: 25,410
Non-trainable params: 10
Total mult-adds (Units.MEGABYTES): 0.05
==========================================================================================
Input size (MB): 0.00
Forward/backward pass size (MB): 0.01
Params size (MB): 0.10
Estimated Total Size (MB): 0.11
==========================================================================================
==> Saving initial model weights...
==> Start training...
==> Number of param_groups in optimizer: 1
Epoch: 001 | Train Loss: 0.0008290 | Grad norm: 0.000016 | Time: 1s295ms
Epoch: 001 | Test Loss: 0.0008224 | Time: 507ms
==> Save the model at epoch 001 with test loss 0.0008224
Epoch: 002 | Train Loss: 0.0008288 | Grad norm: 0.000012 | Time: 1s140ms
Epoch: 002 | Test Loss: 0.0008227 | Time: 503ms
Epoch: 003 | Train Loss: 0.0008294 | Grad norm: 0.000006 | Time: 1s141ms
Epoch: 003 | Test Loss: 0.0008227 | Time: 586ms
Epoch: 004 | Train Loss: 0.0008294 | Grad norm: 0.000003 | Time: 1s42ms
Epoch: 004 | Test Loss: 0.0008227 | Time: 514ms
Epoch: 005 | Train Loss: 0.0008293 | Grad norm: 0.000000 | Time: 1s212ms
Epoch: 005 | Test Loss: 0.0008227 | Time: 504ms
Epoch: 006 | Train Loss: 0.0008295 | Grad norm: 0.000000 | Time: 1s93ms
Epoch: 006 | Test Loss: 0.0008227 | Time: 505ms
Epoch: 007 | Train Loss: 0.0008292 | Grad norm: 0.000000 | Time: 1s33ms
Epoch: 007 | Test Loss: 0.0008227 | Time: 578ms
Epoch: 008 | Train Loss: 0.0008293 | Grad norm: 0.000000 | Time: 1s44ms
Epoch: 008 | Test Loss: 0.0008227 | Time: 503ms
Epoch: 009 | Train Loss: 0.0008292 | Grad norm: 0.000000 | Time: 1s1ms
Epoch: 009 | Test Loss: 0.0008227 | Time: 517ms
Epoch: 010 | Train Loss: 0.0008297 | Grad norm: 0.000000 | Time: 1s67ms
Epoch: 010 | Test Loss: 0.0008227 | Time: 499ms
Epoch: 011 | Train Loss: 0.0008292 | Grad norm: 0.000000 | Time: 1s36ms
Epoch: 011 | Test Loss: 0.0008227 | Time: 592ms
Epoch: 012 | Train Loss: 0.0008292 | Grad norm: 0.000000 | Time: 1s200ms
Epoch: 012 | Test Loss: 0.0008227 | Time: 502ms
Epoch: 013 | Train Loss: 0.0008292 | Grad norm: 0.000000 | Time: 1s18ms
Epoch: 013 | Test Loss: 0.0008227 | Time: 523ms
Epoch: 014 | Train Loss: 0.0008293 | Grad norm: 0.000000 | Time: 994ms
Epoch: 014 | Test Loss: 0.0008227 | Time: 498ms
Epoch: 015 | Train Loss: 0.0008295 | Grad norm: 0.000000 | Time: 1s3ms
Epoch: 015 | Test Loss: 0.0008227 | Time: 587ms
Epoch: 016 | Train Loss: 0.0008294 | Grad norm: 0.000000 | Time: 1s43ms
Epoch: 016 | Test Loss: 0.0008227 | Time: 498ms
Epoch: 017 | Train Loss: 0.0008294 | Grad norm: 0.000000 | Time: 1s48ms
Epoch: 017 | Test Loss: 0.0008227 | Time: 505ms
Epoch: 018 | Train Loss: 0.0008293 | Grad norm: 0.000000 | Time: 1s96ms
Epoch: 018 | Test Loss: 0.0008227 | Time: 518ms
Epoch: 019 | Train Loss: 0.0008293 | Grad norm: 0.000000 | Time: 1s42ms
Epoch: 019 | Test Loss: 0.0008227 | Time: 568ms
Epoch: 020 | Train Loss: 0.0008295 | Grad norm: 0.000000 | Time: 991ms
Epoch: 020 | Test Loss: 0.0008227 | Time: 505ms
Epoch: 021 | Train Loss: 0.0008294 | Grad norm: 0.000000 | Time: 1s105ms
Epoch: 021 | Test Loss: 0.0008227 | Time: 498ms
Epoch: 022 | Train Loss: 0.0008293 | Grad norm: 0.000000 | Time: 1s25ms
Epoch: 022 | Test Loss: 0.0008227 | Time: 523ms
Epoch: 023 | Train Loss: 0.0008294 | Grad norm: 0.000000 | Time: 1s79ms
Epoch: 023 | Test Loss: 0.0008227 | Time: 569ms
Epoch: 024 | Train Loss: 0.0008293 | Grad norm: 0.000000 | Time: 1s87ms
Epoch: 024 | Test Loss: 0.0008227 | Time: 498ms
Epoch: 025 | Train Loss: 0.0008295 | Grad norm: 0.000000 | Time: 1s21ms
Epoch: 025 | Test Loss: 0.0008227 | Time: 513ms
Epoch: 026 | Train Loss: 0.0008294 | Grad norm: 0.000000 | Time: 1s48ms
Epoch: 026 | Test Loss: 0.0008227 | Time: 499ms
Epoch: 027 | Train Loss: 0.0008293 | Grad norm: 0.000000 | Time: 1s48ms
Epoch: 027 | Test Loss: 0.0008227 | Time: 567ms
Epoch: 028 | Train Loss: 0.0008295 | Grad norm: 0.000000 | Time: 1s64ms
Epoch: 028 | Test Loss: 0.0008227 | Time: 497ms
Epoch: 029 | Train Loss: 0.0008294 | Grad norm: 0.000000 | Time: 1s17ms
Epoch: 029 | Test Loss: 0.0008227 | Time: 514ms
Epoch: 030 | Train Loss: 0.0008293 | Grad norm: 0.000000 | Time: 1s96ms
Epoch: 030 | Test Loss: 0.0008227 | Time: 514ms
Epoch: 031 | Train Loss: 0.0008296 | Grad norm: 0.000000 | Time: 1s17ms
Epoch: 031 | Test Loss: 0.0008227 | Time: 574ms
Epoch: 032 | Train Loss: 0.0008291 | Grad norm: 0.000000 | Time: 1s21ms
Epoch: 032 | Test Loss: 0.0008227 | Time: 501ms
Epoch: 033 | Train Loss: 0.0008293 | Grad norm: 0.000000 | Time: 973ms
Epoch: 033 | Test Loss: 0.0008227 | Time: 499ms
Epoch: 034 | Train Loss: 0.0008294 | Grad norm: 0.000000 | Time: 1s11ms
Epoch: 034 | Test Loss: 0.0008227 | Time: 505ms
Epoch: 035 | Train Loss: 0.0008294 | Grad norm: 0.000000 | Time: 1s22ms
Epoch: 035 | Test Loss: 0.0008227 | Time: 572ms
Epoch: 036 | Train Loss: 0.0008294 | Grad norm: 0.000000 | Time: 1s127ms
Epoch: 036 | Test Loss: 0.0008227 | Time: 505ms
Epoch: 037 | Train Loss: 0.0008295 | Grad norm: 0.000000 | Time: 1s8ms
Epoch: 037 | Test Loss: 0.0008227 | Time: 497ms
Epoch: 038 | Train Loss: 0.0008294 | Grad norm: 0.000000 | Time: 986ms
Epoch: 038 | Test Loss: 0.0008227 | Time: 502ms
Epoch: 039 | Train Loss: 0.0008293 | Grad norm: 0.000000 | Time: 1s149ms
Epoch: 039 | Test Loss: 0.0008227 | Time: 573ms
Epoch: 040 | Train Loss: 0.0008293 | Grad norm: 0.000000 | Time: 1s71ms
Epoch: 040 | Test Loss: 0.0008227 | Time: 515ms
Total time: 1m3s
==> Saving trained model weights...
==> Input bias to be applied to the neural network (trained):
[0. 0. 0. 0.]
==> Input transform to be applied to the neural network (trained):
[ 0.62900996  0.6288517  11.614402    9.487666  ]
==> Output transform to be applied to the neural network (trained):
[0.0195 0.021 ]
==> Saving training info...
==> Drawing training loss...
==> Drawing grad norm...
==> Drawing testing loss...
==> Process finished.
