==> torch device:  cuda:1
==> Test-Train split: test_ratio = 0.20
==> Test-Train split seed:  None
==> Further split: further_train_ratio = 0.50
==> Further split seed:  None
==> Input bias to be applied to the neural network:
[0. 0.]
==> Input transform to be applied to the neural network:
[1. 1.]
==> Ouput transform to be applied to the neural network:
[1. 1.]
==> Evaluating model...
==========================================================================================
Layer (type:depth-idx)                   Output Shape              Param #
==========================================================================================
NeuralNetwork                            [1, 2]                    6
├─Sequential: 1-1                        [1, 2]                    --
│    └─Linear: 2-1                       [1, 64]                   192
│    └─LeakyReLU: 2-2                    [1, 64]                   --
│    └─Linear: 2-3                       [1, 64]                   4,160
│    └─LeakyReLU: 2-4                    [1, 64]                   --
│    └─Linear: 2-5                       [1, 64]                   4,160
│    └─LeakyReLU: 2-6                    [1, 64]                   --
│    └─Linear: 2-7                       [1, 64]                   4,160
│    └─LeakyReLU: 2-8                    [1, 64]                   --
│    └─Linear: 2-9                       [1, 64]                   4,160
│    └─LeakyReLU: 2-10                   [1, 64]                   --
│    └─Linear: 2-11                      [1, 64]                   4,160
│    └─LeakyReLU: 2-12                   [1, 64]                   --
│    └─Linear: 2-13                      [1, 64]                   4,160
│    └─LeakyReLU: 2-14                   [1, 64]                   --
│    └─Linear: 2-15                      [1, 2]                    130
==========================================================================================
Total params: 25,288
Trainable params: 25,282
Non-trainable params: 6
Total mult-adds (Units.MEGABYTES): 0.03
==========================================================================================
Input size (MB): 0.00
Forward/backward pass size (MB): 0.00
Params size (MB): 0.10
Estimated Total Size (MB): 0.10
==========================================================================================
==> Saving initial model weights...
==> Start training...
Epoch: 001 | Loss: 0.5899050 | L2 loss: 0.5888489 | Lip loss: 0.0010562 | Grad norm: 2.159773 | Time: 28s907ms
Epoch: 001 | Test Loss: 0.0045976 | Time: 739ms
==> Save the model at epoch 001 with test loss 0.0045976
Epoch: 002 | Loss: 0.0068976 | L2 loss: 0.0058037 | Lip loss: 0.0010939 | Grad norm: 0.991535 | Time: 28s215ms
Epoch: 002 | Test Loss: 0.0042211 | Time: 788ms
==> Save the model at epoch 002 with test loss 0.0042211
Epoch: 003 | Loss: 0.0062364 | L2 loss: 0.0051509 | Lip loss: 0.0010855 | Grad norm: 0.827584 | Time: 27s915ms
Epoch: 003 | Test Loss: 0.0122649 | Time: 797ms
Epoch: 004 | Loss: 0.0054523 | L2 loss: 0.0043621 | Lip loss: 0.0010903 | Grad norm: 0.669643 | Time: 28s402ms
Epoch: 004 | Test Loss: 0.0085929 | Time: 789ms
Epoch: 005 | Loss: 0.0060570 | L2 loss: 0.0049730 | Lip loss: 0.0010840 | Grad norm: 0.807013 | Time: 28s163ms
Epoch: 005 | Test Loss: 0.0044887 | Time: 719ms
Epoch: 006 | Loss: 0.0040016 | L2 loss: 0.0029170 | Lip loss: 0.0010847 | Grad norm: 0.150112 | Time: 28s593ms
Epoch: 006 | Test Loss: 0.0028646 | Time: 726ms
==> Save the model at epoch 006 with test loss 0.0028646
Epoch: 007 | Loss: 0.0039625 | L2 loss: 0.0028728 | Lip loss: 0.0010897 | Grad norm: 0.137598 | Time: 28s820ms
Epoch: 007 | Test Loss: 0.0028567 | Time: 797ms
==> Save the model at epoch 007 with test loss 0.0028567
Epoch: 008 | Loss: 0.0039686 | L2 loss: 0.0028782 | Lip loss: 0.0010904 | Grad norm: 0.153782 | Time: 27s908ms
Epoch: 008 | Test Loss: 0.0028310 | Time: 790ms
==> Save the model at epoch 008 with test loss 0.0028310
Epoch: 009 | Loss: 0.0039498 | L2 loss: 0.0028636 | Lip loss: 0.0010862 | Grad norm: 0.151877 | Time: 28s591ms
Epoch: 009 | Test Loss: 0.0028204 | Time: 796ms
==> Save the model at epoch 009 with test loss 0.0028204
Epoch: 010 | Loss: 0.0039605 | L2 loss: 0.0028774 | Lip loss: 0.0010831 | Grad norm: 0.174482 | Time: 28s823ms
Epoch: 010 | Test Loss: 0.0029635 | Time: 792ms
Epoch: 011 | Loss: 0.0038891 | L2 loss: 0.0028039 | Lip loss: 0.0010852 | Grad norm: 0.105926 | Time: 28s577ms
Epoch: 011 | Test Loss: 0.0027988 | Time: 804ms
==> Save the model at epoch 011 with test loss 0.0027988
Epoch: 012 | Loss: 0.0038886 | L2 loss: 0.0027967 | Lip loss: 0.0010920 | Grad norm: 0.102031 | Time: 28s204ms
Epoch: 012 | Test Loss: 0.0027914 | Time: 731ms
==> Save the model at epoch 012 with test loss 0.0027914
Epoch: 013 | Loss: 0.0038784 | L2 loss: 0.0027957 | Lip loss: 0.0010828 | Grad norm: 0.098213 | Time: 28s702ms
Epoch: 013 | Test Loss: 0.0027894 | Time: 788ms
==> Save the model at epoch 013 with test loss 0.0027894
Epoch: 014 | Loss: 0.0038788 | L2 loss: 0.0027969 | Lip loss: 0.0010818 | Grad norm: 0.101372 | Time: 28s963ms
Epoch: 014 | Test Loss: 0.0027926 | Time: 806ms
Epoch: 015 | Loss: 0.0038901 | L2 loss: 0.0027970 | Lip loss: 0.0010931 | Grad norm: 0.102584 | Time: 29s471ms
Epoch: 015 | Test Loss: 0.0027966 | Time: 743ms
Epoch: 016 | Loss: 0.0038762 | L2 loss: 0.0027876 | Lip loss: 0.0010885 | Grad norm: 0.092641 | Time: 27s938ms
Epoch: 016 | Test Loss: 0.0027845 | Time: 793ms
==> Save the model at epoch 016 with test loss 0.0027845
Epoch: 017 | Loss: 0.0038652 | L2 loss: 0.0027849 | Lip loss: 0.0010804 | Grad norm: 0.092994 | Time: 28s563ms
Epoch: 017 | Test Loss: 0.0027867 | Time: 797ms
Epoch: 018 | Loss: 0.0038661 | L2 loss: 0.0027856 | Lip loss: 0.0010804 | Grad norm: 0.091667 | Time: 28s830ms
Epoch: 018 | Test Loss: 0.0027837 | Time: 785ms
==> Save the model at epoch 018 with test loss 0.0027837
Epoch: 019 | Loss: 0.0038626 | L2 loss: 0.0027855 | Lip loss: 0.0010771 | Grad norm: 0.093472 | Time: 28s489ms
Epoch: 019 | Test Loss: 0.0027842 | Time: 793ms
Epoch: 020 | Loss: 0.0038798 | L2 loss: 0.0027860 | Lip loss: 0.0010937 | Grad norm: 0.089966 | Time: 27s930ms
Epoch: 020 | Test Loss: 0.0027827 | Time: 794ms
==> Save the model at epoch 020 with test loss 0.0027827
Epoch: 021 | Loss: 0.0038706 | L2 loss: 0.0027836 | Lip loss: 0.0010870 | Grad norm: 0.089182 | Time: 27s934ms
Epoch: 021 | Test Loss: 0.0027826 | Time: 745ms
==> Save the model at epoch 021 with test loss 0.0027826
Epoch: 022 | Loss: 0.0038718 | L2 loss: 0.0027846 | Lip loss: 0.0010873 | Grad norm: 0.094017 | Time: 28s736ms
Epoch: 022 | Test Loss: 0.0027825 | Time: 815ms
==> Save the model at epoch 022 with test loss 0.0027825
Epoch: 023 | Loss: 0.0038680 | L2 loss: 0.0027839 | Lip loss: 0.0010841 | Grad norm: 0.091293 | Time: 28s564ms
Epoch: 023 | Test Loss: 0.0027829 | Time: 787ms
Epoch: 024 | Loss: 0.0038706 | L2 loss: 0.0027832 | Lip loss: 0.0010874 | Grad norm: 0.091211 | Time: 28s194ms
Epoch: 024 | Test Loss: 0.0027824 | Time: 725ms
==> Save the model at epoch 024 with test loss 0.0027824
Epoch: 025 | Loss: 0.0038721 | L2 loss: 0.0027844 | Lip loss: 0.0010877 | Grad norm: 0.094415 | Time: 28s694ms
Epoch: 025 | Test Loss: 0.0027827 | Time: 729ms
Epoch: 026 | Loss: 0.0038729 | L2 loss: 0.0027835 | Lip loss: 0.0010894 | Grad norm: 0.092615 | Time: 28s355ms
Epoch: 026 | Test Loss: 0.0027826 | Time: 822ms
Epoch: 027 | Loss: 0.0038703 | L2 loss: 0.0027832 | Lip loss: 0.0010871 | Grad norm: 0.093636 | Time: 28s291ms
Epoch: 027 | Test Loss: 0.0027826 | Time: 810ms
Epoch: 028 | Loss: 0.0038710 | L2 loss: 0.0027839 | Lip loss: 0.0010872 | Grad norm: 0.089395 | Time: 27s776ms
Epoch: 028 | Test Loss: 0.0027826 | Time: 789ms
Epoch: 029 | Loss: 0.0038656 | L2 loss: 0.0027834 | Lip loss: 0.0010822 | Grad norm: 0.090102 | Time: 29s20ms
Epoch: 029 | Test Loss: 0.0027826 | Time: 806ms
Epoch: 030 | Loss: 0.0038631 | L2 loss: 0.0027846 | Lip loss: 0.0010785 | Grad norm: 0.092285 | Time: 28s690ms
Epoch: 030 | Test Loss: 0.0027825 | Time: 736ms
Epoch: 031 | Loss: 0.0038728 | L2 loss: 0.0027838 | Lip loss: 0.0010890 | Grad norm: 0.090375 | Time: 29s23ms
Epoch: 031 | Test Loss: 0.0027825 | Time: 810ms
Epoch: 032 | Loss: 0.0038766 | L2 loss: 0.0027831 | Lip loss: 0.0010935 | Grad norm: 0.091217 | Time: 29s402ms
Epoch: 032 | Test Loss: 0.0027825 | Time: 796ms
Epoch: 033 | Loss: 0.0038685 | L2 loss: 0.0027840 | Lip loss: 0.0010845 | Grad norm: 0.090530 | Time: 28s643ms
Epoch: 033 | Test Loss: 0.0027825 | Time: 732ms
Epoch: 034 | Loss: 0.0038707 | L2 loss: 0.0027834 | Lip loss: 0.0010873 | Grad norm: 0.088844 | Time: 29s150ms
Epoch: 034 | Test Loss: 0.0027825 | Time: 731ms
Epoch: 035 | Loss: 0.0038686 | L2 loss: 0.0027827 | Lip loss: 0.0010859 | Grad norm: 0.087568 | Time: 28s660ms
Epoch: 035 | Test Loss: 0.0027825 | Time: 803ms
Epoch: 036 | Loss: 0.0038694 | L2 loss: 0.0027837 | Lip loss: 0.0010857 | Grad norm: 0.087435 | Time: 28s936ms
Epoch: 036 | Test Loss: 0.0027825 | Time: 850ms
Epoch: 037 | Loss: 0.0038807 | L2 loss: 0.0027837 | Lip loss: 0.0010970 | Grad norm: 0.091804 | Time: 27s962ms
Epoch: 037 | Test Loss: 0.0027825 | Time: 809ms
Epoch: 038 | Loss: 0.0038713 | L2 loss: 0.0027831 | Lip loss: 0.0010883 | Grad norm: 0.089868 | Time: 28s778ms
Epoch: 038 | Test Loss: 0.0027825 | Time: 800ms
Epoch: 039 | Loss: 0.0038746 | L2 loss: 0.0027829 | Lip loss: 0.0010917 | Grad norm: 0.092044 | Time: 28s661ms
Epoch: 039 | Test Loss: 0.0027825 | Time: 717ms
Epoch: 040 | Loss: 0.0038689 | L2 loss: 0.0027836 | Lip loss: 0.0010853 | Grad norm: 0.090279 | Time: 28s367ms
Epoch: 040 | Test Loss: 0.0027825 | Time: 722ms
Total time: 19m33s
==> Saving trained model weights...
==> Input bias to be applied to the neural network (trained):
[0. 0.]
==> Input transform to be applied to the neural network (trained):
[1. 1.]
==> Output transform to be applied to the neural network (trained):
[1. 1.]
==> Saving training info...
==> Drawing training loss...
==> Drawing grad norm...
==> Drawing testing loss...
==> Drawing l2 loss...
==> Drawing lip loss...
==> Process finished.
