==> torch device:  cuda:3
==> Test-Train split: test_ratio = 0.20
==> Test-Train split seed:  None
==> Further split: further_train_ratio = 0.50
==> Further split seed:  None
==> Input bias to be applied to the neural network:
[0. 0.]
==> Input transform to be applied to the neural network:
[1. 1.]
==> Ouput transform to be applied to the neural network:
[1. 1.]
==> Evaluating model...
==========================================================================================
Layer (type:depth-idx)                   Output Shape              Param #
==========================================================================================
NeuralNetwork                            [1, 2]                    6
├─Sequential: 1-1                        [1, 2]                    --
│    └─Linear: 2-1                       [1, 64]                   192
│    └─LeakyReLU: 2-2                    [1, 64]                   --
│    └─Linear: 2-3                       [1, 64]                   4,160
│    └─LeakyReLU: 2-4                    [1, 64]                   --
│    └─Linear: 2-5                       [1, 64]                   4,160
│    └─LeakyReLU: 2-6                    [1, 64]                   --
│    └─Linear: 2-7                       [1, 64]                   4,160
│    └─LeakyReLU: 2-8                    [1, 64]                   --
│    └─Linear: 2-9                       [1, 64]                   4,160
│    └─LeakyReLU: 2-10                   [1, 64]                   --
│    └─Linear: 2-11                      [1, 64]                   4,160
│    └─LeakyReLU: 2-12                   [1, 64]                   --
│    └─Linear: 2-13                      [1, 64]                   4,160
│    └─LeakyReLU: 2-14                   [1, 64]                   --
│    └─Linear: 2-15                      [1, 2]                    130
==========================================================================================
Total params: 25,288
Trainable params: 25,282
Non-trainable params: 6
Total mult-adds (Units.MEGABYTES): 0.03
==========================================================================================
Input size (MB): 0.00
Forward/backward pass size (MB): 0.00
Params size (MB): 0.10
Estimated Total Size (MB): 0.10
==========================================================================================
==> Saving initial model weights...
==> Start training...
Epoch: 001 | Loss: 1.4116969 | L2 loss: 1.3993436 | Lip loss: 0.0123534 | Grad norm: 4.524772 | Time: 17s462ms
Epoch: 001 | Test Loss: 0.1395404 | Time: 435ms
==> Save the model at epoch 001 with test loss 0.1395404
Epoch: 002 | Loss: 0.1287886 | L2 loss: 0.1137004 | Lip loss: 0.0150882 | Grad norm: 5.402281 | Time: 17s443ms
Epoch: 002 | Test Loss: 0.1074612 | Time: 463ms
==> Save the model at epoch 002 with test loss 0.1074612
Epoch: 003 | Loss: 0.0759102 | L2 loss: 0.0611230 | Lip loss: 0.0147872 | Grad norm: 5.058780 | Time: 17s374ms
Epoch: 003 | Test Loss: 0.0654414 | Time: 529ms
==> Save the model at epoch 003 with test loss 0.0654414
Epoch: 004 | Loss: 0.0688541 | L2 loss: 0.0539958 | Lip loss: 0.0148583 | Grad norm: 5.920173 | Time: 17s331ms
Epoch: 004 | Test Loss: 0.0256562 | Time: 443ms
==> Save the model at epoch 004 with test loss 0.0256562
Epoch: 005 | Loss: 0.0483799 | L2 loss: 0.0339835 | Lip loss: 0.0143965 | Grad norm: 4.038406 | Time: 17s397ms
Epoch: 005 | Test Loss: 0.0220582 | Time: 525ms
==> Save the model at epoch 005 with test loss 0.0220582
Epoch: 006 | Loss: 0.0260241 | L2 loss: 0.0108712 | Lip loss: 0.0151529 | Grad norm: 0.829315 | Time: 17s549ms
Epoch: 006 | Test Loss: 0.0096168 | Time: 441ms
==> Save the model at epoch 006 with test loss 0.0096168
Epoch: 007 | Loss: 0.0243085 | L2 loss: 0.0098221 | Lip loss: 0.0144864 | Grad norm: 0.801109 | Time: 17s333ms
Epoch: 007 | Test Loss: 0.0090763 | Time: 435ms
==> Save the model at epoch 007 with test loss 0.0090763
Epoch: 008 | Loss: 0.0238813 | L2 loss: 0.0092608 | Lip loss: 0.0146205 | Grad norm: 0.745977 | Time: 17s570ms
Epoch: 008 | Test Loss: 0.0087381 | Time: 464ms
==> Save the model at epoch 008 with test loss 0.0087381
Epoch: 009 | Loss: 0.0233158 | L2 loss: 0.0090032 | Lip loss: 0.0143125 | Grad norm: 0.749180 | Time: 17s108ms
Epoch: 009 | Test Loss: 0.0092327 | Time: 444ms
Epoch: 010 | Loss: 0.0228391 | L2 loss: 0.0086746 | Lip loss: 0.0141645 | Grad norm: 0.678767 | Time: 17s172ms
Epoch: 010 | Test Loss: 0.0085908 | Time: 522ms
==> Save the model at epoch 010 with test loss 0.0085908
Epoch: 011 | Loss: 0.0226532 | L2 loss: 0.0081882 | Lip loss: 0.0144650 | Grad norm: 0.426092 | Time: 17s319ms
Epoch: 011 | Test Loss: 0.0080359 | Time: 453ms
==> Save the model at epoch 011 with test loss 0.0080359
Epoch: 012 | Loss: 0.0224487 | L2 loss: 0.0080923 | Lip loss: 0.0143564 | Grad norm: 0.394124 | Time: 16s918ms
Epoch: 012 | Test Loss: 0.0080051 | Time: 450ms
==> Save the model at epoch 012 with test loss 0.0080051
Epoch: 013 | Loss: 0.0225344 | L2 loss: 0.0080815 | Lip loss: 0.0144529 | Grad norm: 0.397025 | Time: 17s643ms
Epoch: 013 | Test Loss: 0.0079750 | Time: 452ms
==> Save the model at epoch 013 with test loss 0.0079750
Epoch: 014 | Loss: 0.0224747 | L2 loss: 0.0080787 | Lip loss: 0.0143961 | Grad norm: 0.403816 | Time: 17s772ms
Epoch: 014 | Test Loss: 0.0079384 | Time: 450ms
==> Save the model at epoch 014 with test loss 0.0079384
Epoch: 015 | Loss: 0.0227515 | L2 loss: 0.0080694 | Lip loss: 0.0146821 | Grad norm: 0.401855 | Time: 17s675ms
Epoch: 015 | Test Loss: 0.0079179 | Time: 456ms
==> Save the model at epoch 015 with test loss 0.0079179
Epoch: 016 | Loss: 0.0225405 | L2 loss: 0.0079812 | Lip loss: 0.0145592 | Grad norm: 0.357470 | Time: 17s886ms
Epoch: 016 | Test Loss: 0.0079126 | Time: 443ms
==> Save the model at epoch 016 with test loss 0.0079126
Epoch: 017 | Loss: 0.0226632 | L2 loss: 0.0079878 | Lip loss: 0.0146753 | Grad norm: 0.374742 | Time: 17s572ms
Epoch: 017 | Test Loss: 0.0079151 | Time: 522ms
Epoch: 018 | Loss: 0.0227650 | L2 loss: 0.0079847 | Lip loss: 0.0147803 | Grad norm: 0.346737 | Time: 17s603ms
Epoch: 018 | Test Loss: 0.0079078 | Time: 451ms
==> Save the model at epoch 018 with test loss 0.0079078
Epoch: 019 | Loss: 0.0227624 | L2 loss: 0.0079789 | Lip loss: 0.0147835 | Grad norm: 0.347095 | Time: 17s386ms
Epoch: 019 | Test Loss: 0.0079088 | Time: 447ms
Epoch: 020 | Loss: 0.0225263 | L2 loss: 0.0079748 | Lip loss: 0.0145515 | Grad norm: 0.360851 | Time: 17s223ms
Epoch: 020 | Test Loss: 0.0079034 | Time: 438ms
==> Save the model at epoch 020 with test loss 0.0079034
Epoch: 021 | Loss: 0.0225867 | L2 loss: 0.0079617 | Lip loss: 0.0146250 | Grad norm: 0.355077 | Time: 17s362ms
Epoch: 021 | Test Loss: 0.0079023 | Time: 435ms
==> Save the model at epoch 021 with test loss 0.0079023
Epoch: 022 | Loss: 0.0224034 | L2 loss: 0.0079649 | Lip loss: 0.0144385 | Grad norm: 0.356099 | Time: 17s555ms
Epoch: 022 | Test Loss: 0.0079031 | Time: 448ms
Epoch: 023 | Loss: 0.0227107 | L2 loss: 0.0079634 | Lip loss: 0.0147473 | Grad norm: 0.348928 | Time: 17s890ms
Epoch: 023 | Test Loss: 0.0079010 | Time: 444ms
==> Save the model at epoch 023 with test loss 0.0079010
Epoch: 024 | Loss: 0.0223776 | L2 loss: 0.0079696 | Lip loss: 0.0144080 | Grad norm: 0.337837 | Time: 17s183ms
Epoch: 024 | Test Loss: 0.0079007 | Time: 523ms
==> Save the model at epoch 024 with test loss 0.0079007
Epoch: 025 | Loss: 0.0223765 | L2 loss: 0.0079742 | Lip loss: 0.0144023 | Grad norm: 0.351255 | Time: 17s335ms
Epoch: 025 | Test Loss: 0.0079000 | Time: 462ms
==> Save the model at epoch 025 with test loss 0.0079000
Epoch: 026 | Loss: 0.0223492 | L2 loss: 0.0079617 | Lip loss: 0.0143875 | Grad norm: 0.366021 | Time: 17s706ms
Epoch: 026 | Test Loss: 0.0079000 | Time: 453ms
Epoch: 027 | Loss: 0.0225979 | L2 loss: 0.0079704 | Lip loss: 0.0146275 | Grad norm: 0.360617 | Time: 17s387ms
Epoch: 027 | Test Loss: 0.0079000 | Time: 446ms
Epoch: 028 | Loss: 0.0221897 | L2 loss: 0.0079635 | Lip loss: 0.0142262 | Grad norm: 0.350236 | Time: 16s973ms
Epoch: 028 | Test Loss: 0.0079001 | Time: 461ms
Epoch: 029 | Loss: 0.0225923 | L2 loss: 0.0079609 | Lip loss: 0.0146314 | Grad norm: 0.359599 | Time: 18s105ms
Epoch: 029 | Test Loss: 0.0079002 | Time: 450ms
Epoch: 030 | Loss: 0.0225659 | L2 loss: 0.0079614 | Lip loss: 0.0146045 | Grad norm: 0.343635 | Time: 17s394ms
Epoch: 030 | Test Loss: 0.0079003 | Time: 438ms
Epoch: 031 | Loss: 0.0223564 | L2 loss: 0.0079648 | Lip loss: 0.0143915 | Grad norm: 0.351050 | Time: 17s673ms
Epoch: 031 | Test Loss: 0.0079003 | Time: 448ms
Epoch: 032 | Loss: 0.0224504 | L2 loss: 0.0079719 | Lip loss: 0.0144785 | Grad norm: 0.349651 | Time: 17s643ms
Epoch: 032 | Test Loss: 0.0079003 | Time: 465ms
Epoch: 033 | Loss: 0.0225698 | L2 loss: 0.0079627 | Lip loss: 0.0146071 | Grad norm: 0.338970 | Time: 17s662ms
Epoch: 033 | Test Loss: 0.0079003 | Time: 454ms
Epoch: 034 | Loss: 0.0227184 | L2 loss: 0.0079665 | Lip loss: 0.0147519 | Grad norm: 0.343581 | Time: 17s151ms
Epoch: 034 | Test Loss: 0.0079003 | Time: 450ms
Epoch: 035 | Loss: 0.0227190 | L2 loss: 0.0079707 | Lip loss: 0.0147483 | Grad norm: 0.368254 | Time: 17s406ms
Epoch: 035 | Test Loss: 0.0079003 | Time: 445ms
Epoch: 036 | Loss: 0.0226127 | L2 loss: 0.0079601 | Lip loss: 0.0146526 | Grad norm: 0.359637 | Time: 16s812ms
Epoch: 036 | Test Loss: 0.0079003 | Time: 521ms
Epoch: 037 | Loss: 0.0225711 | L2 loss: 0.0079628 | Lip loss: 0.0146082 | Grad norm: 0.351177 | Time: 16s926ms
Epoch: 037 | Test Loss: 0.0079003 | Time: 456ms
Epoch: 038 | Loss: 0.0228510 | L2 loss: 0.0079699 | Lip loss: 0.0148811 | Grad norm: 0.352355 | Time: 17s414ms
Epoch: 038 | Test Loss: 0.0079003 | Time: 467ms
Epoch: 039 | Loss: 0.0229818 | L2 loss: 0.0079662 | Lip loss: 0.0150157 | Grad norm: 0.357143 | Time: 16s846ms
Epoch: 039 | Test Loss: 0.0079003 | Time: 449ms
Epoch: 040 | Loss: 0.0226360 | L2 loss: 0.0079683 | Lip loss: 0.0146677 | Grad norm: 0.331644 | Time: 17s851ms
Epoch: 040 | Test Loss: 0.0079003 | Time: 504ms
Total time: 11m55s
==> Saving trained model weights...
==> Input bias to be applied to the neural network (trained):
[0. 0.]
==> Input transform to be applied to the neural network (trained):
[1. 1.]
==> Output transform to be applied to the neural network (trained):
[1. 1.]
==> Saving training info...
==> Drawing training loss...
==> Drawing grad norm...
==> Drawing testing loss...
==> Drawing l2 loss...
==> Drawing lip loss...
==> Process finished.
