==> torch device:  cuda:3
==> Test-Train split: test_ratio = 0.20
==> Test-Train split seed:  None
==> Further split: further_train_ratio = 1.00
==> Further split seed:  None
==> Lipschitz constant: 1.00
==> Input bias to be applied to the neural network:
[0. 0. 0. 0.]
==> Input transform to be applied to the neural network:
[ 0.62900996  0.6288517  11.614402    9.487666  ]
==> Ouput transform to be applied to the neural network:
[0.0195 0.021 ]
==> Evaluating model...
==========================================================================================
Layer (type:depth-idx)                   Output Shape              Param #
==========================================================================================
NeuralNetwork                            [1, 2]                    10
├─Sequential: 1-1                        [1, 2]                    --
│    └─SandwichFc: 2-1                   [1, 64]                   4,481
│    └─SandwichFc: 2-2                   [1, 64]                   8,321
│    └─SandwichFc: 2-3                   [1, 64]                   8,321
│    └─SandwichFc: 2-4                   [1, 64]                   8,321
│    └─SandwichFc: 2-5                   [1, 64]                   8,321
│    └─SandwichFc: 2-6                   [1, 64]                   8,321
│    └─SandwichFc: 2-7                   [1, 64]                   8,321
│    └─SandwichLin: 2-8                  [1, 2]                    135
├─Sequential: 1-2                        [1, 2]                    (recursive)
│    └─SandwichFc: 2-9                   [1, 64]                   (recursive)
│    └─SandwichFc: 2-10                  [1, 64]                   (recursive)
│    └─SandwichFc: 2-11                  [1, 64]                   (recursive)
│    └─SandwichFc: 2-12                  [1, 64]                   (recursive)
│    └─SandwichFc: 2-13                  [1, 64]                   (recursive)
│    └─SandwichFc: 2-14                  [1, 64]                   (recursive)
│    └─SandwichFc: 2-15                  [1, 64]                   (recursive)
│    └─SandwichLin: 2-16                 [1, 2]                    (recursive)
==========================================================================================
Total params: 54,552
Trainable params: 54,542
Non-trainable params: 10
Total mult-adds (Units.MEGABYTES): 0.11
==========================================================================================
Input size (MB): 0.00
Forward/backward pass size (MB): 0.01
Params size (MB): 0.22
Estimated Total Size (MB): 0.23
==========================================================================================
==> Saving initial model weights...
==> Start training...
==> Number of param_groups in optimizer: 1
Epoch: 001 | Train Loss: 0.0008233 | Grad norm: 0.000221 | Time: 17s180ms
Epoch: 001 | Test Loss: 0.0008303 | Time: 766ms
==> Save the model at epoch 001 with test loss 0.0008303
Epoch: 002 | Train Loss: 0.0002165 | Grad norm: 0.000343 | Time: 16s790ms
Epoch: 002 | Test Loss: 0.0001240 | Time: 604ms
==> Save the model at epoch 002 with test loss 0.0001240
Epoch: 003 | Train Loss: 0.0000953 | Grad norm: 0.000253 | Time: 16s864ms
Epoch: 003 | Test Loss: 0.0000789 | Time: 619ms
==> Save the model at epoch 003 with test loss 0.0000789
Epoch: 004 | Train Loss: 0.0000745 | Grad norm: 0.000273 | Time: 16s822ms
Epoch: 004 | Test Loss: 0.0000699 | Time: 604ms
==> Save the model at epoch 004 with test loss 0.0000699
Epoch: 005 | Train Loss: 0.0000706 | Grad norm: 0.000251 | Time: 16s982ms
Epoch: 005 | Test Loss: 0.0000686 | Time: 611ms
==> Save the model at epoch 005 with test loss 0.0000686
Epoch: 006 | Train Loss: 0.0000695 | Grad norm: 0.000249 | Time: 16s937ms
Epoch: 006 | Test Loss: 0.0000677 | Time: 682ms
==> Save the model at epoch 006 with test loss 0.0000677
Epoch: 007 | Train Loss: 0.0000694 | Grad norm: 0.000248 | Time: 16s887ms
Epoch: 007 | Test Loss: 0.0000682 | Time: 608ms
Epoch: 008 | Train Loss: 0.0000692 | Grad norm: 0.000259 | Time: 17s326ms
Epoch: 008 | Test Loss: 0.0000675 | Time: 614ms
==> Save the model at epoch 008 with test loss 0.0000675
Epoch: 009 | Train Loss: 0.0000689 | Grad norm: 0.000242 | Time: 16s970ms
Epoch: 009 | Test Loss: 0.0000672 | Time: 676ms
==> Save the model at epoch 009 with test loss 0.0000672
Epoch: 010 | Train Loss: 0.0000682 | Grad norm: 0.000192 | Time: 16s933ms
Epoch: 010 | Test Loss: 0.0000694 | Time: 605ms
Epoch: 011 | Train Loss: 0.0000686 | Grad norm: 0.000235 | Time: 17s475ms
Epoch: 011 | Test Loss: 0.0000668 | Time: 614ms
==> Save the model at epoch 011 with test loss 0.0000668
Epoch: 012 | Train Loss: 0.0000682 | Grad norm: 0.000196 | Time: 16s602ms
Epoch: 012 | Test Loss: 0.0000671 | Time: 606ms
Epoch: 013 | Train Loss: 0.0000683 | Grad norm: 0.000214 | Time: 16s519ms
Epoch: 013 | Test Loss: 0.0000686 | Time: 612ms
Epoch: 014 | Train Loss: 0.0000680 | Grad norm: 0.000183 | Time: 16s927ms
Epoch: 014 | Test Loss: 0.0000673 | Time: 609ms
Epoch: 015 | Train Loss: 0.0000680 | Grad norm: 0.000177 | Time: 17s235ms
Epoch: 015 | Test Loss: 0.0000668 | Time: 620ms
==> Save the model at epoch 015 with test loss 0.0000668
Epoch: 016 | Train Loss: 0.0000678 | Grad norm: 0.000168 | Time: 16s562ms
Epoch: 016 | Test Loss: 0.0000675 | Time: 607ms
Epoch: 017 | Train Loss: 0.0000678 | Grad norm: 0.000156 | Time: 17s346ms
Epoch: 017 | Test Loss: 0.0000670 | Time: 616ms
Epoch: 018 | Train Loss: 0.0000679 | Grad norm: 0.000168 | Time: 16s912ms
Epoch: 018 | Test Loss: 0.0000678 | Time: 621ms
Epoch: 019 | Train Loss: 0.0000679 | Grad norm: 0.000168 | Time: 17s180ms
Epoch: 019 | Test Loss: 0.0000673 | Time: 607ms
Epoch: 020 | Train Loss: 0.0000678 | Grad norm: 0.000159 | Time: 16s776ms
Epoch: 020 | Test Loss: 0.0000681 | Time: 677ms
Epoch: 021 | Train Loss: 0.0000676 | Grad norm: 0.000139 | Time: 16s728ms
Epoch: 021 | Test Loss: 0.0000668 | Time: 608ms
==> Save the model at epoch 021 with test loss 0.0000668
Epoch: 022 | Train Loss: 0.0000675 | Grad norm: 0.000127 | Time: 17s277ms
Epoch: 022 | Test Loss: 0.0000671 | Time: 616ms
Epoch: 023 | Train Loss: 0.0000674 | Grad norm: 0.000128 | Time: 17s172ms
Epoch: 023 | Test Loss: 0.0000671 | Time: 618ms
Epoch: 024 | Train Loss: 0.0000674 | Grad norm: 0.000114 | Time: 17s291ms
Epoch: 024 | Test Loss: 0.0000666 | Time: 610ms
==> Save the model at epoch 024 with test loss 0.0000666
Epoch: 025 | Train Loss: 0.0000674 | Grad norm: 0.000123 | Time: 17s80ms
Epoch: 025 | Test Loss: 0.0000663 | Time: 615ms
==> Save the model at epoch 025 with test loss 0.0000663
Epoch: 026 | Train Loss: 0.0000674 | Grad norm: 0.000122 | Time: 17s289ms
Epoch: 026 | Test Loss: 0.0000665 | Time: 611ms
Epoch: 027 | Train Loss: 0.0000673 | Grad norm: 0.000124 | Time: 17s67ms
Epoch: 027 | Test Loss: 0.0000664 | Time: 626ms
Epoch: 028 | Train Loss: 0.0000673 | Grad norm: 0.000114 | Time: 16s466ms
Epoch: 028 | Test Loss: 0.0000664 | Time: 617ms
Epoch: 029 | Train Loss: 0.0000672 | Grad norm: 0.000105 | Time: 17s69ms
Epoch: 029 | Test Loss: 0.0000663 | Time: 609ms
==> Save the model at epoch 029 with test loss 0.0000663
Epoch: 030 | Train Loss: 0.0000671 | Grad norm: 0.000106 | Time: 17s565ms
Epoch: 030 | Test Loss: 0.0000664 | Time: 622ms
Epoch: 031 | Train Loss: 0.0000671 | Grad norm: 0.000101 | Time: 17s354ms
Epoch: 031 | Test Loss: 0.0000663 | Time: 680ms
Epoch: 032 | Train Loss: 0.0000670 | Grad norm: 0.000098 | Time: 17s166ms
Epoch: 032 | Test Loss: 0.0000663 | Time: 611ms
==> Save the model at epoch 032 with test loss 0.0000663
Epoch: 033 | Train Loss: 0.0000670 | Grad norm: 0.000090 | Time: 17s489ms
Epoch: 033 | Test Loss: 0.0000662 | Time: 635ms
==> Save the model at epoch 033 with test loss 0.0000662
Epoch: 034 | Train Loss: 0.0000670 | Grad norm: 0.000091 | Time: 17s183ms
Epoch: 034 | Test Loss: 0.0000662 | Time: 696ms
==> Save the model at epoch 034 with test loss 0.0000662
Epoch: 035 | Train Loss: 0.0000670 | Grad norm: 0.000095 | Time: 16s551ms
Epoch: 035 | Test Loss: 0.0000663 | Time: 611ms
Epoch: 036 | Train Loss: 0.0000669 | Grad norm: 0.000089 | Time: 16s986ms
Epoch: 036 | Test Loss: 0.0000662 | Time: 614ms
==> Save the model at epoch 036 with test loss 0.0000662
Epoch: 037 | Train Loss: 0.0000669 | Grad norm: 0.000085 | Time: 16s857ms
Epoch: 037 | Test Loss: 0.0000662 | Time: 612ms
==> Save the model at epoch 037 with test loss 0.0000662
Epoch: 038 | Train Loss: 0.0000669 | Grad norm: 0.000082 | Time: 16s887ms
Epoch: 038 | Test Loss: 0.0000662 | Time: 611ms
Epoch: 039 | Train Loss: 0.0000668 | Grad norm: 0.000079 | Time: 17s544ms
Epoch: 039 | Test Loss: 0.0000662 | Time: 719ms
Epoch: 040 | Train Loss: 0.0000668 | Grad norm: 0.000081 | Time: 17s344ms
Epoch: 040 | Test Loss: 0.0000662 | Time: 616ms
==> Save the model at epoch 040 with test loss 0.0000662
Total time: 11m46s
==> Saving trained model weights...
==> Input bias to be applied to the neural network (trained):
[0. 0. 0. 0.]
==> Input transform to be applied to the neural network (trained):
[ 0.62900996  0.6288517  11.614402    9.487666  ]
==> Output transform to be applied to the neural network (trained):
[0.0195 0.021 ]
==> Saving training info...
==> Drawing training loss...
==> Drawing grad norm...
==> Drawing testing loss...
==> Process finished.
