==> torch device:  cuda:1
==> Test-Train split: test_ratio = 0.20
==> Test-Train split seed:  None
==> Further split: further_train_ratio = 0.50
==> Further split seed:  None
==> Input bias to be applied to the neural network:
[0. 0.]
==> Input transform to be applied to the neural network:
[0.496845   0.52004784]
==> Ouput transform to be applied to the neural network:
[1.9242 2.0182]
==> Evaluating model...
==========================================================================================
Layer (type:depth-idx)                   Output Shape              Param #
==========================================================================================
NeuralNetwork                            [1, 2]                    6
├─Sequential: 1-1                        [1, 2]                    --
│    └─Linear: 2-1                       [1, 64]                   192
│    └─ReLU: 2-2                         [1, 64]                   --
│    └─Linear: 2-3                       [1, 64]                   4,160
│    └─ReLU: 2-4                         [1, 64]                   --
│    └─Linear: 2-5                       [1, 64]                   4,160
│    └─ReLU: 2-6                         [1, 64]                   --
│    └─Linear: 2-7                       [1, 64]                   4,160
│    └─ReLU: 2-8                         [1, 64]                   --
│    └─Linear: 2-9                       [1, 64]                   4,160
│    └─ReLU: 2-10                        [1, 64]                   --
│    └─Linear: 2-11                      [1, 64]                   4,160
│    └─ReLU: 2-12                        [1, 64]                   --
│    └─Linear: 2-13                      [1, 64]                   4,160
│    └─ReLU: 2-14                        [1, 64]                   --
│    └─Linear: 2-15                      [1, 2]                    130
├─Sequential: 1-2                        [1, 2]                    (recursive)
│    └─Linear: 2-16                      [1, 64]                   (recursive)
│    └─ReLU: 2-17                        [1, 64]                   --
│    └─Linear: 2-18                      [1, 64]                   (recursive)
│    └─ReLU: 2-19                        [1, 64]                   --
│    └─Linear: 2-20                      [1, 64]                   (recursive)
│    └─ReLU: 2-21                        [1, 64]                   --
│    └─Linear: 2-22                      [1, 64]                   (recursive)
│    └─ReLU: 2-23                        [1, 64]                   --
│    └─Linear: 2-24                      [1, 64]                   (recursive)
│    └─ReLU: 2-25                        [1, 64]                   --
│    └─Linear: 2-26                      [1, 64]                   (recursive)
│    └─ReLU: 2-27                        [1, 64]                   --
│    └─Linear: 2-28                      [1, 64]                   (recursive)
│    └─ReLU: 2-29                        [1, 64]                   --
│    └─Linear: 2-30                      [1, 2]                    (recursive)
==========================================================================================
Total params: 25,288
Trainable params: 25,282
Non-trainable params: 6
Total mult-adds (Units.MEGABYTES): 0.05
==========================================================================================
Input size (MB): 0.00
Forward/backward pass size (MB): 0.01
Params size (MB): 0.10
Estimated Total Size (MB): 0.11
==========================================================================================
==> Saving initial model weights...
==> Start training...
==> Number of param_groups in optimizer: 1
Epoch: 001 | Train Loss: 7.7592554 | Grad norm: 0.222679 | Time: 2s294ms
Epoch: 001 | Test Loss: 7.7301995 | Time: 449ms
==> Save the model at epoch 001 with test loss 7.7301995
Epoch: 002 | Train Loss: 0.8478871 | Grad norm: 3.830950 | Time: 1s952ms
Epoch: 002 | Test Loss: 0.0302416 | Time: 551ms
==> Save the model at epoch 002 with test loss 0.0302416
Epoch: 003 | Train Loss: 0.0418347 | Grad norm: 2.389863 | Time: 1s977ms
Epoch: 003 | Test Loss: 0.0302505 | Time: 468ms
Epoch: 004 | Train Loss: 0.0359990 | Grad norm: 2.138723 | Time: 2s37ms
Epoch: 004 | Test Loss: 0.0194935 | Time: 481ms
==> Save the model at epoch 004 with test loss 0.0194935
Epoch: 005 | Train Loss: 0.0434111 | Grad norm: 2.404512 | Time: 2s99ms
Epoch: 005 | Test Loss: 0.0302156 | Time: 462ms
Epoch: 006 | Train Loss: 0.0626184 | Grad norm: 2.643591 | Time: 2s95ms
Epoch: 006 | Test Loss: 0.0536055 | Time: 464ms
Epoch: 007 | Train Loss: 0.0693290 | Grad norm: 3.080691 | Time: 1s928ms
Epoch: 007 | Test Loss: 0.0522435 | Time: 496ms
Epoch: 008 | Train Loss: 0.0694930 | Grad norm: 3.039377 | Time: 2s190ms
Epoch: 008 | Test Loss: 0.0539328 | Time: 463ms
Epoch: 009 | Train Loss: 0.0611596 | Grad norm: 2.681642 | Time: 2s300ms
Epoch: 009 | Test Loss: 0.0291670 | Time: 486ms
Epoch: 010 | Train Loss: 0.0397163 | Grad norm: 2.164471 | Time: 2s217ms
Epoch: 010 | Test Loss: 0.0422833 | Time: 540ms
Epoch: 011 | Train Loss: 0.0444005 | Grad norm: 2.206080 | Time: 2s162ms
Epoch: 011 | Test Loss: 0.0272423 | Time: 450ms
Epoch: 012 | Train Loss: 0.0353474 | Grad norm: 1.991808 | Time: 1s983ms
Epoch: 012 | Test Loss: 0.0247994 | Time: 573ms
Epoch: 013 | Train Loss: 0.0352488 | Grad norm: 1.875276 | Time: 2s229ms
Epoch: 013 | Test Loss: 0.0334749 | Time: 530ms
Epoch: 014 | Train Loss: 0.0244472 | Grad norm: 1.449419 | Time: 2s128ms
Epoch: 014 | Test Loss: 0.0276220 | Time: 449ms
Epoch: 015 | Train Loss: 0.0208683 | Grad norm: 1.350458 | Time: 2s21ms
Epoch: 015 | Test Loss: 0.0194184 | Time: 462ms
==> Save the model at epoch 015 with test loss 0.0194184
Epoch: 016 | Train Loss: 0.0185727 | Grad norm: 1.214345 | Time: 2s264ms
Epoch: 016 | Test Loss: 0.0147015 | Time: 526ms
==> Save the model at epoch 016 with test loss 0.0147015
Epoch: 017 | Train Loss: 0.0172985 | Grad norm: 1.074974 | Time: 2s108ms
Epoch: 017 | Test Loss: 0.0183894 | Time: 476ms
Epoch: 018 | Train Loss: 0.0137620 | Grad norm: 0.874078 | Time: 2s161ms
Epoch: 018 | Test Loss: 0.0175264 | Time: 532ms
Epoch: 019 | Train Loss: 0.0144831 | Grad norm: 0.934278 | Time: 1s965ms
Epoch: 019 | Test Loss: 0.0096734 | Time: 494ms
==> Save the model at epoch 019 with test loss 0.0096734
Epoch: 020 | Train Loss: 0.0126309 | Grad norm: 0.782663 | Time: 2s86ms
Epoch: 020 | Test Loss: 0.0167075 | Time: 470ms
Epoch: 021 | Train Loss: 0.0121406 | Grad norm: 0.798137 | Time: 2s209ms
Epoch: 021 | Test Loss: 0.0163080 | Time: 480ms
Epoch: 022 | Train Loss: 0.0105994 | Grad norm: 0.672332 | Time: 2s287ms
Epoch: 022 | Test Loss: 0.0098978 | Time: 483ms
Epoch: 023 | Train Loss: 0.0105675 | Grad norm: 0.621232 | Time: 2s143ms
Epoch: 023 | Test Loss: 0.0093634 | Time: 488ms
==> Save the model at epoch 023 with test loss 0.0093634
Epoch: 024 | Train Loss: 0.0101193 | Grad norm: 0.620603 | Time: 2s358ms
Epoch: 024 | Test Loss: 0.0102542 | Time: 476ms
Epoch: 025 | Train Loss: 0.0087741 | Grad norm: 0.445410 | Time: 2s305ms
Epoch: 025 | Test Loss: 0.0106321 | Time: 484ms
Epoch: 026 | Train Loss: 0.0096229 | Grad norm: 0.562001 | Time: 2s354ms
Epoch: 026 | Test Loss: 0.0095159 | Time: 581ms
Epoch: 027 | Train Loss: 0.0085794 | Grad norm: 0.420284 | Time: 2s134ms
Epoch: 027 | Test Loss: 0.0085876 | Time: 465ms
==> Save the model at epoch 027 with test loss 0.0085876
Epoch: 028 | Train Loss: 0.0085994 | Grad norm: 0.433726 | Time: 2s69ms
Epoch: 028 | Test Loss: 0.0088009 | Time: 452ms
Epoch: 029 | Train Loss: 0.0081365 | Grad norm: 0.361500 | Time: 2s165ms
Epoch: 029 | Test Loss: 0.0082074 | Time: 451ms
==> Save the model at epoch 029 with test loss 0.0082074
Epoch: 030 | Train Loss: 0.0081118 | Grad norm: 0.389223 | Time: 2s318ms
Epoch: 030 | Test Loss: 0.0075801 | Time: 478ms
==> Save the model at epoch 030 with test loss 0.0075801
Epoch: 031 | Train Loss: 0.0078491 | Grad norm: 0.338657 | Time: 2s88ms
Epoch: 031 | Test Loss: 0.0070129 | Time: 458ms
==> Save the model at epoch 031 with test loss 0.0070129
Epoch: 032 | Train Loss: 0.0076775 | Grad norm: 0.314802 | Time: 2s460ms
Epoch: 032 | Test Loss: 0.0074505 | Time: 453ms
Epoch: 033 | Train Loss: 0.0073933 | Grad norm: 0.270114 | Time: 2s125ms
Epoch: 033 | Test Loss: 0.0084682 | Time: 473ms
Epoch: 034 | Train Loss: 0.0072976 | Grad norm: 0.264724 | Time: 2s144ms
Epoch: 034 | Test Loss: 0.0071444 | Time: 571ms
Epoch: 035 | Train Loss: 0.0071417 | Grad norm: 0.226791 | Time: 2s432ms
Epoch: 035 | Test Loss: 0.0072769 | Time: 522ms
Epoch: 036 | Train Loss: 0.0070672 | Grad norm: 0.208320 | Time: 2s197ms
Epoch: 036 | Test Loss: 0.0071743 | Time: 490ms
Epoch: 037 | Train Loss: 0.0069595 | Grad norm: 0.188127 | Time: 2s489ms
Epoch: 037 | Test Loss: 0.0069606 | Time: 544ms
==> Save the model at epoch 037 with test loss 0.0069606
Epoch: 038 | Train Loss: 0.0068511 | Grad norm: 0.143191 | Time: 2s225ms
Epoch: 038 | Test Loss: 0.0068860 | Time: 524ms
==> Save the model at epoch 038 with test loss 0.0068860
Epoch: 039 | Train Loss: 0.0068235 | Grad norm: 0.138528 | Time: 2s343ms
Epoch: 039 | Test Loss: 0.0067904 | Time: 507ms
==> Save the model at epoch 039 with test loss 0.0067904
Epoch: 040 | Train Loss: 0.0067840 | Grad norm: 0.120125 | Time: 2s208ms
Epoch: 040 | Test Loss: 0.0067853 | Time: 452ms
==> Save the model at epoch 040 with test loss 0.0067853
Total time: 1m46s
==> Saving trained model weights...
==> Input bias to be applied to the neural network (trained):
[0. 0.]
==> Input transform to be applied to the neural network (trained):
[0.496845   0.52004784]
==> Output transform to be applied to the neural network (trained):
[1.9242 2.0182]
==> Saving training info...
==> Drawing training loss...
==> Drawing grad norm...
==> Drawing testing loss...
==> Process finished.
