==> torch device:  cuda:1
==> Test-Train split: test_ratio = 0.20
==> Test-Train split seed:  None
==> Further split: further_train_ratio = 0.50
==> Further split seed:  None
==> Input bias to be applied to the neural network:
[0. 0.]
==> Input transform to be applied to the neural network:
[0.496845   0.52004784]
==> Ouput transform to be applied to the neural network:
[1.9242 2.0182]
==> Evaluating model...
==========================================================================================
Layer (type:depth-idx)                   Output Shape              Param #
==========================================================================================
NeuralNetwork                            [1, 2]                    6
├─Sequential: 1-1                        [1, 2]                    --
│    └─Linear: 2-1                       [1, 64]                   192
│    └─ReLU: 2-2                         [1, 64]                   --
│    └─Linear: 2-3                       [1, 64]                   4,160
│    └─ReLU: 2-4                         [1, 64]                   --
│    └─Linear: 2-5                       [1, 64]                   4,160
│    └─ReLU: 2-6                         [1, 64]                   --
│    └─Linear: 2-7                       [1, 64]                   4,160
│    └─ReLU: 2-8                         [1, 64]                   --
│    └─Linear: 2-9                       [1, 64]                   4,160
│    └─ReLU: 2-10                        [1, 64]                   --
│    └─Linear: 2-11                      [1, 64]                   4,160
│    └─ReLU: 2-12                        [1, 64]                   --
│    └─Linear: 2-13                      [1, 64]                   4,160
│    └─ReLU: 2-14                        [1, 64]                   --
│    └─Linear: 2-15                      [1, 2]                    130
├─Sequential: 1-2                        [1, 2]                    (recursive)
│    └─Linear: 2-16                      [1, 64]                   (recursive)
│    └─ReLU: 2-17                        [1, 64]                   --
│    └─Linear: 2-18                      [1, 64]                   (recursive)
│    └─ReLU: 2-19                        [1, 64]                   --
│    └─Linear: 2-20                      [1, 64]                   (recursive)
│    └─ReLU: 2-21                        [1, 64]                   --
│    └─Linear: 2-22                      [1, 64]                   (recursive)
│    └─ReLU: 2-23                        [1, 64]                   --
│    └─Linear: 2-24                      [1, 64]                   (recursive)
│    └─ReLU: 2-25                        [1, 64]                   --
│    └─Linear: 2-26                      [1, 64]                   (recursive)
│    └─ReLU: 2-27                        [1, 64]                   --
│    └─Linear: 2-28                      [1, 64]                   (recursive)
│    └─ReLU: 2-29                        [1, 64]                   --
│    └─Linear: 2-30                      [1, 2]                    (recursive)
==========================================================================================
Total params: 25,288
Trainable params: 25,282
Non-trainable params: 6
Total mult-adds (Units.MEGABYTES): 0.05
==========================================================================================
Input size (MB): 0.00
Forward/backward pass size (MB): 0.01
Params size (MB): 0.10
Estimated Total Size (MB): 0.11
==========================================================================================
==> Saving initial model weights...
==> Start training...
==> Number of param_groups in optimizer: 1
Epoch: 001 | Train Loss: 7.7592554 | Grad norm: 0.222679 | Time: 2s197ms
Epoch: 001 | Test Loss: 7.7301995 | Time: 443ms
==> Save the model at epoch 001 with test loss 7.7301995
Epoch: 002 | Train Loss: 5.2725892 | Grad norm: 2.738570 | Time: 1s862ms
Epoch: 002 | Test Loss: 0.3911281 | Time: 563ms
==> Save the model at epoch 002 with test loss 0.3911281
Epoch: 003 | Train Loss: 0.1696617 | Grad norm: 1.296922 | Time: 1s979ms
Epoch: 003 | Test Loss: 0.0911461 | Time: 447ms
==> Save the model at epoch 003 with test loss 0.0911461
Epoch: 004 | Train Loss: 0.0752921 | Grad norm: 1.376346 | Time: 2s67ms
Epoch: 004 | Test Loss: 0.0608032 | Time: 451ms
==> Save the model at epoch 004 with test loss 0.0608032
Epoch: 005 | Train Loss: 0.0468675 | Grad norm: 1.339864 | Time: 2s110ms
Epoch: 005 | Test Loss: 0.0559547 | Time: 456ms
==> Save the model at epoch 005 with test loss 0.0559547
Epoch: 006 | Train Loss: 0.0349516 | Grad norm: 1.539516 | Time: 1s994ms
Epoch: 006 | Test Loss: 0.0264026 | Time: 535ms
==> Save the model at epoch 006 with test loss 0.0264026
Epoch: 007 | Train Loss: 0.0322573 | Grad norm: 1.435049 | Time: 2s87ms
Epoch: 007 | Test Loss: 0.0305455 | Time: 467ms
Epoch: 008 | Train Loss: 0.0332039 | Grad norm: 1.618231 | Time: 2s26ms
Epoch: 008 | Test Loss: 0.0241722 | Time: 447ms
==> Save the model at epoch 008 with test loss 0.0241722
Epoch: 009 | Train Loss: 0.0325483 | Grad norm: 1.674196 | Time: 2s13ms
Epoch: 009 | Test Loss: 0.0451488 | Time: 483ms
Epoch: 010 | Train Loss: 0.0350339 | Grad norm: 1.786385 | Time: 2s47ms
Epoch: 010 | Test Loss: 0.0269921 | Time: 517ms
Epoch: 011 | Train Loss: 0.0340377 | Grad norm: 1.972660 | Time: 1s974ms
Epoch: 011 | Test Loss: 0.0308521 | Time: 447ms
Epoch: 012 | Train Loss: 0.0280942 | Grad norm: 1.436353 | Time: 2s68ms
Epoch: 012 | Test Loss: 0.0240456 | Time: 463ms
==> Save the model at epoch 012 with test loss 0.0240456
Epoch: 013 | Train Loss: 0.0264035 | Grad norm: 1.410516 | Time: 2s123ms
Epoch: 013 | Test Loss: 0.0288734 | Time: 491ms
Epoch: 014 | Train Loss: 0.0277432 | Grad norm: 1.645252 | Time: 1s990ms
Epoch: 014 | Test Loss: 0.0210268 | Time: 453ms
==> Save the model at epoch 014 with test loss 0.0210268
Epoch: 015 | Train Loss: 0.0255182 | Grad norm: 1.564168 | Time: 2s68ms
Epoch: 015 | Test Loss: 0.0251215 | Time: 485ms
Epoch: 016 | Train Loss: 0.0260110 | Grad norm: 1.486817 | Time: 2s154ms
Epoch: 016 | Test Loss: 0.0221754 | Time: 446ms
Epoch: 017 | Train Loss: 0.0239962 | Grad norm: 1.393721 | Time: 1s933ms
Epoch: 017 | Test Loss: 0.0254233 | Time: 462ms
Epoch: 018 | Train Loss: 0.0220967 | Grad norm: 1.335959 | Time: 2s80ms
Epoch: 018 | Test Loss: 0.0203315 | Time: 527ms
==> Save the model at epoch 018 with test loss 0.0203315
Epoch: 019 | Train Loss: 0.0230853 | Grad norm: 1.341212 | Time: 2s93ms
Epoch: 019 | Test Loss: 0.0191611 | Time: 445ms
==> Save the model at epoch 019 with test loss 0.0191611
Epoch: 020 | Train Loss: 0.0237440 | Grad norm: 1.426264 | Time: 1s849ms
Epoch: 020 | Test Loss: 0.0196343 | Time: 456ms
Epoch: 021 | Train Loss: 0.0221872 | Grad norm: 1.436305 | Time: 1s935ms
Epoch: 021 | Test Loss: 0.0176046 | Time: 448ms
==> Save the model at epoch 021 with test loss 0.0176046
Epoch: 022 | Train Loss: 0.0203069 | Grad norm: 1.118346 | Time: 2s122ms
Epoch: 022 | Test Loss: 0.0185386 | Time: 454ms
Epoch: 023 | Train Loss: 0.0200507 | Grad norm: 1.319501 | Time: 2s18ms
Epoch: 023 | Test Loss: 0.0191786 | Time: 469ms
Epoch: 024 | Train Loss: 0.0203515 | Grad norm: 1.220348 | Time: 2s240ms
Epoch: 024 | Test Loss: 0.0183487 | Time: 450ms
Epoch: 025 | Train Loss: 0.0191247 | Grad norm: 1.196878 | Time: 2s133ms
Epoch: 025 | Test Loss: 0.0183168 | Time: 456ms
Epoch: 026 | Train Loss: 0.0180760 | Grad norm: 0.992635 | Time: 1s883ms
Epoch: 026 | Test Loss: 0.0168682 | Time: 578ms
==> Save the model at epoch 026 with test loss 0.0168682
Epoch: 027 | Train Loss: 0.0184459 | Grad norm: 1.184077 | Time: 1s938ms
Epoch: 027 | Test Loss: 0.0163756 | Time: 448ms
==> Save the model at epoch 027 with test loss 0.0163756
Epoch: 028 | Train Loss: 0.0172896 | Grad norm: 0.952160 | Time: 2s132ms
Epoch: 028 | Test Loss: 0.0149494 | Time: 485ms
==> Save the model at epoch 028 with test loss 0.0149494
Epoch: 029 | Train Loss: 0.0174237 | Grad norm: 1.001952 | Time: 2s127ms
Epoch: 029 | Test Loss: 0.0197146 | Time: 459ms
Epoch: 030 | Train Loss: 0.0165805 | Grad norm: 0.899114 | Time: 2s128ms
Epoch: 030 | Test Loss: 0.0147222 | Time: 468ms
==> Save the model at epoch 030 with test loss 0.0147222
Epoch: 031 | Train Loss: 0.0160445 | Grad norm: 0.883430 | Time: 2s66ms
Epoch: 031 | Test Loss: 0.0141569 | Time: 460ms
==> Save the model at epoch 031 with test loss 0.0141569
Epoch: 032 | Train Loss: 0.0155478 | Grad norm: 0.807549 | Time: 2s51ms
Epoch: 032 | Test Loss: 0.0146318 | Time: 500ms
Epoch: 033 | Train Loss: 0.0153507 | Grad norm: 0.746800 | Time: 2s126ms
Epoch: 033 | Test Loss: 0.0141073 | Time: 447ms
==> Save the model at epoch 033 with test loss 0.0141073
Epoch: 034 | Train Loss: 0.0146475 | Grad norm: 0.662154 | Time: 1s998ms
Epoch: 034 | Test Loss: 0.0143241 | Time: 522ms
Epoch: 035 | Train Loss: 0.0149299 | Grad norm: 0.607136 | Time: 1s935ms
Epoch: 035 | Test Loss: 0.0137826 | Time: 485ms
==> Save the model at epoch 035 with test loss 0.0137826
Epoch: 036 | Train Loss: 0.0145266 | Grad norm: 0.548738 | Time: 2s45ms
Epoch: 036 | Test Loss: 0.0138001 | Time: 460ms
Epoch: 037 | Train Loss: 0.0142508 | Grad norm: 0.538279 | Time: 2s169ms
Epoch: 037 | Test Loss: 0.0136562 | Time: 443ms
==> Save the model at epoch 037 with test loss 0.0136562
Epoch: 038 | Train Loss: 0.0142036 | Grad norm: 0.529045 | Time: 2s34ms
Epoch: 038 | Test Loss: 0.0136289 | Time: 509ms
==> Save the model at epoch 038 with test loss 0.0136289
Epoch: 039 | Train Loss: 0.0140799 | Grad norm: 0.476348 | Time: 2s132ms
Epoch: 039 | Test Loss: 0.0135232 | Time: 472ms
==> Save the model at epoch 039 with test loss 0.0135232
Epoch: 040 | Train Loss: 0.0140020 | Grad norm: 0.468972 | Time: 2s250ms
Epoch: 040 | Test Loss: 0.0134382 | Time: 453ms
==> Save the model at epoch 040 with test loss 0.0134382
Total time: 1m41s
==> Saving trained model weights...
==> Input bias to be applied to the neural network (trained):
[0. 0.]
==> Input transform to be applied to the neural network (trained):
[0.496845   0.52004784]
==> Output transform to be applied to the neural network (trained):
[1.9242 2.0182]
==> Saving training info...
==> Drawing training loss...
==> Drawing grad norm...
==> Drawing testing loss...
==> Process finished.
