==> torch device:  cuda:3
==> Test-Train split: test_ratio = 0.20
==> Test-Train split seed:  None
==> Further split: further_train_ratio = 1.00
==> Further split seed:  None
==> Input bias to be applied to the neural network:
[0. 0.]
==> Input transform to be applied to the neural network:
[1. 1.]
==> Ouput transform to be applied to the neural network:
[1. 1.]
==> Evaluating model...
==========================================================================================
Layer (type:depth-idx)                   Output Shape              Param #
==========================================================================================
NeuralNetwork                            [1, 2]                    6
├─Sequential: 1-1                        [1, 2]                    --
│    └─Linear: 2-1                       [1, 64]                   192
│    └─LeakyReLU: 2-2                    [1, 64]                   --
│    └─Linear: 2-3                       [1, 64]                   4,160
│    └─LeakyReLU: 2-4                    [1, 64]                   --
│    └─Linear: 2-5                       [1, 64]                   4,160
│    └─LeakyReLU: 2-6                    [1, 64]                   --
│    └─Linear: 2-7                       [1, 64]                   4,160
│    └─LeakyReLU: 2-8                    [1, 64]                   --
│    └─Linear: 2-9                       [1, 64]                   4,160
│    └─LeakyReLU: 2-10                   [1, 64]                   --
│    └─Linear: 2-11                      [1, 64]                   4,160
│    └─LeakyReLU: 2-12                   [1, 64]                   --
│    └─Linear: 2-13                      [1, 64]                   4,160
│    └─LeakyReLU: 2-14                   [1, 64]                   --
│    └─Linear: 2-15                      [1, 2]                    130
==========================================================================================
Total params: 25,288
Trainable params: 25,282
Non-trainable params: 6
Total mult-adds (M): 0.03
==========================================================================================
Input size (MB): 0.00
Forward/backward pass size (MB): 0.00
Params size (MB): 0.10
Estimated Total Size (MB): 0.10
==========================================================================================
==> Saving initial model weights...
==> Start training...
Epoch: 001 | Loss: 2.6482847 | L2 loss: 2.6482845 | Lip loss: 0.0000002 | Grad norm: 11.268152 | Time: 50s776ms
Epoch: 001 | Test Loss: 0.0208588 | Time: 539ms
==> Save the model at epoch 001 with test loss 0.0208588
Epoch: 002 | Loss: 0.0265306 | L2 loss: 0.0265304 | Lip loss: 0.0000002 | Grad norm: 4.495936 | Time: 50s699ms
Epoch: 002 | Test Loss: 0.0163362 | Time: 547ms
==> Save the model at epoch 002 with test loss 0.0163362
Epoch: 003 | Loss: 0.0176805 | L2 loss: 0.0176803 | Lip loss: 0.0000002 | Grad norm: 2.917138 | Time: 49s1ms
Epoch: 003 | Test Loss: 0.0141480 | Time: 537ms
==> Save the model at epoch 003 with test loss 0.0141480
Epoch: 004 | Loss: 0.0178640 | L2 loss: 0.0178638 | Lip loss: 0.0000002 | Grad norm: 2.763483 | Time: 48s864ms
Epoch: 004 | Test Loss: 0.0178470 | Time: 534ms
Epoch: 005 | Loss: 0.0142468 | L2 loss: 0.0142466 | Lip loss: 0.0000002 | Grad norm: 2.364350 | Time: 49s934ms
Epoch: 005 | Test Loss: 0.0161098 | Time: 547ms
Epoch: 006 | Loss: 0.0076612 | L2 loss: 0.0076610 | Lip loss: 0.0000002 | Grad norm: 0.478063 | Time: 48s878ms
Epoch: 006 | Test Loss: 0.0075844 | Time: 534ms
==> Save the model at epoch 006 with test loss 0.0075844
Epoch: 007 | Loss: 0.0074961 | L2 loss: 0.0074959 | Lip loss: 0.0000002 | Grad norm: 0.426046 | Time: 49s720ms
Epoch: 007 | Test Loss: 0.0075982 | Time: 533ms
Epoch: 008 | Loss: 0.0075474 | L2 loss: 0.0075472 | Lip loss: 0.0000002 | Grad norm: 0.480237 | Time: 45s60ms
Epoch: 008 | Test Loss: 0.0076437 | Time: 527ms
Epoch: 009 | Loss: 0.0076118 | L2 loss: 0.0076116 | Lip loss: 0.0000002 | Grad norm: 0.526632 | Time: 45s61ms
Epoch: 009 | Test Loss: 0.0076315 | Time: 587ms
Epoch: 010 | Loss: 0.0075444 | L2 loss: 0.0075442 | Lip loss: 0.0000002 | Grad norm: 0.496409 | Time: 45s6ms
Epoch: 010 | Test Loss: 0.0076494 | Time: 583ms
Epoch: 011 | Loss: 0.0072302 | L2 loss: 0.0072300 | Lip loss: 0.0000002 | Grad norm: 0.282619 | Time: 46s874ms
Epoch: 011 | Test Loss: 0.0072358 | Time: 534ms
==> Save the model at epoch 011 with test loss 0.0072358
Epoch: 012 | Loss: 0.0072209 | L2 loss: 0.0072207 | Lip loss: 0.0000002 | Grad norm: 0.282726 | Time: 49s316ms
Epoch: 012 | Test Loss: 0.0072465 | Time: 535ms
Epoch: 013 | Loss: 0.0072295 | L2 loss: 0.0072293 | Lip loss: 0.0000002 | Grad norm: 0.290338 | Time: 46s542ms
Epoch: 013 | Test Loss: 0.0072522 | Time: 527ms
Epoch: 014 | Loss: 0.0072269 | L2 loss: 0.0072267 | Lip loss: 0.0000002 | Grad norm: 0.296267 | Time: 47s114ms
Epoch: 014 | Test Loss: 0.0072825 | Time: 553ms
Epoch: 015 | Loss: 0.0072272 | L2 loss: 0.0072270 | Lip loss: 0.0000002 | Grad norm: 0.297706 | Time: 49s786ms
Epoch: 015 | Test Loss: 0.0072591 | Time: 538ms
Epoch: 016 | Loss: 0.0071889 | L2 loss: 0.0071887 | Lip loss: 0.0000002 | Grad norm: 0.262786 | Time: 49s309ms
Epoch: 016 | Test Loss: 0.0072184 | Time: 591ms
==> Save the model at epoch 016 with test loss 0.0072184
Epoch: 017 | Loss: 0.0071849 | L2 loss: 0.0071847 | Lip loss: 0.0000002 | Grad norm: 0.257506 | Time: 48s916ms
Epoch: 017 | Test Loss: 0.0072170 | Time: 537ms
==> Save the model at epoch 017 with test loss 0.0072170
Epoch: 018 | Loss: 0.0071863 | L2 loss: 0.0071861 | Lip loss: 0.0000002 | Grad norm: 0.263074 | Time: 45s822ms
Epoch: 018 | Test Loss: 0.0072240 | Time: 527ms
Epoch: 019 | Loss: 0.0071850 | L2 loss: 0.0071848 | Lip loss: 0.0000002 | Grad norm: 0.251329 | Time: 44s985ms
Epoch: 019 | Test Loss: 0.0072186 | Time: 523ms
Epoch: 020 | Loss: 0.0071854 | L2 loss: 0.0071852 | Lip loss: 0.0000002 | Grad norm: 0.254927 | Time: 44s979ms
Epoch: 020 | Test Loss: 0.0072164 | Time: 526ms
==> Save the model at epoch 020 with test loss 0.0072164
Epoch: 021 | Loss: 0.0071798 | L2 loss: 0.0071796 | Lip loss: 0.0000002 | Grad norm: 0.246307 | Time: 49s320ms
Epoch: 021 | Test Loss: 0.0072136 | Time: 531ms
==> Save the model at epoch 021 with test loss 0.0072136
Epoch: 022 | Loss: 0.0071793 | L2 loss: 0.0071791 | Lip loss: 0.0000002 | Grad norm: 0.250291 | Time: 49s164ms
Epoch: 022 | Test Loss: 0.0072134 | Time: 537ms
==> Save the model at epoch 022 with test loss 0.0072134
Epoch: 023 | Loss: 0.0071793 | L2 loss: 0.0071791 | Lip loss: 0.0000002 | Grad norm: 0.249911 | Time: 48s126ms
Epoch: 023 | Test Loss: 0.0072140 | Time: 596ms
Epoch: 024 | Loss: 0.0071793 | L2 loss: 0.0071791 | Lip loss: 0.0000002 | Grad norm: 0.244538 | Time: 48s26ms
Epoch: 024 | Test Loss: 0.0072140 | Time: 609ms
Epoch: 025 | Loss: 0.0071792 | L2 loss: 0.0071790 | Lip loss: 0.0000002 | Grad norm: 0.248206 | Time: 49s616ms
Epoch: 025 | Test Loss: 0.0072138 | Time: 533ms
Epoch: 026 | Loss: 0.0071786 | L2 loss: 0.0071784 | Lip loss: 0.0000002 | Grad norm: 0.243824 | Time: 50s147ms
Epoch: 026 | Test Loss: 0.0072137 | Time: 535ms
Epoch: 027 | Loss: 0.0071784 | L2 loss: 0.0071782 | Lip loss: 0.0000002 | Grad norm: 0.247718 | Time: 49s115ms
Epoch: 027 | Test Loss: 0.0072138 | Time: 538ms
Epoch: 028 | Loss: 0.0071784 | L2 loss: 0.0071782 | Lip loss: 0.0000002 | Grad norm: 0.246645 | Time: 47s143ms
Epoch: 028 | Test Loss: 0.0072138 | Time: 559ms
Epoch: 029 | Loss: 0.0071784 | L2 loss: 0.0071782 | Lip loss: 0.0000002 | Grad norm: 0.243295 | Time: 48s238ms
Epoch: 029 | Test Loss: 0.0072138 | Time: 535ms
Epoch: 030 | Loss: 0.0071783 | L2 loss: 0.0071781 | Lip loss: 0.0000002 | Grad norm: 0.256804 | Time: 49s554ms
Epoch: 030 | Test Loss: 0.0072138 | Time: 533ms
Epoch: 031 | Loss: 0.0071782 | L2 loss: 0.0071780 | Lip loss: 0.0000002 | Grad norm: 0.247663 | Time: 49s123ms
Epoch: 031 | Test Loss: 0.0072138 | Time: 535ms
Epoch: 032 | Loss: 0.0071782 | L2 loss: 0.0071780 | Lip loss: 0.0000002 | Grad norm: 0.251977 | Time: 48s629ms
Epoch: 032 | Test Loss: 0.0072138 | Time: 539ms
Epoch: 033 | Loss: 0.0071782 | L2 loss: 0.0071780 | Lip loss: 0.0000002 | Grad norm: 0.250403 | Time: 45s68ms
Epoch: 033 | Test Loss: 0.0072138 | Time: 527ms
Epoch: 034 | Loss: 0.0071782 | L2 loss: 0.0071780 | Lip loss: 0.0000002 | Grad norm: 0.253105 | Time: 45s60ms
Epoch: 034 | Test Loss: 0.0072138 | Time: 529ms
Epoch: 035 | Loss: 0.0071782 | L2 loss: 0.0071780 | Lip loss: 0.0000002 | Grad norm: 0.244071 | Time: 45s143ms
Epoch: 035 | Test Loss: 0.0072138 | Time: 523ms
Epoch: 036 | Loss: 0.0071782 | L2 loss: 0.0071780 | Lip loss: 0.0000002 | Grad norm: 0.252053 | Time: 45s90ms
Epoch: 036 | Test Loss: 0.0072138 | Time: 523ms
Epoch: 037 | Loss: 0.0071782 | L2 loss: 0.0071780 | Lip loss: 0.0000002 | Grad norm: 0.250518 | Time: 45s88ms
Epoch: 037 | Test Loss: 0.0072138 | Time: 524ms
Epoch: 038 | Loss: 0.0071782 | L2 loss: 0.0071780 | Lip loss: 0.0000002 | Grad norm: 0.246575 | Time: 45s90ms
Epoch: 038 | Test Loss: 0.0072138 | Time: 523ms
Epoch: 039 | Loss: 0.0071782 | L2 loss: 0.0071780 | Lip loss: 0.0000002 | Grad norm: 0.253126 | Time: 46s420ms
Epoch: 039 | Test Loss: 0.0072138 | Time: 531ms
Epoch: 040 | Loss: 0.0071782 | L2 loss: 0.0071780 | Lip loss: 0.0000002 | Grad norm: 0.250992 | Time: 45s134ms
Epoch: 040 | Test Loss: 0.0072138 | Time: 584ms
Total time: 32m6s
==> Saving trained model weights...
==> Input bias to be applied to the neural network (trained):
[0. 0.]
==> Input transform to be applied to the neural network (trained):
[1. 1.]
==> Output transform to be applied to the neural network (trained):
[1. 1.]
==> Saving training info...
==> Drawing training loss...
==> Drawing grad norm...
==> Drawing testing loss...
==> Drawing l2 loss...
==> Drawing lip loss...
==> Process finished.
