==> torch device:  cuda:1
==> Test-Train split: test_ratio = 0.20
==> Test-Train split seed:  None
==> Further split: further_train_ratio = 0.25
==> Further split seed:  None
==> Input bias to be applied to the neural network:
[0. 0. 0. 0.]
==> Input transform to be applied to the neural network:
[ 0.62900996  0.6288517  11.614402    9.487666  ]
==> Ouput transform to be applied to the neural network:
[0.0251 0.0262]
==> Evaluating model...
==========================================================================================
Layer (type:depth-idx)                   Output Shape              Param #
==========================================================================================
NeuralNetwork                            [1, 2]                    10
├─Sequential: 1-1                        [1, 2]                    --
│    └─Linear: 2-1                       [1, 64]                   320
│    └─ReLU: 2-2                         [1, 64]                   --
│    └─Linear: 2-3                       [1, 64]                   4,160
│    └─ReLU: 2-4                         [1, 64]                   --
│    └─Linear: 2-5                       [1, 64]                   4,160
│    └─ReLU: 2-6                         [1, 64]                   --
│    └─Linear: 2-7                       [1, 64]                   4,160
│    └─ReLU: 2-8                         [1, 64]                   --
│    └─Linear: 2-9                       [1, 64]                   4,160
│    └─ReLU: 2-10                        [1, 64]                   --
│    └─Linear: 2-11                      [1, 64]                   4,160
│    └─ReLU: 2-12                        [1, 64]                   --
│    └─Linear: 2-13                      [1, 64]                   4,160
│    └─ReLU: 2-14                        [1, 64]                   --
│    └─Linear: 2-15                      [1, 2]                    130
├─Sequential: 1-2                        [1, 2]                    (recursive)
│    └─Linear: 2-16                      [1, 64]                   (recursive)
│    └─ReLU: 2-17                        [1, 64]                   --
│    └─Linear: 2-18                      [1, 64]                   (recursive)
│    └─ReLU: 2-19                        [1, 64]                   --
│    └─Linear: 2-20                      [1, 64]                   (recursive)
│    └─ReLU: 2-21                        [1, 64]                   --
│    └─Linear: 2-22                      [1, 64]                   (recursive)
│    └─ReLU: 2-23                        [1, 64]                   --
│    └─Linear: 2-24                      [1, 64]                   (recursive)
│    └─ReLU: 2-25                        [1, 64]                   --
│    └─Linear: 2-26                      [1, 64]                   (recursive)
│    └─ReLU: 2-27                        [1, 64]                   --
│    └─Linear: 2-28                      [1, 64]                   (recursive)
│    └─ReLU: 2-29                        [1, 64]                   --
│    └─Linear: 2-30                      [1, 2]                    (recursive)
==========================================================================================
Total params: 25,420
Trainable params: 25,410
Non-trainable params: 10
Total mult-adds (Units.MEGABYTES): 0.05
==========================================================================================
Input size (MB): 0.00
Forward/backward pass size (MB): 0.01
Params size (MB): 0.10
Estimated Total Size (MB): 0.11
==========================================================================================
==> Saving initial model weights...
==> Start training...
==> Number of param_groups in optimizer: 1
Epoch: 001 | Train Loss: 0.0013065 | Grad norm: 0.000037 | Time: 1s277ms
Epoch: 001 | Test Loss: 0.0013102 | Time: 491ms
==> Save the model at epoch 001 with test loss 0.0013102
Epoch: 002 | Train Loss: 0.0012439 | Grad norm: 0.000199 | Time: 1s57ms
Epoch: 002 | Test Loss: 0.0010316 | Time: 512ms
==> Save the model at epoch 002 with test loss 0.0010316
Epoch: 003 | Train Loss: 0.0006421 | Grad norm: 0.000447 | Time: 1s19ms
Epoch: 003 | Test Loss: 0.0005605 | Time: 565ms
==> Save the model at epoch 003 with test loss 0.0005605
Epoch: 004 | Train Loss: 0.0005628 | Grad norm: 0.000384 | Time: 1s19ms
Epoch: 004 | Test Loss: 0.0005600 | Time: 494ms
==> Save the model at epoch 004 with test loss 0.0005600
Epoch: 005 | Train Loss: 0.0005620 | Grad norm: 0.000412 | Time: 1s60ms
Epoch: 005 | Test Loss: 0.0005571 | Time: 495ms
==> Save the model at epoch 005 with test loss 0.0005571
Epoch: 006 | Train Loss: 0.0005601 | Grad norm: 0.000397 | Time: 1s77ms
Epoch: 006 | Test Loss: 0.0005584 | Time: 501ms
Epoch: 007 | Train Loss: 0.0005606 | Grad norm: 0.000423 | Time: 1s12ms
Epoch: 007 | Test Loss: 0.0005579 | Time: 561ms
Epoch: 008 | Train Loss: 0.0005614 | Grad norm: 0.000435 | Time: 1s45ms
Epoch: 008 | Test Loss: 0.0005599 | Time: 493ms
Epoch: 009 | Train Loss: 0.0005612 | Grad norm: 0.000422 | Time: 1s78ms
Epoch: 009 | Test Loss: 0.0005553 | Time: 493ms
==> Save the model at epoch 009 with test loss 0.0005553
Epoch: 010 | Train Loss: 0.0005588 | Grad norm: 0.000382 | Time: 1s82ms
Epoch: 010 | Test Loss: 0.0005568 | Time: 494ms
Epoch: 011 | Train Loss: 0.0005588 | Grad norm: 0.000391 | Time: 1s165ms
Epoch: 011 | Test Loss: 0.0005527 | Time: 570ms
==> Save the model at epoch 011 with test loss 0.0005527
Epoch: 012 | Train Loss: 0.0005588 | Grad norm: 0.000390 | Time: 1s112ms
Epoch: 012 | Test Loss: 0.0005568 | Time: 497ms
Epoch: 013 | Train Loss: 0.0005576 | Grad norm: 0.000387 | Time: 1s66ms
Epoch: 013 | Test Loss: 0.0005651 | Time: 494ms
Epoch: 014 | Train Loss: 0.0005566 | Grad norm: 0.000363 | Time: 1s70ms
Epoch: 014 | Test Loss: 0.0005524 | Time: 512ms
==> Save the model at epoch 014 with test loss 0.0005524
Epoch: 015 | Train Loss: 0.0005566 | Grad norm: 0.000366 | Time: 1s160ms
Epoch: 015 | Test Loss: 0.0005540 | Time: 563ms
Epoch: 016 | Train Loss: 0.0005550 | Grad norm: 0.000367 | Time: 1s88ms
Epoch: 016 | Test Loss: 0.0005595 | Time: 493ms
Epoch: 017 | Train Loss: 0.0005561 | Grad norm: 0.000377 | Time: 1s11ms
Epoch: 017 | Test Loss: 0.0005556 | Time: 492ms
Epoch: 018 | Train Loss: 0.0005554 | Grad norm: 0.000381 | Time: 1s60ms
Epoch: 018 | Test Loss: 0.0005574 | Time: 499ms
Epoch: 019 | Train Loss: 0.0005541 | Grad norm: 0.000372 | Time: 1s74ms
Epoch: 019 | Test Loss: 0.0005524 | Time: 585ms
==> Save the model at epoch 019 with test loss 0.0005524
Epoch: 020 | Train Loss: 0.0005542 | Grad norm: 0.000353 | Time: 1s64ms
Epoch: 020 | Test Loss: 0.0005561 | Time: 493ms
Epoch: 021 | Train Loss: 0.0005550 | Grad norm: 0.000397 | Time: 1s52ms
Epoch: 021 | Test Loss: 0.0005561 | Time: 494ms
Epoch: 022 | Train Loss: 0.0005537 | Grad norm: 0.000360 | Time: 981ms
Epoch: 022 | Test Loss: 0.0005570 | Time: 492ms
Epoch: 023 | Train Loss: 0.0005526 | Grad norm: 0.000368 | Time: 1s7ms
Epoch: 023 | Test Loss: 0.0005511 | Time: 569ms
==> Save the model at epoch 023 with test loss 0.0005511
Epoch: 024 | Train Loss: 0.0005525 | Grad norm: 0.000360 | Time: 1s85ms
Epoch: 024 | Test Loss: 0.0005529 | Time: 509ms
Epoch: 025 | Train Loss: 0.0005514 | Grad norm: 0.000343 | Time: 1s211ms
Epoch: 025 | Test Loss: 0.0005544 | Time: 500ms
Epoch: 026 | Train Loss: 0.0005515 | Grad norm: 0.000360 | Time: 937ms
Epoch: 026 | Test Loss: 0.0005526 | Time: 495ms
Epoch: 027 | Train Loss: 0.0005514 | Grad norm: 0.000354 | Time: 974ms
Epoch: 027 | Test Loss: 0.0005518 | Time: 561ms
Epoch: 028 | Train Loss: 0.0005502 | Grad norm: 0.000350 | Time: 1s12ms
Epoch: 028 | Test Loss: 0.0005516 | Time: 496ms
Epoch: 029 | Train Loss: 0.0005501 | Grad norm: 0.000352 | Time: 1s62ms
Epoch: 029 | Test Loss: 0.0005518 | Time: 561ms
Epoch: 030 | Train Loss: 0.0005494 | Grad norm: 0.000345 | Time: 1s99ms
Epoch: 030 | Test Loss: 0.0005509 | Time: 506ms
==> Save the model at epoch 030 with test loss 0.0005509
Epoch: 031 | Train Loss: 0.0005492 | Grad norm: 0.000350 | Time: 1s14ms
Epoch: 031 | Test Loss: 0.0005517 | Time: 596ms
Epoch: 032 | Train Loss: 0.0005487 | Grad norm: 0.000345 | Time: 1s76ms
Epoch: 032 | Test Loss: 0.0005508 | Time: 525ms
==> Save the model at epoch 032 with test loss 0.0005508
Epoch: 033 | Train Loss: 0.0005480 | Grad norm: 0.000332 | Time: 1s125ms
Epoch: 033 | Test Loss: 0.0005506 | Time: 499ms
==> Save the model at epoch 033 with test loss 0.0005506
Epoch: 034 | Train Loss: 0.0005478 | Grad norm: 0.000333 | Time: 1s97ms
Epoch: 034 | Test Loss: 0.0005501 | Time: 494ms
==> Save the model at epoch 034 with test loss 0.0005501
Epoch: 035 | Train Loss: 0.0005476 | Grad norm: 0.000334 | Time: 1s39ms
Epoch: 035 | Test Loss: 0.0005503 | Time: 567ms
Epoch: 036 | Train Loss: 0.0005475 | Grad norm: 0.000331 | Time: 1s46ms
Epoch: 036 | Test Loss: 0.0005503 | Time: 495ms
Epoch: 037 | Train Loss: 0.0005473 | Grad norm: 0.000337 | Time: 1s137ms
Epoch: 037 | Test Loss: 0.0005501 | Time: 515ms
Epoch: 038 | Train Loss: 0.0005471 | Grad norm: 0.000336 | Time: 1s57ms
Epoch: 038 | Test Loss: 0.0005500 | Time: 510ms
==> Save the model at epoch 038 with test loss 0.0005500
Epoch: 039 | Train Loss: 0.0005468 | Grad norm: 0.000326 | Time: 1s179ms
Epoch: 039 | Test Loss: 0.0005500 | Time: 566ms
==> Save the model at epoch 039 with test loss 0.0005500
Epoch: 040 | Train Loss: 0.0005467 | Grad norm: 0.000337 | Time: 1s57ms
Epoch: 040 | Test Loss: 0.0005500 | Time: 512ms
Total time: 1m3s
==> Saving trained model weights...
==> Input bias to be applied to the neural network (trained):
[0. 0. 0. 0.]
==> Input transform to be applied to the neural network (trained):
[ 0.62900996  0.6288517  11.614402    9.487666  ]
==> Output transform to be applied to the neural network (trained):
[0.0251 0.0262]
==> Saving training info...
==> Drawing training loss...
==> Drawing grad norm...
==> Drawing testing loss...
==> Process finished.
