==> torch device:  cuda:3
==> Test-Train split: test_ratio = 0.20
==> Test-Train split seed:  None
==> Further split: further_train_ratio = 0.25
==> Further split seed:  None
==> Input bias to be applied to the neural network:
[0. 0.]
==> Input transform to be applied to the neural network:
[1. 1.]
==> Ouput transform to be applied to the neural network:
[1. 1.]
==> Evaluating model...
==========================================================================================
Layer (type:depth-idx)                   Output Shape              Param #
==========================================================================================
NeuralNetwork                            [1, 2]                    6
├─Sequential: 1-1                        [1, 2]                    --
│    └─Linear: 2-1                       [1, 64]                   192
│    └─LeakyReLU: 2-2                    [1, 64]                   --
│    └─Linear: 2-3                       [1, 64]                   4,160
│    └─LeakyReLU: 2-4                    [1, 64]                   --
│    └─Linear: 2-5                       [1, 64]                   4,160
│    └─LeakyReLU: 2-6                    [1, 64]                   --
│    └─Linear: 2-7                       [1, 64]                   4,160
│    └─LeakyReLU: 2-8                    [1, 64]                   --
│    └─Linear: 2-9                       [1, 64]                   4,160
│    └─LeakyReLU: 2-10                   [1, 64]                   --
│    └─Linear: 2-11                      [1, 64]                   4,160
│    └─LeakyReLU: 2-12                   [1, 64]                   --
│    └─Linear: 2-13                      [1, 64]                   4,160
│    └─LeakyReLU: 2-14                   [1, 64]                   --
│    └─Linear: 2-15                      [1, 2]                    130
==========================================================================================
Total params: 25,288
Trainable params: 25,282
Non-trainable params: 6
Total mult-adds (M): 0.03
==========================================================================================
Input size (MB): 0.00
Forward/backward pass size (MB): 0.00
Params size (MB): 0.10
Estimated Total Size (MB): 0.10
==========================================================================================
==> Saving initial model weights...
==> Start training...
Epoch: 001 | Loss: 12.2964584 | L2 loss: 12.2781079 | Lip loss: 0.0183505 | Grad norm: 12.558599 | Time: 12s135ms
Epoch: 001 | Test Loss: 0.0420890 | Time: 599ms
==> Save the model at epoch 001 with test loss 0.0420890
Epoch: 002 | Loss: 0.0589923 | L2 loss: 0.0379216 | Lip loss: 0.0210707 | Grad norm: 6.308975 | Time: 12s987ms
Epoch: 002 | Test Loss: 0.0164561 | Time: 541ms
==> Save the model at epoch 002 with test loss 0.0164561
Epoch: 003 | Loss: 0.0433382 | L2 loss: 0.0226825 | Lip loss: 0.0206556 | Grad norm: 4.519833 | Time: 12s643ms
Epoch: 003 | Test Loss: 0.0133317 | Time: 537ms
==> Save the model at epoch 003 with test loss 0.0133317
Epoch: 004 | Loss: 0.0401241 | L2 loss: 0.0195651 | Lip loss: 0.0205591 | Grad norm: 3.980882 | Time: 12s580ms
Epoch: 004 | Test Loss: 0.0214619 | Time: 533ms
Epoch: 005 | Loss: 0.0449041 | L2 loss: 0.0242982 | Lip loss: 0.0206059 | Grad norm: 4.163285 | Time: 12s773ms
Epoch: 005 | Test Loss: 0.0238453 | Time: 541ms
Epoch: 006 | Loss: 0.0300295 | L2 loss: 0.0095292 | Lip loss: 0.0205002 | Grad norm: 0.899444 | Time: 12s854ms
Epoch: 006 | Test Loss: 0.0084019 | Time: 549ms
==> Save the model at epoch 006 with test loss 0.0084019
Epoch: 007 | Loss: 0.0286993 | L2 loss: 0.0083158 | Lip loss: 0.0203835 | Grad norm: 0.650369 | Time: 11s826ms
Epoch: 007 | Test Loss: 0.0075520 | Time: 527ms
==> Save the model at epoch 007 with test loss 0.0075520
Epoch: 008 | Loss: 0.0286715 | L2 loss: 0.0083189 | Lip loss: 0.0203526 | Grad norm: 0.699264 | Time: 11s644ms
Epoch: 008 | Test Loss: 0.0075919 | Time: 587ms
Epoch: 009 | Loss: 0.0285565 | L2 loss: 0.0081682 | Lip loss: 0.0203883 | Grad norm: 0.650291 | Time: 11s651ms
Epoch: 009 | Test Loss: 0.0075311 | Time: 527ms
==> Save the model at epoch 009 with test loss 0.0075311
Epoch: 010 | Loss: 0.0284500 | L2 loss: 0.0080784 | Lip loss: 0.0203716 | Grad norm: 0.587972 | Time: 11s643ms
Epoch: 010 | Test Loss: 0.0075328 | Time: 528ms
Epoch: 011 | Loss: 0.0281131 | L2 loss: 0.0077888 | Lip loss: 0.0203243 | Grad norm: 0.355789 | Time: 11s702ms
Epoch: 011 | Test Loss: 0.0073104 | Time: 528ms
==> Save the model at epoch 011 with test loss 0.0073104
Epoch: 012 | Loss: 0.0281250 | L2 loss: 0.0077706 | Lip loss: 0.0203544 | Grad norm: 0.352517 | Time: 11s641ms
Epoch: 012 | Test Loss: 0.0073569 | Time: 527ms
Epoch: 013 | Loss: 0.0281082 | L2 loss: 0.0077757 | Lip loss: 0.0203326 | Grad norm: 0.353009 | Time: 11s643ms
Epoch: 013 | Test Loss: 0.0073148 | Time: 528ms
Epoch: 014 | Loss: 0.0281305 | L2 loss: 0.0077701 | Lip loss: 0.0203604 | Grad norm: 0.371007 | Time: 11s972ms
Epoch: 014 | Test Loss: 0.0073027 | Time: 533ms
==> Save the model at epoch 014 with test loss 0.0073027
Epoch: 015 | Loss: 0.0281361 | L2 loss: 0.0077725 | Lip loss: 0.0203636 | Grad norm: 0.383428 | Time: 12s672ms
Epoch: 015 | Test Loss: 0.0072814 | Time: 538ms
==> Save the model at epoch 015 with test loss 0.0072814
Epoch: 016 | Loss: 0.0281134 | L2 loss: 0.0077290 | Lip loss: 0.0203844 | Grad norm: 0.326888 | Time: 12s590ms
Epoch: 016 | Test Loss: 0.0072658 | Time: 534ms
==> Save the model at epoch 016 with test loss 0.0072658
Epoch: 017 | Loss: 0.0280884 | L2 loss: 0.0077246 | Lip loss: 0.0203638 | Grad norm: 0.316507 | Time: 12s914ms
Epoch: 017 | Test Loss: 0.0072627 | Time: 548ms
==> Save the model at epoch 017 with test loss 0.0072627
Epoch: 018 | Loss: 0.0281442 | L2 loss: 0.0077334 | Lip loss: 0.0204108 | Grad norm: 0.323411 | Time: 12s784ms
Epoch: 018 | Test Loss: 0.0072622 | Time: 542ms
==> Save the model at epoch 018 with test loss 0.0072622
Epoch: 019 | Loss: 0.0280862 | L2 loss: 0.0077214 | Lip loss: 0.0203647 | Grad norm: 0.317956 | Time: 12s533ms
Epoch: 019 | Test Loss: 0.0072607 | Time: 597ms
==> Save the model at epoch 019 with test loss 0.0072607
Epoch: 020 | Loss: 0.0280892 | L2 loss: 0.0077210 | Lip loss: 0.0203682 | Grad norm: 0.313305 | Time: 12s651ms
Epoch: 020 | Test Loss: 0.0072602 | Time: 545ms
==> Save the model at epoch 020 with test loss 0.0072602
Epoch: 021 | Loss: 0.0280822 | L2 loss: 0.0077173 | Lip loss: 0.0203649 | Grad norm: 0.318263 | Time: 12s547ms
Epoch: 021 | Test Loss: 0.0072570 | Time: 543ms
==> Save the model at epoch 021 with test loss 0.0072570
Epoch: 022 | Loss: 0.0280641 | L2 loss: 0.0077141 | Lip loss: 0.0203500 | Grad norm: 0.314421 | Time: 12s526ms
Epoch: 022 | Test Loss: 0.0072566 | Time: 592ms
==> Save the model at epoch 022 with test loss 0.0072566
Epoch: 023 | Loss: 0.0280698 | L2 loss: 0.0077162 | Lip loss: 0.0203536 | Grad norm: 0.306806 | Time: 12s470ms
Epoch: 023 | Test Loss: 0.0072571 | Time: 535ms
Epoch: 024 | Loss: 0.0280381 | L2 loss: 0.0077232 | Lip loss: 0.0203149 | Grad norm: 0.313239 | Time: 12s530ms
Epoch: 024 | Test Loss: 0.0072577 | Time: 542ms
Epoch: 025 | Loss: 0.0280665 | L2 loss: 0.0077152 | Lip loss: 0.0203513 | Grad norm: 0.313728 | Time: 12s589ms
Epoch: 025 | Test Loss: 0.0072578 | Time: 543ms
Epoch: 026 | Loss: 0.0280518 | L2 loss: 0.0077282 | Lip loss: 0.0203236 | Grad norm: 0.308614 | Time: 12s704ms
Epoch: 026 | Test Loss: 0.0072578 | Time: 538ms
Epoch: 027 | Loss: 0.0280636 | L2 loss: 0.0077178 | Lip loss: 0.0203458 | Grad norm: 0.313787 | Time: 12s587ms
Epoch: 027 | Test Loss: 0.0072578 | Time: 534ms
Epoch: 028 | Loss: 0.0280740 | L2 loss: 0.0077271 | Lip loss: 0.0203469 | Grad norm: 0.322243 | Time: 12s550ms
Epoch: 028 | Test Loss: 0.0072578 | Time: 533ms
Epoch: 029 | Loss: 0.0281143 | L2 loss: 0.0077198 | Lip loss: 0.0203944 | Grad norm: 0.311726 | Time: 12s529ms
Epoch: 029 | Test Loss: 0.0072578 | Time: 544ms
Epoch: 030 | Loss: 0.0280596 | L2 loss: 0.0077157 | Lip loss: 0.0203438 | Grad norm: 0.308742 | Time: 12s648ms
Epoch: 030 | Test Loss: 0.0072578 | Time: 546ms
Epoch: 031 | Loss: 0.0280371 | L2 loss: 0.0077276 | Lip loss: 0.0203095 | Grad norm: 0.314392 | Time: 12s715ms
Epoch: 031 | Test Loss: 0.0072578 | Time: 531ms
Epoch: 032 | Loss: 0.0280750 | L2 loss: 0.0077194 | Lip loss: 0.0203556 | Grad norm: 0.333517 | Time: 12s560ms
Epoch: 032 | Test Loss: 0.0072578 | Time: 544ms
Epoch: 033 | Loss: 0.0280172 | L2 loss: 0.0077134 | Lip loss: 0.0203038 | Grad norm: 0.309333 | Time: 12s576ms
Epoch: 033 | Test Loss: 0.0072578 | Time: 535ms
Epoch: 034 | Loss: 0.0280400 | L2 loss: 0.0077119 | Lip loss: 0.0203281 | Grad norm: 0.318664 | Time: 13s326ms
Epoch: 034 | Test Loss: 0.0072578 | Time: 532ms
Epoch: 035 | Loss: 0.0280289 | L2 loss: 0.0077135 | Lip loss: 0.0203154 | Grad norm: 0.311565 | Time: 11s713ms
Epoch: 035 | Test Loss: 0.0072578 | Time: 528ms
Epoch: 036 | Loss: 0.0280366 | L2 loss: 0.0077172 | Lip loss: 0.0203193 | Grad norm: 0.319418 | Time: 11s643ms
Epoch: 036 | Test Loss: 0.0072578 | Time: 527ms
Epoch: 037 | Loss: 0.0280849 | L2 loss: 0.0077136 | Lip loss: 0.0203713 | Grad norm: 0.314523 | Time: 11s643ms
Epoch: 037 | Test Loss: 0.0072578 | Time: 527ms
Epoch: 038 | Loss: 0.0280730 | L2 loss: 0.0077142 | Lip loss: 0.0203588 | Grad norm: 0.313274 | Time: 11s926ms
Epoch: 038 | Test Loss: 0.0072578 | Time: 528ms
Epoch: 039 | Loss: 0.0280618 | L2 loss: 0.0077254 | Lip loss: 0.0203364 | Grad norm: 0.309682 | Time: 11s642ms
Epoch: 039 | Test Loss: 0.0072578 | Time: 528ms
Epoch: 040 | Loss: 0.0280368 | L2 loss: 0.0077134 | Lip loss: 0.0203233 | Grad norm: 0.312722 | Time: 12s788ms
Epoch: 040 | Test Loss: 0.0072578 | Time: 538ms
Total time: 8m35s
==> Saving trained model weights...
==> Input bias to be applied to the neural network (trained):
[0. 0.]
==> Input transform to be applied to the neural network (trained):
[1. 1.]
==> Output transform to be applied to the neural network (trained):
[1. 1.]
==> Saving training info...
==> Drawing training loss...
==> Drawing grad norm...
==> Drawing testing loss...
==> Drawing l2 loss...
==> Drawing lip loss...
==> Process finished.
