==> torch device:  cuda:2
==> Test-Train split: test_ratio = 0.20
==> Test-Train split seed:  None
==> Further split: further_train_ratio = 0.25
==> Further split seed:  None
==> Input bias to be applied to the neural network:
[0. 0.]
==> Input transform to be applied to the neural network:
[0.5576312  0.56041247]
==> Ouput transform to be applied to the neural network:
[1.7847 1.7916]
==> Evaluating model...
==========================================================================================
Layer (type:depth-idx)                   Output Shape              Param #
==========================================================================================
NeuralNetwork                            [1, 2]                    6
├─Sequential: 1-1                        [1, 2]                    --
│    └─Linear: 2-1                       [1, 64]                   192
│    └─ReLU: 2-2                         [1, 64]                   --
│    └─Linear: 2-3                       [1, 64]                   4,160
│    └─ReLU: 2-4                         [1, 64]                   --
│    └─Linear: 2-5                       [1, 64]                   4,160
│    └─ReLU: 2-6                         [1, 64]                   --
│    └─Linear: 2-7                       [1, 64]                   4,160
│    └─ReLU: 2-8                         [1, 64]                   --
│    └─Linear: 2-9                       [1, 64]                   4,160
│    └─ReLU: 2-10                        [1, 64]                   --
│    └─Linear: 2-11                      [1, 64]                   4,160
│    └─ReLU: 2-12                        [1, 64]                   --
│    └─Linear: 2-13                      [1, 64]                   4,160
│    └─ReLU: 2-14                        [1, 64]                   --
│    └─Linear: 2-15                      [1, 2]                    130
├─Sequential: 1-2                        [1, 2]                    (recursive)
│    └─Linear: 2-16                      [1, 64]                   (recursive)
│    └─ReLU: 2-17                        [1, 64]                   --
│    └─Linear: 2-18                      [1, 64]                   (recursive)
│    └─ReLU: 2-19                        [1, 64]                   --
│    └─Linear: 2-20                      [1, 64]                   (recursive)
│    └─ReLU: 2-21                        [1, 64]                   --
│    └─Linear: 2-22                      [1, 64]                   (recursive)
│    └─ReLU: 2-23                        [1, 64]                   --
│    └─Linear: 2-24                      [1, 64]                   (recursive)
│    └─ReLU: 2-25                        [1, 64]                   --
│    └─Linear: 2-26                      [1, 64]                   (recursive)
│    └─ReLU: 2-27                        [1, 64]                   --
│    └─Linear: 2-28                      [1, 64]                   (recursive)
│    └─ReLU: 2-29                        [1, 64]                   --
│    └─Linear: 2-30                      [1, 2]                    (recursive)
==========================================================================================
Total params: 25,288
Trainable params: 25,282
Non-trainable params: 6
Total mult-adds (Units.MEGABYTES): 0.05
==========================================================================================
Input size (MB): 0.00
Forward/backward pass size (MB): 0.01
Params size (MB): 0.10
Estimated Total Size (MB): 0.11
==========================================================================================
==> Saving initial model weights...
==> Start training...
==> Number of param_groups in optimizer: 1
Epoch: 001 | Train Loss: 6.3910431 | Grad norm: 0.233445 | Time: 1s891ms
Epoch: 001 | Test Loss: 6.4006406 | Time: 744ms
==> Save the model at epoch 001 with test loss 6.4006406
Epoch: 002 | Train Loss: 4.9994817 | Grad norm: 2.442698 | Time: 1s675ms
Epoch: 002 | Test Loss: 1.0904276 | Time: 841ms
==> Save the model at epoch 002 with test loss 1.0904276
Epoch: 003 | Train Loss: 0.0683829 | Grad norm: 0.714968 | Time: 1s892ms
Epoch: 003 | Test Loss: 0.0093306 | Time: 775ms
==> Save the model at epoch 003 with test loss 0.0093306
Epoch: 004 | Train Loss: 0.0072908 | Grad norm: 0.242704 | Time: 1s519ms
Epoch: 004 | Test Loss: 0.0075024 | Time: 744ms
==> Save the model at epoch 004 with test loss 0.0075024
Epoch: 005 | Train Loss: 0.0063074 | Grad norm: 0.235908 | Time: 1s741ms
Epoch: 005 | Test Loss: 0.0067186 | Time: 749ms
==> Save the model at epoch 005 with test loss 0.0067186
Epoch: 006 | Train Loss: 0.0062049 | Grad norm: 0.251883 | Time: 1s588ms
Epoch: 006 | Test Loss: 0.0056739 | Time: 789ms
==> Save the model at epoch 006 with test loss 0.0056739
Epoch: 007 | Train Loss: 0.0061124 | Grad norm: 0.279654 | Time: 1s856ms
Epoch: 007 | Test Loss: 0.0057140 | Time: 837ms
Epoch: 008 | Train Loss: 0.0058552 | Grad norm: 0.268340 | Time: 1s454ms
Epoch: 008 | Test Loss: 0.0079575 | Time: 883ms
Epoch: 009 | Train Loss: 0.0060361 | Grad norm: 0.306138 | Time: 1s810ms
Epoch: 009 | Test Loss: 0.0062178 | Time: 832ms
Epoch: 010 | Train Loss: 0.0059786 | Grad norm: 0.319646 | Time: 1s637ms
Epoch: 010 | Test Loss: 0.0065557 | Time: 787ms
Epoch: 011 | Train Loss: 0.0058343 | Grad norm: 0.279282 | Time: 1s761ms
Epoch: 011 | Test Loss: 0.0063031 | Time: 742ms
Epoch: 012 | Train Loss: 0.0058397 | Grad norm: 0.280190 | Time: 1s881ms
Epoch: 012 | Test Loss: 0.0066701 | Time: 747ms
Epoch: 013 | Train Loss: 0.0058441 | Grad norm: 0.301057 | Time: 1s944ms
Epoch: 013 | Test Loss: 0.0067439 | Time: 761ms
Epoch: 014 | Train Loss: 0.0055802 | Grad norm: 0.269593 | Time: 1s653ms
Epoch: 014 | Test Loss: 0.0063742 | Time: 810ms
Epoch: 015 | Train Loss: 0.0056287 | Grad norm: 0.252764 | Time: 1s674ms
Epoch: 015 | Test Loss: 0.0061259 | Time: 791ms
Epoch: 016 | Train Loss: 0.0055413 | Grad norm: 0.262018 | Time: 1s843ms
Epoch: 016 | Test Loss: 0.0055873 | Time: 817ms
==> Save the model at epoch 016 with test loss 0.0055873
Epoch: 017 | Train Loss: 0.0055881 | Grad norm: 0.268226 | Time: 1s802ms
Epoch: 017 | Test Loss: 0.0056473 | Time: 745ms
Epoch: 018 | Train Loss: 0.0057792 | Grad norm: 0.296050 | Time: 1s673ms
Epoch: 018 | Test Loss: 0.0056205 | Time: 759ms
Epoch: 019 | Train Loss: 0.0056677 | Grad norm: 0.294168 | Time: 1s876ms
Epoch: 019 | Test Loss: 0.0054742 | Time: 821ms
==> Save the model at epoch 019 with test loss 0.0054742
Epoch: 020 | Train Loss: 0.0059340 | Grad norm: 0.326347 | Time: 1s634ms
Epoch: 020 | Test Loss: 0.0061642 | Time: 771ms
Epoch: 021 | Train Loss: 0.0055116 | Grad norm: 0.252755 | Time: 1s824ms
Epoch: 021 | Test Loss: 0.0058269 | Time: 818ms
Epoch: 022 | Train Loss: 0.0054783 | Grad norm: 0.254227 | Time: 1s617ms
Epoch: 022 | Test Loss: 0.0054671 | Time: 776ms
==> Save the model at epoch 022 with test loss 0.0054671
Epoch: 023 | Train Loss: 0.0053757 | Grad norm: 0.241938 | Time: 1s681ms
Epoch: 023 | Test Loss: 0.0055737 | Time: 749ms
Epoch: 024 | Train Loss: 0.0055090 | Grad norm: 0.249987 | Time: 1s710ms
Epoch: 024 | Test Loss: 0.0058031 | Time: 777ms
Epoch: 025 | Train Loss: 0.0053369 | Grad norm: 0.217193 | Time: 1s732ms
Epoch: 025 | Test Loss: 0.0055342 | Time: 753ms
Epoch: 026 | Train Loss: 0.0053313 | Grad norm: 0.221599 | Time: 1s661ms
Epoch: 026 | Test Loss: 0.0056744 | Time: 820ms
Epoch: 027 | Train Loss: 0.0052898 | Grad norm: 0.198294 | Time: 1s711ms
Epoch: 027 | Test Loss: 0.0053648 | Time: 743ms
==> Save the model at epoch 027 with test loss 0.0053648
Epoch: 028 | Train Loss: 0.0052910 | Grad norm: 0.195539 | Time: 1s632ms
Epoch: 028 | Test Loss: 0.0054485 | Time: 753ms
Epoch: 029 | Train Loss: 0.0051137 | Grad norm: 0.183216 | Time: 1s725ms
Epoch: 029 | Test Loss: 0.0053476 | Time: 747ms
==> Save the model at epoch 029 with test loss 0.0053476
Epoch: 030 | Train Loss: 0.0052227 | Grad norm: 0.189490 | Time: 1s583ms
Epoch: 030 | Test Loss: 0.0060686 | Time: 743ms
Epoch: 031 | Train Loss: 0.0051432 | Grad norm: 0.171539 | Time: 1s673ms
Epoch: 031 | Test Loss: 0.0052567 | Time: 769ms
==> Save the model at epoch 031 with test loss 0.0052567
Epoch: 032 | Train Loss: 0.0051446 | Grad norm: 0.152925 | Time: 1s607ms
Epoch: 032 | Test Loss: 0.0054623 | Time: 746ms
Epoch: 033 | Train Loss: 0.0050461 | Grad norm: 0.149274 | Time: 1s782ms
Epoch: 033 | Test Loss: 0.0054220 | Time: 832ms
Epoch: 034 | Train Loss: 0.0051116 | Grad norm: 0.149455 | Time: 1s877ms
Epoch: 034 | Test Loss: 0.0051749 | Time: 743ms
==> Save the model at epoch 034 with test loss 0.0051749
Epoch: 035 | Train Loss: 0.0050136 | Grad norm: 0.135921 | Time: 1s711ms
Epoch: 035 | Test Loss: 0.0052520 | Time: 808ms
Epoch: 036 | Train Loss: 0.0049891 | Grad norm: 0.115039 | Time: 1s722ms
Epoch: 036 | Test Loss: 0.0052745 | Time: 748ms
Epoch: 037 | Train Loss: 0.0049968 | Grad norm: 0.116020 | Time: 1s733ms
Epoch: 037 | Test Loss: 0.0052208 | Time: 746ms
Epoch: 038 | Train Loss: 0.0049877 | Grad norm: 0.114956 | Time: 1s549ms
Epoch: 038 | Test Loss: 0.0052129 | Time: 817ms
Epoch: 039 | Train Loss: 0.0049701 | Grad norm: 0.108132 | Time: 1s627ms
Epoch: 039 | Test Loss: 0.0052167 | Time: 745ms
Epoch: 040 | Train Loss: 0.0049587 | Grad norm: 0.101413 | Time: 1s613ms
Epoch: 040 | Test Loss: 0.0052095 | Time: 809ms
Total time: 1m39s
==> Saving trained model weights...
==> Input bias to be applied to the neural network (trained):
[0. 0.]
==> Input transform to be applied to the neural network (trained):
[0.5576312  0.56041247]
==> Output transform to be applied to the neural network (trained):
[1.7847 1.7916]
==> Saving training info...
==> Drawing training loss...
==> Drawing grad norm...
==> Drawing testing loss...
==> Process finished.
