==> torch device:  cuda:1
==> Test-Train split: test_ratio = 0.20
==> Test-Train split seed:  None
==> Further split: further_train_ratio = 0.50
==> Further split seed:  None
==> Lipschitz constant: 8.00
==> Input bias to be applied to the neural network:
[0. 0. 0. 0.]
==> Input transform to be applied to the neural network:
[0.7072636  0.72212595 0.6760411  0.67349136]
==> Ouput transform to be applied to the neural network:
[0.2287 0.2871]
==> Evaluating model...
==========================================================================================
Layer (type:depth-idx)                   Output Shape              Param #
==========================================================================================
NeuralNetwork                            [1, 2]                    10
├─Sequential: 1-1                        [1, 2]                    --
│    └─SandwichFc: 2-1                   [1, 64]                   4,481
│    └─SandwichFc: 2-2                   [1, 64]                   8,321
│    └─SandwichFc: 2-3                   [1, 64]                   8,321
│    └─SandwichFc: 2-4                   [1, 64]                   8,321
│    └─SandwichFc: 2-5                   [1, 64]                   8,321
│    └─SandwichFc: 2-6                   [1, 64]                   8,321
│    └─SandwichFc: 2-7                   [1, 64]                   8,321
│    └─SandwichLin: 2-8                  [1, 2]                    135
├─Sequential: 1-2                        [1, 2]                    (recursive)
│    └─SandwichFc: 2-9                   [1, 64]                   (recursive)
│    └─SandwichFc: 2-10                  [1, 64]                   (recursive)
│    └─SandwichFc: 2-11                  [1, 64]                   (recursive)
│    └─SandwichFc: 2-12                  [1, 64]                   (recursive)
│    └─SandwichFc: 2-13                  [1, 64]                   (recursive)
│    └─SandwichFc: 2-14                  [1, 64]                   (recursive)
│    └─SandwichFc: 2-15                  [1, 64]                   (recursive)
│    └─SandwichLin: 2-16                 [1, 2]                    (recursive)
==========================================================================================
Total params: 54,552
Trainable params: 54,542
Non-trainable params: 10
Total mult-adds (Units.MEGABYTES): 0.11
==========================================================================================
Input size (MB): 0.00
Forward/backward pass size (MB): 0.01
Params size (MB): 0.22
Estimated Total Size (MB): 0.23
==========================================================================================
==> Saving initial model weights...
==> Start training...
==> Number of param_groups in optimizer: 1
Epoch: 001 | Train Loss: 0.1306630 | Grad norm: 0.252016 | Time: 8s799ms
Epoch: 001 | Test Loss: 0.1307793 | Time: 605ms
==> Save the model at epoch 001 with test loss 0.1307793
Epoch: 002 | Train Loss: 0.0139052 | Grad norm: 0.132121 | Time: 8s301ms
Epoch: 002 | Test Loss: 0.0108397 | Time: 687ms
==> Save the model at epoch 002 with test loss 0.0108397
Epoch: 003 | Train Loss: 0.0114986 | Grad norm: 0.095872 | Time: 8s427ms
Epoch: 003 | Test Loss: 0.0104063 | Time: 617ms
==> Save the model at epoch 003 with test loss 0.0104063
Epoch: 004 | Train Loss: 0.0113807 | Grad norm: 0.081605 | Time: 8s357ms
Epoch: 004 | Test Loss: 0.0110064 | Time: 601ms
Epoch: 005 | Train Loss: 0.0113835 | Grad norm: 0.077918 | Time: 8s659ms
Epoch: 005 | Test Loss: 0.0105888 | Time: 611ms
Epoch: 006 | Train Loss: 0.0108696 | Grad norm: 0.058915 | Time: 8s234ms
Epoch: 006 | Test Loss: 0.0104681 | Time: 608ms
Epoch: 007 | Train Loss: 0.0110944 | Grad norm: 0.061993 | Time: 8s578ms
Epoch: 007 | Test Loss: 0.0104241 | Time: 607ms
Epoch: 008 | Train Loss: 0.0107518 | Grad norm: 0.052317 | Time: 8s612ms
Epoch: 008 | Test Loss: 0.0102204 | Time: 612ms
==> Save the model at epoch 008 with test loss 0.0102204
Epoch: 009 | Train Loss: 0.0105601 | Grad norm: 0.046974 | Time: 8s608ms
Epoch: 009 | Test Loss: 0.0096417 | Time: 601ms
==> Save the model at epoch 009 with test loss 0.0096417
Epoch: 010 | Train Loss: 0.0103463 | Grad norm: 0.039002 | Time: 8s562ms
Epoch: 010 | Test Loss: 0.0094979 | Time: 670ms
==> Save the model at epoch 010 with test loss 0.0094979
Epoch: 011 | Train Loss: 0.0101988 | Grad norm: 0.040918 | Time: 8s373ms
Epoch: 011 | Test Loss: 0.0095571 | Time: 609ms
Epoch: 012 | Train Loss: 0.0099886 | Grad norm: 0.034570 | Time: 8s139ms
Epoch: 012 | Test Loss: 0.0098023 | Time: 608ms
Epoch: 013 | Train Loss: 0.0098662 | Grad norm: 0.032510 | Time: 8s465ms
Epoch: 013 | Test Loss: 0.0099484 | Time: 613ms
Epoch: 014 | Train Loss: 0.0098015 | Grad norm: 0.033990 | Time: 8s454ms
Epoch: 014 | Test Loss: 0.0097440 | Time: 600ms
Epoch: 015 | Train Loss: 0.0095682 | Grad norm: 0.030442 | Time: 8s777ms
Epoch: 015 | Test Loss: 0.0093164 | Time: 678ms
==> Save the model at epoch 015 with test loss 0.0093164
Epoch: 016 | Train Loss: 0.0095525 | Grad norm: 0.030827 | Time: 8s412ms
Epoch: 016 | Test Loss: 0.0090122 | Time: 610ms
==> Save the model at epoch 016 with test loss 0.0090122
Epoch: 017 | Train Loss: 0.0094226 | Grad norm: 0.028172 | Time: 8s442ms
Epoch: 017 | Test Loss: 0.0089063 | Time: 601ms
==> Save the model at epoch 017 with test loss 0.0089063
Epoch: 018 | Train Loss: 0.0092502 | Grad norm: 0.026733 | Time: 8s516ms
Epoch: 018 | Test Loss: 0.0091968 | Time: 610ms
Epoch: 019 | Train Loss: 0.0091764 | Grad norm: 0.026216 | Time: 8s336ms
Epoch: 019 | Test Loss: 0.0086760 | Time: 612ms
==> Save the model at epoch 019 with test loss 0.0086760
Epoch: 020 | Train Loss: 0.0091490 | Grad norm: 0.025658 | Time: 8s639ms
Epoch: 020 | Test Loss: 0.0091347 | Time: 618ms
Epoch: 021 | Train Loss: 0.0089813 | Grad norm: 0.022717 | Time: 8s808ms
Epoch: 021 | Test Loss: 0.0087041 | Time: 618ms
Epoch: 022 | Train Loss: 0.0088956 | Grad norm: 0.024051 | Time: 8s652ms
Epoch: 022 | Test Loss: 0.0088078 | Time: 609ms
Epoch: 023 | Train Loss: 0.0088142 | Grad norm: 0.022554 | Time: 8s297ms
Epoch: 023 | Test Loss: 0.0085009 | Time: 683ms
==> Save the model at epoch 023 with test loss 0.0085009
Epoch: 024 | Train Loss: 0.0087044 | Grad norm: 0.021810 | Time: 8s560ms
Epoch: 024 | Test Loss: 0.0085465 | Time: 607ms
Epoch: 025 | Train Loss: 0.0087172 | Grad norm: 0.021357 | Time: 8s260ms
Epoch: 025 | Test Loss: 0.0085288 | Time: 610ms
Epoch: 026 | Train Loss: 0.0085601 | Grad norm: 0.019867 | Time: 8s418ms
Epoch: 026 | Test Loss: 0.0084305 | Time: 756ms
==> Save the model at epoch 026 with test loss 0.0084305
Epoch: 027 | Train Loss: 0.0085668 | Grad norm: 0.020720 | Time: 8s494ms
Epoch: 027 | Test Loss: 0.0082766 | Time: 627ms
==> Save the model at epoch 027 with test loss 0.0082766
Epoch: 028 | Train Loss: 0.0084854 | Grad norm: 0.019616 | Time: 8s421ms
Epoch: 028 | Test Loss: 0.0083064 | Time: 679ms
Epoch: 029 | Train Loss: 0.0084654 | Grad norm: 0.019888 | Time: 8s376ms
Epoch: 029 | Test Loss: 0.0082198 | Time: 610ms
==> Save the model at epoch 029 with test loss 0.0082198
Epoch: 030 | Train Loss: 0.0083544 | Grad norm: 0.018595 | Time: 8s839ms
Epoch: 030 | Test Loss: 0.0080797 | Time: 611ms
==> Save the model at epoch 030 with test loss 0.0080797
Epoch: 031 | Train Loss: 0.0082957 | Grad norm: 0.018303 | Time: 8s632ms
Epoch: 031 | Test Loss: 0.0079998 | Time: 624ms
==> Save the model at epoch 031 with test loss 0.0079998
Epoch: 032 | Train Loss: 0.0082177 | Grad norm: 0.017492 | Time: 8s517ms
Epoch: 032 | Test Loss: 0.0080184 | Time: 611ms
Epoch: 033 | Train Loss: 0.0081802 | Grad norm: 0.017291 | Time: 8s316ms
Epoch: 033 | Test Loss: 0.0079090 | Time: 730ms
==> Save the model at epoch 033 with test loss 0.0079090
Epoch: 034 | Train Loss: 0.0081336 | Grad norm: 0.016799 | Time: 8s418ms
Epoch: 034 | Test Loss: 0.0079102 | Time: 612ms
Epoch: 035 | Train Loss: 0.0080564 | Grad norm: 0.016312 | Time: 8s748ms
Epoch: 035 | Test Loss: 0.0078986 | Time: 610ms
==> Save the model at epoch 035 with test loss 0.0078986
Epoch: 036 | Train Loss: 0.0080419 | Grad norm: 0.016216 | Time: 8s345ms
Epoch: 036 | Test Loss: 0.0078537 | Time: 684ms
==> Save the model at epoch 036 with test loss 0.0078537
Epoch: 037 | Train Loss: 0.0079866 | Grad norm: 0.015479 | Time: 8s499ms
Epoch: 037 | Test Loss: 0.0078192 | Time: 609ms
==> Save the model at epoch 037 with test loss 0.0078192
Epoch: 038 | Train Loss: 0.0079555 | Grad norm: 0.015312 | Time: 8s565ms
Epoch: 038 | Test Loss: 0.0078140 | Time: 608ms
==> Save the model at epoch 038 with test loss 0.0078140
Epoch: 039 | Train Loss: 0.0079273 | Grad norm: 0.014968 | Time: 8s625ms
Epoch: 039 | Test Loss: 0.0077975 | Time: 609ms
==> Save the model at epoch 039 with test loss 0.0077975
Epoch: 040 | Train Loss: 0.0079127 | Grad norm: 0.014986 | Time: 8s434ms
Epoch: 040 | Test Loss: 0.0077854 | Time: 619ms
==> Save the model at epoch 040 with test loss 0.0077854
Total time: 6m5s
==> Saving trained model weights...
==> Input bias to be applied to the neural network (trained):
[0. 0. 0. 0.]
==> Input transform to be applied to the neural network (trained):
[0.7072636  0.72212595 0.6760411  0.67349136]
==> Output transform to be applied to the neural network (trained):
[0.2287 0.2871]
==> Saving training info...
==> Drawing training loss...
==> Drawing grad norm...
==> Drawing testing loss...
==> Process finished.
