==> torch device:  cuda:1
==> Test-Train split: test_ratio = 0.20
==> Test-Train split seed:  None
==> Further split: further_train_ratio = 0.50
==> Further split seed:  None
==> Input bias to be applied to the neural network:
[0. 0. 0. 0.]
==> Input transform to be applied to the neural network:
[0.7072636  0.72212595 0.6760411  0.67349136]
==> Ouput transform to be applied to the neural network:
[0.2287 0.2871]
==> Evaluating model...
==========================================================================================
Layer (type:depth-idx)                   Output Shape              Param #
==========================================================================================
NeuralNetwork                            [1, 2]                    10
├─Sequential: 1-1                        [1, 2]                    --
│    └─Linear: 2-1                       [1, 64]                   320
│    └─ReLU: 2-2                         [1, 64]                   --
│    └─Linear: 2-3                       [1, 64]                   4,160
│    └─ReLU: 2-4                         [1, 64]                   --
│    └─Linear: 2-5                       [1, 64]                   4,160
│    └─ReLU: 2-6                         [1, 64]                   --
│    └─Linear: 2-7                       [1, 64]                   4,160
│    └─ReLU: 2-8                         [1, 64]                   --
│    └─Linear: 2-9                       [1, 64]                   4,160
│    └─ReLU: 2-10                        [1, 64]                   --
│    └─Linear: 2-11                      [1, 64]                   4,160
│    └─ReLU: 2-12                        [1, 64]                   --
│    └─Linear: 2-13                      [1, 64]                   4,160
│    └─ReLU: 2-14                        [1, 64]                   --
│    └─Linear: 2-15                      [1, 2]                    130
├─Sequential: 1-2                        [1, 2]                    (recursive)
│    └─Linear: 2-16                      [1, 64]                   (recursive)
│    └─ReLU: 2-17                        [1, 64]                   --
│    └─Linear: 2-18                      [1, 64]                   (recursive)
│    └─ReLU: 2-19                        [1, 64]                   --
│    └─Linear: 2-20                      [1, 64]                   (recursive)
│    └─ReLU: 2-21                        [1, 64]                   --
│    └─Linear: 2-22                      [1, 64]                   (recursive)
│    └─ReLU: 2-23                        [1, 64]                   --
│    └─Linear: 2-24                      [1, 64]                   (recursive)
│    └─ReLU: 2-25                        [1, 64]                   --
│    └─Linear: 2-26                      [1, 64]                   (recursive)
│    └─ReLU: 2-27                        [1, 64]                   --
│    └─Linear: 2-28                      [1, 64]                   (recursive)
│    └─ReLU: 2-29                        [1, 64]                   --
│    └─Linear: 2-30                      [1, 2]                    (recursive)
==========================================================================================
Total params: 25,420
Trainable params: 25,410
Non-trainable params: 10
Total mult-adds (Units.MEGABYTES): 0.05
==========================================================================================
Input size (MB): 0.00
Forward/backward pass size (MB): 0.01
Params size (MB): 0.10
Estimated Total Size (MB): 0.11
==========================================================================================
==> Saving initial model weights...
==> Start training...
==> Number of param_groups in optimizer: 1
Epoch: 001 | Train Loss: 0.1350810 | Grad norm: 0.004852 | Time: 2s156ms
Epoch: 001 | Test Loss: 0.1353488 | Time: 519ms
==> Save the model at epoch 001 with test loss 0.1353488
Epoch: 002 | Train Loss: 0.0252947 | Grad norm: 0.036724 | Time: 2s196ms
Epoch: 002 | Test Loss: 0.0103461 | Time: 585ms
==> Save the model at epoch 002 with test loss 0.0103461
Epoch: 003 | Train Loss: 0.0109167 | Grad norm: 0.027961 | Time: 2s101ms
Epoch: 003 | Test Loss: 0.0105026 | Time: 503ms
Epoch: 004 | Train Loss: 0.0110474 | Grad norm: 0.032436 | Time: 2s253ms
Epoch: 004 | Test Loss: 0.0105380 | Time: 534ms
Epoch: 005 | Train Loss: 0.0109669 | Grad norm: 0.030083 | Time: 2s285ms
Epoch: 005 | Test Loss: 0.0107584 | Time: 517ms
Epoch: 006 | Train Loss: 0.0110410 | Grad norm: 0.034297 | Time: 2s134ms
Epoch: 006 | Test Loss: 0.0116320 | Time: 550ms
Epoch: 007 | Train Loss: 0.0109453 | Grad norm: 0.033152 | Time: 2s155ms
Epoch: 007 | Test Loss: 0.0110253 | Time: 497ms
Epoch: 008 | Train Loss: 0.0109383 | Grad norm: 0.033250 | Time: 2s426ms
Epoch: 008 | Test Loss: 0.0106647 | Time: 498ms
Epoch: 009 | Train Loss: 0.0109971 | Grad norm: 0.034995 | Time: 2s196ms
Epoch: 009 | Test Loss: 0.0103321 | Time: 537ms
==> Save the model at epoch 009 with test loss 0.0103321
Epoch: 010 | Train Loss: 0.0107387 | Grad norm: 0.030031 | Time: 2s229ms
Epoch: 010 | Test Loss: 0.0105338 | Time: 585ms
Epoch: 011 | Train Loss: 0.0108393 | Grad norm: 0.034877 | Time: 1s934ms
Epoch: 011 | Test Loss: 0.0101793 | Time: 553ms
==> Save the model at epoch 011 with test loss 0.0101793
Epoch: 012 | Train Loss: 0.0106062 | Grad norm: 0.029085 | Time: 2s242ms
Epoch: 012 | Test Loss: 0.0113715 | Time: 499ms
Epoch: 013 | Train Loss: 0.0104872 | Grad norm: 0.027598 | Time: 2s92ms
Epoch: 013 | Test Loss: 0.0105383 | Time: 510ms
Epoch: 014 | Train Loss: 0.0105446 | Grad norm: 0.029377 | Time: 2s51ms
Epoch: 014 | Test Loss: 0.0099123 | Time: 524ms
==> Save the model at epoch 014 with test loss 0.0099123
Epoch: 015 | Train Loss: 0.0104370 | Grad norm: 0.028231 | Time: 2s141ms
Epoch: 015 | Test Loss: 0.0099822 | Time: 505ms
Epoch: 016 | Train Loss: 0.0103129 | Grad norm: 0.026058 | Time: 2s169ms
Epoch: 016 | Test Loss: 0.0100774 | Time: 507ms
Epoch: 017 | Train Loss: 0.0103101 | Grad norm: 0.026571 | Time: 2s172ms
Epoch: 017 | Test Loss: 0.0102273 | Time: 506ms
Epoch: 018 | Train Loss: 0.0103022 | Grad norm: 0.027503 | Time: 2s130ms
Epoch: 018 | Test Loss: 0.0099391 | Time: 577ms
Epoch: 019 | Train Loss: 0.0102482 | Grad norm: 0.025788 | Time: 2s65ms
Epoch: 019 | Test Loss: 0.0099758 | Time: 575ms
Epoch: 020 | Train Loss: 0.0102116 | Grad norm: 0.026347 | Time: 2s95ms
Epoch: 020 | Test Loss: 0.0096492 | Time: 521ms
==> Save the model at epoch 020 with test loss 0.0096492
Epoch: 021 | Train Loss: 0.0100883 | Grad norm: 0.023751 | Time: 2s364ms
Epoch: 021 | Test Loss: 0.0096745 | Time: 514ms
Epoch: 022 | Train Loss: 0.0101496 | Grad norm: 0.024816 | Time: 1s903ms
Epoch: 022 | Test Loss: 0.0097653 | Time: 507ms
Epoch: 023 | Train Loss: 0.0100540 | Grad norm: 0.024546 | Time: 2s171ms
Epoch: 023 | Test Loss: 0.0100144 | Time: 579ms
Epoch: 024 | Train Loss: 0.0100888 | Grad norm: 0.026203 | Time: 2s111ms
Epoch: 024 | Test Loss: 0.0097652 | Time: 518ms
Epoch: 025 | Train Loss: 0.0100444 | Grad norm: 0.026087 | Time: 2s151ms
Epoch: 025 | Test Loss: 0.0095977 | Time: 512ms
==> Save the model at epoch 025 with test loss 0.0095977
Epoch: 026 | Train Loss: 0.0099672 | Grad norm: 0.023069 | Time: 2s135ms
Epoch: 026 | Test Loss: 0.0099507 | Time: 586ms
Epoch: 027 | Train Loss: 0.0099415 | Grad norm: 0.025137 | Time: 2s51ms
Epoch: 027 | Test Loss: 0.0096242 | Time: 506ms
Epoch: 028 | Train Loss: 0.0099021 | Grad norm: 0.025074 | Time: 2s49ms
Epoch: 028 | Test Loss: 0.0098126 | Time: 501ms
Epoch: 029 | Train Loss: 0.0098249 | Grad norm: 0.025314 | Time: 2s130ms
Epoch: 029 | Test Loss: 0.0094502 | Time: 509ms
==> Save the model at epoch 029 with test loss 0.0094502
Epoch: 030 | Train Loss: 0.0097607 | Grad norm: 0.023452 | Time: 2s286ms
Epoch: 030 | Test Loss: 0.0094398 | Time: 519ms
==> Save the model at epoch 030 with test loss 0.0094398
Epoch: 031 | Train Loss: 0.0097467 | Grad norm: 0.026118 | Time: 2s54ms
Epoch: 031 | Test Loss: 0.0094383 | Time: 509ms
==> Save the model at epoch 031 with test loss 0.0094383
Epoch: 032 | Train Loss: 0.0097153 | Grad norm: 0.026387 | Time: 2s159ms
Epoch: 032 | Test Loss: 0.0093370 | Time: 514ms
==> Save the model at epoch 032 with test loss 0.0093370
Epoch: 033 | Train Loss: 0.0096808 | Grad norm: 0.023259 | Time: 2s167ms
Epoch: 033 | Test Loss: 0.0093257 | Time: 526ms
==> Save the model at epoch 033 with test loss 0.0093257
Epoch: 034 | Train Loss: 0.0096146 | Grad norm: 0.022296 | Time: 2s204ms
Epoch: 034 | Test Loss: 0.0093005 | Time: 570ms
==> Save the model at epoch 034 with test loss 0.0093005
Epoch: 035 | Train Loss: 0.0095801 | Grad norm: 0.021925 | Time: 2s7ms
Epoch: 035 | Test Loss: 0.0092762 | Time: 499ms
==> Save the model at epoch 035 with test loss 0.0092762
Epoch: 036 | Train Loss: 0.0095432 | Grad norm: 0.021666 | Time: 2s125ms
Epoch: 036 | Test Loss: 0.0092678 | Time: 513ms
==> Save the model at epoch 036 with test loss 0.0092678
Epoch: 037 | Train Loss: 0.0095270 | Grad norm: 0.021387 | Time: 2s248ms
Epoch: 037 | Test Loss: 0.0092514 | Time: 541ms
==> Save the model at epoch 037 with test loss 0.0092514
Epoch: 038 | Train Loss: 0.0095054 | Grad norm: 0.020526 | Time: 2s198ms
Epoch: 038 | Test Loss: 0.0092166 | Time: 521ms
==> Save the model at epoch 038 with test loss 0.0092166
Epoch: 039 | Train Loss: 0.0094933 | Grad norm: 0.020475 | Time: 2s133ms
Epoch: 039 | Test Loss: 0.0092099 | Time: 537ms
==> Save the model at epoch 039 with test loss 0.0092099
Epoch: 040 | Train Loss: 0.0094870 | Grad norm: 0.020455 | Time: 2s250ms
Epoch: 040 | Test Loss: 0.0092049 | Time: 524ms
==> Save the model at epoch 040 with test loss 0.0092049
Total time: 1m47s
==> Saving trained model weights...
==> Input bias to be applied to the neural network (trained):
[0. 0. 0. 0.]
==> Input transform to be applied to the neural network (trained):
[0.7072636  0.72212595 0.6760411  0.67349136]
==> Output transform to be applied to the neural network (trained):
[0.2287 0.2871]
==> Saving training info...
==> Drawing training loss...
==> Drawing grad norm...
==> Drawing testing loss...
==> Process finished.
