==> torch device:  cuda:0
==> Test-Train split: test_ratio = 0.20
==> Test-Train split seed:  None
==> Further split: further_train_ratio = 0.50
==> Further split seed:  None
==> Input bias to be applied to the neural network:
[0. 0. 0. 0.]
==> Input transform to be applied to the neural network:
[ 0.62900996  0.6288517  11.614402    9.487666  ]
==> Ouput transform to be applied to the neural network:
[0.0195 0.021 ]
==> Evaluating model...
==========================================================================================
Layer (type:depth-idx)                   Output Shape              Param #
==========================================================================================
NeuralNetwork                            [1, 2]                    10
├─Sequential: 1-1                        [1, 2]                    --
│    └─Linear: 2-1                       [1, 64]                   320
│    └─ReLU: 2-2                         [1, 64]                   --
│    └─Linear: 2-3                       [1, 64]                   4,160
│    └─ReLU: 2-4                         [1, 64]                   --
│    └─Linear: 2-5                       [1, 64]                   4,160
│    └─ReLU: 2-6                         [1, 64]                   --
│    └─Linear: 2-7                       [1, 64]                   4,160
│    └─ReLU: 2-8                         [1, 64]                   --
│    └─Linear: 2-9                       [1, 64]                   4,160
│    └─ReLU: 2-10                        [1, 64]                   --
│    └─Linear: 2-11                      [1, 64]                   4,160
│    └─ReLU: 2-12                        [1, 64]                   --
│    └─Linear: 2-13                      [1, 64]                   4,160
│    └─ReLU: 2-14                        [1, 64]                   --
│    └─Linear: 2-15                      [1, 2]                    130
├─Sequential: 1-2                        [1, 2]                    (recursive)
│    └─Linear: 2-16                      [1, 64]                   (recursive)
│    └─ReLU: 2-17                        [1, 64]                   --
│    └─Linear: 2-18                      [1, 64]                   (recursive)
│    └─ReLU: 2-19                        [1, 64]                   --
│    └─Linear: 2-20                      [1, 64]                   (recursive)
│    └─ReLU: 2-21                        [1, 64]                   --
│    └─Linear: 2-22                      [1, 64]                   (recursive)
│    └─ReLU: 2-23                        [1, 64]                   --
│    └─Linear: 2-24                      [1, 64]                   (recursive)
│    └─ReLU: 2-25                        [1, 64]                   --
│    └─Linear: 2-26                      [1, 64]                   (recursive)
│    └─ReLU: 2-27                        [1, 64]                   --
│    └─Linear: 2-28                      [1, 64]                   (recursive)
│    └─ReLU: 2-29                        [1, 64]                   --
│    └─Linear: 2-30                      [1, 2]                    (recursive)
==========================================================================================
Total params: 25,420
Trainable params: 25,410
Non-trainable params: 10
Total mult-adds (Units.MEGABYTES): 0.05
==========================================================================================
Input size (MB): 0.00
Forward/backward pass size (MB): 0.01
Params size (MB): 0.10
Estimated Total Size (MB): 0.11
==========================================================================================
==> Saving initial model weights...
==> Start training...
==> Number of param_groups in optimizer: 1
Epoch: 001 | Train Loss: 0.0008217 | Grad norm: 0.000025 | Time: 2s333ms
Epoch: 001 | Test Loss: 0.0008239 | Time: 511ms
==> Save the model at epoch 001 with test loss 0.0008239
Epoch: 002 | Train Loss: 0.0008214 | Grad norm: 0.000018 | Time: 2s168ms
Epoch: 002 | Test Loss: 0.0008237 | Time: 574ms
==> Save the model at epoch 002 with test loss 0.0008237
Epoch: 003 | Train Loss: 0.0008213 | Grad norm: 0.000003 | Time: 2s134ms
Epoch: 003 | Test Loss: 0.0008237 | Time: 496ms
==> Save the model at epoch 003 with test loss 0.0008237
Epoch: 004 | Train Loss: 0.0008214 | Grad norm: 0.000000 | Time: 2s143ms
Epoch: 004 | Test Loss: 0.0008237 | Time: 519ms
Epoch: 005 | Train Loss: 0.0008213 | Grad norm: 0.000000 | Time: 2s71ms
Epoch: 005 | Test Loss: 0.0008237 | Time: 526ms
Epoch: 006 | Train Loss: 0.0008214 | Grad norm: 0.000000 | Time: 2s75ms
Epoch: 006 | Test Loss: 0.0008237 | Time: 507ms
Epoch: 007 | Train Loss: 0.0008215 | Grad norm: 0.000000 | Time: 2s107ms
Epoch: 007 | Test Loss: 0.0008237 | Time: 521ms
Epoch: 008 | Train Loss: 0.0008214 | Grad norm: 0.000000 | Time: 2s189ms
Epoch: 008 | Test Loss: 0.0008237 | Time: 501ms
Epoch: 009 | Train Loss: 0.0008213 | Grad norm: 0.000000 | Time: 2s127ms
Epoch: 009 | Test Loss: 0.0008237 | Time: 506ms
Epoch: 010 | Train Loss: 0.0008215 | Grad norm: 0.000000 | Time: 2s67ms
Epoch: 010 | Test Loss: 0.0008237 | Time: 580ms
Epoch: 011 | Train Loss: 0.0008215 | Grad norm: 0.000000 | Time: 2s83ms
Epoch: 011 | Test Loss: 0.0008237 | Time: 520ms
Epoch: 012 | Train Loss: 0.0008215 | Grad norm: 0.000000 | Time: 2s44ms
Epoch: 012 | Test Loss: 0.0008237 | Time: 508ms
Epoch: 013 | Train Loss: 0.0008211 | Grad norm: 0.000000 | Time: 2s161ms
Epoch: 013 | Test Loss: 0.0008237 | Time: 500ms
Epoch: 014 | Train Loss: 0.0008214 | Grad norm: 0.000000 | Time: 2s196ms
Epoch: 014 | Test Loss: 0.0008237 | Time: 557ms
Epoch: 015 | Train Loss: 0.0008215 | Grad norm: 0.000000 | Time: 2s131ms
Epoch: 015 | Test Loss: 0.0008237 | Time: 505ms
Epoch: 016 | Train Loss: 0.0008212 | Grad norm: 0.000000 | Time: 2s328ms
Epoch: 016 | Test Loss: 0.0008237 | Time: 515ms
Epoch: 017 | Train Loss: 0.0008213 | Grad norm: 0.000000 | Time: 1s879ms
Epoch: 017 | Test Loss: 0.0008237 | Time: 497ms
Epoch: 018 | Train Loss: 0.0008216 | Grad norm: 0.000000 | Time: 2s187ms
Epoch: 018 | Test Loss: 0.0008237 | Time: 610ms
Epoch: 019 | Train Loss: 0.0008214 | Grad norm: 0.000000 | Time: 2s124ms
Epoch: 019 | Test Loss: 0.0008237 | Time: 499ms
Epoch: 020 | Train Loss: 0.0008216 | Grad norm: 0.000000 | Time: 2s123ms
Epoch: 020 | Test Loss: 0.0008237 | Time: 535ms
Epoch: 021 | Train Loss: 0.0008215 | Grad norm: 0.000000 | Time: 2s308ms
Epoch: 021 | Test Loss: 0.0008237 | Time: 522ms
Epoch: 022 | Train Loss: 0.0008214 | Grad norm: 0.000000 | Time: 2s317ms
Epoch: 022 | Test Loss: 0.0008237 | Time: 519ms
Epoch: 023 | Train Loss: 0.0008213 | Grad norm: 0.000000 | Time: 2s87ms
Epoch: 023 | Test Loss: 0.0008237 | Time: 515ms
Epoch: 024 | Train Loss: 0.0008217 | Grad norm: 0.000000 | Time: 2s236ms
Epoch: 024 | Test Loss: 0.0008237 | Time: 495ms
Epoch: 025 | Train Loss: 0.0008213 | Grad norm: 0.000000 | Time: 2s122ms
Epoch: 025 | Test Loss: 0.0008237 | Time: 524ms
Epoch: 026 | Train Loss: 0.0008212 | Grad norm: 0.000000 | Time: 2s194ms
Epoch: 026 | Test Loss: 0.0008237 | Time: 625ms
Epoch: 027 | Train Loss: 0.0008216 | Grad norm: 0.000000 | Time: 2s239ms
Epoch: 027 | Test Loss: 0.0008237 | Time: 541ms
Epoch: 028 | Train Loss: 0.0008215 | Grad norm: 0.000000 | Time: 2s190ms
Epoch: 028 | Test Loss: 0.0008237 | Time: 503ms
Epoch: 029 | Train Loss: 0.0008213 | Grad norm: 0.000000 | Time: 2s187ms
Epoch: 029 | Test Loss: 0.0008237 | Time: 509ms
Epoch: 030 | Train Loss: 0.0008215 | Grad norm: 0.000000 | Time: 2s261ms
Epoch: 030 | Test Loss: 0.0008237 | Time: 519ms
Epoch: 031 | Train Loss: 0.0008215 | Grad norm: 0.000000 | Time: 1s725ms
Epoch: 031 | Test Loss: 0.0008237 | Time: 529ms
Epoch: 032 | Train Loss: 0.0008211 | Grad norm: 0.000000 | Time: 2s219ms
Epoch: 032 | Test Loss: 0.0008237 | Time: 500ms
Epoch: 033 | Train Loss: 0.0008212 | Grad norm: 0.000000 | Time: 2s36ms
Epoch: 033 | Test Loss: 0.0008237 | Time: 515ms
Epoch: 034 | Train Loss: 0.0008212 | Grad norm: 0.000000 | Time: 2s195ms
Epoch: 034 | Test Loss: 0.0008237 | Time: 570ms
Epoch: 035 | Train Loss: 0.0008214 | Grad norm: 0.000000 | Time: 2s216ms
Epoch: 035 | Test Loss: 0.0008237 | Time: 512ms
Epoch: 036 | Train Loss: 0.0008213 | Grad norm: 0.000000 | Time: 2s107ms
Epoch: 036 | Test Loss: 0.0008237 | Time: 533ms
Epoch: 037 | Train Loss: 0.0008214 | Grad norm: 0.000000 | Time: 2s176ms
Epoch: 037 | Test Loss: 0.0008237 | Time: 520ms
Epoch: 038 | Train Loss: 0.0008216 | Grad norm: 0.000000 | Time: 2s255ms
Epoch: 038 | Test Loss: 0.0008237 | Time: 526ms
Epoch: 039 | Train Loss: 0.0008216 | Grad norm: 0.000000 | Time: 2s185ms
Epoch: 039 | Test Loss: 0.0008237 | Time: 498ms
Epoch: 040 | Train Loss: 0.0008217 | Grad norm: 0.000000 | Time: 2s187ms
Epoch: 040 | Test Loss: 0.0008237 | Time: 504ms
Total time: 1m47s
==> Saving trained model weights...
==> Input bias to be applied to the neural network (trained):
[0. 0. 0. 0.]
==> Input transform to be applied to the neural network (trained):
[ 0.62900996  0.6288517  11.614402    9.487666  ]
==> Output transform to be applied to the neural network (trained):
[0.0195 0.021 ]
==> Saving training info...
==> Drawing training loss...
==> Drawing grad norm...
==> Drawing testing loss...
==> Process finished.
