==> torch device:  cuda:3
==> Test-Train split: test_ratio = 0.20
==> Test-Train split seed:  None
==> Further split: further_train_ratio = 0.50
==> Further split seed:  None
==> Input bias to be applied to the neural network:
[0. 0. 0. 0.]
==> Input transform to be applied to the neural network:
[0.7072636  0.72212595 0.6760411  0.67349136]
==> Ouput transform to be applied to the neural network:
[0.2287 0.2871]
==> Evaluating model...
==========================================================================================
Layer (type:depth-idx)                   Output Shape              Param #
==========================================================================================
NeuralNetwork                            [1, 2]                    10
├─Sequential: 1-1                        [1, 2]                    --
│    └─Linear: 2-1                       [1, 64]                   320
│    └─ReLU: 2-2                         [1, 64]                   --
│    └─Linear: 2-3                       [1, 64]                   4,160
│    └─ReLU: 2-4                         [1, 64]                   --
│    └─Linear: 2-5                       [1, 64]                   4,160
│    └─ReLU: 2-6                         [1, 64]                   --
│    └─Linear: 2-7                       [1, 64]                   4,160
│    └─ReLU: 2-8                         [1, 64]                   --
│    └─Linear: 2-9                       [1, 64]                   4,160
│    └─ReLU: 2-10                        [1, 64]                   --
│    └─Linear: 2-11                      [1, 64]                   4,160
│    └─ReLU: 2-12                        [1, 64]                   --
│    └─Linear: 2-13                      [1, 64]                   4,160
│    └─ReLU: 2-14                        [1, 64]                   --
│    └─Linear: 2-15                      [1, 2]                    130
├─Sequential: 1-2                        [1, 2]                    (recursive)
│    └─Linear: 2-16                      [1, 64]                   (recursive)
│    └─ReLU: 2-17                        [1, 64]                   --
│    └─Linear: 2-18                      [1, 64]                   (recursive)
│    └─ReLU: 2-19                        [1, 64]                   --
│    └─Linear: 2-20                      [1, 64]                   (recursive)
│    └─ReLU: 2-21                        [1, 64]                   --
│    └─Linear: 2-22                      [1, 64]                   (recursive)
│    └─ReLU: 2-23                        [1, 64]                   --
│    └─Linear: 2-24                      [1, 64]                   (recursive)
│    └─ReLU: 2-25                        [1, 64]                   --
│    └─Linear: 2-26                      [1, 64]                   (recursive)
│    └─ReLU: 2-27                        [1, 64]                   --
│    └─Linear: 2-28                      [1, 64]                   (recursive)
│    └─ReLU: 2-29                        [1, 64]                   --
│    └─Linear: 2-30                      [1, 2]                    (recursive)
==========================================================================================
Total params: 25,420
Trainable params: 25,410
Non-trainable params: 10
Total mult-adds (Units.MEGABYTES): 0.05
==========================================================================================
Input size (MB): 0.00
Forward/backward pass size (MB): 0.01
Params size (MB): 0.10
Estimated Total Size (MB): 0.11
==========================================================================================
==> Saving initial model weights...
==> Start training...
==> Number of param_groups in optimizer: 1
Epoch: 001 | Train Loss: 0.1353923 | Grad norm: 0.005104 | Time: 2s424ms
Epoch: 001 | Test Loss: 0.1345248 | Time: 513ms
==> Save the model at epoch 001 with test loss 0.1345248
Epoch: 002 | Train Loss: 0.0249885 | Grad norm: 0.040630 | Time: 1s987ms
Epoch: 002 | Test Loss: 0.0100899 | Time: 577ms
==> Save the model at epoch 002 with test loss 0.0100899
Epoch: 003 | Train Loss: 0.0105239 | Grad norm: 0.030810 | Time: 2s211ms
Epoch: 003 | Test Loss: 0.0100348 | Time: 551ms
==> Save the model at epoch 003 with test loss 0.0100348
Epoch: 004 | Train Loss: 0.0104739 | Grad norm: 0.029919 | Time: 2s180ms
Epoch: 004 | Test Loss: 0.0099971 | Time: 526ms
==> Save the model at epoch 004 with test loss 0.0099971
Epoch: 005 | Train Loss: 0.0104552 | Grad norm: 0.029964 | Time: 2s226ms
Epoch: 005 | Test Loss: 0.0102547 | Time: 504ms
Epoch: 006 | Train Loss: 0.0105719 | Grad norm: 0.031915 | Time: 2s205ms
Epoch: 006 | Test Loss: 0.0107810 | Time: 508ms
Epoch: 007 | Train Loss: 0.0105365 | Grad norm: 0.032001 | Time: 2s49ms
Epoch: 007 | Test Loss: 0.0100207 | Time: 509ms
Epoch: 008 | Train Loss: 0.0104205 | Grad norm: 0.030666 | Time: 2s157ms
Epoch: 008 | Test Loss: 0.0101440 | Time: 588ms
Epoch: 009 | Train Loss: 0.0104784 | Grad norm: 0.034346 | Time: 2s113ms
Epoch: 009 | Test Loss: 0.0103012 | Time: 521ms
Epoch: 010 | Train Loss: 0.0103104 | Grad norm: 0.032333 | Time: 2s248ms
Epoch: 010 | Test Loss: 0.0097000 | Time: 617ms
==> Save the model at epoch 010 with test loss 0.0097000
Epoch: 011 | Train Loss: 0.0100368 | Grad norm: 0.032270 | Time: 2s99ms
Epoch: 011 | Test Loss: 0.0094008 | Time: 518ms
==> Save the model at epoch 011 with test loss 0.0094008
Epoch: 012 | Train Loss: 0.0098878 | Grad norm: 0.030836 | Time: 2s305ms
Epoch: 012 | Test Loss: 0.0093016 | Time: 519ms
==> Save the model at epoch 012 with test loss 0.0093016
Epoch: 013 | Train Loss: 0.0097131 | Grad norm: 0.032656 | Time: 2s91ms
Epoch: 013 | Test Loss: 0.0091830 | Time: 523ms
==> Save the model at epoch 013 with test loss 0.0091830
Epoch: 014 | Train Loss: 0.0094155 | Grad norm: 0.028708 | Time: 2s72ms
Epoch: 014 | Test Loss: 0.0088581 | Time: 506ms
==> Save the model at epoch 014 with test loss 0.0088581
Epoch: 015 | Train Loss: 0.0093726 | Grad norm: 0.031031 | Time: 1s986ms
Epoch: 015 | Test Loss: 0.0092708 | Time: 507ms
Epoch: 016 | Train Loss: 0.0091653 | Grad norm: 0.030130 | Time: 2s304ms
Epoch: 016 | Test Loss: 0.0087606 | Time: 515ms
==> Save the model at epoch 016 with test loss 0.0087606
Epoch: 017 | Train Loss: 0.0090136 | Grad norm: 0.031078 | Time: 2s429ms
Epoch: 017 | Test Loss: 0.0082930 | Time: 511ms
==> Save the model at epoch 017 with test loss 0.0082930
Epoch: 018 | Train Loss: 0.0087737 | Grad norm: 0.029442 | Time: 1s981ms
Epoch: 018 | Test Loss: 0.0082968 | Time: 573ms
Epoch: 019 | Train Loss: 0.0085783 | Grad norm: 0.028979 | Time: 2s139ms
Epoch: 019 | Test Loss: 0.0091023 | Time: 522ms
Epoch: 020 | Train Loss: 0.0084872 | Grad norm: 0.027481 | Time: 2s151ms
Epoch: 020 | Test Loss: 0.0080894 | Time: 509ms
==> Save the model at epoch 020 with test loss 0.0080894
Epoch: 021 | Train Loss: 0.0083673 | Grad norm: 0.028933 | Time: 2s236ms
Epoch: 021 | Test Loss: 0.0081008 | Time: 507ms
Epoch: 022 | Train Loss: 0.0082269 | Grad norm: 0.027812 | Time: 2s141ms
Epoch: 022 | Test Loss: 0.0079644 | Time: 507ms
==> Save the model at epoch 022 with test loss 0.0079644
Epoch: 023 | Train Loss: 0.0081237 | Grad norm: 0.026248 | Time: 2s118ms
Epoch: 023 | Test Loss: 0.0079230 | Time: 510ms
==> Save the model at epoch 023 with test loss 0.0079230
Epoch: 024 | Train Loss: 0.0081200 | Grad norm: 0.028174 | Time: 2s210ms
Epoch: 024 | Test Loss: 0.0079476 | Time: 511ms
Epoch: 025 | Train Loss: 0.0080028 | Grad norm: 0.026308 | Time: 2s127ms
Epoch: 025 | Test Loss: 0.0080726 | Time: 524ms
Epoch: 026 | Train Loss: 0.0079708 | Grad norm: 0.027834 | Time: 2s85ms
Epoch: 026 | Test Loss: 0.0079073 | Time: 601ms
==> Save the model at epoch 026 with test loss 0.0079073
Epoch: 027 | Train Loss: 0.0078779 | Grad norm: 0.026046 | Time: 2s87ms
Epoch: 027 | Test Loss: 0.0077477 | Time: 503ms
==> Save the model at epoch 027 with test loss 0.0077477
Epoch: 028 | Train Loss: 0.0078054 | Grad norm: 0.025221 | Time: 2s175ms
Epoch: 028 | Test Loss: 0.0075991 | Time: 525ms
==> Save the model at epoch 028 with test loss 0.0075991
Epoch: 029 | Train Loss: 0.0077500 | Grad norm: 0.024642 | Time: 2s281ms
Epoch: 029 | Test Loss: 0.0075322 | Time: 563ms
==> Save the model at epoch 029 with test loss 0.0075322
Epoch: 030 | Train Loss: 0.0077050 | Grad norm: 0.024392 | Time: 2s164ms
Epoch: 030 | Test Loss: 0.0075491 | Time: 500ms
Epoch: 031 | Train Loss: 0.0076072 | Grad norm: 0.023580 | Time: 2s246ms
Epoch: 031 | Test Loss: 0.0075557 | Time: 507ms
Epoch: 032 | Train Loss: 0.0075884 | Grad norm: 0.024285 | Time: 2s225ms
Epoch: 032 | Test Loss: 0.0074997 | Time: 521ms
==> Save the model at epoch 032 with test loss 0.0074997
Epoch: 033 | Train Loss: 0.0075176 | Grad norm: 0.022407 | Time: 2s109ms
Epoch: 033 | Test Loss: 0.0073542 | Time: 519ms
==> Save the model at epoch 033 with test loss 0.0073542
Epoch: 034 | Train Loss: 0.0074849 | Grad norm: 0.022667 | Time: 2s76ms
Epoch: 034 | Test Loss: 0.0073338 | Time: 588ms
==> Save the model at epoch 034 with test loss 0.0073338
Epoch: 035 | Train Loss: 0.0074505 | Grad norm: 0.022662 | Time: 2s194ms
Epoch: 035 | Test Loss: 0.0072892 | Time: 509ms
==> Save the model at epoch 035 with test loss 0.0072892
Epoch: 036 | Train Loss: 0.0074105 | Grad norm: 0.022460 | Time: 2s215ms
Epoch: 036 | Test Loss: 0.0072881 | Time: 532ms
==> Save the model at epoch 036 with test loss 0.0072881
Epoch: 037 | Train Loss: 0.0073478 | Grad norm: 0.021034 | Time: 2s357ms
Epoch: 037 | Test Loss: 0.0072766 | Time: 516ms
==> Save the model at epoch 037 with test loss 0.0072766
Epoch: 038 | Train Loss: 0.0073215 | Grad norm: 0.021102 | Time: 2s179ms
Epoch: 038 | Test Loss: 0.0072426 | Time: 504ms
==> Save the model at epoch 038 with test loss 0.0072426
Epoch: 039 | Train Loss: 0.0072968 | Grad norm: 0.020595 | Time: 1s965ms
Epoch: 039 | Test Loss: 0.0072336 | Time: 500ms
==> Save the model at epoch 039 with test loss 0.0072336
Epoch: 040 | Train Loss: 0.0072865 | Grad norm: 0.020193 | Time: 2s204ms
Epoch: 040 | Test Loss: 0.0072346 | Time: 501ms
Total time: 1m47s
==> Saving trained model weights...
==> Input bias to be applied to the neural network (trained):
[0. 0. 0. 0.]
==> Input transform to be applied to the neural network (trained):
[0.7072636  0.72212595 0.6760411  0.67349136]
==> Output transform to be applied to the neural network (trained):
[0.2287 0.2871]
==> Saving training info...
==> Drawing training loss...
==> Drawing grad norm...
==> Drawing testing loss...
==> Process finished.
