==> torch device:  cuda:3
==> Test-Train split: test_ratio = 0.20
==> Test-Train split seed:  None
==> Further split: further_train_ratio = 1.00
==> Further split seed:  None
==> Input bias to be applied to the neural network:
[0. 0.]
==> Input transform to be applied to the neural network:
[0.5090095 0.5090095]
==> Ouput transform to be applied to the neural network:
[3.9366 3.9363]
==> Evaluating model...
==========================================================================================
Layer (type:depth-idx)                   Output Shape              Param #
==========================================================================================
NeuralNetwork                            [1, 2]                    6
├─Sequential: 1-1                        [1, 2]                    --
│    └─Linear: 2-1                       [1, 64]                   192
│    └─ReLU: 2-2                         [1, 64]                   --
│    └─Linear: 2-3                       [1, 64]                   4,160
│    └─ReLU: 2-4                         [1, 64]                   --
│    └─Linear: 2-5                       [1, 64]                   4,160
│    └─ReLU: 2-6                         [1, 64]                   --
│    └─Linear: 2-7                       [1, 64]                   4,160
│    └─ReLU: 2-8                         [1, 64]                   --
│    └─Linear: 2-9                       [1, 64]                   4,160
│    └─ReLU: 2-10                        [1, 64]                   --
│    └─Linear: 2-11                      [1, 64]                   4,160
│    └─ReLU: 2-12                        [1, 64]                   --
│    └─Linear: 2-13                      [1, 64]                   4,160
│    └─ReLU: 2-14                        [1, 64]                   --
│    └─Linear: 2-15                      [1, 2]                    130
├─Sequential: 1-2                        [1, 2]                    (recursive)
│    └─Linear: 2-16                      [1, 64]                   (recursive)
│    └─ReLU: 2-17                        [1, 64]                   --
│    └─Linear: 2-18                      [1, 64]                   (recursive)
│    └─ReLU: 2-19                        [1, 64]                   --
│    └─Linear: 2-20                      [1, 64]                   (recursive)
│    └─ReLU: 2-21                        [1, 64]                   --
│    └─Linear: 2-22                      [1, 64]                   (recursive)
│    └─ReLU: 2-23                        [1, 64]                   --
│    └─Linear: 2-24                      [1, 64]                   (recursive)
│    └─ReLU: 2-25                        [1, 64]                   --
│    └─Linear: 2-26                      [1, 64]                   (recursive)
│    └─ReLU: 2-27                        [1, 64]                   --
│    └─Linear: 2-28                      [1, 64]                   (recursive)
│    └─ReLU: 2-29                        [1, 64]                   --
│    └─Linear: 2-30                      [1, 2]                    (recursive)
==========================================================================================
Total params: 25,288
Trainable params: 25,282
Non-trainable params: 6
Total mult-adds (M): 0.05
==========================================================================================
Input size (MB): 0.00
Forward/backward pass size (MB): 0.01
Params size (MB): 0.10
Estimated Total Size (MB): 0.11
==========================================================================================
==> Saving initial model weights...
==> Start training...
==> Number of param_groups in optimizer: 1
Epoch: 001 | Train Loss: 31.0545251 | Grad norm: 0.917923 | Time: 4s555ms
Epoch: 001 | Test Loss: 30.8013690 | Time: 595ms
==> Save the model at epoch 001 with test loss 30.8013690
Epoch: 002 | Train Loss: 22.2780084 | Grad norm: 10.373825 | Time: 5s15ms
Epoch: 002 | Test Loss: 6.1664264 | Time: 735ms
==> Save the model at epoch 002 with test loss 6.1664264
Epoch: 003 | Train Loss: 0.3282594 | Grad norm: 3.055064 | Time: 5s90ms
Epoch: 003 | Test Loss: 0.0497743 | Time: 615ms
==> Save the model at epoch 003 with test loss 0.0497743
Epoch: 004 | Train Loss: 0.0396436 | Grad norm: 1.446308 | Time: 4s37ms
Epoch: 004 | Test Loss: 0.0329535 | Time: 593ms
==> Save the model at epoch 004 with test loss 0.0329535
Epoch: 005 | Train Loss: 0.0324477 | Grad norm: 1.384776 | Time: 4s966ms
Epoch: 005 | Test Loss: 0.0303438 | Time: 622ms
==> Save the model at epoch 005 with test loss 0.0303438
Epoch: 006 | Train Loss: 0.0330409 | Grad norm: 1.535146 | Time: 5s211ms
Epoch: 006 | Test Loss: 0.0318089 | Time: 610ms
Epoch: 007 | Train Loss: 0.0374924 | Grad norm: 1.777519 | Time: 4s151ms
Epoch: 007 | Test Loss: 0.0302477 | Time: 596ms
==> Save the model at epoch 007 with test loss 0.0302477
Epoch: 008 | Train Loss: 0.0427627 | Grad norm: 2.005172 | Time: 4s586ms
Epoch: 008 | Test Loss: 0.0398105 | Time: 610ms
Epoch: 009 | Train Loss: 0.0411744 | Grad norm: 1.925546 | Time: 5s56ms
Epoch: 009 | Test Loss: 0.0383621 | Time: 682ms
Epoch: 010 | Train Loss: 0.0554046 | Grad norm: 2.516825 | Time: 5s239ms
Epoch: 010 | Test Loss: 0.1038853 | Time: 623ms
Epoch: 011 | Train Loss: 0.0519677 | Grad norm: 2.274103 | Time: 5s455ms
Epoch: 011 | Test Loss: 0.0609679 | Time: 619ms
Epoch: 012 | Train Loss: 0.0544523 | Grad norm: 2.422999 | Time: 4s795ms
Epoch: 012 | Test Loss: 0.0678806 | Time: 675ms
Epoch: 013 | Train Loss: 0.0575506 | Grad norm: 2.468061 | Time: 5s387ms
Epoch: 013 | Test Loss: 0.1494844 | Time: 655ms
Epoch: 014 | Train Loss: 0.0522507 | Grad norm: 2.163329 | Time: 5s220ms
Epoch: 014 | Test Loss: 0.0417820 | Time: 606ms
Epoch: 015 | Train Loss: 0.0451591 | Grad norm: 2.013162 | Time: 4s886ms
Epoch: 015 | Test Loss: 0.0764638 | Time: 699ms
Epoch: 016 | Train Loss: 0.0460032 | Grad norm: 2.007079 | Time: 5s475ms
Epoch: 016 | Test Loss: 0.0442917 | Time: 633ms
Epoch: 017 | Train Loss: 0.0443905 | Grad norm: 1.967056 | Time: 5s636ms
Epoch: 017 | Test Loss: 0.0416126 | Time: 700ms
Epoch: 018 | Train Loss: 0.0424460 | Grad norm: 1.844872 | Time: 5s539ms
Epoch: 018 | Test Loss: 0.0341855 | Time: 688ms
Epoch: 019 | Train Loss: 0.0411503 | Grad norm: 1.837380 | Time: 5s583ms
Epoch: 019 | Test Loss: 0.0421222 | Time: 626ms
Epoch: 020 | Train Loss: 0.0389101 | Grad norm: 1.704641 | Time: 5s367ms
Epoch: 020 | Test Loss: 0.0370097 | Time: 635ms
Epoch: 021 | Train Loss: 0.0359377 | Grad norm: 1.590432 | Time: 5s255ms
Epoch: 021 | Test Loss: 0.0327205 | Time: 669ms
Epoch: 022 | Train Loss: 0.0354721 | Grad norm: 1.561420 | Time: 5s675ms
Epoch: 022 | Test Loss: 0.0338469 | Time: 652ms
Epoch: 023 | Train Loss: 0.0378839 | Grad norm: 1.650039 | Time: 5s160ms
Epoch: 023 | Test Loss: 0.0312119 | Time: 621ms
Epoch: 024 | Train Loss: 0.0337429 | Grad norm: 1.436906 | Time: 5s342ms
Epoch: 024 | Test Loss: 0.0292588 | Time: 701ms
==> Save the model at epoch 024 with test loss 0.0292588
Epoch: 025 | Train Loss: 0.0338635 | Grad norm: 1.479730 | Time: 5s578ms
Epoch: 025 | Test Loss: 0.0341645 | Time: 637ms
Epoch: 026 | Train Loss: 0.0310823 | Grad norm: 1.313010 | Time: 5s533ms
Epoch: 026 | Test Loss: 0.0283240 | Time: 634ms
==> Save the model at epoch 026 with test loss 0.0283240
Epoch: 027 | Train Loss: 0.0300591 | Grad norm: 1.275310 | Time: 5s457ms
Epoch: 027 | Test Loss: 0.0309556 | Time: 704ms
Epoch: 028 | Train Loss: 0.0295376 | Grad norm: 1.251603 | Time: 5s501ms
Epoch: 028 | Test Loss: 0.0298504 | Time: 612ms
Epoch: 029 | Train Loss: 0.0287060 | Grad norm: 1.194509 | Time: 5s195ms
Epoch: 029 | Test Loss: 0.0270132 | Time: 593ms
==> Save the model at epoch 029 with test loss 0.0270132
Epoch: 030 | Train Loss: 0.0267604 | Grad norm: 1.027752 | Time: 4s511ms
Epoch: 030 | Test Loss: 0.0251475 | Time: 716ms
==> Save the model at epoch 030 with test loss 0.0251475
Epoch: 031 | Train Loss: 0.0258572 | Grad norm: 0.974446 | Time: 5s543ms
Epoch: 031 | Test Loss: 0.0257526 | Time: 668ms
Epoch: 032 | Train Loss: 0.0246406 | Grad norm: 0.899739 | Time: 5s264ms
Epoch: 032 | Test Loss: 0.0238972 | Time: 639ms
==> Save the model at epoch 032 with test loss 0.0238972
Epoch: 033 | Train Loss: 0.0244709 | Grad norm: 0.890419 | Time: 5s309ms
Epoch: 033 | Test Loss: 0.0251754 | Time: 699ms
Epoch: 034 | Train Loss: 0.0241462 | Grad norm: 0.840458 | Time: 4s442ms
Epoch: 034 | Test Loss: 0.0238419 | Time: 593ms
==> Save the model at epoch 034 with test loss 0.0238419
Epoch: 035 | Train Loss: 0.0235425 | Grad norm: 0.750932 | Time: 5s304ms
Epoch: 035 | Test Loss: 0.0220093 | Time: 632ms
==> Save the model at epoch 035 with test loss 0.0220093
Epoch: 036 | Train Loss: 0.0225392 | Grad norm: 0.752481 | Time: 4s835ms
Epoch: 036 | Test Loss: 0.0235861 | Time: 634ms
Epoch: 037 | Train Loss: 0.0229934 | Grad norm: 0.710534 | Time: 5s317ms
Epoch: 037 | Test Loss: 0.0227925 | Time: 669ms
Epoch: 038 | Train Loss: 0.0225504 | Grad norm: 0.665765 | Time: 5s278ms
Epoch: 038 | Test Loss: 0.0226515 | Time: 630ms
Epoch: 039 | Train Loss: 0.0225025 | Grad norm: 0.642001 | Time: 5s47ms
Epoch: 039 | Test Loss: 0.0226616 | Time: 630ms
Epoch: 040 | Train Loss: 0.0222530 | Grad norm: 0.632955 | Time: 5s394ms
Epoch: 040 | Test Loss: 0.0225126 | Time: 612ms
Total time: 3m52s
==> Saving trained model weights...
==> Input bias to be applied to the neural network (trained):
[0. 0.]
==> Input transform to be applied to the neural network (trained):
[0.5090095 0.5090095]
==> Output transform to be applied to the neural network (trained):
[3.9366 3.9363]
==> Saving training info...
==> Drawing training loss...
==> Drawing grad norm...
==> Drawing testing loss...
==> Process finished.
