==> torch device:  cuda:1
==> Test-Train split: test_ratio = 0.20
==> Test-Train split seed:  None
==> Further split: further_train_ratio = 1.00
==> Further split seed:  None
==> Lipschitz constant: 8.00
==> Input bias to be applied to the neural network:
[0. 0. 0. 0.]
==> Input transform to be applied to the neural network:
[0.7072636  0.72212595 0.6760411  0.67349136]
==> Ouput transform to be applied to the neural network:
[0.2287 0.2871]
==> Evaluating model...
==========================================================================================
Layer (type:depth-idx)                   Output Shape              Param #
==========================================================================================
NeuralNetwork                            [1, 2]                    10
├─Sequential: 1-1                        [1, 2]                    --
│    └─SandwichFc: 2-1                   [1, 64]                   4,481
│    └─SandwichFc: 2-2                   [1, 64]                   8,321
│    └─SandwichFc: 2-3                   [1, 64]                   8,321
│    └─SandwichFc: 2-4                   [1, 64]                   8,321
│    └─SandwichFc: 2-5                   [1, 64]                   8,321
│    └─SandwichFc: 2-6                   [1, 64]                   8,321
│    └─SandwichFc: 2-7                   [1, 64]                   8,321
│    └─SandwichLin: 2-8                  [1, 2]                    135
├─Sequential: 1-2                        [1, 2]                    (recursive)
│    └─SandwichFc: 2-9                   [1, 64]                   (recursive)
│    └─SandwichFc: 2-10                  [1, 64]                   (recursive)
│    └─SandwichFc: 2-11                  [1, 64]                   (recursive)
│    └─SandwichFc: 2-12                  [1, 64]                   (recursive)
│    └─SandwichFc: 2-13                  [1, 64]                   (recursive)
│    └─SandwichFc: 2-14                  [1, 64]                   (recursive)
│    └─SandwichFc: 2-15                  [1, 64]                   (recursive)
│    └─SandwichLin: 2-16                 [1, 2]                    (recursive)
==========================================================================================
Total params: 54,552
Trainable params: 54,542
Non-trainable params: 10
Total mult-adds (Units.MEGABYTES): 0.11
==========================================================================================
Input size (MB): 0.00
Forward/backward pass size (MB): 0.01
Params size (MB): 0.22
Estimated Total Size (MB): 0.23
==========================================================================================
==> Saving initial model weights...
==> Start training...
==> Number of param_groups in optimizer: 1
Epoch: 001 | Train Loss: 0.1299933 | Grad norm: 0.253513 | Time: 17s132ms
Epoch: 001 | Test Loss: 0.1307793 | Time: 610ms
==> Save the model at epoch 001 with test loss 0.1307793
Epoch: 002 | Train Loss: 0.0122002 | Grad norm: 0.102876 | Time: 16s952ms
Epoch: 002 | Test Loss: 0.0104156 | Time: 609ms
==> Save the model at epoch 002 with test loss 0.0104156
Epoch: 003 | Train Loss: 0.0107940 | Grad norm: 0.076291 | Time: 16s958ms
Epoch: 003 | Test Loss: 0.0113552 | Time: 625ms
Epoch: 004 | Train Loss: 0.0108154 | Grad norm: 0.071742 | Time: 17s11ms
Epoch: 004 | Test Loss: 0.0101137 | Time: 741ms
==> Save the model at epoch 004 with test loss 0.0101137
Epoch: 005 | Train Loss: 0.0103422 | Grad norm: 0.055875 | Time: 16s859ms
Epoch: 005 | Test Loss: 0.0096668 | Time: 611ms
==> Save the model at epoch 005 with test loss 0.0096668
Epoch: 006 | Train Loss: 0.0102658 | Grad norm: 0.053210 | Time: 16s631ms
Epoch: 006 | Test Loss: 0.0098126 | Time: 682ms
Epoch: 007 | Train Loss: 0.0100087 | Grad norm: 0.046347 | Time: 16s865ms
Epoch: 007 | Test Loss: 0.0097039 | Time: 615ms
Epoch: 008 | Train Loss: 0.0098294 | Grad norm: 0.040640 | Time: 17s609ms
Epoch: 008 | Test Loss: 0.0101401 | Time: 610ms
Epoch: 009 | Train Loss: 0.0096247 | Grad norm: 0.036713 | Time: 16s375ms
Epoch: 009 | Test Loss: 0.0089874 | Time: 676ms
==> Save the model at epoch 009 with test loss 0.0089874
Epoch: 010 | Train Loss: 0.0093422 | Grad norm: 0.030734 | Time: 16s603ms
Epoch: 010 | Test Loss: 0.0086816 | Time: 611ms
==> Save the model at epoch 010 with test loss 0.0086816
Epoch: 011 | Train Loss: 0.0091949 | Grad norm: 0.028029 | Time: 16s761ms
Epoch: 011 | Test Loss: 0.0092371 | Time: 619ms
Epoch: 012 | Train Loss: 0.0090737 | Grad norm: 0.026135 | Time: 17s111ms
Epoch: 012 | Test Loss: 0.0087912 | Time: 625ms
Epoch: 013 | Train Loss: 0.0088859 | Grad norm: 0.022874 | Time: 16s669ms
Epoch: 013 | Test Loss: 0.0086630 | Time: 614ms
==> Save the model at epoch 013 with test loss 0.0086630
Epoch: 014 | Train Loss: 0.0087776 | Grad norm: 0.021012 | Time: 17s146ms
Epoch: 014 | Test Loss: 0.0086924 | Time: 608ms
Epoch: 015 | Train Loss: 0.0087621 | Grad norm: 0.020402 | Time: 16s896ms
Epoch: 015 | Test Loss: 0.0084645 | Time: 606ms
==> Save the model at epoch 015 with test loss 0.0084645
Epoch: 016 | Train Loss: 0.0085976 | Grad norm: 0.017449 | Time: 16s622ms
Epoch: 016 | Test Loss: 0.0086901 | Time: 608ms
Epoch: 017 | Train Loss: 0.0086302 | Grad norm: 0.017355 | Time: 16s886ms
Epoch: 017 | Test Loss: 0.0084578 | Time: 624ms
==> Save the model at epoch 017 with test loss 0.0084578
Epoch: 018 | Train Loss: 0.0085353 | Grad norm: 0.016882 | Time: 17s146ms
Epoch: 018 | Test Loss: 0.0086527 | Time: 607ms
Epoch: 019 | Train Loss: 0.0084753 | Grad norm: 0.015566 | Time: 17s153ms
Epoch: 019 | Test Loss: 0.0084020 | Time: 614ms
==> Save the model at epoch 019 with test loss 0.0084020
Epoch: 020 | Train Loss: 0.0084217 | Grad norm: 0.014538 | Time: 16s774ms
Epoch: 020 | Test Loss: 0.0082726 | Time: 693ms
==> Save the model at epoch 020 with test loss 0.0082726
Epoch: 021 | Train Loss: 0.0083896 | Grad norm: 0.013884 | Time: 16s735ms
Epoch: 021 | Test Loss: 0.0081059 | Time: 618ms
==> Save the model at epoch 021 with test loss 0.0081059
Epoch: 022 | Train Loss: 0.0083573 | Grad norm: 0.013585 | Time: 16s494ms
Epoch: 022 | Test Loss: 0.0085483 | Time: 618ms
Epoch: 023 | Train Loss: 0.0082862 | Grad norm: 0.012719 | Time: 17s146ms
Epoch: 023 | Test Loss: 0.0083334 | Time: 607ms
Epoch: 024 | Train Loss: 0.0082022 | Grad norm: 0.011966 | Time: 17s192ms
Epoch: 024 | Test Loss: 0.0083785 | Time: 611ms
Epoch: 025 | Train Loss: 0.0082186 | Grad norm: 0.011969 | Time: 16s893ms
Epoch: 025 | Test Loss: 0.0080956 | Time: 623ms
==> Save the model at epoch 025 with test loss 0.0080956
Epoch: 026 | Train Loss: 0.0081368 | Grad norm: 0.010995 | Time: 16s547ms
Epoch: 026 | Test Loss: 0.0080263 | Time: 604ms
==> Save the model at epoch 026 with test loss 0.0080263
Epoch: 027 | Train Loss: 0.0080919 | Grad norm: 0.010652 | Time: 17s297ms
Epoch: 027 | Test Loss: 0.0078913 | Time: 603ms
==> Save the model at epoch 027 with test loss 0.0078913
Epoch: 028 | Train Loss: 0.0080673 | Grad norm: 0.010799 | Time: 17s28ms
Epoch: 028 | Test Loss: 0.0080484 | Time: 610ms
Epoch: 029 | Train Loss: 0.0080305 | Grad norm: 0.010607 | Time: 16s549ms
Epoch: 029 | Test Loss: 0.0079210 | Time: 612ms
Epoch: 030 | Train Loss: 0.0079991 | Grad norm: 0.010286 | Time: 17s31ms
Epoch: 030 | Test Loss: 0.0079275 | Time: 610ms
Epoch: 031 | Train Loss: 0.0079409 | Grad norm: 0.009786 | Time: 16s825ms
Epoch: 031 | Test Loss: 0.0078618 | Time: 676ms
==> Save the model at epoch 031 with test loss 0.0078618
Epoch: 032 | Train Loss: 0.0079111 | Grad norm: 0.009755 | Time: 17s242ms
Epoch: 032 | Test Loss: 0.0078672 | Time: 618ms
Epoch: 033 | Train Loss: 0.0078824 | Grad norm: 0.009735 | Time: 17s349ms
Epoch: 033 | Test Loss: 0.0077906 | Time: 610ms
==> Save the model at epoch 033 with test loss 0.0077906
Epoch: 034 | Train Loss: 0.0078427 | Grad norm: 0.009552 | Time: 16s987ms
Epoch: 034 | Test Loss: 0.0077397 | Time: 689ms
==> Save the model at epoch 034 with test loss 0.0077397
Epoch: 035 | Train Loss: 0.0078083 | Grad norm: 0.009083 | Time: 17s262ms
Epoch: 035 | Test Loss: 0.0077250 | Time: 607ms
==> Save the model at epoch 035 with test loss 0.0077250
Epoch: 036 | Train Loss: 0.0077798 | Grad norm: 0.009123 | Time: 16s879ms
Epoch: 036 | Test Loss: 0.0077207 | Time: 609ms
==> Save the model at epoch 036 with test loss 0.0077207
Epoch: 037 | Train Loss: 0.0077591 | Grad norm: 0.009081 | Time: 16s886ms
Epoch: 037 | Test Loss: 0.0077115 | Time: 615ms
==> Save the model at epoch 037 with test loss 0.0077115
Epoch: 038 | Train Loss: 0.0077361 | Grad norm: 0.008868 | Time: 17s340ms
Epoch: 038 | Test Loss: 0.0076923 | Time: 612ms
==> Save the model at epoch 038 with test loss 0.0076923
Epoch: 039 | Train Loss: 0.0077206 | Grad norm: 0.008775 | Time: 16s928ms
Epoch: 039 | Test Loss: 0.0076862 | Time: 615ms
==> Save the model at epoch 039 with test loss 0.0076862
Epoch: 040 | Train Loss: 0.0077102 | Grad norm: 0.008705 | Time: 16s940ms
Epoch: 040 | Test Loss: 0.0076822 | Time: 612ms
==> Save the model at epoch 040 with test loss 0.0076822
Total time: 11m42s
==> Saving trained model weights...
==> Input bias to be applied to the neural network (trained):
[0. 0. 0. 0.]
==> Input transform to be applied to the neural network (trained):
[0.7072636  0.72212595 0.6760411  0.67349136]
==> Output transform to be applied to the neural network (trained):
[0.2287 0.2871]
==> Saving training info...
==> Drawing training loss...
==> Drawing grad norm...
==> Drawing testing loss...
==> Process finished.
