==> torch device:  cuda:1
==> Test-Train split: test_ratio = 0.20
==> Test-Train split seed:  None
==> Further split: further_train_ratio = 1.00
==> Further split seed:  None
==> Input bias to be applied to the neural network:
[0. 0.]
==> Input transform to be applied to the neural network:
[1. 1.]
==> Ouput transform to be applied to the neural network:
[1. 1.]
==> Evaluating model...
==========================================================================================
Layer (type:depth-idx)                   Output Shape              Param #
==========================================================================================
NeuralNetwork                            [1, 2]                    6
├─Sequential: 1-1                        [1, 2]                    --
│    └─Linear: 2-1                       [1, 64]                   192
│    └─LeakyReLU: 2-2                    [1, 64]                   --
│    └─Linear: 2-3                       [1, 64]                   4,160
│    └─LeakyReLU: 2-4                    [1, 64]                   --
│    └─Linear: 2-5                       [1, 64]                   4,160
│    └─LeakyReLU: 2-6                    [1, 64]                   --
│    └─Linear: 2-7                       [1, 64]                   4,160
│    └─LeakyReLU: 2-8                    [1, 64]                   --
│    └─Linear: 2-9                       [1, 64]                   4,160
│    └─LeakyReLU: 2-10                   [1, 64]                   --
│    └─Linear: 2-11                      [1, 64]                   4,160
│    └─LeakyReLU: 2-12                   [1, 64]                   --
│    └─Linear: 2-13                      [1, 64]                   4,160
│    └─LeakyReLU: 2-14                   [1, 64]                   --
│    └─Linear: 2-15                      [1, 2]                    130
==========================================================================================
Total params: 25,288
Trainable params: 25,282
Non-trainable params: 6
Total mult-adds (Units.MEGABYTES): 0.03
==========================================================================================
Input size (MB): 0.00
Forward/backward pass size (MB): 0.00
Params size (MB): 0.10
Estimated Total Size (MB): 0.10
==========================================================================================
==> Saving initial model weights...
==> Start training...
Epoch: 001 | Loss: 3.6505511 | L2 loss: 3.6505504 | Lip loss: 0.0000007 | Grad norm: 2.709520 | Time: 34s655ms
Epoch: 001 | Test Loss: 0.2252946 | Time: 441ms
==> Save the model at epoch 001 with test loss 0.2252946
Epoch: 002 | Loss: 0.1841631 | L2 loss: 0.1841616 | Lip loss: 0.0000014 | Grad norm: 2.307199 | Time: 34s453ms
Epoch: 002 | Test Loss: 0.1417284 | Time: 444ms
==> Save the model at epoch 002 with test loss 0.1417284
Epoch: 003 | Loss: 0.1074096 | L2 loss: 0.1074081 | Lip loss: 0.0000015 | Grad norm: 2.489548 | Time: 34s753ms
Epoch: 003 | Test Loss: 0.0758846 | Time: 460ms
==> Save the model at epoch 003 with test loss 0.0758846
Epoch: 004 | Loss: 0.0649615 | L2 loss: 0.0649600 | Lip loss: 0.0000015 | Grad norm: 2.800152 | Time: 34s77ms
Epoch: 004 | Test Loss: 0.0491346 | Time: 450ms
==> Save the model at epoch 004 with test loss 0.0491346
Epoch: 005 | Loss: 0.0420563 | L2 loss: 0.0420548 | Lip loss: 0.0000015 | Grad norm: 2.685645 | Time: 34s472ms
Epoch: 005 | Test Loss: 0.0325184 | Time: 442ms
==> Save the model at epoch 005 with test loss 0.0325184
Epoch: 006 | Loss: 0.0309875 | L2 loss: 0.0309860 | Lip loss: 0.0000015 | Grad norm: 1.388943 | Time: 34s331ms
Epoch: 006 | Test Loss: 0.0299607 | Time: 505ms
==> Save the model at epoch 006 with test loss 0.0299607
Epoch: 007 | Loss: 0.0293337 | L2 loss: 0.0293322 | Lip loss: 0.0000015 | Grad norm: 1.459175 | Time: 34s750ms
Epoch: 007 | Test Loss: 0.0283799 | Time: 506ms
==> Save the model at epoch 007 with test loss 0.0283799
Epoch: 008 | Loss: 0.0278151 | L2 loss: 0.0278136 | Lip loss: 0.0000015 | Grad norm: 1.401283 | Time: 35s95ms
Epoch: 008 | Test Loss: 0.0274647 | Time: 438ms
==> Save the model at epoch 008 with test loss 0.0274647
Epoch: 009 | Loss: 0.0264667 | L2 loss: 0.0264651 | Lip loss: 0.0000015 | Grad norm: 1.404628 | Time: 33s956ms
Epoch: 009 | Test Loss: 0.0265333 | Time: 439ms
==> Save the model at epoch 009 with test loss 0.0265333
Epoch: 010 | Loss: 0.0251723 | L2 loss: 0.0251708 | Lip loss: 0.0000015 | Grad norm: 1.321951 | Time: 34s74ms
Epoch: 010 | Test Loss: 0.0246168 | Time: 438ms
==> Save the model at epoch 010 with test loss 0.0246168
Epoch: 011 | Loss: 0.0243253 | L2 loss: 0.0243238 | Lip loss: 0.0000015 | Grad norm: 1.112716 | Time: 35s194ms
Epoch: 011 | Test Loss: 0.0242337 | Time: 440ms
==> Save the model at epoch 011 with test loss 0.0242337
Epoch: 012 | Loss: 0.0241589 | L2 loss: 0.0241575 | Lip loss: 0.0000015 | Grad norm: 1.132765 | Time: 34s369ms
Epoch: 012 | Test Loss: 0.0241047 | Time: 437ms
==> Save the model at epoch 012 with test loss 0.0241047
Epoch: 013 | Loss: 0.0240259 | L2 loss: 0.0240244 | Lip loss: 0.0000015 | Grad norm: 1.132247 | Time: 34s820ms
Epoch: 013 | Test Loss: 0.0239774 | Time: 446ms
==> Save the model at epoch 013 with test loss 0.0239774
Epoch: 014 | Loss: 0.0238899 | L2 loss: 0.0238884 | Lip loss: 0.0000015 | Grad norm: 1.090998 | Time: 34s750ms
Epoch: 014 | Test Loss: 0.0238513 | Time: 439ms
==> Save the model at epoch 014 with test loss 0.0238513
Epoch: 015 | Loss: 0.0237536 | L2 loss: 0.0237521 | Lip loss: 0.0000015 | Grad norm: 1.140851 | Time: 34s872ms
Epoch: 015 | Test Loss: 0.0237207 | Time: 511ms
==> Save the model at epoch 015 with test loss 0.0237207
Epoch: 016 | Loss: 0.0236819 | L2 loss: 0.0236804 | Lip loss: 0.0000015 | Grad norm: 1.084703 | Time: 34s435ms
Epoch: 016 | Test Loss: 0.0237023 | Time: 513ms
==> Save the model at epoch 016 with test loss 0.0237023
Epoch: 017 | Loss: 0.0236553 | L2 loss: 0.0236538 | Lip loss: 0.0000015 | Grad norm: 1.065355 | Time: 34s472ms
Epoch: 017 | Test Loss: 0.0236939 | Time: 453ms
==> Save the model at epoch 017 with test loss 0.0236939
Epoch: 018 | Loss: 0.0236439 | L2 loss: 0.0236424 | Lip loss: 0.0000015 | Grad norm: 1.084453 | Time: 33s993ms
Epoch: 018 | Test Loss: 0.0236752 | Time: 451ms
==> Save the model at epoch 018 with test loss 0.0236752
Epoch: 019 | Loss: 0.0236323 | L2 loss: 0.0236309 | Lip loss: 0.0000015 | Grad norm: 1.122874 | Time: 34s318ms
Epoch: 019 | Test Loss: 0.0236573 | Time: 447ms
==> Save the model at epoch 019 with test loss 0.0236573
Epoch: 020 | Loss: 0.0236192 | L2 loss: 0.0236177 | Lip loss: 0.0000015 | Grad norm: 1.101136 | Time: 34s486ms
Epoch: 020 | Test Loss: 0.0236437 | Time: 436ms
==> Save the model at epoch 020 with test loss 0.0236437
Epoch: 021 | Loss: 0.0236067 | L2 loss: 0.0236052 | Lip loss: 0.0000015 | Grad norm: 1.094503 | Time: 35s576ms
Epoch: 021 | Test Loss: 0.0236430 | Time: 441ms
==> Save the model at epoch 021 with test loss 0.0236430
Epoch: 022 | Loss: 0.0236048 | L2 loss: 0.0236033 | Lip loss: 0.0000015 | Grad norm: 1.063342 | Time: 34s460ms
Epoch: 022 | Test Loss: 0.0236425 | Time: 438ms
==> Save the model at epoch 022 with test loss 0.0236425
Epoch: 023 | Loss: 0.0236038 | L2 loss: 0.0236022 | Lip loss: 0.0000015 | Grad norm: 1.080230 | Time: 35s163ms
Epoch: 023 | Test Loss: 0.0236420 | Time: 444ms
==> Save the model at epoch 023 with test loss 0.0236420
Epoch: 024 | Loss: 0.0236022 | L2 loss: 0.0236007 | Lip loss: 0.0000015 | Grad norm: 1.068281 | Time: 34s771ms
Epoch: 024 | Test Loss: 0.0236404 | Time: 510ms
==> Save the model at epoch 024 with test loss 0.0236404
Epoch: 025 | Loss: 0.0236012 | L2 loss: 0.0235998 | Lip loss: 0.0000015 | Grad norm: 1.090928 | Time: 35s199ms
Epoch: 025 | Test Loss: 0.0236390 | Time: 513ms
==> Save the model at epoch 025 with test loss 0.0236390
Epoch: 026 | Loss: 0.0236010 | L2 loss: 0.0235995 | Lip loss: 0.0000015 | Grad norm: 1.062578 | Time: 35s424ms
Epoch: 026 | Test Loss: 0.0236390 | Time: 446ms
==> Save the model at epoch 026 with test loss 0.0236390
Epoch: 027 | Loss: 0.0236010 | L2 loss: 0.0235995 | Lip loss: 0.0000015 | Grad norm: 1.081682 | Time: 34s789ms
Epoch: 027 | Test Loss: 0.0236390 | Time: 443ms
==> Save the model at epoch 027 with test loss 0.0236390
Epoch: 028 | Loss: 0.0236009 | L2 loss: 0.0235995 | Lip loss: 0.0000015 | Grad norm: 1.072453 | Time: 34s325ms
Epoch: 028 | Test Loss: 0.0236390 | Time: 441ms
==> Save the model at epoch 028 with test loss 0.0236390
Epoch: 029 | Loss: 0.0236009 | L2 loss: 0.0235994 | Lip loss: 0.0000015 | Grad norm: 1.056443 | Time: 33s865ms
Epoch: 029 | Test Loss: 0.0236390 | Time: 449ms
==> Save the model at epoch 029 with test loss 0.0236390
Epoch: 030 | Loss: 0.0236009 | L2 loss: 0.0235994 | Lip loss: 0.0000015 | Grad norm: 1.089794 | Time: 34s174ms
Epoch: 030 | Test Loss: 0.0236390 | Time: 454ms
==> Save the model at epoch 030 with test loss 0.0236390
Epoch: 031 | Loss: 0.0236009 | L2 loss: 0.0235994 | Lip loss: 0.0000015 | Grad norm: 1.079295 | Time: 34s455ms
Epoch: 031 | Test Loss: 0.0236390 | Time: 446ms
Epoch: 032 | Loss: 0.0236009 | L2 loss: 0.0235994 | Lip loss: 0.0000015 | Grad norm: 1.089696 | Time: 34s671ms
Epoch: 032 | Test Loss: 0.0236390 | Time: 502ms
Epoch: 033 | Loss: 0.0236009 | L2 loss: 0.0235994 | Lip loss: 0.0000015 | Grad norm: 1.099978 | Time: 35s329ms
Epoch: 033 | Test Loss: 0.0236390 | Time: 461ms
Epoch: 034 | Loss: 0.0236009 | L2 loss: 0.0235994 | Lip loss: 0.0000015 | Grad norm: 1.080480 | Time: 34s519ms
Epoch: 034 | Test Loss: 0.0236390 | Time: 507ms
Epoch: 035 | Loss: 0.0236009 | L2 loss: 0.0235994 | Lip loss: 0.0000015 | Grad norm: 1.088761 | Time: 34s997ms
Epoch: 035 | Test Loss: 0.0236390 | Time: 518ms
Epoch: 036 | Loss: 0.0236009 | L2 loss: 0.0235994 | Lip loss: 0.0000015 | Grad norm: 1.057537 | Time: 34s422ms
Epoch: 036 | Test Loss: 0.0236390 | Time: 437ms
Epoch: 037 | Loss: 0.0236009 | L2 loss: 0.0235994 | Lip loss: 0.0000015 | Grad norm: 1.080077 | Time: 35s91ms
Epoch: 037 | Test Loss: 0.0236390 | Time: 449ms
Epoch: 038 | Loss: 0.0236009 | L2 loss: 0.0235994 | Lip loss: 0.0000015 | Grad norm: 1.087306 | Time: 34s641ms
Epoch: 038 | Test Loss: 0.0236390 | Time: 443ms
Epoch: 039 | Loss: 0.0236009 | L2 loss: 0.0235994 | Lip loss: 0.0000015 | Grad norm: 1.074203 | Time: 35s123ms
Epoch: 039 | Test Loss: 0.0236390 | Time: 452ms
Epoch: 040 | Loss: 0.0236009 | L2 loss: 0.0235994 | Lip loss: 0.0000015 | Grad norm: 1.086612 | Time: 35s105ms
Epoch: 040 | Test Loss: 0.0236390 | Time: 457ms
Total time: 23m24s
==> Saving trained model weights...
==> Input bias to be applied to the neural network (trained):
[0. 0.]
==> Input transform to be applied to the neural network (trained):
[1. 1.]
==> Output transform to be applied to the neural network (trained):
[1. 1.]
==> Saving training info...
==> Drawing training loss...
==> Drawing grad norm...
==> Drawing testing loss...
==> Drawing l2 loss...
==> Drawing lip loss...
==> Process finished.
