==> torch device:  cuda:2
==> Test-Train split: test_ratio = 0.20
==> Test-Train split seed:  None
==> Further split: further_train_ratio = 1.00
==> Further split seed:  None
==> Lipschitz constant: 128.00
==> Input bias to be applied to the neural network:
[0. 0.]
==> Input transform to be applied to the neural network:
[0.496845   0.52004784]
==> Ouput transform to be applied to the neural network:
[1.9242 2.0182]
==> Evaluating model...
==========================================================================================
Layer (type:depth-idx)                   Output Shape              Param #
==========================================================================================
NeuralNetwork                            [1, 2]                    6
├─Sequential: 1-1                        [1, 2]                    --
│    └─SandwichFc: 2-1                   [1, 64]                   4,353
│    └─SandwichFc: 2-2                   [1, 64]                   8,321
│    └─SandwichFc: 2-3                   [1, 64]                   8,321
│    └─SandwichFc: 2-4                   [1, 64]                   8,321
│    └─SandwichFc: 2-5                   [1, 64]                   8,321
│    └─SandwichFc: 2-6                   [1, 64]                   8,321
│    └─SandwichFc: 2-7                   [1, 64]                   8,321
│    └─SandwichLin: 2-8                  [1, 2]                    135
├─Sequential: 1-2                        [1, 2]                    (recursive)
│    └─SandwichFc: 2-9                   [1, 64]                   (recursive)
│    └─SandwichFc: 2-10                  [1, 64]                   (recursive)
│    └─SandwichFc: 2-11                  [1, 64]                   (recursive)
│    └─SandwichFc: 2-12                  [1, 64]                   (recursive)
│    └─SandwichFc: 2-13                  [1, 64]                   (recursive)
│    └─SandwichFc: 2-14                  [1, 64]                   (recursive)
│    └─SandwichFc: 2-15                  [1, 64]                   (recursive)
│    └─SandwichLin: 2-16                 [1, 2]                    (recursive)
==========================================================================================
Total params: 54,420
Trainable params: 54,414
Non-trainable params: 6
Total mult-adds (Units.MEGABYTES): 0.11
==========================================================================================
Input size (MB): 0.00
Forward/backward pass size (MB): 0.01
Params size (MB): 0.22
Estimated Total Size (MB): 0.22
==========================================================================================
==> Saving initial model weights...
==> Start training...
==> Number of param_groups in optimizer: 1
Epoch: 001 | Train Loss: 9.7490110 | Grad norm: 323.028748 | Time: 17s613ms
Epoch: 001 | Test Loss: 9.6746751 | Time: 594ms
==> Save the model at epoch 001 with test loss 9.6746751
Epoch: 002 | Train Loss: 0.1155837 | Grad norm: 15.311821 | Time: 16s999ms
Epoch: 002 | Test Loss: 0.0123390 | Time: 571ms
==> Save the model at epoch 002 with test loss 0.0123390
Epoch: 003 | Train Loss: 0.0251793 | Grad norm: 7.830693 | Time: 17s190ms
Epoch: 003 | Test Loss: 0.0195178 | Time: 589ms
Epoch: 004 | Train Loss: 0.0312288 | Grad norm: 7.671069 | Time: 17s637ms
Epoch: 004 | Test Loss: 0.0393967 | Time: 593ms
Epoch: 005 | Train Loss: 0.0350964 | Grad norm: 7.610864 | Time: 16s915ms
Epoch: 005 | Test Loss: 0.0440211 | Time: 617ms
Epoch: 006 | Train Loss: 0.0423509 | Grad norm: 8.462538 | Time: 16s992ms
Epoch: 006 | Test Loss: 0.0183228 | Time: 685ms
Epoch: 007 | Train Loss: 0.0444265 | Grad norm: 8.085879 | Time: 17s178ms
Epoch: 007 | Test Loss: 0.0414548 | Time: 620ms
Epoch: 008 | Train Loss: 0.0571466 | Grad norm: 9.025418 | Time: 16s763ms
Epoch: 008 | Test Loss: 0.0483801 | Time: 551ms
Epoch: 009 | Train Loss: 0.0466790 | Grad norm: 7.742340 | Time: 16s865ms
Epoch: 009 | Test Loss: 0.0182083 | Time: 630ms
Epoch: 010 | Train Loss: 0.0470637 | Grad norm: 7.222065 | Time: 16s976ms
Epoch: 010 | Test Loss: 0.0326412 | Time: 556ms
Epoch: 011 | Train Loss: 0.0282348 | Grad norm: 5.535744 | Time: 17s214ms
Epoch: 011 | Test Loss: 0.0310051 | Time: 613ms
Epoch: 012 | Train Loss: 0.0269509 | Grad norm: 4.788997 | Time: 17s124ms
Epoch: 012 | Test Loss: 0.0184605 | Time: 569ms
Epoch: 013 | Train Loss: 0.0236425 | Grad norm: 4.221604 | Time: 17s468ms
Epoch: 013 | Test Loss: 0.0188663 | Time: 574ms
Epoch: 014 | Train Loss: 0.0263418 | Grad norm: 4.675696 | Time: 17s317ms
Epoch: 014 | Test Loss: 0.0205696 | Time: 567ms
Epoch: 015 | Train Loss: 0.0195944 | Grad norm: 3.827618 | Time: 17s177ms
Epoch: 015 | Test Loss: 0.0164604 | Time: 585ms
Epoch: 016 | Train Loss: 0.0175618 | Grad norm: 3.358668 | Time: 17s429ms
Epoch: 016 | Test Loss: 0.0215329 | Time: 612ms
Epoch: 017 | Train Loss: 0.0168507 | Grad norm: 3.118246 | Time: 17s400ms
Epoch: 017 | Test Loss: 0.0125842 | Time: 573ms
Epoch: 018 | Train Loss: 0.0161365 | Grad norm: 3.098559 | Time: 16s786ms
Epoch: 018 | Test Loss: 0.0148639 | Time: 574ms
Epoch: 019 | Train Loss: 0.0142035 | Grad norm: 2.772076 | Time: 16s971ms
Epoch: 019 | Test Loss: 0.0113841 | Time: 602ms
==> Save the model at epoch 019 with test loss 0.0113841
Epoch: 020 | Train Loss: 0.0146097 | Grad norm: 2.707764 | Time: 16s937ms
Epoch: 020 | Test Loss: 0.0113036 | Time: 675ms
==> Save the model at epoch 020 with test loss 0.0113036
Epoch: 021 | Train Loss: 0.0126337 | Grad norm: 2.240061 | Time: 17s249ms
Epoch: 021 | Test Loss: 0.0137198 | Time: 568ms
Epoch: 022 | Train Loss: 0.0113280 | Grad norm: 1.961422 | Time: 17s246ms
Epoch: 022 | Test Loss: 0.0119284 | Time: 609ms
Epoch: 023 | Train Loss: 0.0110996 | Grad norm: 1.989457 | Time: 17s628ms
Epoch: 023 | Test Loss: 0.0129047 | Time: 619ms
Epoch: 024 | Train Loss: 0.0102635 | Grad norm: 1.826997 | Time: 17s354ms
Epoch: 024 | Test Loss: 0.0092397 | Time: 574ms
==> Save the model at epoch 024 with test loss 0.0092397
Epoch: 025 | Train Loss: 0.0094510 | Grad norm: 1.504471 | Time: 17s867ms
Epoch: 025 | Test Loss: 0.0080540 | Time: 613ms
==> Save the model at epoch 025 with test loss 0.0080540
Epoch: 026 | Train Loss: 0.0092902 | Grad norm: 1.474598 | Time: 17s720ms
Epoch: 026 | Test Loss: 0.0083252 | Time: 593ms
Epoch: 027 | Train Loss: 0.0087787 | Grad norm: 1.320349 | Time: 17s734ms
Epoch: 027 | Test Loss: 0.0087229 | Time: 578ms
Epoch: 028 | Train Loss: 0.0086907 | Grad norm: 1.245563 | Time: 17s690ms
Epoch: 028 | Test Loss: 0.0088454 | Time: 600ms
Epoch: 029 | Train Loss: 0.0081074 | Grad norm: 1.078923 | Time: 17s349ms
Epoch: 029 | Test Loss: 0.0080747 | Time: 580ms
Epoch: 030 | Train Loss: 0.0077497 | Grad norm: 0.989497 | Time: 17s782ms
Epoch: 030 | Test Loss: 0.0082223 | Time: 593ms
Epoch: 031 | Train Loss: 0.0075516 | Grad norm: 0.906954 | Time: 17s662ms
Epoch: 031 | Test Loss: 0.0073790 | Time: 693ms
==> Save the model at epoch 031 with test loss 0.0073790
Epoch: 032 | Train Loss: 0.0072817 | Grad norm: 0.794333 | Time: 18s24ms
Epoch: 032 | Test Loss: 0.0070202 | Time: 628ms
==> Save the model at epoch 032 with test loss 0.0070202
Epoch: 033 | Train Loss: 0.0071071 | Grad norm: 0.730480 | Time: 18s153ms
Epoch: 033 | Test Loss: 0.0067961 | Time: 679ms
==> Save the model at epoch 033 with test loss 0.0067961
Epoch: 034 | Train Loss: 0.0069541 | Grad norm: 0.658823 | Time: 17s157ms
Epoch: 034 | Test Loss: 0.0064996 | Time: 643ms
==> Save the model at epoch 034 with test loss 0.0064996
Epoch: 035 | Train Loss: 0.0068490 | Grad norm: 0.607806 | Time: 17s530ms
Epoch: 035 | Test Loss: 0.0072129 | Time: 565ms
Epoch: 036 | Train Loss: 0.0067552 | Grad norm: 0.542397 | Time: 17s96ms
Epoch: 036 | Test Loss: 0.0068362 | Time: 601ms
Epoch: 037 | Train Loss: 0.0066555 | Grad norm: 0.499802 | Time: 18s14ms
Epoch: 037 | Test Loss: 0.0064923 | Time: 637ms
==> Save the model at epoch 037 with test loss 0.0064923
Epoch: 038 | Train Loss: 0.0065814 | Grad norm: 0.426868 | Time: 18s371ms
Epoch: 038 | Test Loss: 0.0063929 | Time: 626ms
==> Save the model at epoch 038 with test loss 0.0063929
Epoch: 039 | Train Loss: 0.0065175 | Grad norm: 0.372126 | Time: 17s696ms
Epoch: 039 | Test Loss: 0.0063796 | Time: 607ms
==> Save the model at epoch 039 with test loss 0.0063796
Epoch: 040 | Train Loss: 0.0064837 | Grad norm: 0.338109 | Time: 17s164ms
Epoch: 040 | Test Loss: 0.0063651 | Time: 594ms
==> Save the model at epoch 040 with test loss 0.0063651
Total time: 11m59s
==> Saving trained model weights...
==> Input bias to be applied to the neural network (trained):
[0. 0.]
==> Input transform to be applied to the neural network (trained):
[0.496845   0.52004784]
==> Output transform to be applied to the neural network (trained):
[1.9242 2.0182]
==> Saving training info...
==> Drawing training loss...
==> Drawing grad norm...
==> Drawing testing loss...
==> Process finished.
