==> torch device:  cuda:0
==> Test-Train split: test_ratio = 0.20
==> Test-Train split seed:  None
==> Further split: further_train_ratio = 1.00
==> Further split seed:  None
==> Input bias to be applied to the neural network:
[0. 0.]
==> Input transform to be applied to the neural network:
[0.5090095 0.5090095]
==> Ouput transform to be applied to the neural network:
[3.9366 3.9363]
==> Evaluating model...
==========================================================================================
Layer (type:depth-idx)                   Output Shape              Param #
==========================================================================================
NeuralNetwork                            [1, 2]                    6
├─Sequential: 1-1                        [1, 2]                    --
│    └─Linear: 2-1                       [1, 64]                   192
│    └─ReLU: 2-2                         [1, 64]                   --
│    └─Linear: 2-3                       [1, 64]                   4,160
│    └─ReLU: 2-4                         [1, 64]                   --
│    └─Linear: 2-5                       [1, 64]                   4,160
│    └─ReLU: 2-6                         [1, 64]                   --
│    └─Linear: 2-7                       [1, 64]                   4,160
│    └─ReLU: 2-8                         [1, 64]                   --
│    └─Linear: 2-9                       [1, 64]                   4,160
│    └─ReLU: 2-10                        [1, 64]                   --
│    └─Linear: 2-11                      [1, 64]                   4,160
│    └─ReLU: 2-12                        [1, 64]                   --
│    └─Linear: 2-13                      [1, 64]                   4,160
│    └─ReLU: 2-14                        [1, 64]                   --
│    └─Linear: 2-15                      [1, 2]                    130
├─Sequential: 1-2                        [1, 2]                    (recursive)
│    └─Linear: 2-16                      [1, 64]                   (recursive)
│    └─ReLU: 2-17                        [1, 64]                   --
│    └─Linear: 2-18                      [1, 64]                   (recursive)
│    └─ReLU: 2-19                        [1, 64]                   --
│    └─Linear: 2-20                      [1, 64]                   (recursive)
│    └─ReLU: 2-21                        [1, 64]                   --
│    └─Linear: 2-22                      [1, 64]                   (recursive)
│    └─ReLU: 2-23                        [1, 64]                   --
│    └─Linear: 2-24                      [1, 64]                   (recursive)
│    └─ReLU: 2-25                        [1, 64]                   --
│    └─Linear: 2-26                      [1, 64]                   (recursive)
│    └─ReLU: 2-27                        [1, 64]                   --
│    └─Linear: 2-28                      [1, 64]                   (recursive)
│    └─ReLU: 2-29                        [1, 64]                   --
│    └─Linear: 2-30                      [1, 2]                    (recursive)
==========================================================================================
Total params: 25,288
Trainable params: 25,282
Non-trainable params: 6
Total mult-adds (Units.MEGABYTES): 0.05
==========================================================================================
Input size (MB): 0.00
Forward/backward pass size (MB): 0.01
Params size (MB): 0.10
Estimated Total Size (MB): 0.11
==========================================================================================
==> Saving initial model weights...
==> Start training...
==> Number of param_groups in optimizer: 1
Epoch: 001 | Train Loss: 30.9188835 | Grad norm: 1.031293 | Time: 4s364ms
Epoch: 001 | Test Loss: 31.2815891 | Time: 537ms
==> Save the model at epoch 001 with test loss 31.2815891
Epoch: 002 | Train Loss: 1.5995297 | Grad norm: 6.113633 | Time: 4s449ms
Epoch: 002 | Test Loss: 0.0161656 | Time: 455ms
==> Save the model at epoch 002 with test loss 0.0161656
Epoch: 003 | Train Loss: 0.0294449 | Grad norm: 3.381280 | Time: 4s219ms
Epoch: 003 | Test Loss: 0.0285284 | Time: 450ms
Epoch: 004 | Train Loss: 0.0490959 | Grad norm: 4.247966 | Time: 4s182ms
Epoch: 004 | Test Loss: 0.0531886 | Time: 479ms
Epoch: 005 | Train Loss: 0.0620580 | Grad norm: 4.906017 | Time: 4s283ms
Epoch: 005 | Test Loss: 0.0513800 | Time: 481ms
Epoch: 006 | Train Loss: 0.0786915 | Grad norm: 5.375874 | Time: 4s298ms
Epoch: 006 | Test Loss: 0.0512495 | Time: 535ms
Epoch: 007 | Train Loss: 0.0889326 | Grad norm: 5.762976 | Time: 4s158ms
Epoch: 007 | Test Loss: 0.0204491 | Time: 455ms
Epoch: 008 | Train Loss: 0.1024365 | Grad norm: 6.191483 | Time: 4s404ms
Epoch: 008 | Test Loss: 0.1760643 | Time: 479ms
Epoch: 009 | Train Loss: 0.1390007 | Grad norm: 7.401691 | Time: 4s269ms
Epoch: 009 | Test Loss: 0.0576670 | Time: 532ms
Epoch: 010 | Train Loss: 0.0842209 | Grad norm: 5.596744 | Time: 4s181ms
Epoch: 010 | Test Loss: 0.0454191 | Time: 463ms
Epoch: 011 | Train Loss: 0.0739034 | Grad norm: 5.258374 | Time: 4s43ms
Epoch: 011 | Test Loss: 0.0873102 | Time: 468ms
Epoch: 012 | Train Loss: 0.0746070 | Grad norm: 5.170133 | Time: 3s850ms
Epoch: 012 | Test Loss: 0.0440929 | Time: 454ms
Epoch: 013 | Train Loss: 0.0552333 | Grad norm: 4.277408 | Time: 4s249ms
Epoch: 013 | Test Loss: 0.1038097 | Time: 451ms
Epoch: 014 | Train Loss: 0.0594099 | Grad norm: 4.494759 | Time: 3s907ms
Epoch: 014 | Test Loss: 0.2343909 | Time: 524ms
Epoch: 015 | Train Loss: 0.0721955 | Grad norm: 4.983665 | Time: 4s170ms
Epoch: 015 | Test Loss: 0.1200838 | Time: 575ms
Epoch: 016 | Train Loss: 0.0479887 | Grad norm: 3.910960 | Time: 4s165ms
Epoch: 016 | Test Loss: 0.0217752 | Time: 470ms
Epoch: 017 | Train Loss: 0.0342487 | Grad norm: 3.370124 | Time: 4s133ms
Epoch: 017 | Test Loss: 0.0352308 | Time: 451ms
Epoch: 018 | Train Loss: 0.0368965 | Grad norm: 3.350640 | Time: 4s108ms
Epoch: 018 | Test Loss: 0.0706225 | Time: 460ms
Epoch: 019 | Train Loss: 0.0329120 | Grad norm: 3.131651 | Time: 4s222ms
Epoch: 019 | Test Loss: 0.0142978 | Time: 489ms
==> Save the model at epoch 019 with test loss 0.0142978
Epoch: 020 | Train Loss: 0.0251279 | Grad norm: 2.732294 | Time: 4s135ms
Epoch: 020 | Test Loss: 0.0330840 | Time: 453ms
Epoch: 021 | Train Loss: 0.0280463 | Grad norm: 2.831283 | Time: 4s275ms
Epoch: 021 | Test Loss: 0.0143646 | Time: 455ms
Epoch: 022 | Train Loss: 0.0222623 | Grad norm: 2.386398 | Time: 4s205ms
Epoch: 022 | Test Loss: 0.0145866 | Time: 528ms
Epoch: 023 | Train Loss: 0.0166347 | Grad norm: 2.012965 | Time: 4s126ms
Epoch: 023 | Test Loss: 0.0104995 | Time: 450ms
==> Save the model at epoch 023 with test loss 0.0104995
Epoch: 024 | Train Loss: 0.0147417 | Grad norm: 1.780368 | Time: 4s251ms
Epoch: 024 | Test Loss: 0.0083631 | Time: 452ms
==> Save the model at epoch 024 with test loss 0.0083631
Epoch: 025 | Train Loss: 0.0130359 | Grad norm: 1.633015 | Time: 4s211ms
Epoch: 025 | Test Loss: 0.0113338 | Time: 467ms
Epoch: 026 | Train Loss: 0.0113426 | Grad norm: 1.381251 | Time: 3s977ms
Epoch: 026 | Test Loss: 0.0114465 | Time: 452ms
Epoch: 027 | Train Loss: 0.0099645 | Grad norm: 1.125138 | Time: 4s287ms
Epoch: 027 | Test Loss: 0.0110606 | Time: 454ms
Epoch: 028 | Train Loss: 0.0095391 | Grad norm: 1.040524 | Time: 4s179ms
Epoch: 028 | Test Loss: 0.0086454 | Time: 485ms
Epoch: 029 | Train Loss: 0.0086069 | Grad norm: 0.810080 | Time: 4s133ms
Epoch: 029 | Test Loss: 0.0076074 | Time: 548ms
==> Save the model at epoch 029 with test loss 0.0076074
Epoch: 030 | Train Loss: 0.0084992 | Grad norm: 0.789110 | Time: 4s49ms
Epoch: 030 | Test Loss: 0.0077604 | Time: 464ms
Epoch: 031 | Train Loss: 0.0079923 | Grad norm: 0.616103 | Time: 4s89ms
Epoch: 031 | Test Loss: 0.0083429 | Time: 474ms
Epoch: 032 | Train Loss: 0.0078743 | Grad norm: 0.584987 | Time: 4s87ms
Epoch: 032 | Test Loss: 0.0082129 | Time: 476ms
Epoch: 033 | Train Loss: 0.0078208 | Grad norm: 0.575211 | Time: 4s286ms
Epoch: 033 | Test Loss: 0.0088664 | Time: 540ms
Epoch: 034 | Train Loss: 0.0075860 | Grad norm: 0.479443 | Time: 4s81ms
Epoch: 034 | Test Loss: 0.0078527 | Time: 497ms
Epoch: 035 | Train Loss: 0.0075023 | Grad norm: 0.431825 | Time: 4s186ms
Epoch: 035 | Test Loss: 0.0076663 | Time: 478ms
Epoch: 036 | Train Loss: 0.0073739 | Grad norm: 0.373426 | Time: 4s151ms
Epoch: 036 | Test Loss: 0.0072870 | Time: 465ms
==> Save the model at epoch 036 with test loss 0.0072870
Epoch: 037 | Train Loss: 0.0072717 | Grad norm: 0.315428 | Time: 4s244ms
Epoch: 037 | Test Loss: 0.0073134 | Time: 464ms
Epoch: 038 | Train Loss: 0.0072347 | Grad norm: 0.292282 | Time: 4s255ms
Epoch: 038 | Test Loss: 0.0072137 | Time: 459ms
==> Save the model at epoch 038 with test loss 0.0072137
Epoch: 039 | Train Loss: 0.0071721 | Grad norm: 0.249413 | Time: 4s259ms
Epoch: 039 | Test Loss: 0.0071268 | Time: 470ms
==> Save the model at epoch 039 with test loss 0.0071268
Epoch: 040 | Train Loss: 0.0071255 | Grad norm: 0.201077 | Time: 4s38ms
Epoch: 040 | Test Loss: 0.0071318 | Time: 456ms
Total time: 3m6s
==> Saving trained model weights...
==> Input bias to be applied to the neural network (trained):
[0. 0.]
==> Input transform to be applied to the neural network (trained):
[0.5090095 0.5090095]
==> Output transform to be applied to the neural network (trained):
[3.9366 3.9363]
==> Saving training info...
==> Drawing training loss...
==> Drawing grad norm...
==> Drawing testing loss...
==> Process finished.
