==> torch device:  cuda:3
==> Test-Train split: test_ratio = 0.20
==> Test-Train split seed:  None
==> Further split: further_train_ratio = 1.00
==> Further split seed:  None
==> Input bias to be applied to the neural network:
[0. 0.]
==> Input transform to be applied to the neural network:
[1. 1.]
==> Ouput transform to be applied to the neural network:
[1. 1.]
==> Evaluating model...
==========================================================================================
Layer (type:depth-idx)                   Output Shape              Param #
==========================================================================================
NeuralNetwork                            [1, 2]                    6
├─Sequential: 1-1                        [1, 2]                    --
│    └─Linear: 2-1                       [1, 64]                   192
│    └─LeakyReLU: 2-2                    [1, 64]                   --
│    └─Linear: 2-3                       [1, 64]                   4,160
│    └─LeakyReLU: 2-4                    [1, 64]                   --
│    └─Linear: 2-5                       [1, 64]                   4,160
│    └─LeakyReLU: 2-6                    [1, 64]                   --
│    └─Linear: 2-7                       [1, 64]                   4,160
│    └─LeakyReLU: 2-8                    [1, 64]                   --
│    └─Linear: 2-9                       [1, 64]                   4,160
│    └─LeakyReLU: 2-10                   [1, 64]                   --
│    └─Linear: 2-11                      [1, 64]                   4,160
│    └─LeakyReLU: 2-12                   [1, 64]                   --
│    └─Linear: 2-13                      [1, 64]                   4,160
│    └─LeakyReLU: 2-14                   [1, 64]                   --
│    └─Linear: 2-15                      [1, 2]                    130
==========================================================================================
Total params: 25,288
Trainable params: 25,282
Non-trainable params: 6
Total mult-adds (M): 0.03
==========================================================================================
Input size (MB): 0.00
Forward/backward pass size (MB): 0.00
Params size (MB): 0.10
Estimated Total Size (MB): 0.10
==========================================================================================
==> Saving initial model weights...
==> Start training...
Epoch: 001 | Loss: 3.0154705 | L2 loss: 2.8150997 | Lip loss: 0.2003708 | Grad norm: 13.019722 | Time: 50s24ms
Epoch: 001 | Test Loss: 0.0299109 | Time: 527ms
==> Save the model at epoch 001 with test loss 0.0299109
Epoch: 002 | Loss: 0.2418695 | L2 loss: 0.0359562 | Lip loss: 0.2059134 | Grad norm: 6.445119 | Time: 45s706ms
Epoch: 002 | Test Loss: 0.0202662 | Time: 530ms
==> Save the model at epoch 002 with test loss 0.0202662
Epoch: 003 | Loss: 0.2307310 | L2 loss: 0.0249071 | Lip loss: 0.2058239 | Grad norm: 4.055362 | Time: 47s473ms
Epoch: 003 | Test Loss: 0.0252620 | Time: 535ms
Epoch: 004 | Loss: 0.2246330 | L2 loss: 0.0191688 | Lip loss: 0.2054642 | Grad norm: 3.198983 | Time: 48s963ms
Epoch: 004 | Test Loss: 0.0199331 | Time: 534ms
==> Save the model at epoch 004 with test loss 0.0199331
Epoch: 005 | Loss: 0.2258987 | L2 loss: 0.0203936 | Lip loss: 0.2055051 | Grad norm: 3.140737 | Time: 45s742ms
Epoch: 005 | Test Loss: 0.0165559 | Time: 529ms
==> Save the model at epoch 005 with test loss 0.0165559
Epoch: 006 | Loss: 0.2116502 | L2 loss: 0.0089885 | Lip loss: 0.2026617 | Grad norm: 1.149447 | Time: 46s705ms
Epoch: 006 | Test Loss: 0.0085929 | Time: 539ms
==> Save the model at epoch 006 with test loss 0.0085929
Epoch: 007 | Loss: 0.2110634 | L2 loss: 0.0086486 | Lip loss: 0.2024148 | Grad norm: 1.090713 | Time: 48s456ms
Epoch: 007 | Test Loss: 0.0086278 | Time: 527ms
Epoch: 008 | Loss: 0.2109767 | L2 loss: 0.0086202 | Lip loss: 0.2023565 | Grad norm: 1.108188 | Time: 45s770ms
Epoch: 008 | Test Loss: 0.0087779 | Time: 528ms
Epoch: 009 | Loss: 0.2105694 | L2 loss: 0.0086097 | Lip loss: 0.2019597 | Grad norm: 1.166724 | Time: 45s830ms
Epoch: 009 | Test Loss: 0.0079228 | Time: 528ms
==> Save the model at epoch 009 with test loss 0.0079228
Epoch: 010 | Loss: 0.2103922 | L2 loss: 0.0084799 | Lip loss: 0.2019122 | Grad norm: 1.120382 | Time: 45s890ms
Epoch: 010 | Test Loss: 0.0078560 | Time: 531ms
==> Save the model at epoch 010 with test loss 0.0078560
Epoch: 011 | Loss: 0.2093524 | L2 loss: 0.0077537 | Lip loss: 0.2015986 | Grad norm: 0.850416 | Time: 46s428ms
Epoch: 011 | Test Loss: 0.0075743 | Time: 533ms
==> Save the model at epoch 011 with test loss 0.0075743
Epoch: 012 | Loss: 0.2092369 | L2 loss: 0.0077279 | Lip loss: 0.2015090 | Grad norm: 0.864944 | Time: 46s602ms
Epoch: 012 | Test Loss: 0.0074848 | Time: 536ms
==> Save the model at epoch 012 with test loss 0.0074848
Epoch: 013 | Loss: 0.2091192 | L2 loss: 0.0076936 | Lip loss: 0.2014256 | Grad norm: 0.829934 | Time: 49s414ms
Epoch: 013 | Test Loss: 0.0076072 | Time: 536ms
Epoch: 014 | Loss: 0.2090928 | L2 loss: 0.0076949 | Lip loss: 0.2013979 | Grad norm: 0.838401 | Time: 49s614ms
Epoch: 014 | Test Loss: 0.0075264 | Time: 537ms
Epoch: 015 | Loss: 0.2089591 | L2 loss: 0.0076951 | Lip loss: 0.2012639 | Grad norm: 0.838594 | Time: 48s643ms
Epoch: 015 | Test Loss: 0.0074616 | Time: 535ms
==> Save the model at epoch 015 with test loss 0.0074616
Epoch: 016 | Loss: 0.2089028 | L2 loss: 0.0076405 | Lip loss: 0.2012623 | Grad norm: 0.807319 | Time: 45s782ms
Epoch: 016 | Test Loss: 0.0074054 | Time: 526ms
==> Save the model at epoch 016 with test loss 0.0074054
Epoch: 017 | Loss: 0.2089196 | L2 loss: 0.0076233 | Lip loss: 0.2012963 | Grad norm: 0.810235 | Time: 47s198ms
Epoch: 017 | Test Loss: 0.0074652 | Time: 545ms
Epoch: 018 | Loss: 0.2088329 | L2 loss: 0.0076288 | Lip loss: 0.2012041 | Grad norm: 0.815547 | Time: 49s218ms
Epoch: 018 | Test Loss: 0.0074424 | Time: 532ms
Epoch: 019 | Loss: 0.2088275 | L2 loss: 0.0076253 | Lip loss: 0.2012022 | Grad norm: 0.813498 | Time: 50s86ms
Epoch: 019 | Test Loss: 0.0074385 | Time: 536ms
Epoch: 020 | Loss: 0.2088194 | L2 loss: 0.0076165 | Lip loss: 0.2012029 | Grad norm: 0.795647 | Time: 50s72ms
Epoch: 020 | Test Loss: 0.0074677 | Time: 544ms
Epoch: 021 | Loss: 0.2089231 | L2 loss: 0.0076238 | Lip loss: 0.2012993 | Grad norm: 0.806263 | Time: 47s588ms
Epoch: 021 | Test Loss: 0.0074505 | Time: 531ms
Epoch: 022 | Loss: 0.2087772 | L2 loss: 0.0076146 | Lip loss: 0.2011626 | Grad norm: 0.803857 | Time: 45s896ms
Epoch: 022 | Test Loss: 0.0074474 | Time: 531ms
Epoch: 023 | Loss: 0.2087814 | L2 loss: 0.0076129 | Lip loss: 0.2011684 | Grad norm: 0.804554 | Time: 45s934ms
Epoch: 023 | Test Loss: 0.0074446 | Time: 531ms
Epoch: 024 | Loss: 0.2087422 | L2 loss: 0.0076077 | Lip loss: 0.2011345 | Grad norm: 0.802364 | Time: 50s120ms
Epoch: 024 | Test Loss: 0.0074452 | Time: 607ms
Epoch: 025 | Loss: 0.2089086 | L2 loss: 0.0076141 | Lip loss: 0.2012945 | Grad norm: 0.806095 | Time: 48s474ms
Epoch: 025 | Test Loss: 0.0074441 | Time: 594ms
Epoch: 026 | Loss: 0.2087642 | L2 loss: 0.0076108 | Lip loss: 0.2011534 | Grad norm: 0.813016 | Time: 49s684ms
Epoch: 026 | Test Loss: 0.0074445 | Time: 526ms
Epoch: 027 | Loss: 0.2088235 | L2 loss: 0.0076112 | Lip loss: 0.2012123 | Grad norm: 0.812307 | Time: 50s359ms
Epoch: 027 | Test Loss: 0.0074447 | Time: 535ms
Epoch: 028 | Loss: 0.2088570 | L2 loss: 0.0076114 | Lip loss: 0.2012456 | Grad norm: 0.802330 | Time: 47s891ms
Epoch: 028 | Test Loss: 0.0074452 | Time: 527ms
Epoch: 029 | Loss: 0.2088288 | L2 loss: 0.0076117 | Lip loss: 0.2012171 | Grad norm: 0.801937 | Time: 48s919ms
Epoch: 029 | Test Loss: 0.0074455 | Time: 538ms
Epoch: 030 | Loss: 0.2088551 | L2 loss: 0.0076123 | Lip loss: 0.2012427 | Grad norm: 0.812371 | Time: 49s690ms
Epoch: 030 | Test Loss: 0.0074465 | Time: 606ms
Epoch: 031 | Loss: 0.2089493 | L2 loss: 0.0076127 | Lip loss: 0.2013366 | Grad norm: 0.823303 | Time: 49s638ms
Epoch: 031 | Test Loss: 0.0074465 | Time: 597ms
Epoch: 032 | Loss: 0.2088345 | L2 loss: 0.0076128 | Lip loss: 0.2012218 | Grad norm: 0.817632 | Time: 49s307ms
Epoch: 032 | Test Loss: 0.0074465 | Time: 536ms
Epoch: 033 | Loss: 0.2089627 | L2 loss: 0.0076128 | Lip loss: 0.2013499 | Grad norm: 0.809735 | Time: 49s268ms
Epoch: 033 | Test Loss: 0.0074465 | Time: 546ms
Epoch: 034 | Loss: 0.2088039 | L2 loss: 0.0076128 | Lip loss: 0.2011912 | Grad norm: 0.813430 | Time: 50s227ms
Epoch: 034 | Test Loss: 0.0074465 | Time: 549ms
Epoch: 035 | Loss: 0.2088671 | L2 loss: 0.0076128 | Lip loss: 0.2012544 | Grad norm: 0.822517 | Time: 50s434ms
Epoch: 035 | Test Loss: 0.0074465 | Time: 534ms
Epoch: 036 | Loss: 0.2087810 | L2 loss: 0.0076128 | Lip loss: 0.2011683 | Grad norm: 0.807162 | Time: 51s102ms
Epoch: 036 | Test Loss: 0.0074465 | Time: 602ms
Epoch: 037 | Loss: 0.2087070 | L2 loss: 0.0076128 | Lip loss: 0.2010942 | Grad norm: 0.801976 | Time: 49s140ms
Epoch: 037 | Test Loss: 0.0074465 | Time: 594ms
Epoch: 038 | Loss: 0.2087102 | L2 loss: 0.0076128 | Lip loss: 0.2010974 | Grad norm: 0.784125 | Time: 49s329ms
Epoch: 038 | Test Loss: 0.0074465 | Time: 516ms
Epoch: 039 | Loss: 0.2088509 | L2 loss: 0.0076128 | Lip loss: 0.2012381 | Grad norm: 0.800534 | Time: 53s889ms
Epoch: 039 | Test Loss: 0.0074465 | Time: 537ms
Epoch: 040 | Loss: 0.2089208 | L2 loss: 0.0076128 | Lip loss: 0.2013080 | Grad norm: 0.814975 | Time: 52s985ms
Epoch: 040 | Test Loss: 0.0074465 | Time: 539ms
Total time: 32m45s
==> Saving trained model weights...
==> Input bias to be applied to the neural network (trained):
[0. 0.]
==> Input transform to be applied to the neural network (trained):
[1. 1.]
==> Output transform to be applied to the neural network (trained):
[1. 1.]
==> Saving training info...
==> Drawing training loss...
==> Drawing grad norm...
==> Drawing testing loss...
==> Drawing l2 loss...
==> Drawing lip loss...
==> Process finished.
