==> torch device:  cuda:0
==> Test-Train split: test_ratio = 0.20
==> Test-Train split seed:  None
==> Further split: further_train_ratio = 0.50
==> Further split seed:  None
==> Input bias to be applied to the neural network:
[0. 0.]
==> Input transform to be applied to the neural network:
[1. 1.]
==> Ouput transform to be applied to the neural network:
[1. 1.]
==> Evaluating model...
==========================================================================================
Layer (type:depth-idx)                   Output Shape              Param #
==========================================================================================
NeuralNetwork                            [1, 2]                    6
├─Sequential: 1-1                        [1, 2]                    --
│    └─Linear: 2-1                       [1, 64]                   192
│    └─LeakyReLU: 2-2                    [1, 64]                   --
│    └─Linear: 2-3                       [1, 64]                   4,160
│    └─LeakyReLU: 2-4                    [1, 64]                   --
│    └─Linear: 2-5                       [1, 64]                   4,160
│    └─LeakyReLU: 2-6                    [1, 64]                   --
│    └─Linear: 2-7                       [1, 64]                   4,160
│    └─LeakyReLU: 2-8                    [1, 64]                   --
│    └─Linear: 2-9                       [1, 64]                   4,160
│    └─LeakyReLU: 2-10                   [1, 64]                   --
│    └─Linear: 2-11                      [1, 64]                   4,160
│    └─LeakyReLU: 2-12                   [1, 64]                   --
│    └─Linear: 2-13                      [1, 64]                   4,160
│    └─LeakyReLU: 2-14                   [1, 64]                   --
│    └─Linear: 2-15                      [1, 2]                    130
==========================================================================================
Total params: 25,288
Trainable params: 25,282
Non-trainable params: 6
Total mult-adds (Units.MEGABYTES): 0.03
==========================================================================================
Input size (MB): 0.00
Forward/backward pass size (MB): 0.00
Params size (MB): 0.10
Estimated Total Size (MB): 0.10
==========================================================================================
==> Saving initial model weights...
==> Start training...
Epoch: 001 | Loss: 0.7950661 | L2 loss: 0.7939562 | Lip loss: 0.0011100 | Grad norm: 1.873655 | Time: 27s792ms
Epoch: 001 | Test Loss: 0.0048928 | Time: 739ms
==> Save the model at epoch 001 with test loss 0.0048928
Epoch: 002 | Loss: 0.0046817 | L2 loss: 0.0035193 | Lip loss: 0.0011624 | Grad norm: 0.766428 | Time: 27s628ms
Epoch: 002 | Test Loss: 0.0046044 | Time: 817ms
==> Save the model at epoch 002 with test loss 0.0046044
Epoch: 003 | Loss: 0.0033180 | L2 loss: 0.0021486 | Lip loss: 0.0011694 | Grad norm: 0.620057 | Time: 28s537ms
Epoch: 003 | Test Loss: 0.0014400 | Time: 809ms
==> Save the model at epoch 003 with test loss 0.0014400
Epoch: 004 | Loss: 0.0040041 | L2 loss: 0.0028387 | Lip loss: 0.0011654 | Grad norm: 0.725041 | Time: 28s359ms
Epoch: 004 | Test Loss: 0.0019073 | Time: 803ms
Epoch: 005 | Loss: 0.0025264 | L2 loss: 0.0013704 | Lip loss: 0.0011560 | Grad norm: 0.463322 | Time: 27s369ms
Epoch: 005 | Test Loss: 0.0011063 | Time: 735ms
==> Save the model at epoch 005 with test loss 0.0011063
Epoch: 006 | Loss: 0.0018568 | L2 loss: 0.0006856 | Lip loss: 0.0011712 | Grad norm: 0.080659 | Time: 27s560ms
Epoch: 006 | Test Loss: 0.0006799 | Time: 740ms
==> Save the model at epoch 006 with test loss 0.0006799
Epoch: 007 | Loss: 0.0018477 | L2 loss: 0.0006716 | Lip loss: 0.0011762 | Grad norm: 0.074958 | Time: 27s978ms
Epoch: 007 | Test Loss: 0.0006948 | Time: 808ms
Epoch: 008 | Loss: 0.0018340 | L2 loss: 0.0006727 | Lip loss: 0.0011613 | Grad norm: 0.086493 | Time: 28s437ms
Epoch: 008 | Test Loss: 0.0006851 | Time: 805ms
Epoch: 009 | Loss: 0.0018408 | L2 loss: 0.0006655 | Lip loss: 0.0011753 | Grad norm: 0.087896 | Time: 27s231ms
Epoch: 009 | Test Loss: 0.0006651 | Time: 809ms
==> Save the model at epoch 009 with test loss 0.0006651
Epoch: 010 | Loss: 0.0018217 | L2 loss: 0.0006605 | Lip loss: 0.0011612 | Grad norm: 0.085743 | Time: 27s763ms
Epoch: 010 | Test Loss: 0.0006802 | Time: 817ms
Epoch: 011 | Loss: 0.0018006 | L2 loss: 0.0006386 | Lip loss: 0.0011620 | Grad norm: 0.054530 | Time: 28s44ms
Epoch: 011 | Test Loss: 0.0006458 | Time: 810ms
==> Save the model at epoch 011 with test loss 0.0006458
Epoch: 012 | Loss: 0.0018054 | L2 loss: 0.0006367 | Lip loss: 0.0011688 | Grad norm: 0.052026 | Time: 28s349ms
Epoch: 012 | Test Loss: 0.0006467 | Time: 739ms
Epoch: 013 | Loss: 0.0018031 | L2 loss: 0.0006369 | Lip loss: 0.0011662 | Grad norm: 0.055270 | Time: 28s121ms
Epoch: 013 | Test Loss: 0.0006471 | Time: 808ms
Epoch: 014 | Loss: 0.0018021 | L2 loss: 0.0006368 | Lip loss: 0.0011653 | Grad norm: 0.057078 | Time: 27s606ms
Epoch: 014 | Test Loss: 0.0006461 | Time: 824ms
Epoch: 015 | Loss: 0.0017950 | L2 loss: 0.0006374 | Lip loss: 0.0011576 | Grad norm: 0.061060 | Time: 27s402ms
Epoch: 015 | Test Loss: 0.0006436 | Time: 754ms
==> Save the model at epoch 015 with test loss 0.0006436
Epoch: 016 | Loss: 0.0018026 | L2 loss: 0.0006316 | Lip loss: 0.0011709 | Grad norm: 0.048142 | Time: 28s206ms
Epoch: 016 | Test Loss: 0.0006418 | Time: 806ms
==> Save the model at epoch 016 with test loss 0.0006418
Epoch: 017 | Loss: 0.0017930 | L2 loss: 0.0006316 | Lip loss: 0.0011615 | Grad norm: 0.048871 | Time: 28s202ms
Epoch: 017 | Test Loss: 0.0006429 | Time: 813ms
Epoch: 018 | Loss: 0.0017964 | L2 loss: 0.0006314 | Lip loss: 0.0011649 | Grad norm: 0.048489 | Time: 27s806ms
Epoch: 018 | Test Loss: 0.0006420 | Time: 812ms
Epoch: 019 | Loss: 0.0017925 | L2 loss: 0.0006314 | Lip loss: 0.0011610 | Grad norm: 0.048765 | Time: 27s111ms
Epoch: 019 | Test Loss: 0.0006414 | Time: 809ms
==> Save the model at epoch 019 with test loss 0.0006414
Epoch: 020 | Loss: 0.0017956 | L2 loss: 0.0006313 | Lip loss: 0.0011643 | Grad norm: 0.050815 | Time: 28s401ms
Epoch: 020 | Test Loss: 0.0006408 | Time: 808ms
==> Save the model at epoch 020 with test loss 0.0006408
Epoch: 021 | Loss: 0.0017978 | L2 loss: 0.0006305 | Lip loss: 0.0011673 | Grad norm: 0.047126 | Time: 28s331ms
Epoch: 021 | Test Loss: 0.0006409 | Time: 755ms
Epoch: 022 | Loss: 0.0017996 | L2 loss: 0.0006304 | Lip loss: 0.0011692 | Grad norm: 0.047825 | Time: 28s529ms
Epoch: 022 | Test Loss: 0.0006408 | Time: 806ms
Epoch: 023 | Loss: 0.0018002 | L2 loss: 0.0006304 | Lip loss: 0.0011699 | Grad norm: 0.046741 | Time: 28s151ms
Epoch: 023 | Test Loss: 0.0006410 | Time: 832ms
Epoch: 024 | Loss: 0.0018030 | L2 loss: 0.0006305 | Lip loss: 0.0011725 | Grad norm: 0.046554 | Time: 27s579ms
Epoch: 024 | Test Loss: 0.0006409 | Time: 753ms
Epoch: 025 | Loss: 0.0017922 | L2 loss: 0.0006305 | Lip loss: 0.0011617 | Grad norm: 0.046561 | Time: 28s251ms
Epoch: 025 | Test Loss: 0.0006411 | Time: 741ms
Epoch: 026 | Loss: 0.0017970 | L2 loss: 0.0006304 | Lip loss: 0.0011666 | Grad norm: 0.048683 | Time: 27s831ms
Epoch: 026 | Test Loss: 0.0006409 | Time: 806ms
Epoch: 027 | Loss: 0.0017917 | L2 loss: 0.0006304 | Lip loss: 0.0011613 | Grad norm: 0.046337 | Time: 27s612ms
Epoch: 027 | Test Loss: 0.0006409 | Time: 813ms
Epoch: 028 | Loss: 0.0017933 | L2 loss: 0.0006303 | Lip loss: 0.0011630 | Grad norm: 0.046776 | Time: 27s959ms
Epoch: 028 | Test Loss: 0.0006408 | Time: 805ms
Epoch: 029 | Loss: 0.0017963 | L2 loss: 0.0006305 | Lip loss: 0.0011658 | Grad norm: 0.046986 | Time: 28s773ms
Epoch: 029 | Test Loss: 0.0006408 | Time: 820ms
Epoch: 030 | Loss: 0.0017937 | L2 loss: 0.0006307 | Lip loss: 0.0011630 | Grad norm: 0.045472 | Time: 28s113ms
Epoch: 030 | Test Loss: 0.0006408 | Time: 751ms
==> Save the model at epoch 030 with test loss 0.0006408
Epoch: 031 | Loss: 0.0017942 | L2 loss: 0.0006303 | Lip loss: 0.0011639 | Grad norm: 0.046827 | Time: 27s764ms
Epoch: 031 | Test Loss: 0.0006408 | Time: 817ms
Epoch: 032 | Loss: 0.0017900 | L2 loss: 0.0006304 | Lip loss: 0.0011595 | Grad norm: 0.047437 | Time: 28s379ms
Epoch: 032 | Test Loss: 0.0006408 | Time: 807ms
==> Save the model at epoch 032 with test loss 0.0006408
Epoch: 033 | Loss: 0.0017951 | L2 loss: 0.0006303 | Lip loss: 0.0011648 | Grad norm: 0.046547 | Time: 28s674ms
Epoch: 033 | Test Loss: 0.0006408 | Time: 749ms
Epoch: 034 | Loss: 0.0017870 | L2 loss: 0.0006305 | Lip loss: 0.0011565 | Grad norm: 0.045899 | Time: 28s205ms
Epoch: 034 | Test Loss: 0.0006408 | Time: 741ms
==> Save the model at epoch 034 with test loss 0.0006408
Epoch: 035 | Loss: 0.0017970 | L2 loss: 0.0006306 | Lip loss: 0.0011664 | Grad norm: 0.046739 | Time: 27s980ms
Epoch: 035 | Test Loss: 0.0006408 | Time: 808ms
Epoch: 036 | Loss: 0.0017977 | L2 loss: 0.0006307 | Lip loss: 0.0011670 | Grad norm: 0.045259 | Time: 28s165ms
Epoch: 036 | Test Loss: 0.0006408 | Time: 806ms
Epoch: 037 | Loss: 0.0017927 | L2 loss: 0.0006304 | Lip loss: 0.0011623 | Grad norm: 0.045480 | Time: 28s575ms
Epoch: 037 | Test Loss: 0.0006408 | Time: 812ms
Epoch: 038 | Loss: 0.0017836 | L2 loss: 0.0006304 | Lip loss: 0.0011532 | Grad norm: 0.046581 | Time: 28s458ms
Epoch: 038 | Test Loss: 0.0006408 | Time: 830ms
Epoch: 039 | Loss: 0.0017805 | L2 loss: 0.0006303 | Lip loss: 0.0011502 | Grad norm: 0.045555 | Time: 28s255ms
Epoch: 039 | Test Loss: 0.0006408 | Time: 747ms
Epoch: 040 | Loss: 0.0017908 | L2 loss: 0.0006307 | Lip loss: 0.0011602 | Grad norm: 0.045869 | Time: 28s132ms
Epoch: 040 | Test Loss: 0.0006408 | Time: 810ms
Total time: 19m13s
==> Saving trained model weights...
==> Input bias to be applied to the neural network (trained):
[0. 0.]
==> Input transform to be applied to the neural network (trained):
[1. 1.]
==> Output transform to be applied to the neural network (trained):
[1. 1.]
==> Saving training info...
==> Drawing training loss...
==> Drawing grad norm...
==> Drawing testing loss...
==> Drawing l2 loss...
==> Drawing lip loss...
==> Process finished.
