==> torch device:  cuda:3
==> Test-Train split: test_ratio = 0.20
==> Test-Train split seed:  None
==> Further split: further_train_ratio = 0.50
==> Further split seed:  None
==> Input bias to be applied to the neural network:
[0. 0. 0. 0.]
==> Input transform to be applied to the neural network:
[1. 1. 1. 1.]
==> Ouput transform to be applied to the neural network:
[1. 1.]
==> Evaluating model...
==========================================================================================
Layer (type:depth-idx)                   Output Shape              Param #
==========================================================================================
NeuralNetwork                            [1, 2]                    10
├─Sequential: 1-1                        [1, 2]                    --
│    └─Linear: 2-1                       [1, 64]                   320
│    └─LeakyReLU: 2-2                    [1, 64]                   --
│    └─Linear: 2-3                       [1, 64]                   4,160
│    └─LeakyReLU: 2-4                    [1, 64]                   --
│    └─Linear: 2-5                       [1, 64]                   4,160
│    └─LeakyReLU: 2-6                    [1, 64]                   --
│    └─Linear: 2-7                       [1, 64]                   4,160
│    └─LeakyReLU: 2-8                    [1, 64]                   --
│    └─Linear: 2-9                       [1, 64]                   4,160
│    └─LeakyReLU: 2-10                   [1, 64]                   --
│    └─Linear: 2-11                      [1, 64]                   4,160
│    └─LeakyReLU: 2-12                   [1, 64]                   --
│    └─Linear: 2-13                      [1, 64]                   4,160
│    └─LeakyReLU: 2-14                   [1, 64]                   --
│    └─Linear: 2-15                      [1, 2]                    130
==========================================================================================
Total params: 25,420
Trainable params: 25,410
Non-trainable params: 10
Total mult-adds (Units.MEGABYTES): 0.03
==========================================================================================
Input size (MB): 0.00
Forward/backward pass size (MB): 0.00
Params size (MB): 0.10
Estimated Total Size (MB): 0.11
==========================================================================================
==> Saving initial model weights...
==> Start training...
Epoch: 001 | Loss: 0.0014287 | L2 loss: 0.0014261 | Lip loss: 0.0000026 | Grad norm: 0.017929 | Time: 18s85ms
Epoch: 001 | Test Loss: 0.0008242 | Time: 524ms
==> Save the model at epoch 001 with test loss 0.0008242
Epoch: 002 | Loss: 0.0006389 | L2 loss: 0.0006311 | Lip loss: 0.0000078 | Grad norm: 0.007532 | Time: 17s129ms
Epoch: 002 | Test Loss: 0.0005679 | Time: 499ms
==> Save the model at epoch 002 with test loss 0.0005679
Epoch: 003 | Loss: 0.0005828 | L2 loss: 0.0005736 | Lip loss: 0.0000092 | Grad norm: 0.007020 | Time: 17s62ms
Epoch: 003 | Test Loss: 0.0005670 | Time: 577ms
==> Save the model at epoch 003 with test loss 0.0005670
Epoch: 004 | Loss: 0.0005800 | L2 loss: 0.0005712 | Lip loss: 0.0000088 | Grad norm: 0.006927 | Time: 17s426ms
Epoch: 004 | Test Loss: 0.0005630 | Time: 530ms
==> Save the model at epoch 004 with test loss 0.0005630
Epoch: 005 | Loss: 0.0005765 | L2 loss: 0.0005678 | Lip loss: 0.0000087 | Grad norm: 0.006642 | Time: 17s798ms
Epoch: 005 | Test Loss: 0.0005612 | Time: 521ms
==> Save the model at epoch 005 with test loss 0.0005612
Epoch: 006 | Loss: 0.0005660 | L2 loss: 0.0005565 | Lip loss: 0.0000095 | Grad norm: 0.003839 | Time: 17s405ms
Epoch: 006 | Test Loss: 0.0005574 | Time: 505ms
==> Save the model at epoch 006 with test loss 0.0005574
Epoch: 007 | Loss: 0.0005642 | L2 loss: 0.0005557 | Lip loss: 0.0000084 | Grad norm: 0.003763 | Time: 17s337ms
Epoch: 007 | Test Loss: 0.0005563 | Time: 507ms
==> Save the model at epoch 007 with test loss 0.0005563
Epoch: 008 | Loss: 0.0005643 | L2 loss: 0.0005559 | Lip loss: 0.0000084 | Grad norm: 0.003856 | Time: 17s447ms
Epoch: 008 | Test Loss: 0.0005569 | Time: 523ms
Epoch: 009 | Loss: 0.0005647 | L2 loss: 0.0005553 | Lip loss: 0.0000093 | Grad norm: 0.003803 | Time: 17s334ms
Epoch: 009 | Test Loss: 0.0005590 | Time: 512ms
Epoch: 010 | Loss: 0.0005644 | L2 loss: 0.0005552 | Lip loss: 0.0000092 | Grad norm: 0.003883 | Time: 17s367ms
Epoch: 010 | Test Loss: 0.0005558 | Time: 613ms
==> Save the model at epoch 010 with test loss 0.0005558
Epoch: 011 | Loss: 0.0005628 | L2 loss: 0.0005536 | Lip loss: 0.0000092 | Grad norm: 0.003487 | Time: 17s363ms
Epoch: 011 | Test Loss: 0.0005554 | Time: 498ms
==> Save the model at epoch 011 with test loss 0.0005554
Epoch: 012 | Loss: 0.0005628 | L2 loss: 0.0005540 | Lip loss: 0.0000089 | Grad norm: 0.003420 | Time: 17s479ms
Epoch: 012 | Test Loss: 0.0005554 | Time: 512ms
==> Save the model at epoch 012 with test loss 0.0005554
Epoch: 013 | Loss: 0.0005627 | L2 loss: 0.0005537 | Lip loss: 0.0000090 | Grad norm: 0.003429 | Time: 17s386ms
Epoch: 013 | Test Loss: 0.0005554 | Time: 530ms
Epoch: 014 | Loss: 0.0005623 | L2 loss: 0.0005536 | Lip loss: 0.0000087 | Grad norm: 0.003366 | Time: 18s59ms
Epoch: 014 | Test Loss: 0.0005558 | Time: 510ms
Epoch: 015 | Loss: 0.0005622 | L2 loss: 0.0005535 | Lip loss: 0.0000088 | Grad norm: 0.003553 | Time: 17s519ms
Epoch: 015 | Test Loss: 0.0005555 | Time: 502ms
Epoch: 016 | Loss: 0.0005630 | L2 loss: 0.0005537 | Lip loss: 0.0000093 | Grad norm: 0.003456 | Time: 17s674ms
Epoch: 016 | Test Loss: 0.0005554 | Time: 509ms
==> Save the model at epoch 016 with test loss 0.0005554
Epoch: 017 | Loss: 0.0005622 | L2 loss: 0.0005535 | Lip loss: 0.0000087 | Grad norm: 0.003531 | Time: 17s742ms
Epoch: 017 | Test Loss: 0.0005554 | Time: 566ms
Epoch: 018 | Loss: 0.0005624 | L2 loss: 0.0005536 | Lip loss: 0.0000088 | Grad norm: 0.003468 | Time: 17s402ms
Epoch: 018 | Test Loss: 0.0005554 | Time: 500ms
Epoch: 019 | Loss: 0.0005622 | L2 loss: 0.0005535 | Lip loss: 0.0000087 | Grad norm: 0.003462 | Time: 17s402ms
Epoch: 019 | Test Loss: 0.0005554 | Time: 502ms
Epoch: 020 | Loss: 0.0005623 | L2 loss: 0.0005533 | Lip loss: 0.0000090 | Grad norm: 0.003280 | Time: 17s637ms
Epoch: 020 | Test Loss: 0.0005553 | Time: 510ms
==> Save the model at epoch 020 with test loss 0.0005553
Epoch: 021 | Loss: 0.0005626 | L2 loss: 0.0005535 | Lip loss: 0.0000091 | Grad norm: 0.003456 | Time: 17s408ms
Epoch: 021 | Test Loss: 0.0005553 | Time: 509ms
Epoch: 022 | Loss: 0.0005618 | L2 loss: 0.0005532 | Lip loss: 0.0000086 | Grad norm: 0.003373 | Time: 17s421ms
Epoch: 022 | Test Loss: 0.0005553 | Time: 518ms
==> Save the model at epoch 022 with test loss 0.0005553
Epoch: 023 | Loss: 0.0005619 | L2 loss: 0.0005532 | Lip loss: 0.0000087 | Grad norm: 0.003122 | Time: 17s580ms
Epoch: 023 | Test Loss: 0.0005553 | Time: 521ms
Epoch: 024 | Loss: 0.0005619 | L2 loss: 0.0005532 | Lip loss: 0.0000087 | Grad norm: 0.003575 | Time: 17s308ms
Epoch: 024 | Test Loss: 0.0005553 | Time: 582ms
Epoch: 025 | Loss: 0.0005627 | L2 loss: 0.0005535 | Lip loss: 0.0000092 | Grad norm: 0.003528 | Time: 17s348ms
Epoch: 025 | Test Loss: 0.0005553 | Time: 518ms
Epoch: 026 | Loss: 0.0005618 | L2 loss: 0.0005533 | Lip loss: 0.0000085 | Grad norm: 0.003245 | Time: 17s439ms
Epoch: 026 | Test Loss: 0.0005553 | Time: 516ms
Epoch: 027 | Loss: 0.0005626 | L2 loss: 0.0005535 | Lip loss: 0.0000091 | Grad norm: 0.003395 | Time: 17s499ms
Epoch: 027 | Test Loss: 0.0005553 | Time: 505ms
Epoch: 028 | Loss: 0.0005620 | L2 loss: 0.0005534 | Lip loss: 0.0000086 | Grad norm: 0.003420 | Time: 17s939ms
Epoch: 028 | Test Loss: 0.0005553 | Time: 514ms
Epoch: 029 | Loss: 0.0005628 | L2 loss: 0.0005533 | Lip loss: 0.0000095 | Grad norm: 0.003517 | Time: 17s801ms
Epoch: 029 | Test Loss: 0.0005553 | Time: 506ms
Epoch: 030 | Loss: 0.0005626 | L2 loss: 0.0005533 | Lip loss: 0.0000093 | Grad norm: 0.003175 | Time: 17s478ms
Epoch: 030 | Test Loss: 0.0005553 | Time: 515ms
Epoch: 031 | Loss: 0.0005625 | L2 loss: 0.0005533 | Lip loss: 0.0000092 | Grad norm: 0.003417 | Time: 17s417ms
Epoch: 031 | Test Loss: 0.0005553 | Time: 519ms
Epoch: 032 | Loss: 0.0005625 | L2 loss: 0.0005533 | Lip loss: 0.0000092 | Grad norm: 0.003163 | Time: 17s617ms
Epoch: 032 | Test Loss: 0.0005553 | Time: 508ms
Epoch: 033 | Loss: 0.0005625 | L2 loss: 0.0005534 | Lip loss: 0.0000092 | Grad norm: 0.003373 | Time: 17s596ms
Epoch: 033 | Test Loss: 0.0005553 | Time: 518ms
Epoch: 034 | Loss: 0.0005619 | L2 loss: 0.0005532 | Lip loss: 0.0000087 | Grad norm: 0.003267 | Time: 17s695ms
Epoch: 034 | Test Loss: 0.0005553 | Time: 502ms
Epoch: 035 | Loss: 0.0005623 | L2 loss: 0.0005533 | Lip loss: 0.0000090 | Grad norm: 0.003575 | Time: 17s781ms
Epoch: 035 | Test Loss: 0.0005553 | Time: 522ms
Epoch: 036 | Loss: 0.0005620 | L2 loss: 0.0005534 | Lip loss: 0.0000086 | Grad norm: 0.003253 | Time: 17s913ms
Epoch: 036 | Test Loss: 0.0005553 | Time: 577ms
Epoch: 037 | Loss: 0.0005624 | L2 loss: 0.0005532 | Lip loss: 0.0000092 | Grad norm: 0.003445 | Time: 17s426ms
Epoch: 037 | Test Loss: 0.0005553 | Time: 503ms
Epoch: 038 | Loss: 0.0005615 | L2 loss: 0.0005532 | Lip loss: 0.0000083 | Grad norm: 0.003317 | Time: 17s576ms
Epoch: 038 | Test Loss: 0.0005553 | Time: 516ms
Epoch: 039 | Loss: 0.0005625 | L2 loss: 0.0005534 | Lip loss: 0.0000091 | Grad norm: 0.003416 | Time: 17s499ms
Epoch: 039 | Test Loss: 0.0005553 | Time: 513ms
Epoch: 040 | Loss: 0.0005626 | L2 loss: 0.0005533 | Lip loss: 0.0000094 | Grad norm: 0.003553 | Time: 17s588ms
Epoch: 040 | Test Loss: 0.0005553 | Time: 521ms
Total time: 12m2s
==> Saving trained model weights...
==> Input bias to be applied to the neural network (trained):
[0. 0. 0. 0.]
==> Input transform to be applied to the neural network (trained):
[1. 1. 1. 1.]
==> Output transform to be applied to the neural network (trained):
[1. 1.]
==> Saving training info...
==> Drawing training loss...
==> Drawing grad norm...
==> Drawing testing loss...
==> Drawing l2 loss...
==> Drawing lip loss...
==> Process finished.
