==> torch device:  cuda:3
==> Test-Train split: test_ratio = 0.20
==> Test-Train split seed:  None
==> Further split: further_train_ratio = 1.00
==> Further split seed:  None
==> Input bias to be applied to the neural network:
[0. 0. 0. 0.]
==> Input transform to be applied to the neural network:
[1. 1. 1. 1.]
==> Ouput transform to be applied to the neural network:
[1. 1.]
==> Evaluating model...
==========================================================================================
Layer (type:depth-idx)                   Output Shape              Param #
==========================================================================================
NeuralNetwork                            [1, 2]                    10
├─Sequential: 1-1                        [1, 2]                    --
│    └─Linear: 2-1                       [1, 64]                   320
│    └─LeakyReLU: 2-2                    [1, 64]                   --
│    └─Linear: 2-3                       [1, 64]                   4,160
│    └─LeakyReLU: 2-4                    [1, 64]                   --
│    └─Linear: 2-5                       [1, 64]                   4,160
│    └─LeakyReLU: 2-6                    [1, 64]                   --
│    └─Linear: 2-7                       [1, 64]                   4,160
│    └─LeakyReLU: 2-8                    [1, 64]                   --
│    └─Linear: 2-9                       [1, 64]                   4,160
│    └─LeakyReLU: 2-10                   [1, 64]                   --
│    └─Linear: 2-11                      [1, 64]                   4,160
│    └─LeakyReLU: 2-12                   [1, 64]                   --
│    └─Linear: 2-13                      [1, 64]                   4,160
│    └─LeakyReLU: 2-14                   [1, 64]                   --
│    └─Linear: 2-15                      [1, 2]                    130
==========================================================================================
Total params: 25,420
Trainable params: 25,410
Non-trainable params: 10
Total mult-adds (Units.MEGABYTES): 0.03
==========================================================================================
Input size (MB): 0.00
Forward/backward pass size (MB): 0.00
Params size (MB): 0.10
Estimated Total Size (MB): 0.11
==========================================================================================
==> Saving initial model weights...
==> Start training...
Epoch: 001 | Loss: 0.0010834 | L2 loss: 0.0010296 | Lip loss: 0.0000538 | Grad norm: 0.012477 | Time: 35s631ms
Epoch: 001 | Test Loss: 0.0005804 | Time: 518ms
==> Save the model at epoch 001 with test loss 0.0005804
Epoch: 002 | Loss: 0.0006614 | L2 loss: 0.0005780 | Lip loss: 0.0000834 | Grad norm: 0.006916 | Time: 35s438ms
Epoch: 002 | Test Loss: 0.0005689 | Time: 509ms
==> Save the model at epoch 002 with test loss 0.0005689
Epoch: 003 | Loss: 0.0006604 | L2 loss: 0.0005763 | Lip loss: 0.0000841 | Grad norm: 0.006658 | Time: 34s790ms
Epoch: 003 | Test Loss: 0.0005640 | Time: 521ms
==> Save the model at epoch 003 with test loss 0.0005640
Epoch: 004 | Loss: 0.0006566 | L2 loss: 0.0005739 | Lip loss: 0.0000827 | Grad norm: 0.006563 | Time: 35s585ms
Epoch: 004 | Test Loss: 0.0005676 | Time: 499ms
Epoch: 005 | Loss: 0.0006583 | L2 loss: 0.0005721 | Lip loss: 0.0000862 | Grad norm: 0.006177 | Time: 35s689ms
Epoch: 005 | Test Loss: 0.0005899 | Time: 519ms
Epoch: 006 | Loss: 0.0006439 | L2 loss: 0.0005615 | Lip loss: 0.0000824 | Grad norm: 0.004030 | Time: 35s303ms
Epoch: 006 | Test Loss: 0.0005577 | Time: 586ms
==> Save the model at epoch 006 with test loss 0.0005577
Epoch: 007 | Loss: 0.0006435 | L2 loss: 0.0005592 | Lip loss: 0.0000843 | Grad norm: 0.003659 | Time: 34s700ms
Epoch: 007 | Test Loss: 0.0005592 | Time: 585ms
Epoch: 008 | Loss: 0.0006465 | L2 loss: 0.0005594 | Lip loss: 0.0000871 | Grad norm: 0.003920 | Time: 35s366ms
Epoch: 008 | Test Loss: 0.0005576 | Time: 510ms
==> Save the model at epoch 008 with test loss 0.0005576
Epoch: 009 | Loss: 0.0006465 | L2 loss: 0.0005587 | Lip loss: 0.0000878 | Grad norm: 0.003762 | Time: 35s50ms
Epoch: 009 | Test Loss: 0.0005596 | Time: 510ms
Epoch: 010 | Loss: 0.0006436 | L2 loss: 0.0005588 | Lip loss: 0.0000848 | Grad norm: 0.003876 | Time: 35s20ms
Epoch: 010 | Test Loss: 0.0005584 | Time: 500ms
Epoch: 011 | Loss: 0.0006445 | L2 loss: 0.0005572 | Lip loss: 0.0000873 | Grad norm: 0.003303 | Time: 35s295ms
Epoch: 011 | Test Loss: 0.0005569 | Time: 498ms
==> Save the model at epoch 011 with test loss 0.0005569
Epoch: 012 | Loss: 0.0006428 | L2 loss: 0.0005570 | Lip loss: 0.0000858 | Grad norm: 0.003397 | Time: 34s730ms
Epoch: 012 | Test Loss: 0.0005568 | Time: 502ms
==> Save the model at epoch 012 with test loss 0.0005568
Epoch: 013 | Loss: 0.0006408 | L2 loss: 0.0005569 | Lip loss: 0.0000839 | Grad norm: 0.003362 | Time: 35s82ms
Epoch: 013 | Test Loss: 0.0005565 | Time: 501ms
==> Save the model at epoch 013 with test loss 0.0005565
Epoch: 014 | Loss: 0.0006412 | L2 loss: 0.0005566 | Lip loss: 0.0000846 | Grad norm: 0.003393 | Time: 35s337ms
Epoch: 014 | Test Loss: 0.0005568 | Time: 498ms
Epoch: 015 | Loss: 0.0006397 | L2 loss: 0.0005567 | Lip loss: 0.0000830 | Grad norm: 0.003468 | Time: 34s940ms
Epoch: 015 | Test Loss: 0.0005566 | Time: 577ms
Epoch: 016 | Loss: 0.0006406 | L2 loss: 0.0005565 | Lip loss: 0.0000841 | Grad norm: 0.003406 | Time: 34s809ms
Epoch: 016 | Test Loss: 0.0005565 | Time: 569ms
Epoch: 017 | Loss: 0.0006407 | L2 loss: 0.0005564 | Lip loss: 0.0000842 | Grad norm: 0.003157 | Time: 35s452ms
Epoch: 017 | Test Loss: 0.0005565 | Time: 496ms
==> Save the model at epoch 017 with test loss 0.0005565
Epoch: 018 | Loss: 0.0006418 | L2 loss: 0.0005564 | Lip loss: 0.0000855 | Grad norm: 0.003356 | Time: 35s896ms
Epoch: 018 | Test Loss: 0.0005565 | Time: 504ms
==> Save the model at epoch 018 with test loss 0.0005565
Epoch: 019 | Loss: 0.0006443 | L2 loss: 0.0005564 | Lip loss: 0.0000880 | Grad norm: 0.003228 | Time: 34s980ms
Epoch: 019 | Test Loss: 0.0005566 | Time: 504ms
Epoch: 020 | Loss: 0.0006406 | L2 loss: 0.0005565 | Lip loss: 0.0000841 | Grad norm: 0.003302 | Time: 34s974ms
Epoch: 020 | Test Loss: 0.0005566 | Time: 501ms
Epoch: 021 | Loss: 0.0006444 | L2 loss: 0.0005564 | Lip loss: 0.0000880 | Grad norm: 0.003331 | Time: 34s828ms
Epoch: 021 | Test Loss: 0.0005566 | Time: 500ms
Epoch: 022 | Loss: 0.0006441 | L2 loss: 0.0005564 | Lip loss: 0.0000877 | Grad norm: 0.003314 | Time: 34s450ms
Epoch: 022 | Test Loss: 0.0005566 | Time: 498ms
Epoch: 023 | Loss: 0.0006386 | L2 loss: 0.0005564 | Lip loss: 0.0000822 | Grad norm: 0.003263 | Time: 34s785ms
Epoch: 023 | Test Loss: 0.0005565 | Time: 504ms
Epoch: 024 | Loss: 0.0006412 | L2 loss: 0.0005564 | Lip loss: 0.0000848 | Grad norm: 0.003288 | Time: 34s324ms
Epoch: 024 | Test Loss: 0.0005565 | Time: 578ms
Epoch: 025 | Loss: 0.0006427 | L2 loss: 0.0005564 | Lip loss: 0.0000863 | Grad norm: 0.003442 | Time: 35s47ms
Epoch: 025 | Test Loss: 0.0005566 | Time: 571ms
Epoch: 026 | Loss: 0.0006431 | L2 loss: 0.0005564 | Lip loss: 0.0000866 | Grad norm: 0.003240 | Time: 35s496ms
Epoch: 026 | Test Loss: 0.0005566 | Time: 505ms
Epoch: 027 | Loss: 0.0006413 | L2 loss: 0.0005564 | Lip loss: 0.0000849 | Grad norm: 0.003382 | Time: 35s328ms
Epoch: 027 | Test Loss: 0.0005566 | Time: 500ms
Epoch: 028 | Loss: 0.0006420 | L2 loss: 0.0005564 | Lip loss: 0.0000855 | Grad norm: 0.003393 | Time: 34s791ms
Epoch: 028 | Test Loss: 0.0005566 | Time: 500ms
Epoch: 029 | Loss: 0.0006428 | L2 loss: 0.0005564 | Lip loss: 0.0000863 | Grad norm: 0.003414 | Time: 35s47ms
Epoch: 029 | Test Loss: 0.0005566 | Time: 503ms
Epoch: 030 | Loss: 0.0006415 | L2 loss: 0.0005564 | Lip loss: 0.0000851 | Grad norm: 0.003430 | Time: 35s417ms
Epoch: 030 | Test Loss: 0.0005566 | Time: 507ms
Epoch: 031 | Loss: 0.0006418 | L2 loss: 0.0005564 | Lip loss: 0.0000854 | Grad norm: 0.003344 | Time: 34s294ms
Epoch: 031 | Test Loss: 0.0005566 | Time: 508ms
Epoch: 032 | Loss: 0.0006385 | L2 loss: 0.0005564 | Lip loss: 0.0000820 | Grad norm: 0.003331 | Time: 35s179ms
Epoch: 032 | Test Loss: 0.0005566 | Time: 587ms
Epoch: 033 | Loss: 0.0006469 | L2 loss: 0.0005564 | Lip loss: 0.0000905 | Grad norm: 0.003341 | Time: 35s419ms
Epoch: 033 | Test Loss: 0.0005566 | Time: 501ms
Epoch: 034 | Loss: 0.0006419 | L2 loss: 0.0005564 | Lip loss: 0.0000854 | Grad norm: 0.003310 | Time: 35s409ms
Epoch: 034 | Test Loss: 0.0005566 | Time: 575ms
Epoch: 035 | Loss: 0.0006436 | L2 loss: 0.0005564 | Lip loss: 0.0000872 | Grad norm: 0.003316 | Time: 34s368ms
Epoch: 035 | Test Loss: 0.0005566 | Time: 576ms
Epoch: 036 | Loss: 0.0006433 | L2 loss: 0.0005564 | Lip loss: 0.0000869 | Grad norm: 0.003281 | Time: 35s238ms
Epoch: 036 | Test Loss: 0.0005566 | Time: 501ms
Epoch: 037 | Loss: 0.0006387 | L2 loss: 0.0005564 | Lip loss: 0.0000823 | Grad norm: 0.003277 | Time: 35s772ms
Epoch: 037 | Test Loss: 0.0005566 | Time: 505ms
Epoch: 038 | Loss: 0.0006431 | L2 loss: 0.0005564 | Lip loss: 0.0000867 | Grad norm: 0.003488 | Time: 35s69ms
Epoch: 038 | Test Loss: 0.0005566 | Time: 500ms
Epoch: 039 | Loss: 0.0006362 | L2 loss: 0.0005564 | Lip loss: 0.0000798 | Grad norm: 0.003376 | Time: 34s920ms
Epoch: 039 | Test Loss: 0.0005566 | Time: 507ms
Epoch: 040 | Loss: 0.0006432 | L2 loss: 0.0005564 | Lip loss: 0.0000867 | Grad norm: 0.003205 | Time: 35s341ms
Epoch: 040 | Test Loss: 0.0005566 | Time: 498ms
Total time: 23m45s
==> Saving trained model weights...
==> Input bias to be applied to the neural network (trained):
[0. 0. 0. 0.]
==> Input transform to be applied to the neural network (trained):
[1. 1. 1. 1.]
==> Output transform to be applied to the neural network (trained):
[1. 1.]
==> Saving training info...
==> Drawing training loss...
==> Drawing grad norm...
==> Drawing testing loss...
==> Drawing l2 loss...
==> Drawing lip loss...
==> Process finished.
