==> torch device:  cuda:2
==> Test-Train split: test_ratio = 0.20
==> Test-Train split seed:  None
==> Further split: further_train_ratio = 0.50
==> Further split seed:  None
==> Input bias to be applied to the neural network:
[0. 0. 0. 0.]
==> Input transform to be applied to the neural network:
[ 0.62900996  0.6288517  11.614402    9.487666  ]
==> Ouput transform to be applied to the neural network:
[0.0195 0.021 ]
==> Evaluating model...
==========================================================================================
Layer (type:depth-idx)                   Output Shape              Param #
==========================================================================================
NeuralNetwork                            [1, 2]                    10
├─Sequential: 1-1                        [1, 2]                    --
│    └─Linear: 2-1                       [1, 64]                   320
│    └─ReLU: 2-2                         [1, 64]                   --
│    └─Linear: 2-3                       [1, 64]                   4,160
│    └─ReLU: 2-4                         [1, 64]                   --
│    └─Linear: 2-5                       [1, 64]                   4,160
│    └─ReLU: 2-6                         [1, 64]                   --
│    └─Linear: 2-7                       [1, 64]                   4,160
│    └─ReLU: 2-8                         [1, 64]                   --
│    └─Linear: 2-9                       [1, 64]                   4,160
│    └─ReLU: 2-10                        [1, 64]                   --
│    └─Linear: 2-11                      [1, 64]                   4,160
│    └─ReLU: 2-12                        [1, 64]                   --
│    └─Linear: 2-13                      [1, 64]                   4,160
│    └─ReLU: 2-14                        [1, 64]                   --
│    └─Linear: 2-15                      [1, 2]                    130
├─Sequential: 1-2                        [1, 2]                    (recursive)
│    └─Linear: 2-16                      [1, 64]                   (recursive)
│    └─ReLU: 2-17                        [1, 64]                   --
│    └─Linear: 2-18                      [1, 64]                   (recursive)
│    └─ReLU: 2-19                        [1, 64]                   --
│    └─Linear: 2-20                      [1, 64]                   (recursive)
│    └─ReLU: 2-21                        [1, 64]                   --
│    └─Linear: 2-22                      [1, 64]                   (recursive)
│    └─ReLU: 2-23                        [1, 64]                   --
│    └─Linear: 2-24                      [1, 64]                   (recursive)
│    └─ReLU: 2-25                        [1, 64]                   --
│    └─Linear: 2-26                      [1, 64]                   (recursive)
│    └─ReLU: 2-27                        [1, 64]                   --
│    └─Linear: 2-28                      [1, 64]                   (recursive)
│    └─ReLU: 2-29                        [1, 64]                   --
│    └─Linear: 2-30                      [1, 2]                    (recursive)
==========================================================================================
Total params: 25,420
Trainable params: 25,410
Non-trainable params: 10
Total mult-adds (Units.MEGABYTES): 0.05
==========================================================================================
Input size (MB): 0.00
Forward/backward pass size (MB): 0.01
Params size (MB): 0.10
Estimated Total Size (MB): 0.11
==========================================================================================
==> Saving initial model weights...
==> Start training...
==> Number of param_groups in optimizer: 1
Epoch: 001 | Train Loss: 0.0008229 | Grad norm: 0.000016 | Time: 2s281ms
Epoch: 001 | Test Loss: 0.0008224 | Time: 506ms
==> Save the model at epoch 001 with test loss 0.0008224
Epoch: 002 | Train Loss: 0.0004818 | Grad norm: 0.000251 | Time: 2s197ms
Epoch: 002 | Test Loss: 0.0000755 | Time: 622ms
==> Save the model at epoch 002 with test loss 0.0000755
Epoch: 003 | Train Loss: 0.0000704 | Grad norm: 0.000152 | Time: 1s832ms
Epoch: 003 | Test Loss: 0.0000667 | Time: 503ms
==> Save the model at epoch 003 with test loss 0.0000667
Epoch: 004 | Train Loss: 0.0000678 | Grad norm: 0.000147 | Time: 2s159ms
Epoch: 004 | Test Loss: 0.0000663 | Time: 503ms
==> Save the model at epoch 004 with test loss 0.0000663
Epoch: 005 | Train Loss: 0.0000675 | Grad norm: 0.000158 | Time: 2s300ms
Epoch: 005 | Test Loss: 0.0000672 | Time: 518ms
Epoch: 006 | Train Loss: 0.0000674 | Grad norm: 0.000147 | Time: 2s138ms
Epoch: 006 | Test Loss: 0.0000665 | Time: 505ms
Epoch: 007 | Train Loss: 0.0000678 | Grad norm: 0.000165 | Time: 2s103ms
Epoch: 007 | Test Loss: 0.0000664 | Time: 506ms
Epoch: 008 | Train Loss: 0.0000675 | Grad norm: 0.000154 | Time: 2s186ms
Epoch: 008 | Test Loss: 0.0000670 | Time: 502ms
Epoch: 009 | Train Loss: 0.0000678 | Grad norm: 0.000163 | Time: 2s88ms
Epoch: 009 | Test Loss: 0.0000667 | Time: 525ms
Epoch: 010 | Train Loss: 0.0000673 | Grad norm: 0.000146 | Time: 2s8ms
Epoch: 010 | Test Loss: 0.0000665 | Time: 576ms
Epoch: 011 | Train Loss: 0.0000676 | Grad norm: 0.000165 | Time: 2s42ms
Epoch: 011 | Test Loss: 0.0000664 | Time: 502ms
Epoch: 012 | Train Loss: 0.0000670 | Grad norm: 0.000142 | Time: 2s215ms
Epoch: 012 | Test Loss: 0.0000660 | Time: 520ms
==> Save the model at epoch 012 with test loss 0.0000660
Epoch: 013 | Train Loss: 0.0000670 | Grad norm: 0.000140 | Time: 2s213ms
Epoch: 013 | Test Loss: 0.0000663 | Time: 614ms
Epoch: 014 | Train Loss: 0.0000671 | Grad norm: 0.000144 | Time: 1s992ms
Epoch: 014 | Test Loss: 0.0000662 | Time: 541ms
Epoch: 015 | Train Loss: 0.0000672 | Grad norm: 0.000149 | Time: 1s924ms
Epoch: 015 | Test Loss: 0.0000656 | Time: 541ms
==> Save the model at epoch 015 with test loss 0.0000656
Epoch: 016 | Train Loss: 0.0000668 | Grad norm: 0.000133 | Time: 2s226ms
Epoch: 016 | Test Loss: 0.0000660 | Time: 502ms
Epoch: 017 | Train Loss: 0.0000668 | Grad norm: 0.000136 | Time: 2s160ms
Epoch: 017 | Test Loss: 0.0000658 | Time: 521ms
Epoch: 018 | Train Loss: 0.0000669 | Grad norm: 0.000145 | Time: 2s227ms
Epoch: 018 | Test Loss: 0.0000657 | Time: 644ms
Epoch: 019 | Train Loss: 0.0000668 | Grad norm: 0.000144 | Time: 2s93ms
Epoch: 019 | Test Loss: 0.0000658 | Time: 514ms
Epoch: 020 | Train Loss: 0.0000666 | Grad norm: 0.000136 | Time: 2s158ms
Epoch: 020 | Test Loss: 0.0000662 | Time: 520ms
Epoch: 021 | Train Loss: 0.0000665 | Grad norm: 0.000129 | Time: 2s171ms
Epoch: 021 | Test Loss: 0.0000653 | Time: 500ms
==> Save the model at epoch 021 with test loss 0.0000653
Epoch: 022 | Train Loss: 0.0000665 | Grad norm: 0.000129 | Time: 2s58ms
Epoch: 022 | Test Loss: 0.0000667 | Time: 505ms
Epoch: 023 | Train Loss: 0.0000663 | Grad norm: 0.000131 | Time: 2s206ms
Epoch: 023 | Test Loss: 0.0000656 | Time: 500ms
Epoch: 024 | Train Loss: 0.0000664 | Grad norm: 0.000130 | Time: 2s135ms
Epoch: 024 | Test Loss: 0.0000656 | Time: 510ms
Epoch: 025 | Train Loss: 0.0000661 | Grad norm: 0.000123 | Time: 2s44ms
Epoch: 025 | Test Loss: 0.0000654 | Time: 541ms
Epoch: 026 | Train Loss: 0.0000661 | Grad norm: 0.000118 | Time: 2s155ms
Epoch: 026 | Test Loss: 0.0000651 | Time: 627ms
==> Save the model at epoch 026 with test loss 0.0000651
Epoch: 027 | Train Loss: 0.0000660 | Grad norm: 0.000121 | Time: 2s37ms
Epoch: 027 | Test Loss: 0.0000650 | Time: 535ms
==> Save the model at epoch 027 with test loss 0.0000650
Epoch: 028 | Train Loss: 0.0000658 | Grad norm: 0.000113 | Time: 2s71ms
Epoch: 028 | Test Loss: 0.0000652 | Time: 521ms
Epoch: 029 | Train Loss: 0.0000657 | Grad norm: 0.000108 | Time: 2s149ms
Epoch: 029 | Test Loss: 0.0000649 | Time: 502ms
==> Save the model at epoch 029 with test loss 0.0000649
Epoch: 030 | Train Loss: 0.0000657 | Grad norm: 0.000113 | Time: 2s133ms
Epoch: 030 | Test Loss: 0.0000649 | Time: 507ms
==> Save the model at epoch 030 with test loss 0.0000649
Epoch: 031 | Train Loss: 0.0000656 | Grad norm: 0.000107 | Time: 2s130ms
Epoch: 031 | Test Loss: 0.0000652 | Time: 531ms
Epoch: 032 | Train Loss: 0.0000656 | Grad norm: 0.000106 | Time: 2s161ms
Epoch: 032 | Test Loss: 0.0000651 | Time: 503ms
Epoch: 033 | Train Loss: 0.0000655 | Grad norm: 0.000105 | Time: 2s58ms
Epoch: 033 | Test Loss: 0.0000650 | Time: 537ms
Epoch: 034 | Train Loss: 0.0000654 | Grad norm: 0.000102 | Time: 1s971ms
Epoch: 034 | Test Loss: 0.0000648 | Time: 645ms
==> Save the model at epoch 034 with test loss 0.0000648
Epoch: 035 | Train Loss: 0.0000653 | Grad norm: 0.000101 | Time: 2s110ms
Epoch: 035 | Test Loss: 0.0000651 | Time: 499ms
Epoch: 036 | Train Loss: 0.0000653 | Grad norm: 0.000099 | Time: 2s45ms
Epoch: 036 | Test Loss: 0.0000647 | Time: 513ms
==> Save the model at epoch 036 with test loss 0.0000647
Epoch: 037 | Train Loss: 0.0000653 | Grad norm: 0.000101 | Time: 2s348ms
Epoch: 037 | Test Loss: 0.0000647 | Time: 506ms
==> Save the model at epoch 037 with test loss 0.0000647
Epoch: 038 | Train Loss: 0.0000652 | Grad norm: 0.000097 | Time: 2s119ms
Epoch: 038 | Test Loss: 0.0000647 | Time: 502ms
==> Save the model at epoch 038 with test loss 0.0000647
Epoch: 039 | Train Loss: 0.0000652 | Grad norm: 0.000095 | Time: 2s110ms
Epoch: 039 | Test Loss: 0.0000646 | Time: 517ms
==> Save the model at epoch 039 with test loss 0.0000646
Epoch: 040 | Train Loss: 0.0000652 | Grad norm: 0.000097 | Time: 2s219ms
Epoch: 040 | Test Loss: 0.0000646 | Time: 498ms
==> Save the model at epoch 040 with test loss 0.0000646
Total time: 1m46s
==> Saving trained model weights...
==> Input bias to be applied to the neural network (trained):
[0. 0. 0. 0.]
==> Input transform to be applied to the neural network (trained):
[ 0.62900996  0.6288517  11.614402    9.487666  ]
==> Output transform to be applied to the neural network (trained):
[0.0195 0.021 ]
==> Saving training info...
==> Drawing training loss...
==> Drawing grad norm...
==> Drawing testing loss...
==> Process finished.
