==> torch device:  cuda:3
==> Test-Train split: test_ratio = 0.20
==> Test-Train split seed:  None
==> Further split: further_train_ratio = 0.25
==> Further split seed:  None
==> Lipschitz constant: 8.00
==> Input bias to be applied to the neural network:
[0. 0. 0. 0.]
==> Input transform to be applied to the neural network:
[ 0.62900996  0.6288912  11.792453    9.624639  ]
==> Ouput transform to be applied to the neural network:
[0.0521 0.054 ]
==> Evaluating model...
==========================================================================================
Layer (type:depth-idx)                   Output Shape              Param #
==========================================================================================
NeuralNetwork                            [1, 2]                    10
├─Sequential: 1-1                        [1, 2]                    --
│    └─SandwichFc: 2-1                   [1, 64]                   4,481
│    └─SandwichFc: 2-2                   [1, 64]                   8,321
│    └─SandwichFc: 2-3                   [1, 64]                   8,321
│    └─SandwichFc: 2-4                   [1, 64]                   8,321
│    └─SandwichFc: 2-5                   [1, 64]                   8,321
│    └─SandwichFc: 2-6                   [1, 64]                   8,321
│    └─SandwichFc: 2-7                   [1, 64]                   8,321
│    └─SandwichLin: 2-8                  [1, 2]                    135
├─Sequential: 1-2                        [1, 2]                    (recursive)
│    └─SandwichFc: 2-9                   [1, 64]                   (recursive)
│    └─SandwichFc: 2-10                  [1, 64]                   (recursive)
│    └─SandwichFc: 2-11                  [1, 64]                   (recursive)
│    └─SandwichFc: 2-12                  [1, 64]                   (recursive)
│    └─SandwichFc: 2-13                  [1, 64]                   (recursive)
│    └─SandwichFc: 2-14                  [1, 64]                   (recursive)
│    └─SandwichFc: 2-15                  [1, 64]                   (recursive)
│    └─SandwichLin: 2-16                 [1, 2]                    (recursive)
==========================================================================================
Total params: 54,552
Trainable params: 54,542
Non-trainable params: 10
Total mult-adds (Units.MEGABYTES): 0.11
==========================================================================================
Input size (MB): 0.00
Forward/backward pass size (MB): 0.01
Params size (MB): 0.22
Estimated Total Size (MB): 0.23
==========================================================================================
==> Saving initial model weights...
==> Start training...
==> Number of param_groups in optimizer: 1
Epoch: 001 | Train Loss: 0.0056775 | Grad norm: 0.009470 | Time: 4s264ms
Epoch: 001 | Test Loss: 0.0057013 | Time: 627ms
==> Save the model at epoch 001 with test loss 0.0057013
Epoch: 002 | Train Loss: 0.0032185 | Grad norm: 0.007461 | Time: 4s254ms
Epoch: 002 | Test Loss: 0.0027654 | Time: 628ms
==> Save the model at epoch 002 with test loss 0.0027654
Epoch: 003 | Train Loss: 0.0027807 | Grad norm: 0.006960 | Time: 4s179ms
Epoch: 003 | Test Loss: 0.0027649 | Time: 683ms
==> Save the model at epoch 003 with test loss 0.0027649
Epoch: 004 | Train Loss: 0.0027803 | Grad norm: 0.006520 | Time: 4s264ms
Epoch: 004 | Test Loss: 0.0027547 | Time: 627ms
==> Save the model at epoch 004 with test loss 0.0027547
Epoch: 005 | Train Loss: 0.0027862 | Grad norm: 0.006330 | Time: 4s22ms
Epoch: 005 | Test Loss: 0.0027710 | Time: 621ms
Epoch: 006 | Train Loss: 0.0027824 | Grad norm: 0.005778 | Time: 4s363ms
Epoch: 006 | Test Loss: 0.0027619 | Time: 625ms
Epoch: 007 | Train Loss: 0.0027811 | Grad norm: 0.005165 | Time: 4s140ms
Epoch: 007 | Test Loss: 0.0027985 | Time: 683ms
Epoch: 008 | Train Loss: 0.0027873 | Grad norm: 0.005509 | Time: 4s53ms
Epoch: 008 | Test Loss: 0.0027857 | Time: 618ms
Epoch: 009 | Train Loss: 0.0028009 | Grad norm: 0.005471 | Time: 4s105ms
Epoch: 009 | Test Loss: 0.0027661 | Time: 618ms
Epoch: 010 | Train Loss: 0.0027933 | Grad norm: 0.005007 | Time: 4s210ms
Epoch: 010 | Test Loss: 0.0027693 | Time: 615ms
Epoch: 011 | Train Loss: 0.0027891 | Grad norm: 0.005074 | Time: 4s104ms
Epoch: 011 | Test Loss: 0.0028097 | Time: 684ms
Epoch: 012 | Train Loss: 0.0027687 | Grad norm: 0.004456 | Time: 4s177ms
Epoch: 012 | Test Loss: 0.0027749 | Time: 608ms
Epoch: 013 | Train Loss: 0.0027602 | Grad norm: 0.004326 | Time: 4s166ms
Epoch: 013 | Test Loss: 0.0028052 | Time: 613ms
Epoch: 014 | Train Loss: 0.0027642 | Grad norm: 0.004159 | Time: 4s517ms
Epoch: 014 | Test Loss: 0.0027559 | Time: 619ms
Epoch: 015 | Train Loss: 0.0027690 | Grad norm: 0.004396 | Time: 4s407ms
Epoch: 015 | Test Loss: 0.0027635 | Time: 690ms
Epoch: 016 | Train Loss: 0.0027612 | Grad norm: 0.004234 | Time: 4s49ms
Epoch: 016 | Test Loss: 0.0027684 | Time: 617ms
Epoch: 017 | Train Loss: 0.0027554 | Grad norm: 0.004046 | Time: 4s237ms
Epoch: 017 | Test Loss: 0.0027551 | Time: 612ms
Epoch: 018 | Train Loss: 0.0027407 | Grad norm: 0.003591 | Time: 4s303ms
Epoch: 018 | Test Loss: 0.0027384 | Time: 618ms
==> Save the model at epoch 018 with test loss 0.0027384
Epoch: 019 | Train Loss: 0.0027369 | Grad norm: 0.003634 | Time: 4s286ms
Epoch: 019 | Test Loss: 0.0027611 | Time: 611ms
Epoch: 020 | Train Loss: 0.0027357 | Grad norm: 0.003752 | Time: 4s151ms
Epoch: 020 | Test Loss: 0.0027544 | Time: 620ms
Epoch: 021 | Train Loss: 0.0027327 | Grad norm: 0.003584 | Time: 4s164ms
Epoch: 021 | Test Loss: 0.0027372 | Time: 616ms
==> Save the model at epoch 021 with test loss 0.0027372
Epoch: 022 | Train Loss: 0.0027333 | Grad norm: 0.003678 | Time: 4s153ms
Epoch: 022 | Test Loss: 0.0027420 | Time: 617ms
Epoch: 023 | Train Loss: 0.0027221 | Grad norm: 0.003505 | Time: 4s214ms
Epoch: 023 | Test Loss: 0.0027594 | Time: 612ms
Epoch: 024 | Train Loss: 0.0027234 | Grad norm: 0.003718 | Time: 4s53ms
Epoch: 024 | Test Loss: 0.0027404 | Time: 618ms
Epoch: 025 | Train Loss: 0.0027146 | Grad norm: 0.003468 | Time: 4s114ms
Epoch: 025 | Test Loss: 0.0027429 | Time: 608ms
Epoch: 026 | Train Loss: 0.0027100 | Grad norm: 0.003692 | Time: 3s940ms
Epoch: 026 | Test Loss: 0.0027561 | Time: 617ms
Epoch: 027 | Train Loss: 0.0027053 | Grad norm: 0.003567 | Time: 4s173ms
Epoch: 027 | Test Loss: 0.0027419 | Time: 612ms
Epoch: 028 | Train Loss: 0.0027017 | Grad norm: 0.003575 | Time: 4s28ms
Epoch: 028 | Test Loss: 0.0027272 | Time: 612ms
==> Save the model at epoch 028 with test loss 0.0027272
Epoch: 029 | Train Loss: 0.0026944 | Grad norm: 0.003508 | Time: 4s100ms
Epoch: 029 | Test Loss: 0.0027318 | Time: 631ms
Epoch: 030 | Train Loss: 0.0026956 | Grad norm: 0.003779 | Time: 4s137ms
Epoch: 030 | Test Loss: 0.0027401 | Time: 617ms
Epoch: 031 | Train Loss: 0.0026861 | Grad norm: 0.003618 | Time: 4s243ms
Epoch: 031 | Test Loss: 0.0027304 | Time: 622ms
Epoch: 032 | Train Loss: 0.0026835 | Grad norm: 0.003615 | Time: 4s195ms
Epoch: 032 | Test Loss: 0.0027236 | Time: 612ms
==> Save the model at epoch 032 with test loss 0.0027236
Epoch: 033 | Train Loss: 0.0026745 | Grad norm: 0.003575 | Time: 4s297ms
Epoch: 033 | Test Loss: 0.0027201 | Time: 614ms
==> Save the model at epoch 033 with test loss 0.0027201
Epoch: 034 | Train Loss: 0.0026712 | Grad norm: 0.003656 | Time: 4s312ms
Epoch: 034 | Test Loss: 0.0027163 | Time: 622ms
==> Save the model at epoch 034 with test loss 0.0027163
Epoch: 035 | Train Loss: 0.0026656 | Grad norm: 0.003662 | Time: 4s212ms
Epoch: 035 | Test Loss: 0.0027150 | Time: 615ms
==> Save the model at epoch 035 with test loss 0.0027150
Epoch: 036 | Train Loss: 0.0026616 | Grad norm: 0.003718 | Time: 4s14ms
Epoch: 036 | Test Loss: 0.0027171 | Time: 615ms
Epoch: 037 | Train Loss: 0.0026575 | Grad norm: 0.003658 | Time: 4s115ms
Epoch: 037 | Test Loss: 0.0027166 | Time: 617ms
Epoch: 038 | Train Loss: 0.0026531 | Grad norm: 0.003703 | Time: 4s440ms
Epoch: 038 | Test Loss: 0.0027148 | Time: 619ms
==> Save the model at epoch 038 with test loss 0.0027148
Epoch: 039 | Train Loss: 0.0026528 | Grad norm: 0.003785 | Time: 4s517ms
Epoch: 039 | Test Loss: 0.0027129 | Time: 621ms
==> Save the model at epoch 039 with test loss 0.0027129
Epoch: 040 | Train Loss: 0.0026506 | Grad norm: 0.003703 | Time: 4s437ms
Epoch: 040 | Test Loss: 0.0027128 | Time: 702ms
==> Save the model at epoch 040 with test loss 0.0027128
Total time: 3m13s
==> Saving trained model weights...
==> Input bias to be applied to the neural network (trained):
[0. 0. 0. 0.]
==> Input transform to be applied to the neural network (trained):
[ 0.62900996  0.6288912  11.792453    9.624639  ]
==> Output transform to be applied to the neural network (trained):
[0.0521 0.054 ]
==> Saving training info...
==> Drawing training loss...
==> Drawing grad norm...
==> Drawing testing loss...
==> Process finished.
