==> torch device:  cuda:2
==> Test-Train split: test_ratio = 0.20
==> Test-Train split seed:  None
==> Further split: further_train_ratio = 1.00
==> Further split seed:  None
==> Input bias to be applied to the neural network:
[0. 0. 0. 0.]
==> Input transform to be applied to the neural network:
[0.7072636  0.72212595 0.6760411  0.67349136]
==> Ouput transform to be applied to the neural network:
[0.2287 0.2871]
==> Evaluating model...
==========================================================================================
Layer (type:depth-idx)                   Output Shape              Param #
==========================================================================================
NeuralNetwork                            [1, 2]                    10
├─Sequential: 1-1                        [1, 2]                    --
│    └─Linear: 2-1                       [1, 64]                   320
│    └─ReLU: 2-2                         [1, 64]                   --
│    └─Linear: 2-3                       [1, 64]                   4,160
│    └─ReLU: 2-4                         [1, 64]                   --
│    └─Linear: 2-5                       [1, 64]                   4,160
│    └─ReLU: 2-6                         [1, 64]                   --
│    └─Linear: 2-7                       [1, 64]                   4,160
│    └─ReLU: 2-8                         [1, 64]                   --
│    └─Linear: 2-9                       [1, 64]                   4,160
│    └─ReLU: 2-10                        [1, 64]                   --
│    └─Linear: 2-11                      [1, 64]                   4,160
│    └─ReLU: 2-12                        [1, 64]                   --
│    └─Linear: 2-13                      [1, 64]                   4,160
│    └─ReLU: 2-14                        [1, 64]                   --
│    └─Linear: 2-15                      [1, 2]                    130
├─Sequential: 1-2                        [1, 2]                    (recursive)
│    └─Linear: 2-16                      [1, 64]                   (recursive)
│    └─ReLU: 2-17                        [1, 64]                   --
│    └─Linear: 2-18                      [1, 64]                   (recursive)
│    └─ReLU: 2-19                        [1, 64]                   --
│    └─Linear: 2-20                      [1, 64]                   (recursive)
│    └─ReLU: 2-21                        [1, 64]                   --
│    └─Linear: 2-22                      [1, 64]                   (recursive)
│    └─ReLU: 2-23                        [1, 64]                   --
│    └─Linear: 2-24                      [1, 64]                   (recursive)
│    └─ReLU: 2-25                        [1, 64]                   --
│    └─Linear: 2-26                      [1, 64]                   (recursive)
│    └─ReLU: 2-27                        [1, 64]                   --
│    └─Linear: 2-28                      [1, 64]                   (recursive)
│    └─ReLU: 2-29                        [1, 64]                   --
│    └─Linear: 2-30                      [1, 2]                    (recursive)
==========================================================================================
Total params: 25,420
Trainable params: 25,410
Non-trainable params: 10
Total mult-adds (Units.MEGABYTES): 0.05
==========================================================================================
Input size (MB): 0.00
Forward/backward pass size (MB): 0.01
Params size (MB): 0.10
Estimated Total Size (MB): 0.11
==========================================================================================
==> Saving initial model weights...
==> Start training...
==> Number of param_groups in optimizer: 1
Epoch: 001 | Train Loss: 0.1347344 | Grad norm: 0.002616 | Time: 4s451ms
Epoch: 001 | Test Loss: 0.1344060 | Time: 544ms
==> Save the model at epoch 001 with test loss 0.1344060
Epoch: 002 | Train Loss: 0.0157468 | Grad norm: 0.030965 | Time: 4s375ms
Epoch: 002 | Test Loss: 0.0098236 | Time: 499ms
==> Save the model at epoch 002 with test loss 0.0098236
Epoch: 003 | Train Loss: 0.0104641 | Grad norm: 0.028555 | Time: 4s401ms
Epoch: 003 | Test Loss: 0.0100364 | Time: 501ms
Epoch: 004 | Train Loss: 0.0104540 | Grad norm: 0.029336 | Time: 4s84ms
Epoch: 004 | Test Loss: 0.0095877 | Time: 502ms
==> Save the model at epoch 004 with test loss 0.0095877
Epoch: 005 | Train Loss: 0.0102424 | Grad norm: 0.029369 | Time: 4s318ms
Epoch: 005 | Test Loss: 0.0090107 | Time: 514ms
==> Save the model at epoch 005 with test loss 0.0090107
Epoch: 006 | Train Loss: 0.0099700 | Grad norm: 0.032128 | Time: 4s332ms
Epoch: 006 | Test Loss: 0.0094492 | Time: 581ms
Epoch: 007 | Train Loss: 0.0096555 | Grad norm: 0.034309 | Time: 4s68ms
Epoch: 007 | Test Loss: 0.0088354 | Time: 516ms
==> Save the model at epoch 007 with test loss 0.0088354
Epoch: 008 | Train Loss: 0.0092545 | Grad norm: 0.033479 | Time: 4s221ms
Epoch: 008 | Test Loss: 0.0099214 | Time: 502ms
Epoch: 009 | Train Loss: 0.0091476 | Grad norm: 0.034009 | Time: 4s233ms
Epoch: 009 | Test Loss: 0.0085064 | Time: 503ms
==> Save the model at epoch 009 with test loss 0.0085064
Epoch: 010 | Train Loss: 0.0088032 | Grad norm: 0.031448 | Time: 4s169ms
Epoch: 010 | Test Loss: 0.0084170 | Time: 506ms
==> Save the model at epoch 010 with test loss 0.0084170
Epoch: 011 | Train Loss: 0.0086103 | Grad norm: 0.030368 | Time: 4s207ms
Epoch: 011 | Test Loss: 0.0083632 | Time: 501ms
==> Save the model at epoch 011 with test loss 0.0083632
Epoch: 012 | Train Loss: 0.0084251 | Grad norm: 0.030670 | Time: 4s174ms
Epoch: 012 | Test Loss: 0.0083417 | Time: 508ms
==> Save the model at epoch 012 with test loss 0.0083417
Epoch: 013 | Train Loss: 0.0083080 | Grad norm: 0.028520 | Time: 4s424ms
Epoch: 013 | Test Loss: 0.0078409 | Time: 533ms
==> Save the model at epoch 013 with test loss 0.0078409
Epoch: 014 | Train Loss: 0.0082412 | Grad norm: 0.027633 | Time: 3s932ms
Epoch: 014 | Test Loss: 0.0077548 | Time: 658ms
==> Save the model at epoch 014 with test loss 0.0077548
Epoch: 015 | Train Loss: 0.0081974 | Grad norm: 0.028234 | Time: 4s335ms
Epoch: 015 | Test Loss: 0.0080455 | Time: 515ms
Epoch: 016 | Train Loss: 0.0081417 | Grad norm: 0.025649 | Time: 4s221ms
Epoch: 016 | Test Loss: 0.0076598 | Time: 594ms
==> Save the model at epoch 016 with test loss 0.0076598
Epoch: 017 | Train Loss: 0.0080296 | Grad norm: 0.025215 | Time: 4s242ms
Epoch: 017 | Test Loss: 0.0077856 | Time: 498ms
Epoch: 018 | Train Loss: 0.0080089 | Grad norm: 0.024562 | Time: 4s251ms
Epoch: 018 | Test Loss: 0.0079411 | Time: 500ms
Epoch: 019 | Train Loss: 0.0079588 | Grad norm: 0.025156 | Time: 4s253ms
Epoch: 019 | Test Loss: 0.0082537 | Time: 503ms
Epoch: 020 | Train Loss: 0.0079380 | Grad norm: 0.024197 | Time: 4s146ms
Epoch: 020 | Test Loss: 0.0076160 | Time: 518ms
==> Save the model at epoch 020 with test loss 0.0076160
Epoch: 021 | Train Loss: 0.0078750 | Grad norm: 0.023772 | Time: 4s187ms
Epoch: 021 | Test Loss: 0.0079702 | Time: 508ms
Epoch: 022 | Train Loss: 0.0077980 | Grad norm: 0.022802 | Time: 4s59ms
Epoch: 022 | Test Loss: 0.0076271 | Time: 583ms
Epoch: 023 | Train Loss: 0.0077751 | Grad norm: 0.021506 | Time: 4s270ms
Epoch: 023 | Test Loss: 0.0075864 | Time: 502ms
==> Save the model at epoch 023 with test loss 0.0075864
Epoch: 024 | Train Loss: 0.0077279 | Grad norm: 0.021336 | Time: 4s385ms
Epoch: 024 | Test Loss: 0.0077313 | Time: 616ms
Epoch: 025 | Train Loss: 0.0077095 | Grad norm: 0.021183 | Time: 4s36ms
Epoch: 025 | Test Loss: 0.0077412 | Time: 517ms
Epoch: 026 | Train Loss: 0.0076474 | Grad norm: 0.020251 | Time: 4s392ms
Epoch: 026 | Test Loss: 0.0075366 | Time: 500ms
==> Save the model at epoch 026 with test loss 0.0075366
Epoch: 027 | Train Loss: 0.0075978 | Grad norm: 0.019093 | Time: 4s447ms
Epoch: 027 | Test Loss: 0.0074923 | Time: 498ms
==> Save the model at epoch 027 with test loss 0.0074923
Epoch: 028 | Train Loss: 0.0075645 | Grad norm: 0.019826 | Time: 4s401ms
Epoch: 028 | Test Loss: 0.0073710 | Time: 502ms
==> Save the model at epoch 028 with test loss 0.0073710
Epoch: 029 | Train Loss: 0.0075231 | Grad norm: 0.018988 | Time: 4s247ms
Epoch: 029 | Test Loss: 0.0075605 | Time: 509ms
Epoch: 030 | Train Loss: 0.0074931 | Grad norm: 0.018645 | Time: 4s311ms
Epoch: 030 | Test Loss: 0.0072808 | Time: 498ms
==> Save the model at epoch 030 with test loss 0.0072808
Epoch: 031 | Train Loss: 0.0074426 | Grad norm: 0.017717 | Time: 4s246ms
Epoch: 031 | Test Loss: 0.0072472 | Time: 497ms
==> Save the model at epoch 031 with test loss 0.0072472
Epoch: 032 | Train Loss: 0.0073878 | Grad norm: 0.017477 | Time: 4s347ms
Epoch: 032 | Test Loss: 0.0073015 | Time: 498ms
Epoch: 033 | Train Loss: 0.0073489 | Grad norm: 0.016984 | Time: 4s316ms
Epoch: 033 | Test Loss: 0.0072187 | Time: 573ms
==> Save the model at epoch 033 with test loss 0.0072187
Epoch: 034 | Train Loss: 0.0073108 | Grad norm: 0.016180 | Time: 4s67ms
Epoch: 034 | Test Loss: 0.0071836 | Time: 499ms
==> Save the model at epoch 034 with test loss 0.0071836
Epoch: 035 | Train Loss: 0.0072734 | Grad norm: 0.016190 | Time: 4s298ms
Epoch: 035 | Test Loss: 0.0071900 | Time: 574ms
Epoch: 036 | Train Loss: 0.0072420 | Grad norm: 0.015696 | Time: 4s193ms
Epoch: 036 | Test Loss: 0.0071852 | Time: 503ms
Epoch: 037 | Train Loss: 0.0072231 | Grad norm: 0.015384 | Time: 4s211ms
Epoch: 037 | Test Loss: 0.0071543 | Time: 503ms
==> Save the model at epoch 037 with test loss 0.0071543
Epoch: 038 | Train Loss: 0.0072019 | Grad norm: 0.014974 | Time: 4s367ms
Epoch: 038 | Test Loss: 0.0071332 | Time: 636ms
==> Save the model at epoch 038 with test loss 0.0071332
Epoch: 039 | Train Loss: 0.0071845 | Grad norm: 0.014680 | Time: 4s107ms
Epoch: 039 | Test Loss: 0.0071334 | Time: 499ms
Epoch: 040 | Train Loss: 0.0071739 | Grad norm: 0.014685 | Time: 4s218ms
Epoch: 040 | Test Loss: 0.0071310 | Time: 573ms
==> Save the model at epoch 040 with test loss 0.0071310
Total time: 3m11s
==> Saving trained model weights...
==> Input bias to be applied to the neural network (trained):
[0. 0. 0. 0.]
==> Input transform to be applied to the neural network (trained):
[0.7072636  0.72212595 0.6760411  0.67349136]
==> Output transform to be applied to the neural network (trained):
[0.2287 0.2871]
==> Saving training info...
==> Drawing training loss...
==> Drawing grad norm...
==> Drawing testing loss...
==> Process finished.
