==> torch device:  cuda:0
==> Test-Train split: test_ratio = 0.20
==> Test-Train split seed:  None
==> Further split: further_train_ratio = 0.50
==> Further split seed:  None
==> Input bias to be applied to the neural network:
[0. 0. 0. 0.]
==> Input transform to be applied to the neural network:
[0.708416   0.723275   0.67681897 0.67421794]
==> Ouput transform to be applied to the neural network:
[0.2339 0.2936]
==> Evaluating model...
==========================================================================================
Layer (type:depth-idx)                   Output Shape              Param #
==========================================================================================
NeuralNetwork                            [1, 2]                    10
├─Sequential: 1-1                        [1, 2]                    --
│    └─Linear: 2-1                       [1, 64]                   320
│    └─ReLU: 2-2                         [1, 64]                   --
│    └─Linear: 2-3                       [1, 64]                   4,160
│    └─ReLU: 2-4                         [1, 64]                   --
│    └─Linear: 2-5                       [1, 64]                   4,160
│    └─ReLU: 2-6                         [1, 64]                   --
│    └─Linear: 2-7                       [1, 64]                   4,160
│    └─ReLU: 2-8                         [1, 64]                   --
│    └─Linear: 2-9                       [1, 64]                   4,160
│    └─ReLU: 2-10                        [1, 64]                   --
│    └─Linear: 2-11                      [1, 64]                   4,160
│    └─ReLU: 2-12                        [1, 64]                   --
│    └─Linear: 2-13                      [1, 64]                   4,160
│    └─ReLU: 2-14                        [1, 64]                   --
│    └─Linear: 2-15                      [1, 2]                    130
├─Sequential: 1-2                        [1, 2]                    (recursive)
│    └─Linear: 2-16                      [1, 64]                   (recursive)
│    └─ReLU: 2-17                        [1, 64]                   --
│    └─Linear: 2-18                      [1, 64]                   (recursive)
│    └─ReLU: 2-19                        [1, 64]                   --
│    └─Linear: 2-20                      [1, 64]                   (recursive)
│    └─ReLU: 2-21                        [1, 64]                   --
│    └─Linear: 2-22                      [1, 64]                   (recursive)
│    └─ReLU: 2-23                        [1, 64]                   --
│    └─Linear: 2-24                      [1, 64]                   (recursive)
│    └─ReLU: 2-25                        [1, 64]                   --
│    └─Linear: 2-26                      [1, 64]                   (recursive)
│    └─ReLU: 2-27                        [1, 64]                   --
│    └─Linear: 2-28                      [1, 64]                   (recursive)
│    └─ReLU: 2-29                        [1, 64]                   --
│    └─Linear: 2-30                      [1, 2]                    (recursive)
==========================================================================================
Total params: 25,420
Trainable params: 25,410
Non-trainable params: 10
Total mult-adds (Units.MEGABYTES): 0.05
==========================================================================================
Input size (MB): 0.00
Forward/backward pass size (MB): 0.01
Params size (MB): 0.10
Estimated Total Size (MB): 0.11
==========================================================================================
==> Saving initial model weights...
==> Start training...
==> Number of param_groups in optimizer: 1
Epoch: 001 | Train Loss: 0.1404474 | Grad norm: 0.004221 | Time: 2s506ms
Epoch: 001 | Test Loss: 0.1413165 | Time: 511ms
==> Save the model at epoch 001 with test loss 0.1413165
Epoch: 002 | Train Loss: 0.1373925 | Grad norm: 0.011759 | Time: 2s317ms
Epoch: 002 | Test Loss: 0.1208896 | Time: 590ms
==> Save the model at epoch 002 with test loss 0.1208896
Epoch: 003 | Train Loss: 0.0458034 | Grad norm: 0.037404 | Time: 2s119ms
Epoch: 003 | Test Loss: 0.0117929 | Time: 523ms
==> Save the model at epoch 003 with test loss 0.0117929
Epoch: 004 | Train Loss: 0.0108254 | Grad norm: 0.022449 | Time: 2s58ms
Epoch: 004 | Test Loss: 0.0113857 | Time: 556ms
==> Save the model at epoch 004 with test loss 0.0113857
Epoch: 005 | Train Loss: 0.0106364 | Grad norm: 0.020562 | Time: 2s76ms
Epoch: 005 | Test Loss: 0.0113183 | Time: 514ms
==> Save the model at epoch 005 with test loss 0.0113183
Epoch: 006 | Train Loss: 0.0105679 | Grad norm: 0.020703 | Time: 2s174ms
Epoch: 006 | Test Loss: 0.0113726 | Time: 520ms
Epoch: 007 | Train Loss: 0.0105385 | Grad norm: 0.020433 | Time: 2s93ms
Epoch: 007 | Test Loss: 0.0113141 | Time: 512ms
==> Save the model at epoch 007 with test loss 0.0113141
Epoch: 008 | Train Loss: 0.0104588 | Grad norm: 0.021011 | Time: 2s133ms
Epoch: 008 | Test Loss: 0.0113548 | Time: 600ms
Epoch: 009 | Train Loss: 0.0104500 | Grad norm: 0.022053 | Time: 2s183ms
Epoch: 009 | Test Loss: 0.0112671 | Time: 507ms
==> Save the model at epoch 009 with test loss 0.0112671
Epoch: 010 | Train Loss: 0.0104030 | Grad norm: 0.020686 | Time: 2s253ms
Epoch: 010 | Test Loss: 0.0110906 | Time: 581ms
==> Save the model at epoch 010 with test loss 0.0110906
Epoch: 011 | Train Loss: 0.0103733 | Grad norm: 0.022152 | Time: 2s124ms
Epoch: 011 | Test Loss: 0.0110754 | Time: 545ms
==> Save the model at epoch 011 with test loss 0.0110754
Epoch: 012 | Train Loss: 0.0103596 | Grad norm: 0.021408 | Time: 2s186ms
Epoch: 012 | Test Loss: 0.0110571 | Time: 507ms
==> Save the model at epoch 012 with test loss 0.0110571
Epoch: 013 | Train Loss: 0.0104014 | Grad norm: 0.023915 | Time: 2s386ms
Epoch: 013 | Test Loss: 0.0110826 | Time: 507ms
Epoch: 014 | Train Loss: 0.0104054 | Grad norm: 0.023714 | Time: 2s6ms
Epoch: 014 | Test Loss: 0.0112107 | Time: 511ms
Epoch: 015 | Train Loss: 0.0103658 | Grad norm: 0.021868 | Time: 2s84ms
Epoch: 015 | Test Loss: 0.0110598 | Time: 524ms
Epoch: 016 | Train Loss: 0.0103251 | Grad norm: 0.021174 | Time: 2s217ms
Epoch: 016 | Test Loss: 0.0111018 | Time: 508ms
Epoch: 017 | Train Loss: 0.0103312 | Grad norm: 0.021394 | Time: 1s915ms
Epoch: 017 | Test Loss: 0.0110601 | Time: 512ms
Epoch: 018 | Train Loss: 0.0103001 | Grad norm: 0.019984 | Time: 2s73ms
Epoch: 018 | Test Loss: 0.0110124 | Time: 581ms
==> Save the model at epoch 018 with test loss 0.0110124
Epoch: 019 | Train Loss: 0.0103173 | Grad norm: 0.021068 | Time: 2s140ms
Epoch: 019 | Test Loss: 0.0109697 | Time: 522ms
==> Save the model at epoch 019 with test loss 0.0109697
Epoch: 020 | Train Loss: 0.0103107 | Grad norm: 0.021223 | Time: 2s164ms
Epoch: 020 | Test Loss: 0.0114386 | Time: 513ms
Epoch: 021 | Train Loss: 0.0103137 | Grad norm: 0.021229 | Time: 2s227ms
Epoch: 021 | Test Loss: 0.0111629 | Time: 523ms
Epoch: 022 | Train Loss: 0.0102982 | Grad norm: 0.020020 | Time: 2s170ms
Epoch: 022 | Test Loss: 0.0110140 | Time: 566ms
Epoch: 023 | Train Loss: 0.0102908 | Grad norm: 0.020193 | Time: 2s278ms
Epoch: 023 | Test Loss: 0.0111104 | Time: 579ms
Epoch: 024 | Train Loss: 0.0102680 | Grad norm: 0.019720 | Time: 2s143ms
Epoch: 024 | Test Loss: 0.0110733 | Time: 536ms
Epoch: 025 | Train Loss: 0.0102712 | Grad norm: 0.019491 | Time: 2s120ms
Epoch: 025 | Test Loss: 0.0110318 | Time: 509ms
Epoch: 026 | Train Loss: 0.0102625 | Grad norm: 0.019102 | Time: 2s169ms
Epoch: 026 | Test Loss: 0.0109709 | Time: 591ms
Epoch: 027 | Train Loss: 0.0102728 | Grad norm: 0.019399 | Time: 2s431ms
Epoch: 027 | Test Loss: 0.0110925 | Time: 570ms
Epoch: 028 | Train Loss: 0.0102457 | Grad norm: 0.018324 | Time: 2s41ms
Epoch: 028 | Test Loss: 0.0109906 | Time: 543ms
Epoch: 029 | Train Loss: 0.0102385 | Grad norm: 0.017480 | Time: 2s437ms
Epoch: 029 | Test Loss: 0.0109700 | Time: 514ms
Epoch: 030 | Train Loss: 0.0102262 | Grad norm: 0.017161 | Time: 1s976ms
Epoch: 030 | Test Loss: 0.0109509 | Time: 535ms
==> Save the model at epoch 030 with test loss 0.0109509
Epoch: 031 | Train Loss: 0.0102296 | Grad norm: 0.017242 | Time: 2s131ms
Epoch: 031 | Test Loss: 0.0109682 | Time: 524ms
Epoch: 032 | Train Loss: 0.0102621 | Grad norm: 0.017147 | Time: 2s170ms
Epoch: 032 | Test Loss: 0.0109505 | Time: 543ms
==> Save the model at epoch 032 with test loss 0.0109505
Epoch: 033 | Train Loss: 0.0102249 | Grad norm: 0.017610 | Time: 2s126ms
Epoch: 033 | Test Loss: 0.0110066 | Time: 525ms
Epoch: 034 | Train Loss: 0.0102099 | Grad norm: 0.017019 | Time: 2s277ms
Epoch: 034 | Test Loss: 0.0109741 | Time: 595ms
Epoch: 035 | Train Loss: 0.0102048 | Grad norm: 0.016173 | Time: 2s189ms
Epoch: 035 | Test Loss: 0.0109655 | Time: 510ms
Epoch: 036 | Train Loss: 0.0102107 | Grad norm: 0.016744 | Time: 2s151ms
Epoch: 036 | Test Loss: 0.0109505 | Time: 555ms
==> Save the model at epoch 036 with test loss 0.0109505
Epoch: 037 | Train Loss: 0.0102206 | Grad norm: 0.015912 | Time: 2s280ms
Epoch: 037 | Test Loss: 0.0109620 | Time: 520ms
Epoch: 038 | Train Loss: 0.0102072 | Grad norm: 0.016192 | Time: 2s222ms
Epoch: 038 | Test Loss: 0.0109568 | Time: 515ms
Epoch: 039 | Train Loss: 0.0102207 | Grad norm: 0.015980 | Time: 2s189ms
Epoch: 039 | Test Loss: 0.0109566 | Time: 542ms
Epoch: 040 | Train Loss: 0.0101942 | Grad norm: 0.015919 | Time: 2s268ms
Epoch: 040 | Test Loss: 0.0109555 | Time: 505ms
Total time: 1m48s
==> Saving trained model weights...
==> Input bias to be applied to the neural network (trained):
[0. 0. 0. 0.]
==> Input transform to be applied to the neural network (trained):
[0.708416   0.723275   0.67681897 0.67421794]
==> Output transform to be applied to the neural network (trained):
[0.2339 0.2936]
==> Saving training info...
==> Drawing training loss...
==> Drawing grad norm...
==> Drawing testing loss...
==> Process finished.
