==> torch device:  cuda:3
==> Test-Train split: test_ratio = 0.20
==> Test-Train split seed:  None
==> Further split: further_train_ratio = 0.25
==> Further split seed:  None
==> Input bias to be applied to the neural network:
[0. 0. 0. 0.]
==> Input transform to be applied to the neural network:
[0.7072636  0.72212595 0.6760411  0.67349136]
==> Ouput transform to be applied to the neural network:
[0.2287 0.2871]
==> Evaluating model...
==========================================================================================
Layer (type:depth-idx)                   Output Shape              Param #
==========================================================================================
NeuralNetwork                            [1, 2]                    10
├─Sequential: 1-1                        [1, 2]                    --
│    └─Linear: 2-1                       [1, 64]                   320
│    └─ReLU: 2-2                         [1, 64]                   --
│    └─Linear: 2-3                       [1, 64]                   4,160
│    └─ReLU: 2-4                         [1, 64]                   --
│    └─Linear: 2-5                       [1, 64]                   4,160
│    └─ReLU: 2-6                         [1, 64]                   --
│    └─Linear: 2-7                       [1, 64]                   4,160
│    └─ReLU: 2-8                         [1, 64]                   --
│    └─Linear: 2-9                       [1, 64]                   4,160
│    └─ReLU: 2-10                        [1, 64]                   --
│    └─Linear: 2-11                      [1, 64]                   4,160
│    └─ReLU: 2-12                        [1, 64]                   --
│    └─Linear: 2-13                      [1, 64]                   4,160
│    └─ReLU: 2-14                        [1, 64]                   --
│    └─Linear: 2-15                      [1, 2]                    130
├─Sequential: 1-2                        [1, 2]                    (recursive)
│    └─Linear: 2-16                      [1, 64]                   (recursive)
│    └─ReLU: 2-17                        [1, 64]                   --
│    └─Linear: 2-18                      [1, 64]                   (recursive)
│    └─ReLU: 2-19                        [1, 64]                   --
│    └─Linear: 2-20                      [1, 64]                   (recursive)
│    └─ReLU: 2-21                        [1, 64]                   --
│    └─Linear: 2-22                      [1, 64]                   (recursive)
│    └─ReLU: 2-23                        [1, 64]                   --
│    └─Linear: 2-24                      [1, 64]                   (recursive)
│    └─ReLU: 2-25                        [1, 64]                   --
│    └─Linear: 2-26                      [1, 64]                   (recursive)
│    └─ReLU: 2-27                        [1, 64]                   --
│    └─Linear: 2-28                      [1, 64]                   (recursive)
│    └─ReLU: 2-29                        [1, 64]                   --
│    └─Linear: 2-30                      [1, 2]                    (recursive)
==========================================================================================
Total params: 25,420
Trainable params: 25,410
Non-trainable params: 10
Total mult-adds (Units.MEGABYTES): 0.05
==========================================================================================
Input size (MB): 0.00
Forward/backward pass size (MB): 0.01
Params size (MB): 0.10
Estimated Total Size (MB): 0.11
==========================================================================================
==> Saving initial model weights...
==> Start training...
==> Number of param_groups in optimizer: 1
Epoch: 001 | Train Loss: 0.1360505 | Grad norm: 0.005114 | Time: 1s317ms
Epoch: 001 | Test Loss: 0.1345248 | Time: 529ms
==> Save the model at epoch 001 with test loss 0.1345248
Epoch: 002 | Train Loss: 0.1358799 | Grad norm: 0.000479 | Time: 1s65ms
Epoch: 002 | Test Loss: 0.1343830 | Time: 512ms
==> Save the model at epoch 002 with test loss 0.1343830
Epoch: 003 | Train Loss: 0.1358586 | Grad norm: 0.000000 | Time: 1s69ms
Epoch: 003 | Test Loss: 0.1343830 | Time: 583ms
==> Save the model at epoch 003 with test loss 0.1343830
Epoch: 004 | Train Loss: 0.1359709 | Grad norm: 0.000000 | Time: 1s72ms
Epoch: 004 | Test Loss: 0.1343830 | Time: 509ms
Epoch: 005 | Train Loss: 0.1358852 | Grad norm: 0.000000 | Time: 1s74ms
Epoch: 005 | Test Loss: 0.1343830 | Time: 526ms
Epoch: 006 | Train Loss: 0.1359645 | Grad norm: 0.000000 | Time: 1s149ms
Epoch: 006 | Test Loss: 0.1343830 | Time: 526ms
Epoch: 007 | Train Loss: 0.1358628 | Grad norm: 0.000000 | Time: 1s71ms
Epoch: 007 | Test Loss: 0.1343830 | Time: 577ms
Epoch: 008 | Train Loss: 0.1358737 | Grad norm: 0.000000 | Time: 1s58ms
Epoch: 008 | Test Loss: 0.1343830 | Time: 506ms
Epoch: 009 | Train Loss: 0.1359150 | Grad norm: 0.000000 | Time: 1s92ms
Epoch: 009 | Test Loss: 0.1343830 | Time: 506ms
Epoch: 010 | Train Loss: 0.1359439 | Grad norm: 0.000000 | Time: 1s58ms
Epoch: 010 | Test Loss: 0.1343830 | Time: 519ms
Epoch: 011 | Train Loss: 0.1359161 | Grad norm: 0.000000 | Time: 1s54ms
Epoch: 011 | Test Loss: 0.1343830 | Time: 580ms
Epoch: 012 | Train Loss: 0.1358869 | Grad norm: 0.000000 | Time: 1s78ms
Epoch: 012 | Test Loss: 0.1343830 | Time: 510ms
Epoch: 013 | Train Loss: 0.1359014 | Grad norm: 0.000000 | Time: 1s101ms
Epoch: 013 | Test Loss: 0.1343830 | Time: 523ms
Epoch: 014 | Train Loss: 0.1359410 | Grad norm: 0.000000 | Time: 1s154ms
Epoch: 014 | Test Loss: 0.1343830 | Time: 533ms
Epoch: 015 | Train Loss: 0.1358920 | Grad norm: 0.000000 | Time: 1s114ms
Epoch: 015 | Test Loss: 0.1343830 | Time: 594ms
Epoch: 016 | Train Loss: 0.1359297 | Grad norm: 0.000000 | Time: 1s60ms
Epoch: 016 | Test Loss: 0.1343830 | Time: 506ms
Epoch: 017 | Train Loss: 0.1358882 | Grad norm: 0.000000 | Time: 1s46ms
Epoch: 017 | Test Loss: 0.1343830 | Time: 522ms
Epoch: 018 | Train Loss: 0.1358987 | Grad norm: 0.000000 | Time: 1s50ms
Epoch: 018 | Test Loss: 0.1343830 | Time: 508ms
Epoch: 019 | Train Loss: 0.1358770 | Grad norm: 0.000000 | Time: 1s63ms
Epoch: 019 | Test Loss: 0.1343830 | Time: 612ms
Epoch: 020 | Train Loss: 0.1359329 | Grad norm: 0.000000 | Time: 1s32ms
Epoch: 020 | Test Loss: 0.1343830 | Time: 504ms
Epoch: 021 | Train Loss: 0.1358891 | Grad norm: 0.000000 | Time: 1s10ms
Epoch: 021 | Test Loss: 0.1343830 | Time: 510ms
Epoch: 022 | Train Loss: 0.1358926 | Grad norm: 0.000000 | Time: 1s47ms
Epoch: 022 | Test Loss: 0.1343830 | Time: 505ms
Epoch: 023 | Train Loss: 0.1359235 | Grad norm: 0.000000 | Time: 1s90ms
Epoch: 023 | Test Loss: 0.1343830 | Time: 595ms
Epoch: 024 | Train Loss: 0.1358937 | Grad norm: 0.000000 | Time: 1s51ms
Epoch: 024 | Test Loss: 0.1343830 | Time: 508ms
Epoch: 025 | Train Loss: 0.1359054 | Grad norm: 0.000000 | Time: 1s66ms
Epoch: 025 | Test Loss: 0.1343830 | Time: 519ms
Epoch: 026 | Train Loss: 0.1359244 | Grad norm: 0.000000 | Time: 1s31ms
Epoch: 026 | Test Loss: 0.1343830 | Time: 528ms
Epoch: 027 | Train Loss: 0.1358632 | Grad norm: 0.000000 | Time: 1s118ms
Epoch: 027 | Test Loss: 0.1343830 | Time: 574ms
Epoch: 028 | Train Loss: 0.1359016 | Grad norm: 0.000000 | Time: 1s31ms
Epoch: 028 | Test Loss: 0.1343830 | Time: 527ms
Epoch: 029 | Train Loss: 0.1359429 | Grad norm: 0.000000 | Time: 1s8ms
Epoch: 029 | Test Loss: 0.1343830 | Time: 505ms
Epoch: 030 | Train Loss: 0.1359479 | Grad norm: 0.000000 | Time: 1s47ms
Epoch: 030 | Test Loss: 0.1343830 | Time: 526ms
Epoch: 031 | Train Loss: 0.1359327 | Grad norm: 0.000000 | Time: 1s118ms
Epoch: 031 | Test Loss: 0.1343830 | Time: 581ms
Epoch: 032 | Train Loss: 0.1359040 | Grad norm: 0.000000 | Time: 1s56ms
Epoch: 032 | Test Loss: 0.1343830 | Time: 511ms
Epoch: 033 | Train Loss: 0.1358597 | Grad norm: 0.000000 | Time: 1s125ms
Epoch: 033 | Test Loss: 0.1343830 | Time: 516ms
Epoch: 034 | Train Loss: 0.1359536 | Grad norm: 0.000000 | Time: 1s99ms
Epoch: 034 | Test Loss: 0.1343830 | Time: 510ms
Epoch: 035 | Train Loss: 0.1359102 | Grad norm: 0.000000 | Time: 1s144ms
Epoch: 035 | Test Loss: 0.1343830 | Time: 589ms
Epoch: 036 | Train Loss: 0.1358799 | Grad norm: 0.000000 | Time: 1s82ms
Epoch: 036 | Test Loss: 0.1343830 | Time: 575ms
Epoch: 037 | Train Loss: 0.1359033 | Grad norm: 0.000000 | Time: 1s76ms
Epoch: 037 | Test Loss: 0.1343830 | Time: 512ms
Epoch: 038 | Train Loss: 0.1358983 | Grad norm: 0.000000 | Time: 1s89ms
Epoch: 038 | Test Loss: 0.1343830 | Time: 549ms
Epoch: 039 | Train Loss: 0.1359133 | Grad norm: 0.000000 | Time: 1s99ms
Epoch: 039 | Test Loss: 0.1343830 | Time: 586ms
Epoch: 040 | Train Loss: 0.1359337 | Grad norm: 0.000000 | Time: 1s138ms
Epoch: 040 | Test Loss: 0.1343830 | Time: 507ms
Total time: 1m4s
==> Saving trained model weights...
==> Input bias to be applied to the neural network (trained):
[0. 0. 0. 0.]
==> Input transform to be applied to the neural network (trained):
[0.7072636  0.72212595 0.6760411  0.67349136]
==> Output transform to be applied to the neural network (trained):
[0.2287 0.2871]
==> Saving training info...
==> Drawing training loss...
==> Drawing grad norm...
==> Drawing testing loss...
==> Process finished.
