==> torch device:  cuda:2
==> Test-Train split: test_ratio = 0.20
==> Test-Train split seed:  None
==> Further split: further_train_ratio = 0.25
==> Further split seed:  None
==> Lipschitz constant: 2.00
==> Input bias to be applied to the neural network:
[0. 0. 0. 0.]
==> Input transform to be applied to the neural network:
[0.7072636  0.72212595 0.6760411  0.67349136]
==> Ouput transform to be applied to the neural network:
[0.2287 0.2871]
==> Evaluating model...
==========================================================================================
Layer (type:depth-idx)                   Output Shape              Param #
==========================================================================================
NeuralNetwork                            [1, 2]                    10
├─Sequential: 1-1                        [1, 2]                    --
│    └─SandwichFc: 2-1                   [1, 64]                   4,481
│    └─SandwichFc: 2-2                   [1, 64]                   8,321
│    └─SandwichFc: 2-3                   [1, 64]                   8,321
│    └─SandwichFc: 2-4                   [1, 64]                   8,321
│    └─SandwichFc: 2-5                   [1, 64]                   8,321
│    └─SandwichFc: 2-6                   [1, 64]                   8,321
│    └─SandwichFc: 2-7                   [1, 64]                   8,321
│    └─SandwichLin: 2-8                  [1, 2]                    135
├─Sequential: 1-2                        [1, 2]                    (recursive)
│    └─SandwichFc: 2-9                   [1, 64]                   (recursive)
│    └─SandwichFc: 2-10                  [1, 64]                   (recursive)
│    └─SandwichFc: 2-11                  [1, 64]                   (recursive)
│    └─SandwichFc: 2-12                  [1, 64]                   (recursive)
│    └─SandwichFc: 2-13                  [1, 64]                   (recursive)
│    └─SandwichFc: 2-14                  [1, 64]                   (recursive)
│    └─SandwichFc: 2-15                  [1, 64]                   (recursive)
│    └─SandwichLin: 2-16                 [1, 2]                    (recursive)
==========================================================================================
Total params: 54,552
Trainable params: 54,542
Non-trainable params: 10
Total mult-adds (Units.MEGABYTES): 0.11
==========================================================================================
Input size (MB): 0.00
Forward/backward pass size (MB): 0.01
Params size (MB): 0.22
Estimated Total Size (MB): 0.23
==========================================================================================
==> Saving initial model weights...
==> Start training...
==> Number of param_groups in optimizer: 1
Epoch: 001 | Train Loss: 0.1339304 | Grad norm: 0.092340 | Time: 4s527ms
Epoch: 001 | Test Loss: 0.1346316 | Time: 605ms
==> Save the model at epoch 001 with test loss 0.1346316
Epoch: 002 | Train Loss: 0.0214996 | Grad norm: 0.093307 | Time: 4s371ms
Epoch: 002 | Test Loss: 0.0105848 | Time: 603ms
==> Save the model at epoch 002 with test loss 0.0105848
Epoch: 003 | Train Loss: 0.0118633 | Grad norm: 0.093760 | Time: 4s51ms
Epoch: 003 | Test Loss: 0.0109105 | Time: 677ms
Epoch: 004 | Train Loss: 0.0119813 | Grad norm: 0.086820 | Time: 4s110ms
Epoch: 004 | Test Loss: 0.0105375 | Time: 597ms
==> Save the model at epoch 004 with test loss 0.0105375
Epoch: 005 | Train Loss: 0.0115430 | Grad norm: 0.062004 | Time: 4s157ms
Epoch: 005 | Test Loss: 0.0104190 | Time: 605ms
==> Save the model at epoch 005 with test loss 0.0104190
Epoch: 006 | Train Loss: 0.0115501 | Grad norm: 0.064300 | Time: 4s80ms
Epoch: 006 | Test Loss: 0.0101439 | Time: 605ms
==> Save the model at epoch 006 with test loss 0.0101439
Epoch: 007 | Train Loss: 0.0113848 | Grad norm: 0.055727 | Time: 4s101ms
Epoch: 007 | Test Loss: 0.0107856 | Time: 691ms
Epoch: 008 | Train Loss: 0.0114365 | Grad norm: 0.057231 | Time: 4s50ms
Epoch: 008 | Test Loss: 0.0100542 | Time: 604ms
==> Save the model at epoch 008 with test loss 0.0100542
Epoch: 009 | Train Loss: 0.0110926 | Grad norm: 0.043595 | Time: 4s100ms
Epoch: 009 | Test Loss: 0.0099276 | Time: 603ms
==> Save the model at epoch 009 with test loss 0.0099276
Epoch: 010 | Train Loss: 0.0107546 | Grad norm: 0.029232 | Time: 4s104ms
Epoch: 010 | Test Loss: 0.0103032 | Time: 613ms
Epoch: 011 | Train Loss: 0.0108555 | Grad norm: 0.035349 | Time: 4s24ms
Epoch: 011 | Test Loss: 0.0107215 | Time: 682ms
Epoch: 012 | Train Loss: 0.0106671 | Grad norm: 0.024852 | Time: 4s180ms
Epoch: 012 | Test Loss: 0.0099209 | Time: 597ms
==> Save the model at epoch 012 with test loss 0.0099209
Epoch: 013 | Train Loss: 0.0108642 | Grad norm: 0.033748 | Time: 4s160ms
Epoch: 013 | Test Loss: 0.0125606 | Time: 602ms
Epoch: 014 | Train Loss: 0.0108560 | Grad norm: 0.034247 | Time: 4s77ms
Epoch: 014 | Test Loss: 0.0100617 | Time: 614ms
Epoch: 015 | Train Loss: 0.0106446 | Grad norm: 0.024616 | Time: 4s94ms
Epoch: 015 | Test Loss: 0.0098040 | Time: 670ms
==> Save the model at epoch 015 with test loss 0.0098040
Epoch: 016 | Train Loss: 0.0105099 | Grad norm: 0.020607 | Time: 4s139ms
Epoch: 016 | Test Loss: 0.0097613 | Time: 606ms
==> Save the model at epoch 016 with test loss 0.0097613
Epoch: 017 | Train Loss: 0.0104077 | Grad norm: 0.019561 | Time: 4s219ms
Epoch: 017 | Test Loss: 0.0099248 | Time: 603ms
Epoch: 018 | Train Loss: 0.0104699 | Grad norm: 0.023355 | Time: 4s153ms
Epoch: 018 | Test Loss: 0.0099606 | Time: 607ms
Epoch: 019 | Train Loss: 0.0103388 | Grad norm: 0.018845 | Time: 4s53ms
Epoch: 019 | Test Loss: 0.0098875 | Time: 612ms
Epoch: 020 | Train Loss: 0.0103948 | Grad norm: 0.021763 | Time: 4s248ms
Epoch: 020 | Test Loss: 0.0097832 | Time: 603ms
Epoch: 021 | Train Loss: 0.0102974 | Grad norm: 0.019859 | Time: 4s22ms
Epoch: 021 | Test Loss: 0.0095192 | Time: 611ms
==> Save the model at epoch 021 with test loss 0.0095192
Epoch: 022 | Train Loss: 0.0102514 | Grad norm: 0.018599 | Time: 4s271ms
Epoch: 022 | Test Loss: 0.0098490 | Time: 602ms
Epoch: 023 | Train Loss: 0.0102017 | Grad norm: 0.018204 | Time: 4s210ms
Epoch: 023 | Test Loss: 0.0100035 | Time: 670ms
Epoch: 024 | Train Loss: 0.0101619 | Grad norm: 0.016499 | Time: 4s392ms
Epoch: 024 | Test Loss: 0.0096671 | Time: 618ms
Epoch: 025 | Train Loss: 0.0102036 | Grad norm: 0.020375 | Time: 4s191ms
Epoch: 025 | Test Loss: 0.0096449 | Time: 603ms
Epoch: 026 | Train Loss: 0.0101462 | Grad norm: 0.018280 | Time: 4s161ms
Epoch: 026 | Test Loss: 0.0094551 | Time: 606ms
==> Save the model at epoch 026 with test loss 0.0094551
Epoch: 027 | Train Loss: 0.0100860 | Grad norm: 0.017853 | Time: 4s249ms
Epoch: 027 | Test Loss: 0.0093552 | Time: 601ms
==> Save the model at epoch 027 with test loss 0.0093552
Epoch: 028 | Train Loss: 0.0100018 | Grad norm: 0.014754 | Time: 4s135ms
Epoch: 028 | Test Loss: 0.0094730 | Time: 618ms
Epoch: 029 | Train Loss: 0.0099746 | Grad norm: 0.014098 | Time: 4s250ms
Epoch: 029 | Test Loss: 0.0094481 | Time: 612ms
Epoch: 030 | Train Loss: 0.0099394 | Grad norm: 0.014294 | Time: 4s383ms
Epoch: 030 | Test Loss: 0.0092728 | Time: 607ms
==> Save the model at epoch 030 with test loss 0.0092728
Epoch: 031 | Train Loss: 0.0099200 | Grad norm: 0.015206 | Time: 4s144ms
Epoch: 031 | Test Loss: 0.0092916 | Time: 604ms
Epoch: 032 | Train Loss: 0.0098839 | Grad norm: 0.014150 | Time: 4s219ms
Epoch: 032 | Test Loss: 0.0092869 | Time: 595ms
Epoch: 033 | Train Loss: 0.0098242 | Grad norm: 0.012263 | Time: 4s78ms
Epoch: 033 | Test Loss: 0.0092726 | Time: 621ms
==> Save the model at epoch 033 with test loss 0.0092726
Epoch: 034 | Train Loss: 0.0098227 | Grad norm: 0.013483 | Time: 4s159ms
Epoch: 034 | Test Loss: 0.0092187 | Time: 597ms
==> Save the model at epoch 034 with test loss 0.0092187
Epoch: 035 | Train Loss: 0.0097902 | Grad norm: 0.012364 | Time: 4s2ms
Epoch: 035 | Test Loss: 0.0092333 | Time: 600ms
Epoch: 036 | Train Loss: 0.0097648 | Grad norm: 0.011408 | Time: 4s19ms
Epoch: 036 | Test Loss: 0.0091881 | Time: 619ms
==> Save the model at epoch 036 with test loss 0.0091881
Epoch: 037 | Train Loss: 0.0097418 | Grad norm: 0.011157 | Time: 4s1ms
Epoch: 037 | Test Loss: 0.0091937 | Time: 620ms
Epoch: 038 | Train Loss: 0.0097188 | Grad norm: 0.010719 | Time: 3s970ms
Epoch: 038 | Test Loss: 0.0091793 | Time: 682ms
==> Save the model at epoch 038 with test loss 0.0091793
Epoch: 039 | Train Loss: 0.0097131 | Grad norm: 0.010925 | Time: 3s951ms
Epoch: 039 | Test Loss: 0.0091744 | Time: 613ms
==> Save the model at epoch 039 with test loss 0.0091744
Epoch: 040 | Train Loss: 0.0096966 | Grad norm: 0.009981 | Time: 3s978ms
Epoch: 040 | Test Loss: 0.0091649 | Time: 618ms
==> Save the model at epoch 040 with test loss 0.0091649
Total time: 3m10s
==> Saving trained model weights...
==> Input bias to be applied to the neural network (trained):
[0. 0. 0. 0.]
==> Input transform to be applied to the neural network (trained):
[0.7072636  0.72212595 0.6760411  0.67349136]
==> Output transform to be applied to the neural network (trained):
[0.2287 0.2871]
==> Saving training info...
==> Drawing training loss...
==> Drawing grad norm...
==> Drawing testing loss...
==> Process finished.
