==> torch device:  cuda:0
==> Test-Train split: test_ratio = 0.20
==> Test-Train split seed:  None
==> Further split: further_train_ratio = 1.00
==> Further split seed:  None
==> Input bias to be applied to the neural network:
[0. 0.]
==> Input transform to be applied to the neural network:
[1. 1.]
==> Ouput transform to be applied to the neural network:
[1. 1.]
==> Evaluating model...
==========================================================================================
Layer (type:depth-idx)                   Output Shape              Param #
==========================================================================================
NeuralNetwork                            [1, 2]                    6
├─Sequential: 1-1                        [1, 2]                    --
│    └─Linear: 2-1                       [1, 64]                   192
│    └─LeakyReLU: 2-2                    [1, 64]                   --
│    └─Linear: 2-3                       [1, 64]                   4,160
│    └─LeakyReLU: 2-4                    [1, 64]                   --
│    └─Linear: 2-5                       [1, 64]                   4,160
│    └─LeakyReLU: 2-6                    [1, 64]                   --
│    └─Linear: 2-7                       [1, 64]                   4,160
│    └─LeakyReLU: 2-8                    [1, 64]                   --
│    └─Linear: 2-9                       [1, 64]                   4,160
│    └─LeakyReLU: 2-10                   [1, 64]                   --
│    └─Linear: 2-11                      [1, 64]                   4,160
│    └─LeakyReLU: 2-12                   [1, 64]                   --
│    └─Linear: 2-13                      [1, 64]                   4,160
│    └─LeakyReLU: 2-14                   [1, 64]                   --
│    └─Linear: 2-15                      [1, 2]                    130
==========================================================================================
Total params: 25,288
Trainable params: 25,282
Non-trainable params: 6
Total mult-adds (Units.MEGABYTES): 0.03
==========================================================================================
Input size (MB): 0.00
Forward/backward pass size (MB): 0.00
Params size (MB): 0.10
Estimated Total Size (MB): 0.10
==========================================================================================
==> Saving initial model weights...
==> Start training...
Epoch: 001 | Loss: 0.8396353 | L2 loss: 0.7054709 | Lip loss: 0.1341643 | Grad norm: 4.517109 | Time: 34s911ms
Epoch: 001 | Test Loss: 0.0635745 | Time: 434ms
==> Save the model at epoch 001 with test loss 0.0635745
Epoch: 002 | Loss: 0.1939773 | L2 loss: 0.0518225 | Lip loss: 0.1421547 | Grad norm: 3.991367 | Time: 34s267ms
Epoch: 002 | Test Loss: 0.0345900 | Time: 434ms
==> Save the model at epoch 002 with test loss 0.0345900
Epoch: 003 | Loss: 0.1780932 | L2 loss: 0.0362945 | Lip loss: 0.1417987 | Grad norm: 3.339272 | Time: 35s45ms
Epoch: 003 | Test Loss: 0.0328538 | Time: 437ms
==> Save the model at epoch 003 with test loss 0.0328538
Epoch: 004 | Loss: 0.1701015 | L2 loss: 0.0320402 | Lip loss: 0.1380613 | Grad norm: 2.607866 | Time: 35s68ms
Epoch: 004 | Test Loss: 0.0356763 | Time: 445ms
Epoch: 005 | Loss: 0.1677253 | L2 loss: 0.0304321 | Lip loss: 0.1372932 | Grad norm: 2.658683 | Time: 34s908ms
Epoch: 005 | Test Loss: 0.0249333 | Time: 433ms
==> Save the model at epoch 005 with test loss 0.0249333
Epoch: 006 | Loss: 0.1545573 | L2 loss: 0.0154641 | Lip loss: 0.1390932 | Grad norm: 1.127391 | Time: 33s676ms
Epoch: 006 | Test Loss: 0.0145756 | Time: 504ms
==> Save the model at epoch 006 with test loss 0.0145756
Epoch: 007 | Loss: 0.1506905 | L2 loss: 0.0141645 | Lip loss: 0.1365260 | Grad norm: 1.142671 | Time: 34s95ms
Epoch: 007 | Test Loss: 0.0139249 | Time: 512ms
==> Save the model at epoch 007 with test loss 0.0139249
Epoch: 008 | Loss: 0.1520911 | L2 loss: 0.0138403 | Lip loss: 0.1382508 | Grad norm: 1.133454 | Time: 33s765ms
Epoch: 008 | Test Loss: 0.0142724 | Time: 435ms
Epoch: 009 | Loss: 0.1514625 | L2 loss: 0.0135925 | Lip loss: 0.1378700 | Grad norm: 1.165833 | Time: 34s918ms
Epoch: 009 | Test Loss: 0.0143860 | Time: 444ms
Epoch: 010 | Loss: 0.1537553 | L2 loss: 0.0139967 | Lip loss: 0.1397586 | Grad norm: 1.176704 | Time: 34s89ms
Epoch: 010 | Test Loss: 0.0140470 | Time: 433ms
Epoch: 011 | Loss: 0.1468944 | L2 loss: 0.0120708 | Lip loss: 0.1348236 | Grad norm: 0.919871 | Time: 33s764ms
Epoch: 011 | Test Loss: 0.0120602 | Time: 456ms
==> Save the model at epoch 011 with test loss 0.0120602
Epoch: 012 | Loss: 0.1499981 | L2 loss: 0.0122195 | Lip loss: 0.1377786 | Grad norm: 0.974508 | Time: 34s177ms
Epoch: 012 | Test Loss: 0.0124640 | Time: 436ms
Epoch: 013 | Loss: 0.1483774 | L2 loss: 0.0120633 | Lip loss: 0.1363141 | Grad norm: 0.967669 | Time: 34s467ms
Epoch: 013 | Test Loss: 0.0121250 | Time: 435ms
Epoch: 014 | Loss: 0.1502274 | L2 loss: 0.0122093 | Lip loss: 0.1380181 | Grad norm: 1.010889 | Time: 33s843ms
Epoch: 014 | Test Loss: 0.0126309 | Time: 446ms
Epoch: 015 | Loss: 0.1481076 | L2 loss: 0.0121874 | Lip loss: 0.1359202 | Grad norm: 0.995624 | Time: 34s206ms
Epoch: 015 | Test Loss: 0.0122252 | Time: 515ms
Epoch: 016 | Loss: 0.1491166 | L2 loss: 0.0120604 | Lip loss: 0.1370562 | Grad norm: 0.903665 | Time: 34s827ms
Epoch: 016 | Test Loss: 0.0121556 | Time: 519ms
Epoch: 017 | Loss: 0.1477327 | L2 loss: 0.0120822 | Lip loss: 0.1356505 | Grad norm: 0.916604 | Time: 34s990ms
Epoch: 017 | Test Loss: 0.0121407 | Time: 441ms
Epoch: 018 | Loss: 0.1486502 | L2 loss: 0.0120658 | Lip loss: 0.1365845 | Grad norm: 0.970420 | Time: 34s179ms
Epoch: 018 | Test Loss: 0.0121736 | Time: 444ms
Epoch: 019 | Loss: 0.1510361 | L2 loss: 0.0120816 | Lip loss: 0.1389544 | Grad norm: 0.941013 | Time: 34s710ms
Epoch: 019 | Test Loss: 0.0122765 | Time: 457ms
Epoch: 020 | Loss: 0.1475539 | L2 loss: 0.0120592 | Lip loss: 0.1354947 | Grad norm: 0.904688 | Time: 34s542ms
Epoch: 020 | Test Loss: 0.0120969 | Time: 435ms
Epoch: 021 | Loss: 0.1508055 | L2 loss: 0.0119992 | Lip loss: 0.1388063 | Grad norm: 0.968804 | Time: 34s122ms
Epoch: 021 | Test Loss: 0.0121115 | Time: 439ms
Epoch: 022 | Loss: 0.1493990 | L2 loss: 0.0120028 | Lip loss: 0.1373962 | Grad norm: 0.956585 | Time: 34s322ms
Epoch: 022 | Test Loss: 0.0121058 | Time: 438ms
Epoch: 023 | Loss: 0.1481406 | L2 loss: 0.0120021 | Lip loss: 0.1361384 | Grad norm: 0.944329 | Time: 34s747ms
Epoch: 023 | Test Loss: 0.0121242 | Time: 436ms
Epoch: 024 | Loss: 0.1501217 | L2 loss: 0.0120205 | Lip loss: 0.1381011 | Grad norm: 0.930881 | Time: 34s655ms
Epoch: 024 | Test Loss: 0.0121282 | Time: 502ms
Epoch: 025 | Loss: 0.1492857 | L2 loss: 0.0120181 | Lip loss: 0.1372676 | Grad norm: 0.968931 | Time: 34s206ms
Epoch: 025 | Test Loss: 0.0121234 | Time: 512ms
Epoch: 026 | Loss: 0.1500150 | L2 loss: 0.0120147 | Lip loss: 0.1380003 | Grad norm: 0.946174 | Time: 34s381ms
Epoch: 026 | Test Loss: 0.0121241 | Time: 435ms
Epoch: 027 | Loss: 0.1470638 | L2 loss: 0.0120149 | Lip loss: 0.1350489 | Grad norm: 0.949700 | Time: 33s956ms
Epoch: 027 | Test Loss: 0.0121242 | Time: 449ms
Epoch: 028 | Loss: 0.1515493 | L2 loss: 0.0120162 | Lip loss: 0.1395331 | Grad norm: 0.977916 | Time: 34s942ms
Epoch: 028 | Test Loss: 0.0121263 | Time: 435ms
Epoch: 029 | Loss: 0.1489479 | L2 loss: 0.0120177 | Lip loss: 0.1369302 | Grad norm: 0.934993 | Time: 34s57ms
Epoch: 029 | Test Loss: 0.0121267 | Time: 435ms
Epoch: 030 | Loss: 0.1476337 | L2 loss: 0.0120181 | Lip loss: 0.1356156 | Grad norm: 0.888319 | Time: 33s929ms
Epoch: 030 | Test Loss: 0.0121270 | Time: 442ms
Epoch: 031 | Loss: 0.1498557 | L2 loss: 0.0120179 | Lip loss: 0.1378378 | Grad norm: 0.924478 | Time: 34s18ms
Epoch: 031 | Test Loss: 0.0121270 | Time: 434ms
Epoch: 032 | Loss: 0.1476707 | L2 loss: 0.0120179 | Lip loss: 0.1356528 | Grad norm: 0.949506 | Time: 34s481ms
Epoch: 032 | Test Loss: 0.0121270 | Time: 510ms
Epoch: 033 | Loss: 0.1484624 | L2 loss: 0.0120180 | Lip loss: 0.1364445 | Grad norm: 0.922358 | Time: 34s694ms
Epoch: 033 | Test Loss: 0.0121270 | Time: 435ms
Epoch: 034 | Loss: 0.1493790 | L2 loss: 0.0120180 | Lip loss: 0.1373611 | Grad norm: 0.955661 | Time: 34s235ms
Epoch: 034 | Test Loss: 0.0121270 | Time: 504ms
Epoch: 035 | Loss: 0.1516574 | L2 loss: 0.0120180 | Lip loss: 0.1396394 | Grad norm: 0.950019 | Time: 34s587ms
Epoch: 035 | Test Loss: 0.0121270 | Time: 503ms
Epoch: 036 | Loss: 0.1508354 | L2 loss: 0.0120180 | Lip loss: 0.1388174 | Grad norm: 0.944288 | Time: 35s46ms
Epoch: 036 | Test Loss: 0.0121270 | Time: 437ms
Epoch: 037 | Loss: 0.1485444 | L2 loss: 0.0120180 | Lip loss: 0.1365264 | Grad norm: 0.960950 | Time: 34s414ms
Epoch: 037 | Test Loss: 0.0121270 | Time: 445ms
Epoch: 038 | Loss: 0.1505187 | L2 loss: 0.0120180 | Lip loss: 0.1385007 | Grad norm: 0.962358 | Time: 33s932ms
Epoch: 038 | Test Loss: 0.0121270 | Time: 438ms
Epoch: 039 | Loss: 0.1505471 | L2 loss: 0.0120180 | Lip loss: 0.1385291 | Grad norm: 0.968067 | Time: 34s30ms
Epoch: 039 | Test Loss: 0.0121270 | Time: 436ms
Epoch: 040 | Loss: 0.1500089 | L2 loss: 0.0120180 | Lip loss: 0.1379909 | Grad norm: 0.990914 | Time: 34s376ms
Epoch: 040 | Test Loss: 0.0121270 | Time: 439ms
Total time: 23m13s
==> Saving trained model weights...
==> Input bias to be applied to the neural network (trained):
[0. 0.]
==> Input transform to be applied to the neural network (trained):
[1. 1.]
==> Output transform to be applied to the neural network (trained):
[1. 1.]
==> Saving training info...
==> Drawing training loss...
==> Drawing grad norm...
==> Drawing testing loss...
==> Drawing l2 loss...
==> Drawing lip loss...
==> Process finished.
