==> torch device:  cuda:1
==> Test-Train split: test_ratio = 0.20
==> Test-Train split seed:  None
==> Further split: further_train_ratio = 1.00
==> Further split seed:  None
==> Input bias to be applied to the neural network:
[0. 0.]
==> Input transform to be applied to the neural network:
[1. 1.]
==> Ouput transform to be applied to the neural network:
[1. 1.]
==> Evaluating model...
==========================================================================================
Layer (type:depth-idx)                   Output Shape              Param #
==========================================================================================
NeuralNetwork                            [1, 2]                    6
├─Sequential: 1-1                        [1, 2]                    --
│    └─Linear: 2-1                       [1, 64]                   192
│    └─LeakyReLU: 2-2                    [1, 64]                   --
│    └─Linear: 2-3                       [1, 64]                   4,160
│    └─LeakyReLU: 2-4                    [1, 64]                   --
│    └─Linear: 2-5                       [1, 64]                   4,160
│    └─LeakyReLU: 2-6                    [1, 64]                   --
│    └─Linear: 2-7                       [1, 64]                   4,160
│    └─LeakyReLU: 2-8                    [1, 64]                   --
│    └─Linear: 2-9                       [1, 64]                   4,160
│    └─LeakyReLU: 2-10                   [1, 64]                   --
│    └─Linear: 2-11                      [1, 64]                   4,160
│    └─LeakyReLU: 2-12                   [1, 64]                   --
│    └─Linear: 2-13                      [1, 64]                   4,160
│    └─LeakyReLU: 2-14                   [1, 64]                   --
│    └─Linear: 2-15                      [1, 2]                    130
==========================================================================================
Total params: 25,288
Trainable params: 25,282
Non-trainable params: 6
Total mult-adds (M): 0.03
==========================================================================================
Input size (MB): 0.00
Forward/backward pass size (MB): 0.00
Params size (MB): 0.10
Estimated Total Size (MB): 0.10
==========================================================================================
==> Saving initial model weights...
==> Start training...
Epoch: 001 | Loss: 2.8200231 | L2 loss: 2.8180081 | Lip loss: 0.0020150 | Grad norm: 12.474887 | Time: 50s594ms
Epoch: 001 | Test Loss: 0.0125682 | Time: 572ms
==> Save the model at epoch 001 with test loss 0.0125682
Epoch: 002 | Loss: 0.0353693 | L2 loss: 0.0333058 | Lip loss: 0.0020634 | Grad norm: 6.175681 | Time: 48s717ms
Epoch: 002 | Test Loss: 0.0154602 | Time: 574ms
Epoch: 003 | Loss: 0.0226069 | L2 loss: 0.0205581 | Lip loss: 0.0020488 | Grad norm: 3.806497 | Time: 46s284ms
Epoch: 003 | Test Loss: 0.0296781 | Time: 569ms
Epoch: 004 | Loss: 0.0203488 | L2 loss: 0.0183047 | Lip loss: 0.0020441 | Grad norm: 3.228494 | Time: 47s352ms
Epoch: 004 | Test Loss: 0.0147159 | Time: 562ms
Epoch: 005 | Loss: 0.0187156 | L2 loss: 0.0166737 | Lip loss: 0.0020419 | Grad norm: 2.776600 | Time: 48s654ms
Epoch: 005 | Test Loss: 0.0113931 | Time: 569ms
==> Save the model at epoch 005 with test loss 0.0113931
Epoch: 006 | Loss: 0.0097104 | L2 loss: 0.0076808 | Lip loss: 0.0020296 | Grad norm: 0.495261 | Time: 45s412ms
Epoch: 006 | Test Loss: 0.0076924 | Time: 564ms
==> Save the model at epoch 006 with test loss 0.0076924
Epoch: 007 | Loss: 0.0096878 | L2 loss: 0.0076604 | Lip loss: 0.0020275 | Grad norm: 0.563742 | Time: 45s416ms
Epoch: 007 | Test Loss: 0.0073594 | Time: 620ms
==> Save the model at epoch 007 with test loss 0.0073594
Epoch: 008 | Loss: 0.0096084 | L2 loss: 0.0075798 | Lip loss: 0.0020285 | Grad norm: 0.494635 | Time: 45s410ms
Epoch: 008 | Test Loss: 0.0074649 | Time: 560ms
Epoch: 009 | Loss: 0.0096582 | L2 loss: 0.0076313 | Lip loss: 0.0020268 | Grad norm: 0.569369 | Time: 45s425ms
Epoch: 009 | Test Loss: 0.0073579 | Time: 563ms
==> Save the model at epoch 009 with test loss 0.0073579
Epoch: 010 | Loss: 0.0096702 | L2 loss: 0.0076441 | Lip loss: 0.0020261 | Grad norm: 0.558634 | Time: 45s442ms
Epoch: 010 | Test Loss: 0.0074137 | Time: 563ms
Epoch: 011 | Loss: 0.0093281 | L2 loss: 0.0073031 | Lip loss: 0.0020250 | Grad norm: 0.304092 | Time: 48s687ms
Epoch: 011 | Test Loss: 0.0071742 | Time: 573ms
==> Save the model at epoch 011 with test loss 0.0071742
Epoch: 012 | Loss: 0.0093276 | L2 loss: 0.0073028 | Lip loss: 0.0020248 | Grad norm: 0.321255 | Time: 46s977ms
Epoch: 012 | Test Loss: 0.0071594 | Time: 566ms
==> Save the model at epoch 012 with test loss 0.0071594
Epoch: 013 | Loss: 0.0093289 | L2 loss: 0.0073036 | Lip loss: 0.0020253 | Grad norm: 0.319162 | Time: 49s385ms
Epoch: 013 | Test Loss: 0.0071473 | Time: 574ms
==> Save the model at epoch 013 with test loss 0.0071473
Epoch: 014 | Loss: 0.0093239 | L2 loss: 0.0072988 | Lip loss: 0.0020251 | Grad norm: 0.313861 | Time: 45s588ms
Epoch: 014 | Test Loss: 0.0071949 | Time: 564ms
Epoch: 015 | Loss: 0.0093279 | L2 loss: 0.0073039 | Lip loss: 0.0020240 | Grad norm: 0.323354 | Time: 45s552ms
Epoch: 015 | Test Loss: 0.0071518 | Time: 562ms
Epoch: 016 | Loss: 0.0092871 | L2 loss: 0.0072616 | Lip loss: 0.0020255 | Grad norm: 0.275628 | Time: 45s596ms
Epoch: 016 | Test Loss: 0.0071347 | Time: 565ms
==> Save the model at epoch 016 with test loss 0.0071347
Epoch: 017 | Loss: 0.0092853 | L2 loss: 0.0072605 | Lip loss: 0.0020248 | Grad norm: 0.276195 | Time: 45s562ms
Epoch: 017 | Test Loss: 0.0071277 | Time: 560ms
==> Save the model at epoch 017 with test loss 0.0071277
Epoch: 018 | Loss: 0.0092826 | L2 loss: 0.0072594 | Lip loss: 0.0020233 | Grad norm: 0.272170 | Time: 45s628ms
Epoch: 018 | Test Loss: 0.0071290 | Time: 566ms
Epoch: 019 | Loss: 0.0092828 | L2 loss: 0.0072598 | Lip loss: 0.0020230 | Grad norm: 0.267333 | Time: 45s477ms
Epoch: 019 | Test Loss: 0.0071281 | Time: 561ms
Epoch: 020 | Loss: 0.0092840 | L2 loss: 0.0072595 | Lip loss: 0.0020245 | Grad norm: 0.274956 | Time: 45s580ms
Epoch: 020 | Test Loss: 0.0071418 | Time: 562ms
Epoch: 021 | Loss: 0.0092815 | L2 loss: 0.0072559 | Lip loss: 0.0020256 | Grad norm: 0.270900 | Time: 45s522ms
Epoch: 021 | Test Loss: 0.0071273 | Time: 563ms
==> Save the model at epoch 021 with test loss 0.0071273
Epoch: 022 | Loss: 0.0092787 | L2 loss: 0.0072543 | Lip loss: 0.0020244 | Grad norm: 0.266236 | Time: 45s463ms
Epoch: 022 | Test Loss: 0.0071268 | Time: 558ms
==> Save the model at epoch 022 with test loss 0.0071268
Epoch: 023 | Loss: 0.0092789 | L2 loss: 0.0072543 | Lip loss: 0.0020247 | Grad norm: 0.263117 | Time: 47s247ms
Epoch: 023 | Test Loss: 0.0071266 | Time: 582ms
==> Save the model at epoch 023 with test loss 0.0071266
Epoch: 024 | Loss: 0.0092782 | L2 loss: 0.0072542 | Lip loss: 0.0020240 | Grad norm: 0.273549 | Time: 49s770ms
Epoch: 024 | Test Loss: 0.0071270 | Time: 572ms
Epoch: 025 | Loss: 0.0092802 | L2 loss: 0.0072544 | Lip loss: 0.0020258 | Grad norm: 0.274150 | Time: 49s336ms
Epoch: 025 | Test Loss: 0.0071276 | Time: 566ms
Epoch: 026 | Loss: 0.0092781 | L2 loss: 0.0072535 | Lip loss: 0.0020246 | Grad norm: 0.271043 | Time: 50s363ms
Epoch: 026 | Test Loss: 0.0071274 | Time: 568ms
Epoch: 027 | Loss: 0.0092785 | L2 loss: 0.0072535 | Lip loss: 0.0020250 | Grad norm: 0.265218 | Time: 49s367ms
Epoch: 027 | Test Loss: 0.0071272 | Time: 625ms
Epoch: 028 | Loss: 0.0092775 | L2 loss: 0.0072535 | Lip loss: 0.0020240 | Grad norm: 0.272144 | Time: 47s765ms
Epoch: 028 | Test Loss: 0.0071272 | Time: 625ms
Epoch: 029 | Loss: 0.0092792 | L2 loss: 0.0072535 | Lip loss: 0.0020257 | Grad norm: 0.266482 | Time: 45s638ms
Epoch: 029 | Test Loss: 0.0071271 | Time: 560ms
Epoch: 030 | Loss: 0.0092783 | L2 loss: 0.0072534 | Lip loss: 0.0020248 | Grad norm: 0.274774 | Time: 45s647ms
Epoch: 030 | Test Loss: 0.0071271 | Time: 560ms
Epoch: 031 | Loss: 0.0092782 | L2 loss: 0.0072534 | Lip loss: 0.0020248 | Grad norm: 0.270399 | Time: 45s647ms
Epoch: 031 | Test Loss: 0.0071271 | Time: 561ms
Epoch: 032 | Loss: 0.0092787 | L2 loss: 0.0072534 | Lip loss: 0.0020253 | Grad norm: 0.268914 | Time: 45s620ms
Epoch: 032 | Test Loss: 0.0071271 | Time: 563ms
Epoch: 033 | Loss: 0.0092780 | L2 loss: 0.0072534 | Lip loss: 0.0020246 | Grad norm: 0.266240 | Time: 45s645ms
Epoch: 033 | Test Loss: 0.0071271 | Time: 621ms
Epoch: 034 | Loss: 0.0092782 | L2 loss: 0.0072534 | Lip loss: 0.0020248 | Grad norm: 0.267720 | Time: 48s304ms
Epoch: 034 | Test Loss: 0.0071271 | Time: 631ms
Epoch: 035 | Loss: 0.0092770 | L2 loss: 0.0072534 | Lip loss: 0.0020236 | Grad norm: 0.272433 | Time: 45s412ms
Epoch: 035 | Test Loss: 0.0071271 | Time: 563ms
Epoch: 036 | Loss: 0.0092786 | L2 loss: 0.0072534 | Lip loss: 0.0020252 | Grad norm: 0.263370 | Time: 45s427ms
Epoch: 036 | Test Loss: 0.0071271 | Time: 563ms
Epoch: 037 | Loss: 0.0092785 | L2 loss: 0.0072534 | Lip loss: 0.0020251 | Grad norm: 0.270713 | Time: 48s569ms
Epoch: 037 | Test Loss: 0.0071271 | Time: 586ms
Epoch: 038 | Loss: 0.0092789 | L2 loss: 0.0072534 | Lip loss: 0.0020255 | Grad norm: 0.267352 | Time: 46s979ms
Epoch: 038 | Test Loss: 0.0071271 | Time: 560ms
Epoch: 039 | Loss: 0.0092770 | L2 loss: 0.0072534 | Lip loss: 0.0020237 | Grad norm: 0.274212 | Time: 46s2ms
Epoch: 039 | Test Loss: 0.0071271 | Time: 628ms
Epoch: 040 | Loss: 0.0092791 | L2 loss: 0.0072534 | Lip loss: 0.0020257 | Grad norm: 0.265724 | Time: 45s471ms
Epoch: 040 | Test Loss: 0.0071271 | Time: 620ms
Total time: 31m35s
==> Saving trained model weights...
==> Input bias to be applied to the neural network (trained):
[0. 0.]
==> Input transform to be applied to the neural network (trained):
[1. 1.]
==> Output transform to be applied to the neural network (trained):
[1. 1.]
==> Saving training info...
==> Drawing training loss...
==> Drawing grad norm...
==> Drawing testing loss...
==> Drawing l2 loss...
==> Drawing lip loss...
==> Process finished.
