==> torch device:  cuda:0
==> Test-Train split: test_ratio = 0.20
==> Test-Train split seed:  None
==> Further split: further_train_ratio = 0.25
==> Further split seed:  None
==> Input bias to be applied to the neural network:
[0. 0. 0. 0.]
==> Input transform to be applied to the neural network:
[ 0.62900996  0.6288517  11.614402    9.487666  ]
==> Ouput transform to be applied to the neural network:
[0.0195 0.021 ]
==> Evaluating model...
==========================================================================================
Layer (type:depth-idx)                   Output Shape              Param #
==========================================================================================
NeuralNetwork                            [1, 2]                    10
├─Sequential: 1-1                        [1, 2]                    --
│    └─Linear: 2-1                       [1, 64]                   320
│    └─ReLU: 2-2                         [1, 64]                   --
│    └─Linear: 2-3                       [1, 64]                   4,160
│    └─ReLU: 2-4                         [1, 64]                   --
│    └─Linear: 2-5                       [1, 64]                   4,160
│    └─ReLU: 2-6                         [1, 64]                   --
│    └─Linear: 2-7                       [1, 64]                   4,160
│    └─ReLU: 2-8                         [1, 64]                   --
│    └─Linear: 2-9                       [1, 64]                   4,160
│    └─ReLU: 2-10                        [1, 64]                   --
│    └─Linear: 2-11                      [1, 64]                   4,160
│    └─ReLU: 2-12                        [1, 64]                   --
│    └─Linear: 2-13                      [1, 64]                   4,160
│    └─ReLU: 2-14                        [1, 64]                   --
│    └─Linear: 2-15                      [1, 2]                    130
├─Sequential: 1-2                        [1, 2]                    (recursive)
│    └─Linear: 2-16                      [1, 64]                   (recursive)
│    └─ReLU: 2-17                        [1, 64]                   --
│    └─Linear: 2-18                      [1, 64]                   (recursive)
│    └─ReLU: 2-19                        [1, 64]                   --
│    └─Linear: 2-20                      [1, 64]                   (recursive)
│    └─ReLU: 2-21                        [1, 64]                   --
│    └─Linear: 2-22                      [1, 64]                   (recursive)
│    └─ReLU: 2-23                        [1, 64]                   --
│    └─Linear: 2-24                      [1, 64]                   (recursive)
│    └─ReLU: 2-25                        [1, 64]                   --
│    └─Linear: 2-26                      [1, 64]                   (recursive)
│    └─ReLU: 2-27                        [1, 64]                   --
│    └─Linear: 2-28                      [1, 64]                   (recursive)
│    └─ReLU: 2-29                        [1, 64]                   --
│    └─Linear: 2-30                      [1, 2]                    (recursive)
==========================================================================================
Total params: 25,420
Trainable params: 25,410
Non-trainable params: 10
Total mult-adds (Units.MEGABYTES): 0.05
==========================================================================================
Input size (MB): 0.00
Forward/backward pass size (MB): 0.01
Params size (MB): 0.10
Estimated Total Size (MB): 0.11
==========================================================================================
==> Saving initial model weights...
==> Start training...
==> Number of param_groups in optimizer: 1
Epoch: 001 | Train Loss: 0.0008184 | Grad norm: 0.000025 | Time: 1s230ms
Epoch: 001 | Test Loss: 0.0008239 | Time: 506ms
==> Save the model at epoch 001 with test loss 0.0008239
Epoch: 002 | Train Loss: 0.0008014 | Grad norm: 0.000068 | Time: 1s58ms
Epoch: 002 | Test Loss: 0.0007475 | Time: 504ms
==> Save the model at epoch 002 with test loss 0.0007475
Epoch: 003 | Train Loss: 0.0002341 | Grad norm: 0.000328 | Time: 1s44ms
Epoch: 003 | Test Loss: 0.0000712 | Time: 575ms
==> Save the model at epoch 003 with test loss 0.0000712
Epoch: 004 | Train Loss: 0.0000693 | Grad norm: 0.000146 | Time: 1s30ms
Epoch: 004 | Test Loss: 0.0000698 | Time: 506ms
==> Save the model at epoch 004 with test loss 0.0000698
Epoch: 005 | Train Loss: 0.0000684 | Grad norm: 0.000161 | Time: 1s65ms
Epoch: 005 | Test Loss: 0.0000683 | Time: 539ms
==> Save the model at epoch 005 with test loss 0.0000683
Epoch: 006 | Train Loss: 0.0000681 | Grad norm: 0.000156 | Time: 998ms
Epoch: 006 | Test Loss: 0.0000687 | Time: 514ms
Epoch: 007 | Train Loss: 0.0000679 | Grad norm: 0.000154 | Time: 1s193ms
Epoch: 007 | Test Loss: 0.0000679 | Time: 636ms
==> Save the model at epoch 007 with test loss 0.0000679
Epoch: 008 | Train Loss: 0.0000678 | Grad norm: 0.000154 | Time: 1s157ms
Epoch: 008 | Test Loss: 0.0000682 | Time: 512ms
Epoch: 009 | Train Loss: 0.0000681 | Grad norm: 0.000162 | Time: 1s88ms
Epoch: 009 | Test Loss: 0.0000688 | Time: 502ms
Epoch: 010 | Train Loss: 0.0000675 | Grad norm: 0.000137 | Time: 1s42ms
Epoch: 010 | Test Loss: 0.0000691 | Time: 503ms
Epoch: 011 | Train Loss: 0.0000679 | Grad norm: 0.000155 | Time: 1s155ms
Epoch: 011 | Test Loss: 0.0000676 | Time: 573ms
==> Save the model at epoch 011 with test loss 0.0000676
Epoch: 012 | Train Loss: 0.0000672 | Grad norm: 0.000131 | Time: 1s21ms
Epoch: 012 | Test Loss: 0.0000694 | Time: 518ms
Epoch: 013 | Train Loss: 0.0000674 | Grad norm: 0.000142 | Time: 1s84ms
Epoch: 013 | Test Loss: 0.0000694 | Time: 521ms
Epoch: 014 | Train Loss: 0.0000675 | Grad norm: 0.000145 | Time: 1s98ms
Epoch: 014 | Test Loss: 0.0000683 | Time: 522ms
Epoch: 015 | Train Loss: 0.0000674 | Grad norm: 0.000139 | Time: 1s35ms
Epoch: 015 | Test Loss: 0.0000688 | Time: 573ms
Epoch: 016 | Train Loss: 0.0000673 | Grad norm: 0.000136 | Time: 1s12ms
Epoch: 016 | Test Loss: 0.0000676 | Time: 518ms
Epoch: 017 | Train Loss: 0.0000669 | Grad norm: 0.000128 | Time: 1s85ms
Epoch: 017 | Test Loss: 0.0000677 | Time: 504ms
Epoch: 018 | Train Loss: 0.0000670 | Grad norm: 0.000132 | Time: 1s53ms
Epoch: 018 | Test Loss: 0.0000672 | Time: 504ms
==> Save the model at epoch 018 with test loss 0.0000672
Epoch: 019 | Train Loss: 0.0000668 | Grad norm: 0.000125 | Time: 1s20ms
Epoch: 019 | Test Loss: 0.0000676 | Time: 575ms
Epoch: 020 | Train Loss: 0.0000665 | Grad norm: 0.000115 | Time: 1s58ms
Epoch: 020 | Test Loss: 0.0000675 | Time: 518ms
Epoch: 021 | Train Loss: 0.0000664 | Grad norm: 0.000111 | Time: 1s83ms
Epoch: 021 | Test Loss: 0.0000673 | Time: 503ms
Epoch: 022 | Train Loss: 0.0000665 | Grad norm: 0.000117 | Time: 1s119ms
Epoch: 022 | Test Loss: 0.0000679 | Time: 519ms
Epoch: 023 | Train Loss: 0.0000663 | Grad norm: 0.000111 | Time: 1s46ms
Epoch: 023 | Test Loss: 0.0000672 | Time: 596ms
Epoch: 024 | Train Loss: 0.0000665 | Grad norm: 0.000127 | Time: 1s2ms
Epoch: 024 | Test Loss: 0.0000675 | Time: 503ms
Epoch: 025 | Train Loss: 0.0000663 | Grad norm: 0.000118 | Time: 1s116ms
Epoch: 025 | Test Loss: 0.0000678 | Time: 502ms
Epoch: 026 | Train Loss: 0.0000663 | Grad norm: 0.000115 | Time: 1s48ms
Epoch: 026 | Test Loss: 0.0000676 | Time: 503ms
Epoch: 027 | Train Loss: 0.0000662 | Grad norm: 0.000112 | Time: 1s25ms
Epoch: 027 | Test Loss: 0.0000670 | Time: 575ms
==> Save the model at epoch 027 with test loss 0.0000670
Epoch: 028 | Train Loss: 0.0000661 | Grad norm: 0.000113 | Time: 1s66ms
Epoch: 028 | Test Loss: 0.0000676 | Time: 503ms
Epoch: 029 | Train Loss: 0.0000660 | Grad norm: 0.000107 | Time: 1s81ms
Epoch: 029 | Test Loss: 0.0000672 | Time: 502ms
Epoch: 030 | Train Loss: 0.0000659 | Grad norm: 0.000106 | Time: 1s30ms
Epoch: 030 | Test Loss: 0.0000671 | Time: 523ms
Epoch: 031 | Train Loss: 0.0000658 | Grad norm: 0.000104 | Time: 1s65ms
Epoch: 031 | Test Loss: 0.0000669 | Time: 573ms
==> Save the model at epoch 031 with test loss 0.0000669
Epoch: 032 | Train Loss: 0.0000658 | Grad norm: 0.000103 | Time: 1s14ms
Epoch: 032 | Test Loss: 0.0000670 | Time: 502ms
Epoch: 033 | Train Loss: 0.0000658 | Grad norm: 0.000102 | Time: 1s39ms
Epoch: 033 | Test Loss: 0.0000667 | Time: 502ms
==> Save the model at epoch 033 with test loss 0.0000667
Epoch: 034 | Train Loss: 0.0000657 | Grad norm: 0.000100 | Time: 1s51ms
Epoch: 034 | Test Loss: 0.0000669 | Time: 504ms
Epoch: 035 | Train Loss: 0.0000656 | Grad norm: 0.000097 | Time: 1s75ms
Epoch: 035 | Test Loss: 0.0000667 | Time: 578ms
Epoch: 036 | Train Loss: 0.0000656 | Grad norm: 0.000094 | Time: 1s73ms
Epoch: 036 | Test Loss: 0.0000668 | Time: 567ms
Epoch: 037 | Train Loss: 0.0000655 | Grad norm: 0.000093 | Time: 1s119ms
Epoch: 037 | Test Loss: 0.0000668 | Time: 522ms
Epoch: 038 | Train Loss: 0.0000656 | Grad norm: 0.000091 | Time: 1s50ms
Epoch: 038 | Test Loss: 0.0000667 | Time: 519ms
==> Save the model at epoch 038 with test loss 0.0000667
Epoch: 039 | Train Loss: 0.0000655 | Grad norm: 0.000092 | Time: 1s63ms
Epoch: 039 | Test Loss: 0.0000667 | Time: 582ms
==> Save the model at epoch 039 with test loss 0.0000667
Epoch: 040 | Train Loss: 0.0000655 | Grad norm: 0.000089 | Time: 1s50ms
Epoch: 040 | Test Loss: 0.0000667 | Time: 505ms
==> Save the model at epoch 040 with test loss 0.0000667
Total time: 1m4s
==> Saving trained model weights...
==> Input bias to be applied to the neural network (trained):
[0. 0. 0. 0.]
==> Input transform to be applied to the neural network (trained):
[ 0.62900996  0.6288517  11.614402    9.487666  ]
==> Output transform to be applied to the neural network (trained):
[0.0195 0.021 ]
==> Saving training info...
==> Drawing training loss...
==> Drawing grad norm...
==> Drawing testing loss...
==> Process finished.
