==> torch device:  cuda:3
==> Test-Train split: test_ratio = 0.20
==> Test-Train split seed:  None
==> Further split: further_train_ratio = 0.50
==> Further split seed:  None
==> Input bias to be applied to the neural network:
[0. 0. 0. 0.]
==> Input transform to be applied to the neural network:
[1. 1. 1. 1.]
==> Ouput transform to be applied to the neural network:
[1. 1.]
==> Evaluating model...
==========================================================================================
Layer (type:depth-idx)                   Output Shape              Param #
==========================================================================================
NeuralNetwork                            [1, 2]                    10
├─Sequential: 1-1                        [1, 2]                    --
│    └─Linear: 2-1                       [1, 64]                   320
│    └─LeakyReLU: 2-2                    [1, 64]                   --
│    └─Linear: 2-3                       [1, 64]                   4,160
│    └─LeakyReLU: 2-4                    [1, 64]                   --
│    └─Linear: 2-5                       [1, 64]                   4,160
│    └─LeakyReLU: 2-6                    [1, 64]                   --
│    └─Linear: 2-7                       [1, 64]                   4,160
│    └─LeakyReLU: 2-8                    [1, 64]                   --
│    └─Linear: 2-9                       [1, 64]                   4,160
│    └─LeakyReLU: 2-10                   [1, 64]                   --
│    └─Linear: 2-11                      [1, 64]                   4,160
│    └─LeakyReLU: 2-12                   [1, 64]                   --
│    └─Linear: 2-13                      [1, 64]                   4,160
│    └─LeakyReLU: 2-14                   [1, 64]                   --
│    └─Linear: 2-15                      [1, 2]                    130
==========================================================================================
Total params: 25,420
Trainable params: 25,410
Non-trainable params: 10
Total mult-adds (Units.MEGABYTES): 0.03
==========================================================================================
Input size (MB): 0.00
Forward/backward pass size (MB): 0.00
Params size (MB): 0.10
Estimated Total Size (MB): 0.11
==========================================================================================
==> Saving initial model weights...
==> Start training...
Epoch: 001 | Loss: 0.0057365 | L2 loss: 0.0055203 | Lip loss: 0.0002161 | Grad norm: 0.026053 | Time: 17s129ms
Epoch: 001 | Test Loss: 0.0042019 | Time: 507ms
==> Save the model at epoch 001 with test loss 0.0042019
Epoch: 002 | Loss: 0.0045452 | L2 loss: 0.0034659 | Lip loss: 0.0010793 | Grad norm: 0.020640 | Time: 17s249ms
Epoch: 002 | Test Loss: 0.0032538 | Time: 506ms
==> Save the model at epoch 002 with test loss 0.0032538
Epoch: 003 | Loss: 0.0044422 | L2 loss: 0.0032905 | Lip loss: 0.0011517 | Grad norm: 0.018230 | Time: 17s277ms
Epoch: 003 | Test Loss: 0.0033541 | Time: 565ms
Epoch: 004 | Loss: 0.0044313 | L2 loss: 0.0032665 | Lip loss: 0.0011648 | Grad norm: 0.018893 | Time: 17s260ms
Epoch: 004 | Test Loss: 0.0031179 | Time: 506ms
==> Save the model at epoch 004 with test loss 0.0031179
Epoch: 005 | Loss: 0.0043343 | L2 loss: 0.0031676 | Lip loss: 0.0011668 | Grad norm: 0.016560 | Time: 17s44ms
Epoch: 005 | Test Loss: 0.0032470 | Time: 509ms
Epoch: 006 | Loss: 0.0041838 | L2 loss: 0.0030595 | Lip loss: 0.0011244 | Grad norm: 0.012678 | Time: 17s225ms
Epoch: 006 | Test Loss: 0.0029846 | Time: 495ms
==> Save the model at epoch 006 with test loss 0.0029846
Epoch: 007 | Loss: 0.0042756 | L2 loss: 0.0030412 | Lip loss: 0.0012345 | Grad norm: 0.012305 | Time: 17s302ms
Epoch: 007 | Test Loss: 0.0030291 | Time: 567ms
Epoch: 008 | Loss: 0.0043076 | L2 loss: 0.0030415 | Lip loss: 0.0012661 | Grad norm: 0.012363 | Time: 17s184ms
Epoch: 008 | Test Loss: 0.0030603 | Time: 573ms
Epoch: 009 | Loss: 0.0041750 | L2 loss: 0.0030182 | Lip loss: 0.0011567 | Grad norm: 0.012764 | Time: 17s49ms
Epoch: 009 | Test Loss: 0.0029981 | Time: 491ms
Epoch: 010 | Loss: 0.0042941 | L2 loss: 0.0030453 | Lip loss: 0.0012488 | Grad norm: 0.012429 | Time: 17s584ms
Epoch: 010 | Test Loss: 0.0030394 | Time: 571ms
Epoch: 011 | Loss: 0.0042197 | L2 loss: 0.0030380 | Lip loss: 0.0011817 | Grad norm: 0.011740 | Time: 17s31ms
Epoch: 011 | Test Loss: 0.0030284 | Time: 500ms
Epoch: 012 | Loss: 0.0042148 | L2 loss: 0.0030306 | Lip loss: 0.0011842 | Grad norm: 0.012095 | Time: 17s206ms
Epoch: 012 | Test Loss: 0.0030184 | Time: 503ms
Epoch: 013 | Loss: 0.0041920 | L2 loss: 0.0030161 | Lip loss: 0.0011759 | Grad norm: 0.011469 | Time: 17s109ms
Epoch: 013 | Test Loss: 0.0030112 | Time: 506ms
Epoch: 014 | Loss: 0.0042675 | L2 loss: 0.0030216 | Lip loss: 0.0012460 | Grad norm: 0.012610 | Time: 16s943ms
Epoch: 014 | Test Loss: 0.0030221 | Time: 509ms
Epoch: 015 | Loss: 0.0042579 | L2 loss: 0.0030280 | Lip loss: 0.0012300 | Grad norm: 0.012856 | Time: 16s726ms
Epoch: 015 | Test Loss: 0.0030234 | Time: 502ms
Epoch: 016 | Loss: 0.0043531 | L2 loss: 0.0030283 | Lip loss: 0.0013248 | Grad norm: 0.012970 | Time: 17s34ms
Epoch: 016 | Test Loss: 0.0030246 | Time: 490ms
Epoch: 017 | Loss: 0.0041962 | L2 loss: 0.0030280 | Lip loss: 0.0011682 | Grad norm: 0.011947 | Time: 17s254ms
Epoch: 017 | Test Loss: 0.0030238 | Time: 580ms
Epoch: 018 | Loss: 0.0042863 | L2 loss: 0.0030283 | Lip loss: 0.0012580 | Grad norm: 0.012294 | Time: 17s701ms
Epoch: 018 | Test Loss: 0.0030239 | Time: 499ms
Epoch: 019 | Loss: 0.0042285 | L2 loss: 0.0030275 | Lip loss: 0.0012010 | Grad norm: 0.011548 | Time: 17s637ms
Epoch: 019 | Test Loss: 0.0030229 | Time: 491ms
Epoch: 020 | Loss: 0.0042160 | L2 loss: 0.0030253 | Lip loss: 0.0011907 | Grad norm: 0.011116 | Time: 17s580ms
Epoch: 020 | Test Loss: 0.0030222 | Time: 503ms
Epoch: 021 | Loss: 0.0042467 | L2 loss: 0.0030260 | Lip loss: 0.0012206 | Grad norm: 0.012086 | Time: 17s358ms
Epoch: 021 | Test Loss: 0.0030221 | Time: 499ms
Epoch: 022 | Loss: 0.0042473 | L2 loss: 0.0030247 | Lip loss: 0.0012225 | Grad norm: 0.011197 | Time: 16s892ms
Epoch: 022 | Test Loss: 0.0030221 | Time: 496ms
Epoch: 023 | Loss: 0.0042320 | L2 loss: 0.0030249 | Lip loss: 0.0012071 | Grad norm: 0.011042 | Time: 17s113ms
Epoch: 023 | Test Loss: 0.0030221 | Time: 505ms
Epoch: 024 | Loss: 0.0041995 | L2 loss: 0.0030250 | Lip loss: 0.0011746 | Grad norm: 0.011812 | Time: 17s181ms
Epoch: 024 | Test Loss: 0.0030219 | Time: 586ms
Epoch: 025 | Loss: 0.0042504 | L2 loss: 0.0030261 | Lip loss: 0.0012244 | Grad norm: 0.012173 | Time: 17s360ms
Epoch: 025 | Test Loss: 0.0030218 | Time: 514ms
Epoch: 026 | Loss: 0.0042116 | L2 loss: 0.0030254 | Lip loss: 0.0011862 | Grad norm: 0.010795 | Time: 17s131ms
Epoch: 026 | Test Loss: 0.0030218 | Time: 503ms
Epoch: 027 | Loss: 0.0042681 | L2 loss: 0.0030258 | Lip loss: 0.0012422 | Grad norm: 0.012211 | Time: 17s594ms
Epoch: 027 | Test Loss: 0.0030218 | Time: 509ms
Epoch: 028 | Loss: 0.0042654 | L2 loss: 0.0030252 | Lip loss: 0.0012403 | Grad norm: 0.012000 | Time: 17s272ms
Epoch: 028 | Test Loss: 0.0030218 | Time: 508ms
Epoch: 029 | Loss: 0.0043023 | L2 loss: 0.0030241 | Lip loss: 0.0012782 | Grad norm: 0.013252 | Time: 17s203ms
Epoch: 029 | Test Loss: 0.0030218 | Time: 507ms
Epoch: 030 | Loss: 0.0042289 | L2 loss: 0.0030256 | Lip loss: 0.0012033 | Grad norm: 0.011265 | Time: 17s407ms
Epoch: 030 | Test Loss: 0.0030218 | Time: 502ms
Epoch: 031 | Loss: 0.0042026 | L2 loss: 0.0030258 | Lip loss: 0.0011768 | Grad norm: 0.011271 | Time: 16s839ms
Epoch: 031 | Test Loss: 0.0030218 | Time: 502ms
Epoch: 032 | Loss: 0.0042068 | L2 loss: 0.0030249 | Lip loss: 0.0011820 | Grad norm: 0.011179 | Time: 16s769ms
Epoch: 032 | Test Loss: 0.0030218 | Time: 499ms
Epoch: 033 | Loss: 0.0042103 | L2 loss: 0.0030251 | Lip loss: 0.0011853 | Grad norm: 0.011886 | Time: 17s77ms
Epoch: 033 | Test Loss: 0.0030218 | Time: 626ms
Epoch: 034 | Loss: 0.0043313 | L2 loss: 0.0030247 | Lip loss: 0.0013066 | Grad norm: 0.011607 | Time: 17s379ms
Epoch: 034 | Test Loss: 0.0030218 | Time: 498ms
Epoch: 035 | Loss: 0.0042639 | L2 loss: 0.0030249 | Lip loss: 0.0012390 | Grad norm: 0.012419 | Time: 16s997ms
Epoch: 035 | Test Loss: 0.0030218 | Time: 505ms
Epoch: 036 | Loss: 0.0043886 | L2 loss: 0.0030255 | Lip loss: 0.0013631 | Grad norm: 0.012293 | Time: 17s212ms
Epoch: 036 | Test Loss: 0.0030218 | Time: 577ms
Epoch: 037 | Loss: 0.0043377 | L2 loss: 0.0030243 | Lip loss: 0.0013135 | Grad norm: 0.012198 | Time: 17s337ms
Epoch: 037 | Test Loss: 0.0030218 | Time: 493ms
Epoch: 038 | Loss: 0.0043105 | L2 loss: 0.0030243 | Lip loss: 0.0012862 | Grad norm: 0.011931 | Time: 17s437ms
Epoch: 038 | Test Loss: 0.0030218 | Time: 501ms
Epoch: 039 | Loss: 0.0042787 | L2 loss: 0.0030254 | Lip loss: 0.0012533 | Grad norm: 0.012034 | Time: 17s353ms
Epoch: 039 | Test Loss: 0.0030218 | Time: 502ms
Epoch: 040 | Loss: 0.0042581 | L2 loss: 0.0030249 | Lip loss: 0.0012332 | Grad norm: 0.011813 | Time: 16s950ms
Epoch: 040 | Test Loss: 0.0030218 | Time: 505ms
Total time: 11m49s
==> Saving trained model weights...
==> Input bias to be applied to the neural network (trained):
[0. 0. 0. 0.]
==> Input transform to be applied to the neural network (trained):
[1. 1. 1. 1.]
==> Output transform to be applied to the neural network (trained):
[1. 1.]
==> Saving training info...
==> Drawing training loss...
==> Drawing grad norm...
==> Drawing testing loss...
==> Drawing l2 loss...
==> Drawing lip loss...
==> Process finished.
