==> torch device:  cuda:0
==> Test-Train split: test_ratio = 0.20
==> Test-Train split seed:  None
==> Further split: further_train_ratio = 0.50
==> Further split seed:  None
==> Input bias to be applied to the neural network:
[0. 0. 0. 0.]
==> Input transform to be applied to the neural network:
[1. 1. 1. 1.]
==> Ouput transform to be applied to the neural network:
[1. 1.]
==> Evaluating model...
==========================================================================================
Layer (type:depth-idx)                   Output Shape              Param #
==========================================================================================
NeuralNetwork                            [1, 2]                    10
├─Sequential: 1-1                        [1, 2]                    --
│    └─Linear: 2-1                       [1, 64]                   320
│    └─LeakyReLU: 2-2                    [1, 64]                   --
│    └─Linear: 2-3                       [1, 64]                   4,160
│    └─LeakyReLU: 2-4                    [1, 64]                   --
│    └─Linear: 2-5                       [1, 64]                   4,160
│    └─LeakyReLU: 2-6                    [1, 64]                   --
│    └─Linear: 2-7                       [1, 64]                   4,160
│    └─LeakyReLU: 2-8                    [1, 64]                   --
│    └─Linear: 2-9                       [1, 64]                   4,160
│    └─LeakyReLU: 2-10                   [1, 64]                   --
│    └─Linear: 2-11                      [1, 64]                   4,160
│    └─LeakyReLU: 2-12                   [1, 64]                   --
│    └─Linear: 2-13                      [1, 64]                   4,160
│    └─LeakyReLU: 2-14                   [1, 64]                   --
│    └─Linear: 2-15                      [1, 2]                    130
==========================================================================================
Total params: 25,420
Trainable params: 25,410
Non-trainable params: 10
Total mult-adds (Units.MEGABYTES): 0.03
==========================================================================================
Input size (MB): 0.00
Forward/backward pass size (MB): 0.00
Params size (MB): 0.10
Estimated Total Size (MB): 0.11
==========================================================================================
==> Saving initial model weights...
==> Start training...
Epoch: 001 | Loss: 0.0007573 | L2 loss: 0.0007573 | Lip loss: 0.0000000 | Grad norm: 0.012483 | Time: 17s521ms
Epoch: 001 | Test Loss: 0.0000924 | Time: 511ms
==> Save the model at epoch 001 with test loss 0.0000924
Epoch: 002 | Loss: 0.0000770 | L2 loss: 0.0000770 | Lip loss: 0.0000000 | Grad norm: 0.004162 | Time: 17s316ms
Epoch: 002 | Test Loss: 0.0000742 | Time: 501ms
==> Save the model at epoch 002 with test loss 0.0000742
Epoch: 003 | Loss: 0.0000739 | L2 loss: 0.0000738 | Lip loss: 0.0000000 | Grad norm: 0.004170 | Time: 17s213ms
Epoch: 003 | Test Loss: 0.0000729 | Time: 566ms
==> Save the model at epoch 003 with test loss 0.0000729
Epoch: 004 | Loss: 0.0000725 | L2 loss: 0.0000725 | Lip loss: 0.0000000 | Grad norm: 0.003966 | Time: 16s859ms
Epoch: 004 | Test Loss: 0.0000709 | Time: 538ms
==> Save the model at epoch 004 with test loss 0.0000709
Epoch: 005 | Loss: 0.0000707 | L2 loss: 0.0000707 | Lip loss: 0.0000000 | Grad norm: 0.003324 | Time: 17s184ms
Epoch: 005 | Test Loss: 0.0000704 | Time: 513ms
==> Save the model at epoch 005 with test loss 0.0000704
Epoch: 006 | Loss: 0.0000673 | L2 loss: 0.0000673 | Lip loss: 0.0000000 | Grad norm: 0.001414 | Time: 17s441ms
Epoch: 006 | Test Loss: 0.0000678 | Time: 500ms
==> Save the model at epoch 006 with test loss 0.0000678
Epoch: 007 | Loss: 0.0000671 | L2 loss: 0.0000671 | Lip loss: 0.0000000 | Grad norm: 0.001547 | Time: 17s335ms
Epoch: 007 | Test Loss: 0.0000682 | Time: 496ms
Epoch: 008 | Loss: 0.0000671 | L2 loss: 0.0000671 | Lip loss: 0.0000000 | Grad norm: 0.001604 | Time: 16s518ms
Epoch: 008 | Test Loss: 0.0000679 | Time: 494ms
Epoch: 009 | Loss: 0.0000671 | L2 loss: 0.0000671 | Lip loss: 0.0000000 | Grad norm: 0.001710 | Time: 16s449ms
Epoch: 009 | Test Loss: 0.0000676 | Time: 502ms
==> Save the model at epoch 009 with test loss 0.0000676
Epoch: 010 | Loss: 0.0000670 | L2 loss: 0.0000670 | Lip loss: 0.0000000 | Grad norm: 0.001554 | Time: 16s468ms
Epoch: 010 | Test Loss: 0.0000684 | Time: 576ms
Epoch: 011 | Loss: 0.0000666 | L2 loss: 0.0000666 | Lip loss: 0.0000000 | Grad norm: 0.001375 | Time: 16s852ms
Epoch: 011 | Test Loss: 0.0000675 | Time: 496ms
==> Save the model at epoch 011 with test loss 0.0000675
Epoch: 012 | Loss: 0.0000666 | L2 loss: 0.0000666 | Lip loss: 0.0000000 | Grad norm: 0.001201 | Time: 17s393ms
Epoch: 012 | Test Loss: 0.0000674 | Time: 503ms
==> Save the model at epoch 012 with test loss 0.0000674
Epoch: 013 | Loss: 0.0000665 | L2 loss: 0.0000665 | Lip loss: 0.0000000 | Grad norm: 0.001304 | Time: 17s115ms
Epoch: 013 | Test Loss: 0.0000674 | Time: 504ms
==> Save the model at epoch 013 with test loss 0.0000674
Epoch: 014 | Loss: 0.0000666 | L2 loss: 0.0000665 | Lip loss: 0.0000000 | Grad norm: 0.001236 | Time: 16s626ms
Epoch: 014 | Test Loss: 0.0000675 | Time: 490ms
Epoch: 015 | Loss: 0.0000665 | L2 loss: 0.0000665 | Lip loss: 0.0000000 | Grad norm: 0.001241 | Time: 17s76ms
Epoch: 015 | Test Loss: 0.0000674 | Time: 489ms
Epoch: 016 | Loss: 0.0000665 | L2 loss: 0.0000665 | Lip loss: 0.0000000 | Grad norm: 0.001212 | Time: 17s55ms
Epoch: 016 | Test Loss: 0.0000674 | Time: 492ms
==> Save the model at epoch 016 with test loss 0.0000674
Epoch: 017 | Loss: 0.0000665 | L2 loss: 0.0000664 | Lip loss: 0.0000000 | Grad norm: 0.001213 | Time: 17s22ms
Epoch: 017 | Test Loss: 0.0000674 | Time: 565ms
==> Save the model at epoch 017 with test loss 0.0000674
Epoch: 018 | Loss: 0.0000665 | L2 loss: 0.0000665 | Lip loss: 0.0000000 | Grad norm: 0.001235 | Time: 17s433ms
Epoch: 018 | Test Loss: 0.0000674 | Time: 540ms
==> Save the model at epoch 018 with test loss 0.0000674
Epoch: 019 | Loss: 0.0000664 | L2 loss: 0.0000664 | Lip loss: 0.0000000 | Grad norm: 0.001213 | Time: 16s608ms
Epoch: 019 | Test Loss: 0.0000674 | Time: 495ms
==> Save the model at epoch 019 with test loss 0.0000674
Epoch: 020 | Loss: 0.0000665 | L2 loss: 0.0000665 | Lip loss: 0.0000000 | Grad norm: 0.001158 | Time: 16s678ms
Epoch: 020 | Test Loss: 0.0000674 | Time: 490ms
Epoch: 021 | Loss: 0.0000664 | L2 loss: 0.0000664 | Lip loss: 0.0000000 | Grad norm: 0.001221 | Time: 17s3ms
Epoch: 021 | Test Loss: 0.0000674 | Time: 507ms
==> Save the model at epoch 021 with test loss 0.0000674
Epoch: 022 | Loss: 0.0000664 | L2 loss: 0.0000664 | Lip loss: 0.0000000 | Grad norm: 0.001184 | Time: 16s709ms
Epoch: 022 | Test Loss: 0.0000674 | Time: 493ms
==> Save the model at epoch 022 with test loss 0.0000674
Epoch: 023 | Loss: 0.0000664 | L2 loss: 0.0000664 | Lip loss: 0.0000000 | Grad norm: 0.001220 | Time: 17s319ms
Epoch: 023 | Test Loss: 0.0000674 | Time: 502ms
Epoch: 024 | Loss: 0.0000664 | L2 loss: 0.0000664 | Lip loss: 0.0000000 | Grad norm: 0.001202 | Time: 17s284ms
Epoch: 024 | Test Loss: 0.0000674 | Time: 583ms
Epoch: 025 | Loss: 0.0000664 | L2 loss: 0.0000664 | Lip loss: 0.0000000 | Grad norm: 0.001219 | Time: 17s43ms
Epoch: 025 | Test Loss: 0.0000674 | Time: 504ms
Epoch: 026 | Loss: 0.0000664 | L2 loss: 0.0000664 | Lip loss: 0.0000000 | Grad norm: 0.001243 | Time: 17s162ms
Epoch: 026 | Test Loss: 0.0000674 | Time: 500ms
Epoch: 027 | Loss: 0.0000664 | L2 loss: 0.0000664 | Lip loss: 0.0000000 | Grad norm: 0.001211 | Time: 16s871ms
Epoch: 027 | Test Loss: 0.0000674 | Time: 501ms
Epoch: 028 | Loss: 0.0000664 | L2 loss: 0.0000664 | Lip loss: 0.0000000 | Grad norm: 0.001243 | Time: 16s941ms
Epoch: 028 | Test Loss: 0.0000674 | Time: 496ms
Epoch: 029 | Loss: 0.0000664 | L2 loss: 0.0000664 | Lip loss: 0.0000000 | Grad norm: 0.001158 | Time: 16s984ms
Epoch: 029 | Test Loss: 0.0000674 | Time: 502ms
Epoch: 030 | Loss: 0.0000665 | L2 loss: 0.0000665 | Lip loss: 0.0000000 | Grad norm: 0.001186 | Time: 17s38ms
Epoch: 030 | Test Loss: 0.0000674 | Time: 490ms
Epoch: 031 | Loss: 0.0000665 | L2 loss: 0.0000665 | Lip loss: 0.0000000 | Grad norm: 0.001249 | Time: 16s968ms
Epoch: 031 | Test Loss: 0.0000674 | Time: 516ms
Epoch: 032 | Loss: 0.0000664 | L2 loss: 0.0000664 | Lip loss: 0.0000000 | Grad norm: 0.001187 | Time: 17s571ms
Epoch: 032 | Test Loss: 0.0000674 | Time: 501ms
Epoch: 033 | Loss: 0.0000664 | L2 loss: 0.0000664 | Lip loss: 0.0000000 | Grad norm: 0.001249 | Time: 17s175ms
Epoch: 033 | Test Loss: 0.0000674 | Time: 510ms
Epoch: 034 | Loss: 0.0000664 | L2 loss: 0.0000664 | Lip loss: 0.0000000 | Grad norm: 0.001243 | Time: 16s767ms
Epoch: 034 | Test Loss: 0.0000674 | Time: 508ms
Epoch: 035 | Loss: 0.0000664 | L2 loss: 0.0000664 | Lip loss: 0.0000000 | Grad norm: 0.001205 | Time: 17s204ms
Epoch: 035 | Test Loss: 0.0000674 | Time: 526ms
Epoch: 036 | Loss: 0.0000665 | L2 loss: 0.0000665 | Lip loss: 0.0000000 | Grad norm: 0.001162 | Time: 16s876ms
Epoch: 036 | Test Loss: 0.0000674 | Time: 569ms
Epoch: 037 | Loss: 0.0000664 | L2 loss: 0.0000664 | Lip loss: 0.0000000 | Grad norm: 0.001194 | Time: 17s285ms
Epoch: 037 | Test Loss: 0.0000674 | Time: 497ms
Epoch: 038 | Loss: 0.0000665 | L2 loss: 0.0000665 | Lip loss: 0.0000000 | Grad norm: 0.001268 | Time: 17s470ms
Epoch: 038 | Test Loss: 0.0000674 | Time: 499ms
Epoch: 039 | Loss: 0.0000665 | L2 loss: 0.0000665 | Lip loss: 0.0000000 | Grad norm: 0.001184 | Time: 17s73ms
Epoch: 039 | Test Loss: 0.0000674 | Time: 494ms
Epoch: 040 | Loss: 0.0000665 | L2 loss: 0.0000665 | Lip loss: 0.0000000 | Grad norm: 0.001197 | Time: 16s784ms
Epoch: 040 | Test Loss: 0.0000674 | Time: 499ms
Total time: 11m42s
==> Saving trained model weights...
==> Input bias to be applied to the neural network (trained):
[0. 0. 0. 0.]
==> Input transform to be applied to the neural network (trained):
[1. 1. 1. 1.]
==> Output transform to be applied to the neural network (trained):
[1. 1.]
==> Saving training info...
==> Drawing training loss...
==> Drawing grad norm...
==> Drawing testing loss...
==> Drawing l2 loss...
==> Drawing lip loss...
==> Process finished.
