==> torch device:  cuda:1
==> Input bias to be applied to the neural network:
[0. 0.]
==> Input transform to be applied to the neural network:
[1. 1.]
==> Ouput transform to be applied to the neural network:
[1. 1.]
==> Evaluating model...
==========================================================================================
Layer (type:depth-idx)                   Output Shape              Param #
==========================================================================================
NeuralNetwork                            [1, 2]                    6
├─Sequential: 1-1                        [1, 2]                    --
│    └─Linear: 2-1                       [1, 64]                   192
│    └─LeakyReLU: 2-2                    [1, 64]                   --
│    └─Linear: 2-3                       [1, 64]                   4,160
│    └─LeakyReLU: 2-4                    [1, 64]                   --
│    └─Linear: 2-5                       [1, 64]                   4,160
│    └─LeakyReLU: 2-6                    [1, 64]                   --
│    └─Linear: 2-7                       [1, 64]                   4,160
│    └─LeakyReLU: 2-8                    [1, 64]                   --
│    └─Linear: 2-9                       [1, 64]                   4,160
│    └─LeakyReLU: 2-10                   [1, 64]                   --
│    └─Linear: 2-11                      [1, 64]                   4,160
│    └─LeakyReLU: 2-12                   [1, 64]                   --
│    └─Linear: 2-13                      [1, 64]                   4,160
│    └─LeakyReLU: 2-14                   [1, 64]                   --
│    └─Linear: 2-15                      [1, 2]                    130
==========================================================================================
Total params: 25,288
Trainable params: 25,282
Non-trainable params: 6
Total mult-adds (M): 0.03
==========================================================================================
Input size (MB): 0.00
Forward/backward pass size (MB): 0.00
Params size (MB): 0.10
Estimated Total Size (MB): 0.10
==========================================================================================
==> Saving initial model weights...
==> Test-Train split: test_ratio = 0.20
==> Further split: further_train_ratio = 1.00
==> Start training...
Epoch: 001 | Loss: 2.6291164 | L2 loss: 2.6271186 | Lip loss: 0.0019979 | Grad norm: 15.779394 | Time: 47s755ms
Epoch: 001 | Test Loss: 0.0287041 | Time: 563ms
==> Save the model at epoch 001 with test loss 0.0287041
Epoch: 002 | Loss: 0.0292137 | L2 loss: 0.0271548 | Lip loss: 0.0020588 | Grad norm: 5.215891 | Time: 47s312ms
Epoch: 002 | Test Loss: 0.0114912 | Time: 566ms
==> Save the model at epoch 002 with test loss 0.0114912
Epoch: 003 | Loss: 0.0199033 | L2 loss: 0.0178588 | Lip loss: 0.0020446 | Grad norm: 3.367288 | Time: 47s904ms
Epoch: 003 | Test Loss: 0.0147728 | Time: 565ms
Epoch: 004 | Loss: 0.0194072 | L2 loss: 0.0173652 | Lip loss: 0.0020420 | Grad norm: 3.027164 | Time: 51s421ms
Epoch: 004 | Test Loss: 0.0395976 | Time: 576ms
Epoch: 005 | Loss: 0.0257143 | L2 loss: 0.0236683 | Lip loss: 0.0020460 | Grad norm: 3.587491 | Time: 51s170ms
Epoch: 005 | Test Loss: 0.0184539 | Time: 576ms
Epoch: 006 | Loss: 0.0098530 | L2 loss: 0.0078211 | Lip loss: 0.0020319 | Grad norm: 0.479613 | Time: 50s894ms
Epoch: 006 | Test Loss: 0.0080622 | Time: 570ms
==> Save the model at epoch 006 with test loss 0.0080622
Epoch: 007 | Loss: 0.0096248 | L2 loss: 0.0075982 | Lip loss: 0.0020266 | Grad norm: 0.457591 | Time: 48s729ms
Epoch: 007 | Test Loss: 0.0076657 | Time: 579ms
==> Save the model at epoch 007 with test loss 0.0076657
Epoch: 008 | Loss: 0.0096251 | L2 loss: 0.0075982 | Lip loss: 0.0020269 | Grad norm: 0.491931 | Time: 50s210ms
Epoch: 008 | Test Loss: 0.0079412 | Time: 634ms
Epoch: 009 | Loss: 0.0095985 | L2 loss: 0.0075722 | Lip loss: 0.0020263 | Grad norm: 0.488249 | Time: 47s216ms
Epoch: 009 | Test Loss: 0.0077889 | Time: 629ms
Epoch: 010 | Loss: 0.0095943 | L2 loss: 0.0075687 | Lip loss: 0.0020256 | Grad norm: 0.503991 | Time: 51s628ms
Epoch: 010 | Test Loss: 0.0075788 | Time: 573ms
==> Save the model at epoch 010 with test loss 0.0075788
Epoch: 011 | Loss: 0.0092757 | L2 loss: 0.0072500 | Lip loss: 0.0020257 | Grad norm: 0.290970 | Time: 50s870ms
Epoch: 011 | Test Loss: 0.0073775 | Time: 587ms
==> Save the model at epoch 011 with test loss 0.0073775
Epoch: 012 | Loss: 0.0092661 | L2 loss: 0.0072434 | Lip loss: 0.0020227 | Grad norm: 0.290647 | Time: 51s658ms
Epoch: 012 | Test Loss: 0.0074062 | Time: 569ms
Epoch: 013 | Loss: 0.0092695 | L2 loss: 0.0072459 | Lip loss: 0.0020235 | Grad norm: 0.293444 | Time: 47s406ms
Epoch: 013 | Test Loss: 0.0074062 | Time: 567ms
Epoch: 014 | Loss: 0.0092672 | L2 loss: 0.0072439 | Lip loss: 0.0020234 | Grad norm: 0.292239 | Time: 49s267ms
Epoch: 014 | Test Loss: 0.0074452 | Time: 579ms
Epoch: 015 | Loss: 0.0092728 | L2 loss: 0.0072483 | Lip loss: 0.0020245 | Grad norm: 0.308142 | Time: 50s716ms
Epoch: 015 | Test Loss: 0.0074501 | Time: 570ms
Epoch: 016 | Loss: 0.0092266 | L2 loss: 0.0072032 | Lip loss: 0.0020234 | Grad norm: 0.261100 | Time: 47s209ms
Epoch: 016 | Test Loss: 0.0073695 | Time: 625ms
==> Save the model at epoch 016 with test loss 0.0073695
Epoch: 017 | Loss: 0.0092243 | L2 loss: 0.0071997 | Lip loss: 0.0020246 | Grad norm: 0.253470 | Time: 47s188ms
Epoch: 017 | Test Loss: 0.0073670 | Time: 561ms
==> Save the model at epoch 017 with test loss 0.0073670
Epoch: 018 | Loss: 0.0092224 | L2 loss: 0.0071996 | Lip loss: 0.0020227 | Grad norm: 0.260678 | Time: 47s217ms
Epoch: 018 | Test Loss: 0.0073691 | Time: 561ms
Epoch: 019 | Loss: 0.0092209 | L2 loss: 0.0071979 | Lip loss: 0.0020230 | Grad norm: 0.259442 | Time: 47s219ms
Epoch: 019 | Test Loss: 0.0073614 | Time: 561ms
==> Save the model at epoch 019 with test loss 0.0073614
Epoch: 020 | Loss: 0.0092264 | L2 loss: 0.0072002 | Lip loss: 0.0020262 | Grad norm: 0.257538 | Time: 47s204ms
Epoch: 020 | Test Loss: 0.0073648 | Time: 560ms
Epoch: 021 | Loss: 0.0092177 | L2 loss: 0.0071938 | Lip loss: 0.0020239 | Grad norm: 0.252089 | Time: 49s561ms
Epoch: 021 | Test Loss: 0.0073597 | Time: 576ms
==> Save the model at epoch 021 with test loss 0.0073597
Epoch: 022 | Loss: 0.0092179 | L2 loss: 0.0071933 | Lip loss: 0.0020246 | Grad norm: 0.250288 | Time: 47s288ms
Epoch: 022 | Test Loss: 0.0073602 | Time: 578ms
Epoch: 023 | Loss: 0.0092172 | L2 loss: 0.0071931 | Lip loss: 0.0020241 | Grad norm: 0.244630 | Time: 48s16ms
Epoch: 023 | Test Loss: 0.0073597 | Time: 629ms
==> Save the model at epoch 023 with test loss 0.0073597
Epoch: 024 | Loss: 0.0092169 | L2 loss: 0.0071931 | Lip loss: 0.0020238 | Grad norm: 0.256162 | Time: 47s208ms
Epoch: 024 | Test Loss: 0.0073604 | Time: 569ms
Epoch: 025 | Loss: 0.0092164 | L2 loss: 0.0071930 | Lip loss: 0.0020234 | Grad norm: 0.245031 | Time: 49s123ms
Epoch: 025 | Test Loss: 0.0073592 | Time: 575ms
==> Save the model at epoch 025 with test loss 0.0073592
Epoch: 026 | Loss: 0.0092185 | L2 loss: 0.0071924 | Lip loss: 0.0020262 | Grad norm: 0.261905 | Time: 47s227ms
Epoch: 026 | Test Loss: 0.0073594 | Time: 568ms
Epoch: 027 | Loss: 0.0092165 | L2 loss: 0.0071923 | Lip loss: 0.0020242 | Grad norm: 0.249263 | Time: 47s188ms
Epoch: 027 | Test Loss: 0.0073594 | Time: 569ms
Epoch: 028 | Loss: 0.0092179 | L2 loss: 0.0071923 | Lip loss: 0.0020256 | Grad norm: 0.251002 | Time: 47s223ms
Epoch: 028 | Test Loss: 0.0073595 | Time: 569ms
Epoch: 029 | Loss: 0.0092153 | L2 loss: 0.0071923 | Lip loss: 0.0020230 | Grad norm: 0.249889 | Time: 50s652ms
Epoch: 029 | Test Loss: 0.0073595 | Time: 567ms
Epoch: 030 | Loss: 0.0092158 | L2 loss: 0.0071923 | Lip loss: 0.0020235 | Grad norm: 0.253272 | Time: 52s843ms
Epoch: 030 | Test Loss: 0.0073595 | Time: 575ms
Epoch: 031 | Loss: 0.0092154 | L2 loss: 0.0071921 | Lip loss: 0.0020233 | Grad norm: 0.254214 | Time: 47s185ms
Epoch: 031 | Test Loss: 0.0073595 | Time: 569ms
Epoch: 032 | Loss: 0.0092163 | L2 loss: 0.0071921 | Lip loss: 0.0020242 | Grad norm: 0.250791 | Time: 47s222ms
Epoch: 032 | Test Loss: 0.0073595 | Time: 569ms
Epoch: 033 | Loss: 0.0092155 | L2 loss: 0.0071921 | Lip loss: 0.0020233 | Grad norm: 0.252569 | Time: 47s206ms
Epoch: 033 | Test Loss: 0.0073595 | Time: 569ms
Epoch: 034 | Loss: 0.0092166 | L2 loss: 0.0071921 | Lip loss: 0.0020245 | Grad norm: 0.248456 | Time: 47s634ms
Epoch: 034 | Test Loss: 0.0073595 | Time: 641ms
Epoch: 035 | Loss: 0.0092148 | L2 loss: 0.0071921 | Lip loss: 0.0020226 | Grad norm: 0.250929 | Time: 50s909ms
Epoch: 035 | Test Loss: 0.0073595 | Time: 628ms
Epoch: 036 | Loss: 0.0092162 | L2 loss: 0.0071921 | Lip loss: 0.0020241 | Grad norm: 0.247938 | Time: 51s373ms
Epoch: 036 | Test Loss: 0.0073595 | Time: 576ms
Epoch: 037 | Loss: 0.0092173 | L2 loss: 0.0071921 | Lip loss: 0.0020252 | Grad norm: 0.250994 | Time: 46s896ms
Epoch: 037 | Test Loss: 0.0073595 | Time: 565ms
Epoch: 038 | Loss: 0.0092145 | L2 loss: 0.0071921 | Lip loss: 0.0020224 | Grad norm: 0.247351 | Time: 50s571ms
Epoch: 038 | Test Loss: 0.0073595 | Time: 561ms
Epoch: 039 | Loss: 0.0092178 | L2 loss: 0.0071921 | Lip loss: 0.0020256 | Grad norm: 0.251929 | Time: 51s257ms
Epoch: 039 | Test Loss: 0.0073595 | Time: 572ms
Epoch: 040 | Loss: 0.0092152 | L2 loss: 0.0071921 | Lip loss: 0.0020231 | Grad norm: 0.243034 | Time: 48s984ms
Epoch: 040 | Test Loss: 0.0073595 | Time: 616ms
Total time: 32m59s
==> Saving trained model weights...
==> Input bias to be applied to the neural network (trained):
[0. 0.]
==> Input transform to be applied to the neural network (trained):
[1. 1.]
==> Output transform to be applied to the neural network (trained):
[1. 1.]
==> Saving training info...
==> Drawing training loss...
==> Drawing grad norm...
==> Drawing testing loss...
==> Drawing l2 loss...
==> Drawing lip loss...
==> Process finished.
