==> torch device:  cuda:3
==> Test-Train split: test_ratio = 0.20
==> Test-Train split seed:  None
==> Further split: further_train_ratio = 0.25
==> Further split seed:  None
==> Lipschitz constant: 64.00
==> Input bias to be applied to the neural network:
[0. 0. 0. 0.]
==> Input transform to be applied to the neural network:
[ 0.62900996  0.6288517  11.614402    9.487666  ]
==> Ouput transform to be applied to the neural network:
[0.0195 0.021 ]
==> Evaluating model...
==========================================================================================
Layer (type:depth-idx)                   Output Shape              Param #
==========================================================================================
NeuralNetwork                            [1, 2]                    10
├─Sequential: 1-1                        [1, 2]                    --
│    └─SandwichFc: 2-1                   [1, 64]                   4,481
│    └─SandwichFc: 2-2                   [1, 64]                   8,321
│    └─SandwichFc: 2-3                   [1, 64]                   8,321
│    └─SandwichFc: 2-4                   [1, 64]                   8,321
│    └─SandwichFc: 2-5                   [1, 64]                   8,321
│    └─SandwichFc: 2-6                   [1, 64]                   8,321
│    └─SandwichFc: 2-7                   [1, 64]                   8,321
│    └─SandwichLin: 2-8                  [1, 2]                    135
├─Sequential: 1-2                        [1, 2]                    (recursive)
│    └─SandwichFc: 2-9                   [1, 64]                   (recursive)
│    └─SandwichFc: 2-10                  [1, 64]                   (recursive)
│    └─SandwichFc: 2-11                  [1, 64]                   (recursive)
│    └─SandwichFc: 2-12                  [1, 64]                   (recursive)
│    └─SandwichFc: 2-13                  [1, 64]                   (recursive)
│    └─SandwichFc: 2-14                  [1, 64]                   (recursive)
│    └─SandwichFc: 2-15                  [1, 64]                   (recursive)
│    └─SandwichLin: 2-16                 [1, 2]                    (recursive)
==========================================================================================
Total params: 54,552
Trainable params: 54,542
Non-trainable params: 10
Total mult-adds (Units.MEGABYTES): 0.11
==========================================================================================
Input size (MB): 0.00
Forward/backward pass size (MB): 0.01
Params size (MB): 0.22
Estimated Total Size (MB): 0.23
==========================================================================================
==> Saving initial model weights...
==> Start training...
==> Number of param_groups in optimizer: 1
Epoch: 001 | Train Loss: 0.0010578 | Grad norm: 0.016684 | Time: 4s409ms
Epoch: 001 | Test Loss: 0.0010631 | Time: 617ms
==> Save the model at epoch 001 with test loss 0.0010631
Epoch: 002 | Train Loss: 0.0001466 | Grad norm: 0.002789 | Time: 4s332ms
Epoch: 002 | Test Loss: 0.0000744 | Time: 612ms
==> Save the model at epoch 002 with test loss 0.0000744
Epoch: 003 | Train Loss: 0.0000725 | Grad norm: 0.001757 | Time: 4s75ms
Epoch: 003 | Test Loss: 0.0000699 | Time: 692ms
==> Save the model at epoch 003 with test loss 0.0000699
Epoch: 004 | Train Loss: 0.0000714 | Grad norm: 0.001882 | Time: 4s204ms
Epoch: 004 | Test Loss: 0.0000689 | Time: 614ms
==> Save the model at epoch 004 with test loss 0.0000689
Epoch: 005 | Train Loss: 0.0000698 | Grad norm: 0.001506 | Time: 4s283ms
Epoch: 005 | Test Loss: 0.0000687 | Time: 613ms
==> Save the model at epoch 005 with test loss 0.0000687
Epoch: 006 | Train Loss: 0.0000696 | Grad norm: 0.001297 | Time: 4s237ms
Epoch: 006 | Test Loss: 0.0000718 | Time: 615ms
Epoch: 007 | Train Loss: 0.0000705 | Grad norm: 0.001286 | Time: 4s248ms
Epoch: 007 | Test Loss: 0.0000680 | Time: 679ms
==> Save the model at epoch 007 with test loss 0.0000680
Epoch: 008 | Train Loss: 0.0000694 | Grad norm: 0.001080 | Time: 4s141ms
Epoch: 008 | Test Loss: 0.0000687 | Time: 629ms
Epoch: 009 | Train Loss: 0.0000704 | Grad norm: 0.001094 | Time: 4s200ms
Epoch: 009 | Test Loss: 0.0000689 | Time: 619ms
Epoch: 010 | Train Loss: 0.0000700 | Grad norm: 0.001013 | Time: 4s209ms
Epoch: 010 | Test Loss: 0.0000716 | Time: 618ms
Epoch: 011 | Train Loss: 0.0000694 | Grad norm: 0.000998 | Time: 4s105ms
Epoch: 011 | Test Loss: 0.0000682 | Time: 680ms
Epoch: 012 | Train Loss: 0.0000687 | Grad norm: 0.000876 | Time: 4s91ms
Epoch: 012 | Test Loss: 0.0000676 | Time: 627ms
==> Save the model at epoch 012 with test loss 0.0000676
Epoch: 013 | Train Loss: 0.0000689 | Grad norm: 0.000901 | Time: 4s109ms
Epoch: 013 | Test Loss: 0.0000697 | Time: 618ms
Epoch: 014 | Train Loss: 0.0000685 | Grad norm: 0.000893 | Time: 4s219ms
Epoch: 014 | Test Loss: 0.0000714 | Time: 619ms
Epoch: 015 | Train Loss: 0.0000686 | Grad norm: 0.000878 | Time: 4s16ms
Epoch: 015 | Test Loss: 0.0000694 | Time: 680ms
Epoch: 016 | Train Loss: 0.0000680 | Grad norm: 0.000848 | Time: 4s201ms
Epoch: 016 | Test Loss: 0.0000702 | Time: 619ms
Epoch: 017 | Train Loss: 0.0000678 | Grad norm: 0.000836 | Time: 4s154ms
Epoch: 017 | Test Loss: 0.0000702 | Time: 611ms
Epoch: 018 | Train Loss: 0.0000675 | Grad norm: 0.000800 | Time: 4s145ms
Epoch: 018 | Test Loss: 0.0000687 | Time: 612ms
Epoch: 019 | Train Loss: 0.0000670 | Grad norm: 0.000747 | Time: 4s209ms
Epoch: 019 | Test Loss: 0.0000675 | Time: 613ms
==> Save the model at epoch 019 with test loss 0.0000675
Epoch: 020 | Train Loss: 0.0000664 | Grad norm: 0.000702 | Time: 4s119ms
Epoch: 020 | Test Loss: 0.0000673 | Time: 620ms
==> Save the model at epoch 020 with test loss 0.0000673
Epoch: 021 | Train Loss: 0.0000669 | Grad norm: 0.000790 | Time: 4s86ms
Epoch: 021 | Test Loss: 0.0000683 | Time: 611ms
Epoch: 022 | Train Loss: 0.0000662 | Grad norm: 0.000671 | Time: 4s232ms
Epoch: 022 | Test Loss: 0.0000693 | Time: 626ms
Epoch: 023 | Train Loss: 0.0000665 | Grad norm: 0.000724 | Time: 4s288ms
Epoch: 023 | Test Loss: 0.0000686 | Time: 627ms
Epoch: 024 | Train Loss: 0.0000661 | Grad norm: 0.000702 | Time: 4s305ms
Epoch: 024 | Test Loss: 0.0000679 | Time: 614ms
Epoch: 025 | Train Loss: 0.0000654 | Grad norm: 0.000617 | Time: 4s216ms
Epoch: 025 | Test Loss: 0.0000660 | Time: 615ms
==> Save the model at epoch 025 with test loss 0.0000660
Epoch: 026 | Train Loss: 0.0000655 | Grad norm: 0.000690 | Time: 4s147ms
Epoch: 026 | Test Loss: 0.0000677 | Time: 611ms
Epoch: 027 | Train Loss: 0.0000650 | Grad norm: 0.000628 | Time: 4s245ms
Epoch: 027 | Test Loss: 0.0000686 | Time: 615ms
Epoch: 028 | Train Loss: 0.0000649 | Grad norm: 0.000608 | Time: 4s204ms
Epoch: 028 | Test Loss: 0.0000676 | Time: 614ms
Epoch: 029 | Train Loss: 0.0000643 | Grad norm: 0.000573 | Time: 4s293ms
Epoch: 029 | Test Loss: 0.0000660 | Time: 611ms
Epoch: 030 | Train Loss: 0.0000641 | Grad norm: 0.000565 | Time: 4s249ms
Epoch: 030 | Test Loss: 0.0000659 | Time: 616ms
==> Save the model at epoch 030 with test loss 0.0000659
Epoch: 031 | Train Loss: 0.0000639 | Grad norm: 0.000582 | Time: 4s341ms
Epoch: 031 | Test Loss: 0.0000659 | Time: 619ms
Epoch: 032 | Train Loss: 0.0000637 | Grad norm: 0.000565 | Time: 4s263ms
Epoch: 032 | Test Loss: 0.0000654 | Time: 615ms
==> Save the model at epoch 032 with test loss 0.0000654
Epoch: 033 | Train Loss: 0.0000632 | Grad norm: 0.000533 | Time: 4s237ms
Epoch: 033 | Test Loss: 0.0000653 | Time: 609ms
==> Save the model at epoch 033 with test loss 0.0000653
Epoch: 034 | Train Loss: 0.0000630 | Grad norm: 0.000542 | Time: 4s232ms
Epoch: 034 | Test Loss: 0.0000651 | Time: 630ms
==> Save the model at epoch 034 with test loss 0.0000651
Epoch: 035 | Train Loss: 0.0000625 | Grad norm: 0.000488 | Time: 4s127ms
Epoch: 035 | Test Loss: 0.0000650 | Time: 625ms
==> Save the model at epoch 035 with test loss 0.0000650
Epoch: 036 | Train Loss: 0.0000624 | Grad norm: 0.000492 | Time: 4s151ms
Epoch: 036 | Test Loss: 0.0000651 | Time: 628ms
Epoch: 037 | Train Loss: 0.0000621 | Grad norm: 0.000475 | Time: 4s112ms
Epoch: 037 | Test Loss: 0.0000648 | Time: 614ms
==> Save the model at epoch 037 with test loss 0.0000648
Epoch: 038 | Train Loss: 0.0000619 | Grad norm: 0.000467 | Time: 3s957ms
Epoch: 038 | Test Loss: 0.0000647 | Time: 701ms
==> Save the model at epoch 038 with test loss 0.0000647
Epoch: 039 | Train Loss: 0.0000618 | Grad norm: 0.000471 | Time: 4s70ms
Epoch: 039 | Test Loss: 0.0000646 | Time: 636ms
==> Save the model at epoch 039 with test loss 0.0000646
Epoch: 040 | Train Loss: 0.0000617 | Grad norm: 0.000461 | Time: 4s289ms
Epoch: 040 | Test Loss: 0.0000646 | Time: 700ms
==> Save the model at epoch 040 with test loss 0.0000646
Total time: 3m12s
==> Saving trained model weights...
==> Input bias to be applied to the neural network (trained):
[0. 0. 0. 0.]
==> Input transform to be applied to the neural network (trained):
[ 0.62900996  0.6288517  11.614402    9.487666  ]
==> Output transform to be applied to the neural network (trained):
[0.0195 0.021 ]
==> Saving training info...
==> Drawing training loss...
==> Drawing grad norm...
==> Drawing testing loss...
==> Process finished.
