==> torch device:  cuda:2
==> Test-Train split: test_ratio = 0.20
==> Test-Train split seed:  None
==> Further split: further_train_ratio = 0.25
==> Further split seed:  None
==> Lipschitz constant: 128.00
==> Input bias to be applied to the neural network:
[0. 0. 0. 0.]
==> Input transform to be applied to the neural network:
[ 0.62900996  0.6288517  11.614402    9.487666  ]
==> Ouput transform to be applied to the neural network:
[0.0251 0.0262]
==> Evaluating model...
==========================================================================================
Layer (type:depth-idx)                   Output Shape              Param #
==========================================================================================
NeuralNetwork                            [1, 2]                    10
├─Sequential: 1-1                        [1, 2]                    --
│    └─SandwichFc: 2-1                   [1, 64]                   4,481
│    └─SandwichFc: 2-2                   [1, 64]                   8,321
│    └─SandwichFc: 2-3                   [1, 64]                   8,321
│    └─SandwichFc: 2-4                   [1, 64]                   8,321
│    └─SandwichFc: 2-5                   [1, 64]                   8,321
│    └─SandwichFc: 2-6                   [1, 64]                   8,321
│    └─SandwichFc: 2-7                   [1, 64]                   8,321
│    └─SandwichLin: 2-8                  [1, 2]                    135
├─Sequential: 1-2                        [1, 2]                    (recursive)
│    └─SandwichFc: 2-9                   [1, 64]                   (recursive)
│    └─SandwichFc: 2-10                  [1, 64]                   (recursive)
│    └─SandwichFc: 2-11                  [1, 64]                   (recursive)
│    └─SandwichFc: 2-12                  [1, 64]                   (recursive)
│    └─SandwichFc: 2-13                  [1, 64]                   (recursive)
│    └─SandwichFc: 2-14                  [1, 64]                   (recursive)
│    └─SandwichFc: 2-15                  [1, 64]                   (recursive)
│    └─SandwichLin: 2-16                 [1, 2]                    (recursive)
==========================================================================================
Total params: 54,552
Trainable params: 54,542
Non-trainable params: 10
Total mult-adds (Units.MEGABYTES): 0.11
==========================================================================================
Input size (MB): 0.00
Forward/backward pass size (MB): 0.01
Params size (MB): 0.22
Estimated Total Size (MB): 0.23
==========================================================================================
==> Saving initial model weights...
==> Start training...
==> Number of param_groups in optimizer: 1
Epoch: 001 | Train Loss: 0.0019990 | Grad norm: 0.081551 | Time: 4s918ms
Epoch: 001 | Test Loss: 0.0019584 | Time: 623ms
==> Save the model at epoch 001 with test loss 0.0019584
Epoch: 002 | Train Loss: 0.0007180 | Grad norm: 0.017192 | Time: 4s331ms
Epoch: 002 | Test Loss: 0.0005743 | Time: 618ms
==> Save the model at epoch 002 with test loss 0.0005743
Epoch: 003 | Train Loss: 0.0005811 | Grad norm: 0.006793 | Time: 4s436ms
Epoch: 003 | Test Loss: 0.0005630 | Time: 690ms
==> Save the model at epoch 003 with test loss 0.0005630
Epoch: 004 | Train Loss: 0.0005739 | Grad norm: 0.005905 | Time: 4s239ms
Epoch: 004 | Test Loss: 0.0005611 | Time: 619ms
==> Save the model at epoch 004 with test loss 0.0005611
Epoch: 005 | Train Loss: 0.0005762 | Grad norm: 0.005518 | Time: 4s404ms
Epoch: 005 | Test Loss: 0.0005692 | Time: 628ms
Epoch: 006 | Train Loss: 0.0005743 | Grad norm: 0.004535 | Time: 4s349ms
Epoch: 006 | Test Loss: 0.0005631 | Time: 617ms
Epoch: 007 | Train Loss: 0.0005712 | Grad norm: 0.003782 | Time: 4s371ms
Epoch: 007 | Test Loss: 0.0005771 | Time: 692ms
Epoch: 008 | Train Loss: 0.0005718 | Grad norm: 0.003505 | Time: 4s189ms
Epoch: 008 | Test Loss: 0.0005672 | Time: 613ms
Epoch: 009 | Train Loss: 0.0005732 | Grad norm: 0.003305 | Time: 4s438ms
Epoch: 009 | Test Loss: 0.0005712 | Time: 636ms
Epoch: 010 | Train Loss: 0.0005714 | Grad norm: 0.003088 | Time: 4s276ms
Epoch: 010 | Test Loss: 0.0005618 | Time: 630ms
Epoch: 011 | Train Loss: 0.0005735 | Grad norm: 0.003086 | Time: 4s177ms
Epoch: 011 | Test Loss: 0.0005610 | Time: 680ms
==> Save the model at epoch 011 with test loss 0.0005610
Epoch: 012 | Train Loss: 0.0005693 | Grad norm: 0.002861 | Time: 4s206ms
Epoch: 012 | Test Loss: 0.0005675 | Time: 618ms
Epoch: 013 | Train Loss: 0.0005672 | Grad norm: 0.002547 | Time: 4s550ms
Epoch: 013 | Test Loss: 0.0005632 | Time: 621ms
Epoch: 014 | Train Loss: 0.0005694 | Grad norm: 0.002702 | Time: 4s279ms
Epoch: 014 | Test Loss: 0.0005682 | Time: 617ms
Epoch: 015 | Train Loss: 0.0005638 | Grad norm: 0.002305 | Time: 4s72ms
Epoch: 015 | Test Loss: 0.0005647 | Time: 690ms
Epoch: 016 | Train Loss: 0.0005629 | Grad norm: 0.002333 | Time: 3s991ms
Epoch: 016 | Test Loss: 0.0005569 | Time: 625ms
==> Save the model at epoch 016 with test loss 0.0005569
Epoch: 017 | Train Loss: 0.0005655 | Grad norm: 0.002505 | Time: 4s194ms
Epoch: 017 | Test Loss: 0.0005655 | Time: 623ms
Epoch: 018 | Train Loss: 0.0005634 | Grad norm: 0.002376 | Time: 4s212ms
Epoch: 018 | Test Loss: 0.0005637 | Time: 606ms
Epoch: 019 | Train Loss: 0.0005623 | Grad norm: 0.002337 | Time: 4s286ms
Epoch: 019 | Test Loss: 0.0005613 | Time: 618ms
Epoch: 020 | Train Loss: 0.0005614 | Grad norm: 0.002349 | Time: 4s258ms
Epoch: 020 | Test Loss: 0.0005568 | Time: 615ms
==> Save the model at epoch 020 with test loss 0.0005568
Epoch: 021 | Train Loss: 0.0005662 | Grad norm: 0.002534 | Time: 4s207ms
Epoch: 021 | Test Loss: 0.0005607 | Time: 622ms
Epoch: 022 | Train Loss: 0.0005618 | Grad norm: 0.002344 | Time: 4s378ms
Epoch: 022 | Test Loss: 0.0005593 | Time: 622ms
Epoch: 023 | Train Loss: 0.0005603 | Grad norm: 0.002278 | Time: 4s207ms
Epoch: 023 | Test Loss: 0.0005556 | Time: 623ms
==> Save the model at epoch 023 with test loss 0.0005556
Epoch: 024 | Train Loss: 0.0005589 | Grad norm: 0.002199 | Time: 4s305ms
Epoch: 024 | Test Loss: 0.0005574 | Time: 625ms
Epoch: 025 | Train Loss: 0.0005592 | Grad norm: 0.002246 | Time: 4s323ms
Epoch: 025 | Test Loss: 0.0005599 | Time: 633ms
Epoch: 026 | Train Loss: 0.0005585 | Grad norm: 0.002315 | Time: 4s23ms
Epoch: 026 | Test Loss: 0.0005535 | Time: 616ms
==> Save the model at epoch 026 with test loss 0.0005535
Epoch: 027 | Train Loss: 0.0005537 | Grad norm: 0.002062 | Time: 4s142ms
Epoch: 027 | Test Loss: 0.0005598 | Time: 631ms
Epoch: 028 | Train Loss: 0.0005538 | Grad norm: 0.002190 | Time: 4s2ms
Epoch: 028 | Test Loss: 0.0005536 | Time: 631ms
Epoch: 029 | Train Loss: 0.0005516 | Grad norm: 0.002093 | Time: 4s231ms
Epoch: 029 | Test Loss: 0.0005514 | Time: 620ms
==> Save the model at epoch 029 with test loss 0.0005514
Epoch: 030 | Train Loss: 0.0005502 | Grad norm: 0.002135 | Time: 4s355ms
Epoch: 030 | Test Loss: 0.0005555 | Time: 608ms
Epoch: 031 | Train Loss: 0.0005479 | Grad norm: 0.002112 | Time: 4s173ms
Epoch: 031 | Test Loss: 0.0005486 | Time: 617ms
==> Save the model at epoch 031 with test loss 0.0005486
Epoch: 032 | Train Loss: 0.0005477 | Grad norm: 0.002216 | Time: 4s177ms
Epoch: 032 | Test Loss: 0.0005491 | Time: 629ms
Epoch: 033 | Train Loss: 0.0005448 | Grad norm: 0.002143 | Time: 4s42ms
Epoch: 033 | Test Loss: 0.0005510 | Time: 628ms
Epoch: 034 | Train Loss: 0.0005431 | Grad norm: 0.002116 | Time: 4s225ms
Epoch: 034 | Test Loss: 0.0005486 | Time: 610ms
==> Save the model at epoch 034 with test loss 0.0005486
Epoch: 035 | Train Loss: 0.0005424 | Grad norm: 0.002237 | Time: 4s470ms
Epoch: 035 | Test Loss: 0.0005488 | Time: 629ms
Epoch: 036 | Train Loss: 0.0005405 | Grad norm: 0.002165 | Time: 4s126ms
Epoch: 036 | Test Loss: 0.0005474 | Time: 623ms
==> Save the model at epoch 036 with test loss 0.0005474
Epoch: 037 | Train Loss: 0.0005384 | Grad norm: 0.002097 | Time: 4s199ms
Epoch: 037 | Test Loss: 0.0005468 | Time: 626ms
==> Save the model at epoch 037 with test loss 0.0005468
Epoch: 038 | Train Loss: 0.0005374 | Grad norm: 0.002129 | Time: 4s117ms
Epoch: 038 | Test Loss: 0.0005468 | Time: 704ms
==> Save the model at epoch 038 with test loss 0.0005468
Epoch: 039 | Train Loss: 0.0005363 | Grad norm: 0.002136 | Time: 4s426ms
Epoch: 039 | Test Loss: 0.0005466 | Time: 631ms
==> Save the model at epoch 039 with test loss 0.0005466
Epoch: 040 | Train Loss: 0.0005357 | Grad norm: 0.002134 | Time: 4s17ms
Epoch: 040 | Test Loss: 0.0005465 | Time: 614ms
==> Save the model at epoch 040 with test loss 0.0005465
Total time: 3m15s
==> Saving trained model weights...
==> Input bias to be applied to the neural network (trained):
[0. 0. 0. 0.]
==> Input transform to be applied to the neural network (trained):
[ 0.62900996  0.6288517  11.614402    9.487666  ]
==> Output transform to be applied to the neural network (trained):
[0.0251 0.0262]
==> Saving training info...
==> Drawing training loss...
==> Drawing grad norm...
==> Drawing testing loss...
==> Process finished.
