==> torch device:  cuda:2
==> Test-Train split: test_ratio = 0.20
==> Test-Train split seed:  None
==> Further split: further_train_ratio = 1.00
==> Further split seed:  None
==> Input bias to be applied to the neural network:
[0. 0. 0. 0.]
==> Input transform to be applied to the neural network:
[0.7072636  0.72212595 0.6760411  0.67349136]
==> Ouput transform to be applied to the neural network:
[0.2287 0.2871]
==> Evaluating model...
==========================================================================================
Layer (type:depth-idx)                   Output Shape              Param #
==========================================================================================
NeuralNetwork                            [1, 2]                    10
├─Sequential: 1-1                        [1, 2]                    --
│    └─Linear: 2-1                       [1, 64]                   320
│    └─ReLU: 2-2                         [1, 64]                   --
│    └─Linear: 2-3                       [1, 64]                   4,160
│    └─ReLU: 2-4                         [1, 64]                   --
│    └─Linear: 2-5                       [1, 64]                   4,160
│    └─ReLU: 2-6                         [1, 64]                   --
│    └─Linear: 2-7                       [1, 64]                   4,160
│    └─ReLU: 2-8                         [1, 64]                   --
│    └─Linear: 2-9                       [1, 64]                   4,160
│    └─ReLU: 2-10                        [1, 64]                   --
│    └─Linear: 2-11                      [1, 64]                   4,160
│    └─ReLU: 2-12                        [1, 64]                   --
│    └─Linear: 2-13                      [1, 64]                   4,160
│    └─ReLU: 2-14                        [1, 64]                   --
│    └─Linear: 2-15                      [1, 2]                    130
├─Sequential: 1-2                        [1, 2]                    (recursive)
│    └─Linear: 2-16                      [1, 64]                   (recursive)
│    └─ReLU: 2-17                        [1, 64]                   --
│    └─Linear: 2-18                      [1, 64]                   (recursive)
│    └─ReLU: 2-19                        [1, 64]                   --
│    └─Linear: 2-20                      [1, 64]                   (recursive)
│    └─ReLU: 2-21                        [1, 64]                   --
│    └─Linear: 2-22                      [1, 64]                   (recursive)
│    └─ReLU: 2-23                        [1, 64]                   --
│    └─Linear: 2-24                      [1, 64]                   (recursive)
│    └─ReLU: 2-25                        [1, 64]                   --
│    └─Linear: 2-26                      [1, 64]                   (recursive)
│    └─ReLU: 2-27                        [1, 64]                   --
│    └─Linear: 2-28                      [1, 64]                   (recursive)
│    └─ReLU: 2-29                        [1, 64]                   --
│    └─Linear: 2-30                      [1, 2]                    (recursive)
==========================================================================================
Total params: 25,420
Trainable params: 25,410
Non-trainable params: 10
Total mult-adds (Units.MEGABYTES): 0.05
==========================================================================================
Input size (MB): 0.00
Forward/backward pass size (MB): 0.01
Params size (MB): 0.10
Estimated Total Size (MB): 0.11
==========================================================================================
==> Saving initial model weights...
==> Start training...
==> Number of param_groups in optimizer: 1
Epoch: 001 | Train Loss: 0.1347344 | Grad norm: 0.002616 | Time: 4s580ms
Epoch: 001 | Test Loss: 0.1344060 | Time: 543ms
==> Save the model at epoch 001 with test loss 0.1344060
Epoch: 002 | Train Loss: 0.0157146 | Grad norm: 0.031070 | Time: 4s318ms
Epoch: 002 | Test Loss: 0.0097309 | Time: 555ms
==> Save the model at epoch 002 with test loss 0.0097309
Epoch: 003 | Train Loss: 0.0104672 | Grad norm: 0.029036 | Time: 4s499ms
Epoch: 003 | Test Loss: 0.0099742 | Time: 520ms
Epoch: 004 | Train Loss: 0.0104301 | Grad norm: 0.028810 | Time: 4s321ms
Epoch: 004 | Test Loss: 0.0096049 | Time: 515ms
==> Save the model at epoch 004 with test loss 0.0096049
Epoch: 005 | Train Loss: 0.0102448 | Grad norm: 0.029504 | Time: 4s597ms
Epoch: 005 | Test Loss: 0.0089628 | Time: 518ms
==> Save the model at epoch 005 with test loss 0.0089628
Epoch: 006 | Train Loss: 0.0097501 | Grad norm: 0.030627 | Time: 4s292ms
Epoch: 006 | Test Loss: 0.0094959 | Time: 586ms
Epoch: 007 | Train Loss: 0.0094844 | Grad norm: 0.033744 | Time: 4s232ms
Epoch: 007 | Test Loss: 0.0096046 | Time: 549ms
Epoch: 008 | Train Loss: 0.0090794 | Grad norm: 0.031745 | Time: 4s357ms
Epoch: 008 | Test Loss: 0.0087576 | Time: 536ms
==> Save the model at epoch 008 with test loss 0.0087576
Epoch: 009 | Train Loss: 0.0092407 | Grad norm: 0.035093 | Time: 4s376ms
Epoch: 009 | Test Loss: 0.0092030 | Time: 532ms
Epoch: 010 | Train Loss: 0.0089756 | Grad norm: 0.030527 | Time: 4s326ms
Epoch: 010 | Test Loss: 0.0086352 | Time: 512ms
==> Save the model at epoch 010 with test loss 0.0086352
Epoch: 011 | Train Loss: 0.0085799 | Grad norm: 0.030912 | Time: 4s267ms
Epoch: 011 | Test Loss: 0.0081189 | Time: 511ms
==> Save the model at epoch 011 with test loss 0.0081189
Epoch: 012 | Train Loss: 0.0084043 | Grad norm: 0.030903 | Time: 4s401ms
Epoch: 012 | Test Loss: 0.0081842 | Time: 537ms
Epoch: 013 | Train Loss: 0.0082994 | Grad norm: 0.029427 | Time: 4s555ms
Epoch: 013 | Test Loss: 0.0076831 | Time: 513ms
==> Save the model at epoch 013 with test loss 0.0076831
Epoch: 014 | Train Loss: 0.0081995 | Grad norm: 0.027645 | Time: 4s523ms
Epoch: 014 | Test Loss: 0.0079326 | Time: 586ms
Epoch: 015 | Train Loss: 0.0081552 | Grad norm: 0.028058 | Time: 4s86ms
Epoch: 015 | Test Loss: 0.0078311 | Time: 524ms
Epoch: 016 | Train Loss: 0.0080205 | Grad norm: 0.025733 | Time: 4s354ms
Epoch: 016 | Test Loss: 0.0078884 | Time: 510ms
Epoch: 017 | Train Loss: 0.0080508 | Grad norm: 0.025239 | Time: 4s297ms
Epoch: 017 | Test Loss: 0.0079401 | Time: 593ms
Epoch: 018 | Train Loss: 0.0079628 | Grad norm: 0.025839 | Time: 4s311ms
Epoch: 018 | Test Loss: 0.0079108 | Time: 526ms
Epoch: 019 | Train Loss: 0.0079324 | Grad norm: 0.025573 | Time: 4s381ms
Epoch: 019 | Test Loss: 0.0082403 | Time: 510ms
Epoch: 020 | Train Loss: 0.0078704 | Grad norm: 0.025474 | Time: 4s345ms
Epoch: 020 | Test Loss: 0.0077136 | Time: 525ms
Epoch: 021 | Train Loss: 0.0078325 | Grad norm: 0.024194 | Time: 4s315ms
Epoch: 021 | Test Loss: 0.0079270 | Time: 550ms
Epoch: 022 | Train Loss: 0.0077666 | Grad norm: 0.023150 | Time: 4s346ms
Epoch: 022 | Test Loss: 0.0074815 | Time: 579ms
==> Save the model at epoch 022 with test loss 0.0074815
Epoch: 023 | Train Loss: 0.0077756 | Grad norm: 0.022917 | Time: 4s401ms
Epoch: 023 | Test Loss: 0.0076067 | Time: 516ms
Epoch: 024 | Train Loss: 0.0076755 | Grad norm: 0.022365 | Time: 4s354ms
Epoch: 024 | Test Loss: 0.0077917 | Time: 530ms
Epoch: 025 | Train Loss: 0.0076639 | Grad norm: 0.022087 | Time: 4s393ms
Epoch: 025 | Test Loss: 0.0075738 | Time: 513ms
Epoch: 026 | Train Loss: 0.0075818 | Grad norm: 0.020785 | Time: 4s170ms
Epoch: 026 | Test Loss: 0.0074413 | Time: 512ms
==> Save the model at epoch 026 with test loss 0.0074413
Epoch: 027 | Train Loss: 0.0075270 | Grad norm: 0.019558 | Time: 4s458ms
Epoch: 027 | Test Loss: 0.0073898 | Time: 532ms
==> Save the model at epoch 027 with test loss 0.0073898
Epoch: 028 | Train Loss: 0.0075066 | Grad norm: 0.020611 | Time: 4s299ms
Epoch: 028 | Test Loss: 0.0073560 | Time: 526ms
==> Save the model at epoch 028 with test loss 0.0073560
Epoch: 029 | Train Loss: 0.0074451 | Grad norm: 0.019649 | Time: 4s341ms
Epoch: 029 | Test Loss: 0.0074665 | Time: 513ms
Epoch: 030 | Train Loss: 0.0074121 | Grad norm: 0.019163 | Time: 4s419ms
Epoch: 030 | Test Loss: 0.0072761 | Time: 511ms
==> Save the model at epoch 030 with test loss 0.0072761
Epoch: 031 | Train Loss: 0.0073429 | Grad norm: 0.017995 | Time: 4s514ms
Epoch: 031 | Test Loss: 0.0072137 | Time: 508ms
==> Save the model at epoch 031 with test loss 0.0072137
Epoch: 032 | Train Loss: 0.0072948 | Grad norm: 0.017878 | Time: 4s286ms
Epoch: 032 | Test Loss: 0.0072679 | Time: 518ms
Epoch: 033 | Train Loss: 0.0072535 | Grad norm: 0.017334 | Time: 4s80ms
Epoch: 033 | Test Loss: 0.0072263 | Time: 601ms
Epoch: 034 | Train Loss: 0.0072107 | Grad norm: 0.016450 | Time: 4s205ms
Epoch: 034 | Test Loss: 0.0071880 | Time: 579ms
==> Save the model at epoch 034 with test loss 0.0071880
Epoch: 035 | Train Loss: 0.0071694 | Grad norm: 0.016236 | Time: 4s464ms
Epoch: 035 | Test Loss: 0.0071928 | Time: 529ms
Epoch: 036 | Train Loss: 0.0071397 | Grad norm: 0.015726 | Time: 4s427ms
Epoch: 036 | Test Loss: 0.0071968 | Time: 518ms
Epoch: 037 | Train Loss: 0.0071142 | Grad norm: 0.015314 | Time: 4s369ms
Epoch: 037 | Test Loss: 0.0071767 | Time: 515ms
==> Save the model at epoch 037 with test loss 0.0071767
Epoch: 038 | Train Loss: 0.0070933 | Grad norm: 0.015002 | Time: 4s357ms
Epoch: 038 | Test Loss: 0.0071454 | Time: 528ms
==> Save the model at epoch 038 with test loss 0.0071454
Epoch: 039 | Train Loss: 0.0070748 | Grad norm: 0.014756 | Time: 4s334ms
Epoch: 039 | Test Loss: 0.0071486 | Time: 587ms
Epoch: 040 | Train Loss: 0.0070638 | Grad norm: 0.014606 | Time: 4s415ms
Epoch: 040 | Test Loss: 0.0071467 | Time: 521ms
Total time: 3m15s
==> Saving trained model weights...
==> Input bias to be applied to the neural network (trained):
[0. 0. 0. 0.]
==> Input transform to be applied to the neural network (trained):
[0.7072636  0.72212595 0.6760411  0.67349136]
==> Output transform to be applied to the neural network (trained):
[0.2287 0.2871]
==> Saving training info...
==> Drawing training loss...
==> Drawing grad norm...
==> Drawing testing loss...
==> Process finished.
