==> torch device:  cuda:1
==> Test-Train split: test_ratio = 0.20
==> Test-Train split seed:  None
==> Further split: further_train_ratio = 0.25
==> Further split seed:  None
==> Input bias to be applied to the neural network:
[0. 0.]
==> Input transform to be applied to the neural network:
[1. 1.]
==> Ouput transform to be applied to the neural network:
[1. 1.]
==> Evaluating model...
==========================================================================================
Layer (type:depth-idx)                   Output Shape              Param #
==========================================================================================
NeuralNetwork                            [1, 2]                    6
├─Sequential: 1-1                        [1, 2]                    --
│    └─Linear: 2-1                       [1, 64]                   192
│    └─LeakyReLU: 2-2                    [1, 64]                   --
│    └─Linear: 2-3                       [1, 64]                   4,160
│    └─LeakyReLU: 2-4                    [1, 64]                   --
│    └─Linear: 2-5                       [1, 64]                   4,160
│    └─LeakyReLU: 2-6                    [1, 64]                   --
│    └─Linear: 2-7                       [1, 64]                   4,160
│    └─LeakyReLU: 2-8                    [1, 64]                   --
│    └─Linear: 2-9                       [1, 64]                   4,160
│    └─LeakyReLU: 2-10                   [1, 64]                   --
│    └─Linear: 2-11                      [1, 64]                   4,160
│    └─LeakyReLU: 2-12                   [1, 64]                   --
│    └─Linear: 2-13                      [1, 64]                   4,160
│    └─LeakyReLU: 2-14                   [1, 64]                   --
│    └─Linear: 2-15                      [1, 2]                    130
==========================================================================================
Total params: 25,288
Trainable params: 25,282
Non-trainable params: 6
Total mult-adds (Units.MEGABYTES): 0.03
==========================================================================================
Input size (MB): 0.00
Forward/backward pass size (MB): 0.00
Params size (MB): 0.10
Estimated Total Size (MB): 0.10
==========================================================================================
==> Saving initial model weights...
==> Start training...
Epoch: 001 | Loss: 1.5495801 | L2 loss: 1.5495697 | Lip loss: 0.0000105 | Grad norm: 3.639846 | Time: 14s347ms
Epoch: 001 | Test Loss: 0.0129130 | Time: 747ms
==> Save the model at epoch 001 with test loss 0.0129130
Epoch: 002 | Loss: 0.0113348 | L2 loss: 0.0113233 | Lip loss: 0.0000116 | Grad norm: 2.091284 | Time: 14s316ms
Epoch: 002 | Test Loss: 0.0068282 | Time: 736ms
==> Save the model at epoch 002 with test loss 0.0068282
Epoch: 003 | Loss: 0.0064497 | L2 loss: 0.0064380 | Lip loss: 0.0000117 | Grad norm: 1.461229 | Time: 13s966ms
Epoch: 003 | Test Loss: 0.0043038 | Time: 813ms
==> Save the model at epoch 003 with test loss 0.0043038
Epoch: 004 | Loss: 0.0118427 | L2 loss: 0.0118311 | Lip loss: 0.0000116 | Grad norm: 2.073175 | Time: 14s538ms
Epoch: 004 | Test Loss: 0.0104095 | Time: 735ms
Epoch: 005 | Loss: 0.0065416 | L2 loss: 0.0065301 | Lip loss: 0.0000115 | Grad norm: 1.408077 | Time: 14s700ms
Epoch: 005 | Test Loss: 0.0026295 | Time: 728ms
==> Save the model at epoch 005 with test loss 0.0026295
Epoch: 006 | Loss: 0.0017397 | L2 loss: 0.0017280 | Lip loss: 0.0000117 | Grad norm: 0.170038 | Time: 14s115ms
Epoch: 006 | Test Loss: 0.0016884 | Time: 745ms
==> Save the model at epoch 006 with test loss 0.0016884
Epoch: 007 | Loss: 0.0016210 | L2 loss: 0.0016093 | Lip loss: 0.0000117 | Grad norm: 0.131646 | Time: 14s505ms
Epoch: 007 | Test Loss: 0.0015836 | Time: 749ms
==> Save the model at epoch 007 with test loss 0.0015836
Epoch: 008 | Loss: 0.0015624 | L2 loss: 0.0015507 | Lip loss: 0.0000117 | Grad norm: 0.140566 | Time: 14s192ms
Epoch: 008 | Test Loss: 0.0015184 | Time: 727ms
==> Save the model at epoch 008 with test loss 0.0015184
Epoch: 009 | Loss: 0.0014833 | L2 loss: 0.0014716 | Lip loss: 0.0000116 | Grad norm: 0.127502 | Time: 14s613ms
Epoch: 009 | Test Loss: 0.0014820 | Time: 733ms
==> Save the model at epoch 009 with test loss 0.0014820
Epoch: 010 | Loss: 0.0014344 | L2 loss: 0.0014227 | Lip loss: 0.0000117 | Grad norm: 0.157454 | Time: 14s531ms
Epoch: 010 | Test Loss: 0.0013995 | Time: 800ms
==> Save the model at epoch 010 with test loss 0.0013995
Epoch: 011 | Loss: 0.0013598 | L2 loss: 0.0013481 | Lip loss: 0.0000117 | Grad norm: 0.098500 | Time: 14s375ms
Epoch: 011 | Test Loss: 0.0013573 | Time: 725ms
==> Save the model at epoch 011 with test loss 0.0013573
Epoch: 012 | Loss: 0.0013515 | L2 loss: 0.0013399 | Lip loss: 0.0000116 | Grad norm: 0.091139 | Time: 14s457ms
Epoch: 012 | Test Loss: 0.0013551 | Time: 739ms
==> Save the model at epoch 012 with test loss 0.0013551
Epoch: 013 | Loss: 0.0013436 | L2 loss: 0.0013319 | Lip loss: 0.0000117 | Grad norm: 0.089681 | Time: 14s353ms
Epoch: 013 | Test Loss: 0.0013404 | Time: 744ms
==> Save the model at epoch 013 with test loss 0.0013404
Epoch: 014 | Loss: 0.0013389 | L2 loss: 0.0013271 | Lip loss: 0.0000117 | Grad norm: 0.091521 | Time: 14s357ms
Epoch: 014 | Test Loss: 0.0013353 | Time: 742ms
==> Save the model at epoch 014 with test loss 0.0013353
Epoch: 015 | Loss: 0.0013325 | L2 loss: 0.0013208 | Lip loss: 0.0000117 | Grad norm: 0.092509 | Time: 14s403ms
Epoch: 015 | Test Loss: 0.0013272 | Time: 795ms
==> Save the model at epoch 015 with test loss 0.0013272
Epoch: 016 | Loss: 0.0013224 | L2 loss: 0.0013108 | Lip loss: 0.0000116 | Grad norm: 0.084192 | Time: 14s409ms
Epoch: 016 | Test Loss: 0.0013237 | Time: 732ms
==> Save the model at epoch 016 with test loss 0.0013237
Epoch: 017 | Loss: 0.0013198 | L2 loss: 0.0013083 | Lip loss: 0.0000115 | Grad norm: 0.082708 | Time: 14s292ms
Epoch: 017 | Test Loss: 0.0013233 | Time: 746ms
==> Save the model at epoch 017 with test loss 0.0013233
Epoch: 018 | Loss: 0.0013219 | L2 loss: 0.0013102 | Lip loss: 0.0000116 | Grad norm: 0.086357 | Time: 14s75ms
Epoch: 018 | Test Loss: 0.0013216 | Time: 739ms
==> Save the model at epoch 018 with test loss 0.0013216
Epoch: 019 | Loss: 0.0013186 | L2 loss: 0.0013071 | Lip loss: 0.0000116 | Grad norm: 0.079700 | Time: 14s418ms
Epoch: 019 | Test Loss: 0.0013201 | Time: 761ms
==> Save the model at epoch 019 with test loss 0.0013201
Epoch: 020 | Loss: 0.0013180 | L2 loss: 0.0013064 | Lip loss: 0.0000116 | Grad norm: 0.080908 | Time: 14s754ms
Epoch: 020 | Test Loss: 0.0013197 | Time: 731ms
==> Save the model at epoch 020 with test loss 0.0013197
Epoch: 021 | Loss: 0.0013256 | L2 loss: 0.0013138 | Lip loss: 0.0000118 | Grad norm: 0.084115 | Time: 14s721ms
Epoch: 021 | Test Loss: 0.0013196 | Time: 738ms
==> Save the model at epoch 021 with test loss 0.0013196
Epoch: 022 | Loss: 0.0013163 | L2 loss: 0.0013047 | Lip loss: 0.0000116 | Grad norm: 0.079292 | Time: 14s213ms
Epoch: 022 | Test Loss: 0.0013193 | Time: 807ms
==> Save the model at epoch 022 with test loss 0.0013193
Epoch: 023 | Loss: 0.0013214 | L2 loss: 0.0013098 | Lip loss: 0.0000116 | Grad norm: 0.084148 | Time: 14s490ms
Epoch: 023 | Test Loss: 0.0013192 | Time: 742ms
==> Save the model at epoch 023 with test loss 0.0013192
Epoch: 024 | Loss: 0.0013153 | L2 loss: 0.0013037 | Lip loss: 0.0000115 | Grad norm: 0.081132 | Time: 14s2ms
Epoch: 024 | Test Loss: 0.0013189 | Time: 739ms
==> Save the model at epoch 024 with test loss 0.0013189
Epoch: 025 | Loss: 0.0013161 | L2 loss: 0.0013045 | Lip loss: 0.0000116 | Grad norm: 0.080079 | Time: 14s285ms
Epoch: 025 | Test Loss: 0.0013188 | Time: 733ms
==> Save the model at epoch 025 with test loss 0.0013188
Epoch: 026 | Loss: 0.0013148 | L2 loss: 0.0013032 | Lip loss: 0.0000116 | Grad norm: 0.083546 | Time: 14s594ms
Epoch: 026 | Test Loss: 0.0013188 | Time: 744ms
Epoch: 027 | Loss: 0.0013150 | L2 loss: 0.0013033 | Lip loss: 0.0000117 | Grad norm: 0.081618 | Time: 14s93ms
Epoch: 027 | Test Loss: 0.0013188 | Time: 797ms
Epoch: 028 | Loss: 0.0013163 | L2 loss: 0.0013048 | Lip loss: 0.0000115 | Grad norm: 0.079519 | Time: 13s926ms
Epoch: 028 | Test Loss: 0.0013188 | Time: 749ms
==> Save the model at epoch 028 with test loss 0.0013188
Epoch: 029 | Loss: 0.0013251 | L2 loss: 0.0013135 | Lip loss: 0.0000116 | Grad norm: 0.080136 | Time: 14s77ms
Epoch: 029 | Test Loss: 0.0013188 | Time: 741ms
Epoch: 030 | Loss: 0.0013162 | L2 loss: 0.0013046 | Lip loss: 0.0000116 | Grad norm: 0.083815 | Time: 14s315ms
Epoch: 030 | Test Loss: 0.0013188 | Time: 738ms
Epoch: 031 | Loss: 0.0013186 | L2 loss: 0.0013069 | Lip loss: 0.0000117 | Grad norm: 0.079160 | Time: 14s436ms
Epoch: 031 | Test Loss: 0.0013188 | Time: 724ms
Epoch: 032 | Loss: 0.0013169 | L2 loss: 0.0013053 | Lip loss: 0.0000116 | Grad norm: 0.083253 | Time: 13s839ms
Epoch: 032 | Test Loss: 0.0013188 | Time: 733ms
Epoch: 033 | Loss: 0.0013151 | L2 loss: 0.0013034 | Lip loss: 0.0000116 | Grad norm: 0.083473 | Time: 14s63ms
Epoch: 033 | Test Loss: 0.0013188 | Time: 743ms
Epoch: 034 | Loss: 0.0013156 | L2 loss: 0.0013041 | Lip loss: 0.0000115 | Grad norm: 0.081460 | Time: 14s534ms
Epoch: 034 | Test Loss: 0.0013188 | Time: 810ms
Epoch: 035 | Loss: 0.0013161 | L2 loss: 0.0013044 | Lip loss: 0.0000117 | Grad norm: 0.078966 | Time: 14s624ms
Epoch: 035 | Test Loss: 0.0013188 | Time: 742ms
Epoch: 036 | Loss: 0.0013225 | L2 loss: 0.0013109 | Lip loss: 0.0000116 | Grad norm: 0.080006 | Time: 14s839ms
Epoch: 036 | Test Loss: 0.0013188 | Time: 728ms
Epoch: 037 | Loss: 0.0013148 | L2 loss: 0.0013033 | Lip loss: 0.0000116 | Grad norm: 0.077950 | Time: 13s889ms
Epoch: 037 | Test Loss: 0.0013188 | Time: 740ms
Epoch: 038 | Loss: 0.0013152 | L2 loss: 0.0013036 | Lip loss: 0.0000116 | Grad norm: 0.081600 | Time: 14s325ms
Epoch: 038 | Test Loss: 0.0013188 | Time: 739ms
Epoch: 039 | Loss: 0.0013162 | L2 loss: 0.0013046 | Lip loss: 0.0000116 | Grad norm: 0.083032 | Time: 14s526ms
Epoch: 039 | Test Loss: 0.0013188 | Time: 796ms
Epoch: 040 | Loss: 0.0013157 | L2 loss: 0.0013041 | Lip loss: 0.0000116 | Grad norm: 0.079029 | Time: 14s234ms
Epoch: 040 | Test Loss: 0.0013188 | Time: 738ms
Total time: 10m3s
==> Saving trained model weights...
==> Input bias to be applied to the neural network (trained):
[0. 0.]
==> Input transform to be applied to the neural network (trained):
[1. 1.]
==> Output transform to be applied to the neural network (trained):
[1. 1.]
==> Saving training info...
==> Drawing training loss...
==> Drawing grad norm...
==> Drawing testing loss...
==> Drawing l2 loss...
==> Drawing lip loss...
==> Process finished.
