==> torch device:  cuda:1
==> Test-Train split: test_ratio = 0.20
==> Test-Train split seed:  None
==> Further split: further_train_ratio = 0.25
==> Further split seed:  None
==> Input bias to be applied to the neural network:
[0. 0.]
==> Input transform to be applied to the neural network:
[0.51668906 0.51668906]
==> Ouput transform to be applied to the neural network:
[3.8759 3.8759]
==> Evaluating model...
==========================================================================================
Layer (type:depth-idx)                   Output Shape              Param #
==========================================================================================
NeuralNetwork                            [1, 2]                    6
├─Sequential: 1-1                        [1, 2]                    --
│    └─Linear: 2-1                       [1, 64]                   192
│    └─ReLU: 2-2                         [1, 64]                   --
│    └─Linear: 2-3                       [1, 64]                   4,160
│    └─ReLU: 2-4                         [1, 64]                   --
│    └─Linear: 2-5                       [1, 64]                   4,160
│    └─ReLU: 2-6                         [1, 64]                   --
│    └─Linear: 2-7                       [1, 64]                   4,160
│    └─ReLU: 2-8                         [1, 64]                   --
│    └─Linear: 2-9                       [1, 64]                   4,160
│    └─ReLU: 2-10                        [1, 64]                   --
│    └─Linear: 2-11                      [1, 64]                   4,160
│    └─ReLU: 2-12                        [1, 64]                   --
│    └─Linear: 2-13                      [1, 64]                   4,160
│    └─ReLU: 2-14                        [1, 64]                   --
│    └─Linear: 2-15                      [1, 2]                    130
├─Sequential: 1-2                        [1, 2]                    (recursive)
│    └─Linear: 2-16                      [1, 64]                   (recursive)
│    └─ReLU: 2-17                        [1, 64]                   --
│    └─Linear: 2-18                      [1, 64]                   (recursive)
│    └─ReLU: 2-19                        [1, 64]                   --
│    └─Linear: 2-20                      [1, 64]                   (recursive)
│    └─ReLU: 2-21                        [1, 64]                   --
│    └─Linear: 2-22                      [1, 64]                   (recursive)
│    └─ReLU: 2-23                        [1, 64]                   --
│    └─Linear: 2-24                      [1, 64]                   (recursive)
│    └─ReLU: 2-25                        [1, 64]                   --
│    └─Linear: 2-26                      [1, 64]                   (recursive)
│    └─ReLU: 2-27                        [1, 64]                   --
│    └─Linear: 2-28                      [1, 64]                   (recursive)
│    └─ReLU: 2-29                        [1, 64]                   --
│    └─Linear: 2-30                      [1, 2]                    (recursive)
==========================================================================================
Total params: 25,288
Trainable params: 25,282
Non-trainable params: 6
Total mult-adds (Units.MEGABYTES): 0.05
==========================================================================================
Input size (MB): 0.00
Forward/backward pass size (MB): 0.01
Params size (MB): 0.10
Estimated Total Size (MB): 0.11
==========================================================================================
==> Saving initial model weights...
==> Start training...
==> Number of param_groups in optimizer: 1
Epoch: 001 | Train Loss: 29.9177607 | Grad norm: 0.734168 | Time: 1s276ms
Epoch: 001 | Test Loss: 29.8282871 | Time: 456ms
==> Save the model at epoch 001 with test loss 29.8282871
Epoch: 002 | Train Loss: 7.4871411 | Grad norm: 13.264093 | Time: 995ms
Epoch: 002 | Test Loss: 0.0447336 | Time: 465ms
==> Save the model at epoch 002 with test loss 0.0447336
Epoch: 003 | Train Loss: 0.0797949 | Grad norm: 5.647188 | Time: 1s79ms
Epoch: 003 | Test Loss: 0.0337734 | Time: 511ms
==> Save the model at epoch 003 with test loss 0.0337734
Epoch: 004 | Train Loss: 0.0830917 | Grad norm: 5.305911 | Time: 947ms
Epoch: 004 | Test Loss: 0.2390217 | Time: 513ms
Epoch: 005 | Train Loss: 0.1247050 | Grad norm: 6.687376 | Time: 1s123ms
Epoch: 005 | Test Loss: 0.1183864 | Time: 444ms
Epoch: 006 | Train Loss: 0.2218689 | Grad norm: 8.821986 | Time: 958ms
Epoch: 006 | Test Loss: 0.0931360 | Time: 446ms
Epoch: 007 | Train Loss: 0.2064833 | Grad norm: 9.186370 | Time: 1s13ms
Epoch: 007 | Test Loss: 0.1702400 | Time: 508ms
Epoch: 008 | Train Loss: 0.1748020 | Grad norm: 8.411476 | Time: 1s4ms
Epoch: 008 | Test Loss: 0.2583921 | Time: 470ms
Epoch: 009 | Train Loss: 0.1776534 | Grad norm: 8.188933 | Time: 1s29ms
Epoch: 009 | Test Loss: 0.1346608 | Time: 439ms
Epoch: 010 | Train Loss: 0.2118266 | Grad norm: 9.651797 | Time: 1s51ms
Epoch: 010 | Test Loss: 0.0442525 | Time: 470ms
Epoch: 011 | Train Loss: 0.1267307 | Grad norm: 7.356583 | Time: 1s84ms
Epoch: 011 | Test Loss: 0.2086730 | Time: 510ms
Epoch: 012 | Train Loss: 0.1570513 | Grad norm: 7.774431 | Time: 944ms
Epoch: 012 | Test Loss: 0.0882007 | Time: 440ms
Epoch: 013 | Train Loss: 0.0750518 | Grad norm: 5.765749 | Time: 1s52ms
Epoch: 013 | Test Loss: 0.1163361 | Time: 452ms
Epoch: 014 | Train Loss: 0.1447341 | Grad norm: 7.480358 | Time: 1s86ms
Epoch: 014 | Test Loss: 0.0409845 | Time: 480ms
Epoch: 015 | Train Loss: 0.0569190 | Grad norm: 5.062011 | Time: 1s84ms
Epoch: 015 | Test Loss: 0.0171261 | Time: 583ms
==> Save the model at epoch 015 with test loss 0.0171261
Epoch: 016 | Train Loss: 0.0893659 | Grad norm: 6.034535 | Time: 1s33ms
Epoch: 016 | Test Loss: 0.0990797 | Time: 465ms
Epoch: 017 | Train Loss: 0.0782928 | Grad norm: 5.979813 | Time: 975ms
Epoch: 017 | Test Loss: 0.0805330 | Time: 442ms
Epoch: 018 | Train Loss: 0.0584602 | Grad norm: 5.003589 | Time: 1s41ms
Epoch: 018 | Test Loss: 0.0717354 | Time: 439ms
Epoch: 019 | Train Loss: 0.0691891 | Grad norm: 5.432144 | Time: 1s22ms
Epoch: 019 | Test Loss: 0.0453164 | Time: 527ms
Epoch: 020 | Train Loss: 0.0324933 | Grad norm: 3.879890 | Time: 1s10ms
Epoch: 020 | Test Loss: 0.0432998 | Time: 443ms
Epoch: 021 | Train Loss: 0.0383200 | Grad norm: 4.045689 | Time: 1s32ms
Epoch: 021 | Test Loss: 0.0747321 | Time: 440ms
Epoch: 022 | Train Loss: 0.0317750 | Grad norm: 3.701215 | Time: 1s33ms
Epoch: 022 | Test Loss: 0.0097006 | Time: 446ms
==> Save the model at epoch 022 with test loss 0.0097006
Epoch: 023 | Train Loss: 0.0522094 | Grad norm: 4.087200 | Time: 1s64ms
Epoch: 023 | Test Loss: 0.0057895 | Time: 525ms
==> Save the model at epoch 023 with test loss 0.0057895
Epoch: 024 | Train Loss: 0.0349452 | Grad norm: 3.798637 | Time: 1s21ms
Epoch: 024 | Test Loss: 0.0311867 | Time: 444ms
Epoch: 025 | Train Loss: 0.0229805 | Grad norm: 3.003583 | Time: 973ms
Epoch: 025 | Test Loss: 0.0183349 | Time: 440ms
Epoch: 026 | Train Loss: 0.0123723 | Grad norm: 2.275948 | Time: 1s9ms
Epoch: 026 | Test Loss: 0.0203637 | Time: 462ms
Epoch: 027 | Train Loss: 0.0234582 | Grad norm: 3.108037 | Time: 1s30ms
Epoch: 027 | Test Loss: 0.0089683 | Time: 507ms
Epoch: 028 | Train Loss: 0.0137681 | Grad norm: 2.363647 | Time: 1s76ms
Epoch: 028 | Test Loss: 0.0147683 | Time: 446ms
Epoch: 029 | Train Loss: 0.0059029 | Grad norm: 1.437362 | Time: 1s16ms
Epoch: 029 | Test Loss: 0.0079383 | Time: 442ms
Epoch: 030 | Train Loss: 0.0040210 | Grad norm: 1.150251 | Time: 979ms
Epoch: 030 | Test Loss: 0.0064299 | Time: 456ms
Epoch: 031 | Train Loss: 0.0020900 | Grad norm: 0.626798 | Time: 1s46ms
Epoch: 031 | Test Loss: 0.0022341 | Time: 515ms
==> Save the model at epoch 031 with test loss 0.0022341
Epoch: 032 | Train Loss: 0.0021894 | Grad norm: 0.680416 | Time: 1s92ms
Epoch: 032 | Test Loss: 0.0025953 | Time: 463ms
Epoch: 033 | Train Loss: 0.0017386 | Grad norm: 0.471204 | Time: 1s14ms
Epoch: 033 | Test Loss: 0.0022801 | Time: 440ms
Epoch: 034 | Train Loss: 0.0014723 | Grad norm: 0.325691 | Time: 1s25ms
Epoch: 034 | Test Loss: 0.0020109 | Time: 456ms
==> Save the model at epoch 034 with test loss 0.0020109
Epoch: 035 | Train Loss: 0.0013329 | Grad norm: 0.319411 | Time: 1s138ms
Epoch: 035 | Test Loss: 0.0020540 | Time: 511ms
Epoch: 036 | Train Loss: 0.0013123 | Grad norm: 0.268162 | Time: 986ms
Epoch: 036 | Test Loss: 0.0022400 | Time: 455ms
Epoch: 037 | Train Loss: 0.0013197 | Grad norm: 0.212176 | Time: 969ms
Epoch: 037 | Test Loss: 0.0021011 | Time: 439ms
Epoch: 038 | Train Loss: 0.0013170 | Grad norm: 0.180746 | Time: 977ms
Epoch: 038 | Test Loss: 0.0020140 | Time: 454ms
Epoch: 039 | Train Loss: 0.0011947 | Grad norm: 0.148748 | Time: 996ms
Epoch: 039 | Test Loss: 0.0020643 | Time: 511ms
Epoch: 040 | Train Loss: 0.0012081 | Grad norm: 0.122887 | Time: 1s60ms
Epoch: 040 | Test Loss: 0.0020363 | Time: 442ms
Total time: 1m199ms
==> Saving trained model weights...
==> Input bias to be applied to the neural network (trained):
[0. 0.]
==> Input transform to be applied to the neural network (trained):
[0.51668906 0.51668906]
==> Output transform to be applied to the neural network (trained):
[3.8759 3.8759]
==> Saving training info...
==> Drawing training loss...
==> Drawing grad norm...
==> Drawing testing loss...
==> Process finished.
