==> torch device:  cuda:3
==> Test-Train split: test_ratio = 0.20
==> Test-Train split seed:  None
==> Further split: further_train_ratio = 0.25
==> Further split seed:  None
==> Input bias to be applied to the neural network:
[0. 0.]
==> Input transform to be applied to the neural network:
[0.496845   0.52004784]
==> Ouput transform to be applied to the neural network:
[1.9242 2.0182]
==> Evaluating model...
==========================================================================================
Layer (type:depth-idx)                   Output Shape              Param #
==========================================================================================
NeuralNetwork                            [1, 2]                    6
├─Sequential: 1-1                        [1, 2]                    --
│    └─Linear: 2-1                       [1, 64]                   192
│    └─ReLU: 2-2                         [1, 64]                   --
│    └─Linear: 2-3                       [1, 64]                   4,160
│    └─ReLU: 2-4                         [1, 64]                   --
│    └─Linear: 2-5                       [1, 64]                   4,160
│    └─ReLU: 2-6                         [1, 64]                   --
│    └─Linear: 2-7                       [1, 64]                   4,160
│    └─ReLU: 2-8                         [1, 64]                   --
│    └─Linear: 2-9                       [1, 64]                   4,160
│    └─ReLU: 2-10                        [1, 64]                   --
│    └─Linear: 2-11                      [1, 64]                   4,160
│    └─ReLU: 2-12                        [1, 64]                   --
│    └─Linear: 2-13                      [1, 64]                   4,160
│    └─ReLU: 2-14                        [1, 64]                   --
│    └─Linear: 2-15                      [1, 2]                    130
├─Sequential: 1-2                        [1, 2]                    (recursive)
│    └─Linear: 2-16                      [1, 64]                   (recursive)
│    └─ReLU: 2-17                        [1, 64]                   --
│    └─Linear: 2-18                      [1, 64]                   (recursive)
│    └─ReLU: 2-19                        [1, 64]                   --
│    └─Linear: 2-20                      [1, 64]                   (recursive)
│    └─ReLU: 2-21                        [1, 64]                   --
│    └─Linear: 2-22                      [1, 64]                   (recursive)
│    └─ReLU: 2-23                        [1, 64]                   --
│    └─Linear: 2-24                      [1, 64]                   (recursive)
│    └─ReLU: 2-25                        [1, 64]                   --
│    └─Linear: 2-26                      [1, 64]                   (recursive)
│    └─ReLU: 2-27                        [1, 64]                   --
│    └─Linear: 2-28                      [1, 64]                   (recursive)
│    └─ReLU: 2-29                        [1, 64]                   --
│    └─Linear: 2-30                      [1, 2]                    (recursive)
==========================================================================================
Total params: 25,288
Trainable params: 25,282
Non-trainable params: 6
Total mult-adds (Units.MEGABYTES): 0.05
==========================================================================================
Input size (MB): 0.00
Forward/backward pass size (MB): 0.01
Params size (MB): 0.10
Estimated Total Size (MB): 0.11
==========================================================================================
==> Saving initial model weights...
==> Start training...
==> Number of param_groups in optimizer: 1
Epoch: 001 | Train Loss: 7.8107234 | Grad norm: 0.246443 | Time: 1s207ms
Epoch: 001 | Test Loss: 7.7327431 | Time: 445ms
==> Save the model at epoch 001 with test loss 7.7327431
Epoch: 002 | Train Loss: 7.2622103 | Grad norm: 1.608676 | Time: 976ms
Epoch: 002 | Test Loss: 5.6702874 | Time: 441ms
==> Save the model at epoch 002 with test loss 5.6702874
Epoch: 003 | Train Loss: 1.2420309 | Grad norm: 3.203220 | Time: 995ms
Epoch: 003 | Test Loss: 0.1561318 | Time: 514ms
==> Save the model at epoch 003 with test loss 0.1561318
Epoch: 004 | Train Loss: 0.1161295 | Grad norm: 1.641393 | Time: 1s111ms
Epoch: 004 | Test Loss: 0.0632579 | Time: 443ms
==> Save the model at epoch 004 with test loss 0.0632579
Epoch: 005 | Train Loss: 0.0522727 | Grad norm: 1.861638 | Time: 1s49ms
Epoch: 005 | Test Loss: 0.0365633 | Time: 445ms
==> Save the model at epoch 005 with test loss 0.0365633
Epoch: 006 | Train Loss: 0.0363246 | Grad norm: 2.376635 | Time: 997ms
Epoch: 006 | Test Loss: 0.0236683 | Time: 441ms
==> Save the model at epoch 006 with test loss 0.0236683
Epoch: 007 | Train Loss: 0.0268178 | Grad norm: 2.163983 | Time: 989ms
Epoch: 007 | Test Loss: 0.0167639 | Time: 511ms
==> Save the model at epoch 007 with test loss 0.0167639
Epoch: 008 | Train Loss: 0.0248824 | Grad norm: 2.515648 | Time: 931ms
Epoch: 008 | Test Loss: 0.0170099 | Time: 441ms
Epoch: 009 | Train Loss: 0.0188123 | Grad norm: 1.987929 | Time: 991ms
Epoch: 009 | Test Loss: 0.0200498 | Time: 448ms
Epoch: 010 | Train Loss: 0.0223307 | Grad norm: 2.374342 | Time: 1s26ms
Epoch: 010 | Test Loss: 0.0141641 | Time: 465ms
==> Save the model at epoch 010 with test loss 0.0141641
Epoch: 011 | Train Loss: 0.0202916 | Grad norm: 2.126072 | Time: 941ms
Epoch: 011 | Test Loss: 0.0160238 | Time: 530ms
Epoch: 012 | Train Loss: 0.0176420 | Grad norm: 1.832205 | Time: 1s54ms
Epoch: 012 | Test Loss: 0.0118242 | Time: 446ms
==> Save the model at epoch 012 with test loss 0.0118242
Epoch: 013 | Train Loss: 0.0132215 | Grad norm: 1.366167 | Time: 953ms
Epoch: 013 | Test Loss: 0.0161978 | Time: 442ms
Epoch: 014 | Train Loss: 0.0140613 | Grad norm: 1.433708 | Time: 917ms
Epoch: 014 | Test Loss: 0.0094093 | Time: 442ms
==> Save the model at epoch 014 with test loss 0.0094093
Epoch: 015 | Train Loss: 0.0120898 | Grad norm: 1.231921 | Time: 933ms
Epoch: 015 | Test Loss: 0.0136150 | Time: 513ms
Epoch: 016 | Train Loss: 0.0116069 | Grad norm: 1.109111 | Time: 963ms
Epoch: 016 | Test Loss: 0.0092329 | Time: 443ms
==> Save the model at epoch 016 with test loss 0.0092329
Epoch: 017 | Train Loss: 0.0117405 | Grad norm: 1.264390 | Time: 1s90ms
Epoch: 017 | Test Loss: 0.0111140 | Time: 444ms
Epoch: 018 | Train Loss: 0.0105324 | Grad norm: 1.007045 | Time: 987ms
Epoch: 018 | Test Loss: 0.0094558 | Time: 441ms
Epoch: 019 | Train Loss: 0.0106003 | Grad norm: 0.973343 | Time: 1s52ms
Epoch: 019 | Test Loss: 0.0089495 | Time: 511ms
==> Save the model at epoch 019 with test loss 0.0089495
Epoch: 020 | Train Loss: 0.0096141 | Grad norm: 0.799288 | Time: 1s35ms
Epoch: 020 | Test Loss: 0.0111965 | Time: 442ms
Epoch: 021 | Train Loss: 0.0103600 | Grad norm: 1.034964 | Time: 986ms
Epoch: 021 | Test Loss: 0.0092950 | Time: 444ms
Epoch: 022 | Train Loss: 0.0091880 | Grad norm: 0.774147 | Time: 957ms
Epoch: 022 | Test Loss: 0.0090217 | Time: 444ms
Epoch: 023 | Train Loss: 0.0101387 | Grad norm: 0.982289 | Time: 1s64ms
Epoch: 023 | Test Loss: 0.0082909 | Time: 511ms
==> Save the model at epoch 023 with test loss 0.0082909
Epoch: 024 | Train Loss: 0.0085845 | Grad norm: 0.662423 | Time: 967ms
Epoch: 024 | Test Loss: 0.0098637 | Time: 444ms
Epoch: 025 | Train Loss: 0.0086635 | Grad norm: 0.703490 | Time: 954ms
Epoch: 025 | Test Loss: 0.0084660 | Time: 441ms
Epoch: 026 | Train Loss: 0.0082456 | Grad norm: 0.576524 | Time: 951ms
Epoch: 026 | Test Loss: 0.0076730 | Time: 444ms
==> Save the model at epoch 026 with test loss 0.0076730
Epoch: 027 | Train Loss: 0.0081310 | Grad norm: 0.582813 | Time: 983ms
Epoch: 027 | Test Loss: 0.0074639 | Time: 512ms
==> Save the model at epoch 027 with test loss 0.0074639
Epoch: 028 | Train Loss: 0.0077918 | Grad norm: 0.486535 | Time: 1s10ms
Epoch: 028 | Test Loss: 0.0073384 | Time: 444ms
==> Save the model at epoch 028 with test loss 0.0073384
Epoch: 029 | Train Loss: 0.0075672 | Grad norm: 0.425624 | Time: 1s24ms
Epoch: 029 | Test Loss: 0.0084229 | Time: 442ms
Epoch: 030 | Train Loss: 0.0076753 | Grad norm: 0.468239 | Time: 992ms
Epoch: 030 | Test Loss: 0.0075306 | Time: 442ms
Epoch: 031 | Train Loss: 0.0076401 | Grad norm: 0.452830 | Time: 957ms
Epoch: 031 | Test Loss: 0.0075431 | Time: 512ms
Epoch: 032 | Train Loss: 0.0074953 | Grad norm: 0.426685 | Time: 958ms
Epoch: 032 | Test Loss: 0.0081812 | Time: 444ms
Epoch: 033 | Train Loss: 0.0073885 | Grad norm: 0.399314 | Time: 1s90ms
Epoch: 033 | Test Loss: 0.0075626 | Time: 463ms
Epoch: 034 | Train Loss: 0.0072949 | Grad norm: 0.370574 | Time: 1s40ms
Epoch: 034 | Test Loss: 0.0072117 | Time: 461ms
==> Save the model at epoch 034 with test loss 0.0072117
Epoch: 035 | Train Loss: 0.0071862 | Grad norm: 0.317520 | Time: 995ms
Epoch: 035 | Test Loss: 0.0072419 | Time: 513ms
Epoch: 036 | Train Loss: 0.0071423 | Grad norm: 0.328047 | Time: 1s78ms
Epoch: 036 | Test Loss: 0.0072403 | Time: 456ms
Epoch: 037 | Train Loss: 0.0070665 | Grad norm: 0.287794 | Time: 1s55ms
Epoch: 037 | Test Loss: 0.0071352 | Time: 444ms
==> Save the model at epoch 037 with test loss 0.0071352
Epoch: 038 | Train Loss: 0.0070303 | Grad norm: 0.261368 | Time: 1s7ms
Epoch: 038 | Test Loss: 0.0070862 | Time: 443ms
==> Save the model at epoch 038 with test loss 0.0070862
Epoch: 039 | Train Loss: 0.0069985 | Grad norm: 0.227555 | Time: 987ms
Epoch: 039 | Test Loss: 0.0071005 | Time: 510ms
Epoch: 040 | Train Loss: 0.0069658 | Grad norm: 0.226316 | Time: 1s14ms
Epoch: 040 | Test Loss: 0.0070751 | Time: 442ms
==> Save the model at epoch 040 with test loss 0.0070751
Total time: 58s849ms
==> Saving trained model weights...
==> Input bias to be applied to the neural network (trained):
[0. 0.]
==> Input transform to be applied to the neural network (trained):
[0.496845   0.52004784]
==> Output transform to be applied to the neural network (trained):
[1.9242 2.0182]
==> Saving training info...
==> Drawing training loss...
==> Drawing grad norm...
==> Drawing testing loss...
==> Process finished.
