==> torch device:  cuda:2
==> Test-Train split: test_ratio = 0.20
==> Test-Train split seed:  None
==> Further split: further_train_ratio = 0.25
==> Further split seed:  None
==> Input bias to be applied to the neural network:
[0. 0.]
==> Input transform to be applied to the neural network:
[0.48014596 0.48395684]
==> Ouput transform to be applied to the neural network:
[2.0663 2.0805]
==> Evaluating model...
==========================================================================================
Layer (type:depth-idx)                   Output Shape              Param #
==========================================================================================
NeuralNetwork                            [1, 2]                    6
├─Sequential: 1-1                        [1, 2]                    --
│    └─Linear: 2-1                       [1, 64]                   192
│    └─ReLU: 2-2                         [1, 64]                   --
│    └─Linear: 2-3                       [1, 64]                   4,160
│    └─ReLU: 2-4                         [1, 64]                   --
│    └─Linear: 2-5                       [1, 64]                   4,160
│    └─ReLU: 2-6                         [1, 64]                   --
│    └─Linear: 2-7                       [1, 64]                   4,160
│    └─ReLU: 2-8                         [1, 64]                   --
│    └─Linear: 2-9                       [1, 64]                   4,160
│    └─ReLU: 2-10                        [1, 64]                   --
│    └─Linear: 2-11                      [1, 64]                   4,160
│    └─ReLU: 2-12                        [1, 64]                   --
│    └─Linear: 2-13                      [1, 64]                   4,160
│    └─ReLU: 2-14                        [1, 64]                   --
│    └─Linear: 2-15                      [1, 2]                    130
├─Sequential: 1-2                        [1, 2]                    (recursive)
│    └─Linear: 2-16                      [1, 64]                   (recursive)
│    └─ReLU: 2-17                        [1, 64]                   --
│    └─Linear: 2-18                      [1, 64]                   (recursive)
│    └─ReLU: 2-19                        [1, 64]                   --
│    └─Linear: 2-20                      [1, 64]                   (recursive)
│    └─ReLU: 2-21                        [1, 64]                   --
│    └─Linear: 2-22                      [1, 64]                   (recursive)
│    └─ReLU: 2-23                        [1, 64]                   --
│    └─Linear: 2-24                      [1, 64]                   (recursive)
│    └─ReLU: 2-25                        [1, 64]                   --
│    └─Linear: 2-26                      [1, 64]                   (recursive)
│    └─ReLU: 2-27                        [1, 64]                   --
│    └─Linear: 2-28                      [1, 64]                   (recursive)
│    └─ReLU: 2-29                        [1, 64]                   --
│    └─Linear: 2-30                      [1, 2]                    (recursive)
==========================================================================================
Total params: 25,288
Trainable params: 25,282
Non-trainable params: 6
Total mult-adds (Units.MEGABYTES): 0.05
==========================================================================================
Input size (MB): 0.00
Forward/backward pass size (MB): 0.01
Params size (MB): 0.10
Estimated Total Size (MB): 0.11
==========================================================================================
==> Saving initial model weights...
==> Start training...
==> Number of param_groups in optimizer: 1
Epoch: 001 | Train Loss: 8.6007759 | Grad norm: 0.349652 | Time: 1s855ms
Epoch: 001 | Test Loss: 8.6200098 | Time: 755ms
==> Save the model at epoch 001 with test loss 8.6200098
Epoch: 002 | Train Loss: 5.7296103 | Grad norm: 3.592306 | Time: 1s767ms
Epoch: 002 | Test Loss: 0.1201121 | Time: 833ms
==> Save the model at epoch 002 with test loss 0.1201121
Epoch: 003 | Train Loss: 0.0160671 | Grad norm: 0.384859 | Time: 1s629ms
Epoch: 003 | Test Loss: 0.0034562 | Time: 819ms
==> Save the model at epoch 003 with test loss 0.0034562
Epoch: 004 | Train Loss: 0.0023877 | Grad norm: 0.217680 | Time: 1s714ms
Epoch: 004 | Test Loss: 0.0018829 | Time: 765ms
==> Save the model at epoch 004 with test loss 0.0018829
Epoch: 005 | Train Loss: 0.0015673 | Grad norm: 0.206108 | Time: 1s814ms
Epoch: 005 | Test Loss: 0.0013795 | Time: 758ms
==> Save the model at epoch 005 with test loss 0.0013795
Epoch: 006 | Train Loss: 0.0014169 | Grad norm: 0.264518 | Time: 1s669ms
Epoch: 006 | Test Loss: 0.0027632 | Time: 770ms
Epoch: 007 | Train Loss: 0.0016041 | Grad norm: 0.334989 | Time: 1s846ms
Epoch: 007 | Test Loss: 0.0012283 | Time: 936ms
==> Save the model at epoch 007 with test loss 0.0012283
Epoch: 008 | Train Loss: 0.0014478 | Grad norm: 0.314646 | Time: 1s786ms
Epoch: 008 | Test Loss: 0.0022666 | Time: 849ms
Epoch: 009 | Train Loss: 0.0018502 | Grad norm: 0.396696 | Time: 1s820ms
Epoch: 009 | Test Loss: 0.0010337 | Time: 849ms
==> Save the model at epoch 009 with test loss 0.0010337
Epoch: 010 | Train Loss: 0.0012405 | Grad norm: 0.278348 | Time: 1s709ms
Epoch: 010 | Test Loss: 0.0016677 | Time: 777ms
Epoch: 011 | Train Loss: 0.0011257 | Grad norm: 0.246780 | Time: 1s720ms
Epoch: 011 | Test Loss: 0.0037605 | Time: 768ms
Epoch: 012 | Train Loss: 0.0014544 | Grad norm: 0.333105 | Time: 1s838ms
Epoch: 012 | Test Loss: 0.0014649 | Time: 779ms
Epoch: 013 | Train Loss: 0.0011102 | Grad norm: 0.245948 | Time: 1s715ms
Epoch: 013 | Test Loss: 0.0009968 | Time: 757ms
==> Save the model at epoch 013 with test loss 0.0009968
Epoch: 014 | Train Loss: 0.0009804 | Grad norm: 0.209132 | Time: 1s609ms
Epoch: 014 | Test Loss: 0.0021557 | Time: 834ms
Epoch: 015 | Train Loss: 0.0011507 | Grad norm: 0.256369 | Time: 1s609ms
Epoch: 015 | Test Loss: 0.0008841 | Time: 790ms
==> Save the model at epoch 015 with test loss 0.0008841
Epoch: 016 | Train Loss: 0.0009130 | Grad norm: 0.184326 | Time: 1s586ms
Epoch: 016 | Test Loss: 0.0011845 | Time: 756ms
Epoch: 017 | Train Loss: 0.0011302 | Grad norm: 0.261444 | Time: 1s664ms
Epoch: 017 | Test Loss: 0.0012924 | Time: 782ms
Epoch: 018 | Train Loss: 0.0009684 | Grad norm: 0.200930 | Time: 1s563ms
Epoch: 018 | Test Loss: 0.0024383 | Time: 760ms
Epoch: 019 | Train Loss: 0.0009689 | Grad norm: 0.199712 | Time: 1s748ms
Epoch: 019 | Test Loss: 0.0009123 | Time: 829ms
Epoch: 020 | Train Loss: 0.0010537 | Grad norm: 0.223103 | Time: 1s622ms
Epoch: 020 | Test Loss: 0.0012904 | Time: 769ms
Epoch: 021 | Train Loss: 0.0009567 | Grad norm: 0.199818 | Time: 1s651ms
Epoch: 021 | Test Loss: 0.0008774 | Time: 849ms
==> Save the model at epoch 021 with test loss 0.0008774
Epoch: 022 | Train Loss: 0.0008481 | Grad norm: 0.169615 | Time: 1s677ms
Epoch: 022 | Test Loss: 0.0017324 | Time: 765ms
Epoch: 023 | Train Loss: 0.0008167 | Grad norm: 0.150390 | Time: 1s615ms
Epoch: 023 | Test Loss: 0.0008916 | Time: 756ms
Epoch: 024 | Train Loss: 0.0007565 | Grad norm: 0.130286 | Time: 1s737ms
Epoch: 024 | Test Loss: 0.0009608 | Time: 756ms
Epoch: 025 | Train Loss: 0.0008048 | Grad norm: 0.154257 | Time: 1s663ms
Epoch: 025 | Test Loss: 0.0008511 | Time: 757ms
==> Save the model at epoch 025 with test loss 0.0008511
Epoch: 026 | Train Loss: 0.0007797 | Grad norm: 0.148613 | Time: 1s679ms
Epoch: 026 | Test Loss: 0.0009427 | Time: 843ms
Epoch: 027 | Train Loss: 0.0007402 | Grad norm: 0.123495 | Time: 1s722ms
Epoch: 027 | Test Loss: 0.0008696 | Time: 786ms
Epoch: 028 | Train Loss: 0.0007248 | Grad norm: 0.115267 | Time: 1s666ms
Epoch: 028 | Test Loss: 0.0007742 | Time: 756ms
==> Save the model at epoch 028 with test loss 0.0007742
Epoch: 029 | Train Loss: 0.0007108 | Grad norm: 0.110366 | Time: 1s879ms
Epoch: 029 | Test Loss: 0.0009421 | Time: 761ms
Epoch: 030 | Train Loss: 0.0007190 | Grad norm: 0.119704 | Time: 1s548ms
Epoch: 030 | Test Loss: 0.0006804 | Time: 779ms
==> Save the model at epoch 030 with test loss 0.0006804
Epoch: 031 | Train Loss: 0.0006733 | Grad norm: 0.086742 | Time: 1s769ms
Epoch: 031 | Test Loss: 0.0006940 | Time: 769ms
Epoch: 032 | Train Loss: 0.0006756 | Grad norm: 0.090224 | Time: 1s639ms
Epoch: 032 | Test Loss: 0.0006717 | Time: 755ms
==> Save the model at epoch 032 with test loss 0.0006717
Epoch: 033 | Train Loss: 0.0006576 | Grad norm: 0.076922 | Time: 1s581ms
Epoch: 033 | Test Loss: 0.0007407 | Time: 827ms
Epoch: 034 | Train Loss: 0.0006508 | Grad norm: 0.071409 | Time: 1s766ms
Epoch: 034 | Test Loss: 0.0006546 | Time: 827ms
==> Save the model at epoch 034 with test loss 0.0006546
Epoch: 035 | Train Loss: 0.0006455 | Grad norm: 0.067728 | Time: 1s699ms
Epoch: 035 | Test Loss: 0.0006535 | Time: 775ms
==> Save the model at epoch 035 with test loss 0.0006535
Epoch: 036 | Train Loss: 0.0006331 | Grad norm: 0.056518 | Time: 1s874ms
Epoch: 036 | Test Loss: 0.0006663 | Time: 760ms
Epoch: 037 | Train Loss: 0.0006309 | Grad norm: 0.053556 | Time: 1s751ms
Epoch: 037 | Test Loss: 0.0006723 | Time: 758ms
Epoch: 038 | Train Loss: 0.0006258 | Grad norm: 0.048997 | Time: 1s775ms
Epoch: 038 | Test Loss: 0.0006453 | Time: 839ms
==> Save the model at epoch 038 with test loss 0.0006453
Epoch: 039 | Train Loss: 0.0006194 | Grad norm: 0.042848 | Time: 1s713ms
Epoch: 039 | Test Loss: 0.0006406 | Time: 774ms
==> Save the model at epoch 039 with test loss 0.0006406
Epoch: 040 | Train Loss: 0.0006158 | Grad norm: 0.035470 | Time: 1s670ms
Epoch: 040 | Test Loss: 0.0006394 | Time: 827ms
==> Save the model at epoch 040 with test loss 0.0006394
Total time: 1m40s
==> Saving trained model weights...
==> Input bias to be applied to the neural network (trained):
[0. 0.]
==> Input transform to be applied to the neural network (trained):
[0.48014596 0.48395684]
==> Output transform to be applied to the neural network (trained):
[2.0663 2.0805]
==> Saving training info...
==> Drawing training loss...
==> Drawing grad norm...
==> Drawing testing loss...
==> Process finished.
