==> torch device:  cuda:3
==> Test-Train split: test_ratio = 0.20
==> Test-Train split seed:  None
==> Further split: further_train_ratio = 0.25
==> Further split seed:  None
==> Input bias to be applied to the neural network:
[0. 0.]
==> Input transform to be applied to the neural network:
[0.5090095 0.5090095]
==> Ouput transform to be applied to the neural network:
[3.9366 3.9363]
==> Evaluating model...
==========================================================================================
Layer (type:depth-idx)                   Output Shape              Param #
==========================================================================================
NeuralNetwork                            [1, 2]                    6
├─Sequential: 1-1                        [1, 2]                    --
│    └─Linear: 2-1                       [1, 64]                   192
│    └─ReLU: 2-2                         [1, 64]                   --
│    └─Linear: 2-3                       [1, 64]                   4,160
│    └─ReLU: 2-4                         [1, 64]                   --
│    └─Linear: 2-5                       [1, 64]                   4,160
│    └─ReLU: 2-6                         [1, 64]                   --
│    └─Linear: 2-7                       [1, 64]                   4,160
│    └─ReLU: 2-8                         [1, 64]                   --
│    └─Linear: 2-9                       [1, 64]                   4,160
│    └─ReLU: 2-10                        [1, 64]                   --
│    └─Linear: 2-11                      [1, 64]                   4,160
│    └─ReLU: 2-12                        [1, 64]                   --
│    └─Linear: 2-13                      [1, 64]                   4,160
│    └─ReLU: 2-14                        [1, 64]                   --
│    └─Linear: 2-15                      [1, 2]                    130
├─Sequential: 1-2                        [1, 2]                    (recursive)
│    └─Linear: 2-16                      [1, 64]                   (recursive)
│    └─ReLU: 2-17                        [1, 64]                   --
│    └─Linear: 2-18                      [1, 64]                   (recursive)
│    └─ReLU: 2-19                        [1, 64]                   --
│    └─Linear: 2-20                      [1, 64]                   (recursive)
│    └─ReLU: 2-21                        [1, 64]                   --
│    └─Linear: 2-22                      [1, 64]                   (recursive)
│    └─ReLU: 2-23                        [1, 64]                   --
│    └─Linear: 2-24                      [1, 64]                   (recursive)
│    └─ReLU: 2-25                        [1, 64]                   --
│    └─Linear: 2-26                      [1, 64]                   (recursive)
│    └─ReLU: 2-27                        [1, 64]                   --
│    └─Linear: 2-28                      [1, 64]                   (recursive)
│    └─ReLU: 2-29                        [1, 64]                   --
│    └─Linear: 2-30                      [1, 2]                    (recursive)
==========================================================================================
Total params: 25,288
Trainable params: 25,282
Non-trainable params: 6
Total mult-adds (Units.MEGABYTES): 0.05
==========================================================================================
Input size (MB): 0.00
Forward/backward pass size (MB): 0.01
Params size (MB): 0.10
Estimated Total Size (MB): 0.11
==========================================================================================
==> Saving initial model weights...
==> Start training...
==> Number of param_groups in optimizer: 1
Epoch: 001 | Train Loss: 31.2759065 | Grad norm: 0.926050 | Time: 1s300ms
Epoch: 001 | Test Loss: 30.8013689 | Time: 461ms
==> Save the model at epoch 001 with test loss 30.8013689
Epoch: 002 | Train Loss: 15.1117337 | Grad norm: 10.447474 | Time: 1s55ms
Epoch: 002 | Test Loss: 0.3017190 | Time: 451ms
==> Save the model at epoch 002 with test loss 0.3017190
Epoch: 003 | Train Loss: 0.1866236 | Grad norm: 5.117095 | Time: 1s80ms
Epoch: 003 | Test Loss: 0.3042290 | Time: 515ms
Epoch: 004 | Train Loss: 0.2184134 | Grad norm: 6.285721 | Time: 1s12ms
Epoch: 004 | Test Loss: 0.2913400 | Time: 434ms
==> Save the model at epoch 004 with test loss 0.2913400
Epoch: 005 | Train Loss: 0.1903025 | Grad norm: 5.694169 | Time: 1s171ms
Epoch: 005 | Test Loss: 0.1757874 | Time: 453ms
==> Save the model at epoch 005 with test loss 0.1757874
Epoch: 006 | Train Loss: 0.3045384 | Grad norm: 7.328531 | Time: 1s58ms
Epoch: 006 | Test Loss: 0.3026830 | Time: 435ms
Epoch: 007 | Train Loss: 0.4516597 | Grad norm: 9.310921 | Time: 1s70ms
Epoch: 007 | Test Loss: 0.4019170 | Time: 523ms
Epoch: 008 | Train Loss: 0.4755212 | Grad norm: 9.592026 | Time: 1s5ms
Epoch: 008 | Test Loss: 0.4056758 | Time: 451ms
Epoch: 009 | Train Loss: 0.4807320 | Grad norm: 9.517387 | Time: 1s35ms
Epoch: 009 | Test Loss: 0.5413852 | Time: 438ms
Epoch: 010 | Train Loss: 0.5186314 | Grad norm: 10.046270 | Time: 999ms
Epoch: 010 | Test Loss: 0.4889174 | Time: 447ms
Epoch: 011 | Train Loss: 0.4880245 | Grad norm: 9.477111 | Time: 1s24ms
Epoch: 011 | Test Loss: 0.2602944 | Time: 510ms
Epoch: 012 | Train Loss: 0.4167017 | Grad norm: 8.486161 | Time: 971ms
Epoch: 012 | Test Loss: 0.2232313 | Time: 432ms
Epoch: 013 | Train Loss: 0.3845339 | Grad norm: 8.441722 | Time: 1s84ms
Epoch: 013 | Test Loss: 0.2716677 | Time: 454ms
Epoch: 014 | Train Loss: 0.3402424 | Grad norm: 7.676043 | Time: 987ms
Epoch: 014 | Test Loss: 0.4938226 | Time: 433ms
Epoch: 015 | Train Loss: 0.3476528 | Grad norm: 7.710702 | Time: 1s12ms
Epoch: 015 | Test Loss: 0.3764364 | Time: 501ms
Epoch: 016 | Train Loss: 0.2906034 | Grad norm: 6.907231 | Time: 982ms
Epoch: 016 | Test Loss: 0.2379266 | Time: 431ms
Epoch: 017 | Train Loss: 0.3077356 | Grad norm: 7.302436 | Time: 941ms
Epoch: 017 | Test Loss: 0.3310530 | Time: 435ms
Epoch: 018 | Train Loss: 0.2723178 | Grad norm: 6.650762 | Time: 1s13ms
Epoch: 018 | Test Loss: 0.4816413 | Time: 434ms
Epoch: 019 | Train Loss: 0.2437757 | Grad norm: 6.242699 | Time: 1s39ms
Epoch: 019 | Test Loss: 0.1715564 | Time: 535ms
==> Save the model at epoch 019 with test loss 0.1715564
Epoch: 020 | Train Loss: 0.2092082 | Grad norm: 5.720749 | Time: 1s2ms
Epoch: 020 | Test Loss: 0.3156901 | Time: 433ms
Epoch: 021 | Train Loss: 0.2239408 | Grad norm: 5.911818 | Time: 999ms
Epoch: 021 | Test Loss: 0.1535396 | Time: 436ms
==> Save the model at epoch 021 with test loss 0.1535396
Epoch: 022 | Train Loss: 0.1789833 | Grad norm: 5.173980 | Time: 962ms
Epoch: 022 | Test Loss: 0.0859527 | Time: 447ms
==> Save the model at epoch 022 with test loss 0.0859527
Epoch: 023 | Train Loss: 0.1316882 | Grad norm: 4.219266 | Time: 996ms
Epoch: 023 | Test Loss: 0.1806796 | Time: 501ms
Epoch: 024 | Train Loss: 0.1399909 | Grad norm: 4.393331 | Time: 980ms
Epoch: 024 | Test Loss: 0.1122558 | Time: 441ms
Epoch: 025 | Train Loss: 0.1541102 | Grad norm: 4.853889 | Time: 925ms
Epoch: 025 | Test Loss: 0.1332432 | Time: 455ms
Epoch: 026 | Train Loss: 0.1133045 | Grad norm: 3.827012 | Time: 1s63ms
Epoch: 026 | Test Loss: 0.1314856 | Time: 454ms
Epoch: 027 | Train Loss: 0.0891077 | Grad norm: 3.311688 | Time: 1s50ms
Epoch: 027 | Test Loss: 0.1403099 | Time: 520ms
Epoch: 028 | Train Loss: 0.0832863 | Grad norm: 3.192176 | Time: 1s3ms
Epoch: 028 | Test Loss: 0.1040288 | Time: 454ms
Epoch: 029 | Train Loss: 0.0583841 | Grad norm: 2.379454 | Time: 1s73ms
Epoch: 029 | Test Loss: 0.0484178 | Time: 435ms
==> Save the model at epoch 029 with test loss 0.0484178
Epoch: 030 | Train Loss: 0.0557410 | Grad norm: 2.258266 | Time: 1s28ms
Epoch: 030 | Test Loss: 0.0387912 | Time: 436ms
==> Save the model at epoch 030 with test loss 0.0387912
Epoch: 031 | Train Loss: 0.0632043 | Grad norm: 2.695415 | Time: 1s3ms
Epoch: 031 | Test Loss: 0.0759749 | Time: 512ms
Epoch: 032 | Train Loss: 0.0452590 | Grad norm: 1.960610 | Time: 1s51ms
Epoch: 032 | Test Loss: 0.0583746 | Time: 452ms
Epoch: 033 | Train Loss: 0.0429032 | Grad norm: 1.811548 | Time: 994ms
Epoch: 033 | Test Loss: 0.0437188 | Time: 433ms
Epoch: 034 | Train Loss: 0.0478639 | Grad norm: 1.994095 | Time: 973ms
Epoch: 034 | Test Loss: 0.0379176 | Time: 432ms
==> Save the model at epoch 034 with test loss 0.0379176
Epoch: 035 | Train Loss: 0.0313384 | Grad norm: 1.313853 | Time: 1s32ms
Epoch: 035 | Test Loss: 0.0343425 | Time: 521ms
==> Save the model at epoch 035 with test loss 0.0343425
Epoch: 036 | Train Loss: 0.0292988 | Grad norm: 1.036630 | Time: 959ms
Epoch: 036 | Test Loss: 0.0229979 | Time: 433ms
==> Save the model at epoch 036 with test loss 0.0229979
Epoch: 037 | Train Loss: 0.0256155 | Grad norm: 0.933356 | Time: 1s14ms
Epoch: 037 | Test Loss: 0.0252860 | Time: 448ms
Epoch: 038 | Train Loss: 0.0243731 | Grad norm: 0.843105 | Time: 996ms
Epoch: 038 | Test Loss: 0.0232642 | Time: 434ms
Epoch: 039 | Train Loss: 0.0232439 | Grad norm: 0.692547 | Time: 988ms
Epoch: 039 | Test Loss: 0.0230951 | Time: 526ms
Epoch: 040 | Train Loss: 0.0226745 | Grad norm: 0.624858 | Time: 1s39ms
Epoch: 040 | Test Loss: 0.0232579 | Time: 511ms
Total time: 59s514ms
==> Saving trained model weights...
==> Input bias to be applied to the neural network (trained):
[0. 0.]
==> Input transform to be applied to the neural network (trained):
[0.5090095 0.5090095]
==> Output transform to be applied to the neural network (trained):
[3.9366 3.9363]
==> Saving training info...
==> Drawing training loss...
==> Drawing grad norm...
==> Drawing testing loss...
==> Process finished.
