==> torch device:  cuda:3
==> Test-Train split: test_ratio = 0.20
==> Test-Train split seed:  None
==> Further split: further_train_ratio = 0.50
==> Further split seed:  None
==> Input bias to be applied to the neural network:
[0. 0.]
==> Input transform to be applied to the neural network:
[0.48014596 0.48395684]
==> Ouput transform to be applied to the neural network:
[2.0663 2.0805]
==> Evaluating model...
==========================================================================================
Layer (type:depth-idx)                   Output Shape              Param #
==========================================================================================
NeuralNetwork                            [1, 2]                    6
├─Sequential: 1-1                        [1, 2]                    --
│    └─Linear: 2-1                       [1, 64]                   192
│    └─ReLU: 2-2                         [1, 64]                   --
│    └─Linear: 2-3                       [1, 64]                   4,160
│    └─ReLU: 2-4                         [1, 64]                   --
│    └─Linear: 2-5                       [1, 64]                   4,160
│    └─ReLU: 2-6                         [1, 64]                   --
│    └─Linear: 2-7                       [1, 64]                   4,160
│    └─ReLU: 2-8                         [1, 64]                   --
│    └─Linear: 2-9                       [1, 64]                   4,160
│    └─ReLU: 2-10                        [1, 64]                   --
│    └─Linear: 2-11                      [1, 64]                   4,160
│    └─ReLU: 2-12                        [1, 64]                   --
│    └─Linear: 2-13                      [1, 64]                   4,160
│    └─ReLU: 2-14                        [1, 64]                   --
│    └─Linear: 2-15                      [1, 2]                    130
├─Sequential: 1-2                        [1, 2]                    (recursive)
│    └─Linear: 2-16                      [1, 64]                   (recursive)
│    └─ReLU: 2-17                        [1, 64]                   --
│    └─Linear: 2-18                      [1, 64]                   (recursive)
│    └─ReLU: 2-19                        [1, 64]                   --
│    └─Linear: 2-20                      [1, 64]                   (recursive)
│    └─ReLU: 2-21                        [1, 64]                   --
│    └─Linear: 2-22                      [1, 64]                   (recursive)
│    └─ReLU: 2-23                        [1, 64]                   --
│    └─Linear: 2-24                      [1, 64]                   (recursive)
│    └─ReLU: 2-25                        [1, 64]                   --
│    └─Linear: 2-26                      [1, 64]                   (recursive)
│    └─ReLU: 2-27                        [1, 64]                   --
│    └─Linear: 2-28                      [1, 64]                   (recursive)
│    └─ReLU: 2-29                        [1, 64]                   --
│    └─Linear: 2-30                      [1, 2]                    (recursive)
==========================================================================================
Total params: 25,288
Trainable params: 25,282
Non-trainable params: 6
Total mult-adds (Units.MEGABYTES): 0.05
==========================================================================================
Input size (MB): 0.00
Forward/backward pass size (MB): 0.01
Params size (MB): 0.10
Estimated Total Size (MB): 0.11
==========================================================================================
==> Saving initial model weights...
==> Start training...
==> Number of param_groups in optimizer: 1
Epoch: 001 | Train Loss: 8.6242758 | Grad norm: 0.314158 | Time: 3s620ms
Epoch: 001 | Test Loss: 8.5932008 | Time: 734ms
==> Save the model at epoch 001 with test loss 8.5932008
Epoch: 002 | Train Loss: 2.3794884 | Grad norm: 1.667477 | Time: 3s492ms
Epoch: 002 | Test Loss: 0.0034760 | Time: 732ms
==> Save the model at epoch 002 with test loss 0.0034760
Epoch: 003 | Train Loss: 0.0021078 | Grad norm: 0.185442 | Time: 3s157ms
Epoch: 003 | Test Loss: 0.0014308 | Time: 867ms
==> Save the model at epoch 003 with test loss 0.0014308
Epoch: 004 | Train Loss: 0.0013814 | Grad norm: 0.205063 | Time: 3s368ms
Epoch: 004 | Test Loss: 0.0011655 | Time: 739ms
==> Save the model at epoch 004 with test loss 0.0011655
Epoch: 005 | Train Loss: 0.0011984 | Grad norm: 0.232507 | Time: 3s432ms
Epoch: 005 | Test Loss: 0.0009993 | Time: 778ms
==> Save the model at epoch 005 with test loss 0.0009993
Epoch: 006 | Train Loss: 0.0012395 | Grad norm: 0.280410 | Time: 3s185ms
Epoch: 006 | Test Loss: 0.0008344 | Time: 821ms
==> Save the model at epoch 006 with test loss 0.0008344
Epoch: 007 | Train Loss: 0.0013547 | Grad norm: 0.325366 | Time: 3s318ms
Epoch: 007 | Test Loss: 0.0009583 | Time: 823ms
Epoch: 008 | Train Loss: 0.0014060 | Grad norm: 0.334949 | Time: 3s221ms
Epoch: 008 | Test Loss: 0.0012291 | Time: 727ms
Epoch: 009 | Train Loss: 0.0015652 | Grad norm: 0.366634 | Time: 3s418ms
Epoch: 009 | Test Loss: 0.0010753 | Time: 805ms
Epoch: 010 | Train Loss: 0.0013910 | Grad norm: 0.324116 | Time: 3s423ms
Epoch: 010 | Test Loss: 0.0009576 | Time: 740ms
Epoch: 011 | Train Loss: 0.0010494 | Grad norm: 0.250063 | Time: 3s393ms
Epoch: 011 | Test Loss: 0.0009474 | Time: 797ms
Epoch: 012 | Train Loss: 0.0014042 | Grad norm: 0.302762 | Time: 3s268ms
Epoch: 012 | Test Loss: 0.0009191 | Time: 743ms
Epoch: 013 | Train Loss: 0.0011703 | Grad norm: 0.273636 | Time: 3s17ms
Epoch: 013 | Test Loss: 0.0009818 | Time: 729ms
Epoch: 014 | Train Loss: 0.0011786 | Grad norm: 0.280318 | Time: 3s330ms
Epoch: 014 | Test Loss: 0.0012521 | Time: 988ms
Epoch: 015 | Train Loss: 0.0010210 | Grad norm: 0.234983 | Time: 3s313ms
Epoch: 015 | Test Loss: 0.0009692 | Time: 731ms
Epoch: 016 | Train Loss: 0.0009429 | Grad norm: 0.214899 | Time: 3s378ms
Epoch: 016 | Test Loss: 0.0010141 | Time: 745ms
Epoch: 017 | Train Loss: 0.0010171 | Grad norm: 0.235296 | Time: 3s177ms
Epoch: 017 | Test Loss: 0.0007913 | Time: 751ms
==> Save the model at epoch 017 with test loss 0.0007913
Epoch: 018 | Train Loss: 0.0009571 | Grad norm: 0.220569 | Time: 3s474ms
Epoch: 018 | Test Loss: 0.0010151 | Time: 736ms
Epoch: 019 | Train Loss: 0.0008822 | Grad norm: 0.190748 | Time: 3s417ms
Epoch: 019 | Test Loss: 0.0009590 | Time: 813ms
Epoch: 020 | Train Loss: 0.0008887 | Grad norm: 0.200638 | Time: 3s433ms
Epoch: 020 | Test Loss: 0.0023448 | Time: 769ms
Epoch: 021 | Train Loss: 0.0009433 | Grad norm: 0.217095 | Time: 3s507ms
Epoch: 021 | Test Loss: 0.0015357 | Time: 757ms
Epoch: 022 | Train Loss: 0.0008457 | Grad norm: 0.177246 | Time: 2s983ms
Epoch: 022 | Test Loss: 0.0008765 | Time: 808ms
Epoch: 023 | Train Loss: 0.0008626 | Grad norm: 0.191562 | Time: 3s195ms
Epoch: 023 | Test Loss: 0.0008210 | Time: 762ms
Epoch: 024 | Train Loss: 0.0007328 | Grad norm: 0.132820 | Time: 3s487ms
Epoch: 024 | Test Loss: 0.0007816 | Time: 764ms
==> Save the model at epoch 024 with test loss 0.0007816
Epoch: 025 | Train Loss: 0.0007967 | Grad norm: 0.165984 | Time: 3s407ms
Epoch: 025 | Test Loss: 0.0008509 | Time: 738ms
Epoch: 026 | Train Loss: 0.0007401 | Grad norm: 0.144342 | Time: 3s552ms
Epoch: 026 | Test Loss: 0.0007112 | Time: 733ms
==> Save the model at epoch 026 with test loss 0.0007112
Epoch: 027 | Train Loss: 0.0007403 | Grad norm: 0.142619 | Time: 3s501ms
Epoch: 027 | Test Loss: 0.0007038 | Time: 739ms
==> Save the model at epoch 027 with test loss 0.0007038
Epoch: 028 | Train Loss: 0.0006916 | Grad norm: 0.116073 | Time: 3s463ms
Epoch: 028 | Test Loss: 0.0006604 | Time: 762ms
==> Save the model at epoch 028 with test loss 0.0006604
Epoch: 029 | Train Loss: 0.0006982 | Grad norm: 0.119933 | Time: 3s458ms
Epoch: 029 | Test Loss: 0.0006592 | Time: 747ms
==> Save the model at epoch 029 with test loss 0.0006592
Epoch: 030 | Train Loss: 0.0006762 | Grad norm: 0.110897 | Time: 3s385ms
Epoch: 030 | Test Loss: 0.0006589 | Time: 828ms
==> Save the model at epoch 030 with test loss 0.0006589
Epoch: 031 | Train Loss: 0.0006544 | Grad norm: 0.099005 | Time: 3s311ms
Epoch: 031 | Test Loss: 0.0006383 | Time: 749ms
==> Save the model at epoch 031 with test loss 0.0006383
Epoch: 032 | Train Loss: 0.0006466 | Grad norm: 0.091782 | Time: 3s420ms
Epoch: 032 | Test Loss: 0.0006121 | Time: 762ms
==> Save the model at epoch 032 with test loss 0.0006121
Epoch: 033 | Train Loss: 0.0006219 | Grad norm: 0.072342 | Time: 3s301ms
Epoch: 033 | Test Loss: 0.0006238 | Time: 752ms
Epoch: 034 | Train Loss: 0.0006207 | Grad norm: 0.070995 | Time: 3s394ms
Epoch: 034 | Test Loss: 0.0006380 | Time: 748ms
Epoch: 035 | Train Loss: 0.0006164 | Grad norm: 0.069657 | Time: 3s568ms
Epoch: 035 | Test Loss: 0.0006137 | Time: 730ms
Epoch: 036 | Train Loss: 0.0006041 | Grad norm: 0.059090 | Time: 3s226ms
Epoch: 036 | Test Loss: 0.0005983 | Time: 740ms
==> Save the model at epoch 036 with test loss 0.0005983
Epoch: 037 | Train Loss: 0.0005972 | Grad norm: 0.051333 | Time: 3s489ms
Epoch: 037 | Test Loss: 0.0005951 | Time: 810ms
==> Save the model at epoch 037 with test loss 0.0005951
Epoch: 038 | Train Loss: 0.0005918 | Grad norm: 0.045614 | Time: 3s315ms
Epoch: 038 | Test Loss: 0.0006070 | Time: 818ms
Epoch: 039 | Train Loss: 0.0005863 | Grad norm: 0.036856 | Time: 3s331ms
Epoch: 039 | Test Loss: 0.0005886 | Time: 760ms
==> Save the model at epoch 039 with test loss 0.0005886
Epoch: 040 | Train Loss: 0.0005837 | Grad norm: 0.033742 | Time: 3s477ms
Epoch: 040 | Test Loss: 0.0005880 | Time: 747ms
==> Save the model at epoch 040 with test loss 0.0005880
Total time: 2m45s
==> Saving trained model weights...
==> Input bias to be applied to the neural network (trained):
[0. 0.]
==> Input transform to be applied to the neural network (trained):
[0.48014596 0.48395684]
==> Output transform to be applied to the neural network (trained):
[2.0663 2.0805]
==> Saving training info...
==> Drawing training loss...
==> Drawing grad norm...
==> Drawing testing loss...
==> Process finished.
