==> torch device:  cuda:3
==> Test-Train split: test_ratio = 0.20
==> Test-Train split seed:  None
==> Further split: further_train_ratio = 0.50
==> Further split seed:  None
==> Input bias to be applied to the neural network:
[0. 0.]
==> Input transform to be applied to the neural network:
[0.5576312  0.56041247]
==> Ouput transform to be applied to the neural network:
[1.7847 1.7916]
==> Evaluating model...
==========================================================================================
Layer (type:depth-idx)                   Output Shape              Param #
==========================================================================================
NeuralNetwork                            [1, 2]                    6
├─Sequential: 1-1                        [1, 2]                    --
│    └─Linear: 2-1                       [1, 64]                   192
│    └─ReLU: 2-2                         [1, 64]                   --
│    └─Linear: 2-3                       [1, 64]                   4,160
│    └─ReLU: 2-4                         [1, 64]                   --
│    └─Linear: 2-5                       [1, 64]                   4,160
│    └─ReLU: 2-6                         [1, 64]                   --
│    └─Linear: 2-7                       [1, 64]                   4,160
│    └─ReLU: 2-8                         [1, 64]                   --
│    └─Linear: 2-9                       [1, 64]                   4,160
│    └─ReLU: 2-10                        [1, 64]                   --
│    └─Linear: 2-11                      [1, 64]                   4,160
│    └─ReLU: 2-12                        [1, 64]                   --
│    └─Linear: 2-13                      [1, 64]                   4,160
│    └─ReLU: 2-14                        [1, 64]                   --
│    └─Linear: 2-15                      [1, 2]                    130
├─Sequential: 1-2                        [1, 2]                    (recursive)
│    └─Linear: 2-16                      [1, 64]                   (recursive)
│    └─ReLU: 2-17                        [1, 64]                   --
│    └─Linear: 2-18                      [1, 64]                   (recursive)
│    └─ReLU: 2-19                        [1, 64]                   --
│    └─Linear: 2-20                      [1, 64]                   (recursive)
│    └─ReLU: 2-21                        [1, 64]                   --
│    └─Linear: 2-22                      [1, 64]                   (recursive)
│    └─ReLU: 2-23                        [1, 64]                   --
│    └─Linear: 2-24                      [1, 64]                   (recursive)
│    └─ReLU: 2-25                        [1, 64]                   --
│    └─Linear: 2-26                      [1, 64]                   (recursive)
│    └─ReLU: 2-27                        [1, 64]                   --
│    └─Linear: 2-28                      [1, 64]                   (recursive)
│    └─ReLU: 2-29                        [1, 64]                   --
│    └─Linear: 2-30                      [1, 2]                    (recursive)
==========================================================================================
Total params: 25,288
Trainable params: 25,282
Non-trainable params: 6
Total mult-adds (Units.MEGABYTES): 0.05
==========================================================================================
Input size (MB): 0.00
Forward/backward pass size (MB): 0.01
Params size (MB): 0.10
Estimated Total Size (MB): 0.11
==========================================================================================
==> Saving initial model weights...
==> Start training...
==> Number of param_groups in optimizer: 1
Epoch: 001 | Train Loss: 6.4288601 | Grad norm: 0.218807 | Time: 3s355ms
Epoch: 001 | Test Loss: 6.3808825 | Time: 771ms
==> Save the model at epoch 001 with test loss 6.3808825
Epoch: 002 | Train Loss: 1.6945751 | Grad norm: 1.200064 | Time: 3s411ms
Epoch: 002 | Test Loss: 0.0044683 | Time: 750ms
==> Save the model at epoch 002 with test loss 0.0044683
Epoch: 003 | Train Loss: 0.0038466 | Grad norm: 0.194765 | Time: 3s279ms
Epoch: 003 | Test Loss: 0.0033623 | Time: 830ms
==> Save the model at epoch 003 with test loss 0.0033623
Epoch: 004 | Train Loss: 0.0034344 | Grad norm: 0.234833 | Time: 3s492ms
Epoch: 004 | Test Loss: 0.0032045 | Time: 783ms
==> Save the model at epoch 004 with test loss 0.0032045
Epoch: 005 | Train Loss: 0.0032878 | Grad norm: 0.233825 | Time: 3s515ms
Epoch: 005 | Test Loss: 0.0044863 | Time: 766ms
Epoch: 006 | Train Loss: 0.0034289 | Grad norm: 0.293990 | Time: 3s440ms
Epoch: 006 | Test Loss: 0.0032645 | Time: 854ms
Epoch: 007 | Train Loss: 0.0035542 | Grad norm: 0.307895 | Time: 3s526ms
Epoch: 007 | Test Loss: 0.0034483 | Time: 781ms
Epoch: 008 | Train Loss: 0.0035147 | Grad norm: 0.300816 | Time: 3s451ms
Epoch: 008 | Test Loss: 0.0061971 | Time: 773ms
Epoch: 009 | Train Loss: 0.0039034 | Grad norm: 0.355179 | Time: 3s311ms
Epoch: 009 | Test Loss: 0.0035276 | Time: 806ms
Epoch: 010 | Train Loss: 0.0034817 | Grad norm: 0.290402 | Time: 3s355ms
Epoch: 010 | Test Loss: 0.0052333 | Time: 764ms
Epoch: 011 | Train Loss: 0.0034756 | Grad norm: 0.291242 | Time: 3s487ms
Epoch: 011 | Test Loss: 0.0034224 | Time: 821ms
Epoch: 012 | Train Loss: 0.0034682 | Grad norm: 0.284996 | Time: 3s373ms
Epoch: 012 | Test Loss: 0.0035839 | Time: 744ms
Epoch: 013 | Train Loss: 0.0034590 | Grad norm: 0.281524 | Time: 3s492ms
Epoch: 013 | Test Loss: 0.0029613 | Time: 743ms
==> Save the model at epoch 013 with test loss 0.0029613
Epoch: 014 | Train Loss: 0.0034072 | Grad norm: 0.276966 | Time: 3s345ms
Epoch: 014 | Test Loss: 0.0031471 | Time: 845ms
Epoch: 015 | Train Loss: 0.0033211 | Grad norm: 0.259904 | Time: 3s463ms
Epoch: 015 | Test Loss: 0.0033332 | Time: 751ms
Epoch: 016 | Train Loss: 0.0032947 | Grad norm: 0.254729 | Time: 3s428ms
Epoch: 016 | Test Loss: 0.0029503 | Time: 749ms
==> Save the model at epoch 016 with test loss 0.0029503
Epoch: 017 | Train Loss: 0.0032320 | Grad norm: 0.240143 | Time: 3s258ms
Epoch: 017 | Test Loss: 0.0032102 | Time: 758ms
Epoch: 018 | Train Loss: 0.0031903 | Grad norm: 0.223891 | Time: 3s417ms
Epoch: 018 | Test Loss: 0.0032483 | Time: 747ms
Epoch: 019 | Train Loss: 0.0032137 | Grad norm: 0.228778 | Time: 3s408ms
Epoch: 019 | Test Loss: 0.0033578 | Time: 815ms
Epoch: 020 | Train Loss: 0.0031051 | Grad norm: 0.204279 | Time: 3s171ms
Epoch: 020 | Test Loss: 0.0034496 | Time: 758ms
Epoch: 021 | Train Loss: 0.0031562 | Grad norm: 0.223528 | Time: 3s271ms
Epoch: 021 | Test Loss: 0.0035051 | Time: 785ms
Epoch: 022 | Train Loss: 0.0030623 | Grad norm: 0.196007 | Time: 3s454ms
Epoch: 022 | Test Loss: 0.0031998 | Time: 821ms
Epoch: 023 | Train Loss: 0.0031147 | Grad norm: 0.212260 | Time: 3s509ms
Epoch: 023 | Test Loss: 0.0031013 | Time: 765ms
Epoch: 024 | Train Loss: 0.0029998 | Grad norm: 0.183083 | Time: 3s444ms
Epoch: 024 | Test Loss: 0.0032493 | Time: 757ms
Epoch: 025 | Train Loss: 0.0029414 | Grad norm: 0.167297 | Time: 3s174ms
Epoch: 025 | Test Loss: 0.0027993 | Time: 749ms
==> Save the model at epoch 025 with test loss 0.0027993
Epoch: 026 | Train Loss: 0.0029233 | Grad norm: 0.162103 | Time: 3s455ms
Epoch: 026 | Test Loss: 0.0032524 | Time: 751ms
Epoch: 027 | Train Loss: 0.0029369 | Grad norm: 0.165994 | Time: 3s493ms
Epoch: 027 | Test Loss: 0.0029982 | Time: 749ms
Epoch: 028 | Train Loss: 0.0028781 | Grad norm: 0.148912 | Time: 3s562ms
Epoch: 028 | Test Loss: 0.0031306 | Time: 802ms
Epoch: 029 | Train Loss: 0.0028524 | Grad norm: 0.139856 | Time: 3s407ms
Epoch: 029 | Test Loss: 0.0027874 | Time: 768ms
==> Save the model at epoch 029 with test loss 0.0027874
Epoch: 030 | Train Loss: 0.0028527 | Grad norm: 0.141796 | Time: 3s465ms
Epoch: 030 | Test Loss: 0.0028535 | Time: 839ms
Epoch: 031 | Train Loss: 0.0028323 | Grad norm: 0.134648 | Time: 3s525ms
Epoch: 031 | Test Loss: 0.0030827 | Time: 813ms
Epoch: 032 | Train Loss: 0.0027866 | Grad norm: 0.117663 | Time: 3s334ms
Epoch: 032 | Test Loss: 0.0027588 | Time: 774ms
==> Save the model at epoch 032 with test loss 0.0027588
Epoch: 033 | Train Loss: 0.0027693 | Grad norm: 0.112096 | Time: 3s613ms
Epoch: 033 | Test Loss: 0.0029030 | Time: 762ms
Epoch: 034 | Train Loss: 0.0027496 | Grad norm: 0.103430 | Time: 3s375ms
Epoch: 034 | Test Loss: 0.0027838 | Time: 775ms
Epoch: 035 | Train Loss: 0.0027264 | Grad norm: 0.091990 | Time: 3s339ms
Epoch: 035 | Test Loss: 0.0027318 | Time: 749ms
==> Save the model at epoch 035 with test loss 0.0027318
Epoch: 036 | Train Loss: 0.0027115 | Grad norm: 0.085030 | Time: 3s360ms
Epoch: 036 | Test Loss: 0.0027181 | Time: 746ms
==> Save the model at epoch 036 with test loss 0.0027181
Epoch: 037 | Train Loss: 0.0026984 | Grad norm: 0.079382 | Time: 3s515ms
Epoch: 037 | Test Loss: 0.0027011 | Time: 748ms
==> Save the model at epoch 037 with test loss 0.0027011
Epoch: 038 | Train Loss: 0.0026810 | Grad norm: 0.067258 | Time: 3s419ms
Epoch: 038 | Test Loss: 0.0027018 | Time: 856ms
Epoch: 039 | Train Loss: 0.0026707 | Grad norm: 0.059442 | Time: 3s451ms
Epoch: 039 | Test Loss: 0.0026888 | Time: 748ms
==> Save the model at epoch 039 with test loss 0.0026888
Epoch: 040 | Train Loss: 0.0026663 | Grad norm: 0.056730 | Time: 3s542ms
Epoch: 040 | Test Loss: 0.0026857 | Time: 746ms
==> Save the model at epoch 040 with test loss 0.0026857
Total time: 2m47s
==> Saving trained model weights...
==> Input bias to be applied to the neural network (trained):
[0. 0.]
==> Input transform to be applied to the neural network (trained):
[0.5576312  0.56041247]
==> Output transform to be applied to the neural network (trained):
[1.7847 1.7916]
==> Saving training info...
==> Drawing training loss...
==> Drawing grad norm...
==> Drawing testing loss...
==> Process finished.
