==> torch device:  cuda:2
==> Test-Train split: test_ratio = 0.20
==> Test-Train split seed:  None
==> Further split: further_train_ratio = 1.00
==> Further split seed:  None
==> Input bias to be applied to the neural network:
[0. 0.]
==> Input transform to be applied to the neural network:
[0.5090095 0.5090095]
==> Ouput transform to be applied to the neural network:
[3.9366 3.9363]
==> Evaluating model...
==========================================================================================
Layer (type:depth-idx)                   Output Shape              Param #
==========================================================================================
NeuralNetwork                            [1, 2]                    6
├─Sequential: 1-1                        [1, 2]                    --
│    └─Linear: 2-1                       [1, 64]                   192
│    └─ReLU: 2-2                         [1, 64]                   --
│    └─Linear: 2-3                       [1, 64]                   4,160
│    └─ReLU: 2-4                         [1, 64]                   --
│    └─Linear: 2-5                       [1, 64]                   4,160
│    └─ReLU: 2-6                         [1, 64]                   --
│    └─Linear: 2-7                       [1, 64]                   4,160
│    └─ReLU: 2-8                         [1, 64]                   --
│    └─Linear: 2-9                       [1, 64]                   4,160
│    └─ReLU: 2-10                        [1, 64]                   --
│    └─Linear: 2-11                      [1, 64]                   4,160
│    └─ReLU: 2-12                        [1, 64]                   --
│    └─Linear: 2-13                      [1, 64]                   4,160
│    └─ReLU: 2-14                        [1, 64]                   --
│    └─Linear: 2-15                      [1, 2]                    130
├─Sequential: 1-2                        [1, 2]                    (recursive)
│    └─Linear: 2-16                      [1, 64]                   (recursive)
│    └─ReLU: 2-17                        [1, 64]                   --
│    └─Linear: 2-18                      [1, 64]                   (recursive)
│    └─ReLU: 2-19                        [1, 64]                   --
│    └─Linear: 2-20                      [1, 64]                   (recursive)
│    └─ReLU: 2-21                        [1, 64]                   --
│    └─Linear: 2-22                      [1, 64]                   (recursive)
│    └─ReLU: 2-23                        [1, 64]                   --
│    └─Linear: 2-24                      [1, 64]                   (recursive)
│    └─ReLU: 2-25                        [1, 64]                   --
│    └─Linear: 2-26                      [1, 64]                   (recursive)
│    └─ReLU: 2-27                        [1, 64]                   --
│    └─Linear: 2-28                      [1, 64]                   (recursive)
│    └─ReLU: 2-29                        [1, 64]                   --
│    └─Linear: 2-30                      [1, 2]                    (recursive)
==========================================================================================
Total params: 25,288
Trainable params: 25,282
Non-trainable params: 6
Total mult-adds (M): 0.05
==========================================================================================
Input size (MB): 0.00
Forward/backward pass size (MB): 0.01
Params size (MB): 0.10
Estimated Total Size (MB): 0.11
==========================================================================================
==> Saving initial model weights...
==> Start training...
==> Number of param_groups in optimizer: 1
Epoch: 001 | Train Loss: 30.9188835 | Grad norm: 1.031289 | Time: 5s91ms
Epoch: 001 | Test Loss: 31.2815891 | Time: 602ms
==> Save the model at epoch 001 with test loss 31.2815891
Epoch: 002 | Train Loss: 8.9747119 | Grad norm: 6.012643 | Time: 5s287ms
Epoch: 002 | Test Loss: 0.0117141 | Time: 574ms
==> Save the model at epoch 002 with test loss 0.0117141
Epoch: 003 | Train Loss: 0.0103595 | Grad norm: 1.238454 | Time: 5s395ms
Epoch: 003 | Test Loss: 0.0101223 | Time: 582ms
==> Save the model at epoch 003 with test loss 0.0101223
Epoch: 004 | Train Loss: 0.0101064 | Grad norm: 1.372803 | Time: 5s196ms
Epoch: 004 | Test Loss: 0.0091795 | Time: 580ms
==> Save the model at epoch 004 with test loss 0.0091795
Epoch: 005 | Train Loss: 0.0105539 | Grad norm: 1.554611 | Time: 4s309ms
Epoch: 005 | Test Loss: 0.0085494 | Time: 579ms
==> Save the model at epoch 005 with test loss 0.0085494
Epoch: 006 | Train Loss: 0.0111826 | Grad norm: 1.565241 | Time: 4s908ms
Epoch: 006 | Test Loss: 0.0094050 | Time: 579ms
Epoch: 007 | Train Loss: 0.0119105 | Grad norm: 1.621554 | Time: 4s925ms
Epoch: 007 | Test Loss: 0.0096779 | Time: 584ms
Epoch: 008 | Train Loss: 0.0126242 | Grad norm: 1.664414 | Time: 4s945ms
Epoch: 008 | Test Loss: 0.0117965 | Time: 610ms
Epoch: 009 | Train Loss: 0.0131852 | Grad norm: 1.670631 | Time: 4s636ms
Epoch: 009 | Test Loss: 0.0178273 | Time: 683ms
Epoch: 010 | Train Loss: 0.0122166 | Grad norm: 1.574981 | Time: 5s296ms
Epoch: 010 | Test Loss: 0.0109145 | Time: 631ms
Epoch: 011 | Train Loss: 0.0116678 | Grad norm: 1.472914 | Time: 5s199ms
Epoch: 011 | Test Loss: 0.0085731 | Time: 611ms
Epoch: 012 | Train Loss: 0.0111095 | Grad norm: 1.368184 | Time: 4s960ms
Epoch: 012 | Test Loss: 0.0100326 | Time: 639ms
Epoch: 013 | Train Loss: 0.0109814 | Grad norm: 1.321663 | Time: 4s991ms
Epoch: 013 | Test Loss: 0.0100118 | Time: 579ms
Epoch: 014 | Train Loss: 0.0111423 | Grad norm: 1.338924 | Time: 4s665ms
Epoch: 014 | Test Loss: 0.0114479 | Time: 609ms
Epoch: 015 | Train Loss: 0.0117304 | Grad norm: 1.423607 | Time: 4s816ms
Epoch: 015 | Test Loss: 0.0102879 | Time: 651ms
Epoch: 016 | Train Loss: 0.0110504 | Grad norm: 1.327745 | Time: 5s121ms
Epoch: 016 | Test Loss: 0.0101448 | Time: 588ms
Epoch: 017 | Train Loss: 0.0099644 | Grad norm: 1.121722 | Time: 5s320ms
Epoch: 017 | Test Loss: 0.0084655 | Time: 624ms
==> Save the model at epoch 017 with test loss 0.0084655
Epoch: 018 | Train Loss: 0.0100076 | Grad norm: 1.134306 | Time: 4s317ms
Epoch: 018 | Test Loss: 0.0108068 | Time: 625ms
Epoch: 019 | Train Loss: 0.0096581 | Grad norm: 1.048908 | Time: 5s59ms
Epoch: 019 | Test Loss: 0.0100815 | Time: 600ms
Epoch: 020 | Train Loss: 0.0094502 | Grad norm: 1.010300 | Time: 4s971ms
Epoch: 020 | Test Loss: 0.0095028 | Time: 599ms
Epoch: 021 | Train Loss: 0.0090635 | Grad norm: 0.925028 | Time: 4s908ms
Epoch: 021 | Test Loss: 0.0100085 | Time: 644ms
Epoch: 022 | Train Loss: 0.0090465 | Grad norm: 0.927730 | Time: 5s114ms
Epoch: 022 | Test Loss: 0.0085973 | Time: 597ms
Epoch: 023 | Train Loss: 0.0091482 | Grad norm: 0.920173 | Time: 5s491ms
Epoch: 023 | Test Loss: 0.0082439 | Time: 597ms
==> Save the model at epoch 023 with test loss 0.0082439
Epoch: 024 | Train Loss: 0.0086324 | Grad norm: 0.814660 | Time: 5s28ms
Epoch: 024 | Test Loss: 0.0094893 | Time: 644ms
Epoch: 025 | Train Loss: 0.0083045 | Grad norm: 0.715325 | Time: 5s43ms
Epoch: 025 | Test Loss: 0.0077178 | Time: 578ms
==> Save the model at epoch 025 with test loss 0.0077178
Epoch: 026 | Train Loss: 0.0083569 | Grad norm: 0.745982 | Time: 4s976ms
Epoch: 026 | Test Loss: 0.0092099 | Time: 581ms
Epoch: 027 | Train Loss: 0.0081369 | Grad norm: 0.671821 | Time: 5s60ms
Epoch: 027 | Test Loss: 0.0075474 | Time: 644ms
==> Save the model at epoch 027 with test loss 0.0075474
Epoch: 028 | Train Loss: 0.0079876 | Grad norm: 0.629165 | Time: 5s156ms
Epoch: 028 | Test Loss: 0.0090639 | Time: 651ms
Epoch: 029 | Train Loss: 0.0078101 | Grad norm: 0.569325 | Time: 4s648ms
Epoch: 029 | Test Loss: 0.0077321 | Time: 563ms
Epoch: 030 | Train Loss: 0.0078218 | Grad norm: 0.575212 | Time: 4s24ms
Epoch: 030 | Test Loss: 0.0081512 | Time: 655ms
Epoch: 031 | Train Loss: 0.0077079 | Grad norm: 0.541387 | Time: 4s609ms
Epoch: 031 | Test Loss: 0.0076654 | Time: 566ms
Epoch: 032 | Train Loss: 0.0075892 | Grad norm: 0.490944 | Time: 3s956ms
Epoch: 032 | Test Loss: 0.0074229 | Time: 584ms
==> Save the model at epoch 032 with test loss 0.0074229
Epoch: 033 | Train Loss: 0.0074695 | Grad norm: 0.431793 | Time: 4s18ms
Epoch: 033 | Test Loss: 0.0072429 | Time: 629ms
==> Save the model at epoch 033 with test loss 0.0072429
Epoch: 034 | Train Loss: 0.0073966 | Grad norm: 0.409514 | Time: 3s777ms
Epoch: 034 | Test Loss: 0.0072846 | Time: 563ms
Epoch: 035 | Train Loss: 0.0073339 | Grad norm: 0.379077 | Time: 4s197ms
Epoch: 035 | Test Loss: 0.0072827 | Time: 600ms
Epoch: 036 | Train Loss: 0.0072475 | Grad norm: 0.327255 | Time: 5s244ms
Epoch: 036 | Test Loss: 0.0072549 | Time: 598ms
Epoch: 037 | Train Loss: 0.0071920 | Grad norm: 0.298050 | Time: 5s291ms
Epoch: 037 | Test Loss: 0.0073185 | Time: 590ms
Epoch: 038 | Train Loss: 0.0071507 | Grad norm: 0.268438 | Time: 5s438ms
Epoch: 038 | Test Loss: 0.0071282 | Time: 611ms
==> Save the model at epoch 038 with test loss 0.0071282
Epoch: 039 | Train Loss: 0.0071233 | Grad norm: 0.258226 | Time: 4s710ms
Epoch: 039 | Test Loss: 0.0071558 | Time: 565ms
Epoch: 040 | Train Loss: 0.0070913 | Grad norm: 0.227036 | Time: 3s842ms
Epoch: 040 | Test Loss: 0.0071230 | Time: 564ms
==> Save the model at epoch 040 with test loss 0.0071230
Total time: 3m38s
==> Saving trained model weights...
==> Input bias to be applied to the neural network (trained):
[0. 0.]
==> Input transform to be applied to the neural network (trained):
[0.5090095 0.5090095]
==> Output transform to be applied to the neural network (trained):
[3.9366 3.9363]
==> Saving training info...
==> Drawing training loss...
==> Drawing grad norm...
==> Drawing testing loss...
==> Process finished.
