==> torch device:  cuda:2
==> Test-Train split: test_ratio = 0.20
==> Test-Train split seed:  None
==> Further split: further_train_ratio = 1.00
==> Further split seed:  None
==> Input bias to be applied to the neural network:
[0. 0.]
==> Input transform to be applied to the neural network:
[1. 1.]
==> Ouput transform to be applied to the neural network:
[1. 1.]
==> Evaluating model...
==========================================================================================
Layer (type:depth-idx)                   Output Shape              Param #
==========================================================================================
NeuralNetwork                            [1, 2]                    6
├─Sequential: 1-1                        [1, 2]                    --
│    └─Linear: 2-1                       [1, 64]                   192
│    └─LeakyReLU: 2-2                    [1, 64]                   --
│    └─Linear: 2-3                       [1, 64]                   4,160
│    └─LeakyReLU: 2-4                    [1, 64]                   --
│    └─Linear: 2-5                       [1, 64]                   4,160
│    └─LeakyReLU: 2-6                    [1, 64]                   --
│    └─Linear: 2-7                       [1, 64]                   4,160
│    └─LeakyReLU: 2-8                    [1, 64]                   --
│    └─Linear: 2-9                       [1, 64]                   4,160
│    └─LeakyReLU: 2-10                   [1, 64]                   --
│    └─Linear: 2-11                      [1, 64]                   4,160
│    └─LeakyReLU: 2-12                   [1, 64]                   --
│    └─Linear: 2-13                      [1, 64]                   4,160
│    └─LeakyReLU: 2-14                   [1, 64]                   --
│    └─Linear: 2-15                      [1, 2]                    130
==========================================================================================
Total params: 25,288
Trainable params: 25,282
Non-trainable params: 6
Total mult-adds (Units.MEGABYTES): 0.03
==========================================================================================
Input size (MB): 0.00
Forward/backward pass size (MB): 0.00
Params size (MB): 0.10
Estimated Total Size (MB): 0.10
==========================================================================================
==> Saving initial model weights...
==> Start training...
Epoch: 001 | Loss: 4.1100859 | L2 loss: 4.1100789 | Lip loss: 0.0000070 | Grad norm: 2.648645 | Time: 34s905ms
Epoch: 001 | Test Loss: 0.2613333 | Time: 457ms
==> Save the model at epoch 001 with test loss 0.2613333
Epoch: 002 | Loss: 0.1937489 | L2 loss: 0.1937345 | Lip loss: 0.0000144 | Grad norm: 2.487337 | Time: 34s608ms
Epoch: 002 | Test Loss: 0.1355734 | Time: 438ms
==> Save the model at epoch 002 with test loss 0.1355734
Epoch: 003 | Loss: 0.1019782 | L2 loss: 0.1019632 | Lip loss: 0.0000150 | Grad norm: 2.378699 | Time: 34s785ms
Epoch: 003 | Test Loss: 0.0752274 | Time: 438ms
==> Save the model at epoch 003 with test loss 0.0752274
Epoch: 004 | Loss: 0.0621318 | L2 loss: 0.0621166 | Lip loss: 0.0000152 | Grad norm: 2.797783 | Time: 34s228ms
Epoch: 004 | Test Loss: 0.0491532 | Time: 452ms
==> Save the model at epoch 004 with test loss 0.0491532
Epoch: 005 | Loss: 0.0419236 | L2 loss: 0.0419085 | Lip loss: 0.0000151 | Grad norm: 3.055146 | Time: 34s477ms
Epoch: 005 | Test Loss: 0.0326561 | Time: 444ms
==> Save the model at epoch 005 with test loss 0.0326561
Epoch: 006 | Loss: 0.0318048 | L2 loss: 0.0317898 | Lip loss: 0.0000150 | Grad norm: 1.495655 | Time: 34s293ms
Epoch: 006 | Test Loss: 0.0303812 | Time: 504ms
==> Save the model at epoch 006 with test loss 0.0303812
Epoch: 007 | Loss: 0.0302198 | L2 loss: 0.0302048 | Lip loss: 0.0000150 | Grad norm: 1.509038 | Time: 33s684ms
Epoch: 007 | Test Loss: 0.0287509 | Time: 505ms
==> Save the model at epoch 007 with test loss 0.0287509
Epoch: 008 | Loss: 0.0288304 | L2 loss: 0.0288155 | Lip loss: 0.0000149 | Grad norm: 1.429809 | Time: 33s931ms
Epoch: 008 | Test Loss: 0.0273705 | Time: 447ms
==> Save the model at epoch 008 with test loss 0.0273705
Epoch: 009 | Loss: 0.0275393 | L2 loss: 0.0275246 | Lip loss: 0.0000147 | Grad norm: 1.468007 | Time: 34s508ms
Epoch: 009 | Test Loss: 0.0260546 | Time: 437ms
==> Save the model at epoch 009 with test loss 0.0260546
Epoch: 010 | Loss: 0.0264587 | L2 loss: 0.0264435 | Lip loss: 0.0000151 | Grad norm: 1.610405 | Time: 33s835ms
Epoch: 010 | Test Loss: 0.0257355 | Time: 437ms
==> Save the model at epoch 010 with test loss 0.0257355
Epoch: 011 | Loss: 0.0255569 | L2 loss: 0.0255423 | Lip loss: 0.0000146 | Grad norm: 1.233072 | Time: 33s955ms
Epoch: 011 | Test Loss: 0.0248128 | Time: 444ms
==> Save the model at epoch 011 with test loss 0.0248128
Epoch: 012 | Loss: 0.0254107 | L2 loss: 0.0253958 | Lip loss: 0.0000149 | Grad norm: 1.180549 | Time: 34s814ms
Epoch: 012 | Test Loss: 0.0247340 | Time: 434ms
==> Save the model at epoch 012 with test loss 0.0247340
Epoch: 013 | Loss: 0.0253130 | L2 loss: 0.0252983 | Lip loss: 0.0000147 | Grad norm: 1.190643 | Time: 34s899ms
Epoch: 013 | Test Loss: 0.0246497 | Time: 441ms
==> Save the model at epoch 013 with test loss 0.0246497
Epoch: 014 | Loss: 0.0251889 | L2 loss: 0.0251741 | Lip loss: 0.0000148 | Grad norm: 1.210613 | Time: 34s189ms
Epoch: 014 | Test Loss: 0.0244788 | Time: 445ms
==> Save the model at epoch 014 with test loss 0.0244788
Epoch: 015 | Loss: 0.0250816 | L2 loss: 0.0250668 | Lip loss: 0.0000147 | Grad norm: 1.217675 | Time: 34s847ms
Epoch: 015 | Test Loss: 0.0244084 | Time: 505ms
==> Save the model at epoch 015 with test loss 0.0244084
Epoch: 016 | Loss: 0.0249742 | L2 loss: 0.0249592 | Lip loss: 0.0000150 | Grad norm: 1.183494 | Time: 33s309ms
Epoch: 016 | Test Loss: 0.0243544 | Time: 527ms
==> Save the model at epoch 016 with test loss 0.0243544
Epoch: 017 | Loss: 0.0249622 | L2 loss: 0.0249472 | Lip loss: 0.0000150 | Grad norm: 1.132824 | Time: 34s150ms
Epoch: 017 | Test Loss: 0.0243496 | Time: 448ms
==> Save the model at epoch 017 with test loss 0.0243496
Epoch: 018 | Loss: 0.0249504 | L2 loss: 0.0249352 | Lip loss: 0.0000152 | Grad norm: 1.204319 | Time: 34s249ms
Epoch: 018 | Test Loss: 0.0243257 | Time: 435ms
==> Save the model at epoch 018 with test loss 0.0243257
Epoch: 019 | Loss: 0.0249363 | L2 loss: 0.0249214 | Lip loss: 0.0000150 | Grad norm: 1.202771 | Time: 34s367ms
Epoch: 019 | Test Loss: 0.0243269 | Time: 449ms
Epoch: 020 | Loss: 0.0249318 | L2 loss: 0.0249171 | Lip loss: 0.0000147 | Grad norm: 1.174982 | Time: 34s362ms
Epoch: 020 | Test Loss: 0.0243193 | Time: 435ms
==> Save the model at epoch 020 with test loss 0.0243193
Epoch: 021 | Loss: 0.0249180 | L2 loss: 0.0249034 | Lip loss: 0.0000146 | Grad norm: 1.167792 | Time: 34s567ms
Epoch: 021 | Test Loss: 0.0243127 | Time: 441ms
==> Save the model at epoch 021 with test loss 0.0243127
Epoch: 022 | Loss: 0.0249168 | L2 loss: 0.0249022 | Lip loss: 0.0000146 | Grad norm: 1.169121 | Time: 33s949ms
Epoch: 022 | Test Loss: 0.0243093 | Time: 442ms
==> Save the model at epoch 022 with test loss 0.0243093
Epoch: 023 | Loss: 0.0249158 | L2 loss: 0.0249008 | Lip loss: 0.0000150 | Grad norm: 1.177027 | Time: 34s699ms
Epoch: 023 | Test Loss: 0.0243063 | Time: 461ms
==> Save the model at epoch 023 with test loss 0.0243063
Epoch: 024 | Loss: 0.0249147 | L2 loss: 0.0248997 | Lip loss: 0.0000150 | Grad norm: 1.174570 | Time: 34s456ms
Epoch: 024 | Test Loss: 0.0243049 | Time: 515ms
==> Save the model at epoch 024 with test loss 0.0243049
Epoch: 025 | Loss: 0.0249134 | L2 loss: 0.0248985 | Lip loss: 0.0000149 | Grad norm: 1.154150 | Time: 34s687ms
Epoch: 025 | Test Loss: 0.0243037 | Time: 504ms
==> Save the model at epoch 025 with test loss 0.0243037
Epoch: 026 | Loss: 0.0249127 | L2 loss: 0.0248977 | Lip loss: 0.0000150 | Grad norm: 1.191892 | Time: 34s352ms
Epoch: 026 | Test Loss: 0.0243037 | Time: 439ms
Epoch: 027 | Loss: 0.0249124 | L2 loss: 0.0248976 | Lip loss: 0.0000147 | Grad norm: 1.158161 | Time: 34s350ms
Epoch: 027 | Test Loss: 0.0243037 | Time: 443ms
==> Save the model at epoch 027 with test loss 0.0243037
Epoch: 028 | Loss: 0.0249123 | L2 loss: 0.0248976 | Lip loss: 0.0000147 | Grad norm: 1.172290 | Time: 35s162ms
Epoch: 028 | Test Loss: 0.0243037 | Time: 448ms
Epoch: 029 | Loss: 0.0249124 | L2 loss: 0.0248976 | Lip loss: 0.0000148 | Grad norm: 1.118194 | Time: 34s70ms
Epoch: 029 | Test Loss: 0.0243036 | Time: 441ms
==> Save the model at epoch 029 with test loss 0.0243036
Epoch: 030 | Loss: 0.0249125 | L2 loss: 0.0248976 | Lip loss: 0.0000149 | Grad norm: 1.165202 | Time: 33s757ms
Epoch: 030 | Test Loss: 0.0243036 | Time: 439ms
==> Save the model at epoch 030 with test loss 0.0243036
Epoch: 031 | Loss: 0.0249122 | L2 loss: 0.0248976 | Lip loss: 0.0000146 | Grad norm: 1.178324 | Time: 34s634ms
Epoch: 031 | Test Loss: 0.0243036 | Time: 441ms
==> Save the model at epoch 031 with test loss 0.0243036
Epoch: 032 | Loss: 0.0249124 | L2 loss: 0.0248976 | Lip loss: 0.0000148 | Grad norm: 1.169115 | Time: 34s913ms
Epoch: 032 | Test Loss: 0.0243036 | Time: 510ms
==> Save the model at epoch 032 with test loss 0.0243036
Epoch: 033 | Loss: 0.0249125 | L2 loss: 0.0248976 | Lip loss: 0.0000149 | Grad norm: 1.159536 | Time: 34s472ms
Epoch: 033 | Test Loss: 0.0243036 | Time: 441ms
==> Save the model at epoch 033 with test loss 0.0243036
Epoch: 034 | Loss: 0.0249125 | L2 loss: 0.0248976 | Lip loss: 0.0000149 | Grad norm: 1.169580 | Time: 34s875ms
Epoch: 034 | Test Loss: 0.0243036 | Time: 511ms
Epoch: 035 | Loss: 0.0249123 | L2 loss: 0.0248976 | Lip loss: 0.0000147 | Grad norm: 1.150352 | Time: 34s251ms
Epoch: 035 | Test Loss: 0.0243036 | Time: 645ms
==> Save the model at epoch 035 with test loss 0.0243036
Epoch: 036 | Loss: 0.0249126 | L2 loss: 0.0248976 | Lip loss: 0.0000150 | Grad norm: 1.182893 | Time: 33s843ms
Epoch: 036 | Test Loss: 0.0243036 | Time: 443ms
==> Save the model at epoch 036 with test loss 0.0243036
Epoch: 037 | Loss: 0.0249123 | L2 loss: 0.0248976 | Lip loss: 0.0000147 | Grad norm: 1.163527 | Time: 33s954ms
Epoch: 037 | Test Loss: 0.0243036 | Time: 438ms
==> Save the model at epoch 037 with test loss 0.0243036
Epoch: 038 | Loss: 0.0249122 | L2 loss: 0.0248976 | Lip loss: 0.0000146 | Grad norm: 1.134380 | Time: 34s538ms
Epoch: 038 | Test Loss: 0.0243036 | Time: 448ms
==> Save the model at epoch 038 with test loss 0.0243036
Epoch: 039 | Loss: 0.0249125 | L2 loss: 0.0248976 | Lip loss: 0.0000149 | Grad norm: 1.163421 | Time: 34s63ms
Epoch: 039 | Test Loss: 0.0243036 | Time: 453ms
==> Save the model at epoch 039 with test loss 0.0243036
Epoch: 040 | Loss: 0.0249125 | L2 loss: 0.0248976 | Lip loss: 0.0000149 | Grad norm: 1.139665 | Time: 34s220ms
Epoch: 040 | Test Loss: 0.0243036 | Time: 442ms
Total time: 23m12s
==> Saving trained model weights...
==> Input bias to be applied to the neural network (trained):
[0. 0.]
==> Input transform to be applied to the neural network (trained):
[1. 1.]
==> Output transform to be applied to the neural network (trained):
[1. 1.]
==> Saving training info...
==> Drawing training loss...
==> Drawing grad norm...
==> Drawing testing loss...
==> Drawing l2 loss...
==> Drawing lip loss...
==> Process finished.
