==> torch device:  cuda:0
==> Test-Train split: test_ratio = 0.20
==> Test-Train split seed:  None
==> Further split: further_train_ratio = 1.00
==> Further split seed:  None
==> Input bias to be applied to the neural network:
[0. 0.]
==> Input transform to be applied to the neural network:
[1. 1.]
==> Ouput transform to be applied to the neural network:
[1. 1.]
==> Evaluating model...
==========================================================================================
Layer (type:depth-idx)                   Output Shape              Param #
==========================================================================================
NeuralNetwork                            [1, 2]                    6
├─Sequential: 1-1                        [1, 2]                    --
│    └─Linear: 2-1                       [1, 64]                   192
│    └─LeakyReLU: 2-2                    [1, 64]                   --
│    └─Linear: 2-3                       [1, 64]                   4,160
│    └─LeakyReLU: 2-4                    [1, 64]                   --
│    └─Linear: 2-5                       [1, 64]                   4,160
│    └─LeakyReLU: 2-6                    [1, 64]                   --
│    └─Linear: 2-7                       [1, 64]                   4,160
│    └─LeakyReLU: 2-8                    [1, 64]                   --
│    └─Linear: 2-9                       [1, 64]                   4,160
│    └─LeakyReLU: 2-10                   [1, 64]                   --
│    └─Linear: 2-11                      [1, 64]                   4,160
│    └─LeakyReLU: 2-12                   [1, 64]                   --
│    └─Linear: 2-13                      [1, 64]                   4,160
│    └─LeakyReLU: 2-14                   [1, 64]                   --
│    └─Linear: 2-15                      [1, 2]                    130
==========================================================================================
Total params: 25,288
Trainable params: 25,282
Non-trainable params: 6
Total mult-adds (M): 0.03
==========================================================================================
Input size (MB): 0.00
Forward/backward pass size (MB): 0.00
Params size (MB): 0.10
Estimated Total Size (MB): 0.10
==========================================================================================
==> Saving initial model weights...
==> Start training...
Epoch: 001 | Loss: 2.8319917 | L2 loss: 2.8319897 | Lip loss: 0.0000020 | Grad norm: 13.274312 | Time: 48s652ms
Epoch: 001 | Test Loss: 0.0574154 | Time: 536ms
==> Save the model at epoch 001 with test loss 0.0574154
Epoch: 002 | Loss: 0.0304045 | L2 loss: 0.0304024 | Lip loss: 0.0000021 | Grad norm: 5.796015 | Time: 44s954ms
Epoch: 002 | Test Loss: 0.0099340 | Time: 554ms
==> Save the model at epoch 002 with test loss 0.0099340
Epoch: 003 | Loss: 0.0233625 | L2 loss: 0.0233604 | Lip loss: 0.0000021 | Grad norm: 4.064986 | Time: 48s860ms
Epoch: 003 | Test Loss: 0.0155914 | Time: 538ms
Epoch: 004 | Loss: 0.0153400 | L2 loss: 0.0153380 | Lip loss: 0.0000020 | Grad norm: 2.765553 | Time: 46s408ms
Epoch: 004 | Test Loss: 0.0118294 | Time: 541ms
Epoch: 005 | Loss: 0.0168652 | L2 loss: 0.0168632 | Lip loss: 0.0000020 | Grad norm: 2.839694 | Time: 48s577ms
Epoch: 005 | Test Loss: 0.0140071 | Time: 536ms
Epoch: 006 | Loss: 0.0077250 | L2 loss: 0.0077230 | Lip loss: 0.0000020 | Grad norm: 0.522962 | Time: 45s972ms
Epoch: 006 | Test Loss: 0.0076056 | Time: 530ms
==> Save the model at epoch 006 with test loss 0.0076056
Epoch: 007 | Loss: 0.0076552 | L2 loss: 0.0076532 | Lip loss: 0.0000020 | Grad norm: 0.558821 | Time: 47s3ms
Epoch: 007 | Test Loss: 0.0074016 | Time: 548ms
==> Save the model at epoch 007 with test loss 0.0074016
Epoch: 008 | Loss: 0.0075906 | L2 loss: 0.0075886 | Lip loss: 0.0000020 | Grad norm: 0.501698 | Time: 48s984ms
Epoch: 008 | Test Loss: 0.0074505 | Time: 596ms
Epoch: 009 | Loss: 0.0076254 | L2 loss: 0.0076234 | Lip loss: 0.0000020 | Grad norm: 0.556379 | Time: 45s219ms
Epoch: 009 | Test Loss: 0.0073985 | Time: 590ms
==> Save the model at epoch 009 with test loss 0.0073985
Epoch: 010 | Loss: 0.0076499 | L2 loss: 0.0076478 | Lip loss: 0.0000020 | Grad norm: 0.556867 | Time: 44s831ms
Epoch: 010 | Test Loss: 0.0074235 | Time: 589ms
Epoch: 011 | Loss: 0.0073051 | L2 loss: 0.0073030 | Lip loss: 0.0000020 | Grad norm: 0.301859 | Time: 47s377ms
Epoch: 011 | Test Loss: 0.0071648 | Time: 536ms
==> Save the model at epoch 011 with test loss 0.0071648
Epoch: 012 | Loss: 0.0073041 | L2 loss: 0.0073020 | Lip loss: 0.0000020 | Grad norm: 0.317912 | Time: 49s65ms
Epoch: 012 | Test Loss: 0.0071599 | Time: 550ms
==> Save the model at epoch 012 with test loss 0.0071599
Epoch: 013 | Loss: 0.0073047 | L2 loss: 0.0073027 | Lip loss: 0.0000020 | Grad norm: 0.315086 | Time: 48s688ms
Epoch: 013 | Test Loss: 0.0071423 | Time: 529ms
==> Save the model at epoch 013 with test loss 0.0071423
Epoch: 014 | Loss: 0.0073004 | L2 loss: 0.0072984 | Lip loss: 0.0000020 | Grad norm: 0.311023 | Time: 46s145ms
Epoch: 014 | Test Loss: 0.0071879 | Time: 532ms
Epoch: 015 | Loss: 0.0073067 | L2 loss: 0.0073047 | Lip loss: 0.0000020 | Grad norm: 0.322703 | Time: 49s384ms
Epoch: 015 | Test Loss: 0.0071474 | Time: 561ms
Epoch: 016 | Loss: 0.0072634 | L2 loss: 0.0072614 | Lip loss: 0.0000020 | Grad norm: 0.274190 | Time: 48s947ms
Epoch: 016 | Test Loss: 0.0071316 | Time: 541ms
==> Save the model at epoch 016 with test loss 0.0071316
Epoch: 017 | Loss: 0.0072624 | L2 loss: 0.0072604 | Lip loss: 0.0000020 | Grad norm: 0.274543 | Time: 47s594ms
Epoch: 017 | Test Loss: 0.0071240 | Time: 535ms
==> Save the model at epoch 017 with test loss 0.0071240
Epoch: 018 | Loss: 0.0072612 | L2 loss: 0.0072592 | Lip loss: 0.0000020 | Grad norm: 0.269901 | Time: 44s958ms
Epoch: 018 | Test Loss: 0.0071254 | Time: 595ms
Epoch: 019 | Loss: 0.0072616 | L2 loss: 0.0072596 | Lip loss: 0.0000020 | Grad norm: 0.265494 | Time: 44s897ms
Epoch: 019 | Test Loss: 0.0071253 | Time: 589ms
Epoch: 020 | Loss: 0.0072615 | L2 loss: 0.0072595 | Lip loss: 0.0000020 | Grad norm: 0.273257 | Time: 44s998ms
Epoch: 020 | Test Loss: 0.0071382 | Time: 532ms
Epoch: 021 | Loss: 0.0072577 | L2 loss: 0.0072556 | Lip loss: 0.0000020 | Grad norm: 0.268956 | Time: 44s993ms
Epoch: 021 | Test Loss: 0.0071239 | Time: 525ms
==> Save the model at epoch 021 with test loss 0.0071239
Epoch: 022 | Loss: 0.0072562 | L2 loss: 0.0072542 | Lip loss: 0.0000020 | Grad norm: 0.264522 | Time: 45s429ms
Epoch: 022 | Test Loss: 0.0071233 | Time: 530ms
==> Save the model at epoch 022 with test loss 0.0071233
Epoch: 023 | Loss: 0.0072562 | L2 loss: 0.0072541 | Lip loss: 0.0000020 | Grad norm: 0.261663 | Time: 44s932ms
Epoch: 023 | Test Loss: 0.0071231 | Time: 527ms
==> Save the model at epoch 023 with test loss 0.0071231
Epoch: 024 | Loss: 0.0072560 | L2 loss: 0.0072540 | Lip loss: 0.0000020 | Grad norm: 0.272488 | Time: 44s936ms
Epoch: 024 | Test Loss: 0.0071235 | Time: 529ms
Epoch: 025 | Loss: 0.0072562 | L2 loss: 0.0072542 | Lip loss: 0.0000020 | Grad norm: 0.271189 | Time: 44s965ms
Epoch: 025 | Test Loss: 0.0071242 | Time: 532ms
Epoch: 026 | Loss: 0.0072555 | L2 loss: 0.0072535 | Lip loss: 0.0000020 | Grad norm: 0.268636 | Time: 44s980ms
Epoch: 026 | Test Loss: 0.0071240 | Time: 592ms
Epoch: 027 | Loss: 0.0072554 | L2 loss: 0.0072534 | Lip loss: 0.0000020 | Grad norm: 0.264047 | Time: 44s919ms
Epoch: 027 | Test Loss: 0.0071238 | Time: 590ms
Epoch: 028 | Loss: 0.0072554 | L2 loss: 0.0072534 | Lip loss: 0.0000020 | Grad norm: 0.269963 | Time: 44s961ms
Epoch: 028 | Test Loss: 0.0071238 | Time: 529ms
Epoch: 029 | Loss: 0.0072554 | L2 loss: 0.0072533 | Lip loss: 0.0000020 | Grad norm: 0.264616 | Time: 44s968ms
Epoch: 029 | Test Loss: 0.0071237 | Time: 529ms
Epoch: 030 | Loss: 0.0072553 | L2 loss: 0.0072533 | Lip loss: 0.0000020 | Grad norm: 0.272940 | Time: 44s973ms
Epoch: 030 | Test Loss: 0.0071237 | Time: 533ms
Epoch: 031 | Loss: 0.0072553 | L2 loss: 0.0072532 | Lip loss: 0.0000020 | Grad norm: 0.269149 | Time: 47s709ms
Epoch: 031 | Test Loss: 0.0071237 | Time: 537ms
Epoch: 032 | Loss: 0.0072553 | L2 loss: 0.0072532 | Lip loss: 0.0000020 | Grad norm: 0.266334 | Time: 48s727ms
Epoch: 032 | Test Loss: 0.0071237 | Time: 602ms
Epoch: 033 | Loss: 0.0072553 | L2 loss: 0.0072532 | Lip loss: 0.0000020 | Grad norm: 0.265074 | Time: 47s584ms
Epoch: 033 | Test Loss: 0.0071237 | Time: 593ms
Epoch: 034 | Loss: 0.0072553 | L2 loss: 0.0072532 | Lip loss: 0.0000020 | Grad norm: 0.266533 | Time: 44s992ms
Epoch: 034 | Test Loss: 0.0071237 | Time: 528ms
Epoch: 035 | Loss: 0.0072553 | L2 loss: 0.0072532 | Lip loss: 0.0000020 | Grad norm: 0.270238 | Time: 44s925ms
Epoch: 035 | Test Loss: 0.0071237 | Time: 533ms
Epoch: 036 | Loss: 0.0072553 | L2 loss: 0.0072532 | Lip loss: 0.0000020 | Grad norm: 0.263016 | Time: 45s1ms
Epoch: 036 | Test Loss: 0.0071237 | Time: 534ms
Epoch: 037 | Loss: 0.0072553 | L2 loss: 0.0072532 | Lip loss: 0.0000020 | Grad norm: 0.268255 | Time: 48s164ms
Epoch: 037 | Test Loss: 0.0071237 | Time: 538ms
Epoch: 038 | Loss: 0.0072553 | L2 loss: 0.0072532 | Lip loss: 0.0000020 | Grad norm: 0.265564 | Time: 49s52ms
Epoch: 038 | Test Loss: 0.0071237 | Time: 619ms
Epoch: 039 | Loss: 0.0072553 | L2 loss: 0.0072532 | Lip loss: 0.0000020 | Grad norm: 0.272420 | Time: 46s383ms
Epoch: 039 | Test Loss: 0.0071237 | Time: 601ms
Epoch: 040 | Loss: 0.0072553 | L2 loss: 0.0072532 | Lip loss: 0.0000020 | Grad norm: 0.265194 | Time: 45s394ms
Epoch: 040 | Test Loss: 0.0071237 | Time: 532ms
Total time: 31m21s
==> Saving trained model weights...
==> Input bias to be applied to the neural network (trained):
[0. 0.]
==> Input transform to be applied to the neural network (trained):
[1. 1.]
==> Output transform to be applied to the neural network (trained):
[1. 1.]
==> Saving training info...
==> Drawing training loss...
==> Drawing grad norm...
==> Drawing testing loss...
==> Drawing l2 loss...
==> Drawing lip loss...
==> Process finished.
