==> torch device:  cuda:1
==> Test-Train split: test_ratio = 0.20
==> Test-Train split seed:  None
==> Further split: further_train_ratio = 0.25
==> Further split seed:  None
==> Lipschitz constant: 8.00
==> Input bias to be applied to the neural network:
[0. 0. 0. 0.]
==> Input transform to be applied to the neural network:
[0.7072636  0.72212595 0.6760411  0.67349136]
==> Ouput transform to be applied to the neural network:
[0.2287 0.2871]
==> Evaluating model...
==========================================================================================
Layer (type:depth-idx)                   Output Shape              Param #
==========================================================================================
NeuralNetwork                            [1, 2]                    10
├─Sequential: 1-1                        [1, 2]                    --
│    └─SandwichFc: 2-1                   [1, 64]                   4,481
│    └─SandwichFc: 2-2                   [1, 64]                   8,321
│    └─SandwichFc: 2-3                   [1, 64]                   8,321
│    └─SandwichFc: 2-4                   [1, 64]                   8,321
│    └─SandwichFc: 2-5                   [1, 64]                   8,321
│    └─SandwichFc: 2-6                   [1, 64]                   8,321
│    └─SandwichFc: 2-7                   [1, 64]                   8,321
│    └─SandwichLin: 2-8                  [1, 2]                    135
├─Sequential: 1-2                        [1, 2]                    (recursive)
│    └─SandwichFc: 2-9                   [1, 64]                   (recursive)
│    └─SandwichFc: 2-10                  [1, 64]                   (recursive)
│    └─SandwichFc: 2-11                  [1, 64]                   (recursive)
│    └─SandwichFc: 2-12                  [1, 64]                   (recursive)
│    └─SandwichFc: 2-13                  [1, 64]                   (recursive)
│    └─SandwichFc: 2-14                  [1, 64]                   (recursive)
│    └─SandwichFc: 2-15                  [1, 64]                   (recursive)
│    └─SandwichLin: 2-16                 [1, 2]                    (recursive)
==========================================================================================
Total params: 54,552
Trainable params: 54,542
Non-trainable params: 10
Total mult-adds (Units.MEGABYTES): 0.11
==========================================================================================
Input size (MB): 0.00
Forward/backward pass size (MB): 0.01
Params size (MB): 0.22
Estimated Total Size (MB): 0.23
==========================================================================================
==> Saving initial model weights...
==> Start training...
==> Number of param_groups in optimizer: 1
Epoch: 001 | Train Loss: 0.1304166 | Grad norm: 0.255457 | Time: 4s615ms
Epoch: 001 | Test Loss: 0.1307793 | Time: 612ms
==> Save the model at epoch 001 with test loss 0.1307793
Epoch: 002 | Train Loss: 0.0170651 | Grad norm: 0.172698 | Time: 4s188ms
Epoch: 002 | Test Loss: 0.0113759 | Time: 635ms
==> Save the model at epoch 002 with test loss 0.0113759
Epoch: 003 | Train Loss: 0.0117413 | Grad norm: 0.104265 | Time: 4s191ms
Epoch: 003 | Test Loss: 0.0106142 | Time: 682ms
==> Save the model at epoch 003 with test loss 0.0106142
Epoch: 004 | Train Loss: 0.0117807 | Grad norm: 0.098234 | Time: 4s278ms
Epoch: 004 | Test Loss: 0.0113190 | Time: 614ms
Epoch: 005 | Train Loss: 0.0125776 | Grad norm: 0.124990 | Time: 4s138ms
Epoch: 005 | Test Loss: 0.0110250 | Time: 624ms
Epoch: 006 | Train Loss: 0.0116072 | Grad norm: 0.080649 | Time: 3s895ms
Epoch: 006 | Test Loss: 0.0116746 | Time: 613ms
Epoch: 007 | Train Loss: 0.0119215 | Grad norm: 0.082552 | Time: 4s328ms
Epoch: 007 | Test Loss: 0.0106535 | Time: 697ms
Epoch: 008 | Train Loss: 0.0115451 | Grad norm: 0.067378 | Time: 4s4ms
Epoch: 008 | Test Loss: 0.0104814 | Time: 616ms
==> Save the model at epoch 008 with test loss 0.0104814
Epoch: 009 | Train Loss: 0.0114602 | Grad norm: 0.063558 | Time: 4s35ms
Epoch: 009 | Test Loss: 0.0105838 | Time: 607ms
Epoch: 010 | Train Loss: 0.0109257 | Grad norm: 0.049820 | Time: 4s51ms
Epoch: 010 | Test Loss: 0.0102579 | Time: 610ms
==> Save the model at epoch 010 with test loss 0.0102579
Epoch: 011 | Train Loss: 0.0110034 | Grad norm: 0.049389 | Time: 4s130ms
Epoch: 011 | Test Loss: 0.0105659 | Time: 695ms
Epoch: 012 | Train Loss: 0.0105536 | Grad norm: 0.038673 | Time: 4s168ms
Epoch: 012 | Test Loss: 0.0103499 | Time: 611ms
Epoch: 013 | Train Loss: 0.0105150 | Grad norm: 0.039299 | Time: 4s90ms
Epoch: 013 | Test Loss: 0.0098102 | Time: 618ms
==> Save the model at epoch 013 with test loss 0.0098102
Epoch: 014 | Train Loss: 0.0105349 | Grad norm: 0.039495 | Time: 4s200ms
Epoch: 014 | Test Loss: 0.0101902 | Time: 610ms
Epoch: 015 | Train Loss: 0.0104735 | Grad norm: 0.038574 | Time: 4s276ms
Epoch: 015 | Test Loss: 0.0097828 | Time: 682ms
==> Save the model at epoch 015 with test loss 0.0097828
Epoch: 016 | Train Loss: 0.0101759 | Grad norm: 0.031887 | Time: 4s177ms
Epoch: 016 | Test Loss: 0.0097479 | Time: 625ms
==> Save the model at epoch 016 with test loss 0.0097479
Epoch: 017 | Train Loss: 0.0102809 | Grad norm: 0.035897 | Time: 4s146ms
Epoch: 017 | Test Loss: 0.0097531 | Time: 610ms
Epoch: 018 | Train Loss: 0.0100480 | Grad norm: 0.033529 | Time: 4s59ms
Epoch: 018 | Test Loss: 0.0095414 | Time: 609ms
==> Save the model at epoch 018 with test loss 0.0095414
Epoch: 019 | Train Loss: 0.0100515 | Grad norm: 0.035530 | Time: 4s284ms
Epoch: 019 | Test Loss: 0.0096165 | Time: 615ms
Epoch: 020 | Train Loss: 0.0099126 | Grad norm: 0.034328 | Time: 3s989ms
Epoch: 020 | Test Loss: 0.0098228 | Time: 619ms
Epoch: 021 | Train Loss: 0.0098253 | Grad norm: 0.033364 | Time: 4s105ms
Epoch: 021 | Test Loss: 0.0092441 | Time: 621ms
==> Save the model at epoch 021 with test loss 0.0092441
Epoch: 022 | Train Loss: 0.0097170 | Grad norm: 0.032898 | Time: 4s92ms
Epoch: 022 | Test Loss: 0.0091640 | Time: 607ms
==> Save the model at epoch 022 with test loss 0.0091640
Epoch: 023 | Train Loss: 0.0095147 | Grad norm: 0.029111 | Time: 4s87ms
Epoch: 023 | Test Loss: 0.0091174 | Time: 630ms
==> Save the model at epoch 023 with test loss 0.0091174
Epoch: 024 | Train Loss: 0.0096034 | Grad norm: 0.033861 | Time: 4s52ms
Epoch: 024 | Test Loss: 0.0092370 | Time: 626ms
Epoch: 025 | Train Loss: 0.0093917 | Grad norm: 0.028664 | Time: 4s217ms
Epoch: 025 | Test Loss: 0.0089412 | Time: 611ms
==> Save the model at epoch 025 with test loss 0.0089412
Epoch: 026 | Train Loss: 0.0093068 | Grad norm: 0.031863 | Time: 4s205ms
Epoch: 026 | Test Loss: 0.0092390 | Time: 618ms
Epoch: 027 | Train Loss: 0.0092778 | Grad norm: 0.031842 | Time: 4s262ms
Epoch: 027 | Test Loss: 0.0089924 | Time: 622ms
Epoch: 028 | Train Loss: 0.0091799 | Grad norm: 0.032151 | Time: 4s17ms
Epoch: 028 | Test Loss: 0.0088534 | Time: 619ms
==> Save the model at epoch 028 with test loss 0.0088534
Epoch: 029 | Train Loss: 0.0090646 | Grad norm: 0.030337 | Time: 4s96ms
Epoch: 029 | Test Loss: 0.0089324 | Time: 618ms
Epoch: 030 | Train Loss: 0.0088965 | Grad norm: 0.028600 | Time: 4s212ms
Epoch: 030 | Test Loss: 0.0087199 | Time: 612ms
==> Save the model at epoch 030 with test loss 0.0087199
Epoch: 031 | Train Loss: 0.0087795 | Grad norm: 0.027002 | Time: 4s230ms
Epoch: 031 | Test Loss: 0.0086073 | Time: 619ms
==> Save the model at epoch 031 with test loss 0.0086073
Epoch: 032 | Train Loss: 0.0087364 | Grad norm: 0.025660 | Time: 3s985ms
Epoch: 032 | Test Loss: 0.0084981 | Time: 627ms
==> Save the model at epoch 032 with test loss 0.0084981
Epoch: 033 | Train Loss: 0.0086543 | Grad norm: 0.027084 | Time: 4s201ms
Epoch: 033 | Test Loss: 0.0085829 | Time: 627ms
Epoch: 034 | Train Loss: 0.0085646 | Grad norm: 0.024902 | Time: 4s74ms
Epoch: 034 | Test Loss: 0.0084540 | Time: 612ms
==> Save the model at epoch 034 with test loss 0.0084540
Epoch: 035 | Train Loss: 0.0084943 | Grad norm: 0.023993 | Time: 3s954ms
Epoch: 035 | Test Loss: 0.0084252 | Time: 617ms
==> Save the model at epoch 035 with test loss 0.0084252
Epoch: 036 | Train Loss: 0.0084166 | Grad norm: 0.023685 | Time: 4s82ms
Epoch: 036 | Test Loss: 0.0083136 | Time: 611ms
==> Save the model at epoch 036 with test loss 0.0083136
Epoch: 037 | Train Loss: 0.0083912 | Grad norm: 0.023581 | Time: 3s904ms
Epoch: 037 | Test Loss: 0.0082858 | Time: 609ms
==> Save the model at epoch 037 with test loss 0.0082858
Epoch: 038 | Train Loss: 0.0083428 | Grad norm: 0.022627 | Time: 3s867ms
Epoch: 038 | Test Loss: 0.0082716 | Time: 693ms
==> Save the model at epoch 038 with test loss 0.0082716
Epoch: 039 | Train Loss: 0.0083052 | Grad norm: 0.022133 | Time: 4s37ms
Epoch: 039 | Test Loss: 0.0082503 | Time: 627ms
==> Save the model at epoch 039 with test loss 0.0082503
Epoch: 040 | Train Loss: 0.0082818 | Grad norm: 0.022098 | Time: 4s993ms
Epoch: 040 | Test Loss: 0.0082439 | Time: 618ms
==> Save the model at epoch 040 with test loss 0.0082439
Total time: 3m11s
==> Saving trained model weights...
==> Input bias to be applied to the neural network (trained):
[0. 0. 0. 0.]
==> Input transform to be applied to the neural network (trained):
[0.7072636  0.72212595 0.6760411  0.67349136]
==> Output transform to be applied to the neural network (trained):
[0.2287 0.2871]
==> Saving training info...
==> Drawing training loss...
==> Drawing grad norm...
==> Drawing testing loss...
==> Process finished.
