==> torch device:  cuda:3
==> Test-Train split: test_ratio = 0.20
==> Test-Train split seed:  None
==> Further split: further_train_ratio = 0.25
==> Further split seed:  None
==> Input bias to be applied to the neural network:
[0. 0. 0. 0.]
==> Input transform to be applied to the neural network:
[1. 1. 1. 1.]
==> Ouput transform to be applied to the neural network:
[1. 1.]
==> Evaluating model...
==========================================================================================
Layer (type:depth-idx)                   Output Shape              Param #
==========================================================================================
NeuralNetwork                            [1, 2]                    10
├─Sequential: 1-1                        [1, 2]                    --
│    └─Linear: 2-1                       [1, 64]                   320
│    └─LeakyReLU: 2-2                    [1, 64]                   --
│    └─Linear: 2-3                       [1, 64]                   4,160
│    └─LeakyReLU: 2-4                    [1, 64]                   --
│    └─Linear: 2-5                       [1, 64]                   4,160
│    └─LeakyReLU: 2-6                    [1, 64]                   --
│    └─Linear: 2-7                       [1, 64]                   4,160
│    └─LeakyReLU: 2-8                    [1, 64]                   --
│    └─Linear: 2-9                       [1, 64]                   4,160
│    └─LeakyReLU: 2-10                   [1, 64]                   --
│    └─Linear: 2-11                      [1, 64]                   4,160
│    └─LeakyReLU: 2-12                   [1, 64]                   --
│    └─Linear: 2-13                      [1, 64]                   4,160
│    └─LeakyReLU: 2-14                   [1, 64]                   --
│    └─Linear: 2-15                      [1, 2]                    130
==========================================================================================
Total params: 25,420
Trainable params: 25,410
Non-trainable params: 10
Total mult-adds (Units.MEGABYTES): 0.03
==========================================================================================
Input size (MB): 0.00
Forward/backward pass size (MB): 0.00
Params size (MB): 0.10
Estimated Total Size (MB): 0.11
==========================================================================================
==> Saving initial model weights...
==> Start training...
Epoch: 001 | Loss: 0.0014092 | L2 loss: 0.0014013 | Lip loss: 0.0000079 | Grad norm: 0.027467 | Time: 8s634ms
Epoch: 001 | Test Loss: 0.0008264 | Time: 489ms
==> Save the model at epoch 001 with test loss 0.0008264
Epoch: 002 | Loss: 0.0008209 | L2 loss: 0.0008135 | Lip loss: 0.0000074 | Grad norm: 0.005644 | Time: 8s575ms
Epoch: 002 | Test Loss: 0.0008072 | Time: 565ms
==> Save the model at epoch 002 with test loss 0.0008072
Epoch: 003 | Loss: 0.0007984 | L2 loss: 0.0007510 | Lip loss: 0.0000475 | Grad norm: 0.004904 | Time: 8s389ms
Epoch: 003 | Test Loss: 0.0006149 | Time: 486ms
==> Save the model at epoch 003 with test loss 0.0006149
Epoch: 004 | Loss: 0.0007764 | L2 loss: 0.0005801 | Lip loss: 0.0001963 | Grad norm: 0.006697 | Time: 8s785ms
Epoch: 004 | Test Loss: 0.0004859 | Time: 499ms
==> Save the model at epoch 004 with test loss 0.0004859
Epoch: 005 | Loss: 0.0007839 | L2 loss: 0.0005171 | Lip loss: 0.0002668 | Grad norm: 0.006797 | Time: 8s607ms
Epoch: 005 | Test Loss: 0.0005415 | Time: 492ms
Epoch: 006 | Loss: 0.0007596 | L2 loss: 0.0005166 | Lip loss: 0.0002430 | Grad norm: 0.004019 | Time: 8s358ms
Epoch: 006 | Test Loss: 0.0005091 | Time: 499ms
Epoch: 007 | Loss: 0.0007332 | L2 loss: 0.0004863 | Lip loss: 0.0002469 | Grad norm: 0.004220 | Time: 8s316ms
Epoch: 007 | Test Loss: 0.0004803 | Time: 484ms
==> Save the model at epoch 007 with test loss 0.0004803
Epoch: 008 | Loss: 0.0007073 | L2 loss: 0.0004508 | Lip loss: 0.0002565 | Grad norm: 0.004281 | Time: 8s443ms
Epoch: 008 | Test Loss: 0.0004425 | Time: 503ms
==> Save the model at epoch 008 with test loss 0.0004425
Epoch: 009 | Loss: 0.0007091 | L2 loss: 0.0004208 | Lip loss: 0.0002882 | Grad norm: 0.003915 | Time: 8s469ms
Epoch: 009 | Test Loss: 0.0004171 | Time: 486ms
==> Save the model at epoch 009 with test loss 0.0004171
Epoch: 010 | Loss: 0.0007269 | L2 loss: 0.0004035 | Lip loss: 0.0003234 | Grad norm: 0.004145 | Time: 8s619ms
Epoch: 010 | Test Loss: 0.0004075 | Time: 494ms
==> Save the model at epoch 010 with test loss 0.0004075
Epoch: 011 | Loss: 0.0007037 | L2 loss: 0.0003989 | Lip loss: 0.0003048 | Grad norm: 0.003623 | Time: 8s252ms
Epoch: 011 | Test Loss: 0.0004016 | Time: 494ms
==> Save the model at epoch 011 with test loss 0.0004016
Epoch: 012 | Loss: 0.0006808 | L2 loss: 0.0003947 | Lip loss: 0.0002861 | Grad norm: 0.003633 | Time: 8s390ms
Epoch: 012 | Test Loss: 0.0003969 | Time: 489ms
==> Save the model at epoch 012 with test loss 0.0003969
Epoch: 013 | Loss: 0.0007108 | L2 loss: 0.0003906 | Lip loss: 0.0003201 | Grad norm: 0.003660 | Time: 8s505ms
Epoch: 013 | Test Loss: 0.0003933 | Time: 562ms
==> Save the model at epoch 013 with test loss 0.0003933
Epoch: 014 | Loss: 0.0007213 | L2 loss: 0.0003878 | Lip loss: 0.0003336 | Grad norm: 0.004050 | Time: 8s399ms
Epoch: 014 | Test Loss: 0.0003924 | Time: 502ms
==> Save the model at epoch 014 with test loss 0.0003924
Epoch: 015 | Loss: 0.0007104 | L2 loss: 0.0003863 | Lip loss: 0.0003241 | Grad norm: 0.003800 | Time: 8s684ms
Epoch: 015 | Test Loss: 0.0003905 | Time: 499ms
==> Save the model at epoch 015 with test loss 0.0003905
Epoch: 016 | Loss: 0.0007087 | L2 loss: 0.0003853 | Lip loss: 0.0003234 | Grad norm: 0.003645 | Time: 8s729ms
Epoch: 016 | Test Loss: 0.0003902 | Time: 557ms
==> Save the model at epoch 016 with test loss 0.0003902
Epoch: 017 | Loss: 0.0007214 | L2 loss: 0.0003854 | Lip loss: 0.0003361 | Grad norm: 0.003990 | Time: 8s415ms
Epoch: 017 | Test Loss: 0.0003902 | Time: 490ms
Epoch: 018 | Loss: 0.0007172 | L2 loss: 0.0003852 | Lip loss: 0.0003320 | Grad norm: 0.003753 | Time: 8s458ms
Epoch: 018 | Test Loss: 0.0003899 | Time: 503ms
==> Save the model at epoch 018 with test loss 0.0003899
Epoch: 019 | Loss: 0.0007263 | L2 loss: 0.0003851 | Lip loss: 0.0003412 | Grad norm: 0.004066 | Time: 8s426ms
Epoch: 019 | Test Loss: 0.0003901 | Time: 492ms
Epoch: 020 | Loss: 0.0007160 | L2 loss: 0.0003854 | Lip loss: 0.0003306 | Grad norm: 0.003672 | Time: 8s502ms
Epoch: 020 | Test Loss: 0.0003902 | Time: 484ms
Epoch: 021 | Loss: 0.0007256 | L2 loss: 0.0003852 | Lip loss: 0.0003404 | Grad norm: 0.003816 | Time: 8s313ms
Epoch: 021 | Test Loss: 0.0003902 | Time: 496ms
Epoch: 022 | Loss: 0.0006976 | L2 loss: 0.0003853 | Lip loss: 0.0003123 | Grad norm: 0.003601 | Time: 8s422ms
Epoch: 022 | Test Loss: 0.0003902 | Time: 501ms
Epoch: 023 | Loss: 0.0006954 | L2 loss: 0.0003852 | Lip loss: 0.0003102 | Grad norm: 0.003625 | Time: 8s487ms
Epoch: 023 | Test Loss: 0.0003901 | Time: 501ms
Epoch: 024 | Loss: 0.0007147 | L2 loss: 0.0003852 | Lip loss: 0.0003296 | Grad norm: 0.003857 | Time: 8s385ms
Epoch: 024 | Test Loss: 0.0003901 | Time: 560ms
Epoch: 025 | Loss: 0.0007130 | L2 loss: 0.0003853 | Lip loss: 0.0003278 | Grad norm: 0.003657 | Time: 8s172ms
Epoch: 025 | Test Loss: 0.0003901 | Time: 486ms
Epoch: 026 | Loss: 0.0007321 | L2 loss: 0.0003853 | Lip loss: 0.0003468 | Grad norm: 0.004098 | Time: 8s327ms
Epoch: 026 | Test Loss: 0.0003901 | Time: 492ms
Epoch: 027 | Loss: 0.0006811 | L2 loss: 0.0003853 | Lip loss: 0.0002958 | Grad norm: 0.003676 | Time: 8s321ms
Epoch: 027 | Test Loss: 0.0003901 | Time: 560ms
Epoch: 028 | Loss: 0.0006919 | L2 loss: 0.0003853 | Lip loss: 0.0003066 | Grad norm: 0.003585 | Time: 8s561ms
Epoch: 028 | Test Loss: 0.0003901 | Time: 508ms
Epoch: 029 | Loss: 0.0006867 | L2 loss: 0.0003852 | Lip loss: 0.0003015 | Grad norm: 0.003858 | Time: 8s249ms
Epoch: 029 | Test Loss: 0.0003901 | Time: 501ms
Epoch: 030 | Loss: 0.0006824 | L2 loss: 0.0003851 | Lip loss: 0.0002973 | Grad norm: 0.003924 | Time: 8s196ms
Epoch: 030 | Test Loss: 0.0003901 | Time: 506ms
Epoch: 031 | Loss: 0.0007161 | L2 loss: 0.0003851 | Lip loss: 0.0003309 | Grad norm: 0.004056 | Time: 8s443ms
Epoch: 031 | Test Loss: 0.0003901 | Time: 492ms
Epoch: 032 | Loss: 0.0006820 | L2 loss: 0.0003851 | Lip loss: 0.0002969 | Grad norm: 0.003623 | Time: 8s173ms
Epoch: 032 | Test Loss: 0.0003901 | Time: 492ms
Epoch: 033 | Loss: 0.0007162 | L2 loss: 0.0003852 | Lip loss: 0.0003310 | Grad norm: 0.003743 | Time: 8s257ms
Epoch: 033 | Test Loss: 0.0003901 | Time: 487ms
Epoch: 034 | Loss: 0.0006868 | L2 loss: 0.0003852 | Lip loss: 0.0003017 | Grad norm: 0.003785 | Time: 8s66ms
Epoch: 034 | Test Loss: 0.0003901 | Time: 484ms
Epoch: 035 | Loss: 0.0007035 | L2 loss: 0.0003852 | Lip loss: 0.0003183 | Grad norm: 0.003643 | Time: 8s201ms
Epoch: 035 | Test Loss: 0.0003901 | Time: 587ms
Epoch: 036 | Loss: 0.0007109 | L2 loss: 0.0003852 | Lip loss: 0.0003257 | Grad norm: 0.003790 | Time: 8s204ms
Epoch: 036 | Test Loss: 0.0003901 | Time: 490ms
Epoch: 037 | Loss: 0.0007072 | L2 loss: 0.0003853 | Lip loss: 0.0003219 | Grad norm: 0.003665 | Time: 8s180ms
Epoch: 037 | Test Loss: 0.0003901 | Time: 490ms
Epoch: 038 | Loss: 0.0006832 | L2 loss: 0.0003852 | Lip loss: 0.0002980 | Grad norm: 0.003474 | Time: 8s255ms
Epoch: 038 | Test Loss: 0.0003901 | Time: 587ms
Epoch: 039 | Loss: 0.0007212 | L2 loss: 0.0003852 | Lip loss: 0.0003361 | Grad norm: 0.003837 | Time: 8s437ms
Epoch: 039 | Test Loss: 0.0003901 | Time: 489ms
Epoch: 040 | Loss: 0.0006915 | L2 loss: 0.0003852 | Lip loss: 0.0003064 | Grad norm: 0.003887 | Time: 8s297ms
Epoch: 040 | Test Loss: 0.0003901 | Time: 514ms
Total time: 5m56s
==> Saving trained model weights...
==> Input bias to be applied to the neural network (trained):
[0. 0. 0. 0.]
==> Input transform to be applied to the neural network (trained):
[1. 1. 1. 1.]
==> Output transform to be applied to the neural network (trained):
[1. 1.]
==> Saving training info...
==> Drawing training loss...
==> Drawing grad norm...
==> Drawing testing loss...
==> Drawing l2 loss...
==> Drawing lip loss...
==> Process finished.
