==> torch device:  cuda:3
==> Test-Train split: test_ratio = 0.20
==> Test-Train split seed:  None
==> Further split: further_train_ratio = 0.25
==> Further split seed:  None
==> Input bias to be applied to the neural network:
[0. 0. 0. 0.]
==> Input transform to be applied to the neural network:
[1. 1. 1. 1.]
==> Ouput transform to be applied to the neural network:
[1. 1.]
==> Evaluating model...
==========================================================================================
Layer (type:depth-idx)                   Output Shape              Param #
==========================================================================================
NeuralNetwork                            [1, 2]                    10
├─Sequential: 1-1                        [1, 2]                    --
│    └─Linear: 2-1                       [1, 64]                   320
│    └─LeakyReLU: 2-2                    [1, 64]                   --
│    └─Linear: 2-3                       [1, 64]                   4,160
│    └─LeakyReLU: 2-4                    [1, 64]                   --
│    └─Linear: 2-5                       [1, 64]                   4,160
│    └─LeakyReLU: 2-6                    [1, 64]                   --
│    └─Linear: 2-7                       [1, 64]                   4,160
│    └─LeakyReLU: 2-8                    [1, 64]                   --
│    └─Linear: 2-9                       [1, 64]                   4,160
│    └─LeakyReLU: 2-10                   [1, 64]                   --
│    └─Linear: 2-11                      [1, 64]                   4,160
│    └─LeakyReLU: 2-12                   [1, 64]                   --
│    └─Linear: 2-13                      [1, 64]                   4,160
│    └─LeakyReLU: 2-14                   [1, 64]                   --
│    └─Linear: 2-15                      [1, 2]                    130
==========================================================================================
Total params: 25,420
Trainable params: 25,410
Non-trainable params: 10
Total mult-adds (Units.MEGABYTES): 0.03
==========================================================================================
Input size (MB): 0.00
Forward/backward pass size (MB): 0.00
Params size (MB): 0.10
Estimated Total Size (MB): 0.11
==========================================================================================
==> Saving initial model weights...
==> Start training...
Epoch: 001 | Loss: 0.0466916 | L2 loss: 0.0466916 | Lip loss: 0.0000000 | Grad norm: 0.113621 | Time: 8s784ms
Epoch: 001 | Test Loss: 0.0101676 | Time: 502ms
==> Save the model at epoch 001 with test loss 0.0101676
Epoch: 002 | Loss: 0.0108980 | L2 loss: 0.0108979 | Lip loss: 0.0000000 | Grad norm: 0.067546 | Time: 8s881ms
Epoch: 002 | Test Loss: 0.0099984 | Time: 570ms
==> Save the model at epoch 002 with test loss 0.0099984
Epoch: 003 | Loss: 0.0107024 | L2 loss: 0.0107024 | Lip loss: 0.0000000 | Grad norm: 0.059831 | Time: 8s856ms
Epoch: 003 | Test Loss: 0.0098785 | Time: 503ms
==> Save the model at epoch 003 with test loss 0.0098785
Epoch: 004 | Loss: 0.0105669 | L2 loss: 0.0105669 | Lip loss: 0.0000000 | Grad norm: 0.051430 | Time: 8s750ms
Epoch: 004 | Test Loss: 0.0098888 | Time: 501ms
Epoch: 005 | Loss: 0.0105388 | L2 loss: 0.0105388 | Lip loss: 0.0000000 | Grad norm: 0.056934 | Time: 8s595ms
Epoch: 005 | Test Loss: 0.0097027 | Time: 513ms
==> Save the model at epoch 005 with test loss 0.0097027
Epoch: 006 | Loss: 0.0102797 | L2 loss: 0.0102797 | Lip loss: 0.0000000 | Grad norm: 0.031611 | Time: 8s941ms
Epoch: 006 | Test Loss: 0.0095608 | Time: 498ms
==> Save the model at epoch 006 with test loss 0.0095608
Epoch: 007 | Loss: 0.0102180 | L2 loss: 0.0102180 | Lip loss: 0.0000000 | Grad norm: 0.030908 | Time: 8s490ms
Epoch: 007 | Test Loss: 0.0095608 | Time: 511ms
==> Save the model at epoch 007 with test loss 0.0095608
Epoch: 008 | Loss: 0.0102002 | L2 loss: 0.0102002 | Lip loss: 0.0000000 | Grad norm: 0.030867 | Time: 8s582ms
Epoch: 008 | Test Loss: 0.0095521 | Time: 492ms
==> Save the model at epoch 008 with test loss 0.0095521
Epoch: 009 | Loss: 0.0102150 | L2 loss: 0.0102149 | Lip loss: 0.0000000 | Grad norm: 0.034135 | Time: 8s499ms
Epoch: 009 | Test Loss: 0.0095561 | Time: 493ms
Epoch: 010 | Loss: 0.0102166 | L2 loss: 0.0102166 | Lip loss: 0.0000000 | Grad norm: 0.032885 | Time: 8s462ms
Epoch: 010 | Test Loss: 0.0095610 | Time: 552ms
Epoch: 011 | Loss: 0.0101636 | L2 loss: 0.0101636 | Lip loss: 0.0000000 | Grad norm: 0.029145 | Time: 8s464ms
Epoch: 011 | Test Loss: 0.0095285 | Time: 493ms
==> Save the model at epoch 011 with test loss 0.0095285
Epoch: 012 | Loss: 0.0101567 | L2 loss: 0.0101567 | Lip loss: 0.0000000 | Grad norm: 0.028626 | Time: 8s304ms
Epoch: 012 | Test Loss: 0.0095242 | Time: 527ms
==> Save the model at epoch 012 with test loss 0.0095242
Epoch: 013 | Loss: 0.0101540 | L2 loss: 0.0101539 | Lip loss: 0.0000000 | Grad norm: 0.027196 | Time: 8s719ms
Epoch: 013 | Test Loss: 0.0095286 | Time: 582ms
Epoch: 014 | Loss: 0.0101759 | L2 loss: 0.0101758 | Lip loss: 0.0000000 | Grad norm: 0.029468 | Time: 8s539ms
Epoch: 014 | Test Loss: 0.0095223 | Time: 512ms
==> Save the model at epoch 014 with test loss 0.0095223
Epoch: 015 | Loss: 0.0101773 | L2 loss: 0.0101773 | Lip loss: 0.0000000 | Grad norm: 0.027083 | Time: 8s735ms
Epoch: 015 | Test Loss: 0.0095220 | Time: 496ms
==> Save the model at epoch 015 with test loss 0.0095220
Epoch: 016 | Loss: 0.0101556 | L2 loss: 0.0101555 | Lip loss: 0.0000000 | Grad norm: 0.028346 | Time: 8s613ms
Epoch: 016 | Test Loss: 0.0095206 | Time: 568ms
==> Save the model at epoch 016 with test loss 0.0095206
Epoch: 017 | Loss: 0.0101494 | L2 loss: 0.0101494 | Lip loss: 0.0000000 | Grad norm: 0.029547 | Time: 8s375ms
Epoch: 017 | Test Loss: 0.0095204 | Time: 501ms
==> Save the model at epoch 017 with test loss 0.0095204
Epoch: 018 | Loss: 0.0101594 | L2 loss: 0.0101594 | Lip loss: 0.0000000 | Grad norm: 0.026687 | Time: 8s533ms
Epoch: 018 | Test Loss: 0.0095206 | Time: 507ms
Epoch: 019 | Loss: 0.0101546 | L2 loss: 0.0101546 | Lip loss: 0.0000000 | Grad norm: 0.028373 | Time: 8s887ms
Epoch: 019 | Test Loss: 0.0095201 | Time: 498ms
==> Save the model at epoch 019 with test loss 0.0095201
Epoch: 020 | Loss: 0.0101544 | L2 loss: 0.0101544 | Lip loss: 0.0000000 | Grad norm: 0.026153 | Time: 8s506ms
Epoch: 020 | Test Loss: 0.0095200 | Time: 502ms
==> Save the model at epoch 020 with test loss 0.0095200
Epoch: 021 | Loss: 0.0101482 | L2 loss: 0.0101482 | Lip loss: 0.0000000 | Grad norm: 0.028260 | Time: 8s557ms
Epoch: 021 | Test Loss: 0.0095200 | Time: 503ms
Epoch: 022 | Loss: 0.0101548 | L2 loss: 0.0101548 | Lip loss: 0.0000000 | Grad norm: 0.028178 | Time: 8s657ms
Epoch: 022 | Test Loss: 0.0095200 | Time: 508ms
Epoch: 023 | Loss: 0.0101490 | L2 loss: 0.0101489 | Lip loss: 0.0000000 | Grad norm: 0.028289 | Time: 8s323ms
Epoch: 023 | Test Loss: 0.0095200 | Time: 515ms
Epoch: 024 | Loss: 0.0101471 | L2 loss: 0.0101471 | Lip loss: 0.0000000 | Grad norm: 0.028339 | Time: 8s268ms
Epoch: 024 | Test Loss: 0.0095200 | Time: 572ms
Epoch: 025 | Loss: 0.0101470 | L2 loss: 0.0101470 | Lip loss: 0.0000000 | Grad norm: 0.027442 | Time: 8s295ms
Epoch: 025 | Test Loss: 0.0095200 | Time: 506ms
Epoch: 026 | Loss: 0.0101557 | L2 loss: 0.0101557 | Lip loss: 0.0000000 | Grad norm: 0.027220 | Time: 8s693ms
Epoch: 026 | Test Loss: 0.0095200 | Time: 500ms
Epoch: 027 | Loss: 0.0101544 | L2 loss: 0.0101544 | Lip loss: 0.0000000 | Grad norm: 0.028655 | Time: 8s649ms
Epoch: 027 | Test Loss: 0.0095200 | Time: 561ms
Epoch: 028 | Loss: 0.0101545 | L2 loss: 0.0101545 | Lip loss: 0.0000000 | Grad norm: 0.027636 | Time: 8s623ms
Epoch: 028 | Test Loss: 0.0095200 | Time: 503ms
Epoch: 029 | Loss: 0.0101497 | L2 loss: 0.0101497 | Lip loss: 0.0000000 | Grad norm: 0.027110 | Time: 8s397ms
Epoch: 029 | Test Loss: 0.0095200 | Time: 505ms
Epoch: 030 | Loss: 0.0101530 | L2 loss: 0.0101530 | Lip loss: 0.0000000 | Grad norm: 0.028025 | Time: 8s783ms
Epoch: 030 | Test Loss: 0.0095200 | Time: 503ms
Epoch: 031 | Loss: 0.0101462 | L2 loss: 0.0101462 | Lip loss: 0.0000000 | Grad norm: 0.026718 | Time: 8s689ms
Epoch: 031 | Test Loss: 0.0095200 | Time: 498ms
Epoch: 032 | Loss: 0.0101487 | L2 loss: 0.0101487 | Lip loss: 0.0000000 | Grad norm: 0.025482 | Time: 8s578ms
Epoch: 032 | Test Loss: 0.0095200 | Time: 495ms
Epoch: 033 | Loss: 0.0101497 | L2 loss: 0.0101497 | Lip loss: 0.0000000 | Grad norm: 0.028062 | Time: 8s767ms
Epoch: 033 | Test Loss: 0.0095200 | Time: 495ms
Epoch: 034 | Loss: 0.0101519 | L2 loss: 0.0101519 | Lip loss: 0.0000000 | Grad norm: 0.027417 | Time: 9s142ms
Epoch: 034 | Test Loss: 0.0095200 | Time: 496ms
Epoch: 035 | Loss: 0.0101493 | L2 loss: 0.0101493 | Lip loss: 0.0000000 | Grad norm: 0.028419 | Time: 8s391ms
Epoch: 035 | Test Loss: 0.0095200 | Time: 582ms
Epoch: 036 | Loss: 0.0101520 | L2 loss: 0.0101520 | Lip loss: 0.0000000 | Grad norm: 0.026033 | Time: 8s773ms
Epoch: 036 | Test Loss: 0.0095200 | Time: 496ms
Epoch: 037 | Loss: 0.0101501 | L2 loss: 0.0101501 | Lip loss: 0.0000000 | Grad norm: 0.028707 | Time: 8s400ms
Epoch: 037 | Test Loss: 0.0095200 | Time: 505ms
Epoch: 038 | Loss: 0.0101499 | L2 loss: 0.0101499 | Lip loss: 0.0000000 | Grad norm: 0.029971 | Time: 8s693ms
Epoch: 038 | Test Loss: 0.0095200 | Time: 561ms
Epoch: 039 | Loss: 0.0101613 | L2 loss: 0.0101612 | Lip loss: 0.0000000 | Grad norm: 0.028577 | Time: 8s910ms
Epoch: 039 | Test Loss: 0.0095200 | Time: 515ms
Epoch: 040 | Loss: 0.0101563 | L2 loss: 0.0101563 | Lip loss: 0.0000000 | Grad norm: 0.028413 | Time: 8s637ms
Epoch: 040 | Test Loss: 0.0095200 | Time: 494ms
Total time: 6m5s
==> Saving trained model weights...
==> Input bias to be applied to the neural network (trained):
[0. 0. 0. 0.]
==> Input transform to be applied to the neural network (trained):
[1. 1. 1. 1.]
==> Output transform to be applied to the neural network (trained):
[1. 1.]
==> Saving training info...
==> Drawing training loss...
==> Drawing grad norm...
==> Drawing testing loss...
==> Drawing l2 loss...
==> Drawing lip loss...
==> Process finished.
