==> torch device:  cuda:1
==> Test-Train split: test_ratio = 0.20
==> Test-Train split seed:  None
==> Further split: further_train_ratio = 1.00
==> Further split seed:  None
==> Input bias to be applied to the neural network:
[0. 0. 0. 0.]
==> Input transform to be applied to the neural network:
[1. 1. 1. 1.]
==> Ouput transform to be applied to the neural network:
[1. 1.]
==> Evaluating model...
==========================================================================================
Layer (type:depth-idx)                   Output Shape              Param #
==========================================================================================
NeuralNetwork                            [1, 2]                    10
├─Sequential: 1-1                        [1, 2]                    --
│    └─Linear: 2-1                       [1, 64]                   320
│    └─LeakyReLU: 2-2                    [1, 64]                   --
│    └─Linear: 2-3                       [1, 64]                   4,160
│    └─LeakyReLU: 2-4                    [1, 64]                   --
│    └─Linear: 2-5                       [1, 64]                   4,160
│    └─LeakyReLU: 2-6                    [1, 64]                   --
│    └─Linear: 2-7                       [1, 64]                   4,160
│    └─LeakyReLU: 2-8                    [1, 64]                   --
│    └─Linear: 2-9                       [1, 64]                   4,160
│    └─LeakyReLU: 2-10                   [1, 64]                   --
│    └─Linear: 2-11                      [1, 64]                   4,160
│    └─LeakyReLU: 2-12                   [1, 64]                   --
│    └─Linear: 2-13                      [1, 64]                   4,160
│    └─LeakyReLU: 2-14                   [1, 64]                   --
│    └─Linear: 2-15                      [1, 2]                    130
==========================================================================================
Total params: 25,420
Trainable params: 25,410
Non-trainable params: 10
Total mult-adds (Units.MEGABYTES): 0.03
==========================================================================================
Input size (MB): 0.00
Forward/backward pass size (MB): 0.00
Params size (MB): 0.10
Estimated Total Size (MB): 0.11
==========================================================================================
==> Saving initial model weights...
==> Start training...
Epoch: 001 | Loss: 0.0016113 | L2 loss: 0.0015776 | Lip loss: 0.0000337 | Grad norm: 0.013616 | Time: 34s629ms
Epoch: 001 | Test Loss: 0.0013178 | Time: 504ms
==> Save the model at epoch 001 with test loss 0.0013178
Epoch: 002 | Loss: 0.0013182 | L2 loss: 0.0013162 | Lip loss: 0.0000020 | Grad norm: 0.006470 | Time: 34s571ms
Epoch: 002 | Test Loss: 0.0013130 | Time: 508ms
==> Save the model at epoch 002 with test loss 0.0013130
Epoch: 003 | Loss: 0.0013179 | L2 loss: 0.0013166 | Lip loss: 0.0000012 | Grad norm: 0.006429 | Time: 35s209ms
Epoch: 003 | Test Loss: 0.0013122 | Time: 496ms
==> Save the model at epoch 003 with test loss 0.0013122
Epoch: 004 | Loss: 0.0013180 | L2 loss: 0.0013173 | Lip loss: 0.0000007 | Grad norm: 0.006575 | Time: 34s976ms
Epoch: 004 | Test Loss: 0.0013265 | Time: 509ms
Epoch: 005 | Loss: 0.0013181 | L2 loss: 0.0013177 | Lip loss: 0.0000004 | Grad norm: 0.006891 | Time: 35s66ms
Epoch: 005 | Test Loss: 0.0013108 | Time: 509ms
==> Save the model at epoch 005 with test loss 0.0013108
Epoch: 006 | Loss: 0.0013127 | L2 loss: 0.0013126 | Lip loss: 0.0000001 | Grad norm: 0.004800 | Time: 35s598ms
Epoch: 006 | Test Loss: 0.0013115 | Time: 570ms
Epoch: 007 | Loss: 0.0013129 | L2 loss: 0.0013129 | Lip loss: 0.0000001 | Grad norm: 0.005009 | Time: 34s863ms
Epoch: 007 | Test Loss: 0.0013124 | Time: 575ms
Epoch: 008 | Loss: 0.0013129 | L2 loss: 0.0013129 | Lip loss: 0.0000001 | Grad norm: 0.004880 | Time: 35s454ms
Epoch: 008 | Test Loss: 0.0013112 | Time: 499ms
Epoch: 009 | Loss: 0.0013129 | L2 loss: 0.0013128 | Lip loss: 0.0000001 | Grad norm: 0.004953 | Time: 35s574ms
Epoch: 009 | Test Loss: 0.0013111 | Time: 515ms
Epoch: 010 | Loss: 0.0013129 | L2 loss: 0.0013128 | Lip loss: 0.0000001 | Grad norm: 0.005029 | Time: 34s654ms
Epoch: 010 | Test Loss: 0.0013118 | Time: 568ms
Epoch: 011 | Loss: 0.0013123 | L2 loss: 0.0013123 | Lip loss: 0.0000000 | Grad norm: 0.004555 | Time: 34s552ms
Epoch: 011 | Test Loss: 0.0013107 | Time: 502ms
==> Save the model at epoch 011 with test loss 0.0013107
Epoch: 012 | Loss: 0.0013123 | L2 loss: 0.0013122 | Lip loss: 0.0000000 | Grad norm: 0.004627 | Time: 35s343ms
Epoch: 012 | Test Loss: 0.0013107 | Time: 506ms
==> Save the model at epoch 012 with test loss 0.0013107
Epoch: 013 | Loss: 0.0013122 | L2 loss: 0.0013122 | Lip loss: 0.0000000 | Grad norm: 0.004478 | Time: 35s780ms
Epoch: 013 | Test Loss: 0.0013107 | Time: 498ms
Epoch: 014 | Loss: 0.0013122 | L2 loss: 0.0013122 | Lip loss: 0.0000000 | Grad norm: 0.004954 | Time: 34s973ms
Epoch: 014 | Test Loss: 0.0013107 | Time: 504ms
Epoch: 015 | Loss: 0.0013123 | L2 loss: 0.0013122 | Lip loss: 0.0000000 | Grad norm: 0.004634 | Time: 34s925ms
Epoch: 015 | Test Loss: 0.0013108 | Time: 590ms
Epoch: 016 | Loss: 0.0013121 | L2 loss: 0.0013121 | Lip loss: 0.0000000 | Grad norm: 0.004732 | Time: 35s204ms
Epoch: 016 | Test Loss: 0.0013107 | Time: 588ms
Epoch: 017 | Loss: 0.0013121 | L2 loss: 0.0013121 | Lip loss: 0.0000000 | Grad norm: 0.004624 | Time: 34s909ms
Epoch: 017 | Test Loss: 0.0013107 | Time: 504ms
Epoch: 018 | Loss: 0.0013122 | L2 loss: 0.0013121 | Lip loss: 0.0000000 | Grad norm: 0.004810 | Time: 34s764ms
Epoch: 018 | Test Loss: 0.0013107 | Time: 503ms
Epoch: 019 | Loss: 0.0013121 | L2 loss: 0.0013121 | Lip loss: 0.0000000 | Grad norm: 0.004699 | Time: 35s430ms
Epoch: 019 | Test Loss: 0.0013107 | Time: 503ms
Epoch: 020 | Loss: 0.0013121 | L2 loss: 0.0013121 | Lip loss: 0.0000000 | Grad norm: 0.004540 | Time: 35s187ms
Epoch: 020 | Test Loss: 0.0013107 | Time: 518ms
Epoch: 021 | Loss: 0.0013121 | L2 loss: 0.0013121 | Lip loss: 0.0000000 | Grad norm: 0.004738 | Time: 34s940ms
Epoch: 021 | Test Loss: 0.0013107 | Time: 499ms
Epoch: 022 | Loss: 0.0013121 | L2 loss: 0.0013121 | Lip loss: 0.0000000 | Grad norm: 0.004614 | Time: 35s11ms
Epoch: 022 | Test Loss: 0.0013107 | Time: 504ms
Epoch: 023 | Loss: 0.0013121 | L2 loss: 0.0013121 | Lip loss: 0.0000000 | Grad norm: 0.004500 | Time: 34s952ms
Epoch: 023 | Test Loss: 0.0013107 | Time: 498ms
Epoch: 024 | Loss: 0.0013121 | L2 loss: 0.0013121 | Lip loss: 0.0000000 | Grad norm: 0.004758 | Time: 34s963ms
Epoch: 024 | Test Loss: 0.0013107 | Time: 578ms
Epoch: 025 | Loss: 0.0013121 | L2 loss: 0.0013121 | Lip loss: 0.0000000 | Grad norm: 0.004575 | Time: 36s162ms
Epoch: 025 | Test Loss: 0.0013107 | Time: 570ms
Epoch: 026 | Loss: 0.0013121 | L2 loss: 0.0013121 | Lip loss: 0.0000000 | Grad norm: 0.004509 | Time: 35s51ms
Epoch: 026 | Test Loss: 0.0013107 | Time: 498ms
Epoch: 027 | Loss: 0.0013121 | L2 loss: 0.0013121 | Lip loss: 0.0000000 | Grad norm: 0.004534 | Time: 34s900ms
Epoch: 027 | Test Loss: 0.0013107 | Time: 527ms
Epoch: 028 | Loss: 0.0013121 | L2 loss: 0.0013121 | Lip loss: 0.0000000 | Grad norm: 0.004778 | Time: 34s476ms
Epoch: 028 | Test Loss: 0.0013107 | Time: 504ms
Epoch: 029 | Loss: 0.0013121 | L2 loss: 0.0013121 | Lip loss: 0.0000000 | Grad norm: 0.004707 | Time: 34s907ms
Epoch: 029 | Test Loss: 0.0013107 | Time: 498ms
Epoch: 030 | Loss: 0.0013121 | L2 loss: 0.0013121 | Lip loss: 0.0000000 | Grad norm: 0.004602 | Time: 34s654ms
Epoch: 030 | Test Loss: 0.0013107 | Time: 500ms
Epoch: 031 | Loss: 0.0013121 | L2 loss: 0.0013121 | Lip loss: 0.0000000 | Grad norm: 0.004626 | Time: 35s212ms
Epoch: 031 | Test Loss: 0.0013107 | Time: 508ms
Epoch: 032 | Loss: 0.0013121 | L2 loss: 0.0013121 | Lip loss: 0.0000000 | Grad norm: 0.004522 | Time: 34s505ms
Epoch: 032 | Test Loss: 0.0013107 | Time: 571ms
Epoch: 033 | Loss: 0.0013121 | L2 loss: 0.0013121 | Lip loss: 0.0000000 | Grad norm: 0.004411 | Time: 35s49ms
Epoch: 033 | Test Loss: 0.0013107 | Time: 504ms
Epoch: 034 | Loss: 0.0013121 | L2 loss: 0.0013121 | Lip loss: 0.0000000 | Grad norm: 0.004730 | Time: 34s694ms
Epoch: 034 | Test Loss: 0.0013107 | Time: 566ms
Epoch: 035 | Loss: 0.0013121 | L2 loss: 0.0013121 | Lip loss: 0.0000000 | Grad norm: 0.004566 | Time: 34s469ms
Epoch: 035 | Test Loss: 0.0013107 | Time: 577ms
Epoch: 036 | Loss: 0.0013121 | L2 loss: 0.0013121 | Lip loss: 0.0000000 | Grad norm: 0.004523 | Time: 34s858ms
Epoch: 036 | Test Loss: 0.0013107 | Time: 497ms
Epoch: 037 | Loss: 0.0013121 | L2 loss: 0.0013121 | Lip loss: 0.0000000 | Grad norm: 0.004617 | Time: 34s362ms
Epoch: 037 | Test Loss: 0.0013107 | Time: 494ms
Epoch: 038 | Loss: 0.0013121 | L2 loss: 0.0013121 | Lip loss: 0.0000000 | Grad norm: 0.004583 | Time: 34s774ms
Epoch: 038 | Test Loss: 0.0013107 | Time: 498ms
Epoch: 039 | Loss: 0.0013121 | L2 loss: 0.0013121 | Lip loss: 0.0000000 | Grad norm: 0.004629 | Time: 35s118ms
Epoch: 039 | Test Loss: 0.0013107 | Time: 507ms
Epoch: 040 | Loss: 0.0013121 | L2 loss: 0.0013121 | Lip loss: 0.0000000 | Grad norm: 0.004545 | Time: 33s419ms
Epoch: 040 | Test Loss: 0.0013107 | Time: 507ms
Total time: 23m39s
==> Saving trained model weights...
==> Input bias to be applied to the neural network (trained):
[0. 0. 0. 0.]
==> Input transform to be applied to the neural network (trained):
[1. 1. 1. 1.]
==> Output transform to be applied to the neural network (trained):
[1. 1.]
==> Saving training info...
==> Drawing training loss...
==> Drawing grad norm...
==> Drawing testing loss...
==> Drawing l2 loss...
==> Drawing lip loss...
==> Process finished.
