==> torch device:  cuda:3
==> Test-Train split: test_ratio = 0.20
==> Test-Train split seed:  None
==> Further split: further_train_ratio = 0.50
==> Further split seed:  None
==> Input bias to be applied to the neural network:
[0. 0. 0. 0.]
==> Input transform to be applied to the neural network:
[1. 1. 1. 1.]
==> Ouput transform to be applied to the neural network:
[1. 1.]
==> Evaluating model...
==========================================================================================
Layer (type:depth-idx)                   Output Shape              Param #
==========================================================================================
NeuralNetwork                            [1, 2]                    10
├─Sequential: 1-1                        [1, 2]                    --
│    └─Linear: 2-1                       [1, 64]                   320
│    └─LeakyReLU: 2-2                    [1, 64]                   --
│    └─Linear: 2-3                       [1, 64]                   4,160
│    └─LeakyReLU: 2-4                    [1, 64]                   --
│    └─Linear: 2-5                       [1, 64]                   4,160
│    └─LeakyReLU: 2-6                    [1, 64]                   --
│    └─Linear: 2-7                       [1, 64]                   4,160
│    └─LeakyReLU: 2-8                    [1, 64]                   --
│    └─Linear: 2-9                       [1, 64]                   4,160
│    └─LeakyReLU: 2-10                   [1, 64]                   --
│    └─Linear: 2-11                      [1, 64]                   4,160
│    └─LeakyReLU: 2-12                   [1, 64]                   --
│    └─Linear: 2-13                      [1, 64]                   4,160
│    └─LeakyReLU: 2-14                   [1, 64]                   --
│    └─Linear: 2-15                      [1, 2]                    130
==========================================================================================
Total params: 25,420
Trainable params: 25,410
Non-trainable params: 10
Total mult-adds (Units.MEGABYTES): 0.03
==========================================================================================
Input size (MB): 0.00
Forward/backward pass size (MB): 0.00
Params size (MB): 0.10
Estimated Total Size (MB): 0.11
==========================================================================================
==> Saving initial model weights...
==> Start training...
Epoch: 001 | Loss: 0.0059690 | L2 loss: 0.0059427 | Lip loss: 0.0000263 | Grad norm: 0.023626 | Time: 18s376ms
Epoch: 001 | Test Loss: 0.0056513 | Time: 519ms
==> Save the model at epoch 001 with test loss 0.0056513
Epoch: 002 | Loss: 0.0056410 | L2 loss: 0.0056377 | Lip loss: 0.0000033 | Grad norm: 0.011840 | Time: 17s690ms
Epoch: 002 | Test Loss: 0.0056372 | Time: 511ms
==> Save the model at epoch 002 with test loss 0.0056372
Epoch: 003 | Loss: 0.0056426 | L2 loss: 0.0056409 | Lip loss: 0.0000017 | Grad norm: 0.012771 | Time: 17s401ms
Epoch: 003 | Test Loss: 0.0056769 | Time: 571ms
Epoch: 004 | Loss: 0.0056425 | L2 loss: 0.0056413 | Lip loss: 0.0000012 | Grad norm: 0.013333 | Time: 16s887ms
Epoch: 004 | Test Loss: 0.0056397 | Time: 500ms
Epoch: 005 | Loss: 0.0056409 | L2 loss: 0.0056400 | Lip loss: 0.0000009 | Grad norm: 0.012901 | Time: 17s236ms
Epoch: 005 | Test Loss: 0.0056681 | Time: 504ms
Epoch: 006 | Loss: 0.0056279 | L2 loss: 0.0056277 | Lip loss: 0.0000002 | Grad norm: 0.010185 | Time: 17s183ms
Epoch: 006 | Test Loss: 0.0056378 | Time: 506ms
Epoch: 007 | Loss: 0.0056269 | L2 loss: 0.0056268 | Lip loss: 0.0000001 | Grad norm: 0.009558 | Time: 18s90ms
Epoch: 007 | Test Loss: 0.0056381 | Time: 499ms
Epoch: 008 | Loss: 0.0056273 | L2 loss: 0.0056271 | Lip loss: 0.0000001 | Grad norm: 0.009536 | Time: 17s307ms
Epoch: 008 | Test Loss: 0.0056370 | Time: 496ms
==> Save the model at epoch 008 with test loss 0.0056370
Epoch: 009 | Loss: 0.0056252 | L2 loss: 0.0056251 | Lip loss: 0.0000001 | Grad norm: 0.009455 | Time: 17s316ms
Epoch: 009 | Test Loss: 0.0056438 | Time: 523ms
Epoch: 010 | Loss: 0.0056250 | L2 loss: 0.0056249 | Lip loss: 0.0000001 | Grad norm: 0.009038 | Time: 17s575ms
Epoch: 010 | Test Loss: 0.0056391 | Time: 563ms
Epoch: 011 | Loss: 0.0056233 | L2 loss: 0.0056233 | Lip loss: 0.0000001 | Grad norm: 0.009483 | Time: 16s785ms
Epoch: 011 | Test Loss: 0.0056375 | Time: 514ms
Epoch: 012 | Loss: 0.0056267 | L2 loss: 0.0056267 | Lip loss: 0.0000000 | Grad norm: 0.009558 | Time: 17s684ms
Epoch: 012 | Test Loss: 0.0056375 | Time: 493ms
Epoch: 013 | Loss: 0.0056255 | L2 loss: 0.0056255 | Lip loss: 0.0000000 | Grad norm: 0.009217 | Time: 17s422ms
Epoch: 013 | Test Loss: 0.0056375 | Time: 503ms
Epoch: 014 | Loss: 0.0056245 | L2 loss: 0.0056245 | Lip loss: 0.0000000 | Grad norm: 0.009751 | Time: 17s488ms
Epoch: 014 | Test Loss: 0.0056380 | Time: 497ms
Epoch: 015 | Loss: 0.0056228 | L2 loss: 0.0056228 | Lip loss: 0.0000000 | Grad norm: 0.009615 | Time: 17s249ms
Epoch: 015 | Test Loss: 0.0056379 | Time: 497ms
Epoch: 016 | Loss: 0.0056257 | L2 loss: 0.0056257 | Lip loss: 0.0000000 | Grad norm: 0.010083 | Time: 17s484ms
Epoch: 016 | Test Loss: 0.0056378 | Time: 493ms
Epoch: 017 | Loss: 0.0056248 | L2 loss: 0.0056248 | Lip loss: 0.0000000 | Grad norm: 0.010019 | Time: 17s630ms
Epoch: 017 | Test Loss: 0.0056378 | Time: 573ms
Epoch: 018 | Loss: 0.0056274 | L2 loss: 0.0056274 | Lip loss: 0.0000000 | Grad norm: 0.009805 | Time: 17s635ms
Epoch: 018 | Test Loss: 0.0056377 | Time: 507ms
Epoch: 019 | Loss: 0.0056256 | L2 loss: 0.0056256 | Lip loss: 0.0000000 | Grad norm: 0.009467 | Time: 17s886ms
Epoch: 019 | Test Loss: 0.0056377 | Time: 501ms
Epoch: 020 | Loss: 0.0056232 | L2 loss: 0.0056232 | Lip loss: 0.0000000 | Grad norm: 0.009377 | Time: 17s276ms
Epoch: 020 | Test Loss: 0.0056377 | Time: 509ms
Epoch: 021 | Loss: 0.0056246 | L2 loss: 0.0056246 | Lip loss: 0.0000000 | Grad norm: 0.009034 | Time: 17s685ms
Epoch: 021 | Test Loss: 0.0056377 | Time: 507ms
Epoch: 022 | Loss: 0.0056236 | L2 loss: 0.0056235 | Lip loss: 0.0000000 | Grad norm: 0.009880 | Time: 17s351ms
Epoch: 022 | Test Loss: 0.0056377 | Time: 500ms
Epoch: 023 | Loss: 0.0056245 | L2 loss: 0.0056245 | Lip loss: 0.0000000 | Grad norm: 0.008958 | Time: 18s29ms
Epoch: 023 | Test Loss: 0.0056377 | Time: 492ms
Epoch: 024 | Loss: 0.0056251 | L2 loss: 0.0056250 | Lip loss: 0.0000000 | Grad norm: 0.009678 | Time: 17s775ms
Epoch: 024 | Test Loss: 0.0056377 | Time: 573ms
Epoch: 025 | Loss: 0.0056251 | L2 loss: 0.0056251 | Lip loss: 0.0000000 | Grad norm: 0.009669 | Time: 17s390ms
Epoch: 025 | Test Loss: 0.0056377 | Time: 499ms
Epoch: 026 | Loss: 0.0056257 | L2 loss: 0.0056257 | Lip loss: 0.0000000 | Grad norm: 0.009340 | Time: 17s408ms
Epoch: 026 | Test Loss: 0.0056377 | Time: 638ms
Epoch: 027 | Loss: 0.0056253 | L2 loss: 0.0056253 | Lip loss: 0.0000000 | Grad norm: 0.009720 | Time: 16s901ms
Epoch: 027 | Test Loss: 0.0056376 | Time: 497ms
Epoch: 028 | Loss: 0.0056242 | L2 loss: 0.0056242 | Lip loss: 0.0000000 | Grad norm: 0.009134 | Time: 17s763ms
Epoch: 028 | Test Loss: 0.0056376 | Time: 502ms
Epoch: 029 | Loss: 0.0056214 | L2 loss: 0.0056214 | Lip loss: 0.0000000 | Grad norm: 0.009633 | Time: 17s349ms
Epoch: 029 | Test Loss: 0.0056376 | Time: 513ms
Epoch: 030 | Loss: 0.0056265 | L2 loss: 0.0056265 | Lip loss: 0.0000000 | Grad norm: 0.009279 | Time: 17s276ms
Epoch: 030 | Test Loss: 0.0056376 | Time: 494ms
Epoch: 031 | Loss: 0.0056265 | L2 loss: 0.0056265 | Lip loss: 0.0000000 | Grad norm: 0.009604 | Time: 17s164ms
Epoch: 031 | Test Loss: 0.0056376 | Time: 503ms
Epoch: 032 | Loss: 0.0056244 | L2 loss: 0.0056243 | Lip loss: 0.0000000 | Grad norm: 0.009571 | Time: 17s281ms
Epoch: 032 | Test Loss: 0.0056376 | Time: 503ms
Epoch: 033 | Loss: 0.0056243 | L2 loss: 0.0056242 | Lip loss: 0.0000000 | Grad norm: 0.009531 | Time: 17s261ms
Epoch: 033 | Test Loss: 0.0056376 | Time: 495ms
Epoch: 034 | Loss: 0.0056240 | L2 loss: 0.0056240 | Lip loss: 0.0000000 | Grad norm: 0.008885 | Time: 17s210ms
Epoch: 034 | Test Loss: 0.0056376 | Time: 497ms
Epoch: 035 | Loss: 0.0056244 | L2 loss: 0.0056244 | Lip loss: 0.0000000 | Grad norm: 0.009963 | Time: 17s508ms
Epoch: 035 | Test Loss: 0.0056376 | Time: 502ms
Epoch: 036 | Loss: 0.0056249 | L2 loss: 0.0056248 | Lip loss: 0.0000000 | Grad norm: 0.009773 | Time: 17s682ms
Epoch: 036 | Test Loss: 0.0056376 | Time: 565ms
Epoch: 037 | Loss: 0.0056229 | L2 loss: 0.0056229 | Lip loss: 0.0000000 | Grad norm: 0.009451 | Time: 17s33ms
Epoch: 037 | Test Loss: 0.0056376 | Time: 505ms
Epoch: 038 | Loss: 0.0056232 | L2 loss: 0.0056232 | Lip loss: 0.0000000 | Grad norm: 0.009490 | Time: 17s192ms
Epoch: 038 | Test Loss: 0.0056376 | Time: 497ms
Epoch: 039 | Loss: 0.0056244 | L2 loss: 0.0056243 | Lip loss: 0.0000000 | Grad norm: 0.009502 | Time: 17s501ms
Epoch: 039 | Test Loss: 0.0056376 | Time: 500ms
Epoch: 040 | Loss: 0.0056248 | L2 loss: 0.0056247 | Lip loss: 0.0000000 | Grad norm: 0.009570 | Time: 17s602ms
Epoch: 040 | Test Loss: 0.0056376 | Time: 517ms
Total time: 11m58s
==> Saving trained model weights...
==> Input bias to be applied to the neural network (trained):
[0. 0. 0. 0.]
==> Input transform to be applied to the neural network (trained):
[1. 1. 1. 1.]
==> Output transform to be applied to the neural network (trained):
[1. 1.]
==> Saving training info...
==> Drawing training loss...
==> Drawing grad norm...
==> Drawing testing loss...
==> Drawing l2 loss...
==> Drawing lip loss...
==> Process finished.
